GS energy with  DMRG -10.012219392931902
N= 7.000000000000004
E= -10.012219392931902
D= [[ 3.63012875e-01+0.j  5.73557926e-02+0.j  3.99080036e-01+0.j
   2.51351977e-11+0.j  1.10309944e-01+0.j -4.61861963e-02+0.j
  -1.28300267e-01+0.j  4.25060681e-12+0.j -1.00867089e-01+0.j
   4.22325231e-02+0.j  5.01058444e-02+0.j  1.82617758e-09+0.j
   9.45671484e-02+0.j -3.95947701e-02+0.j]
 [ 5.73557926e-02+0.j  6.36987125e-01+0.j  1.26535863e-11+0.j
   3.99080036e-01+0.j -4.61861963e-02+0.j -1.10309944e-01+0.j
  -1.30085599e-11+0.j -1.28300267e-01+0.j  4.22325226e-02+0.j
   1.00867089e-01+0.j  9.38372251e-10+0.j  5.01058423e-02+0.j
  -3.95947668e-02+0.j -9.45671484e-02+0.j]
 [ 3.99080036e-01+0.j  1.26535880e-11+0.j  5.25474648e-01+0.j
  -1.06661017e-02+0.j  2.67754119e-01+0.j  2.46044055e-11+0.j
  -7.30423218e-03+0.j  3.05824377e-03+0.j -7.78107078e-02+0.j
  -1.02925044e-09+0.j  2.67165699e-03+0.j -1.11861118e-03+0.j
   5.01058423e-02+0.j -1.85809794e-09+0.j]
 [ 2.51352068e-11+0.j  3.99080036e-01+0.j -1.06661017e-02+0.j
   4.74525352e-01+0.j  2.42430720e-11+0.j  2.67754119e-01+0.j
   3.05824385e-03+0.j  7.30423218e-03+0.j  8.69646707e-11+0.j
  -7.78107075e-02+0.j -1.11861052e-03+0.j -2.67165698e-03+0.j
  -1.20590964e-09+0.j  5.01058446e-02+0.j]
 [ 1.10309944e-01+0.j -4.61861963e-02+0.j  2.67754119e-01+0.j
   2.42430975e-11+0.j  3.66439934e-01+0.j  5.59209008e-02+0.j
   3.21512566e-01+0.j  2.04481666e-11+0.j  1.09322356e-01+0.j
  -4.57726983e-02+0.j -7.78107075e-02+0.j  1.06092485e-09+0.j
  -1.00867089e-01+0.j  4.22325232e-02+0.j]
 [-4.61861963e-02+0.j -1.10309944e-01+0.j  2.46044246e-11+0.j
   2.67754119e-01+0.j  5.59209008e-02+0.j  6.33560066e-01+0.j
   4.54191357e-11+0.j  3.21512566e-01+0.j -4.57726987e-02+0.j
  -1.09322356e-01+0.j -7.87511762e-11+0.j -7.78107079e-02+0.j
   4.22325226e-02+0.j  1.00867089e-01+0.j]
 [-1.28300267e-01+0.j -1.30085242e-11+0.j -7.30423218e-03+0.j
   3.05824385e-03+0.j  3.21512566e-01+0.j  4.54191398e-11+0.j
   5.28939398e-01+0.j -1.21167745e-02+0.j  3.21512566e-01+0.j
  -1.08569784e-10+0.j -7.30423218e-03+0.j  3.05824373e-03+0.j
  -1.28300267e-01+0.j  4.69179937e-11+0.j]
 [ 4.25054523e-12+0.j -1.28300267e-01+0.j  3.05824377e-03+0.j
   7.30423218e-03+0.j  2.04482663e-11+0.j  3.21512566e-01+0.j
  -1.21167745e-02+0.j  4.71060602e-01+0.j  3.59085808e-11+0.j
   3.21512566e-01+0.j  3.05824384e-03+0.j  7.30423218e-03+0.j
  -6.07018966e-11+0.j -1.28300267e-01+0.j]
 [-1.00867089e-01+0.j  4.22325226e-02+0.j -7.78107078e-02+0.j
   8.69646941e-11+0.j  1.09322356e-01+0.j -4.57726987e-02+0.j
   3.21512566e-01+0.j  3.59085704e-11+0.j  3.66439934e-01+0.j
   5.59209009e-02+0.j  2.67754119e-01+0.j -2.74895696e-11+0.j
   1.10309943e-01+0.j -4.61861964e-02+0.j]
 [ 4.22325231e-02+0.j  1.00867089e-01+0.j -1.02925046e-09+0.j
  -7.78107075e-02+0.j -4.57726983e-02+0.j -1.09322356e-01+0.j
  -1.08569765e-10+0.j  3.21512566e-01+0.j  5.59209009e-02+0.j
   6.33560066e-01+0.j -1.24529180e-11+0.j  2.67754119e-01+0.j
  -4.61861963e-02+0.j -1.10309943e-01+0.j]
 [ 5.01058444e-02+0.j  9.38372173e-10+0.j  2.67165699e-03+0.j
  -1.11861052e-03+0.j -7.78107075e-02+0.j -7.87511636e-11+0.j
  -7.30423218e-03+0.j  3.05824384e-03+0.j  2.67754119e-01+0.j
  -1.24528933e-11+0.j  5.25474648e-01+0.j -1.06661018e-02+0.j
   3.99080036e-01+0.j -5.79232096e-11+0.j]
 [ 1.82617763e-09+0.j  5.01058423e-02+0.j -1.11861118e-03+0.j
  -2.67165698e-03+0.j  1.06092484e-09+0.j -7.78107079e-02+0.j
   3.05824373e-03+0.j  7.30423218e-03+0.j -2.74895523e-11+0.j
   2.67754119e-01+0.j -1.06661018e-02+0.j  4.74525352e-01+0.j
   2.52347865e-11+0.j  3.99080036e-01+0.j]
 [ 9.45671484e-02+0.j -3.95947668e-02+0.j  5.01058423e-02+0.j
  -1.20590965e-09+0.j -1.00867089e-01+0.j  4.22325226e-02+0.j
  -1.28300267e-01+0.j -6.07018533e-11+0.j  1.10309943e-01+0.j
  -4.61861963e-02+0.j  3.99080036e-01+0.j  2.52348004e-11+0.j
   3.63012875e-01+0.j  5.73557927e-02+0.j]
 [-3.95947701e-02+0.j -9.45671484e-02+0.j -1.85809792e-09+0.j
   5.01058446e-02+0.j  4.22325232e-02+0.j  1.00867089e-01+0.j
   4.69179779e-11+0.j -1.28300267e-01+0.j -4.61861964e-02+0.j
  -1.10309943e-01+0.j -5.79232256e-11+0.j  3.99080036e-01+0.j
   5.73557927e-02+0.j  6.36987125e-01+0.j]]
W= [0.18021854+0.j 0.21140498+0.j 0.19877305+0.j 0.21376124+0.j
 0.19877305+0.j 0.21140498+0.j 0.18021854+0.j]
local approximation with  1 sites
local interactions on sites [[0], [1], [2], [3], [4], [5], [6]]
Functional for interaction on sites [0]
interacting orbitals: [0, 1]
mapping: [0, 1, 2, 3, 4, 5, 6, 7, 8, 9, 10, 11, 12, 13]
orbinteractaca= [0, 1]
aca: level 6  norb= 14
Daca= [[ 3.63012875e-01+0.j  5.73557926e-02+0.j -4.63687745e-01+0.j
  -4.92565560e-19+0.j -3.76334538e-17+0.j  3.81480829e-18+0.j
   5.96373304e-17+0.j  3.70485548e-20+0.j -1.82384940e-18+0.j
  -7.28177260e-18+0.j -8.17473909e-18+0.j  1.93555927e-20+0.j
   2.21805710e-17+0.j -1.85129258e-18+0.j]
 [ 5.73557926e-02+0.j  6.36987125e-01+0.j -1.11462556e-09+0.j
  -4.63687744e-01+0.j  2.69970618e-18+0.j -1.19184724e-18+0.j
  -1.03472041e-18+0.j  1.57019616e-17+0.j -7.94779580e-18+0.j
  -5.82996093e-19+0.j  3.66438401e-19+0.j -1.11764461e-17+0.j
   2.40369762e-17+0.j  6.69514619e-18+0.j]
 [-4.63687745e-01+0.j -1.11462549e-09+0.j  6.34711112e-01+0.j
  -5.64028387e-02+0.j  7.44921834e-03+0.j -2.53483024e-21+0.j
  -5.38281936e-19+0.j  3.07189758e-19+0.j -3.86513617e-20+0.j
   1.53675899e-21+0.j  2.67541734e-19+0.j -4.12585141e-19+0.j
  -2.58326101e-20+0.j -3.52002959e-21+0.j]
 [-5.20320348e-17+0.j -4.63687744e-01+0.j -5.64028387e-02+0.j
   3.65288887e-01+0.j -3.43228006e-09+0.j  7.44921990e-03+0.j
   3.23182347e-19+0.j  7.18083904e-19+0.j  3.49278829e-22+0.j
   5.00847882e-19+0.j -1.23974987e-19+0.j -8.95829291e-19+0.j
   1.06410462e-21+0.j  5.65624255e-20+0.j]
 [ 2.56672128e-17+0.j -1.29672109e-17+0.j  7.44921834e-03+0.j
  -3.43228000e-09+0.j  5.40121821e-01+0.j -1.67987589e-02+0.j
   4.86605831e-01+0.j -3.73336949e-18+0.j -1.15882371e-17+0.j
   1.73959092e-17+0.j  1.91288373e-18+0.j  4.96093543e-18+0.j
   1.40155674e-17+0.j -4.45413956e-17+0.j]
 [-1.39954028e-17+0.j -4.28084704e-17+0.j  4.30118760e-18+0.j
   7.44921990e-03+0.j -1.67987589e-02+0.j  4.59878204e-01+0.j
   2.91655219e-09+0.j  4.86605832e-01+0.j  2.16573048e-18+0.j
  -1.93929736e-17+0.j  3.51470973e-18+0.j  9.93507863e-18+0.j
   1.87936137e-17+0.j -7.48191899e-17+0.j]
 [ 1.64771205e-16+0.j  2.48505233e-17+0.j -4.42643556e-18+0.j
  -3.23277913e-17+0.j  4.86605831e-01+0.j  2.91655222e-09+0.j
   4.57226737e-01+0.j  1.79089038e-02+0.j  4.87589834e-03+0.j
  -1.27529741e-19+0.j  5.73198305e-19+0.j -3.33021450e-19+0.j
  -1.16415635e-18+0.j  5.50894445e-20+0.j]
 [-5.26999452e-17+0.j  1.56240145e-16+0.j  1.49184237e-17+0.j
   7.42352575e-17+0.j -3.14889451e-17+0.j  4.86605832e-01+0.j
   1.79089038e-02+0.j  5.42773239e-01+0.j  2.41195292e-09+0.j
   4.87589712e-03+0.j -8.85120124e-20+0.j -8.17289675e-19+0.j
   6.69259443e-20+0.j -6.50298837e-19+0.j]
 [-7.19905942e-17+0.j  8.34162435e-17+0.j -3.75445834e-17+0.j
  -4.42396074e-18+0.j -1.97589913e-16+0.j -3.39194094e-18+0.j
   4.87589834e-03+0.j  2.41195292e-09+0.j  2.69284987e-01+0.j
   9.65991611e-02+0.j  4.23673633e-01+0.j  5.95894842e-19+0.j
   9.22706830e-17+0.j -7.37956570e-17+0.j]
 [ 5.20723889e-17+0.j -8.00361510e-17+0.j  5.26852327e-17+0.j
   3.88146570e-17+0.j  2.43348031e-17+0.j -9.84832585e-17+0.j
  -5.32210534e-17+0.j  4.87589712e-03+0.j  9.65991611e-02+0.j
   7.30715016e-01+0.j -2.99160476e-09+0.j  4.23673632e-01+0.j
  -2.26143957e-17+0.j -7.48675009e-18+0.j]
 [-9.34620904e-19+0.j -7.38179766e-17+0.j  1.49326955e-16+0.j
  -3.73513459e-17+0.j -6.66086936e-17+0.j -4.79097630e-17+0.j
  -2.30609706e-16+0.j -2.14477252e-18+0.j  4.23673633e-01+0.j
  -2.99160470e-09+0.j  7.30967318e-01+0.j -9.67047989e-02+0.j
   9.96036625e-04+0.j -3.37497529e-25+0.j]
 [ 4.51973832e-17+0.j -4.34248788e-18+0.j -2.84638795e-17+0.j
  -7.82110606e-17+0.j  2.23081702e-17+0.j  1.69656362e-16+0.j
  -1.16563139e-17+0.j -6.36769372e-17+0.j  1.55473738e-17+0.j
   4.23673632e-01+0.j -9.67047989e-02+0.j  2.69032679e-01+0.j
  -3.48222873e-10+0.j -9.96036781e-04+0.j]
 [ 3.67875844e-17+0.j -7.76764488e-17+0.j -7.37899608e-17+0.j
   4.06453332e-17+0.j  2.30608172e-16+0.j  5.02664567e-17+0.j
   4.32193326e-17+0.j -1.12996435e-17+0.j  4.14452333e-17+0.j
   4.49361371e-17+0.j  9.96036625e-04+0.j -3.48222895e-10+0.j
   4.34689335e-02+0.j -1.91145686e-01+0.j]
 [-6.99640866e-17+0.j  5.96592046e-18+0.j  1.48185944e-18+0.j
   3.36830166e-17+0.j -3.06636078e-17+0.j -2.67425719e-17+0.j
   2.05135919e-17+0.j -8.25854543e-17+0.j -1.11752202e-16+0.j
  -3.70807349e-17+0.j  3.16918565e-17+0.j -9.96036781e-04+0.j
  -1.91145686e-01+0.j  9.56531067e-01+0.j]]
Naca= (3.038793783041363, 3.961206216958642)
nq= 14
interact= NNIIIIIIIIIIII * (1+0j)
variational state:
        ┌──────────┐┌───────────┐┌───────────┐             ┌───────────┐»
 q0_0: ─┤ Ry(y[0]) ├┤ Rz(y[14]) ├┤ Rx(y[28]) ├──────■──────┤ Ry(y[42]) ├»
        ├──────────┤├───────────┤└─────┬─────┘┌─────┴─────┐└───────────┘»
 q0_1: ─┤ Ry(y[1]) ├┤ Rz(y[15]) ├──────┼──────┤ Rx(y[29]) ├──────■──────»
        ├──────────┤├───────────┤      │      └───────────┘┌─────┴─────┐»
 q0_2: ─┤ Ry(y[2]) ├┤ Rz(y[16]) ├──────┼───────────────────┤ Rx(y[30]) ├»
        ├──────────┤├───────────┤      │                   └───────────┘»
 q0_3: ─┤ Ry(y[3]) ├┤ Rz(y[17]) ├──────┼────────────────────────────────»
        ├──────────┤├───────────┤      │                                »
 q0_4: ─┤ Ry(y[4]) ├┤ Rz(y[18]) ├──────┼────────────────────────────────»
        ├──────────┤├───────────┤      │                                »
 q0_5: ─┤ Ry(y[5]) ├┤ Rz(y[19]) ├──────┼────────────────────────────────»
        ├──────────┤├───────────┤      │                                »
 q0_6: ─┤ Ry(y[6]) ├┤ Rz(y[20]) ├──────┼────────────────────────────────»
        ├──────────┤├───────────┤      │                                »
 q0_7: ─┤ Ry(y[7]) ├┤ Rz(y[21]) ├──────┼────────────────────────────────»
        ├──────────┤├───────────┤      │                                »
 q0_8: ─┤ Ry(y[8]) ├┤ Rz(y[22]) ├──────┼────────────────────────────────»
        ├──────────┤├───────────┤      │                                »
 q0_9: ─┤ Ry(y[9]) ├┤ Rz(y[23]) ├──────┼────────────────────────────────»
       ┌┴──────────┤├───────────┤      │                                »
q0_10: ┤ Ry(y[10]) ├┤ Rz(y[24]) ├──────┼────────────────────────────────»
       ├───────────┤├───────────┤      │                                »
q0_11: ┤ Ry(y[11]) ├┤ Rz(y[25]) ├──────┼────────────────────────────────»
       ├───────────┤├───────────┤      │                                »
q0_12: ┤ Ry(y[12]) ├┤ Rz(y[26]) ├──────┼────────────────────────────────»
       ├───────────┤├───────────┤      │                                »
q0_13: ┤ Ry(y[13]) ├┤ Rz(y[27]) ├──────■────────────────────────────────»
       └───────────┘└───────────┘                                       »
c0: 14/═════════════════════════════════════════════════════════════════»
                                                                        »
«       ┌───────────┐                                                    »
« q0_0: ┤ Rz(y[56]) ├────────────────────────────────────────────────────»
«       ├───────────┤┌───────────┐                                       »
« q0_1: ┤ Ry(y[43]) ├┤ Rz(y[57]) ├───────────────────────────────────────»
«       └───────────┘├───────────┤┌───────────┐                          »
« q0_2: ──────■──────┤ Ry(y[44]) ├┤ Rz(y[58]) ├──────────────────────────»
«       ┌─────┴─────┐└───────────┘├───────────┤┌───────────┐             »
« q0_3: ┤ Rx(y[31]) ├──────■──────┤ Ry(y[45]) ├┤ Rz(y[59]) ├─────────────»
«       └───────────┘┌─────┴─────┐└───────────┘├───────────┤┌───────────┐»
« q0_4: ─────────────┤ Rx(y[32]) ├──────■──────┤ Ry(y[46]) ├┤ Rz(y[60]) ├»
«                    └───────────┘┌─────┴─────┐└───────────┘├───────────┤»
« q0_5: ──────────────────────────┤ Rx(y[33]) ├──────■──────┤ Ry(y[47]) ├»
«                                 └───────────┘┌─────┴─────┐└───────────┘»
« q0_6: ───────────────────────────────────────┤ Rx(y[34]) ├──────■──────»
«                                              └───────────┘┌─────┴─────┐»
« q0_7: ────────────────────────────────────────────────────┤ Rx(y[35]) ├»
«                                                           └───────────┘»
« q0_8: ─────────────────────────────────────────────────────────────────»
«                                                                        »
« q0_9: ─────────────────────────────────────────────────────────────────»
«                                                                        »
«q0_10: ─────────────────────────────────────────────────────────────────»
«                                                                        »
«q0_11: ─────────────────────────────────────────────────────────────────»
«                                                                        »
«q0_12: ─────────────────────────────────────────────────────────────────»
«                                                                        »
«q0_13: ─────────────────────────────────────────────────────────────────»
«                                                                        »
«c0: 14/═════════════════════════════════════════════════════════════════»
«                                                                        »
«                                                                        »
« q0_0: ─────────────────────────────────────────────────────────────────»
«                                                                        »
« q0_1: ─────────────────────────────────────────────────────────────────»
«                                                                        »
« q0_2: ─────────────────────────────────────────────────────────────────»
«                                                                        »
« q0_3: ─────────────────────────────────────────────────────────────────»
«                                                                        »
« q0_4: ─────────────────────────────────────────────────────────────────»
«       ┌───────────┐                                                    »
« q0_5: ┤ Rz(y[61]) ├────────────────────────────────────────────────────»
«       ├───────────┤┌───────────┐                                       »
« q0_6: ┤ Ry(y[48]) ├┤ Rz(y[62]) ├───────────────────────────────────────»
«       └───────────┘├───────────┤┌───────────┐                          »
« q0_7: ──────■──────┤ Ry(y[49]) ├┤ Rz(y[63]) ├──────────────────────────»
«       ┌─────┴─────┐└───────────┘├───────────┤┌───────────┐             »
« q0_8: ┤ Rx(y[36]) ├──────■──────┤ Ry(y[50]) ├┤ Rz(y[64]) ├─────────────»
«       └───────────┘┌─────┴─────┐└───────────┘├───────────┤┌───────────┐»
« q0_9: ─────────────┤ Rx(y[37]) ├──────■──────┤ Ry(y[51]) ├┤ Rz(y[65]) ├»
«                    └───────────┘┌─────┴─────┐└───────────┘├───────────┤»
«q0_10: ──────────────────────────┤ Rx(y[38]) ├──────■──────┤ Ry(y[52]) ├»
«                                 └───────────┘┌─────┴─────┐└───────────┘»
«q0_11: ───────────────────────────────────────┤ Rx(y[39]) ├──────■──────»
«                                              └───────────┘┌─────┴─────┐»
«q0_12: ────────────────────────────────────────────────────┤ Rx(y[40]) ├»
«                                                           └───────────┘»
«q0_13: ─────────────────────────────────────────────────────────────────»
«                                                                        »
«c0: 14/═════════════════════════════════════════════════════════════════»
«                                                                        »
«                                              ┌───────────┐             »
« q0_0: ───────────────────────────────────────┤ Rx(y[70]) ├──────■──────»
«                                              └─────┬─────┘┌─────┴─────┐»
« q0_1: ─────────────────────────────────────────────┼──────┤ Rx(y[71]) ├»
«                                                    │      └───────────┘»
« q0_2: ─────────────────────────────────────────────┼───────────────────»
«                                                    │                   »
« q0_3: ─────────────────────────────────────────────┼───────────────────»
«                                                    │                   »
« q0_4: ─────────────────────────────────────────────┼───────────────────»
«                                                    │                   »
« q0_5: ─────────────────────────────────────────────┼───────────────────»
«                                                    │                   »
« q0_6: ─────────────────────────────────────────────┼───────────────────»
«                                                    │                   »
« q0_7: ─────────────────────────────────────────────┼───────────────────»
«                                                    │                   »
« q0_8: ─────────────────────────────────────────────┼───────────────────»
«                                                    │                   »
« q0_9: ─────────────────────────────────────────────┼───────────────────»
«       ┌───────────┐                                │                   »
«q0_10: ┤ Rz(y[66]) ├────────────────────────────────┼───────────────────»
«       ├───────────┤┌───────────┐                   │                   »
«q0_11: ┤ Ry(y[53]) ├┤ Rz(y[67]) ├───────────────────┼───────────────────»
«       └───────────┘├───────────┤┌───────────┐      │                   »
«q0_12: ──────■──────┤ Ry(y[54]) ├┤ Rz(y[68]) ├──────┼───────────────────»
«       ┌─────┴─────┐├───────────┤├───────────┤      │                   »
«q0_13: ┤ Rx(y[41]) ├┤ Ry(y[55]) ├┤ Rz(y[69]) ├──────■───────────────────»
«       └───────────┘└───────────┘└───────────┘                          »
«c0: 14/═════════════════════════════════════════════════════════════════»
«                                                                        »
«       ┌───────────┐┌───────────┐                                         »
« q0_0: ┤ Ry(y[84]) ├┤ Rz(y[98]) ├─────────────────────────────────────────»
«       └───────────┘├───────────┤┌───────────┐                            »
« q0_1: ──────■──────┤ Ry(y[85]) ├┤ Rz(y[99]) ├────────────────────────────»
«       ┌─────┴─────┐└───────────┘├───────────┤┌────────────┐              »
« q0_2: ┤ Rx(y[72]) ├──────■──────┤ Ry(y[86]) ├┤ Rz(y[100]) ├──────────────»
«       └───────────┘┌─────┴─────┐└───────────┘├───────────┬┘┌────────────┐»
« q0_3: ─────────────┤ Rx(y[73]) ├──────■──────┤ Ry(y[87]) ├─┤ Rz(y[101]) ├»
«                    └───────────┘┌─────┴─────┐└───────────┘ ├───────────┬┘»
« q0_4: ──────────────────────────┤ Rx(y[74]) ├──────■───────┤ Ry(y[88]) ├─»
«                                 └───────────┘┌─────┴─────┐ └───────────┘ »
« q0_5: ───────────────────────────────────────┤ Rx(y[75]) ├───────■───────»
«                                              └───────────┘ ┌─────┴─────┐ »
« q0_6: ─────────────────────────────────────────────────────┤ Rx(y[76]) ├─»
«                                                            └───────────┘ »
« q0_7: ───────────────────────────────────────────────────────────────────»
«                                                                          »
« q0_8: ───────────────────────────────────────────────────────────────────»
«                                                                          »
« q0_9: ───────────────────────────────────────────────────────────────────»
«                                                                          »
«q0_10: ───────────────────────────────────────────────────────────────────»
«                                                                          »
«q0_11: ───────────────────────────────────────────────────────────────────»
«                                                                          »
«q0_12: ───────────────────────────────────────────────────────────────────»
«                                                                          »
«q0_13: ───────────────────────────────────────────────────────────────────»
«                                                                          »
«c0: 14/═══════════════════════════════════════════════════════════════════»
«                                                                          »
«                                                                             »
« q0_0: ──────────────────────────────────────────────────────────────────────»
«                                                                             »
« q0_1: ──────────────────────────────────────────────────────────────────────»
«                                                                             »
« q0_2: ──────────────────────────────────────────────────────────────────────»
«                                                                             »
« q0_3: ──────────────────────────────────────────────────────────────────────»
«       ┌────────────┐                                                        »
« q0_4: ┤ Rz(y[102]) ├────────────────────────────────────────────────────────»
«       ├───────────┬┘┌────────────┐                                          »
« q0_5: ┤ Ry(y[89]) ├─┤ Rz(y[103]) ├──────────────────────────────────────────»
«       └───────────┘ ├───────────┬┘┌────────────┐                            »
« q0_6: ──────■───────┤ Ry(y[90]) ├─┤ Rz(y[104]) ├────────────────────────────»
«       ┌─────┴─────┐ └───────────┘ ├───────────┬┘┌────────────┐              »
« q0_7: ┤ Rx(y[77]) ├───────■───────┤ Ry(y[91]) ├─┤ Rz(y[105]) ├──────────────»
«       └───────────┘ ┌─────┴─────┐ └───────────┘ ├───────────┬┘┌────────────┐»
« q0_8: ──────────────┤ Rx(y[78]) ├───────■───────┤ Ry(y[92]) ├─┤ Rz(y[106]) ├»
«                     └───────────┘ ┌─────┴─────┐ └───────────┘ ├───────────┬┘»
« q0_9: ────────────────────────────┤ Rx(y[79]) ├───────■───────┤ Ry(y[93]) ├─»
«                                   └───────────┘ ┌─────┴─────┐ └───────────┘ »
«q0_10: ──────────────────────────────────────────┤ Rx(y[80]) ├───────■───────»
«                                                 └───────────┘ ┌─────┴─────┐ »
«q0_11: ────────────────────────────────────────────────────────┤ Rx(y[81]) ├─»
«                                                               └───────────┘ »
«q0_12: ──────────────────────────────────────────────────────────────────────»
«                                                                             »
«q0_13: ──────────────────────────────────────────────────────────────────────»
«                                                                             »
«c0: 14/══════════════════════════════════════════════════════════════════════»
«                                                                             »
«                                                               ┌────────────┐»
« q0_0: ────────────────────────────────────────────────────────┤ Rx(y[112]) ├»
«                                                               └─────┬──────┘»
« q0_1: ──────────────────────────────────────────────────────────────┼───────»
«                                                                     │       »
« q0_2: ──────────────────────────────────────────────────────────────┼───────»
«                                                                     │       »
« q0_3: ──────────────────────────────────────────────────────────────┼───────»
«                                                                     │       »
« q0_4: ──────────────────────────────────────────────────────────────┼───────»
«                                                                     │       »
« q0_5: ──────────────────────────────────────────────────────────────┼───────»
«                                                                     │       »
« q0_6: ──────────────────────────────────────────────────────────────┼───────»
«                                                                     │       »
« q0_7: ──────────────────────────────────────────────────────────────┼───────»
«                                                                     │       »
« q0_8: ──────────────────────────────────────────────────────────────┼───────»
«       ┌────────────┐                                                │       »
« q0_9: ┤ Rz(y[107]) ├────────────────────────────────────────────────┼───────»
«       ├───────────┬┘┌────────────┐                                  │       »
«q0_10: ┤ Ry(y[94]) ├─┤ Rz(y[108]) ├──────────────────────────────────┼───────»
«       └───────────┘ ├───────────┬┘┌────────────┐                    │       »
«q0_11: ──────■───────┤ Ry(y[95]) ├─┤ Rz(y[109]) ├────────────────────┼───────»
«       ┌─────┴─────┐ └───────────┘ ├───────────┬┘┌────────────┐      │       »
«q0_12: ┤ Rx(y[82]) ├───────■───────┤ Ry(y[96]) ├─┤ Rz(y[110]) ├──────┼───────»
«       └───────────┘ ┌─────┴─────┐ ├───────────┤ ├────────────┤      │       »
«q0_13: ──────────────┤ Rx(y[83]) ├─┤ Ry(y[97]) ├─┤ Rz(y[111]) ├──────■───────»
«                     └───────────┘ └───────────┘ └────────────┘              »
«c0: 14/══════════════════════════════════════════════════════════════════════»
«                                                                             »
«                     ┌────────────┐┌────────────┐                            »
« q0_0: ──────■───────┤ Ry(y[126]) ├┤ Rz(y[140]) ├────────────────────────────»
«       ┌─────┴──────┐└────────────┘├────────────┤┌────────────┐              »
« q0_1: ┤ Rx(y[113]) ├──────■───────┤ Ry(y[127]) ├┤ Rz(y[141]) ├──────────────»
«       └────────────┘┌─────┴──────┐└────────────┘├────────────┤┌────────────┐»
« q0_2: ──────────────┤ Rx(y[114]) ├──────■───────┤ Ry(y[128]) ├┤ Rz(y[142]) ├»
«                     └────────────┘┌─────┴──────┐└────────────┘├────────────┤»
« q0_3: ────────────────────────────┤ Rx(y[115]) ├──────■───────┤ Ry(y[129]) ├»
«                                   └────────────┘┌─────┴──────┐└────────────┘»
« q0_4: ──────────────────────────────────────────┤ Rx(y[116]) ├──────■───────»
«                                                 └────────────┘┌─────┴──────┐»
« q0_5: ────────────────────────────────────────────────────────┤ Rx(y[117]) ├»
«                                                               └────────────┘»
« q0_6: ──────────────────────────────────────────────────────────────────────»
«                                                                             »
« q0_7: ──────────────────────────────────────────────────────────────────────»
«                                                                             »
« q0_8: ──────────────────────────────────────────────────────────────────────»
«                                                                             »
« q0_9: ──────────────────────────────────────────────────────────────────────»
«                                                                             »
«q0_10: ──────────────────────────────────────────────────────────────────────»
«                                                                             »
«q0_11: ──────────────────────────────────────────────────────────────────────»
«                                                                             »
«q0_12: ──────────────────────────────────────────────────────────────────────»
«                                                                             »
«q0_13: ──────────────────────────────────────────────────────────────────────»
«                                                                             »
«c0: 14/══════════════════════════════════════════════════════════════════════»
«                                                                             »
«                                                                             »
« q0_0: ──────────────────────────────────────────────────────────────────────»
«                                                                             »
« q0_1: ──────────────────────────────────────────────────────────────────────»
«                                                                             »
« q0_2: ──────────────────────────────────────────────────────────────────────»
«       ┌────────────┐                                                        »
« q0_3: ┤ Rz(y[143]) ├────────────────────────────────────────────────────────»
«       ├────────────┤┌────────────┐                                          »
« q0_4: ┤ Ry(y[130]) ├┤ Rz(y[144]) ├──────────────────────────────────────────»
«       └────────────┘├────────────┤┌────────────┐                            »
« q0_5: ──────■───────┤ Ry(y[131]) ├┤ Rz(y[145]) ├────────────────────────────»
«       ┌─────┴──────┐└────────────┘├────────────┤┌────────────┐              »
« q0_6: ┤ Rx(y[118]) ├──────■───────┤ Ry(y[132]) ├┤ Rz(y[146]) ├──────────────»
«       └────────────┘┌─────┴──────┐└────────────┘├────────────┤┌────────────┐»
« q0_7: ──────────────┤ Rx(y[119]) ├──────■───────┤ Ry(y[133]) ├┤ Rz(y[147]) ├»
«                     └────────────┘┌─────┴──────┐└────────────┘├────────────┤»
« q0_8: ────────────────────────────┤ Rx(y[120]) ├──────■───────┤ Ry(y[134]) ├»
«                                   └────────────┘┌─────┴──────┐└────────────┘»
« q0_9: ──────────────────────────────────────────┤ Rx(y[121]) ├──────■───────»
«                                                 └────────────┘┌─────┴──────┐»
«q0_10: ────────────────────────────────────────────────────────┤ Rx(y[122]) ├»
«                                                               └────────────┘»
«q0_11: ──────────────────────────────────────────────────────────────────────»
«                                                                             »
«q0_12: ──────────────────────────────────────────────────────────────────────»
«                                                                             »
«q0_13: ──────────────────────────────────────────────────────────────────────»
«                                                                             »
«c0: 14/══════════════════════════════════════════════════════════════════════»
«                                                                             »
«                                                                             
« q0_0: ──────────────────────────────────────────────────────────────────────
«                                                                             
« q0_1: ──────────────────────────────────────────────────────────────────────
«                                                                             
« q0_2: ──────────────────────────────────────────────────────────────────────
«                                                                             
« q0_3: ──────────────────────────────────────────────────────────────────────
«                                                                             
« q0_4: ──────────────────────────────────────────────────────────────────────
«                                                                             
« q0_5: ──────────────────────────────────────────────────────────────────────
«                                                                             
« q0_6: ──────────────────────────────────────────────────────────────────────
«                                                                             
« q0_7: ──────────────────────────────────────────────────────────────────────
«       ┌────────────┐                                                        
« q0_8: ┤ Rz(y[148]) ├────────────────────────────────────────────────────────
«       ├────────────┤┌────────────┐                                          
« q0_9: ┤ Ry(y[135]) ├┤ Rz(y[149]) ├──────────────────────────────────────────
«       └────────────┘├────────────┤┌────────────┐                            
«q0_10: ──────■───────┤ Ry(y[136]) ├┤ Rz(y[150]) ├────────────────────────────
«       ┌─────┴──────┐└────────────┘├────────────┤┌────────────┐              
«q0_11: ┤ Rx(y[123]) ├──────■───────┤ Ry(y[137]) ├┤ Rz(y[151]) ├──────────────
«       └────────────┘┌─────┴──────┐└────────────┘├────────────┤┌────────────┐
«q0_12: ──────────────┤ Rx(y[124]) ├──────■───────┤ Ry(y[138]) ├┤ Rz(y[152]) ├
«                     └────────────┘┌─────┴──────┐├────────────┤├────────────┤
«q0_13: ────────────────────────────┤ Rx(y[125]) ├┤ Ry(y[139]) ├┤ Rz(y[153]) ├
«                                   └────────────┘└────────────┘└────────────┘
«c0: 14/══════════════════════════════════════════════════════════════════════
«                                                                             
building constraints...
