GS energy with  DMRG -8.628893198968248
N= 5.999999999999998
E= -8.628893198968248
D= [[ 5.00000000e-01+0.j -1.44637435e-12+0.j  4.26078583e-01+0.j
   1.50528143e-12+0.j  2.39190595e-13+0.j -3.88208062e-13+0.j
  -1.82350788e-01+0.j -4.89896638e-13+0.j  8.92447842e-14+0.j
  -5.37978468e-13+0.j  1.35379476e-01+0.j  7.80775392e-13+0.j]
 [-1.44638436e-12+0.j  5.00000000e-01+0.j -1.72042492e-12+0.j
   4.26078583e-01+0.j  9.91445431e-14+0.j -3.31935077e-13+0.j
   3.51979109e-13+0.j -1.82350788e-01+0.j  9.22631387e-14+0.j
   7.19290180e-13+0.j -2.86949019e-13+0.j  1.35379476e-01+0.j]
 [ 4.26078583e-01+0.j -1.72042471e-12+0.j  5.00000000e-01+0.j
   1.09304190e-12+0.j  2.36764811e-01+0.j  4.05622006e-14+0.j
  -1.36665376e-12+0.j -1.15547035e-13+0.j -4.10333437e-02+0.j
  -1.46173609e-13+0.j  8.86711466e-13+0.j  8.02401466e-13+0.j]
 [ 1.50528282e-12+0.j  4.26078583e-01+0.j  1.09303933e-12+0.j
   5.00000000e-01+0.j  3.25723001e-13+0.j  2.36764811e-01+0.j
  -6.96201171e-13+0.j  7.50116556e-13+0.j -5.65953845e-14+0.j
  -4.10333437e-02+0.j  5.79394972e-13+0.j -7.95713957e-13+0.j]
 [ 2.39083372e-13+0.j  9.91409450e-14+0.j  2.36764811e-01+0.j
   3.25713889e-13+0.j  5.00000000e-01+0.j  1.88742991e-13+0.j
   3.86226351e-01+0.j -3.50471350e-13+0.j -8.80319651e-14+0.j
  -1.50121792e-13+0.j -1.82350788e-01+0.j -6.35712122e-14+0.j]
 [-3.88202090e-13+0.j -3.31942859e-13+0.j  4.05685755e-14+0.j
   2.36764811e-01+0.j  1.88739721e-13+0.j  5.00000000e-01+0.j
   4.61276971e-14+0.j  3.86226351e-01+0.j -3.06260916e-13+0.j
  -2.87625158e-13+0.j -1.25649114e-13+0.j -1.82350788e-01+0.j]
 [-1.82350788e-01+0.j  3.51977600e-13+0.j -1.36666107e-12+0.j
  -6.96201539e-13+0.j  3.86226351e-01+0.j  4.61233507e-14+0.j
   5.00000000e-01+0.j  7.39925464e-14+0.j  2.36764811e-01+0.j
   6.45490320e-14+0.j -8.39828253e-13+0.j -3.35139837e-13+0.j]
 [-4.89903953e-13+0.j -1.82350788e-01+0.j -1.15553068e-13+0.j
   7.50092305e-13+0.j -3.50471853e-13+0.j  3.86226351e-01+0.j
   7.39938804e-14+0.j  5.00000000e-01+0.j  3.40254318e-13+0.j
   2.36764811e-01+0.j  1.36301425e-14+0.j  9.33151538e-13+0.j]
 [ 8.92680767e-14+0.j  9.22738756e-14+0.j -4.10333437e-02+0.j
  -5.65876704e-14+0.j -8.81083848e-14+0.j -3.06277512e-13+0.j
   2.36764811e-01+0.j  3.40252598e-13+0.j  5.00000000e-01+0.j
   3.97527032e-13+0.j  4.26078583e-01+0.j  4.11155620e-13+0.j]
 [-5.37998736e-13+0.j  7.19198010e-13+0.j -1.46169850e-13+0.j
  -4.10333437e-02+0.j -1.50127154e-13+0.j -2.87730124e-13+0.j
   6.45413138e-14+0.j  2.36764811e-01+0.j  3.97513287e-13+0.j
   5.00000000e-01+0.j -6.62044087e-13+0.j  4.26078583e-01+0.j]
 [ 1.35379476e-01+0.j -2.86965948e-13+0.j  8.86720274e-13+0.j
   5.79389163e-13+0.j -1.82350788e-01+0.j -1.25649864e-13+0.j
  -8.39851749e-13+0.j  1.36355701e-14+0.j  4.26078583e-01+0.j
  -6.62057048e-13+0.j  5.00000000e-01+0.j -3.06917514e-13+0.j]
 [ 7.80795196e-13+0.j  1.35379476e-01+0.j  8.02405106e-13+0.j
  -7.95717028e-13+0.j -6.35839681e-14+0.j -1.82350788e-01+0.j
  -3.35127605e-13+0.j  9.33167433e-13+0.j  4.11136037e-13+0.j
   4.26078583e-01+0.j -3.06903470e-13+0.j  5.00000000e-01+0.j]]
W= [0.19143493+0.j 0.20874443+0.j 0.20920033+0.j 0.20920033+0.j
 0.20874443+0.j 0.19143493+0.j]
local approximation with  1 sites
local interactions on sites [[0], [1], [2], [3], [4], [5]]
Functional for interaction on sites [0]
interacting orbitals: [0, 1]
mapping: [0, 1, 2, 3, 4, 5, 6, 7, 8, 9, 10, 11]
orbinteractaca= [0, 1]
aca: level 5  norb= 12
Daca= [[ 5.00000000e-01+0.j -1.44637435e-12+0.j -4.82827476e-01+0.j
  -2.54139641e-28+0.j  3.41244873e-29+0.j -7.09113829e-29+0.j
  -2.86797637e-17+0.j  5.61342428e-29+0.j  1.92328944e-29+0.j
  -1.12195882e-28+0.j  2.32426477e-17+0.j  1.81897338e-28+0.j]
 [-1.44638436e-12+0.j  5.00000000e-01+0.j -6.94439636e-16+0.j
  -4.82827476e-01+0.j -8.31782588e-31+0.j  4.69525864e-29+0.j
   1.82092478e-29+0.j  3.66593508e-17+0.j -1.22179454e-29+0.j
   8.55040163e-29+0.j -1.60138719e-29+0.j -2.43306371e-17+0.j]
 [-4.82827476e-01+0.j -6.90446796e-16+0.j  5.00000000e-01+0.j
   1.48265551e-12+0.j  1.34368867e-02+0.j  3.67641102e-30+0.j
  -5.02143156e-31+0.j  1.99354936e-29+0.j  4.73415407e-19+0.j
  -2.10777550e-30+0.j  7.10457363e-37+0.j  0.00000000e+00+0.j]
 [-9.53902367e-18+0.j -4.82827476e-01+0.j  1.48265831e-12+0.j
   5.00000000e-01+0.j -8.09501277e-15+0.j  1.34368867e-02+0.j
  -5.86521442e-30+0.j -2.67720622e-29+0.j -1.66945576e-30+0.j
   4.02186900e-19+0.j  1.75926562e-35+0.j  5.04870979e-29+0.j]
 [-1.07223215e-16+0.j -3.59818386e-18+0.j  1.34368867e-02+0.j
  -8.10508713e-15+0.j  5.00000000e-01+0.j -6.01425197e-12+0.j
   4.84954492e-01+0.j  1.80501450e-29+0.j -7.57344286e-29+0.j
  -7.72848640e-28+0.j -5.34662296e-17+0.j -1.15036555e-28+0.j]
 [ 5.97173671e-18+0.j -7.78227368e-18+0.j -7.97662127e-19+0.j
   1.34368867e-02+0.j -6.01426202e-12+0.j  5.00000000e-01+0.j
   9.73643849e-15+0.j  4.84954492e-01+0.j  3.16569797e-28+0.j
  -2.99998417e-28+0.j -2.33557673e-28+0.j  1.04134930e-16+0.j]
 [ 7.05467100e-17+0.j -2.26799886e-18+0.j  2.10593297e-17+0.j
   4.02020716e-18+0.j  4.84954492e-01+0.j  9.72708291e-15+0.j
   5.00000000e-01+0.j  5.93351207e-12+0.j  4.14311348e-03+0.j
   1.28965387e-31+0.j  8.88128811e-35+0.j -1.26217745e-29+0.j]
 [-5.12263661e-18+0.j  9.32112391e-17+0.j  6.94351247e-18+0.j
   8.44362112e-17+0.j  6.35745811e-18+0.j  4.84954492e-01+0.j
   5.93351275e-12+0.j  5.00000000e-01+0.j -2.91867742e-14+0.j
   4.14311348e-03+0.j -3.98679300e-34+0.j  0.00000000e+00+0.j]
 [ 2.32924875e-17+0.j  1.07369011e-17+0.j -3.85539875e-18+0.j
  -9.37127436e-18+0.j  8.99935129e-17+0.j  1.85014715e-17+0.j
   4.14311348e-03+0.j -2.92035357e-14+0.j  5.00000000e-01+0.j
  -2.08385574e-11+0.j  4.92327001e-01+0.j  0.00000000e+00+0.j]
 [-2.02681313e-17+0.j -9.21694016e-17+0.j -1.06914726e-17+0.j
  -5.02951736e-17+0.j  3.45616546e-18+0.j  1.07788332e-16+0.j
  -8.43197592e-18+0.j  4.14311348e-03+0.j -2.08385644e-11+0.j
   5.00000000e-01+0.j -7.20552907e-15+0.j -4.92327001e-01+0.j]
 [ 1.86298609e-16+0.j -1.63653939e-17+0.j  4.41426438e-17+0.j
   1.05431953e-17+0.j -7.65476886e-17+0.j  3.16294374e-18+0.j
  -1.96648297e-17+0.j -1.38462321e-17+0.j  4.92327001e-01+0.j
  -7.20979512e-15+0.j  5.00000000e-01+0.j -2.08830287e-11+0.j]
 [ 1.81760105e-17+0.j -1.06438200e-16+0.j -2.22981046e-18+0.j
  -3.39167679e-17+0.j  7.32508819e-19+0.j  4.14120379e-16+0.j
   8.76551862e-19+0.j -1.98909598e-17+0.j  1.34440780e-17+0.j
  -4.92327001e-01+0.j -2.08830381e-11+0.j  5.00000000e-01+0.j]]
Naca= (2.9999999999999996, 2.999999999999999)
nq= 12
interact= NNIIIIIIIIII * (1+0j)
variational state:
        ┌──────────┐┌───────────┐┌───────────┐             ┌───────────┐»
 q0_0: ─┤ Ry(y[0]) ├┤ Rz(y[12]) ├┤ Rx(y[24]) ├──────■──────┤ Ry(y[36]) ├»
        ├──────────┤├───────────┤└─────┬─────┘┌─────┴─────┐└───────────┘»
 q0_1: ─┤ Ry(y[1]) ├┤ Rz(y[13]) ├──────┼──────┤ Rx(y[25]) ├──────■──────»
        ├──────────┤├───────────┤      │      └───────────┘┌─────┴─────┐»
 q0_2: ─┤ Ry(y[2]) ├┤ Rz(y[14]) ├──────┼───────────────────┤ Rx(y[26]) ├»
        ├──────────┤├───────────┤      │                   └───────────┘»
 q0_3: ─┤ Ry(y[3]) ├┤ Rz(y[15]) ├──────┼────────────────────────────────»
        ├──────────┤├───────────┤      │                                »
 q0_4: ─┤ Ry(y[4]) ├┤ Rz(y[16]) ├──────┼────────────────────────────────»
        ├──────────┤├───────────┤      │                                »
 q0_5: ─┤ Ry(y[5]) ├┤ Rz(y[17]) ├──────┼────────────────────────────────»
        ├──────────┤├───────────┤      │                                »
 q0_6: ─┤ Ry(y[6]) ├┤ Rz(y[18]) ├──────┼────────────────────────────────»
        ├──────────┤├───────────┤      │                                »
 q0_7: ─┤ Ry(y[7]) ├┤ Rz(y[19]) ├──────┼────────────────────────────────»
        ├──────────┤├───────────┤      │                                »
 q0_8: ─┤ Ry(y[8]) ├┤ Rz(y[20]) ├──────┼────────────────────────────────»
        ├──────────┤├───────────┤      │                                »
 q0_9: ─┤ Ry(y[9]) ├┤ Rz(y[21]) ├──────┼────────────────────────────────»
       ┌┴──────────┤├───────────┤      │                                »
q0_10: ┤ Ry(y[10]) ├┤ Rz(y[22]) ├──────┼────────────────────────────────»
       ├───────────┤├───────────┤      │                                »
q0_11: ┤ Ry(y[11]) ├┤ Rz(y[23]) ├──────■────────────────────────────────»
       └───────────┘└───────────┘                                       »
c0: 12/═════════════════════════════════════════════════════════════════»
                                                                        »
«       ┌───────────┐                                                    »
« q0_0: ┤ Rz(y[48]) ├────────────────────────────────────────────────────»
«       ├───────────┤┌───────────┐                                       »
« q0_1: ┤ Ry(y[37]) ├┤ Rz(y[49]) ├───────────────────────────────────────»
«       └───────────┘├───────────┤┌───────────┐                          »
« q0_2: ──────■──────┤ Ry(y[38]) ├┤ Rz(y[50]) ├──────────────────────────»
«       ┌─────┴─────┐└───────────┘├───────────┤┌───────────┐             »
« q0_3: ┤ Rx(y[27]) ├──────■──────┤ Ry(y[39]) ├┤ Rz(y[51]) ├─────────────»
«       └───────────┘┌─────┴─────┐└───────────┘├───────────┤┌───────────┐»
« q0_4: ─────────────┤ Rx(y[28]) ├──────■──────┤ Ry(y[40]) ├┤ Rz(y[52]) ├»
«                    └───────────┘┌─────┴─────┐└───────────┘├───────────┤»
« q0_5: ──────────────────────────┤ Rx(y[29]) ├──────■──────┤ Ry(y[41]) ├»
«                                 └───────────┘┌─────┴─────┐└───────────┘»
« q0_6: ───────────────────────────────────────┤ Rx(y[30]) ├──────■──────»
«                                              └───────────┘┌─────┴─────┐»
« q0_7: ────────────────────────────────────────────────────┤ Rx(y[31]) ├»
«                                                           └───────────┘»
« q0_8: ─────────────────────────────────────────────────────────────────»
«                                                                        »
« q0_9: ─────────────────────────────────────────────────────────────────»
«                                                                        »
«q0_10: ─────────────────────────────────────────────────────────────────»
«                                                                        »
«q0_11: ─────────────────────────────────────────────────────────────────»
«                                                                        »
«c0: 12/═════════════════════════════════════════════════════════════════»
«                                                                        »
«                                                                        »
« q0_0: ─────────────────────────────────────────────────────────────────»
«                                                                        »
« q0_1: ─────────────────────────────────────────────────────────────────»
«                                                                        »
« q0_2: ─────────────────────────────────────────────────────────────────»
«                                                                        »
« q0_3: ─────────────────────────────────────────────────────────────────»
«                                                                        »
« q0_4: ─────────────────────────────────────────────────────────────────»
«       ┌───────────┐                                                    »
« q0_5: ┤ Rz(y[53]) ├────────────────────────────────────────────────────»
«       ├───────────┤┌───────────┐                                       »
« q0_6: ┤ Ry(y[42]) ├┤ Rz(y[54]) ├───────────────────────────────────────»
«       └───────────┘├───────────┤┌───────────┐                          »
« q0_7: ──────■──────┤ Ry(y[43]) ├┤ Rz(y[55]) ├──────────────────────────»
«       ┌─────┴─────┐└───────────┘├───────────┤┌───────────┐             »
« q0_8: ┤ Rx(y[32]) ├──────■──────┤ Ry(y[44]) ├┤ Rz(y[56]) ├─────────────»
«       └───────────┘┌─────┴─────┐└───────────┘├───────────┤┌───────────┐»
« q0_9: ─────────────┤ Rx(y[33]) ├──────■──────┤ Ry(y[45]) ├┤ Rz(y[57]) ├»
«                    └───────────┘┌─────┴─────┐└───────────┘├───────────┤»
«q0_10: ──────────────────────────┤ Rx(y[34]) ├──────■──────┤ Ry(y[46]) ├»
«                                 └───────────┘┌─────┴─────┐├───────────┤»
«q0_11: ───────────────────────────────────────┤ Rx(y[35]) ├┤ Ry(y[47]) ├»
«                                              └───────────┘└───────────┘»
«c0: 12/═════════════════════════════════════════════════════════════════»
«                                                                        »
«                    ┌───────────┐             ┌───────────┐┌───────────┐»
« q0_0: ─────────────┤ Rx(y[60]) ├──────■──────┤ Ry(y[72]) ├┤ Rz(y[84]) ├»
«                    └─────┬─────┘┌─────┴─────┐└───────────┘├───────────┤»
« q0_1: ───────────────────┼──────┤ Rx(y[61]) ├──────■──────┤ Ry(y[73]) ├»
«                          │      └───────────┘┌─────┴─────┐└───────────┘»
« q0_2: ───────────────────┼───────────────────┤ Rx(y[62]) ├──────■──────»
«                          │                   └───────────┘┌─────┴─────┐»
« q0_3: ───────────────────┼────────────────────────────────┤ Rx(y[63]) ├»
«                          │                                └───────────┘»
« q0_4: ───────────────────┼─────────────────────────────────────────────»
«                          │                                             »
« q0_5: ───────────────────┼─────────────────────────────────────────────»
«                          │                                             »
« q0_6: ───────────────────┼─────────────────────────────────────────────»
«                          │                                             »
« q0_7: ───────────────────┼─────────────────────────────────────────────»
«                          │                                             »
« q0_8: ───────────────────┼─────────────────────────────────────────────»
«                          │                                             »
« q0_9: ───────────────────┼─────────────────────────────────────────────»
«       ┌───────────┐      │                                             »
«q0_10: ┤ Rz(y[58]) ├──────┼─────────────────────────────────────────────»
«       ├───────────┤      │                                             »
«q0_11: ┤ Rz(y[59]) ├──────■─────────────────────────────────────────────»
«       └───────────┘                                                    »
«c0: 12/═════════════════════════════════════════════════════════════════»
«                                                                        »
«                                                                        »
« q0_0: ─────────────────────────────────────────────────────────────────»
«       ┌───────────┐                                                    »
« q0_1: ┤ Rz(y[85]) ├────────────────────────────────────────────────────»
«       ├───────────┤┌───────────┐                                       »
« q0_2: ┤ Ry(y[74]) ├┤ Rz(y[86]) ├───────────────────────────────────────»
«       └───────────┘├───────────┤┌───────────┐                          »
« q0_3: ──────■──────┤ Ry(y[75]) ├┤ Rz(y[87]) ├──────────────────────────»
«       ┌─────┴─────┐└───────────┘├───────────┤┌───────────┐             »
« q0_4: ┤ Rx(y[64]) ├──────■──────┤ Ry(y[76]) ├┤ Rz(y[88]) ├─────────────»
«       └───────────┘┌─────┴─────┐└───────────┘├───────────┤┌───────────┐»
« q0_5: ─────────────┤ Rx(y[65]) ├──────■──────┤ Ry(y[77]) ├┤ Rz(y[89]) ├»
«                    └───────────┘┌─────┴─────┐└───────────┘├───────────┤»
« q0_6: ──────────────────────────┤ Rx(y[66]) ├──────■──────┤ Ry(y[78]) ├»
«                                 └───────────┘┌─────┴─────┐└───────────┘»
« q0_7: ───────────────────────────────────────┤ Rx(y[67]) ├──────■──────»
«                                              └───────────┘┌─────┴─────┐»
« q0_8: ────────────────────────────────────────────────────┤ Rx(y[68]) ├»
«                                                           └───────────┘»
« q0_9: ─────────────────────────────────────────────────────────────────»
«                                                                        »
«q0_10: ─────────────────────────────────────────────────────────────────»
«                                                                        »
«q0_11: ─────────────────────────────────────────────────────────────────»
«                                                                        »
«c0: 12/═════════════════════════════════════════════════════════════════»
«                                                                        »
«                                                                        »
« q0_0: ─────────────────────────────────────────────────────────────────»
«                                                                        »
« q0_1: ─────────────────────────────────────────────────────────────────»
«                                                                        »
« q0_2: ─────────────────────────────────────────────────────────────────»
«                                                                        »
« q0_3: ─────────────────────────────────────────────────────────────────»
«                                                                        »
« q0_4: ─────────────────────────────────────────────────────────────────»
«                                                                        »
« q0_5: ─────────────────────────────────────────────────────────────────»
«       ┌───────────┐                                                    »
« q0_6: ┤ Rz(y[90]) ├────────────────────────────────────────────────────»
«       ├───────────┤┌───────────┐                                       »
« q0_7: ┤ Ry(y[79]) ├┤ Rz(y[91]) ├───────────────────────────────────────»
«       └───────────┘├───────────┤┌───────────┐                          »
« q0_8: ──────■──────┤ Ry(y[80]) ├┤ Rz(y[92]) ├──────────────────────────»
«       ┌─────┴─────┐└───────────┘├───────────┤┌───────────┐             »
« q0_9: ┤ Rx(y[69]) ├──────■──────┤ Ry(y[81]) ├┤ Rz(y[93]) ├─────────────»
«       └───────────┘┌─────┴─────┐└───────────┘├───────────┤┌───────────┐»
«q0_10: ─────────────┤ Rx(y[70]) ├──────■──────┤ Ry(y[82]) ├┤ Rz(y[94]) ├»
«                    └───────────┘┌─────┴─────┐├───────────┤├───────────┤»
«q0_11: ──────────────────────────┤ Rx(y[71]) ├┤ Ry(y[83]) ├┤ Rz(y[95]) ├»
«                                 └───────────┘└───────────┘└───────────┘»
«c0: 12/═════════════════════════════════════════════════════════════════»
«                                                                        »
«       ┌───────────┐             ┌────────────┐┌────────────┐              »
« q0_0: ┤ Rx(y[96]) ├──────■──────┤ Ry(y[108]) ├┤ Rz(y[120]) ├──────────────»
«       └─────┬─────┘┌─────┴─────┐└────────────┘├────────────┤┌────────────┐»
« q0_1: ──────┼──────┤ Rx(y[97]) ├──────■───────┤ Ry(y[109]) ├┤ Rz(y[121]) ├»
«             │      └───────────┘┌─────┴─────┐ └────────────┘├────────────┤»
« q0_2: ──────┼───────────────────┤ Rx(y[98]) ├───────■───────┤ Ry(y[110]) ├»
«             │                   └───────────┘ ┌─────┴─────┐ └────────────┘»
« q0_3: ──────┼─────────────────────────────────┤ Rx(y[99]) ├───────■───────»
«             │                                 └───────────┘ ┌─────┴──────┐»
« q0_4: ──────┼───────────────────────────────────────────────┤ Rx(y[100]) ├»
«             │                                               └────────────┘»
« q0_5: ──────┼─────────────────────────────────────────────────────────────»
«             │                                                             »
« q0_6: ──────┼─────────────────────────────────────────────────────────────»
«             │                                                             »
« q0_7: ──────┼─────────────────────────────────────────────────────────────»
«             │                                                             »
« q0_8: ──────┼─────────────────────────────────────────────────────────────»
«             │                                                             »
« q0_9: ──────┼─────────────────────────────────────────────────────────────»
«             │                                                             »
«q0_10: ──────┼─────────────────────────────────────────────────────────────»
«             │                                                             »
«q0_11: ──────■─────────────────────────────────────────────────────────────»
«                                                                           »
«c0: 12/════════════════════════════════════════════════════════════════════»
«                                                                           »
«                                                                             »
« q0_0: ──────────────────────────────────────────────────────────────────────»
«                                                                             »
« q0_1: ──────────────────────────────────────────────────────────────────────»
«       ┌────────────┐                                                        »
« q0_2: ┤ Rz(y[122]) ├────────────────────────────────────────────────────────»
«       ├────────────┤┌────────────┐                                          »
« q0_3: ┤ Ry(y[111]) ├┤ Rz(y[123]) ├──────────────────────────────────────────»
«       └────────────┘├────────────┤┌────────────┐                            »
« q0_4: ──────■───────┤ Ry(y[112]) ├┤ Rz(y[124]) ├────────────────────────────»
«       ┌─────┴──────┐└────────────┘├────────────┤┌────────────┐              »
« q0_5: ┤ Rx(y[101]) ├──────■───────┤ Ry(y[113]) ├┤ Rz(y[125]) ├──────────────»
«       └────────────┘┌─────┴──────┐└────────────┘├────────────┤┌────────────┐»
« q0_6: ──────────────┤ Rx(y[102]) ├──────■───────┤ Ry(y[114]) ├┤ Rz(y[126]) ├»
«                     └────────────┘┌─────┴──────┐└────────────┘├────────────┤»
« q0_7: ────────────────────────────┤ Rx(y[103]) ├──────■───────┤ Ry(y[115]) ├»
«                                   └────────────┘┌─────┴──────┐└────────────┘»
« q0_8: ──────────────────────────────────────────┤ Rx(y[104]) ├──────■───────»
«                                                 └────────────┘┌─────┴──────┐»
« q0_9: ────────────────────────────────────────────────────────┤ Rx(y[105]) ├»
«                                                               └────────────┘»
«q0_10: ──────────────────────────────────────────────────────────────────────»
«                                                                             »
«q0_11: ──────────────────────────────────────────────────────────────────────»
«                                                                             »
«c0: 12/══════════════════════════════════════════════════════════════════════»
«                                                                             »
«                                                               
« q0_0: ────────────────────────────────────────────────────────
«                                                               
« q0_1: ────────────────────────────────────────────────────────
«                                                               
« q0_2: ────────────────────────────────────────────────────────
«                                                               
« q0_3: ────────────────────────────────────────────────────────
«                                                               
« q0_4: ────────────────────────────────────────────────────────
«                                                               
« q0_5: ────────────────────────────────────────────────────────
«                                                               
« q0_6: ────────────────────────────────────────────────────────
«       ┌────────────┐                                          
« q0_7: ┤ Rz(y[127]) ├──────────────────────────────────────────
«       ├────────────┤┌────────────┐                            
« q0_8: ┤ Ry(y[116]) ├┤ Rz(y[128]) ├────────────────────────────
«       └────────────┘├────────────┤┌────────────┐              
« q0_9: ──────■───────┤ Ry(y[117]) ├┤ Rz(y[129]) ├──────────────
«       ┌─────┴──────┐└────────────┘├────────────┤┌────────────┐
«q0_10: ┤ Rx(y[106]) ├──────■───────┤ Ry(y[118]) ├┤ Rz(y[130]) ├
«       └────────────┘┌─────┴──────┐├────────────┤├────────────┤
«q0_11: ──────────────┤ Rx(y[107]) ├┤ Ry(y[119]) ├┤ Rz(y[131]) ├
«                     └────────────┘└────────────┘└────────────┘
«c0: 12/════════════════════════════════════════════════════════
«                                                               
building constraints...
number of constraints= 144
plain pauliops= 276
['IIIIIIIIIIIZ', 'IIIIIIIIIIIX', 'IIIIIIIIIIZX', 'IIIIIIIIIIIY', 'IIIIIIIIIIZY', 'IIIIIIIIIYYX', 'IIIIIIIIIXYY', 'IIIIIIIIIXYX', 'IIIIIIIIIYYY', 'IIIIIIIIZIXX', 'IIIIIIIIIZYY', 'IIIIIIIIIZYX', 'IIIIIIIIZIXY', 'IIIIIIXYYIXX', 'IIIIIIXXYIXY', 'IIIIIIXXYIXX', 'IIIIIIXYYIXY', 'IIIIIIYIYIXX', 'IIIIIIXZYIXY', 'IIIIIIXZYIXX', 'IIIIIIYIYIXY', 'IIIIIYZIYIXX', 'IIIIIXZIYIXY', 'IIIIIXZIYIXX', 'IIIIIYZIYIXY', 'IIIIZIIIXIXX', 'IIIIIZZIYIXY', 'IIIIIZZIYIXX', 'IIIIZIIIXIXY', 'XIXYYIIIXIXX', 'XIXXYIIIXIXY', 'XIXXYIIIXIXX', 'XIXYYIIIXIXY', 'XIYIYIIIXIXX', 'XIXZYIIIXIXY', 'XIXZYIIIXIXX', 'XIYIYIIIXIXY', 'XYZIYIIIXIXX', 'XXZIYIIIXIXY', 'XXZIYIIIXIXX', 'XYZIYIIIXIXY', 'YIIIYIIIXIXX', 'XZZIYIIIXIXY', 'XZZIYIIIXIXX', 'YIIIYIIIXIXY', 'IIIIIIIIIIZZ', 'IIIIIIIIIXXI', 'IIIIIIIIIYYZ', 'IIIIIIIIIYXI', 'IIIIIIIIIXYZ', 'IIIIIIIIIZXI', 'IIIIIIIIZIXZ', 'IIIIIIIIZIYI', 'IIIIIIIIIZYZ', 'IIIIIIXXYIYI', 'IIIIIIXYYIXZ', 'IIIIIIXYYIYI', 'IIIIIIXXYIXZ', 'IIIIIIXZYIYI', 'IIIIIIYIYIXZ', 'IIIIIIYIYIYI', 'IIIIIIXZYIXZ', 'IIIIIXZIYIYI', 'IIIIIYZIYIXZ', 'IIIIIYZIYIYI', 'IIIIIXZIYIXZ', 'IIIIIZZIYIYI', 'IIIIZIIIXIXZ', 'IIIIZIIIXIYI', 'IIIIIZZIYIXZ', 'XIXXYIIIXIYI', 'XIXYYIIIXIXZ', 'XIXYYIIIXIYI', 'XIXXYIIIXIXZ', 'XIXZYIIIXIYI', 'XIYIYIIIXIXZ', 'XIYIYIIIXIYI', 'XIXZYIIIXIXZ', 'XXZIYIIIXIYI', 'XYZIYIIIXIXZ', 'XYZIYIIIXIYI', 'XXZIYIIIXIXZ', 'XZZIYIIIXIYI', 'YIIIYIIIXIXZ', 'YIIIYIIIXIYI', 'XZZIYIIIXIXZ', 'IIIIIIIIIZII', 'IIIIIIIIIXII', 'IIIIIIIIZXZI', 'IIIIIIIIIYII', 'IIIIIIIIZYZI', 'IIIIIIXYYXZI', 'IIIIIIXXYYZI', 'IIIIIIXXYXZI', 'IIIIIIXYYYZI', 'IIIIIIYIYXZI', 'IIIIIIXZYYZI', 'IIIIIIXZYXZI', 'IIIIIIYIYYZI', 'IIIIIYZIYXZI', 'IIIIIXZIYYZI', 'IIIIIXZIYXZI', 'IIIIIYZIYYZI', 'IIIIZIIIXXZI', 'IIIIIZZIYYZI', 'IIIIIZZIYXZI', 'IIIIZIIIXYZI', 'XIXYYIIIXXZI', 'XIXXYIIIXYZI', 'XIXXYIIIXXZI', 'XIXYYIIIXYZI', 'XIYIYIIIXXZI', 'XIXZYIIIXYZI', 'XIXZYIIIXXZI', 'XIYIYIIIXYZI', 'XYZIYIIIXXZI', 'XXZIYIIIXYZI', 'XXZIYIIIXXZI', 'XYZIYIIIXYZI', 'YIIIYIIIXXZI', 'XZZIYIIIXYZI', 'XZZIYIIIXXZI', 'YIIIYIIIXYZI', 'IIIIIIIIZZZI', 'IIIIIIXXXIII', 'IIIIIIXYYZZI', 'IIIIIIXYXIII', 'IIIIIIXXYZZI', 'IIIIIIXZXIII', 'IIIIIIYIYZZI', 'IIIIIIYIXIII', 'IIIIIIXZYZZI', 'IIIIIXZIXIII', 'IIIIIYZIYZZI', 'IIIIIYZIXIII', 'IIIIIXZIYZZI', 'IIIIIZZIXIII', 'IIIIZIIIXZZI', 'IIIIZIIIYIII', 'IIIIIZZIYZZI', 'XIXXYIIIYIII', 'XIXYYIIIXZZI', 'XIXYYIIIYIII', 'XIXXYIIIXZZI', 'XIXZYIIIYIII', 'XIYIYIIIXZZI', 'XIYIYIIIYIII', 'XIXZYIIIXZZI', 'XXZIYIIIYIII', 'XYZIYIIIXZZI', 'XYZIYIIIYIII', 'XXZIYIIIXZZI', 'XZZIYIIIYIII', 'YIIIYIIIXZZI', 'YIIIYIIIYIII', 'XZZIYIIIXZZI', 'IIIIIIIZIIII', 'IIIIIIIXIIII', 'IIIIIIZXIIII', 'IIIIIIIYIIII', 'IIIIIIZYIIII', 'IIIIIYYXIIII', 'IIIIIXYYIIII', 'IIIIIXYXIIII', 'IIIIIYYYIIII', 'IIIIIZYYIIII', 'IIIIZIXXZIII', 'IIIIIZYXIIII', 'IIIIZIXYZIII', 'XIXYYIXXZIII', 'XIXXYIXYZIII', 'XIXXYIXXZIII', 'XIXYYIXYZIII', 'XIYIYIXXZIII', 'XIXZYIXYZIII', 'XIXZYIXXZIII', 'XIYIYIXYZIII', 'XYZIYIXXZIII', 'XXZIYIXYZIII', 'XXZIYIXXZIII', 'XYZIYIXYZIII', 'YIIIYIXXZIII', 'XZZIYIXYZIII', 'XZZIYIXXZIII', 'YIIIYIXYZIII', 'IIIIIIZZIIII', 'IIIIIXXIIIII', 'IIIIIYYZIIII', 'IIIIIYXIIIII', 'IIIIIXYZIIII', 'IIIIIZXIIIII', 'IIIIZIXZZIII', 'IIIIIZYZIIII', 'IIIIZIYIZIII', 'XIXXYIYIZIII', 'XIXYYIXZZIII', 'XIXYYIYIZIII', 'XIXXYIXZZIII', 'XIXZYIYIZIII', 'XIYIYIXZZIII', 'XIYIYIYIZIII', 'XIXZYIXZZIII', 'XXZIYIYIZIII', 'XYZIYIXZZIII', 'XYZIYIYIZIII', 'XXZIYIXZZIII', 'XZZIYIYIZIII', 'YIIIYIXZZIII', 'YIIIYIYIZIII', 'XZZIYIXZZIII', 'IIIIIZIIIIII', 'IIIIIXIIIIII', 'IIIIZXZIZIII', 'IIIIIYIIIIII', 'IIIIZYZIZIII', 'XIXYYXZIZIII', 'XIXXYYZIZIII', 'XIXXYXZIZIII', 'XIXYYYZIZIII', 'XIYIYXZIZIII', 'XIXZYYZIZIII', 'XIXZYXZIZIII', 'XIYIYYZIZIII', 'XYZIYXZIZIII', 'XXZIYYZIZIII', 'XXZIYXZIZIII', 'XYZIYYZIZIII', 'YIIIYXZIZIII', 'XZZIYYZIZIII', 'XZZIYXZIZIII', 'YIIIYYZIZIII', 'IIIIZZZIZIII', 'XIXXXIIIIIII', 'XIXYYZZIZIII', 'XIXYXIIIIIII', 'XIXXYZZIZIII', 'XIXZXIIIIIII', 'XIYIYZZIZIII', 'XIYIXIIIIIII', 'XIXZYZZIZIII', 'XXZIXIIIIIII', 'XYZIYZZIZIII', 'XYZIXIIIIIII', 'XXZIYZZIZIII', 'XZZIXIIIIIII', 'YIIIYZZIZIII', 'YIIIXIIIIIII', 'XZZIYZZIZIII', 'IIIZIIIIIIII', 'IIIXIIIIIIII', 'IIZXIIIIIIII', 'IIIYIIIIIIII', 'IIZYIIIIIIII', 'IYYXIIIIIIII', 'IXYYIIIIIIII', 'IXYXIIIIIIII', 'IYYYIIIIIIII', 'ZIXXIIIIIIII', 'IZYYIIIIIIII', 'IZYXIIIIIIII', 'ZIXYIIIIIIII', 'IIZZIIIIIIII', 'IXXIIIIIIIII', 'IYYZIIIIIIII', 'IYXIIIIIIIII', 'IXYZIIIIIIII', 'IZXIIIIIIIII', 'ZIXZIIIIIIII', 'ZIYIIIIIIIII', 'IZYZIIIIIIII', 'IZIIIIIIIIII', 'IXIIIIIIIIII', 'ZXZIIIIIIIII', 'IYIIIIIIIIII', 'ZYZIIIIIIIII', 'ZZZIIIIIIIII']
unique pauliops= 276
commutation mode= qubitwise
graphclique-cliquecover: 276 with commutationmode qubitwise
strategy largest_first 175
strategy random_sequential 175
strategy smallest_last 175
strategy independent_set 177
strategy connected_sequential_bfs 175
strategy connected_sequential_dfs 175
strategy saturation_largest_first 175
clique 0 ['IIIIIIIIIIIX', 'XIXYYIIIXIXX', 'IIIIIIIIIXXI', 'IIIIIIIIIXII', 'IIIIIIXXXIII', 'IIIIIIIXIIII', 'IIIIIXXIIIII', 'IIIIIXIIIIII', 'IIIYIIIIIIII', 'IXXIIIIIIIII', 'IXIIIIIIIIII']
clique 1 ['IIIIIIIIIIIY', 'XIXXYIIIXIXY', 'IIIIIIIIIYXI', 'IIIIIIIIIYII', 'IIIIIIXYXIII', 'IIIIIIIYIIII', 'IIIIIYXIIIII', 'IIIIIYIIIIII', 'IIIXIIIIIIII', 'IYXIIIIIIIII', 'IYIIIIIIIIII']
clique 2 ['XIXXYIIIXIXX', 'IIIIIIIIIZXI', 'IIIIIIIIIZII', 'IIIIIIXZXIII', 'IIIIIIIZIIII', 'IIIIIZXIIIII', 'IIIIIZIIIIII', 'IZXIIIIIIIII', 'IZIIIIIIIIII']
clique 3 ['XIXYYIIIXIXY', 'IIIIIXZIXIII', 'IIIIIIZXIIII']
clique 4 ['XIXZYIIIXIXY', 'IIIIIYZIXIII', 'IIIIIIZYIIII', 'IIIZIIIIIIII']
clique 5 ['XIXZYIIIXIXX', 'IIIIIZZIXIII', 'IIIIIIZZIIII']
clique 6 ['XYZIYIIIXIXX', 'IIIIIIYIXIII', 'IIIIIYYXIIII', 'IIZXIIIIIIII']
clique 7 ['XXZIYIIIXIXY', 'IIIIIXYYIIII', 'IIZYIIIIIIII']
clique 8 ['XXZIYIIIXIXX', 'IIIIIXYXIIII', 'IIZZIIIIIIII']
clique 9 ['XYZIYIIIXIXY', 'IIIIIYYYIIII']
clique 10 ['XZZIYIIIXIXY', 'IIIIIZYYIIII']
clique 11 ['XZZIYIIIXIXX', 'IIIIIZYXIIII']
clique 12 ['IIIIIIIIIIIZ', 'XIXYYIIIXIXZ', 'IIIIIYYZIIII']
clique 13 ['XIXXYIIIXIXZ', 'IIIIIXYZIIII']
clique 14 ['XIXZYIIIXIXZ', 'IIIIIZYZIIII']
clique 15 ['XYZIYIIIXIXZ']
clique 16 ['XXZIYIIIXIXZ']
clique 17 ['XZZIYIIIXIXZ']
clique 18 ['IIIIIIIIIIZX', 'XIXYYIIIXXZI']
clique 19 ['IIIIIIIIIIZY', 'XIXXYIIIXYZI']
clique 20 ['IIIIIIIIIIZZ', 'XIXXYIIIXXZI']
clique 21 ['XIXYYIIIXYZI']
clique 22 ['XIXZYIIIXYZI']
clique 23 ['XIXZYIIIXXZI']
clique 24 ['XYZIYIIIXXZI']
clique 25 ['XXZIYIIIXYZI']
clique 26 ['XXZIYIIIXXZI']
clique 27 ['XYZIYIIIXYZI']
clique 28 ['XZZIYIIIXYZI']
clique 29 ['XZZIYIIIXXZI']
clique 30 ['XIXYYIIIXZZI']
clique 31 ['XIXXYIIIXZZI']
clique 32 ['XIXZYIIIXZZI']
clique 33 ['XYZIYIIIXZZI']
clique 34 ['XXZIYIIIXZZI']
clique 35 ['XZZIYIIIXZZI']
clique 36 ['IIIIIIIIZIXX', 'XIXYYIXXZIII']
clique 37 ['IIIIIIIIZIXY', 'XIXXYIXYZIII']
clique 38 ['IIIIIIIIZIXZ', 'XIXXYIXXZIII']
clique 39 ['IIIIIIIIZXZI', 'XIXYYIXYZIII']
clique 40 ['IIIIIIIIZYZI', 'XIXZYIXYZIII']
clique 41 ['IIIIIIIIZZZI', 'XIXZYIXXZIII']
clique 42 ['IIIIIIIIIYYX', 'IIIIIIIIZIYI', 'XYZIYIXXZIII']
clique 43 ['IIIIIIIIIXYY', 'XXZIYIXYZIII']
clique 44 ['IIIIIIIIIXYX', 'XXZIYIXXZIII']
clique 45 ['IIIIIIIIIYYY', 'XYZIYIXYZIII']
clique 46 ['IIIIIIIIIZYY', 'XZZIYIXYZIII']
clique 47 ['IIIIIIIIIZYX', 'XZZIYIXXZIII']
clique 48 ['IIIIIIIIIYYZ', 'XIXYYIXZZIII']
clique 49 ['IIIIIIIIIXYZ', 'XIXXYIXZZIII']
clique 50 ['IIIIIIIIIZYZ', 'XIXZYIXZZIII']
clique 51 ['XYZIYIXZZIII']
clique 52 ['XXZIYIXZZIII']
clique 53 ['XZZIYIXZZIII']
clique 54 ['XIXYYXZIZIII']
clique 55 ['XIXXYYZIZIII']
clique 56 ['XIXXYXZIZIII']
clique 57 ['XIXYYYZIZIII']
clique 58 ['XIXZYYZIZIII']
clique 59 ['XIXZYXZIZIII']
clique 60 ['XYZIYXZIZIII']
clique 61 ['XXZIYYZIZIII']
clique 62 ['XXZIYXZIZIII']
clique 63 ['XYZIYYZIZIII']
clique 64 ['XZZIYYZIZIII']
clique 65 ['XZZIYXZIZIII']
clique 66 ['XIXYYZZIZIII']
clique 67 ['XIXXYZZIZIII']
clique 68 ['XIXZYZZIZIII']
clique 69 ['XYZIYZZIZIII']
clique 70 ['XXZIYZZIZIII']
clique 71 ['XZZIYZZIZIII']
clique 72 ['XIYIYIIIXIXX', 'IYYXIIIIIIII']
clique 73 ['XIYIYIIIXIXY', 'IXYYIIIIIIII']
clique 74 ['XIXXYIIIXIYI']
clique 75 ['XIXYYIIIXIYI']
clique 76 ['XIXZYIIIXIYI']
clique 77 ['XIYIYIIIXIXZ', 'IXYXIIIIIIII']
clique 78 ['XXZIYIIIXIYI']
clique 79 ['XYZIYIIIXIYI']
clique 80 ['XZZIYIIIXIYI']
clique 81 ['XIYIYIIIXXZI', 'IYYYIIIIIIII']
clique 82 ['XIYIYIIIXYZI', 'IZYYIIIIIIII']
clique 83 ['XIYIYIIIXZZI', 'IZYXIIIIIIII']
clique 84 ['XIYIYIXXZIII', 'IYYZIIIIIIII']
clique 85 ['XIYIYIXYZIII', 'IXYZIIIIIIII']
clique 86 ['XIXXYIYIZIII']
clique 87 ['XIXYYIYIZIII']
clique 88 ['XIXZYIYIZIII']
clique 89 ['XIYIYIXZZIII', 'IZYZIIIIIIII']
clique 90 ['XXZIYIYIZIII']
clique 91 ['XYZIYIYIZIII']
clique 92 ['XZZIYIYIZIII']
clique 93 ['XIYIYXZIZIII']
clique 94 ['XIYIYYZIZIII']
clique 95 ['XIYIYZZIZIII']
clique 96 ['YIIIYIIIXIXX']
clique 97 ['YIIIYIIIXIXY']
clique 98 ['YIIIYIIIXIXZ']
clique 99 ['YIIIYIIIXXZI']
clique 100 ['YIIIYIIIXYZI']
clique 101 ['YIIIYIIIXZZI']
clique 102 ['YIIIYIXXZIII']
clique 103 ['YIIIYIXYZIII']
clique 104 ['YIIIYIXZZIII']
clique 105 ['YIIIYXZIZIII']
clique 106 ['YIIIYYZIZIII']
clique 107 ['YIIIYZZIZIII']
clique 108 ['XIYIYIIIXIYI']
clique 109 ['XIYIYIYIZIII']
clique 110 ['IIIIIIXYYIXX', 'XIXXYIIIYIII']
clique 111 ['IIIIIIXXYIXY', 'XIXYYIIIYIII']
clique 112 ['IIIIIIXXYIXX', 'XIXZYIIIYIII']
clique 113 ['IIIIIIXYYIXY', 'XXZIYIIIYIII']
clique 114 ['IIIIIIXZYIXY', 'XYZIYIIIYIII']
clique 115 ['IIIIIIXZYIXX', 'XZZIYIIIYIII']
clique 116 ['IIIIIYZIYIXX', 'XIYIYIIIYIII']
clique 117 ['IIIIIXZIYIXY', 'YIIIYIIIYIII']
clique 118 ['IIIIIXZIYIXX', 'XIXXXIIIIIII']
clique 119 ['IIIIIYZIYIXY', 'XIXYXIIIIIII']
clique 120 ['IIIIIZZIYIXY', 'XIXZXIIIIIII']
clique 121 ['IIIIIZZIYIXX', 'XXZIXIIIIIII']
clique 122 ['IIIIIIXYYIXZ', 'XYZIXIIIIIII']
clique 123 ['IIIIIIXXYIXZ', 'XZZIXIIIIIII']
clique 124 ['IIIIIIXZYIXZ', 'IIIIZIIIYIII', 'ZIXXIIIIIIII']
clique 125 ['IIIIIYZIYIXZ', 'XIYIXIIIIIII']
clique 126 ['IIIIIXZIYIXZ', 'YIIIXIIIIIII']
clique 127 ['IIIIIZZIYIXZ', 'ZIXYIIIIIIII']
clique 128 ['IIIIIIXYYXZI', 'ZIXZIIIIIIII']
clique 129 ['IIIIIIXXYYZI', 'ZXZIIIIIIIII']
clique 130 ['IIIIIIXXYXZI', 'ZYZIIIIIIIII']
clique 131 ['IIIIIIXYYYZI', 'ZZZIIIIIIIII']
clique 132 ['IIIIIIXZYYZI', 'ZIYIIIIIIIII']
clique 133 ['IIIIIIXZYXZI']
clique 134 ['IIIIIYZIYXZI']
clique 135 ['IIIIIXZIYYZI']
clique 136 ['IIIIIXZIYXZI']
clique 137 ['IIIIIYZIYYZI']
clique 138 ['IIIIIZZIYYZI']
clique 139 ['IIIIIZZIYXZI']
clique 140 ['IIIIIIXYYZZI']
clique 141 ['IIIIIIXXYZZI']
clique 142 ['IIIIIIXZYZZI']
clique 143 ['IIIIIYZIYZZI']
clique 144 ['IIIIIXZIYZZI']
clique 145 ['IIIIIZZIYZZI']
clique 146 ['IIIIZIIIXIXX']
clique 147 ['IIIIZIIIXIXY']
clique 148 ['IIIIZIIIXIXZ']
clique 149 ['IIIIZIIIXXZI']
clique 150 ['IIIIZIIIXYZI']
clique 151 ['IIIIZIIIXZZI']
clique 152 ['IIIIZIXXZIII']
clique 153 ['IIIIZIXYZIII']
clique 154 ['IIIIZIXZZIII']
clique 155 ['IIIIZXZIZIII']
clique 156 ['IIIIZYZIZIII']
clique 157 ['IIIIZZZIZIII']
clique 158 ['YIIIYIIIXIYI']
clique 159 ['YIIIYIYIZIII']
clique 160 ['IIIIIIYIYIXX']
clique 161 ['IIIIIIYIYIXY']
clique 162 ['IIIIIIXXYIYI']
clique 163 ['IIIIIIXYYIYI']
clique 164 ['IIIIIIXZYIYI']
clique 165 ['IIIIIIYIYIXZ']
clique 166 ['IIIIIXZIYIYI']
clique 167 ['IIIIIYZIYIYI']
clique 168 ['IIIIIZZIYIYI']
clique 169 ['IIIIIIYIYXZI']
clique 170 ['IIIIIIYIYYZI']
clique 171 ['IIIIIIYIYZZI']
clique 172 ['IIIIZIIIXIYI']
clique 173 ['IIIIZIYIZIII']
clique 174 ['IIIIIIYIYIYI']
groups with own implementation qubitwise 175
