GS energy with  DMRG -8.628893198968262
N= 6.000000000000004
E= -8.628893198968262
D= [[ 5.00000000e-01+0.j -8.35551257e-13+0.j  4.26078583e-01+0.j
   7.60107764e-13+0.j  5.68356993e-13+0.j -5.32547069e-14+0.j
  -1.82350788e-01+0.j -3.17517209e-13+0.j -1.45109619e-15+0.j
  -2.41244454e-12+0.j  1.35379476e-01+0.j  5.44984361e-13+0.j]
 [-8.35518555e-13+0.j  5.00000000e-01+0.j -9.85869464e-13+0.j
   4.26078583e-01+0.j  1.05263324e-12+0.j -2.46084403e-13+0.j
   2.41878138e-13+0.j -1.82350788e-01+0.j -8.48205091e-13+0.j
   1.98695227e-14+0.j -6.65647251e-14+0.j  1.35379476e-01+0.j]
 [ 4.26078583e-01+0.j -9.85868923e-13+0.j  5.00000000e-01+0.j
   1.47544008e-14+0.j  2.36764811e-01+0.j  2.65603466e-13+0.j
  -3.36527681e-14+0.j  1.21364405e-12+0.j -4.10333437e-02+0.j
  -3.47455347e-13+0.j  6.73718351e-14+0.j  2.17667206e-12+0.j]
 [ 7.60108913e-13+0.j  4.26078583e-01+0.j  1.47332841e-14+0.j
   5.00000000e-01+0.j -4.83946296e-14+0.j  2.36764811e-01+0.j
  -6.72543280e-13+0.j -2.42293273e-13+0.j -2.52716873e-14+0.j
  -4.10333437e-02+0.j  8.62772416e-13+0.j  2.42726718e-13+0.j]
 [ 5.68391688e-13+0.j  1.05262373e-12+0.j  2.36764811e-01+0.j
  -4.83831167e-14+0.j  5.00000000e-01+0.j -1.13191845e-13+0.j
   3.86226351e-01+0.j -2.23534817e-13+0.j -2.15829091e-13+0.j
  -7.99340309e-13+0.j -1.82350788e-01+0.j  2.42265391e-13+0.j]
 [-5.32046037e-14+0.j -2.46124301e-13+0.j  2.65620430e-13+0.j
   2.36764811e-01+0.j -1.13178150e-13+0.j  5.00000000e-01+0.j
   8.01927069e-14+0.j  3.86226351e-01+0.j  5.16556799e-13+0.j
   5.76622083e-14+0.j -3.27058869e-13+0.j -1.82350788e-01+0.j]
 [-1.82350788e-01+0.j  2.41844223e-13+0.j -3.36241451e-14+0.j
  -6.72547439e-13+0.j  3.86226351e-01+0.j  8.02024145e-14+0.j
   5.00000000e-01+0.j -4.61121562e-14+0.j  2.36764811e-01+0.j
   9.49694726e-15+0.j -6.12068989e-14+0.j -3.83960267e-13+0.j]
 [-3.17472416e-13+0.j -1.82350788e-01+0.j  1.21363625e-12+0.j
  -2.42360982e-13+0.j -2.23562251e-13+0.j  3.86226351e-01+0.j
  -4.61944159e-14+0.j  5.00000000e-01+0.j  3.41265750e-13+0.j
   2.36764811e-01+0.j -8.98181263e-13+0.j -4.79119888e-14+0.j]
 [-1.46584134e-15+0.j -8.48208089e-13+0.j -4.10333437e-02+0.j
  -2.52654982e-14+0.j -2.15842968e-13+0.j  5.16532500e-13+0.j
   2.36764811e-01+0.j  3.41267390e-13+0.j  5.00000000e-01+0.j
   1.35561012e-13+0.j  4.26078583e-01+0.j -1.19431650e-13+0.j]
 [-2.41246097e-12+0.j  1.98174810e-14+0.j -3.47453442e-13+0.j
  -4.10333437e-02+0.j -7.99343060e-13+0.j  5.75511860e-14+0.j
   9.48395208e-15+0.j  2.36764811e-01+0.j  1.35566726e-13+0.j
   5.00000000e-01+0.j -1.09190686e-13+0.j  4.26078583e-01+0.j]
 [ 1.35379476e-01+0.j -6.65119562e-14+0.j  6.73439169e-14+0.j
   8.62775161e-13+0.j -1.82350788e-01+0.j -3.27026580e-13+0.j
  -6.10876367e-14+0.j -8.98183855e-13+0.j  4.26078583e-01+0.j
  -1.09198587e-13+0.j  5.00000000e-01+0.j  8.44535561e-13+0.j]
 [ 5.44942283e-13+0.j  1.35379476e-01+0.j  2.17667491e-12+0.j
   2.42782185e-13+0.j  2.42260010e-13+0.j -1.82350788e-01+0.j
  -3.83896300e-13+0.j -4.78963816e-14+0.j -1.19437287e-13+0.j
   4.26078583e-01+0.j  8.44490388e-13+0.j  5.00000000e-01+0.j]]
W= [0.19143493+0.j 0.20874443+0.j 0.20920033+0.j 0.20920033+0.j
 0.20874443+0.j 0.19143493+0.j]
local approximation with  1 sites
local interactions on sites [[0], [1], [2], [3], [4], [5]]
Functional for interaction on sites [0]
aca-directory for images already exists
aca-directory for images already exists
aca-directory for images already exists
interacting orbitals: [0, 1]
mapping: [0, 1, 2, 3, 4, 5, 6, 7, 8, 9, 10, 11]
aca-directory for images already exists
aca-directory for images already exists
aca-directory for images already exists
orbinteractaca= [0, 1]
aca-directory for images already exists
aca-directory for images already exists
aca-directory for images already exists
aca-directory for images already exists
aca-directory for images already exists
aca-directory for images already exists
aca-directory for images already exists
aca-directory for images already exists
aca-directory for images already exists
aca-directory for images already exists
aca-directory for images already exists
aca-directory for images already exists
aca-directory for images already exists
aca-directory for images already exists
aca-directory for images already exists
aca-directory for images already exists
aca-directory for images already exists
aca-directory for images already exists
aca-directory for images already exists
aca-directory for images already exists
aca-directory for images already exists
aca-directory for images already exists
aca-directory for images already exists
aca-directory for images already exists
aca-directory for images already exists
aca-directory for images already exists
aca-directory for images already exists
aca-directory for images already exists
aca-directory for images already exists
aca-directory for images already exists
aca-directory for images already exists
aca-directory for images already exists
aca-directory for images already exists
aca: level 5  norb= 12
Daca= [[ 5.00000000e-01+0.j -8.35551257e-13+0.j -4.82827476e-01+0.j
   2.12184371e-28+0.j -9.86762634e-29+0.j -5.45598374e-32+0.j
   5.15183352e-17+0.j -2.02050821e-29+0.j  5.95466403e-31+0.j
   8.64327550e-28+0.j -4.46733222e-17+0.j -1.27055089e-28+0.j]
 [-8.35518555e-13+0.j  5.00000000e-01+0.j  3.65165249e-14+0.j
  -4.82827476e-01+0.j -6.84182052e-29+0.j  1.18730079e-29+0.j
   6.34489352e-29+0.j -4.74482673e-18+0.j  6.25741389e-29+0.j
  -9.17859248e-31+0.j -1.64206657e-29+0.j  1.40846548e-17+0.j]
 [-4.82827476e-01+0.j  3.64884428e-14+0.j  5.00000000e-01+0.j
   8.45135257e-13+0.j  1.34368867e-02+0.j -3.52728679e-30+0.j
  -5.09669696e-30+0.j  7.26434510e-30+0.j  5.51826627e-20+0.j
  -1.56056345e-30+0.j  2.75689481e-37+0.j  0.00000000e+00+0.j]
 [ 2.77007470e-17+0.j -4.82827476e-01+0.j  8.45097722e-13+0.j
   5.00000000e-01+0.j -5.87758198e-14+0.j  1.34368867e-02+0.j
   3.11445375e-30+0.j -1.31202902e-30+0.j -2.71560354e-30+0.j
  -1.15509702e-18+0.j -1.26217751e-29+0.j  0.00000000e+00+0.j]
 [ 3.46944695e-17+0.j -9.51027090e-18+0.j  1.34368867e-02+0.j
  -5.87776038e-14+0.j  5.00000000e-01+0.j  1.40962873e-12+0.j
   4.84954492e-01+0.j -3.37513446e-28+0.j  1.50885675e-28+0.j
   8.85468253e-29+0.j -3.48424863e-17+0.j  4.67616359e-28+0.j]
 [ 5.01032004e-17+0.j -3.98986399e-17+0.j  4.47771181e-18+0.j
   1.34368867e-02+0.j  1.40963196e-12+0.j  5.00000000e-01+0.j
  -3.91080706e-14+0.j  4.84954492e-01+0.j  1.35345873e-28+0.j
   3.02051113e-28+0.j -9.87470230e-28+0.j -4.25735504e-17+0.j]
 [ 2.28460130e-16+0.j -2.81724707e-17+0.j  4.22904962e-17+0.j
   4.21564808e-17+0.j  4.84954492e-01+0.j -3.91371880e-14+0.j
   5.00000000e-01+0.j -1.40766492e-12+0.j  4.14311348e-03+0.j
  -2.04834565e-30+0.j  6.31088725e-30+0.j  0.00000000e+00+0.j]
 [ 3.94665076e-17+0.j  1.18940666e-16+0.j -1.31655122e-17+0.j
   3.99430915e-17+0.j -1.33557276e-17+0.j  4.84954492e-01+0.j
  -1.40773967e-12+0.j  5.00000000e-01+0.j -1.50735696e-13+0.j
   4.14311348e-03+0.j -7.10775014e-36+0.j  0.00000000e+00+0.j]
 [-1.47451495e-17+0.j -2.99731826e-18+0.j  4.90098251e-17+0.j
  -6.30701021e-18+0.j -2.13311673e-17+0.j  2.30187650e-17+0.j
   4.14311348e-03+0.j -1.50729494e-13+0.j  5.00000000e-01+0.j
  -7.99610215e-12+0.j  4.92327001e-01+0.j  0.00000000e+00+0.j]
 [-1.64313646e-17+0.j -5.20417043e-17+0.j -1.22193181e-17+0.j
   9.55302379e-18+0.j  4.03061288e-18+0.j  7.87443509e-17+0.j
   2.13765974e-18+0.j  4.14311348e-03+0.j -7.99608597e-12+0.j
   5.00000000e-01+0.j  6.67077985e-14+0.j -4.92327001e-01+0.j]
 [-1.69177466e-17+0.j  4.85055059e-17+0.j  9.47235565e-17+0.j
  -8.25878194e-18+0.j  1.68794776e-16+0.j -1.96273237e-17+0.j
  -1.72662311e-16+0.j -4.94833778e-17+0.j  4.92327001e-01+0.j
   6.67236889e-14+0.j  5.00000000e-01+0.j -7.98455006e-12+0.j]
 [-3.81231773e-17+0.j -6.57045798e-17+0.j  2.55907196e-17+0.j
  -8.84333341e-17+0.j  2.08845132e-17+0.j -1.16492044e-16+0.j
  -3.43689827e-18+0.j  3.06563473e-18+0.j  1.70582673e-17+0.j
  -4.92327001e-01+0.j -7.98451379e-12+0.j  5.00000000e-01+0.j]]
rounding Naca1 to integer
rounding Naca2 to integer
Naca= (3, 3)
nq= 12
variational state:
        ┌──────────┐┌───────────┐┌───┐     ┌───────────┐┌───────────┐»
 q0_0: ─┤ Ry(y[0]) ├┤ Rz(y[12]) ├┤ X ├──■──┤ Ry(y[24]) ├┤ Rz(y[36]) ├»
        ├──────────┤├───────────┤└─┬─┘┌─┴─┐└───────────┘├───────────┤»
 q0_1: ─┤ Ry(y[1]) ├┤ Rz(y[13]) ├──┼──┤ X ├──────■──────┤ Ry(y[25]) ├»
        ├──────────┤├───────────┤  │  └───┘    ┌─┴─┐    └───────────┘»
 q0_2: ─┤ Ry(y[2]) ├┤ Rz(y[14]) ├──┼───────────┤ X ├──────────■──────»
        ├──────────┤├───────────┤  │           └───┘        ┌─┴─┐    »
 q0_3: ─┤ Ry(y[3]) ├┤ Rz(y[15]) ├──┼────────────────────────┤ X ├────»
        ├──────────┤├───────────┤  │                        └───┘    »
 q0_4: ─┤ Ry(y[4]) ├┤ Rz(y[16]) ├──┼─────────────────────────────────»
        ├──────────┤├───────────┤  │                                 »
 q0_5: ─┤ Ry(y[5]) ├┤ Rz(y[17]) ├──┼─────────────────────────────────»
        ├──────────┤├───────────┤  │                                 »
 q0_6: ─┤ Ry(y[6]) ├┤ Rz(y[18]) ├──┼─────────────────────────────────»
        ├──────────┤├───────────┤  │                                 »
 q0_7: ─┤ Ry(y[7]) ├┤ Rz(y[19]) ├──┼─────────────────────────────────»
        ├──────────┤├───────────┤  │                                 »
 q0_8: ─┤ Ry(y[8]) ├┤ Rz(y[20]) ├──┼─────────────────────────────────»
        ├──────────┤├───────────┤  │                                 »
 q0_9: ─┤ Ry(y[9]) ├┤ Rz(y[21]) ├──┼─────────────────────────────────»
       ┌┴──────────┤├───────────┤  │                                 »
q0_10: ┤ Ry(y[10]) ├┤ Rz(y[22]) ├──┼─────────────────────────────────»
       ├───────────┤├───────────┤  │                                 »
q0_11: ┤ Ry(y[11]) ├┤ Rz(y[23]) ├──■─────────────────────────────────»
       └───────────┘└───────────┘                                    »
c0: 12/══════════════════════════════════════════════════════════════»
                                                                     »
«                                                                        »
« q0_0: ─────────────────────────────────────────────────────────────────»
«       ┌───────────┐                                                    »
« q0_1: ┤ Rz(y[37]) ├────────────────────────────────────────────────────»
«       ├───────────┤┌───────────┐                                       »
« q0_2: ┤ Ry(y[26]) ├┤ Rz(y[38]) ├───────────────────────────────────────»
«       └───────────┘├───────────┤┌───────────┐                          »
« q0_3: ──────■──────┤ Ry(y[27]) ├┤ Rz(y[39]) ├──────────────────────────»
«           ┌─┴─┐    └───────────┘├───────────┤┌───────────┐             »
« q0_4: ────┤ X ├──────────■──────┤ Ry(y[28]) ├┤ Rz(y[40]) ├─────────────»
«           └───┘        ┌─┴─┐    └───────────┘├───────────┤┌───────────┐»
« q0_5: ─────────────────┤ X ├──────────■──────┤ Ry(y[29]) ├┤ Rz(y[41]) ├»
«                        └───┘        ┌─┴─┐    └───────────┘├───────────┤»
« q0_6: ──────────────────────────────┤ X ├──────────■──────┤ Ry(y[30]) ├»
«                                     └───┘        ┌─┴─┐    └───────────┘»
« q0_7: ───────────────────────────────────────────┤ X ├──────────■──────»
«                                                  └───┘        ┌─┴─┐    »
« q0_8: ────────────────────────────────────────────────────────┤ X ├────»
«                                                               └───┘    »
« q0_9: ─────────────────────────────────────────────────────────────────»
«                                                                        »
«q0_10: ─────────────────────────────────────────────────────────────────»
«                                                                        »
«q0_11: ─────────────────────────────────────────────────────────────────»
«                                                                        »
«c0: 12/═════════════════════════════════════════════════════════════════»
«                                                                        »
«                                                                        ┌───┐»
« q0_0: ─────────────────────────────────────────────────────────────────┤ X ├»
«                                                                        └─┬─┘»
« q0_1: ───────────────────────────────────────────────────────────────────┼──»
«                                                                          │  »
« q0_2: ───────────────────────────────────────────────────────────────────┼──»
«                                                                          │  »
« q0_3: ───────────────────────────────────────────────────────────────────┼──»
«                                                                          │  »
« q0_4: ───────────────────────────────────────────────────────────────────┼──»
«                                                                          │  »
« q0_5: ───────────────────────────────────────────────────────────────────┼──»
«       ┌───────────┐                                                      │  »
« q0_6: ┤ Rz(y[42]) ├──────────────────────────────────────────────────────┼──»
«       ├───────────┤┌───────────┐                                         │  »
« q0_7: ┤ Ry(y[31]) ├┤ Rz(y[43]) ├─────────────────────────────────────────┼──»
«       └───────────┘├───────────┤┌───────────┐                            │  »
« q0_8: ──────■──────┤ Ry(y[32]) ├┤ Rz(y[44]) ├────────────────────────────┼──»
«           ┌─┴─┐    └───────────┘├───────────┤┌───────────┐               │  »
« q0_9: ────┤ X ├──────────■──────┤ Ry(y[33]) ├┤ Rz(y[45]) ├───────────────┼──»
«           └───┘        ┌─┴─┐    └───────────┘├───────────┤┌───────────┐  │  »
«q0_10: ─────────────────┤ X ├──────────■──────┤ Ry(y[34]) ├┤ Rz(y[46]) ├──┼──»
«                        └───┘        ┌─┴─┐    ├───────────┤├───────────┤  │  »
«q0_11: ──────────────────────────────┤ X ├────┤ Ry(y[35]) ├┤ Rz(y[47]) ├──■──»
«                                     └───┘    └───────────┘└───────────┘     »
«c0: 12/══════════════════════════════════════════════════════════════════════»
«                                                                             »
«            ┌───────────┐┌───────────┐                                       »
« q0_0: ──■──┤ Ry(y[48]) ├┤ Rz(y[60]) ├───────────────────────────────────────»
«       ┌─┴─┐└───────────┘├───────────┤┌───────────┐                          »
« q0_1: ┤ X ├──────■──────┤ Ry(y[49]) ├┤ Rz(y[61]) ├──────────────────────────»
«       └───┘    ┌─┴─┐    └───────────┘├───────────┤┌───────────┐             »
« q0_2: ─────────┤ X ├──────────■──────┤ Ry(y[50]) ├┤ Rz(y[62]) ├─────────────»
«                └───┘        ┌─┴─┐    └───────────┘├───────────┤┌───────────┐»
« q0_3: ──────────────────────┤ X ├──────────■──────┤ Ry(y[51]) ├┤ Rz(y[63]) ├»
«                             └───┘        ┌─┴─┐    └───────────┘├───────────┤»
« q0_4: ───────────────────────────────────┤ X ├──────────■──────┤ Ry(y[52]) ├»
«                                          └───┘        ┌─┴─┐    └───────────┘»
« q0_5: ────────────────────────────────────────────────┤ X ├──────────■──────»
«                                                       └───┘        ┌─┴─┐    »
« q0_6: ─────────────────────────────────────────────────────────────┤ X ├────»
«                                                                    └───┘    »
« q0_7: ──────────────────────────────────────────────────────────────────────»
«                                                                             »
« q0_8: ──────────────────────────────────────────────────────────────────────»
«                                                                             »
« q0_9: ──────────────────────────────────────────────────────────────────────»
«                                                                             »
«q0_10: ──────────────────────────────────────────────────────────────────────»
«                                                                             »
«q0_11: ──────────────────────────────────────────────────────────────────────»
«                                                                             »
«c0: 12/══════════════════════════════════════════════════════════════════════»
«                                                                             »
«                                                                        »
« q0_0: ─────────────────────────────────────────────────────────────────»
«                                                                        »
« q0_1: ─────────────────────────────────────────────────────────────────»
«                                                                        »
« q0_2: ─────────────────────────────────────────────────────────────────»
«                                                                        »
« q0_3: ─────────────────────────────────────────────────────────────────»
«       ┌───────────┐                                                    »
« q0_4: ┤ Rz(y[64]) ├────────────────────────────────────────────────────»
«       ├───────────┤┌───────────┐                                       »
« q0_5: ┤ Ry(y[53]) ├┤ Rz(y[65]) ├───────────────────────────────────────»
«       └───────────┘├───────────┤┌───────────┐                          »
« q0_6: ──────■──────┤ Ry(y[54]) ├┤ Rz(y[66]) ├──────────────────────────»
«           ┌─┴─┐    └───────────┘├───────────┤┌───────────┐             »
« q0_7: ────┤ X ├──────────■──────┤ Ry(y[55]) ├┤ Rz(y[67]) ├─────────────»
«           └───┘        ┌─┴─┐    └───────────┘├───────────┤┌───────────┐»
« q0_8: ─────────────────┤ X ├──────────■──────┤ Ry(y[56]) ├┤ Rz(y[68]) ├»
«                        └───┘        ┌─┴─┐    └───────────┘├───────────┤»
« q0_9: ──────────────────────────────┤ X ├──────────■──────┤ Ry(y[57]) ├»
«                                     └───┘        ┌─┴─┐    └───────────┘»
«q0_10: ───────────────────────────────────────────┤ X ├──────────■──────»
«                                                  └───┘        ┌─┴─┐    »
«q0_11: ────────────────────────────────────────────────────────┤ X ├────»
«                                                               └───┘    »
«c0: 12/═════════════════════════════════════════════════════════════════»
«                                                                        »
«                                 
« q0_0: ──────────────────────────
«                                 
« q0_1: ──────────────────────────
«                                 
« q0_2: ──────────────────────────
«                                 
« q0_3: ──────────────────────────
«                                 
« q0_4: ──────────────────────────
«                                 
« q0_5: ──────────────────────────
«                                 
« q0_6: ──────────────────────────
«                                 
« q0_7: ──────────────────────────
«                                 
« q0_8: ──────────────────────────
«       ┌───────────┐             
« q0_9: ┤ Rz(y[69]) ├─────────────
«       ├───────────┤┌───────────┐
«q0_10: ┤ Ry(y[58]) ├┤ Rz(y[70]) ├
«       ├───────────┤├───────────┤
«q0_11: ┤ Ry(y[59]) ├┤ Rz(y[71]) ├
«       └───────────┘└───────────┘
«c0: 12/══════════════════════════
«                                 
ansatz-state is written to ansatz.txt
building constraints...
number of constraints= 144
unique pauliops 276
graphclique-cliquecover: 276 with commutationmode commute
strategy largest_first 31
strategy random_sequential 27
strategy smallest_last 32
strategy independent_set 24
strategy connected_sequential_bfs 31
strategy connected_sequential_dfs 30
strategy saturation_largest_first 24
number of cliques 24
clique 0 ['IIIIIIIIIIIZ', 'IIIIIIIIIIZZ', 'IIIIIIIIIZII', 'IIIIIIIIZZZI', 'IIIIIIIZIIII', 'IIIIIIZZIIII', 'IIIIIZIIIIII', 'IIIIZZZIZIII', 'IIIZIIIIIIII', 'IIZZIIIIIIII', 'IZIIIIIIIIII', 'ZZZIIIIIIIII']
clique 1 ['IIIIIIIIIIIX', 'IIIIIIIIIIZX', 'IIIIIIIIIXII', 'IIIIIIIIZXZI', 'IIIIIIIXIIII', 'IIIIIIZXIIII', 'IIIIIXIIIIII', 'IIIIZXZIZIII', 'IIIXIIIIIIII', 'IIZXIIIIIIII', 'IXIIIIIIIIII', 'ZXZIIIIIIIII']
clique 2 ['IIIIIIIIIIIY', 'IIIIIIIIIIZY', 'IIIIIIIIIYII', 'IIIIIIIIZYZI', 'IIIIIIIYIIII', 'IIIIIIZYIIII', 'IIIIIYIIIIII', 'IIIIZYZIZIII', 'IIIYIIIIIIII', 'IIZYIIIIIIII', 'IYIIIIIIIIII', 'ZYZIIIIIIIII']
clique 3 ['IIIIIIIIIYYX', 'IIIIIIIIIXYY', 'IIIIIIIIIZXI', 'IIIIIIIIZIXZ', 'IIIIIYYXIIII', 'IIIIIXYYIIII', 'IIIIIZXIIIII', 'IIIIZIXZZIII', 'IYYXIIIIIIII', 'IXYYIIIIIIII', 'IZXIIIIIIIII', 'ZIXZIIIIIIII']
clique 4 ['IIIIIIIIIXYX', 'IIIIIIIIIYYY', 'IIIIIIIIZIYI', 'IIIIIIIIIZYZ', 'IIIIIXYXIIII', 'IIIIIYYYIIII', 'IIIIIZYZIIII', 'IIIIZIYIZIII', 'IXYXIIIIIIII', 'IYYYIIIIIIII', 'ZIYIIIIIIIII', 'IZYZIIIIIIII']
clique 5 ['IIIIIIIIZIXX', 'IIIIIIIIIZYY', 'IIIIIIIIIXXI', 'IIIIIIIIIYYZ', 'IIIIIZYYIIII', 'IIIIZIXXZIII', 'IIIIIXXIIIII', 'IIIIIYYZIIII', 'ZIXXIIIIIIII', 'IZYYIIIIIIII', 'IXXIIIIIIIII', 'IYYZIIIIIIII']
clique 6 ['IIIIIIIIIZYX', 'IIIIIIIIZIXY', 'IIIIIIIIIYXI', 'IIIIIIIIIXYZ', 'IIIIIZYXIIII', 'IIIIZIXYZIII', 'IIIIIYXIIIII', 'IIIIIXYZIIII', 'IZYXIIIIIIII', 'ZIXYIIIIIIII', 'IYXIIIIIIIII', 'IXYZIIIIIIII']
clique 7 ['IIIIIIXYYIXX', 'XIXXYIIIXIXY', 'IIIIIIXZYIYI', 'XIYIYIIIXIXZ', 'IIIIIYZIYXZI', 'XXZIYIIIXYZI', 'IIIIIZZIXIII', 'YIIIYIIIXZZI', 'XIXYYIXXZIII', 'XIXZYIYIZIII', 'XYZIYXZIZIII', 'XZZIXIIIIIII']
clique 8 ['IIIIIIXXYIXY', 'XIYIYIIIXIXX', 'IIIIIIXYYIXZ', 'XIXXYIIIXIYI', 'IIIIIXZIYYZI', 'YIIIYIIIXXZI', 'IIIIIYZIYZZI', 'XXZIYIIIYIII', 'XIXYYIYIZIII', 'XIXZYIXZZIII', 'XYZIXIIIIIII', 'XZZIYZZIZIII']
clique 9 ['IIIIIIXXYIXX', 'IIIIIZZIYIXY', 'XIXYYIIIXIYI', 'XIXXYIIIXIXZ', 'IIIIIIXZYXZI', 'IIIIIYZIYYZI', 'XIYIYIIIYIII', 'XYZIYIIIXZZI', 'XIXZYIXYZIII', 'XXZIYIYIZIII', 'XZZIYXZIZIII', 'YIIIXIIIIIII']
clique 10 ['IIIIIIXYYIXY', 'IIIIIYZIYIXX', 'XIYIYIIIXIYI', 'XIXZYIIIXIXZ', 'IIIIIIXXYXZI', 'XZZIYIIIXYZI', 'IIIIZIIIXZZI', 'YIIIYIIIYIII', 'XIXXYIXZZIII', 'XYZIYIYIZIII', 'XIXYYXZIZIII', 'XXZIYZZIZIII']
clique 11 ['IIIIIIYIYIXX', 'XZZIYIIIXIXY', 'IIIIIYZIYIXZ', 'XXZIYIIIXIYI', 'IIIIZIIIXXZI', 'XIYIYIIIXYZI', 'IIIIIXZIXIII', 'XIXZYIIIXZZI', 'XIXXYIXYZIII', 'XYZIYIXXZIII', 'YIIIYIXZZIII', 'XIXYYZZIZIII']
clique 12 ['IIIIIIXZYIXY', 'XIXYYIIIXIXX', 'IIIIIIXXYIYI', 'IIIIIXZIYIXZ', 'IIIIIIXYYXZI', 'XIXZYIIIXYZI', 'XIXXYIIIYIII', 'XIYIYIIIXZZI', 'XZZIYIYIZIII', 'XYZIYYZIZIII', 'XXZIXIIIIIII', 'YIIIYZZIZIII']
clique 13 ['IIIIIIXZYIXX', 'XXZIYIIIXIXY', 'IIIIIIXYYIYI', 'XYZIYIIIXIXZ', 'IIIIIZZIYYZI', 'XIXYYIIIXXZI', 'IIIIIIYIYZZI', 'XZZIYIIIYIII', 'XIYIYIXXZIII', 'XIXZYYZIZIII', 'YIIIYXZIZIII', 'XIXXXIIIIIII']
clique 14 ['IIIIIIYIYIXY', 'XZZIYIIIXIXX', 'IIIIIYZIYIYI', 'YIIIYIIIXIXZ', 'IIIIIIXXYYZI', 'IIIIIZZIYXZI', 'XIXXYIIIXZZI', 'XIXZYIIIYIII', 'XIYIYIXYZIII', 'XYZIYIXZZIII', 'XXZIYXZIZIII', 'XIXYXIIIIIII']
clique 15 ['IIIIIXZIYIXY', 'XIXZYIIIXIXX', 'IIIIIIXXYIXZ', 'IIIIZIIIXIYI', 'XYZIYIIIXXZI', 'YIIIYIIIXYZI', 'IIIIIYZIXIII', 'XXZIYIIIXZZI', 'XIXYYIXYZIII', 'XIXXYIYIZIII', 'XZZIYIXZZIII', 'XIYIYZZIZIII']
clique 16 ['IIIIIXZIYIXX', 'IIIIZIIIXIXY', 'XYZIYIIIXIYI', 'XXZIYIIIXIXZ', 'IIIIIIXYYYZI', 'XIXXYIIIXXZI', 'IIIIIIXZXIII', 'XIXYYIIIXZZI', 'XZZIYIXXZIII', 'XIYIYIYIZIII', 'YIIIYYZIZIII', 'XIXZYZZIZIII']
clique 17 ['XIXYYIIIXIXY', 'YIIIYIIIXIXX', 'IIIIIZZIYIYI', 'IIIIZIIIXIXZ', 'XIXXYIIIXYZI', 'XIYIYIIIXXZI', 'IIIIIIYIXIII', 'IIIIIIXZYZZI', 'XXZIYIXXZIII', 'XYZIYIXYZIII', 'XIXZYXZIZIII', 'XZZIYYZIZIII']
clique 18 ['IIIIIZZIYIXX', 'YIIIYIIIXIXY', 'IIIIIIYIYIXZ', 'XIXZYIIIXIYI', 'IIIIZIIIXYZI', 'XZZIYIIIXXZI', 'IIIIIXZIYZZI', 'XYZIYIIIYIII', 'XIXXYIXXZIII', 'XXZIYIXYZIII', 'XIYIYIXZZIII', 'XIXYYYZIZIII']
clique 19 ['XIYIYIIIXIXY', 'XYZIYIIIXIXX', 'XIXYYIIIXIXZ', 'YIIIYIIIXIYI', 'IIIIIIYIYYZI', 'IIIIIXZIYXZI', 'IIIIZIIIYIII', 'IIIIIZZIYZZI', 'XIXZYIXXZIII', 'XZZIYIXYZIII', 'XXZIYIXZZIII', 'XIXXYYZIZIII']
clique 20 ['IIIIZIIIXIXX', 'XYZIYIIIXIXY', 'IIIIIIYIYIYI', 'IIIIIZZIYIXZ', 'IIIIIIXZYYZI', 'XIXZYIIIXXZI', 'XIXYYIIIYIII', 'XZZIYIIIXZZI', 'YIIIYIXXZIII', 'XIXXYXZIZIII', 'XIYIYYZIZIII']
clique 21 ['IIIIIYZIYIXY', 'XIXXYIIIXIXX', 'IIIIIIXZYIXZ', 'XZZIYIIIXIYI', 'XIXYYIIIXYZI', 'XXZIYIIIXXZI', 'IIIIIIXXXIII', 'IIIIIIXYYZZI', 'YIIIYIYIZIII', 'XIYIYXZIZIII', 'XIXZXIIIIIII', 'XYZIYZZIZIII']
clique 22 ['XIXZYIIIXIXY', 'IIIIIXZIYIYI', 'XZZIYIIIXIXZ', 'IIIIIIYIYXZI', 'XYZIYIIIXYZI', 'IIIIIIXXYZZI', 'YIIIYIXYZIII', 'XIXYYIXZZIII', 'XXZIYYZIZIII', 'XIXXYZZIZIII', 'XIYIXIIIIIII']
clique 23 ['XXZIYIIIXIXX', 'IIIIIIXYXIII']
