GS energy with  DMRG -10.012219392902118
N= 7.0
E= -10.012219392902118
D= [[ 3.95901325e-01+0.j -1.05918012e-01+0.j  3.99080036e-01+0.j
  -1.73210890e-11+0.j  8.38262644e-02+0.j  8.52912995e-02+0.j
  -1.28300267e-01+0.j  2.59947116e-11+0.j -7.66504905e-02+0.j
  -7.79901147e-02+0.j  5.01058457e-02+0.j -1.22366825e-09+0.j
   7.18630655e-02+0.j  7.31190204e-02+0.j]
 [-1.05918012e-01+0.j  6.04098675e-01+0.j -1.25093492e-11+0.j
   3.99080036e-01+0.j  8.52912995e-02+0.j -8.38262644e-02+0.j
   1.62524647e-11+0.j -1.28300267e-01+0.j -7.79901142e-02+0.j
   7.66504906e-02+0.j -1.70185623e-09+0.j  5.01058420e-02+0.j
   7.31190142e-02+0.j -7.18630655e-02+0.j]
 [ 3.99080036e-01+0.j -1.25093623e-11+0.j  5.19358586e-01+0.j
   1.96969170e-02+0.j  2.67754119e-01+0.j -8.53133840e-12+0.j
  -5.55060116e-03+0.j -5.64760919e-03+0.j -7.78107078e-02+0.j
   3.75478179e-10+0.j  2.03023435e-03+0.j  2.06571825e-03+0.j
   5.01058419e-02+0.j  1.32966119e-09+0.j]
 [-1.73210994e-11+0.j  3.99080036e-01+0.j  1.96969170e-02+0.j
   4.80641414e-01+0.j -1.36226794e-12+0.j  2.67754119e-01+0.j
  -5.64760925e-03+0.j  5.55060113e-03+0.j -5.34917557e-11+0.j
  -7.78107072e-02+0.j  2.06572098e-03+0.j -2.03023434e-03+0.j
   2.04580027e-09+0.j  5.01058462e-02+0.j]
 [ 8.38262644e-02+0.j  8.52912995e-02+0.j  2.67754119e-01+0.j
  -1.36229049e-12+0.j  3.98505601e-01+0.j -1.03268220e-01+0.j
   3.21512566e-01+0.j -2.41562551e-11+0.j  8.30757814e-02+0.j
   8.45276998e-02+0.j -7.78107073e-02+0.j -3.89957927e-10+0.j
  -7.66504906e-02+0.j -7.79901147e-02+0.j]
 [ 8.52912995e-02+0.j -8.38262644e-02+0.j -8.53136767e-12+0.j
   2.67754119e-01+0.j -1.03268220e-01+0.j  6.01494399e-01+0.j
  -1.18003090e-11+0.j  3.21512566e-01+0.j  8.45277002e-02+0.j
  -8.30757813e-02+0.j  2.85555381e-11+0.j -7.78107079e-02+0.j
  -7.79901142e-02+0.j  7.66504905e-02+0.j]
 [-1.28300267e-01+0.j  1.62524594e-11+0.j -5.55060116e-03+0.j
  -5.64760925e-03+0.j  3.21512566e-01+0.j -1.18002721e-11+0.j
   5.21991504e-01+0.j  2.23758508e-02+0.j  3.21512566e-01+0.j
   3.19490771e-11+0.j -5.55060114e-03+0.j -5.64760916e-03+0.j
  -1.28300267e-01+0.j -4.82771115e-12+0.j]
 [ 2.59946648e-11+0.j -1.28300267e-01+0.j -5.64760919e-03+0.j
   5.55060113e-03+0.j -2.41561493e-11+0.j  3.21512566e-01+0.j
   2.23758508e-02+0.j  4.78008496e-01+0.j  1.07919750e-11+0.j
   3.21512566e-01+0.j -5.64760924e-03+0.j  5.55060116e-03+0.j
  -1.33232488e-11+0.j -1.28300267e-01+0.j]
 [-7.66504905e-02+0.j -7.79901142e-02+0.j -7.78107078e-02+0.j
  -5.34917674e-11+0.j  8.30757814e-02+0.j  8.45277002e-02+0.j
   3.21512566e-01+0.j  1.07920825e-11+0.j  3.98505601e-01+0.j
  -1.03268220e-01+0.j  2.67754119e-01+0.j -3.69105441e-12+0.j
   8.38262644e-02+0.j  8.52912995e-02+0.j]
 [-7.79901147e-02+0.j  7.66504906e-02+0.j  3.75478193e-10+0.j
  -7.78107072e-02+0.j  8.45276998e-02+0.j -8.30757813e-02+0.j
   3.19491308e-11+0.j  3.21512566e-01+0.j -1.03268220e-01+0.j
   6.01494399e-01+0.j -2.21470411e-13+0.j  2.67754119e-01+0.j
   8.52912995e-02+0.j -8.38262644e-02+0.j]
 [ 5.01058457e-02+0.j -1.70185620e-09+0.j  2.03023435e-03+0.j
   2.06572098e-03+0.j -7.78107073e-02+0.j  2.85555034e-11+0.j
  -5.55060114e-03+0.j -5.64760924e-03+0.j  2.67754119e-01+0.j
  -2.21513780e-13+0.j  5.19358586e-01+0.j  1.96969170e-02+0.j
   3.99080036e-01+0.j  1.76670414e-11+0.j]
 [-1.22366823e-09+0.j  5.01058420e-02+0.j  2.06571825e-03+0.j
  -2.03023434e-03+0.j -3.89957976e-10+0.j -7.78107079e-02+0.j
  -5.64760916e-03+0.j  5.55060116e-03+0.j -3.69105441e-12+0.j
   2.67754119e-01+0.j  1.96969170e-02+0.j  4.80641414e-01+0.j
   1.48823592e-11+0.j  3.99080036e-01+0.j]
 [ 7.18630655e-02+0.j  7.31190142e-02+0.j  5.01058419e-02+0.j
   2.04580030e-09+0.j -7.66504906e-02+0.j -7.79901142e-02+0.j
  -1.28300267e-01+0.j -1.33232297e-11+0.j  8.38262644e-02+0.j
   8.52912995e-02+0.j  3.99080036e-01+0.j  1.48823454e-11+0.j
   3.95901325e-01+0.j -1.05918012e-01+0.j]
 [ 7.31190204e-02+0.j -7.18630655e-02+0.j  1.32966117e-09+0.j
   5.01058462e-02+0.j -7.79901147e-02+0.j  7.66504905e-02+0.j
  -4.82773717e-12+0.j -1.28300267e-01+0.j  8.52912995e-02+0.j
  -8.38262644e-02+0.j  1.76670276e-11+0.j  3.99080036e-01+0.j
  -1.05918012e-01+0.j  6.04098675e-01+0.j]]
W= [0.18021854+0.j 0.21140498+0.j 0.19877305+0.j 0.21376124+0.j
 0.19877305+0.j 0.21140498+0.j 0.18021854+0.j]
local approximation with  1 sites
local interactions on sites [[0], [1], [2], [3], [4], [5], [6]]
Functional for interaction on sites [0]
aca-directory for images already exists
aca-directory for images already exists
aca-directory for images already exists
interacting orbitals: [0, 1]
mapping: [0, 1, 2, 3, 4, 5, 6, 7, 8, 9, 10, 11, 12, 13]
aca-directory for images already exists
aca-directory for images already exists
aca-directory for images already exists
orbinteractaca= [0, 1]
aca-directory for images already exists
aca-directory for images already exists
aca-directory for images already exists
aca-directory for images already exists
aca-directory for images already exists
aca-directory for images already exists
aca-directory for images already exists
aca-directory for images already exists
aca-directory for images already exists
aca-directory for images already exists
aca-directory for images already exists
aca-directory for images already exists
aca-directory for images already exists
aca-directory for images already exists
aca-directory for images already exists
aca-directory for images already exists
aca-directory for images already exists
aca-directory for images already exists
aca-directory for images already exists
aca-directory for images already exists
aca-directory for images already exists
aca-directory for images already exists
aca-directory for images already exists
aca-directory for images already exists
aca-directory for images already exists
aca-directory for images already exists
aca-directory for images already exists
aca-directory for images already exists
aca-directory for images already exists
aca-directory for images already exists
aca-directory for images already exists
aca-directory for images already exists
aca-directory for images already exists
aca-directory for images already exists
aca-directory for images already exists
aca-directory for images already exists
aca-directory for images already exists
aca-directory for images already exists
aca-directory for images already exists
aca: level 6  norb= 14
Daca= [[ 3.95901325e-01+0.j -1.05918012e-01+0.j -4.63687745e-01+0.j
  -4.22259557e-18+0.j  1.52507518e-17+0.j  2.40042506e-18+0.j
  -3.83673209e-17+0.j -1.53045431e-18+0.j  1.98547646e-17+0.j
   1.67237951e-17+0.j  9.27823697e-18+0.j  6.25037121e-19+0.j
   1.68009983e-17+0.j  4.75198479e-18+0.j]
 [-1.05918012e-01+0.j  6.04098675e-01+0.j  1.41221100e-09+0.j
  -4.63687744e-01+0.j -1.59439409e-17+0.j  7.67311755e-19+0.j
   1.81196891e-19+0.j -3.67970763e-18+0.j -9.37936822e-18+0.j
   9.53910883e-18+0.j  1.95538789e-19+0.j -1.39325426e-17+0.j
  -6.83770631e-18+0.j  1.83201726e-17+0.j]
 [-4.63687745e-01+0.j  1.41221097e-09+0.j  6.02369097e-01+0.j
   1.04158207e-01+0.j  7.44921781e-03+0.j  8.55750158e-20+0.j
  -2.48646279e-19+0.j  3.45629878e-19+0.j -5.77723539e-20+0.j
   4.29586103e-21+0.j -5.17118324e-19+0.j  2.70762454e-19+0.j
   1.58935181e-19+0.j  1.99699186e-21+0.j]
 [-1.33122911e-17+0.j -4.63687744e-01+0.j  1.04158207e-01+0.j
   3.97630903e-01+0.j  3.82642305e-09+0.j  7.44922174e-03+0.j
   4.74202275e-19+0.j -3.09059287e-19+0.j  2.23654406e-20+0.j
  -2.50151078e-19+0.j  2.73050082e-19+0.j  6.49185978e-19+0.j
  -1.20844600e-21+0.j  1.61668087e-19+0.j]
 [-8.31696950e-17+0.j  1.31532665e-16+0.j  7.44921781e-03+0.j
   3.82642311e-09+0.j  5.30489112e-01+0.j  3.10219145e-02+0.j
   4.86605845e-01+0.j  5.43168743e-18+0.j -3.74495716e-17+0.j
  -5.66695045e-17+0.j  3.05394598e-17+0.j  3.11856538e-20+0.j
   9.75912201e-17+0.j  5.37017921e-17+0.j]
 [ 3.14486732e-17+0.j  8.36003577e-17+0.j  4.54120104e-17+0.j
   7.44922174e-03+0.j  3.10219145e-02+0.j  4.69510894e-01+0.j
  -2.50544101e-09+0.j  4.86605843e-01+0.j -3.50254132e-17+0.j
   4.62145373e-17+0.j -1.23490203e-18+0.j  4.47873235e-17+0.j
   7.27795581e-17+0.j -2.53042546e-17+0.j]
 [-1.21959479e-16+0.j -1.98720745e-18+0.j  8.81084721e-17+0.j
   9.85033765e-17+0.j  4.86605845e-01+0.j -2.50544081e-09+0.j
   4.67496017e-01+0.j -3.30719999e-02+0.j  4.87589911e-03+0.j
  -3.38584439e-19+0.j -3.99998597e-19+0.j -4.59453855e-19+0.j
   6.43929125e-19+0.j  6.35702092e-20+0.j]
 [-4.82649877e-17+0.j  9.58500518e-17+0.j  1.10532619e-17+0.j
  -2.28896868e-18+0.j  2.55231868e-16+0.j  4.86605843e-01+0.j
  -3.30719999e-02+0.j  5.32503978e-01+0.j -1.90443551e-09+0.j
   4.87589709e-03+0.j -8.27857123e-19+0.j  4.81170465e-19+0.j
   4.29801795e-20+0.j  8.51935376e-19+0.j]
 [-3.36223163e-17+0.j  6.09880912e-18+0.j -1.19401004e-16+0.j
  -4.35753184e-17+0.j -8.19109034e-17+0.j -4.75547405e-17+0.j
   4.87589911e-03+0.j -1.90443552e-09+0.j  3.24676070e-01+0.j
  -1.78388037e-01+0.j  4.23673685e-01+0.j  3.58648428e-18+0.j
  -2.61057902e-17+0.j -4.61176017e-17+0.j]
 [ 6.83765965e-17+0.j  4.94377488e-17+0.j -8.96336422e-17+0.j
  -5.09852315e-17+0.j -1.26058444e-16+0.j  4.48005458e-17+0.j
  -2.60646909e-17+0.j  4.87589709e-03+0.j -1.78388037e-01+0.j
   6.75323932e-01+0.j  2.81423639e-09+0.j  4.23673686e-01+0.j
  -9.86511113e-17+0.j  6.16676375e-17+0.j]
 [-3.21196139e-17+0.j  2.86016357e-17+0.j  8.37883833e-17+0.j
   1.18791102e-16+0.j  9.72277808e-18+0.j  6.10892061e-17+0.j
  -1.89364473e-16+0.j -2.04223478e-16+0.j  4.23673685e-01+0.j
   2.81423647e-09+0.j  6.75515659e-01+0.j  1.78583116e-01+0.j
   9.96037392e-04+0.j -1.96988305e-25+0.j]
 [ 2.14252297e-17+0.j -2.13051174e-17+0.j  3.44336775e-17+0.j
  -8.79773789e-17+0.j  2.08478674e-17+0.j  1.00243481e-16+0.j
  -2.42184583e-17+0.j  3.93119419e-17+0.j  7.72900108e-17+0.j
   4.23673686e-01+0.j  1.78583116e-01+0.j  3.24484339e-01+0.j
  -2.38293861e-09+0.j -9.96035032e-04+0.j]
 [ 8.50960988e-17+0.j -7.93154483e-18+0.j  1.12602854e-17+0.j
   2.14136012e-17+0.j  1.27329283e-16+0.j  2.61616586e-16+0.j
   9.72666245e-17+0.j -2.17806774e-17+0.j -1.58359504e-16+0.j
  -3.40088694e-16+0.j  9.96037392e-04+0.j -2.38293861e-09+0.j
   1.53074749e-01+0.j  3.52987476e-01+0.j]
 [-8.76119015e-18+0.j  4.60757482e-17+0.j  2.63631913e-17+0.j
   4.91570243e-17+0.j  1.09212943e-16+0.j -6.59463409e-17+0.j
  -4.77559934e-18+0.j -1.35037438e-16+0.j  7.55512930e-18+0.j
   7.55454253e-17+0.j  4.05532955e-17+0.j -9.96035032e-04+0.j
   3.52987476e-01+0.j  8.46925251e-01+0.j]]
Naca= (3.149522028601197, 3.8504779713988038)
nq= 14
variational state:
        ┌──────────┐┌───────────┐┌───┐     ┌───────────┐┌───────────┐»
 q0_0: ─┤ Ry(y[0]) ├┤ Rz(y[14]) ├┤ X ├──■──┤ Ry(y[28]) ├┤ Rz(y[42]) ├»
        ├──────────┤├───────────┤└─┬─┘┌─┴─┐└───────────┘├───────────┤»
 q0_1: ─┤ Ry(y[1]) ├┤ Rz(y[15]) ├──┼──┤ X ├──────■──────┤ Ry(y[29]) ├»
        ├──────────┤├───────────┤  │  └───┘    ┌─┴─┐    └───────────┘»
 q0_2: ─┤ Ry(y[2]) ├┤ Rz(y[16]) ├──┼───────────┤ X ├──────────■──────»
        ├──────────┤├───────────┤  │           └───┘        ┌─┴─┐    »
 q0_3: ─┤ Ry(y[3]) ├┤ Rz(y[17]) ├──┼────────────────────────┤ X ├────»
        ├──────────┤├───────────┤  │                        └───┘    »
 q0_4: ─┤ Ry(y[4]) ├┤ Rz(y[18]) ├──┼─────────────────────────────────»
        ├──────────┤├───────────┤  │                                 »
 q0_5: ─┤ Ry(y[5]) ├┤ Rz(y[19]) ├──┼─────────────────────────────────»
        ├──────────┤├───────────┤  │                                 »
 q0_6: ─┤ Ry(y[6]) ├┤ Rz(y[20]) ├──┼─────────────────────────────────»
        ├──────────┤├───────────┤  │                                 »
 q0_7: ─┤ Ry(y[7]) ├┤ Rz(y[21]) ├──┼─────────────────────────────────»
        ├──────────┤├───────────┤  │                                 »
 q0_8: ─┤ Ry(y[8]) ├┤ Rz(y[22]) ├──┼─────────────────────────────────»
        ├──────────┤├───────────┤  │                                 »
 q0_9: ─┤ Ry(y[9]) ├┤ Rz(y[23]) ├──┼─────────────────────────────────»
       ┌┴──────────┤├───────────┤  │                                 »
q0_10: ┤ Ry(y[10]) ├┤ Rz(y[24]) ├──┼─────────────────────────────────»
       ├───────────┤├───────────┤  │                                 »
q0_11: ┤ Ry(y[11]) ├┤ Rz(y[25]) ├──┼─────────────────────────────────»
       ├───────────┤├───────────┤  │                                 »
q0_12: ┤ Ry(y[12]) ├┤ Rz(y[26]) ├──┼─────────────────────────────────»
       ├───────────┤├───────────┤  │                                 »
q0_13: ┤ Ry(y[13]) ├┤ Rz(y[27]) ├──■─────────────────────────────────»
       └───────────┘└───────────┘                                    »
c0: 14/══════════════════════════════════════════════════════════════»
                                                                     »
«                                                                        »
« q0_0: ─────────────────────────────────────────────────────────────────»
«       ┌───────────┐                                                    »
« q0_1: ┤ Rz(y[43]) ├────────────────────────────────────────────────────»
«       ├───────────┤┌───────────┐                                       »
« q0_2: ┤ Ry(y[30]) ├┤ Rz(y[44]) ├───────────────────────────────────────»
«       └───────────┘├───────────┤┌───────────┐                          »
« q0_3: ──────■──────┤ Ry(y[31]) ├┤ Rz(y[45]) ├──────────────────────────»
«           ┌─┴─┐    └───────────┘├───────────┤┌───────────┐             »
« q0_4: ────┤ X ├──────────■──────┤ Ry(y[32]) ├┤ Rz(y[46]) ├─────────────»
«           └───┘        ┌─┴─┐    └───────────┘├───────────┤┌───────────┐»
« q0_5: ─────────────────┤ X ├──────────■──────┤ Ry(y[33]) ├┤ Rz(y[47]) ├»
«                        └───┘        ┌─┴─┐    └───────────┘├───────────┤»
« q0_6: ──────────────────────────────┤ X ├──────────■──────┤ Ry(y[34]) ├»
«                                     └───┘        ┌─┴─┐    └───────────┘»
« q0_7: ───────────────────────────────────────────┤ X ├──────────■──────»
«                                                  └───┘        ┌─┴─┐    »
« q0_8: ────────────────────────────────────────────────────────┤ X ├────»
«                                                               └───┘    »
« q0_9: ─────────────────────────────────────────────────────────────────»
«                                                                        »
«q0_10: ─────────────────────────────────────────────────────────────────»
«                                                                        »
«q0_11: ─────────────────────────────────────────────────────────────────»
«                                                                        »
«q0_12: ─────────────────────────────────────────────────────────────────»
«                                                                        »
«q0_13: ─────────────────────────────────────────────────────────────────»
«                                                                        »
«c0: 14/═════════════════════════════════════════════════════════════════»
«                                                                        »
«                                                                        »
« q0_0: ─────────────────────────────────────────────────────────────────»
«                                                                        »
« q0_1: ─────────────────────────────────────────────────────────────────»
«                                                                        »
« q0_2: ─────────────────────────────────────────────────────────────────»
«                                                                        »
« q0_3: ─────────────────────────────────────────────────────────────────»
«                                                                        »
« q0_4: ─────────────────────────────────────────────────────────────────»
«                                                                        »
« q0_5: ─────────────────────────────────────────────────────────────────»
«       ┌───────────┐                                                    »
« q0_6: ┤ Rz(y[48]) ├────────────────────────────────────────────────────»
«       ├───────────┤┌───────────┐                                       »
« q0_7: ┤ Ry(y[35]) ├┤ Rz(y[49]) ├───────────────────────────────────────»
«       └───────────┘├───────────┤┌───────────┐                          »
« q0_8: ──────■──────┤ Ry(y[36]) ├┤ Rz(y[50]) ├──────────────────────────»
«           ┌─┴─┐    └───────────┘├───────────┤┌───────────┐             »
« q0_9: ────┤ X ├──────────■──────┤ Ry(y[37]) ├┤ Rz(y[51]) ├─────────────»
«           └───┘        ┌─┴─┐    └───────────┘├───────────┤┌───────────┐»
«q0_10: ─────────────────┤ X ├──────────■──────┤ Ry(y[38]) ├┤ Rz(y[52]) ├»
«                        └───┘        ┌─┴─┐    └───────────┘├───────────┤»
«q0_11: ──────────────────────────────┤ X ├──────────■──────┤ Ry(y[39]) ├»
«                                     └───┘        ┌─┴─┐    └───────────┘»
«q0_12: ───────────────────────────────────────────┤ X ├──────────■──────»
«                                                  └───┘        ┌─┴─┐    »
«q0_13: ────────────────────────────────────────────────────────┤ X ├────»
«                                                               └───┘    »
«c0: 14/═════════════════════════════════════════════════════════════════»
«                                                                        »
«                                 ┌───┐     ┌───────────┐┌───────────┐»
« q0_0: ──────────────────────────┤ X ├──■──┤ Ry(y[56]) ├┤ Rz(y[70]) ├»
«                                 └─┬─┘┌─┴─┐└───────────┘├───────────┤»
« q0_1: ────────────────────────────┼──┤ X ├──────■──────┤ Ry(y[57]) ├»
«                                   │  └───┘    ┌─┴─┐    └───────────┘»
« q0_2: ────────────────────────────┼───────────┤ X ├──────────■──────»
«                                   │           └───┘        ┌─┴─┐    »
« q0_3: ────────────────────────────┼────────────────────────┤ X ├────»
«                                   │                        └───┘    »
« q0_4: ────────────────────────────┼─────────────────────────────────»
«                                   │                                 »
« q0_5: ────────────────────────────┼─────────────────────────────────»
«                                   │                                 »
« q0_6: ────────────────────────────┼─────────────────────────────────»
«                                   │                                 »
« q0_7: ────────────────────────────┼─────────────────────────────────»
«                                   │                                 »
« q0_8: ────────────────────────────┼─────────────────────────────────»
«                                   │                                 »
« q0_9: ────────────────────────────┼─────────────────────────────────»
«                                   │                                 »
«q0_10: ────────────────────────────┼─────────────────────────────────»
«       ┌───────────┐               │                                 »
«q0_11: ┤ Rz(y[53]) ├───────────────┼─────────────────────────────────»
«       ├───────────┤┌───────────┐  │                                 »
«q0_12: ┤ Ry(y[40]) ├┤ Rz(y[54]) ├──┼─────────────────────────────────»
«       ├───────────┤├───────────┤  │                                 »
«q0_13: ┤ Ry(y[41]) ├┤ Rz(y[55]) ├──■─────────────────────────────────»
«       └───────────┘└───────────┘                                    »
«c0: 14/══════════════════════════════════════════════════════════════»
«                                                                     »
«                                                                        »
« q0_0: ─────────────────────────────────────────────────────────────────»
«       ┌───────────┐                                                    »
« q0_1: ┤ Rz(y[71]) ├────────────────────────────────────────────────────»
«       ├───────────┤┌───────────┐                                       »
« q0_2: ┤ Ry(y[58]) ├┤ Rz(y[72]) ├───────────────────────────────────────»
«       └───────────┘├───────────┤┌───────────┐                          »
« q0_3: ──────■──────┤ Ry(y[59]) ├┤ Rz(y[73]) ├──────────────────────────»
«           ┌─┴─┐    └───────────┘├───────────┤┌───────────┐             »
« q0_4: ────┤ X ├──────────■──────┤ Ry(y[60]) ├┤ Rz(y[74]) ├─────────────»
«           └───┘        ┌─┴─┐    └───────────┘├───────────┤┌───────────┐»
« q0_5: ─────────────────┤ X ├──────────■──────┤ Ry(y[61]) ├┤ Rz(y[75]) ├»
«                        └───┘        ┌─┴─┐    └───────────┘├───────────┤»
« q0_6: ──────────────────────────────┤ X ├──────────■──────┤ Ry(y[62]) ├»
«                                     └───┘        ┌─┴─┐    └───────────┘»
« q0_7: ───────────────────────────────────────────┤ X ├──────────■──────»
«                                                  └───┘        ┌─┴─┐    »
« q0_8: ────────────────────────────────────────────────────────┤ X ├────»
«                                                               └───┘    »
« q0_9: ─────────────────────────────────────────────────────────────────»
«                                                                        »
«q0_10: ─────────────────────────────────────────────────────────────────»
«                                                                        »
«q0_11: ─────────────────────────────────────────────────────────────────»
«                                                                        »
«q0_12: ─────────────────────────────────────────────────────────────────»
«                                                                        »
«q0_13: ─────────────────────────────────────────────────────────────────»
«                                                                        »
«c0: 14/═════════════════════════════════════════════════════════════════»
«                                                                        »
«                                                                        »
« q0_0: ─────────────────────────────────────────────────────────────────»
«                                                                        »
« q0_1: ─────────────────────────────────────────────────────────────────»
«                                                                        »
« q0_2: ─────────────────────────────────────────────────────────────────»
«                                                                        »
« q0_3: ─────────────────────────────────────────────────────────────────»
«                                                                        »
« q0_4: ─────────────────────────────────────────────────────────────────»
«                                                                        »
« q0_5: ─────────────────────────────────────────────────────────────────»
«       ┌───────────┐                                                    »
« q0_6: ┤ Rz(y[76]) ├────────────────────────────────────────────────────»
«       ├───────────┤┌───────────┐                                       »
« q0_7: ┤ Ry(y[63]) ├┤ Rz(y[77]) ├───────────────────────────────────────»
«       └───────────┘├───────────┤┌───────────┐                          »
« q0_8: ──────■──────┤ Ry(y[64]) ├┤ Rz(y[78]) ├──────────────────────────»
«           ┌─┴─┐    └───────────┘├───────────┤┌───────────┐             »
« q0_9: ────┤ X ├──────────■──────┤ Ry(y[65]) ├┤ Rz(y[79]) ├─────────────»
«           └───┘        ┌─┴─┐    └───────────┘├───────────┤┌───────────┐»
«q0_10: ─────────────────┤ X ├──────────■──────┤ Ry(y[66]) ├┤ Rz(y[80]) ├»
«                        └───┘        ┌─┴─┐    └───────────┘├───────────┤»
«q0_11: ──────────────────────────────┤ X ├──────────■──────┤ Ry(y[67]) ├»
«                                     └───┘        ┌─┴─┐    └───────────┘»
«q0_12: ───────────────────────────────────────────┤ X ├──────────■──────»
«                                                  └───┘        ┌─┴─┐    »
«q0_13: ────────────────────────────────────────────────────────┤ X ├────»
«                                                               └───┘    »
«c0: 14/═════════════════════════════════════════════════════════════════»
«                                                                        »
«                                 
« q0_0: ──────────────────────────
«                                 
« q0_1: ──────────────────────────
«                                 
« q0_2: ──────────────────────────
«                                 
« q0_3: ──────────────────────────
«                                 
« q0_4: ──────────────────────────
«                                 
« q0_5: ──────────────────────────
«                                 
« q0_6: ──────────────────────────
«                                 
« q0_7: ──────────────────────────
«                                 
« q0_8: ──────────────────────────
«                                 
« q0_9: ──────────────────────────
«                                 
«q0_10: ──────────────────────────
«       ┌───────────┐             
«q0_11: ┤ Rz(y[81]) ├─────────────
«       ├───────────┤┌───────────┐
«q0_12: ┤ Ry(y[68]) ├┤ Rz(y[82]) ├
«       ├───────────┤├───────────┤
«q0_13: ┤ Ry(y[69]) ├┤ Rz(y[83]) ├
«       └───────────┘└───────────┘
«c0: 14/══════════════════════════
«                                 
ansatz-state is written to ansatz.txt
building constraints...
number of constraints= 196
unique pauliops 378
graphclique-cliquecover: 378 with commutationmode disjointqubits
strategy largest_first 221
strategy random_sequential 222
strategy smallest_last 221
strategy independent_set 233
strategy connected_sequential_bfs 221
strategy connected_sequential_dfs 221
strategy saturation_largest_first 221
number of cliques 221
clique 0 ['XZZZZZZZZZZZZX']
clique 1 ['YZZZZZZZZZZZZY']
clique 2 ['YZZZZZZZZZZZZX']
clique 3 ['XZZZZZZZZZZZZY']
clique 4 ['IXZZZZZZZZZZZX', 'ZIIIIIIIIIIIII']
clique 5 ['IYZZZZZZZZZZZY']
clique 6 ['IYZZZZZZZZZZZX']
clique 7 ['IXZZZZZZZZZZZY']
clique 8 ['IIIIIIIIIIIIIZ', 'XZZZZZZZZZZZXI']
clique 9 ['YZZZZZZZZZZZYI']
clique 10 ['YZZZZZZZZZZZXI']
clique 11 ['XZZZZZZZZZZZYI']
clique 12 ['IXZZZZZZZZZZXI']
clique 13 ['IYZZZZZZZZZZYI']
clique 14 ['IYZZZZZZZZZZXI']
clique 15 ['IXZZZZZZZZZZYI']
clique 16 ['IIXZZZZZZZZZZX', 'XXIIIIIIIIIIII']
clique 17 ['IIYZZZZZZZZZZY', 'YYIIIIIIIIIIII']
clique 18 ['IIYZZZZZZZZZZX', 'YXIIIIIIIIIIII']
clique 19 ['IIXZZZZZZZZZZY', 'XYIIIIIIIIIIII']
clique 20 ['IIIIIIIIIIIIXX', 'XZZZZZZZZZZXII']
clique 21 ['IIIIIIIIIIIIYY', 'YZZZZZZZZZZYII']
clique 22 ['IIIIIIIIIIIIYX', 'YZZZZZZZZZZXII']
clique 23 ['IIIIIIIIIIIIXY', 'XZZZZZZZZZZYII']
clique 24 ['IIXZZZZZZZZZXI', 'IZIIIIIIIIIIII']
clique 25 ['IIYZZZZZZZZZYI']
clique 26 ['IIYZZZZZZZZZXI']
clique 27 ['IIXZZZZZZZZZYI']
clique 28 ['IIIIIIIIIIIIZI', 'IXZZZZZZZZZXII']
clique 29 ['IYZZZZZZZZZYII']
clique 30 ['IYZZZZZZZZZXII']
clique 31 ['IXZZZZZZZZZYII']
clique 32 ['IIXZZZZZZZZXII']
clique 33 ['IIYZZZZZZZZYII']
clique 34 ['IIYZZZZZZZZXII']
clique 35 ['IIXZZZZZZZZYII']
clique 36 ['IIIXZZZZZZZZZX', 'XZXIIIIIIIIIII']
clique 37 ['IIIYZZZZZZZZZY', 'YZYIIIIIIIIIII']
clique 38 ['IIIYZZZZZZZZZX', 'YZXIIIIIIIIIII']
clique 39 ['IIIXZZZZZZZZZY', 'XZYIIIIIIIIIII']
clique 40 ['IIIIIIIIIIIXZX', 'XZZZZZZZZZXIII']
clique 41 ['IIIIIIIIIIIYZY', 'YZZZZZZZZZYIII']
clique 42 ['IIIIIIIIIIIYZX', 'YZZZZZZZZZXIII']
clique 43 ['IIIIIIIIIIIXZY', 'XZZZZZZZZZYIII']
clique 44 ['IIIXZZZZZZZZXI', 'IXXIIIIIIIIIII']
clique 45 ['IIIYZZZZZZZZYI', 'IYYIIIIIIIIIII']
clique 46 ['IIIYZZZZZZZZXI', 'IYXIIIIIIIIIII']
clique 47 ['IIIXZZZZZZZZYI', 'IXYIIIIIIIIIII']
clique 48 ['IIIIIIIIIIIXXI', 'IXZZZZZZZZXIII']
clique 49 ['IIIIIIIIIIIYYI', 'IYZZZZZZZZYIII']
clique 50 ['IIIIIIIIIIIYXI', 'IYZZZZZZZZXIII']
clique 51 ['IIIIIIIIIIIXYI', 'IXZZZZZZZZYIII']
clique 52 ['IIIXZZZZZZZXII', 'IIZIIIIIIIIIII']
clique 53 ['IIIYZZZZZZZYII']
clique 54 ['IIIYZZZZZZZXII']
clique 55 ['IIIXZZZZZZZYII']
clique 56 ['IIIIIIIIIIIZII', 'IIXZZZZZZZXIII']
clique 57 ['IIYZZZZZZZYIII']
clique 58 ['IIYZZZZZZZXIII']
clique 59 ['IIXZZZZZZZYIII']
clique 60 ['IIIIXZZZZZZZZX', 'XZZXIIIIIIIIII']
clique 61 ['IIIIYZZZZZZZZY', 'YZZYIIIIIIIIII']
clique 62 ['IIIIYZZZZZZZZX', 'YZZXIIIIIIIIII']
clique 63 ['IIIIXZZZZZZZZY', 'XZZYIIIIIIIIII']
clique 64 ['IIIIIIIIIIXZZX', 'XZZZZZZZZXIIII']
clique 65 ['IIIIIIIIIIYZZY', 'YZZZZZZZZYIIII']
clique 66 ['IIIIIIIIIIYZZX', 'YZZZZZZZZXIIII']
clique 67 ['IIIIIIIIIIXZZY', 'XZZZZZZZZYIIII']
clique 68 ['IIIIXZZZZZZZXI', 'IXZXIIIIIIIIII']
clique 69 ['IIIIYZZZZZZZYI', 'IYZYIIIIIIIIII']
clique 70 ['IIIIYZZZZZZZXI', 'IYZXIIIIIIIIII']
clique 71 ['IIIIXZZZZZZZYI', 'IXZYIIIIIIIIII']
clique 72 ['IIIIIIIIIIXZXI', 'IXZZZZZZZXIIII']
clique 73 ['IIIIIIIIIIYZYI', 'IYZZZZZZZYIIII']
clique 74 ['IIIIIIIIIIYZXI', 'IYZZZZZZZXIIII']
clique 75 ['IIIIIIIIIIXZYI', 'IXZZZZZZZYIIII']
clique 76 ['IIIXZZZZZZXIII']
clique 77 ['IIIYZZZZZZYIII']
clique 78 ['IIIYZZZZZZXIII']
clique 79 ['IIIXZZZZZZYIII']
clique 80 ['IIIIXZZZZZZXII', 'IIXXIIIIIIIIII']
clique 81 ['IIIIYZZZZZZYII', 'IIYYIIIIIIIIII']
clique 82 ['IIIIYZZZZZZXII', 'IIYXIIIIIIIIII']
clique 83 ['IIIIXZZZZZZYII', 'IIXYIIIIIIIIII']
clique 84 ['IIIIIIIIIIXXII', 'IIXZZZZZZXIIII']
clique 85 ['IIIIIIIIIIYYII', 'IIYZZZZZZYIIII']
clique 86 ['IIIIIIIIIIYXII', 'IIYZZZZZZXIIII']
clique 87 ['IIIIIIIIIIXYII', 'IIXZZZZZZYIIII']
clique 88 ['IIIIXZZZZZXIII', 'IIIZIIIIIIIIII']
clique 89 ['IIIIYZZZZZYIII']
clique 90 ['IIIIYZZZZZXIII']
clique 91 ['IIIIXZZZZZYIII']
clique 92 ['IIIIIIIIIIZIII', 'IIIXZZZZZXIIII']
clique 93 ['IIIYZZZZZYIIII']
clique 94 ['IIIYZZZZZXIIII']
clique 95 ['IIIXZZZZZYIIII']
clique 96 ['IIIIIXZZZZZZZX', 'XZZZXIIIIIIIII']
clique 97 ['IIIIIYZZZZZZZY', 'YZZZYIIIIIIIII']
clique 98 ['IIIIIYZZZZZZZX', 'YZZZXIIIIIIIII']
clique 99 ['IIIIIXZZZZZZZY', 'XZZZYIIIIIIIII']
clique 100 ['IIIIIIIIIXZZZX', 'XZZZZZZZXIIIII']
clique 101 ['IIIIIIIIIYZZZY', 'YZZZZZZZYIIIII']
clique 102 ['IIIIIIIIIYZZZX', 'YZZZZZZZXIIIII']
clique 103 ['IIIIIIIIIXZZZY', 'XZZZZZZZYIIIII']
clique 104 ['IIIIIXZZZZZZXI', 'IXZZXIIIIIIIII']
clique 105 ['IIIIIYZZZZZZYI', 'IYZZYIIIIIIIII']
clique 106 ['IIIIIYZZZZZZXI', 'IYZZXIIIIIIIII']
clique 107 ['IIIIIXZZZZZZYI', 'IXZZYIIIIIIIII']
clique 108 ['IIIIIIIIIXZZXI', 'IXZZZZZZXIIIII']
clique 109 ['IIIIIIIIIYZZYI', 'IYZZZZZZYIIIII']
clique 110 ['IIIIIIIIIYZZXI', 'IYZZZZZZXIIIII']
clique 111 ['IIIIIIIIIXZZYI', 'IXZZZZZZYIIIII']
clique 112 ['IIIIIXZZZZZXII', 'IIXZXIIIIIIIII']
clique 113 ['IIIIIYZZZZZYII', 'IIYZYIIIIIIIII']
clique 114 ['IIIIIYZZZZZXII', 'IIYZXIIIIIIIII']
clique 115 ['IIIIIXZZZZZYII', 'IIXZYIIIIIIIII']
clique 116 ['IIIIIIIIIXZXII', 'IIXZZZZZXIIIII']
clique 117 ['IIIIIIIIIYZYII', 'IIYZZZZZYIIIII']
clique 118 ['IIIIIIIIIYZXII', 'IIYZZZZZXIIIII']
clique 119 ['IIIIIIIIIXZYII', 'IIXZZZZZYIIIII']
clique 120 ['IIIIXZZZZXIIII']
clique 121 ['IIIIYZZZZYIIII']
clique 122 ['IIIIYZZZZXIIII']
clique 123 ['IIIIXZZZZYIIII']
clique 124 ['IIIIIXZZZZXIII', 'IIIXXIIIIIIIII']
clique 125 ['IIIIIYZZZZYIII', 'IIIYYIIIIIIIII']
clique 126 ['IIIIIYZZZZXIII', 'IIIYXIIIIIIIII']
clique 127 ['IIIIIXZZZZYIII', 'IIIXYIIIIIIIII']
clique 128 ['IIIIIIIIIXXIII', 'IIIXZZZZXIIIII']
clique 129 ['IIIIIIIIIYYIII', 'IIIYZZZZYIIIII']
clique 130 ['IIIIIIIIIYXIII', 'IIIYZZZZXIIIII']
clique 131 ['IIIIIIIIIXYIII', 'IIIXZZZZYIIIII']
clique 132 ['IIIIIIXZZZZZZX', 'XZZZZXIIIIIIII']
clique 133 ['IIIIIIYZZZZZZY', 'YZZZZYIIIIIIII']
clique 134 ['IIIIIIYZZZZZZX', 'YZZZZXIIIIIIII']
clique 135 ['IIIIIIXZZZZZZY', 'XZZZZYIIIIIIII']
clique 136 ['IIIIIIIIXZZZZX', 'XZZZZZZXIIIIII']
clique 137 ['IIIIIIIIYZZZZY', 'YZZZZZZYIIIIII']
clique 138 ['IIIIIIIIYZZZZX', 'YZZZZZZXIIIIII']
clique 139 ['IIIIIIIIXZZZZY', 'XZZZZZZYIIIIII']
clique 140 ['IIIIIIXZZZZZXI', 'IXZZZXIIIIIIII']
clique 141 ['IIIIIIYZZZZZYI', 'IYZZZYIIIIIIII']
clique 142 ['IIIIIIYZZZZZXI', 'IYZZZXIIIIIIII']
clique 143 ['IIIIIIXZZZZZYI', 'IXZZZYIIIIIIII']
clique 144 ['IIIIIIIIXZZZXI', 'IXZZZZZXIIIIII']
clique 145 ['IIIIIIIIYZZZYI', 'IYZZZZZYIIIIII']
clique 146 ['IIIIIIIIYZZZXI', 'IYZZZZZXIIIIII']
clique 147 ['IIIIIIIIXZZZYI', 'IXZZZZZYIIIIII']
clique 148 ['IIIIIIXZZZZXII', 'IIXZZXIIIIIIII']
clique 149 ['IIIIIIYZZZZYII', 'IIYZZYIIIIIIII']
clique 150 ['IIIIIIYZZZZXII', 'IIYZZXIIIIIIII']
clique 151 ['IIIIIIXZZZZYII', 'IIXZZYIIIIIIII']
clique 152 ['IIIIIIIIXZZXII', 'IIXZZZZXIIIIII']
clique 153 ['IIIIIIIIYZZYII', 'IIYZZZZYIIIIII']
clique 154 ['IIIIIIIIYZZXII', 'IIYZZZZXIIIIII']
clique 155 ['IIIIIIIIXZZYII', 'IIXZZZZYIIIIII']
clique 156 ['IIIIIXZZZXIIII', 'IIIIZIIIIIIIII']
clique 157 ['IIIIIYZZZYIIII']
clique 158 ['IIIIIYZZZXIIII']
clique 159 ['IIIIIXZZZYIIII']
clique 160 ['IIIIIIIIIZIIII', 'IIIIXZZZXIIIII']
clique 161 ['IIIIYZZZYIIIII']
clique 162 ['IIIIYZZZXIIIII']
clique 163 ['IIIIXZZZYIIIII']
clique 164 ['IIIIIIXZZZXIII', 'IIIXZXIIIIIIII']
clique 165 ['IIIIIIYZZZYIII', 'IIIYZYIIIIIIII']
clique 166 ['IIIIIIYZZZXIII', 'IIIYZXIIIIIIII']
clique 167 ['IIIIIIXZZZYIII', 'IIIXZYIIIIIIII']
clique 168 ['IIIIIIIIXZXIII', 'IIIXZZZXIIIIII']
clique 169 ['IIIIIIIIYZYIII', 'IIIYZZZYIIIIII']
clique 170 ['IIIIIIIIYZXIII', 'IIIYZZZXIIIIII']
clique 171 ['IIIIIIIIXZYIII', 'IIIXZZZYIIIIII']
clique 172 ['IIIIIXZZXIIIII']
clique 173 ['IIIIIYZZYIIIII']
clique 174 ['IIIIIYZZXIIIII']
clique 175 ['IIIIIXZZYIIIII']
clique 176 ['IIIIIIIXZZZZZX', 'XZZZZZXIIIIIII']
clique 177 ['IIIIIIIYZZZZZY', 'YZZZZZYIIIIIII']
clique 178 ['IIIIIIIYZZZZZX', 'YZZZZZXIIIIIII']
clique 179 ['IIIIIIIXZZZZZY', 'XZZZZZYIIIIIII']
clique 180 ['IIIIIIIXZZZZXI', 'IXZZZZXIIIIIII']
clique 181 ['IIIIIIIYZZZZYI', 'IYZZZZYIIIIIII']
clique 182 ['IIIIIIIYZZZZXI', 'IYZZZZXIIIIIII']
clique 183 ['IIIIIIIXZZZZYI', 'IXZZZZYIIIIIII']
clique 184 ['IIIIIIXZZXIIII', 'IIIIXXIIIIIIII']
clique 185 ['IIIIIIYZZYIIII', 'IIIIYYIIIIIIII']
clique 186 ['IIIIIIYZZXIIII', 'IIIIYXIIIIIIII']
clique 187 ['IIIIIIXZZYIIII', 'IIIIXYIIIIIIII']
clique 188 ['IIIIIIIIXXIIII', 'IIIIXZZXIIIIII']
clique 189 ['IIIIIIIIYYIIII', 'IIIIYZZYIIIIII']
clique 190 ['IIIIIIIIYXIIII', 'IIIIYZZXIIIIII']
clique 191 ['IIIIIIIIXYIIII', 'IIIIXZZYIIIIII']
clique 192 ['IIIIIIIXZZZXII', 'IIXZZZXIIIIIII']
clique 193 ['IIIIIIIYZZZYII', 'IIYZZZYIIIIIII']
clique 194 ['IIIIIIIYZZZXII', 'IIYZZZXIIIIIII']
clique 195 ['IIIIIIIXZZZYII', 'IIXZZZYIIIIIII']
clique 196 ['IIIIIIIXZZXIII', 'IIIXZZXIIIIIII']
clique 197 ['IIIIIIIYZZYIII', 'IIIYZZYIIIIIII']
clique 198 ['IIIIIIIYZZXIII', 'IIIYZZXIIIIIII']
clique 199 ['IIIIIIIXZZYIII', 'IIIXZZYIIIIIII']
clique 200 ['IIIIIIXZXIIIII', 'IIIIIZIIIIIIII']
clique 201 ['IIIIIIYZYIIIII']
clique 202 ['IIIIIIYZXIIIII']
clique 203 ['IIIIIIXZYIIIII']
clique 204 ['IIIIIIIIZIIIII', 'IIIIIXZXIIIIII']
clique 205 ['IIIIIYZYIIIIII']
clique 206 ['IIIIIYZXIIIIII']
clique 207 ['IIIIIXZYIIIIII']
clique 208 ['IIIIIIIXZXIIII', 'IIIIXZXIIIIIII']
clique 209 ['IIIIIIIYZYIIII', 'IIIIYZYIIIIIII']
clique 210 ['IIIIIIIYZXIIII', 'IIIIYZXIIIIIII']
clique 211 ['IIIIIIIXZYIIII', 'IIIIXZYIIIIIII']
clique 212 ['IIIIIIXXIIIIII']
clique 213 ['IIIIIIYYIIIIII']
clique 214 ['IIIIIIYXIIIIII']
clique 215 ['IIIIIIXYIIIIII']
clique 216 ['IIIIIIIXXIIIII', 'IIIIIXXIIIIIII']
clique 217 ['IIIIIIIYYIIIII', 'IIIIIYYIIIIIII']
clique 218 ['IIIIIIIYXIIIII', 'IIIIIYXIIIIIII']
clique 219 ['IIIIIIIXYIIIII', 'IIIIIXYIIIIIII']
clique 220 ['IIIIIIIZIIIIII', 'IIIIIIZIIIIIII']
