GS energy with  DMRG -11.694833190615864
N= 8.000000000000014
E= -11.694833190615864
D= [[ 5.00000000e-01+0.j -4.16064216e-13+0.j  4.22036269e-01+0.j
   8.51567320e-14+0.j  9.51478479e-14+0.j  2.00115391e-14+0.j
  -1.73703655e-01+0.j -3.26762019e-14+0.j -1.49099483e-14+0.j
  -1.40480116e-14+0.j  1.20200285e-01+0.j  3.84868009e-13+0.j
  -2.71484224e-15+0.j  8.43057739e-15+0.j -1.00157388e-01+0.j
  -1.28044919e-14+0.j]
 [-4.16108880e-13+0.j  5.00000000e-01+0.j -6.09235171e-14+0.j
   4.22036270e-01+0.j  3.62289593e-13+0.j -8.36830605e-15+0.j
   6.30643594e-14+0.j -1.73703654e-01+0.j -8.09872643e-14+0.j
  -3.00107161e-15+0.j  2.00518441e-14+0.j  1.20200337e-01+0.j
   2.91434545e-14+0.j  1.30451205e-14+0.j  1.24266707e-14+0.j
  -1.00157389e-01+0.j]
 [ 4.22036269e-01+0.j -6.09189876e-14+0.j  5.00000000e-01+0.j
   2.00964826e-13+0.j  2.42188907e-01+0.j  3.62460227e-15+0.j
  -2.92539430e-14+0.j -9.15604362e-14+0.j -4.93501824e-02+0.j
   8.43424199e-14+0.j  2.35185135e-14+0.j  6.72261584e-14+0.j
   1.57564596e-02+0.j -1.95995074e-13+0.j -6.90354891e-15+0.j
  -5.80410301e-14+0.j]
 [ 8.51311218e-14+0.j  4.22036270e-01+0.j  2.00958195e-13+0.j
   5.00000000e-01+0.j -9.35664147e-14+0.j  2.42188906e-01+0.j
  -2.62289269e-13+0.j  2.18873205e-13+0.j  2.08792502e-14+0.j
  -4.93501569e-02+0.j  1.81185192e-13+0.j -1.55279923e-13+0.j
  -1.49432233e-15+0.j  1.57564747e-02+0.j -1.52231203e-13+0.j
   1.21770497e-13+0.j]
 [ 9.50602444e-14+0.j  3.62353058e-13+0.j  2.42188907e-01+0.j
  -9.35677982e-14+0.j  5.00000000e-01+0.j -7.24485359e-14+0.j
   3.74030139e-01+0.j  3.19670151e-14+0.j -5.45622575e-14+0.j
   2.35720795e-14+0.j -1.59133994e-01+0.j  3.20051119e-14+0.j
   2.10473999e-14+0.j -1.08000488e-14+0.j  1.20200335e-01+0.j
  -2.65777999e-13+0.j]
 [ 2.00195402e-14+0.j -8.51922699e-15+0.j  3.62379175e-15+0.j
   2.42188906e-01+0.j -7.24758005e-14+0.j  5.00000000e-01+0.j
  -1.04609632e-14+0.j  3.74030138e-01+0.j  2.01477803e-14+0.j
   2.28428387e-14+0.j  1.01432263e-14+0.j -1.59133997e-01+0.j
  -9.44356708e-15+0.j -9.70751257e-15+0.j -4.29010411e-14+0.j
   1.20200276e-01+0.j]
 [-1.73703655e-01+0.j  6.31065895e-14+0.j -2.92480883e-14+0.j
  -2.62289660e-13+0.j  3.74030139e-01+0.j -1.03987617e-14+0.j
   5.00000000e-01+0.j  1.56924636e-13+0.j  2.58500787e-01+0.j
   4.88594899e-15+0.j  7.89568064e-14+0.j -1.00471824e-13+0.j
  -4.93501639e-02+0.j -1.71207904e-13+0.j -6.77684905e-14+0.j
   8.53424692e-14+0.j]
 [-3.27087941e-14+0.j -1.73703654e-01+0.j -9.15626159e-14+0.j
   2.18875590e-13+0.j  3.20027859e-14+0.j  3.74030138e-01+0.j
   1.56812529e-13+0.j  5.00000000e-01+0.j -8.90020748e-15+0.j
   2.58500787e-01+0.j -9.72633297e-14+0.j  4.00164927e-14+0.j
  -4.42987121e-15+0.j -4.93501870e-02+0.j  8.23187621e-14+0.j
  -3.15416179e-14+0.j]
 [-1.49888782e-14+0.j -8.09601445e-14+0.j -4.93501824e-02+0.j
   2.08800758e-14+0.j -5.46698103e-14+0.j  2.01307666e-14+0.j
   2.58500787e-01+0.j -8.90676367e-15+0.j  5.00000000e-01+0.j
  -3.53170434e-14+0.j  3.74030140e-01+0.j  1.39198962e-14+0.j
  -9.05872599e-15+0.j  1.14313181e-14+0.j -1.73703650e-01+0.j
   1.60732300e-14+0.j]
 [-1.40597793e-14+0.j -2.99066327e-15+0.j  8.43391361e-14+0.j
  -4.93501569e-02+0.j  2.35743971e-14+0.j  2.28081443e-14+0.j
   4.88419633e-15+0.j  2.58500787e-01+0.j -3.53352467e-14+0.j
   5.00000000e-01+0.j -4.81426162e-15+0.j  3.74030141e-01+0.j
   1.09254236e-14+0.j  1.35585987e-14+0.j -1.33831573e-14+0.j
  -1.73703653e-01+0.j]
 [ 1.20200285e-01+0.j  2.00677641e-14+0.j  2.35146104e-14+0.j
   1.81184689e-13+0.j -1.59133994e-01+0.j  1.01396820e-14+0.j
   7.89056320e-14+0.j -9.72899073e-14+0.j  3.74030140e-01+0.j
  -4.84511165e-15+0.j  5.00000000e-01+0.j  9.71769723e-14+0.j
   2.42188906e-01+0.j -2.07068611e-14+0.j  5.30734311e-14+0.j
  -7.56882111e-14+0.j]
 [ 3.84884271e-13+0.j  1.20200337e-01+0.j  6.72262426e-14+0.j
  -1.55270274e-13+0.j  3.19936842e-14+0.j -1.59133997e-01+0.j
  -1.00423654e-13+0.j  4.00082528e-14+0.j  1.39141274e-14+0.j
   3.74030141e-01+0.j  9.71364963e-14+0.j  5.00000000e-01+0.j
   1.77236179e-14+0.j  2.42188906e-01+0.j -7.48456173e-14+0.j
   9.54505005e-15+0.j]
 [-2.69055611e-15+0.j  2.91469664e-14+0.j  1.57564596e-02+0.j
  -1.49384140e-15+0.j  2.10751555e-14+0.j -9.45059384e-15+0.j
  -4.93501639e-02+0.j -4.42879495e-15+0.j -9.01535790e-15+0.j
   1.09398895e-14+0.j  2.42188906e-01+0.j  1.76994628e-14+0.j
   5.00000000e-01+0.j -2.11415446e-14+0.j  4.22036268e-01+0.j
  -9.59628720e-15+0.j]
 [ 8.42654034e-15+0.j  1.30312428e-14+0.j -1.95994977e-13+0.j
   1.57564747e-02+0.j -1.07991154e-14+0.j -9.71445147e-15+0.j
  -1.71209347e-13+0.j -4.93501870e-02+0.j  1.14305034e-14+0.j
   1.35724765e-14+0.j -2.07069513e-14+0.j  2.42188906e-01+0.j
  -2.11169598e-14+0.j  5.00000000e-01+0.j  1.04281598e-14+0.j
   4.22036268e-01+0.j]
 [-1.00157388e-01+0.j  1.24188168e-14+0.j -6.90203103e-15+0.j
  -1.52231298e-13+0.j  1.20200335e-01+0.j -4.28957072e-14+0.j
  -6.77019205e-14+0.j  8.23434169e-14+0.j -1.73703650e-01+0.j
  -1.33676763e-14+0.j  5.30339661e-14+0.j -7.48694040e-14+0.j
   4.22036268e-01+0.j  1.04297877e-14+0.j  5.00000000e-01+0.j
   9.00409182e-14+0.j]
 [-1.28191541e-14+0.j -1.00157389e-01+0.j -5.80410536e-14+0.j
   1.21750205e-13+0.j -2.65768919e-13+0.j  1.20200276e-01+0.j
   8.53085816e-14+0.j -3.15533245e-14+0.j  1.60736588e-14+0.j
  -1.73703653e-01+0.j -7.56626625e-14+0.j  9.57287154e-15+0.j
  -9.61923493e-15+0.j  4.22036268e-01+0.j  8.99978655e-14+0.j
   5.00000000e-01+0.j]]
W= [0.19157007+0.j 0.20949801+0.j 0.20994172+0.j 0.21159645+0.j
 0.21159645+0.j 0.20994172+0.j 0.209498  +0.j 0.19157007+0.j]
local approximation with  1 sites
local interactions on sites [[0], [1], [2], [3], [4], [5], [6], [7]]
Functional for interaction on sites [0]
aca-directory for images already exists
aca-directory for images already exists
aca-directory for images already exists
interacting orbitals: [0, 1]
mapping: [0, 1, 2, 3, 4, 5, 6, 7, 8, 9, 10, 11, 12, 13, 14, 15]
aca-directory for images already exists
aca-directory for images already exists
aca-directory for images already exists
orbinteractaca= [0, 1]
aca-directory for images already exists
aca-directory for images already exists
aca-directory for images already exists
aca-directory for images already exists
aca-directory for images already exists
aca-directory for images already exists
aca-directory for images already exists
aca-directory for images already exists
aca-directory for images already exists
aca-directory for images already exists
aca-directory for images already exists
aca-directory for images already exists
aca-directory for images already exists
aca-directory for images already exists
aca-directory for images already exists
aca-directory for images already exists
aca-directory for images already exists
aca-directory for images already exists
aca-directory for images already exists
aca-directory for images already exists
aca-directory for images already exists
aca-directory for images already exists
aca-directory for images already exists
aca-directory for images already exists
aca-directory for images already exists
aca-directory for images already exists
aca-directory for images already exists
aca-directory for images already exists
aca-directory for images already exists
aca-directory for images already exists
aca-directory for images already exists
aca-directory for images already exists
aca-directory for images already exists
aca-directory for images already exists
aca-directory for images already exists
aca-directory for images already exists
aca-directory for images already exists
aca-directory for images already exists
aca-directory for images already exists
aca-directory for images already exists
aca-directory for images already exists
aca-directory for images already exists
aca-directory for images already exists
aca-directory for images already exists
aca-directory for images already exists
aca: level 7  norb= 16
Daca= [[ 5.00000000e-01+0.j -4.16064216e-13+0.j -4.82459514e-01+0.j
   2.54679568e-29+0.j  1.43364911e-30+0.j -5.35696994e-30+0.j
  -6.75075258e-18+0.j  2.64006692e-30+0.j  8.76594865e-32+0.j
   3.70445918e-30+0.j -1.96043198e-18+0.j  4.85985256e-29+0.j
   4.73264743e-31+0.j -2.41236828e-30+0.j  1.36803827e-17+0.j
   5.48793450e-31+0.j]
 [-4.16108880e-13+0.j  5.00000000e-01+0.j -1.11217840e-13+0.j
  -4.82459528e-01+0.j  1.29869185e-29+0.j -1.54041969e-30+0.j
  -2.07232724e-30+0.j  3.95777443e-18+0.j -1.35139420e-29+0.j
   1.57274409e-31+0.j  2.86172259e-30+0.j  1.74165089e-17+0.j
  -2.65101141e-30+0.j -1.88562340e-30+0.j  7.25599287e-31+0.j
  -8.49545753e-18+0.j]
 [-4.82459514e-01+0.j -1.11212194e-13+0.j  5.00000000e-01+0.j
   4.37548632e-13+0.j  1.50250792e-02+0.j -1.71509770e-29+0.j
   2.51725782e-30+0.j  4.75742409e-31+0.j -5.81611756e-19+0.j
   8.15578660e-29+0.j -7.36814832e-30+0.j  5.20528787e-30+0.j
  -2.76799059e-19+0.j  1.38140317e-29+0.j -3.15544361e-30+0.j
  -3.15544362e-30+0.j]
 [ 3.57302621e-18+0.j -4.82459528e-01+0.j  4.37511704e-13+0.j
   5.00000000e-01+0.j -2.66716403e-13+0.j  1.50250576e-02+0.j
   8.63911825e-30+0.j -1.16550677e-31+0.j -2.06010045e-29+0.j
   2.07869307e-19+0.j  7.55117038e-30+0.j -1.69675017e-31+0.j
   9.81474771e-30+0.j -1.18081983e-19+0.j -6.31088724e-30+0.j
  -1.97215226e-31+0.j]
 [-8.76035355e-17+0.j  6.34656772e-17+0.j  1.50250792e-02+0.j
  -2.66707863e-13+0.j  5.00000000e-01+0.j  1.83519210e-12+0.j
   4.82560830e-01+0.j  5.11970071e-29+0.j -1.89364299e-28+0.j
   3.43988222e-29+0.j  2.72089331e-17+0.j  9.97209367e-28+0.j
  -1.09846290e-28+0.j -4.95494187e-29+0.j  3.72439261e-17+0.j
   4.71816757e-28+0.j]
 [ 8.00105916e-18+0.j -1.50920942e-16+0.j  1.60743736e-17+0.j
   1.50250576e-02+0.j  1.83516739e-12+0.j  5.00000000e-01+0.j
  -2.11740536e-13+0.j  4.82560797e-01+0.j -1.95887577e-28+0.j
   1.75184182e-30+0.j  3.59263282e-28+0.j -5.55418407e-18+0.j
   1.02154030e-28+0.j -7.16068759e-30+0.j  5.65110574e-28+0.j
  -1.88920953e-17+0.j]
 [-1.37647491e-16+0.j  4.20157469e-17+0.j -5.62123764e-17+0.j
   5.16903765e-17+0.j  4.82560830e-01+0.j -2.11728317e-13+0.j
   5.00000000e-01+0.j -1.84600006e-12+0.j  6.54060691e-03+0.j
   7.36117374e-29+0.j  5.82801665e-31+0.j  3.37596390e-31+0.j
   8.57399369e-19+0.j -7.64669080e-29+0.j  6.31088698e-30+0.j
  -3.15544362e-30+0.j]
 [-3.81966409e-17+0.j  2.53443873e-16+0.j -4.19830617e-17+0.j
  -6.29726198e-17+0.j  1.13760865e-17+0.j  4.82560797e-01+0.j
  -1.84608973e-12+0.j  5.00000000e-01+0.j  2.75374547e-13+0.j
   6.54063224e-03+0.j  2.70830599e-30+0.j -3.58873108e-31+0.j
  -5.62949605e-29+0.j  9.61272548e-19+0.j -4.61030417e-38+0.j
   3.94430453e-31+0.j]
 [-7.89299182e-17+0.j  2.71197403e-17+0.j -6.62036246e-17+0.j
  -1.09244200e-17+0.j  1.18006505e-16+0.j  1.02482047e-17+0.j
   6.54060691e-03+0.j  2.75340728e-13+0.j  5.00000000e-01+0.j
   2.90916333e-12+0.j  4.90532381e-01+0.j  6.56962718e-28+0.j
  -1.16062467e-28+0.j -3.47150988e-28+0.j  4.07799395e-17+0.j
   2.68980296e-27+0.j]
 [-1.17677384e-17+0.j  1.04083409e-17+0.j -1.87235994e-17+0.j
   1.39513268e-16+0.j  7.24632533e-18+0.j  6.36787413e-17+0.j
  -3.01605875e-17+0.j  6.54063224e-03+0.j  2.90916818e-12+0.j
   5.00000000e-01+0.j  2.41235912e-13+0.j  4.90532436e-01+0.j
  -6.99274282e-30+0.j  4.38457595e-30+0.j -1.51943287e-27+0.j
   2.39127425e-19+0.j]
 [-4.20115311e-17+0.j  1.60682993e-17+0.j  3.34168271e-17+0.j
  -1.89460733e-17+0.j -9.76911571e-17+0.j -3.68807062e-17+0.j
   5.18275804e-17+0.j -2.39710868e-17+0.j  4.90532381e-01+0.j
   2.41255721e-13+0.j  5.00000000e-01+0.j -2.91853791e-12+0.j
   1.95140580e-03+0.j  3.27919693e-30+0.j  2.51088675e-37+0.j
   0.00000000e+00+0.j]
 [ 2.01401151e-17+0.j -2.31031809e-16+0.j  2.66083740e-17+0.j
  -1.54477978e-17+0.j -1.49413345e-17+0.j -8.70384161e-17+0.j
   1.10020307e-17+0.j -2.63975347e-18+0.j  6.80126988e-18+0.j
   4.90532436e-01+0.j -2.91859351e-12+0.j  5.00000000e-01+0.j
   5.53111554e-15+0.j  1.95143312e-03+0.j -2.67278912e-38+0.j
   0.00000000e+00+0.j]
 [ 2.42861287e-17+0.j  3.51185928e-18+0.j  5.40084560e-17+0.j
   1.46107986e-17+0.j -1.25711632e-17+0.j  2.71109626e-17+0.j
  -4.42489388e-18+0.j -1.27198767e-17+0.j  9.54257073e-19+0.j
  -1.68039611e-17+0.j  1.95140580e-03+0.j  5.51599547e-15+0.j
   5.00000000e-01+0.j  4.18615881e-12+0.j  4.93305009e-01+0.j
   1.61558713e-27+0.j]
 [-4.03705139e-18+0.j -1.38777878e-17+0.j  5.23602518e-18+0.j
  -8.99940926e-17+0.j -1.64414095e-17+0.j -6.15874912e-19+0.j
   2.35207129e-17+0.j  3.86160898e-17+0.j  1.23821252e-17+0.j
  -2.12292090e-17+0.j -1.53010591e-18+0.j  1.95143312e-03+0.j
   4.18615779e-12+0.j  5.00000000e-01+0.j -1.41139257e-13+0.j
  -4.93304974e-01+0.j]
 [ 5.43566842e-17+0.j -7.97746056e-18+0.j  4.27253723e-17+0.j
   1.91821075e-17+0.j  2.59288531e-16+0.j  3.23075903e-17+0.j
  -8.16499966e-17+0.j  3.50462116e-17+0.j -1.53823559e-17+0.j
  -8.66813547e-19+0.j  1.84902640e-17+0.j -1.72242775e-17+0.j
   4.93305009e-01+0.j -1.41147783e-13+0.j  5.00000000e-01+0.j
   4.18732469e-12+0.j]
 [-1.78937268e-17+0.j  1.44479229e-16+0.j -2.27477519e-17+0.j
   3.33303165e-17+0.j  1.69062804e-17+0.j  1.78244704e-16+0.j
  -2.33504546e-17+0.j  6.62640650e-17+0.j  3.34878612e-18+0.j
  -4.13942360e-17+0.j  7.69804153e-18+0.j  3.39180506e-17+0.j
  -6.87244460e-18+0.j -4.93304974e-01+0.j  4.18734476e-12+0.j
   5.00000000e-01+0.j]]
rounding Naca1 to integer
rounding Naca2 to integer
Naca= (4, 4)
nq= 16
variational state:
        ┌──────────┐┌───────────┐┌───┐     ┌───────────┐┌───────────┐»
 q0_0: ─┤ Ry(y[0]) ├┤ Rz(y[16]) ├┤ X ├──■──┤ Ry(y[32]) ├┤ Rz(y[48]) ├»
        ├──────────┤├───────────┤└─┬─┘┌─┴─┐└───────────┘├───────────┤»
 q0_1: ─┤ Ry(y[1]) ├┤ Rz(y[17]) ├──┼──┤ X ├──────■──────┤ Ry(y[33]) ├»
        ├──────────┤├───────────┤  │  └───┘    ┌─┴─┐    └───────────┘»
 q0_2: ─┤ Ry(y[2]) ├┤ Rz(y[18]) ├──┼───────────┤ X ├──────────■──────»
        ├──────────┤├───────────┤  │           └───┘        ┌─┴─┐    »
 q0_3: ─┤ Ry(y[3]) ├┤ Rz(y[19]) ├──┼────────────────────────┤ X ├────»
        ├──────────┤├───────────┤  │                        └───┘    »
 q0_4: ─┤ Ry(y[4]) ├┤ Rz(y[20]) ├──┼─────────────────────────────────»
        ├──────────┤├───────────┤  │                                 »
 q0_5: ─┤ Ry(y[5]) ├┤ Rz(y[21]) ├──┼─────────────────────────────────»
        ├──────────┤├───────────┤  │                                 »
 q0_6: ─┤ Ry(y[6]) ├┤ Rz(y[22]) ├──┼─────────────────────────────────»
        ├──────────┤├───────────┤  │                                 »
 q0_7: ─┤ Ry(y[7]) ├┤ Rz(y[23]) ├──┼─────────────────────────────────»
        ├──────────┤├───────────┤  │                                 »
 q0_8: ─┤ Ry(y[8]) ├┤ Rz(y[24]) ├──┼─────────────────────────────────»
        ├──────────┤├───────────┤  │                                 »
 q0_9: ─┤ Ry(y[9]) ├┤ Rz(y[25]) ├──┼─────────────────────────────────»
       ┌┴──────────┤├───────────┤  │                                 »
q0_10: ┤ Ry(y[10]) ├┤ Rz(y[26]) ├──┼─────────────────────────────────»
       ├───────────┤├───────────┤  │                                 »
q0_11: ┤ Ry(y[11]) ├┤ Rz(y[27]) ├──┼─────────────────────────────────»
       ├───────────┤├───────────┤  │                                 »
q0_12: ┤ Ry(y[12]) ├┤ Rz(y[28]) ├──┼─────────────────────────────────»
       ├───────────┤├───────────┤  │                                 »
q0_13: ┤ Ry(y[13]) ├┤ Rz(y[29]) ├──┼─────────────────────────────────»
       ├───────────┤├───────────┤  │                                 »
q0_14: ┤ Ry(y[14]) ├┤ Rz(y[30]) ├──┼─────────────────────────────────»
       ├───────────┤├───────────┤  │                                 »
q0_15: ┤ Ry(y[15]) ├┤ Rz(y[31]) ├──■─────────────────────────────────»
       └───────────┘└───────────┘                                    »
c0: 16/══════════════════════════════════════════════════════════════»
                                                                     »
«                                                                        »
« q0_0: ─────────────────────────────────────────────────────────────────»
«       ┌───────────┐                                                    »
« q0_1: ┤ Rz(y[49]) ├────────────────────────────────────────────────────»
«       ├───────────┤┌───────────┐                                       »
« q0_2: ┤ Ry(y[34]) ├┤ Rz(y[50]) ├───────────────────────────────────────»
«       └───────────┘├───────────┤┌───────────┐                          »
« q0_3: ──────■──────┤ Ry(y[35]) ├┤ Rz(y[51]) ├──────────────────────────»
«           ┌─┴─┐    └───────────┘├───────────┤┌───────────┐             »
« q0_4: ────┤ X ├──────────■──────┤ Ry(y[36]) ├┤ Rz(y[52]) ├─────────────»
«           └───┘        ┌─┴─┐    └───────────┘├───────────┤┌───────────┐»
« q0_5: ─────────────────┤ X ├──────────■──────┤ Ry(y[37]) ├┤ Rz(y[53]) ├»
«                        └───┘        ┌─┴─┐    └───────────┘├───────────┤»
« q0_6: ──────────────────────────────┤ X ├──────────■──────┤ Ry(y[38]) ├»
«                                     └───┘        ┌─┴─┐    └───────────┘»
« q0_7: ───────────────────────────────────────────┤ X ├──────────■──────»
«                                                  └───┘        ┌─┴─┐    »
« q0_8: ────────────────────────────────────────────────────────┤ X ├────»
«                                                               └───┘    »
« q0_9: ─────────────────────────────────────────────────────────────────»
«                                                                        »
«q0_10: ─────────────────────────────────────────────────────────────────»
«                                                                        »
«q0_11: ─────────────────────────────────────────────────────────────────»
«                                                                        »
«q0_12: ─────────────────────────────────────────────────────────────────»
«                                                                        »
«q0_13: ─────────────────────────────────────────────────────────────────»
«                                                                        »
«q0_14: ─────────────────────────────────────────────────────────────────»
«                                                                        »
«q0_15: ─────────────────────────────────────────────────────────────────»
«                                                                        »
«c0: 16/═════════════════════════════════════════════════════════════════»
«                                                                        »
«                                                                        »
« q0_0: ─────────────────────────────────────────────────────────────────»
«                                                                        »
« q0_1: ─────────────────────────────────────────────────────────────────»
«                                                                        »
« q0_2: ─────────────────────────────────────────────────────────────────»
«                                                                        »
« q0_3: ─────────────────────────────────────────────────────────────────»
«                                                                        »
« q0_4: ─────────────────────────────────────────────────────────────────»
«                                                                        »
« q0_5: ─────────────────────────────────────────────────────────────────»
«       ┌───────────┐                                                    »
« q0_6: ┤ Rz(y[54]) ├────────────────────────────────────────────────────»
«       ├───────────┤┌───────────┐                                       »
« q0_7: ┤ Ry(y[39]) ├┤ Rz(y[55]) ├───────────────────────────────────────»
«       └───────────┘├───────────┤┌───────────┐                          »
« q0_8: ──────■──────┤ Ry(y[40]) ├┤ Rz(y[56]) ├──────────────────────────»
«           ┌─┴─┐    └───────────┘├───────────┤┌───────────┐             »
« q0_9: ────┤ X ├──────────■──────┤ Ry(y[41]) ├┤ Rz(y[57]) ├─────────────»
«           └───┘        ┌─┴─┐    └───────────┘├───────────┤┌───────────┐»
«q0_10: ─────────────────┤ X ├──────────■──────┤ Ry(y[42]) ├┤ Rz(y[58]) ├»
«                        └───┘        ┌─┴─┐    └───────────┘├───────────┤»
«q0_11: ──────────────────────────────┤ X ├──────────■──────┤ Ry(y[43]) ├»
«                                     └───┘        ┌─┴─┐    └───────────┘»
«q0_12: ───────────────────────────────────────────┤ X ├──────────■──────»
«                                                  └───┘        ┌─┴─┐    »
«q0_13: ────────────────────────────────────────────────────────┤ X ├────»
«                                                               └───┘    »
«q0_14: ─────────────────────────────────────────────────────────────────»
«                                                                        »
«q0_15: ─────────────────────────────────────────────────────────────────»
«                                                                        »
«c0: 16/═════════════════════════════════════════════════════════════════»
«                                                                        »
«                                                           ┌───┐     »
« q0_0: ────────────────────────────────────────────────────┤ X ├──■──»
«                                                           └─┬─┘┌─┴─┐»
« q0_1: ──────────────────────────────────────────────────────┼──┤ X ├»
«                                                             │  └───┘»
« q0_2: ──────────────────────────────────────────────────────┼───────»
«                                                             │       »
« q0_3: ──────────────────────────────────────────────────────┼───────»
«                                                             │       »
« q0_4: ──────────────────────────────────────────────────────┼───────»
«                                                             │       »
« q0_5: ──────────────────────────────────────────────────────┼───────»
«                                                             │       »
« q0_6: ──────────────────────────────────────────────────────┼───────»
«                                                             │       »
« q0_7: ──────────────────────────────────────────────────────┼───────»
«                                                             │       »
« q0_8: ──────────────────────────────────────────────────────┼───────»
«                                                             │       »
« q0_9: ──────────────────────────────────────────────────────┼───────»
«                                                             │       »
«q0_10: ──────────────────────────────────────────────────────┼───────»
«       ┌───────────┐                                         │       »
«q0_11: ┤ Rz(y[59]) ├─────────────────────────────────────────┼───────»
«       ├───────────┤┌───────────┐                            │       »
«q0_12: ┤ Ry(y[44]) ├┤ Rz(y[60]) ├────────────────────────────┼───────»
«       └───────────┘├───────────┤┌───────────┐               │       »
«q0_13: ──────■──────┤ Ry(y[45]) ├┤ Rz(y[61]) ├───────────────┼───────»
«           ┌─┴─┐    └───────────┘├───────────┤┌───────────┐  │       »
«q0_14: ────┤ X ├──────────■──────┤ Ry(y[46]) ├┤ Rz(y[62]) ├──┼───────»
«           └───┘        ┌─┴─┐    ├───────────┤├───────────┤  │       »
«q0_15: ─────────────────┤ X ├────┤ Ry(y[47]) ├┤ Rz(y[63]) ├──■───────»
«                        └───┘    └───────────┘└───────────┘          »
«c0: 16/══════════════════════════════════════════════════════════════»
«                                                                     »
«       ┌───────────┐┌───────────┐                                       »
« q0_0: ┤ Ry(y[64]) ├┤ Rz(y[80]) ├───────────────────────────────────────»
«       └───────────┘├───────────┤┌───────────┐                          »
« q0_1: ──────■──────┤ Ry(y[65]) ├┤ Rz(y[81]) ├──────────────────────────»
«           ┌─┴─┐    └───────────┘├───────────┤┌───────────┐             »
« q0_2: ────┤ X ├──────────■──────┤ Ry(y[66]) ├┤ Rz(y[82]) ├─────────────»
«           └───┘        ┌─┴─┐    └───────────┘├───────────┤┌───────────┐»
« q0_3: ─────────────────┤ X ├──────────■──────┤ Ry(y[67]) ├┤ Rz(y[83]) ├»
«                        └───┘        ┌─┴─┐    └───────────┘├───────────┤»
« q0_4: ──────────────────────────────┤ X ├──────────■──────┤ Ry(y[68]) ├»
«                                     └───┘        ┌─┴─┐    └───────────┘»
« q0_5: ───────────────────────────────────────────┤ X ├──────────■──────»
«                                                  └───┘        ┌─┴─┐    »
« q0_6: ────────────────────────────────────────────────────────┤ X ├────»
«                                                               └───┘    »
« q0_7: ─────────────────────────────────────────────────────────────────»
«                                                                        »
« q0_8: ─────────────────────────────────────────────────────────────────»
«                                                                        »
« q0_9: ─────────────────────────────────────────────────────────────────»
«                                                                        »
«q0_10: ─────────────────────────────────────────────────────────────────»
«                                                                        »
«q0_11: ─────────────────────────────────────────────────────────────────»
«                                                                        »
«q0_12: ─────────────────────────────────────────────────────────────────»
«                                                                        »
«q0_13: ─────────────────────────────────────────────────────────────────»
«                                                                        »
«q0_14: ─────────────────────────────────────────────────────────────────»
«                                                                        »
«q0_15: ─────────────────────────────────────────────────────────────────»
«                                                                        »
«c0: 16/═════════════════════════════════════════════════════════════════»
«                                                                        »
«                                                                        »
« q0_0: ─────────────────────────────────────────────────────────────────»
«                                                                        »
« q0_1: ─────────────────────────────────────────────────────────────────»
«                                                                        »
« q0_2: ─────────────────────────────────────────────────────────────────»
«                                                                        »
« q0_3: ─────────────────────────────────────────────────────────────────»
«       ┌───────────┐                                                    »
« q0_4: ┤ Rz(y[84]) ├────────────────────────────────────────────────────»
«       ├───────────┤┌───────────┐                                       »
« q0_5: ┤ Ry(y[69]) ├┤ Rz(y[85]) ├───────────────────────────────────────»
«       └───────────┘├───────────┤┌───────────┐                          »
« q0_6: ──────■──────┤ Ry(y[70]) ├┤ Rz(y[86]) ├──────────────────────────»
«           ┌─┴─┐    └───────────┘├───────────┤┌───────────┐             »
« q0_7: ────┤ X ├──────────■──────┤ Ry(y[71]) ├┤ Rz(y[87]) ├─────────────»
«           └───┘        ┌─┴─┐    └───────────┘├───────────┤┌───────────┐»
« q0_8: ─────────────────┤ X ├──────────■──────┤ Ry(y[72]) ├┤ Rz(y[88]) ├»
«                        └───┘        ┌─┴─┐    └───────────┘├───────────┤»
« q0_9: ──────────────────────────────┤ X ├──────────■──────┤ Ry(y[73]) ├»
«                                     └───┘        ┌─┴─┐    └───────────┘»
«q0_10: ───────────────────────────────────────────┤ X ├──────────■──────»
«                                                  └───┘        ┌─┴─┐    »
«q0_11: ────────────────────────────────────────────────────────┤ X ├────»
«                                                               └───┘    »
«q0_12: ─────────────────────────────────────────────────────────────────»
«                                                                        »
«q0_13: ─────────────────────────────────────────────────────────────────»
«                                                                        »
«q0_14: ─────────────────────────────────────────────────────────────────»
«                                                                        »
«q0_15: ─────────────────────────────────────────────────────────────────»
«                                                                        »
«c0: 16/═════════════════════════════════════════════════════════════════»
«                                                                        »
«                                                                        »
« q0_0: ─────────────────────────────────────────────────────────────────»
«                                                                        »
« q0_1: ─────────────────────────────────────────────────────────────────»
«                                                                        »
« q0_2: ─────────────────────────────────────────────────────────────────»
«                                                                        »
« q0_3: ─────────────────────────────────────────────────────────────────»
«                                                                        »
« q0_4: ─────────────────────────────────────────────────────────────────»
«                                                                        »
« q0_5: ─────────────────────────────────────────────────────────────────»
«                                                                        »
« q0_6: ─────────────────────────────────────────────────────────────────»
«                                                                        »
« q0_7: ─────────────────────────────────────────────────────────────────»
«                                                                        »
« q0_8: ─────────────────────────────────────────────────────────────────»
«       ┌───────────┐                                                    »
« q0_9: ┤ Rz(y[89]) ├────────────────────────────────────────────────────»
«       ├───────────┤┌───────────┐                                       »
«q0_10: ┤ Ry(y[74]) ├┤ Rz(y[90]) ├───────────────────────────────────────»
«       └───────────┘├───────────┤┌───────────┐                          »
«q0_11: ──────■──────┤ Ry(y[75]) ├┤ Rz(y[91]) ├──────────────────────────»
«           ┌─┴─┐    └───────────┘├───────────┤┌───────────┐             »
«q0_12: ────┤ X ├──────────■──────┤ Ry(y[76]) ├┤ Rz(y[92]) ├─────────────»
«           └───┘        ┌─┴─┐    └───────────┘├───────────┤┌───────────┐»
«q0_13: ─────────────────┤ X ├──────────■──────┤ Ry(y[77]) ├┤ Rz(y[93]) ├»
«                        └───┘        ┌─┴─┐    └───────────┘├───────────┤»
«q0_14: ──────────────────────────────┤ X ├──────────■──────┤ Ry(y[78]) ├»
«                                     └───┘        ┌─┴─┐    ├───────────┤»
«q0_15: ───────────────────────────────────────────┤ X ├────┤ Ry(y[79]) ├»
«                                                  └───┘    └───────────┘»
«c0: 16/═════════════════════════════════════════════════════════════════»
«                                                                        »
«                    
« q0_0: ─────────────
«                    
« q0_1: ─────────────
«                    
« q0_2: ─────────────
«                    
« q0_3: ─────────────
«                    
« q0_4: ─────────────
«                    
« q0_5: ─────────────
«                    
« q0_6: ─────────────
«                    
« q0_7: ─────────────
«                    
« q0_8: ─────────────
«                    
« q0_9: ─────────────
«                    
«q0_10: ─────────────
«                    
«q0_11: ─────────────
«                    
«q0_12: ─────────────
«                    
«q0_13: ─────────────
«       ┌───────────┐
«q0_14: ┤ Rz(y[94]) ├
«       ├───────────┤
«q0_15: ┤ Rz(y[95]) ├
«       └───────────┘
«c0: 16/═════════════
«                    
ansatz-state is written to ansatz.txt
building constraints...
number of constraints= 256
unique pauliops 496
graphclique-cliquecover: 496 with commutationmode disjointqubits
strategy largest_first 318
strategy random_sequential 319
strategy smallest_last 318
strategy independent_set 328
strategy connected_sequential_bfs 318
strategy connected_sequential_dfs 327
strategy saturation_largest_first 318
number of cliques 318
clique 0 ['IIIIXIXYYIIIXIXX', 'IIIIIIIIIIIIIZII', 'IIIIIIIIIYYXIIII', 'IIIIIZIIIIIIIIII', 'IYYXIIIIIIIIIIII']
clique 1 ['IIIIXIXXYIIIXIXY', 'IIIIIIIIIIIIIXII', 'IIIIIIIIIXYYIIII', 'IIIIIXIIIIIIIIII', 'IXYYIIIIIIIIIIII']
clique 2 ['IIIIXIXXYIIIXIXX', 'IIIIIIIIIIIIIYII', 'IIIIIIIIIXYXIIII', 'IIIIIYIIIIIIIIII', 'IXYXIIIIIIIIIIII']
clique 3 ['IIIIXIXYYIIIXIXY', 'IIIIIIIIIYYYIIII', 'IYYYIIIIIIIIIIII']
clique 4 ['IIIIXIXZYIIIXIXY', 'IIIIIIIIIZYYIIII', 'IZYYIIIIIIIIIIII']
clique 5 ['IIIIXIXZYIIIXIXX', 'IIIIIIIIIZYXIIII', 'IZYXIIIIIIIIIIII']
clique 6 ['IIIIXYZIYIIIXIXX', 'IIIIIIIIIYYZIIII', 'IIIIIIIZIIIIIIII', 'IYYZIIIIIIIIIIII']
clique 7 ['IIIIXXZIYIIIXIXY', 'IIIIIIIIIXYZIIII', 'IIIIIIIXIIIIIIII', 'IXYZIIIIIIIIIIII']
clique 8 ['IIIIXXZIYIIIXIXX', 'IIIIIIIIIZYZIIII', 'IIIIIIIYIIIIIIII', 'IZYZIIIIIIIIIIII']
clique 9 ['IIIIXYZIYIIIXIXY', 'IIIIIIIIIIZXIIII', 'IIIIIIIIIZIIIIII', 'IIZXIIIIIIIIIIII', 'IZIIIIIIIIIIIIII']
clique 10 ['IIIIXZZIYIIIXIXY', 'IIIIIIIIIIZYIIII', 'IIIIIIIIIXIIIIII', 'IIZYIIIIIIIIIIII', 'IXIIIIIIIIIIIIII']
clique 11 ['IIIIXZZIYIIIXIXX', 'IIIIIIIIIIZZIIII', 'IIIIIIIIIYIIIIII', 'IIZZIIIIIIIIIIII', 'IYIIIIIIIIIIIIII']
clique 12 ['IIXYZIIIYIIIXIXX', 'IIIIIIIIIIIZIIII', 'IIIIIIIIIXXIIIII', 'IIIIIYYXIIIIIIII']
clique 13 ['IIXXZIIIYIIIXIXY', 'IIIIIIIIIIIXIIII', 'IIIIIIIIIYXIIIII', 'IIIIIXYYIIIIIIII']
clique 14 ['IIXXZIIIYIIIXIXX', 'IIIIIIIIIIIYIIII', 'IIIIIIIIIZXIIIII', 'IIIIIXYXIIIIIIII']
clique 15 ['IIXYZIIIYIIIXIXY', 'IIIIIYYYIIIIIIII']
clique 16 ['IIXZZIIIYIIIXIXY', 'IIIIIZYYIIIIIIII']
clique 17 ['IIXZZIIIYIIIXIXX', 'IIIIIZYXIIIIIIII']
clique 18 ['IYZIZIIIYIIIXIXX', 'IIIIIYYZIIIIIIII', 'IIIZIIIIIIIIIIII']
clique 19 ['IXZIZIIIYIIIXIXY', 'IIIIIXYZIIIIIIII', 'IIIXIIIIIIIIIIII']
clique 20 ['IXZIZIIIYIIIXIXX', 'IIIIIZYZIIIIIIII', 'IIIYIIIIIIIIIIII']
clique 21 ['IYZIZIIIYIIIXIXY', 'IIIIIIZXIIIIIIII']
clique 22 ['IZZIZIIIYIIIXIXY', 'IIIIIIZYIIIIIIII']
clique 23 ['IZZIZIIIYIIIXIXX', 'IIIIIIZZIIIIIIII']
clique 24 ['IIIIXIXYYIIIXIXZ', 'IXXIIIIIIIIIIIII']
clique 25 ['IIIIXIXXYIIIXIXZ', 'IYXIIIIIIIIIIIII']
clique 26 ['IIIIXIXZYIIIXIXZ', 'IZXIIIIIIIIIIIII']
clique 27 ['IIIIXYZIYIIIXIXZ']
clique 28 ['IIIIXXZIYIIIXIXZ']
clique 29 ['IIIIXZZIYIIIXIXZ']
clique 30 ['IIXYZIIIYIIIXIXZ', 'IIIIIXXIIIIIIIII']
clique 31 ['IIXXZIIIYIIIXIXZ', 'IIIIIYXIIIIIIIII']
clique 32 ['IIXZZIIIYIIIXIXZ', 'IIIIIZXIIIIIIIII']
clique 33 ['IYZIZIIIYIIIXIXZ']
clique 34 ['IXZIZIIIYIIIXIXZ']
clique 35 ['IZZIZIIIYIIIXIXZ']
clique 36 ['IIIIIIIIIIIIIIIZ', 'IIIIXIXYYIIIXXZI']
clique 37 ['IIIIIIIIIIIIIIIX', 'IIIIXIXXYIIIXYZI']
clique 38 ['IIIIIIIIIIIIIIIY', 'IIIIXIXXYIIIXXZI']
clique 39 ['IIIIXIXYYIIIXYZI']
clique 40 ['IIIIXIXZYIIIXYZI']
clique 41 ['IIIIXIXZYIIIXXZI']
clique 42 ['IIIIXYZIYIIIXXZI']
clique 43 ['IIIIXXZIYIIIXYZI']
clique 44 ['IIIIXXZIYIIIXXZI']
clique 45 ['IIIIXYZIYIIIXYZI']
clique 46 ['IIIIXZZIYIIIXYZI']
clique 47 ['IIIIXZZIYIIIXXZI']
clique 48 ['IIXYZIIIYIIIXXZI']
clique 49 ['IIXXZIIIYIIIXYZI']
clique 50 ['IIXXZIIIYIIIXXZI']
clique 51 ['IIXYZIIIYIIIXYZI']
clique 52 ['IIXZZIIIYIIIXYZI']
clique 53 ['IIXZZIIIYIIIXXZI']
clique 54 ['IYZIZIIIYIIIXXZI']
clique 55 ['IXZIZIIIYIIIXYZI']
clique 56 ['IXZIZIIIYIIIXXZI']
clique 57 ['IYZIZIIIYIIIXYZI']
clique 58 ['IZZIZIIIYIIIXYZI']
clique 59 ['IZZIZIIIYIIIXXZI']
clique 60 ['IIIIXIXYYIIIXZZI']
clique 61 ['IIIIXIXXYIIIXZZI']
clique 62 ['IIIIXIXZYIIIXZZI']
clique 63 ['IIIIXYZIYIIIXZZI']
clique 64 ['IIIIXXZIYIIIXZZI']
clique 65 ['IIIIXZZIYIIIXZZI']
clique 66 ['IIXYZIIIYIIIXZZI']
clique 67 ['IIXXZIIIYIIIXZZI']
clique 68 ['IIXZZIIIYIIIXZZI']
clique 69 ['IYZIZIIIYIIIXZZI']
clique 70 ['IXZIZIIIYIIIXZZI']
clique 71 ['IZZIZIIIYIIIXZZI']
clique 72 ['IIIIIIIIIIIIIYYX', 'IIIIXIXYYIXXZIII']
clique 73 ['IIIIIIIIIIIIIXYY', 'IIIIXIXXYIXYZIII']
clique 74 ['IIIIIIIIIIIIIXYX', 'IIIIXIXXYIXXZIII']
clique 75 ['IIIIIIIIIIIIIYYY', 'IIIIXIXYYIXYZIII']
clique 76 ['IIIIIIIIIIIIIZYY', 'IIIIXIXZYIXYZIII']
clique 77 ['IIIIIIIIIIIIIZYX', 'IIIIXIXZYIXXZIII']
clique 78 ['IIIIIIIIIIIIIYYZ', 'IIIIXYZIYIXXZIII']
clique 79 ['IIIIIIIIIIIIIXYZ', 'IIIIXXZIYIXYZIII']
clique 80 ['IIIIIIIIIIIIIZYZ', 'IIIIXXZIYIXXZIII']
clique 81 ['IIIIIIIIIIIIIIZX', 'IIIIXYZIYIXYZIII']
clique 82 ['IIIIIIIIIIIIIIZY', 'IIIIXZZIYIXYZIII']
clique 83 ['IIIIIIIIIIIIIIZZ', 'IIIIXZZIYIXXZIII']
clique 84 ['IIIIIIIIIIIIIXXI', 'IIXYZIIIYIXXZIII']
clique 85 ['IIIIIIIIIIIIIYXI', 'IIXXZIIIYIXYZIII']
clique 86 ['IIIIIIIIIIIIIZXI', 'IIXXZIIIYIXXZIII']
clique 87 ['IIXYZIIIYIXYZIII']
clique 88 ['IIXZZIIIYIXYZIII']
clique 89 ['IIXZZIIIYIXXZIII']
clique 90 ['IYZIZIIIYIXXZIII']
clique 91 ['IXZIZIIIYIXYZIII']
clique 92 ['IXZIZIIIYIXXZIII']
clique 93 ['IYZIZIIIYIXYZIII']
clique 94 ['IZZIZIIIYIXYZIII']
clique 95 ['IZZIZIIIYIXXZIII']
clique 96 ['IIIIXIXYYIXZZIII']
clique 97 ['IIIIXIXXYIXZZIII']
clique 98 ['IIIIXIXZYIXZZIII']
clique 99 ['IIIIXYZIYIXZZIII']
clique 100 ['IIIIXXZIYIXZZIII']
clique 101 ['IIIIXZZIYIXZZIII']
clique 102 ['IIXYZIIIYIXZZIII']
clique 103 ['IIXXZIIIYIXZZIII']
clique 104 ['IIXZZIIIYIXZZIII']
clique 105 ['IYZIZIIIYIXZZIII']
clique 106 ['IXZIZIIIYIXZZIII']
clique 107 ['IZZIZIIIYIXZZIII']
clique 108 ['IIIIXIXYYXZIZIII']
clique 109 ['IIIIXIXXYYZIZIII']
clique 110 ['IIIIXIXXYXZIZIII']
clique 111 ['IIIIXIXYYYZIZIII']
clique 112 ['IIIIXIXZYYZIZIII']
clique 113 ['IIIIXIXZYXZIZIII']
clique 114 ['IIIIXYZIYXZIZIII']
clique 115 ['IIIIXXZIYYZIZIII']
clique 116 ['IIIIXXZIYXZIZIII']
clique 117 ['IIIIXYZIYYZIZIII']
clique 118 ['IIIIXZZIYYZIZIII']
clique 119 ['IIIIXZZIYXZIZIII']
clique 120 ['IIXYZIIIYXZIZIII']
clique 121 ['IIXXZIIIYYZIZIII']
clique 122 ['IIXXZIIIYXZIZIII']
clique 123 ['IIXYZIIIYYZIZIII']
clique 124 ['IIXZZIIIYYZIZIII']
clique 125 ['IIXZZIIIYXZIZIII']
clique 126 ['IYZIZIIIYXZIZIII']
clique 127 ['IXZIZIIIYYZIZIII']
clique 128 ['IXZIZIIIYXZIZIII']
clique 129 ['IYZIZIIIYYZIZIII']
clique 130 ['IZZIZIIIYYZIZIII']
clique 131 ['IZZIZIIIYXZIZIII']
clique 132 ['IIIIXIXYYZZIZIII']
clique 133 ['IIIIXIXXYZZIZIII']
clique 134 ['IIIIXIXZYZZIZIII']
clique 135 ['IIIIXYZIYZZIZIII']
clique 136 ['IIIIXXZIYZZIZIII']
clique 137 ['IIIIXZZIYZZIZIII']
clique 138 ['IIXYZIIIYZZIZIII']
clique 139 ['IIXXZIIIYZZIZIII']
clique 140 ['IIXZZIIIYZZIZIII']
clique 141 ['IYZIZIIIYZZIZIII']
clique 142 ['IXZIZIIIYZZIZIII']
clique 143 ['IZZIZIIIYZZIZIII']
clique 144 ['IIIIXIYIYIIIXIXX']
clique 145 ['IIIIXIYIYIIIXIXY']
clique 146 ['IIYIZIIIYIIIXIXX']
clique 147 ['IIYIZIIIYIIIXIXY']
clique 148 ['IIIIXIXXYIIIXIYI']
clique 149 ['IIIIXIXYYIIIXIYI']
clique 150 ['IIIIXIXZYIIIXIYI']
clique 151 ['IIIIXIYIYIIIXIXZ']
clique 152 ['IIIIXXZIYIIIXIYI']
clique 153 ['IIIIXYZIYIIIXIYI']
clique 154 ['IIIIXZZIYIIIXIYI']
clique 155 ['IIXXZIIIYIIIXIYI']
clique 156 ['IIXYZIIIYIIIXIYI']
clique 157 ['IIXZZIIIYIIIXIYI']
clique 158 ['IIYIZIIIYIIIXIXZ']
clique 159 ['IXZIZIIIYIIIXIYI']
clique 160 ['IYZIZIIIYIIIXIYI']
clique 161 ['IZZIZIIIYIIIXIYI']
clique 162 ['IIIIXIYIYIIIXXZI']
clique 163 ['IIIIXIYIYIIIXYZI']
clique 164 ['IIYIZIIIYIIIXXZI']
clique 165 ['IIYIZIIIYIIIXYZI']
clique 166 ['IIIIXIYIYIIIXZZI']
clique 167 ['IIYIZIIIYIIIXZZI']
clique 168 ['IIIIXIYIYIXXZIII']
clique 169 ['IIIIXIYIYIXYZIII']
clique 170 ['IIYIZIIIYIXXZIII']
clique 171 ['IIYIZIIIYIXYZIII']
clique 172 ['IIIIXIXXYIYIZIII']
clique 173 ['IIIIXIXYYIYIZIII']
clique 174 ['IIIIXIXZYIYIZIII']
clique 175 ['IIIIXIYIYIXZZIII']
clique 176 ['IIIIXXZIYIYIZIII']
clique 177 ['IIIIXYZIYIYIZIII']
clique 178 ['IIIIXZZIYIYIZIII']
clique 179 ['IIXXZIIIYIYIZIII']
clique 180 ['IIXYZIIIYIYIZIII']
clique 181 ['IIXZZIIIYIYIZIII']
clique 182 ['IIYIZIIIYIXZZIII']
clique 183 ['IXZIZIIIYIYIZIII']
clique 184 ['IYZIZIIIYIYIZIII']
clique 185 ['IZZIZIIIYIYIZIII']
clique 186 ['IIIIXIYIYXZIZIII']
clique 187 ['IIIIXIYIYYZIZIII']
clique 188 ['IIYIZIIIYXZIZIII']
clique 189 ['IIYIZIIIYYZIZIII']
clique 190 ['IIIIXIYIYZZIZIII']
clique 191 ['IIYIZIIIYZZIZIII']
clique 192 ['IIIIXIYIYIIIXIYI']
clique 193 ['IIYIZIIIYIIIXIYI']
clique 194 ['IIIIXIYIYIYIZIII']
clique 195 ['IIYIZIIIYIYIZIII']
clique 196 ['IIIIYIIIYIIIXIXX']
clique 197 ['IIIIYIIIYIIIXIXY']
clique 198 ['IIIIYIIIYIIIXIXZ']
clique 199 ['IIIIYIIIYIIIXXZI']
clique 200 ['IIIIYIIIYIIIXYZI']
clique 201 ['IIIIXIXXYIIIYIII']
clique 202 ['IIIIXIXYYIIIYIII']
clique 203 ['IIIIXIXZYIIIYIII']
clique 204 ['IIIIXXZIYIIIYIII']
clique 205 ['IIIIXYZIYIIIYIII']
clique 206 ['IIIIXZZIYIIIYIII']
clique 207 ['IIIIYIIIYIIIXZZI']
clique 208 ['IIXXZIIIYIIIYIII']
clique 209 ['IIXYZIIIYIIIYIII']
clique 210 ['IIXZZIIIYIIIYIII']
clique 211 ['IXZIZIIIYIIIYIII']
clique 212 ['IYZIZIIIYIIIYIII']
clique 213 ['IZZIZIIIYIIIYIII']
clique 214 ['IIIIYIIIYIXXZIII']
clique 215 ['IIIIYIIIYIXYZIII']
clique 216 ['IIIIYIIIYIXZZIII']
clique 217 ['IIIIYIIIYXZIZIII']
clique 218 ['IIIIYIIIYYZIZIII']
clique 219 ['IIIIYIIIYZZIZIII']
clique 220 ['IIIIYIIIYIIIXIYI']
clique 221 ['IIIIXIYIYIIIYIII']
clique 222 ['IIYIZIIIYIIIYIII']
clique 223 ['IIIIYIIIYIYIZIII']
clique 224 ['IIIIYIIIYIIIYIII']
clique 225 ['IIIIIIIIZIIIXIXX', 'IIXYYIXXIIIIIIII']
clique 226 ['IIIIIIIIZIIIXIXY', 'IIXXYIXYIIIIIIII']
clique 227 ['ZIIIIIIIXIIIXIXX', 'IIXXYIXXIIIIIIII']
clique 228 ['ZIIIIIIIXIIIXIXY', 'IIXYYIXYIIIIIIII']
clique 229 ['IIIIIIIIZIIIXIXZ', 'IIXZYIXYIIIIIIII']
clique 230 ['ZIIIIIIIXIIIXIXZ', 'IIXZYIXXIIIIIIII']
clique 231 ['IIIIIIIIZIIIXXZI', 'IYZIYIXXIIIIIIII']
clique 232 ['IIIIIIIIZIIIXYZI', 'IXZIYIXYIIIIIIII']
clique 233 ['ZIIIIIIIXIIIXXZI', 'IXZIYIXXIIIIIIII']
clique 234 ['ZIIIIIIIXIIIXYZI', 'IYZIYIXYIIIIIIII']
clique 235 ['IIIIIIIIZIIIXZZI', 'IZZIYIXYIIIIIIII']
clique 236 ['ZIIIIIIIXIIIXZZI', 'IZZIYIXXIIIIIIII']
clique 237 ['IIIIIIIIZIXXZIII', 'IIXYYIXZIIIIIIII']
clique 238 ['IIIIIIIIZIXYZIII', 'IIXXYIXZIIIIIIII']
clique 239 ['ZIIIIIIIXIXXZIII', 'IIXZYIXZIIIIIIII']
clique 240 ['ZIIIIIIIXIXYZIII', 'IYZIYIXZIIIIIIII']
clique 241 ['IIIIIIIIZIXZZIII', 'IXZIYIXZIIIIIIII']
clique 242 ['ZIIIIIIIXIXZZIII', 'IZZIYIXZIIIIIIII']
clique 243 ['IIIIIIIIZXZIZIII', 'IIXYYXZIIIIIIIII']
clique 244 ['IIIIIIIIZYZIZIII', 'IIXXYYZIIIIIIIII']
clique 245 ['ZIIIIIIIXXZIZIII', 'IIXXYXZIIIIIIIII']
clique 246 ['ZIIIIIIIXYZIZIII', 'IIXYYYZIIIIIIIII']
clique 247 ['IIIIIIIIZZZIZIII', 'IIXZYYZIIIIIIIII']
clique 248 ['IIIIIIIIIIXYYIXX', 'IIIIXIXXXIIIIIII']
clique 249 ['IIIIIIIIIIXXYIXY', 'IIIIXIXYXIIIIIII']
clique 250 ['IIIIIIIIIIXXYIXX', 'IIIIXIXZXIIIIIII']
clique 251 ['IIIIIIIIIIXYYIXY', 'IIIIXXZIXIIIIIII']
clique 252 ['IIIIIIIIIIXZYIXY', 'IIIIXYZIXIIIIIII']
clique 253 ['IIIIIIIIIIXZYIXX', 'IIIIXZZIXIIIIIII']
clique 254 ['IIIIIIIIIYZIYIXX', 'IIXXZIIIXIIIIIII']
clique 255 ['IIIIIIIIIXZIYIXY', 'IIXYZIIIXIIIIIII']
clique 256 ['IIIIIIIIIXZIYIXX', 'IIXZZIIIXIIIIIII']
clique 257 ['IIIIIIIIIYZIYIXY', 'IXZIZIIIXIIIIIII']
clique 258 ['IIIIIIIIIZZIYIXY', 'IYZIZIIIXIIIIIII']
clique 259 ['IIIIIIIIIZZIYIXX', 'IZZIZIIIXIIIIIII']
clique 260 ['ZIIIIIIIXZZIZIII', 'IIXZYXZIIIIIIIII']
clique 261 ['IIIIIIIIIIXYYIXZ', 'ZIIIXIXXZIIIIIII']
clique 262 ['IIIIIIIIIIXXYIXZ', 'ZIIIXIXYZIIIIIII']
clique 263 ['IIIIIIIIIIXZYIXZ', 'ZIIIXIXZZIIIIIII']
clique 264 ['IIIIIIIIIYZIYIXZ', 'ZIIIXXZIZIIIIIII']
clique 265 ['IIIIIIIIIXZIYIXZ', 'ZIIIXYZIZIIIIIII']
clique 266 ['IIIIIIIIIZZIYIXZ', 'ZIIIXZZIZIIIIIII']
clique 267 ['IIIIIIIIIIXYYXZI', 'ZIXXZIIIZIIIIIII']
clique 268 ['IIIIIIIIIIXXYYZI', 'ZIXYZIIIZIIIIIII']
clique 269 ['IIIIIIIIIIXXYXZI', 'ZIXZZIIIZIIIIIII']
clique 270 ['IIIIIIIIIIXYYYZI', 'ZXZIZIIIZIIIIIII']
clique 271 ['IIIIIIIIIIXZYYZI', 'ZYZIZIIIZIIIIIII']
clique 272 ['IIIIIIIIIIXZYXZI', 'ZZZIZIIIZIIIIIII']
clique 273 ['IIIIIIIIZIIIXIYI', 'IYZIYXZIIIIIIIII']
clique 274 ['ZIIIIIIIXIIIXIYI', 'IXZIYYZIIIIIIIII']
clique 275 ['IIIIIIIIZIYIZIII', 'IXZIYXZIIIIIIIII']
clique 276 ['ZIIIIIIIXIYIZIII', 'IYZIYYZIIIIIIIII']
clique 277 ['IIIIIIIIIYZIYXZI', 'IIIIXIYIXIIIIIII']
clique 278 ['IIIIIIIIIXZIYYZI', 'IIYIZIIIXIIIIIII']
clique 279 ['IIIIIIIIIXZIYXZI', 'ZIIIXIYIZIIIIIII']
clique 280 ['IIIIIIIIIYZIYYZI', 'ZIYIZIIIZIIIIIII']
clique 281 ['IIIIIIIIIZZIYYZI', 'ZIIIIIIIYIIIIIII', 'IZZIYYZIIIIIIIII']
clique 282 ['IIIIIIIIIZZIYXZI', 'IZZIYXZIIIIIIIII']
clique 283 ['IIIIIIIIIIXYYZZI', 'IIXYYZZIIIIIIIII']
clique 284 ['IIIIIIIIIIXXYZZI', 'IIXXYZZIIIIIIIII']
clique 285 ['IIIIIIIIIIXZYZZI', 'IIXZYZZIIIIIIIII']
clique 286 ['IIIIIIIIIYZIYZZI', 'IYZIYZZIIIIIIIII']
clique 287 ['IIIIIIIIIXZIYZZI', 'IXZIYZZIIIIIIIII']
clique 288 ['IIIIIIIIIZZIYZZI', 'IZZIYZZIIIIIIIII']
clique 289 ['IIIIIIIIIIYIYIXX', 'IIYIYIXXIIIIIIII']
clique 290 ['IIIIIIIIIIYIYIXY', 'IIYIYIXYIIIIIIII']
clique 291 ['IIIIIIIIIIXXYIYI', 'IIXXYIYIIIIIIIII']
clique 292 ['IIIIIIIIIIXYYIYI', 'IIXYYIYIIIIIIIII']
clique 293 ['IIIIIIIIIIXZYIYI', 'IIXZYIYIIIIIIIII']
clique 294 ['IIIIIIIIIIYIYIXZ', 'IIYIYIXZIIIIIIII']
clique 295 ['IIIIIIIIIXZIYIYI', 'IXZIYIYIIIIIIIII']
clique 296 ['IIIIIIIIIYZIYIYI', 'IYZIYIYIIIIIIIII']
clique 297 ['IIIIIIIIIZZIYIYI', 'IZZIYIYIIIIIIIII']
clique 298 ['IIIIIIIIIIYIYXZI', 'IIYIYXZIIIIIIIII']
clique 299 ['IIIIIIIIIIYIYYZI', 'IIYIYYZIIIIIIIII']
clique 300 ['IIIIIIIIIIYIYZZI', 'IIYIYZZIIIIIIIII']
clique 301 ['IIIIIIIIZIIIYIII', 'IIYIYIYIIIIIIIII']
clique 302 ['ZIIIIIIIXIIIYIII', 'IIIIZIXXIIIIIIII']
clique 303 ['IIIIIIIIIIYIYIYI', 'IIIIYIIIXIIIIIII']
clique 304 ['IIIIIIIIIIIIZIXX', 'ZIIIYIIIZIIIIIII']
clique 305 ['IIIIIIIIIIIIZIXY', 'IIIIZIXYIIIIIIII']
clique 306 ['IIIIIIIIIIIIZIXZ', 'IIIIZIXZIIIIIIII']
clique 307 ['IIIIIIIIIIIIZXZI', 'IIIIZXZIIIIIIIII']
clique 308 ['IIIIIIIIIIIIZYZI', 'IIIIZYZIIIIIIIII']
clique 309 ['IIIIIIIIIIIIZZZI', 'IIIIZZZIIIIIIIII']
clique 310 ['IIIIIIIIIIXXXIII', 'IIXXXIIIIIIIIIII']
clique 311 ['IIIIIIIIIIXYXIII', 'IIXYXIIIIIIIIIII']
clique 312 ['IIIIIIIIIIXZXIII', 'IIXZXIIIIIIIIIII']
clique 313 ['IIIIIIIIIXZIXIII', 'IXZIXIIIIIIIIIII']
clique 314 ['IIIIIIIIIYZIXIII', 'IYZIXIIIIIIIIIII']
clique 315 ['IIIIIIIIIZZIXIII', 'IZZIXIIIIIIIIIII']
clique 316 ['IIIIIIIIIIIIZIYI', 'IIIIZIYIIIIIIIII']
clique 317 ['IIIIIIIIIIYIXIII', 'IIYIXIIIIIIIIIII']
