GS energy with  DMRG -0.49999999999999994
N= 1.0000000000000004
E= -0.49999999999999994
D= [[0.90350196+0.j 0.29527304+0.j]
 [0.29527304+0.j 0.09649804+0.j]]
W= [6.18708905e-35+0.j]
local approximation with  1 sites
local interactions on sites [[0]]
Functional for interaction on sites [0]
interacting orbitals: [0, 1]
mapping: [0, 1]
orbinteractaca= [0, 1]
aca: level 0  norb= 2
Daca= [[0.90350196+0.j 0.29527304+0.j]
 [0.29527304+0.j 0.09649804+0.j]]
Naca= (0.9035019595621028, 0.09649804043789763)
nq= 2
interact= NN * (1+0j)
variational state:
      ┌──────────┐┌──────────┐            ┌──────────┐┌──────────┐            »
q0_0: ┤ Ry(y[0]) ├┤ Rz(y[2]) ├─────■──────┤ Ry(y[5]) ├┤ Rz(y[7]) ├─────■──────»
      ├──────────┤├──────────┤┌────┴─────┐├──────────┤├──────────┤┌────┴─────┐»
q0_1: ┤ Ry(y[1]) ├┤ Rz(y[3]) ├┤ Rx(y[4]) ├┤ Ry(y[6]) ├┤ Rz(y[8]) ├┤ Rx(y[9]) ├»
      └──────────┘└──────────┘└──────────┘└──────────┘└──────────┘└──────────┘»
c0: 2/════════════════════════════════════════════════════════════════════════»
                                                                              »
«      ┌───────────┐┌───────────┐             ┌───────────┐┌───────────┐
«q0_0: ┤ Ry(y[10]) ├┤ Rz(y[12]) ├──────■──────┤ Ry(y[15]) ├┤ Rz(y[17]) ├
«      ├───────────┤├───────────┤┌─────┴─────┐├───────────┤├───────────┤
«q0_1: ┤ Ry(y[11]) ├┤ Rz(y[13]) ├┤ Rx(y[14]) ├┤ Ry(y[16]) ├┤ Rz(y[18]) ├
«      └───────────┘└───────────┘└───────────┘└───────────┘└───────────┘
«c0: 2/═════════════════════════════════════════════════════════════════
«                                                                       
building constraints...
number of constraints= 4
plain pauliops= 6
['IZ', 'IX', 'ZX', 'IY', 'ZY', 'ZZ']
unique pauliops= 6
commutation mode= disjointqubits
graphclique-cliquecover: 6 with commutationmode disjointqubits
strategy largest_first 6
strategy random_sequential 6
strategy smallest_last 6
strategy independent_set 6
strategy connected_sequential_bfs 6
strategy connected_sequential_dfs 6
strategy saturation_largest_first 6
clique 0 ['IZ']
clique 1 ['IX']
clique 2 ['ZX']
clique 3 ['IY']
clique 4 ['ZY']
clique 5 ['ZZ']
groups with own implementation disjointqubits 6
