GS energy with  DMRG -14.766274432971183
N= 10.000000000000004
E= -14.766274432971183
D= [[ 5.00000000e-01+0.j -9.21317644e-13+0.j  4.20049756e-01+0.j
  -4.17841274e-13+0.j  2.30952410e-14+0.j  2.17187424e-14+0.j
  -1.69644913e-01+0.j  1.67336245e-13+0.j -1.04191829e-14+0.j
  -1.40713175e-14+0.j  1.13612483e-01+0.j -1.12556330e-13+0.j
   4.73796349e-15+0.j  9.59041807e-15+0.j -9.02593228e-02+0.j
   9.04163558e-14+0.j -1.10241677e-15+0.j -5.42424982e-15+0.j
   7.90951304e-02+0.j -7.82789198e-14+0.j]
 [-9.21276504e-13+0.j  5.00000000e-01+0.j  4.18226930e-13+0.j
   4.20049769e-01+0.j  2.02313886e-14+0.j -1.84748050e-16+0.j
  -1.67444840e-13+0.j -1.69644919e-01+0.j -1.20401756e-14+0.j
  -1.90038957e-15+0.j  1.11723936e-13+0.j  1.13612660e-01+0.j
   8.80261315e-15+0.j -1.81851062e-14+0.j -8.98313329e-14+0.j
  -9.02597127e-02+0.j -5.01199755e-15+0.j -1.31786942e-14+0.j
   8.02078819e-14+0.j  7.90951965e-02+0.j]
 [ 4.20049756e-01+0.j  4.18165720e-13+0.j  5.00000000e-01+0.j
   6.81736297e-13+0.j  2.44638157e-01+0.j -5.91086832e-18+0.j
  -5.08100506e-14+0.j -2.65654091e-13+0.j -5.25418624e-02+0.j
   2.34628978e-16+0.j  3.30782493e-14+0.j  1.77863737e-13+0.j
   2.04337624e-02+0.j -6.11372560e-16+0.j -3.75409610e-14+0.j
  -1.42100495e-13+0.j -7.78904331e-03+0.j  1.04900435e-15+0.j
  -5.40610308e-17+0.j  1.25210674e-13+0.j]
 [-4.17822513e-13+0.j  4.20049769e-01+0.j  6.81719398e-13+0.j
   5.00000000e-01+0.j -5.67089093e-16+0.j  2.44638154e-01+0.j
  -2.64761794e-13+0.j  3.52181094e-13+0.j -1.24042160e-16+0.j
  -5.25418413e-02+0.j  1.76767012e-13+0.j -2.32215939e-13+0.j
   3.27717274e-16+0.j  2.04340383e-02+0.j -1.41089724e-13+0.j
   1.90751061e-13+0.j -3.70697970e-16+0.j -7.78915238e-03+0.j
   1.23928802e-13+0.j -1.62801529e-13+0.j]
 [ 2.31477164e-14+0.j  2.02776592e-14+0.j  2.44638157e-01+0.j
  -5.88110230e-16+0.j  5.00000000e-01+0.j -5.99688413e-14+0.j
   3.68901810e-01+0.j  2.22785022e-15+0.j  1.75658099e-14+0.j
   2.12089576e-14+0.j -1.50691546e-01+0.j -1.05716525e-15+0.j
  -6.13354853e-15+0.j -1.20689190e-14+0.j  1.06793513e-01+0.j
  -2.68950321e-16+0.j  1.86695277e-14+0.j  6.16598267e-15+0.j
  -9.02600089e-02+0.j  1.69853328e-16+0.j]
 [ 2.17232278e-14+0.j -1.70870262e-16+0.j -6.62511237e-18+0.j
   2.44638154e-01+0.j -5.99883782e-14+0.j  5.00000000e-01+0.j
  -1.39443237e-15+0.j  3.68901789e-01+0.j  1.94459282e-14+0.j
  -3.14765575e-15+0.j  1.71959818e-15+0.j -1.50691452e-01+0.j
  -1.14768408e-14+0.j -1.48717844e-14+0.j -4.25802882e-16+0.j
   1.06793601e-01+0.j  5.59400239e-15+0.j -6.63358257e-15+0.j
  -1.21529190e-15+0.j -9.02594929e-02+0.j]
 [-1.69644913e-01+0.j -1.67436640e-13+0.j -5.07995881e-14+0.j
  -2.64759163e-13+0.j  3.68901810e-01+0.j -1.36140549e-15+0.j
   5.00000000e-01+0.j  1.50844280e-13+0.j  2.65844008e-01+0.j
  -3.67730183e-16+0.j -3.41946523e-14+0.j -9.20789037e-14+0.j
  -6.05992546e-02+0.j  5.70881460e-16+0.j -4.91143584e-16+0.j
   7.34439816e-14+0.j  2.04343039e-02+0.j -2.25859576e-15+0.j
  -6.14957575e-14+0.j -6.55525177e-14+0.j]
 [ 1.67312725e-13+0.j -1.69644919e-01+0.j -2.65652304e-13+0.j
   3.52171309e-13+0.j  2.33535056e-15+0.j  3.68901789e-01+0.j
   1.50787277e-13+0.j  5.00000000e-01+0.j -8.59258570e-16+0.j
   2.65843997e-01+0.j -9.05010128e-14+0.j  1.05007908e-13+0.j
  -2.00304585e-16+0.j -6.05993116e-02+0.j  7.21043109e-14+0.j
  -7.62063481e-14+0.j  7.64649271e-16+0.j  2.04338924e-02+0.j
  -6.37901142e-14+0.j  6.74969677e-14+0.j]
 [-1.02522157e-14+0.j -1.20357710e-14+0.j -5.25418624e-02+0.j
  -1.23380960e-16+0.j  1.73559084e-14+0.j  1.93483959e-14+0.j
   2.65844008e-01+0.j -8.77795975e-16+0.j  5.00000000e-01+0.j
  -3.52343590e-14+0.j  3.60953121e-01+0.j  8.26692706e-16+0.j
   1.29401698e-14+0.j  1.41024566e-14+0.j -1.50691549e-01+0.j
   9.61278721e-16+0.j  3.72098186e-16+0.j -6.06295275e-15+0.j
   1.13612552e-01+0.j -3.86860068e-15+0.j]
 [-1.41210640e-14+0.j -1.86482774e-15+0.j  2.32470461e-16+0.j
  -5.25418413e-02+0.j  2.12008942e-14+0.j -3.22485094e-15+0.j
  -3.67784562e-16+0.j  2.65843997e-01+0.j -3.53519077e-14+0.j
   5.00000000e-01+0.j -9.46160822e-17+0.j  3.60953122e-01+0.j
   1.41557578e-14+0.j -3.96384314e-15+0.j -1.09230382e-15+0.j
  -1.50691624e-01+0.j -6.39661874e-15+0.j  4.16333634e-16+0.j
   2.29941538e-15+0.j  1.13612377e-01+0.j]
 [ 1.13612483e-01+0.j  1.11760012e-13+0.j  3.30873295e-14+0.j
   1.76769648e-13+0.j -1.50691546e-01+0.j  1.70133637e-15+0.j
  -3.41812082e-14+0.j -9.04751955e-14+0.j  3.60953121e-01+0.j
  -7.60644866e-17+0.j  5.00000000e-01+0.j  8.57782940e-14+0.j
   2.65844013e-01+0.j -1.01359824e-15+0.j -2.73440125e-14+0.j
  -6.14586926e-14+0.j -5.25418523e-02+0.j -6.64025302e-18+0.j
   2.45452530e-14+0.j  5.47417596e-14+0.j]
 [-1.12513772e-13+0.j  1.13612660e-01+0.j  1.77857939e-13+0.j
  -2.32197142e-13+0.j -1.19790162e-15+0.j -1.50691452e-01+0.j
  -9.20542521e-14+0.j  1.04879050e-13+0.j  7.46928926e-16+0.j
   3.60953122e-01+0.j  8.57721441e-14+0.j  5.00000000e-01+0.j
   8.36362453e-16+0.j  2.65844030e-01+0.j -6.16962391e-14+0.j
   5.72302622e-14+0.j -5.89880813e-16+0.j -5.25418686e-02+0.j
   5.43690125e-14+0.j -4.85790634e-14+0.j]
 [ 4.65252836e-15+0.j  8.78841111e-15+0.j  2.04337624e-02+0.j
   3.28309622e-16+0.j -6.11967074e-15+0.j -1.14781928e-14+0.j
  -6.05992546e-02+0.j -2.05605853e-16+0.j  1.29683590e-14+0.j
   1.41240217e-14+0.j  2.65844013e-01+0.j  8.20770800e-16+0.j
   5.00000000e-01+0.j -2.48782184e-14+0.j  3.68901800e-01+0.j
  -2.00549328e-15+0.j  6.02469463e-15+0.j  7.29327738e-15+0.j
  -1.69644894e-01+0.j  2.37530808e-15+0.j]
 [ 9.57383287e-15+0.j -1.83238841e-14+0.j -6.11773346e-16+0.j
   2.04340383e-02+0.j -1.20560452e-14+0.j -1.48301510e-14+0.j
   5.70526700e-16+0.j -6.05993116e-02+0.j  1.41524404e-14+0.j
  -3.91006671e-15+0.j -1.01230810e-15+0.j  2.65844030e-01+0.j
  -2.48062551e-14+0.j  5.00000000e-01+0.j  1.87143677e-15+0.j
   3.68901816e-01+0.j  7.69210120e-15+0.j -2.21350716e-15+0.j
  -2.61035964e-15+0.j -1.69644893e-01+0.j]
 [-9.02593228e-02+0.j -8.98711596e-14+0.j -3.75508001e-14+0.j
  -1.41093127e-13+0.j  1.06793513e-01+0.j -3.84573162e-16+0.j
  -5.09791862e-16+0.j  7.20885705e-14+0.j -1.50691549e-01+0.j
  -1.04578212e-15+0.j -2.71913568e-14+0.j -6.16700105e-14+0.j
   3.68901800e-01+0.j  2.06982002e-15+0.j  5.00000000e-01+0.j
   7.03152704e-14+0.j  2.44638158e-01+0.j -1.00598700e-15+0.j
  -2.85255760e-14+0.j -5.49367097e-14+0.j]
 [ 9.03505548e-14+0.j -9.02597127e-02+0.j -1.42093802e-13+0.j
   1.90746277e-13+0.j -1.76605526e-16+0.j  1.06793601e-01+0.j
   7.34276417e-14+0.j -7.61056528e-14+0.j  9.94327206e-16+0.j
  -1.50691624e-01+0.j -6.14614739e-14+0.j  5.71656437e-14+0.j
  -2.01195298e-15+0.j  3.68901816e-01+0.j  7.02962303e-14+0.j
   5.00000000e-01+0.j  1.52145661e-15+0.j  2.44638157e-01+0.j
  -5.53809260e-14+0.j  4.24755710e-14+0.j]
 [-1.04126777e-15+0.j -5.01442849e-15+0.j -7.78904331e-03+0.j
  -3.70296289e-16+0.j  1.86660583e-14+0.j  5.58005314e-15+0.j
   2.04343039e-02+0.j  7.66813012e-16+0.j  3.65159292e-16+0.j
  -6.40328612e-15+0.j -5.25418523e-02+0.j -5.90282777e-16+0.j
   6.04464395e-15+0.j  7.67874678e-15+0.j  2.44638158e-01+0.j
   1.52441911e-15+0.j  5.00000000e-01+0.j -1.65532576e-14+0.j
   4.20049755e-01+0.j -2.24046386e-15+0.j]
 [-5.41503451e-15+0.j -1.31682859e-14+0.j  1.04893610e-15+0.j
  -7.78915238e-03+0.j  6.17541886e-15+0.j -6.60929644e-15+0.j
  -2.26123178e-15+0.j  2.04338924e-02+0.j -6.04993388e-15+0.j
   3.92047506e-16+0.j -9.11897253e-18+0.j -5.25418686e-02+0.j
   7.29299369e-15+0.j -2.29677388e-15+0.j -1.00711810e-15+0.j
   2.44638157e-01+0.j -1.65689343e-14+0.j  5.00000000e-01+0.j
   1.94794678e-15+0.j  4.20049744e-01+0.j]
 [ 7.90951304e-02+0.j  8.02427849e-14+0.j -4.47639972e-17+0.j
   1.23931852e-13+0.j -9.02600089e-02+0.j -1.22187786e-15+0.j
  -6.14770279e-14+0.j -6.37757056e-14+0.j  1.13612552e-01+0.j
   2.28955505e-15+0.j  2.44419285e-14+0.j  5.43437744e-14+0.j
  -1.69644894e-01+0.j -2.70564184e-15+0.j -2.85335991e-14+0.j
  -5.53673972e-14+0.j  4.20049755e-01+0.j  2.00975842e-15+0.j
   5.00000000e-01+0.j  6.90068492e-14+0.j]
 [-7.82413000e-14+0.j  7.90951965e-02+0.j  1.25205379e-13+0.j
  -1.62798264e-13+0.j  9.30148827e-17+0.j -9.02594929e-02+0.j
  -6.55391700e-14+0.j  6.74091839e-14+0.j -3.89377691e-15+0.j
   1.13612377e-01+0.j  5.47326042e-14+0.j -4.85363610e-14+0.j
   2.38286604e-15+0.j -1.69644893e-01+0.j -5.49279911e-14+0.j
   4.24608847e-14+0.j -2.26142752e-15+0.j  4.20049744e-01+0.j
   6.90019056e-14+0.j  5.00000000e-01+0.j]]
W= [0.19162834+0.j 0.20984444+0.j 0.21024955+0.j 0.21239985+0.j
 0.21238177+0.j 0.21238176+0.j 0.21239984+0.j 0.21024955+0.j
 0.20984444+0.j 0.19162834+0.j]
local approximation with  1 sites
local interactions on sites [[0], [1], [2], [3], [4], [5], [6], [7], [8], [9]]
Functional for interaction on sites [0]
aca-directory for images already exists
aca-directory for images already exists
aca-directory for images already exists
interacting orbitals: [0, 1]
mapping: [0, 1, 2, 3, 4, 5, 6, 7, 8, 9, 10, 11, 12, 13, 14, 15, 16, 17, 18, 19]
aca-directory for images already exists
aca-directory for images already exists
aca-directory for images already exists
orbinteractaca= [0, 1]
aca-directory for images already exists
aca-directory for images already exists
aca-directory for images already exists
aca-directory for images already exists
aca-directory for images already exists
aca-directory for images already exists
aca-directory for images already exists
aca-directory for images already exists
aca-directory for images already exists
aca-directory for images already exists
aca-directory for images already exists
aca-directory for images already exists
aca-directory for images already exists
aca-directory for images already exists
aca-directory for images already exists
aca-directory for images already exists
aca-directory for images already exists
aca-directory for images already exists
aca-directory for images already exists
aca-directory for images already exists
aca-directory for images already exists
aca-directory for images already exists
aca-directory for images already exists
aca-directory for images already exists
aca-directory for images already exists
aca-directory for images already exists
aca-directory for images already exists
aca-directory for images already exists
aca-directory for images already exists
aca-directory for images already exists
aca-directory for images already exists
aca-directory for images already exists
aca-directory for images already exists
aca-directory for images already exists
aca-directory for images already exists
aca-directory for images already exists
aca-directory for images already exists
aca-directory for images already exists
aca-directory for images already exists
aca-directory for images already exists
aca-directory for images already exists
aca-directory for images already exists
aca-directory for images already exists
aca-directory for images already exists
aca-directory for images already exists
aca-directory for images already exists
aca-directory for images already exists
aca-directory for images already exists
aca-directory for images already exists
aca-directory for images already exists
aca-directory for images already exists
aca-directory for images already exists
aca-directory for images already exists
aca-directory for images already exists
aca-directory for images already exists
aca-directory for images already exists
aca-directory for images already exists
aca: level 9  norb= 20
Daca= [[ 5.00000000e-01+0.j -9.21317644e-13+0.j -4.82215486e-01+0.j
   1.13834167e-28+0.j  5.34161767e-30+0.j -1.98340081e-30+0.j
   1.10729156e-17+0.j -2.09033824e-29+0.j -8.75061509e-32+0.j
   1.67599603e-30+0.j  2.01805586e-17+0.j -2.88101770e-29+0.j
  -9.34140515e-31+0.j  4.24934097e-31+0.j  7.60391921e-18+0.j
  -7.80935286e-30+0.j -3.24769981e-31+0.j  1.65850986e-31+0.j
  -8.52187374e-18+0.j -5.26352534e-30+0.j]
 [-9.21276504e-13+0.j  5.00000000e-01+0.j -3.84782469e-16+0.j
  -4.82215625e-01+0.j  2.59226436e-30+0.j  4.33271136e-33+0.j
   2.42080997e-29+0.j -3.26653259e-17+0.j -8.90931000e-31+0.j
  -8.51970242e-31+0.j -1.11451862e-29+0.j -8.85308196e-18+0.j
  -6.70230906e-31+0.j -2.59806880e-30+0.j  2.26348786e-29+0.j
  -9.73005638e-18+0.j  7.71304158e-32+0.j -2.05351411e-30+0.j
  -1.46531838e-29+0.j  8.82051994e-18+0.j]
 [-4.82215486e-01+0.j -3.50258537e-16+0.j  5.00000000e-01+0.j
   9.09140202e-13+0.j  1.60865943e-02+0.j  5.15559203e-30+0.j
  -9.71050010e-32+0.j -8.12040721e-31+0.j -1.18740685e-18+0.j
   7.98024580e-31+0.j -8.35018206e-32+0.j  7.97244760e-31+0.j
   1.61070991e-18+0.j -6.34346819e-31+0.j -2.78720596e-31+0.j
  -1.15510869e-30+0.j -1.21637448e-18+0.j  7.97690623e-32+0.j
  -7.88860905e-31+0.j  3.94430453e-31+0.j]
 [-5.31297801e-17+0.j -4.82215625e-01+0.j  9.09117039e-13+0.j
   5.00000000e-01+0.j -1.46973483e-15+0.j  1.60864533e-02+0.j
  -1.62437527e-31+0.j  1.06716300e-31+0.j  1.17619766e-30+0.j
   1.30208264e-19+0.j  7.82599659e-32+0.j -5.60777833e-31+0.j
   1.71532090e-31+0.j  4.79973474e-19+0.j -2.85069638e-31+0.j
   2.23958137e-31+0.j  9.03699610e-31+0.j -5.66209658e-19+0.j
   3.76951769e-40+0.j -1.57772181e-30+0.j]
 [ 5.24753851e-17+0.j  4.62705997e-17+0.j  1.60865943e-02+0.j
  -1.42120022e-15+0.j  5.00000000e-01+0.j -4.10179034e-13+0.j
   4.80797740e-01+0.j -9.09113019e-30+0.j  8.76630430e-30+0.j
   1.19168481e-29+0.j  3.66770087e-17+0.j -4.88483566e-29+0.j
  -4.87554841e-30+0.j -5.86410862e-30+0.j -6.86901612e-17+0.j
  -1.89106681e-29+0.j  3.26783244e-29+0.j  1.30851851e-29+0.j
   1.07762056e-16+0.j -8.86581320e-29+0.j]
 [ 4.48543663e-18+0.j  1.38777878e-17+0.j  3.55863264e-17+0.j
   1.60864533e-02+0.j -4.10254864e-13+0.j  5.00000000e-01+0.j
   7.47302996e-16+0.j  4.80797551e-01+0.j -1.08605402e-29+0.j
   1.87946785e-30+0.j -4.97482101e-29+0.j  1.35602334e-17+0.j
   2.95937338e-30+0.j  5.50243310e-29+0.j  3.43343986e-30+0.j
  -3.62837957e-17+0.j  9.57273307e-30+0.j -3.25034789e-29+0.j
  -8.15178716e-30+0.j  3.64491553e-17+0.j]
 [-1.13393494e-16+0.j -9.79983138e-18+0.j  1.09062496e-17+0.j
   2.09206061e-17+0.j  4.80797740e-01+0.j  8.22237826e-16+0.j
   5.00000000e-01+0.j  4.15140049e-13+0.j  8.42230263e-03+0.j
  -1.40044508e-30+0.j -1.29212014e-31+0.j  1.80154535e-31+0.j
   6.73804620e-19+0.j -1.05504781e-30+0.j -4.63424787e-31+0.j
  -7.31704460e-31+0.j  2.62445710e-19+0.j -6.54841299e-31+0.j
   1.57772181e-30+0.j  0.00000000e+00+0.j]
 [-1.00031675e-17+0.j  9.48368496e-17+0.j -2.93853612e-18+0.j
  -4.50579488e-17+0.j  1.15722054e-16+0.j  4.80797551e-01+0.j
   4.15140132e-13+0.j  5.00000000e-01+0.j  2.51926484e-15+0.j
   8.42240578e-03+0.j -1.15929065e-32+0.j -3.47039951e-30+0.j
  -1.97911222e-30+0.j -8.90031550e-19+0.j  1.75882902e-31+0.j
  -5.98194649e-30+0.j  2.50085450e-30+0.j  7.16833927e-20+0.j
  -1.98403065e-39+0.j -3.94430453e-31+0.j]
 [ 1.66967135e-16+0.j  4.40461932e-18+0.j -1.78974486e-16+0.j
  -6.95745154e-17+0.j  2.43386057e-16+0.j  1.23745639e-16+0.j
   8.42230263e-03+0.j  2.37646855e-15+0.j  5.00000000e-01+0.j
  -5.58444995e-13+0.j  4.88995526e-01+0.j  6.31060162e-29+0.j
   6.22934326e-29+0.j  2.87652157e-29+0.j  3.72273884e-17+0.j
  -3.43840045e-29+0.j -9.12151268e-29+0.j -1.79462366e-29+0.j
  -7.04035390e-17+0.j  9.97257056e-29+0.j]
 [-4.97465745e-17+0.j  3.55618313e-17+0.j -1.92850860e-17+0.j
  -7.74274900e-18+0.j -2.05187270e-17+0.j  5.74070918e-17+0.j
   6.48165539e-17+0.j  8.42240578e-03+0.j -5.58447555e-13+0.j
   5.00000000e-01+0.j -2.86353823e-15+0.j  4.88995590e-01+0.j
  -5.74261174e-29+0.j -3.88340023e-28+0.j -1.15777068e-28+0.j
  -7.85525737e-17+0.j  3.63742537e-29+0.j -8.35286221e-28+0.j
   1.62598328e-28+0.j  1.66488426e-16+0.j]
 [ 3.05888995e-17+0.j  4.81305939e-17+0.j -3.04136053e-17+0.j
   9.64540535e-18+0.j  2.14160199e-16+0.j -1.19462097e-17+0.j
   9.17236051e-17+0.j -1.94019735e-17+0.j  4.88995526e-01+0.j
  -2.79166710e-15+0.j  5.00000000e-01+0.j  5.62889168e-13+0.j
   3.20471357e-03+0.j  1.20777417e-31+0.j -2.92012966e-30+0.j
  -2.85886882e-32+0.j  2.57868874e-19+0.j -3.85173795e-31+0.j
  -1.57772182e-30+0.j  3.94430453e-31+0.j]
 [ 3.35048080e-17+0.j -3.20452786e-16+0.j  1.24801245e-18+0.j
  -2.26981797e-17+0.j  4.83175182e-18+0.j  1.93971475e-16+0.j
   1.43868762e-17+0.j  4.21167529e-17+0.j  2.06860010e-17+0.j
   4.88995590e-01+0.j  5.62852281e-13+0.j  5.00000000e-01+0.j
  -7.91031499e-17+0.j  3.20488491e-03+0.j  9.58610143e-33+0.j
   2.47534785e-30+0.j -3.90371762e-31+0.j  9.79130082e-20+0.j
  -3.94430452e-31+0.j  0.00000000e+00+0.j]
 [-8.54351312e-17+0.j -1.42020385e-17+0.j  4.87394163e-17+0.j
   2.57055948e-17+0.j  1.23346129e-18+0.j  2.27504560e-17+0.j
   2.57828268e-16+0.j  5.75597516e-17+0.j  5.73022864e-17+0.j
  -3.16620256e-17+0.j  3.20471357e-03+0.j -1.05018320e-16+0.j
   5.00000000e-01+0.j -6.61339846e-13+0.j -4.92294276e-01+0.j
  -4.50504534e-29+0.j  4.62710404e-28+0.j  7.58786700e-29+0.j
   1.21504749e-16+0.j -1.85422674e-28+0.j]
 [-1.65851989e-17+0.j -1.38777878e-16+0.j -4.28406838e-17+0.j
   1.14840820e-17+0.j -2.98078147e-17+0.j  2.05178757e-17+0.j
   1.18702791e-16+0.j -1.16905154e-16+0.j  4.03196669e-17+0.j
  -1.04593045e-16+0.j  5.32139375e-17+0.j  3.20488491e-03+0.j
  -6.61395342e-13+0.j  5.00000000e-01+0.j -1.82593640e-15+0.j
  -4.92294437e-01+0.j -6.82337685e-30+0.j  4.23506043e-28+0.j
   5.96487365e-29+0.j -2.93303703e-17+0.j]
 [-1.56110609e-16+0.j -4.94034796e-17+0.j -2.04476024e-17+0.j
  -7.96013271e-18+0.j -2.39952063e-16+0.j -3.45565158e-17+0.j
   3.98142257e-17+0.j  2.07059430e-17+0.j  2.16617019e-17+0.j
   2.69493386e-17+0.j -5.65094139e-17+0.j  4.63458438e-18+0.j
  -4.92294276e-01+0.j -1.83673331e-15+0.j  5.00000000e-01+0.j
   6.62744763e-13+0.j -1.29268676e-03+0.j -2.22891809e-31+0.j
  -3.43418202e-40+0.j -2.46519033e-32+0.j]
 [-5.86094448e-17+0.j  7.28861492e-17+0.j -8.39529811e-18+0.j
   7.19435396e-17+0.j  1.29069152e-17+0.j -1.12611629e-16+0.j
   5.81303708e-18+0.j -1.63630086e-16+0.j  1.96640423e-17+0.j
   4.71415313e-18+0.j -5.45151225e-18+0.j -4.48948420e-17+0.j
   4.24285027e-17+0.j -4.92294437e-01+0.j  6.62725742e-13+0.j
   5.00000000e-01+0.j  1.62076529e-15+0.j -1.29269977e-03+0.j
  -8.67225813e-39+0.j -7.88860905e-31+0.j]
 [ 6.11490025e-17+0.j -2.43093969e-18+0.j  2.07986601e-17+0.j
  -1.69916016e-17+0.j  1.05519624e-17+0.j  5.85247257e-18+0.j
  -1.89345462e-16+0.j -5.79133346e-17+0.j -3.58972986e-17+0.j
   8.03139892e-19+0.j -9.01823574e-17+0.j  1.22174439e-19+0.j
  -9.28030337e-17+0.j  2.24683501e-17+0.j -1.29268676e-03+0.j
   1.62238911e-15+0.j  5.00000000e-01+0.j -7.57936100e-13+0.j
  -4.93673485e-01+0.j  0.00000000e+00+0.j]
 [ 9.21530257e-18+0.j  1.04083409e-17+0.j  2.98932780e-18+0.j
   1.44227658e-17+0.j  1.07749486e-17+0.j -2.00595134e-17+0.j
  -1.53110482e-17+0.j  2.72954765e-17+0.j -2.90659277e-17+0.j
  -6.96670716e-17+0.j -5.19615962e-17+0.j  1.32184538e-16+0.j
  -2.50425506e-17+0.j -1.13509533e-17+0.j -3.22524037e-17+0.j
  -1.29269977e-03+0.j -7.57883015e-13+0.j  5.00000000e-01+0.j
   1.85477457e-16+0.j  4.93673318e-01+0.j]
 [-8.52187374e-18+0.j  4.32952485e-17+0.j  2.01611580e-17+0.j
   1.37612897e-17+0.j  3.43402521e-16+0.j -2.91699443e-19+0.j
  -1.15937340e-16+0.j -3.91041274e-17+0.j -7.86223392e-17+0.j
  -6.78322695e-18+0.j  1.33194359e-16+0.j  3.34776794e-17+0.j
   4.06347221e-16+0.j  4.88715446e-17+0.j -3.98445105e-17+0.j
  -8.01785272e-18+0.j -4.93673485e-01+0.j  6.68410924e-17+0.j
   5.00000000e-01+0.j -7.59032092e-13+0.j]
 [ 3.13177171e-17+0.j -3.28128435e-17+0.j  1.05141369e-17+0.j
  -1.00463098e-16+0.j -3.78361985e-17+0.j  2.58493760e-16+0.j
  -1.60181362e-17+0.j  1.78025999e-16+0.j -4.19049394e-17+0.j
   3.33021879e-16+0.j  5.04427422e-18+0.j -9.21143623e-17+0.j
  -1.32353913e-17+0.j  2.52929517e-17+0.j -3.31596680e-19+0.j
  -7.05379213e-17+0.j -7.46960726e-18+0.j  4.93673318e-01+0.j
  -7.59007047e-13+0.j  5.00000000e-01+0.j]]
rounding Naca1 to integer
rounding Naca2 to integer
Naca= (5, 5)
nq= 20
variational state:
        ┌──────────┐┌───────────┐┌───┐     ┌───────────┐┌───────────┐»
 q0_0: ─┤ Ry(y[0]) ├┤ Rz(y[20]) ├┤ X ├──■──┤ Ry(y[40]) ├┤ Rz(y[60]) ├»
        ├──────────┤├───────────┤└─┬─┘┌─┴─┐└───────────┘├───────────┤»
 q0_1: ─┤ Ry(y[1]) ├┤ Rz(y[21]) ├──┼──┤ X ├──────■──────┤ Ry(y[41]) ├»
        ├──────────┤├───────────┤  │  └───┘    ┌─┴─┐    └───────────┘»
 q0_2: ─┤ Ry(y[2]) ├┤ Rz(y[22]) ├──┼───────────┤ X ├──────────■──────»
        ├──────────┤├───────────┤  │           └───┘        ┌─┴─┐    »
 q0_3: ─┤ Ry(y[3]) ├┤ Rz(y[23]) ├──┼────────────────────────┤ X ├────»
        ├──────────┤├───────────┤  │                        └───┘    »
 q0_4: ─┤ Ry(y[4]) ├┤ Rz(y[24]) ├──┼─────────────────────────────────»
        ├──────────┤├───────────┤  │                                 »
 q0_5: ─┤ Ry(y[5]) ├┤ Rz(y[25]) ├──┼─────────────────────────────────»
        ├──────────┤├───────────┤  │                                 »
 q0_6: ─┤ Ry(y[6]) ├┤ Rz(y[26]) ├──┼─────────────────────────────────»
        ├──────────┤├───────────┤  │                                 »
 q0_7: ─┤ Ry(y[7]) ├┤ Rz(y[27]) ├──┼─────────────────────────────────»
        ├──────────┤├───────────┤  │                                 »
 q0_8: ─┤ Ry(y[8]) ├┤ Rz(y[28]) ├──┼─────────────────────────────────»
        ├──────────┤├───────────┤  │                                 »
 q0_9: ─┤ Ry(y[9]) ├┤ Rz(y[29]) ├──┼─────────────────────────────────»
       ┌┴──────────┤├───────────┤  │                                 »
q0_10: ┤ Ry(y[10]) ├┤ Rz(y[30]) ├──┼─────────────────────────────────»
       ├───────────┤├───────────┤  │                                 »
q0_11: ┤ Ry(y[11]) ├┤ Rz(y[31]) ├──┼─────────────────────────────────»
       ├───────────┤├───────────┤  │                                 »
q0_12: ┤ Ry(y[12]) ├┤ Rz(y[32]) ├──┼─────────────────────────────────»
       ├───────────┤├───────────┤  │                                 »
q0_13: ┤ Ry(y[13]) ├┤ Rz(y[33]) ├──┼─────────────────────────────────»
       ├───────────┤├───────────┤  │                                 »
q0_14: ┤ Ry(y[14]) ├┤ Rz(y[34]) ├──┼─────────────────────────────────»
       ├───────────┤├───────────┤  │                                 »
q0_15: ┤ Ry(y[15]) ├┤ Rz(y[35]) ├──┼─────────────────────────────────»
       ├───────────┤├───────────┤  │                                 »
q0_16: ┤ Ry(y[16]) ├┤ Rz(y[36]) ├──┼─────────────────────────────────»
       ├───────────┤├───────────┤  │                                 »
q0_17: ┤ Ry(y[17]) ├┤ Rz(y[37]) ├──┼─────────────────────────────────»
       ├───────────┤├───────────┤  │                                 »
q0_18: ┤ Ry(y[18]) ├┤ Rz(y[38]) ├──┼─────────────────────────────────»
       ├───────────┤├───────────┤  │                                 »
q0_19: ┤ Ry(y[19]) ├┤ Rz(y[39]) ├──■─────────────────────────────────»
       └───────────┘└───────────┘                                    »
c0: 20/══════════════════════════════════════════════════════════════»
                                                                     »
«                                                                        »
« q0_0: ─────────────────────────────────────────────────────────────────»
«       ┌───────────┐                                                    »
« q0_1: ┤ Rz(y[61]) ├────────────────────────────────────────────────────»
«       ├───────────┤┌───────────┐                                       »
« q0_2: ┤ Ry(y[42]) ├┤ Rz(y[62]) ├───────────────────────────────────────»
«       └───────────┘├───────────┤┌───────────┐                          »
« q0_3: ──────■──────┤ Ry(y[43]) ├┤ Rz(y[63]) ├──────────────────────────»
«           ┌─┴─┐    └───────────┘├───────────┤┌───────────┐             »
« q0_4: ────┤ X ├──────────■──────┤ Ry(y[44]) ├┤ Rz(y[64]) ├─────────────»
«           └───┘        ┌─┴─┐    └───────────┘├───────────┤┌───────────┐»
« q0_5: ─────────────────┤ X ├──────────■──────┤ Ry(y[45]) ├┤ Rz(y[65]) ├»
«                        └───┘        ┌─┴─┐    └───────────┘├───────────┤»
« q0_6: ──────────────────────────────┤ X ├──────────■──────┤ Ry(y[46]) ├»
«                                     └───┘        ┌─┴─┐    └───────────┘»
« q0_7: ───────────────────────────────────────────┤ X ├──────────■──────»
«                                                  └───┘        ┌─┴─┐    »
« q0_8: ────────────────────────────────────────────────────────┤ X ├────»
«                                                               └───┘    »
« q0_9: ─────────────────────────────────────────────────────────────────»
«                                                                        »
«q0_10: ─────────────────────────────────────────────────────────────────»
«                                                                        »
«q0_11: ─────────────────────────────────────────────────────────────────»
«                                                                        »
«q0_12: ─────────────────────────────────────────────────────────────────»
«                                                                        »
«q0_13: ─────────────────────────────────────────────────────────────────»
«                                                                        »
«q0_14: ─────────────────────────────────────────────────────────────────»
«                                                                        »
«q0_15: ─────────────────────────────────────────────────────────────────»
«                                                                        »
«q0_16: ─────────────────────────────────────────────────────────────────»
«                                                                        »
«q0_17: ─────────────────────────────────────────────────────────────────»
«                                                                        »
«q0_18: ─────────────────────────────────────────────────────────────────»
«                                                                        »
«q0_19: ─────────────────────────────────────────────────────────────────»
«                                                                        »
«c0: 20/═════════════════════════════════════════════════════════════════»
«                                                                        »
«                                                                        »
« q0_0: ─────────────────────────────────────────────────────────────────»
«                                                                        »
« q0_1: ─────────────────────────────────────────────────────────────────»
«                                                                        »
« q0_2: ─────────────────────────────────────────────────────────────────»
«                                                                        »
« q0_3: ─────────────────────────────────────────────────────────────────»
«                                                                        »
« q0_4: ─────────────────────────────────────────────────────────────────»
«                                                                        »
« q0_5: ─────────────────────────────────────────────────────────────────»
«       ┌───────────┐                                                    »
« q0_6: ┤ Rz(y[66]) ├────────────────────────────────────────────────────»
«       ├───────────┤┌───────────┐                                       »
« q0_7: ┤ Ry(y[47]) ├┤ Rz(y[67]) ├───────────────────────────────────────»
«       └───────────┘├───────────┤┌───────────┐                          »
« q0_8: ──────■──────┤ Ry(y[48]) ├┤ Rz(y[68]) ├──────────────────────────»
«           ┌─┴─┐    └───────────┘├───────────┤┌───────────┐             »
« q0_9: ────┤ X ├──────────■──────┤ Ry(y[49]) ├┤ Rz(y[69]) ├─────────────»
«           └───┘        ┌─┴─┐    └───────────┘├───────────┤┌───────────┐»
«q0_10: ─────────────────┤ X ├──────────■──────┤ Ry(y[50]) ├┤ Rz(y[70]) ├»
«                        └───┘        ┌─┴─┐    └───────────┘├───────────┤»
«q0_11: ──────────────────────────────┤ X ├──────────■──────┤ Ry(y[51]) ├»
«                                     └───┘        ┌─┴─┐    └───────────┘»
«q0_12: ───────────────────────────────────────────┤ X ├──────────■──────»
«                                                  └───┘        ┌─┴─┐    »
«q0_13: ────────────────────────────────────────────────────────┤ X ├────»
«                                                               └───┘    »
«q0_14: ─────────────────────────────────────────────────────────────────»
«                                                                        »
«q0_15: ─────────────────────────────────────────────────────────────────»
«                                                                        »
«q0_16: ─────────────────────────────────────────────────────────────────»
«                                                                        »
«q0_17: ─────────────────────────────────────────────────────────────────»
«                                                                        »
«q0_18: ─────────────────────────────────────────────────────────────────»
«                                                                        »
«q0_19: ─────────────────────────────────────────────────────────────────»
«                                                                        »
«c0: 20/═════════════════════════════════════════════════════════════════»
«                                                                        »
«                                                                        »
« q0_0: ─────────────────────────────────────────────────────────────────»
«                                                                        »
« q0_1: ─────────────────────────────────────────────────────────────────»
«                                                                        »
« q0_2: ─────────────────────────────────────────────────────────────────»
«                                                                        »
« q0_3: ─────────────────────────────────────────────────────────────────»
«                                                                        »
« q0_4: ─────────────────────────────────────────────────────────────────»
«                                                                        »
« q0_5: ─────────────────────────────────────────────────────────────────»
«                                                                        »
« q0_6: ─────────────────────────────────────────────────────────────────»
«                                                                        »
« q0_7: ─────────────────────────────────────────────────────────────────»
«                                                                        »
« q0_8: ─────────────────────────────────────────────────────────────────»
«                                                                        »
« q0_9: ─────────────────────────────────────────────────────────────────»
«                                                                        »
«q0_10: ─────────────────────────────────────────────────────────────────»
«       ┌───────────┐                                                    »
«q0_11: ┤ Rz(y[71]) ├────────────────────────────────────────────────────»
«       ├───────────┤┌───────────┐                                       »
«q0_12: ┤ Ry(y[52]) ├┤ Rz(y[72]) ├───────────────────────────────────────»
«       └───────────┘├───────────┤┌───────────┐                          »
«q0_13: ──────■──────┤ Ry(y[53]) ├┤ Rz(y[73]) ├──────────────────────────»
«           ┌─┴─┐    └───────────┘├───────────┤┌───────────┐             »
«q0_14: ────┤ X ├──────────■──────┤ Ry(y[54]) ├┤ Rz(y[74]) ├─────────────»
«           └───┘        ┌─┴─┐    └───────────┘├───────────┤┌───────────┐»
«q0_15: ─────────────────┤ X ├──────────■──────┤ Ry(y[55]) ├┤ Rz(y[75]) ├»
«                        └───┘        ┌─┴─┐    └───────────┘├───────────┤»
«q0_16: ──────────────────────────────┤ X ├──────────■──────┤ Ry(y[56]) ├»
«                                     └───┘        ┌─┴─┐    └───────────┘»
«q0_17: ───────────────────────────────────────────┤ X ├──────────■──────»
«                                                  └───┘        ┌─┴─┐    »
«q0_18: ────────────────────────────────────────────────────────┤ X ├────»
«                                                               └───┘    »
«q0_19: ─────────────────────────────────────────────────────────────────»
«                                                                        »
«c0: 20/═════════════════════════════════════════════════════════════════»
«                                                                        »
«                                              ┌───┐     ┌───────────┐»
« q0_0: ───────────────────────────────────────┤ X ├──■──┤ Ry(y[80]) ├»
«                                              └─┬─┘┌─┴─┐└───────────┘»
« q0_1: ─────────────────────────────────────────┼──┤ X ├──────■──────»
«                                                │  └───┘    ┌─┴─┐    »
« q0_2: ─────────────────────────────────────────┼───────────┤ X ├────»
«                                                │           └───┘    »
« q0_3: ─────────────────────────────────────────┼────────────────────»
«                                                │                    »
« q0_4: ─────────────────────────────────────────┼────────────────────»
«                                                │                    »
« q0_5: ─────────────────────────────────────────┼────────────────────»
«                                                │                    »
« q0_6: ─────────────────────────────────────────┼────────────────────»
«                                                │                    »
« q0_7: ─────────────────────────────────────────┼────────────────────»
«                                                │                    »
« q0_8: ─────────────────────────────────────────┼────────────────────»
«                                                │                    »
« q0_9: ─────────────────────────────────────────┼────────────────────»
«                                                │                    »
«q0_10: ─────────────────────────────────────────┼────────────────────»
«                                                │                    »
«q0_11: ─────────────────────────────────────────┼────────────────────»
«                                                │                    »
«q0_12: ─────────────────────────────────────────┼────────────────────»
«                                                │                    »
«q0_13: ─────────────────────────────────────────┼────────────────────»
«                                                │                    »
«q0_14: ─────────────────────────────────────────┼────────────────────»
«                                                │                    »
«q0_15: ─────────────────────────────────────────┼────────────────────»
«       ┌───────────┐                            │                    »
«q0_16: ┤ Rz(y[76]) ├────────────────────────────┼────────────────────»
«       ├───────────┤┌───────────┐               │                    »
«q0_17: ┤ Ry(y[57]) ├┤ Rz(y[77]) ├───────────────┼────────────────────»
«       └───────────┘├───────────┤┌───────────┐  │                    »
«q0_18: ──────■──────┤ Ry(y[58]) ├┤ Rz(y[78]) ├──┼────────────────────»
«           ┌─┴─┐    ├───────────┤├───────────┤  │                    »
«q0_19: ────┤ X ├────┤ Ry(y[59]) ├┤ Rz(y[79]) ├──■────────────────────»
«           └───┘    └───────────┘└───────────┘                       »
«c0: 20/══════════════════════════════════════════════════════════════»
«                                                                     »
«       ┌────────────┐                                                        »
« q0_0: ┤ Rz(y[100]) ├────────────────────────────────────────────────────────»
«       ├───────────┬┘┌────────────┐                                          »
« q0_1: ┤ Ry(y[81]) ├─┤ Rz(y[101]) ├──────────────────────────────────────────»
«       └───────────┘ ├───────────┬┘┌────────────┐                            »
« q0_2: ──────■───────┤ Ry(y[82]) ├─┤ Rz(y[102]) ├────────────────────────────»
«           ┌─┴─┐     └───────────┘ ├───────────┬┘┌────────────┐              »
« q0_3: ────┤ X ├───────────■───────┤ Ry(y[83]) ├─┤ Rz(y[103]) ├──────────────»
«           └───┘         ┌─┴─┐     └───────────┘ ├───────────┬┘┌────────────┐»
« q0_4: ──────────────────┤ X ├───────────■───────┤ Ry(y[84]) ├─┤ Rz(y[104]) ├»
«                         └───┘         ┌─┴─┐     └───────────┘ ├───────────┬┘»
« q0_5: ────────────────────────────────┤ X ├───────────■───────┤ Ry(y[85]) ├─»
«                                       └───┘         ┌─┴─┐     └───────────┘ »
« q0_6: ──────────────────────────────────────────────┤ X ├───────────■───────»
«                                                     └───┘         ┌─┴─┐     »
« q0_7: ────────────────────────────────────────────────────────────┤ X ├─────»
«                                                                   └───┘     »
« q0_8: ──────────────────────────────────────────────────────────────────────»
«                                                                             »
« q0_9: ──────────────────────────────────────────────────────────────────────»
«                                                                             »
«q0_10: ──────────────────────────────────────────────────────────────────────»
«                                                                             »
«q0_11: ──────────────────────────────────────────────────────────────────────»
«                                                                             »
«q0_12: ──────────────────────────────────────────────────────────────────────»
«                                                                             »
«q0_13: ──────────────────────────────────────────────────────────────────────»
«                                                                             »
«q0_14: ──────────────────────────────────────────────────────────────────────»
«                                                                             »
«q0_15: ──────────────────────────────────────────────────────────────────────»
«                                                                             »
«q0_16: ──────────────────────────────────────────────────────────────────────»
«                                                                             »
«q0_17: ──────────────────────────────────────────────────────────────────────»
«                                                                             »
«q0_18: ──────────────────────────────────────────────────────────────────────»
«                                                                             »
«q0_19: ──────────────────────────────────────────────────────────────────────»
«                                                                             »
«c0: 20/══════════════════════════════════════════════════════════════════════»
«                                                                             »
«                                                                             »
« q0_0: ──────────────────────────────────────────────────────────────────────»
«                                                                             »
« q0_1: ──────────────────────────────────────────────────────────────────────»
«                                                                             »
« q0_2: ──────────────────────────────────────────────────────────────────────»
«                                                                             »
« q0_3: ──────────────────────────────────────────────────────────────────────»
«                                                                             »
« q0_4: ──────────────────────────────────────────────────────────────────────»
«       ┌────────────┐                                                        »
« q0_5: ┤ Rz(y[105]) ├────────────────────────────────────────────────────────»
«       ├───────────┬┘┌────────────┐                                          »
« q0_6: ┤ Ry(y[86]) ├─┤ Rz(y[106]) ├──────────────────────────────────────────»
«       └───────────┘ ├───────────┬┘┌────────────┐                            »
« q0_7: ──────■───────┤ Ry(y[87]) ├─┤ Rz(y[107]) ├────────────────────────────»
«           ┌─┴─┐     └───────────┘ ├───────────┬┘┌────────────┐              »
« q0_8: ────┤ X ├───────────■───────┤ Ry(y[88]) ├─┤ Rz(y[108]) ├──────────────»
«           └───┘         ┌─┴─┐     └───────────┘ ├───────────┬┘┌────────────┐»
« q0_9: ──────────────────┤ X ├───────────■───────┤ Ry(y[89]) ├─┤ Rz(y[109]) ├»
«                         └───┘         ┌─┴─┐     └───────────┘ ├───────────┬┘»
«q0_10: ────────────────────────────────┤ X ├───────────■───────┤ Ry(y[90]) ├─»
«                                       └───┘         ┌─┴─┐     └───────────┘ »
«q0_11: ──────────────────────────────────────────────┤ X ├───────────■───────»
«                                                     └───┘         ┌─┴─┐     »
«q0_12: ────────────────────────────────────────────────────────────┤ X ├─────»
«                                                                   └───┘     »
«q0_13: ──────────────────────────────────────────────────────────────────────»
«                                                                             »
«q0_14: ──────────────────────────────────────────────────────────────────────»
«                                                                             »
«q0_15: ──────────────────────────────────────────────────────────────────────»
«                                                                             »
«q0_16: ──────────────────────────────────────────────────────────────────────»
«                                                                             »
«q0_17: ──────────────────────────────────────────────────────────────────────»
«                                                                             »
«q0_18: ──────────────────────────────────────────────────────────────────────»
«                                                                             »
«q0_19: ──────────────────────────────────────────────────────────────────────»
«                                                                             »
«c0: 20/══════════════════════════════════════════════════════════════════════»
«                                                                             »
«                                                                             »
« q0_0: ──────────────────────────────────────────────────────────────────────»
«                                                                             »
« q0_1: ──────────────────────────────────────────────────────────────────────»
«                                                                             »
« q0_2: ──────────────────────────────────────────────────────────────────────»
«                                                                             »
« q0_3: ──────────────────────────────────────────────────────────────────────»
«                                                                             »
« q0_4: ──────────────────────────────────────────────────────────────────────»
«                                                                             »
« q0_5: ──────────────────────────────────────────────────────────────────────»
«                                                                             »
« q0_6: ──────────────────────────────────────────────────────────────────────»
«                                                                             »
« q0_7: ──────────────────────────────────────────────────────────────────────»
«                                                                             »
« q0_8: ──────────────────────────────────────────────────────────────────────»
«                                                                             »
« q0_9: ──────────────────────────────────────────────────────────────────────»
«       ┌────────────┐                                                        »
«q0_10: ┤ Rz(y[110]) ├────────────────────────────────────────────────────────»
«       ├───────────┬┘┌────────────┐                                          »
«q0_11: ┤ Ry(y[91]) ├─┤ Rz(y[111]) ├──────────────────────────────────────────»
«       └───────────┘ ├───────────┬┘┌────────────┐                            »
«q0_12: ──────■───────┤ Ry(y[92]) ├─┤ Rz(y[112]) ├────────────────────────────»
«           ┌─┴─┐     └───────────┘ ├───────────┬┘┌────────────┐              »
«q0_13: ────┤ X ├───────────■───────┤ Ry(y[93]) ├─┤ Rz(y[113]) ├──────────────»
«           └───┘         ┌─┴─┐     └───────────┘ ├───────────┬┘┌────────────┐»
«q0_14: ──────────────────┤ X ├───────────■───────┤ Ry(y[94]) ├─┤ Rz(y[114]) ├»
«                         └───┘         ┌─┴─┐     └───────────┘ ├───────────┬┘»
«q0_15: ────────────────────────────────┤ X ├───────────■───────┤ Ry(y[95]) ├─»
«                                       └───┘         ┌─┴─┐     └───────────┘ »
«q0_16: ──────────────────────────────────────────────┤ X ├───────────■───────»
«                                                     └───┘         ┌─┴─┐     »
«q0_17: ────────────────────────────────────────────────────────────┤ X ├─────»
«                                                                   └───┘     »
«q0_18: ──────────────────────────────────────────────────────────────────────»
«                                                                             »
«q0_19: ──────────────────────────────────────────────────────────────────────»
«                                                                             »
«c0: 20/══════════════════════════════════════════════════════════════════════»
«                                                                             »
«                                                               
« q0_0: ────────────────────────────────────────────────────────
«                                                               
« q0_1: ────────────────────────────────────────────────────────
«                                                               
« q0_2: ────────────────────────────────────────────────────────
«                                                               
« q0_3: ────────────────────────────────────────────────────────
«                                                               
« q0_4: ────────────────────────────────────────────────────────
«                                                               
« q0_5: ────────────────────────────────────────────────────────
«                                                               
« q0_6: ────────────────────────────────────────────────────────
«                                                               
« q0_7: ────────────────────────────────────────────────────────
«                                                               
« q0_8: ────────────────────────────────────────────────────────
«                                                               
« q0_9: ────────────────────────────────────────────────────────
«                                                               
«q0_10: ────────────────────────────────────────────────────────
«                                                               
«q0_11: ────────────────────────────────────────────────────────
«                                                               
«q0_12: ────────────────────────────────────────────────────────
«                                                               
«q0_13: ────────────────────────────────────────────────────────
«                                                               
«q0_14: ────────────────────────────────────────────────────────
«       ┌────────────┐                                          
«q0_15: ┤ Rz(y[115]) ├──────────────────────────────────────────
«       ├───────────┬┘┌────────────┐                            
«q0_16: ┤ Ry(y[96]) ├─┤ Rz(y[116]) ├────────────────────────────
«       └───────────┘ ├───────────┬┘┌────────────┐              
«q0_17: ──────■───────┤ Ry(y[97]) ├─┤ Rz(y[117]) ├──────────────
«           ┌─┴─┐     └───────────┘ ├───────────┬┘┌────────────┐
«q0_18: ────┤ X ├───────────■───────┤ Ry(y[98]) ├─┤ Rz(y[118]) ├
«           └───┘         ┌─┴─┐     ├───────────┤ ├────────────┤
«q0_19: ──────────────────┤ X ├─────┤ Ry(y[99]) ├─┤ Rz(y[119]) ├
«                         └───┘     └───────────┘ └────────────┘
«c0: 20/════════════════════════════════════════════════════════
«                                                               
ansatz-state is written to ansatz.txt
building constraints...
number of constraints= 400
unique pauliops 780
graphclique-cliquecover: 780 with commutationmode commute
strategy largest_first 63
strategy random_sequential 43
strategy smallest_last 60
strategy independent_set 40
strategy connected_sequential_bfs 63
strategy connected_sequential_dfs 56
strategy saturation_largest_first 41
number of cliques 40
clique 0 ['IIIIIIIIIIIIIIIIIIIZ', 'IIIIIIIIIIIIIIIIIIZZ', 'IIIIIIIIIIIIIIIIIZZI', 'IIIIIIIIIIIIIIIIZZII', 'IIIIIIIIIIIIIIIZZIII', 'IIIIIIIIIIIIIIZZIIII', 'IIIIIIIIIIIIIZZIIIII', 'IIIIIIIIIIIIZZIIIIII', 'IIIIIIIIIIIZZIIIIIII', 'IIIIIIIIIIZZIIIIIIII', 'IIIIIIIIIZZIIIIIIIII', 'IIIIIIIIZZIIIIIIIIII', 'IIIIIIIZZIIIIIIIIIII', 'IIIIIIZZIIIIIIIIIIII', 'IIIIIZZIIIIIIIIIIIII', 'IIIIZZIIIIIIIIIIIIII', 'IIIZZIIIIIIIIIIIIIII', 'IIZZIIIIIIIIIIIIIIII', 'IZZIIIIIIIIIIIIIIIII', 'ZZIIIIIIIIIIIIIIIIII']
clique 1 ['IIIIIIIIIIIIIIIIIIIX', 'IIIIIIIIIIIIIIIIIIZX', 'IIIIIIIIIIIIIIIIIXII', 'IIIIIIIIIIIIIIIIZXZI', 'IIIIIIIIIIIIIIIXIIII', 'IIIIIIIIIIIIIIZXZIII', 'IIIIIIIIIIIIIXIIIIII', 'IIIIIIIIIIIIZXZIIIII', 'IIIIIIIIIIIXIIIIIIII', 'IIIIIIIIIIZXZIIIIIII', 'IIIIIIIIIXIIIIIIIIII', 'IIIIIIIIZXZIIIIIIIII', 'IIIIIIIXIIIIIIIIIIII', 'IIIIIIZXZIIIIIIIIIII', 'IIIIIXIIIIIIIIIIIIII', 'IIIIZXZIIIIIIIIIIIII', 'IIIXIIIIIIIIIIIIIIII', 'IIZXZIIIIIIIIIIIIIII', 'IXIIIIIIIIIIIIIIIIII', 'ZXZIIIIIIIIIIIIIIIII']
clique 2 ['IIIIIIIIIIIIIIIIIIIY', 'IIIIIIIIIIIIIIIIIIZY', 'IIIIIIIIIIIIIIIIZYII', 'IIIIIIIIIIIIIIIIIYZI', 'IIIIIIIIIIIIIIZYIIII', 'IIIIIIIIIIIIIIIYZIII', 'IIIIIIIIIIIIZYIIIIII', 'IIIIIIIIIIIIIYZIIIII', 'IIIIIIIIIIZYIIIIIIII', 'IIIIIIIIIIIYZIIIIIII', 'IIIIIIIIZYIIIIIIIIII', 'IIIIIIIIIYZIIIIIIIII', 'IIIIIIZYIIIIIIIIIIII', 'IIIIIIIYZIIIIIIIIIII', 'IIIIZYIIIIIIIIIIIIII', 'IIIIIYZIIIIIIIIIIIII', 'IIZYIIIIIIIIIIIIIIII', 'IIIYZIIIIIIIIIIIIIII', 'ZYIIIIIIIIIIIIIIIIII', 'IYZIIIIIIIIIIIIIIIII']
clique 3 ['IIIIIIIIIIIIIIIIIZXX', 'IIIIIIIIIIIIIIIIIIYY', 'IIIIIIIIIIIIIIIIIYYI', 'IIIIIIIIIIIIIIIIZXXZ', 'IIIIIIIIIIIIIIYYIIII', 'IIIIIIIIIIIIIZXXZIII', 'IIIIIIIIIIIIIYYIIIII', 'IIIIIIIIIIIIZXXZIIII', 'IIIIIIIIIIYYIIIIIIII', 'IIIIIIIIIZXXZIIIIIII', 'IIIIIIIIIYYIIIIIIIII', 'IIIIIIIIZXXZIIIIIIII', 'IIIIIIYYIIIIIIIIIIII', 'IIIIIZXXZIIIIIIIIIII', 'IIIIIYYIIIIIIIIIIIII', 'IIIIZXXZIIIIIIIIIIII', 'IIYYIIIIIIIIIIIIIIII', 'IZXXZIIIIIIIIIIIIIII', 'IYYIIIIIIIIIIIIIIIII', 'ZXXZIIIIIIIIIIIIIIII']
clique 4 ['IIIIIIIIIIIIIIIIIIYX', 'IIIIIIIIIIIIIIIIIZXY', 'IIIIIIIIIIIIIIIIZXYI', 'IIIIIIIIIIIIIIIIIYXZ', 'IIIIIIIIIIIIIZXYIIII', 'IIIIIIIIIIIIIIYXZIII', 'IIIIIIIIIIIIZXYIIIII', 'IIIIIIIIIIIIIYXZIIII', 'IIIIIIIIIZXYIIIIIIII', 'IIIIIIIIIIYXZIIIIIII', 'IIIIIIIIZXYIIIIIIIII', 'IIIIIIIIIYXZIIIIIIII', 'IIIIIZXYIIIIIIIIIIII', 'IIIIIIYXZIIIIIIIIIII', 'IIIIZXYIIIIIIIIIIIII', 'IIIIIYXZIIIIIIIIIIII', 'IZXYIIIIIIIIIIIIIIII', 'IIYXZIIIIIIIIIIIIIII', 'ZXYIIIIIIIIIIIIIIIII', 'IYXZIIIIIIIIIIIIIIII']
clique 5 ['IIIIIIIIIIIIIIIIZXXX', 'IIIIIIIIIIIIIIIIIYXY', 'IIIIIIIIIIIIIIIIIIXI', 'IIIIIIIIIIIIIIIIIZXZ', 'IIIIIIIIIIIIIYXYIIII', 'IIIIIIIIIIIIZXXXZIII', 'IIIIIIIIIIIIIIXIIIII', 'IIIIIIIIIIIIIZXZIIII', 'IIIIIIIIIYXYIIIIIIII', 'IIIIIIIIZXXXZIIIIIII', 'IIIIIIIIIIXIIIIIIIII', 'IIIIIIIIIZXZIIIIIIII', 'IIIIIYXYIIIIIIIIIIII', 'IIIIZXXXZIIIIIIIIIII', 'IIIIIIXIIIIIIIIIIIII', 'IIIIIZXZIIIIIIIIIIII', 'IYXYIIIIIIIIIIIIIIII', 'ZXXXZIIIIIIIIIIIIIII', 'IIXIIIIIIIIIIIIIIIII', 'IZXZIIIIIIIIIIIIIIII']
clique 6 ['IIIIIIIIIIIIIIIIIYXX', 'IIIIIIIIIIIIIIIIZXXY', 'IIIIIIIIIIIIIIIIIZYI', 'IIIIIIIIIIIIIIIIIIYZ', 'IIIIIIIIIIIIZXXYIIII', 'IIIIIIIIIIIIIYXXZIII', 'IIIIIIIIIIIIIZYIIIII', 'IIIIIIIIIIIIIIYZIIII', 'IIIIIIIIZXXYIIIIIIII', 'IIIIIIIIIYXXZIIIIIII', 'IIIIIIIIIZYIIIIIIIII', 'IIIIIIIIIIYZIIIIIIII', 'IIIIZXXYIIIIIIIIIIII', 'IIIIIYXXZIIIIIIIIIII', 'IIIIIZYIIIIIIIIIIIII', 'IIIIIIYZIIIIIIIIIIII', 'ZXXYIIIIIIIIIIIIIIII', 'IYXXZIIIIIIIIIIIIIII', 'IZYIIIIIIIIIIIIIIIII', 'IIYZIIIIIIIIIIIIIIII']
clique 7 ['IIIIIIIIIIIIIIIZXXXX', 'IIIIYXXXXXXXXXXXXXXY', 'IIIIIIIIIIIIIIIYXXYI', 'IIZXXXXXXXXXXXXXXXXZ', 'IIIIIIIIIIIIIIYXXYII', 'IIIIIIIIIIIIIZXXXXZI', 'IIIIIIIIIIIIIYXXYIII', 'IIIIIIIIIIIIZXXXXZII', 'IIIIIIIIIIIIYXXXZIII', 'IIIIIIIIIIIYXXYIIIII', 'IIIIIIIIYXXYIIIIIIII', 'IIIIIIIYXXYIIIIIIIII', 'IIIIIIYXXYIIIIIIIIII', 'IZXXXXXXXXZIIIIIIIII', 'IIIIIYXXYIIIIIIIIIII', 'ZXXXXXXXXZIIIIIIIIII', 'IIIZXXXYIIIIIIIIIIII', 'IIIYXXYIIIIIIIIIIIII', 'IIYXXYIIIIIIIIIIIIII', 'IYXXYIIIIIIIIIIIIIII']
clique 8 ['IIIIIIIIIIIIIIIIYXXY', 'IIZXXXXXXXXXXXXXXXXX', 'IIIIIIIIIIIIIIYXXXYI', 'IIIIIIIIIIIIIZXXXXXZ', 'IIIIIIIIIIIIIIZXXXZI', 'IYXXXXXXXXXXXXXXXYII', 'IIIIIIIIIIIIIYXXXZII', 'IIIIIYXXXXXXXXXXYIII', 'IIIIYXXXXXXXXXXYIIII', 'IIIIIIIIIIZXXXXZIIII', 'IIIIIIIIIYXXYIIIIIII', 'IIIIIIIZXXXYIIIIIIII', 'IIIIIIIIYXXXZIIIIIII', 'IIIZXXXXXXXZIIIIIIII', 'IIIIIZXXXYIIIIIIIIII', 'IIIIIIYXXXZIIIIIIIII', 'IZXXXXXXYIIIIIIIIIII', 'IIIYXXXZIIIIIIIIIIII', 'IIYXXXYIIIIIIIIIIIII', 'ZXXXYIIIIIIIIIIIIIII']
clique 9 ['IIIIIIIIIIIIIIIIYXXX', 'IIIYXXXXXXXXXXXXXXXY', 'IIIIIIIIIIIIZXXXXXXZ', 'IIIIYXXXXXXXXXXXXXYI', 'IIIIIIIIIIIIIIIYXXZI', 'ZXXXXXXXXXXXXXXXXYII', 'IIIIIIIIIIIIIIYXYIII', 'IIIIIIIIIIIIIZXXXZII', 'IIZXXXXXXXXXXXXYIIII', 'IIIIIIIIIIYXXXYIIIII', 'IIIIIIIIIIIIYZIIIIII', 'IIIIIIIYXXXYIIIIIIII', 'IIIIIIIIYXYIIIIIIIII', 'IIIIZXXXXXXZIIIIIIII', 'IIIIIYXXXYIIIIIIIIII', 'IIIIIIIZXZIIIIIIIIII', 'IIYXXXXXYIIIIIIIIIII', 'IIIZXXYIIIIIIIIIIIII', 'IZXXXYIIIIIIIIIIIIII', 'IYXXXXZIIIIIIIIIIIII']
clique 10 ['IIIIIIIIIIIIIIIZXXXY', 'IIIIIIIIIIIIIIIYXXXX', 'IIIIZXXXXXXXXXXXXXXZ', 'IIYXXXXXXXXXXXXXXXYI', 'IIIIIIIIIIIIIZXXXYII', 'IIIIIIIIIIIIZXXXXXZI', 'IIIIIIIIIZXXXXXXXZII', 'IIIIIIZXXXXXXXXXYIII', 'IIIIIIIIIIYXXXXXZIII', 'IIIIIIIIIIZXXXYIIIII', 'IIIIIIIIYXXXXXZIIIII', 'IIIZXXXXXXXXXZIIIIII', 'IIIIIIIZXXXXZIIIIIII', 'IIIIIYXXXXXYIIIIIIII', 'IIIIYXXXXXXZIIIIIIII', 'IIIYXXXXXZIIIIIIIIII', 'IYXXXXXXYIIIIIIIIIII', 'IIZXXXXZIIIIIIIIIIII', 'IZXXXXZIIIIIIIIIIIII', 'ZXXXXYIIIIIIIIIIIIII']
clique 11 ['IIIIIIIIIIIIIIZXXXXX', 'IZXXXXXXXXXXXXXXXXXY', 'IIIIIIIIIIIIIZXXXXYI', 'ZXXXXXXXXXXXXXXXXXXZ', 'IIIIIIIIIIIIZXXXXYII', 'IIIIIIIIIIIIIYXXXXZI', 'IIIIIIIIIIIYXXXXXZII', 'IIIIIZXXXXXXXXXXYIII', 'IIIIIIIIIIZXXXXXZIII', 'IIIIIYXXXXXXXXXYIIII', 'IYXXXXXXXXXXXXXZIIII', 'IIIIIIIIIIIZXXZIIIII', 'IIIIIIZXXXXXZIIIIIII', 'IIIIIIIIYXZIIIIIIIII', 'IIIIIIIYXYIIIIIIIIII', 'IIIIYXXXXZIIIIIIIIII', 'IIIYXXXXYIIIIIIIIIII', 'IIYXXXXYIIIIIIIIIIII', 'IIIZXXZIIIIIIIIIIIII', 'IIZXYIIIIIIIIIIIIIII']
clique 12 ['IIIIIIIIIIIIIIIYXXXY', 'IIIIIIIIIIYXXXXXXXXX', 'IIIIIIIIIIIYXXXXXXYI', 'IIIIIIIIYXXXXXXXXXXZ', 'IIIIZXXXXXXXXXXXXXZI', 'IIZXXXXXXXXXXXXXXYII', 'IIIIIIIIIIIIIIIZYIII', 'IIIIIIIIIIIIYXXXXZII', 'IIIIIZXXXXXXXXXXZIII', 'IIIIIIIIIZXXXXYIIIII', 'IIIZXXXXXXXXXXZIIIII', 'IIYXXXXXXXXXXYIIIIII', 'IIIIIIIIZXXXXZIIIIII', 'ZXXXXXXXXXXXYIIIIIII', 'IIIIIIZXXXXYIIIIIIII', 'IZXXXXXXXXYIIIIIIIII', 'IIIIIYXXXZIIIIIIIIII', 'IIIIYXXYIIIIIIIIIIII', 'IYXXXXXZIIIIIIIIIIII', 'IIIYXXZIIIIIIIIIIIII']
clique 13 ['IIIIIIIIIIIIIIZXXXXY', 'ZXXXXXXXXXXXXXXXXXXX', 'IIIIIIIIIIIIIIIZXXYI', 'IIIZXXXXXXXXXXXXXXXZ', 'IIIIIIIIZXXXXXXXXYII', 'IIZXXXXXXXXXXXXXXXZI', 'IIIIIIIIIIYXXXXXYIII', 'IIYXXXXXXXXXXXXXXZII', 'IIIIYXXXXXXXXXXXZIII', 'IIIIIIYXXXXXXXXZIIII', 'IIIIIYXXXXXXXYIIIIII', 'IZXXXXXXXXXXXXZIIIII', 'IIIIIIIIIZXXXZIIIIII', 'IIIIIIIIYXXXYIIIIIII', 'IIIIIIIYXXXXZIIIIIII', 'IIIIZXXXXXXYIIIIIIII', 'IIIIIIIZXXXZIIIIIIII', 'IIIYXXXXXXYIIIIIIIII', 'IIIIIZXXXZIIIIIIIIII', 'IYXXXXYIIIIIIIIIIIII']
clique 14 ['IIIIIIIIIIIIIZXXXXXX', 'IIIZXXXXXXXXXXXXXXXY', 'IIIIIIIIIIIIIIIYXXXZ', 'IIZXXXXXXXXXXXXXXXYI', 'IIIIIIIIIIIIIIIIYYII', 'IZXXXXXXXXXXXXXXXXZI', 'IIIIIIIIIIIIIIYXXZII', 'IIIIYXXXXXXXXXXXYIII', 'IIIIIIIIIYXXXXXYIIII', 'IYXXXXXXXXXXXXYIIIII', 'IIIIIIIIIIIIXIIIIIII', 'ZXXXXXXXXXXXXZIIIIII', 'IIIIIIYXXXXYIIIIIIII', 'IIIIIIIIYXXZIIIIIIII', 'IIIIIZXXXXYIIIIIIIII', 'IIIIIIIZXXZIIIIIIIII', 'IIIIIIZXXYIIIIIIIIII', 'IIIIZXXXYIIIIIIIIIII', 'IIYXXXXZIIIIIIIIIIII', 'IIIYXZIIIIIIIIIIIIII']
clique 15 ['IIIIIIIIIIIIIIYXXXXY', 'IYXXXXXXXXXXXXXXXXXX', 'IIIIIIIIIIIIIYXXXXXZ', 'IIIIZXXXXXXXXXXXXXYI', 'IIIIIIIIIIIIIIIZXYII', 'IIIIIIYXXXXXXXXXXXZI', 'IIIIIIIIIYXXXXXXYIII', 'IIIZXXXXXXXXXXXXXZII', 'IZXXXXXXXXXXXXXXZIII', 'IIIIIIIIZXXXXXXZIIII', 'IIIIIIIIYXXXXXYIIIII', 'IIIIIIIIIZXXXYIIIIII', 'IIIIYXXXXXXXYIIIIIII', 'IIIIIZXXXXXXZIIIIIII', 'IIIYXXXXXXXYIIIIIIII', 'IIIIIYXXXXXZIIIIIIII', 'IIYXXXXXXXYIIIIIIIII', 'IIIIIIZXXXZIIIIIIIII', 'IIZXXXXYIIIIIIIIIIII', 'ZXXXXXXZIIIIIIIIIIII']
clique 16 ['IIIIIIIIIIIIIIYXXXXX', 'IIIIIIIIIIIYXXXXXXXY', 'IIIIIIIIZXXXXXXXXXYI', 'IIIIYXXXXXXXXXXXXXXZ', 'IIYXXXXXXXXXXXXXXYII', 'ZXXXXXXXXXXXXXXXXXZI', 'IIIYXXXXXXXXXXXXYIII', 'IIZXXXXXXXXXXXXXXZII', 'IIIIIIIIIZXXXXXXZIII', 'IIIIIIIIYXXXXXXYIIII', 'IIIIIIIYXXXXXXXZIIII', 'IIIIZXXXXXXXXXYIIIII', 'IIIIIIIIIIYXXYIIIIII', 'IIIIIIIIIYXXXZIIIIII', 'IIIIIZXXXXXXYIIIIIII', 'IIIIIIYXXXXXZIIIIIII', 'IIIZXXXXXXXYIIIIIIII', 'IIIIIYXXXXYIIIIIIIII', 'IYXXXXXYIIIIIIIIIIII', 'IZXXXXYIIIIIIIIIIIII']
clique 17 ['IIIIIIIIIIIIIZXXXXXY', 'IIIIIIIZXXXXXXXXXXXX', 'IIIIIIIIIIIIIIZXXXXZ', 'IIIIIIIIIIIIZXXXXXYI', 'IIIIIIIIIZXXXXXXXXZI', 'IIIYXXXXXXXXXXXXXYII', 'IIIIIIIIIIIIIIIZXZII', 'IIIIIIYXXXXXXXXXYIII', 'ZXXXXXXXXXXXXXXXZIII', 'IIIIIIIIIIIIYXXZIIII', 'IIIIIIIIIIYXXXZIIIII', 'IIZXXXXXXXXXXZIIIIII', 'IIIIIZXXXXXYIIIIIIII', 'IIIIIIZXXXXZIIIIIIII', 'IYXXXXXXXXYIIIIIIIII', 'IIIIIIIIXIIIIIIIIIII', 'IIIZXXXXXZIIIIIIIIII', 'IZXXXXXZIIIIIIIIIIII', 'IIIIXIIIIIIIIIIIIIII', 'IIYXXZIIIIIIIIIIIIII']
clique 18 ['IIIIIIIIIIIIZXXXXXXX', 'IIIIIIIIIIIIIYXXXXXY', 'IIIIIIIIIIIIIIIIYXXZ', 'IIIYXXXXXXXXXXXXXXYI', 'IIIIIIIIIIIIIIYXXXZI', 'IIIIZXXXXXXXXXXXXYII', 'IIIIIIIIIZXXXXXXYIII', 'IYXXXXXXXXXXXXXXXZII', 'IIIIIIIZXXXXXXXYIIII', 'IIZXXXXXXXXXXXYIIIII', 'ZXXXXXXXXXXXXXXZIIII', 'IIIIIIIIYXXXXYIIIIII', 'IIIZXXXXXXXXZIIIIIII', 'IIYXXXXXXXXYIIIIIIII', 'IIIIIIYXXXYIIIIIIIII', 'IZXXXXXXXXXZIIIIIIII', 'IIIIIZXXXXZIIIIIIIII', 'IIIIIIIYYIIIIIIIIIII', 'IIIIIIZXXZIIIIIIIIII', 'IIIIYZIIIIIIIIIIIIII']
clique 19 ['IIIIIIIIIIIIIYXXXXXX', 'IIIIIIIIIIIIZXXXXXXY', 'IIIIIIZXXXXXXXXXXXYI', 'IIIYXXXXXXXXXXXXXXXZ', 'IIIIIIIIIIZXXXXXXYII', 'IIIZXXXXXXXXXXXXXXZI', 'IIIIIIIIIIIIIZXXYIII', 'IIIIIZXXXXXXXXXXXZII', 'IIIIIIIIIZXXXXXYIIII', 'IIIIIIIZXXXXXXXXZIII', 'IIIIIIIIYXXXXXXZIIII', 'IIIIIIIYXXXXXXYIIIII', 'IIIIIIIIZXXXXXZIIIII', 'IIIIYXXXXXXYIIIIIIII', 'IYXXXXXXXXXXZIIIIIII', 'IIZXXXXXXXXZIIIIIIII', 'IIIIIYXXXXZIIIIIIIII', 'IZXXXXXXXZIIIIIIIIII', 'ZXXXXXZIIIIIIIIIIIII', 'IIYXYIIIIIIIIIIIIIII']
clique 20 ['IIIIIIIIIIIZXXXXXXXX', 'IIIIIIIIIIZXXXXXXXXY', 'IIIIIYXXXXXXXXXXXXYI', 'IZXXXXXXXXXXXXXXXXXZ', 'IIIIIIIIIZXXXXXXXYII', 'IYXXXXXXXXXXXXXXXXZI', 'IIIIIIIZXXXXXXXXYIII', 'IIIIZXXXXXXXXXXXXZII', 'IIIIIIIIIIIIYXXYIIII', 'IIIIIIIIIYXXXXXXZIII', 'IIYXXXXXXXXXXXXZIIII', 'ZXXXXXXXXXXXXXYIIIII', 'IIIIIIIIZXXXXYIIIIII', 'IIIIIIZXXXXXXXZIIIII', 'IIIIIIIIIIYXYIIIIIII', 'IIIYXXXXXXXXXZIIIIII', 'IIIIIIIYXXXZIIIIIIII', 'IIIZXXXXZIIIIIIIIIII', 'IIIIYYIIIIIIIIIIIIII', 'IIZXXXZIIIIIIIIIIIII']
clique 21 ['IIIIIIIIIIIIYXXXXXXY', 'IIIZXXXXXXXXXXXXXXXX', 'IIIIIIIIIIYXXXXXXXYI', 'IIIIIIIIIZXXXXXXXXXZ', 'IIIIIIZXXXXXXXXXXYII', 'IIYXXXXXXXXXXXXXXXZI', 'IIIIIIIIIIIIIIIIXIII', 'IIIIIIIYXXXXXXXXXZII', 'IIIIIIIIIIIYXXXYIIII', 'IIIIIIIIZXXXXXYIIIII', 'IIIYXXXXXXXXXXXZIIII', 'IIIIIIIIIIZXXYIIIIII', 'ZXXXXXXXXXXXXXZIIIII', 'IIIIIZXXXXXXXZIIIIII', 'IIIIZXXXXXXXYIIIIIII', 'IYXXXXXXXXXYIIIIIIII', 'IIIIIIIIYZIIIIIIIIII', 'IZXXXXXYIIIIIIIIIIII', 'IIIIYXZIIIIIIIIIIIII', 'IIZXXZIIIIIIIIIIIIII']
clique 22 ['IIIIIIIIIIIIYXXXXXXX', 'IYXXXXXXXXXXXXXXXXXY', 'IIIIIIIIIIIIIYXXXXYI', 'IIIIIIIIIIIZXXXXXXXZ', 'IIIIIIIIIIIIIIIZXXZI', 'IIIIIZXXXXXXXXXXXYII', 'IIIIIIIIZXXXXXXXXZII', 'IIZXXXXXXXXXXXXXYIII', 'IIIZXXXXXXXXXXXXZIII', 'IIIIIIIIIIIYXXXZIIII', 'IIIIIIIIIYXXXXYIIIII', 'IIIIIIIIIZXXXXZIIIII', 'IIIIYXXXXXXXXYIIIIII', 'IIIIIYXXXXXXYIIIIIII', 'IIIIIIIZXXYIIIIIIIII', 'IIIIIIIYXXZIIIIIIIII', 'IZXXXXXXZIIIIIIIIIII', 'ZXXXXXYIIIIIIIIIIIII', 'IIYXXXZIIIIIIIIIIIII', 'IIIYYIIIIIIIIIIIIIII']
clique 23 ['IIIIIIIIIIIZXXXXXXXY', 'IIIIIIIYXXXXXXXXXXXX', 'IIIIIIIIIIIIIIYXXXXZ', 'ZXXXXXXXXXXXXXXXXXYI', 'IIIIIIIIZXXXXXXXXXZI', 'IIIIIYXXXXXXXXXXXYII', 'IIIIIIIIIIIIZXXXYIII', 'IIIIIIIZXXXXXXXXXZII', 'IIIIIZXXXXXXXXXYIIII', 'IIZXXXXXXXXXXXXXZIII', 'IIIIIIZXXXXXXXXZIIII', 'IIIZXXXXXXXXXXYIIIII', 'IIIIIIIIIIIIYYIIIIII', 'IIIIIIYXXXXXXZIIIIII', 'IIIIYXXXXXYIIIIIIIII', 'IIYXXXXXXXXZIIIIIIII', 'IIIIIIIIYYIIIIIIIIII', 'IIIYXXXXXXZIIIIIIIII', 'IYXXXXXXXZIIIIIIIIII', 'IZXXYIIIIIIIIIIIIIII']
clique 24 ['IIIIIIZXXXXXXXXXXXXX', 'IIIIIIIYXXXXXXXXXXXY', 'IIIIIZXXXXXXXXXXXXXZ', 'IIIZXXXXXXXXXXXXXXYI', 'IIIIIIIIIIIIIIZXXYII', 'IIIIIIIIYXXXXXXXXXZI', 'IIIIIIIIIIIIIIIYYIII', 'IIIIIYXXXXXXXXXXXZII', 'IIIIIIIIZXXXXXXXZIII', 'IIIYXXXXXXXXXXXYIIII', 'IIYXXXXXXXXXXXZIIIII', 'ZXXXXXXXXXXXXYIIIIII', 'IIIIIIIIIIZXXZIIIIII', 'IIIIIIYXXXXXYIIIIIII', 'IIIIZXXXXXXXZIIIIIII', 'IZXXXXXXXXXYIIIIIIII', 'IYXXXXXXXXXZIIIIIIII', 'IIIIIIIZXYIIIIIIIIII', 'IIIIYXXXXXZIIIIIIIII', 'IIZXXXXXXZIIIIIIIIII']
clique 25 ['IIIIIIIIIZXXXXXXXXXX', 'IIIIZXXXXXXXXXXXXXXY', 'IIIIIIIIIIIIIIIIYXYI', 'IIIIIIIIIIIIIIIZXXXZ', 'IIIIIIIIIIZXXXXXXXZI', 'IIIIIIIIIIYXXXXXXYII', 'IIIIIIIIYXXXXXXXXZII', 'IIYXXXXXXXXXXXXXYIII', 'IIIIYXXXXXXXXXXZIIII', 'IZXXXXXXXXXXXXYIIIII', 'IIIIIIIIIIIYXYIIIIII', 'IIZXXXXXXXXXXXZIIIII', 'IIIIIIIZXXXXYIIIIIII', 'IYXXXXXXXXXXXZIIIIII', 'IIIIIYXXXXXXZIIIIIII', 'ZXXXXXXXXXXYIIIIIIII', 'IIIIIIZXYIIIIIIIIIII', 'IIIIIIYXXZIIIIIIIIII', 'IIIZXXXZIIIIIIIIIIII', 'IIIYXYIIIIIIIIIIIIII']
clique 26 ['IIIIIIIZXXXXXXXXXXXY', 'IZXXXXXXXXXXXXXXXXXX', 'IIIIIIIIIIIIIIZXXXYI', 'IIIIIIIIZXXXXXXXXXXZ', 'IIIIIIIIIIIIIYXXXYII', 'IIIIIIIYXXXXXXXXXXZI', 'IIIIIIIIIIIIIIIIYZII', 'IIIIIIIIIIIZXXXXYIII', 'IIIIZXXXXXXXXXXYIIII', 'IIIIIIIIIIYXXXXZIIII', 'IIIIIIIIIYXXXXZIIIII', 'IIIZXXXXXXXXXYIIIIII', 'IIZXXXXXXXXXYIIIIIII', 'IIIIYXXXXXXXZIIIIIII', 'IIIIIIZXXXYIIIIIIIII', 'IIIIIIYXXXXZIIIIIIII', 'IIIYXXXXXYIIIIIIIIII', 'IIYXXXXXZIIIIIIIIIII', 'IYXXXYIIIIIIIIIIIIII', 'ZXXXXZIIIIIIIIIIIIII']
clique 27 ['IIIIIIIIIIYXXXXXXXXY', 'IIIIIIIIYXXXXXXXXXXX', 'IIIIIIYXXXXXXXXXXXXZ', 'IYXXXXXXXXXXXXXXXXYI', 'IIIIIIIIIIIIIIIYXYII', 'IIIIIIIIIIIZXXXXXXZI', 'IIIIIIIIIIIIIIZXXZII', 'IIIIIIIIIIZXXXXXYIII', 'IIIIIYXXXXXXXXXXZIII', 'IIIZXXXXXXXXXXXYIIII', 'IIIIIIIIIYXXXYIIIIII', 'IIIIZXXXXXXXXXZIIIII', 'IIIIIIIYXXXXXZIIIIII', 'IZXXXXXXXXXXYIIIIIII', 'IIZXXXXXXXXXZIIIIIII', 'IIIIIZXXXXXZIIIIIIII', 'IIYXXXXXXYIIIIIIIIII', 'ZXXXXXXXYIIIIIIIIIII', 'IIIYXXXYIIIIIIIIIIII', 'IIIIYXYIIIIIIIIIIIII']
clique 28 ['IIIIIIIIZXXXXXXXXXXX', 'IIIIIZXXXXXXXXXXXXXY', 'IIIIIIIIIIIIYXXXXXXZ', 'IIIIIIIIIIZXXXXXXXYI', 'IIIIIIIIIIIIIIIIYXZI', 'IIIIIIIZXXXXXXXXXYII', 'IIIIIIIIIIIIIIIYXZII', 'IIIIIIIYXXXXXXXXYIII', 'ZXXXXXXXXXXXXXXYIIII', 'IIYXXXXXXXXXXXYIIIII', 'IIIIIIYXXXXXXYIIIIII', 'IYXXXXXXXXXXXXZIIIII', 'IIIIIIZXXXXXYIIIIIII', 'IIIIIYXXXXXXXZIIIIII', 'IIZXXXXXXXXYIIIIIIII', 'IIIYXXXXXXXZIIIIIIII', 'IIIZXXXXXXZIIIIIIIII', 'IZXXXXXXXYIIIIIIIIII', 'IIIIZXXXXZIIIIIIIIII', 'IIIIYXXXZIIIIIIIIIII']
clique 29 ['IIIIIIYXXXXXXXXXXXXX', 'IIIIIYXXXXXXXXXXXXXY', 'IIIIIIIZXXXXXXXXXXYI', 'IYXXXXXXXXXXXXXXXXXZ', 'IIIIIIIIIIIYXXXXXXZI', 'IIIIIIIIIYXXXXXXXYII', 'IIIIIIIIIIIIIIZXYIII', 'IZXXXXXXXXXXXXXXXZII', 'IIIIIIIIIIYXXXXYIIII', 'IIIIIIZXXXXXXXXXZIII', 'IIIZXXXXXXXXXXXZIIII', 'IIIIIIIIIIIZXYIIIIII', 'IIIIIZXXXXXXXXZIIIII', 'IIIIIIIYXXXXYIIIIIII', 'IIYXXXXXXXXXXZIIIIII', 'IIIYXXXXXXXXZIIIIIII', 'IIIIZXXXXXYIIIIIIIII', 'IIZXXXXXXYIIIIIIIIII', 'IIIIYXXXYIIIIIIIIIII', 'ZXXXXXXXZIIIIIIIIIII']
clique 30 ['IIIIIIIIZXXXXXXXXXXY', 'IIYXXXXXXXXXXXXXXXXX', 'IIIIIIIIIYXXXXXXXXXZ', 'IIIIIIIIYXXXXXXXXXYI', 'IIIIIIIIIIIYXXXXXYII', 'IIIYXXXXXXXXXXXXXXZI', 'IIIIIIIIIIZXXXXXXZII', 'ZXXXXXXXXXXXXXXXYIII', 'IIIIIIIYXXXXXXXXZIII', 'IIIIIIYXXXXXXXXYIIII', 'IIIIIIIZXXXXXXYIIIII', 'IIIIIYXXXXXXXXXZIIII', 'IIIIIIZXXXXXXYIIIIII', 'IIIIYXXXXXXXXXZIIIII', 'IIIIIIIIIIIZXZIIIIII', 'IIIZXXXXXXXXYIIIIIII', 'IZXXXXXXXXXXZIIIIIII', 'IIIIZXXXXXZIIIIIIIII', 'IYXXXXXXXYIIIIIIIIII', 'IIZXXYIIIIIIIIIIIIII']
clique 31 ['IIIIIIIIIYXXXXXXXXXY', 'IIIIZXXXXXXXXXXXXXXX', 'IIIIIIIIIZXXXXXXXXYI', 'IIIIIIIYXXXXXXXXXXXZ', 'IIIIIIIIIIIZXXXXXYII', 'IIIIIIZXXXXXXXXXXXZI', 'IIIIIIYXXXXXXXXXXZII', 'IYXXXXXXXXXXXXXXYIII', 'IIIIIIIIIIZXXXXYIIII', 'IIIIIIIIYXXXXXXXZIII', 'IIIIYXXXXXXXXXYIIIII', 'IIZXXXXXXXXXXXXZIIII', 'IIIIIIIZXXXXXXZIIIII', 'IZXXXXXXXXXXXYIIIIII', 'IIIIIIIIIIIYXZIIIIII', 'IIIYXXXXXXXXYIIIIIII', 'IIYXXXXXXXXXZIIIIIII', 'ZXXXXXXXXXZIIIIIIIII', 'IIIIIZXXYIIIIIIIIIII', 'IIIZXZIIIIIIIIIIIIII']
clique 32 ['IIIIIIIIIIZXXXXXXXXX', 'IIIIIIIIYXXXXXXXXXXY', 'IIIIIIIZXXXXXXXXXXXZ', 'IIIIIIYXXXXXXXXXXXYI', 'IIIIIIIIIIIIYXXXXXZI', 'IZXXXXXXXXXXXXXXXYII', 'IIIIIIIIZXXXXXXXYIII', 'IIIIIIZXXXXXXXXXXZII', 'IIYXXXXXXXXXXXXYIIII', 'IYXXXXXXXXXXXXXXZIII', 'IIIIIZXXXXXXXXYIIIII', 'IIIIZXXXXXXXXXXZIIII', 'IIIIIYXXXXXXXXZIIIII', 'IIIYXXXXXXXXXYIIIIII', 'IIIIIIIIIIIZYIIIIIII', 'IIIIYXXXXXXXXZIIIIII', 'ZXXXXXXXXXXZIIIIIIII', 'IIIZXXXXXYIIIIIIIIII', 'IIZXXXXXXXZIIIIIIIII', 'IIIIIIIYXZIIIIIIIIII']
clique 33 ['IIIIIIIIIZXXXXXXXXXY', 'IIIIIYXXXXXXXXXXXXXX', 'IIIIIIZXXXXXXXXXXXXZ', 'IZXXXXXXXXXXXXXXXXYI', 'IIIIIIIIIYXXXXXXXXZI', 'IIIZXXXXXXXXXXXXXYII', 'IIIIIIIIIIIZXXXXXZII', 'IIIIIIIIYXXXXXXXYIII', 'IIIIZXXXXXXXXXXXZIII', 'IYXXXXXXXXXXXXXYIIII', 'IIIIIZXXXXXXXXXZIIII', 'IIIYXXXXXXXXXXYIIIII', 'IIIIIIIIIIIYXXZIIIII', 'IIIIIIIZXXXXXYIIIIII', 'IIIIIIIIIIYXXZIIIIII', 'IIYXXXXXXXXXYIIIIIII', 'ZXXXXXXXXXXXZIIIIIII', 'IIZXXXXXXXYIIIIIIIII', 'IIIIIIYXYIIIIIIIIIII', 'IIIIYXXZIIIIIIIIIIII']
clique 34 ['IIIIIIIIIIIYXXXXXXXX', 'IIZXXXXXXXXXXXXXXXXY', 'IIIIIIIIIIIZXXXXXXYI', 'IIIIIIIIIIYXXXXXXXXZ', 'IIIIIIIIYXXXXXXXXYII', 'IIIIIZXXXXXXXXXXXXZI', 'IIIZXXXXXXXXXXXXYIII', 'IIIIYXXXXXXXXXXXXZII', 'IIIIIIZXXXXXXXXYIIII', 'IIIYXXXXXXXXXXXXZIII', 'IIIIIIIIIIIIYXYIIIII', 'IZXXXXXXXXXXXXXZIIII', 'IIIIIIIYXXXXXYIIIIII', 'IIIIIIYXXXXXXXZIIIII', 'IIIIIIIIIZXXYIIIIIII', 'IIIIZXXXXXXXXZIIIIII', 'ZXXXXXXXXXYIIIIIIIII', 'IIIIIIIZYIIIIIIIIIII', 'IIYXXXXXXZIIIIIIIIII', 'IYXXXZIIIIIIIIIIIIII']
clique 35 ['IIIIIIIIIYXXXXXXXXXX', 'ZXXXXXXXXXXXXXXXXXXY', 'IIIIIZXXXXXXXXXXXXYI', 'IIYXXXXXXXXXXXXXXXXZ', 'IIIIIIIIIIYXXXXXXXZI', 'IIIIIIIYXXXXXXXXXYII', 'IIIIZXXXXXXXXXXXYIII', 'IIIYXXXXXXXXXXXXXZII', 'IIIIIIIIIIIZXXXYIIII', 'IIIIIIIIIIIYXXXXZIII', 'IIIIIIIZXXXXXXXZIIII', 'IIIIIIYXXXXXXXYIIIII', 'IIIIIIIIIIIIYXZIIIII', 'IYXXXXXXXXXXXYIIIIII', 'IIIIIIIIZXXXYIIIIIII', 'IIIIIIZXXXXXXZIIIIII', 'IIIZXXXXXXYIIIIIIIII', 'IIIIYXXXXYIIIIIIIIII', 'IIZXXXXXZIIIIIIIIIII', 'IZXXXZIIIIIIIIIIIIII']
clique 36 ['IIIIIZXXXXXXXXXXXXXX', 'IIIIIIYXXXXXXXXXXXXY', 'IIIIIIIIIIIIYXXXXXYI', 'IIIIIYXXXXXXXXXXXXXZ', 'IIIIIIIZXXXXXXXXXXZI', 'IIIIYXXXXXXXXXXXXYII', 'IZXXXXXXXXXXXXXXYIII', 'ZXXXXXXXXXXXXXXXXZII', 'IIIIIIIYXXXXXXXYIIII', 'IIYXXXXXXXXXXXXXZIII', 'IIIIIIIIIIIZXXYIIIII', 'IIIIIIIIIZXXXXXZIIII', 'IIIIIIIIIIZXXXZIIIII', 'IIIIZXXXXXXXXYIIIIII', 'IIIIIIIIIIIYYIIIIIII', 'IYXXXXXXXXZIIIIIIIII', 'IIIZXXXXYIIIIIIIIIII', 'IIIYXXXXZIIIIIIIIIII', 'IIZXXXYIIIIIIIIIIIII']
clique 37 ['IIIIIIZXXXXXXXXXXXXY', 'IIIYXXXXXXXXXXXXXXXX', 'IIIIIIIIIIIYXXXXXXXZ', 'IIIIIIYXXXXXXXXXXYII', 'IIIIYXXXXXXXXXXXXXZI', 'IIIIIIIIIIIIYXXXYIII', 'IIIIIIIIIIIZXXXXZIII', 'IZXXXXXXXXXXXXXYIIII', 'IIIIIIIIIYXXXXXZIIII', 'IIIIIYXXXXXXXXYIIIII', 'IIIIIIIYXXXXXXZIIIII', 'IIIIIZXXXXXXXYIIIIII', 'IIIIIIIIIIZXYIIIIIII', 'IIIIIIIZXXXXXZIIIIII', 'IIYXXXXXXXZIIIIIIIII', 'ZXXXXXXXXYIIIIIIIIII', 'IIZXXXXXYIIIIIIIIIII', 'IYXXXXXXZIIIIIIIIIII', 'IIIZYIIIIIIIIIIIIIII']
clique 38 ['IIIIYXXXXXXXXXXXXXXX', 'IIYXXXXXXXXXXXXXXXXY', 'IIIIIIIIIIZXXXXXXXXZ', 'IIIIIIIIIYXXXXXXXXYI', 'IIIIIIIIIIIIYXXXXYII', 'IIIIIYXXXXXXXXXXXXZI', 'IIIIIIIIIIIYXXXXYIII', 'IIIIIIIIIIYXXXXXXZII', 'IIIIIIIIZXXXXXXYIIII', 'IIIIIIYXXXXXXXXXZIII', 'IIIIIIIIIIIZXXXZIIII', 'IIIIIIZXXXXXXXYIIIII', 'IIZXXXXXXXXXXYIIIIII', 'IIIYXXXXXXXXXXZIIIII', 'IIIIIIIIYXXXXZIIIIII', 'IYXXXXXXXXXXYIIIIIII', 'IIIIZXXXXYIIIIIIIIII', 'ZXXXXXXYIIIIIIIIIIII', 'IIIZXYIIIIIIIIIIIIII']
clique 39 ['IIIIIIIYXXXXXXXXXXYI', 'IIIIIIIIIYXXXXXXXZII', 'IZXXXXXXXXXXXZIIIIII']
