GS energy with  DMRG -8.628893198968258
N= 6.000000000000005
E= -8.628893198968258
D= [[ 5.00000000e-01+0.j  6.79481425e-12+0.j  4.26078583e-01+0.j
   1.85698446e-13+0.j  1.62059689e-12+0.j  2.43883896e-13+0.j
  -1.82350788e-01+0.j  7.65727317e-13+0.j -5.95690164e-13+0.j
  -1.97181856e-13+0.j  1.35379476e-01+0.j -5.54659278e-13+0.j]
 [ 6.79492659e-12+0.j  5.00000000e-01+0.j  8.36700806e-14+0.j
   4.26078583e-01+0.j  8.76491577e-13+0.j  4.37219705e-13+0.j
  -2.80755261e-13+0.j -1.82350788e-01+0.j -6.05263302e-13+0.j
   4.17166302e-14+0.j  4.91337868e-13+0.j  1.35379476e-01+0.j]
 [ 4.26078583e-01+0.j  8.36779406e-14+0.j  5.00000000e-01+0.j
  -5.61396781e-12+0.j  2.36764811e-01+0.j -5.84506363e-13+0.j
  -1.15488522e-12+0.j  2.46435119e-12+0.j -4.10333437e-02+0.j
   1.24323612e-13+0.j  9.49029538e-13+0.j -1.75694327e-12+0.j]
 [ 1.85717363e-13+0.j  4.26078583e-01+0.j -5.61397700e-12+0.j
   5.00000000e-01+0.j  3.73079624e-13+0.j  2.36764811e-01+0.j
   1.91416717e-12+0.j  1.04424135e-12+0.j -1.47373864e-13+0.j
  -4.10333437e-02+0.j -1.29308164e-12+0.j -6.55601608e-13+0.j]
 [ 1.62048673e-12+0.j  8.76428482e-13+0.j  2.36764811e-01+0.j
   3.73100696e-13+0.j  5.00000000e-01+0.j -9.48856997e-14+0.j
   3.86226351e-01+0.j -6.39873277e-13+0.j  2.60028110e-13+0.j
   3.55371477e-14+0.j -1.82350788e-01+0.j  4.65186291e-13+0.j]
 [ 2.43896031e-13+0.j  4.37316849e-13+0.j -5.84501617e-13+0.j
   2.36764811e-01+0.j -9.48394367e-14+0.j  5.00000000e-01+0.j
   5.57451365e-13+0.j  3.86226351e-01+0.j  6.17922484e-13+0.j
  -3.83748588e-13+0.j -7.79256285e-13+0.j -1.82350788e-01+0.j]
 [-1.82350788e-01+0.j -2.80760978e-13+0.j -1.15486960e-12+0.j
   1.91416365e-12+0.j  3.86226351e-01+0.j  5.57536394e-13+0.j
   5.00000000e-01+0.j -9.08264037e-13+0.j  2.36764811e-01+0.j
  -8.29603517e-14+0.j -6.20936245e-13+0.j  9.21738739e-13+0.j]
 [ 7.65676557e-13+0.j -1.82350788e-01+0.j  2.46435614e-12+0.j
   1.04423371e-12+0.j -6.39998815e-13+0.j  3.86226351e-01+0.j
  -9.08253775e-13+0.j  5.00000000e-01+0.j  4.18118677e-13+0.j
   2.36764811e-01+0.j  1.01185620e-14+0.j  3.85345479e-13+0.j]
 [-5.95721389e-13+0.j -6.05263117e-13+0.j -4.10333437e-02+0.j
  -1.47383109e-13+0.j  2.59988212e-13+0.j  6.17932111e-13+0.j
   2.36764811e-01+0.j  4.18145002e-13+0.j  5.00000000e-01+0.j
  -6.07845262e-13+0.j  4.26078583e-01+0.j -4.53054741e-13+0.j]
 [-1.97181678e-13+0.j  4.16715273e-14+0.j  1.24327874e-13+0.j
  -4.10333437e-02+0.j  3.55362972e-14+0.j -3.83797161e-13+0.j
  -8.29700749e-14+0.j  2.36764811e-01+0.j -6.07841461e-13+0.j
   5.00000000e-01+0.j  2.87829583e-13+0.j  4.26078583e-01+0.j]
 [ 1.35379476e-01+0.j  4.91338147e-13+0.j  9.49029212e-13+0.j
  -1.29307583e-12+0.j -1.82350788e-01+0.j -7.79308574e-13+0.j
  -6.20893528e-13+0.j  1.01374497e-14+0.j  4.26078583e-01+0.j
   2.87808509e-13+0.j  5.00000000e-01+0.j  4.30042910e-13+0.j]
 [-5.54638678e-13+0.j  1.35379476e-01+0.j -1.75694829e-12+0.j
  -6.55615536e-13+0.j  4.65252671e-13+0.j -1.82350788e-01+0.j
   9.21710385e-13+0.j  3.85337684e-13+0.j -4.53069403e-13+0.j
   4.26078583e-01+0.j  4.30019305e-13+0.j  5.00000000e-01+0.j]]
W= [0.19143493+0.j 0.20874443+0.j 0.20920033+0.j 0.20920033+0.j
 0.20874443+0.j 0.19143493+0.j]
local approximation with  1 sites
local interactions on sites [[0], [1], [2], [3], [4], [5]]
Functional for interaction on sites [0]
aca-directory for images already exists
aca-directory for images already exists
aca-directory for images already exists
interacting orbitals: [0, 1]
mapping: [0, 1, 2, 3, 4, 5, 6, 7, 8, 9, 10, 11]
aca-directory for images already exists
aca-directory for images already exists
aca-directory for images already exists
orbinteractaca= [0, 1]
aca-directory for images already exists
aca-directory for images already exists
aca-directory for images already exists
aca-directory for images already exists
aca-directory for images already exists
aca-directory for images already exists
aca-directory for images already exists
aca-directory for images already exists
aca-directory for images already exists
aca-directory for images already exists
aca-directory for images already exists
aca-directory for images already exists
aca-directory for images already exists
aca-directory for images already exists
aca-directory for images already exists
aca-directory for images already exists
aca-directory for images already exists
aca-directory for images already exists
aca-directory for images already exists
aca-directory for images already exists
aca-directory for images already exists
aca-directory for images already exists
aca-directory for images already exists
aca-directory for images already exists
aca-directory for images already exists
aca-directory for images already exists
aca-directory for images already exists
aca-directory for images already exists
aca-directory for images already exists
aca-directory for images already exists
aca-directory for images already exists
aca-directory for images already exists
aca-directory for images already exists
aca: level 5  norb= 12
Daca= [[ 5.00000000e-01+0.j  6.79481425e-12+0.j -4.82827476e-01+0.j
  -7.07466044e-29+0.j -2.85113460e-28+0.j  7.48864366e-30+0.j
   1.34574535e-17+0.j -2.56744988e-28+0.j  7.65720399e-29+0.j
   7.08227254e-31+0.j -3.34373492e-17+0.j -3.99960596e-29+0.j]
 [ 6.79492659e-12+0.j  5.00000000e-01+0.j -3.67930685e-14+0.j
  -4.82827476e-01+0.j -1.33703175e-28+0.j  2.21094335e-29+0.j
   3.42063867e-29+0.j -1.24516371e-17+0.j -4.84621107e-29+0.j
  -9.20677518e-31+0.j -6.64167638e-29+0.j  8.04141567e-18+0.j]
 [-4.82827476e-01+0.j -3.68022418e-14+0.j  5.00000000e-01+0.j
  -6.74228866e-12+0.j  1.34368867e-02+0.j  8.38943094e-31+0.j
   1.14844220e-29+0.j  2.38892309e-29+0.j -5.79083685e-19+0.j
  -2.30163317e-30+0.j -1.26217825e-29+0.j  0.00000000e+00+0.j]
 [-4.16409282e-17+0.j -4.82827476e-01+0.j -6.74229671e-12+0.j
   5.00000000e-01+0.j  2.81662526e-13+0.j  1.34368867e-02+0.j
  -5.54249200e-30+0.j  8.59163651e-30+0.j -1.48545845e-29+0.j
   5.60426149e-19+0.j  4.55096845e-36+0.j -1.26217745e-29+0.j]
 [-1.10154941e-16+0.j -6.30950549e-17+0.j  1.34368867e-02+0.j
   2.81626794e-13+0.j  5.00000000e-01+0.j  9.16291825e-12+0.j
   4.84954492e-01+0.j -3.54513656e-28+0.j  2.72846704e-28+0.j
   3.31287948e-30+0.j  3.34920858e-17+0.j -5.32923891e-28+0.j]
 [ 1.21355400e-17+0.j  9.71445147e-17+0.j  3.91681749e-17+0.j
   1.34368867e-02+0.j  9.16295985e-12+0.j  5.00000000e-01+0.j
  -1.84308359e-14+0.j  4.84954492e-01+0.j  2.41569764e-28+0.j
  -2.40175281e-29+0.j  6.55704671e-28+0.j -6.03648347e-17+0.j]
 [-4.27471993e-17+0.j -2.29951491e-18+0.j  4.24138026e-17+0.j
  -1.26203893e-17+0.j  4.84954492e-01+0.j -1.83692960e-14+0.j
   5.00000000e-01+0.j -9.09857759e-12+0.j  4.14311348e-03+0.j
   3.58222429e-30+0.j  7.30482595e-35+0.j  0.00000000e+00+0.j]
 [-3.86106581e-17+0.j -2.92435618e-16+0.j  8.63850537e-18+0.j
  -5.26554707e-17+0.j -1.08411377e-16+0.j  4.84954492e-01+0.j
  -9.09856714e-12+0.j  5.00000000e-01+0.j  6.94946427e-14+0.j
   4.14311348e-03+0.j  1.26217754e-29+0.j  3.94430453e-31+0.j]
 [-3.12250226e-17+0.j  1.85017299e-19+0.j  7.80474690e-18+0.j
   3.41830737e-17+0.j  1.88421463e-17+0.j  9.88160591e-18+0.j
   4.14311348e-03+0.j  6.95482826e-14+0.j  5.00000000e-01+0.j
   3.20159841e-11+0.j  4.92327001e-01+0.j  8.07793567e-28+0.j]
 [ 1.77648430e-19+0.j -4.51028104e-17+0.j -3.52285829e-17+0.j
   1.13587253e-16+0.j -1.86585167e-17+0.j  8.08699919e-17+0.j
  -5.26830149e-17+0.j  4.14311348e-03+0.j  3.20159926e-11+0.j
   5.00000000e-01+0.j -1.99961973e-14+0.j -4.92327001e-01+0.j]
 [-6.58295812e-17+0.j -2.25854113e-18+0.j  5.50749276e-17+0.j
  -1.71830373e-18+0.j -2.20982211e-16+0.j -3.30657723e-17+0.j
  -5.20164295e-17+0.j  2.54532546e-17+0.j  4.92327001e-01+0.j
  -1.99856078e-14+0.j  5.00000000e-01+0.j  3.21329560e-11+0.j]
 [ 1.15804913e-17+0.j  1.42182637e-16+0.j -2.50261785e-18+0.j
   6.00370009e-17+0.j  4.13859230e-17+0.j  1.38598311e-16+0.j
  -1.77972562e-17+0.j  2.11218559e-17+0.j  5.30587035e-17+0.j
  -4.92327001e-01+0.j  3.21329810e-11+0.j  5.00000000e-01+0.j]]
rounding Naca1 to integer
rounding Naca2 to integer
Naca= (3, 3)
nq= 12
variational state:
        ┌──────────┐┌───────────┐┌───┐     ┌───────────┐┌───────────┐»
 q0_0: ─┤ Ry(y[0]) ├┤ Rz(y[12]) ├┤ X ├──■──┤ Ry(y[24]) ├┤ Rz(y[36]) ├»
        ├──────────┤├───────────┤└─┬─┘┌─┴─┐└───────────┘├───────────┤»
 q0_1: ─┤ Ry(y[1]) ├┤ Rz(y[13]) ├──┼──┤ X ├──────■──────┤ Ry(y[25]) ├»
        ├──────────┤├───────────┤  │  └───┘    ┌─┴─┐    └───────────┘»
 q0_2: ─┤ Ry(y[2]) ├┤ Rz(y[14]) ├──┼───────────┤ X ├──────────■──────»
        ├──────────┤├───────────┤  │           └───┘        ┌─┴─┐    »
 q0_3: ─┤ Ry(y[3]) ├┤ Rz(y[15]) ├──┼────────────────────────┤ X ├────»
        ├──────────┤├───────────┤  │                        └───┘    »
 q0_4: ─┤ Ry(y[4]) ├┤ Rz(y[16]) ├──┼─────────────────────────────────»
        ├──────────┤├───────────┤  │                                 »
 q0_5: ─┤ Ry(y[5]) ├┤ Rz(y[17]) ├──┼─────────────────────────────────»
        ├──────────┤├───────────┤  │                                 »
 q0_6: ─┤ Ry(y[6]) ├┤ Rz(y[18]) ├──┼─────────────────────────────────»
        ├──────────┤├───────────┤  │                                 »
 q0_7: ─┤ Ry(y[7]) ├┤ Rz(y[19]) ├──┼─────────────────────────────────»
        ├──────────┤├───────────┤  │                                 »
 q0_8: ─┤ Ry(y[8]) ├┤ Rz(y[20]) ├──┼─────────────────────────────────»
        ├──────────┤├───────────┤  │                                 »
 q0_9: ─┤ Ry(y[9]) ├┤ Rz(y[21]) ├──┼─────────────────────────────────»
       ┌┴──────────┤├───────────┤  │                                 »
q0_10: ┤ Ry(y[10]) ├┤ Rz(y[22]) ├──┼─────────────────────────────────»
       ├───────────┤├───────────┤  │                                 »
q0_11: ┤ Ry(y[11]) ├┤ Rz(y[23]) ├──■─────────────────────────────────»
       └───────────┘└───────────┘                                    »
c0: 12/══════════════════════════════════════════════════════════════»
                                                                     »
«                                                                        »
« q0_0: ─────────────────────────────────────────────────────────────────»
«       ┌───────────┐                                                    »
« q0_1: ┤ Rz(y[37]) ├────────────────────────────────────────────────────»
«       ├───────────┤┌───────────┐                                       »
« q0_2: ┤ Ry(y[26]) ├┤ Rz(y[38]) ├───────────────────────────────────────»
«       └───────────┘├───────────┤┌───────────┐                          »
« q0_3: ──────■──────┤ Ry(y[27]) ├┤ Rz(y[39]) ├──────────────────────────»
«           ┌─┴─┐    └───────────┘├───────────┤┌───────────┐             »
« q0_4: ────┤ X ├──────────■──────┤ Ry(y[28]) ├┤ Rz(y[40]) ├─────────────»
«           └───┘        ┌─┴─┐    └───────────┘├───────────┤┌───────────┐»
« q0_5: ─────────────────┤ X ├──────────■──────┤ Ry(y[29]) ├┤ Rz(y[41]) ├»
«                        └───┘        ┌─┴─┐    └───────────┘├───────────┤»
« q0_6: ──────────────────────────────┤ X ├──────────■──────┤ Ry(y[30]) ├»
«                                     └───┘        ┌─┴─┐    └───────────┘»
« q0_7: ───────────────────────────────────────────┤ X ├──────────■──────»
«                                                  └───┘        ┌─┴─┐    »
« q0_8: ────────────────────────────────────────────────────────┤ X ├────»
«                                                               └───┘    »
« q0_9: ─────────────────────────────────────────────────────────────────»
«                                                                        »
«q0_10: ─────────────────────────────────────────────────────────────────»
«                                                                        »
«q0_11: ─────────────────────────────────────────────────────────────────»
«                                                                        »
«c0: 12/═════════════════════════════════════════════════════════════════»
«                                                                        »
«                                                                        ┌───┐»
« q0_0: ─────────────────────────────────────────────────────────────────┤ X ├»
«                                                                        └─┬─┘»
« q0_1: ───────────────────────────────────────────────────────────────────┼──»
«                                                                          │  »
« q0_2: ───────────────────────────────────────────────────────────────────┼──»
«                                                                          │  »
« q0_3: ───────────────────────────────────────────────────────────────────┼──»
«                                                                          │  »
« q0_4: ───────────────────────────────────────────────────────────────────┼──»
«                                                                          │  »
« q0_5: ───────────────────────────────────────────────────────────────────┼──»
«       ┌───────────┐                                                      │  »
« q0_6: ┤ Rz(y[42]) ├──────────────────────────────────────────────────────┼──»
«       ├───────────┤┌───────────┐                                         │  »
« q0_7: ┤ Ry(y[31]) ├┤ Rz(y[43]) ├─────────────────────────────────────────┼──»
«       └───────────┘├───────────┤┌───────────┐                            │  »
« q0_8: ──────■──────┤ Ry(y[32]) ├┤ Rz(y[44]) ├────────────────────────────┼──»
«           ┌─┴─┐    └───────────┘├───────────┤┌───────────┐               │  »
« q0_9: ────┤ X ├──────────■──────┤ Ry(y[33]) ├┤ Rz(y[45]) ├───────────────┼──»
«           └───┘        ┌─┴─┐    └───────────┘├───────────┤┌───────────┐  │  »
«q0_10: ─────────────────┤ X ├──────────■──────┤ Ry(y[34]) ├┤ Rz(y[46]) ├──┼──»
«                        └───┘        ┌─┴─┐    ├───────────┤├───────────┤  │  »
«q0_11: ──────────────────────────────┤ X ├────┤ Ry(y[35]) ├┤ Rz(y[47]) ├──■──»
«                                     └───┘    └───────────┘└───────────┘     »
«c0: 12/══════════════════════════════════════════════════════════════════════»
«                                                                             »
«            ┌───────────┐┌───────────┐                                       »
« q0_0: ──■──┤ Ry(y[48]) ├┤ Rz(y[60]) ├───────────────────────────────────────»
«       ┌─┴─┐└───────────┘├───────────┤┌───────────┐                          »
« q0_1: ┤ X ├──────■──────┤ Ry(y[49]) ├┤ Rz(y[61]) ├──────────────────────────»
«       └───┘    ┌─┴─┐    └───────────┘├───────────┤┌───────────┐             »
« q0_2: ─────────┤ X ├──────────■──────┤ Ry(y[50]) ├┤ Rz(y[62]) ├─────────────»
«                └───┘        ┌─┴─┐    └───────────┘├───────────┤┌───────────┐»
« q0_3: ──────────────────────┤ X ├──────────■──────┤ Ry(y[51]) ├┤ Rz(y[63]) ├»
«                             └───┘        ┌─┴─┐    └───────────┘├───────────┤»
« q0_4: ───────────────────────────────────┤ X ├──────────■──────┤ Ry(y[52]) ├»
«                                          └───┘        ┌─┴─┐    └───────────┘»
« q0_5: ────────────────────────────────────────────────┤ X ├──────────■──────»
«                                                       └───┘        ┌─┴─┐    »
« q0_6: ─────────────────────────────────────────────────────────────┤ X ├────»
«                                                                    └───┘    »
« q0_7: ──────────────────────────────────────────────────────────────────────»
«                                                                             »
« q0_8: ──────────────────────────────────────────────────────────────────────»
«                                                                             »
« q0_9: ──────────────────────────────────────────────────────────────────────»
«                                                                             »
«q0_10: ──────────────────────────────────────────────────────────────────────»
«                                                                             »
«q0_11: ──────────────────────────────────────────────────────────────────────»
«                                                                             »
«c0: 12/══════════════════════════════════════════════════════════════════════»
«                                                                             »
«                                                                        »
« q0_0: ─────────────────────────────────────────────────────────────────»
«                                                                        »
« q0_1: ─────────────────────────────────────────────────────────────────»
«                                                                        »
« q0_2: ─────────────────────────────────────────────────────────────────»
«                                                                        »
« q0_3: ─────────────────────────────────────────────────────────────────»
«       ┌───────────┐                                                    »
« q0_4: ┤ Rz(y[64]) ├────────────────────────────────────────────────────»
«       ├───────────┤┌───────────┐                                       »
« q0_5: ┤ Ry(y[53]) ├┤ Rz(y[65]) ├───────────────────────────────────────»
«       └───────────┘├───────────┤┌───────────┐                          »
« q0_6: ──────■──────┤ Ry(y[54]) ├┤ Rz(y[66]) ├──────────────────────────»
«           ┌─┴─┐    └───────────┘├───────────┤┌───────────┐             »
« q0_7: ────┤ X ├──────────■──────┤ Ry(y[55]) ├┤ Rz(y[67]) ├─────────────»
«           └───┘        ┌─┴─┐    └───────────┘├───────────┤┌───────────┐»
« q0_8: ─────────────────┤ X ├──────────■──────┤ Ry(y[56]) ├┤ Rz(y[68]) ├»
«                        └───┘        ┌─┴─┐    └───────────┘├───────────┤»
« q0_9: ──────────────────────────────┤ X ├──────────■──────┤ Ry(y[57]) ├»
«                                     └───┘        ┌─┴─┐    └───────────┘»
«q0_10: ───────────────────────────────────────────┤ X ├──────────■──────»
«                                                  └───┘        ┌─┴─┐    »
«q0_11: ────────────────────────────────────────────────────────┤ X ├────»
«                                                               └───┘    »
«c0: 12/═════════════════════════════════════════════════════════════════»
«                                                                        »
«                                 
« q0_0: ──────────────────────────
«                                 
« q0_1: ──────────────────────────
«                                 
« q0_2: ──────────────────────────
«                                 
« q0_3: ──────────────────────────
«                                 
« q0_4: ──────────────────────────
«                                 
« q0_5: ──────────────────────────
«                                 
« q0_6: ──────────────────────────
«                                 
« q0_7: ──────────────────────────
«                                 
« q0_8: ──────────────────────────
«       ┌───────────┐             
« q0_9: ┤ Rz(y[69]) ├─────────────
«       ├───────────┤┌───────────┐
«q0_10: ┤ Ry(y[58]) ├┤ Rz(y[70]) ├
«       ├───────────┤├───────────┤
«q0_11: ┤ Ry(y[59]) ├┤ Rz(y[71]) ├
«       └───────────┘└───────────┘
«c0: 12/══════════════════════════
«                                 
ansatz-state is written to ansatz.txt
building constraints...
number of constraints= 144
unique pauliops 276
graphclique-cliquecover: 276 with commutationmode commute
strategy largest_first 31
strategy random_sequential 27
strategy smallest_last 34
strategy independent_set 23
strategy connected_sequential_bfs 31
strategy connected_sequential_dfs 31
strategy saturation_largest_first 25
number of cliques 23
clique 0 ['IIIIIIIIIIIZ', 'IIIIIIIIIIZZ', 'IIIIIIIIIZZI', 'IIIIIIIIZZII', 'IIIIIIIZZIII', 'IIIIIIZZIIII', 'IIIIIZZIIIII', 'IIIIZZIIIIII', 'IIIZZIIIIIII', 'IIZZIIIIIIII', 'IZZIIIIIIIII', 'ZZIIIIIIIIII']
clique 1 ['IIIIIIIIIIIX', 'IIIIIIIIIIZX', 'IIIIIIIIIXII', 'IIIIIIIIZXZI', 'IIIIIIIXIIII', 'IIIIIIZXZIII', 'IIIIIXIIIIII', 'IIIIZXZIIIII', 'IIIXIIIIIIII', 'IIZXZIIIIIII', 'IXIIIIIIIIII', 'ZXZIIIIIIIII']
clique 2 ['IIIIIIIIIIIY', 'IIIIIIIIIIZY', 'IIIIIIIIZYII', 'IIIIIIIIIYZI', 'IIIIIIZYIIII', 'IIIIIIIYZIII', 'IIIIZYIIIIII', 'IIIIIYZIIIII', 'IIZYIIIIIIII', 'IIIYZIIIIIII', 'ZYIIIIIIIIII', 'IYZIIIIIIIII']
clique 3 ['IIIIIIIIIZXX', 'IIIIIIIIIIYY', 'IIIIIIIIIYYI', 'IIIIIIIIZXXZ', 'IIIIIIYYIIII', 'IIIIIZXXZIII', 'IIIIIYYIIIII', 'IIIIZXXZIIII', 'IIYYIIIIIIII', 'IZXXZIIIIIII', 'IYYIIIIIIIII', 'ZXXZIIIIIIII']
clique 4 ['IIIIIIIIIIYX', 'IIIIIIIIIZXY', 'IIIIIIIIZXYI', 'IIIIIIIIIYXZ', 'IIIIIZXYIIII', 'IIIIIIYXZIII', 'IIIIZXYIIIII', 'IIIIIYXZIIII', 'IZXYIIIIIIII', 'IIYXZIIIIIII', 'ZXYIIIIIIIII', 'IYXZIIIIIIII']
clique 5 ['IIIIIIIIZXXX', 'IIIIIIIIIYXY', 'IIIIIIIIIIXI', 'IIIIIIIIIZXZ', 'IIIIIYXYIIII', 'IIIIZXXXZIII', 'IIIIIIXIIIII', 'IIIIIZXZIIII', 'IYXYIIIIIIII', 'ZXXXZIIIIIII', 'IIXIIIIIIIII', 'IZXZIIIIIIII']
clique 6 ['IIIIIIIIIYXX', 'IIIIIIIIZXXY', 'IIIIIIIIIZYI', 'IIIIIIIIIIYZ', 'IIIIZXXYIIII', 'IIIIIYXXZIII', 'IIIIIZYIIIII', 'IIIIIIYZIIII', 'ZXXYIIIIIIII', 'IYXXZIIIIIII', 'IZYIIIIIIIII', 'IIYZIIIIIIII']
clique 7 ['IIIIIIIZXXXX', 'IIIIYXXXXXXY', 'IIIIIIIYXXYI', 'IIZXXXXXXXXZ', 'IIIIIIYXXYII', 'IZXXXXXXXXZI', 'IIIIIYXXYIII', 'ZXXXXXXXXZII', 'IIIZXXXXZIII', 'IIIYXXYIIIII', 'IIYXXYIIIIII', 'IYXXYIIIIIII']
clique 8 ['IIIIIIIIYXXY', 'IIZXXXXXXXXX', 'IIIIIIIZXXXZ', 'IIIIYXXXXXYI', 'IIIIIZXXXXZI', 'IYXXXXXXXYII', 'IIIIIIYXYIII', 'IZXXXXXXXZII', 'IIIZXXYIIIII', 'IIIYXXXZIIII', 'IIYXYIIIIIII', 'ZXXXXZIIIIII']
clique 9 ['IIIIIIIIYXXX', 'IIIZXXXXXXXY', 'IIIIIIYXXXYI', 'IIIIYXXXXXXZ', 'IIIIIIIYXYII', 'ZXXXXXXXXXZI', 'IIIIZXXXYIII', 'IIZXXXXXXZII', 'IZXXXXXYIIII', 'IIYXXXYIIIII', 'IIIYXYIIIIII', 'IYXXXZIIIIII']
clique 10 ['IIIIIIIZXXXY', 'IIIIIIYXXXXX', 'IIIYXXXXXXYI', 'ZXXXXXXXXXXZ', 'IIIIZXXXXXZI', 'IIIZXXXXXYII', 'IIIIIIZXYIII', 'IIYXXXXXXZII', 'IIIIYXXXZIII', 'IZXXXXXZIIII', 'IYXXXYIIIIII', 'IIZXXZIIIIII']
clique 11 ['IIIIIIZXXXXX', 'IZXXXXXXXXXY', 'IIIIIIIIYXXZ', 'IIIIZXXXXXYI', 'IIZXXXXXXYII', 'IYXXXXXXXXZI', 'IIIIIIIYXZII', 'IIIYXXXXYIII', 'IIYXXXXYIIII', 'IIIZXXZIIIII', 'ZXXXXYIIIIII', 'IIIIYZIIIIII']
clique 12 ['IIIIIIIYXXXY', 'IIYXXXXXXXXX', 'IIIIIIIIYXYI', 'IIIIIYXXXXXZ', 'IIIZXXXXXXZI', 'IZXXXXXXXYII', 'IIIIZXXXXZII', 'IYXXXXXXYIII', 'ZXXXXXXYIIII', 'IIZXXXYIIIII', 'IIIIYYIIIIII', 'IIIYXXZIIIII']
clique 13 ['IIIIIIIYXXXX', 'ZXXXXXXXXXXY', 'IIIZXXXXXXXZ', 'IIZXXXXXXXYI', 'IIIIIIIIYYII', 'IIIYXXXXXXZI', 'IIIIIIIZXZII', 'IIIIIZXXYIII', 'IYXXXXYIIIII', 'IIIIYXZIIIII', 'IZXXYIIIIIII', 'IIYXXZIIIIII']
clique 14 ['IIIIIIZXXXXY', 'IIIIIYXXXXXX', 'IIIIIZXXXXXZ', 'IZXXXXXXXXYI', 'IIIIIIIZXXZI', 'IIIYXXXXXYII', 'IIIIYXXXYIII', 'IYXXXXXXXZII', 'ZXXXXXXXZIII', 'IIZXXXXZIIII', 'IIYXXXZIIIII', 'IIIZYIIIIIII']
clique 15 ['IIIIIZXXXXXX', 'IIIYXXXXXXXY', 'IIIZXXXXXXYI', 'IZXXXXXXXXXZ', 'IIIIIIIYXXZI', 'IIIIZXXXXYII', 'IIIIIYXXXZII', 'IIZXXXXXYIII', 'IIYXXXXXZIII', 'IYXXXXXYIIII', 'IIIIYXYIIIII', 'ZXXXXXZIIIII']
clique 16 ['IIIIIIYXXXXY', 'IIIYXXXXXXXX', 'IIIIIZXXXXYI', 'IYXXXXXXXXXZ', 'IIIIIYXXXYII', 'IIZXXXXXXXZI', 'IIIIIIIIXIII', 'IIIZXXXXXZII', 'IIIIYXXYIIII', 'IZXXXXYIIIII', 'IIYXXXXZIIII', 'ZXXXYIIIIIII']
clique 17 ['IIIIIYXXXXXY', 'ZXXXXXXXXXXX', 'IIYXXXXXXXXZ', 'IYXXXXXXXXYI', 'IIIIIIZXXYII', 'IIIIYXXXXXZI', 'IIIIIIIIYZII', 'IIIIIIIYYIII', 'IIIZXXXYIIII', 'IIZXXXZIIIII', 'IZXXXYIIIIII', 'IIIYYIIIIIII']
clique 18 ['IIIIYXXXXXXX', 'IYXXXXXXXXXY', 'IIIIIIYXXXXZ', 'IIIIIYXXXXYI', 'IIIIIIIIYXZI', 'IIYXXXXXXYII', 'IIIIIIZXXZII', 'IZXXXXXXYIII', 'IIIYXXXYIIII', 'ZXXXXXXZIIII', 'IIIZXYIIIIII', 'IIZXYIIIIIII']
clique 19 ['IIZXXXXXXXXY', 'IYXXXXXXXXXX', 'IIIIZXXXXXXZ', 'ZXXXXXXXXXYI', 'IIIIIIIZXYII', 'IIIIIIZXXXZI', 'IIIIIZXXXZII', 'IIYXXXXXYIII', 'IIIYXXXXZIII', 'IIIIYXXZIIII', 'IZXXXXZIIIII', 'IIIZXZIIIIII']
clique 20 ['IZXXXXXXXXXX', 'IIYXXXXXXXXY', 'IIIIIIZXXXYI', 'IIIYXXXXXXXZ', 'IIIIIZXXXYII', 'IIIIIYXXXXZI', 'IIIIIIYXXZII', 'ZXXXXXXXYIII', 'IIZXXXXYIIII', 'IYXXXXXXZIII', 'IIIZXXXZIIII', 'IIIIXIIIIIII']
clique 21 ['IIIIIZXXXXXY', 'IIIIZXXXXXXX', 'IIIIIIIZXXYI', 'IIIIIIIYXXXZ', 'IIIIYXXXXYII', 'IIYXXXXXXXZI', 'IIIZXXXXYIII', 'IIIYXXXXXZII', 'IIZXXXXXZIII', 'ZXXXXXYIIIII', 'IYXXXXZIIIII', 'IZXXXZIIIIII']
clique 22 ['IIIIZXXXXXXY', 'IIIZXXXXXXXX', 'IIIIIIZXXXXZ', 'IIYXXXXXXXYI', 'IIIIIIYXXXZI', 'ZXXXXXXXXYII', 'IIIIIIIZYIII', 'IIIIYXXXXZII', 'IZXXXXXXZIII', 'IYXXXXXZIIII', 'IIZXXYIIIIII', 'IIIYXZIIIIII']
