GS energy with  DMRG -13.110654669824957
N= 8.999999999999998
E= -13.110654669824957
D= [[ 3.78057920e-01+0.j  7.93295945e-03+0.j  4.05184590e-01+0.j
   8.01164207e-09+0.j  9.81366568e-02+0.j -6.38430289e-03+0.j
  -1.40617320e-01+0.j -6.29088002e-09+0.j -8.97061359e-02+0.j
   5.83585623e-03+0.j  6.98466285e-02+0.j -3.23496366e-07+0.j
   8.43287355e-02+0.j -5.48737528e-03+0.j -3.02111466e-02+0.j
  -2.23436608e-06+0.j -7.98048927e-02+0.j  5.18976583e-03+0.j]
 [ 7.93295945e-03+0.j  6.21942085e-01+0.j  8.00419885e-09+0.j
   4.05184592e-01+0.j -6.38429910e-03+0.j -9.81366563e-02+0.j
  -8.90742619e-09+0.j -1.40617325e-01+0.j  5.83585606e-03+0.j
   8.97061163e-02+0.j  1.13892058e-08+0.j  6.98467826e-02+0.j
  -5.48604761e-03+0.j -8.43290647e-02+0.j -9.21819077e-09+0.j
  -3.02108301e-02+0.j  5.19169613e-03+0.j  7.98048832e-02+0.j]
 [ 4.05184590e-01+0.j  8.00419885e-09+0.j  5.23114581e-01+0.j
  -1.50373066e-03+0.j  2.60853310e-01+0.j  3.45765753e-09+0.j
  -7.20519292e-03+0.j  4.68735864e-04+0.j -6.97722762e-02+0.j
  -7.39614977e-10+0.j  3.37889863e-03+0.j -2.19365179e-04+0.j
   3.95483810e-02+0.j  1.58730807e-06+0.j -1.38808728e-03+0.j
   9.30498724e-05+0.j -3.02108399e-02+0.j  2.26634989e-06+0.j]
 [ 8.01164207e-09+0.j  4.05184592e-01+0.j -1.50373066e-03+0.j
   4.76885426e-01+0.j  8.53175523e-10+0.j  2.60853306e-01+0.j
   4.68736305e-04+0.j  7.20517995e-03+0.j  4.60403024e-10+0.j
  -6.97722595e-02+0.j -2.19813585e-04+0.j -3.37884173e-03+0.j
  -1.08214988e-08+0.j  3.95479850e-02+0.j  9.02932500e-05+0.j
   1.38808150e-03+0.j  3.49758178e-09+0.j -3.02111679e-02+0.j]
 [ 9.81366568e-02+0.j -6.38429910e-03+0.j  2.60853310e-01+0.j
   8.53175537e-10+0.j  3.81147398e-01+0.j  7.73197436e-03+0.j
   3.36227167e-01+0.j  6.50048932e-09+0.j  9.70791910e-02+0.j
  -6.31551849e-03+0.j -1.01914129e-01+0.j -3.23716183e-07+0.j
  -8.95705398e-02+0.j  5.82593183e-03+0.j  3.95480009e-02+0.j
  -1.64171458e-06+0.j  8.43290975e-02+0.j -5.48743983e-03+0.j]
 [-6.38430289e-03+0.j -9.81366563e-02+0.j  3.45765752e-09+0.j
   2.60853306e-01+0.j  7.73197436e-03+0.j  6.18852601e-01+0.j
   7.52159835e-09+0.j  3.36227160e-01+0.j -6.31550979e-03+0.j
  -9.70792001e-02+0.j -1.07917514e-09+0.j -1.01913978e-01+0.j
   5.82702783e-03+0.j  8.95705288e-02+0.j  1.57075897e-08+0.j
   3.95484065e-02+0.j -5.48605094e-03+0.j -8.43287798e-02+0.j]
 [-1.40617320e-01+0.j -8.90742620e-09+0.j -7.20519292e-03+0.j
   4.68736305e-04+0.j  3.36227167e-01+0.j  7.52159833e-09+0.j
   5.27514175e-01+0.j -1.78995108e-03+0.j  3.02826792e-01+0.j
   3.99105394e-09+0.j -8.86187590e-03+0.j  5.76657374e-04+0.j
  -1.01913990e-01+0.j  3.62008823e-07+0.j  3.37881670e-03+0.j
  -2.19294940e-04+0.j  6.98467841e-02+0.j  3.79149315e-07+0.j]
 [-6.29087999e-09+0.j -1.40617325e-01+0.j  4.68735864e-04+0.j
   7.20517995e-03+0.j  6.50048933e-09+0.j  3.36227160e-01+0.j
  -1.78995108e-03+0.j  4.72485824e-01+0.j  3.00102260e-09+0.j
   3.02826785e-01+0.j  5.76514903e-04+0.j  8.86187915e-03+0.j
  -6.93733476e-09+0.j -1.01914152e-01+0.j -2.19812342e-04+0.j
  -3.37886569e-03+0.j -7.79724369e-09+0.j  6.98466225e-02+0.j]
 [-8.97061359e-02+0.j  5.83585606e-03+0.j -6.97722762e-02+0.j
   4.60403022e-10+0.j  9.70791910e-02+0.j -6.31550979e-03+0.j
   3.02826792e-01+0.j  3.00102258e-09+0.j  3.81386556e-01+0.j
   7.71642561e-03+0.j  3.02826788e-01+0.j -1.57257975e-08+0.j
   9.70792060e-02+0.j -6.31554324e-03+0.j -6.97722751e-02+0.j
  -2.90960146e-08+0.j -8.97060952e-02+0.j  5.83583154e-03+0.j]
 [ 5.83585623e-03+0.j  8.97061163e-02+0.j -7.39614968e-10+0.j
  -6.97722595e-02+0.j -6.31551849e-03+0.j -9.70792001e-02+0.j
   3.99105397e-09+0.j  3.02826785e-01+0.j  7.71642561e-03+0.j
   6.18613443e-01+0.j  4.69529385e-09+0.j  3.02826799e-01+0.j
  -6.31551612e-03+0.j -9.70791979e-02+0.j -2.80022498e-09+0.j
  -6.97722846e-02+0.j  5.83586159e-03+0.j  8.97061189e-02+0.j]
 [ 6.98466285e-02+0.j  1.13892058e-08+0.j  3.37889863e-03+0.j
  -2.19813585e-04+0.j -1.01914129e-01+0.j -1.07917513e-09+0.j
  -8.86187590e-03+0.j  5.76514903e-04+0.j  3.02826788e-01+0.j
   4.69529385e-09+0.j  5.27514175e-01+0.j -1.78995062e-03+0.j
   3.36227167e-01+0.j -1.10937556e-08+0.j -7.20518510e-03+0.j
   4.68741466e-04+0.j -1.40617315e-01+0.j  1.74030099e-08+0.j]
 [-3.23496366e-07+0.j  6.98467826e-02+0.j -2.19365179e-04+0.j
  -3.37884173e-03+0.j -3.23716183e-07+0.j -1.01913978e-01+0.j
   5.76657374e-04+0.j  8.86187915e-03+0.j -1.57257976e-08+0.j
   3.02826799e-01+0.j -1.78995062e-03+0.j  4.72485823e-01+0.j
  -2.66749079e-10+0.j  3.36227169e-01+0.j  4.68735181e-04+0.j
   7.20519031e-03+0.j  4.67594568e-09+0.j -1.40617314e-01+0.j]
 [ 8.43287355e-02+0.j -5.48604761e-03+0.j  3.95483810e-02+0.j
  -1.08214988e-08+0.j -8.95705398e-02+0.j  5.82702783e-03+0.j
  -1.01913990e-01+0.j -6.93733464e-09+0.j  9.70792060e-02+0.j
  -6.31551612e-03+0.j  3.36227167e-01+0.j -2.66749081e-10+0.j
   3.81147405e-01+0.j  7.73198732e-03+0.j  2.60853303e-01+0.j
  -3.68767108e-09+0.j  9.81366575e-02+0.j -6.38431301e-03+0.j]
 [-5.48737528e-03+0.j -8.43290647e-02+0.j  1.58730807e-06+0.j
   3.95479850e-02+0.j  5.82593183e-03+0.j  8.95705288e-02+0.j
   3.62008823e-07+0.j -1.01914152e-01+0.j -6.31554324e-03+0.j
  -9.70791979e-02+0.j -1.10937556e-08+0.j  3.36227169e-01+0.j
   7.73198732e-03+0.j  6.18852608e-01+0.j -8.35018760e-10+0.j
   2.60853308e-01+0.j -6.38430793e-03+0.j -9.81366539e-02+0.j]
 [-3.02111466e-02+0.j -9.21819078e-09+0.j -1.38808728e-03+0.j
   9.02932500e-05+0.j  3.95480009e-02+0.j  1.57075897e-08+0.j
   3.37881670e-03+0.j -2.19812342e-04+0.j -6.97722751e-02+0.j
  -2.80022498e-09+0.j -7.20518510e-03+0.j  4.68735181e-04+0.j
   2.60853303e-01+0.j -8.35018755e-10+0.j  5.23114569e-01+0.j
  -1.50373213e-03+0.j  4.05184592e-01+0.j -1.13443210e-08+0.j]
 [-2.23436608e-06+0.j -3.02108301e-02+0.j  9.30498724e-05+0.j
   1.38808150e-03+0.j -1.64171458e-06+0.j  3.95484065e-02+0.j
  -2.19294940e-04+0.j -3.37886569e-03+0.j -2.90960146e-08+0.j
  -6.97722846e-02+0.j  4.68741466e-04+0.j  7.20519031e-03+0.j
  -3.68767107e-09+0.j  2.60853308e-01+0.j -1.50373213e-03+0.j
   4.76885422e-01+0.j -3.39751316e-09+0.j  4.05184589e-01+0.j]
 [-7.98048927e-02+0.j  5.19169613e-03+0.j -3.02108399e-02+0.j
   3.49758179e-09+0.j  8.43290975e-02+0.j -5.48605094e-03+0.j
   6.98467841e-02+0.j -7.79724379e-09+0.j -8.97060952e-02+0.j
   5.83586159e-03+0.j -1.40617315e-01+0.j  4.67594567e-09+0.j
   9.81366575e-02+0.j -6.38430793e-03+0.j  4.05184592e-01+0.j
  -3.39751316e-09+0.j  3.78057917e-01+0.j  7.93297197e-03+0.j]
 [ 5.18976583e-03+0.j  7.98048832e-02+0.j  2.26634989e-06+0.j
  -3.02111679e-02+0.j -5.48743983e-03+0.j -8.43287798e-02+0.j
   3.79149315e-07+0.j  6.98466225e-02+0.j  5.83583154e-03+0.j
   8.97061189e-02+0.j  1.74030099e-08+0.j -1.40617314e-01+0.j
  -6.38431301e-03+0.j -9.81366539e-02+0.j -1.13443210e-08+0.j
   4.05184589e-01+0.j  7.93297197e-03+0.j  6.21942072e-01+0.j]]
W= [0.18433397+0.j 0.21111726+0.j 0.20320057+0.j 0.21392756+0.j
 0.20492146+0.j 0.21392756+0.j 0.20320057+0.j 0.21111725+0.j
 0.18433396+0.j]
local approximation with  1 sites
local interactions on sites [[0], [1], [2], [3], [4], [5], [6], [7], [8]]
Functional for interaction on sites [0]
aca-directory for images already exists
aca-directory for images already exists
aca-directory for images already exists
interacting orbitals: [0, 1]
mapping: [0, 1, 2, 3, 4, 5, 6, 7, 8, 9, 10, 11, 12, 13, 14, 15, 16, 17]
aca-directory for images already exists
aca-directory for images already exists
aca-directory for images already exists
orbinteractaca= [0, 1]
aca-directory for images already exists
aca-directory for images already exists
aca-directory for images already exists
aca-directory for images already exists
aca-directory for images already exists
aca-directory for images already exists
aca-directory for images already exists
aca-directory for images already exists
aca-directory for images already exists
aca-directory for images already exists
aca-directory for images already exists
aca-directory for images already exists
aca-directory for images already exists
aca-directory for images already exists
aca-directory for images already exists
aca-directory for images already exists
aca-directory for images already exists
aca-directory for images already exists
aca-directory for images already exists
aca-directory for images already exists
aca-directory for images already exists
aca-directory for images already exists
aca-directory for images already exists
aca-directory for images already exists
aca-directory for images already exists
aca-directory for images already exists
aca-directory for images already exists
aca-directory for images already exists
aca-directory for images already exists
aca-directory for images already exists
aca-directory for images already exists
aca-directory for images already exists
aca-directory for images already exists
aca-directory for images already exists
aca-directory for images already exists
aca-directory for images already exists
aca-directory for images already exists
aca-directory for images already exists
aca-directory for images already exists
aca-directory for images already exists
aca-directory for images already exists
aca-directory for images already exists
aca-directory for images already exists
aca-directory for images already exists
aca-directory for images already exists
aca-directory for images already exists
aca-directory for images already exists
aca-directory for images already exists
aca-directory for images already exists
aca-directory for images already exists
aca-directory for images already exists
aca: level 8  norb= 18
Daca= [[ 3.78057920e-01+0.j  7.93295945e-03+0.j -4.70137278e-01+0.j
   1.02218875e-18+0.j  4.76712419e-18+0.j -1.32729425e-18+0.j
  -1.08825985e-17+0.j -7.68433322e-20+0.j -1.57824215e-17+0.j
   1.34888346e-18+0.j  8.94086407e-18+0.j  3.41612610e-20+0.j
  -7.91921618e-18+0.j -2.38453294e-18+0.j -6.91969811e-18+0.j
  -3.63429336e-21+0.j -2.26996204e-17+0.j  1.40174966e-18+0.j]
 [ 7.93295945e-03+0.j  6.21942085e-01+0.j -3.09462740e-08+0.j
  -4.70137343e-01+0.j  3.59508765e-19+0.j  8.43164813e-19+0.j
   7.98755522e-20+0.j -9.17300201e-18+0.j -1.34358197e-18+0.j
  -3.75882101e-18+0.j -3.19561181e-20+0.j -5.25552148e-18+0.j
  -4.28068279e-19+0.j -1.17540828e-17+0.j  1.14677081e-20+0.j
  -9.43717674e-18+0.j  1.58979322e-18+0.j -1.37055123e-17+0.j]
 [-4.70137278e-01+0.j -3.09462740e-08+0.j  6.20257893e-01+0.j
  -7.82341315e-03+0.j  8.89441448e-03+0.j  5.85486786e-21+0.j
  -2.53375780e-19+0.j -1.44673674e-20+0.j -2.12336339e-20+0.j
  -9.05014929e-22+0.j -6.23793713e-19+0.j  6.04078838e-21+0.j
  -2.47505952e-20+0.j  1.28994648e-22+0.j  5.19783174e-19+0.j
   6.20782026e-20+0.j -1.59983078e-20+0.j  2.16906333e-23+0.j]
 [ 2.22957003e-18+0.j -4.70137343e-01+0.j -7.82341315e-03+0.j
   3.79742154e-01+0.j -8.76067723e-08+0.j  8.89434517e-03+0.j
  -3.13519615e-20+0.j -5.78454673e-19+0.j  1.10818537e-21+0.j
   3.98329820e-20+0.j  1.97079544e-20+0.j  8.42131057e-19+0.j
  -3.95897439e-22+0.j  1.12516730e-20+0.j -1.54026513e-20+0.j
  -5.44538180e-19+0.j  2.73162536e-23+0.j -1.62883413e-20+0.j]
 [-1.04206832e-16+0.j  2.49454120e-18+0.j  8.89441448e-03+0.j
  -8.76067722e-08+0.j  5.31409837e-01+0.j -2.04233853e-03+0.j
   4.86267648e-01+0.j  1.95477203e-18+0.j -4.16073810e-18+0.j
   1.36649171e-18+0.j  9.44648385e-18+0.j -2.49229011e-20+0.j
   5.52795411e-17+0.j -7.10154981e-19+0.j  1.25229304e-17+0.j
  -1.67420788e-19+0.j -8.44654502e-17+0.j  5.98845301e-18+0.j]
 [ 3.61646764e-18+0.j -3.07671495e-17+0.j  2.47680895e-17+0.j
   8.89434517e-03+0.j -2.04233853e-03+0.j  4.68587307e-01+0.j
   3.85814689e-08+0.j  4.86267342e-01+0.j  9.55082688e-19+0.j
   2.05340199e-17+0.j  3.21546853e-19+0.j  1.26110081e-17+0.j
  -1.66217719e-18+0.j -3.89737069e-17+0.j -4.87431856e-19+0.j
  -2.62200979e-17+0.j  4.94818760e-18+0.j  5.26418378e-17+0.j]
 [ 1.41461806e-16+0.j -1.03851703e-17+0.j  1.98168177e-16+0.j
   3.83858710e-17+0.j  4.86267648e-01+0.j  3.85814690e-08+0.j
   4.64743525e-01+0.j  2.29253792e-03+0.j  6.30510158e-03+0.j
  -1.36502649e-20+0.j  3.66722804e-19+0.j -4.95217890e-20+0.j
  -8.69687376e-19+0.j -3.89383633e-24+0.j -3.75453068e-19+0.j
   7.78899775e-20+0.j  4.51887874e-19+0.j -5.60703385e-21+0.j]
 [ 2.53200767e-17+0.j  2.80683109e-17+0.j  4.03407328e-17+0.j
  -1.45059831e-16+0.j  8.50712109e-19+0.j  4.86267342e-01+0.j
   2.29253792e-03+0.j  5.35259279e-01+0.j  9.25323891e-08+0.j
   6.30523168e-03+0.j -7.74255807e-21+0.j  2.49489008e-19+0.j
   2.57021318e-21+0.j  1.27076128e-19+0.j -7.65720931e-20+0.j
   2.15354395e-20+0.j -3.63545438e-21+0.j  9.84292721e-21+0.j]
 [ 1.25724630e-17+0.j -8.83323852e-18+0.j -1.89043020e-16+0.j
   3.19847196e-18+0.j  2.02133170e-16+0.j -3.65887827e-17+0.j
   6.30510158e-03+0.j  9.25323891e-08+0.j  3.70228138e-01+0.j
   8.44395489e-03+0.j  4.72363749e-01+0.j  5.98266878e-19+0.j
  -9.25540629e-18+0.j -3.79032832e-19+0.j -7.35371213e-18+0.j
  -5.37235124e-19+0.j -1.09753880e-16+0.j  3.08464102e-18+0.j]
 [ 2.62357142e-18+0.j  2.24532673e-17+0.j  2.35977606e-17+0.j
  -6.81398753e-17+0.j -8.65609071e-18+0.j  1.16358653e-16+0.j
   3.53720500e-17+0.j  6.30523168e-03+0.j  8.44395489e-03+0.j
   6.29772441e-01+0.j -1.03308820e-07+0.j  4.72363686e-01+0.j
   2.07480445e-19+0.j -1.41506432e-17+0.j -1.00726290e-19+0.j
   3.91979041e-18+0.j  4.43010801e-18+0.j  9.54893992e-17+0.j]
 [-1.70233045e-16+0.j  2.28731431e-17+0.j -2.86248752e-16+0.j
   7.38949921e-17+0.j -8.60790302e-17+0.j  4.74807319e-17+0.j
   9.22715307e-17+0.j -6.57538082e-17+0.j  4.72363749e-01+0.j
  -1.03308820e-07+0.j  6.31024688e-01+0.j -8.52543742e-03+0.j
   2.04249091e-03+0.j -1.23014860e-20+0.j -5.31326896e-19+0.j
   3.44546715e-20+0.j  2.93770866e-19+0.j  1.20791100e-21+0.j]
 [ 9.57601985e-18+0.j  7.69558672e-17+0.j  8.27422410e-18+0.j
   1.10029167e-16+0.j -4.40914567e-17+0.j  2.87359955e-16+0.j
  -9.47272503e-17+0.j  8.41707550e-17+0.j -4.23684662e-17+0.j
   4.72363686e-01+0.j -8.52543742e-03+0.j  3.68974620e-01+0.j
  -5.79393164e-08+0.j  2.04243935e-03+0.j  4.12058564e-21+0.j
   3.19087079e-19+0.j  2.90522552e-21+0.j -2.62069776e-20+0.j]
 [-4.93135935e-17+0.j  1.19722152e-17+0.j -5.19588721e-17+0.j
   2.81415011e-17+0.j  2.92645758e-17+0.j  5.59846529e-18+0.j
   1.25784313e-16+0.j -4.02279570e-17+0.j  3.40326175e-17+0.j
   1.75138556e-17+0.j  2.04249091e-03+0.j -5.79393164e-08+0.j
   2.80406599e-01+0.j  1.42789684e-02+0.j -4.42057079e-01+0.j
   1.18273882e-19+0.j  2.75728301e-17+0.j -2.41756675e-18+0.j]
 [-4.71003153e-18+0.j -6.66036406e-17+0.j -1.35659821e-17+0.j
  -9.02219335e-17+0.j  3.84272627e-17+0.j -2.45421440e-16+0.j
   4.44669278e-17+0.j  1.19156720e-16+0.j -6.05916032e-18+0.j
  -7.69263205e-17+0.j  1.33123987e-17+0.j  2.04243935e-03+0.j
   1.42789684e-02+0.j  7.19555869e-01+0.j -1.31303939e-06+0.j
  -4.42075602e-01+0.j  1.18147743e-17+0.j  1.60100082e-16+0.j]
 [ 7.60786219e-17+0.j -4.84521398e-18+0.j  7.96810132e-17+0.j
  -1.10973794e-17+0.j -5.76893466e-17+0.j -1.10585536e-17+0.j
   1.36277929e-16+0.j -7.10698390e-18+0.j  4.24978559e-17+0.j
   2.12899840e-17+0.j -9.30986986e-17+0.j -4.59109033e-18+0.j
  -4.42057079e-01+0.j -1.31303939e-06+0.j  7.18478404e-01+0.j
  -1.42070961e-02+0.j  1.02412859e-03+0.j  2.82837327e-24+0.j]
 [-3.90676676e-18+0.j -1.98184218e-17+0.j -1.09937312e-17+0.j
  -4.31336098e-17+0.j  7.98355313e-18+0.j -8.38281842e-17+0.j
   6.81381416e-17+0.j -3.05418278e-16+0.j  1.18681552e-17+0.j
   1.43710828e-17+0.j -2.40318992e-19+0.j -6.30285775e-17+0.j
   3.12847551e-17+0.j -4.42075602e-01+0.j -1.42070961e-02+0.j
   2.81559197e-01+0.j  2.22659157e-07+0.j -1.02405956e-03+0.j]
 [ 8.78913085e-17+0.j -1.20183919e-17+0.j  8.26463002e-17+0.j
  -3.33274926e-17+0.j -7.08310566e-17+0.j  2.50354819e-17+0.j
  -1.80314517e-16+0.j  4.18575258e-17+0.j  7.66201146e-17+0.j
  -3.68251788e-17+0.j  1.26605246e-16+0.j -8.68742748e-17+0.j
   1.75891456e-16+0.j -2.71708202e-18+0.j  1.02412859e-03+0.j
   2.22659157e-07+0.j  6.45699537e-03+0.j -3.22514926e-02+0.j]
 [ 3.89599251e-18+0.j  4.15899542e-17+0.j  9.67080735e-18+0.j
   3.61926056e-17+0.j -3.64056070e-17+0.j  5.11340254e-16+0.j
  -6.86779493e-17+0.j  3.10138320e-17+0.j -1.65043375e-17+0.j
  -6.10752998e-17+0.j -1.71796822e-17+0.j -5.79680606e-17+0.j
  -1.44195904e-18+0.j  1.23886335e-16+0.j -9.12070232e-18+0.j
  -1.02405956e-03+0.j -3.22514926e-02+0.j  9.93543048e-01+0.j]]
Naca= (4.001063998889749, 4.998936001110248)
nq= 18
variational state:
        ┌──────────┐┌───────────┐┌───┐     ┌───────────┐┌───────────┐»
 q0_0: ─┤ Ry(y[0]) ├┤ Rz(y[18]) ├┤ X ├──■──┤ Ry(y[36]) ├┤ Rz(y[54]) ├»
        ├──────────┤├───────────┤└─┬─┘┌─┴─┐└───────────┘├───────────┤»
 q0_1: ─┤ Ry(y[1]) ├┤ Rz(y[19]) ├──┼──┤ X ├──────■──────┤ Ry(y[37]) ├»
        ├──────────┤├───────────┤  │  └───┘    ┌─┴─┐    └───────────┘»
 q0_2: ─┤ Ry(y[2]) ├┤ Rz(y[20]) ├──┼───────────┤ X ├──────────■──────»
        ├──────────┤├───────────┤  │           └───┘        ┌─┴─┐    »
 q0_3: ─┤ Ry(y[3]) ├┤ Rz(y[21]) ├──┼────────────────────────┤ X ├────»
        ├──────────┤├───────────┤  │                        └───┘    »
 q0_4: ─┤ Ry(y[4]) ├┤ Rz(y[22]) ├──┼─────────────────────────────────»
        ├──────────┤├───────────┤  │                                 »
 q0_5: ─┤ Ry(y[5]) ├┤ Rz(y[23]) ├──┼─────────────────────────────────»
        ├──────────┤├───────────┤  │                                 »
 q0_6: ─┤ Ry(y[6]) ├┤ Rz(y[24]) ├──┼─────────────────────────────────»
        ├──────────┤├───────────┤  │                                 »
 q0_7: ─┤ Ry(y[7]) ├┤ Rz(y[25]) ├──┼─────────────────────────────────»
        ├──────────┤├───────────┤  │                                 »
 q0_8: ─┤ Ry(y[8]) ├┤ Rz(y[26]) ├──┼─────────────────────────────────»
        ├──────────┤├───────────┤  │                                 »
 q0_9: ─┤ Ry(y[9]) ├┤ Rz(y[27]) ├──┼─────────────────────────────────»
       ┌┴──────────┤├───────────┤  │                                 »
q0_10: ┤ Ry(y[10]) ├┤ Rz(y[28]) ├──┼─────────────────────────────────»
       ├───────────┤├───────────┤  │                                 »
q0_11: ┤ Ry(y[11]) ├┤ Rz(y[29]) ├──┼─────────────────────────────────»
       ├───────────┤├───────────┤  │                                 »
q0_12: ┤ Ry(y[12]) ├┤ Rz(y[30]) ├──┼─────────────────────────────────»
       ├───────────┤├───────────┤  │                                 »
q0_13: ┤ Ry(y[13]) ├┤ Rz(y[31]) ├──┼─────────────────────────────────»
       ├───────────┤├───────────┤  │                                 »
q0_14: ┤ Ry(y[14]) ├┤ Rz(y[32]) ├──┼─────────────────────────────────»
       ├───────────┤├───────────┤  │                                 »
q0_15: ┤ Ry(y[15]) ├┤ Rz(y[33]) ├──┼─────────────────────────────────»
       ├───────────┤├───────────┤  │                                 »
q0_16: ┤ Ry(y[16]) ├┤ Rz(y[34]) ├──┼─────────────────────────────────»
       ├───────────┤├───────────┤  │                                 »
q0_17: ┤ Ry(y[17]) ├┤ Rz(y[35]) ├──■─────────────────────────────────»
       └───────────┘└───────────┘                                    »
c0: 18/══════════════════════════════════════════════════════════════»
                                                                     »
«                                                                        »
« q0_0: ─────────────────────────────────────────────────────────────────»
«       ┌───────────┐                                                    »
« q0_1: ┤ Rz(y[55]) ├────────────────────────────────────────────────────»
«       ├───────────┤┌───────────┐                                       »
« q0_2: ┤ Ry(y[38]) ├┤ Rz(y[56]) ├───────────────────────────────────────»
«       └───────────┘├───────────┤┌───────────┐                          »
« q0_3: ──────■──────┤ Ry(y[39]) ├┤ Rz(y[57]) ├──────────────────────────»
«           ┌─┴─┐    └───────────┘├───────────┤┌───────────┐             »
« q0_4: ────┤ X ├──────────■──────┤ Ry(y[40]) ├┤ Rz(y[58]) ├─────────────»
«           └───┘        ┌─┴─┐    └───────────┘├───────────┤┌───────────┐»
« q0_5: ─────────────────┤ X ├──────────■──────┤ Ry(y[41]) ├┤ Rz(y[59]) ├»
«                        └───┘        ┌─┴─┐    └───────────┘├───────────┤»
« q0_6: ──────────────────────────────┤ X ├──────────■──────┤ Ry(y[42]) ├»
«                                     └───┘        ┌─┴─┐    └───────────┘»
« q0_7: ───────────────────────────────────────────┤ X ├──────────■──────»
«                                                  └───┘        ┌─┴─┐    »
« q0_8: ────────────────────────────────────────────────────────┤ X ├────»
«                                                               └───┘    »
« q0_9: ─────────────────────────────────────────────────────────────────»
«                                                                        »
«q0_10: ─────────────────────────────────────────────────────────────────»
«                                                                        »
«q0_11: ─────────────────────────────────────────────────────────────────»
«                                                                        »
«q0_12: ─────────────────────────────────────────────────────────────────»
«                                                                        »
«q0_13: ─────────────────────────────────────────────────────────────────»
«                                                                        »
«q0_14: ─────────────────────────────────────────────────────────────────»
«                                                                        »
«q0_15: ─────────────────────────────────────────────────────────────────»
«                                                                        »
«q0_16: ─────────────────────────────────────────────────────────────────»
«                                                                        »
«q0_17: ─────────────────────────────────────────────────────────────────»
«                                                                        »
«c0: 18/═════════════════════════════════════════════════════════════════»
«                                                                        »
«                                                                        »
« q0_0: ─────────────────────────────────────────────────────────────────»
«                                                                        »
« q0_1: ─────────────────────────────────────────────────────────────────»
«                                                                        »
« q0_2: ─────────────────────────────────────────────────────────────────»
«                                                                        »
« q0_3: ─────────────────────────────────────────────────────────────────»
«                                                                        »
« q0_4: ─────────────────────────────────────────────────────────────────»
«                                                                        »
« q0_5: ─────────────────────────────────────────────────────────────────»
«       ┌───────────┐                                                    »
« q0_6: ┤ Rz(y[60]) ├────────────────────────────────────────────────────»
«       ├───────────┤┌───────────┐                                       »
« q0_7: ┤ Ry(y[43]) ├┤ Rz(y[61]) ├───────────────────────────────────────»
«       └───────────┘├───────────┤┌───────────┐                          »
« q0_8: ──────■──────┤ Ry(y[44]) ├┤ Rz(y[62]) ├──────────────────────────»
«           ┌─┴─┐    └───────────┘├───────────┤┌───────────┐             »
« q0_9: ────┤ X ├──────────■──────┤ Ry(y[45]) ├┤ Rz(y[63]) ├─────────────»
«           └───┘        ┌─┴─┐    └───────────┘├───────────┤┌───────────┐»
«q0_10: ─────────────────┤ X ├──────────■──────┤ Ry(y[46]) ├┤ Rz(y[64]) ├»
«                        └───┘        ┌─┴─┐    └───────────┘├───────────┤»
«q0_11: ──────────────────────────────┤ X ├──────────■──────┤ Ry(y[47]) ├»
«                                     └───┘        ┌─┴─┐    └───────────┘»
«q0_12: ───────────────────────────────────────────┤ X ├──────────■──────»
«                                                  └───┘        ┌─┴─┐    »
«q0_13: ────────────────────────────────────────────────────────┤ X ├────»
«                                                               └───┘    »
«q0_14: ─────────────────────────────────────────────────────────────────»
«                                                                        »
«q0_15: ─────────────────────────────────────────────────────────────────»
«                                                                        »
«q0_16: ─────────────────────────────────────────────────────────────────»
«                                                                        »
«q0_17: ─────────────────────────────────────────────────────────────────»
«                                                                        »
«c0: 18/═════════════════════════════════════════════════════════════════»
«                                                                        »
«                                                                        »
« q0_0: ─────────────────────────────────────────────────────────────────»
«                                                                        »
« q0_1: ─────────────────────────────────────────────────────────────────»
«                                                                        »
« q0_2: ─────────────────────────────────────────────────────────────────»
«                                                                        »
« q0_3: ─────────────────────────────────────────────────────────────────»
«                                                                        »
« q0_4: ─────────────────────────────────────────────────────────────────»
«                                                                        »
« q0_5: ─────────────────────────────────────────────────────────────────»
«                                                                        »
« q0_6: ─────────────────────────────────────────────────────────────────»
«                                                                        »
« q0_7: ─────────────────────────────────────────────────────────────────»
«                                                                        »
« q0_8: ─────────────────────────────────────────────────────────────────»
«                                                                        »
« q0_9: ─────────────────────────────────────────────────────────────────»
«                                                                        »
«q0_10: ─────────────────────────────────────────────────────────────────»
«       ┌───────────┐                                                    »
«q0_11: ┤ Rz(y[65]) ├────────────────────────────────────────────────────»
«       ├───────────┤┌───────────┐                                       »
«q0_12: ┤ Ry(y[48]) ├┤ Rz(y[66]) ├───────────────────────────────────────»
«       └───────────┘├───────────┤┌───────────┐                          »
«q0_13: ──────■──────┤ Ry(y[49]) ├┤ Rz(y[67]) ├──────────────────────────»
«           ┌─┴─┐    └───────────┘├───────────┤┌───────────┐             »
«q0_14: ────┤ X ├──────────■──────┤ Ry(y[50]) ├┤ Rz(y[68]) ├─────────────»
«           └───┘        ┌─┴─┐    └───────────┘├───────────┤┌───────────┐»
«q0_15: ─────────────────┤ X ├──────────■──────┤ Ry(y[51]) ├┤ Rz(y[69]) ├»
«                        └───┘        ┌─┴─┐    └───────────┘├───────────┤»
«q0_16: ──────────────────────────────┤ X ├──────────■──────┤ Ry(y[52]) ├»
«                                     └───┘        ┌─┴─┐    ├───────────┤»
«q0_17: ───────────────────────────────────────────┤ X ├────┤ Ry(y[53]) ├»
«                                                  └───┘    └───────────┘»
«c0: 18/═════════════════════════════════════════════════════════════════»
«                                                                        »
«                    ┌───┐     ┌───────────┐┌───────────┐             »
« q0_0: ─────────────┤ X ├──■──┤ Ry(y[72]) ├┤ Rz(y[90]) ├─────────────»
«                    └─┬─┘┌─┴─┐└───────────┘├───────────┤┌───────────┐»
« q0_1: ───────────────┼──┤ X ├──────■──────┤ Ry(y[73]) ├┤ Rz(y[91]) ├»
«                      │  └───┘    ┌─┴─┐    └───────────┘├───────────┤»
« q0_2: ───────────────┼───────────┤ X ├──────────■──────┤ Ry(y[74]) ├»
«                      │           └───┘        ┌─┴─┐    └───────────┘»
« q0_3: ───────────────┼────────────────────────┤ X ├──────────■──────»
«                      │                        └───┘        ┌─┴─┐    »
« q0_4: ───────────────┼─────────────────────────────────────┤ X ├────»
«                      │                                     └───┘    »
« q0_5: ───────────────┼──────────────────────────────────────────────»
«                      │                                              »
« q0_6: ───────────────┼──────────────────────────────────────────────»
«                      │                                              »
« q0_7: ───────────────┼──────────────────────────────────────────────»
«                      │                                              »
« q0_8: ───────────────┼──────────────────────────────────────────────»
«                      │                                              »
« q0_9: ───────────────┼──────────────────────────────────────────────»
«                      │                                              »
«q0_10: ───────────────┼──────────────────────────────────────────────»
«                      │                                              »
«q0_11: ───────────────┼──────────────────────────────────────────────»
«                      │                                              »
«q0_12: ───────────────┼──────────────────────────────────────────────»
«                      │                                              »
«q0_13: ───────────────┼──────────────────────────────────────────────»
«                      │                                              »
«q0_14: ───────────────┼──────────────────────────────────────────────»
«                      │                                              »
«q0_15: ───────────────┼──────────────────────────────────────────────»
«       ┌───────────┐  │                                              »
«q0_16: ┤ Rz(y[70]) ├──┼──────────────────────────────────────────────»
«       ├───────────┤  │                                              »
«q0_17: ┤ Rz(y[71]) ├──■──────────────────────────────────────────────»
«       └───────────┘                                                 »
«c0: 18/══════════════════════════════════════════════════════════════»
«                                                                     »
«                                                                        »
« q0_0: ─────────────────────────────────────────────────────────────────»
«                                                                        »
« q0_1: ─────────────────────────────────────────────────────────────────»
«       ┌───────────┐                                                    »
« q0_2: ┤ Rz(y[92]) ├────────────────────────────────────────────────────»
«       ├───────────┤┌───────────┐                                       »
« q0_3: ┤ Ry(y[75]) ├┤ Rz(y[93]) ├───────────────────────────────────────»
«       └───────────┘├───────────┤┌───────────┐                          »
« q0_4: ──────■──────┤ Ry(y[76]) ├┤ Rz(y[94]) ├──────────────────────────»
«           ┌─┴─┐    └───────────┘├───────────┤┌───────────┐             »
« q0_5: ────┤ X ├──────────■──────┤ Ry(y[77]) ├┤ Rz(y[95]) ├─────────────»
«           └───┘        ┌─┴─┐    └───────────┘├───────────┤┌───────────┐»
« q0_6: ─────────────────┤ X ├──────────■──────┤ Ry(y[78]) ├┤ Rz(y[96]) ├»
«                        └───┘        ┌─┴─┐    └───────────┘├───────────┤»
« q0_7: ──────────────────────────────┤ X ├──────────■──────┤ Ry(y[79]) ├»
«                                     └───┘        ┌─┴─┐    └───────────┘»
« q0_8: ───────────────────────────────────────────┤ X ├──────────■──────»
«                                                  └───┘        ┌─┴─┐    »
« q0_9: ────────────────────────────────────────────────────────┤ X ├────»
«                                                               └───┘    »
«q0_10: ─────────────────────────────────────────────────────────────────»
«                                                                        »
«q0_11: ─────────────────────────────────────────────────────────────────»
«                                                                        »
«q0_12: ─────────────────────────────────────────────────────────────────»
«                                                                        »
«q0_13: ─────────────────────────────────────────────────────────────────»
«                                                                        »
«q0_14: ─────────────────────────────────────────────────────────────────»
«                                                                        »
«q0_15: ─────────────────────────────────────────────────────────────────»
«                                                                        »
«q0_16: ─────────────────────────────────────────────────────────────────»
«                                                                        »
«q0_17: ─────────────────────────────────────────────────────────────────»
«                                                                        »
«c0: 18/═════════════════════════════════════════════════════════════════»
«                                                                        »
«                                                                          »
« q0_0: ───────────────────────────────────────────────────────────────────»
«                                                                          »
« q0_1: ───────────────────────────────────────────────────────────────────»
«                                                                          »
« q0_2: ───────────────────────────────────────────────────────────────────»
«                                                                          »
« q0_3: ───────────────────────────────────────────────────────────────────»
«                                                                          »
« q0_4: ───────────────────────────────────────────────────────────────────»
«                                                                          »
« q0_5: ───────────────────────────────────────────────────────────────────»
«                                                                          »
« q0_6: ───────────────────────────────────────────────────────────────────»
«       ┌───────────┐                                                      »
« q0_7: ┤ Rz(y[97]) ├──────────────────────────────────────────────────────»
«       ├───────────┤┌───────────┐                                         »
« q0_8: ┤ Ry(y[80]) ├┤ Rz(y[98]) ├─────────────────────────────────────────»
«       └───────────┘├───────────┤┌───────────┐                            »
« q0_9: ──────■──────┤ Ry(y[81]) ├┤ Rz(y[99]) ├────────────────────────────»
«           ┌─┴─┐    └───────────┘├───────────┤┌────────────┐              »
«q0_10: ────┤ X ├──────────■──────┤ Ry(y[82]) ├┤ Rz(y[100]) ├──────────────»
«           └───┘        ┌─┴─┐    └───────────┘├───────────┬┘┌────────────┐»
«q0_11: ─────────────────┤ X ├──────────■──────┤ Ry(y[83]) ├─┤ Rz(y[101]) ├»
«                        └───┘        ┌─┴─┐    └───────────┘ ├───────────┬┘»
«q0_12: ──────────────────────────────┤ X ├──────────■───────┤ Ry(y[84]) ├─»
«                                     └───┘        ┌─┴─┐     └───────────┘ »
«q0_13: ───────────────────────────────────────────┤ X ├───────────■───────»
«                                                  └───┘         ┌─┴─┐     »
«q0_14: ─────────────────────────────────────────────────────────┤ X ├─────»
«                                                                └───┘     »
«q0_15: ───────────────────────────────────────────────────────────────────»
«                                                                          »
«q0_16: ───────────────────────────────────────────────────────────────────»
«                                                                          »
«q0_17: ───────────────────────────────────────────────────────────────────»
«                                                                          »
«c0: 18/═══════════════════════════════════════════════════════════════════»
«                                                                          »
«                                                                             
« q0_0: ──────────────────────────────────────────────────────────────────────
«                                                                             
« q0_1: ──────────────────────────────────────────────────────────────────────
«                                                                             
« q0_2: ──────────────────────────────────────────────────────────────────────
«                                                                             
« q0_3: ──────────────────────────────────────────────────────────────────────
«                                                                             
« q0_4: ──────────────────────────────────────────────────────────────────────
«                                                                             
« q0_5: ──────────────────────────────────────────────────────────────────────
«                                                                             
« q0_6: ──────────────────────────────────────────────────────────────────────
«                                                                             
« q0_7: ──────────────────────────────────────────────────────────────────────
«                                                                             
« q0_8: ──────────────────────────────────────────────────────────────────────
«                                                                             
« q0_9: ──────────────────────────────────────────────────────────────────────
«                                                                             
«q0_10: ──────────────────────────────────────────────────────────────────────
«                                                                             
«q0_11: ──────────────────────────────────────────────────────────────────────
«       ┌────────────┐                                                        
«q0_12: ┤ Rz(y[102]) ├────────────────────────────────────────────────────────
«       ├───────────┬┘┌────────────┐                                          
«q0_13: ┤ Ry(y[85]) ├─┤ Rz(y[103]) ├──────────────────────────────────────────
«       └───────────┘ ├───────────┬┘┌────────────┐                            
«q0_14: ──────■───────┤ Ry(y[86]) ├─┤ Rz(y[104]) ├────────────────────────────
«           ┌─┴─┐     └───────────┘ ├───────────┬┘┌────────────┐              
«q0_15: ────┤ X ├───────────■───────┤ Ry(y[87]) ├─┤ Rz(y[105]) ├──────────────
«           └───┘         ┌─┴─┐     └───────────┘ ├───────────┬┘┌────────────┐
«q0_16: ──────────────────┤ X ├───────────■───────┤ Ry(y[88]) ├─┤ Rz(y[106]) ├
«                         └───┘         ┌─┴─┐     ├───────────┤ ├────────────┤
«q0_17: ────────────────────────────────┤ X ├─────┤ Ry(y[89]) ├─┤ Rz(y[107]) ├
«                                       └───┘     └───────────┘ └────────────┘
«c0: 18/══════════════════════════════════════════════════════════════════════
«                                                                             
ansatz-state is written to ansatz.txt
building constraints...
number of constraints= 324
unique pauliops 630
graphclique-cliquecover: 630 with commutationmode qubitwise
strategy largest_first 323
strategy random_sequential 331
strategy smallest_last 323
strategy independent_set 344
strategy connected_sequential_bfs 325
strategy connected_sequential_dfs 325
strategy saturation_largest_first 323
number of cliques 323
clique 0 ['IIIIIIIIIIIIIIIIIX', 'IZXXXXXXXXXXXXXXXX', 'IIIIIIIIIIIIIIIIXI', 'IIIIIIIIIIIIIIIXII', 'IIIIIIIIIIIIIIXIII', 'IIIIIIIIIIIIIXIIII', 'IIIIIIIIIIIIXIIIII', 'IIIIIIIIIIIXIIIIII', 'IIIIIIIIIIXIIIIIII', 'IIIIIIIIIXIIIIIIII', 'IIIIIIIIXIIIIIIIII', 'IIIIIIIXIIIIIIIIII', 'IIIIIIXIIIIIIIIIII', 'IIIIIXIIIIIIIIIIII', 'IIIIXIIIIIIIIIIIII', 'IIIXIIIIIIIIIIIIII', 'IIXIIIIIIIIIIIIIII', 'ZZIIIIIIIIIIIIIIII']
clique 1 ['IIIIIIIIIIIIIIIIIY', 'IZXXXXXXXXXXXXXXXY']
clique 2 ['ZXXXXXXXXXXXXXXXXX', 'IXIIIIIIIIIIIIIIII']
clique 3 ['IYXXXXXXXXXXXXXXXY', 'ZYIIIIIIIIIIIIIIII']
clique 4 ['IYXXXXXXXXXXXXXXXX']
clique 5 ['ZXXXXXXXXXXXXXXXXY']
clique 6 ['IIIIIIIIIIIIIIIIIZ', 'IZXXXXXXXXXXXXXXXZ']
clique 7 ['ZXXXXXXXXXXXXXXXXZ']
clique 8 ['IYXXXXXXXXXXXXXXXZ']
clique 9 ['IIZXXXXXXXXXXXXXXX', 'IZZIIIIIIIIIIIIIII']
clique 10 ['IIZXXXXXXXXXXXXXXY', 'ZXZIIIIIIIIIIIIIII']
clique 11 ['IIYXXXXXXXXXXXXXXY', 'IZYIIIIIIIIIIIIIII']
clique 12 ['IIYXXXXXXXXXXXXXXX', 'IYYIIIIIIIIIIIIIII']
clique 13 ['IIZXXXXXXXXXXXXXXZ', 'IYZIIIIIIIIIIIIIII']
clique 14 ['IIIIIIIIIIIIIIIIYY', 'IZXXXXXXXXXXXXXXYI']
clique 15 ['IIYXXXXXXXXXXXXXXZ', 'ZXYIIIIIIIIIIIIIII']
clique 16 ['IIIIIIIIIIIIIIIIYX', 'IYXXXXXXXXXXXXXXYI']
clique 17 ['IIIIIIIIIIIIIIIIYZ', 'ZXXXXXXXXXXXXXXXYI']
clique 18 ['IIIIIIIIIIIIIIIIZX', 'IZXXXXXXXXXXXXXXZI']
clique 19 ['IIIIIIIIIIIIIIIIZY', 'ZXXXXXXXXXXXXXXXZI']
clique 20 ['IIIIIIIIIIIIIIIIZZ', 'IYXXXXXXXXXXXXXXZI']
clique 21 ['IIZXXXXXXXXXXXXXYI']
clique 22 ['IIYXXXXXXXXXXXXXYI']
clique 23 ['IIZXXXXXXXXXXXXXZI']
clique 24 ['IIYXXXXXXXXXXXXXZI']
clique 25 ['IIIZXXXXXXXXXXXXXX', 'IZXZIIIIIIIIIIIIII']
clique 26 ['IIIZXXXXXXXXXXXXXY', 'ZXXZIIIIIIIIIIIIII']
clique 27 ['IIIYXXXXXXXXXXXXXY', 'IZXYIIIIIIIIIIIIII']
clique 28 ['IIIYXXXXXXXXXXXXXX', 'IYXYIIIIIIIIIIIIII']
clique 29 ['IIIZXXXXXXXXXXXXXZ', 'IYXZIIIIIIIIIIIIII']
clique 30 ['IIIYXXXXXXXXXXXXXZ', 'ZXXYIIIIIIIIIIIIII']
clique 31 ['IIIIIIIIIIIIIIIYXY', 'IZXXXXXXXXXXXXXYII']
clique 32 ['IIIIIIIIIIIIIIIYXX', 'IYXXXXXXXXXXXXXYII']
clique 33 ['IIIIIIIIIIIIIIIYXZ', 'ZXXXXXXXXXXXXXXYII']
clique 34 ['IIIIIIIIIIIIIIIZXX', 'IZXXXXXXXXXXXXXZII']
clique 35 ['IIIIIIIIIIIIIIIZXY', 'ZXXXXXXXXXXXXXXZII']
clique 36 ['IIIIIIIIIIIIIIIZXZ', 'IYXXXXXXXXXXXXXZII']
clique 37 ['IIIZXXXXXXXXXXXXYI', 'IIZZIIIIIIIIIIIIII']
clique 38 ['IIIYXXXXXXXXXXXXYI', 'IIZYIIIIIIIIIIIIII']
clique 39 ['IIIZXXXXXXXXXXXXZI', 'IIYZIIIIIIIIIIIIII']
clique 40 ['IIIIIIIIIIIIIIIYYI', 'IIZXXXXXXXXXXXXYII']
clique 41 ['IIIYXXXXXXXXXXXXZI', 'IIYYIIIIIIIIIIIIII']
clique 42 ['IIIIIIIIIIIIIIIYZI', 'IIYXXXXXXXXXXXXYII']
clique 43 ['IIIIIIIIIIIIIIIZYI', 'IIZXXXXXXXXXXXXZII']
clique 44 ['IIIIIIIIIIIIIIIZZI', 'IIYXXXXXXXXXXXXZII']
clique 45 ['IIIIZXXXXXXXXXXXXX', 'IZXXZIIIIIIIIIIIII']
clique 46 ['IIIIZXXXXXXXXXXXXY', 'ZXXXZIIIIIIIIIIIII']
clique 47 ['IIIIYXXXXXXXXXXXXY', 'IZXXYIIIIIIIIIIIII']
clique 48 ['IIIIYXXXXXXXXXXXXX', 'IYXXYIIIIIIIIIIIII']
clique 49 ['IIIIZXXXXXXXXXXXXZ', 'IYXXZIIIIIIIIIIIII']
clique 50 ['IIIIYXXXXXXXXXXXXZ', 'ZXXXYIIIIIIIIIIIII']
clique 51 ['IIIZXXXXXXXXXXXYII']
clique 52 ['IIIYXXXXXXXXXXXYII']
clique 53 ['IIIZXXXXXXXXXXXZII']
clique 54 ['IIIYXXXXXXXXXXXZII']
clique 55 ['IIIIIIIIIIIIIIYXXY', 'IZXXXXXXXXXXXXYIII']
clique 56 ['IIIIIIIIIIIIIIYXXX', 'IYXXXXXXXXXXXXYIII']
clique 57 ['IIIIIIIIIIIIIIYXXZ', 'ZXXXXXXXXXXXXXYIII']
clique 58 ['IIIIIIIIIIIIIIZXXX', 'IZXXXXXXXXXXXXZIII']
clique 59 ['IIIIIIIIIIIIIIZXXY', 'ZXXXXXXXXXXXXXZIII']
clique 60 ['IIIIIIIIIIIIIIZXXZ', 'IYXXXXXXXXXXXXZIII']
clique 61 ['IIIIZXXXXXXXXXXXYI', 'IIZXZIIIIIIIIIIIII']
clique 62 ['IIIIYXXXXXXXXXXXYI', 'IIZXYIIIIIIIIIIIII']
clique 63 ['IIIIZXXXXXXXXXXXZI', 'IIYXZIIIIIIIIIIIII']
clique 64 ['IIIIYXXXXXXXXXXXZI', 'IIYXYIIIIIIIIIIIII']
clique 65 ['IIIIIIIIIIIIIIYXYI', 'IIZXXXXXXXXXXXYIII']
clique 66 ['IIIIIIIIIIIIIIYXZI', 'IIYXXXXXXXXXXXYIII']
clique 67 ['IIIIIIIIIIIIIIZXYI', 'IIZXXXXXXXXXXXZIII']
clique 68 ['IIIIIIIIIIIIIIZXZI', 'IIYXXXXXXXXXXXZIII']
clique 69 ['IIIIZXXXXXXXXXXYII', 'IIIZZIIIIIIIIIIIII']
clique 70 ['IIIIYXXXXXXXXXXYII', 'IIIZYIIIIIIIIIIIII']
clique 71 ['IIIIZXXXXXXXXXXZII', 'IIIYZIIIIIIIIIIIII']
clique 72 ['IIIIIIIIIIIIIIYYII', 'IIIZXXXXXXXXXXYIII']
clique 73 ['IIIIYXXXXXXXXXXZII', 'IIIYYIIIIIIIIIIIII']
clique 74 ['IIIIIIIIIIIIIIYZII', 'IIIYXXXXXXXXXXYIII']
clique 75 ['IIIIIIIIIIIIIIZYII', 'IIIZXXXXXXXXXXZIII']
clique 76 ['IIIIIIIIIIIIIIZZII', 'IIIYXXXXXXXXXXZIII']
clique 77 ['IIIIIZXXXXXXXXXXXX', 'IZXXXZIIIIIIIIIIII']
clique 78 ['IIIIIZXXXXXXXXXXXY', 'ZXXXXZIIIIIIIIIIII']
clique 79 ['IIIIIYXXXXXXXXXXXY', 'IZXXXYIIIIIIIIIIII']
clique 80 ['IIIIIYXXXXXXXXXXXX', 'IYXXXYIIIIIIIIIIII']
clique 81 ['IIIIIZXXXXXXXXXXXZ', 'IYXXXZIIIIIIIIIIII']
clique 82 ['IIIIIYXXXXXXXXXXXZ', 'ZXXXXYIIIIIIIIIIII']
clique 83 ['IIIIIIIIIIIIIYXXXY', 'IZXXXXXXXXXXXYIIII']
clique 84 ['IIIIIIIIIIIIIYXXXX', 'IYXXXXXXXXXXXYIIII']
clique 85 ['IIIIIIIIIIIIIYXXXZ', 'ZXXXXXXXXXXXXYIIII']
clique 86 ['IIIIIIIIIIIIIZXXXX', 'IZXXXXXXXXXXXZIIII']
clique 87 ['IIIIIIIIIIIIIZXXXY', 'ZXXXXXXXXXXXXZIIII']
clique 88 ['IIIIIIIIIIIIIZXXXZ', 'IYXXXXXXXXXXXZIIII']
clique 89 ['IIIIIZXXXXXXXXXXYI', 'IIZXXZIIIIIIIIIIII']
clique 90 ['IIIIIYXXXXXXXXXXYI', 'IIZXXYIIIIIIIIIIII']
clique 91 ['IIIIIZXXXXXXXXXXZI', 'IIYXXZIIIIIIIIIIII']
clique 92 ['IIIIIYXXXXXXXXXXZI', 'IIYXXYIIIIIIIIIIII']
clique 93 ['IIIIIIIIIIIIIYXXYI', 'IIZXXXXXXXXXXYIIII']
clique 94 ['IIIIIIIIIIIIIYXXZI', 'IIYXXXXXXXXXXYIIII']
clique 95 ['IIIIIIIIIIIIIZXXYI', 'IIZXXXXXXXXXXZIIII']
clique 96 ['IIIIIIIIIIIIIZXXZI', 'IIYXXXXXXXXXXZIIII']
clique 97 ['IIIIZXXXXXXXXXYIII']
clique 98 ['IIIIYXXXXXXXXXYIII']
clique 99 ['IIIIZXXXXXXXXXZIII']
clique 100 ['IIIIYXXXXXXXXXZIII']
clique 101 ['IIIIIZXXXXXXXXXYII', 'IIIZXZIIIIIIIIIIII']
clique 102 ['IIIIIYXXXXXXXXXYII', 'IIIZXYIIIIIIIIIIII']
clique 103 ['IIIIIZXXXXXXXXXZII', 'IIIYXZIIIIIIIIIIII']
clique 104 ['IIIIIYXXXXXXXXXZII', 'IIIYXYIIIIIIIIIIII']
clique 105 ['IIIIIIIIIIIIIYXYII', 'IIIZXXXXXXXXXYIIII']
clique 106 ['IIIIIIIIIIIIIYXZII', 'IIIYXXXXXXXXXYIIII']
clique 107 ['IIIIIIIIIIIIIZXYII', 'IIIZXXXXXXXXXZIIII']
clique 108 ['IIIIIIIIIIIIIZXZII', 'IIIYXXXXXXXXXZIIII']
clique 109 ['IIIIIIZXXXXXXXXXXX', 'IZXXXXZIIIIIIIIIII']
clique 110 ['IIIIIIZXXXXXXXXXXY', 'ZXXXXXZIIIIIIIIIII']
clique 111 ['IIIIIIYXXXXXXXXXXY', 'IZXXXXYIIIIIIIIIII']
clique 112 ['IIIIIIYXXXXXXXXXXX', 'IYXXXXYIIIIIIIIIII']
clique 113 ['IIIIIIZXXXXXXXXXXZ', 'IYXXXXZIIIIIIIIIII']
clique 114 ['IIIIIIYXXXXXXXXXXZ', 'ZXXXXXYIIIIIIIIIII']
clique 115 ['IIIIIIIIIIIIYXXXXY', 'IZXXXXXXXXXXYIIIII']
clique 116 ['IIIIIIIIIIIIYXXXXX', 'IYXXXXXXXXXXYIIIII']
clique 117 ['IIIIIIIIIIIIYXXXXZ', 'ZXXXXXXXXXXXYIIIII']
clique 118 ['IIIIIIIIIIIIZXXXXX', 'IZXXXXXXXXXXZIIIII']
clique 119 ['IIIIIIIIIIIIZXXXXY', 'ZXXXXXXXXXXXZIIIII']
clique 120 ['IIIIIIIIIIIIZXXXXZ', 'IYXXXXXXXXXXZIIIII']
clique 121 ['IIIIIIZXXXXXXXXXYI', 'IIZXXXZIIIIIIIIIII']
clique 122 ['IIIIIIYXXXXXXXXXYI', 'IIZXXXYIIIIIIIIIII']
clique 123 ['IIIIIIZXXXXXXXXXZI', 'IIYXXXZIIIIIIIIIII']
clique 124 ['IIIIIIYXXXXXXXXXZI', 'IIYXXXYIIIIIIIIIII']
clique 125 ['IIIIIZXXXXXXXXYIII', 'IIIIZZIIIIIIIIIIII']
clique 126 ['IIIIIYXXXXXXXXYIII', 'IIIIZYIIIIIIIIIIII']
clique 127 ['IIIIIZXXXXXXXXZIII', 'IIIIYZIIIIIIIIIIII']
clique 128 ['IIIIIIIIIIIIIYYIII', 'IIIIZXXXXXXXXYIIII']
clique 129 ['IIIIIYXXXXXXXXZIII', 'IIIIYYIIIIIIIIIIII']
clique 130 ['IIIIIIIIIIIIIYZIII', 'IIIIYXXXXXXXXYIIII']
clique 131 ['IIIIIIIIIIIIIZYIII', 'IIIIZXXXXXXXXZIIII']
clique 132 ['IIIIIIIIIIIIIZZIII', 'IIIIYXXXXXXXXZIIII']
clique 133 ['IIIIIIIIIIIIYXXXYI', 'IIZXXXXXXXXXYIIIII']
clique 134 ['IIIIIIIIIIIIYXXXZI', 'IIYXXXXXXXXXYIIIII']
clique 135 ['IIIIIIIIIIIIZXXXYI', 'IIZXXXXXXXXXZIIIII']
clique 136 ['IIIIIIIIIIIIZXXXZI', 'IIYXXXXXXXXXZIIIII']
clique 137 ['IIIIIIZXXXXXXXXYII', 'IIIZXXZIIIIIIIIIII']
clique 138 ['IIIIIIYXXXXXXXXYII', 'IIIZXXYIIIIIIIIIII']
clique 139 ['IIIIIIZXXXXXXXXZII', 'IIIYXXZIIIIIIIIIII']
clique 140 ['IIIIIIYXXXXXXXXZII', 'IIIYXXYIIIIIIIIIII']
clique 141 ['IIIIIIIIIIIIYXXYII', 'IIIZXXXXXXXXYIIIII']
clique 142 ['IIIIIIIIIIIIYXXZII', 'IIIYXXXXXXXXYIIIII']
clique 143 ['IIIIIIIIIIIIZXXYII', 'IIIZXXXXXXXXZIIIII']
clique 144 ['IIIIIIIIIIIIZXXZII', 'IIIYXXXXXXXXZIIIII']
clique 145 ['IIIIIZXXXXXXXYIIII']
clique 146 ['IIIIIYXXXXXXXYIIII']
clique 147 ['IIIIIZXXXXXXXZIIII']
clique 148 ['IIIIIYXXXXXXXZIIII']
clique 149 ['IIIIIIIZXXXXXXXXXX', 'IZXXXXXZIIIIIIIIII']
clique 150 ['IIIIIIIZXXXXXXXXXY', 'ZXXXXXXZIIIIIIIIII']
clique 151 ['IIIIIIIYXXXXXXXXXY', 'IZXXXXXYIIIIIIIIII']
clique 152 ['IIIIIIIYXXXXXXXXXX', 'IYXXXXXYIIIIIIIIII']
clique 153 ['IIIIIIIZXXXXXXXXXZ', 'IYXXXXXZIIIIIIIIII']
clique 154 ['IIIIIIIYXXXXXXXXXZ', 'ZXXXXXXYIIIIIIIIII']
clique 155 ['IIIIIIZXXXXXXXYIII', 'IIIIZXZIIIIIIIIIII']
clique 156 ['IIIIIIYXXXXXXXYIII', 'IIIIZXYIIIIIIIIIII']
clique 157 ['IIIIIIZXXXXXXXZIII', 'IIIIYXZIIIIIIIIIII']
clique 158 ['IIIIIIYXXXXXXXZIII', 'IIIIYXYIIIIIIIIIII']
clique 159 ['IIIIIIIIIIIIYXYIII', 'IIIIZXXXXXXXYIIIII']
clique 160 ['IIIIIIIIIIIIYXZIII', 'IIIIYXXXXXXXYIIIII']
clique 161 ['IIIIIIIIIIIIZXYIII', 'IIIIZXXXXXXXZIIIII']
clique 162 ['IIIIIIIIIIIIZXZIII', 'IIIIYXXXXXXXZIIIII']
clique 163 ['IIIIIIIIIIIYXXXXXY', 'IZXXXXXXXXXYIIIIII']
clique 164 ['IIIIIIIIIIIYXXXXXX', 'IYXXXXXXXXXYIIIIII']
clique 165 ['IIIIIIIIIIIYXXXXXZ', 'ZXXXXXXXXXXYIIIIII']
clique 166 ['IIIIIIIIIIIZXXXXXX', 'IZXXXXXXXXXZIIIIII']
clique 167 ['IIIIIIIIIIIZXXXXXY', 'ZXXXXXXXXXXZIIIIII']
clique 168 ['IIIIIIIIIIIZXXXXXZ', 'IYXXXXXXXXXZIIIIII']
clique 169 ['IIIIIIIZXXXXXXXXYI', 'IIZXXXXZIIIIIIIIII']
clique 170 ['IIIIIIIYXXXXXXXXYI', 'IIZXXXXYIIIIIIIIII']
clique 171 ['IIIIIIIZXXXXXXXXZI', 'IIYXXXXZIIIIIIIIII']
clique 172 ['IIIIIIIYXXXXXXXXZI', 'IIYXXXXYIIIIIIIIII']
clique 173 ['IIIIIIIIIIIYXXXXYI', 'IIZXXXXXXXXYIIIIII']
clique 174 ['IIIIIIIIIIIYXXXXZI', 'IIYXXXXXXXXYIIIIII']
clique 175 ['IIIIIIIIIIIZXXXXYI', 'IIZXXXXXXXXZIIIIII']
clique 176 ['IIIIIIIIIIIZXXXXZI', 'IIYXXXXXXXXZIIIIII']
clique 177 ['IIIIIIIZXXXXXXXYII', 'IIIZXXXZIIIIIIIIII']
clique 178 ['IIIIIIIYXXXXXXXYII', 'IIIZXXXYIIIIIIIIII']
clique 179 ['IIIIIIIZXXXXXXXZII', 'IIIYXXXZIIIIIIIIII']
clique 180 ['IIIIIIIYXXXXXXXZII', 'IIIYXXXYIIIIIIIIII']
clique 181 ['IIIIIIIIIIIYXXXYII', 'IIIZXXXXXXXYIIIIII']
clique 182 ['IIIIIIIIIIIYXXXZII', 'IIIYXXXXXXXYIIIIII']
clique 183 ['IIIIIIIIIIIZXXXYII', 'IIIZXXXXXXXZIIIIII']
clique 184 ['IIIIIIIIIIIZXXXZII', 'IIIYXXXXXXXZIIIIII']
clique 185 ['IIIIIIZXXXXXXYIIII', 'IIIIIZZIIIIIIIIIII']
clique 186 ['IIIIIIYXXXXXXYIIII', 'IIIIIZYIIIIIIIIIII']
clique 187 ['IIIIIIZXXXXXXZIIII', 'IIIIIYZIIIIIIIIIII']
clique 188 ['IIIIIIIIIIIIYYIIII', 'IIIIIZXXXXXXYIIIII']
clique 189 ['IIIIIIYXXXXXXZIIII', 'IIIIIYYIIIIIIIIIII']
clique 190 ['IIIIIIIIIIIIYZIIII', 'IIIIIYXXXXXXYIIIII']
clique 191 ['IIIIIIIIIIIIZYIIII', 'IIIIIZXXXXXXZIIIII']
clique 192 ['IIIIIIIIIIIIZZIIII', 'IIIIIYXXXXXXZIIIII']
clique 193 ['IIIIIIIZXXXXXXYIII', 'IIIIZXXZIIIIIIIIII']
clique 194 ['IIIIIIIYXXXXXXYIII', 'IIIIZXXYIIIIIIIIII']
clique 195 ['IIIIIIIZXXXXXXZIII', 'IIIIYXXZIIIIIIIIII']
clique 196 ['IIIIIIIYXXXXXXZIII', 'IIIIYXXYIIIIIIIIII']
clique 197 ['IIIIIIIIIIIYXXYIII', 'IIIIZXXXXXXYIIIIII']
clique 198 ['IIIIIIIIIIIYXXZIII', 'IIIIYXXXXXXYIIIIII']
clique 199 ['IIIIIIIIIIIZXXYIII', 'IIIIZXXXXXXZIIIIII']
clique 200 ['IIIIIIIIIIIZXXZIII', 'IIIIYXXXXXXZIIIIII']
clique 201 ['IIIIIIIIZXXXXXXXXX', 'IZXXXXXXZIIIIIIIII']
clique 202 ['IIIIIIIIZXXXXXXXXY', 'ZXXXXXXXZIIIIIIIII']
clique 203 ['IIIIIIIIYXXXXXXXXY', 'IZXXXXXXYIIIIIIIII']
clique 204 ['IIIIIIIIYXXXXXXXXX', 'IYXXXXXXYIIIIIIIII']
clique 205 ['IIIIIIIIZXXXXXXXXZ', 'IYXXXXXXZIIIIIIIII']
clique 206 ['IIIIIIIIYXXXXXXXXZ', 'ZXXXXXXXYIIIIIIIII']
clique 207 ['IIIIIIIIIIYXXXXXXY', 'IZXXXXXXXXYIIIIIII']
clique 208 ['IIIIIIIIIIYXXXXXXX', 'IYXXXXXXXXYIIIIIII']
clique 209 ['IIIIIIIIIIYXXXXXXZ', 'ZXXXXXXXXXYIIIIIII']
clique 210 ['IIIIIIIIIIZXXXXXXX', 'IZXXXXXXXXZIIIIIII']
clique 211 ['IIIIIIIIIIZXXXXXXY', 'ZXXXXXXXXXZIIIIIII']
clique 212 ['IIIIIIIIIIZXXXXXXZ', 'IYXXXXXXXXZIIIIIII']
clique 213 ['IIIIIIIIZXXXXXXXYI', 'IIZXXXXXZIIIIIIIII']
clique 214 ['IIIIIIIIYXXXXXXXYI', 'IIZXXXXXYIIIIIIIII']
clique 215 ['IIIIIIIIZXXXXXXXZI', 'IIYXXXXXZIIIIIIIII']
clique 216 ['IIIIIIIIYXXXXXXXZI', 'IIYXXXXXYIIIIIIIII']
clique 217 ['IIIIIIIIIIYXXXXXYI', 'IIZXXXXXXXYIIIIIII']
clique 218 ['IIIIIIIIIIYXXXXXZI', 'IIYXXXXXXXYIIIIIII']
clique 219 ['IIIIIIIIIIZXXXXXYI', 'IIZXXXXXXXZIIIIIII']
clique 220 ['IIIIIIIIIIZXXXXXZI', 'IIYXXXXXXXZIIIIIII']
clique 221 ['IIIIIIZXXXXXYIIIII']
clique 222 ['IIIIIIYXXXXXYIIIII']
clique 223 ['IIIIIIZXXXXXZIIIII']
clique 224 ['IIIIIIYXXXXXZIIIII']
clique 225 ['IIIIIIIIZXXXXXXYII', 'IIIZXXXXZIIIIIIIII']
clique 226 ['IIIIIIIIYXXXXXXYII', 'IIIZXXXXYIIIIIIIII']
clique 227 ['IIIIIIIIZXXXXXXZII', 'IIIYXXXXZIIIIIIIII']
clique 228 ['IIIIIIIIYXXXXXXZII', 'IIIYXXXXYIIIIIIIII']
clique 229 ['IIIIIIIZXXXXXYIIII', 'IIIIIZXZIIIIIIIIII']
clique 230 ['IIIIIIIYXXXXXYIIII', 'IIIIIZXYIIIIIIIIII']
clique 231 ['IIIIIIIZXXXXXZIIII', 'IIIIIYXZIIIIIIIIII']
clique 232 ['IIIIIIIYXXXXXZIIII', 'IIIIIYXYIIIIIIIIII']
clique 233 ['IIIIIIIIIIIYXYIIII', 'IIIIIZXXXXXYIIIIII']
clique 234 ['IIIIIIIIIIIYXZIIII', 'IIIIIYXXXXXYIIIIII']
clique 235 ['IIIIIIIIIIIZXYIIII', 'IIIIIZXXXXXZIIIIII']
clique 236 ['IIIIIIIIIIIZXZIIII', 'IIIIIYXXXXXZIIIIII']
clique 237 ['IIIIIIIIIIYXXXXYII', 'IIIZXXXXXXYIIIIIII']
clique 238 ['IIIIIIIIIIYXXXXZII', 'IIIYXXXXXXYIIIIIII']
clique 239 ['IIIIIIIIIIZXXXXYII', 'IIIZXXXXXXZIIIIIII']
clique 240 ['IIIIIIIIIIZXXXXZII', 'IIIYXXXXXXZIIIIIII']
clique 241 ['IIIIIIIIZXXXXXYIII', 'IIIIZXXXZIIIIIIIII']
clique 242 ['IIIIIIIIYXXXXXYIII', 'IIIIZXXXYIIIIIIIII']
clique 243 ['IIIIIIIIZXXXXXZIII', 'IIIIYXXXZIIIIIIIII']
clique 244 ['IIIIIIIIYXXXXXZIII', 'IIIIYXXXYIIIIIIIII']
clique 245 ['IIIIIIIIIIYXXXYIII', 'IIIIZXXXXXYIIIIIII']
clique 246 ['IIIIIIIIIIYXXXZIII', 'IIIIYXXXXXYIIIIIII']
clique 247 ['IIIIIIIIIIZXXXYIII', 'IIIIZXXXXXZIIIIIII']
clique 248 ['IIIIIIIIIIZXXXZIII', 'IIIIYXXXXXZIIIIIII']
clique 249 ['IIIIIIIIIZXXXXXXXX', 'IZXXXXXXXZIIIIIIII']
clique 250 ['IIIIIIIIIZXXXXXXXY', 'ZXXXXXXXXZIIIIIIII']
clique 251 ['IIIIIIIIIYXXXXXXXY', 'IZXXXXXXXYIIIIIIII']
clique 252 ['IIIIIIIIIYXXXXXXXX', 'IYXXXXXXXYIIIIIIII']
clique 253 ['IIIIIIIIIZXXXXXXXZ', 'IYXXXXXXXZIIIIIIII']
clique 254 ['IIIIIIIIIYXXXXXXXZ', 'ZXXXXXXXXYIIIIIIII']
clique 255 ['IIIIIIIZXXXXYIIIII', 'IIIIIIZZIIIIIIIIII']
clique 256 ['IIIIIIIYXXXXYIIIII', 'IIIIIIZYIIIIIIIIII']
clique 257 ['IIIIIIIZXXXXZIIIII', 'IIIIIIYZIIIIIIIIII']
clique 258 ['IIIIIIIIIIIYYIIIII', 'IIIIIIZXXXXYIIIIII']
clique 259 ['IIIIIIIYXXXXZIIIII', 'IIIIIIYYIIIIIIIIII']
clique 260 ['IIIIIIIIIIIYZIIIII', 'IIIIIIYXXXXYIIIIII']
clique 261 ['IIIIIIIIIIIZYIIIII', 'IIIIIIZXXXXZIIIIII']
clique 262 ['IIIIIIIIIIIZZIIIII', 'IIIIIIYXXXXZIIIIII']
clique 263 ['IIIIIIIIIZXXXXXXYI', 'IIZXXXXXXZIIIIIIII']
clique 264 ['IIIIIIIIIYXXXXXXYI', 'IIZXXXXXXYIIIIIIII']
clique 265 ['IIIIIIIIIZXXXXXXZI', 'IIYXXXXXXZIIIIIIII']
clique 266 ['IIIIIIIIIYXXXXXXZI', 'IIYXXXXXXYIIIIIIII']
clique 267 ['IIIIIIIIZXXXXYIIII', 'IIIIIZXXZIIIIIIIII']
clique 268 ['IIIIIIIIYXXXXYIIII', 'IIIIIZXXYIIIIIIIII']
clique 269 ['IIIIIIIIZXXXXZIIII', 'IIIIIYXXZIIIIIIIII']
clique 270 ['IIIIIIIIYXXXXZIIII', 'IIIIIYXXYIIIIIIIII']
clique 271 ['IIIIIIIIIIYXXYIIII', 'IIIIIZXXXXYIIIIIII']
clique 272 ['IIIIIIIIIIYXXZIIII', 'IIIIIYXXXXYIIIIIII']
clique 273 ['IIIIIIIIIIZXXYIIII', 'IIIIIZXXXXZIIIIIII']
clique 274 ['IIIIIIIIIIZXXZIIII', 'IIIIIYXXXXZIIIIIII']
clique 275 ['IIIIIIIIIZXXXXXYII', 'IIIZXXXXXZIIIIIIII']
clique 276 ['IIIIIIIIIYXXXXXYII', 'IIIZXXXXXYIIIIIIII']
clique 277 ['IIIIIIIIIZXXXXXZII', 'IIIYXXXXXZIIIIIIII']
clique 278 ['IIIIIIIIIYXXXXXZII', 'IIIYXXXXXYIIIIIIII']
clique 279 ['IIIIIIIIIZXXXXYIII', 'IIIIZXXXXZIIIIIIII']
clique 280 ['IIIIIIIIIYXXXXYIII', 'IIIIZXXXXYIIIIIIII']
clique 281 ['IIIIIIIIIZXXXXZIII', 'IIIIYXXXXZIIIIIIII']
clique 282 ['IIIIIIIIIYXXXXZIII', 'IIIIYXXXXYIIIIIIII']
clique 283 ['IIIIIIIZXXXYIIIIII']
clique 284 ['IIIIIIIYXXXYIIIIII']
clique 285 ['IIIIIIIZXXXZIIIIII']
clique 286 ['IIIIIIIYXXXZIIIIII']
clique 287 ['IIIIIIIIZXXXYIIIII', 'IIIIIIZXZIIIIIIIII']
clique 288 ['IIIIIIIIYXXXYIIIII', 'IIIIIIZXYIIIIIIIII']
clique 289 ['IIIIIIIIZXXXZIIIII', 'IIIIIIYXZIIIIIIIII']
clique 290 ['IIIIIIIIYXXXZIIIII', 'IIIIIIYXYIIIIIIIII']
clique 291 ['IIIIIIIIIIYXYIIIII', 'IIIIIIZXXXYIIIIIII']
clique 292 ['IIIIIIIIIIYXZIIIII', 'IIIIIIYXXXYIIIIIII']
clique 293 ['IIIIIIIIIIZXYIIIII', 'IIIIIIZXXXZIIIIIII']
clique 294 ['IIIIIIIIIIZXZIIIII', 'IIIIIIYXXXZIIIIIII']
clique 295 ['IIIIIIIIIZXXXYIIII', 'IIIIIZXXXZIIIIIIII']
clique 296 ['IIIIIIIIIYXXXYIIII', 'IIIIIZXXXYIIIIIIII']
clique 297 ['IIIIIIIIIZXXXZIIII', 'IIIIIYXXXZIIIIIIII']
clique 298 ['IIIIIIIIIYXXXZIIII', 'IIIIIYXXXYIIIIIIII']
clique 299 ['IIIIIIIIZXXYIIIIII', 'IIIIIIIZZIIIIIIIII']
clique 300 ['IIIIIIIIYXXYIIIIII', 'IIIIIIIZYIIIIIIIII']
clique 301 ['IIIIIIIIZXXZIIIIII', 'IIIIIIIYZIIIIIIIII']
clique 302 ['IIIIIIIIIIYYIIIIII', 'IIIIIIIZXXYIIIIIII']
clique 303 ['IIIIIIIIYXXZIIIIII', 'IIIIIIIYYIIIIIIIII']
clique 304 ['IIIIIIIIIIYZIIIIII', 'IIIIIIIYXXYIIIIIII']
clique 305 ['IIIIIIIIIIZYIIIIII', 'IIIIIIIZXXZIIIIIII']
clique 306 ['IIIIIIIIIIZZIIIIII', 'IIIIIIIYXXZIIIIIII']
clique 307 ['IIIIIIIIIZXXYIIIII', 'IIIIIIZXXZIIIIIIII']
clique 308 ['IIIIIIIIIYXXYIIIII', 'IIIIIIZXXYIIIIIIII']
clique 309 ['IIIIIIIIIZXXZIIIII', 'IIIIIIYXXZIIIIIIII']
clique 310 ['IIIIIIIIIYXXZIIIII', 'IIIIIIYXXYIIIIIIII']
clique 311 ['IIIIIIIIZXYIIIIIII']
clique 312 ['IIIIIIIIYXYIIIIIII']
clique 313 ['IIIIIIIIZXZIIIIIII']
clique 314 ['IIIIIIIIYXZIIIIIII']
clique 315 ['IIIIIIIIIZXYIIIIII', 'IIIIIIIZXZIIIIIIII']
clique 316 ['IIIIIIIIIYXYIIIIII', 'IIIIIIIZXYIIIIIIII']
clique 317 ['IIIIIIIIIZXZIIIIII', 'IIIIIIIYXZIIIIIIII']
clique 318 ['IIIIIIIIIYXZIIIIII', 'IIIIIIIYXYIIIIIIII']
clique 319 ['IIIIIIIIIZYIIIIIII', 'IIIIIIIIZZIIIIIIII']
clique 320 ['IIIIIIIIIYYIIIIIII', 'IIIIIIIIZYIIIIIIII']
clique 321 ['IIIIIIIIIZZIIIIIII', 'IIIIIIIIYZIIIIIIII']
clique 322 ['IIIIIIIIIYZIIIIIII', 'IIIIIIIIYYIIIIIIII']
