GS energy with  DMRG -5.575365620447467
N= 3.9999999999999996
E= -5.575365620447467
D= [[ 5.00000000e-01+0.j  3.02932264e-13+0.j  4.36579417e-01+0.j
  -1.80639763e-12+0.j -1.44996722e-12+0.j  1.29580222e-12+0.j
  -2.07712319e-01+0.j  2.13478657e-12+0.j]
 [ 3.02927762e-13+0.j  5.00000000e-01+0.j  2.12978591e-12+0.j
   4.36579417e-01+0.j  8.31869479e-13+0.j  1.41239703e-12+0.j
  -1.58322262e-12+0.j -2.07712319e-01+0.j]
 [ 4.36579417e-01+0.j  2.12977072e-12+0.j  5.00000000e-01+0.j
  -1.13107091e-12+0.j  2.19444409e-01+0.j -7.35509472e-13+0.j
   1.17318265e-12+0.j -5.27623911e-13+0.j]
 [-1.80641167e-12+0.j  4.36579417e-01+0.j -1.13104310e-12+0.j
   5.00000000e-01+0.j  1.36807822e-13+0.j  2.19444409e-01+0.j
   5.32511514e-14+0.j -6.50814402e-13+0.j]
 [-1.44995734e-12+0.j  8.31880183e-13+0.j  2.19444409e-01+0.j
   1.36814026e-13+0.j  5.00000000e-01+0.j -9.03819768e-13+0.j
   4.36579417e-01+0.j -8.93267063e-13+0.j]
 [ 1.29578781e-12+0.j  1.41236077e-12+0.j -7.35519793e-13+0.j
   2.19444409e-01+0.j -9.03840232e-13+0.j  5.00000000e-01+0.j
   1.09624398e-12+0.j  4.36579417e-01+0.j]
 [-2.07712319e-01+0.j -1.58320446e-12+0.j  1.17315770e-12+0.j
   5.32643999e-14+0.j  4.36579417e-01+0.j  1.09626858e-12+0.j
   5.00000000e-01+0.j  1.73185588e-12+0.j]
 [ 2.13483055e-12+0.j -2.07712319e-01+0.j -5.27644789e-13+0.j
  -6.50780138e-13+0.j -8.93219435e-13+0.j  4.36579417e-01+0.j
   1.73190723e-12+0.j  5.00000000e-01+0.j]]
W= [0.19104713+0.j 0.20647655+0.j 0.20647655+0.j 0.19104713+0.j]
local approximation with  1 sites
local interactions on sites [[0], [1], [2], [3]]
Functional for interaction on sites [0]
interacting orbitals: [0, 1]
mapping: [0, 1, 2, 3, 4, 5, 6, 7]
orbinteractaca= [0, 1]
aca: level 3  norb= 8
Daca= [[ 5.00000000e-01+0.j  3.02932264e-13+0.j -4.83472849e-01+0.j
  -4.05386829e-28+0.j  1.33158393e-28+0.j -2.49649154e-28+0.j
   2.52326048e-17+0.j -2.06347056e-28+0.j]
 [ 3.02927762e-13+0.j  5.00000000e-01+0.j -5.50559200e-14+0.j
  -4.83472849e-01+0.j  2.39622474e-28+0.j  3.38390263e-28+0.j
  -1.93537283e-28+0.j -3.99706585e-17+0.j]
 [-4.83472849e-01+0.j -5.50343971e-14+0.j  5.00000000e-01+0.j
  -3.71984114e-13+0.j  1.05941599e-02+0.j  1.60717275e-30+0.j
   6.31088683e-30+0.j  0.00000000e+00+0.j]
 [ 3.15797521e-17+0.j -4.83472849e-01+0.j -3.71938721e-13+0.j
   5.00000000e-01+0.j  1.57761037e-14+0.j  1.05941599e-02+0.j
  -1.55413549e-37+0.j  1.26217745e-29+0.j]
 [ 9.87513982e-18+0.j  1.07043698e-17+0.j  1.05941599e-02+0.j
   1.58021686e-14+0.j  5.00000000e-01+0.j -1.80478083e-11+0.j
   4.88513255e-01+0.j  0.00000000e+00+0.j]
 [-1.44106906e-17+0.j -3.62633134e-17+0.j  1.25072183e-18+0.j
   1.05941599e-02+0.j -1.80478288e-11+0.j  5.00000000e-01+0.j
  -8.78881209e-14+0.j -4.88513255e-01+0.j]
 [ 1.89073965e-16+0.j  9.87010523e-18+0.j  9.46886209e-19+0.j
  -1.60809624e-17+0.j  4.88513255e-01+0.j -8.78614703e-14+0.j
   5.00000000e-01+0.j -1.81167577e-11+0.j]
 [ 3.36769616e-17+0.j -9.52298929e-18+0.j  2.37103934e-17+0.j
   3.76594988e-17+0.j -4.03426922e-17+0.j -4.88513255e-01+0.j
  -1.81167914e-11+0.j  5.00000000e-01+0.j]]
Naca= (1.9999999999999996, 2)
nq= 8
interact= NNIIIIII * (1+0j)
variational state:
      ┌──────────┐ ┌──────────┐┌───────────┐             ┌───────────┐»
q0_0: ┤ Ry(y[0]) ├─┤ Rz(y[8]) ├┤ Rx(y[16]) ├──────■──────┤ Ry(y[24]) ├»
      ├──────────┤ ├──────────┤└─────┬─────┘┌─────┴─────┐└───────────┘»
q0_1: ┤ Ry(y[1]) ├─┤ Rz(y[9]) ├──────┼──────┤ Rx(y[17]) ├──────■──────»
      ├──────────┤┌┴──────────┤      │      └───────────┘┌─────┴─────┐»
q0_2: ┤ Ry(y[2]) ├┤ Rz(y[10]) ├──────┼───────────────────┤ Rx(y[18]) ├»
      ├──────────┤├───────────┤      │                   └───────────┘»
q0_3: ┤ Ry(y[3]) ├┤ Rz(y[11]) ├──────┼────────────────────────────────»
      ├──────────┤├───────────┤      │                                »
q0_4: ┤ Ry(y[4]) ├┤ Rz(y[12]) ├──────┼────────────────────────────────»
      ├──────────┤├───────────┤      │                                »
q0_5: ┤ Ry(y[5]) ├┤ Rz(y[13]) ├──────┼────────────────────────────────»
      ├──────────┤├───────────┤      │                                »
q0_6: ┤ Ry(y[6]) ├┤ Rz(y[14]) ├──────┼────────────────────────────────»
      ├──────────┤├───────────┤      │                                »
q0_7: ┤ Ry(y[7]) ├┤ Rz(y[15]) ├──────■────────────────────────────────»
      └──────────┘└───────────┘                                       »
c0: 8/════════════════════════════════════════════════════════════════»
                                                                      »
«      ┌───────────┐                                                    »
«q0_0: ┤ Rz(y[32]) ├────────────────────────────────────────────────────»
«      ├───────────┤┌───────────┐                                       »
«q0_1: ┤ Ry(y[25]) ├┤ Rz(y[33]) ├───────────────────────────────────────»
«      └───────────┘├───────────┤┌───────────┐                          »
«q0_2: ──────■──────┤ Ry(y[26]) ├┤ Rz(y[34]) ├──────────────────────────»
«      ┌─────┴─────┐└───────────┘├───────────┤┌───────────┐             »
«q0_3: ┤ Rx(y[19]) ├──────■──────┤ Ry(y[27]) ├┤ Rz(y[35]) ├─────────────»
«      └───────────┘┌─────┴─────┐└───────────┘├───────────┤┌───────────┐»
«q0_4: ─────────────┤ Rx(y[20]) ├──────■──────┤ Ry(y[28]) ├┤ Rz(y[36]) ├»
«                   └───────────┘┌─────┴─────┐└───────────┘├───────────┤»
«q0_5: ──────────────────────────┤ Rx(y[21]) ├──────■──────┤ Ry(y[29]) ├»
«                                └───────────┘┌─────┴─────┐└───────────┘»
«q0_6: ───────────────────────────────────────┤ Rx(y[22]) ├──────■──────»
«                                             └───────────┘┌─────┴─────┐»
«q0_7: ────────────────────────────────────────────────────┤ Rx(y[23]) ├»
«                                                          └───────────┘»
«c0: 8/═════════════════════════════════════════════════════════════════»
«                                                                       »
«                                ┌───────────┐             ┌───────────┐»
«q0_0: ──────────────────────────┤ Rx(y[40]) ├──────■──────┤ Ry(y[48]) ├»
«                                └─────┬─────┘┌─────┴─────┐└───────────┘»
«q0_1: ────────────────────────────────┼──────┤ Rx(y[41]) ├──────■──────»
«                                      │      └───────────┘┌─────┴─────┐»
«q0_2: ────────────────────────────────┼───────────────────┤ Rx(y[42]) ├»
«                                      │                   └───────────┘»
«q0_3: ────────────────────────────────┼────────────────────────────────»
«                                      │                                »
«q0_4: ────────────────────────────────┼────────────────────────────────»
«      ┌───────────┐                   │                                »
«q0_5: ┤ Rz(y[37]) ├───────────────────┼────────────────────────────────»
«      ├───────────┤┌───────────┐      │                                »
«q0_6: ┤ Ry(y[30]) ├┤ Rz(y[38]) ├──────┼────────────────────────────────»
«      ├───────────┤├───────────┤      │                                »
«q0_7: ┤ Ry(y[31]) ├┤ Rz(y[39]) ├──────■────────────────────────────────»
«      └───────────┘└───────────┘                                       »
«c0: 8/═════════════════════════════════════════════════════════════════»
«                                                                       »
«      ┌───────────┐                                                    »
«q0_0: ┤ Rz(y[56]) ├────────────────────────────────────────────────────»
«      ├───────────┤┌───────────┐                                       »
«q0_1: ┤ Ry(y[49]) ├┤ Rz(y[57]) ├───────────────────────────────────────»
«      └───────────┘├───────────┤┌───────────┐                          »
«q0_2: ──────■──────┤ Ry(y[50]) ├┤ Rz(y[58]) ├──────────────────────────»
«      ┌─────┴─────┐└───────────┘├───────────┤┌───────────┐             »
«q0_3: ┤ Rx(y[43]) ├──────■──────┤ Ry(y[51]) ├┤ Rz(y[59]) ├─────────────»
«      └───────────┘┌─────┴─────┐└───────────┘├───────────┤┌───────────┐»
«q0_4: ─────────────┤ Rx(y[44]) ├──────■──────┤ Ry(y[52]) ├┤ Rz(y[60]) ├»
«                   └───────────┘┌─────┴─────┐└───────────┘├───────────┤»
«q0_5: ──────────────────────────┤ Rx(y[45]) ├──────■──────┤ Ry(y[53]) ├»
«                                └───────────┘┌─────┴─────┐└───────────┘»
«q0_6: ───────────────────────────────────────┤ Rx(y[46]) ├──────■──────»
«                                             └───────────┘┌─────┴─────┐»
«q0_7: ────────────────────────────────────────────────────┤ Rx(y[47]) ├»
«                                                          └───────────┘»
«c0: 8/═════════════════════════════════════════════════════════════════»
«                                                                       »
«                                ┌───────────┐             ┌───────────┐»
«q0_0: ──────────────────────────┤ Rx(y[64]) ├──────■──────┤ Ry(y[72]) ├»
«                                └─────┬─────┘┌─────┴─────┐└───────────┘»
«q0_1: ────────────────────────────────┼──────┤ Rx(y[65]) ├──────■──────»
«                                      │      └───────────┘┌─────┴─────┐»
«q0_2: ────────────────────────────────┼───────────────────┤ Rx(y[66]) ├»
«                                      │                   └───────────┘»
«q0_3: ────────────────────────────────┼────────────────────────────────»
«                                      │                                »
«q0_4: ────────────────────────────────┼────────────────────────────────»
«      ┌───────────┐                   │                                »
«q0_5: ┤ Rz(y[61]) ├───────────────────┼────────────────────────────────»
«      ├───────────┤┌───────────┐      │                                »
«q0_6: ┤ Ry(y[54]) ├┤ Rz(y[62]) ├──────┼────────────────────────────────»
«      ├───────────┤├───────────┤      │                                »
«q0_7: ┤ Ry(y[55]) ├┤ Rz(y[63]) ├──────■────────────────────────────────»
«      └───────────┘└───────────┘                                       »
«c0: 8/═════════════════════════════════════════════════════════════════»
«                                                                       »
«      ┌───────────┐                                                    »
«q0_0: ┤ Rz(y[80]) ├────────────────────────────────────────────────────»
«      ├───────────┤┌───────────┐                                       »
«q0_1: ┤ Ry(y[73]) ├┤ Rz(y[81]) ├───────────────────────────────────────»
«      └───────────┘├───────────┤┌───────────┐                          »
«q0_2: ──────■──────┤ Ry(y[74]) ├┤ Rz(y[82]) ├──────────────────────────»
«      ┌─────┴─────┐└───────────┘├───────────┤┌───────────┐             »
«q0_3: ┤ Rx(y[67]) ├──────■──────┤ Ry(y[75]) ├┤ Rz(y[83]) ├─────────────»
«      └───────────┘┌─────┴─────┐└───────────┘├───────────┤┌───────────┐»
«q0_4: ─────────────┤ Rx(y[68]) ├──────■──────┤ Ry(y[76]) ├┤ Rz(y[84]) ├»
«                   └───────────┘┌─────┴─────┐└───────────┘├───────────┤»
«q0_5: ──────────────────────────┤ Rx(y[69]) ├──────■──────┤ Ry(y[77]) ├»
«                                └───────────┘┌─────┴─────┐└───────────┘»
«q0_6: ───────────────────────────────────────┤ Rx(y[70]) ├──────■──────»
«                                             └───────────┘┌─────┴─────┐»
«q0_7: ────────────────────────────────────────────────────┤ Rx(y[71]) ├»
«                                                          └───────────┘»
«c0: 8/═════════════════════════════════════════════════════════════════»
«                                                                       »
«                                
«q0_0: ──────────────────────────
«                                
«q0_1: ──────────────────────────
«                                
«q0_2: ──────────────────────────
«                                
«q0_3: ──────────────────────────
«                                
«q0_4: ──────────────────────────
«      ┌───────────┐             
«q0_5: ┤ Rz(y[85]) ├─────────────
«      ├───────────┤┌───────────┐
«q0_6: ┤ Ry(y[78]) ├┤ Rz(y[86]) ├
«      ├───────────┤├───────────┤
«q0_7: ┤ Ry(y[79]) ├┤ Rz(y[87]) ├
«      └───────────┘└───────────┘
«c0: 8/══════════════════════════
«                                
building constraints...
number of constraints= 64
plain pauliops= 120
['IIIIIIIZ', 'IIIIIIIX', 'IIIIIIZX', 'IIIIIIIY', 'IIIIIIZY', 'IIIIIZXX', 'IIIIIIYY', 'IIIIIIYX', 'IIIIIZXY', 'IIIIZXXX', 'IIIIIYXY', 'IIIIIYXX', 'IIIIZXXY', 'IIIZXXXX', 'IIIIYXXY', 'IIIIYXXX', 'IIIZXXXY', 'IIZXXXXX', 'IIIYXXXY', 'IIIYXXXX', 'IIZXXXXY', 'IZXXXXXX', 'IIYXXXXY', 'IIYXXXXX', 'IZXXXXXY', 'ZXXXXXXX', 'IYXXXXXY', 'IYXXXXXX', 'ZXXXXXXY', 'IIIIIIZZ', 'IIIIIIXI', 'IIIIIZXZ', 'IIIIIZYI', 'IIIIIIYZ', 'IIIIIYYI', 'IIIIZXXZ', 'IIIIZXYI', 'IIIIIYXZ', 'IIIIYXYI', 'IIIZXXXZ', 'IIIZXXYI', 'IIIIYXXZ', 'IIIYXXYI', 'IIZXXXXZ', 'IIZXXXYI', 'IIIYXXXZ', 'IIYXXXYI', 'IZXXXXXZ', 'IZXXXXYI', 'IIYXXXXZ', 'IYXXXXYI', 'ZXXXXXXZ', 'ZXXXXXYI', 'IYXXXXXZ', 'IIIIIZZI', 'IIIIIXII', 'IIIIZXZI', 'IIIIZYII', 'IIIIIYZI', 'IIIIYYII', 'IIIZXXZI', 'IIIZXYII', 'IIIIYXZI', 'IIIYXYII', 'IIZXXXZI', 'IIZXXYII', 'IIIYXXZI', 'IIYXXYII', 'IZXXXXZI', 'IZXXXYII', 'IIYXXXZI', 'IYXXXYII', 'ZXXXXXZI', 'ZXXXXYII', 'IYXXXXZI', 'IIIIZZII', 'IIIIXIII', 'IIIZXZII', 'IIIZYIII', 'IIIIYZII', 'IIIYYIII', 'IIZXXZII', 'IIZXYIII', 'IIIYXZII', 'IIYXYIII', 'IZXXXZII', 'IZXXYIII', 'IIYXXZII', 'IYXXYIII', 'ZXXXXZII', 'ZXXXYIII', 'IYXXXZII', 'IIIZZIII', 'IIIXIIII', 'IIZXZIII', 'IIZYIIII', 'IIIYZIII', 'IIYYIIII', 'IZXXZIII', 'IZXYIIII', 'IIYXZIII', 'IYXYIIII', 'ZXXXZIII', 'ZXXYIIII', 'IYXXZIII', 'IIZZIIII', 'IIXIIIII', 'IZXZIIII', 'IZYIIIII', 'IIYZIIII', 'IYYIIIII', 'ZXXZIIII', 'ZXYIIIII', 'IYXZIIII', 'IZZIIIII', 'IXIIIIII', 'ZXZIIIII', 'ZYIIIIII', 'IYZIIIII', 'ZZIIIIII']
unique pauliops= 120
commutation mode= disjointqubits
graphclique-cliquecover: 120 with commutationmode disjointqubits
strategy largest_first 78
strategy random_sequential 78
strategy smallest_last 78
strategy independent_set 79
strategy connected_sequential_bfs 78
strategy connected_sequential_dfs 78
strategy saturation_largest_first 78
clique 0 ['IZXXXXXX']
clique 1 ['IZXXXXXY']
clique 2 ['ZXXXXXXX']
clique 3 ['IYXXXXXY']
clique 4 ['IYXXXXXX']
clique 5 ['ZXXXXXXY']
clique 6 ['IZXXXXXZ']
clique 7 ['ZXXXXXXZ']
clique 8 ['IYXXXXXZ']
clique 9 ['IIZXXXXX', 'IXIIIIII']
clique 10 ['IIZXXXXY', 'ZYIIIIII']
clique 11 ['IIYXXXXY', 'ZZIIIIII']
clique 12 ['IIYXXXXX']
clique 13 ['IIZXXXXZ']
clique 14 ['IIIIIIIZ', 'IZXXXXYI']
clique 15 ['IIYXXXXZ']
clique 16 ['IIIIIIIX', 'IYXXXXYI']
clique 17 ['IIIIIIIY', 'ZXXXXXYI']
clique 18 ['IZXXXXZI']
clique 19 ['ZXXXXXZI']
clique 20 ['IYXXXXZI']
clique 21 ['IIZXXXYI']
clique 22 ['IIYXXXYI']
clique 23 ['IIZXXXZI']
clique 24 ['IIYXXXZI']
clique 25 ['IIIZXXXX', 'IZYIIIII']
clique 26 ['IIIZXXXY', 'IYYIIIII']
clique 27 ['IIIYXXXY', 'ZXYIIIII']
clique 28 ['IIIYXXXX', 'IZZIIIII']
clique 29 ['IIIZXXXZ', 'ZXZIIIII']
clique 30 ['IIIYXXXZ', 'IYZIIIII']
clique 31 ['IIIIIIZX', 'IZXXXYII']
clique 32 ['IIIIIIZY', 'IYXXXYII']
clique 33 ['IIIIIIYY', 'ZXXXXYII']
clique 34 ['IIIIIIYX', 'IZXXXZII']
clique 35 ['IIIIIIZZ', 'ZXXXXZII']
clique 36 ['IIIIIIYZ', 'IYXXXZII']
clique 37 ['IIIZXXYI', 'IIXIIIII']
clique 38 ['IIIYXXYI']
clique 39 ['IIIZXXZI']
clique 40 ['IIIIIIXI', 'IIZXXYII']
clique 41 ['IIIYXXZI']
clique 42 ['IIYXXYII']
clique 43 ['IIZXXZII']
clique 44 ['IIYXXZII']
clique 45 ['IIIZXYII']
clique 46 ['IIIYXYII']
clique 47 ['IIIZXZII']
clique 48 ['IIIYXZII']
clique 49 ['IIIIZXXX', 'IZXYIIII']
clique 50 ['IIIIZXXY', 'IYXYIIII']
clique 51 ['IIIIYXXY', 'ZXXYIIII']
clique 52 ['IIIIYXXX', 'IZXZIIII']
clique 53 ['IIIIZXXZ', 'ZXXZIIII']
clique 54 ['IIIIYXXZ', 'IYXZIIII']
clique 55 ['IIIIIZXX', 'IZXXYIII']
clique 56 ['IIIIIZXY', 'IYXXYIII']
clique 57 ['IIIIIYXY', 'ZXXXYIII']
clique 58 ['IIIIIYXX', 'IZXXZIII']
clique 59 ['IIIIIZXZ', 'ZXXXZIII']
clique 60 ['IIIIIYXZ', 'IYXXZIII']
clique 61 ['IIIIZXYI', 'IIZYIIII']
clique 62 ['IIIIYXYI', 'IIYYIIII']
clique 63 ['IIIIZXZI', 'IIZZIIII']
clique 64 ['IIIIYXZI', 'IIYZIIII']
clique 65 ['IIIIIZYI', 'IIZXYIII']
clique 66 ['IIIIIYYI', 'IIYXYIII']
clique 67 ['IIIIIZZI', 'IIZXZIII']
clique 68 ['IIIIIYZI', 'IIYXZIII']
clique 69 ['IIIIZYII', 'IIIXIIII']
clique 70 ['IIIIYYII']
clique 71 ['IIIIZZII']
clique 72 ['IIIIIXII', 'IIIZYIII']
clique 73 ['IIIIYZII']
clique 74 ['IIIYYIII']
clique 75 ['IIIZZIII']
clique 76 ['IIIYZIII']
clique 77 ['IIIIXIII']
groups with own implementation disjointqubits 78
