GS energy with  DMRG -10.012219392901155
N= 7.0000000000000036
E= -10.012219392901155
D= [[ 3.99560321e-01+0.j  1.09393922e-01+0.j  3.99080036e-01+0.j
   1.79207404e-11+0.j  8.08798298e-02+0.j -8.80903031e-02+0.j
  -1.28300267e-01+0.j -2.60594428e-11+0.j -7.39562793e-02+0.j
   8.05495154e-02+0.j  5.01058458e-02+0.j  1.15616084e-09+0.j
   6.93371291e-02+0.j -7.55185664e-02+0.j]
 [ 1.09393922e-01+0.j  6.00439679e-01+0.j  1.12015540e-11+0.j
   3.99080036e-01+0.j -8.80903031e-02+0.j -8.08798298e-02+0.j
  -1.45458454e-11+0.j -1.28300267e-01+0.j  8.05495150e-02+0.j
   7.39562794e-02+0.j  1.79325729e-09+0.j  5.01058419e-02+0.j
  -7.55185601e-02+0.j -6.93371291e-02+0.j]
 [ 3.99080036e-01+0.j  1.12015323e-11+0.j  5.18678145e-01+0.j
  -2.03433105e-02+0.j  2.67754119e-01+0.j  8.97361959e-12+0.j
  -5.35550141e-03+0.j  5.83294672e-03+0.j -7.78107078e-02+0.j
  -3.77371813e-10+0.j  1.95887298e-03+0.j -2.13350892e-03+0.j
   5.01058418e-02+0.j -1.24433103e-09+0.j]
 [ 1.79207430e-11+0.j  3.99080036e-01+0.j -2.03433105e-02+0.j
   4.81321855e-01+0.j  9.87913744e-13+0.j  2.67754119e-01+0.j
   5.83294679e-03+0.j  5.35550138e-03+0.j  6.13808778e-11+0.j
  -7.78107072e-02+0.j -2.13351170e-03+0.j -1.95887297e-03+0.j
  -2.15578646e-09+0.j  5.01058462e-02+0.j]
 [ 8.08798298e-02+0.j -8.80903031e-02+0.j  2.67754119e-01+0.j
   9.87903336e-13+0.j  4.02073059e-01+0.j  1.06657172e-01+0.j
   3.21512566e-01+0.j  2.53325468e-11+0.j  8.01557257e-02+0.j
  -8.73016444e-02+0.j -7.78107073e-02+0.j  3.93225119e-10+0.j
  -7.39562794e-02+0.j  8.05495154e-02+0.j]
 [-8.80903031e-02+0.j -8.08798298e-02+0.j  8.97363455e-12+0.j
   2.67754119e-01+0.j  1.06657172e-01+0.j  5.97926941e-01+0.j
   1.14015616e-11+0.j  3.21512566e-01+0.j -8.73016448e-02+0.j
  -8.01557257e-02+0.j -3.46481645e-11+0.j -7.78107079e-02+0.j
   8.05495150e-02+0.j  7.39562793e-02+0.j]
 [-1.28300267e-01+0.j -1.45458090e-11+0.j -5.35550141e-03+0.j
   5.83294679e-03+0.j  3.21512566e-01+0.j  1.14015871e-11+0.j
   5.21218518e-01+0.j -2.31101588e-02+0.j  3.21512566e-01+0.j
  -3.31095932e-11+0.j -5.35550138e-03+0.j  5.83294669e-03+0.j
  -1.28300267e-01+0.j  5.03510081e-12+0.j]
 [-2.60594150e-11+0.j -1.28300267e-01+0.j  5.83294672e-03+0.j
   5.35550138e-03+0.j  2.53325312e-11+0.j  3.21512566e-01+0.j
  -2.31101588e-02+0.j  4.78781482e-01+0.j -1.02251905e-11+0.j
   3.21512566e-01+0.j  5.83294678e-03+0.j  5.35550141e-03+0.j
   1.18104224e-11+0.j -1.28300267e-01+0.j]
 [-7.39562793e-02+0.j  8.05495150e-02+0.j -7.78107078e-02+0.j
   6.13809030e-11+0.j  8.01557257e-02+0.j -8.73016448e-02+0.j
   3.21512566e-01+0.j -1.02251367e-11+0.j  4.02073059e-01+0.j
   1.06657172e-01+0.j  2.67754119e-01+0.j  2.65588940e-12+0.j
   8.08798298e-02+0.j -8.80903031e-02+0.j]
 [ 8.05495154e-02+0.j  7.39562794e-02+0.j -3.77371844e-10+0.j
  -7.78107072e-02+0.j -8.73016444e-02+0.j -8.01557257e-02+0.j
  -3.31094882e-11+0.j  3.21512566e-01+0.j  1.06657172e-01+0.j
   5.97926941e-01+0.j  4.42838474e-13+0.j  2.67754119e-01+0.j
  -8.80903031e-02+0.j -8.08798298e-02+0.j]
 [ 5.01058458e-02+0.j  1.79325729e-09+0.j  1.95887298e-03+0.j
  -2.13351170e-03+0.j -7.78107073e-02+0.j -3.46481958e-11+0.j
  -5.35550138e-03+0.j  5.83294678e-03+0.j  2.67754119e-01+0.j
   4.42807249e-13+0.j  5.18678145e-01+0.j -2.03433105e-02+0.j
   3.99080036e-01+0.j -1.73092374e-11+0.j]
 [ 1.15616088e-09+0.j  5.01058419e-02+0.j -2.13350892e-03+0.j
  -1.95887297e-03+0.j  3.93225105e-10+0.j -7.78107079e-02+0.j
   5.83294669e-03+0.j  5.35550141e-03+0.j  2.65591021e-12+0.j
   2.67754119e-01+0.j -2.03433105e-02+0.j  4.81321855e-01+0.j
  -1.42585804e-11+0.j  3.99080036e-01+0.j]
 [ 6.93371291e-02+0.j -7.55185601e-02+0.j  5.01058418e-02+0.j
  -2.15578646e-09+0.j -7.39562794e-02+0.j  8.05495150e-02+0.j
  -1.28300267e-01+0.j  1.18103444e-11+0.j  8.08798298e-02+0.j
  -8.80903031e-02+0.j  3.99080036e-01+0.j -1.42585735e-11+0.j
   3.99560321e-01+0.j  1.09393922e-01+0.j]
 [-7.55185664e-02+0.j -6.93371291e-02+0.j -1.24433100e-09+0.j
   5.01058462e-02+0.j  8.05495154e-02+0.j  7.39562793e-02+0.j
   5.03502795e-12+0.j -1.28300267e-01+0.j -8.80903031e-02+0.j
  -8.08798298e-02+0.j -1.73092304e-11+0.j  3.99080036e-01+0.j
   1.09393922e-01+0.j  6.00439679e-01+0.j]]
W= [0.18021854+0.j 0.21140498+0.j 0.19877305+0.j 0.21376124+0.j
 0.19877305+0.j 0.21140498+0.j 0.18021854+0.j]
local approximation with  1 sites
local interactions on sites [[0], [1], [2], [3], [4], [5], [6]]
Functional for interaction on sites [0]
aca-directory for images already exists
aca-directory for images already exists
aca-directory for images already exists
interacting orbitals: [0, 1]
mapping: [0, 1, 2, 3, 4, 5, 6, 7, 8, 9, 10, 11, 12, 13]
aca-directory for images already exists
aca-directory for images already exists
aca-directory for images already exists
orbinteractaca= [0, 1]
aca-directory for images already exists
aca-directory for images already exists
aca-directory for images already exists
aca-directory for images already exists
aca-directory for images already exists
aca-directory for images already exists
aca-directory for images already exists
aca-directory for images already exists
aca-directory for images already exists
aca-directory for images already exists
aca-directory for images already exists
aca-directory for images already exists
aca-directory for images already exists
aca-directory for images already exists
aca-directory for images already exists
aca-directory for images already exists
aca-directory for images already exists
aca-directory for images already exists
aca-directory for images already exists
aca-directory for images already exists
aca-directory for images already exists
aca-directory for images already exists
aca-directory for images already exists
aca-directory for images already exists
aca-directory for images already exists
aca-directory for images already exists
aca-directory for images already exists
aca-directory for images already exists
aca-directory for images already exists
aca-directory for images already exists
aca-directory for images already exists
aca-directory for images already exists
aca-directory for images already exists
aca-directory for images already exists
aca-directory for images already exists
aca-directory for images already exists
aca-directory for images already exists
aca-directory for images already exists
aca-directory for images already exists
aca: level 6  norb= 14
Daca= [[ 3.99560321e-01+0.j  1.09393922e-01+0.j -4.63687745e-01+0.j
  -8.41264838e-18+0.j  3.32257039e-17+0.j -3.06948834e-17+0.j
  -5.64010717e-17+0.j  1.22198374e-18+0.j -1.77402252e-17+0.j
  -1.37674770e-17+0.j  1.78781642e-17+0.j -2.54124455e-19+0.j
   8.68050455e-18+0.j -2.59652372e-17+0.j]
 [ 1.09393922e-01+0.j  6.00439679e-01+0.j -1.38138840e-09+0.j
  -4.63687743e-01+0.j  8.74296916e-18+0.j  2.56772381e-18+0.j
  -4.55050879e-20+0.j  7.53764284e-18+0.j  9.38229969e-18+0.j
  -2.11081390e-17+0.j -2.50495453e-20+0.j -1.12752308e-17+0.j
   7.06951283e-18+0.j -4.35739257e-18+0.j]
 [-4.63687745e-01+0.j -1.38138840e-09+0.j  5.98770895e-01+0.j
  -1.07576366e-01+0.j  7.44921772e-03+0.j  7.92981946e-20+0.j
   1.73462387e-19+0.j  4.02513981e-19+0.j  2.03757272e-19+0.j
  -6.96388432e-22+0.j -4.26841151e-19+0.j  8.97158752e-19+0.j
   1.12011985e-19+0.j  1.32467543e-21+0.j]
 [-3.33797351e-17+0.j -4.63687743e-01+0.j -1.07576366e-01+0.j
   4.01229105e-01+0.j -3.73598955e-09+0.j  7.44922182e-03+0.j
   8.05097244e-20+0.j  6.03388115e-22+0.j -1.38594668e-21+0.j
  -1.69870500e-19+0.j -6.79129078e-19+0.j -7.01694140e-20+0.j
   1.40510474e-21+0.j  1.24431556e-20+0.j]
 [-9.12323354e-17+0.j  1.05462173e-16+0.j  7.44921772e-03+0.j
  -3.73598957e-09+0.j  5.29417439e-01+0.j -3.20399614e-02+0.j
   4.86605845e-01+0.j -6.21043984e-18+0.j -3.99186957e-17+0.j
   2.59409549e-17+0.j  5.21132384e-17+0.j -1.29947142e-18+0.j
  -3.42529153e-18+0.j -2.68635669e-17+0.j]
 [-9.53300731e-17+0.j  3.16159719e-17+0.j  2.31204477e-17+0.j
   7.44922182e-03+0.j -3.20399614e-02+0.j  4.70582565e-01+0.j
   2.34301203e-09+0.j  4.86605843e-01+0.j  2.57334846e-17+0.j
   4.09659405e-17+0.j -3.40090662e-18+0.j  4.91624633e-17+0.j
  -7.95959282e-17+0.j -1.02048921e-17+0.j]
 [-2.51543495e-17+0.j  3.34671918e-17+0.j -1.02470276e-16+0.j
  -8.31581644e-18+0.j  4.86605845e-01+0.j  2.34301216e-09+0.j
   4.68638511e-01+0.j  3.41573246e-02+0.j  4.87589918e-03+0.j
  -8.86768226e-20+0.j -7.07833573e-19+0.j  6.96026924e-19+0.j
   5.21655886e-19+0.j -1.06486574e-20+0.j]
 [ 3.32810442e-17+0.j  6.40079141e-17+0.j -6.85789311e-17+0.j
   2.61737950e-17+0.j  4.94696000e-17+0.j  4.86605843e-01+0.j
   3.41573246e-02+0.j  5.31361485e-01+0.j  1.85594310e-09+0.j
   4.87589710e-03+0.j  7.44732413e-20+0.j -2.50554285e-20+0.j
  -4.68061257e-20+0.j  1.44923612e-19+0.j]
 [-9.82328044e-17+0.j -4.57399487e-17+0.j -5.22756243e-18+0.j
   3.21135094e-17+0.j  4.26737873e-17+0.j -1.31098626e-16+0.j
   4.87589918e-03+0.j  1.85594318e-09+0.j  3.30838581e-01+0.j
   1.84242190e-01+0.j  4.23673687e-01+0.j  4.62267652e-17+0.j
   8.66650031e-17+0.j -1.31373802e-18+0.j]
 [-1.96853761e-18+0.j  4.09012940e-18+0.j  1.71595704e-17+0.j
  -9.29247039e-17+0.j -5.59117803e-17+0.j  8.88639680e-17+0.j
  -5.78586367e-18+0.j  4.87589710e-03+0.j  1.84242190e-01+0.j
   6.69161420e-01+0.j -2.47229060e-09+0.j  4.23673689e-01+0.j
   8.46988149e-17+0.j  7.27651450e-17+0.j]
 [ 1.05683237e-17+0.j  8.08362381e-18+0.j  5.68688178e-17+0.j
  -3.21841706e-17+0.j -1.39177985e-16+0.j -4.27859153e-17+0.j
  -1.09957315e-16+0.j  4.20994266e-17+0.j  4.23673687e-01+0.j
  -2.47229069e-09+0.j  6.69346408e-01+0.j -1.84443671e-01+0.j
   9.96037403e-04+0.j -1.16199643e-25+0.j]
 [ 3.27898446e-17+0.j  2.31902997e-17+0.j  5.75489074e-17+0.j
  -2.10291040e-17+0.j -2.51666933e-17+0.j  5.90176225e-17+0.j
   1.12071106e-16+0.j  1.11497204e-17+0.j  1.84711896e-17+0.j
   4.23673689e-01+0.j -1.84443671e-01+0.j  3.30653591e-01+0.j
   2.38338429e-09+0.j -9.96034870e-04+0.j]
 [ 8.31589170e-18+0.j  6.22160512e-17+0.j -6.38445347e-18+0.j
  -1.36563412e-17+0.j -2.22743868e-16+0.j -4.44058246e-17+0.j
  -8.62466587e-18+0.j -3.97594534e-17+0.j  1.68093324e-16+0.j
   1.71483092e-17+0.j  9.96037403e-04+0.j  2.38338440e-09+0.j
   1.65268889e-01+0.j -3.64571490e-01+0.j]
 [-5.29915871e-17+0.j  9.88500811e-18+0.j -9.60637480e-17+0.j
   3.40188341e-17+0.j -1.39770571e-17+0.j -7.47890362e-18+0.j
   6.04860751e-17+0.j  5.46565197e-17+0.j -5.68248893e-17+0.j
   4.31711487e-17+0.j -1.78442496e-16+0.j -9.96034870e-04+0.j
  -3.64571490e-01+0.j  8.34731111e-01+0.j]]
Naca= (3.1618410433130135, 3.838158956686989)
nq= 14
variational state:
        ┌──────────┐┌───────────┐┌───┐     ┌───────────┐┌───────────┐»
 q0_0: ─┤ Ry(y[0]) ├┤ Rz(y[14]) ├┤ X ├──■──┤ Ry(y[28]) ├┤ Rz(y[42]) ├»
        ├──────────┤├───────────┤└─┬─┘┌─┴─┐└───────────┘├───────────┤»
 q0_1: ─┤ Ry(y[1]) ├┤ Rz(y[15]) ├──┼──┤ X ├──────■──────┤ Ry(y[29]) ├»
        ├──────────┤├───────────┤  │  └───┘    ┌─┴─┐    └───────────┘»
 q0_2: ─┤ Ry(y[2]) ├┤ Rz(y[16]) ├──┼───────────┤ X ├──────────■──────»
        ├──────────┤├───────────┤  │           └───┘        ┌─┴─┐    »
 q0_3: ─┤ Ry(y[3]) ├┤ Rz(y[17]) ├──┼────────────────────────┤ X ├────»
        ├──────────┤├───────────┤  │                        └───┘    »
 q0_4: ─┤ Ry(y[4]) ├┤ Rz(y[18]) ├──┼─────────────────────────────────»
        ├──────────┤├───────────┤  │                                 »
 q0_5: ─┤ Ry(y[5]) ├┤ Rz(y[19]) ├──┼─────────────────────────────────»
        ├──────────┤├───────────┤  │                                 »
 q0_6: ─┤ Ry(y[6]) ├┤ Rz(y[20]) ├──┼─────────────────────────────────»
        ├──────────┤├───────────┤  │                                 »
 q0_7: ─┤ Ry(y[7]) ├┤ Rz(y[21]) ├──┼─────────────────────────────────»
        ├──────────┤├───────────┤  │                                 »
 q0_8: ─┤ Ry(y[8]) ├┤ Rz(y[22]) ├──┼─────────────────────────────────»
        ├──────────┤├───────────┤  │                                 »
 q0_9: ─┤ Ry(y[9]) ├┤ Rz(y[23]) ├──┼─────────────────────────────────»
       ┌┴──────────┤├───────────┤  │                                 »
q0_10: ┤ Ry(y[10]) ├┤ Rz(y[24]) ├──┼─────────────────────────────────»
       ├───────────┤├───────────┤  │                                 »
q0_11: ┤ Ry(y[11]) ├┤ Rz(y[25]) ├──┼─────────────────────────────────»
       ├───────────┤├───────────┤  │                                 »
q0_12: ┤ Ry(y[12]) ├┤ Rz(y[26]) ├──┼─────────────────────────────────»
       ├───────────┤├───────────┤  │                                 »
q0_13: ┤ Ry(y[13]) ├┤ Rz(y[27]) ├──■─────────────────────────────────»
       └───────────┘└───────────┘                                    »
c0: 14/══════════════════════════════════════════════════════════════»
                                                                     »
«                                                                        »
« q0_0: ─────────────────────────────────────────────────────────────────»
«       ┌───────────┐                                                    »
« q0_1: ┤ Rz(y[43]) ├────────────────────────────────────────────────────»
«       ├───────────┤┌───────────┐                                       »
« q0_2: ┤ Ry(y[30]) ├┤ Rz(y[44]) ├───────────────────────────────────────»
«       └───────────┘├───────────┤┌───────────┐                          »
« q0_3: ──────■──────┤ Ry(y[31]) ├┤ Rz(y[45]) ├──────────────────────────»
«           ┌─┴─┐    └───────────┘├───────────┤┌───────────┐             »
« q0_4: ────┤ X ├──────────■──────┤ Ry(y[32]) ├┤ Rz(y[46]) ├─────────────»
«           └───┘        ┌─┴─┐    └───────────┘├───────────┤┌───────────┐»
« q0_5: ─────────────────┤ X ├──────────■──────┤ Ry(y[33]) ├┤ Rz(y[47]) ├»
«                        └───┘        ┌─┴─┐    └───────────┘├───────────┤»
« q0_6: ──────────────────────────────┤ X ├──────────■──────┤ Ry(y[34]) ├»
«                                     └───┘        ┌─┴─┐    └───────────┘»
« q0_7: ───────────────────────────────────────────┤ X ├──────────■──────»
«                                                  └───┘        ┌─┴─┐    »
« q0_8: ────────────────────────────────────────────────────────┤ X ├────»
«                                                               └───┘    »
« q0_9: ─────────────────────────────────────────────────────────────────»
«                                                                        »
«q0_10: ─────────────────────────────────────────────────────────────────»
«                                                                        »
«q0_11: ─────────────────────────────────────────────────────────────────»
«                                                                        »
«q0_12: ─────────────────────────────────────────────────────────────────»
«                                                                        »
«q0_13: ─────────────────────────────────────────────────────────────────»
«                                                                        »
«c0: 14/═════════════════════════════════════════════════════════════════»
«                                                                        »
«                                                                        »
« q0_0: ─────────────────────────────────────────────────────────────────»
«                                                                        »
« q0_1: ─────────────────────────────────────────────────────────────────»
«                                                                        »
« q0_2: ─────────────────────────────────────────────────────────────────»
«                                                                        »
« q0_3: ─────────────────────────────────────────────────────────────────»
«                                                                        »
« q0_4: ─────────────────────────────────────────────────────────────────»
«                                                                        »
« q0_5: ─────────────────────────────────────────────────────────────────»
«       ┌───────────┐                                                    »
« q0_6: ┤ Rz(y[48]) ├────────────────────────────────────────────────────»
«       ├───────────┤┌───────────┐                                       »
« q0_7: ┤ Ry(y[35]) ├┤ Rz(y[49]) ├───────────────────────────────────────»
«       └───────────┘├───────────┤┌───────────┐                          »
« q0_8: ──────■──────┤ Ry(y[36]) ├┤ Rz(y[50]) ├──────────────────────────»
«           ┌─┴─┐    └───────────┘├───────────┤┌───────────┐             »
« q0_9: ────┤ X ├──────────■──────┤ Ry(y[37]) ├┤ Rz(y[51]) ├─────────────»
«           └───┘        ┌─┴─┐    └───────────┘├───────────┤┌───────────┐»
«q0_10: ─────────────────┤ X ├──────────■──────┤ Ry(y[38]) ├┤ Rz(y[52]) ├»
«                        └───┘        ┌─┴─┐    └───────────┘├───────────┤»
«q0_11: ──────────────────────────────┤ X ├──────────■──────┤ Ry(y[39]) ├»
«                                     └───┘        ┌─┴─┐    └───────────┘»
«q0_12: ───────────────────────────────────────────┤ X ├──────────■──────»
«                                                  └───┘        ┌─┴─┐    »
«q0_13: ────────────────────────────────────────────────────────┤ X ├────»
«                                                               └───┘    »
«c0: 14/═════════════════════════════════════════════════════════════════»
«                                                                        »
«                                 ┌───┐     ┌───────────┐┌───────────┐»
« q0_0: ──────────────────────────┤ X ├──■──┤ Ry(y[56]) ├┤ Rz(y[70]) ├»
«                                 └─┬─┘┌─┴─┐└───────────┘├───────────┤»
« q0_1: ────────────────────────────┼──┤ X ├──────■──────┤ Ry(y[57]) ├»
«                                   │  └───┘    ┌─┴─┐    └───────────┘»
« q0_2: ────────────────────────────┼───────────┤ X ├──────────■──────»
«                                   │           └───┘        ┌─┴─┐    »
« q0_3: ────────────────────────────┼────────────────────────┤ X ├────»
«                                   │                        └───┘    »
« q0_4: ────────────────────────────┼─────────────────────────────────»
«                                   │                                 »
« q0_5: ────────────────────────────┼─────────────────────────────────»
«                                   │                                 »
« q0_6: ────────────────────────────┼─────────────────────────────────»
«                                   │                                 »
« q0_7: ────────────────────────────┼─────────────────────────────────»
«                                   │                                 »
« q0_8: ────────────────────────────┼─────────────────────────────────»
«                                   │                                 »
« q0_9: ────────────────────────────┼─────────────────────────────────»
«                                   │                                 »
«q0_10: ────────────────────────────┼─────────────────────────────────»
«       ┌───────────┐               │                                 »
«q0_11: ┤ Rz(y[53]) ├───────────────┼─────────────────────────────────»
«       ├───────────┤┌───────────┐  │                                 »
«q0_12: ┤ Ry(y[40]) ├┤ Rz(y[54]) ├──┼─────────────────────────────────»
«       ├───────────┤├───────────┤  │                                 »
«q0_13: ┤ Ry(y[41]) ├┤ Rz(y[55]) ├──■─────────────────────────────────»
«       └───────────┘└───────────┘                                    »
«c0: 14/══════════════════════════════════════════════════════════════»
«                                                                     »
«                                                                        »
« q0_0: ─────────────────────────────────────────────────────────────────»
«       ┌───────────┐                                                    »
« q0_1: ┤ Rz(y[71]) ├────────────────────────────────────────────────────»
«       ├───────────┤┌───────────┐                                       »
« q0_2: ┤ Ry(y[58]) ├┤ Rz(y[72]) ├───────────────────────────────────────»
«       └───────────┘├───────────┤┌───────────┐                          »
« q0_3: ──────■──────┤ Ry(y[59]) ├┤ Rz(y[73]) ├──────────────────────────»
«           ┌─┴─┐    └───────────┘├───────────┤┌───────────┐             »
« q0_4: ────┤ X ├──────────■──────┤ Ry(y[60]) ├┤ Rz(y[74]) ├─────────────»
«           └───┘        ┌─┴─┐    └───────────┘├───────────┤┌───────────┐»
« q0_5: ─────────────────┤ X ├──────────■──────┤ Ry(y[61]) ├┤ Rz(y[75]) ├»
«                        └───┘        ┌─┴─┐    └───────────┘├───────────┤»
« q0_6: ──────────────────────────────┤ X ├──────────■──────┤ Ry(y[62]) ├»
«                                     └───┘        ┌─┴─┐    └───────────┘»
« q0_7: ───────────────────────────────────────────┤ X ├──────────■──────»
«                                                  └───┘        ┌─┴─┐    »
« q0_8: ────────────────────────────────────────────────────────┤ X ├────»
«                                                               └───┘    »
« q0_9: ─────────────────────────────────────────────────────────────────»
«                                                                        »
«q0_10: ─────────────────────────────────────────────────────────────────»
«                                                                        »
«q0_11: ─────────────────────────────────────────────────────────────────»
«                                                                        »
«q0_12: ─────────────────────────────────────────────────────────────────»
«                                                                        »
«q0_13: ─────────────────────────────────────────────────────────────────»
«                                                                        »
«c0: 14/═════════════════════════════════════════════════════════════════»
«                                                                        »
«                                                                        »
« q0_0: ─────────────────────────────────────────────────────────────────»
«                                                                        »
« q0_1: ─────────────────────────────────────────────────────────────────»
«                                                                        »
« q0_2: ─────────────────────────────────────────────────────────────────»
«                                                                        »
« q0_3: ─────────────────────────────────────────────────────────────────»
«                                                                        »
« q0_4: ─────────────────────────────────────────────────────────────────»
«                                                                        »
« q0_5: ─────────────────────────────────────────────────────────────────»
«       ┌───────────┐                                                    »
« q0_6: ┤ Rz(y[76]) ├────────────────────────────────────────────────────»
«       ├───────────┤┌───────────┐                                       »
« q0_7: ┤ Ry(y[63]) ├┤ Rz(y[77]) ├───────────────────────────────────────»
«       └───────────┘├───────────┤┌───────────┐                          »
« q0_8: ──────■──────┤ Ry(y[64]) ├┤ Rz(y[78]) ├──────────────────────────»
«           ┌─┴─┐    └───────────┘├───────────┤┌───────────┐             »
« q0_9: ────┤ X ├──────────■──────┤ Ry(y[65]) ├┤ Rz(y[79]) ├─────────────»
«           └───┘        ┌─┴─┐    └───────────┘├───────────┤┌───────────┐»
«q0_10: ─────────────────┤ X ├──────────■──────┤ Ry(y[66]) ├┤ Rz(y[80]) ├»
«                        └───┘        ┌─┴─┐    └───────────┘├───────────┤»
«q0_11: ──────────────────────────────┤ X ├──────────■──────┤ Ry(y[67]) ├»
«                                     └───┘        ┌─┴─┐    └───────────┘»
«q0_12: ───────────────────────────────────────────┤ X ├──────────■──────»
«                                                  └───┘        ┌─┴─┐    »
«q0_13: ────────────────────────────────────────────────────────┤ X ├────»
«                                                               └───┘    »
«c0: 14/═════════════════════════════════════════════════════════════════»
«                                                                        »
«                                 
« q0_0: ──────────────────────────
«                                 
« q0_1: ──────────────────────────
«                                 
« q0_2: ──────────────────────────
«                                 
« q0_3: ──────────────────────────
«                                 
« q0_4: ──────────────────────────
«                                 
« q0_5: ──────────────────────────
«                                 
« q0_6: ──────────────────────────
«                                 
« q0_7: ──────────────────────────
«                                 
« q0_8: ──────────────────────────
«                                 
« q0_9: ──────────────────────────
«                                 
«q0_10: ──────────────────────────
«       ┌───────────┐             
«q0_11: ┤ Rz(y[81]) ├─────────────
«       ├───────────┤┌───────────┐
«q0_12: ┤ Ry(y[68]) ├┤ Rz(y[82]) ├
«       ├───────────┤├───────────┤
«q0_13: ┤ Ry(y[69]) ├┤ Rz(y[83]) ├
«       └───────────┘└───────────┘
«c0: 14/══════════════════════════
«                                 
ansatz-state is written to ansatz.txt
building constraints...
number of constraints= 196
unique pauliops 378
graphclique-cliquecover: 378 with commutationmode qubitwise
strategy largest_first 196
strategy random_sequential 197
strategy smallest_last 196
strategy independent_set 201
strategy connected_sequential_bfs 197
strategy connected_sequential_dfs 196
strategy saturation_largest_first 196
number of cliques 196
clique 0 ['XZZZZZZZZZZZZX', 'IIIIIIIIIIIIZI', 'IIIIIIIIIIIZII', 'IIIIIIIIIIZIII', 'IIIIIIIIIZIIII', 'IIIIIIIIZIIIII', 'IIIIIIIZIIIIII', 'IIIIIIZIIIIIII', 'IIIIIZIIIIIIII', 'IIIIZIIIIIIIII', 'IIIZIIIIIIIIII', 'IIZIIIIIIIIIII', 'IZIIIIIIIIIIII']
clique 1 ['YZZZZZZZZZZZZY']
clique 2 ['YZZZZZZZZZZZZX']
clique 3 ['XZZZZZZZZZZZZY']
clique 4 ['IXZZZZZZZZZZZX', 'XXIIIIIIIIIIII']
clique 5 ['IYZZZZZZZZZZZY', 'YYIIIIIIIIIIII']
clique 6 ['IYZZZZZZZZZZZX', 'XYIIIIIIIIIIII']
clique 7 ['IXZZZZZZZZZZZY', 'YXIIIIIIIIIIII']
clique 8 ['IIIIIIIIIIIIXX', 'XZZZZZZZZZZZXI']
clique 9 ['IIIIIIIIIIIIYY', 'YZZZZZZZZZZZYI']
clique 10 ['IIIIIIIIIIIIXY', 'YZZZZZZZZZZZXI']
clique 11 ['IIIIIIIIIIIIYX', 'XZZZZZZZZZZZYI']
clique 12 ['IIIIIIIIIIIIIZ', 'IXZZZZZZZZZZXI', 'ZIIIIIIIIIIIII']
clique 13 ['IYZZZZZZZZZZYI']
clique 14 ['IYZZZZZZZZZZXI']
clique 15 ['IXZZZZZZZZZZYI']
clique 16 ['IIXZZZZZZZZZZX', 'XZXIIIIIIIIIII']
clique 17 ['IIYZZZZZZZZZZY', 'YZYIIIIIIIIIII']
clique 18 ['IIYZZZZZZZZZZX', 'XZYIIIIIIIIIII']
clique 19 ['IIXZZZZZZZZZZY', 'YZXIIIIIIIIIII']
clique 20 ['IIIIIIIIIIIXZX', 'XZZZZZZZZZZXII']
clique 21 ['IIIIIIIIIIIYZY', 'YZZZZZZZZZZYII']
clique 22 ['IIIIIIIIIIIXZY', 'YZZZZZZZZZZXII']
clique 23 ['IIIIIIIIIIIYZX', 'XZZZZZZZZZZYII']
clique 24 ['IIXZZZZZZZZZXI', 'IXXIIIIIIIIIII']
clique 25 ['IIYZZZZZZZZZYI', 'IYYIIIIIIIIIII']
clique 26 ['IIYZZZZZZZZZXI', 'IXYIIIIIIIIIII']
clique 27 ['IIXZZZZZZZZZYI', 'IYXIIIIIIIIIII']
clique 28 ['IIIIIIIIIIIXXI', 'IXZZZZZZZZZXII']
clique 29 ['IIIIIIIIIIIYYI', 'IYZZZZZZZZZYII']
clique 30 ['IIIIIIIIIIIXYI', 'IYZZZZZZZZZXII']
clique 31 ['IIIIIIIIIIIYXI', 'IXZZZZZZZZZYII']
clique 32 ['IIXZZZZZZZZXII']
clique 33 ['IIYZZZZZZZZYII']
clique 34 ['IIYZZZZZZZZXII']
clique 35 ['IIXZZZZZZZZYII']
clique 36 ['IIIXZZZZZZZZZX', 'XZZXIIIIIIIIII']
clique 37 ['IIIYZZZZZZZZZY', 'YZZYIIIIIIIIII']
clique 38 ['IIIYZZZZZZZZZX', 'XZZYIIIIIIIIII']
clique 39 ['IIIXZZZZZZZZZY', 'YZZXIIIIIIIIII']
clique 40 ['IIIIIIIIIIXZZX', 'XZZZZZZZZZXIII']
clique 41 ['IIIIIIIIIIYZZY', 'YZZZZZZZZZYIII']
clique 42 ['IIIIIIIIIIXZZY', 'YZZZZZZZZZXIII']
clique 43 ['IIIIIIIIIIYZZX', 'XZZZZZZZZZYIII']
clique 44 ['IIIXZZZZZZZZXI', 'IXZXIIIIIIIIII']
clique 45 ['IIIYZZZZZZZZYI', 'IYZYIIIIIIIIII']
clique 46 ['IIIYZZZZZZZZXI', 'IXZYIIIIIIIIII']
clique 47 ['IIIXZZZZZZZZYI', 'IYZXIIIIIIIIII']
clique 48 ['IIIIIIIIIIXZXI', 'IXZZZZZZZZXIII']
clique 49 ['IIIIIIIIIIYZYI', 'IYZZZZZZZZYIII']
clique 50 ['IIIIIIIIIIXZYI', 'IYZZZZZZZZXIII']
clique 51 ['IIIIIIIIIIYZXI', 'IXZZZZZZZZYIII']
clique 52 ['IIIXZZZZZZZXII', 'IIXXIIIIIIIIII']
clique 53 ['IIIYZZZZZZZYII', 'IIYYIIIIIIIIII']
clique 54 ['IIIYZZZZZZZXII', 'IIXYIIIIIIIIII']
clique 55 ['IIIXZZZZZZZYII', 'IIYXIIIIIIIIII']
clique 56 ['IIIIIIIIIIXXII', 'IIXZZZZZZZXIII']
clique 57 ['IIIIIIIIIIYYII', 'IIYZZZZZZZYIII']
clique 58 ['IIIIIIIIIIXYII', 'IIYZZZZZZZXIII']
clique 59 ['IIIIIIIIIIYXII', 'IIXZZZZZZZYIII']
clique 60 ['IIIIXZZZZZZZZX', 'XZZZXIIIIIIIII']
clique 61 ['IIIIYZZZZZZZZY', 'YZZZYIIIIIIIII']
clique 62 ['IIIIYZZZZZZZZX', 'XZZZYIIIIIIIII']
clique 63 ['IIIIXZZZZZZZZY', 'YZZZXIIIIIIIII']
clique 64 ['IIIIIIIIIXZZZX', 'XZZZZZZZZXIIII']
clique 65 ['IIIIIIIIIYZZZY', 'YZZZZZZZZYIIII']
clique 66 ['IIIIIIIIIXZZZY', 'YZZZZZZZZXIIII']
clique 67 ['IIIIIIIIIYZZZX', 'XZZZZZZZZYIIII']
clique 68 ['IIIIXZZZZZZZXI', 'IXZZXIIIIIIIII']
clique 69 ['IIIIYZZZZZZZYI', 'IYZZYIIIIIIIII']
clique 70 ['IIIIYZZZZZZZXI', 'IXZZYIIIIIIIII']
clique 71 ['IIIIXZZZZZZZYI', 'IYZZXIIIIIIIII']
clique 72 ['IIIIIIIIIXZZXI', 'IXZZZZZZZXIIII']
clique 73 ['IIIIIIIIIYZZYI', 'IYZZZZZZZYIIII']
clique 74 ['IIIIIIIIIXZZYI', 'IYZZZZZZZXIIII']
clique 75 ['IIIIIIIIIYZZXI', 'IXZZZZZZZYIIII']
clique 76 ['IIIXZZZZZZXIII']
clique 77 ['IIIYZZZZZZYIII']
clique 78 ['IIIYZZZZZZXIII']
clique 79 ['IIIXZZZZZZYIII']
clique 80 ['IIIIXZZZZZZXII', 'IIXZXIIIIIIIII']
clique 81 ['IIIIYZZZZZZYII', 'IIYZYIIIIIIIII']
clique 82 ['IIIIYZZZZZZXII', 'IIXZYIIIIIIIII']
clique 83 ['IIIIXZZZZZZYII', 'IIYZXIIIIIIIII']
clique 84 ['IIIIIIIIIXZXII', 'IIXZZZZZZXIIII']
clique 85 ['IIIIIIIIIYZYII', 'IIYZZZZZZYIIII']
clique 86 ['IIIIIIIIIXZYII', 'IIYZZZZZZXIIII']
clique 87 ['IIIIIIIIIYZXII', 'IIXZZZZZZYIIII']
clique 88 ['IIIIIXZZZZZZZX', 'XZZZZXIIIIIIII']
clique 89 ['IIIIIYZZZZZZZY', 'YZZZZYIIIIIIII']
clique 90 ['IIIIIYZZZZZZZX', 'XZZZZYIIIIIIII']
clique 91 ['IIIIIXZZZZZZZY', 'YZZZZXIIIIIIII']
clique 92 ['IIIIXZZZZZXIII', 'IIIXXIIIIIIIII']
clique 93 ['IIIIYZZZZZYIII', 'IIIYYIIIIIIIII']
clique 94 ['IIIIYZZZZZXIII', 'IIIXYIIIIIIIII']
clique 95 ['IIIIXZZZZZYIII', 'IIIYXIIIIIIIII']
clique 96 ['IIIIIIIIIXXIII', 'IIIXZZZZZXIIII']
clique 97 ['IIIIIIIIIYYIII', 'IIIYZZZZZYIIII']
clique 98 ['IIIIIIIIIXYIII', 'IIIYZZZZZXIIII']
clique 99 ['IIIIIIIIIYXIII', 'IIIXZZZZZYIIII']
clique 100 ['IIIIIIIIXZZZZX', 'XZZZZZZZXIIIII']
clique 101 ['IIIIIIIIYZZZZY', 'YZZZZZZZYIIIII']
clique 102 ['IIIIIIIIXZZZZY', 'YZZZZZZZXIIIII']
clique 103 ['IIIIIIIIYZZZZX', 'XZZZZZZZYIIIII']
clique 104 ['IIIIIXZZZZZZXI', 'IXZZZXIIIIIIII']
clique 105 ['IIIIIYZZZZZZYI', 'IYZZZYIIIIIIII']
clique 106 ['IIIIIYZZZZZZXI', 'IXZZZYIIIIIIII']
clique 107 ['IIIIIXZZZZZZYI', 'IYZZZXIIIIIIII']
clique 108 ['IIIIIIIIXZZZXI', 'IXZZZZZZXIIIII']
clique 109 ['IIIIIIIIYZZZYI', 'IYZZZZZZYIIIII']
clique 110 ['IIIIIIIIXZZZYI', 'IYZZZZZZXIIIII']
clique 111 ['IIIIIIIIYZZZXI', 'IXZZZZZZYIIIII']
clique 112 ['IIIIIXZZZZZXII', 'IIXZZXIIIIIIII']
clique 113 ['IIIIIYZZZZZYII', 'IIYZZYIIIIIIII']
clique 114 ['IIIIIYZZZZZXII', 'IIXZZYIIIIIIII']
clique 115 ['IIIIIXZZZZZYII', 'IIYZZXIIIIIIII']
clique 116 ['IIIIIIIIXZZXII', 'IIXZZZZZXIIIII']
clique 117 ['IIIIIIIIYZZYII', 'IIYZZZZZYIIIII']
clique 118 ['IIIIIIIIXZZYII', 'IIYZZZZZXIIIII']
clique 119 ['IIIIIIIIYZZXII', 'IIXZZZZZYIIIII']
clique 120 ['IIIIXZZZZXIIII']
clique 121 ['IIIIYZZZZYIIII']
clique 122 ['IIIIYZZZZXIIII']
clique 123 ['IIIIXZZZZYIIII']
clique 124 ['IIIIIXZZZZXIII', 'IIIXZXIIIIIIII']
clique 125 ['IIIIIYZZZZYIII', 'IIIYZYIIIIIIII']
clique 126 ['IIIIIYZZZZXIII', 'IIIXZYIIIIIIII']
clique 127 ['IIIIIXZZZZYIII', 'IIIYZXIIIIIIII']
clique 128 ['IIIIIIIIXZXIII', 'IIIXZZZZXIIIII']
clique 129 ['IIIIIIIIYZYIII', 'IIIYZZZZYIIIII']
clique 130 ['IIIIIIIIXZYIII', 'IIIYZZZZXIIIII']
clique 131 ['IIIIIIIIYZXIII', 'IIIXZZZZYIIIII']
clique 132 ['IIIIIIXZZZZZZX', 'XZZZZZXIIIIIII']
clique 133 ['IIIIIIYZZZZZZY', 'YZZZZZYIIIIIII']
clique 134 ['IIIIIIYZZZZZZX', 'XZZZZZYIIIIIII']
clique 135 ['IIIIIIXZZZZZZY', 'YZZZZZXIIIIIII']
clique 136 ['IIIIIIIXZZZZZX', 'XZZZZZZXIIIIII']
clique 137 ['IIIIIIIYZZZZZY', 'YZZZZZZYIIIIII']
clique 138 ['IIIIIIIXZZZZZY', 'YZZZZZZXIIIIII']
clique 139 ['IIIIIIIYZZZZZX', 'XZZZZZZYIIIIII']
clique 140 ['IIIIIIXZZZZZXI', 'IXZZZZXIIIIIII']
clique 141 ['IIIIIIYZZZZZYI', 'IYZZZZYIIIIIII']
clique 142 ['IIIIIIYZZZZZXI', 'IXZZZZYIIIIIII']
clique 143 ['IIIIIIXZZZZZYI', 'IYZZZZXIIIIIII']
clique 144 ['IIIIIIIXZZZZXI', 'IXZZZZZXIIIIII']
clique 145 ['IIIIIIIYZZZZYI', 'IYZZZZZYIIIIII']
clique 146 ['IIIIIIIXZZZZYI', 'IYZZZZZXIIIIII']
clique 147 ['IIIIIIIYZZZZXI', 'IXZZZZZYIIIIII']
clique 148 ['IIIIIIXZZZZXII', 'IIXZZZXIIIIIII']
clique 149 ['IIIIIIYZZZZYII', 'IIYZZZYIIIIIII']
clique 150 ['IIIIIIYZZZZXII', 'IIXZZZYIIIIIII']
clique 151 ['IIIIIIXZZZZYII', 'IIYZZZXIIIIIII']
clique 152 ['IIIIIIIXZZZXII', 'IIXZZZZXIIIIII']
clique 153 ['IIIIIIIYZZZYII', 'IIYZZZZYIIIIII']
clique 154 ['IIIIIIIXZZZYII', 'IIYZZZZXIIIIII']
clique 155 ['IIIIIIIYZZZXII', 'IIXZZZZYIIIIII']
clique 156 ['IIIIIXZZZXIIII', 'IIIIXXIIIIIIII']
clique 157 ['IIIIIYZZZYIIII', 'IIIIYYIIIIIIII']
clique 158 ['IIIIIYZZZXIIII', 'IIIIXYIIIIIIII']
clique 159 ['IIIIIXZZZYIIII', 'IIIIYXIIIIIIII']
clique 160 ['IIIIIIIIXXIIII', 'IIIIXZZZXIIIII']
clique 161 ['IIIIIIIIYYIIII', 'IIIIYZZZYIIIII']
clique 162 ['IIIIIIIIXYIIII', 'IIIIYZZZXIIIII']
clique 163 ['IIIIIIIIYXIIII', 'IIIIXZZZYIIIII']
clique 164 ['IIIIIIXZZZXIII', 'IIIXZZXIIIIIII']
clique 165 ['IIIIIIYZZZYIII', 'IIIYZZYIIIIIII']
clique 166 ['IIIIIIYZZZXIII', 'IIIXZZYIIIIIII']
clique 167 ['IIIIIIXZZZYIII', 'IIIYZZXIIIIIII']
clique 168 ['IIIIIIIXZZXIII', 'IIIXZZZXIIIIII']
clique 169 ['IIIIIIIYZZYIII', 'IIIYZZZYIIIIII']
clique 170 ['IIIIIIIXZZYIII', 'IIIYZZZXIIIIII']
clique 171 ['IIIIIIIYZZXIII', 'IIIXZZZYIIIIII']
clique 172 ['IIIIIXZZXIIIII']
clique 173 ['IIIIIYZZYIIIII']
clique 174 ['IIIIIYZZXIIIII']
clique 175 ['IIIIIXZZYIIIII']
clique 176 ['IIIIIIXZZXIIII', 'IIIIXZXIIIIIII']
clique 177 ['IIIIIIYZZYIIII', 'IIIIYZYIIIIIII']
clique 178 ['IIIIIIYZZXIIII', 'IIIIXZYIIIIIII']
clique 179 ['IIIIIIXZZYIIII', 'IIIIYZXIIIIIII']
clique 180 ['IIIIIIIXZXIIII', 'IIIIXZZXIIIIII']
clique 181 ['IIIIIIIYZYIIII', 'IIIIYZZYIIIIII']
clique 182 ['IIIIIIIXZYIIII', 'IIIIYZZXIIIIII']
clique 183 ['IIIIIIIYZXIIII', 'IIIIXZZYIIIIII']
clique 184 ['IIIIIIXZXIIIII', 'IIIIIXXIIIIIII']
clique 185 ['IIIIIIYZYIIIII', 'IIIIIYYIIIIIII']
clique 186 ['IIIIIIYZXIIIII', 'IIIIIXYIIIIIII']
clique 187 ['IIIIIIXZYIIIII', 'IIIIIYXIIIIIII']
clique 188 ['IIIIIIIXXIIIII', 'IIIIIXZXIIIIII']
clique 189 ['IIIIIIIYYIIIII', 'IIIIIYZYIIIIII']
clique 190 ['IIIIIIIXYIIIII', 'IIIIIYZXIIIIII']
clique 191 ['IIIIIIIYXIIIII', 'IIIIIXZYIIIIII']
clique 192 ['IIIIIIXXIIIIII']
clique 193 ['IIIIIIYYIIIIII']
clique 194 ['IIIIIIYXIIIIII']
clique 195 ['IIIIIIXYIIIIII']
