GS energy with  DMRG -6.90230342039181
N= 5.0
E= -6.90230342039181
D= [[ 3.13866776e-01+0.j -4.19883497e-02+0.j  3.85769267e-01+0.j
   3.39450820e-12+0.j  1.50155704e-01+0.j  3.38724601e-02+0.j
  -1.00173361e-01+0.j -1.69108477e-12+0.j -1.37479644e-01+0.j
  -3.10129662e-02+0.j]
 [-4.19883497e-02+0.j  6.86133224e-01+0.j -3.34240296e-12+0.j
   3.85769267e-01+0.j  3.38724601e-02+0.j -1.50155704e-01+0.j
   2.44197110e-12+0.j -1.00173361e-01+0.j -3.10129662e-02+0.j
   1.37479644e-01+0.j]
 [ 3.85769267e-01+0.j -3.34239494e-12+0.j  5.33238484e-01+0.j
   7.49801164e-03+0.j  2.83873028e-01+0.j  9.40955864e-13+0.j
  -7.61980594e-03+0.j -1.71889290e-03+0.j -1.00173361e-01+0.j
  -5.37981116e-13+0.j]
 [ 3.39452641e-12+0.j  3.85769267e-01+0.j  7.49801164e-03+0.j
   4.66761516e-01+0.j -1.06663896e-12+0.j  2.83873028e-01+0.j
  -1.71889290e-03+0.j  7.61980594e-03+0.j  6.10783125e-13+0.j
  -1.00173361e-01+0.j]
 [ 1.50155704e-01+0.j  3.38724601e-02+0.j  2.83873028e-01+0.j
  -1.06665371e-12+0.j  3.18045495e-01+0.j -4.10457049e-02+0.j
   2.83873028e-01+0.j  1.04878779e-12+0.j  1.50155704e-01+0.j
   3.38724601e-02+0.j]
 [ 3.38724601e-02+0.j -1.50155704e-01+0.j  9.40956948e-13+0.j
   2.83873028e-01+0.j -4.10457049e-02+0.j  6.81954505e-01+0.j
  -1.72764320e-12+0.j  2.83873028e-01+0.j  3.38724601e-02+0.j
  -1.50155704e-01+0.j]
 [-1.00173361e-01+0.j  2.44194248e-12+0.j -7.61980594e-03+0.j
  -1.71889290e-03+0.j  2.83873028e-01+0.j -1.72766228e-12+0.j
   5.33238484e-01+0.j  7.49801164e-03+0.j  3.85769267e-01+0.j
   6.91890987e-13+0.j]
 [-1.69107263e-12+0.j -1.00173361e-01+0.j -1.71889290e-03+0.j
   7.61980594e-03+0.j  1.04883116e-12+0.j  2.83873028e-01+0.j
   7.49801164e-03+0.j  4.66761516e-01+0.j  5.78044557e-14+0.j
   3.85769267e-01+0.j]
 [-1.37479644e-01+0.j -3.10129662e-02+0.j -1.00173361e-01+0.j
   6.10704629e-13+0.j  1.50155704e-01+0.j  3.38724601e-02+0.j
   3.85769267e-01+0.j  5.77992515e-14+0.j  3.13866776e-01+0.j
  -4.19883497e-02+0.j]
 [-3.10129662e-02+0.j  1.37479644e-01+0.j -5.37983285e-13+0.j
  -1.00173361e-01+0.j  3.38724601e-02+0.j -1.50155704e-01+0.j
   6.91875375e-13+0.j  3.85769267e-01+0.j -4.19883497e-02+0.j
   6.86133224e-01+0.j]]
W= [0.17132938+0.j 0.21187054+0.j 0.18843509+0.j 0.21187054+0.j
 0.17132938+0.j]
local approximation with  1 sites
local interactions on sites [[0], [1], [2], [3], [4]]
Functional for interaction on sites [0]
aca-directory for images already exists
aca-directory for images already exists
aca-directory for images already exists
interacting orbitals: [0, 1]
mapping: [0, 1, 2, 3, 4, 5, 6, 7, 8, 9]
aca-directory for images already exists
aca-directory for images already exists
aca-directory for images already exists
orbinteractaca= [0, 1]
aca-directory for images already exists
aca-directory for images already exists
aca-directory for images already exists
aca-directory for images already exists
aca-directory for images already exists
aca-directory for images already exists
aca-directory for images already exists
aca-directory for images already exists
aca-directory for images already exists
aca-directory for images already exists
aca-directory for images already exists
aca-directory for images already exists
aca-directory for images already exists
aca-directory for images already exists
aca-directory for images already exists
aca-directory for images already exists
aca-directory for images already exists
aca-directory for images already exists
aca-directory for images already exists
aca-directory for images already exists
aca-directory for images already exists
aca-directory for images already exists
aca-directory for images already exists
aca-directory for images already exists
aca-directory for images already exists
aca-directory for images already exists
aca-directory for images already exists
aca: level 4  norb= 10
Daca= [[ 3.13866776e-01+0.j -4.19883497e-02+0.j -4.49899061e-01+0.j
   1.82886813e-18+0.j -3.06261918e-17+0.j -2.26749255e-18+0.j
  -1.54743352e-17+0.j  2.68052963e-19+0.j -2.91254922e-17+0.j
  -3.01875399e-18+0.j]
 [-4.19883497e-02+0.j  6.86133224e-01+0.j  2.24361884e-13+0.j
  -4.49899061e-01+0.j  2.72647070e-18+0.j -3.95236441e-17+0.j
  -3.36735693e-19+0.j -8.58288055e-18+0.j -3.25471322e-20+0.j
   4.20385386e-17+0.j]
 [-4.49899061e-01+0.j  2.24353389e-13+0.j  6.82520428e-01+0.j
   4.11733671e-02+0.j  5.66264163e-03+0.j  4.66094872e-21+0.j
   4.46646363e-19+0.j  4.02510805e-20+0.j -1.91282243e-19+0.j
  -6.90532659e-21+0.j]
 [-1.39757432e-17+0.j -4.49899061e-01+0.j  4.11733671e-02+0.j
   3.17479572e-01+0.j -6.46315577e-14+0.j  5.66264163e-03+0.j
  -4.43024842e-20+0.j  6.84245402e-19+0.j  7.14233564e-21+0.j
   8.11848032e-20+0.j]
 [-7.80841835e-18+0.j -3.22351995e-17+0.j  5.66264163e-03+0.j
  -6.46357277e-14+0.j  5.11352318e-01+0.j  2.56088123e-03+0.j
   4.90288074e-01+0.j -1.76204766e-17+0.j -1.12927165e-17+0.j
  -3.56424263e-18+0.j]
 [-9.94056403e-18+0.j -6.74124038e-17+0.j -1.98421286e-17+0.j
   5.66264163e-03+0.j  2.56088123e-03+0.j  4.88647682e-01+0.j
   2.08390543e-14+0.j  4.90288074e-01+0.j  3.01516268e-17+0.j
  -5.83509299e-17+0.j]
 [-5.48183656e-17+0.j -2.70206177e-17+0.j -5.82245124e-18+0.j
  -2.85532416e-17+0.j  4.90288074e-01+0.j  2.08499108e-14+0.j
   4.87277289e-01+0.j -2.87001771e-03+0.j  2.52566123e-03+0.j
   0.00000000e+00+0.j]
 [ 1.63817496e-17+0.j -3.44543967e-17+0.j  3.61621193e-17+0.j
   4.88069588e-17+0.j  4.62301750e-17+0.j  4.90288074e-01+0.j
  -2.87001771e-03+0.j  5.12722711e-01+0.j -3.66907832e-14+0.j
  -2.52566123e-03+0.j]
 [-1.09459543e-16+0.j -3.98329877e-17+0.j -5.21560939e-17+0.j
   5.13777563e-17+0.j  1.57551518e-16+0.j -2.53595244e-17+0.j
   2.52566123e-03+0.j -3.66708058e-14+0.j  1.72392043e-02+0.j
   1.08902262e-01+0.j]
 [-4.66552261e-17+0.j  9.60833515e-17+0.j -7.98047141e-18+0.j
  -9.89221362e-18+0.j  1.64156530e-18+0.j  1.38248881e-16+0.j
  -7.60703103e-17+0.j -2.52566123e-03+0.j  1.08902262e-01+0.j
   9.82760796e-01+0.j]]
Naca= (2.0122560144266255, 2.9877439855733745)
nq= 10
variational state:
       ┌──────────┐┌───────────┐┌───┐     ┌───────────┐┌───────────┐»
 q0_0: ┤ Ry(y[0]) ├┤ Rz(y[10]) ├┤ X ├──■──┤ Ry(y[20]) ├┤ Rz(y[30]) ├»
       ├──────────┤├───────────┤└─┬─┘┌─┴─┐└───────────┘├───────────┤»
 q0_1: ┤ Ry(y[1]) ├┤ Rz(y[11]) ├──┼──┤ X ├──────■──────┤ Ry(y[21]) ├»
       ├──────────┤├───────────┤  │  └───┘    ┌─┴─┐    └───────────┘»
 q0_2: ┤ Ry(y[2]) ├┤ Rz(y[12]) ├──┼───────────┤ X ├──────────■──────»
       ├──────────┤├───────────┤  │           └───┘        ┌─┴─┐    »
 q0_3: ┤ Ry(y[3]) ├┤ Rz(y[13]) ├──┼────────────────────────┤ X ├────»
       ├──────────┤├───────────┤  │                        └───┘    »
 q0_4: ┤ Ry(y[4]) ├┤ Rz(y[14]) ├──┼─────────────────────────────────»
       ├──────────┤├───────────┤  │                                 »
 q0_5: ┤ Ry(y[5]) ├┤ Rz(y[15]) ├──┼─────────────────────────────────»
       ├──────────┤├───────────┤  │                                 »
 q0_6: ┤ Ry(y[6]) ├┤ Rz(y[16]) ├──┼─────────────────────────────────»
       ├──────────┤├───────────┤  │                                 »
 q0_7: ┤ Ry(y[7]) ├┤ Rz(y[17]) ├──┼─────────────────────────────────»
       ├──────────┤├───────────┤  │                                 »
 q0_8: ┤ Ry(y[8]) ├┤ Rz(y[18]) ├──┼─────────────────────────────────»
       ├──────────┤├───────────┤  │                                 »
 q0_9: ┤ Ry(y[9]) ├┤ Rz(y[19]) ├──■─────────────────────────────────»
       └──────────┘└───────────┘                                    »
c0: 10/═════════════════════════════════════════════════════════════»
                                                                    »
«                                                                        »
« q0_0: ─────────────────────────────────────────────────────────────────»
«       ┌───────────┐                                                    »
« q0_1: ┤ Rz(y[31]) ├────────────────────────────────────────────────────»
«       ├───────────┤┌───────────┐                                       »
« q0_2: ┤ Ry(y[22]) ├┤ Rz(y[32]) ├───────────────────────────────────────»
«       └───────────┘├───────────┤┌───────────┐                          »
« q0_3: ──────■──────┤ Ry(y[23]) ├┤ Rz(y[33]) ├──────────────────────────»
«           ┌─┴─┐    └───────────┘├───────────┤┌───────────┐             »
« q0_4: ────┤ X ├──────────■──────┤ Ry(y[24]) ├┤ Rz(y[34]) ├─────────────»
«           └───┘        ┌─┴─┐    └───────────┘├───────────┤┌───────────┐»
« q0_5: ─────────────────┤ X ├──────────■──────┤ Ry(y[25]) ├┤ Rz(y[35]) ├»
«                        └───┘        ┌─┴─┐    └───────────┘├───────────┤»
« q0_6: ──────────────────────────────┤ X ├──────────■──────┤ Ry(y[26]) ├»
«                                     └───┘        ┌─┴─┐    └───────────┘»
« q0_7: ───────────────────────────────────────────┤ X ├──────────■──────»
«                                                  └───┘        ┌─┴─┐    »
« q0_8: ────────────────────────────────────────────────────────┤ X ├────»
«                                                               └───┘    »
« q0_9: ─────────────────────────────────────────────────────────────────»
«                                                                        »
«c0: 10/═════════════════════════════════════════════════════════════════»
«                                                                        »
«                                              ┌───┐     ┌───────────┐»
« q0_0: ───────────────────────────────────────┤ X ├──■──┤ Ry(y[40]) ├»
«                                              └─┬─┘┌─┴─┐└───────────┘»
« q0_1: ─────────────────────────────────────────┼──┤ X ├──────■──────»
«                                                │  └───┘    ┌─┴─┐    »
« q0_2: ─────────────────────────────────────────┼───────────┤ X ├────»
«                                                │           └───┘    »
« q0_3: ─────────────────────────────────────────┼────────────────────»
«                                                │                    »
« q0_4: ─────────────────────────────────────────┼────────────────────»
«                                                │                    »
« q0_5: ─────────────────────────────────────────┼────────────────────»
«       ┌───────────┐                            │                    »
« q0_6: ┤ Rz(y[36]) ├────────────────────────────┼────────────────────»
«       ├───────────┤┌───────────┐               │                    »
« q0_7: ┤ Ry(y[27]) ├┤ Rz(y[37]) ├───────────────┼────────────────────»
«       └───────────┘├───────────┤┌───────────┐  │                    »
« q0_8: ──────■──────┤ Ry(y[28]) ├┤ Rz(y[38]) ├──┼────────────────────»
«           ┌─┴─┐    ├───────────┤├───────────┤  │                    »
« q0_9: ────┤ X ├────┤ Ry(y[29]) ├┤ Rz(y[39]) ├──■────────────────────»
«           └───┘    └───────────┘└───────────┘                       »
«c0: 10/══════════════════════════════════════════════════════════════»
«                                                                     »
«       ┌───────────┐                                                    »
« q0_0: ┤ Rz(y[50]) ├────────────────────────────────────────────────────»
«       ├───────────┤┌───────────┐                                       »
« q0_1: ┤ Ry(y[41]) ├┤ Rz(y[51]) ├───────────────────────────────────────»
«       └───────────┘├───────────┤┌───────────┐                          »
« q0_2: ──────■──────┤ Ry(y[42]) ├┤ Rz(y[52]) ├──────────────────────────»
«           ┌─┴─┐    └───────────┘├───────────┤┌───────────┐             »
« q0_3: ────┤ X ├──────────■──────┤ Ry(y[43]) ├┤ Rz(y[53]) ├─────────────»
«           └───┘        ┌─┴─┐    └───────────┘├───────────┤┌───────────┐»
« q0_4: ─────────────────┤ X ├──────────■──────┤ Ry(y[44]) ├┤ Rz(y[54]) ├»
«                        └───┘        ┌─┴─┐    └───────────┘├───────────┤»
« q0_5: ──────────────────────────────┤ X ├──────────■──────┤ Ry(y[45]) ├»
«                                     └───┘        ┌─┴─┐    └───────────┘»
« q0_6: ───────────────────────────────────────────┤ X ├──────────■──────»
«                                                  └───┘        ┌─┴─┐    »
« q0_7: ────────────────────────────────────────────────────────┤ X ├────»
«                                                               └───┘    »
« q0_8: ─────────────────────────────────────────────────────────────────»
«                                                                        »
« q0_9: ─────────────────────────────────────────────────────────────────»
«                                                                        »
«c0: 10/═════════════════════════════════════════════════════════════════»
«                                                                        »
«                                                           
« q0_0: ────────────────────────────────────────────────────
«                                                           
« q0_1: ────────────────────────────────────────────────────
«                                                           
« q0_2: ────────────────────────────────────────────────────
«                                                           
« q0_3: ────────────────────────────────────────────────────
«                                                           
« q0_4: ────────────────────────────────────────────────────
«       ┌───────────┐                                       
« q0_5: ┤ Rz(y[55]) ├───────────────────────────────────────
«       ├───────────┤┌───────────┐                          
« q0_6: ┤ Ry(y[46]) ├┤ Rz(y[56]) ├──────────────────────────
«       └───────────┘├───────────┤┌───────────┐             
« q0_7: ──────■──────┤ Ry(y[47]) ├┤ Rz(y[57]) ├─────────────
«           ┌─┴─┐    └───────────┘├───────────┤┌───────────┐
« q0_8: ────┤ X ├──────────■──────┤ Ry(y[48]) ├┤ Rz(y[58]) ├
«           └───┘        ┌─┴─┐    ├───────────┤├───────────┤
« q0_9: ─────────────────┤ X ├────┤ Ry(y[49]) ├┤ Rz(y[59]) ├
«                        └───┘    └───────────┘└───────────┘
«c0: 10/════════════════════════════════════════════════════
«                                                           
ansatz-state is written to ansatz.txt
building constraints...
number of constraints= 100
unique pauliops 190
graphclique-cliquecover: 190 with commutationmode qubitwise
strategy largest_first 99
strategy random_sequential 102
strategy smallest_last 99
strategy independent_set 104
strategy connected_sequential_bfs 99
strategy connected_sequential_dfs 99
strategy saturation_largest_first 99
number of cliques 99
clique 0 ['IIIIIIIIIX', 'IZXXXXXXXX', 'IIIIIIIIXI', 'IIIIIIIXII', 'IIIIIIXIII', 'IIIIIXIIII', 'IIIIXIIIII', 'IIIXIIIIII', 'IIXIIIIIII', 'ZZIIIIIIII']
clique 1 ['IIIIIIIIIY', 'IZXXXXXXXY']
clique 2 ['ZXXXXXXXXX', 'IXIIIIIIII']
clique 3 ['IYXXXXXXXY', 'ZYIIIIIIII']
clique 4 ['IYXXXXXXXX']
clique 5 ['ZXXXXXXXXY']
clique 6 ['IIIIIIIIIZ', 'IZXXXXXXXZ']
clique 7 ['ZXXXXXXXXZ']
clique 8 ['IYXXXXXXXZ']
clique 9 ['IIZXXXXXXX', 'IZZIIIIIII']
clique 10 ['IIZXXXXXXY', 'ZXZIIIIIII']
clique 11 ['IIYXXXXXXY', 'IZYIIIIIII']
clique 12 ['IIYXXXXXXX', 'IYYIIIIIII']
clique 13 ['IIZXXXXXXZ', 'IYZIIIIIII']
clique 14 ['IIIIIIIIYY', 'IZXXXXXXYI']
clique 15 ['IIYXXXXXXZ', 'ZXYIIIIIII']
clique 16 ['IIIIIIIIYX', 'IYXXXXXXYI']
clique 17 ['IIIIIIIIYZ', 'ZXXXXXXXYI']
clique 18 ['IIIIIIIIZX', 'IZXXXXXXZI']
clique 19 ['IIIIIIIIZY', 'ZXXXXXXXZI']
clique 20 ['IIIIIIIIZZ', 'IYXXXXXXZI']
clique 21 ['IIZXXXXXYI']
clique 22 ['IIYXXXXXYI']
clique 23 ['IIZXXXXXZI']
clique 24 ['IIYXXXXXZI']
clique 25 ['IIIZXXXXXX', 'IZXZIIIIII']
clique 26 ['IIIZXXXXXY', 'ZXXZIIIIII']
clique 27 ['IIIYXXXXXY', 'IZXYIIIIII']
clique 28 ['IIIYXXXXXX', 'IYXYIIIIII']
clique 29 ['IIIZXXXXXZ', 'IYXZIIIIII']
clique 30 ['IIIYXXXXXZ', 'ZXXYIIIIII']
clique 31 ['IIIIIIIYXY', 'IZXXXXXYII']
clique 32 ['IIIIIIIYXX', 'IYXXXXXYII']
clique 33 ['IIIIIIIYXZ', 'ZXXXXXXYII']
clique 34 ['IIIIIIIZXX', 'IZXXXXXZII']
clique 35 ['IIIIIIIZXY', 'ZXXXXXXZII']
clique 36 ['IIIIIIIZXZ', 'IYXXXXXZII']
clique 37 ['IIIZXXXXYI', 'IIZZIIIIII']
clique 38 ['IIIYXXXXYI', 'IIZYIIIIII']
clique 39 ['IIIZXXXXZI', 'IIYZIIIIII']
clique 40 ['IIIIIIIYYI', 'IIZXXXXYII']
clique 41 ['IIIYXXXXZI', 'IIYYIIIIII']
clique 42 ['IIIIIIIYZI', 'IIYXXXXYII']
clique 43 ['IIIIIIIZYI', 'IIZXXXXZII']
clique 44 ['IIIIIIIZZI', 'IIYXXXXZII']
clique 45 ['IIIIZXXXXX', 'IZXXZIIIII']
clique 46 ['IIIIZXXXXY', 'ZXXXZIIIII']
clique 47 ['IIIIYXXXXY', 'IZXXYIIIII']
clique 48 ['IIIIYXXXXX', 'IYXXYIIIII']
clique 49 ['IIIIZXXXXZ', 'IYXXZIIIII']
clique 50 ['IIIIYXXXXZ', 'ZXXXYIIIII']
clique 51 ['IIIZXXXYII']
clique 52 ['IIIYXXXYII']
clique 53 ['IIIZXXXZII']
clique 54 ['IIIYXXXZII']
clique 55 ['IIIIIIYXXY', 'IZXXXXYIII']
clique 56 ['IIIIIIYXXX', 'IYXXXXYIII']
clique 57 ['IIIIIIYXXZ', 'ZXXXXXYIII']
clique 58 ['IIIIIIZXXX', 'IZXXXXZIII']
clique 59 ['IIIIIIZXXY', 'ZXXXXXZIII']
clique 60 ['IIIIIIZXXZ', 'IYXXXXZIII']
clique 61 ['IIIIZXXXYI', 'IIZXZIIIII']
clique 62 ['IIIIYXXXYI', 'IIZXYIIIII']
clique 63 ['IIIIZXXXZI', 'IIYXZIIIII']
clique 64 ['IIIIYXXXZI', 'IIYXYIIIII']
clique 65 ['IIIIIIYXYI', 'IIZXXXYIII']
clique 66 ['IIIIIIYXZI', 'IIYXXXYIII']
clique 67 ['IIIIIIZXYI', 'IIZXXXZIII']
clique 68 ['IIIIIIZXZI', 'IIYXXXZIII']
clique 69 ['IIIIZXXYII', 'IIIZZIIIII']
clique 70 ['IIIIYXXYII', 'IIIZYIIIII']
clique 71 ['IIIIZXXZII', 'IIIYZIIIII']
clique 72 ['IIIIIIYYII', 'IIIZXXYIII']
clique 73 ['IIIIYXXZII', 'IIIYYIIIII']
clique 74 ['IIIIIIYZII', 'IIIYXXYIII']
clique 75 ['IIIIIIZYII', 'IIIZXXZIII']
clique 76 ['IIIIIIZZII', 'IIIYXXZIII']
clique 77 ['IIIIIZXXXX', 'IZXXXZIIII']
clique 78 ['IIIIIZXXXY', 'ZXXXXZIIII']
clique 79 ['IIIIIYXXXY', 'IZXXXYIIII']
clique 80 ['IIIIIYXXXX', 'IYXXXYIIII']
clique 81 ['IIIIIZXXXZ', 'IYXXXZIIII']
clique 82 ['IIIIIYXXXZ', 'ZXXXXYIIII']
clique 83 ['IIIIIZXXYI', 'IIZXXZIIII']
clique 84 ['IIIIIYXXYI', 'IIZXXYIIII']
clique 85 ['IIIIIZXXZI', 'IIYXXZIIII']
clique 86 ['IIIIIYXXZI', 'IIYXXYIIII']
clique 87 ['IIIIZXYIII']
clique 88 ['IIIIYXYIII']
clique 89 ['IIIIZXZIII']
clique 90 ['IIIIYXZIII']
clique 91 ['IIIIIZXYII', 'IIIZXZIIII']
clique 92 ['IIIIIYXYII', 'IIIZXYIIII']
clique 93 ['IIIIIZXZII', 'IIIYXZIIII']
clique 94 ['IIIIIYXZII', 'IIIYXYIIII']
clique 95 ['IIIIIZYIII', 'IIIIZZIIII']
clique 96 ['IIIIIYYIII', 'IIIIZYIIII']
clique 97 ['IIIIIZZIII', 'IIIIYZIIII']
clique 98 ['IIIIIYZIII', 'IIIIYYIIII']
