GS energy with  DMRG -14.76627443297113
N= 10.000000000000004
E= -14.76627443297113
D= [[ 5.00000000e-01+0.j -3.01162600e-13+0.j  4.20049756e-01+0.j
  -2.22821037e-13+0.j  1.43604746e-14+0.j  1.15154381e-14+0.j
  -1.69644913e-01+0.j  8.88579378e-14+0.j -2.77252180e-15+0.j
  -1.06060236e-14+0.j  1.13612483e-01+0.j -5.52278620e-14+0.j
  -1.30529268e-14+0.j  1.05708432e-14+0.j -9.02593228e-02+0.j
   4.01366001e-14+0.j -7.32400252e-15+0.j -7.22265257e-15+0.j
   7.90951304e-02+0.j -3.00130616e-14+0.j]
 [-3.01111212e-13+0.j  5.00000000e-01+0.j  2.21346758e-13+0.j
   4.20049769e-01+0.j  8.98372546e-15+0.j  1.80402568e-14+0.j
  -8.84635590e-14+0.j -1.69644919e-01+0.j -7.11525900e-15+0.j
  -8.16707812e-15+0.j  5.77393697e-14+0.j  1.13612660e-01+0.j
   9.17572006e-15+0.j -1.31750513e-13+0.j -4.23181419e-14+0.j
  -9.02597127e-02+0.j -6.82212845e-15+0.j -8.00939176e-14+0.j
   3.36053756e-14+0.j  7.90951965e-02+0.j]
 [ 4.20049756e-01+0.j  2.21365764e-13+0.j  5.00000000e-01+0.j
   2.20317100e-13+0.j  2.44638157e-01+0.j  1.72571554e-15+0.j
   2.92938633e-13+0.j -8.60889430e-14+0.j -5.25418624e-02+0.j
  -1.92816830e-15+0.j -1.94295941e-13+0.j  5.81955613e-14+0.j
   2.04337624e-02+0.j  2.52813018e-15+0.j  1.39784966e-13+0.j
  -4.73822046e-14+0.j -7.78904331e-03+0.j -2.89013565e-16+0.j
  -1.67792253e-13+0.j  4.22493704e-14+0.j]
 [-2.22829093e-13+0.j  4.20049769e-01+0.j  2.20346522e-13+0.j
   5.00000000e-01+0.j  5.05801555e-16+0.j  2.44638154e-01+0.j
  -8.43910055e-14+0.j  2.28775630e-13+0.j  7.53068258e-16+0.j
  -5.25418413e-02+0.j  5.62742702e-14+0.j -1.29461844e-13+0.j
  -1.38324585e-15+0.j  2.04340383e-02+0.j -4.56555078e-14+0.j
   1.71337784e-13+0.j  1.53448260e-15+0.j -7.78915238e-03+0.j
   4.06786204e-14+0.j -9.11805645e-14+0.j]
 [ 1.43739187e-14+0.j  8.94345058e-15+0.j  2.44638157e-01+0.j
   5.00527788e-16+0.j  5.00000000e-01+0.j -2.37450426e-14+0.j
   3.68901810e-01+0.j  8.83785789e-16+0.j  5.44356227e-15+0.j
   1.24947970e-14+0.j -1.50691546e-01+0.j -4.58540414e-15+0.j
   1.22961537e-14+0.j -1.10801357e-14+0.j  1.06793513e-01+0.j
   7.05082306e-15+0.j  1.13134328e-14+0.j  7.77630772e-15+0.j
  -9.02600089e-02+0.j -1.15593037e-14+0.j]
 [ 1.14885810e-14+0.j  1.80298484e-14+0.j  1.72564153e-15+0.j
   2.44638154e-01+0.j -2.36462704e-14+0.j  5.00000000e-01+0.j
  -3.54206906e-15+0.j  3.68901789e-01+0.j  9.08745830e-15+0.j
   8.06993361e-15+0.j  3.20631961e-15+0.j -1.50691452e-01+0.j
  -9.83408350e-15+0.j -7.31827793e-14+0.j -6.41967721e-15+0.j
   1.06793601e-01+0.j  6.46890827e-15+0.j -3.66477682e-14+0.j
   8.73574107e-15+0.j -9.02594929e-02+0.j]
 [-1.69644913e-01+0.j -8.84448584e-14+0.j  2.92884749e-13+0.j
  -8.43778548e-14+0.j  3.68901810e-01+0.j -3.56408296e-15+0.j
   5.00000000e-01+0.j  4.96062416e-14+0.j  2.65844008e-01+0.j
   3.92130225e-15+0.j  6.38466060e-14+0.j -2.95505405e-14+0.j
  -6.05992546e-02+0.j -3.25802252e-15+0.j -9.75307075e-14+0.j
   2.50706370e-14+0.j  2.04343039e-02+0.j  6.33182841e-16+0.j
   1.35919108e-14+0.j -2.41962232e-14+0.j]
 [ 8.89077615e-14+0.j -1.69644919e-01+0.j -8.60989088e-14+0.j
   2.28740638e-13+0.j  9.07136794e-16+0.j  3.68901789e-01+0.j
   4.96095979e-14+0.j  5.00000000e-01+0.j -2.33294855e-16+0.j
   2.65843997e-01+0.j -2.65869618e-14+0.j  5.16811528e-14+0.j
   2.17809095e-15+0.j -6.05993116e-02+0.j  2.29450175e-14+0.j
  -3.86438928e-14+0.j -1.47416008e-15+0.j  2.04338924e-02+0.j
  -2.16033400e-14+0.j  3.07547378e-14+0.j]
 [-2.69619396e-15+0.j -7.04684016e-15+0.j -5.25418624e-02+0.j
   7.55549818e-16+0.j  5.45180220e-15+0.j  9.11869242e-15+0.j
   2.65844008e-01+0.j -2.12225979e-16+0.j  5.00000000e-01+0.j
  -1.97180843e-14+0.j  3.60953121e-01+0.j  4.28516786e-15+0.j
   7.41681022e-15+0.j  1.26175952e-14+0.j -1.50691549e-01+0.j
  -6.67663621e-15+0.j  1.24249569e-14+0.j -7.82211915e-15+0.j
   1.13612552e-01+0.j  7.80733125e-15+0.j]
 [-1.05818819e-14+0.j -8.09161765e-15+0.j -1.93041456e-15+0.j
  -5.25418413e-02+0.j  1.25529545e-14+0.j  8.04044331e-15+0.j
   3.92272838e-15+0.j  2.65843997e-01+0.j -1.97104243e-14+0.j
   5.00000000e-01+0.j -6.06821210e-15+0.j  3.60953122e-01+0.j
   1.21562042e-14+0.j  2.36616282e-15+0.j  8.42412958e-15+0.j
  -1.50691624e-01+0.j -7.44167520e-15+0.j  4.47558657e-16+0.j
  -1.06997789e-14+0.j  1.13612377e-01+0.j]
 [ 1.13612483e-01+0.j  5.77875351e-14+0.j -1.94261382e-13+0.j
   5.62679971e-14+0.j -1.50691546e-01+0.j  3.19958410e-15+0.j
   6.38520270e-14+0.j -2.65544186e-14+0.j  3.60953121e-01+0.j
  -6.01331268e-15+0.j  5.00000000e-01+0.j  2.87840362e-14+0.j
   2.65844013e-01+0.j  4.75610417e-15+0.j  3.62054137e-14+0.j
  -2.31274972e-14+0.j -5.25418523e-02+0.j -4.28022086e-15+0.j
  -3.53211926e-14+0.j  2.35836926e-14+0.j]
 [-5.52685122e-14+0.j  1.13612660e-01+0.j  5.82020084e-14+0.j
  -1.29441678e-13+0.j -4.60606411e-15+0.j -1.50691452e-01+0.j
  -2.95577320e-14+0.j  5.16614204e-14+0.j  4.25261611e-15+0.j
   3.60953122e-01+0.j  2.88155629e-14+0.j  5.00000000e-01+0.j
  -4.39574127e-15+0.j  2.65844030e-01+0.j -2.30237575e-14+0.j
   2.24203251e-14+0.j  3.04293985e-15+0.j -5.25418686e-02+0.j
   2.24818663e-14+0.j -2.10728608e-14+0.j]
 [-1.31166779e-14+0.j  9.17171900e-15+0.j  2.04337624e-02+0.j
  -1.38692243e-15+0.j  1.24119465e-14+0.j -9.79148757e-15+0.j
  -6.05992546e-02+0.j  2.17565412e-15+0.j  7.47795922e-15+0.j
   1.21439670e-14+0.j  2.65844013e-01+0.j -4.34230410e-15+0.j
   5.00000000e-01+0.j -1.75839197e-14+0.j  3.68901800e-01+0.j
   7.13114483e-15+0.j -1.65839564e-15+0.j  8.67085714e-15+0.j
  -1.69644894e-01+0.j -9.85631229e-15+0.j]
 [ 1.05809492e-14+0.j -1.31724492e-13+0.j  2.52865825e-15+0.j
   2.04340383e-02+0.j -1.10837184e-14+0.j -7.31064514e-14+0.j
  -3.25580353e-15+0.j -6.05993116e-02+0.j  1.25554318e-14+0.j
   2.37310172e-15+0.j  4.75681566e-15+0.j  2.65844030e-01+0.j
  -1.76175466e-14+0.j  5.00000000e-01+0.j -7.57762349e-15+0.j
   3.68901816e-01+0.j  8.49754245e-15+0.j -1.38777878e-16+0.j
   1.04325851e-14+0.j -1.69644893e-01+0.j]
 [-9.02593228e-02+0.j -4.23583684e-14+0.j  1.39765722e-13+0.j
  -4.56520483e-14+0.j  1.06793513e-01+0.j -6.42320121e-15+0.j
  -9.75053913e-14+0.j  2.29238017e-14+0.j -1.50691549e-01+0.j
   8.42210233e-15+0.j  3.59742618e-14+0.j -2.29791655e-14+0.j
   3.68901800e-01+0.j -7.41609258e-15+0.j  5.00000000e-01+0.j
   3.23069822e-14+0.j  2.44638158e-01+0.j  4.44761942e-15+0.j
   3.44910732e-14+0.j -2.92302305e-14+0.j]
 [ 4.01781737e-14+0.j -9.02597127e-02+0.j -4.73868635e-14+0.j
   1.71311336e-13+0.j  6.99737600e-15+0.j  1.06793601e-01+0.j
   2.50842440e-14+0.j -3.86479043e-14+0.j -6.68606403e-15+0.j
  -1.50691624e-01+0.j -2.31387736e-14+0.j  2.24903104e-14+0.j
   7.23621688e-15+0.j  3.68901816e-01+0.j  3.23647673e-14+0.j
   5.00000000e-01+0.j -4.07887579e-15+0.j  2.44638157e-01+0.j
  -2.89218136e-14+0.j  1.81563591e-14+0.j]
 [-7.31619626e-15+0.j -6.82254229e-15+0.j -7.78904331e-03+0.j
   1.53488561e-15+0.j  1.13004224e-14+0.j  6.47411697e-15+0.j
   2.04343039e-02+0.j -1.47061906e-15+0.j  1.24232222e-14+0.j
  -7.44596993e-15+0.j -5.25418523e-02+0.j  3.04081941e-15+0.j
  -1.67834496e-15+0.j  8.46003143e-15+0.j  2.44638158e-01+0.j
  -4.07480364e-15+0.j  5.00000000e-01+0.j -1.36552872e-14+0.j
   4.20049755e-01+0.j  8.94136317e-15+0.j]
 [-7.21926570e-15+0.j -8.01025912e-14+0.j -2.89000753e-16+0.j
  -7.78915238e-03+0.j  7.76110919e-15+0.j -3.66859321e-14+0.j
   6.31219528e-16+0.j  2.04338924e-02+0.j -7.82349375e-15+0.j
   4.26741975e-16+0.j -4.27833796e-15+0.j -5.25418686e-02+0.j
   8.68910787e-15+0.j -1.11022302e-16+0.j  4.44893212e-15+0.j
   2.44638157e-01+0.j -1.37163902e-14+0.j  5.00000000e-01+0.j
  -9.17286841e-15+0.j  4.20049744e-01+0.j]
 [ 7.90951304e-02+0.j  3.36289014e-14+0.j -1.67777454e-13+0.j
   4.06769459e-14+0.j -9.02600089e-02+0.j  8.73683755e-15+0.j
   1.35770572e-14+0.j -2.15851388e-14+0.j  1.13612552e-01+0.j
  -1.07015540e-14+0.j -3.51591586e-14+0.j  2.24515017e-14+0.j
  -1.69644894e-01+0.j  1.03553638e-14+0.j  3.45331402e-14+0.j
  -2.88784577e-14+0.j  4.20049755e-01+0.j -9.25489456e-15+0.j
   5.00000000e-01+0.j  4.45606186e-14+0.j]
 [-3.00414505e-14+0.j  7.90951965e-02+0.j  4.22531341e-14+0.j
  -9.11570941e-14+0.j -1.15276130e-14+0.j -9.02594929e-02+0.j
  -2.42073436e-14+0.j  3.07652648e-14+0.j  7.82166458e-15+0.j
   1.13612377e-01+0.j  2.35911571e-14+0.j -2.11104852e-14+0.j
  -9.93977866e-15+0.j -1.69644893e-01+0.j -2.92697440e-14+0.j
   1.82035037e-14+0.j  8.96594655e-15+0.j  4.20049744e-01+0.j
   4.45930940e-14+0.j  5.00000000e-01+0.j]]
W= [0.19162834+0.j 0.20984444+0.j 0.21024955+0.j 0.21239985+0.j
 0.21238177+0.j 0.21238176+0.j 0.21239984+0.j 0.21024955+0.j
 0.20984444+0.j 0.19162834+0.j]
local approximation with  1 sites
local interactions on sites [[0], [1], [2], [3], [4], [5], [6], [7], [8], [9]]
Functional for interaction on sites [0]
aca-directory for images already exists
aca-directory for images already exists
aca-directory for images already exists
interacting orbitals: [0, 1]
mapping: [0, 1, 2, 3, 4, 5, 6, 7, 8, 9, 10, 11, 12, 13, 14, 15, 16, 17, 18, 19]
aca-directory for images already exists
aca-directory for images already exists
aca-directory for images already exists
orbinteractaca= [0, 1]
aca-directory for images already exists
aca-directory for images already exists
aca-directory for images already exists
aca-directory for images already exists
aca-directory for images already exists
aca-directory for images already exists
aca-directory for images already exists
aca-directory for images already exists
aca-directory for images already exists
aca-directory for images already exists
aca-directory for images already exists
aca-directory for images already exists
aca-directory for images already exists
aca-directory for images already exists
aca-directory for images already exists
aca-directory for images already exists
aca-directory for images already exists
aca-directory for images already exists
aca-directory for images already exists
aca-directory for images already exists
aca-directory for images already exists
aca-directory for images already exists
aca-directory for images already exists
aca-directory for images already exists
aca-directory for images already exists
aca-directory for images already exists
aca-directory for images already exists
aca-directory for images already exists
aca-directory for images already exists
aca-directory for images already exists
aca-directory for images already exists
aca-directory for images already exists
aca-directory for images already exists
aca-directory for images already exists
aca-directory for images already exists
aca-directory for images already exists
aca-directory for images already exists
aca-directory for images already exists
aca-directory for images already exists
aca-directory for images already exists
aca-directory for images already exists
aca-directory for images already exists
aca-directory for images already exists
aca-directory for images already exists
aca-directory for images already exists
aca-directory for images already exists
aca-directory for images already exists
aca-directory for images already exists
aca-directory for images already exists
aca-directory for images already exists
aca-directory for images already exists
aca-directory for images already exists
aca-directory for images already exists
aca-directory for images already exists
aca-directory for images already exists
aca-directory for images already exists
aca-directory for images already exists
aca: level 9  norb= 20
Daca= [[ 5.00000000e-01+0.j -3.01162600e-13+0.j -4.82215486e-01+0.j
  -5.23838721e-29+0.j  1.66198520e-30+0.j -1.84973113e-31+0.j
   1.68930354e-17+0.j  1.83707556e-30+0.j -4.10107235e-32+0.j
   2.97089813e-30+0.j -1.37744333e-18+0.j  2.13564538e-30+0.j
   2.47343136e-30+0.j  1.27056705e-31+0.j  1.81907424e-17+0.j
   3.61626354e-30+0.j  1.66707334e-31+0.j  3.81804435e-31+0.j
   4.23718521e-18+0.j  1.36704966e-30+0.j]
 [-3.01111212e-13+0.j  5.00000000e-01+0.j -1.66257311e-16+0.j
  -4.82215625e-01+0.j  1.77585601e-30+0.j  1.04828035e-30+0.j
  -9.89926236e-31+0.j -1.23352689e-18+0.j  1.23903679e-30+0.j
  -6.94759399e-31+0.j  1.98520677e-30+0.j  4.17372120e-18+0.j
   2.40147353e-30+0.j -9.89410097e-30+0.j  6.91801710e-30+0.j
  -2.34763930e-17+0.j -9.73813649e-33+0.j -3.58005824e-30+0.j
   9.65413909e-30+0.j  5.55125691e-18+0.j]
 [-4.82215486e-01+0.j -1.98970894e-16+0.j  5.00000000e-01+0.j
   2.97158864e-13+0.j  1.60865943e-02+0.j  6.34124449e-31+0.j
  -1.47127055e-32+0.j  2.30903648e-32+0.j -8.84369225e-19+0.j
  -1.36882655e-31+0.j -4.33361655e-31+0.j -1.10126700e-31+0.j
   2.00964575e-19+0.j -5.86360076e-31+0.j  2.79378607e-30+0.j
  -1.63028743e-31+0.j -3.29613390e-19+0.j  4.82346812e-32+0.j
  -4.71012455e-42+0.j  4.93038066e-32+0.j]
 [ 4.65610574e-17+0.j -4.82215625e-01+0.j  2.97211797e-13+0.j
   5.00000000e-01+0.j -1.03592514e-15+0.j  1.60864533e-02+0.j
  -8.09831689e-32+0.j -1.82356542e-30+0.j -1.11354986e-31+0.j
   3.92688943e-19+0.j -1.61107122e-31+0.j -4.56243510e-30+0.j
  -1.51459811e-31+0.j  5.68931564e-19+0.j -1.39840444e-31+0.j
  -1.09776635e-29+0.j  7.71844424e-32+0.j -2.35774586e-19+0.j
   1.33878384e-40+0.j  0.00000000e+00+0.j]
 [ 1.34441069e-17+0.j -4.02748813e-17+0.j  1.60865943e-02+0.j
  -1.02611011e-15+0.j  5.00000000e-01+0.j -1.30443354e-13+0.j
   4.80797740e-01+0.j  4.43890045e-29+0.j  2.76077812e-29+0.j
  -2.07003989e-30+0.j -5.69896106e-17+0.j  1.52167425e-29+0.j
  -3.50096119e-29+0.j  4.82938774e-30+0.j  4.73343267e-17+0.j
   4.29824996e-30+0.j -1.43269860e-28+0.j -1.78094061e-30+0.j
  -6.28219858e-17+0.j -7.30122211e-31+0.j]
 [-2.68571095e-17+0.j -1.04083409e-17+0.j  1.14793802e-17+0.j
   1.60864533e-02+0.j -1.30396792e-13+0.j  5.00000000e-01+0.j
   7.06088817e-16+0.j  4.80797551e-01+0.j -1.73945588e-30+0.j
  -3.63657369e-29+0.j  1.09101470e-29+0.j -3.09044156e-17+0.j
   2.04587285e-30+0.j -5.88410711e-28+0.j  1.65008082e-29+0.j
   5.58399857e-17+0.j -1.87756451e-30+0.j -1.15086814e-28+0.j
  -1.32638082e-29+0.j -6.14300072e-17+0.j]
 [ 4.28906928e-16+0.j  2.84250734e-17+0.j  7.77894307e-17+0.j
  -2.70537121e-18+0.j  4.80797740e-01+0.j  7.36931287e-16+0.j
   5.00000000e-01+0.j  1.31786384e-13+0.j  8.42230263e-03+0.j
  -1.27956225e-31+0.j -1.03688129e-31+0.j -2.55754594e-32+0.j
   6.27736415e-20+0.j -5.42223320e-31+0.j  3.57610345e-30+0.j
  -1.99990931e-31+0.j -2.21296018e-19+0.j -1.61343082e-31+0.j
   3.15544362e-30+0.j -3.94430453e-31+0.j]
 [ 3.95545022e-17+0.j  3.23553622e-16+0.j  8.39333249e-18+0.j
   9.64648835e-17+0.j  2.38854930e-17+0.j  4.80797551e-01+0.j
   1.31867940e-13+0.j  5.00000000e-01+0.j  1.69525812e-15+0.j
   8.42240578e-03+0.j -3.86029251e-32+0.j  2.29276364e-29+0.j
   3.04206962e-31+0.j  1.52500970e-18+0.j -1.48222978e-31+0.j
   2.71826098e-29+0.j -4.56290457e-31+0.j -1.89472219e-18+0.j
   3.94430415e-31+0.j  0.00000000e+00+0.j]
 [ 7.63278329e-17+0.j  6.84188433e-17+0.j  1.11662664e-16+0.j
   9.07254259e-19+0.j  1.01062006e-17+0.j -2.14910821e-17+0.j
   8.42230263e-03+0.j  1.78497740e-15+0.j  5.00000000e-01+0.j
  -2.24209714e-13+0.j  4.88995526e-01+0.j  9.96744186e-29+0.j
  -4.73133611e-28+0.j -4.56634426e-30+0.j -1.12643623e-16+0.j
   9.92916673e-29+0.j -7.25878076e-28+0.j  1.52238841e-29+0.j
   1.74802952e-16+0.j -7.32039728e-29+0.j]
 [ 2.41417412e-17+0.j  7.54604712e-17+0.j  1.43567438e-17+0.j
   5.63096153e-17+0.j -7.92379516e-17+0.j -4.46709656e-17+0.j
   5.48450277e-17+0.j  8.42240578e-03+0.j -2.24190800e-13+0.j
   5.00000000e-01+0.j -2.27669075e-15+0.j  4.88995590e-01+0.j
  -6.76292220e-30+0.j  2.07161789e-28+0.j -8.02097032e-30+0.j
  -2.24956662e-17+0.j -4.76762881e-31+0.j  7.93559546e-28+0.j
   1.97941343e-29+0.j  2.03862091e-17+0.j]
 [-1.07853570e-16+0.j  4.16528933e-17+0.j  5.65217282e-17+0.j
   1.69633784e-17+0.j  6.79104797e-17+0.j  2.55561588e-17+0.j
  -1.61837099e-16+0.j  2.19540512e-18+0.j  4.88995526e-01+0.j
  -2.26852421e-15+0.j  5.00000000e-01+0.j  2.26287592e-13+0.j
   3.20471357e-03+0.j  3.85417786e-32+0.j  2.37730521e-29+0.j
  -9.41261641e-32+0.j  4.73309837e-19+0.j -1.21281703e-31+0.j
   6.31088724e-30+0.j -2.95822839e-31+0.j]
 [-3.37729028e-17+0.j -8.30509789e-17+0.j -1.81236822e-17+0.j
  -4.41817009e-17+0.j  8.80537679e-20+0.j -2.86561172e-16+0.j
   1.04378993e-17+0.j  6.38977666e-17+0.j  6.60542130e-17+0.j
   4.88995590e-01+0.j  2.26293889e-13+0.j  5.00000000e-01+0.j
   4.26862970e-16+0.j  3.20488491e-03+0.j -1.11567691e-32+0.j
  -2.86724713e-30+0.j  8.01097375e-32+0.j  2.90262748e-19+0.j
   1.97215237e-31+0.j  0.00000000e+00+0.j]
 [-6.37510877e-17+0.j -4.00105752e-18+0.j -1.06534841e-16+0.j
  -4.30826974e-17+0.j -9.26207820e-17+0.j -7.10348359e-17+0.j
   6.38518737e-17+0.j  7.86333659e-17+0.j -1.11820338e-16+0.j
   1.63716640e-17+0.j  3.20471357e-03+0.j  4.34603232e-16+0.j
   5.00000000e-01+0.j -1.68305095e-13+0.j -4.92294276e-01+0.j
  -5.23956584e-30+0.j -9.16936887e-28+0.j -2.00320831e-30+0.j
  -3.29132077e-17+0.j -3.18885020e-31+0.j]
 [ 1.01060067e-17+0.j  2.60208521e-17+0.j -4.20077075e-17+0.j
  -8.06333685e-17+0.j  1.36500491e-17+0.j -1.00656040e-17+0.j
   8.23543029e-17+0.j  3.93138950e-18+0.j -2.34051001e-17+0.j
  -1.69834692e-17+0.j -1.45988751e-19+0.j  3.20488491e-03+0.j
  -1.68332741e-13+0.j  5.00000000e-01+0.j -2.17376728e-15+0.j
  -4.92294437e-01+0.j  9.07275281e-31+0.j  7.80896896e-28+0.j
  -2.51213426e-30+0.j  4.58077192e-17+0.j]
 [ 1.27012025e-16+0.j -3.50526466e-17+0.j  5.76998246e-17+0.j
  -2.97700624e-17+0.j  1.99989993e-16+0.j -4.24035556e-17+0.j
  -1.02070082e-16+0.j  3.86120811e-17+0.j -1.62059829e-16+0.j
   6.73252001e-17+0.j  6.15622592e-17+0.j -1.51563769e-17+0.j
  -4.92294276e-01+0.j -2.17160690e-15+0.j  5.00000000e-01+0.j
   1.68408923e-13+0.j -1.29268676e-03+0.j  1.74299969e-32+0.j
   3.15544362e-30+0.j  0.00000000e+00+0.j]
 [ 3.61098822e-17+0.j -2.03645156e-17+0.j  2.08674995e-17+0.j
   2.71988467e-17+0.j  2.56031794e-17+0.j  6.71998253e-17+0.j
  -1.66579304e-17+0.j -5.71120487e-17+0.j  4.31963382e-17+0.j
   1.50134439e-16+0.j  7.58731409e-18+0.j -8.12041901e-18+0.j
   2.61872807e-17+0.j -4.92294437e-01+0.j  1.68412898e-13+0.j
   5.00000000e-01+0.j  9.64498581e-16+0.j -1.29269977e-03+0.j
   2.46518235e-32+0.j  0.00000000e+00+0.j]
 [ 7.80625564e-18+0.j -4.13836858e-19+0.j  6.96978026e-17+0.j
   5.84300643e-18+0.j  5.80070263e-17+0.j  2.88427240e-17+0.j
  -1.42010654e-16+0.j  1.61302187e-17+0.j -6.73115328e-18+0.j
  -6.14375207e-17+0.j  1.46891713e-16+0.j -3.23532495e-17+0.j
  -8.90783262e-17+0.j  1.39356775e-17+0.j -1.29268676e-03+0.j
   9.25586187e-16+0.j  5.00000000e-01+0.j -1.23233943e-13+0.j
  -4.93673485e-01+0.j  0.00000000e+00+0.j]
 [ 3.38686656e-18+0.j -8.67361738e-18+0.j -1.48465793e-17+0.j
   4.35711989e-17+0.j -2.05747232e-17+0.j -4.98324885e-17+0.j
   7.34508044e-17+0.j  4.37344344e-19+0.j  6.30037628e-17+0.j
   5.99275793e-18+0.j -9.12199967e-17+0.j  2.87226088e-17+0.j
   3.06887774e-17+0.j -9.56549470e-17+0.j  1.78586287e-17+0.j
  -1.29269977e-03+0.j -1.23260072e-13+0.j  5.00000000e-01+0.j
   8.50558137e-16+0.j  4.93673318e-01+0.j]
 [-7.84309018e-17+0.j  1.89918261e-17+0.j -2.83722152e-18+0.j
   2.09998458e-17+0.j -1.46088713e-16+0.j -2.03883847e-19+0.j
   1.22856167e-16+0.j -1.71820214e-17+0.j  1.08243507e-16+0.j
   2.61151499e-17+0.j -9.45318944e-17+0.j  2.15524590e-17+0.j
  -1.66065143e-17+0.j  5.60721371e-17+0.j  8.14587913e-17+0.j
  -9.84881884e-18+0.j -4.93673485e-01+0.j  7.84304428e-16+0.j
   5.00000000e-01+0.j -1.23422969e-13+0.j]
 [-2.36010267e-17+0.j  4.57877924e-17+0.j -1.41692011e-17+0.j
  -1.76139377e-17+0.j -1.12531714e-17+0.j -6.19934531e-17+0.j
  -5.55813347e-18+0.j -3.95120932e-17+0.j -7.96359970e-18+0.j
  -7.39301759e-17+0.j  5.93839690e-18+0.j -5.56769454e-17+0.j
  -2.18833266e-17+0.j -6.43267540e-17+0.j -7.01621713e-18+0.j
  -7.29229324e-17+0.j  1.65428723e-17+0.j  4.93673318e-01+0.j
  -1.23432777e-13+0.j  5.00000000e-01+0.j]]
rounding Naca1 to integer
rounding Naca2 to integer
Naca= (5, 5)
nq= 20
variational state:
        ┌──────────┐┌───────────┐┌───┐     ┌───────────┐┌───────────┐»
 q0_0: ─┤ Ry(y[0]) ├┤ Rz(y[20]) ├┤ X ├──■──┤ Ry(y[40]) ├┤ Rz(y[60]) ├»
        ├──────────┤├───────────┤└─┬─┘┌─┴─┐└───────────┘├───────────┤»
 q0_1: ─┤ Ry(y[1]) ├┤ Rz(y[21]) ├──┼──┤ X ├──────■──────┤ Ry(y[41]) ├»
        ├──────────┤├───────────┤  │  └───┘    ┌─┴─┐    └───────────┘»
 q0_2: ─┤ Ry(y[2]) ├┤ Rz(y[22]) ├──┼───────────┤ X ├──────────■──────»
        ├──────────┤├───────────┤  │           └───┘        ┌─┴─┐    »
 q0_3: ─┤ Ry(y[3]) ├┤ Rz(y[23]) ├──┼────────────────────────┤ X ├────»
        ├──────────┤├───────────┤  │                        └───┘    »
 q0_4: ─┤ Ry(y[4]) ├┤ Rz(y[24]) ├──┼─────────────────────────────────»
        ├──────────┤├───────────┤  │                                 »
 q0_5: ─┤ Ry(y[5]) ├┤ Rz(y[25]) ├──┼─────────────────────────────────»
        ├──────────┤├───────────┤  │                                 »
 q0_6: ─┤ Ry(y[6]) ├┤ Rz(y[26]) ├──┼─────────────────────────────────»
        ├──────────┤├───────────┤  │                                 »
 q0_7: ─┤ Ry(y[7]) ├┤ Rz(y[27]) ├──┼─────────────────────────────────»
        ├──────────┤├───────────┤  │                                 »
 q0_8: ─┤ Ry(y[8]) ├┤ Rz(y[28]) ├──┼─────────────────────────────────»
        ├──────────┤├───────────┤  │                                 »
 q0_9: ─┤ Ry(y[9]) ├┤ Rz(y[29]) ├──┼─────────────────────────────────»
       ┌┴──────────┤├───────────┤  │                                 »
q0_10: ┤ Ry(y[10]) ├┤ Rz(y[30]) ├──┼─────────────────────────────────»
       ├───────────┤├───────────┤  │                                 »
q0_11: ┤ Ry(y[11]) ├┤ Rz(y[31]) ├──┼─────────────────────────────────»
       ├───────────┤├───────────┤  │                                 »
q0_12: ┤ Ry(y[12]) ├┤ Rz(y[32]) ├──┼─────────────────────────────────»
       ├───────────┤├───────────┤  │                                 »
q0_13: ┤ Ry(y[13]) ├┤ Rz(y[33]) ├──┼─────────────────────────────────»
       ├───────────┤├───────────┤  │                                 »
q0_14: ┤ Ry(y[14]) ├┤ Rz(y[34]) ├──┼─────────────────────────────────»
       ├───────────┤├───────────┤  │                                 »
q0_15: ┤ Ry(y[15]) ├┤ Rz(y[35]) ├──┼─────────────────────────────────»
       ├───────────┤├───────────┤  │                                 »
q0_16: ┤ Ry(y[16]) ├┤ Rz(y[36]) ├──┼─────────────────────────────────»
       ├───────────┤├───────────┤  │                                 »
q0_17: ┤ Ry(y[17]) ├┤ Rz(y[37]) ├──┼─────────────────────────────────»
       ├───────────┤├───────────┤  │                                 »
q0_18: ┤ Ry(y[18]) ├┤ Rz(y[38]) ├──┼─────────────────────────────────»
       ├───────────┤├───────────┤  │                                 »
q0_19: ┤ Ry(y[19]) ├┤ Rz(y[39]) ├──■─────────────────────────────────»
       └───────────┘└───────────┘                                    »
c0: 20/══════════════════════════════════════════════════════════════»
                                                                     »
«                                                                        »
« q0_0: ─────────────────────────────────────────────────────────────────»
«       ┌───────────┐                                                    »
« q0_1: ┤ Rz(y[61]) ├────────────────────────────────────────────────────»
«       ├───────────┤┌───────────┐                                       »
« q0_2: ┤ Ry(y[42]) ├┤ Rz(y[62]) ├───────────────────────────────────────»
«       └───────────┘├───────────┤┌───────────┐                          »
« q0_3: ──────■──────┤ Ry(y[43]) ├┤ Rz(y[63]) ├──────────────────────────»
«           ┌─┴─┐    └───────────┘├───────────┤┌───────────┐             »
« q0_4: ────┤ X ├──────────■──────┤ Ry(y[44]) ├┤ Rz(y[64]) ├─────────────»
«           └───┘        ┌─┴─┐    └───────────┘├───────────┤┌───────────┐»
« q0_5: ─────────────────┤ X ├──────────■──────┤ Ry(y[45]) ├┤ Rz(y[65]) ├»
«                        └───┘        ┌─┴─┐    └───────────┘├───────────┤»
« q0_6: ──────────────────────────────┤ X ├──────────■──────┤ Ry(y[46]) ├»
«                                     └───┘        ┌─┴─┐    └───────────┘»
« q0_7: ───────────────────────────────────────────┤ X ├──────────■──────»
«                                                  └───┘        ┌─┴─┐    »
« q0_8: ────────────────────────────────────────────────────────┤ X ├────»
«                                                               └───┘    »
« q0_9: ─────────────────────────────────────────────────────────────────»
«                                                                        »
«q0_10: ─────────────────────────────────────────────────────────────────»
«                                                                        »
«q0_11: ─────────────────────────────────────────────────────────────────»
«                                                                        »
«q0_12: ─────────────────────────────────────────────────────────────────»
«                                                                        »
«q0_13: ─────────────────────────────────────────────────────────────────»
«                                                                        »
«q0_14: ─────────────────────────────────────────────────────────────────»
«                                                                        »
«q0_15: ─────────────────────────────────────────────────────────────────»
«                                                                        »
«q0_16: ─────────────────────────────────────────────────────────────────»
«                                                                        »
«q0_17: ─────────────────────────────────────────────────────────────────»
«                                                                        »
«q0_18: ─────────────────────────────────────────────────────────────────»
«                                                                        »
«q0_19: ─────────────────────────────────────────────────────────────────»
«                                                                        »
«c0: 20/═════════════════════════════════════════════════════════════════»
«                                                                        »
«                                                                        »
« q0_0: ─────────────────────────────────────────────────────────────────»
«                                                                        »
« q0_1: ─────────────────────────────────────────────────────────────────»
«                                                                        »
« q0_2: ─────────────────────────────────────────────────────────────────»
«                                                                        »
« q0_3: ─────────────────────────────────────────────────────────────────»
«                                                                        »
« q0_4: ─────────────────────────────────────────────────────────────────»
«                                                                        »
« q0_5: ─────────────────────────────────────────────────────────────────»
«       ┌───────────┐                                                    »
« q0_6: ┤ Rz(y[66]) ├────────────────────────────────────────────────────»
«       ├───────────┤┌───────────┐                                       »
« q0_7: ┤ Ry(y[47]) ├┤ Rz(y[67]) ├───────────────────────────────────────»
«       └───────────┘├───────────┤┌───────────┐                          »
« q0_8: ──────■──────┤ Ry(y[48]) ├┤ Rz(y[68]) ├──────────────────────────»
«           ┌─┴─┐    └───────────┘├───────────┤┌───────────┐             »
« q0_9: ────┤ X ├──────────■──────┤ Ry(y[49]) ├┤ Rz(y[69]) ├─────────────»
«           └───┘        ┌─┴─┐    └───────────┘├───────────┤┌───────────┐»
«q0_10: ─────────────────┤ X ├──────────■──────┤ Ry(y[50]) ├┤ Rz(y[70]) ├»
«                        └───┘        ┌─┴─┐    └───────────┘├───────────┤»
«q0_11: ──────────────────────────────┤ X ├──────────■──────┤ Ry(y[51]) ├»
«                                     └───┘        ┌─┴─┐    └───────────┘»
«q0_12: ───────────────────────────────────────────┤ X ├──────────■──────»
«                                                  └───┘        ┌─┴─┐    »
«q0_13: ────────────────────────────────────────────────────────┤ X ├────»
«                                                               └───┘    »
«q0_14: ─────────────────────────────────────────────────────────────────»
«                                                                        »
«q0_15: ─────────────────────────────────────────────────────────────────»
«                                                                        »
«q0_16: ─────────────────────────────────────────────────────────────────»
«                                                                        »
«q0_17: ─────────────────────────────────────────────────────────────────»
«                                                                        »
«q0_18: ─────────────────────────────────────────────────────────────────»
«                                                                        »
«q0_19: ─────────────────────────────────────────────────────────────────»
«                                                                        »
«c0: 20/═════════════════════════════════════════════════════════════════»
«                                                                        »
«                                                                        »
« q0_0: ─────────────────────────────────────────────────────────────────»
«                                                                        »
« q0_1: ─────────────────────────────────────────────────────────────────»
«                                                                        »
« q0_2: ─────────────────────────────────────────────────────────────────»
«                                                                        »
« q0_3: ─────────────────────────────────────────────────────────────────»
«                                                                        »
« q0_4: ─────────────────────────────────────────────────────────────────»
«                                                                        »
« q0_5: ─────────────────────────────────────────────────────────────────»
«                                                                        »
« q0_6: ─────────────────────────────────────────────────────────────────»
«                                                                        »
« q0_7: ─────────────────────────────────────────────────────────────────»
«                                                                        »
« q0_8: ─────────────────────────────────────────────────────────────────»
«                                                                        »
« q0_9: ─────────────────────────────────────────────────────────────────»
«                                                                        »
«q0_10: ─────────────────────────────────────────────────────────────────»
«       ┌───────────┐                                                    »
«q0_11: ┤ Rz(y[71]) ├────────────────────────────────────────────────────»
«       ├───────────┤┌───────────┐                                       »
«q0_12: ┤ Ry(y[52]) ├┤ Rz(y[72]) ├───────────────────────────────────────»
«       └───────────┘├───────────┤┌───────────┐                          »
«q0_13: ──────■──────┤ Ry(y[53]) ├┤ Rz(y[73]) ├──────────────────────────»
«           ┌─┴─┐    └───────────┘├───────────┤┌───────────┐             »
«q0_14: ────┤ X ├──────────■──────┤ Ry(y[54]) ├┤ Rz(y[74]) ├─────────────»
«           └───┘        ┌─┴─┐    └───────────┘├───────────┤┌───────────┐»
«q0_15: ─────────────────┤ X ├──────────■──────┤ Ry(y[55]) ├┤ Rz(y[75]) ├»
«                        └───┘        ┌─┴─┐    └───────────┘├───────────┤»
«q0_16: ──────────────────────────────┤ X ├──────────■──────┤ Ry(y[56]) ├»
«                                     └───┘        ┌─┴─┐    └───────────┘»
«q0_17: ───────────────────────────────────────────┤ X ├──────────■──────»
«                                                  └───┘        ┌─┴─┐    »
«q0_18: ────────────────────────────────────────────────────────┤ X ├────»
«                                                               └───┘    »
«q0_19: ─────────────────────────────────────────────────────────────────»
«                                                                        »
«c0: 20/═════════════════════════════════════════════════════════════════»
«                                                                        »
«                                              ┌───┐     ┌───────────┐»
« q0_0: ───────────────────────────────────────┤ X ├──■──┤ Ry(y[80]) ├»
«                                              └─┬─┘┌─┴─┐└───────────┘»
« q0_1: ─────────────────────────────────────────┼──┤ X ├──────■──────»
«                                                │  └───┘    ┌─┴─┐    »
« q0_2: ─────────────────────────────────────────┼───────────┤ X ├────»
«                                                │           └───┘    »
« q0_3: ─────────────────────────────────────────┼────────────────────»
«                                                │                    »
« q0_4: ─────────────────────────────────────────┼────────────────────»
«                                                │                    »
« q0_5: ─────────────────────────────────────────┼────────────────────»
«                                                │                    »
« q0_6: ─────────────────────────────────────────┼────────────────────»
«                                                │                    »
« q0_7: ─────────────────────────────────────────┼────────────────────»
«                                                │                    »
« q0_8: ─────────────────────────────────────────┼────────────────────»
«                                                │                    »
« q0_9: ─────────────────────────────────────────┼────────────────────»
«                                                │                    »
«q0_10: ─────────────────────────────────────────┼────────────────────»
«                                                │                    »
«q0_11: ─────────────────────────────────────────┼────────────────────»
«                                                │                    »
«q0_12: ─────────────────────────────────────────┼────────────────────»
«                                                │                    »
«q0_13: ─────────────────────────────────────────┼────────────────────»
«                                                │                    »
«q0_14: ─────────────────────────────────────────┼────────────────────»
«                                                │                    »
«q0_15: ─────────────────────────────────────────┼────────────────────»
«       ┌───────────┐                            │                    »
«q0_16: ┤ Rz(y[76]) ├────────────────────────────┼────────────────────»
«       ├───────────┤┌───────────┐               │                    »
«q0_17: ┤ Ry(y[57]) ├┤ Rz(y[77]) ├───────────────┼────────────────────»
«       └───────────┘├───────────┤┌───────────┐  │                    »
«q0_18: ──────■──────┤ Ry(y[58]) ├┤ Rz(y[78]) ├──┼────────────────────»
«           ┌─┴─┐    ├───────────┤├───────────┤  │                    »
«q0_19: ────┤ X ├────┤ Ry(y[59]) ├┤ Rz(y[79]) ├──■────────────────────»
«           └───┘    └───────────┘└───────────┘                       »
«c0: 20/══════════════════════════════════════════════════════════════»
«                                                                     »
«       ┌────────────┐                                                        »
« q0_0: ┤ Rz(y[100]) ├────────────────────────────────────────────────────────»
«       ├───────────┬┘┌────────────┐                                          »
« q0_1: ┤ Ry(y[81]) ├─┤ Rz(y[101]) ├──────────────────────────────────────────»
«       └───────────┘ ├───────────┬┘┌────────────┐                            »
« q0_2: ──────■───────┤ Ry(y[82]) ├─┤ Rz(y[102]) ├────────────────────────────»
«           ┌─┴─┐     └───────────┘ ├───────────┬┘┌────────────┐              »
« q0_3: ────┤ X ├───────────■───────┤ Ry(y[83]) ├─┤ Rz(y[103]) ├──────────────»
«           └───┘         ┌─┴─┐     └───────────┘ ├───────────┬┘┌────────────┐»
« q0_4: ──────────────────┤ X ├───────────■───────┤ Ry(y[84]) ├─┤ Rz(y[104]) ├»
«                         └───┘         ┌─┴─┐     └───────────┘ ├───────────┬┘»
« q0_5: ────────────────────────────────┤ X ├───────────■───────┤ Ry(y[85]) ├─»
«                                       └───┘         ┌─┴─┐     └───────────┘ »
« q0_6: ──────────────────────────────────────────────┤ X ├───────────■───────»
«                                                     └───┘         ┌─┴─┐     »
« q0_7: ────────────────────────────────────────────────────────────┤ X ├─────»
«                                                                   └───┘     »
« q0_8: ──────────────────────────────────────────────────────────────────────»
«                                                                             »
« q0_9: ──────────────────────────────────────────────────────────────────────»
«                                                                             »
«q0_10: ──────────────────────────────────────────────────────────────────────»
«                                                                             »
«q0_11: ──────────────────────────────────────────────────────────────────────»
«                                                                             »
«q0_12: ──────────────────────────────────────────────────────────────────────»
«                                                                             »
«q0_13: ──────────────────────────────────────────────────────────────────────»
«                                                                             »
«q0_14: ──────────────────────────────────────────────────────────────────────»
«                                                                             »
«q0_15: ──────────────────────────────────────────────────────────────────────»
«                                                                             »
«q0_16: ──────────────────────────────────────────────────────────────────────»
«                                                                             »
«q0_17: ──────────────────────────────────────────────────────────────────────»
«                                                                             »
«q0_18: ──────────────────────────────────────────────────────────────────────»
«                                                                             »
«q0_19: ──────────────────────────────────────────────────────────────────────»
«                                                                             »
«c0: 20/══════════════════════════════════════════════════════════════════════»
«                                                                             »
«                                                                             »
« q0_0: ──────────────────────────────────────────────────────────────────────»
«                                                                             »
« q0_1: ──────────────────────────────────────────────────────────────────────»
«                                                                             »
« q0_2: ──────────────────────────────────────────────────────────────────────»
«                                                                             »
« q0_3: ──────────────────────────────────────────────────────────────────────»
«                                                                             »
« q0_4: ──────────────────────────────────────────────────────────────────────»
«       ┌────────────┐                                                        »
« q0_5: ┤ Rz(y[105]) ├────────────────────────────────────────────────────────»
«       ├───────────┬┘┌────────────┐                                          »
« q0_6: ┤ Ry(y[86]) ├─┤ Rz(y[106]) ├──────────────────────────────────────────»
«       └───────────┘ ├───────────┬┘┌────────────┐                            »
« q0_7: ──────■───────┤ Ry(y[87]) ├─┤ Rz(y[107]) ├────────────────────────────»
«           ┌─┴─┐     └───────────┘ ├───────────┬┘┌────────────┐              »
« q0_8: ────┤ X ├───────────■───────┤ Ry(y[88]) ├─┤ Rz(y[108]) ├──────────────»
«           └───┘         ┌─┴─┐     └───────────┘ ├───────────┬┘┌────────────┐»
« q0_9: ──────────────────┤ X ├───────────■───────┤ Ry(y[89]) ├─┤ Rz(y[109]) ├»
«                         └───┘         ┌─┴─┐     └───────────┘ ├───────────┬┘»
«q0_10: ────────────────────────────────┤ X ├───────────■───────┤ Ry(y[90]) ├─»
«                                       └───┘         ┌─┴─┐     └───────────┘ »
«q0_11: ──────────────────────────────────────────────┤ X ├───────────■───────»
«                                                     └───┘         ┌─┴─┐     »
«q0_12: ────────────────────────────────────────────────────────────┤ X ├─────»
«                                                                   └───┘     »
«q0_13: ──────────────────────────────────────────────────────────────────────»
«                                                                             »
«q0_14: ──────────────────────────────────────────────────────────────────────»
«                                                                             »
«q0_15: ──────────────────────────────────────────────────────────────────────»
«                                                                             »
«q0_16: ──────────────────────────────────────────────────────────────────────»
«                                                                             »
«q0_17: ──────────────────────────────────────────────────────────────────────»
«                                                                             »
«q0_18: ──────────────────────────────────────────────────────────────────────»
«                                                                             »
«q0_19: ──────────────────────────────────────────────────────────────────────»
«                                                                             »
«c0: 20/══════════════════════════════════════════════════════════════════════»
«                                                                             »
«                                                                             »
« q0_0: ──────────────────────────────────────────────────────────────────────»
«                                                                             »
« q0_1: ──────────────────────────────────────────────────────────────────────»
«                                                                             »
« q0_2: ──────────────────────────────────────────────────────────────────────»
«                                                                             »
« q0_3: ──────────────────────────────────────────────────────────────────────»
«                                                                             »
« q0_4: ──────────────────────────────────────────────────────────────────────»
«                                                                             »
« q0_5: ──────────────────────────────────────────────────────────────────────»
«                                                                             »
« q0_6: ──────────────────────────────────────────────────────────────────────»
«                                                                             »
« q0_7: ──────────────────────────────────────────────────────────────────────»
«                                                                             »
« q0_8: ──────────────────────────────────────────────────────────────────────»
«                                                                             »
« q0_9: ──────────────────────────────────────────────────────────────────────»
«       ┌────────────┐                                                        »
«q0_10: ┤ Rz(y[110]) ├────────────────────────────────────────────────────────»
«       ├───────────┬┘┌────────────┐                                          »
«q0_11: ┤ Ry(y[91]) ├─┤ Rz(y[111]) ├──────────────────────────────────────────»
«       └───────────┘ ├───────────┬┘┌────────────┐                            »
«q0_12: ──────■───────┤ Ry(y[92]) ├─┤ Rz(y[112]) ├────────────────────────────»
«           ┌─┴─┐     └───────────┘ ├───────────┬┘┌────────────┐              »
«q0_13: ────┤ X ├───────────■───────┤ Ry(y[93]) ├─┤ Rz(y[113]) ├──────────────»
«           └───┘         ┌─┴─┐     └───────────┘ ├───────────┬┘┌────────────┐»
«q0_14: ──────────────────┤ X ├───────────■───────┤ Ry(y[94]) ├─┤ Rz(y[114]) ├»
«                         └───┘         ┌─┴─┐     └───────────┘ ├───────────┬┘»
«q0_15: ────────────────────────────────┤ X ├───────────■───────┤ Ry(y[95]) ├─»
«                                       └───┘         ┌─┴─┐     └───────────┘ »
«q0_16: ──────────────────────────────────────────────┤ X ├───────────■───────»
«                                                     └───┘         ┌─┴─┐     »
«q0_17: ────────────────────────────────────────────────────────────┤ X ├─────»
«                                                                   └───┘     »
«q0_18: ──────────────────────────────────────────────────────────────────────»
«                                                                             »
«q0_19: ──────────────────────────────────────────────────────────────────────»
«                                                                             »
«c0: 20/══════════════════════════════════════════════════════════════════════»
«                                                                             »
«                                                               
« q0_0: ────────────────────────────────────────────────────────
«                                                               
« q0_1: ────────────────────────────────────────────────────────
«                                                               
« q0_2: ────────────────────────────────────────────────────────
«                                                               
« q0_3: ────────────────────────────────────────────────────────
«                                                               
« q0_4: ────────────────────────────────────────────────────────
«                                                               
« q0_5: ────────────────────────────────────────────────────────
«                                                               
« q0_6: ────────────────────────────────────────────────────────
«                                                               
« q0_7: ────────────────────────────────────────────────────────
«                                                               
« q0_8: ────────────────────────────────────────────────────────
«                                                               
« q0_9: ────────────────────────────────────────────────────────
«                                                               
«q0_10: ────────────────────────────────────────────────────────
«                                                               
«q0_11: ────────────────────────────────────────────────────────
«                                                               
«q0_12: ────────────────────────────────────────────────────────
«                                                               
«q0_13: ────────────────────────────────────────────────────────
«                                                               
«q0_14: ────────────────────────────────────────────────────────
«       ┌────────────┐                                          
«q0_15: ┤ Rz(y[115]) ├──────────────────────────────────────────
«       ├───────────┬┘┌────────────┐                            
«q0_16: ┤ Ry(y[96]) ├─┤ Rz(y[116]) ├────────────────────────────
«       └───────────┘ ├───────────┬┘┌────────────┐              
«q0_17: ──────■───────┤ Ry(y[97]) ├─┤ Rz(y[117]) ├──────────────
«           ┌─┴─┐     └───────────┘ ├───────────┬┘┌────────────┐
«q0_18: ────┤ X ├───────────■───────┤ Ry(y[98]) ├─┤ Rz(y[118]) ├
«           └───┘         ┌─┴─┐     ├───────────┤ ├────────────┤
«q0_19: ──────────────────┤ X ├─────┤ Ry(y[99]) ├─┤ Rz(y[119]) ├
«                         └───┘     └───────────┘ └────────────┘
«c0: 20/════════════════════════════════════════════════════════
«                                                               
ansatz-state is written to ansatz.txt
building constraints...
number of constraints= 400
unique pauliops 780
graphclique-cliquecover: 780 with commutationmode commute
strategy largest_first 63
strategy random_sequential 44
strategy smallest_last 55
strategy independent_set 41
strategy connected_sequential_bfs 63
strategy connected_sequential_dfs 54
strategy saturation_largest_first 41
number of cliques 41
clique 0 ['IIIIIIIIIIIIIIIIIIIZ', 'IIIIIIIIIIIIIIIIIIZZ', 'IIIIIIIIIIIIIIIIIZII', 'IIIIIIIIIIIIIIIIZZZI', 'IIIIIIIIIIIIIIIZIIII', 'IIIIIIIIIIIIIIZZIIII', 'IIIIIIIIIIIIIZIIIIII', 'IIIIIIIIIIIIZZZIZIII', 'IIIIIIIIIIIZIIIIIIII', 'IIIIIIIIIIZZIIIIIIII', 'IIIIIIIIIZIIIIIIIIII', 'IIIIIIIIZZZIIIIIIIII', 'IIIIIIIZIIIIIIIIIIII', 'IIIIIIZZIIIIIIIIIIII', 'IIIIIZIIIIIIIIIIIIII', 'IIIIZZZIZIIIZIIIIIII', 'IIIZIIIIIIIIIIIIIIII', 'IIZZIIIIIIIIIIIIIIII', 'IZIIIIIIIIIIIIIIIIII', 'ZZZIIIIIIIIIIIIIIIII']
clique 1 ['IIIIIIIIIIIIIIIIIIIX', 'IIIIIIIIIIIIIIIIIIZX', 'IIIIIIIIIIIIIIIIIXII', 'IIIIIIIIIIIIIIIIZXZI', 'IIIIIIIIIIIIIIIXIIII', 'IIIIIIIIIIIIIIZXIIII', 'IIIIIIIIIIIIIXIIIIII', 'IIIIIIIIIIIIZXZIZIII', 'IIIIIIIIIIIXIIIIIIII', 'IIIIIIIIIIZXIIIIIIII', 'IIIIIIIIIXIIIIIIIIII', 'IIIIIIIIZXZIIIIIIIII', 'IIIIIIIXIIIIIIIIIIII', 'IIIIIIZXIIIIIIIIIIII', 'IIIIIXIIIIIIIIIIIIII', 'IIIIZXZIZIIIZIIIIIII', 'IIIXIIIIIIIIIIIIIIII', 'IIZXIIIIIIIIIIIIIIII', 'IXIIIIIIIIIIIIIIIIII', 'ZXZIIIIIIIIIIIIIIIII']
clique 2 ['IIIIIIIIIIIIIIIIIIIY', 'IIIIIIIIIIIIIIIIIIZY', 'IIIIIIIIIIIIIIIIIYII', 'IIIIIIIIIIIIIIIIZYZI', 'IIIIIIIIIIIIIIIYIIII', 'IIIIIIIIIIIIIIZYIIII', 'IIIIIIIIIIIIIYIIIIII', 'IIIIIIIIIIIIZYZIZIII', 'IIIIIIIIIIIYIIIIIIII', 'IIIIIIIIIIZYIIIIIIII', 'IIIIIIIIIYIIIIIIIIII', 'IIIIIIIIZYZIIIIIIIII', 'IIIIIIIYIIIIIIIIIIII', 'IIIIIIZYIIIIIIIIIIII', 'IIIIIYIIIIIIIIIIIIII', 'IIIIZYZIZIIIZIIIIIII', 'IIIYIIIIIIIIIIIIIIII', 'IIZYIIIIIIIIIIIIIIII', 'IYIIIIIIIIIIIIIIIIII', 'ZYZIIIIIIIIIIIIIIIII']
clique 3 ['IIIIIIIIIIIIIIIIIYYX', 'IIIIIIIIIIIIIIIIIXYY', 'IIIIIIIIIIIIIIIIIZXI', 'IIIIIIIIIIIIIIIIZIXZ', 'IIIIIIIIIIIIIYYXIIII', 'IIIIIIIIIIIIIXYYIIII', 'IIIIIIIIIIIIIZXIIIII', 'IIIIIIIIIIIIZIXZZIII', 'IIIIIIIIIYYXIIIIIIII', 'IIIIIIIIIXYYIIIIIIII', 'IIIIIIIIIZXIIIIIIIII', 'IIIIIIIIZIXZIIIIIIII', 'IIIIIYYXIIIIIIIIIIII', 'IIIIIXYYIIIIIIIIIIII', 'IIIIIZXIIIIIIIIIIIII', 'IIIIZIXZZIIIZIIIIIII', 'IYYXIIIIIIIIIIIIIIII', 'IXYYIIIIIIIIIIIIIIII', 'IZXIIIIIIIIIIIIIIIII', 'ZIXZIIIIIIIIIIIIIIII']
clique 4 ['IIIIIIIIIIIIIIIIIXYX', 'IIIIIIIIIIIIIIIIIYYY', 'IIIIIIIIIIIIIIIIZIYI', 'IIIIIIIIIIIIIIIIIZYZ', 'IIIIIIIIIIIIIXYXIIII', 'IIIIIIIIIIIIIYYYIIII', 'IIIIIIIIIIIIIZYZIIII', 'IIIIIIIIIIIIZIYIZIII', 'IIIIIIIIIXYXIIIIIIII', 'IIIIIIIIIYYYIIIIIIII', 'IIIIIIIIZIYIIIIIIIII', 'IIIIIIIIIZYZIIIIIIII', 'IIIIIXYXIIIIIIIIIIII', 'IIIIIYYYIIIIIIIIIIII', 'IIIIIZYZIIIIIIIIIIII', 'IIIIZIYIZIIIZIIIIIII', 'IXYXIIIIIIIIIIIIIIII', 'IYYYIIIIIIIIIIIIIIII', 'ZIYIIIIIIIIIIIIIIIII', 'IZYZIIIIIIIIIIIIIIII']
clique 5 ['IIIIIIIIIIIIIIIIZIXX', 'IIIIIIIIIIIIIIIIIZYY', 'IIIIIIIIIIIIIIIIIXXI', 'IIIIIIIIIIIIIIIIIYYZ', 'IIIIIIIIIIIIIZYYIIII', 'IIIIIIIIIIIIZIXXZIII', 'IIIIIIIIIIIIIXXIIIII', 'IIIIIIIIIIIIIYYZIIII', 'IIIIIIIIZIXXIIIIIIII', 'IIIIIIIIIZYYIIIIIIII', 'IIIIIIIIIXXIIIIIIIII', 'IIIIIIIIIYYZIIIIIIII', 'IIIIIZYYIIIIIIIIIIII', 'IIIIZIXXZIIIZIIIIIII', 'IIIIIXXIIIIIIIIIIIII', 'IIIIIYYZIIIIIIIIIIII', 'ZIXXIIIIIIIIIIIIIIII', 'IZYYIIIIIIIIIIIIIIII', 'IXXIIIIIIIIIIIIIIIII', 'IYYZIIIIIIIIIIIIIIII']
clique 6 ['IIIIIIIIIIIIIIIIIZYX', 'IIIIIIIIIIIIIIIIZIXY', 'IIIIIIIIIIIIIIIIIYXI', 'IIIIIIIIIIIIIIIIIXYZ', 'IIIIIIIIIIIIIZYXIIII', 'IIIIIIIIIIIIZIXYZIII', 'IIIIIIIIIIIIIYXIIIII', 'IIIIIIIIIIIIIXYZIIII', 'IIIIIIIIIZYXIIIIIIII', 'IIIIIIIIZIXYIIIIIIII', 'IIIIIIIIIYXIIIIIIIII', 'IIIIIIIIIXYZIIIIIIII', 'IIIIIZYXIIIIIIIIIIII', 'IIIIZIXYZIIIZIIIIIII', 'IIIIIYXIIIIIIIIIIIII', 'IIIIIXYZIIIIIIIIIIII', 'IZYXIIIIIIIIIIIIIIII', 'ZIXYIIIIIIIIIIIIIIII', 'IYXIIIIIIIIIIIIIIIII', 'IXYZIIIIIIIIIIIIIIII']
clique 7 ['IIIIIIIIIIIIIIXYYIXX', 'XIXXYIIIIIIIXIIIXIXY', 'IIIIIIIIIIIIIIXZYIYI', 'XIYIYIIIIIIIXIIIXIXZ', 'IIIIIIIIIIIIIYZIYXZI', 'IIIIIIIIIIIIIXZIYYZI', 'IIIIIIIIIIIIIZZIXIII', 'IIIIIIIIIIIIZIIIXZZI', 'IIIIIIIIXIXYYIXXZIII', 'IIIIIIIIXIXZYIYIZIII', 'IIIIIIXYYIXXIIIIIIII', 'IIIIIIXZYIYIIIIIIIII', 'IIIIIYZIYXZIIIIIIIII', 'XXZIYIIIXYZIZIIIIIII', 'IIIIIZZIXIIIIIIIIIII', 'YIIIYIIIXZZIZIIIIIII', 'XIXYYIXXZIIIZIIIIIII', 'XIXZYIYIZIIIZIIIIIII', 'XYZIYXZIZIIIZIIIIIII', 'XZZIXIIIIIIIIIIIIIII']
clique 8 ['IIIIIIIIIIIIIIXXYIXY', 'XIYIYIIIIIIIXIIIXIXX', 'IIIIIIIIIIIIIXZIYIYI', 'IIIIIIIIIIIIIYZIYIXZ', 'IIIIIIIIIIIIIIYIYXZI', 'XZZIYIIIIIIIXIIIXYZI', 'IIIIIIIIIIIIIZZIYZZI', 'IIIIIZZIZIIIYIIIYIII', 'XIXXYIIIIIIIXIXYZIII', 'IIIIIIIIXIYIYIXZZIII', 'IIIIIIIIXZZIXIIIIIII', 'IIIIIIXXYIXXIIIIIIII', 'IIIIIIXYYIXYIIIIIIII', 'XIXYYIIIXIXZZIIIIIII', 'IIIIIXZIYXZIIIIIIIII', 'IIIIIYZIYYZIIIIIIIII', 'XYZIYIIIYIIIZIIIIIII', 'XIXZYIXZZIIIZIIIIIII', 'XXZIYIYIZIIIZIIIIIII', 'YIIIXIIIIIIIIIIIIIII']
clique 9 ['IIIIIIIIIIIIIIXXYIXX', 'XIXZYIIIIIIIXIIIXIXY', 'IIIIIIIIIIIIZIIIXIXZ', 'XIXXYIIIIIIIXIIIXIYI', 'IIIIIIIIXXZIYIIIXXZI', 'YIIIYIIIIIIIXIIIXYZI', 'IIIIIIIIIIIIIXZIXIII', 'IIIIIIIIIIIIIYZIYZZI', 'IIIIZIIIIIIIXIXYZIII', 'IIIIIIIIXIYIYIYIZIII', 'XIYIYIIIIIIIXIXZZIII', 'IIIIIIIIXIXYYZZIZIII', 'IIIIIIYIYIXXIIIIIIII', 'IIIIIIXYYIXZIIIIIIII', 'IIIIIZZIYYZIIIIIIIII', 'IIIIIIXXXIIIIIIIIIII', 'XXZIYIIIXZZIZIIIIIII', 'XYZIYIXZZIIIZIIIIIII', 'XIXYYXZIZIIIZIIIIIII', 'XZZIYYZIZIIIZIIIIIII']
clique 10 ['IIIIIIIIIIIIIIXYYIXY', 'YIIIYIIIIIIIXIIIXIXX', 'IIIIIIIIIIIIIXZIYIXZ', 'XIYIYIIIIIIIXIIIXIYI', 'IIIIIIIIIIIIIYZIYYZI', 'IIIIIIIIIIIIIZZIYXZI', 'XIXYYIIIIIIIXIIIXZZI', 'XZZIYIIIIIIIXIIIYIII', 'IIIIIIIIXYZIYIXXZIII', 'IIIIIIIIXIXXYIXZZIII', 'IIIIIIIIXXZIYIYIZIII', 'IIIIIIXZZIIIXIIIIIII', 'IIIIIIXXYIXYIIIIIIII', 'IIIIIIXYYIYIIIIIIIII', 'IIIIIXZIYIXZIIIIIIII', 'IIIIIZZIYZZIIIIIIIII', 'XIXZYIIIYIIIZIIIIIII', 'XYZIYIYIZIIIZIIIIIII', 'XIXXYYZIZIIIZIIIIIII', 'XXZIXIIIIIIIIIIIIIII']
clique 11 ['IIIIIIIIIIIIIIYIYIXX', 'XIXYYIIIIIIIXIIIXIXY', 'IIIIIIIIIIIIIZZIYIYI', 'IIIIIIIIYIIIYIIIXIXZ', 'IIIIIIIIIIIIZIIIXYZI', 'XIYIYIIIIIIIXIIIXXZI', 'IIIIIIIIXIXXYIIIXZZI', 'IIIIIXZIZIIIYIIIYIII', 'IIIIIIIIXXZIYIXYZIII', 'YIIIYIIIIIIIXIXXZIII', 'IIIIIIIIXYZIYIXZZIII', 'IIIIIIIIXZZIYYZIZIII', 'IIIIZIIIIIIIXXZIZIII', 'IIIIIIXZYIXYIIIIIIII', 'IIIIIYZIYIXZIIIIIIII', 'XXZIYIIIXIYIZIIIIIII', 'XIXXYIXYZIIIZIIIIIII', 'XIXZYIXXZIIIZIIIIIII', 'XZZIYIYIZIIIZIIIIIII', 'XYZIYZZIZIIIZIIIIIII']
clique 12 ['IIIIIIIIIIIIIIXZYIXY', 'IIIIIIIIIIIIIYZIYIXX', 'IIIIIIIIYIIIYIIIXIYI', 'YIIIYIIIIIIIXIIIXIXZ', 'IIIIIIIIXIYIYIIIXYZI', 'IIIIIIXZZIIIYIIIXXZI', 'IIIIIIIIXIXZYIIIYIII', 'IIIIIIIIXYZIYIIIXZZI', 'XIXXYIIIIIIIXIXXZIII', 'XZZIYIIIIIIIXIXYZIII', 'IIIIIXZIZIIIYIYIZIII', 'XIXYYIIIIIIIXXZIZIII', 'IIIIIIIIXXZIYZZIZIII', 'XIXZYIIIIIIIYIIIIIII', 'IIIIIIYIYIXYIIIIIIII', 'IIIIIZZIYIXXIIIIIIII', 'IIIIIIXYYZZIIIIIIIII', 'XIYIYIXXZIIIZIIIIIII', 'XXZIYYZIZIIIZIIIIIII', 'XYZIXIIIIIIIIIIIIIII']
clique 13 ['IIIIIIIIIIIIIIXZYIXX', 'IIIIIIIIIIIIIYZIYIXY', 'IIIIIIIIXIXZYIIIXIYI', 'XIXXYIIIIIIIXIIIXIXZ', 'IIIIIIIIIIIIIIXYYXZI', 'XIXZYIIIIIIIXIIIXYZI', 'IIIIIIXXZIIIYIIIXZZI', 'XIYIYIIIIIIIXIIIYIII', 'XYZIYIIIIIIIXIXXZIII', 'XXZIYIIIIIIIXIYIZIII', 'XZZIYIIIIIIIXXZIZIII', 'IIIIIIIIXIXXYZZIZIII', 'IIIIIIIIYIIIXIIIIIII', 'IIIIIXZIYIXYIIIIIIII', 'IIIIIZZIYIYIIIIIIIII', 'IIIIIIXYYXZIIIIIIIII', 'IIIIIIXZYYZIIIIIIIII', 'IIIIZIIIXZZIZIIIIIII', 'YIIIYIYIZIIIZIIIIIII', 'XIXYYYZIZIIIZIIIIIII']
clique 14 ['IIIIIIIIIIIIIIYIYIXY', 'IIIIIIIIXIXYYIIIXIXX', 'IIIIIIIIXZZIYIIIXIXZ', 'XZZIYIIIIIIIXIIIXIYI', 'IIIIIIYIZIIIYIIIXYZI', 'IIIIZIIIIIIIXIIIXXZI', 'IIIIIIIIIIIIIIXYXIII', 'IIIIIIIIXIYIYIIIXZZI', 'IIIIIIXXZIIIYIXXZIII', 'IIIIIIXYZIIIYIXZZIII', 'XIXZYIIIIIIIXXZIZIII', 'XXZIYIIIIIIIXYZIZIII', 'IIIIIIIIXIXZXIIIIIII', 'IIIIIIIIYIIIYZZIZIII', 'IIIIIIXZYIXXIIIIIIII', 'XIXYYIIIXXZIZIIIIIII', 'XYZIYIIIXYZIZIIIIIII', 'XIYIYXZIZIIIZIIIIIII', 'YIIIYYZIZIIIZIIIIIII', 'XIXXYZZIZIIIZIIIIIII']
clique 15 ['IIIIIIIIIIIIIXZIYIXY', 'XYZIYIIIIIIIXIIIXIXX', 'IIIIIIYIZIIIYIIIXIXZ', 'XIXZYIIIIIIIXIIIXIYI', 'IIIIIIIIXXZIYIIIXYZI', 'IIIIIIXXZIIIYIIIXXZI', 'XIYIYIIIIIIIXIIIXZZI', 'YIIIYIIIIIIIXIIIYIII', 'IIIIIIIIXIXZYIXYZIII', 'IIIIIIIIYIIIYIXXZIII', 'IIIIIIIIXIXYYIYIZIII', 'IIIIZIIIIIIIXIXZZIII', 'IIIIIIXYZIIIYYZIZIII', 'IIIIIIIIXIYIXIIIIIII', 'XIXXYIIIIIIIXZZIZIII', 'IIIIIYZIYIXXIIIIIIII', 'XZZIYIIIXYZIZIIIIIII', 'IIIIIXZIYZZIIIIIIIII', 'XXZIYIXZZIIIZIIIIIII', 'XIXYYZZIZIIIZIIIIIII']
clique 16 ['IIIIIIIIIIIIIXZIYIXX', 'YIIIYIIIIIIIXIIIXIXY', 'IIIIIIXXZIIIYIIIXIYI', 'XYZIYIIIIIIIXIIIXIXZ', 'IIIIIIXZZIIIYIIIXYZI', 'XIXXYIIIIIIIXIIIXXZI', 'IIIIZIIIIIIIXIIIYIII', 'XIXZYIIIIIIIXIIIXZZI', 'IIIIIIXYZIIIYIXYZIII', 'XZZIYIIIIIIIXIXXZIII', 'IIIIIIIIXZZIYIYIZIII', 'IIIIIYZIZIIIYIXZZIII', 'IIIIIIIIXXZIYYZIZIII', 'IIIIIIIIXIXZYZZIZIII', 'IIIIIIIIXYZIXIIIIIII', 'IIIIIXZIYIXXIIIIIIII', 'XXZIYIIIXIXYZIIIIIII', 'IIIIIIYIYIYIIIIIIIII', 'XIXYYIIIYIIIZIIIIIII', 'XIYIYZZIZIIIZIIIIIII']
clique 17 ['IIIIIIIIIIIIZIIIXIXX', 'IIIIIIYIZIIIYIIIXIXY', 'IIIIIIIIXXZIYIIIXIXZ', 'XIXYYIIIIIIIXIIIXIYI', 'IIIIIIIIXYZIYIIIXXZI', 'XYZIYIIIIIIIXIIIXYZI', 'XIXZYIIIIIIIXIIIYIII', 'YIIIYIIIIIIIXIIIXZZI', 'IIIIIIIIXIYIYIXXZIII', 'IIIIIIIIXZZIYIXYZIII', 'IIIIIIIIYIIIYIXZZIII', 'IIIIIIXXZIIIYIYIZIII', 'IIIIIIIIXIXYYXZIZIII', 'IIIIIZZIZIIIYYZIZIII', 'IIIIIXZIZIIIYZZIZIII', 'IIIIZIIIXIXXZIIIIIII', 'XIXXYIIIXIXZZIIIIIII', 'XXZIYIXYZIIIZIIIIIII', 'XZZIYIXZZIIIZIIIIIII', 'XIYIYYZIZIIIZIIIIIII']
clique 18 ['IIIIIIIIIIIIIZZIYIXY', 'XZZIYIIIIIIIXIIIXIXX', 'XIXZYIIIIIIIXIIIXIXZ', 'XYZIYIIIIIIIXIIIXIYI', 'IIIIIIIIXIXYYIIIXXZI', 'IIIIIXZIZIIIYIIIXYZI', 'IIIIIIYIZIIIYIIIXZZI', 'XXZIYIIIIIIIXIIIYIII', 'IIIIIIIIXIXXYIXYZIII', 'XIXYYIIIIIIIXIXXZIII', 'IIIIIIIIXXZIYIXZZIII', 'YIIIYIIIIIIIXIYIZIII', 'IIIIIIIIXYZIYYZIZIII', 'IIIIIIIIYIIIYXZIZIII', 'IIIIIZZIZIIIXIIIIIII', 'IIIIIIXXYIYIIIIIIIII', 'IIIIZIIIXIXZZIIIIIII', 'IIIIIYZIYZZIIIIIIIII', 'XIYIYIXYZIIIZIIIIIII', 'XIXXYIXZZIIIZIIIIIII']
clique 19 ['IIIIIIIIIIIIIZZIYIXX', 'IIIIIIIIXIXXYIIIXIXY', 'IIIIIIIIXYZIYIIIXIXZ', 'IIIIIIXYZIIIYIIIXIYI', 'IIIIIIIIIIIIIIYIYYZI', 'IIIIIXZIZIIIYIIIXXZI', 'IIIIIIXZZIIIYIIIYIII', 'XIXXYIIIIIIIXIIIXZZI', 'XIXYYIIIIIIIXIXYZIII', 'XIYIYIIIIIIIXIXXZIII', 'XXZIYIIIIIIIXIXZZIII', 'IIIIIIIIXIXZYXZIZIII', 'IIIIIIIIYIIIYYZIZIII', 'XZZIYIIIIIIIYIIIIIII', 'IIIIIZZIYIXYIIIIIIII', 'IIIIIYZIYIYIIIIIIIII', 'XYZIYIIIXXZIZIIIIIII', 'IIIIIIYIYZZIIIIIIIII', 'YIIIYIXXZIIIZIIIIIII', 'XIXZXIIIIIIIIIIIIIII']
clique 20 ['IIIIIIIIIIIIZIIIXIXY', 'IIIIIIYIZIIIYIIIXIXX', 'IIIIIIIIXIYIYIIIXIXZ', 'IIIIIIXZZIIIYIIIXIYI', 'IIIIIIIIXZZIYIIIXYZI', 'XZZIYIIIIIIIXIIIXXZI', 'IIIIIIIIXIXZYIIIXZZI', 'XYZIYIIIIIIIXIIIYIII', 'IIIIIIIIXXZIYIXXZIII', 'YIIIYIIIIIIIXIXYZIII', 'IIIIZIIIIIIIXIYIZIII', 'XIXXYIIIIIIIXIXZZIII', 'IIIIIIXXZIIIYYZIZIII', 'XIYIYIIIIIIIXXZIZIII', 'IIIIIIXYZIIIYZZIZIII', 'IIIIIYZIYIXYIIIIIIII', 'XIXYYIIIXIXXZIIIIIII', 'XIXZYIIIXYZIZIIIIIII', 'IIIIIXZIXIIIIIIIIIII', 'XXZIYZZIZIIIZIIIIIII']
clique 21 ['IIIIIIIIXIXXYIIIXIXX', 'IIIIIIIIXZZIYIIIXIXY', 'IIIIIIIIIIIIIIXYYIXZ', 'XXZIYIIIIIIIXIIIXIYI', 'IIIIIIIIXIXZYIIIXXZI', 'IIIIIZZIZIIIYIIIXYZI', 'IIIIIIIIIIIIIIXZYZZI', 'IIIIIIYIZIIIYIIIYIII', 'IIIIIXZIZIIIYIXXZIII', 'IIIIIIIIYIIIYIYIZIII', 'IIIIIIIIXXZIYXZIZIII', 'XIXXYIIIIIIIXYZIZIII', 'IIIIIIIIXIXYXIIIIIII', 'IIIIIIIIXIYIYZZIZIII', 'XIYIYIIIXYZIZIIIIIII', 'XYZIYIXXZIIIZIIIIIII', 'XZZIYIXYZIIIZIIIIIII', 'YIIIYIXZZIIIZIIIIIII', 'XIXZYYZIZIIIZIIIIIII', 'XIXYXIIIIIIIIIIIIIII']
clique 22 ['IIIIIIIIXIXYYIIIXIXY', 'XXZIYIIIIIIIXIIIXIXX', 'IIIIIIIIIIIIIYZIYIYI', 'XZZIYIIIIIIIXIIIXIXZ', 'IIIIIIIIYIIIYIIIXYZI', 'YIIIYIIIIIIIXIIIXXZI', 'IIIIIIIIIIIIIIXYYZZI', 'XIXXYIIIIIIIXIIIYIII', 'IIIIIYZIZIIIYIXXZIII', 'IIIIIIIIXYZIYIYIZIII', 'IIIIIIIIXZZIYIXZZIII', 'IIIIIIIIXIXXYXZIZIII', 'IIIIIIXYZIIIXIIIIIII', 'IIIIIZZIZIIIYZZIZIII', 'IIIIIIXXYIXZIIIIIIII', 'XYZIYIIIXIYIZIIIIIII', 'IIIIIIXZYXZIIIIIIIII', 'XIXYYIYIZIIIZIIIIIII', 'XIXZYXZIZIIIZIIIIIII', 'XIYIXIIIIIIIIIIIIIII']
clique 23 ['IIIIIIIIXIYIYIIIXIXX', 'IIIIIIXXZIIIYIIIXIXY', 'IIIIIIIIIIIIIIYIYIXZ', 'IIIIIIIIIIIIZIIIXIYI', 'IIIIIIIIIIIIIIXXYYZI', 'IIIIIYZIZIIIYIIIXXZI', 'IIIIIIIIXIXXYIIIYIII', 'IIIIIIXYZIIIYIIIXZZI', 'IIIIIIYIZIIIYIXYZIII', 'XIXYYIIIIIIIXIXZZIII', 'IIIIIIIIXYZIYXZIZIII', 'XYZIYIIIIIIIXYZIZIII', 'IIIIIIIIXZZIYZZIZIII', 'XIXZYIIIXIXYZIIIIIII', 'XZZIYIIIXIXZZIIIIIII', 'IIIIZIIIXXZIZIIIIIII', 'XXZIYIIIYIIIZIIIIIII', 'XIYIYIXZZIIIZIIIIIII', 'XIXXYXZIZIIIZIIIIIII', 'YIIIYZZIZIIIZIIIIIII']
clique 24 ['IIIIIIIIXYZIYIIIXIXX', 'IIIIIIXZZIIIYIIIXIXY', 'IIIIIIIIIIIIIZZIYIXZ', 'IIIIIIIIXIYIYIIIXIYI', 'IIIIIIIIXIXXYIIIXXZI', 'XIXXYIIIIIIIXIIIXYZI', 'IIIIIIIIIIIIIXZIYZZI', 'IIIIIIXXZIIIYIIIYIII', 'IIIIIIIIYIIIYIXYZIII', 'IIIIIIYIZIIIYIXXZIII', 'IIIIIIIIXIXZYIXZZIII', 'XIYIYIIIIIIIXIYIZIII', 'YIIIYIIIIIIIXYZIZIII', 'IIIIIYZIZIIIXIIIIIII', 'IIIIZIIIXIXYZIIIIIII', 'XXZIYIIIXXZIZIIIIIII', 'XYZIYIIIXZZIZIIIIIII', 'XIXYYIXYZIIIZIIIIIII', 'XZZIYXZIZIIIZIIIIIII', 'XIXZYZZIZIIIZIIIIIII']
clique 25 ['IIIIIIIIYIIIYIIIXIXX', 'IIIIZIIIIIIIXIIIXIXY', 'IIIIIIIIXIXZYIIIXIXZ', 'IIIIIIIIXXZIYIIIXIYI', 'IIIIIIIIIIIIIIXYYYZI', 'IIIIIZZIZIIIYIIIXXZI', 'IIIIIIIIIIIIIIXXXIII', 'IIIIIYZIZIIIYIIIXZZI', 'IIIIIIXZZIIIYIYIZIII', 'XYZIYIIIIIIIXIXZZIII', 'IIIIIIIIXIYIYXZIZIII', 'XZZIYIIIIIIIXYZIZIII', 'IIIIIIYIZIIIYZZIZIII', 'XXZIYIIIIIIIYIIIIIII', 'XIXXYIIIXIXYZIIIIIII', 'XIYIYIIIXIXXZIIIIIII', 'IIIIIIXXYYZIIIIIIIII', 'XIXYYIIIXZZIZIIIIIII', 'XIXZYIXYZIIIZIIIIIII', 'YIIIYXZIZIIIZIIIIIII']
clique 26 ['IIIIIIXYZIIIYIIIXIXX', 'IIIIIYZIZIIIYIIIXIXY', 'IIIIIIIIIIIIIIYIYIYI', 'IIIIIIIIIIIIIIXZYIXZ', 'IIIIIIIIIIIIIZZIYYZI', 'XIXYYIIIIIIIXIIIXXZI', 'IIIIIIIIIIIIIIXXYZZI', 'IIIIIIIIYIIIYIIIYIII', 'IIIIIIIIXIXYYIXYZIII', 'XIXZYIIIIIIIXYZIZIII', 'XYZIYIIIIIIIXXZIZIII', 'IIIIZIIIIIIIYIIIIIII', 'XIXXYIIIXIXXZIIIIIII', 'IIIIIXZIYIYIIIIIIIII', 'XIYIYIIIXIXZZIIIIIII', 'IIIIIIYIYYZIIIIIIIII', 'YIIIYIIIXXZIZIIIIIII', 'IIIIIIXZYZZIIIIIIIII', 'XXZIYIXXZIIIZIIIIIII', 'XZZIYZZIZIIIZIIIIIII']
clique 27 ['IIIIIZZIZIIIYIIIXIXY', 'XIXZYIIIIIIIXIIIXIXX', 'IIIIIYZIZIIIYIIIXIYI', 'IIIIIXZIZIIIYIIIXIXZ', 'IIIIIIIIIIIIIIXZYYZI', 'IIIIIIIIXZZIYIIIXXZI', 'IIIIIIIIIIIIIIYIYZZI', 'IIIIIIIIIIIIIYZIXIII', 'IIIIIIIIXIXZYIXXZIII', 'IIIIIIXZZIIIYIXYZIII', 'IIIIIIXXZIIIYXZIZIII', 'XIXXYIIIIIIIYIIIIIII', 'YIIIYIIIIIIIXZZIZIII', 'XIXYYIIIXIXYZIIIIIII', 'XXZIYIIIXIXXZIIIIIII', 'XIYIYIIIXIYIZIIIIIII', 'IIIIIIYIYXZIIIIIIIII', 'IIIIZIIIXYZIZIIIIIII', 'XZZIYIIIYIIIZIIIIIII', 'XYZIYIXYZIIIZIIIIIII']
clique 28 ['IIIIIIIIXIXZYIIIXIXY', 'IIIIIIIIXZZIYIIIXIXX', 'IIIIIIIIIIIIIIXXYIYI', 'IIIIZIIIIIIIXIIIXIXZ', 'IIIIIIIIIIIIIXZIYXZI', 'IIIIIIIIXYZIYIIIXYZI', 'IIIIIIIIIIIIIIYIXIII', 'XZZIYIIIIIIIXIIIXZZI', 'IIIIIZZIZIIIYIXYZIII', 'YIIIYIIIIIIIXIXZZIII', 'XIXYYIIIIIIIXYZIZIII', 'IIIIIIYIZIIIXIIIIIII', 'IIIIIIXZZIIIYZZIZIII', 'XIXZYIIIXIXXZIIIIIII', 'XIYIYIIIXIXYZIIIIIII', 'XIXXYIIIXIYIZIIIIIII', 'IIIIIIXXYXZIIIIIIIII', 'IIIIIIXYXIIIIIIIIIII', 'XXZIYXZIZIIIZIIIIIII', 'XYZIYYZIZIIIZIIIIIII']
clique 29 ['IIIIIIIIXIXZYIIIXIXX', 'IIIIIIIIXXZIYIIIXIXY', 'IIIIIIIIIIIIIIXXYIXZ', 'IIIIIXZIZIIIYIIIXIYI', 'IIIIIIIIIIIIZIIIXXZI', 'XXZIYIIIIIIIXIIIXYZI', 'IIIIIIIIIIIIIIXZXIII', 'IIIIIZZIZIIIYIIIXZZI', 'XIXZYIIIIIIIXIXYZIII', 'XIXYYIIIIIIIXIYIZIII', 'IIIIIIXZZIIIYYZIZIII', 'IIIIIYZIZIIIYXZIZIII', 'IIIIIIXXZIIIYZZIZIII', 'XYZIYIIIXIXXZIIIIIII', 'YIIIYIIIXIXYZIIIIIII', 'XZZIYIIIXIYIZIIIIIII', 'IIIIIIXYYYZIIIIIIIII', 'IIIIIIYIXIIIIIIIIIII', 'XIYIYIIIXZZIZIIIIIII', 'XIXXXIIIIIIIIIIIIIII']
clique 30 ['IIIIIIXXZIIIYIIIXIXX', 'XZZIYIIIIIIIXIIIXIXY', 'XXZIYIIIIIIIXIIIXIXZ', 'YIIIYIIIIIIIXIIIXIYI', 'IIIIIIIIIIIIIIXZYXZI', 'IIIIIYZIZIIIYIIIXYZI', 'IIIIIIIIIIIIZIIIYIII', 'IIIIIIXZZIIIYIIIXZZI', 'IIIIIXZIZIIIYIXYZIII', 'IIIIIZZIZIIIYIXXZIII', 'IIIIIIXYZIIIYIYIZIII', 'IIIIIIIIXIXXYYZIZIII', 'IIIIIIIIXZZIYXZIZIII', 'XIXYYIIIIIIIXZZIZIII', 'XYZIYIIIXIXYZIIIIIII', 'IIIIIIYIYIXZIIIIIIII', 'XIXZYIIIXIYIZIIIIIII', 'XIXXYIIIXYZIZIIIIIII', 'XIYIYIIIXXZIZIIIIIII', 'IIIIZIIIYIIIZIIIIIII']
clique 31 ['IIIIIIXYZIIIYIIIXIXY', 'IIIIZIIIIIIIXIIIXIXX', 'IIIIIIIIXIXYYIIIXIXZ', 'IIIIIIIIXYZIYIIIXIYI', 'IIIIIIIIIIIIIIXXYXZI', 'IIIIIIXXZIIIYIIIXYZI', 'XIXYYIIIIIIIXIIIYIII', 'XYZIYIIIIIIIXIIIXZZI', 'IIIIIIIIXIYIYIXYZIII', 'XIXXYIIIIIIIXIYIZIII', 'XZZIYIIIIIIIXIXZZIII', 'IIIIIIYIZIIIYXZIZIII', 'IIIIIXZIZIIIYYZIZIII', 'XIYIYIIIIIIIYIIIIIII', 'XXZIYIIIIIIIXZZIZIII', 'YIIIYIIIXIXXZIIIIIII', 'IIIIIIXZYIXZIIIIIIII', 'IIIIIZZIYXZIIIIIIIII', 'IIIIIYZIXIIIIIIIIIII', 'XIXZYIIIXZZIZIIIIIII']
clique 32 ['IIIIIXZIZIIIYIIIXIXX', 'XXZIYIIIIIIIXIIIXIXY', 'IIIIIIIIXIXXYIIIXIYI', 'XIXYYIIIIIIIXIIIXIXZ', 'IIIIIIXYZIIIYIIIXXZI', 'IIIIZIIIIIIIXIIIXYZI', 'IIIIIIIIXIYIYIIIYIII', 'IIIIIIIIYIIIYIIIXZZI', 'XIXZYIIIIIIIXIXXZIII', 'XYZIYIIIIIIIXIXYZIII', 'IIIIIYZIZIIIYIYIZIII', 'IIIIIZZIZIIIYIXZZIII', 'IIIIIIIIXIXZYYZIZIII', 'IIIIIIXZZIIIYXZIZIII', 'IIIIIIIIXYZIYZZIZIII', 'YIIIYIIIIIIIYIIIIIII', 'XZZIYIIIXIXYZIIIIIII', 'XIXXYIIIXXZIZIIIIIII', 'IIIIIIXXYZZIIIIIIIII', 'XIYIYIYIZIIIZIIIIIII']
clique 33 ['IIIIIIIIYIIIYIIIXIXY', 'IIIIIIXZZIIIYIIIXIXX', 'IIIIIIXXZIIIYIIIXIXZ', 'IIIIIIYIZIIIYIIIXIYI', 'XIXYYIIIIIIIXIIIXYZI', 'XXZIYIIIIIIIXIIIXXZI', 'IIIIIYZIZIIIYIIIYIII', 'IIIIZIIIIIIIXIIIXZZI', 'IIIIIIXYZIIIYIXXZIII', 'XIYIYIIIIIIIXIXYZIII', 'IIIIIIIIXIXYYIXZZIII', 'IIIIIZZIZIIIYIYIZIII', 'IIIIIIIIXIYIYYZIZIII', 'YIIIYIIIIIIIXXZIZIII', 'IIIIIIIIXXZIXIIIIIII', 'XYZIYIIIIIIIXZZIZIII', 'XZZIYIIIXIXXZIIIIIII', 'XIXZYIIIXIXZZIIIIIII', 'IIIIIXZIYYZIIIIIIIII', 'XIXXYIIIXZZIZIIIIIII']
clique 34 ['IIIIIIIIXIYIYIIIXIXY', 'IIIIIZZIZIIIYIIIXIXX', 'IIIIIIIIXZZIYIIIXIYI', 'IIIIIIXYZIIIYIIIXIXZ', 'XIYIYIIIIIIIXIIIXYZI', 'XYZIYIIIIIIIXIIIXXZI', 'IIIIIIIIXIXYYIIIXZZI', 'IIIIZIIIIIIIXIXXZIII', 'XXZIYIIIIIIIXIXYZIII', 'IIIIIIYIZIIIYIXZZIII', 'XIXZYIIIIIIIXIYIZIII', 'IIIIIXZIZIIIYXZIZIII', 'IIIIIIIIXIXXXIIIIIII', 'IIIIIYZIZIIIYZZIZIII', 'YIIIYIIIXIXZZIIIIIII', 'XIXYYIIIXYZIZIIIIIII', 'XZZIYIIIXXZIZIIIIIII', 'IIIIIIXZXIIIIIIIIIII', 'XIXXYIXXZIIIZIIIIIII']
clique 35 ['IIIIIIIIXXZIYIIIXIXX', 'XIYIYIIIIIIIXIIIXIXY', 'IIIIIIIIXIXYYIIIXIYI', 'IIIIIIXZZIIIYIIIXIXZ', 'IIIIIIIIXIXXYIIIXYZI', 'XIXZYIIIIIIIXIIIXXZI', 'IIIIIIIIXZZIYIIIXZZI', 'IIIIIIXYZIIIYIIIYIII', 'IIIIIYZIZIIIYIXYZIII', 'XXZIYIIIIIIIXIXXZIII', 'IIIIIIXXZIIIYIXZZIII', 'XZZIYIIIIIIIXIYIZIII', 'IIIIIIYIZIIIYYZIZIII', 'IIIIIZZIZIIIYXZIZIII', 'IIIIIXZIZIIIXIIIIIII', 'IIIIZIIIIIIIXZZIZIII', 'XIXYYIIIXIYIZIIIIIII', 'XYZIYIIIXIXZZIIIIIII', 'YIIIYIIIXYZIZIIIIIII', 'XIXXYIIIYIIIZIIIIIII']
clique 36 ['IIIIIXZIZIIIYIIIXIXY', 'XIXYYIIIIIIIXIIIXIXX', 'IIIIIIIIXIXXYIIIXIXZ', 'IIIIIZZIZIIIYIIIXIYI', 'IIIIIIIIXIYIYIIIXXZI', 'IIIIIIIIXIXZYIIIXYZI', 'IIIIIIIIXXZIYIIIYIII', 'XXZIYIIIIIIIXIIIXZZI', 'IIIIIIIIXYZIYIXYZIII', 'IIIIIIXZZIIIYIXXZIII', 'XIXZYIIIIIIIXIXZZIII', 'XYZIYIIIIIIIXIYIZIII', 'IIIIIIIIXIXYYYZIZIII', 'IIIIIIXYZIIIYXZIZIII', 'IIIIIIXXZIIIXIIIIIII', 'XIYIYIIIIIIIXZZIZIII', 'YIIIYIIIYIIIZIIIIIII', 'XZZIYIIIXZZIZIIIIIII', 'XIXXYIYIZIIIZIIIIIII']
clique 37 ['IIIIIYZIZIIIYIIIXIXX', 'XYZIYIIIIIIIXIIIXIXY', 'IIIIZIIIIIIIXIIIXIYI', 'IIIIIZZIZIIIYIIIXIXZ', 'IIIIIIIIYIIIYIIIXXZI', 'IIIIIIXYZIIIYIIIXYZI', 'IIIIIIIIXIXYYIIIYIII', 'IIIIIXZIZIIIYIIIXZZI', 'IIIIIIIIXIXXYIXXZIII', 'IIIIIIXXZIIIYIXYZIII', 'IIIIIIYIZIIIYIYIZIII', 'IIIIIIXZZIIIYIXZZIII', 'XIXXYIIIIIIIXXZIZIII', 'XIYIYIIIIIIIXYZIZIII', 'XIXYYIIIIIIIYIIIIIII', 'XZZIYIIIIIIIXZZIZIII', 'XXZIYIIIXIXZZIIIIIII', 'YIIIYIIIXIYIZIIIIIII', 'XIXZYIIIXXZIZIIIIIII']
clique 38 ['IIIIIIIIXYZIYIIIXIXY', 'XIXXYIIIIIIIXIIIXIXX', 'IIIIIIIIIIIIIIXYYIYI', 'IIIIIIIIXIXYYIIIXYZI', 'IIIIIIYIZIIIYIIIXXZI', 'IIIIIIIIXXZIYIIIXZZI', 'IIIIIIIIXZZIYIXXZIII', 'IIIIIIIIXIXXYIYIZIII', 'IIIIIXZIZIIIYIXZZIII', 'IIIIIYZIZIIIYYZIZIII', 'XXZIYIIIIIIIXXZIZIII', 'XIXZYIIIIIIIXZZIZIII', 'XYZIYIIIIIIIYIIIIIII', 'IIIIIZZIYIXZIIIIIIII', 'IIIIZIIIXIYIZIIIIIII', 'XIYIYIIIYIIIZIIIIIII', 'XZZIYIXXZIIIZIIIIIII', 'YIIIYIXYZIIIZIIIIIII', 'XIXYYIXZZIIIZIIIIIII']
clique 39 ['IIIIIYZIZIIIYIIIXIXZ', 'IIIIIIIIXYZIYIIIYIII', 'IIIIZIIIIIIIXYZIZIII']
clique 40 ['IIIIIIIIXZZIYIIIYIII']
