GS energy with  DMRG -14.766274432971173
N= 10.000000000000002
E= -14.766274432971173
D= [[ 5.00000000e-01+0.j  1.75987876e-13+0.j  4.20049756e-01+0.j
   5.54998625e-13+0.j -2.85552831e-14+0.j -2.50607075e-15+0.j
  -1.69644913e-01+0.j -2.23473928e-13+0.j  3.09426963e-14+0.j
  -3.80407203e-16+0.j  1.13612483e-01+0.j  1.47835976e-13+0.j
  -6.75280144e-14+0.j  2.44444423e-15+0.j -9.02593228e-02+0.j
  -1.14527436e-13+0.j -1.00204567e-13+0.j -8.55680156e-16+0.j
   7.90951304e-02+0.j  9.55004632e-14+0.j]
 [ 1.75987547e-13+0.j  5.00000000e-01+0.j -5.54358972e-13+0.j
   4.20049769e-01+0.j -4.13525400e-15+0.j -3.11547663e-14+0.j
   2.23378984e-13+0.j -1.69644919e-01+0.j  1.28403575e-15+0.j
   1.78008649e-14+0.j -1.47866266e-13+0.j  1.13612660e-01+0.j
   1.17304281e-15+0.j -3.69785799e-13+0.j  1.15218529e-13+0.j
  -9.02597127e-02+0.j -9.16383267e-16+0.j -1.65357311e-13+0.j
  -9.78855709e-14+0.j  7.90951965e-02+0.j]
 [ 4.20049756e-01+0.j -5.54377710e-13+0.j  5.00000000e-01+0.j
  -1.30975722e-13+0.j  2.44638157e-01+0.j -9.20759199e-16+0.j
  -1.61759766e-13+0.j  5.08966750e-14+0.j -5.25418624e-02+0.j
   1.42878953e-15+0.j  1.14804650e-13+0.j -3.32414645e-14+0.j
   2.04337624e-02+0.j  4.48639849e-17+0.j  1.07047509e-13+0.j
   2.54585693e-14+0.j -7.78904331e-03+0.j  7.22412223e-16+0.j
   4.75091808e-13+0.j -2.36326814e-14+0.j]
 [ 5.54995822e-13+0.j  4.20049769e-01+0.j -1.30984883e-13+0.j
   5.00000000e-01+0.j -6.54429836e-17+0.j  2.44638154e-01+0.j
   5.20840176e-14+0.j  2.09887717e-14+0.j -6.26703955e-16+0.j
  -5.25418413e-02+0.j -3.45870941e-14+0.j  4.65223021e-14+0.j
   7.39578214e-16+0.j  2.04340383e-02+0.j  2.66513211e-14+0.j
   1.68981318e-13+0.j -5.81490978e-16+0.j -7.78915238e-03+0.j
  -2.41879633e-14+0.j  5.26552790e-14+0.j]
 [-2.85691609e-14+0.j -4.11830184e-15+0.j  2.44638157e-01+0.j
  -6.47055863e-17+0.j  5.00000000e-01+0.j  1.07379119e-14+0.j
   3.68901810e-01+0.j -6.19906007e-16+0.j -2.39959962e-14+0.j
  -1.66376865e-15+0.j -1.50691546e-01+0.j  2.42752153e-15+0.j
   2.34035881e-14+0.j -6.91637131e-16+0.j  1.06793513e-01+0.j
  -5.46003831e-15+0.j -3.40460299e-13+0.j  2.43677207e-15+0.j
  -9.02600089e-02+0.j  7.50420858e-15+0.j]
 [-2.49249028e-15+0.j -3.11235412e-14+0.j -9.21211713e-16+0.j
   2.44638154e-01+0.j  1.07640326e-14+0.j  5.00000000e-01+0.j
   1.74979269e-15+0.j  3.68901789e-01+0.j -3.21196134e-15+0.j
  -2.19529256e-14+0.j -2.45544199e-15+0.j -1.50691452e-01+0.j
  -4.05014063e-16+0.j -8.18147633e-14+0.j  4.86825644e-15+0.j
   1.06793601e-01+0.j  1.40913084e-15+0.j -5.18231291e-14+0.j
  -5.81055866e-15+0.j -9.02594929e-02+0.j]
 [-1.69644913e-01+0.j  2.23387903e-13+0.j -1.61746701e-13+0.j
   5.20854795e-14+0.j  3.68901810e-01+0.j  1.75844968e-15+0.j
   5.00000000e-01+0.j -2.99211054e-14+0.j  2.65844008e-01+0.j
  -1.85133453e-15+0.j -5.87824060e-14+0.j  1.79683274e-14+0.j
  -6.05992546e-02+0.j  2.21806972e-15+0.j  3.99711839e-13+0.j
  -1.39310846e-14+0.j  2.04343039e-02+0.j -7.03588494e-16+0.j
   7.59725860e-13+0.j  1.01646673e-14+0.j]
 [-2.23475175e-13+0.j -1.69644919e-01+0.j  5.08999465e-14+0.j
   2.10001558e-14+0.j -6.08488618e-16+0.j  3.68901789e-01+0.j
  -2.99194033e-14+0.j  5.00000000e-01+0.j  3.84321904e-16+0.j
   2.65843997e-01+0.j  1.91813591e-14+0.j -1.06910466e-14+0.j
  -1.52277748e-15+0.j -6.05993116e-02+0.j -1.44213618e-14+0.j
  -8.00265073e-14+0.j  8.22291964e-16+0.j  2.04338924e-02+0.j
   1.16921347e-14+0.j  7.39833775e-14+0.j]
 [ 3.08923893e-14+0.j  1.25631841e-15+0.j -5.25418624e-02+0.j
  -6.26592602e-16+0.j -2.38723971e-14+0.j -3.24069556e-15+0.j
   2.65844008e-01+0.j  3.85645010e-16+0.j  5.00000000e-01+0.j
   4.50395778e-15+0.j  3.60953121e-01+0.j -3.33004795e-15+0.j
  -1.04924749e-14+0.j  3.46693689e-16+0.j -1.50691549e-01+0.j
   5.50246015e-15+0.j -1.09807129e-13+0.j -1.38552346e-15+0.j
   1.13612552e-01+0.j -7.47052111e-15+0.j]
 [-3.69300612e-16+0.j  1.77306086e-14+0.j  1.42819018e-15+0.j
  -5.25418413e-02+0.j -1.67673078e-15+0.j -2.19841506e-14+0.j
  -1.85087181e-15+0.j  2.65843997e-01+0.j  4.48927736e-15+0.j
   5.00000000e-01+0.j  4.44323795e-15+0.j  3.60953122e-01+0.j
   2.81026846e-16+0.j  3.01876579e-14+0.j -5.99309225e-15+0.j
  -1.50691624e-01+0.j -8.55275252e-16+0.j -1.61329283e-14+0.j
   7.55122801e-15+0.j  1.13612377e-01+0.j]
 [ 1.13612483e-01+0.j -1.47901185e-13+0.j  1.14795380e-13+0.j
  -3.45835750e-14+0.j -1.50691546e-01+0.j -2.49628510e-15+0.j
  -5.88533128e-14+0.j  1.91758171e-14+0.j  3.60953121e-01+0.j
   4.41097198e-15+0.j  5.00000000e-01+0.j -1.72086695e-14+0.j
   2.65844013e-01+0.j -3.55932708e-15+0.j  2.90783023e-16+0.j
   1.12843909e-14+0.j -5.25418523e-02+0.j  2.79899819e-15+0.j
  -1.23465691e-14+0.j -8.21054876e-15+0.j]
 [ 1.47809267e-13+0.j  1.13612660e-01+0.j -3.32422480e-14+0.j
   4.65351092e-14+0.j  2.40397647e-15+0.j -1.50691452e-01+0.j
   1.79676455e-14+0.j -1.06615563e-14+0.j -3.32011481e-15+0.j
   3.60953122e-01+0.j -1.71820447e-14+0.j  5.00000000e-01+0.j
   2.51956413e-15+0.j  2.65844030e-01+0.j  1.13905637e-14+0.j
   2.36182601e-14+0.j -1.81569989e-15+0.j -5.25418686e-02+0.j
  -8.73719130e-15+0.j -3.19555799e-14+0.j]
 [-6.74950547e-14+0.j  1.17893664e-15+0.j  2.04337624e-02+0.j
   7.39102257e-16+0.j  2.33584853e-14+0.j -3.94876335e-16+0.j
  -6.05992546e-02+0.j -1.51807145e-15+0.j -1.05675017e-14+0.j
   3.16386941e-16+0.j  2.65844013e-01+0.j  2.53438267e-15+0.j
   5.00000000e-01+0.j  6.15179505e-16+0.j  3.68901800e-01+0.j
  -5.48409769e-15+0.j -1.04170145e-15+0.j  1.03252225e-15+0.j
  -1.69644894e-01+0.j  8.09855882e-15+0.j]
 [ 2.44949348e-15+0.j -3.69786667e-13+0.j  4.44680397e-17+0.j
   2.04340383e-02+0.j -6.93835085e-16+0.j -8.17184861e-14+0.j
   2.21962563e-15+0.j -6.05993116e-02+0.j  3.33069888e-16+0.j
   3.01165343e-14+0.j -3.55925190e-15+0.j  2.65844030e-01+0.j
   5.85935874e-16+0.j  5.00000000e-01+0.j  6.38551082e-15+0.j
   3.68901816e-01+0.j  8.03250993e-16+0.j  1.44190215e-14+0.j
  -8.20158088e-15+0.j -1.69644893e-01+0.j]
 [-9.02593228e-02+0.j  1.15241296e-13+0.j  1.07041193e-13+0.j
   2.66501798e-14+0.j  1.06793513e-01+0.j  4.88419309e-15+0.j
   3.99729837e-13+0.j -1.44177563e-14+0.j -1.50691549e-01+0.j
  -5.97806596e-15+0.j  4.31946146e-16+0.j  1.13707711e-14+0.j
   3.68901800e-01+0.j  6.32966097e-15+0.j  5.00000000e-01+0.j
  -9.57566503e-15+0.j  2.44638158e-01+0.j -3.84502854e-15+0.j
   2.21704165e-14+0.j  5.65668373e-15+0.j]
 [-1.14517852e-13+0.j -9.02597127e-02+0.j  2.54598045e-14+0.j
   1.68984693e-13+0.j -5.47564510e-15+0.j  1.06793601e-01+0.j
  -1.39308679e-14+0.j -8.00264802e-14+0.j  5.50033441e-15+0.j
  -1.50691624e-01+0.j  1.12737867e-14+0.j  2.36054123e-14+0.j
  -5.49088506e-15+0.j  3.68901816e-01+0.j -9.60413648e-15+0.j
   5.00000000e-01+0.j  2.69952596e-15+0.j  2.44638157e-01+0.j
   6.36119680e-15+0.j  3.14629940e-14+0.j]
 [-1.00173342e-13+0.j -9.19337817e-16+0.j -7.78904331e-03+0.j
  -5.81928982e-16+0.j -3.40495427e-13+0.j  1.40454547e-15+0.j
   2.04343039e-02+0.j  8.23299334e-16+0.j -1.09791516e-13+0.j
  -8.60426967e-16+0.j -5.25418523e-02+0.j -1.81854734e-15+0.j
  -9.78384040e-16+0.j  7.94886286e-16+0.j  2.44638158e-01+0.j
   2.69604494e-15+0.j  5.00000000e-01+0.j -1.05182567e-16+0.j
   4.20049755e-01+0.j -7.06051372e-15+0.j]
 [-8.54039626e-16+0.j -1.65362515e-13+0.j  7.22774133e-16+0.j
  -7.78915238e-03+0.j  2.43664685e-15+0.j -5.18057819e-14+0.j
  -7.03034993e-16+0.j  2.04338924e-02+0.j -1.38822673e-15+0.j
  -1.60392533e-14+0.j  2.80142782e-15+0.j -5.25418686e-02+0.j
   1.03841229e-15+0.j  1.44675938e-14+0.j -3.84417273e-15+0.j
   2.44638157e-01+0.j -1.06635041e-16+0.j  5.00000000e-01+0.j
   7.80696106e-15+0.j  4.20049744e-01+0.j]
 [ 7.90951304e-02+0.j -9.79054544e-14+0.j  4.75093028e-13+0.j
  -2.41869991e-14+0.j -9.02600089e-02+0.j -5.82242739e-15+0.j
   7.59717837e-13+0.j  1.16900585e-14+0.j  1.13612552e-01+0.j
   7.54532393e-15+0.j -1.24540135e-14+0.j -8.73197762e-15+0.j
  -1.69644894e-01+0.j -8.16909443e-15+0.j  2.21235790e-14+0.j
   6.35499366e-15+0.j  4.20049755e-01+0.j  7.81521224e-15+0.j
   5.00000000e-01+0.j -4.15988598e-15+0.j]
 [ 9.54904471e-14+0.j  7.90951965e-02+0.j -2.36341315e-14+0.j
   5.26544680e-14+0.j  7.50691644e-15+0.j -9.02594929e-02+0.j
   1.01652181e-14+0.j  7.39947978e-14+0.j -7.46003656e-15+0.j
   1.13612377e-01+0.j -8.19982806e-15+0.j -3.19553098e-14+0.j
   8.09948266e-15+0.j -1.69644893e-01+0.j  5.67175683e-15+0.j
   3.14719838e-14+0.j -7.05251092e-15+0.j  4.20049744e-01+0.j
  -4.15382158e-15+0.j  5.00000000e-01+0.j]]
W= [0.19162834+0.j 0.20984444+0.j 0.21024955+0.j 0.21239985+0.j
 0.21238177+0.j 0.21238176+0.j 0.21239984+0.j 0.21024955+0.j
 0.20984444+0.j 0.19162834+0.j]
local approximation with  1 sites
local interactions on sites [[0], [1], [2], [3], [4], [5], [6], [7], [8], [9]]
Functional for interaction on sites [0]
aca-directory for images already exists
aca-directory for images already exists
aca-directory for images already exists
interacting orbitals: [0, 1]
mapping: [0, 1, 2, 3, 4, 5, 6, 7, 8, 9, 10, 11, 12, 13, 14, 15, 16, 17, 18, 19]
aca-directory for images already exists
aca-directory for images already exists
aca-directory for images already exists
orbinteractaca= [0, 1]
aca-directory for images already exists
aca-directory for images already exists
aca-directory for images already exists
aca-directory for images already exists
aca-directory for images already exists
aca-directory for images already exists
aca-directory for images already exists
aca-directory for images already exists
aca-directory for images already exists
aca-directory for images already exists
aca-directory for images already exists
aca-directory for images already exists
aca-directory for images already exists
aca-directory for images already exists
aca-directory for images already exists
aca-directory for images already exists
aca-directory for images already exists
aca-directory for images already exists
aca-directory for images already exists
aca-directory for images already exists
aca-directory for images already exists
aca-directory for images already exists
aca-directory for images already exists
aca-directory for images already exists
aca-directory for images already exists
aca-directory for images already exists
aca-directory for images already exists
aca-directory for images already exists
aca-directory for images already exists
aca-directory for images already exists
aca-directory for images already exists
aca-directory for images already exists
aca-directory for images already exists
aca-directory for images already exists
aca-directory for images already exists
aca-directory for images already exists
aca-directory for images already exists
aca-directory for images already exists
aca-directory for images already exists
aca-directory for images already exists
aca-directory for images already exists
aca-directory for images already exists
aca-directory for images already exists
aca-directory for images already exists
aca-directory for images already exists
aca-directory for images already exists
aca-directory for images already exists
aca-directory for images already exists
aca-directory for images already exists
aca-directory for images already exists
aca-directory for images already exists
aca-directory for images already exists
aca-directory for images already exists
aca-directory for images already exists
aca-directory for images already exists
aca-directory for images already exists
aca-directory for images already exists
aca: level 9  norb= 20
Daca= [[ 5.00000000e-01+0.j  1.75987876e-13+0.j -4.82215486e-01+0.j
  -1.75852239e-28+0.j  2.13318871e-30+0.j  3.58256345e-32+0.j
  -2.18493269e-17+0.j -1.65493578e-29+0.j  1.47875543e-30+0.j
  -1.58014322e-31+0.j  2.44789017e-17+0.j  5.62913359e-30+0.j
  -1.11794704e-29+0.j  1.10172715e-30+0.j -2.41263005e-17+0.j
   1.71217235e-29+0.j -3.40340460e-29+0.j -2.31413517e-31+0.j
   2.97546701e-17+0.j -1.65847171e-29+0.j]
 [ 1.75987547e-13+0.j  5.00000000e-01+0.j -6.30608777e-17+0.j
  -4.82215625e-01+0.j -9.25828513e-31+0.j -8.12918368e-30+0.j
   4.16234609e-29+0.j -2.63977790e-17+0.j -9.54800941e-32+0.j
   4.61736416e-32+0.j -1.49557052e-29+0.j  1.86481867e-17+0.j
   3.54468403e-31+0.j -1.16501481e-28+0.j  1.88732449e-29+0.j
  -1.15447240e-17+0.j  7.86844415e-32+0.j -3.06173354e-29+0.j
  -1.44730367e-29+0.j  1.74100110e-17+0.j]
 [-4.82215486e-01+0.j -2.78511641e-17+0.j  5.00000000e-01+0.j
  -1.73669554e-13+0.j  1.60865943e-02+0.j  5.30407493e-30+0.j
  -1.34844987e-29+0.j  8.69514157e-32+0.j -1.01304191e-19+0.j
  -2.16879391e-31+0.j -1.36483293e-31+0.j  1.08131443e-32+0.j
   1.51908137e-19+0.j  9.84828690e-31+0.j -3.80932233e-30+0.j
  -1.33144536e-32+0.j  1.37826495e-19+0.j  1.03564524e-31+0.j
   1.83415474e-41+0.j  0.00000000e+00+0.j]
 [ 1.17327619e-17+0.j -4.82215625e-01+0.j -1.73679445e-13+0.j
   5.00000000e-01+0.j  3.15142727e-16+0.j  1.60864533e-02+0.j
   1.00460341e-31+0.j  6.41809414e-30+0.j  9.82726918e-31+0.j
  -8.96524239e-20+0.j -4.28853069e-32+0.j -1.37323315e-29+0.j
   9.74850792e-31+0.j  7.53440034e-19+0.j  2.26200258e-32+0.j
  -3.11331593e-29+0.j  1.75848897e-31+0.j -3.04022977e-19+0.j
  -1.97215227e-31+0.j  3.15544362e-30+0.j]
 [-1.38777878e-17+0.j  1.69521635e-17+0.j  1.60865943e-02+0.j
   3.23320184e-16+0.j  5.00000000e-01+0.j  8.37823281e-14+0.j
   4.80797740e-01+0.j  6.87826807e-29+0.j -4.14025031e-28+0.j
  -2.07099161e-30+0.j  2.52628261e-17+0.j  1.14553045e-29+0.j
   1.48001323e-28+0.j -1.03033168e-30+0.j -1.44506179e-17+0.j
  -1.46321662e-29+0.j  1.92004062e-28+0.j -1.22374032e-30+0.j
   3.44698384e-17+0.j  4.21103897e-30+0.j]
 [ 1.35804712e-17+0.j  3.12250226e-17+0.j  4.11404887e-18+0.j
   1.60864533e-02+0.j  8.37901414e-14+0.j  5.00000000e-01+0.j
  -5.40649361e-16+0.j  4.80797551e-01+0.j  2.83771238e-30+0.j
  -1.46823669e-28+0.j -3.33360036e-30+0.j -5.28999959e-17+0.j
  -2.06168939e-30+0.j -6.97673504e-28+0.j  3.09762601e-30+0.j
   7.84853924e-17+0.j  3.72344518e-31+0.j -7.40301060e-28+0.j
  -7.58877598e-29+0.j -6.44868017e-17+0.j]
 [ 1.14713733e-18+0.j -1.22403002e-18+0.j -4.10836468e-17+0.j
  -5.68252464e-18+0.j  4.80797740e-01+0.j -5.36517967e-16+0.j
   5.00000000e-01+0.j -8.49219093e-14+0.j  8.42230263e-03+0.j
  -5.25887041e-31+0.j -1.24672860e-29+0.j  2.90615801e-31+0.j
  -1.14480489e-18+0.j -3.77327251e-31+0.j -2.54107262e-29+0.j
   1.60602888e-32+0.j  3.00794308e-19+0.j -1.06612616e-32+0.j
   2.52435490e-29+0.j  2.95822839e-31+0.j]
 [-3.97981694e-18+0.j  1.82642089e-16+0.j -1.08284941e-18+0.j
  -5.69419550e-17+0.j  1.01734426e-17+0.j  4.80797551e-01+0.j
  -8.49285196e-14+0.j  5.00000000e-01+0.j -1.16127026e-15+0.j
   8.42240578e-03+0.j -4.03439564e-32+0.j -7.38253000e-31+0.j
  -4.02430712e-31+0.j  3.29348211e-19+0.j -2.95550610e-32+0.j
   1.52684401e-29+0.j  1.61303985e-31+0.j  2.93937478e-19+0.j
  -1.09629686e-38+0.j  1.57772181e-30+0.j]
 [-5.03069808e-17+0.j -2.77173323e-17+0.j  3.47443019e-17+0.j
   1.00343692e-18+0.j -1.85017101e-16+0.j  3.51635677e-17+0.j
   8.42230263e-03+0.j -1.15663106e-15+0.j  5.00000000e-01+0.j
   7.68327624e-14+0.j  4.88995526e-01+0.j  2.68677584e-29+0.j
  -2.29321030e-28+0.j -2.08142772e-29+0.j  3.67856536e-17+0.j
  -2.89542356e-29+0.j -1.46788090e-27+0.j -2.15703001e-31+0.j
  -9.25682898e-17+0.j -2.19682059e-29+0.j]
 [ 1.11065909e-17+0.j -7.02563008e-17+0.j -1.61245012e-17+0.j
  -1.10596054e-16+0.j  1.25060965e-17+0.j -3.30890849e-17+0.j
  -5.05259777e-17+0.j  8.42240578e-03+0.j  7.68451611e-14+0.j
   5.00000000e-01+0.j  1.61836544e-15+0.j  4.88995590e-01+0.j
  -3.01366953e-30+0.j -8.74310092e-28+0.j -8.20114212e-30+0.j
   2.73785337e-17+0.j  8.87862119e-30+0.j  2.51436337e-27+0.j
   2.08698876e-29+0.j -8.25009317e-17+0.j]
 [ 1.22585748e-17+0.j -2.81265053e-17+0.j -3.51614075e-17+0.j
   7.47876448e-18+0.j  1.62957912e-16+0.j  1.38095629e-17+0.j
   1.79956550e-16+0.j -2.37554309e-17+0.j  4.88995526e-01+0.j
   1.60783911e-15+0.j  5.00000000e-01+0.j -7.72951749e-14+0.j
   3.20471357e-03+0.j -7.95745108e-31+0.j  2.41777885e-29+0.j
   1.46291871e-31+0.j -1.02044034e-18+0.j -5.06423586e-31+0.j
   5.04870980e-29+0.j -3.94430453e-31+0.j]
 [-2.48784912e-17+0.j -3.61426538e-17+0.j -3.60723912e-18+0.j
  -5.73477757e-18+0.j  2.18581487e-17+0.j -1.08411147e-16+0.j
   2.91734530e-18+0.j -6.35099780e-17+0.j  1.16685647e-17+0.j
   4.88995590e-01+0.j -7.72940377e-14+0.j  5.00000000e-01+0.j
   8.03148736e-16+0.j  3.20488491e-03+0.j -5.29006939e-33+0.j
  -2.68418167e-29+0.j  5.71299075e-31+0.j  8.74232785e-20+0.j
  -9.86091186e-32+0.j -1.26217745e-29+0.j]
 [ 3.29597460e-17+0.j  5.89383453e-18+0.j -6.95343119e-17+0.j
   2.51721407e-18+0.j  2.54207109e-17+0.j -7.71895070e-18+0.j
  -4.58660365e-17+0.j -6.39292003e-18+0.j  5.32509329e-17+0.j
   1.04858142e-17+0.j  3.20471357e-03+0.j  7.98457531e-16+0.j
   5.00000000e-01+0.j  2.42580872e-13+0.j -4.92294276e-01+0.j
   3.59402371e-29+0.j  5.19717083e-27+0.j  1.89047752e-29+0.j
  -1.14538962e-16+0.j -2.73465518e-28+0.j]
 [ 5.04924992e-18+0.j -8.67361738e-19+0.j  2.02288465e-17+0.j
   1.21416838e-16+0.j  8.02180991e-18+0.j -9.93402453e-17+0.j
  -1.51219656e-17+0.j -6.39948626e-17+0.j -1.86000472e-17+0.j
   7.27310266e-17+0.j -4.19566243e-18+0.j  3.20488491e-03+0.j
   2.42562816e-13+0.j  5.00000000e-01+0.j  2.79170402e-16+0.j
  -4.92294437e-01+0.j  1.79499617e-30+0.j -2.82238508e-27+0.j
   4.12255780e-28+0.j -1.28909866e-16+0.j]
 [ 2.74016947e-18+0.j  1.73704821e-17+0.j -8.58653027e-17+0.j
   1.27591060e-17+0.j -3.72755099e-16+0.j  1.48303589e-17+0.j
   5.00419079e-17+0.j -2.80296972e-17+0.j  8.62018603e-17+0.j
  -1.28755013e-17+0.j -7.31937592e-17+0.j  1.07674416e-17+0.j
  -4.92294276e-01+0.j  2.97403503e-16+0.j  5.00000000e-01+0.j
  -2.42995016e-13+0.j -1.29268676e-03+0.j -2.33254808e-32+0.j
  -3.47945846e-42+0.j -3.85185989e-34+0.j]
 [ 8.12935871e-18+0.j  2.32219076e-18+0.j -2.99148223e-18+0.j
   1.12356070e-17+0.j  2.14099114e-17+0.j -2.55980161e-17+0.j
   8.02820674e-18+0.j  3.81829261e-17+0.j -4.91661679e-19+0.j
   8.28896849e-17+0.j -3.50010339e-18+0.j -6.27803304e-18+0.j
  -1.24196110e-19+0.j -4.92294437e-01+0.j -2.42983748e-13+0.j
   5.00000000e-01+0.j -1.48046453e-15+0.j -1.29269977e-03+0.j
  -6.34643596e-38+0.j  0.00000000e+00+0.j]
 [ 3.12250226e-17+0.j -2.95454966e-18+0.j  4.99285245e-17+0.j
   3.93664245e-19+0.j -2.63359703e-17+0.j  7.99016119e-18+0.j
  -1.99433090e-17+0.j  1.81395180e-18+0.j  3.82555674e-17+0.j
  -1.04843454e-17+0.j  1.11309874e-16+0.j  4.56055751e-18+0.j
   1.20136666e-17+0.j -2.58517020e-17+0.j -1.29268676e-03+0.j
  -1.48987591e-15+0.j  5.00000000e-01+0.j  2.09076498e-13+0.j
  -4.93673485e-01+0.j  0.00000000e+00+0.j]
 [ 1.64053013e-18+0.j -5.20417043e-18+0.j -1.55597589e-18+0.j
  -5.94504228e-17+0.j -4.52950791e-18+0.j  1.87760167e-17+0.j
  -2.93928560e-17+0.j -1.08027221e-16+0.j  1.11671471e-17+0.j
  -4.73961315e-17+0.j  2.51382335e-17+0.j  4.13679945e-17+0.j
   2.21946036e-17+0.j -4.31641080e-17+0.j -8.35791437e-18+0.j
  -1.29269977e-03+0.j  2.09055086e-13+0.j  5.00000000e-01+0.j
   6.95588945e-16+0.j  4.93673318e-01+0.j]
 [ 2.39818768e-18+0.j -1.51543240e-17+0.j -2.25466565e-17+0.j
  -1.24019901e-18+0.j  3.12589451e-16+0.j -5.90493764e-18+0.j
  -3.08701854e-17+0.j -7.82501629e-19+0.j -2.48053449e-16+0.j
  -2.46053898e-17+0.j -3.92487953e-17+0.j -1.35708554e-18+0.j
  -2.61470186e-16+0.j -1.50779380e-17+0.j -7.54939938e-17+0.j
   1.85788041e-17+0.j -4.93673485e-01+0.j  7.22699299e-16+0.j
   5.00000000e-01+0.j  2.09480014e-13+0.j]
 [-8.74191555e-18+0.j -1.01460177e-17+0.j -8.69081647e-19+0.j
  -1.08496397e-17+0.j -3.93029634e-18+0.j -1.19997953e-16+0.j
   5.36308446e-18+0.j -6.00330840e-17+0.j  1.49611679e-18+0.j
  -3.60056688e-16+0.j -1.05375720e-17+0.j  2.84266612e-17+0.j
  -6.14932078e-18+0.j  1.07012527e-16+0.j -7.08040670e-18+0.j
   3.71405336e-17+0.j -4.73347335e-18+0.j  4.93673318e-01+0.j
   2.09479161e-13+0.j  5.00000000e-01+0.j]]
rounding Naca1 to integer
rounding Naca2 to integer
Naca= (5, 5)
nq= 20
variational state:
        ┌──────────┐┌───────────┐┌───┐     ┌───────────┐┌───────────┐»
 q0_0: ─┤ Ry(y[0]) ├┤ Rz(y[20]) ├┤ X ├──■──┤ Ry(y[40]) ├┤ Rz(y[60]) ├»
        ├──────────┤├───────────┤└─┬─┘┌─┴─┐└───────────┘├───────────┤»
 q0_1: ─┤ Ry(y[1]) ├┤ Rz(y[21]) ├──┼──┤ X ├──────■──────┤ Ry(y[41]) ├»
        ├──────────┤├───────────┤  │  └───┘    ┌─┴─┐    └───────────┘»
 q0_2: ─┤ Ry(y[2]) ├┤ Rz(y[22]) ├──┼───────────┤ X ├──────────■──────»
        ├──────────┤├───────────┤  │           └───┘        ┌─┴─┐    »
 q0_3: ─┤ Ry(y[3]) ├┤ Rz(y[23]) ├──┼────────────────────────┤ X ├────»
        ├──────────┤├───────────┤  │                        └───┘    »
 q0_4: ─┤ Ry(y[4]) ├┤ Rz(y[24]) ├──┼─────────────────────────────────»
        ├──────────┤├───────────┤  │                                 »
 q0_5: ─┤ Ry(y[5]) ├┤ Rz(y[25]) ├──┼─────────────────────────────────»
        ├──────────┤├───────────┤  │                                 »
 q0_6: ─┤ Ry(y[6]) ├┤ Rz(y[26]) ├──┼─────────────────────────────────»
        ├──────────┤├───────────┤  │                                 »
 q0_7: ─┤ Ry(y[7]) ├┤ Rz(y[27]) ├──┼─────────────────────────────────»
        ├──────────┤├───────────┤  │                                 »
 q0_8: ─┤ Ry(y[8]) ├┤ Rz(y[28]) ├──┼─────────────────────────────────»
        ├──────────┤├───────────┤  │                                 »
 q0_9: ─┤ Ry(y[9]) ├┤ Rz(y[29]) ├──┼─────────────────────────────────»
       ┌┴──────────┤├───────────┤  │                                 »
q0_10: ┤ Ry(y[10]) ├┤ Rz(y[30]) ├──┼─────────────────────────────────»
       ├───────────┤├───────────┤  │                                 »
q0_11: ┤ Ry(y[11]) ├┤ Rz(y[31]) ├──┼─────────────────────────────────»
       ├───────────┤├───────────┤  │                                 »
q0_12: ┤ Ry(y[12]) ├┤ Rz(y[32]) ├──┼─────────────────────────────────»
       ├───────────┤├───────────┤  │                                 »
q0_13: ┤ Ry(y[13]) ├┤ Rz(y[33]) ├──┼─────────────────────────────────»
       ├───────────┤├───────────┤  │                                 »
q0_14: ┤ Ry(y[14]) ├┤ Rz(y[34]) ├──┼─────────────────────────────────»
       ├───────────┤├───────────┤  │                                 »
q0_15: ┤ Ry(y[15]) ├┤ Rz(y[35]) ├──┼─────────────────────────────────»
       ├───────────┤├───────────┤  │                                 »
q0_16: ┤ Ry(y[16]) ├┤ Rz(y[36]) ├──┼─────────────────────────────────»
       ├───────────┤├───────────┤  │                                 »
q0_17: ┤ Ry(y[17]) ├┤ Rz(y[37]) ├──┼─────────────────────────────────»
       ├───────────┤├───────────┤  │                                 »
q0_18: ┤ Ry(y[18]) ├┤ Rz(y[38]) ├──┼─────────────────────────────────»
       ├───────────┤├───────────┤  │                                 »
q0_19: ┤ Ry(y[19]) ├┤ Rz(y[39]) ├──■─────────────────────────────────»
       └───────────┘└───────────┘                                    »
c0: 20/══════════════════════════════════════════════════════════════»
                                                                     »
«                                                                        »
« q0_0: ─────────────────────────────────────────────────────────────────»
«       ┌───────────┐                                                    »
« q0_1: ┤ Rz(y[61]) ├────────────────────────────────────────────────────»
«       ├───────────┤┌───────────┐                                       »
« q0_2: ┤ Ry(y[42]) ├┤ Rz(y[62]) ├───────────────────────────────────────»
«       └───────────┘├───────────┤┌───────────┐                          »
« q0_3: ──────■──────┤ Ry(y[43]) ├┤ Rz(y[63]) ├──────────────────────────»
«           ┌─┴─┐    └───────────┘├───────────┤┌───────────┐             »
« q0_4: ────┤ X ├──────────■──────┤ Ry(y[44]) ├┤ Rz(y[64]) ├─────────────»
«           └───┘        ┌─┴─┐    └───────────┘├───────────┤┌───────────┐»
« q0_5: ─────────────────┤ X ├──────────■──────┤ Ry(y[45]) ├┤ Rz(y[65]) ├»
«                        └───┘        ┌─┴─┐    └───────────┘├───────────┤»
« q0_6: ──────────────────────────────┤ X ├──────────■──────┤ Ry(y[46]) ├»
«                                     └───┘        ┌─┴─┐    └───────────┘»
« q0_7: ───────────────────────────────────────────┤ X ├──────────■──────»
«                                                  └───┘        ┌─┴─┐    »
« q0_8: ────────────────────────────────────────────────────────┤ X ├────»
«                                                               └───┘    »
« q0_9: ─────────────────────────────────────────────────────────────────»
«                                                                        »
«q0_10: ─────────────────────────────────────────────────────────────────»
«                                                                        »
«q0_11: ─────────────────────────────────────────────────────────────────»
«                                                                        »
«q0_12: ─────────────────────────────────────────────────────────────────»
«                                                                        »
«q0_13: ─────────────────────────────────────────────────────────────────»
«                                                                        »
«q0_14: ─────────────────────────────────────────────────────────────────»
«                                                                        »
«q0_15: ─────────────────────────────────────────────────────────────────»
«                                                                        »
«q0_16: ─────────────────────────────────────────────────────────────────»
«                                                                        »
«q0_17: ─────────────────────────────────────────────────────────────────»
«                                                                        »
«q0_18: ─────────────────────────────────────────────────────────────────»
«                                                                        »
«q0_19: ─────────────────────────────────────────────────────────────────»
«                                                                        »
«c0: 20/═════════════════════════════════════════════════════════════════»
«                                                                        »
«                                                                        »
« q0_0: ─────────────────────────────────────────────────────────────────»
«                                                                        »
« q0_1: ─────────────────────────────────────────────────────────────────»
«                                                                        »
« q0_2: ─────────────────────────────────────────────────────────────────»
«                                                                        »
« q0_3: ─────────────────────────────────────────────────────────────────»
«                                                                        »
« q0_4: ─────────────────────────────────────────────────────────────────»
«                                                                        »
« q0_5: ─────────────────────────────────────────────────────────────────»
«       ┌───────────┐                                                    »
« q0_6: ┤ Rz(y[66]) ├────────────────────────────────────────────────────»
«       ├───────────┤┌───────────┐                                       »
« q0_7: ┤ Ry(y[47]) ├┤ Rz(y[67]) ├───────────────────────────────────────»
«       └───────────┘├───────────┤┌───────────┐                          »
« q0_8: ──────■──────┤ Ry(y[48]) ├┤ Rz(y[68]) ├──────────────────────────»
«           ┌─┴─┐    └───────────┘├───────────┤┌───────────┐             »
« q0_9: ────┤ X ├──────────■──────┤ Ry(y[49]) ├┤ Rz(y[69]) ├─────────────»
«           └───┘        ┌─┴─┐    └───────────┘├───────────┤┌───────────┐»
«q0_10: ─────────────────┤ X ├──────────■──────┤ Ry(y[50]) ├┤ Rz(y[70]) ├»
«                        └───┘        ┌─┴─┐    └───────────┘├───────────┤»
«q0_11: ──────────────────────────────┤ X ├──────────■──────┤ Ry(y[51]) ├»
«                                     └───┘        ┌─┴─┐    └───────────┘»
«q0_12: ───────────────────────────────────────────┤ X ├──────────■──────»
«                                                  └───┘        ┌─┴─┐    »
«q0_13: ────────────────────────────────────────────────────────┤ X ├────»
«                                                               └───┘    »
«q0_14: ─────────────────────────────────────────────────────────────────»
«                                                                        »
«q0_15: ─────────────────────────────────────────────────────────────────»
«                                                                        »
«q0_16: ─────────────────────────────────────────────────────────────────»
«                                                                        »
«q0_17: ─────────────────────────────────────────────────────────────────»
«                                                                        »
«q0_18: ─────────────────────────────────────────────────────────────────»
«                                                                        »
«q0_19: ─────────────────────────────────────────────────────────────────»
«                                                                        »
«c0: 20/═════════════════════════════════════════════════════════════════»
«                                                                        »
«                                                                        »
« q0_0: ─────────────────────────────────────────────────────────────────»
«                                                                        »
« q0_1: ─────────────────────────────────────────────────────────────────»
«                                                                        »
« q0_2: ─────────────────────────────────────────────────────────────────»
«                                                                        »
« q0_3: ─────────────────────────────────────────────────────────────────»
«                                                                        »
« q0_4: ─────────────────────────────────────────────────────────────────»
«                                                                        »
« q0_5: ─────────────────────────────────────────────────────────────────»
«                                                                        »
« q0_6: ─────────────────────────────────────────────────────────────────»
«                                                                        »
« q0_7: ─────────────────────────────────────────────────────────────────»
«                                                                        »
« q0_8: ─────────────────────────────────────────────────────────────────»
«                                                                        »
« q0_9: ─────────────────────────────────────────────────────────────────»
«                                                                        »
«q0_10: ─────────────────────────────────────────────────────────────────»
«       ┌───────────┐                                                    »
«q0_11: ┤ Rz(y[71]) ├────────────────────────────────────────────────────»
«       ├───────────┤┌───────────┐                                       »
«q0_12: ┤ Ry(y[52]) ├┤ Rz(y[72]) ├───────────────────────────────────────»
«       └───────────┘├───────────┤┌───────────┐                          »
«q0_13: ──────■──────┤ Ry(y[53]) ├┤ Rz(y[73]) ├──────────────────────────»
«           ┌─┴─┐    └───────────┘├───────────┤┌───────────┐             »
«q0_14: ────┤ X ├──────────■──────┤ Ry(y[54]) ├┤ Rz(y[74]) ├─────────────»
«           └───┘        ┌─┴─┐    └───────────┘├───────────┤┌───────────┐»
«q0_15: ─────────────────┤ X ├──────────■──────┤ Ry(y[55]) ├┤ Rz(y[75]) ├»
«                        └───┘        ┌─┴─┐    └───────────┘├───────────┤»
«q0_16: ──────────────────────────────┤ X ├──────────■──────┤ Ry(y[56]) ├»
«                                     └───┘        ┌─┴─┐    └───────────┘»
«q0_17: ───────────────────────────────────────────┤ X ├──────────■──────»
«                                                  └───┘        ┌─┴─┐    »
«q0_18: ────────────────────────────────────────────────────────┤ X ├────»
«                                                               └───┘    »
«q0_19: ─────────────────────────────────────────────────────────────────»
«                                                                        »
«c0: 20/═════════════════════════════════════════════════════════════════»
«                                                                        »
«                                              ┌───┐     ┌───────────┐»
« q0_0: ───────────────────────────────────────┤ X ├──■──┤ Ry(y[80]) ├»
«                                              └─┬─┘┌─┴─┐└───────────┘»
« q0_1: ─────────────────────────────────────────┼──┤ X ├──────■──────»
«                                                │  └───┘    ┌─┴─┐    »
« q0_2: ─────────────────────────────────────────┼───────────┤ X ├────»
«                                                │           └───┘    »
« q0_3: ─────────────────────────────────────────┼────────────────────»
«                                                │                    »
« q0_4: ─────────────────────────────────────────┼────────────────────»
«                                                │                    »
« q0_5: ─────────────────────────────────────────┼────────────────────»
«                                                │                    »
« q0_6: ─────────────────────────────────────────┼────────────────────»
«                                                │                    »
« q0_7: ─────────────────────────────────────────┼────────────────────»
«                                                │                    »
« q0_8: ─────────────────────────────────────────┼────────────────────»
«                                                │                    »
« q0_9: ─────────────────────────────────────────┼────────────────────»
«                                                │                    »
«q0_10: ─────────────────────────────────────────┼────────────────────»
«                                                │                    »
«q0_11: ─────────────────────────────────────────┼────────────────────»
«                                                │                    »
«q0_12: ─────────────────────────────────────────┼────────────────────»
«                                                │                    »
«q0_13: ─────────────────────────────────────────┼────────────────────»
«                                                │                    »
«q0_14: ─────────────────────────────────────────┼────────────────────»
«                                                │                    »
«q0_15: ─────────────────────────────────────────┼────────────────────»
«       ┌───────────┐                            │                    »
«q0_16: ┤ Rz(y[76]) ├────────────────────────────┼────────────────────»
«       ├───────────┤┌───────────┐               │                    »
«q0_17: ┤ Ry(y[57]) ├┤ Rz(y[77]) ├───────────────┼────────────────────»
«       └───────────┘├───────────┤┌───────────┐  │                    »
«q0_18: ──────■──────┤ Ry(y[58]) ├┤ Rz(y[78]) ├──┼────────────────────»
«           ┌─┴─┐    ├───────────┤├───────────┤  │                    »
«q0_19: ────┤ X ├────┤ Ry(y[59]) ├┤ Rz(y[79]) ├──■────────────────────»
«           └───┘    └───────────┘└───────────┘                       »
«c0: 20/══════════════════════════════════════════════════════════════»
«                                                                     »
«       ┌────────────┐                                                        »
« q0_0: ┤ Rz(y[100]) ├────────────────────────────────────────────────────────»
«       ├───────────┬┘┌────────────┐                                          »
« q0_1: ┤ Ry(y[81]) ├─┤ Rz(y[101]) ├──────────────────────────────────────────»
«       └───────────┘ ├───────────┬┘┌────────────┐                            »
« q0_2: ──────■───────┤ Ry(y[82]) ├─┤ Rz(y[102]) ├────────────────────────────»
«           ┌─┴─┐     └───────────┘ ├───────────┬┘┌────────────┐              »
« q0_3: ────┤ X ├───────────■───────┤ Ry(y[83]) ├─┤ Rz(y[103]) ├──────────────»
«           └───┘         ┌─┴─┐     └───────────┘ ├───────────┬┘┌────────────┐»
« q0_4: ──────────────────┤ X ├───────────■───────┤ Ry(y[84]) ├─┤ Rz(y[104]) ├»
«                         └───┘         ┌─┴─┐     └───────────┘ ├───────────┬┘»
« q0_5: ────────────────────────────────┤ X ├───────────■───────┤ Ry(y[85]) ├─»
«                                       └───┘         ┌─┴─┐     └───────────┘ »
« q0_6: ──────────────────────────────────────────────┤ X ├───────────■───────»
«                                                     └───┘         ┌─┴─┐     »
« q0_7: ────────────────────────────────────────────────────────────┤ X ├─────»
«                                                                   └───┘     »
« q0_8: ──────────────────────────────────────────────────────────────────────»
«                                                                             »
« q0_9: ──────────────────────────────────────────────────────────────────────»
«                                                                             »
«q0_10: ──────────────────────────────────────────────────────────────────────»
«                                                                             »
«q0_11: ──────────────────────────────────────────────────────────────────────»
«                                                                             »
«q0_12: ──────────────────────────────────────────────────────────────────────»
«                                                                             »
«q0_13: ──────────────────────────────────────────────────────────────────────»
«                                                                             »
«q0_14: ──────────────────────────────────────────────────────────────────────»
«                                                                             »
«q0_15: ──────────────────────────────────────────────────────────────────────»
«                                                                             »
«q0_16: ──────────────────────────────────────────────────────────────────────»
«                                                                             »
«q0_17: ──────────────────────────────────────────────────────────────────────»
«                                                                             »
«q0_18: ──────────────────────────────────────────────────────────────────────»
«                                                                             »
«q0_19: ──────────────────────────────────────────────────────────────────────»
«                                                                             »
«c0: 20/══════════════════════════════════════════════════════════════════════»
«                                                                             »
«                                                                             »
« q0_0: ──────────────────────────────────────────────────────────────────────»
«                                                                             »
« q0_1: ──────────────────────────────────────────────────────────────────────»
«                                                                             »
« q0_2: ──────────────────────────────────────────────────────────────────────»
«                                                                             »
« q0_3: ──────────────────────────────────────────────────────────────────────»
«                                                                             »
« q0_4: ──────────────────────────────────────────────────────────────────────»
«       ┌────────────┐                                                        »
« q0_5: ┤ Rz(y[105]) ├────────────────────────────────────────────────────────»
«       ├───────────┬┘┌────────────┐                                          »
« q0_6: ┤ Ry(y[86]) ├─┤ Rz(y[106]) ├──────────────────────────────────────────»
«       └───────────┘ ├───────────┬┘┌────────────┐                            »
« q0_7: ──────■───────┤ Ry(y[87]) ├─┤ Rz(y[107]) ├────────────────────────────»
«           ┌─┴─┐     └───────────┘ ├───────────┬┘┌────────────┐              »
« q0_8: ────┤ X ├───────────■───────┤ Ry(y[88]) ├─┤ Rz(y[108]) ├──────────────»
«           └───┘         ┌─┴─┐     └───────────┘ ├───────────┬┘┌────────────┐»
« q0_9: ──────────────────┤ X ├───────────■───────┤ Ry(y[89]) ├─┤ Rz(y[109]) ├»
«                         └───┘         ┌─┴─┐     └───────────┘ ├───────────┬┘»
«q0_10: ────────────────────────────────┤ X ├───────────■───────┤ Ry(y[90]) ├─»
«                                       └───┘         ┌─┴─┐     └───────────┘ »
«q0_11: ──────────────────────────────────────────────┤ X ├───────────■───────»
«                                                     └───┘         ┌─┴─┐     »
«q0_12: ────────────────────────────────────────────────────────────┤ X ├─────»
«                                                                   └───┘     »
«q0_13: ──────────────────────────────────────────────────────────────────────»
«                                                                             »
«q0_14: ──────────────────────────────────────────────────────────────────────»
«                                                                             »
«q0_15: ──────────────────────────────────────────────────────────────────────»
«                                                                             »
«q0_16: ──────────────────────────────────────────────────────────────────────»
«                                                                             »
«q0_17: ──────────────────────────────────────────────────────────────────────»
«                                                                             »
«q0_18: ──────────────────────────────────────────────────────────────────────»
«                                                                             »
«q0_19: ──────────────────────────────────────────────────────────────────────»
«                                                                             »
«c0: 20/══════════════════════════════════════════════════════════════════════»
«                                                                             »
«                                                                             »
« q0_0: ──────────────────────────────────────────────────────────────────────»
«                                                                             »
« q0_1: ──────────────────────────────────────────────────────────────────────»
«                                                                             »
« q0_2: ──────────────────────────────────────────────────────────────────────»
«                                                                             »
« q0_3: ──────────────────────────────────────────────────────────────────────»
«                                                                             »
« q0_4: ──────────────────────────────────────────────────────────────────────»
«                                                                             »
« q0_5: ──────────────────────────────────────────────────────────────────────»
«                                                                             »
« q0_6: ──────────────────────────────────────────────────────────────────────»
«                                                                             »
« q0_7: ──────────────────────────────────────────────────────────────────────»
«                                                                             »
« q0_8: ──────────────────────────────────────────────────────────────────────»
«                                                                             »
« q0_9: ──────────────────────────────────────────────────────────────────────»
«       ┌────────────┐                                                        »
«q0_10: ┤ Rz(y[110]) ├────────────────────────────────────────────────────────»
«       ├───────────┬┘┌────────────┐                                          »
«q0_11: ┤ Ry(y[91]) ├─┤ Rz(y[111]) ├──────────────────────────────────────────»
«       └───────────┘ ├───────────┬┘┌────────────┐                            »
«q0_12: ──────■───────┤ Ry(y[92]) ├─┤ Rz(y[112]) ├────────────────────────────»
«           ┌─┴─┐     └───────────┘ ├───────────┬┘┌────────────┐              »
«q0_13: ────┤ X ├───────────■───────┤ Ry(y[93]) ├─┤ Rz(y[113]) ├──────────────»
«           └───┘         ┌─┴─┐     └───────────┘ ├───────────┬┘┌────────────┐»
«q0_14: ──────────────────┤ X ├───────────■───────┤ Ry(y[94]) ├─┤ Rz(y[114]) ├»
«                         └───┘         ┌─┴─┐     └───────────┘ ├───────────┬┘»
«q0_15: ────────────────────────────────┤ X ├───────────■───────┤ Ry(y[95]) ├─»
«                                       └───┘         ┌─┴─┐     └───────────┘ »
«q0_16: ──────────────────────────────────────────────┤ X ├───────────■───────»
«                                                     └───┘         ┌─┴─┐     »
«q0_17: ────────────────────────────────────────────────────────────┤ X ├─────»
«                                                                   └───┘     »
«q0_18: ──────────────────────────────────────────────────────────────────────»
«                                                                             »
«q0_19: ──────────────────────────────────────────────────────────────────────»
«                                                                             »
«c0: 20/══════════════════════════════════════════════════════════════════════»
«                                                                             »
«                                                               
« q0_0: ────────────────────────────────────────────────────────
«                                                               
« q0_1: ────────────────────────────────────────────────────────
«                                                               
« q0_2: ────────────────────────────────────────────────────────
«                                                               
« q0_3: ────────────────────────────────────────────────────────
«                                                               
« q0_4: ────────────────────────────────────────────────────────
«                                                               
« q0_5: ────────────────────────────────────────────────────────
«                                                               
« q0_6: ────────────────────────────────────────────────────────
«                                                               
« q0_7: ────────────────────────────────────────────────────────
«                                                               
« q0_8: ────────────────────────────────────────────────────────
«                                                               
« q0_9: ────────────────────────────────────────────────────────
«                                                               
«q0_10: ────────────────────────────────────────────────────────
«                                                               
«q0_11: ────────────────────────────────────────────────────────
«                                                               
«q0_12: ────────────────────────────────────────────────────────
«                                                               
«q0_13: ────────────────────────────────────────────────────────
«                                                               
«q0_14: ────────────────────────────────────────────────────────
«       ┌────────────┐                                          
«q0_15: ┤ Rz(y[115]) ├──────────────────────────────────────────
«       ├───────────┬┘┌────────────┐                            
«q0_16: ┤ Ry(y[96]) ├─┤ Rz(y[116]) ├────────────────────────────
«       └───────────┘ ├───────────┬┘┌────────────┐              
«q0_17: ──────■───────┤ Ry(y[97]) ├─┤ Rz(y[117]) ├──────────────
«           ┌─┴─┐     └───────────┘ ├───────────┬┘┌────────────┐
«q0_18: ────┤ X ├───────────■───────┤ Ry(y[98]) ├─┤ Rz(y[118]) ├
«           └───┘         ┌─┴─┐     ├───────────┤ ├────────────┤
«q0_19: ──────────────────┤ X ├─────┤ Ry(y[99]) ├─┤ Rz(y[119]) ├
«                         └───┘     └───────────┘ └────────────┘
«c0: 20/════════════════════════════════════════════════════════
«                                                               
ansatz-state is written to ansatz.txt
building constraints...
number of constraints= 400
unique pauliops 780
graphclique-cliquecover: 780 with commutationmode disjointqubits
strategy largest_first 534
strategy random_sequential 534
strategy smallest_last 534
strategy independent_set 561
strategy connected_sequential_bfs 534
strategy connected_sequential_dfs 534
strategy saturation_largest_first 534
number of cliques 534
clique 0 ['IIIIIIIIXIXYYIIIXIXX', 'IIIIIIIIIIIIIIIIIZII', 'IIIIIIIIIIIIIYYXIIII', 'IIIIIIIIIZIIIIIIIIII', 'IIIIIYYXIIIIIIIIIIII', 'XIXXXIIIIIIIIIIIIIII', 'IZIIIIIIIIIIIIIIIIII']
clique 1 ['IIIIIIIIXIXXYIIIXIXY', 'IIIIIIIIIIIIIIIIIXII', 'IIIIIIIIIIIIIXYYIIII', 'IIIIIIIIIXIIIIIIIIII', 'IIIIIXYYIIIIIIIIIIII', 'XIXYXIIIIIIIIIIIIIII', 'IXIIIIIIIIIIIIIIIIII']
clique 2 ['IIIIIIIIXIXXYIIIXIXX', 'IIIIIIIIIIIIIIIIIYII', 'IIIIIIIIIIIIIXYXIIII', 'IIIIIIIIIYIIIIIIIIII', 'IIIIIXYXIIIIIIIIIIII', 'XIXZXIIIIIIIIIIIIIII', 'IYIIIIIIIIIIIIIIIIII']
clique 3 ['IIIIIIIIXIXYYIIIXIXY', 'IIIIIIIIIIIIIYYYIIII', 'IIIIIYYYIIIIIIIIIIII', 'XXZIXIIIIIIIIIIIIIII', 'IIIZIIIIIIIIIIIIIIII']
clique 4 ['IIIIIIIIXIXZYIIIXIXY', 'IIIIIIIIIIIIIZYYIIII', 'IIIIIZYYIIIIIIIIIIII', 'XYZIXIIIIIIIIIIIIIII', 'IIIXIIIIIIIIIIIIIIII']
clique 5 ['IIIIIIIIXIXZYIIIXIXX', 'IIIIIIIIIIIIIZYXIIII', 'IIIIIZYXIIIIIIIIIIII', 'XZZIXIIIIIIIIIIIIIII', 'IIIYIIIIIIIIIIIIIIII']
clique 6 ['IIIIIIIIXYZIYIIIXIXX', 'IIIIIIIIIIIIIYYZIIII', 'IIIIIIIIIIIZIIIIIIII', 'IIIIIYYZIIIIIIIIIIII', 'XIYIXIIIIIIIIIIIIIII']
clique 7 ['IIIIIIIIXXZIYIIIXIXY', 'IIIIIIIIIIIIIXYZIIII', 'IIIIIIIIIIIXIIIIIIII', 'IIIIIXYZIIIIIIIIIIII', 'YIIIXIIIIIIIIIIIIIII', 'IYYXIIIIIIIIIIIIIIII']
clique 8 ['IIIIIIIIXXZIYIIIXIXX', 'IIIIIIIIIIIIIZYZIIII', 'IIIIIIIIIIIYIIIIIIII', 'IIIIIZYZIIIIIIIIIIII', 'ZIXXIIIIIIIIIIIIIIII']
clique 9 ['IIIIIIIIXYZIYIIIXIXY', 'IIIIIIIIIIIIIIZXIIII', 'IIIIIIIIIIIIIZIIIIII', 'IIIIIIZXIIIIIIIIIIII', 'IIIIIZIIIIIIIIIIIIII', 'ZIXYIIIIIIIIIIIIIIII']
clique 10 ['IIIIIIIIXZZIYIIIXIXY', 'IIIIIIIIIIIIIIZYIIII', 'IIIIIIIIIIIIIXIIIIII', 'IIIIIIZYIIIIIIIIIIII', 'IIIIIXIIIIIIIIIIIIII', 'ZIXZIIIIIIIIIIIIIIII']
clique 11 ['IIIIIIIIXZZIYIIIXIXX', 'IIIIIIIIIIIIIIZZIIII', 'IIIIIIIIIIIIIYIIIIII', 'IIIIIIZZIIIIIIIIIIII', 'IIIIIYIIIIIIIIIIIIII', 'ZXZIIIIIIIIIIIIIIIII']
clique 12 ['IIIIIIXYZIIIYIIIXIXX', 'IIIIIIIIIIIIIIIZIIII', 'IIIIIIIIIIIIIXXIIIII', 'IIIIIIIIIYYXIIIIIIII', 'ZYZIIIIIIIIIIIIIIIII']
clique 13 ['IIIIIIXXZIIIYIIIXIXY', 'IIIIIIIIIIIIIIIXIIII', 'IIIIIIIIIIIIIYXIIIII', 'IIIIIIIIIXYYIIIIIIII', 'ZZZIIIIIIIIIIIIIIIII']
clique 14 ['IIIIIIXXZIIIYIIIXIXX', 'IIIIIIIIIIIIIIIYIIII', 'IIIIIIIIIIIIIZXIIIII', 'IIIIIIIIIXYXIIIIIIII', 'ZIYIIIIIIIIIIIIIIIII']
clique 15 ['IIIIIIXYZIIIYIIIXIXY', 'IIIIIIIIIYYYIIIIIIII', 'IXYYIIIIIIIIIIIIIIII']
clique 16 ['IIIIIIXZZIIIYIIIXIXY', 'IIIIIIIIIZYYIIIIIIII', 'IXYXIIIIIIIIIIIIIIII']
clique 17 ['IIIIIIXZZIIIYIIIXIXX', 'IIIIIIIIIZYXIIIIIIII', 'IYYYIIIIIIIIIIIIIIII']
clique 18 ['IIIIIYZIZIIIYIIIXIXX', 'IIIIIIIIIYYZIIIIIIII', 'IIIIIIIZIIIIIIIIIIII', 'IZYYIIIIIIIIIIIIIIII']
clique 19 ['IIIIIXZIZIIIYIIIXIXY', 'IIIIIIIIIXYZIIIIIIII', 'IIIIIIIXIIIIIIIIIIII', 'IZYXIIIIIIIIIIIIIIII']
clique 20 ['IIIIIXZIZIIIYIIIXIXX', 'IIIIIIIIIZYZIIIIIIII', 'IIIIIIIYIIIIIIIIIIII', 'IYYZIIIIIIIIIIIIIIII']
clique 21 ['IIIIIYZIZIIIYIIIXIXY', 'IIIIIIIIIIZXIIIIIIII', 'IXYZIIIIIIIIIIIIIIII']
clique 22 ['IIIIIZZIZIIIYIIIXIXY', 'IIIIIIIIIIZYIIIIIIII', 'IZYZIIIIIIIIIIIIIIII']
clique 23 ['IIIIIZZIZIIIYIIIXIXX', 'IIIIIIIIIIZZIIIIIIII', 'IIZXIIIIIIIIIIIIIIII']
clique 24 ['IIIIIIIIXIXYYIIIXIXZ', 'IIIIIXXIIIIIIIIIIIII', 'IIZYIIIIIIIIIIIIIIII']
clique 25 ['IIIIIIIIXIXXYIIIXIXZ', 'IIIIIYXIIIIIIIIIIIII', 'IIZZIIIIIIIIIIIIIIII']
clique 26 ['IIIIIIIIXIXZYIIIXIXZ', 'IIIIIZXIIIIIIIIIIIII', 'IXXIIIIIIIIIIIIIIIII']
clique 27 ['IIIIIIIIXYZIYIIIXIXZ', 'IYXIIIIIIIIIIIIIIIII']
clique 28 ['IIIIIIIIXXZIYIIIXIXZ', 'IZXIIIIIIIIIIIIIIIII']
clique 29 ['IIIIIIIIXZZIYIIIXIXZ']
clique 30 ['IIIIIIXYZIIIYIIIXIXZ', 'IIIIIIIIIXXIIIIIIIII']
clique 31 ['IIIIIIXXZIIIYIIIXIXZ', 'IIIIIIIIIYXIIIIIIIII']
clique 32 ['IIIIIIXZZIIIYIIIXIXZ', 'IIIIIIIIIZXIIIIIIIII']
clique 33 ['IIIIIYZIZIIIYIIIXIXZ']
clique 34 ['IIIIIXZIZIIIYIIIXIXZ']
clique 35 ['IIIIIZZIZIIIYIIIXIXZ']
clique 36 ['IIIIIIIIIIIIIIIIIIIZ', 'IIIIIIIIXIXYYIIIXXZI']
clique 37 ['IIIIIIIIIIIIIIIIIIIX', 'IIIIIIIIXIXXYIIIXYZI']
clique 38 ['IIIIIIIIIIIIIIIIIIIY', 'IIIIIIIIXIXXYIIIXXZI']
clique 39 ['IIIIIIIIXIXYYIIIXYZI']
clique 40 ['IIIIIIIIXIXZYIIIXYZI']
clique 41 ['IIIIIIIIXIXZYIIIXXZI']
clique 42 ['IIIIIIIIXYZIYIIIXXZI']
clique 43 ['IIIIIIIIXXZIYIIIXYZI']
clique 44 ['IIIIIIIIXXZIYIIIXXZI']
clique 45 ['IIIIIIIIXYZIYIIIXYZI']
clique 46 ['IIIIIIIIXZZIYIIIXYZI']
clique 47 ['IIIIIIIIXZZIYIIIXXZI']
clique 48 ['IIIIIIXYZIIIYIIIXXZI']
clique 49 ['IIIIIIXXZIIIYIIIXYZI']
clique 50 ['IIIIIIXXZIIIYIIIXXZI']
clique 51 ['IIIIIIXYZIIIYIIIXYZI']
clique 52 ['IIIIIIXZZIIIYIIIXYZI']
clique 53 ['IIIIIIXZZIIIYIIIXXZI']
clique 54 ['IIIIIYZIZIIIYIIIXXZI']
clique 55 ['IIIIIXZIZIIIYIIIXYZI']
clique 56 ['IIIIIXZIZIIIYIIIXXZI']
clique 57 ['IIIIIYZIZIIIYIIIXYZI']
clique 58 ['IIIIIZZIZIIIYIIIXYZI']
clique 59 ['IIIIIZZIZIIIYIIIXXZI']
clique 60 ['IIIIIIIIXIXYYIIIXZZI']
clique 61 ['IIIIIIIIXIXXYIIIXZZI']
clique 62 ['IIIIIIIIXIXZYIIIXZZI']
clique 63 ['IIIIIIIIXYZIYIIIXZZI']
clique 64 ['IIIIIIIIXXZIYIIIXZZI']
clique 65 ['IIIIIIIIXZZIYIIIXZZI']
clique 66 ['IIIIIIXYZIIIYIIIXZZI']
clique 67 ['IIIIIIXXZIIIYIIIXZZI']
clique 68 ['IIIIIIXZZIIIYIIIXZZI']
clique 69 ['IIIIIYZIZIIIYIIIXZZI']
clique 70 ['IIIIIXZIZIIIYIIIXZZI']
clique 71 ['IIIIIZZIZIIIYIIIXZZI']
clique 72 ['IIIIIIIIIIIIIIIIIYYX', 'IIIIIIIIXIXYYIXXZIII']
clique 73 ['IIIIIIIIIIIIIIIIIXYY', 'IIIIIIIIXIXXYIXYZIII']
clique 74 ['IIIIIIIIIIIIIIIIIXYX', 'IIIIIIIIXIXXYIXXZIII']
clique 75 ['IIIIIIIIIIIIIIIIIYYY', 'IIIIIIIIXIXYYIXYZIII']
clique 76 ['IIIIIIIIIIIIIIIIIZYY', 'IIIIIIIIXIXZYIXYZIII']
clique 77 ['IIIIIIIIIIIIIIIIIZYX', 'IIIIIIIIXIXZYIXXZIII']
clique 78 ['IIIIIIIIIIIIIIIIIYYZ', 'IIIIIIIIXYZIYIXXZIII']
clique 79 ['IIIIIIIIIIIIIIIIIXYZ', 'IIIIIIIIXXZIYIXYZIII']
clique 80 ['IIIIIIIIIIIIIIIIIZYZ', 'IIIIIIIIXXZIYIXXZIII']
clique 81 ['IIIIIIIIIIIIIIIIIIZX', 'IIIIIIIIXYZIYIXYZIII']
clique 82 ['IIIIIIIIIIIIIIIIIIZY', 'IIIIIIIIXZZIYIXYZIII']
clique 83 ['IIIIIIIIIIIIIIIIIIZZ', 'IIIIIIIIXZZIYIXXZIII']
clique 84 ['IIIIIIIIIIIIIIIIIXXI', 'IIIIIIXYZIIIYIXXZIII']
clique 85 ['IIIIIIIIIIIIIIIIIYXI', 'IIIIIIXXZIIIYIXYZIII']
clique 86 ['IIIIIIIIIIIIIIIIIZXI', 'IIIIIIXXZIIIYIXXZIII']
clique 87 ['IIIIIIXYZIIIYIXYZIII']
clique 88 ['IIIIIIXZZIIIYIXYZIII']
clique 89 ['IIIIIIXZZIIIYIXXZIII']
clique 90 ['IIIIIYZIZIIIYIXXZIII']
clique 91 ['IIIIIXZIZIIIYIXYZIII']
clique 92 ['IIIIIXZIZIIIYIXXZIII']
clique 93 ['IIIIIYZIZIIIYIXYZIII']
clique 94 ['IIIIIZZIZIIIYIXYZIII']
clique 95 ['IIIIIZZIZIIIYIXXZIII']
clique 96 ['IIIIIIIIXIXYYIXZZIII']
clique 97 ['IIIIIIIIXIXXYIXZZIII']
clique 98 ['IIIIIIIIXIXZYIXZZIII']
clique 99 ['IIIIIIIIXYZIYIXZZIII']
clique 100 ['IIIIIIIIXXZIYIXZZIII']
clique 101 ['IIIIIIIIXZZIYIXZZIII']
clique 102 ['IIIIIIXYZIIIYIXZZIII']
clique 103 ['IIIIIIXXZIIIYIXZZIII']
clique 104 ['IIIIIIXZZIIIYIXZZIII']
clique 105 ['IIIIIYZIZIIIYIXZZIII']
clique 106 ['IIIIIXZIZIIIYIXZZIII']
clique 107 ['IIIIIZZIZIIIYIXZZIII']
clique 108 ['IIIIIIIIXIXYYXZIZIII']
clique 109 ['IIIIIIIIXIXXYYZIZIII']
clique 110 ['IIIIIIIIXIXXYXZIZIII']
clique 111 ['IIIIIIIIXIXYYYZIZIII']
clique 112 ['IIIIIIIIXIXZYYZIZIII']
clique 113 ['IIIIIIIIXIXZYXZIZIII']
clique 114 ['IIIIIIIIXYZIYXZIZIII']
clique 115 ['IIIIIIIIXXZIYYZIZIII']
clique 116 ['IIIIIIIIXXZIYXZIZIII']
clique 117 ['IIIIIIIIXYZIYYZIZIII']
clique 118 ['IIIIIIIIXZZIYYZIZIII']
clique 119 ['IIIIIIIIXZZIYXZIZIII']
clique 120 ['IIIIIIXYZIIIYXZIZIII']
clique 121 ['IIIIIIXXZIIIYYZIZIII']
clique 122 ['IIIIIIXXZIIIYXZIZIII']
clique 123 ['IIIIIIXYZIIIYYZIZIII']
clique 124 ['IIIIIIXZZIIIYYZIZIII']
clique 125 ['IIIIIIXZZIIIYXZIZIII']
clique 126 ['IIIIIYZIZIIIYXZIZIII']
clique 127 ['IIIIIXZIZIIIYYZIZIII']
clique 128 ['IIIIIXZIZIIIYXZIZIII']
clique 129 ['IIIIIYZIZIIIYYZIZIII']
clique 130 ['IIIIIZZIZIIIYYZIZIII']
clique 131 ['IIIIIZZIZIIIYXZIZIII']
clique 132 ['IIIIIIIIXIXYYZZIZIII']
clique 133 ['IIIIIIIIXIXXYZZIZIII']
clique 134 ['IIIIIIIIXIXZYZZIZIII']
clique 135 ['IIIIIIIIXYZIYZZIZIII']
clique 136 ['IIIIIIIIXXZIYZZIZIII']
clique 137 ['IIIIIIIIXZZIYZZIZIII']
clique 138 ['IIIIIIXYZIIIYZZIZIII']
clique 139 ['IIIIIIXXZIIIYZZIZIII']
clique 140 ['IIIIIIXZZIIIYZZIZIII']
clique 141 ['IIIIIYZIZIIIYZZIZIII']
clique 142 ['IIIIIXZIZIIIYZZIZIII']
clique 143 ['IIIIIZZIZIIIYZZIZIII']
clique 144 ['IIIIIIIIXIYIYIIIXIXX']
clique 145 ['IIIIIIIIXIYIYIIIXIXY']
clique 146 ['IIIIIIYIZIIIYIIIXIXX']
clique 147 ['IIIIIIYIZIIIYIIIXIXY']
clique 148 ['IIIIIIIIXIXXYIIIXIYI']
clique 149 ['IIIIIIIIXIXYYIIIXIYI']
clique 150 ['IIIIIIIIXIXZYIIIXIYI']
clique 151 ['IIIIIIIIXIYIYIIIXIXZ']
clique 152 ['IIIIIIIIXXZIYIIIXIYI']
clique 153 ['IIIIIIIIXYZIYIIIXIYI']
clique 154 ['IIIIIIIIXZZIYIIIXIYI']
clique 155 ['IIIIIIXXZIIIYIIIXIYI']
clique 156 ['IIIIIIXYZIIIYIIIXIYI']
clique 157 ['IIIIIIXZZIIIYIIIXIYI']
clique 158 ['IIIIIIYIZIIIYIIIXIXZ']
clique 159 ['IIIIIXZIZIIIYIIIXIYI']
clique 160 ['IIIIIYZIZIIIYIIIXIYI']
clique 161 ['IIIIIZZIZIIIYIIIXIYI']
clique 162 ['IIIIIIIIXIYIYIIIXXZI']
clique 163 ['IIIIIIIIXIYIYIIIXYZI']
clique 164 ['IIIIIIYIZIIIYIIIXXZI']
clique 165 ['IIIIIIYIZIIIYIIIXYZI']
clique 166 ['IIIIIIIIXIYIYIIIXZZI']
clique 167 ['IIIIIIYIZIIIYIIIXZZI']
clique 168 ['IIIIIIIIXIYIYIXXZIII']
clique 169 ['IIIIIIIIXIYIYIXYZIII']
clique 170 ['IIIIIIYIZIIIYIXXZIII']
clique 171 ['IIIIIIYIZIIIYIXYZIII']
clique 172 ['IIIIIIIIXIXXYIYIZIII']
clique 173 ['IIIIIIIIXIXYYIYIZIII']
clique 174 ['IIIIIIIIXIXZYIYIZIII']
clique 175 ['IIIIIIIIXIYIYIXZZIII']
clique 176 ['IIIIIIIIXXZIYIYIZIII']
clique 177 ['IIIIIIIIXYZIYIYIZIII']
clique 178 ['IIIIIIIIXZZIYIYIZIII']
clique 179 ['IIIIIIXXZIIIYIYIZIII']
clique 180 ['IIIIIIXYZIIIYIYIZIII']
clique 181 ['IIIIIIXZZIIIYIYIZIII']
clique 182 ['IIIIIIYIZIIIYIXZZIII']
clique 183 ['IIIIIXZIZIIIYIYIZIII']
clique 184 ['IIIIIYZIZIIIYIYIZIII']
clique 185 ['IIIIIZZIZIIIYIYIZIII']
clique 186 ['IIIIIIIIXIYIYXZIZIII']
clique 187 ['IIIIIIIIXIYIYYZIZIII']
clique 188 ['IIIIIIYIZIIIYXZIZIII']
clique 189 ['IIIIIIYIZIIIYYZIZIII']
clique 190 ['IIIIIIIIXIYIYZZIZIII']
clique 191 ['IIIIIIYIZIIIYZZIZIII']
clique 192 ['IIIIIIIIXIYIYIIIXIYI']
clique 193 ['IIIIIIYIZIIIYIIIXIYI']
clique 194 ['IIIIIIIIXIYIYIYIZIII']
clique 195 ['IIIIIIYIZIIIYIYIZIII']
clique 196 ['IIIIIIIIYIIIYIIIXIXX']
clique 197 ['IIIIIIIIYIIIYIIIXIXY']
clique 198 ['IIIIIIIIYIIIYIIIXIXZ']
clique 199 ['IIIIIIIIYIIIYIIIXXZI']
clique 200 ['IIIIIIIIYIIIYIIIXYZI']
clique 201 ['IIIIIIIIXIXXYIIIYIII']
clique 202 ['IIIIIIIIXIXYYIIIYIII']
clique 203 ['IIIIIIIIXIXZYIIIYIII']
clique 204 ['IIIIIIIIXXZIYIIIYIII']
clique 205 ['IIIIIIIIXYZIYIIIYIII']
clique 206 ['IIIIIIIIXZZIYIIIYIII']
clique 207 ['IIIIIIIIYIIIYIIIXZZI']
clique 208 ['IIIIIIXXZIIIYIIIYIII']
clique 209 ['IIIIIIXYZIIIYIIIYIII']
clique 210 ['IIIIIIXZZIIIYIIIYIII']
clique 211 ['IIIIIXZIZIIIYIIIYIII']
clique 212 ['IIIIIYZIZIIIYIIIYIII']
clique 213 ['IIIIIZZIZIIIYIIIYIII']
clique 214 ['IIIIIIIIYIIIYIXXZIII']
clique 215 ['IIIIIIIIYIIIYIXYZIII']
clique 216 ['IIIIIIIIYIIIYIXZZIII']
clique 217 ['IIIIIIIIYIIIYXZIZIII']
clique 218 ['IIIIIIIIYIIIYYZIZIII']
clique 219 ['IIIIIIIIYIIIYZZIZIII']
clique 220 ['IIIIIIIIYIIIYIIIXIYI']
clique 221 ['IIIIIIIIXIYIYIIIYIII']
clique 222 ['IIIIIIYIZIIIYIIIYIII']
clique 223 ['IIIIIIIIYIIIYIYIZIII']
clique 224 ['IIIIIIIIYIIIYIIIYIII']
clique 225 ['XIXYYIIIIIIIXIIIXIXX', 'IIIIIIXYYIXXIIIIIIII']
clique 226 ['XIXXYIIIIIIIXIIIXIXY', 'IIIIIIXXYIXYIIIIIIII']
clique 227 ['XIXXYIIIIIIIXIIIXIXX', 'IIIIIIXXYIXXIIIIIIII']
clique 228 ['XIXYYIIIIIIIXIIIXIXY', 'IIIIIIXYYIXYIIIIIIII']
clique 229 ['XIXZYIIIIIIIXIIIXIXY', 'IIIIIIXZYIXYIIIIIIII']
clique 230 ['XIXZYIIIIIIIXIIIXIXX', 'IIIIIIXZYIXXIIIIIIII']
clique 231 ['XYZIYIIIIIIIXIIIXIXX', 'IIIIIYZIYIXXIIIIIIII']
clique 232 ['XXZIYIIIIIIIXIIIXIXY', 'IIIIIXZIYIXYIIIIIIII']
clique 233 ['XXZIYIIIIIIIXIIIXIXX', 'IIIIIXZIYIXXIIIIIIII']
clique 234 ['XYZIYIIIIIIIXIIIXIXY', 'IIIIIYZIYIXYIIIIIIII']
clique 235 ['XZZIYIIIIIIIXIIIXIXY', 'IIIIIZZIYIXYIIIIIIII']
clique 236 ['XZZIYIIIIIIIXIIIXIXX', 'IIIIIZZIYIXXIIIIIIII']
clique 237 ['XIXYYIIIIIIIXIIIXIXZ', 'IIIIIIXYYIXZIIIIIIII']
clique 238 ['XIXXYIIIIIIIXIIIXIXZ', 'IIIIIIXXYIXZIIIIIIII']
clique 239 ['XIXZYIIIIIIIXIIIXIXZ', 'IIIIIIXZYIXZIIIIIIII']
clique 240 ['XYZIYIIIIIIIXIIIXIXZ', 'IIIIIYZIYIXZIIIIIIII']
clique 241 ['XXZIYIIIIIIIXIIIXIXZ', 'IIIIIXZIYIXZIIIIIIII']
clique 242 ['XZZIYIIIIIIIXIIIXIXZ', 'IIIIIZZIYIXZIIIIIIII']
clique 243 ['XIXYYIIIIIIIXIIIXXZI', 'IIIIIIXYYXZIIIIIIIII']
clique 244 ['XIXXYIIIIIIIXIIIXYZI', 'IIIIIIXXYYZIIIIIIIII']
clique 245 ['XIXXYIIIIIIIXIIIXXZI', 'IIIIIIXXYXZIIIIIIIII']
clique 246 ['XIXYYIIIIIIIXIIIXYZI', 'IIIIIIXYYYZIIIIIIIII']
clique 247 ['XIXZYIIIIIIIXIIIXYZI', 'IIIIIIXZYYZIIIIIIIII']
clique 248 ['XIXZYIIIIIIIXIIIXXZI', 'IIIIIIXZYXZIIIIIIIII']
clique 249 ['XYZIYIIIIIIIXIIIXXZI', 'IIIIIYZIYXZIIIIIIIII']
clique 250 ['XXZIYIIIIIIIXIIIXYZI', 'IIIIIXZIYYZIIIIIIIII']
clique 251 ['XXZIYIIIIIIIXIIIXXZI', 'IIIIIXZIYXZIIIIIIIII']
clique 252 ['XYZIYIIIIIIIXIIIXYZI', 'IIIIIYZIYYZIIIIIIIII']
clique 253 ['XZZIYIIIIIIIXIIIXYZI', 'IIIIIZZIYYZIIIIIIIII']
clique 254 ['XZZIYIIIIIIIXIIIXXZI', 'IIIIIZZIYXZIIIIIIIII']
clique 255 ['XIXYYIIIIIIIXIIIXZZI', 'IIIIIIXYYZZIIIIIIIII']
clique 256 ['XIXXYIIIIIIIXIIIXZZI', 'IIIIIIXXYZZIIIIIIIII']
clique 257 ['XIXZYIIIIIIIXIIIXZZI', 'IIIIIIXZYZZIIIIIIIII']
clique 258 ['XYZIYIIIIIIIXIIIXZZI', 'IIIIIYZIYZZIIIIIIIII']
clique 259 ['XXZIYIIIIIIIXIIIXZZI', 'IIIIIXZIYZZIIIIIIIII']
clique 260 ['XZZIYIIIIIIIXIIIXZZI', 'IIIIIZZIYZZIIIIIIIII']
clique 261 ['XIXYYIIIIIIIXIXXZIII', 'IIIIIIYIYIXXIIIIIIII']
clique 262 ['XIXXYIIIIIIIXIXYZIII', 'IIIIIIYIYIXYIIIIIIII']
clique 263 ['XIXXYIIIIIIIXIXXZIII', 'IIIIIIXXYIYIIIIIIIII']
clique 264 ['XIXYYIIIIIIIXIXYZIII', 'IIIIIIXYYIYIIIIIIIII']
clique 265 ['XIXZYIIIIIIIXIXYZIII', 'IIIIIIXZYIYIIIIIIIII']
clique 266 ['XIXZYIIIIIIIXIXXZIII', 'IIIIIIYIYIXZIIIIIIII']
clique 267 ['XYZIYIIIIIIIXIXXZIII', 'IIIIIXZIYIYIIIIIIIII']
clique 268 ['XXZIYIIIIIIIXIXYZIII', 'IIIIIYZIYIYIIIIIIIII']
clique 269 ['XXZIYIIIIIIIXIXXZIII', 'IIIIIZZIYIYIIIIIIIII']
clique 270 ['XYZIYIIIIIIIXIXYZIII', 'IIIIIIYIYXZIIIIIIIII']
clique 271 ['XZZIYIIIIIIIXIXYZIII', 'IIIIIIYIYYZIIIIIIIII']
clique 272 ['XZZIYIIIIIIIXIXXZIII', 'IIIIIIYIYZZIIIIIIIII']
clique 273 ['XIXYYIIIIIIIXIXZZIII', 'IIIIIIYIYIYIIIIIIIII']
clique 274 ['XIXXYIIIIIIIXIXZZIII', 'IIIIIIIIZIXXIIIIIIII']
clique 275 ['XIXZYIIIIIIIXIXZZIII', 'IIIIIIIIZIXYIIIIIIII']
clique 276 ['XYZIYIIIIIIIXIXZZIII', 'IIIIIIIIZIXZIIIIIIII']
clique 277 ['XXZIYIIIIIIIXIXZZIII', 'IIIIIIIIZXZIIIIIIIII']
clique 278 ['XZZIYIIIIIIIXIXZZIII', 'IIIIIIIIZYZIIIIIIIII']
clique 279 ['XIXYYIIIIIIIXXZIZIII', 'IIIIIIIIZZZIIIIIIIII']
clique 280 ['XIXXYIIIIIIIXYZIZIII', 'IIIIIIXXXIIIIIIIIIII']
clique 281 ['XIXXYIIIIIIIXXZIZIII', 'IIIIIIXYXIIIIIIIIIII']
clique 282 ['XIXYYIIIIIIIXYZIZIII', 'IIIIIIXZXIIIIIIIIIII']
clique 283 ['XIXZYIIIIIIIXYZIZIII', 'IIIIIXZIXIIIIIIIIIII']
clique 284 ['XIXZYIIIIIIIXXZIZIII', 'IIIIIYZIXIIIIIIIIIII']
clique 285 ['XYZIYIIIIIIIXXZIZIII', 'IIIIIZZIXIIIIIIIIIII']
clique 286 ['XXZIYIIIIIIIXYZIZIII', 'IIIIIIIIZIYIIIIIIIII']
clique 287 ['XXZIYIIIIIIIXXZIZIII', 'IIIIIIYIXIIIIIIIIIII']
clique 288 ['XYZIYIIIIIIIXYZIZIII']
clique 289 ['XZZIYIIIIIIIXYZIZIII']
clique 290 ['XZZIYIIIIIIIXXZIZIII']
clique 291 ['XIXYYIIIIIIIXZZIZIII']
clique 292 ['XIXXYIIIIIIIXZZIZIII']
clique 293 ['XIXZYIIIIIIIXZZIZIII']
clique 294 ['XYZIYIIIIIIIXZZIZIII']
clique 295 ['XXZIYIIIIIIIXZZIZIII']
clique 296 ['XZZIYIIIIIIIXZZIZIII']
clique 297 ['IIIIIIIIIIIIIIXYYIXX', 'XIXYYIIIXIXXZIIIIIII']
clique 298 ['IIIIIIIIIIIIIIXXYIXY', 'XIXXYIIIXIXYZIIIIIII']
clique 299 ['IIIIIIIIIIIIIIXXYIXX', 'XIXXYIIIXIXXZIIIIIII']
clique 300 ['IIIIIIIIIIIIIIXYYIXY', 'XIXYYIIIXIXYZIIIIIII']
clique 301 ['IIIIIIIIIIIIIIXZYIXY', 'XIXZYIIIXIXYZIIIIIII']
clique 302 ['IIIIIIIIIIIIIIXZYIXX', 'XIXZYIIIXIXXZIIIIIII']
clique 303 ['IIIIIIIIIIIIIYZIYIXX', 'XYZIYIIIXIXXZIIIIIII']
clique 304 ['IIIIIIIIIIIIIXZIYIXY', 'XXZIYIIIXIXYZIIIIIII']
clique 305 ['IIIIIIIIIIIIIXZIYIXX', 'XXZIYIIIXIXXZIIIIIII']
clique 306 ['IIIIIIIIIIIIIYZIYIXY', 'XYZIYIIIXIXYZIIIIIII']
clique 307 ['IIIIIIIIIIIIIZZIYIXY', 'XZZIYIIIXIXYZIIIIIII']
clique 308 ['IIIIIIIIIIIIIZZIYIXX', 'XZZIYIIIXIXXZIIIIIII']
clique 309 ['IIIIIIIIIIIIIIXYYIXZ', 'XIXYYIIIXIXZZIIIIIII']
clique 310 ['IIIIIIIIIIIIIIXXYIXZ', 'XIXXYIIIXIXZZIIIIIII']
clique 311 ['IIIIIIIIIIIIIIXZYIXZ', 'XIXZYIIIXIXZZIIIIIII']
clique 312 ['IIIIIIIIIIIIIYZIYIXZ', 'XYZIYIIIXIXZZIIIIIII']
clique 313 ['IIIIIIIIIIIIIXZIYIXZ', 'XXZIYIIIXIXZZIIIIIII']
clique 314 ['IIIIIIIIIIIIIZZIYIXZ', 'XZZIYIIIXIXZZIIIIIII']
clique 315 ['IIIIIIIIIIIIIIXYYXZI', 'XIXYYIIIXXZIZIIIIIII']
clique 316 ['IIIIIIIIIIIIIIXXYYZI', 'XIXXYIIIXYZIZIIIIIII']
clique 317 ['IIIIIIIIIIIIIIXXYXZI', 'XIXXYIIIXXZIZIIIIIII']
clique 318 ['IIIIIIIIIIIIIIXYYYZI', 'XIXYYIIIXYZIZIIIIIII']
clique 319 ['IIIIIIIIIIIIIIXZYYZI', 'XIXZYIIIXYZIZIIIIIII']
clique 320 ['IIIIIIIIIIIIIIXZYXZI', 'XIXZYIIIXXZIZIIIIIII']
clique 321 ['IIIIIIIIIIIIIYZIYXZI', 'XYZIYIIIXXZIZIIIIIII']
clique 322 ['IIIIIIIIIIIIIXZIYYZI', 'XXZIYIIIXYZIZIIIIIII']
clique 323 ['IIIIIIIIIIIIIXZIYXZI', 'XXZIYIIIXXZIZIIIIIII']
clique 324 ['IIIIIIIIIIIIIYZIYYZI', 'XYZIYIIIXYZIZIIIIIII']
clique 325 ['IIIIIIIIIIIIIZZIYYZI', 'XZZIYIIIXYZIZIIIIIII']
clique 326 ['IIIIIIIIIIIIIZZIYXZI', 'XZZIYIIIXXZIZIIIIIII']
clique 327 ['IIIIIIIIIIIIIIXYYZZI', 'XIXYYIIIXZZIZIIIIIII']
clique 328 ['IIIIIIIIIIIIIIXXYZZI', 'XIXXYIIIXZZIZIIIIIII']
clique 329 ['IIIIIIIIIIIIIIXZYZZI', 'XIXZYIIIXZZIZIIIIIII']
clique 330 ['IIIIIIIIIIIIIYZIYZZI', 'XYZIYIIIXZZIZIIIIIII']
clique 331 ['IIIIIIIIIIIIIXZIYZZI', 'XXZIYIIIXZZIZIIIIIII']
clique 332 ['IIIIIIIIIIIIIZZIYZZI', 'XZZIYIIIXZZIZIIIIIII']
clique 333 ['IIIIIIIIIIIIIIYIYIXX', 'XIXYYIXXZIIIZIIIIIII']
clique 334 ['IIIIIIIIIIIIIIYIYIXY', 'XIXXYIXYZIIIZIIIIIII']
clique 335 ['IIIIIIIIIIIIIIXXYIYI', 'XIXXYIXXZIIIZIIIIIII']
clique 336 ['IIIIIIIIIIIIIIXYYIYI', 'XIXYYIXYZIIIZIIIIIII']
clique 337 ['IIIIIIIIIIIIIIXZYIYI', 'XIXZYIXYZIIIZIIIIIII']
clique 338 ['IIIIIIIIIIIIIIYIYIXZ', 'XIXZYIXXZIIIZIIIIIII']
clique 339 ['IIIIIIIIIIIIIXZIYIYI', 'XYZIYIXXZIIIZIIIIIII']
clique 340 ['IIIIIIIIIIIIIYZIYIYI', 'XXZIYIXYZIIIZIIIIIII']
clique 341 ['IIIIIIIIIIIIIZZIYIYI', 'XXZIYIXXZIIIZIIIIIII']
clique 342 ['IIIIIIIIIIIIIIYIYXZI', 'XYZIYIXYZIIIZIIIIIII']
clique 343 ['IIIIIIIIIIIIIIYIYYZI', 'XZZIYIXYZIIIZIIIIIII']
clique 344 ['IIIIIIIIIIIIIIYIYZZI', 'XZZIYIXXZIIIZIIIIIII']
clique 345 ['IIIIIIIIIIIIIIYIYIYI', 'XIXYYIXZZIIIZIIIIIII']
clique 346 ['IIIIIIIIIIIIIIIIZIXX', 'XIXXYIXZZIIIZIIIIIII']
clique 347 ['IIIIIIIIIIIIIIIIZIXY', 'XIXZYIXZZIIIZIIIIIII']
clique 348 ['IIIIIIIIIIIIIIIIZIXZ', 'XYZIYIXZZIIIZIIIIIII']
clique 349 ['IIIIIIIIIIIIIIIIZXZI', 'XXZIYIXZZIIIZIIIIIII']
clique 350 ['IIIIIIIIIIIIIIIIZYZI', 'XZZIYIXZZIIIZIIIIIII']
clique 351 ['IIIIIIIIIIIIIIIIZZZI', 'XIXYYXZIZIIIZIIIIIII']
clique 352 ['IIIIIIIIIIIIIIXXXIII', 'XIXXYYZIZIIIZIIIIIII']
clique 353 ['IIIIIIIIIIIIIIXYXIII', 'XIXXYXZIZIIIZIIIIIII']
clique 354 ['IIIIIIIIIIIIIIXZXIII', 'XIXYYYZIZIIIZIIIIIII']
clique 355 ['IIIIIIIIIIIIIXZIXIII', 'XIXZYYZIZIIIZIIIIIII']
clique 356 ['IIIIIIIIIIIIIYZIXIII', 'XIXZYXZIZIIIZIIIIIII']
clique 357 ['IIIIIIIIIIIIIZZIXIII', 'XYZIYXZIZIIIZIIIIIII']
clique 358 ['IIIIIIIIIIIIIIIIZIYI', 'XXZIYYZIZIIIZIIIIIII']
clique 359 ['IIIIIIIIIIIIIIYIXIII', 'XXZIYXZIZIIIZIIIIIII']
clique 360 ['XYZIYYZIZIIIZIIIIIII']
clique 361 ['XZZIYYZIZIIIZIIIIIII']
clique 362 ['XZZIYXZIZIIIZIIIIIII']
clique 363 ['XIXYYZZIZIIIZIIIIIII']
clique 364 ['XIXXYZZIZIIIZIIIIIII']
clique 365 ['XIXZYZZIZIIIZIIIIIII']
clique 366 ['XYZIYZZIZIIIZIIIIIII']
clique 367 ['XXZIYZZIZIIIZIIIIIII']
clique 368 ['XZZIYZZIZIIIZIIIIIII']
clique 369 ['XIYIYIIIIIIIXIIIXIXX']
clique 370 ['XIYIYIIIIIIIXIIIXIXY']
clique 371 ['XIXXYIIIIIIIXIIIXIYI']
clique 372 ['XIXYYIIIIIIIXIIIXIYI']
clique 373 ['XIXZYIIIIIIIXIIIXIYI']
clique 374 ['XIYIYIIIIIIIXIIIXIXZ']
clique 375 ['XXZIYIIIIIIIXIIIXIYI']
clique 376 ['XYZIYIIIIIIIXIIIXIYI']
clique 377 ['XZZIYIIIIIIIXIIIXIYI']
clique 378 ['XIYIYIIIIIIIXIIIXXZI']
clique 379 ['XIYIYIIIIIIIXIIIXYZI']
clique 380 ['XIYIYIIIIIIIXIIIXZZI']
clique 381 ['XIYIYIIIIIIIXIXXZIII']
clique 382 ['XIYIYIIIIIIIXIXYZIII']
clique 383 ['XIXXYIIIIIIIXIYIZIII']
clique 384 ['XIXYYIIIIIIIXIYIZIII']
clique 385 ['XIXZYIIIIIIIXIYIZIII']
clique 386 ['XIYIYIIIIIIIXIXZZIII']
clique 387 ['XXZIYIIIIIIIXIYIZIII']
clique 388 ['XYZIYIIIIIIIXIYIZIII']
clique 389 ['XZZIYIIIIIIIXIYIZIII']
clique 390 ['XIYIYIIIIIIIXXZIZIII']
clique 391 ['XIYIYIIIIIIIXYZIZIII']
clique 392 ['XIYIYIIIIIIIXZZIZIII']
clique 393 ['XIYIYIIIXIXXZIIIIIII']
clique 394 ['XIYIYIIIXIXYZIIIIIII']
clique 395 ['XIXXYIIIXIYIZIIIIIII']
clique 396 ['XIXYYIIIXIYIZIIIIIII']
clique 397 ['XIXZYIIIXIYIZIIIIIII']
clique 398 ['XIYIYIIIXIXZZIIIIIII']
clique 399 ['XXZIYIIIXIYIZIIIIIII']
clique 400 ['XYZIYIIIXIYIZIIIIIII']
clique 401 ['XZZIYIIIXIYIZIIIIIII']
clique 402 ['XIYIYIIIXXZIZIIIIIII']
clique 403 ['XIYIYIIIXYZIZIIIIIII']
clique 404 ['XIYIYIIIXZZIZIIIIIII']
clique 405 ['XIYIYIXXZIIIZIIIIIII']
clique 406 ['XIYIYIXYZIIIZIIIIIII']
clique 407 ['XIXXYIYIZIIIZIIIIIII']
clique 408 ['XIXYYIYIZIIIZIIIIIII']
clique 409 ['XIXZYIYIZIIIZIIIIIII']
clique 410 ['XIYIYIXZZIIIZIIIIIII']
clique 411 ['XXZIYIYIZIIIZIIIIIII']
clique 412 ['XYZIYIYIZIIIZIIIIIII']
clique 413 ['XZZIYIYIZIIIZIIIIIII']
clique 414 ['XIYIYXZIZIIIZIIIIIII']
clique 415 ['XIYIYYZIZIIIZIIIIIII']
clique 416 ['XIYIYZZIZIIIZIIIIIII']
clique 417 ['XIYIYIIIIIIIXIIIXIYI']
clique 418 ['XIYIYIIIIIIIXIYIZIII']
clique 419 ['XIYIYIIIXIYIZIIIIIII']
clique 420 ['XIYIYIYIZIIIZIIIIIII']
clique 421 ['YIIIYIIIIIIIXIIIXIXX']
clique 422 ['YIIIYIIIIIIIXIIIXIXY']
clique 423 ['YIIIYIIIIIIIXIIIXIXZ']
clique 424 ['YIIIYIIIIIIIXIIIXXZI']
clique 425 ['YIIIYIIIIIIIXIIIXYZI']
clique 426 ['XIXXYIIIIIIIXIIIYIII']
clique 427 ['XIXYYIIIIIIIXIIIYIII']
clique 428 ['XIXZYIIIIIIIXIIIYIII']
clique 429 ['XXZIYIIIIIIIXIIIYIII']
clique 430 ['XYZIYIIIIIIIXIIIYIII']
clique 431 ['XZZIYIIIIIIIXIIIYIII']
clique 432 ['YIIIYIIIIIIIXIIIXZZI']
clique 433 ['YIIIYIIIIIIIXIXXZIII']
clique 434 ['YIIIYIIIIIIIXIXYZIII']
clique 435 ['YIIIYIIIIIIIXIXZZIII']
clique 436 ['YIIIYIIIIIIIXXZIZIII']
clique 437 ['YIIIYIIIIIIIXYZIZIII']
clique 438 ['YIIIYIIIIIIIXZZIZIII']
clique 439 ['YIIIYIIIXIXXZIIIIIII']
clique 440 ['YIIIYIIIXIXYZIIIIIII']
clique 441 ['YIIIYIIIXIXZZIIIIIII']
clique 442 ['YIIIYIIIXXZIZIIIIIII']
clique 443 ['YIIIYIIIXYZIZIIIIIII']
clique 444 ['XIXXYIIIYIIIZIIIIIII']
clique 445 ['XIXYYIIIYIIIZIIIIIII']
clique 446 ['XIXZYIIIYIIIZIIIIIII']
clique 447 ['XXZIYIIIYIIIZIIIIIII']
clique 448 ['XYZIYIIIYIIIZIIIIIII']
clique 449 ['XZZIYIIIYIIIZIIIIIII']
clique 450 ['YIIIYIIIXZZIZIIIIIII']
clique 451 ['YIIIYIXXZIIIZIIIIIII']
clique 452 ['YIIIYIXYZIIIZIIIIIII']
clique 453 ['YIIIYIXZZIIIZIIIIIII']
clique 454 ['YIIIYXZIZIIIZIIIIIII']
clique 455 ['YIIIYYZIZIIIZIIIIIII']
clique 456 ['YIIIYZZIZIIIZIIIIIII']
clique 457 ['YIIIYIIIIIIIXIIIXIYI']
clique 458 ['XIYIYIIIIIIIXIIIYIII']
clique 459 ['YIIIYIIIIIIIXIYIZIII']
clique 460 ['YIIIYIIIXIYIZIIIIIII']
clique 461 ['XIYIYIIIYIIIZIIIIIII']
clique 462 ['YIIIYIYIZIIIZIIIIIII']
clique 463 ['IIIIZIIIIIIIXIIIXIXX']
clique 464 ['IIIIZIIIIIIIXIIIXIXY']
clique 465 ['IIIIZIIIIIIIXIIIXIXZ']
clique 466 ['IIIIZIIIIIIIXIIIXXZI']
clique 467 ['IIIIZIIIIIIIXIIIXYZI']
clique 468 ['IIIIZIIIIIIIXIIIXZZI']
clique 469 ['IIIIZIIIIIIIXIXXZIII']
clique 470 ['IIIIZIIIIIIIXIXYZIII']
clique 471 ['IIIIZIIIIIIIXIXZZIII']
clique 472 ['IIIIZIIIIIIIXXZIZIII']
clique 473 ['IIIIZIIIIIIIXYZIZIII']
clique 474 ['IIIIZIIIIIIIXZZIZIII']
clique 475 ['IIIIZIIIXIXXZIIIIIII']
clique 476 ['IIIIZIIIXIXYZIIIIIII']
clique 477 ['IIIIZIIIXIXZZIIIIIII']
clique 478 ['IIIIZIIIXXZIZIIIIIII']
clique 479 ['IIIIZIIIXYZIZIIIIIII']
clique 480 ['IIIIZIIIXZZIZIIIIIII']
clique 481 ['IIIIZIXXZIIIZIIIIIII']
clique 482 ['IIIIZIXYZIIIZIIIIIII']
clique 483 ['IIIIZIXZZIIIZIIIIIII']
clique 484 ['IIIIZXZIZIIIZIIIIIII']
clique 485 ['IIIIZYZIZIIIZIIIIIII']
clique 486 ['IIIIZZZIZIIIZIIIIIII']
clique 487 ['IIIIZIIIIIIIXIIIXIYI']
clique 488 ['IIIIZIIIIIIIXIYIZIII']
clique 489 ['IIIIZIIIXIYIZIIIIIII']
clique 490 ['IIIIZIYIZIIIZIIIIIII']
clique 491 ['IIIIIIIIIIIIZIIIXIXX']
clique 492 ['IIIIIIIIIIIIZIIIXIXY']
clique 493 ['IIIIIIIIIIIIZIIIXIXZ']
clique 494 ['IIIIIIIIIIIIZIIIXXZI']
clique 495 ['IIIIIIIIIIIIZIIIXYZI']
clique 496 ['IIIIIIIIIIIIZIIIXZZI']
clique 497 ['IIIIIIIIIIIIZIXXZIII']
clique 498 ['IIIIIIIIIIIIZIXYZIII']
clique 499 ['IIIIIIIIIIIIZIXZZIII']
clique 500 ['IIIIIIIIIIIIZXZIZIII']
clique 501 ['IIIIIIIIIIIIZYZIZIII']
clique 502 ['IIIIIIIIIIIIZZZIZIII']
clique 503 ['IIIIIIIIXIXXXIIIIIII']
clique 504 ['IIIIIIIIXIXYXIIIIIII']
clique 505 ['IIIIIIIIXIXZXIIIIIII']
clique 506 ['IIIIIIIIXXZIXIIIIIII']
clique 507 ['IIIIIIIIXYZIXIIIIIII']
clique 508 ['IIIIIIIIXZZIXIIIIIII']
clique 509 ['IIIIIIXXZIIIXIIIIIII']
clique 510 ['IIIIIIXYZIIIXIIIIIII']
clique 511 ['IIIIIIXZZIIIXIIIIIII']
clique 512 ['IIIIIXZIZIIIXIIIIIII']
clique 513 ['IIIIIYZIZIIIXIIIIIII']
clique 514 ['IIIIIZZIZIIIXIIIIIII']
clique 515 ['IIIIIIIIIIIIZIIIXIYI']
clique 516 ['YIIIYIIIIIIIXIIIYIII']
clique 517 ['IIIIIIIIIIIIZIYIZIII']
clique 518 ['IIIIIIIIXIYIXIIIIIII']
clique 519 ['IIIIIIYIZIIIXIIIIIII']
clique 520 ['YIIIYIIIYIIIZIIIIIII']
clique 521 ['IIIIZIIIIIIIXIIIYIII']
clique 522 ['IIIIZIIIYIIIZIIIIIII']
clique 523 ['IIIIIIIIIIIIZIIIYIII']
clique 524 ['IIIIIIIIYIIIXIIIIIII']
clique 525 ['XIXXYIIIIIIIYIIIIIII']
clique 526 ['XIXYYIIIIIIIYIIIIIII']
clique 527 ['XIXZYIIIIIIIYIIIIIII']
clique 528 ['XXZIYIIIIIIIYIIIIIII']
clique 529 ['XYZIYIIIIIIIYIIIIIII']
clique 530 ['XZZIYIIIIIIIYIIIIIII']
clique 531 ['XIYIYIIIIIIIYIIIIIII']
clique 532 ['YIIIYIIIIIIIYIIIIIII']
clique 533 ['IIIIZIIIIIIIYIIIIIII']
