GS energy with  DMRG -14.766274432120138
N= 9.999999999945599
E= -14.766274432120138
D= [[ 4.99999996e-01+0.j  1.00798003e-12+0.j  4.20049759e-01+0.j
   6.64812932e-13+0.j  4.31187256e-09+0.j -9.24502037e-15+0.j
  -1.69644919e-01+0.j  1.04038731e-13+0.j -3.55816561e-09+0.j
   1.32071978e-14+0.j  1.13612496e-01+0.j -7.86086306e-13+0.j
   1.87421261e-09+0.j -4.50488886e-13+0.j -9.02593846e-02+0.j
   1.48859006e-11+0.j -8.14710948e-08+0.j -8.83720277e-13+0.j
   7.90949693e-02+0.j  2.74393188e-11+0.j]
 [ 1.00798007e-12+0.j  4.99999995e-01+0.j -1.40978083e-12+0.j
   4.20049762e-01+0.j -6.64439578e-15+0.j  5.22976361e-09+0.j
   7.68464513e-13+0.j -1.69644913e-01+0.j  5.69630470e-15+0.j
  -5.01435384e-09+0.j  9.43422134e-13+0.j  1.13612660e-01+0.j
  -2.34216188e-13+0.j  1.54490738e-08+0.j  3.74798296e-11+0.j
  -9.02593371e-02+0.j -9.73775116e-13+0.j -7.39057641e-10+0.j
   3.95458731e-11+0.j  7.90955871e-02+0.j]
 [ 4.20049759e-01+0.j -1.40978083e-12+0.j  4.99999999e-01+0.j
  -7.71509890e-13+0.j  2.44638154e-01+0.j -1.21435276e-13+0.j
   1.29460186e-09+0.j  3.06907226e-13+0.j -5.25418583e-02+0.j
   9.58474174e-13+0.j -2.58048049e-09+0.j -1.89184915e-13+0.j
   2.04337502e-02+0.j -1.92191170e-11+0.j  1.62065896e-08+0.j
   7.18249239e-13+0.j -7.78886526e-03+0.j -4.88350899e-11+0.j
   3.33610569e-08+0.j  1.34205849e-12+0.j]
 [ 6.64812916e-13+0.j  4.20049762e-01+0.j -7.71509885e-13+0.j
   4.99999999e-01+0.j -4.57959631e-14+0.j  2.44638155e-01+0.j
   3.03008501e-13+0.j  8.07802193e-10+0.j  7.23023554e-13+0.j
  -5.25418337e-02+0.j -1.62155469e-13+0.j -1.98856267e-09+0.j
  -1.71653376e-11+0.j  2.04338675e-02+0.j  8.48232267e-13+0.j
  -1.17912383e-08+0.j -7.00257255e-11+0.j -7.78989851e-03+0.j
   6.86141404e-13+0.j -8.60418914e-09+0.j]
 [ 4.31187247e-09+0.j -6.64430478e-15+0.j  2.44638154e-01+0.j
  -4.57959752e-14+0.j  4.99999997e-01+0.j  5.25062186e-14+0.j
   3.68901816e-01+0.j  1.59224322e-13+0.j  2.29063492e-09+0.j
   1.15921449e-15+0.j -1.50691549e-01+0.j -6.80053325e-14+0.j
   1.26861425e-09+0.j -6.94151543e-13+0.j  1.06793534e-01+0.j
   1.24106807e-11+0.j  6.62956496e-08+0.j -8.24131064e-13+0.j
  -9.02599792e-02+0.j  2.41376314e-11+0.j]
 [-9.24493714e-15+0.j  5.22976344e-09+0.j -1.21435346e-13+0.j
   2.44638155e-01+0.j  5.25062086e-14+0.j  4.99999995e-01+0.j
   3.96048577e-13+0.j  3.68901792e-01+0.j -6.45121585e-15+0.j
   4.15060418e-09+0.j  1.11411231e-12+0.j -1.50691451e-01+0.j
  -1.14472541e-13+0.j -1.39096935e-08+0.j  3.45368437e-11+0.j
   1.06793996e-01+0.j -6.55235296e-13+0.j -1.38580872e-09+0.j
   3.49618935e-11+0.j -9.02590505e-02+0.j]
 [-1.69644919e-01+0.j  7.68464593e-13+0.j  1.29460179e-09+0.j
   3.03008456e-13+0.j  3.68901816e-01+0.j  3.96048624e-13+0.j
   4.99999997e-01+0.j -1.61495409e-13+0.j  2.65844002e-01+0.j
   1.79020858e-13+0.j  4.23879068e-09+0.j  1.46626239e-13+0.j
  -6.05992535e-02+0.j -9.43499624e-12+0.j -6.43139225e-08+0.j
   1.63809356e-13+0.j  2.04342022e-02+0.j -1.27846427e-11+0.j
  -1.15762668e-07+0.j  7.00173368e-13+0.j]
 [ 1.04038791e-13+0.j -1.69644913e-01+0.j  3.06907181e-13+0.j
   8.07802123e-10+0.j  1.59224316e-13+0.j  3.68901792e-01+0.j
  -1.61495447e-13+0.j  4.99999998e-01+0.j  2.95589576e-13+0.j
   2.65844002e-01+0.j  9.11382632e-14+0.j  5.62484661e-09+0.j
  -5.19474465e-12+0.j -6.05993846e-02+0.j  5.01765995e-14+0.j
   1.55281648e-08+0.j -1.85114559e-11+0.j  2.04336316e-02+0.j
   2.65416283e-13+0.j -1.48720497e-08+0.j]
 [-3.55816566e-09+0.j  5.69628087e-15+0.j -5.25418583e-02+0.j
   7.23023565e-13+0.j  2.29063495e-09+0.j -6.45122360e-15+0.j
   2.65844002e-01+0.j  2.95589572e-13+0.j  4.99999999e-01+0.j
   1.72583444e-14+0.j  3.60953124e-01+0.j  2.27446024e-13+0.j
   7.67773386e-09+0.j -1.27503009e-13+0.j -1.50691523e-01+0.j
  -3.39608042e-13+0.j  5.94644907e-08+0.j -4.20308705e-14+0.j
   1.13612601e-01+0.j  8.71556453e-13+0.j]
 [ 1.32071859e-14+0.j -5.01435389e-09+0.j  9.58474191e-13+0.j
  -5.25418337e-02+0.j  1.15922225e-15+0.j  4.15060443e-09+0.j
   1.79020867e-13+0.j  2.65844002e-01+0.j  1.72583499e-14+0.j
   4.99999999e-01+0.j -2.65021066e-14+0.j  3.60953125e-01+0.j
  -1.48730765e-14+0.j -5.11575843e-09+0.j  1.78959771e-12+0.j
  -1.50691586e-01+0.j  3.44032511e-14+0.j  1.12838678e-09+0.j
   2.45627995e-12+0.j  1.13612408e-01+0.j]
 [ 1.13612496e-01+0.j  9.43422078e-13+0.j -2.58048050e-09+0.j
  -1.62155438e-13+0.j -1.50691549e-01+0.j  1.11411228e-12+0.j
   4.23879057e-09+0.j  9.11382713e-14+0.j  3.60953124e-01+0.j
  -2.65021101e-14+0.j  5.00000002e-01+0.j -3.33530334e-14+0.j
   2.65844002e-01+0.j -8.31581486e-13+0.j -8.47881152e-09+0.j
   6.88700599e-14+0.j -5.25418476e-02+0.j  1.33717680e-12+0.j
  -1.74768320e-09+0.j -1.36415141e-13+0.j]
 [-7.86086346e-13+0.j  1.13612660e-01+0.j -1.89184884e-13+0.j
  -1.98856260e-09+0.j -6.80053427e-14+0.j -1.50691451e-01+0.j
   1.46626250e-13+0.j  5.62484658e-09+0.j  2.27445998e-13+0.j
   3.60953125e-01+0.j -3.33530454e-14+0.j  5.00000002e-01+0.j
   1.89690755e-12+0.j  2.65844028e-01+0.j  9.74843311e-14+0.j
  -4.38619490e-09+0.j  8.32753237e-13+0.j -5.25418692e-02+0.j
  -1.98611028e-13+0.j  4.37603094e-09+0.j]
 [ 1.87421258e-09+0.j -2.34216174e-13+0.j  2.04337502e-02+0.j
  -1.71653376e-11+0.j  1.26861444e-09+0.j -1.14472525e-13+0.j
  -6.05992535e-02+0.j -5.19474466e-12+0.j  7.67773386e-09+0.j
  -1.48730691e-14+0.j  2.65844002e-01+0.j  1.89690757e-12+0.j
   4.99999999e-01+0.j -1.35143820e-13+0.j  3.68901804e-01+0.j
   1.79451307e-12+0.j -5.39192148e-09+0.j  5.00192677e-14+0.j
  -1.69644906e-01+0.j -8.33417164e-13+0.j]
 [-4.50488890e-13+0.j  1.54490739e-08+0.j -1.92191170e-11+0.j
   2.04338675e-02+0.j -6.94151526e-13+0.j -1.39096934e-08+0.j
  -9.43499624e-12+0.j -6.05993846e-02+0.j -1.27502984e-13+0.j
  -5.11575828e-09+0.j -8.31581493e-13+0.j  2.65844028e-01+0.j
  -1.35143818e-13+0.j  5.00000002e-01+0.j -1.96899356e-12+0.j
   3.68901818e-01+0.j  1.15055129e-13+0.j -9.74751089e-10+0.j
   2.19682415e-12+0.j -1.69644889e-01+0.j]
 [-9.02593846e-02+0.j  3.74798296e-11+0.j  1.62065896e-08+0.j
   8.48232237e-13+0.j  1.06793534e-01+0.j  3.45368437e-11+0.j
  -6.43139225e-08+0.j  5.01766424e-14+0.j -1.50691523e-01+0.j
   1.78959771e-12+0.j -8.47881165e-09+0.j  9.74843167e-14+0.j
   3.68901804e-01+0.j -1.96899357e-12+0.j  5.00000001e-01+0.j
   1.52219266e-14+0.j  2.44638149e-01+0.j -1.96071537e-13+0.j
  -3.76119050e-09+0.j  2.77355499e-14+0.j]
 [ 1.48859007e-11+0.j -9.02593371e-02+0.j  7.18249217e-13+0.j
  -1.17912383e-08+0.j  1.24106807e-11+0.j  1.06793996e-01+0.j
   1.63809345e-13+0.j  1.55281648e-08+0.j -3.39608067e-13+0.j
  -1.50691586e-01+0.j  6.88700769e-14+0.j -4.38619506e-09+0.j
   1.79451308e-12+0.j  3.68901818e-01+0.j  1.52219211e-14+0.j
   5.00000006e-01+0.j -1.00086957e-12+0.j  2.44638161e-01+0.j
  -4.77089760e-14+0.j -4.93690420e-09+0.j]
 [-8.14710947e-08+0.j -9.73775115e-13+0.j -7.78886526e-03+0.j
  -7.00257255e-11+0.j  6.62956496e-08+0.j -6.55235305e-13+0.j
   2.04342022e-02+0.j -1.85114559e-11+0.j  5.94644906e-08+0.j
   3.44032424e-14+0.j -5.25418476e-02+0.j  8.32753233e-13+0.j
  -5.39192145e-09+0.j  1.15055130e-13+0.j  2.44638149e-01+0.j
  -1.00086958e-12+0.j  5.00000004e-01+0.j -6.18979532e-14+0.j
   4.20049765e-01+0.j  6.23287849e-13+0.j]
 [-8.83720277e-13+0.j -7.39057662e-10+0.j -4.88350899e-11+0.j
  -7.78989851e-03+0.j -8.24131061e-13+0.j -1.38580875e-09+0.j
  -1.27846427e-11+0.j  2.04336316e-02+0.j -4.20308687e-14+0.j
   1.12838672e-09+0.j  1.33717680e-12+0.j -5.25418692e-02+0.j
   5.00192659e-14+0.j -9.74751072e-10+0.j -1.96071539e-13+0.j
   2.44638161e-01+0.j -6.18979370e-14+0.j  5.00000001e-01+0.j
  -3.39636451e-13+0.j  4.20049737e-01+0.j]
 [ 7.90949693e-02+0.j  3.95458731e-11+0.j  3.33610569e-08+0.j
   6.86141430e-13+0.j -9.02599792e-02+0.j  3.49618935e-11+0.j
  -1.15762668e-07+0.j  2.65416239e-13+0.j  1.13612601e-01+0.j
   2.45627994e-12+0.j -1.74768304e-09+0.j -1.98611014e-13+0.j
  -1.69644906e-01+0.j  2.19682415e-12+0.j -3.76119064e-09+0.j
  -4.77089794e-14+0.j  4.20049765e-01+0.j -3.39636449e-13+0.j
   5.00000007e-01+0.j  6.84485937e-14+0.j]
 [ 2.74393187e-11+0.j  7.90955871e-02+0.j  1.34205850e-12+0.j
  -8.60418911e-09+0.j  2.41376314e-11+0.j -9.02590505e-02+0.j
   7.00173377e-13+0.j -1.48720497e-08+0.j  8.71556478e-13+0.j
   1.13612408e-01+0.j -1.36415155e-13+0.j  4.37603106e-09+0.j
  -8.33417172e-13+0.j -1.69644889e-01+0.j  2.77355576e-14+0.j
  -4.93690429e-09+0.j  6.23287810e-13+0.j  4.20049737e-01+0.j
   6.84485916e-14+0.j  5.00000004e-01+0.j]]
W= [0.19162833+0.j 0.20984444+0.j 0.21024955+0.j 0.21239984+0.j
 0.21238177+0.j 0.21238177+0.j 0.21239984+0.j 0.21024955+0.j
 0.20984444+0.j 0.19162834+0.j]
local approximation with  1 sites
local interactions on sites [[0], [1], [2], [3], [4], [5], [6], [7], [8], [9]]
Functional for interaction on sites [0]
aca-directory for images already exists
aca-directory for images already exists
aca-directory for images already exists
interacting orbitals: [0, 1]
mapping: [0, 1, 2, 3, 4, 5, 6, 7, 8, 9, 10, 11, 12, 13, 14, 15, 16, 17, 18, 19]
aca-directory for images already exists
aca-directory for images already exists
aca-directory for images already exists
orbinteractaca= [0, 1]
aca-directory for images already exists
aca-directory for images already exists
aca-directory for images already exists
aca-directory for images already exists
aca-directory for images already exists
aca-directory for images already exists
aca-directory for images already exists
aca-directory for images already exists
aca-directory for images already exists
aca-directory for images already exists
aca-directory for images already exists
aca-directory for images already exists
aca-directory for images already exists
aca-directory for images already exists
aca-directory for images already exists
aca-directory for images already exists
aca-directory for images already exists
aca-directory for images already exists
aca-directory for images already exists
aca-directory for images already exists
aca-directory for images already exists
aca-directory for images already exists
aca-directory for images already exists
aca-directory for images already exists
aca-directory for images already exists
aca-directory for images already exists
aca-directory for images already exists
aca-directory for images already exists
aca-directory for images already exists
aca-directory for images already exists
aca-directory for images already exists
aca-directory for images already exists
aca-directory for images already exists
aca-directory for images already exists
aca-directory for images already exists
aca-directory for images already exists
aca-directory for images already exists
aca-directory for images already exists
aca-directory for images already exists
aca-directory for images already exists
aca-directory for images already exists
aca-directory for images already exists
aca-directory for images already exists
aca-directory for images already exists
aca-directory for images already exists
aca-directory for images already exists
aca-directory for images already exists
aca-directory for images already exists
aca-directory for images already exists
aca-directory for images already exists
aca-directory for images already exists
aca-directory for images already exists
aca-directory for images already exists
aca-directory for images already exists
aca-directory for images already exists
aca-directory for images already exists
aca-directory for images already exists
aca: level 9  norb= 20
Daca= [[ 4.99999996e-01+0.j  1.00798003e-12+0.j -4.82215479e-01+0.j
   4.62305429e-28+0.j -1.81511869e-25+0.j -7.37954749e-31+0.j
   1.83899995e-17+0.j -3.51368832e-28+0.j  1.64768667e-25+0.j
   7.81821765e-31+0.j  9.79351777e-18+0.j  3.99399330e-28+0.j
  -2.51756572e-25+0.j -1.11896057e-28+0.j  1.05204111e-17+0.j
  -7.11019383e-27+0.j  1.86374501e-23+0.j  1.86099126e-28+0.j
  -1.62826671e-17+0.j -3.84737808e-27+0.j]
 [ 1.00798007e-12+0.j  4.99999995e-01+0.j -2.66782609e-13+0.j
  -4.82215611e-01+0.j -1.55263277e-30+0.j  4.67311382e-25+0.j
   2.40647161e-28+0.j -4.28705982e-17+0.j  6.56102062e-31+0.j
  -1.27884967e-24+0.j -7.71621608e-30+0.j  3.84022694e-17+0.j
   2.71930826e-29+0.j -1.56744861e-24+0.j  2.39218734e-28+0.j
  -3.20436531e-17+0.j -2.82904509e-28+0.j -1.51234805e-25+0.j
   5.32303146e-27+0.j  2.19795168e-17+0.j]
 [-4.82215479e-01+0.j -2.66782556e-13+0.j  5.00000008e-01+0.j
  -9.05653425e-13+0.j  1.60865951e-02+0.j -3.50703741e-28+0.j
  -3.41668447e-25+0.j -1.01783312e-29+0.j  8.48723539e-20+0.j
  -3.81311848e-29+0.j -2.68531862e-25+0.j -3.45508973e-29+0.j
  -2.77867733e-19+0.j  6.84314699e-28+0.j  1.09560928e-25+0.j
   5.41706335e-29+0.j  3.64559195e-19+0.j  1.38448098e-27+0.j
  -4.02119217e-25+0.j  1.13130132e-28+0.j]
 [ 5.83768686e-20+0.j -4.82215611e-01+0.j -9.05653439e-13+0.j
   5.00000004e-01+0.j -2.24892351e-12+0.j  1.60864832e-02+0.j
   3.45850730e-30+0.j -1.17925141e-25+0.j  2.06881912e-28+0.j
   1.11171109e-18+0.j  1.81465318e-31+0.j  1.08479602e-25+0.j
  -5.49042975e-28+0.j -3.90591096e-19+0.j -7.13506372e-30+0.j
   8.09425007e-25+0.j  1.34459010e-28+0.j -2.91478907e-19+0.j
   2.69499856e-29+0.j -3.79264915e-25+0.j]
 [-8.19656862e-17+0.j  9.10027988e-20+0.j  1.60865951e-02+0.j
  -2.24892352e-12+0.j  4.99999839e-01+0.j -7.52872030e-12+0.j
   4.80797743e-01+0.j  3.50120303e-26+0.j  3.47063907e-23+0.j
  -5.67270352e-29+0.j  4.48023493e-17+0.j  1.94138314e-26+0.j
  -2.23373917e-23+0.j  6.15044555e-27+0.j -9.46120060e-18+0.j
   2.20702966e-26+0.j  3.18880522e-23+0.j -9.46200105e-28+0.j
   7.52779303e-17+0.j -8.11993890e-27+0.j]
 [ 8.32365424e-20+0.j -1.69569217e-16+0.j -4.05790986e-20+0.j
   1.60864832e-02+0.j -7.52872031e-12+0.j  5.00000105e-01+0.j
  -6.31933633e-13+0.j  4.80797539e-01+0.j -3.85383349e-30+0.j
  -6.95964527e-25+0.j  1.01617605e-26+0.j  3.71728090e-18+0.j
  -1.48845319e-28+0.j  1.20734595e-25+0.j -3.13187814e-28+0.j
  -1.39791294e-17+0.j -1.49603592e-29+0.j -6.33667672e-23+0.j
  -4.69478489e-28+0.j  1.47371810e-17+0.j]
 [-1.96356000e-16+0.j  6.98898810e-20+0.j  5.08330782e-18+0.j
   6.26380835e-20+0.j  4.80797743e-01+0.j -6.31933577e-13+0.j
   5.00000158e-01+0.j  7.38265063e-12+0.j  8.42232667e-03+0.j
   5.95744033e-28+0.j  5.93442870e-27+0.j  2.49786120e-29+0.j
  -2.12468392e-19+0.j  1.19329828e-27+0.j -1.41754468e-24+0.j
   7.86159760e-29+0.j -5.65998526e-20+0.j -3.48995195e-27+0.j
  -1.16657432e-25+0.j  6.77078621e-29+0.j]
 [ 4.60043091e-20+0.j  4.19883949e-16+0.j  2.08439095e-20+0.j
   6.44726556e-17+0.j  5.87871657e-21+0.j  4.80797539e-01+0.j
   7.38265059e-12+0.j  4.99999894e-01+0.j  2.57206776e-12+0.j
   8.42239394e-03+0.j -4.90179832e-33+0.j -4.60874052e-26+0.j
  -4.71061265e-28+0.j -5.39697283e-19+0.j  8.38964590e-30+0.j
   4.07538061e-25+0.j  9.52544201e-28+0.j -3.60378413e-19+0.j
  -5.17429212e-29+0.j  1.02098363e-24+0.j]
 [-4.98732986e-17+0.j -2.38277940e-20+0.j -1.20267131e-16+0.j
  -1.86249248e-21+0.j -1.95394648e-18+0.j  5.62339932e-21+0.j
   8.42232667e-03+0.j  2.57206777e-12+0.j  5.00000252e-01+0.j
   2.48340963e-11+0.j  4.88995509e-01+0.j -5.74173034e-26+0.j
   5.76539915e-24+0.j -5.25060699e-27+0.j  7.48517791e-17+0.j
   5.57822377e-25+0.j  5.83113209e-23+0.j -1.25723700e-27+0.j
  -7.36803900e-17+0.j -1.18754170e-25+0.j]
 [-1.19372216e-20+0.j -4.94396220e-17+0.j  6.48737185e-21+0.j
   1.06565689e-16+0.j  8.33595531e-21+0.j -1.60819396e-16+0.j
  -3.36025257e-20+0.j  8.42239394e-03+0.j  2.48340963e-11+0.j
   4.99999402e-01+0.j  3.87559643e-12+0.j  4.88995601e-01+0.j
   3.52250197e-27+0.j  2.83757709e-23+0.j  6.98145340e-26+0.j
  -5.03026422e-17+0.j -2.51135045e-27+0.j -2.53289982e-22+0.j
  -1.85377682e-25+0.j  7.66691726e-17+0.j]
 [ 2.53661420e-17+0.j -4.94561704e-20+0.j  6.92390188e-17+0.j
  -3.54494097e-20+0.j  1.13108529e-16+0.j -1.07059463e-20+0.j
  -1.29902140e-16+0.j -5.82164781e-21+0.j  4.88995509e-01+0.j
   3.87559645e-12+0.j  4.99999738e-01+0.j -2.48121071e-11+0.j
   3.20468545e-03+0.j  2.88341745e-27+0.j -1.12092017e-24+0.j
  -2.02587694e-29+0.j -2.68180367e-19+0.j -3.87312455e-27+0.j
   5.64408175e-25+0.j -1.59431717e-29+0.j]
 [-3.10167836e-20+0.j  5.33567916e-17+0.j -2.06166921e-20+0.j
  -2.71237335e-17+0.j  3.58815078e-21+0.j  1.27535039e-16+0.j
   9.38652397e-21+0.j -1.23465411e-16+0.j -2.23248476e-21+0.j
   4.88995601e-01+0.j -2.48121071e-11+0.j  5.00000606e-01+0.j
   2.59260108e-12+0.j  3.20487986e-03+0.j -2.23174650e-30+0.j
  -5.95794832e-25+0.j -5.56341607e-28+0.j -5.85208308e-20+0.j
   1.96266005e-30+0.j -5.04432995e-25+0.j]
 [-2.68882147e-17+0.j  1.32438983e-20+0.j  9.66357974e-17+0.j
  -1.97524656e-20+0.j -1.85976072e-16+0.j -5.43113725e-21+0.j
  -3.53414377e-16+0.j  9.00975276e-21+0.j -1.05470347e-16+0.j
  -1.18791717e-20+0.j  3.20468545e-03+0.j  2.59260104e-12+0.j
   5.00002340e-01+0.j -3.86722681e-11+0.j -4.92294311e-01+0.j
   1.89048568e-26+0.j  5.38203924e-22+0.j  9.24167689e-27+0.j
   5.82092845e-17+0.j -6.14539940e-25+0.j]
 [-3.47870670e-21+0.j  1.54390394e-16+0.j  3.49060788e-21+0.j
  -5.33549941e-17+0.j -8.12723395e-21+0.j -8.13146855e-17+0.j
   5.93857990e-22+0.j -6.45029998e-17+0.j -2.64388714e-20+0.j
  -2.60466397e-16+0.j -1.55707537e-21+0.j  3.20487986e-03+0.j
  -3.86722681e-11+0.j  5.00001517e-01+0.j  1.68564838e-11+0.j
  -4.92294444e-01+0.j  4.10140643e-27+0.j  1.68473683e-22+0.j
  -1.28647174e-25+0.j  1.49333580e-16+0.j]
 [-2.44993130e-16+0.j  3.86668110e-20+0.j -3.07457567e-17+0.j
   4.83628253e-20+0.j -2.08209944e-17+0.j  2.46434985e-20+0.j
  -4.40936984e-17+0.j -6.62649768e-22+0.j -6.05512203e-17+0.j
   1.94663505e-21+0.j -3.66328586e-17+0.j -1.74429402e-20+0.j
  -4.92294311e-01+0.j  1.68564838e-11+0.j  4.99997659e-01+0.j
   3.83838433e-11+0.j -1.29271066e-03+0.j -1.28730823e-27+0.j
  -1.29278356e-24+0.j -2.88856700e-29+0.j]
 [ 3.21404005e-20+0.j -1.01682052e-16+0.j  1.39543982e-20+0.j
   5.73740458e-17+0.j -4.84976943e-23+0.j -8.77889410e-17+0.j
  -1.98987438e-20+0.j -2.24642573e-17+0.j  1.53903362e-20+0.j
  -6.85927922e-17+0.j  3.85468730e-21+0.j  3.63180504e-17+0.j
   2.53375680e-20+0.j -4.92294444e-01+0.j  3.83838433e-11+0.j
   4.99998464e-01+0.j  2.32257263e-11+0.j -1.29269523e-03+0.j
   3.04574614e-29+0.j -3.50480807e-25+0.j]
 [ 4.55365126e-17+0.j  7.73790257e-22+0.j -5.13891718e-17+0.j
  -1.95329121e-21+0.j -3.03267506e-17+0.j -2.83897953e-21+0.j
   3.86210922e-17+0.j  3.32254113e-20+0.j  1.03000487e-17+0.j
   1.53737483e-20+0.j  5.14749682e-17+0.j -5.36154511e-21+0.j
  -6.01536318e-17+0.j -3.66322067e-21+0.j -1.29271066e-03+0.j
   2.32257263e-11+0.j  4.99988142e-01+0.j -2.14935548e-10+0.j
  -4.93673464e-01+0.j -7.68253293e-25+0.j]
 [-7.50536949e-22+0.j -2.08166822e-17+0.j  4.05827605e-21+0.j
  -2.49434840e-18+0.j  5.82890787e-21+0.j -3.34014582e-17+0.j
  -7.99724092e-21+0.j  4.67802447e-17+0.j -3.83413051e-21+0.j
   2.41472895e-16+0.j  3.14430107e-21+0.j -4.21611180e-17+0.j
  -1.11195699e-20+0.j -2.13805301e-17+0.j  1.26574968e-21+0.j
  -1.29269523e-03+0.j -2.14935548e-10+0.j  4.99995282e-01+0.j
  -1.38298740e-11+0.j  4.93673314e-01+0.j]
 [ 1.47656691e-16+0.j -3.36569306e-20+0.j -8.38029653e-17+0.j
  -4.45966381e-20+0.j  2.03307480e-17+0.j -3.66039362e-20+0.j
   1.82374167e-16+0.j -5.99196777e-21+0.j -1.56108599e-17+0.j
  -1.28881599e-21+0.j -1.11624657e-16+0.j  2.97897321e-20+0.j
  -2.17605817e-17+0.j -5.99432170e-21+0.j  4.38040528e-17+0.j
  -1.33111916e-20+0.j -4.93673464e-01+0.j -1.38298740e-11+0.j
   5.00011868e-01+0.j -2.15243492e-10+0.j]
 [-2.89163689e-20+0.j  2.25781633e-17+0.j -1.20420321e-20+0.j
  -1.10003541e-16+0.j -3.82944813e-21+0.j -6.79662121e-17+0.j
   2.55475730e-20+0.j  5.26445827e-17+0.j -4.41302649e-21+0.j
   4.01251411e-16+0.j  3.55184449e-21+0.j -1.73081970e-16+0.j
  -2.12073531e-20+0.j  3.04409578e-16+0.j  4.53097643e-22+0.j
   9.22770258e-17+0.j -1.24117862e-20+0.j  4.93673314e-01+0.j
  -2.15243492e-10+0.j  5.00004731e-01+0.j]]
rounding Naca1 to integer
rounding Naca2 to integer
Naca= (5, 5)
nq= 20
variational state:
        ┌──────────┐┌───────────┐┌───┐     ┌───────────┐┌───────────┐»
 q0_0: ─┤ Ry(y[0]) ├┤ Rz(y[20]) ├┤ X ├──■──┤ Ry(y[40]) ├┤ Rz(y[60]) ├»
        ├──────────┤├───────────┤└─┬─┘┌─┴─┐└───────────┘├───────────┤»
 q0_1: ─┤ Ry(y[1]) ├┤ Rz(y[21]) ├──┼──┤ X ├──────■──────┤ Ry(y[41]) ├»
        ├──────────┤├───────────┤  │  └───┘    ┌─┴─┐    └───────────┘»
 q0_2: ─┤ Ry(y[2]) ├┤ Rz(y[22]) ├──┼───────────┤ X ├──────────■──────»
        ├──────────┤├───────────┤  │           └───┘        ┌─┴─┐    »
 q0_3: ─┤ Ry(y[3]) ├┤ Rz(y[23]) ├──┼────────────────────────┤ X ├────»
        ├──────────┤├───────────┤  │                        └───┘    »
 q0_4: ─┤ Ry(y[4]) ├┤ Rz(y[24]) ├──┼─────────────────────────────────»
        ├──────────┤├───────────┤  │                                 »
 q0_5: ─┤ Ry(y[5]) ├┤ Rz(y[25]) ├──┼─────────────────────────────────»
        ├──────────┤├───────────┤  │                                 »
 q0_6: ─┤ Ry(y[6]) ├┤ Rz(y[26]) ├──┼─────────────────────────────────»
        ├──────────┤├───────────┤  │                                 »
 q0_7: ─┤ Ry(y[7]) ├┤ Rz(y[27]) ├──┼─────────────────────────────────»
        ├──────────┤├───────────┤  │                                 »
 q0_8: ─┤ Ry(y[8]) ├┤ Rz(y[28]) ├──┼─────────────────────────────────»
        ├──────────┤├───────────┤  │                                 »
 q0_9: ─┤ Ry(y[9]) ├┤ Rz(y[29]) ├──┼─────────────────────────────────»
       ┌┴──────────┤├───────────┤  │                                 »
q0_10: ┤ Ry(y[10]) ├┤ Rz(y[30]) ├──┼─────────────────────────────────»
       ├───────────┤├───────────┤  │                                 »
q0_11: ┤ Ry(y[11]) ├┤ Rz(y[31]) ├──┼─────────────────────────────────»
       ├───────────┤├───────────┤  │                                 »
q0_12: ┤ Ry(y[12]) ├┤ Rz(y[32]) ├──┼─────────────────────────────────»
       ├───────────┤├───────────┤  │                                 »
q0_13: ┤ Ry(y[13]) ├┤ Rz(y[33]) ├──┼─────────────────────────────────»
       ├───────────┤├───────────┤  │                                 »
q0_14: ┤ Ry(y[14]) ├┤ Rz(y[34]) ├──┼─────────────────────────────────»
       ├───────────┤├───────────┤  │                                 »
q0_15: ┤ Ry(y[15]) ├┤ Rz(y[35]) ├──┼─────────────────────────────────»
       ├───────────┤├───────────┤  │                                 »
q0_16: ┤ Ry(y[16]) ├┤ Rz(y[36]) ├──┼─────────────────────────────────»
       ├───────────┤├───────────┤  │                                 »
q0_17: ┤ Ry(y[17]) ├┤ Rz(y[37]) ├──┼─────────────────────────────────»
       ├───────────┤├───────────┤  │                                 »
q0_18: ┤ Ry(y[18]) ├┤ Rz(y[38]) ├──┼─────────────────────────────────»
       ├───────────┤├───────────┤  │                                 »
q0_19: ┤ Ry(y[19]) ├┤ Rz(y[39]) ├──■─────────────────────────────────»
       └───────────┘└───────────┘                                    »
c0: 20/══════════════════════════════════════════════════════════════»
                                                                     »
«                                                                        »
« q0_0: ─────────────────────────────────────────────────────────────────»
«       ┌───────────┐                                                    »
« q0_1: ┤ Rz(y[61]) ├────────────────────────────────────────────────────»
«       ├───────────┤┌───────────┐                                       »
« q0_2: ┤ Ry(y[42]) ├┤ Rz(y[62]) ├───────────────────────────────────────»
«       └───────────┘├───────────┤┌───────────┐                          »
« q0_3: ──────■──────┤ Ry(y[43]) ├┤ Rz(y[63]) ├──────────────────────────»
«           ┌─┴─┐    └───────────┘├───────────┤┌───────────┐             »
« q0_4: ────┤ X ├──────────■──────┤ Ry(y[44]) ├┤ Rz(y[64]) ├─────────────»
«           └───┘        ┌─┴─┐    └───────────┘├───────────┤┌───────────┐»
« q0_5: ─────────────────┤ X ├──────────■──────┤ Ry(y[45]) ├┤ Rz(y[65]) ├»
«                        └───┘        ┌─┴─┐    └───────────┘├───────────┤»
« q0_6: ──────────────────────────────┤ X ├──────────■──────┤ Ry(y[46]) ├»
«                                     └───┘        ┌─┴─┐    └───────────┘»
« q0_7: ───────────────────────────────────────────┤ X ├──────────■──────»
«                                                  └───┘        ┌─┴─┐    »
« q0_8: ────────────────────────────────────────────────────────┤ X ├────»
«                                                               └───┘    »
« q0_9: ─────────────────────────────────────────────────────────────────»
«                                                                        »
«q0_10: ─────────────────────────────────────────────────────────────────»
«                                                                        »
«q0_11: ─────────────────────────────────────────────────────────────────»
«                                                                        »
«q0_12: ─────────────────────────────────────────────────────────────────»
«                                                                        »
«q0_13: ─────────────────────────────────────────────────────────────────»
«                                                                        »
«q0_14: ─────────────────────────────────────────────────────────────────»
«                                                                        »
«q0_15: ─────────────────────────────────────────────────────────────────»
«                                                                        »
«q0_16: ─────────────────────────────────────────────────────────────────»
«                                                                        »
«q0_17: ─────────────────────────────────────────────────────────────────»
«                                                                        »
«q0_18: ─────────────────────────────────────────────────────────────────»
«                                                                        »
«q0_19: ─────────────────────────────────────────────────────────────────»
«                                                                        »
«c0: 20/═════════════════════════════════════════════════════════════════»
«                                                                        »
«                                                                        »
« q0_0: ─────────────────────────────────────────────────────────────────»
«                                                                        »
« q0_1: ─────────────────────────────────────────────────────────────────»
«                                                                        »
« q0_2: ─────────────────────────────────────────────────────────────────»
«                                                                        »
« q0_3: ─────────────────────────────────────────────────────────────────»
«                                                                        »
« q0_4: ─────────────────────────────────────────────────────────────────»
«                                                                        »
« q0_5: ─────────────────────────────────────────────────────────────────»
«       ┌───────────┐                                                    »
« q0_6: ┤ Rz(y[66]) ├────────────────────────────────────────────────────»
«       ├───────────┤┌───────────┐                                       »
« q0_7: ┤ Ry(y[47]) ├┤ Rz(y[67]) ├───────────────────────────────────────»
«       └───────────┘├───────────┤┌───────────┐                          »
« q0_8: ──────■──────┤ Ry(y[48]) ├┤ Rz(y[68]) ├──────────────────────────»
«           ┌─┴─┐    └───────────┘├───────────┤┌───────────┐             »
« q0_9: ────┤ X ├──────────■──────┤ Ry(y[49]) ├┤ Rz(y[69]) ├─────────────»
«           └───┘        ┌─┴─┐    └───────────┘├───────────┤┌───────────┐»
«q0_10: ─────────────────┤ X ├──────────■──────┤ Ry(y[50]) ├┤ Rz(y[70]) ├»
«                        └───┘        ┌─┴─┐    └───────────┘├───────────┤»
«q0_11: ──────────────────────────────┤ X ├──────────■──────┤ Ry(y[51]) ├»
«                                     └───┘        ┌─┴─┐    └───────────┘»
«q0_12: ───────────────────────────────────────────┤ X ├──────────■──────»
«                                                  └───┘        ┌─┴─┐    »
«q0_13: ────────────────────────────────────────────────────────┤ X ├────»
«                                                               └───┘    »
«q0_14: ─────────────────────────────────────────────────────────────────»
«                                                                        »
«q0_15: ─────────────────────────────────────────────────────────────────»
«                                                                        »
«q0_16: ─────────────────────────────────────────────────────────────────»
«                                                                        »
«q0_17: ─────────────────────────────────────────────────────────────────»
«                                                                        »
«q0_18: ─────────────────────────────────────────────────────────────────»
«                                                                        »
«q0_19: ─────────────────────────────────────────────────────────────────»
«                                                                        »
«c0: 20/═════════════════════════════════════════════════════════════════»
«                                                                        »
«                                                                        »
« q0_0: ─────────────────────────────────────────────────────────────────»
«                                                                        »
« q0_1: ─────────────────────────────────────────────────────────────────»
«                                                                        »
« q0_2: ─────────────────────────────────────────────────────────────────»
«                                                                        »
« q0_3: ─────────────────────────────────────────────────────────────────»
«                                                                        »
« q0_4: ─────────────────────────────────────────────────────────────────»
«                                                                        »
« q0_5: ─────────────────────────────────────────────────────────────────»
«                                                                        »
« q0_6: ─────────────────────────────────────────────────────────────────»
«                                                                        »
« q0_7: ─────────────────────────────────────────────────────────────────»
«                                                                        »
« q0_8: ─────────────────────────────────────────────────────────────────»
«                                                                        »
« q0_9: ─────────────────────────────────────────────────────────────────»
«                                                                        »
«q0_10: ─────────────────────────────────────────────────────────────────»
«       ┌───────────┐                                                    »
«q0_11: ┤ Rz(y[71]) ├────────────────────────────────────────────────────»
«       ├───────────┤┌───────────┐                                       »
«q0_12: ┤ Ry(y[52]) ├┤ Rz(y[72]) ├───────────────────────────────────────»
«       └───────────┘├───────────┤┌───────────┐                          »
«q0_13: ──────■──────┤ Ry(y[53]) ├┤ Rz(y[73]) ├──────────────────────────»
«           ┌─┴─┐    └───────────┘├───────────┤┌───────────┐             »
«q0_14: ────┤ X ├──────────■──────┤ Ry(y[54]) ├┤ Rz(y[74]) ├─────────────»
«           └───┘        ┌─┴─┐    └───────────┘├───────────┤┌───────────┐»
«q0_15: ─────────────────┤ X ├──────────■──────┤ Ry(y[55]) ├┤ Rz(y[75]) ├»
«                        └───┘        ┌─┴─┐    └───────────┘├───────────┤»
«q0_16: ──────────────────────────────┤ X ├──────────■──────┤ Ry(y[56]) ├»
«                                     └───┘        ┌─┴─┐    └───────────┘»
«q0_17: ───────────────────────────────────────────┤ X ├──────────■──────»
«                                                  └───┘        ┌─┴─┐    »
«q0_18: ────────────────────────────────────────────────────────┤ X ├────»
«                                                               └───┘    »
«q0_19: ─────────────────────────────────────────────────────────────────»
«                                                                        »
«c0: 20/═════════════════════════════════════════════════════════════════»
«                                                                        »
«                                              ┌───┐     ┌───────────┐»
« q0_0: ───────────────────────────────────────┤ X ├──■──┤ Ry(y[80]) ├»
«                                              └─┬─┘┌─┴─┐└───────────┘»
« q0_1: ─────────────────────────────────────────┼──┤ X ├──────■──────»
«                                                │  └───┘    ┌─┴─┐    »
« q0_2: ─────────────────────────────────────────┼───────────┤ X ├────»
«                                                │           └───┘    »
« q0_3: ─────────────────────────────────────────┼────────────────────»
«                                                │                    »
« q0_4: ─────────────────────────────────────────┼────────────────────»
«                                                │                    »
« q0_5: ─────────────────────────────────────────┼────────────────────»
«                                                │                    »
« q0_6: ─────────────────────────────────────────┼────────────────────»
«                                                │                    »
« q0_7: ─────────────────────────────────────────┼────────────────────»
«                                                │                    »
« q0_8: ─────────────────────────────────────────┼────────────────────»
«                                                │                    »
« q0_9: ─────────────────────────────────────────┼────────────────────»
«                                                │                    »
«q0_10: ─────────────────────────────────────────┼────────────────────»
«                                                │                    »
«q0_11: ─────────────────────────────────────────┼────────────────────»
«                                                │                    »
«q0_12: ─────────────────────────────────────────┼────────────────────»
«                                                │                    »
«q0_13: ─────────────────────────────────────────┼────────────────────»
«                                                │                    »
«q0_14: ─────────────────────────────────────────┼────────────────────»
«                                                │                    »
«q0_15: ─────────────────────────────────────────┼────────────────────»
«       ┌───────────┐                            │                    »
«q0_16: ┤ Rz(y[76]) ├────────────────────────────┼────────────────────»
«       ├───────────┤┌───────────┐               │                    »
«q0_17: ┤ Ry(y[57]) ├┤ Rz(y[77]) ├───────────────┼────────────────────»
«       └───────────┘├───────────┤┌───────────┐  │                    »
«q0_18: ──────■──────┤ Ry(y[58]) ├┤ Rz(y[78]) ├──┼────────────────────»
«           ┌─┴─┐    ├───────────┤├───────────┤  │                    »
«q0_19: ────┤ X ├────┤ Ry(y[59]) ├┤ Rz(y[79]) ├──■────────────────────»
«           └───┘    └───────────┘└───────────┘                       »
«c0: 20/══════════════════════════════════════════════════════════════»
«                                                                     »
«       ┌────────────┐                                                        »
« q0_0: ┤ Rz(y[100]) ├────────────────────────────────────────────────────────»
«       ├───────────┬┘┌────────────┐                                          »
« q0_1: ┤ Ry(y[81]) ├─┤ Rz(y[101]) ├──────────────────────────────────────────»
«       └───────────┘ ├───────────┬┘┌────────────┐                            »
« q0_2: ──────■───────┤ Ry(y[82]) ├─┤ Rz(y[102]) ├────────────────────────────»
«           ┌─┴─┐     └───────────┘ ├───────────┬┘┌────────────┐              »
« q0_3: ────┤ X ├───────────■───────┤ Ry(y[83]) ├─┤ Rz(y[103]) ├──────────────»
«           └───┘         ┌─┴─┐     └───────────┘ ├───────────┬┘┌────────────┐»
« q0_4: ──────────────────┤ X ├───────────■───────┤ Ry(y[84]) ├─┤ Rz(y[104]) ├»
«                         └───┘         ┌─┴─┐     └───────────┘ ├───────────┬┘»
« q0_5: ────────────────────────────────┤ X ├───────────■───────┤ Ry(y[85]) ├─»
«                                       └───┘         ┌─┴─┐     └───────────┘ »
« q0_6: ──────────────────────────────────────────────┤ X ├───────────■───────»
«                                                     └───┘         ┌─┴─┐     »
« q0_7: ────────────────────────────────────────────────────────────┤ X ├─────»
«                                                                   └───┘     »
« q0_8: ──────────────────────────────────────────────────────────────────────»
«                                                                             »
« q0_9: ──────────────────────────────────────────────────────────────────────»
«                                                                             »
«q0_10: ──────────────────────────────────────────────────────────────────────»
«                                                                             »
«q0_11: ──────────────────────────────────────────────────────────────────────»
«                                                                             »
«q0_12: ──────────────────────────────────────────────────────────────────────»
«                                                                             »
«q0_13: ──────────────────────────────────────────────────────────────────────»
«                                                                             »
«q0_14: ──────────────────────────────────────────────────────────────────────»
«                                                                             »
«q0_15: ──────────────────────────────────────────────────────────────────────»
«                                                                             »
«q0_16: ──────────────────────────────────────────────────────────────────────»
«                                                                             »
«q0_17: ──────────────────────────────────────────────────────────────────────»
«                                                                             »
«q0_18: ──────────────────────────────────────────────────────────────────────»
«                                                                             »
«q0_19: ──────────────────────────────────────────────────────────────────────»
«                                                                             »
«c0: 20/══════════════════════════════════════════════════════════════════════»
«                                                                             »
«                                                                             »
« q0_0: ──────────────────────────────────────────────────────────────────────»
«                                                                             »
« q0_1: ──────────────────────────────────────────────────────────────────────»
«                                                                             »
« q0_2: ──────────────────────────────────────────────────────────────────────»
«                                                                             »
« q0_3: ──────────────────────────────────────────────────────────────────────»
«                                                                             »
« q0_4: ──────────────────────────────────────────────────────────────────────»
«       ┌────────────┐                                                        »
« q0_5: ┤ Rz(y[105]) ├────────────────────────────────────────────────────────»
«       ├───────────┬┘┌────────────┐                                          »
« q0_6: ┤ Ry(y[86]) ├─┤ Rz(y[106]) ├──────────────────────────────────────────»
«       └───────────┘ ├───────────┬┘┌────────────┐                            »
« q0_7: ──────■───────┤ Ry(y[87]) ├─┤ Rz(y[107]) ├────────────────────────────»
«           ┌─┴─┐     └───────────┘ ├───────────┬┘┌────────────┐              »
« q0_8: ────┤ X ├───────────■───────┤ Ry(y[88]) ├─┤ Rz(y[108]) ├──────────────»
«           └───┘         ┌─┴─┐     └───────────┘ ├───────────┬┘┌────────────┐»
« q0_9: ──────────────────┤ X ├───────────■───────┤ Ry(y[89]) ├─┤ Rz(y[109]) ├»
«                         └───┘         ┌─┴─┐     └───────────┘ ├───────────┬┘»
«q0_10: ────────────────────────────────┤ X ├───────────■───────┤ Ry(y[90]) ├─»
«                                       └───┘         ┌─┴─┐     └───────────┘ »
«q0_11: ──────────────────────────────────────────────┤ X ├───────────■───────»
«                                                     └───┘         ┌─┴─┐     »
«q0_12: ────────────────────────────────────────────────────────────┤ X ├─────»
«                                                                   └───┘     »
«q0_13: ──────────────────────────────────────────────────────────────────────»
«                                                                             »
«q0_14: ──────────────────────────────────────────────────────────────────────»
«                                                                             »
«q0_15: ──────────────────────────────────────────────────────────────────────»
«                                                                             »
«q0_16: ──────────────────────────────────────────────────────────────────────»
«                                                                             »
«q0_17: ──────────────────────────────────────────────────────────────────────»
«                                                                             »
«q0_18: ──────────────────────────────────────────────────────────────────────»
«                                                                             »
«q0_19: ──────────────────────────────────────────────────────────────────────»
«                                                                             »
«c0: 20/══════════════════════════════════════════════════════════════════════»
«                                                                             »
«                                                                             »
« q0_0: ──────────────────────────────────────────────────────────────────────»
«                                                                             »
« q0_1: ──────────────────────────────────────────────────────────────────────»
«                                                                             »
« q0_2: ──────────────────────────────────────────────────────────────────────»
«                                                                             »
« q0_3: ──────────────────────────────────────────────────────────────────────»
«                                                                             »
« q0_4: ──────────────────────────────────────────────────────────────────────»
«                                                                             »
« q0_5: ──────────────────────────────────────────────────────────────────────»
«                                                                             »
« q0_6: ──────────────────────────────────────────────────────────────────────»
«                                                                             »
« q0_7: ──────────────────────────────────────────────────────────────────────»
«                                                                             »
« q0_8: ──────────────────────────────────────────────────────────────────────»
«                                                                             »
« q0_9: ──────────────────────────────────────────────────────────────────────»
«       ┌────────────┐                                                        »
«q0_10: ┤ Rz(y[110]) ├────────────────────────────────────────────────────────»
«       ├───────────┬┘┌────────────┐                                          »
«q0_11: ┤ Ry(y[91]) ├─┤ Rz(y[111]) ├──────────────────────────────────────────»
«       └───────────┘ ├───────────┬┘┌────────────┐                            »
«q0_12: ──────■───────┤ Ry(y[92]) ├─┤ Rz(y[112]) ├────────────────────────────»
«           ┌─┴─┐     └───────────┘ ├───────────┬┘┌────────────┐              »
«q0_13: ────┤ X ├───────────■───────┤ Ry(y[93]) ├─┤ Rz(y[113]) ├──────────────»
«           └───┘         ┌─┴─┐     └───────────┘ ├───────────┬┘┌────────────┐»
«q0_14: ──────────────────┤ X ├───────────■───────┤ Ry(y[94]) ├─┤ Rz(y[114]) ├»
«                         └───┘         ┌─┴─┐     └───────────┘ ├───────────┬┘»
«q0_15: ────────────────────────────────┤ X ├───────────■───────┤ Ry(y[95]) ├─»
«                                       └───┘         ┌─┴─┐     └───────────┘ »
«q0_16: ──────────────────────────────────────────────┤ X ├───────────■───────»
«                                                     └───┘         ┌─┴─┐     »
«q0_17: ────────────────────────────────────────────────────────────┤ X ├─────»
«                                                                   └───┘     »
«q0_18: ──────────────────────────────────────────────────────────────────────»
«                                                                             »
«q0_19: ──────────────────────────────────────────────────────────────────────»
«                                                                             »
«c0: 20/══════════════════════════════════════════════════════════════════════»
«                                                                             »
«                                                               
« q0_0: ────────────────────────────────────────────────────────
«                                                               
« q0_1: ────────────────────────────────────────────────────────
«                                                               
« q0_2: ────────────────────────────────────────────────────────
«                                                               
« q0_3: ────────────────────────────────────────────────────────
«                                                               
« q0_4: ────────────────────────────────────────────────────────
«                                                               
« q0_5: ────────────────────────────────────────────────────────
«                                                               
« q0_6: ────────────────────────────────────────────────────────
«                                                               
« q0_7: ────────────────────────────────────────────────────────
«                                                               
« q0_8: ────────────────────────────────────────────────────────
«                                                               
« q0_9: ────────────────────────────────────────────────────────
«                                                               
«q0_10: ────────────────────────────────────────────────────────
«                                                               
«q0_11: ────────────────────────────────────────────────────────
«                                                               
«q0_12: ────────────────────────────────────────────────────────
«                                                               
«q0_13: ────────────────────────────────────────────────────────
«                                                               
«q0_14: ────────────────────────────────────────────────────────
«       ┌────────────┐                                          
«q0_15: ┤ Rz(y[115]) ├──────────────────────────────────────────
«       ├───────────┬┘┌────────────┐                            
«q0_16: ┤ Ry(y[96]) ├─┤ Rz(y[116]) ├────────────────────────────
«       └───────────┘ ├───────────┬┘┌────────────┐              
«q0_17: ──────■───────┤ Ry(y[97]) ├─┤ Rz(y[117]) ├──────────────
«           ┌─┴─┐     └───────────┘ ├───────────┬┘┌────────────┐
«q0_18: ────┤ X ├───────────■───────┤ Ry(y[98]) ├─┤ Rz(y[118]) ├
«           └───┘         ┌─┴─┐     ├───────────┤ ├────────────┤
«q0_19: ──────────────────┤ X ├─────┤ Ry(y[99]) ├─┤ Rz(y[119]) ├
«                         └───┘     └───────────┘ └────────────┘
«c0: 20/════════════════════════════════════════════════════════
«                                                               
ansatz-state is written to ansatz.txt
building constraints...
number of constraints= 400
unique pauliops 780
graphclique-cliquecover: 780 with commutationmode qubitwise
strategy largest_first 400
strategy random_sequential 407
strategy smallest_last 400
strategy independent_set 413
strategy connected_sequential_bfs 401
strategy connected_sequential_dfs 400
strategy saturation_largest_first 400
number of cliques 400
clique 0 ['XZZZZZZZZZZZZZZZZZZX', 'IIIIIIIIIIIIIIIIIIZI', 'IIIIIIIIIIIIIIIIIZII', 'IIIIIIIIIIIIIIIIZIII', 'IIIIIIIIIIIIIIIZIIII', 'IIIIIIIIIIIIIIZIIIII', 'IIIIIIIIIIIIIZIIIIII', 'IIIIIIIIIIIIZIIIIIII', 'IIIIIIIIIIIZIIIIIIII', 'IIIIIIIIIIZIIIIIIIII', 'IIIIIIIIIZIIIIIIIIII', 'IIIIIIIIZIIIIIIIIIII', 'IIIIIIIZIIIIIIIIIIII', 'IIIIIIZIIIIIIIIIIIII', 'IIIIIZIIIIIIIIIIIIII', 'IIIIZIIIIIIIIIIIIIII', 'IIIZIIIIIIIIIIIIIIII', 'IIZIIIIIIIIIIIIIIIII', 'IZIIIIIIIIIIIIIIIIII']
clique 1 ['YZZZZZZZZZZZZZZZZZZY']
clique 2 ['YZZZZZZZZZZZZZZZZZZX']
clique 3 ['XZZZZZZZZZZZZZZZZZZY']
clique 4 ['IXZZZZZZZZZZZZZZZZZX', 'XXIIIIIIIIIIIIIIIIII']
clique 5 ['IYZZZZZZZZZZZZZZZZZY', 'YYIIIIIIIIIIIIIIIIII']
clique 6 ['IYZZZZZZZZZZZZZZZZZX', 'XYIIIIIIIIIIIIIIIIII']
clique 7 ['IXZZZZZZZZZZZZZZZZZY', 'YXIIIIIIIIIIIIIIIIII']
clique 8 ['IIIIIIIIIIIIIIIIIIXX', 'XZZZZZZZZZZZZZZZZZXI']
clique 9 ['IIIIIIIIIIIIIIIIIIYY', 'YZZZZZZZZZZZZZZZZZYI']
clique 10 ['IIIIIIIIIIIIIIIIIIXY', 'YZZZZZZZZZZZZZZZZZXI']
clique 11 ['IIIIIIIIIIIIIIIIIIYX', 'XZZZZZZZZZZZZZZZZZYI']
clique 12 ['IIIIIIIIIIIIIIIIIIIZ', 'IXZZZZZZZZZZZZZZZZXI', 'ZIIIIIIIIIIIIIIIIIII']
clique 13 ['IYZZZZZZZZZZZZZZZZYI']
clique 14 ['IYZZZZZZZZZZZZZZZZXI']
clique 15 ['IXZZZZZZZZZZZZZZZZYI']
clique 16 ['IIXZZZZZZZZZZZZZZZZX', 'XZXIIIIIIIIIIIIIIIII']
clique 17 ['IIYZZZZZZZZZZZZZZZZY', 'YZYIIIIIIIIIIIIIIIII']
clique 18 ['IIYZZZZZZZZZZZZZZZZX', 'XZYIIIIIIIIIIIIIIIII']
clique 19 ['IIXZZZZZZZZZZZZZZZZY', 'YZXIIIIIIIIIIIIIIIII']
clique 20 ['IIIIIIIIIIIIIIIIIXZX', 'XZZZZZZZZZZZZZZZZXII']
clique 21 ['IIIIIIIIIIIIIIIIIYZY', 'YZZZZZZZZZZZZZZZZYII']
clique 22 ['IIIIIIIIIIIIIIIIIXZY', 'YZZZZZZZZZZZZZZZZXII']
clique 23 ['IIIIIIIIIIIIIIIIIYZX', 'XZZZZZZZZZZZZZZZZYII']
clique 24 ['IIXZZZZZZZZZZZZZZZXI', 'IXXIIIIIIIIIIIIIIIII']
clique 25 ['IIYZZZZZZZZZZZZZZZYI', 'IYYIIIIIIIIIIIIIIIII']
clique 26 ['IIYZZZZZZZZZZZZZZZXI', 'IXYIIIIIIIIIIIIIIIII']
clique 27 ['IIXZZZZZZZZZZZZZZZYI', 'IYXIIIIIIIIIIIIIIIII']
clique 28 ['IIIIIIIIIIIIIIIIIXXI', 'IXZZZZZZZZZZZZZZZXII']
clique 29 ['IIIIIIIIIIIIIIIIIYYI', 'IYZZZZZZZZZZZZZZZYII']
clique 30 ['IIIIIIIIIIIIIIIIIXYI', 'IYZZZZZZZZZZZZZZZXII']
clique 31 ['IIIIIIIIIIIIIIIIIYXI', 'IXZZZZZZZZZZZZZZZYII']
clique 32 ['IIXZZZZZZZZZZZZZZXII']
clique 33 ['IIYZZZZZZZZZZZZZZYII']
clique 34 ['IIYZZZZZZZZZZZZZZXII']
clique 35 ['IIXZZZZZZZZZZZZZZYII']
clique 36 ['IIIXZZZZZZZZZZZZZZZX', 'XZZXIIIIIIIIIIIIIIII']
clique 37 ['IIIYZZZZZZZZZZZZZZZY', 'YZZYIIIIIIIIIIIIIIII']
clique 38 ['IIIYZZZZZZZZZZZZZZZX', 'XZZYIIIIIIIIIIIIIIII']
clique 39 ['IIIXZZZZZZZZZZZZZZZY', 'YZZXIIIIIIIIIIIIIIII']
clique 40 ['IIIIIIIIIIIIIIIIXZZX', 'XZZZZZZZZZZZZZZZXIII']
clique 41 ['IIIIIIIIIIIIIIIIYZZY', 'YZZZZZZZZZZZZZZZYIII']
clique 42 ['IIIIIIIIIIIIIIIIXZZY', 'YZZZZZZZZZZZZZZZXIII']
clique 43 ['IIIIIIIIIIIIIIIIYZZX', 'XZZZZZZZZZZZZZZZYIII']
clique 44 ['IIIXZZZZZZZZZZZZZZXI', 'IXZXIIIIIIIIIIIIIIII']
clique 45 ['IIIYZZZZZZZZZZZZZZYI', 'IYZYIIIIIIIIIIIIIIII']
clique 46 ['IIIYZZZZZZZZZZZZZZXI', 'IXZYIIIIIIIIIIIIIIII']
clique 47 ['IIIXZZZZZZZZZZZZZZYI', 'IYZXIIIIIIIIIIIIIIII']
clique 48 ['IIIIIIIIIIIIIIIIXZXI', 'IXZZZZZZZZZZZZZZXIII']
clique 49 ['IIIIIIIIIIIIIIIIYZYI', 'IYZZZZZZZZZZZZZZYIII']
clique 50 ['IIIIIIIIIIIIIIIIXZYI', 'IYZZZZZZZZZZZZZZXIII']
clique 51 ['IIIIIIIIIIIIIIIIYZXI', 'IXZZZZZZZZZZZZZZYIII']
clique 52 ['IIIXZZZZZZZZZZZZZXII', 'IIXXIIIIIIIIIIIIIIII']
clique 53 ['IIIYZZZZZZZZZZZZZYII', 'IIYYIIIIIIIIIIIIIIII']
clique 54 ['IIIYZZZZZZZZZZZZZXII', 'IIXYIIIIIIIIIIIIIIII']
clique 55 ['IIIXZZZZZZZZZZZZZYII', 'IIYXIIIIIIIIIIIIIIII']
clique 56 ['IIIIIIIIIIIIIIIIXXII', 'IIXZZZZZZZZZZZZZXIII']
clique 57 ['IIIIIIIIIIIIIIIIYYII', 'IIYZZZZZZZZZZZZZYIII']
clique 58 ['IIIIIIIIIIIIIIIIXYII', 'IIYZZZZZZZZZZZZZXIII']
clique 59 ['IIIIIIIIIIIIIIIIYXII', 'IIXZZZZZZZZZZZZZYIII']
clique 60 ['IIIIXZZZZZZZZZZZZZZX', 'XZZZXIIIIIIIIIIIIIII']
clique 61 ['IIIIYZZZZZZZZZZZZZZY', 'YZZZYIIIIIIIIIIIIIII']
clique 62 ['IIIIYZZZZZZZZZZZZZZX', 'XZZZYIIIIIIIIIIIIIII']
clique 63 ['IIIIXZZZZZZZZZZZZZZY', 'YZZZXIIIIIIIIIIIIIII']
clique 64 ['IIIIIIIIIIIIIIIXZZZX', 'XZZZZZZZZZZZZZZXIIII']
clique 65 ['IIIIIIIIIIIIIIIYZZZY', 'YZZZZZZZZZZZZZZYIIII']
clique 66 ['IIIIIIIIIIIIIIIXZZZY', 'YZZZZZZZZZZZZZZXIIII']
clique 67 ['IIIIIIIIIIIIIIIYZZZX', 'XZZZZZZZZZZZZZZYIIII']
clique 68 ['IIIIXZZZZZZZZZZZZZXI', 'IXZZXIIIIIIIIIIIIIII']
clique 69 ['IIIIYZZZZZZZZZZZZZYI', 'IYZZYIIIIIIIIIIIIIII']
clique 70 ['IIIIYZZZZZZZZZZZZZXI', 'IXZZYIIIIIIIIIIIIIII']
clique 71 ['IIIIXZZZZZZZZZZZZZYI', 'IYZZXIIIIIIIIIIIIIII']
clique 72 ['IIIIIIIIIIIIIIIXZZXI', 'IXZZZZZZZZZZZZZXIIII']
clique 73 ['IIIIIIIIIIIIIIIYZZYI', 'IYZZZZZZZZZZZZZYIIII']
clique 74 ['IIIIIIIIIIIIIIIXZZYI', 'IYZZZZZZZZZZZZZXIIII']
clique 75 ['IIIIIIIIIIIIIIIYZZXI', 'IXZZZZZZZZZZZZZYIIII']
clique 76 ['IIIXZZZZZZZZZZZZXIII']
clique 77 ['IIIYZZZZZZZZZZZZYIII']
clique 78 ['IIIYZZZZZZZZZZZZXIII']
clique 79 ['IIIXZZZZZZZZZZZZYIII']
clique 80 ['IIIIXZZZZZZZZZZZZXII', 'IIXZXIIIIIIIIIIIIIII']
clique 81 ['IIIIYZZZZZZZZZZZZYII', 'IIYZYIIIIIIIIIIIIIII']
clique 82 ['IIIIYZZZZZZZZZZZZXII', 'IIXZYIIIIIIIIIIIIIII']
clique 83 ['IIIIXZZZZZZZZZZZZYII', 'IIYZXIIIIIIIIIIIIIII']
clique 84 ['IIIIIIIIIIIIIIIXZXII', 'IIXZZZZZZZZZZZZXIIII']
clique 85 ['IIIIIIIIIIIIIIIYZYII', 'IIYZZZZZZZZZZZZYIIII']
clique 86 ['IIIIIIIIIIIIIIIXZYII', 'IIYZZZZZZZZZZZZXIIII']
clique 87 ['IIIIIIIIIIIIIIIYZXII', 'IIXZZZZZZZZZZZZYIIII']
clique 88 ['IIIIIXZZZZZZZZZZZZZX', 'XZZZZXIIIIIIIIIIIIII']
clique 89 ['IIIIIYZZZZZZZZZZZZZY', 'YZZZZYIIIIIIIIIIIIII']
clique 90 ['IIIIIYZZZZZZZZZZZZZX', 'XZZZZYIIIIIIIIIIIIII']
clique 91 ['IIIIIXZZZZZZZZZZZZZY', 'YZZZZXIIIIIIIIIIIIII']
clique 92 ['IIIIXZZZZZZZZZZZXIII', 'IIIXXIIIIIIIIIIIIIII']
clique 93 ['IIIIYZZZZZZZZZZZYIII', 'IIIYYIIIIIIIIIIIIIII']
clique 94 ['IIIIYZZZZZZZZZZZXIII', 'IIIXYIIIIIIIIIIIIIII']
clique 95 ['IIIIXZZZZZZZZZZZYIII', 'IIIYXIIIIIIIIIIIIIII']
clique 96 ['IIIIIIIIIIIIIIIXXIII', 'IIIXZZZZZZZZZZZXIIII']
clique 97 ['IIIIIIIIIIIIIIIYYIII', 'IIIYZZZZZZZZZZZYIIII']
clique 98 ['IIIIIIIIIIIIIIIXYIII', 'IIIYZZZZZZZZZZZXIIII']
clique 99 ['IIIIIIIIIIIIIIIYXIII', 'IIIXZZZZZZZZZZZYIIII']
clique 100 ['IIIIIIIIIIIIIIXZZZZX', 'XZZZZZZZZZZZZZXIIIII']
clique 101 ['IIIIIIIIIIIIIIYZZZZY', 'YZZZZZZZZZZZZZYIIIII']
clique 102 ['IIIIIIIIIIIIIIXZZZZY', 'YZZZZZZZZZZZZZXIIIII']
clique 103 ['IIIIIIIIIIIIIIYZZZZX', 'XZZZZZZZZZZZZZYIIIII']
clique 104 ['IIIIIXZZZZZZZZZZZZXI', 'IXZZZXIIIIIIIIIIIIII']
clique 105 ['IIIIIYZZZZZZZZZZZZYI', 'IYZZZYIIIIIIIIIIIIII']
clique 106 ['IIIIIYZZZZZZZZZZZZXI', 'IXZZZYIIIIIIIIIIIIII']
clique 107 ['IIIIIXZZZZZZZZZZZZYI', 'IYZZZXIIIIIIIIIIIIII']
clique 108 ['IIIIIIIIIIIIIIXZZZXI', 'IXZZZZZZZZZZZZXIIIII']
clique 109 ['IIIIIIIIIIIIIIYZZZYI', 'IYZZZZZZZZZZZZYIIIII']
clique 110 ['IIIIIIIIIIIIIIXZZZYI', 'IYZZZZZZZZZZZZXIIIII']
clique 111 ['IIIIIIIIIIIIIIYZZZXI', 'IXZZZZZZZZZZZZYIIIII']
clique 112 ['IIIIIXZZZZZZZZZZZXII', 'IIXZZXIIIIIIIIIIIIII']
clique 113 ['IIIIIYZZZZZZZZZZZYII', 'IIYZZYIIIIIIIIIIIIII']
clique 114 ['IIIIIYZZZZZZZZZZZXII', 'IIXZZYIIIIIIIIIIIIII']
clique 115 ['IIIIIXZZZZZZZZZZZYII', 'IIYZZXIIIIIIIIIIIIII']
clique 116 ['IIIIIIIIIIIIIIXZZXII', 'IIXZZZZZZZZZZZXIIIII']
clique 117 ['IIIIIIIIIIIIIIYZZYII', 'IIYZZZZZZZZZZZYIIIII']
clique 118 ['IIIIIIIIIIIIIIXZZYII', 'IIYZZZZZZZZZZZXIIIII']
clique 119 ['IIIIIIIIIIIIIIYZZXII', 'IIXZZZZZZZZZZZYIIIII']
clique 120 ['IIIIXZZZZZZZZZZXIIII']
clique 121 ['IIIIYZZZZZZZZZZYIIII']
clique 122 ['IIIIYZZZZZZZZZZXIIII']
clique 123 ['IIIIXZZZZZZZZZZYIIII']
clique 124 ['IIIIIXZZZZZZZZZZXIII', 'IIIXZXIIIIIIIIIIIIII']
clique 125 ['IIIIIYZZZZZZZZZZYIII', 'IIIYZYIIIIIIIIIIIIII']
clique 126 ['IIIIIYZZZZZZZZZZXIII', 'IIIXZYIIIIIIIIIIIIII']
clique 127 ['IIIIIXZZZZZZZZZZYIII', 'IIIYZXIIIIIIIIIIIIII']
clique 128 ['IIIIIIIIIIIIIIXZXIII', 'IIIXZZZZZZZZZZXIIIII']
clique 129 ['IIIIIIIIIIIIIIYZYIII', 'IIIYZZZZZZZZZZYIIIII']
clique 130 ['IIIIIIIIIIIIIIXZYIII', 'IIIYZZZZZZZZZZXIIIII']
clique 131 ['IIIIIIIIIIIIIIYZXIII', 'IIIXZZZZZZZZZZYIIIII']
clique 132 ['IIIIIIXZZZZZZZZZZZZX', 'XZZZZZXIIIIIIIIIIIII']
clique 133 ['IIIIIIYZZZZZZZZZZZZY', 'YZZZZZYIIIIIIIIIIIII']
clique 134 ['IIIIIIYZZZZZZZZZZZZX', 'XZZZZZYIIIIIIIIIIIII']
clique 135 ['IIIIIIXZZZZZZZZZZZZY', 'YZZZZZXIIIIIIIIIIIII']
clique 136 ['IIIIIIIIIIIIIXZZZZZX', 'XZZZZZZZZZZZZXIIIIII']
clique 137 ['IIIIIIIIIIIIIYZZZZZY', 'YZZZZZZZZZZZZYIIIIII']
clique 138 ['IIIIIIIIIIIIIXZZZZZY', 'YZZZZZZZZZZZZXIIIIII']
clique 139 ['IIIIIIIIIIIIIYZZZZZX', 'XZZZZZZZZZZZZYIIIIII']
clique 140 ['IIIIIIXZZZZZZZZZZZXI', 'IXZZZZXIIIIIIIIIIIII']
clique 141 ['IIIIIIYZZZZZZZZZZZYI', 'IYZZZZYIIIIIIIIIIIII']
clique 142 ['IIIIIIYZZZZZZZZZZZXI', 'IXZZZZYIIIIIIIIIIIII']
clique 143 ['IIIIIIXZZZZZZZZZZZYI', 'IYZZZZXIIIIIIIIIIIII']
clique 144 ['IIIIIIIIIIIIIXZZZZXI', 'IXZZZZZZZZZZZXIIIIII']
clique 145 ['IIIIIIIIIIIIIYZZZZYI', 'IYZZZZZZZZZZZYIIIIII']
clique 146 ['IIIIIIIIIIIIIXZZZZYI', 'IYZZZZZZZZZZZXIIIIII']
clique 147 ['IIIIIIIIIIIIIYZZZZXI', 'IXZZZZZZZZZZZYIIIIII']
clique 148 ['IIIIIIXZZZZZZZZZZXII', 'IIXZZZXIIIIIIIIIIIII']
clique 149 ['IIIIIIYZZZZZZZZZZYII', 'IIYZZZYIIIIIIIIIIIII']
clique 150 ['IIIIIIYZZZZZZZZZZXII', 'IIXZZZYIIIIIIIIIIIII']
clique 151 ['IIIIIIXZZZZZZZZZZYII', 'IIYZZZXIIIIIIIIIIIII']
clique 152 ['IIIIIIIIIIIIIXZZZXII', 'IIXZZZZZZZZZZXIIIIII']
clique 153 ['IIIIIIIIIIIIIYZZZYII', 'IIYZZZZZZZZZZYIIIIII']
clique 154 ['IIIIIIIIIIIIIXZZZYII', 'IIYZZZZZZZZZZXIIIIII']
clique 155 ['IIIIIIIIIIIIIYZZZXII', 'IIXZZZZZZZZZZYIIIIII']
clique 156 ['IIIIIXZZZZZZZZZXIIII', 'IIIIXXIIIIIIIIIIIIII']
clique 157 ['IIIIIYZZZZZZZZZYIIII', 'IIIIYYIIIIIIIIIIIIII']
clique 158 ['IIIIIYZZZZZZZZZXIIII', 'IIIIXYIIIIIIIIIIIIII']
clique 159 ['IIIIIXZZZZZZZZZYIIII', 'IIIIYXIIIIIIIIIIIIII']
clique 160 ['IIIIIIIIIIIIIIXXIIII', 'IIIIXZZZZZZZZZXIIIII']
clique 161 ['IIIIIIIIIIIIIIYYIIII', 'IIIIYZZZZZZZZZYIIIII']
clique 162 ['IIIIIIIIIIIIIIXYIIII', 'IIIIYZZZZZZZZZXIIIII']
clique 163 ['IIIIIIIIIIIIIIYXIIII', 'IIIIXZZZZZZZZZYIIIII']
clique 164 ['IIIIIIXZZZZZZZZZXIII', 'IIIXZZXIIIIIIIIIIIII']
clique 165 ['IIIIIIYZZZZZZZZZYIII', 'IIIYZZYIIIIIIIIIIIII']
clique 166 ['IIIIIIYZZZZZZZZZXIII', 'IIIXZZYIIIIIIIIIIIII']
clique 167 ['IIIIIIXZZZZZZZZZYIII', 'IIIYZZXIIIIIIIIIIIII']
clique 168 ['IIIIIIIIIIIIIXZZXIII', 'IIIXZZZZZZZZZXIIIIII']
clique 169 ['IIIIIIIIIIIIIYZZYIII', 'IIIYZZZZZZZZZYIIIIII']
clique 170 ['IIIIIIIIIIIIIXZZYIII', 'IIIYZZZZZZZZZXIIIIII']
clique 171 ['IIIIIIIIIIIIIYZZXIII', 'IIIXZZZZZZZZZYIIIIII']
clique 172 ['IIIIIIIXZZZZZZZZZZZX', 'XZZZZZZXIIIIIIIIIIII']
clique 173 ['IIIIIIIYZZZZZZZZZZZY', 'YZZZZZZYIIIIIIIIIIII']
clique 174 ['IIIIIIIYZZZZZZZZZZZX', 'XZZZZZZYIIIIIIIIIIII']
clique 175 ['IIIIIIIXZZZZZZZZZZZY', 'YZZZZZZXIIIIIIIIIIII']
clique 176 ['IIIIIIIIIIIIXZZZZZZX', 'XZZZZZZZZZZZXIIIIIII']
clique 177 ['IIIIIIIIIIIIYZZZZZZY', 'YZZZZZZZZZZZYIIIIIII']
clique 178 ['IIIIIIIIIIIIXZZZZZZY', 'YZZZZZZZZZZZXIIIIIII']
clique 179 ['IIIIIIIIIIIIYZZZZZZX', 'XZZZZZZZZZZZYIIIIIII']
clique 180 ['IIIIIIIXZZZZZZZZZZXI', 'IXZZZZZXIIIIIIIIIIII']
clique 181 ['IIIIIIIYZZZZZZZZZZYI', 'IYZZZZZYIIIIIIIIIIII']
clique 182 ['IIIIIIIYZZZZZZZZZZXI', 'IXZZZZZYIIIIIIIIIIII']
clique 183 ['IIIIIIIXZZZZZZZZZZYI', 'IYZZZZZXIIIIIIIIIIII']
clique 184 ['IIIIIXZZZZZZZZXIIIII']
clique 185 ['IIIIIYZZZZZZZZYIIIII']
clique 186 ['IIIIIYZZZZZZZZXIIIII']
clique 187 ['IIIIIXZZZZZZZZYIIIII']
clique 188 ['IIIIIIIIIIIIXZZZZZXI', 'IXZZZZZZZZZZXIIIIIII']
clique 189 ['IIIIIIIIIIIIYZZZZZYI', 'IYZZZZZZZZZZYIIIIIII']
clique 190 ['IIIIIIIIIIIIXZZZZZYI', 'IYZZZZZZZZZZXIIIIIII']
clique 191 ['IIIIIIIIIIIIYZZZZZXI', 'IXZZZZZZZZZZYIIIIIII']
clique 192 ['IIIIIIXZZZZZZZZXIIII', 'IIIIXZXIIIIIIIIIIIII']
clique 193 ['IIIIIIYZZZZZZZZYIIII', 'IIIIYZYIIIIIIIIIIIII']
clique 194 ['IIIIIIYZZZZZZZZXIIII', 'IIIIXZYIIIIIIIIIIIII']
clique 195 ['IIIIIIXZZZZZZZZYIIII', 'IIIIYZXIIIIIIIIIIIII']
clique 196 ['IIIIIIIIIIIIIXZXIIII', 'IIIIXZZZZZZZZXIIIIII']
clique 197 ['IIIIIIIIIIIIIYZYIIII', 'IIIIYZZZZZZZZYIIIIII']
clique 198 ['IIIIIIIIIIIIIXZYIIII', 'IIIIYZZZZZZZZXIIIIII']
clique 199 ['IIIIIIIIIIIIIYZXIIII', 'IIIIXZZZZZZZZYIIIIII']
clique 200 ['IIIIIIIXZZZZZZZZZXII', 'IIXZZZZXIIIIIIIIIIII']
clique 201 ['IIIIIIIYZZZZZZZZZYII', 'IIYZZZZYIIIIIIIIIIII']
clique 202 ['IIIIIIIYZZZZZZZZZXII', 'IIXZZZZYIIIIIIIIIIII']
clique 203 ['IIIIIIIXZZZZZZZZZYII', 'IIYZZZZXIIIIIIIIIIII']
clique 204 ['IIIIIIIIIIIIXZZZZXII', 'IIXZZZZZZZZZXIIIIIII']
clique 205 ['IIIIIIIIIIIIYZZZZYII', 'IIYZZZZZZZZZYIIIIIII']
clique 206 ['IIIIIIIIIIIIXZZZZYII', 'IIYZZZZZZZZZXIIIIIII']
clique 207 ['IIIIIIIIIIIIYZZZZXII', 'IIXZZZZZZZZZYIIIIIII']
clique 208 ['IIIIIIIXZZZZZZZZXIII', 'IIIXZZZXIIIIIIIIIIII']
clique 209 ['IIIIIIIYZZZZZZZZYIII', 'IIIYZZZYIIIIIIIIIIII']
clique 210 ['IIIIIIIYZZZZZZZZXIII', 'IIIXZZZYIIIIIIIIIIII']
clique 211 ['IIIIIIIXZZZZZZZZYIII', 'IIIYZZZXIIIIIIIIIIII']
clique 212 ['IIIIIIIIIIIIXZZZXIII', 'IIIXZZZZZZZZXIIIIIII']
clique 213 ['IIIIIIIIIIIIYZZZYIII', 'IIIYZZZZZZZZYIIIIIII']
clique 214 ['IIIIIIIIIIIIXZZZYIII', 'IIIYZZZZZZZZXIIIIIII']
clique 215 ['IIIIIIIIIIIIYZZZXIII', 'IIIXZZZZZZZZYIIIIIII']
clique 216 ['IIIIIIXZZZZZZZXIIIII', 'IIIIIXXIIIIIIIIIIIII']
clique 217 ['IIIIIIYZZZZZZZYIIIII', 'IIIIIYYIIIIIIIIIIIII']
clique 218 ['IIIIIIYZZZZZZZXIIIII', 'IIIIIXYIIIIIIIIIIIII']
clique 219 ['IIIIIIXZZZZZZZYIIIII', 'IIIIIYXIIIIIIIIIIIII']
clique 220 ['IIIIIIIIIIIIIXXIIIII', 'IIIIIXZZZZZZZXIIIIII']
clique 221 ['IIIIIIIIIIIIIYYIIIII', 'IIIIIYZZZZZZZYIIIIII']
clique 222 ['IIIIIIIIIIIIIXYIIIII', 'IIIIIYZZZZZZZXIIIIII']
clique 223 ['IIIIIIIIIIIIIYXIIIII', 'IIIIIXZZZZZZZYIIIIII']
clique 224 ['IIIIIIIIXZZZZZZZZZZX', 'XZZZZZZZXIIIIIIIIIII']
clique 225 ['IIIIIIIIYZZZZZZZZZZY', 'YZZZZZZZYIIIIIIIIIII']
clique 226 ['IIIIIIIIYZZZZZZZZZZX', 'XZZZZZZZYIIIIIIIIIII']
clique 227 ['IIIIIIIIXZZZZZZZZZZY', 'YZZZZZZZXIIIIIIIIIII']
clique 228 ['IIIIIIIIIIIXZZZZZZZX', 'XZZZZZZZZZZXIIIIIIII']
clique 229 ['IIIIIIIIIIIYZZZZZZZY', 'YZZZZZZZZZZYIIIIIIII']
clique 230 ['IIIIIIIIIIIXZZZZZZZY', 'YZZZZZZZZZZXIIIIIIII']
clique 231 ['IIIIIIIIIIIYZZZZZZZX', 'XZZZZZZZZZZYIIIIIIII']
clique 232 ['IIIIIIIIXZZZZZZZZZXI', 'IXZZZZZZXIIIIIIIIIII']
clique 233 ['IIIIIIIIYZZZZZZZZZYI', 'IYZZZZZZYIIIIIIIIIII']
clique 234 ['IIIIIIIIYZZZZZZZZZXI', 'IXZZZZZZYIIIIIIIIIII']
clique 235 ['IIIIIIIIXZZZZZZZZZYI', 'IYZZZZZZXIIIIIIIIIII']
clique 236 ['IIIIIIIXZZZZZZZXIIII', 'IIIIXZZXIIIIIIIIIIII']
clique 237 ['IIIIIIIYZZZZZZZYIIII', 'IIIIYZZYIIIIIIIIIIII']
clique 238 ['IIIIIIIYZZZZZZZXIIII', 'IIIIXZZYIIIIIIIIIIII']
clique 239 ['IIIIIIIXZZZZZZZYIIII', 'IIIIYZZXIIIIIIIIIIII']
clique 240 ['IIIIIIIIIIIIXZZXIIII', 'IIIIXZZZZZZZXIIIIIII']
clique 241 ['IIIIIIIIIIIIYZZYIIII', 'IIIIYZZZZZZZYIIIIIII']
clique 242 ['IIIIIIIIIIIIXZZYIIII', 'IIIIYZZZZZZZXIIIIIII']
clique 243 ['IIIIIIIIIIIIYZZXIIII', 'IIIIXZZZZZZZYIIIIIII']
clique 244 ['IIIIIIIIIIIXZZZZZZXI', 'IXZZZZZZZZZXIIIIIIII']
clique 245 ['IIIIIIIIIIIYZZZZZZYI', 'IYZZZZZZZZZYIIIIIIII']
clique 246 ['IIIIIIIIIIIXZZZZZZYI', 'IYZZZZZZZZZXIIIIIIII']
clique 247 ['IIIIIIIIIIIYZZZZZZXI', 'IXZZZZZZZZZYIIIIIIII']
clique 248 ['IIIIIIIIXZZZZZZZZXII', 'IIXZZZZZXIIIIIIIIIII']
clique 249 ['IIIIIIIIYZZZZZZZZYII', 'IIYZZZZZYIIIIIIIIIII']
clique 250 ['IIIIIIIIYZZZZZZZZXII', 'IIXZZZZZYIIIIIIIIIII']
clique 251 ['IIIIIIIIXZZZZZZZZYII', 'IIYZZZZZXIIIIIIIIIII']
clique 252 ['IIIIIIIIIIIXZZZZZXII', 'IIXZZZZZZZZXIIIIIIII']
clique 253 ['IIIIIIIIIIIYZZZZZYII', 'IIYZZZZZZZZYIIIIIIII']
clique 254 ['IIIIIIIIIIIXZZZZZYII', 'IIYZZZZZZZZXIIIIIIII']
clique 255 ['IIIIIIIIIIIYZZZZZXII', 'IIXZZZZZZZZYIIIIIIII']
clique 256 ['IIIIIIXZZZZZZXIIIIII']
clique 257 ['IIIIIIYZZZZZZYIIIIII']
clique 258 ['IIIIIIYZZZZZZXIIIIII']
clique 259 ['IIIIIIXZZZZZZYIIIIII']
clique 260 ['IIIIIIIIXZZZZZZZXIII', 'IIIXZZZZXIIIIIIIIIII']
clique 261 ['IIIIIIIIYZZZZZZZYIII', 'IIIYZZZZYIIIIIIIIIII']
clique 262 ['IIIIIIIIYZZZZZZZXIII', 'IIIXZZZZYIIIIIIIIIII']
clique 263 ['IIIIIIIIXZZZZZZZYIII', 'IIIYZZZZXIIIIIIIIIII']
clique 264 ['IIIIIIIIIIIXZZZZXIII', 'IIIXZZZZZZZXIIIIIIII']
clique 265 ['IIIIIIIIIIIYZZZZYIII', 'IIIYZZZZZZZYIIIIIIII']
clique 266 ['IIIIIIIIIIIXZZZZYIII', 'IIIYZZZZZZZXIIIIIIII']
clique 267 ['IIIIIIIIIIIYZZZZXIII', 'IIIXZZZZZZZYIIIIIIII']
clique 268 ['IIIIIIIXZZZZZZXIIIII', 'IIIIIXZXIIIIIIIIIIII']
clique 269 ['IIIIIIIYZZZZZZYIIIII', 'IIIIIYZYIIIIIIIIIIII']
clique 270 ['IIIIIIIYZZZZZZXIIIII', 'IIIIIXZYIIIIIIIIIIII']
clique 271 ['IIIIIIIXZZZZZZYIIIII', 'IIIIIYZXIIIIIIIIIIII']
clique 272 ['IIIIIIIIIIIIXZXIIIII', 'IIIIIXZZZZZZXIIIIIII']
clique 273 ['IIIIIIIIIIIIYZYIIIII', 'IIIIIYZZZZZZYIIIIIII']
clique 274 ['IIIIIIIIIIIIXZYIIIII', 'IIIIIYZZZZZZXIIIIIII']
clique 275 ['IIIIIIIIIIIIYZXIIIII', 'IIIIIXZZZZZZYIIIIIII']
clique 276 ['IIIIIIIIXZZZZZZXIIII', 'IIIIXZZZXIIIIIIIIIII']
clique 277 ['IIIIIIIIYZZZZZZYIIII', 'IIIIYZZZYIIIIIIIIIII']
clique 278 ['IIIIIIIIYZZZZZZXIIII', 'IIIIXZZZYIIIIIIIIIII']
clique 279 ['IIIIIIIIXZZZZZZYIIII', 'IIIIYZZZXIIIIIIIIIII']
clique 280 ['IIIIIIIIIIIXZZZXIIII', 'IIIIXZZZZZZXIIIIIIII']
clique 281 ['IIIIIIIIIIIYZZZYIIII', 'IIIIYZZZZZZYIIIIIIII']
clique 282 ['IIIIIIIIIIIXZZZYIIII', 'IIIIYZZZZZZXIIIIIIII']
clique 283 ['IIIIIIIIIIIYZZZXIIII', 'IIIIXZZZZZZYIIIIIIII']
clique 284 ['IIIIIIIIIXZZZZZZZZZX', 'XZZZZZZZZXIIIIIIIIII']
clique 285 ['IIIIIIIIIYZZZZZZZZZY', 'YZZZZZZZZYIIIIIIIIII']
clique 286 ['IIIIIIIIIYZZZZZZZZZX', 'XZZZZZZZZYIIIIIIIIII']
clique 287 ['IIIIIIIIIXZZZZZZZZZY', 'YZZZZZZZZXIIIIIIIIII']
clique 288 ['IIIIIIIIIIXZZZZZZZZX', 'XZZZZZZZZZXIIIIIIIII']
clique 289 ['IIIIIIIIIIYZZZZZZZZY', 'YZZZZZZZZZYIIIIIIIII']
clique 290 ['IIIIIIIIIIXZZZZZZZZY', 'YZZZZZZZZZXIIIIIIIII']
clique 291 ['IIIIIIIIIIYZZZZZZZZX', 'XZZZZZZZZZYIIIIIIIII']
clique 292 ['IIIIIIIIIXZZZZZZZZXI', 'IXZZZZZZZXIIIIIIIIII']
clique 293 ['IIIIIIIIIYZZZZZZZZYI', 'IYZZZZZZZYIIIIIIIIII']
clique 294 ['IIIIIIIIIYZZZZZZZZXI', 'IXZZZZZZZYIIIIIIIIII']
clique 295 ['IIIIIIIIIXZZZZZZZZYI', 'IYZZZZZZZXIIIIIIIIII']
clique 296 ['IIIIIIIIIIXZZZZZZZXI', 'IXZZZZZZZZXIIIIIIIII']
clique 297 ['IIIIIIIIIIYZZZZZZZYI', 'IYZZZZZZZZYIIIIIIIII']
clique 298 ['IIIIIIIIIIXZZZZZZZYI', 'IYZZZZZZZZXIIIIIIIII']
clique 299 ['IIIIIIIIIIYZZZZZZZXI', 'IXZZZZZZZZYIIIIIIIII']
clique 300 ['IIIIIIIIIXZZZZZZZXII', 'IIXZZZZZZXIIIIIIIIII']
clique 301 ['IIIIIIIIIYZZZZZZZYII', 'IIYZZZZZZYIIIIIIIIII']
clique 302 ['IIIIIIIIIYZZZZZZZXII', 'IIXZZZZZZYIIIIIIIIII']
clique 303 ['IIIIIIIIIXZZZZZZZYII', 'IIYZZZZZZXIIIIIIIIII']
clique 304 ['IIIIIIIXZZZZZXIIIIII', 'IIIIIIXXIIIIIIIIIIII']
clique 305 ['IIIIIIIYZZZZZYIIIIII', 'IIIIIIYYIIIIIIIIIIII']
clique 306 ['IIIIIIIYZZZZZXIIIIII', 'IIIIIIXYIIIIIIIIIIII']
clique 307 ['IIIIIIIXZZZZZYIIIIII', 'IIIIIIYXIIIIIIIIIIII']
clique 308 ['IIIIIIIIIIIIXXIIIIII', 'IIIIIIXZZZZZXIIIIIII']
clique 309 ['IIIIIIIIIIIIYYIIIIII', 'IIIIIIYZZZZZYIIIIIII']
clique 310 ['IIIIIIIIIIIIXYIIIIII', 'IIIIIIYZZZZZXIIIIIII']
clique 311 ['IIIIIIIIIIIIYXIIIIII', 'IIIIIIXZZZZZYIIIIIII']
clique 312 ['IIIIIIIIIIXZZZZZZXII', 'IIXZZZZZZZXIIIIIIIII']
clique 313 ['IIIIIIIIIIYZZZZZZYII', 'IIYZZZZZZZYIIIIIIIII']
clique 314 ['IIIIIIIIIIXZZZZZZYII', 'IIYZZZZZZZXIIIIIIIII']
clique 315 ['IIIIIIIIIIYZZZZZZXII', 'IIXZZZZZZZYIIIIIIIII']
clique 316 ['IIIIIIIIXZZZZZXIIIII', 'IIIIIXZZXIIIIIIIIIII']
clique 317 ['IIIIIIIIYZZZZZYIIIII', 'IIIIIYZZYIIIIIIIIIII']
clique 318 ['IIIIIIIIYZZZZZXIIIII', 'IIIIIXZZYIIIIIIIIIII']
clique 319 ['IIIIIIIIXZZZZZYIIIII', 'IIIIIYZZXIIIIIIIIIII']
clique 320 ['IIIIIIIIIIIXZZXIIIII', 'IIIIIXZZZZZXIIIIIIII']
clique 321 ['IIIIIIIIIIIYZZYIIIII', 'IIIIIYZZZZZYIIIIIIII']
clique 322 ['IIIIIIIIIIIXZZYIIIII', 'IIIIIYZZZZZXIIIIIIII']
clique 323 ['IIIIIIIIIIIYZZXIIIII', 'IIIIIXZZZZZYIIIIIIII']
clique 324 ['IIIIIIIIIXZZZZZZXIII', 'IIIXZZZZZXIIIIIIIIII']
clique 325 ['IIIIIIIIIYZZZZZZYIII', 'IIIYZZZZZYIIIIIIIIII']
clique 326 ['IIIIIIIIIYZZZZZZXIII', 'IIIXZZZZZYIIIIIIIIII']
clique 327 ['IIIIIIIIIXZZZZZZYIII', 'IIIYZZZZZXIIIIIIIIII']
clique 328 ['IIIIIIIIIIXZZZZZXIII', 'IIIXZZZZZZXIIIIIIIII']
clique 329 ['IIIIIIIIIIYZZZZZYIII', 'IIIYZZZZZZYIIIIIIIII']
clique 330 ['IIIIIIIIIIXZZZZZYIII', 'IIIYZZZZZZXIIIIIIIII']
clique 331 ['IIIIIIIIIIYZZZZZXIII', 'IIIXZZZZZZYIIIIIIIII']
clique 332 ['IIIIIIIIIXZZZZZXIIII', 'IIIIXZZZZXIIIIIIIIII']
clique 333 ['IIIIIIIIIYZZZZZYIIII', 'IIIIYZZZZYIIIIIIIIII']
clique 334 ['IIIIIIIIIYZZZZZXIIII', 'IIIIXZZZZYIIIIIIIIII']
clique 335 ['IIIIIIIIIXZZZZZYIIII', 'IIIIYZZZZXIIIIIIIIII']
clique 336 ['IIIIIIIIIIXZZZZXIIII', 'IIIIXZZZZZXIIIIIIIII']
clique 337 ['IIIIIIIIIIYZZZZYIIII', 'IIIIYZZZZZYIIIIIIIII']
clique 338 ['IIIIIIIIIIXZZZZYIIII', 'IIIIYZZZZZXIIIIIIIII']
clique 339 ['IIIIIIIIIIYZZZZXIIII', 'IIIIXZZZZZYIIIIIIIII']
clique 340 ['IIIIIIIXZZZZXIIIIIII']
clique 341 ['IIIIIIIYZZZZYIIIIIII']
clique 342 ['IIIIIIIYZZZZXIIIIIII']
clique 343 ['IIIIIIIXZZZZYIIIIIII']
clique 344 ['IIIIIIIIXZZZZXIIIIII', 'IIIIIIXZXIIIIIIIIIII']
clique 345 ['IIIIIIIIYZZZZYIIIIII', 'IIIIIIYZYIIIIIIIIIII']
clique 346 ['IIIIIIIIYZZZZXIIIIII', 'IIIIIIXZYIIIIIIIIIII']
clique 347 ['IIIIIIIIXZZZZYIIIIII', 'IIIIIIYZXIIIIIIIIIII']
clique 348 ['IIIIIIIIIIIXZXIIIIII', 'IIIIIIXZZZZXIIIIIIII']
clique 349 ['IIIIIIIIIIIYZYIIIIII', 'IIIIIIYZZZZYIIIIIIII']
clique 350 ['IIIIIIIIIIIXZYIIIIII', 'IIIIIIYZZZZXIIIIIIII']
clique 351 ['IIIIIIIIIIIYZXIIIIII', 'IIIIIIXZZZZYIIIIIIII']
clique 352 ['IIIIIIIIIXZZZZXIIIII', 'IIIIIXZZZXIIIIIIIIII']
clique 353 ['IIIIIIIIIYZZZZYIIIII', 'IIIIIYZZZYIIIIIIIIII']
clique 354 ['IIIIIIIIIYZZZZXIIIII', 'IIIIIXZZZYIIIIIIIIII']
clique 355 ['IIIIIIIIIXZZZZYIIIII', 'IIIIIYZZZXIIIIIIIIII']
clique 356 ['IIIIIIIIIIXZZZXIIIII', 'IIIIIXZZZZXIIIIIIIII']
clique 357 ['IIIIIIIIIIYZZZYIIIII', 'IIIIIYZZZZYIIIIIIIII']
clique 358 ['IIIIIIIIIIXZZZYIIIII', 'IIIIIYZZZZXIIIIIIIII']
clique 359 ['IIIIIIIIIIYZZZXIIIII', 'IIIIIXZZZZYIIIIIIIII']
clique 360 ['IIIIIIIIXZZZXIIIIIII', 'IIIIIIIXXIIIIIIIIIII']
clique 361 ['IIIIIIIIYZZZYIIIIIII', 'IIIIIIIYYIIIIIIIIIII']
clique 362 ['IIIIIIIIYZZZXIIIIIII', 'IIIIIIIXYIIIIIIIIIII']
clique 363 ['IIIIIIIIXZZZYIIIIIII', 'IIIIIIIYXIIIIIIIIIII']
clique 364 ['IIIIIIIIIIIXXIIIIIII', 'IIIIIIIXZZZXIIIIIIII']
clique 365 ['IIIIIIIIIIIYYIIIIIII', 'IIIIIIIYZZZYIIIIIIII']
clique 366 ['IIIIIIIIIIIXYIIIIIII', 'IIIIIIIYZZZXIIIIIIII']
clique 367 ['IIIIIIIIIIIYXIIIIIII', 'IIIIIIIXZZZYIIIIIIII']
clique 368 ['IIIIIIIIIXZZZXIIIIII', 'IIIIIIXZZXIIIIIIIIII']
clique 369 ['IIIIIIIIIYZZZYIIIIII', 'IIIIIIYZZYIIIIIIIIII']
clique 370 ['IIIIIIIIIYZZZXIIIIII', 'IIIIIIXZZYIIIIIIIIII']
clique 371 ['IIIIIIIIIXZZZYIIIIII', 'IIIIIIYZZXIIIIIIIIII']
clique 372 ['IIIIIIIIIIXZZXIIIIII', 'IIIIIIXZZZXIIIIIIIII']
clique 373 ['IIIIIIIIIIYZZYIIIIII', 'IIIIIIYZZZYIIIIIIIII']
clique 374 ['IIIIIIIIIIXZZYIIIIII', 'IIIIIIYZZZXIIIIIIIII']
clique 375 ['IIIIIIIIIIYZZXIIIIII', 'IIIIIIXZZZYIIIIIIIII']
clique 376 ['IIIIIIIIXZZXIIIIIIII']
clique 377 ['IIIIIIIIYZZYIIIIIIII']
clique 378 ['IIIIIIIIYZZXIIIIIIII']
clique 379 ['IIIIIIIIXZZYIIIIIIII']
clique 380 ['IIIIIIIIIXZZXIIIIIII', 'IIIIIIIXZXIIIIIIIIII']
clique 381 ['IIIIIIIIIYZZYIIIIIII', 'IIIIIIIYZYIIIIIIIIII']
clique 382 ['IIIIIIIIIYZZXIIIIIII', 'IIIIIIIXZYIIIIIIIIII']
clique 383 ['IIIIIIIIIXZZYIIIIIII', 'IIIIIIIYZXIIIIIIIIII']
clique 384 ['IIIIIIIIIIXZXIIIIIII', 'IIIIIIIXZZXIIIIIIIII']
clique 385 ['IIIIIIIIIIYZYIIIIIII', 'IIIIIIIYZZYIIIIIIIII']
clique 386 ['IIIIIIIIIIXZYIIIIIII', 'IIIIIIIYZZXIIIIIIIII']
clique 387 ['IIIIIIIIIIYZXIIIIIII', 'IIIIIIIXZZYIIIIIIIII']
clique 388 ['IIIIIIIIIXZXIIIIIIII', 'IIIIIIIIXXIIIIIIIIII']
clique 389 ['IIIIIIIIIYZYIIIIIIII', 'IIIIIIIIYYIIIIIIIIII']
clique 390 ['IIIIIIIIIYZXIIIIIIII', 'IIIIIIIIXYIIIIIIIIII']
clique 391 ['IIIIIIIIIXZYIIIIIIII', 'IIIIIIIIYXIIIIIIIIII']
clique 392 ['IIIIIIIIIIXXIIIIIIII', 'IIIIIIIIXZXIIIIIIIII']
clique 393 ['IIIIIIIIIIYYIIIIIIII', 'IIIIIIIIYZYIIIIIIIII']
clique 394 ['IIIIIIIIIIXYIIIIIIII', 'IIIIIIIIYZXIIIIIIIII']
clique 395 ['IIIIIIIIIIYXIIIIIIII', 'IIIIIIIIXZYIIIIIIIII']
clique 396 ['IIIIIIIIIXXIIIIIIIII']
clique 397 ['IIIIIIIIIYYIIIIIIIII']
clique 398 ['IIIIIIIIIYXIIIIIIIII']
clique 399 ['IIIIIIIIIXYIIIIIIIII']
