GS energy with  DMRG -6.90230342038879
N= 5.000000000000002
E= -6.90230342038879
D= [[ 6.90809539e-01+0.j  5.64268562e-04+0.j  3.85769267e-01+0.j
  -4.37789101e-12+0.j -1.53928138e-01+0.j -4.55203340e-04+0.j
  -1.00173361e-01+0.j  4.93615923e-09+0.j  1.40933612e-01+0.j
   4.16771047e-04+0.j]
 [ 5.64268562e-04+0.j  3.09190461e-01+0.j  5.42674693e-11+0.j
   3.85769267e-01+0.j -4.55201229e-04+0.j  1.53928138e-01+0.j
  -1.24147967e-09+0.j -1.00173361e-01+0.j  4.16766463e-04+0.j
  -1.40933612e-01+0.j]
 [ 3.85769267e-01+0.j  5.42674729e-11+0.j  4.65926450e-01+0.j
  -1.00765065e-04+0.j  2.83873028e-01+0.j -1.42492971e-09+0.j
   7.81124189e-03+0.j  2.31079153e-05+0.j -1.00173361e-01+0.j
  -5.92303493e-09+0.j]
 [-4.37789082e-12+0.j  3.85769267e-01+0.j -1.00765065e-04+0.j
   5.34073550e-01+0.j -1.28215186e-09+0.j  2.83873028e-01+0.j
   2.31004504e-05+0.j -7.81124191e-03+0.j  2.49966765e-09+0.j
  -1.00173361e-01+0.j]
 [-1.53928138e-01+0.j -4.55201229e-04+0.j  2.83873028e-01+0.j
  -1.28215187e-09+0.j  6.86525836e-01+0.j  5.51601766e-04+0.j
   2.83873028e-01+0.j  2.01316279e-09+0.j -1.53928138e-01+0.j
  -4.55203585e-04+0.j]
 [-4.55203340e-04+0.j  1.53928138e-01+0.j -1.42492973e-09+0.j
   2.83873028e-01+0.j  5.51601766e-04+0.j  3.13474164e-01+0.j
   1.86234905e-10+0.j  2.83873028e-01+0.j -4.55202428e-04+0.j
   1.53928138e-01+0.j]
 [-1.00173361e-01+0.j -1.24147964e-09+0.j  7.81124189e-03+0.j
   2.31004504e-05+0.j  2.83873028e-01+0.j  1.86234900e-10+0.j
   4.65926450e-01+0.j -1.00765494e-04+0.j  3.85769267e-01+0.j
   1.55795894e-09+0.j]
 [ 4.93615924e-09+0.j -1.00173361e-01+0.j  2.31079153e-05+0.j
  -7.81124191e-03+0.j  2.01316280e-09+0.j  2.83873028e-01+0.j
  -1.00765494e-04+0.j  5.34073550e-01+0.j -1.22462187e-09+0.j
   3.85769267e-01+0.j]
 [ 1.40933612e-01+0.j  4.16766463e-04+0.j -1.00173361e-01+0.j
   2.49966766e-09+0.j -1.53928138e-01+0.j -4.55202428e-04+0.j
   3.85769267e-01+0.j -1.22462187e-09+0.j  6.90809539e-01+0.j
   5.64270978e-04+0.j]
 [ 4.16771047e-04+0.j -1.40933612e-01+0.j -5.92303490e-09+0.j
  -1.00173361e-01+0.j -4.55203585e-04+0.j  1.53928138e-01+0.j
   1.55795893e-09+0.j  3.85769267e-01+0.j  5.64270978e-04+0.j
   3.09190461e-01+0.j]]
W= [0.17132938+0.j 0.21187054+0.j 0.18843509+0.j 0.21187054+0.j
 0.17132938+0.j]
local approximation with  1 sites
local interactions on sites [[0], [1], [2], [3], [4]]
Functional for interaction on sites [0]
aca-directory for images already exists
aca-directory for images already exists
aca-directory for images already exists
interacting orbitals: [0, 1]
mapping: [0, 1, 2, 3, 4, 5, 6, 7, 8, 9]
aca-directory for images already exists
aca-directory for images already exists
aca-directory for images already exists
orbinteractaca= [0, 1]
aca-directory for images already exists
aca-directory for images already exists
aca-directory for images already exists
aca-directory for images already exists
aca-directory for images already exists
aca-directory for images already exists
aca-directory for images already exists
aca-directory for images already exists
aca-directory for images already exists
aca-directory for images already exists
aca-directory for images already exists
aca-directory for images already exists
aca-directory for images already exists
aca-directory for images already exists
aca-directory for images already exists
aca-directory for images already exists
aca-directory for images already exists
aca-directory for images already exists
aca-directory for images already exists
aca-directory for images already exists
aca-directory for images already exists
aca-directory for images already exists
aca-directory for images already exists
aca-directory for images already exists
aca-directory for images already exists
aca-directory for images already exists
aca-directory for images already exists
aca: level 4  norb= 10
Daca= [[ 6.90809539e-01+0.j  5.64268562e-04+0.j -4.49899061e-01+0.j
   1.09410642e-20+0.j -2.55097278e-17+0.j -9.39719693e-20+0.j
  -1.47194847e-17+0.j  6.27582866e-21+0.j  2.93842799e-17+0.j
   6.97797402e-20+0.j]
 [ 5.64268562e-04+0.j  3.09190461e-01+0.j  2.93806814e-09+0.j
  -4.49899061e-01+0.j -1.13005228e-19+0.j  6.03959220e-18+0.j
  -6.50560285e-22+0.j -3.10442144e-18+0.j  1.01714260e-20+0.j
  -1.74832528e-17+0.j]
 [-4.49899061e-01+0.j  2.93806814e-09+0.j  3.12894023e-01+0.j
  -5.53318013e-04+0.j  5.66264166e-03+0.j -9.52176531e-22+0.j
   1.53553739e-19+0.j -8.50687802e-23+0.j  9.48867931e-20+0.j
  -7.06147525e-23+0.j]
 [ 1.25263451e-17+0.j -4.49899061e-01+0.j -5.53318013e-04+0.j
   6.87105977e-01+0.j  7.86347763e-09+0.j  5.66264164e-03+0.j
   1.16676263e-21+0.j  7.45779303e-19+0.j  5.13162502e-23+0.j
  -4.32588005e-20+0.j]
 [ 3.00014234e-17+0.j -1.40266735e-18+0.j  5.66264166e-03+0.j
   7.86347764e-09+0.j  4.88362476e-01+0.j -3.44308903e-05+0.j
   4.90288074e-01+0.j -3.59573029e-20+0.j  1.71406937e-17+0.j
   1.47310781e-19+0.j]
 [-1.24427694e-17+0.j -7.54924112e-17+0.j -8.88489117e-18+0.j
   5.66264164e-03+0.j -3.44308903e-05+0.j  5.11637528e-01+0.j
  -2.09138866e-09+0.j  4.90288074e-01+0.j -3.71463629e-19+0.j
   1.37523150e-16+0.j]
 [ 2.69158171e-17+0.j  3.33046849e-17+0.j  2.92118530e-16+0.j
   1.45490561e-17+0.j  4.90288074e-01+0.j -2.09138866e-09+0.j
   5.13042347e-01+0.j  3.85849013e-05+0.j  2.52566111e-03+0.j
  -1.20862241e-25+0.j]
 [ 8.25481446e-18+0.j  3.76615802e-17+0.j -2.22095367e-17+0.j
  -8.12044565e-17+0.j  8.79130888e-19+0.j  4.90288074e-01+0.j
   3.85849013e-05+0.j  4.86957650e-01+0.j -1.01063614e-08+0.j
  -2.52566101e-03+0.j]
 [-2.61268714e-17+0.j -8.92406159e-18+0.j  6.15275120e-18+0.j
  -3.82914177e-18+0.j -2.67347409e-16+0.j  1.18711545e-17+0.j
   2.52566111e-03+0.j -1.01063614e-08+0.j  9.94889423e-01+0.j
  -1.46533561e-03+0.j]
 [ 1.53564129e-17+0.j  1.02723228e-17+0.j -1.47891141e-17+0.j
  -2.27836992e-17+0.j -7.62294121e-18+0.j  8.43227807e-17+0.j
   6.66447827e-18+0.j -2.52566101e-03+0.j -1.46533561e-03+0.j
   5.11057665e-03+0.j]]
rounding Naca1 to integer
rounding Naca2 to integer
Naca= (3, 2)
nq= 10
variational state:
       ┌──────────┐┌───────────┐┌───┐     ┌───────────┐┌───────────┐»
 q0_0: ┤ Ry(y[0]) ├┤ Rz(y[10]) ├┤ X ├──■──┤ Ry(y[20]) ├┤ Rz(y[30]) ├»
       ├──────────┤├───────────┤└─┬─┘┌─┴─┐└───────────┘├───────────┤»
 q0_1: ┤ Ry(y[1]) ├┤ Rz(y[11]) ├──┼──┤ X ├──────■──────┤ Ry(y[21]) ├»
       ├──────────┤├───────────┤  │  └───┘    ┌─┴─┐    └───────────┘»
 q0_2: ┤ Ry(y[2]) ├┤ Rz(y[12]) ├──┼───────────┤ X ├──────────■──────»
       ├──────────┤├───────────┤  │           └───┘        ┌─┴─┐    »
 q0_3: ┤ Ry(y[3]) ├┤ Rz(y[13]) ├──┼────────────────────────┤ X ├────»
       ├──────────┤├───────────┤  │                        └───┘    »
 q0_4: ┤ Ry(y[4]) ├┤ Rz(y[14]) ├──┼─────────────────────────────────»
       ├──────────┤├───────────┤  │                                 »
 q0_5: ┤ Ry(y[5]) ├┤ Rz(y[15]) ├──┼─────────────────────────────────»
       ├──────────┤├───────────┤  │                                 »
 q0_6: ┤ Ry(y[6]) ├┤ Rz(y[16]) ├──┼─────────────────────────────────»
       ├──────────┤├───────────┤  │                                 »
 q0_7: ┤ Ry(y[7]) ├┤ Rz(y[17]) ├──┼─────────────────────────────────»
       ├──────────┤├───────────┤  │                                 »
 q0_8: ┤ Ry(y[8]) ├┤ Rz(y[18]) ├──┼─────────────────────────────────»
       ├──────────┤├───────────┤  │                                 »
 q0_9: ┤ Ry(y[9]) ├┤ Rz(y[19]) ├──■─────────────────────────────────»
       └──────────┘└───────────┘                                    »
c0: 10/═════════════════════════════════════════════════════════════»
                                                                    »
«                                                                        »
« q0_0: ─────────────────────────────────────────────────────────────────»
«       ┌───────────┐                                                    »
« q0_1: ┤ Rz(y[31]) ├────────────────────────────────────────────────────»
«       ├───────────┤┌───────────┐                                       »
« q0_2: ┤ Ry(y[22]) ├┤ Rz(y[32]) ├───────────────────────────────────────»
«       └───────────┘├───────────┤┌───────────┐                          »
« q0_3: ──────■──────┤ Ry(y[23]) ├┤ Rz(y[33]) ├──────────────────────────»
«           ┌─┴─┐    └───────────┘├───────────┤┌───────────┐             »
« q0_4: ────┤ X ├──────────■──────┤ Ry(y[24]) ├┤ Rz(y[34]) ├─────────────»
«           └───┘        ┌─┴─┐    └───────────┘├───────────┤┌───────────┐»
« q0_5: ─────────────────┤ X ├──────────■──────┤ Ry(y[25]) ├┤ Rz(y[35]) ├»
«                        └───┘        ┌─┴─┐    └───────────┘├───────────┤»
« q0_6: ──────────────────────────────┤ X ├──────────■──────┤ Ry(y[26]) ├»
«                                     └───┘        ┌─┴─┐    └───────────┘»
« q0_7: ───────────────────────────────────────────┤ X ├──────────■──────»
«                                                  └───┘        ┌─┴─┐    »
« q0_8: ────────────────────────────────────────────────────────┤ X ├────»
«                                                               └───┘    »
« q0_9: ─────────────────────────────────────────────────────────────────»
«                                                                        »
«c0: 10/═════════════════════════════════════════════════════════════════»
«                                                                        »
«                                              ┌───┐     ┌───────────┐»
« q0_0: ───────────────────────────────────────┤ X ├──■──┤ Ry(y[40]) ├»
«                                              └─┬─┘┌─┴─┐└───────────┘»
« q0_1: ─────────────────────────────────────────┼──┤ X ├──────■──────»
«                                                │  └───┘    ┌─┴─┐    »
« q0_2: ─────────────────────────────────────────┼───────────┤ X ├────»
«                                                │           └───┘    »
« q0_3: ─────────────────────────────────────────┼────────────────────»
«                                                │                    »
« q0_4: ─────────────────────────────────────────┼────────────────────»
«                                                │                    »
« q0_5: ─────────────────────────────────────────┼────────────────────»
«       ┌───────────┐                            │                    »
« q0_6: ┤ Rz(y[36]) ├────────────────────────────┼────────────────────»
«       ├───────────┤┌───────────┐               │                    »
« q0_7: ┤ Ry(y[27]) ├┤ Rz(y[37]) ├───────────────┼────────────────────»
«       └───────────┘├───────────┤┌───────────┐  │                    »
« q0_8: ──────■──────┤ Ry(y[28]) ├┤ Rz(y[38]) ├──┼────────────────────»
«           ┌─┴─┐    ├───────────┤├───────────┤  │                    »
« q0_9: ────┤ X ├────┤ Ry(y[29]) ├┤ Rz(y[39]) ├──■────────────────────»
«           └───┘    └───────────┘└───────────┘                       »
«c0: 10/══════════════════════════════════════════════════════════════»
«                                                                     »
«       ┌───────────┐                                                    »
« q0_0: ┤ Rz(y[50]) ├────────────────────────────────────────────────────»
«       ├───────────┤┌───────────┐                                       »
« q0_1: ┤ Ry(y[41]) ├┤ Rz(y[51]) ├───────────────────────────────────────»
«       └───────────┘├───────────┤┌───────────┐                          »
« q0_2: ──────■──────┤ Ry(y[42]) ├┤ Rz(y[52]) ├──────────────────────────»
«           ┌─┴─┐    └───────────┘├───────────┤┌───────────┐             »
« q0_3: ────┤ X ├──────────■──────┤ Ry(y[43]) ├┤ Rz(y[53]) ├─────────────»
«           └───┘        ┌─┴─┐    └───────────┘├───────────┤┌───────────┐»
« q0_4: ─────────────────┤ X ├──────────■──────┤ Ry(y[44]) ├┤ Rz(y[54]) ├»
«                        └───┘        ┌─┴─┐    └───────────┘├───────────┤»
« q0_5: ──────────────────────────────┤ X ├──────────■──────┤ Ry(y[45]) ├»
«                                     └───┘        ┌─┴─┐    └───────────┘»
« q0_6: ───────────────────────────────────────────┤ X ├──────────■──────»
«                                                  └───┘        ┌─┴─┐    »
« q0_7: ────────────────────────────────────────────────────────┤ X ├────»
«                                                               └───┘    »
« q0_8: ─────────────────────────────────────────────────────────────────»
«                                                                        »
« q0_9: ─────────────────────────────────────────────────────────────────»
«                                                                        »
«c0: 10/═════════════════════════════════════════════════════════════════»
«                                                                        »
«                                                           
« q0_0: ────────────────────────────────────────────────────
«                                                           
« q0_1: ────────────────────────────────────────────────────
«                                                           
« q0_2: ────────────────────────────────────────────────────
«                                                           
« q0_3: ────────────────────────────────────────────────────
«                                                           
« q0_4: ────────────────────────────────────────────────────
«       ┌───────────┐                                       
« q0_5: ┤ Rz(y[55]) ├───────────────────────────────────────
«       ├───────────┤┌───────────┐                          
« q0_6: ┤ Ry(y[46]) ├┤ Rz(y[56]) ├──────────────────────────
«       └───────────┘├───────────┤┌───────────┐             
« q0_7: ──────■──────┤ Ry(y[47]) ├┤ Rz(y[57]) ├─────────────
«           ┌─┴─┐    └───────────┘├───────────┤┌───────────┐
« q0_8: ────┤ X ├──────────■──────┤ Ry(y[48]) ├┤ Rz(y[58]) ├
«           └───┘        ┌─┴─┐    ├───────────┤├───────────┤
« q0_9: ─────────────────┤ X ├────┤ Ry(y[49]) ├┤ Rz(y[59]) ├
«                        └───┘    └───────────┘└───────────┘
«c0: 10/════════════════════════════════════════════════════
«                                                           
ansatz-state is written to ansatz.txt
building constraints...
number of constraints= 100
unique pauliops 190
graphclique-cliquecover: 190 with commutationmode disjointqubits
strategy largest_first 118
strategy random_sequential 119
strategy smallest_last 118
strategy independent_set 124
strategy connected_sequential_bfs 118
strategy connected_sequential_dfs 118
strategy saturation_largest_first 118
number of cliques 118
clique 0 ['IZXXXXXXXX']
clique 1 ['IZXXXXXXXY']
clique 2 ['ZXXXXXXXXX']
clique 3 ['IYXXXXXXXY']
clique 4 ['IYXXXXXXXX']
clique 5 ['ZXXXXXXXXY']
clique 6 ['IZXXXXXXXZ']
clique 7 ['ZXXXXXXXXZ']
clique 8 ['IYXXXXXXXZ']
clique 9 ['IIZXXXXXXX', 'IXIIIIIIII']
clique 10 ['IIZXXXXXXY', 'ZYIIIIIIII']
clique 11 ['IIYXXXXXXY', 'ZZIIIIIIII']
clique 12 ['IIYXXXXXXX']
clique 13 ['IIZXXXXXXZ']
clique 14 ['IIIIIIIIIZ', 'IZXXXXXXYI']
clique 15 ['IIYXXXXXXZ']
clique 16 ['IIIIIIIIIX', 'IYXXXXXXYI']
clique 17 ['IIIIIIIIIY', 'ZXXXXXXXYI']
clique 18 ['IZXXXXXXZI']
clique 19 ['ZXXXXXXXZI']
clique 20 ['IYXXXXXXZI']
clique 21 ['IIZXXXXXYI']
clique 22 ['IIYXXXXXYI']
clique 23 ['IIZXXXXXZI']
clique 24 ['IIYXXXXXZI']
clique 25 ['IIIZXXXXXX', 'IZYIIIIIII']
clique 26 ['IIIZXXXXXY', 'IYYIIIIIII']
clique 27 ['IIIYXXXXXY', 'ZXYIIIIIII']
clique 28 ['IIIYXXXXXX', 'IZZIIIIIII']
clique 29 ['IIIZXXXXXZ', 'ZXZIIIIIII']
clique 30 ['IIIYXXXXXZ', 'IYZIIIIIII']
clique 31 ['IIIIIIIIZX', 'IZXXXXXYII']
clique 32 ['IIIIIIIIZY', 'IYXXXXXYII']
clique 33 ['IIIIIIIIYY', 'ZXXXXXXYII']
clique 34 ['IIIIIIIIYX', 'IZXXXXXZII']
clique 35 ['IIIIIIIIZZ', 'ZXXXXXXZII']
clique 36 ['IIIIIIIIYZ', 'IYXXXXXZII']
clique 37 ['IIIZXXXXYI', 'IIXIIIIIII']
clique 38 ['IIIYXXXXYI']
clique 39 ['IIIZXXXXZI']
clique 40 ['IIIIIIIIXI', 'IIZXXXXYII']
clique 41 ['IIIYXXXXZI']
clique 42 ['IIYXXXXYII']
clique 43 ['IIZXXXXZII']
clique 44 ['IIYXXXXZII']
clique 45 ['IIIZXXXYII']
clique 46 ['IIIYXXXYII']
clique 47 ['IIIZXXXZII']
clique 48 ['IIIYXXXZII']
clique 49 ['IIIIZXXXXX', 'IZXYIIIIII']
clique 50 ['IIIIZXXXXY', 'IYXYIIIIII']
clique 51 ['IIIIYXXXXY', 'ZXXYIIIIII']
clique 52 ['IIIIYXXXXX', 'IZXZIIIIII']
clique 53 ['IIIIZXXXXZ', 'ZXXZIIIIII']
clique 54 ['IIIIYXXXXZ', 'IYXZIIIIII']
clique 55 ['IIIIIIIZXX', 'IZXXXXYIII']
clique 56 ['IIIIIIIZXY', 'IYXXXXYIII']
clique 57 ['IIIIIIIYXY', 'ZXXXXXYIII']
clique 58 ['IIIIIIIYXX', 'IZXXXXZIII']
clique 59 ['IIIIIIIZXZ', 'ZXXXXXZIII']
clique 60 ['IIIIIIIYXZ', 'IYXXXXZIII']
clique 61 ['IIIIZXXXYI', 'IIZYIIIIII']
clique 62 ['IIIIYXXXYI', 'IIYYIIIIII']
clique 63 ['IIIIZXXXZI', 'IIZZIIIIII']
clique 64 ['IIIIYXXXZI', 'IIYZIIIIII']
clique 65 ['IIIIIIIZYI', 'IIZXXXYIII']
clique 66 ['IIIIIIIYYI', 'IIYXXXYIII']
clique 67 ['IIIIIIIZZI', 'IIZXXXZIII']
clique 68 ['IIIIIIIYZI', 'IIYXXXZIII']
clique 69 ['IIIIZXXYII', 'IIIXIIIIII']
clique 70 ['IIIIYXXYII']
clique 71 ['IIIIZXXZII']
clique 72 ['IIIIIIIXII', 'IIIZXXYIII']
clique 73 ['IIIIYXXZII']
clique 74 ['IIIYXXYIII']
clique 75 ['IIIZXXZIII']
clique 76 ['IIIYXXZIII']
clique 77 ['IIIIIZXXXX', 'IZXXYIIIII']
clique 78 ['IIIIIZXXXY', 'IYXXYIIIII']
clique 79 ['IIIIIYXXXY', 'ZXXXYIIIII']
clique 80 ['IIIIIYXXXX', 'IZXXZIIIII']
clique 81 ['IIIIIZXXXZ', 'ZXXXZIIIII']
clique 82 ['IIIIIYXXXZ', 'IYXXZIIIII']
clique 83 ['IIIIIIZXXX', 'IZXXXYIIII']
clique 84 ['IIIIIIZXXY', 'IYXXXYIIII']
clique 85 ['IIIIIIYXXY', 'ZXXXXYIIII']
clique 86 ['IIIIIIYXXX', 'IZXXXZIIII']
clique 87 ['IIIIIIZXXZ', 'ZXXXXZIIII']
clique 88 ['IIIIIIYXXZ', 'IYXXXZIIII']
clique 89 ['IIIIIZXXYI', 'IIZXYIIIII']
clique 90 ['IIIIIYXXYI', 'IIYXYIIIII']
clique 91 ['IIIIIZXXZI', 'IIZXZIIIII']
clique 92 ['IIIIIYXXZI', 'IIYXZIIIII']
clique 93 ['IIIIIIZXYI', 'IIZXXYIIII']
clique 94 ['IIIIIIYXYI', 'IIYXXYIIII']
clique 95 ['IIIIIIZXZI', 'IIZXXZIIII']
clique 96 ['IIIIIIYXZI', 'IIYXXZIIII']
clique 97 ['IIIIZXYIII']
clique 98 ['IIIIYXYIII']
clique 99 ['IIIIZXZIII']
clique 100 ['IIIIYXZIII']
clique 101 ['IIIIIZXYII', 'IIIZYIIIII']
clique 102 ['IIIIIYXYII', 'IIIYYIIIII']
clique 103 ['IIIIIZXZII', 'IIIZZIIIII']
clique 104 ['IIIIIYXZII', 'IIIYZIIIII']
clique 105 ['IIIIIIZYII', 'IIIZXYIIII']
clique 106 ['IIIIIIYYII', 'IIIYXYIIII']
clique 107 ['IIIIIIZZII', 'IIIZXZIIII']
clique 108 ['IIIIIIYZII', 'IIIYXZIIII']
clique 109 ['IIIIIZYIII', 'IIIIXIIIII']
clique 110 ['IIIIIYYIII']
clique 111 ['IIIIIZZIII']
clique 112 ['IIIIIIXIII', 'IIIIZYIIII']
clique 113 ['IIIIIYZIII']
clique 114 ['IIIIYYIIII']
clique 115 ['IIIIZZIIII']
clique 116 ['IIIIYZIIII']
clique 117 ['IIIIIXIIII']
