GS energy with  DMRG -10.012219392882763
N= 7.0
E= -10.012219392882763
D= [[ 5.58950994e-01+0.j  1.36308253e-01+0.j  3.99080036e-01+0.j
  -1.76950338e-11+0.j -4.74707443e-02+0.j -1.09763276e-01+0.j
  -1.28300267e-01+0.j  2.99491664e-11+0.j  4.34071094e-02+0.j
   1.00367219e-01+0.j  5.01058467e-02+0.j -2.65655338e-10+0.j
  -4.06959963e-02+0.j -9.40984972e-02+0.j]
 [ 1.36308253e-01+0.j  4.41049006e-01+0.j  3.18657210e-12+0.j
   3.99080036e-01+0.j -1.09763276e-01+0.j  4.74707443e-02+0.j
  -1.13397165e-11+0.j -1.28300267e-01+0.j  1.00367218e-01+0.j
  -4.34071094e-02+0.j -2.53320729e-09+0.j  5.01058411e-02+0.j
  -9.40984910e-02+0.j  4.06959963e-02+0.j]
 [ 3.99080036e-01+0.j  3.18661156e-12+0.j  4.89037249e-01+0.j
  -2.53484019e-02+0.j  2.67754119e-01+0.j -1.64009500e-11+0.j
   3.14330083e-03+0.j  7.26803428e-03+0.j -7.78107078e-02+0.j
   4.35460240e-10+0.j -1.14971934e-03+0.j -2.65841937e-03+0.j
   5.01058409e-02+0.j  1.29324381e-10+0.j]
 [-1.76950269e-11+0.j  3.99080036e-01+0.j -2.53484019e-02+0.j
   5.10962751e-01+0.j  4.56269397e-12+0.j  2.67754119e-01+0.j
   7.26803436e-03+0.j -3.14330081e-03+0.j -1.58514661e-10+0.j
  -7.78107071e-02+0.j -2.65842220e-03+0.j  1.14971931e-03+0.j
   3.06977361e-09+0.j  5.01058472e-02+0.j]
 [-4.74707443e-02+0.j -1.09763276e-01+0.j  2.67754119e-01+0.j
   4.56264453e-12+0.j  5.57476194e-01+0.j  1.32898177e-01+0.j
   3.21512566e-01+0.j -4.58141077e-11+0.j -4.70457464e-02+0.j
  -1.08780583e-01+0.j -7.78107071e-02+0.j -4.62288111e-10+0.j
   4.34071094e-02+0.j  1.00367219e-01+0.j]
 [-1.09763276e-01+0.j  4.74707443e-02+0.j -1.64009188e-11+0.j
   2.67754119e-01+0.j  1.32898177e-01+0.j  4.42523806e-01+0.j
  -6.56155425e-12+0.j  3.21512566e-01+0.j -1.08780583e-01+0.j
   4.70457464e-02+0.j  1.13864813e-10+0.j -7.78107080e-02+0.j
   1.00367218e-01+0.j -4.34071094e-02+0.j]
 [-1.28300267e-01+0.j -1.13397252e-11+0.j  3.14330083e-03+0.j
   7.26803436e-03+0.j  3.21512566e-01+0.j -6.56161323e-12+0.j
   4.87546229e-01+0.j -2.87959816e-02+0.j  3.21512566e-01+0.j
   5.22211033e-11+0.j  3.14330081e-03+0.j  7.26803425e-03+0.j
  -1.28300267e-01+0.j -1.48429220e-11+0.j]
 [ 2.99492167e-11+0.j -1.28300267e-01+0.j  7.26803428e-03+0.j
  -3.14330081e-03+0.j -4.58140696e-11+0.j  3.21512566e-01+0.j
  -2.87959816e-02+0.j  5.12453771e-01+0.j  3.26674278e-12+0.j
   3.21512566e-01+0.j  7.26803435e-03+0.j -3.14330083e-03+0.j
   1.00024329e-11+0.j -1.28300267e-01+0.j]
 [ 4.34071094e-02+0.j  1.00367218e-01+0.j -7.78107078e-02+0.j
  -1.58514627e-10+0.j -4.70457464e-02+0.j -1.08780583e-01+0.j
   3.21512566e-01+0.j  3.26669941e-12+0.j  5.57476194e-01+0.j
   1.32898177e-01+0.j  2.67754119e-01+0.j  8.59518012e-12+0.j
  -4.74707443e-02+0.j -1.09763276e-01+0.j]
 [ 1.00367219e-01+0.j -4.34071094e-02+0.j  4.35460209e-10+0.j
  -7.78107071e-02+0.j -1.08780583e-01+0.j  4.70457464e-02+0.j
   5.22211423e-11+0.j  3.21512566e-01+0.j  1.32898177e-01+0.j
   4.42523806e-01+0.j -2.91362767e-12+0.j  2.67754119e-01+0.j
  -1.09763276e-01+0.j  4.74707443e-02+0.j]
 [ 5.01058467e-02+0.j -2.53320732e-09+0.j -1.14971934e-03+0.j
  -2.65842220e-03+0.j -7.78107071e-02+0.j  1.13864813e-10+0.j
   3.14330081e-03+0.j  7.26803435e-03+0.j  2.67754119e-01+0.j
  -2.91367278e-12+0.j  4.89037249e-01+0.j -2.53484019e-02+0.j
   3.99080036e-01+0.j  1.52248561e-11+0.j]
 [-2.65655345e-10+0.j  5.01058411e-02+0.j -2.65841937e-03+0.j
   1.14971931e-03+0.j -4.62288111e-10+0.j -7.78107080e-02+0.j
   7.26803425e-03+0.j -3.14330083e-03+0.j  8.59511073e-12+0.j
   2.67754119e-01+0.j -2.53484019e-02+0.j  5.10962751e-01+0.j
   1.40498724e-12+0.j  3.99080036e-01+0.j]
 [-4.06959963e-02+0.j -9.40984910e-02+0.j  5.01058409e-02+0.j
   3.06977359e-09+0.j  4.34071094e-02+0.j  1.00367218e-01+0.j
  -1.28300267e-01+0.j  1.00024572e-11+0.j -4.74707443e-02+0.j
  -1.09763276e-01+0.j  3.99080036e-01+0.j  1.40504969e-12+0.j
   5.58950994e-01+0.j  1.36308253e-01+0.j]
 [-9.40984972e-02+0.j  4.06959963e-02+0.j  1.29324396e-10+0.j
   5.01058472e-02+0.j  1.00367219e-01+0.j -4.34071094e-02+0.j
  -1.48429550e-11+0.j -1.28300267e-01+0.j -1.09763276e-01+0.j
   4.74707443e-02+0.j  1.52248214e-11+0.j  3.99080036e-01+0.j
   1.36308253e-01+0.j  4.41049006e-01+0.j]]
W= [0.18021854+0.j 0.21140498+0.j 0.19877305+0.j 0.21376124+0.j
 0.19877305+0.j 0.21140498+0.j 0.18021854+0.j]
local approximation with  1 sites
local interactions on sites [[0], [1], [2], [3], [4], [5], [6]]
Functional for interaction on sites [0]
aca-directory for images already exists
aca-directory for images already exists
aca-directory for images already exists
interacting orbitals: [0, 1]
mapping: [0, 1, 2, 3, 4, 5, 6, 7, 8, 9, 10, 11, 12, 13]
aca-directory for images already exists
aca-directory for images already exists
aca-directory for images already exists
orbinteractaca= [0, 1]
aca-directory for images already exists
aca-directory for images already exists
aca-directory for images already exists
aca-directory for images already exists
aca-directory for images already exists
aca-directory for images already exists
aca-directory for images already exists
aca-directory for images already exists
aca-directory for images already exists
aca-directory for images already exists
aca-directory for images already exists
aca-directory for images already exists
aca-directory for images already exists
aca-directory for images already exists
aca-directory for images already exists
aca-directory for images already exists
aca-directory for images already exists
aca-directory for images already exists
aca-directory for images already exists
aca-directory for images already exists
aca-directory for images already exists
aca-directory for images already exists
aca-directory for images already exists
aca-directory for images already exists
aca-directory for images already exists
aca-directory for images already exists
aca-directory for images already exists
aca-directory for images already exists
aca-directory for images already exists
aca-directory for images already exists
aca-directory for images already exists
aca-directory for images already exists
aca-directory for images already exists
aca-directory for images already exists
aca-directory for images already exists
aca-directory for images already exists
aca-directory for images already exists
aca-directory for images already exists
aca-directory for images already exists
aca: level 6  norb= 14
Daca= [[ 5.58950994e-01+0.j  1.36308253e-01+0.j -4.63687745e-01+0.j
  -2.76825775e-18+0.j -4.07995573e-18+0.j  5.51782359e-18+0.j
  -3.47328268e-17+0.j -2.36138806e-19+0.j -1.05159388e-17+0.j
  -7.90213047e-18+0.j  1.46706535e-18+0.j -1.44021069e-19+0.j
   8.73802199e-18+0.j  1.10076229e-17+0.j]
 [ 1.36308253e-01+0.j  4.41049006e-01+0.j  9.09390303e-10+0.j
  -4.63687743e-01+0.j -7.47614199e-18+0.j -3.43968701e-18+0.j
  -2.28422295e-19+0.j  2.21257221e-17+0.j -9.98963210e-18+0.j
   8.12979607e-18+0.j  2.30841863e-19+0.j -2.99783486e-18+0.j
  -3.49636785e-18+0.j -9.52480423e-18+0.j]
 [-4.63687745e-01+0.j  9.09390255e-10+0.j  4.42028465e-01+0.j
  -1.34043520e-01+0.j  7.44921718e-03+0.j  1.99243377e-20+0.j
   8.10960688e-20+0.j  1.12996886e-18+0.j  2.59323628e-19+0.j
   3.07636865e-23+0.j -2.95742607e-19+0.j  1.17653610e-19+0.j
  -7.19301150e-20+0.j -4.03449084e-21+0.j]
 [ 3.36609352e-17+0.j -4.63687743e-01+0.j -1.34043520e-01+0.j
   5.57971534e-01+0.j  2.41005926e-09+0.j  7.44922268e-03+0.j
  -6.09073571e-19+0.j -1.31343344e-19+0.j -3.82035827e-21+0.j
  -2.51529941e-19+0.j  3.18846242e-19+0.j -8.14211815e-20+0.j
  -9.77455871e-22+0.j  7.15719846e-20+0.j]
 [-3.62953458e-18+0.j -2.04865681e-17+0.j  7.44921718e-03+0.j
   2.41005919e-09+0.j  4.82734074e-01+0.j -3.99227718e-02+0.j
   4.86605851e-01+0.j  1.26166251e-17+0.j -1.32321298e-17+0.j
  -5.74345255e-17+0.j -2.41737998e-17+0.j -6.52613414e-19+0.j
   4.70843161e-17+0.j  1.24816705e-17+0.j]
 [-9.11930102e-17+0.j -3.03279009e-17+0.j -2.27822391e-17+0.j
   7.44922268e-03+0.j -3.99227718e-02+0.j  5.17265940e-01+0.j
  -1.33589439e-10+0.j  4.86605847e-01+0.j  4.31306586e-17+0.j
  -1.20407931e-17+0.j -2.36606364e-18+0.j  3.53497001e-17+0.j
  -1.29897032e-16+0.j  4.69336341e-17+0.j]
 [ 5.76411983e-17+0.j  4.10838639e-18+0.j  4.48949845e-17+0.j
   4.00411510e-17+0.j  4.86605851e-01+0.j -1.33589509e-10+0.j
   5.18406944e-01+0.j  4.25610728e-02+0.j  4.87589988e-03+0.j
  -2.03512576e-19+0.j  4.88093332e-19+0.j  9.78430197e-19+0.j
   5.62828485e-19+0.j  2.59210247e-20+0.j]
 [ 4.53003524e-17+0.j  1.73046665e-16+0.j  2.45206779e-16+0.j
  -1.08107900e-16+0.j  5.42499886e-17+0.j  4.86605847e-01+0.j
   4.25610728e-02+0.j  4.81593042e-01+0.j -1.26332921e-09+0.j
   4.87589716e-03+0.j -8.02542775e-19+0.j  1.78860742e-19+0.j
   1.72649455e-20+0.j -2.63984932e-19+0.j]
 [-2.27485591e-17+0.j  4.29194339e-17+0.j  8.63470389e-17+0.j
  -1.09776208e-16+0.j  7.42110345e-17+0.j  2.02725217e-16+0.j
   4.87589988e-03+0.j -1.26332928e-09+0.j  5.99285843e-01+0.j
   2.29571484e-01+0.j  4.23673717e-01+0.j  1.48828444e-17+0.j
   2.82838488e-17+0.j  3.39348518e-17+0.j]
 [ 6.01857660e-17+0.j -4.88063000e-18+0.j  1.31324670e-17+0.j
   3.15510767e-17+0.j  1.02160034e-16+0.j  1.98584594e-17+0.j
  -3.47674635e-17+0.j  4.87589716e-03+0.j  2.29571484e-01+0.j
   4.00714163e-01+0.j -1.70319763e-09+0.j  4.23673721e-01+0.j
   4.04801586e-17+0.j -1.92550986e-17+0.j]
 [ 8.40595925e-18+0.j -3.26204840e-17+0.j  4.51059976e-17+0.j
  -1.58710041e-16+0.j  1.14604078e-16+0.j  7.80153559e-18+0.j
  -3.09731927e-17+0.j  1.52844479e-16+0.j  4.23673717e-01+0.j
  -1.70319756e-09+0.j  4.00605585e-01+0.j -2.29822537e-01+0.j
   9.96037352e-04+0.j -2.44644845e-26+0.j]
 [-5.29398139e-18+0.j -3.07534105e-17+0.j -2.85099613e-17+0.j
   2.08681627e-17+0.j -1.18613810e-16+0.j -7.31310270e-17+0.j
  -1.21522508e-16+0.j  1.13346110e-16+0.j  1.27172721e-16+0.j
   4.23673721e-01+0.j -2.29822537e-01+0.j  5.99394410e-01+0.j
  -1.71903358e-09+0.j -9.96033484e-04+0.j]
 [ 2.18865842e-17+0.j  2.42592078e-17+0.j -1.29155852e-17+0.j
   2.82250481e-17+0.j -2.97391370e-17+0.j -1.85408173e-16+0.j
   2.57321565e-17+0.j -1.25847321e-17+0.j  1.82777836e-16+0.j
   3.51306662e-16+0.j  9.96037352e-04+0.j -1.71903346e-09+0.j
   6.96464056e-01+0.j -4.54267722e-01+0.j]
 [-2.87016489e-18+0.j -1.64636981e-17+0.j -1.40449090e-17+0.j
   2.86449382e-17+0.j -4.30294807e-17+0.j  8.58410134e-17+0.j
   2.63452577e-17+0.j -2.04351745e-17+0.j  1.79236824e-16+0.j
  -3.12944629e-17+0.j  4.66271998e-17+0.j -9.96033484e-04+0.j
  -4.54267722e-01+0.j  3.03535944e-01+0.j]]
Naca= (3.6984759609751174, 3.3015240390248826)
nq= 14
variational state:
        ┌──────────┐┌───────────┐┌───┐     ┌───────────┐┌───────────┐»
 q0_0: ─┤ Ry(y[0]) ├┤ Rz(y[14]) ├┤ X ├──■──┤ Ry(y[28]) ├┤ Rz(y[42]) ├»
        ├──────────┤├───────────┤└─┬─┘┌─┴─┐└───────────┘├───────────┤»
 q0_1: ─┤ Ry(y[1]) ├┤ Rz(y[15]) ├──┼──┤ X ├──────■──────┤ Ry(y[29]) ├»
        ├──────────┤├───────────┤  │  └───┘    ┌─┴─┐    └───────────┘»
 q0_2: ─┤ Ry(y[2]) ├┤ Rz(y[16]) ├──┼───────────┤ X ├──────────■──────»
        ├──────────┤├───────────┤  │           └───┘        ┌─┴─┐    »
 q0_3: ─┤ Ry(y[3]) ├┤ Rz(y[17]) ├──┼────────────────────────┤ X ├────»
        ├──────────┤├───────────┤  │                        └───┘    »
 q0_4: ─┤ Ry(y[4]) ├┤ Rz(y[18]) ├──┼─────────────────────────────────»
        ├──────────┤├───────────┤  │                                 »
 q0_5: ─┤ Ry(y[5]) ├┤ Rz(y[19]) ├──┼─────────────────────────────────»
        ├──────────┤├───────────┤  │                                 »
 q0_6: ─┤ Ry(y[6]) ├┤ Rz(y[20]) ├──┼─────────────────────────────────»
        ├──────────┤├───────────┤  │                                 »
 q0_7: ─┤ Ry(y[7]) ├┤ Rz(y[21]) ├──┼─────────────────────────────────»
        ├──────────┤├───────────┤  │                                 »
 q0_8: ─┤ Ry(y[8]) ├┤ Rz(y[22]) ├──┼─────────────────────────────────»
        ├──────────┤├───────────┤  │                                 »
 q0_9: ─┤ Ry(y[9]) ├┤ Rz(y[23]) ├──┼─────────────────────────────────»
       ┌┴──────────┤├───────────┤  │                                 »
q0_10: ┤ Ry(y[10]) ├┤ Rz(y[24]) ├──┼─────────────────────────────────»
       ├───────────┤├───────────┤  │                                 »
q0_11: ┤ Ry(y[11]) ├┤ Rz(y[25]) ├──┼─────────────────────────────────»
       ├───────────┤├───────────┤  │                                 »
q0_12: ┤ Ry(y[12]) ├┤ Rz(y[26]) ├──┼─────────────────────────────────»
       ├───────────┤├───────────┤  │                                 »
q0_13: ┤ Ry(y[13]) ├┤ Rz(y[27]) ├──■─────────────────────────────────»
       └───────────┘└───────────┘                                    »
c0: 14/══════════════════════════════════════════════════════════════»
                                                                     »
«                                                                        »
« q0_0: ─────────────────────────────────────────────────────────────────»
«       ┌───────────┐                                                    »
« q0_1: ┤ Rz(y[43]) ├────────────────────────────────────────────────────»
«       ├───────────┤┌───────────┐                                       »
« q0_2: ┤ Ry(y[30]) ├┤ Rz(y[44]) ├───────────────────────────────────────»
«       └───────────┘├───────────┤┌───────────┐                          »
« q0_3: ──────■──────┤ Ry(y[31]) ├┤ Rz(y[45]) ├──────────────────────────»
«           ┌─┴─┐    └───────────┘├───────────┤┌───────────┐             »
« q0_4: ────┤ X ├──────────■──────┤ Ry(y[32]) ├┤ Rz(y[46]) ├─────────────»
«           └───┘        ┌─┴─┐    └───────────┘├───────────┤┌───────────┐»
« q0_5: ─────────────────┤ X ├──────────■──────┤ Ry(y[33]) ├┤ Rz(y[47]) ├»
«                        └───┘        ┌─┴─┐    └───────────┘├───────────┤»
« q0_6: ──────────────────────────────┤ X ├──────────■──────┤ Ry(y[34]) ├»
«                                     └───┘        ┌─┴─┐    └───────────┘»
« q0_7: ───────────────────────────────────────────┤ X ├──────────■──────»
«                                                  └───┘        ┌─┴─┐    »
« q0_8: ────────────────────────────────────────────────────────┤ X ├────»
«                                                               └───┘    »
« q0_9: ─────────────────────────────────────────────────────────────────»
«                                                                        »
«q0_10: ─────────────────────────────────────────────────────────────────»
«                                                                        »
«q0_11: ─────────────────────────────────────────────────────────────────»
«                                                                        »
«q0_12: ─────────────────────────────────────────────────────────────────»
«                                                                        »
«q0_13: ─────────────────────────────────────────────────────────────────»
«                                                                        »
«c0: 14/═════════════════════════════════════════════════════════════════»
«                                                                        »
«                                                                        »
« q0_0: ─────────────────────────────────────────────────────────────────»
«                                                                        »
« q0_1: ─────────────────────────────────────────────────────────────────»
«                                                                        »
« q0_2: ─────────────────────────────────────────────────────────────────»
«                                                                        »
« q0_3: ─────────────────────────────────────────────────────────────────»
«                                                                        »
« q0_4: ─────────────────────────────────────────────────────────────────»
«                                                                        »
« q0_5: ─────────────────────────────────────────────────────────────────»
«       ┌───────────┐                                                    »
« q0_6: ┤ Rz(y[48]) ├────────────────────────────────────────────────────»
«       ├───────────┤┌───────────┐                                       »
« q0_7: ┤ Ry(y[35]) ├┤ Rz(y[49]) ├───────────────────────────────────────»
«       └───────────┘├───────────┤┌───────────┐                          »
« q0_8: ──────■──────┤ Ry(y[36]) ├┤ Rz(y[50]) ├──────────────────────────»
«           ┌─┴─┐    └───────────┘├───────────┤┌───────────┐             »
« q0_9: ────┤ X ├──────────■──────┤ Ry(y[37]) ├┤ Rz(y[51]) ├─────────────»
«           └───┘        ┌─┴─┐    └───────────┘├───────────┤┌───────────┐»
«q0_10: ─────────────────┤ X ├──────────■──────┤ Ry(y[38]) ├┤ Rz(y[52]) ├»
«                        └───┘        ┌─┴─┐    └───────────┘├───────────┤»
«q0_11: ──────────────────────────────┤ X ├──────────■──────┤ Ry(y[39]) ├»
«                                     └───┘        ┌─┴─┐    └───────────┘»
«q0_12: ───────────────────────────────────────────┤ X ├──────────■──────»
«                                                  └───┘        ┌─┴─┐    »
«q0_13: ────────────────────────────────────────────────────────┤ X ├────»
«                                                               └───┘    »
«c0: 14/═════════════════════════════════════════════════════════════════»
«                                                                        »
«                                 ┌───┐     ┌───────────┐┌───────────┐»
« q0_0: ──────────────────────────┤ X ├──■──┤ Ry(y[56]) ├┤ Rz(y[70]) ├»
«                                 └─┬─┘┌─┴─┐└───────────┘├───────────┤»
« q0_1: ────────────────────────────┼──┤ X ├──────■──────┤ Ry(y[57]) ├»
«                                   │  └───┘    ┌─┴─┐    └───────────┘»
« q0_2: ────────────────────────────┼───────────┤ X ├──────────■──────»
«                                   │           └───┘        ┌─┴─┐    »
« q0_3: ────────────────────────────┼────────────────────────┤ X ├────»
«                                   │                        └───┘    »
« q0_4: ────────────────────────────┼─────────────────────────────────»
«                                   │                                 »
« q0_5: ────────────────────────────┼─────────────────────────────────»
«                                   │                                 »
« q0_6: ────────────────────────────┼─────────────────────────────────»
«                                   │                                 »
« q0_7: ────────────────────────────┼─────────────────────────────────»
«                                   │                                 »
« q0_8: ────────────────────────────┼─────────────────────────────────»
«                                   │                                 »
« q0_9: ────────────────────────────┼─────────────────────────────────»
«                                   │                                 »
«q0_10: ────────────────────────────┼─────────────────────────────────»
«       ┌───────────┐               │                                 »
«q0_11: ┤ Rz(y[53]) ├───────────────┼─────────────────────────────────»
«       ├───────────┤┌───────────┐  │                                 »
«q0_12: ┤ Ry(y[40]) ├┤ Rz(y[54]) ├──┼─────────────────────────────────»
«       ├───────────┤├───────────┤  │                                 »
«q0_13: ┤ Ry(y[41]) ├┤ Rz(y[55]) ├──■─────────────────────────────────»
«       └───────────┘└───────────┘                                    »
«c0: 14/══════════════════════════════════════════════════════════════»
«                                                                     »
«                                                                        »
« q0_0: ─────────────────────────────────────────────────────────────────»
«       ┌───────────┐                                                    »
« q0_1: ┤ Rz(y[71]) ├────────────────────────────────────────────────────»
«       ├───────────┤┌───────────┐                                       »
« q0_2: ┤ Ry(y[58]) ├┤ Rz(y[72]) ├───────────────────────────────────────»
«       └───────────┘├───────────┤┌───────────┐                          »
« q0_3: ──────■──────┤ Ry(y[59]) ├┤ Rz(y[73]) ├──────────────────────────»
«           ┌─┴─┐    └───────────┘├───────────┤┌───────────┐             »
« q0_4: ────┤ X ├──────────■──────┤ Ry(y[60]) ├┤ Rz(y[74]) ├─────────────»
«           └───┘        ┌─┴─┐    └───────────┘├───────────┤┌───────────┐»
« q0_5: ─────────────────┤ X ├──────────■──────┤ Ry(y[61]) ├┤ Rz(y[75]) ├»
«                        └───┘        ┌─┴─┐    └───────────┘├───────────┤»
« q0_6: ──────────────────────────────┤ X ├──────────■──────┤ Ry(y[62]) ├»
«                                     └───┘        ┌─┴─┐    └───────────┘»
« q0_7: ───────────────────────────────────────────┤ X ├──────────■──────»
«                                                  └───┘        ┌─┴─┐    »
« q0_8: ────────────────────────────────────────────────────────┤ X ├────»
«                                                               └───┘    »
« q0_9: ─────────────────────────────────────────────────────────────────»
«                                                                        »
«q0_10: ─────────────────────────────────────────────────────────────────»
«                                                                        »
«q0_11: ─────────────────────────────────────────────────────────────────»
«                                                                        »
«q0_12: ─────────────────────────────────────────────────────────────────»
«                                                                        »
«q0_13: ─────────────────────────────────────────────────────────────────»
«                                                                        »
«c0: 14/═════════════════════════════════════════════════════════════════»
«                                                                        »
«                                                                        »
« q0_0: ─────────────────────────────────────────────────────────────────»
«                                                                        »
« q0_1: ─────────────────────────────────────────────────────────────────»
«                                                                        »
« q0_2: ─────────────────────────────────────────────────────────────────»
«                                                                        »
« q0_3: ─────────────────────────────────────────────────────────────────»
«                                                                        »
« q0_4: ─────────────────────────────────────────────────────────────────»
«                                                                        »
« q0_5: ─────────────────────────────────────────────────────────────────»
«       ┌───────────┐                                                    »
« q0_6: ┤ Rz(y[76]) ├────────────────────────────────────────────────────»
«       ├───────────┤┌───────────┐                                       »
« q0_7: ┤ Ry(y[63]) ├┤ Rz(y[77]) ├───────────────────────────────────────»
«       └───────────┘├───────────┤┌───────────┐                          »
« q0_8: ──────■──────┤ Ry(y[64]) ├┤ Rz(y[78]) ├──────────────────────────»
«           ┌─┴─┐    └───────────┘├───────────┤┌───────────┐             »
« q0_9: ────┤ X ├──────────■──────┤ Ry(y[65]) ├┤ Rz(y[79]) ├─────────────»
«           └───┘        ┌─┴─┐    └───────────┘├───────────┤┌───────────┐»
«q0_10: ─────────────────┤ X ├──────────■──────┤ Ry(y[66]) ├┤ Rz(y[80]) ├»
«                        └───┘        ┌─┴─┐    └───────────┘├───────────┤»
«q0_11: ──────────────────────────────┤ X ├──────────■──────┤ Ry(y[67]) ├»
«                                     └───┘        ┌─┴─┐    └───────────┘»
«q0_12: ───────────────────────────────────────────┤ X ├──────────■──────»
«                                                  └───┘        ┌─┴─┐    »
«q0_13: ────────────────────────────────────────────────────────┤ X ├────»
«                                                               └───┘    »
«c0: 14/═════════════════════════════════════════════════════════════════»
«                                                                        »
«                                 
« q0_0: ──────────────────────────
«                                 
« q0_1: ──────────────────────────
«                                 
« q0_2: ──────────────────────────
«                                 
« q0_3: ──────────────────────────
«                                 
« q0_4: ──────────────────────────
«                                 
« q0_5: ──────────────────────────
«                                 
« q0_6: ──────────────────────────
«                                 
« q0_7: ──────────────────────────
«                                 
« q0_8: ──────────────────────────
«                                 
« q0_9: ──────────────────────────
«                                 
«q0_10: ──────────────────────────
«       ┌───────────┐             
«q0_11: ┤ Rz(y[81]) ├─────────────
«       ├───────────┤┌───────────┐
«q0_12: ┤ Ry(y[68]) ├┤ Rz(y[82]) ├
«       ├───────────┤├───────────┤
«q0_13: ┤ Ry(y[69]) ├┤ Rz(y[83]) ├
«       └───────────┘└───────────┘
«c0: 14/══════════════════════════
«                                 
ansatz-state is written to ansatz.txt
building constraints...
number of constraints= 196
unique pauliops 378
graphclique-cliquecover: 378 with commutationmode commute
strategy largest_first 31
strategy random_sequential 31
strategy smallest_last 37
strategy independent_set 28
strategy connected_sequential_bfs 31
strategy connected_sequential_dfs 36
strategy saturation_largest_first 30
number of cliques 28
clique 0 ['IIIIIIIIIIIIIZ', 'IIIIIIIIIIIIZI', 'IIIIIIIIIIIZII', 'IIIIIIIIIIZIII', 'IIIIIIIIIZIIII', 'IIIIIIIIZIIIII', 'IIIIIIIZIIIIII', 'IIIIIIZIIIIIII', 'IIIIIZIIIIIIII', 'IIIIZIIIIIIIII', 'IIIZIIIIIIIIII', 'IIZIIIIIIIIIII', 'IZIIIIIIIIIIII', 'ZIIIIIIIIIIIII']
clique 1 ['IIIIIIIIIIIIXX', 'IIIIIIIIIIIIYY', 'IIIIIIIIIIXXII', 'IIIIIIIIIIYYII', 'IIIIIIIIXXIIII', 'IIIIIIIIYYIIII', 'IIIIIIXXIIIIII', 'IIIIIIYYIIIIII', 'IIIIXXIIIIIIII', 'IIIIYYIIIIIIII', 'IIXXIIIIIIIIII', 'IIYYIIIIIIIIII', 'XXIIIIIIIIIIII', 'YYIIIIIIIIIIII']
clique 2 ['IIIIIIIIIIIIYX', 'IIIIIIIIIIIIXY', 'IIIIIIIIIIYXII', 'IIIIIIIIIIXYII', 'IIIIIIIIYXIIII', 'IIIIIIIIXYIIII', 'IIIIIIYXIIIIII', 'IIIIIIXYIIIIII', 'IIIIYXIIIIIIII', 'IIIIXYIIIIIIII', 'IIYXIIIIIIIIII', 'IIXYIIIIIIIIII', 'YXIIIIIIIIIIII', 'XYIIIIIIIIIIII']
clique 3 ['IIIIIIIIIIIXZX', 'IYZZZZZZZZZZZY', 'IIIIIIIIIIXZXI', 'YZZZZZZZZZZZYI', 'IIIIIIIIIXZXII', 'IIIIIIIIXZXIII', 'IIIIIIIXZXIIII', 'IIIIIIXZXIIIII', 'IIIIIXZXIIIIII', 'IIIIXZXIIIIIII', 'IIIXZXIIIIIIII', 'IIXZXIIIIIIIII', 'IXZXIIIIIIIIII', 'XZXIIIIIIIIIII']
clique 4 ['IIIIIIIIIIIYZY', 'XZZZZZZZZZZZZX', 'IIIXZZZZZZZZXI', 'IYZZZZZZZZZZYI', 'IIIIIIIIXZZYII', 'IIIIIIIIYZYIII', 'YZZZZZZZZZXIII', 'IIIIIIIYZXIIII', 'IIIIIIIXZYIIII', 'IIIIYZXIIIIIII', 'IIIIXZYIIIIIII', 'IIIYZXIIIIIIII', 'IIYZZYIIIIIIII', 'IXYIIIIIIIIIII']
clique 5 ['IIIIIIIIIIIYZX', 'IXZZZZZZZZZZZY', 'IIIIIIIIIIIXYI', 'IYZZZZZZZZZZXI', 'IIIIIIIIXZYIII', 'IIIIIIYZZZXIII', 'IIIIIIXZZXIIII', 'IIXZZZZZZYIIII', 'IIIIIIIXXIIIII', 'IIIIXZZXIIIIII', 'IIIYZYIIIIIIII', 'XZZZZXIIIIIIII', 'IIIXXIIIIIIIII', 'YZXIIIIIIIIIII']
clique 6 ['IIIIIIIIIIIXZY', 'IIIYZZZZZZZZZX', 'IIIIIIIIIIYZXI', 'IIIXZZZZZZZZYI', 'IIIIIIIIXZZXII', 'IYZZZZZZZZYIII', 'IIIIIIIYZYIIII', 'IIIIIIYZZXIIII', 'IIIIYZZZXIIIII', 'IIIIXZZYIIIIII', 'IXZZZZYIIIIIII', 'IIYZZXIIIIIIII', 'YZZZZYIIIIIIII', 'XZYIIIIIIIIIII']
clique 7 ['IIIIIIIIIIXZZX', 'IIIIIIXZZZZZZY', 'IIIIIIIIIIIYXI', 'IIIIIIIIIYZZYI', 'IIIIIIIYZZZYII', 'XZZZZZZZZZXIII', 'IIIIIIYZZYIIII', 'IIIIIIIXYIIIII', 'IIIIXZZZXIIIII', 'IIIXZYIIIIIIII', 'IIXZZXIIIIIIII', 'IXZZXIIIIIIIII', 'YZZXIIIIIIIIII', 'IYXIIIIIIIIIII']
clique 8 ['IIIIIIIIIIYZZY', 'IIXZZZZZZZZZZX', 'IIIIIIIIIIIXXI', 'IIYZZZZZZZZZYI', 'IIIIIIIYZZZXII', 'IIIIIIIIIXYIII', 'IIIIIXZZZXIIII', 'IIIIXZZZYIIIII', 'IYZZZZZZXIIIII', 'IIIIIYZYIIIIII', 'IIIIYZYIIIIIII', 'YZZZZZXIIIIIII', 'IXZYIIIIIIIIII', 'XZZXIIIIIIIIII']
clique 9 ['IIIIIIIIIIYZZX', 'IIIIIIIIIIXZZY', 'IIIIIIIYZZZZXI', 'IIIIIYZZZZZZYI', 'IIIIIIIXZZZXII', 'IIIYZZZZZZZYII', 'IIIIIIXZZYIIII', 'IIIIXZZZZXIIII', 'IIIIIIYZXIIIII', 'IXZZZZZZYIIIII', 'IYZZZYIIIIIIII', 'IIYZXIIIIIIIII', 'XZZYIIIIIIIIII', 'YZYIIIIIIIIIII']
clique 10 ['IIIIIIIIIXZZZX', 'IIIIXZZZZZZZZY', 'IIIIIIIIIYZZXI', 'IIXZZZZZZZZZYI', 'IIIXZZZZZZZXII', 'IIYZZZZZZZZYII', 'IIIIIIIXZZXIII', 'XZZZZZZZZZYIII', 'IIIIIIXZYIIIII', 'YZZZZZZZXIIIII', 'IIIIYZZXIIIIII', 'IIIIIXXIIIIIII', 'IXZZZXIIIIIIII', 'IYZXIIIIIIIIII']
clique 11 ['IIIIIIIIIYZZZY', 'IIIIIIIIXZZZZX', 'IIIIIXZZZZZZYI', 'IIIYZZZZZZZZXI', 'IIIIYZZZZZZYII', 'IIYZZZZZZZZXII', 'IIIIIIIIIXXIII', 'IIIIIIIXZZYIII', 'XZZZZZZZXIIIII', 'IIIXZZZXIIIIII', 'IIXZZZYIIIIIII', 'IYZZZZXIIIIIII', 'YZZZZXIIIIIIII', 'IXZZYIIIIIIIII']
clique 12 ['IIIIIIIIIYZZZX', 'IIIIIIIIIXZZZY', 'IIIIIIIXZZZZXI', 'IIIIIIYZZZZZYI', 'IIIIIIXZZZZXII', 'IIIXZZZZZZZYII', 'IIIIIIIIYZXIII', 'IIXZZZZZZZYIII', 'IIIIIXZZYIIIII', 'IIIYZZZXIIIIII', 'IYZZZXIIIIIIII', 'XZZZXIIIIIIIII', 'YZZZYIIIIIIIII', 'IXXIIIIIIIIIII']
clique 13 ['IIIIIIIIYZZZZY', 'IIYZZZZZZZZZZX', 'IIIIIIIIIXZZYI', 'IIXZZZZZZZZZXI', 'IIIIIIIXZZZYII', 'IYZZZZZZZZZXII', 'IIIIIIIIIYYIII', 'IIIIXZZZZZXIII', 'IIIIIIYZYIIIII', 'IIIIIYZXIIIIII', 'XZZZZZYIIIIIII', 'IXZZZYIIIIIIII', 'IIIYXIIIIIIIII', 'YZZYIIIIIIIIII']
clique 14 ['IIIIIIIIYZZZZX', 'IIIIIIIIXZZZZY', 'IIIIIIIIIIIYYI', 'IIIIIYZZZZZZXI', 'IIIIIIIIIXZYII', 'IIIIIIYZZZYIII', 'IIIIIXZZZZXIII', 'XZZZZZZZZXIIII', 'IIIXZZZYIIIIII', 'IXZZZZZXIIIIII', 'IIYZZZYIIIIIII', 'IIIYYIIIIIIIII', 'YZZZXIIIIIIIII', 'IYYIIIIIIIIIII']
clique 15 ['IIIIIIIXZZZZZX', 'IIIIIIIYZZZZZY', 'IIIIIIIIIXZZXI', 'XZZZZZZZZZZZYI', 'IIIIIIIIIYZYII', 'IIXZZZZZZZZXII', 'IIIIIXZZZZYIII', 'IIIYZZZZZZXIII', 'IXZZZZZZXIIIII', 'YZZZZZZZYIIIII', 'IIIIIYXIIIIIII', 'IIIXZZYIIIIIII', 'IIYZYIIIIIIIII', 'IYZZXIIIIIIIII']
clique 16 ['IIIIIIIYZZZZZX', 'XZZZZZZZZZZZZY', 'IIIIIIXZZZZZYI', 'IIYZZZZZZZZZXI', 'IXZZZZZZZZZXII', 'YZZZZZZZZZZYII', 'IIIIIYZZZZYIII', 'IYZZZZZZZZXIII', 'IIIIXZZZZYIIII', 'IIIXZZZZZXIIII', 'IIIIYZZZYIIIII', 'IIIYZZZZXIIIII', 'IIIIIXZYIIIIII', 'IIXZZZXIIIIIII']
clique 17 ['IIIIIIIXZZZZZY', 'IYZZZZZZZZZZZX', 'IIIIIIXZZZZZXI', 'IIIIYZZZZZZZYI', 'IIIIXZZZZZZYII', 'YZZZZZZZZZZXII', 'IIIIIIIYZZXIII', 'IIIYZZZZZZYIII', 'IIYZZZZZZXIIII', 'IXZZZZZZZYIIII', 'IIIIIYZZYIIIII', 'IIXZZZZZXIIIII', 'IIIXZZXIIIIIII', 'XZZZZYIIIIIIII']
clique 18 ['IIIIIIXZZZZZZX', 'IIIYZZZZZZZZZY', 'IIIIIIIIIIXZYI', 'IIIIYZZZZZZZXI', 'IIIIIIYZZZZXII', 'IIIIIYZZZZZYII', 'IIXZZZZZZZXIII', 'IXZZZZZZZXIIII', 'YZZZZZZZZYIIII', 'IIIIIXZZXIIIII', 'IIIXZZZZYIIIII', 'IIYZZZZYIIIIII', 'XZZZZZZXIIIIII', 'IYZZYIIIIIIIII']
clique 19 ['IIIIIIYZZZZZZY', 'IIIIIXZZZZZZZX', 'IIIIIIIIXZZZYI', 'IXZZZZZZZZZZXI', 'IIIYZZZZZZZXII', 'IIXZZZZZZZZYII', 'IIIIIIIYZZYIII', 'IIIIIIXZZZXIII', 'IIIIIYZZZYIIII', 'IIIIYZZZZXIIII', 'IIYZZZZZXIIIII', 'YZZZZZZYIIIIII', 'XZZZYIIIIIIIII', 'IYZYIIIIIIIIII']
clique 20 ['IIIIIIYZZZZZZX', 'IIIIIXZZZZZZZY', 'IIIIIIIIYZZZYI', 'XZZZZZZZZZZZXI', 'IIIIXZZZZZZXII', 'IXZZZZZZZZZYII', 'IIIIIYZZZZXIII', 'IIIXZZZZZZYIII', 'IIYZZZZZZYIIII', 'YZZZZZZZZXIIII', 'IIXZZZZZYIIIII', 'IIIIYZZYIIIIII', 'IYZZZZZXIIIIII', 'IIIYZZYIIIIIII']
clique 21 ['IIIIIYZZZZZZZY', 'IIIIYZZZZZZZZX', 'IIIIIIIIYZZZXI', 'IXZZZZZZZZZZYI', 'IIIIIIIIIYZXII', 'IIIIIIYZZZZYII', 'IIIXZZZZZZXIII', 'YZZZZZZZZZYIII', 'IIIYZZZZZYIIII', 'IYZZZZZZYIIIII', 'IIYZZZZXIIIIII', 'XZZZZZZYIIIIII', 'IIIIIXYIIIIIII', 'IIXZYIIIIIIIII']
clique 22 ['IIIXZZZZZZZZZX', 'YZZZZZZZZZZZZY', 'IIIIIIIIIIYZYI', 'IIIIIIIIXZZZXI', 'IIIIYZZZZZZXII', 'XZZZZZZZZZZYII', 'IIIIXZZZZZYIII', 'IIIIIXZZZYIIII', 'IIIYZZZZZXIIII', 'IIIIIYZZXIIIII', 'IIXZZZZXIIIIII', 'IXZZZZZYIIIIII', 'IIYZZZXIIIIIII', 'IYZZZZYIIIIIII']
clique 23 ['IIYZZZZZZZZZZY', 'IXZZZZZZZZZZZX', 'IIIIIIIYZZZZYI', 'YZZZZZZZZZZZXI', 'IIIIIIIIYZZYII', 'IIIIIXZZZZZXII', 'IIIIIIIIIYXIII', 'IIIIYZZZZZYIII', 'IYZZZZZZZYIIII', 'XZZZZZZZYIIIII', 'IIXZZZZYIIIIII', 'IIIIIYYIIIIIII', 'IIIYZZXIIIIIII', 'IIIXYIIIIIIIII']
clique 24 ['IIIIIYZZZZZZZX', 'IIIIIXZZZZZZXI', 'IIIIXZZZZZZZYI', 'IYZZZZZZZZZYII', 'XZZZZZZZZZZXII', 'IIIIYZZZZZXIII', 'IIYZZZZZZZYIII', 'IIIXZZZZZYIIII', 'IIXZZZZZZXIIII', 'IIIIIIIYYIIIII', 'IIIYZZZYIIIIII', 'IXZZZZXIIIIIII', 'YZZZZZYIIIIIII']
clique 25 ['IIIIXZZZZZZZZX', 'IIIIYZZZZZZZZY', 'IIIIIIYZZZZZXI', 'IIIYZZZZZZZZYI', 'IIIIIIIIYZZXII', 'IIIIIXZZZZZYII', 'IIIIIIXZZZYIII', 'IXZZZZZZZZXIII', 'IIIIIYZZZXIIII', 'XZZZZZZZZYIIII', 'IIYZZZZZYIIIII', 'IYZZZZZYIIIIII', 'YZZZZZZXIIIIII']
clique 26 ['IIIXZZZZZZZZZY', 'YZZZZZZZZZZZZX', 'IIIIIIIXZZZZYI', 'IIIIXZZZZZZZXI', 'IIIIIIXZZZZYII', 'IIIIIYZZZZZXII', 'IIYZZZZZZZXIII', 'IXZZZZZZZZYIII', 'IIIIYZZZZYIIII', 'IYZZZZZZZXIIII', 'IIIIIIIYXIIIII', 'IIIYZZZZYIIIII', 'XZZZZZXIIIIIII', 'IIXZZYIIIIIIII']
clique 27 ['IIXZZZZZZZZZZY', 'IIIXZZZZXIIIII']
