GS energy with  DMRG -11.69483319061586
N= 8.00000000000001
E= -11.69483319061586
D= [[ 5.00000000e-01+0.j -6.77180529e-13+0.j  4.22036269e-01+0.j
  -8.28805180e-14+0.j  3.68844712e-13+0.j -2.07511798e-14+0.j
  -1.73703655e-01+0.j  4.30000938e-14+0.j -6.80315179e-14+0.j
   2.42411718e-14+0.j  1.20200285e-01+0.j -7.65491209e-14+0.j
   2.51803786e-14+0.j -1.85261667e-14+0.j -1.00157388e-01+0.j
   3.30668314e-14+0.j]
 [-6.77166991e-13+0.j  5.00000000e-01+0.j  1.57627461e-13+0.j
   4.22036270e-01+0.j -3.75055946e-13+0.j -2.80140494e-14+0.j
   6.24769176e-14+0.j -1.73703654e-01+0.j  9.15332893e-14+0.j
  -1.02869102e-14+0.j -4.62027763e-14+0.j  1.20200337e-01+0.j
  -4.09090034e-14+0.j  2.68535194e-15+0.j  3.16593247e-14+0.j
  -1.00157389e-01+0.j]
 [ 4.22036269e-01+0.j  1.57616133e-13+0.j  5.00000000e-01+0.j
   7.11510953e-13+0.j  2.42188907e-01+0.j  5.41514644e-15+0.j
  -3.25750928e-13+0.j -3.04790756e-13+0.j -4.93501824e-02+0.j
  -8.16196632e-15+0.j  2.20201028e-13+0.j  2.09006957e-13+0.j
   1.57564596e-02+0.j  1.95591020e-14+0.j -1.92402355e-13+0.j
  -1.71118383e-13+0.j]
 [-8.29085128e-14+0.j  4.22036270e-01+0.j  7.11485102e-13+0.j
   5.00000000e-01+0.j -2.34660223e-13+0.j  2.42188906e-01+0.j
   1.33918916e-14+0.j  2.53094854e-13+0.j  4.45199841e-14+0.j
  -4.93501569e-02+0.j -1.18794438e-14+0.j -1.75213685e-13+0.j
  -1.36319504e-14+0.j  1.57564747e-02+0.j  1.40085881e-14+0.j
   1.43803171e-13+0.j]
 [ 3.68772721e-13+0.j -3.75096479e-13+0.j  2.42188907e-01+0.j
  -2.34663848e-13+0.j  5.00000000e-01+0.j  9.88584311e-15+0.j
   3.74030139e-01+0.j  1.06551726e-13+0.j -1.20348176e-13+0.j
  -2.12650842e-14+0.j -1.59133994e-01+0.j -7.47566020e-14+0.j
   4.03687500e-14+0.j  1.79906920e-14+0.j  1.20200335e-01+0.j
   8.56507335e-14+0.j]
 [-2.07251892e-14+0.j -2.80799689e-14+0.j  5.41408211e-15+0.j
   2.42188906e-01+0.j  9.80346178e-15+0.j  5.00000000e-01+0.j
  -3.20047575e-15+0.j  3.74030138e-01+0.j -1.58301934e-14+0.j
   4.30419589e-14+0.j -8.88121255e-16+0.j -1.59133997e-01+0.j
   1.69352392e-14+0.j -2.47510346e-14+0.j  7.30523053e-15+0.j
   1.20200276e-01+0.j]
 [-1.73703655e-01+0.j  6.24660522e-14+0.j -3.25734231e-13+0.j
   1.33911496e-14+0.j  3.74030139e-01+0.j -3.26083279e-15+0.j
   5.00000000e-01+0.j -8.74933763e-15+0.j  2.58500787e-01+0.j
  -4.34082145e-15+0.j  4.97822270e-14+0.j  1.07721004e-14+0.j
  -4.93501639e-02+0.j  2.08288749e-14+0.j -4.13512540e-14+0.j
  -1.62054283e-14+0.j]
 [ 4.30400986e-14+0.j -1.73703654e-01+0.j -3.04777735e-13+0.j
   2.53088349e-13+0.j  1.06530400e-13+0.j  3.74030138e-01+0.j
  -8.71827726e-15+0.j  5.00000000e-01+0.j -1.82854899e-14+0.j
   2.58500787e-01+0.j  5.38372260e-15+0.j  3.70327683e-14+0.j
   5.20326280e-15+0.j -4.93501870e-02+0.j -1.26531220e-14+0.j
  -2.47337144e-14+0.j]
 [-6.80141707e-14+0.j  9.15354134e-14+0.j -4.93501824e-02+0.j
   4.45208377e-14+0.j -1.20484352e-13+0.j -1.57633742e-14+0.j
   2.58500787e-01+0.j -1.82852299e-14+0.j  5.00000000e-01+0.j
   2.96122247e-14+0.j  3.74030140e-01+0.j  8.78785490e-15+0.j
  -1.17215265e-14+0.j -2.02953217e-14+0.j -1.73703650e-01+0.j
  -8.61208677e-15+0.j]
 [ 2.42016569e-14+0.j -1.01724185e-14+0.j -8.16211332e-15+0.j
  -4.93501569e-02+0.j -2.12553578e-14+0.j  4.31044089e-14+0.j
  -4.34221681e-15+0.j  2.58500787e-01+0.j  2.96311090e-14+0.j
   5.00000000e-01+0.j  5.68164479e-15+0.j  3.74030141e-01+0.j
  -1.98542283e-14+0.j  1.84990911e-14+0.j -4.90323290e-15+0.j
  -1.73703653e-01+0.j]
 [ 1.20200285e-01+0.j -4.62692534e-14+0.j  2.20197775e-13+0.j
  -1.18837964e-14+0.j -1.59133994e-01+0.j -8.29642331e-16+0.j
   4.97536040e-14+0.j  5.37544099e-15+0.j  3.74030140e-01+0.j
   5.56755702e-15+0.j  5.00000000e-01+0.j -2.57555843e-14+0.j
   2.42188906e-01+0.j -5.80376386e-16+0.j  3.56147403e-14+0.j
   3.11353855e-14+0.j]
 [-7.65276023e-14+0.j  1.20200337e-01+0.j  2.09000674e-13+0.j
  -1.75228457e-13+0.j -7.47597786e-14+0.j -1.59133997e-01+0.j
   1.07601844e-14+0.j  3.70763533e-14+0.j  8.72465033e-15+0.j
   3.74030141e-01+0.j -2.57106249e-14+0.j  5.00000000e-01+0.j
  -3.44401072e-15+0.j  2.42188906e-01+0.j  3.10733089e-14+0.j
  -5.70430979e-15+0.j]
 [ 2.51638987e-14+0.j -4.09116418e-14+0.j  1.57564596e-02+0.j
  -1.36319387e-14+0.j  4.04364042e-14+0.j  1.69656466e-14+0.j
  -4.93501639e-02+0.j  5.19954181e-15+0.j -1.15879528e-14+0.j
  -1.98832626e-14+0.j  2.42188906e-01+0.j -3.45846815e-15+0.j
   5.00000000e-01+0.j  2.68721913e-14+0.j  4.22036268e-01+0.j
   7.20111084e-16+0.j]
 [-1.85380130e-14+0.j  2.67147415e-15+0.j  1.95601800e-14+0.j
   1.57564747e-02+0.j  1.80074926e-14+0.j -2.47510346e-14+0.j
   2.08272807e-14+0.j -4.93501870e-02+0.j -2.02795080e-14+0.j
   1.85546023e-14+0.j -5.81506783e-16+0.j  2.42188906e-01+0.j
   2.68578231e-14+0.j  5.00000000e-01+0.j  2.98728757e-15+0.j
   4.22036268e-01+0.j]
 [-1.00157388e-01+0.j  3.16916558e-14+0.j -1.92397097e-13+0.j
   1.40129452e-14+0.j  1.20200335e-01+0.j  7.29592250e-15+0.j
  -4.12819735e-14+0.j -1.26643818e-14+0.j -1.73703650e-01+0.j
  -4.86681763e-15+0.j  3.56021636e-14+0.j  3.10796005e-14+0.j
   4.22036268e-01+0.j  2.87721645e-15+0.j  5.00000000e-01+0.j
  -6.61039724e-14+0.j]
 [ 3.30611099e-14+0.j -1.00157389e-01+0.j -1.71111729e-13+0.j
   1.43810392e-13+0.j  8.56550222e-14+0.j  1.20200276e-01+0.j
  -1.61953997e-14+0.j -2.47685956e-14+0.j -8.60001068e-15+0.j
  -1.73703653e-01+0.j  3.11108433e-14+0.j -5.65545721e-15+0.j
   7.65825905e-16+0.j  4.22036268e-01+0.j -6.60758040e-14+0.j
   5.00000000e-01+0.j]]
W= [0.19157007+0.j 0.20949801+0.j 0.20994172+0.j 0.21159645+0.j
 0.21159645+0.j 0.20994172+0.j 0.209498  +0.j 0.19157007+0.j]
local approximation with  1 sites
local interactions on sites [[0], [1], [2], [3], [4], [5], [6], [7]]
Functional for interaction on sites [0]
aca-directory for images already exists
aca-directory for images already exists
aca-directory for images already exists
interacting orbitals: [0, 1]
mapping: [0, 1, 2, 3, 4, 5, 6, 7, 8, 9, 10, 11, 12, 13, 14, 15]
aca-directory for images already exists
aca-directory for images already exists
aca-directory for images already exists
orbinteractaca= [0, 1]
aca-directory for images already exists
aca-directory for images already exists
aca-directory for images already exists
aca-directory for images already exists
aca-directory for images already exists
aca-directory for images already exists
aca-directory for images already exists
aca-directory for images already exists
aca-directory for images already exists
aca-directory for images already exists
aca-directory for images already exists
aca-directory for images already exists
aca-directory for images already exists
aca-directory for images already exists
aca-directory for images already exists
aca-directory for images already exists
aca-directory for images already exists
aca-directory for images already exists
aca-directory for images already exists
aca-directory for images already exists
aca-directory for images already exists
aca-directory for images already exists
aca-directory for images already exists
aca-directory for images already exists
aca-directory for images already exists
aca-directory for images already exists
aca-directory for images already exists
aca-directory for images already exists
aca-directory for images already exists
aca-directory for images already exists
aca-directory for images already exists
aca-directory for images already exists
aca-directory for images already exists
aca-directory for images already exists
aca-directory for images already exists
aca-directory for images already exists
aca-directory for images already exists
aca-directory for images already exists
aca-directory for images already exists
aca-directory for images already exists
aca-directory for images already exists
aca-directory for images already exists
aca-directory for images already exists
aca-directory for images already exists
aca-directory for images already exists
aca: level 7  norb= 16
Daca= [[ 5.00000000e-01+0.j -6.77180529e-13+0.j -4.82459514e-01+0.j
   2.88858029e-30+0.j  1.03435534e-28+0.j -6.77419279e-30+0.j
  -3.15232096e-17+0.j -6.39390762e-30+0.j -1.27701747e-29+0.j
   1.61216225e-30+0.j -6.06251388e-19+0.j -2.44685812e-29+0.j
  -7.66747664e-31+0.j  4.75404395e-31+0.j -2.11389625e-17+0.j
   1.25029180e-30+0.j]
 [-6.77166991e-13+0.j  5.00000000e-01+0.j  1.66095619e-14+0.j
  -4.82459528e-01+0.j -3.89393876e-29+0.j -2.86773578e-31+0.j
  -5.12301386e-30+0.j  1.17719423e-17+0.j  4.30416315e-30+0.j
  -2.47996711e-31+0.j  6.40030943e-30+0.j  5.79059367e-18+0.j
  -1.24139888e-30+0.j  3.88344525e-31+0.j -6.25648189e-30+0.j
  -9.74816953e-19+0.j]
 [-4.82459514e-01+0.j  1.66388332e-14+0.j  5.00000000e-01+0.j
   6.82776565e-13+0.j  1.50250792e-02+0.j  3.87396307e-30+0.j
   1.27188005e-30+0.j -2.14283834e-30+0.j -2.25650616e-19+0.j
  -1.55667291e-30+0.j  3.66846383e-30+0.j -1.51136538e-30+0.j
  -4.11816417e-20+0.j -1.15723639e-31+0.j  3.15544363e-30+0.j
   0.00000000e+00+0.j]
 [ 3.23430941e-17+0.j -4.82459528e-01+0.j  6.82763154e-13+0.j
   5.00000000e-01+0.j -7.78877038e-14+0.j  1.50250576e-02+0.j
   1.13952330e-30+0.j  2.05251809e-32+0.j  3.69519314e-30+0.j
  -1.30276415e-18+0.j -2.69004093e-30+0.j  5.53902477e-31+0.j
  -9.99412360e-30+0.j  7.65650290e-19+0.j  3.15544362e-30+0.j
   0.00000000e+00+0.j]
 [-7.19910243e-17+0.j -4.05332665e-17+0.j  1.50250792e-02+0.j
  -7.79021267e-14+0.j  5.00000000e-01+0.j  8.71520513e-13+0.j
   4.82560830e-01+0.j -3.00510134e-28+0.j  4.85843834e-29+0.j
   2.05809653e-29+0.j -4.48429648e-17+0.j -1.77912343e-28+0.j
  -6.40794362e-29+0.j -1.89924965e-29+0.j  6.86457737e-17+0.j
  -1.61479763e-28+0.j]
 [ 2.59906086e-17+0.j -6.59194921e-17+0.j -5.58958706e-17+0.j
   1.50250576e-02+0.j  8.71478661e-13+0.j  5.00000000e-01+0.j
   7.23488927e-15+0.j  4.82560797e-01+0.j  4.40433690e-29+0.j
  -2.05147438e-29+0.j -2.84321398e-28+0.j -6.20452238e-17+0.j
  -2.55681100e-29+0.j -1.09252940e-29+0.j  4.96980491e-28+0.j
   5.70776370e-17+0.j]
 [-1.10438583e-16+0.j -1.86622109e-17+0.j -2.96209990e-17+0.j
  -2.39688818e-17+0.j  4.82560830e-01+0.j  7.12885882e-15+0.j
   5.00000000e-01+0.j -8.70068635e-13+0.j  6.54060691e-03+0.j
   1.05219692e-30+0.j  1.01965718e-30+0.j -3.99148133e-31+0.j
  -7.28470282e-19+0.j  4.62608610e-31+0.j -4.06153880e-38+0.j
   1.57772181e-30+0.j]
 [ 2.84171513e-17+0.j  1.99286391e-16+0.j  6.65452481e-18+0.j
   4.69524234e-17+0.j -1.33955474e-17+0.j  4.82560797e-01+0.j
  -8.70027687e-13+0.j  5.00000000e-01+0.j -7.04358820e-14+0.j
   6.54063224e-03+0.j  1.12033116e-30+0.j -1.32161081e-31+0.j
  -1.45072729e-30+0.j -4.27901485e-19+0.j -6.31088723e-30+0.j
  -7.88860905e-31+0.j]
 [ 1.73472348e-17+0.j  2.12417682e-18+0.j -8.35255810e-17+0.j
  -1.29333893e-17+0.j  2.47974879e-16+0.j -8.83029856e-17+0.j
   6.54060691e-03+0.j -7.04423030e-14+0.j  5.00000000e-01+0.j
   1.40384785e-12+0.j  4.90532381e-01+0.j -2.94402824e-28+0.j
  -1.23328984e-28+0.j  1.57005091e-29+0.j  6.65555651e-17+0.j
  -4.31447001e-28+0.j]
 [-3.95149128e-17+0.j  1.14491749e-16+0.j -1.22872557e-17+0.j
  -3.93543625e-17+0.j  1.47703153e-17+0.j -2.59760065e-17+0.j
  -5.94070815e-17+0.j  6.54063224e-03+0.j  1.40379646e-12+0.j
   5.00000000e-01+0.j -1.15205095e-14+0.j  4.90532436e-01+0.j
  -2.74765260e-29+0.j -1.24666050e-28+0.j -7.15193352e-29+0.j
  -3.99501203e-17+0.j]
 [ 2.55390797e-16+0.j -6.10818138e-17+0.j  6.06072287e-18+0.j
   2.29237504e-17+0.j -3.07332424e-16+0.j -3.90941365e-17+0.j
   1.86010603e-17+0.j -6.67867683e-18+0.j  4.90532381e-01+0.j
  -1.15961935e-14+0.j  5.00000000e-01+0.j -1.40966209e-12+0.j
   1.95140580e-03+0.j -4.75540392e-32+0.j -1.57772163e-30+0.j
  -7.88860905e-31+0.j]
 [ 2.95369993e-17+0.j  2.20283041e-16+0.j -1.58601964e-17+0.j
  -1.40201335e-18+0.j -1.82991017e-17+0.j -4.81674360e-17+0.j
   7.13450421e-18+0.j  3.66978232e-17+0.j  3.95675939e-18+0.j
   4.90532436e-01+0.j -1.40964307e-12+0.j  5.00000000e-01+0.j
  -9.83864224e-15+0.j  1.95143312e-03+0.j  3.15544385e-30+0.j
  -1.57772181e-30+0.j]
 [-1.64798730e-17+0.j -2.63844545e-18+0.j  6.42964969e-17+0.j
  -1.08912389e-17+0.j -2.49511537e-17+0.j -2.59541777e-17+0.j
   3.70993469e-17+0.j  4.27339502e-17+0.j -1.52583786e-16+0.j
  -2.30305212e-17+0.j  1.95140580e-03+0.j -9.81381311e-15+0.j
   5.00000000e-01+0.j  1.93934587e-12+0.j  4.93305009e-01+0.j
   0.00000000e+00+0.j]
 [-1.18462942e-17+0.j -1.38777878e-17+0.j  6.89518041e-18+0.j
  -2.29207154e-17+0.j -1.63269125e-17+0.j  3.53009616e-17+0.j
  -3.30731148e-18+0.j  5.50871377e-17+0.j -9.64866556e-18+0.j
   4.47103296e-17+0.j -3.32661597e-17+0.j  1.95143312e-03+0.j
   1.93936125e-12+0.j  5.00000000e-01+0.j  1.95996438e-14+0.j
  -4.93304974e-01+0.j]
 [-2.81307704e-16+0.j  2.78354496e-17+0.j  1.39949785e-17+0.j
  -2.01149699e-17+0.j  2.27826027e-16+0.j -1.79008680e-17+0.j
  -1.18459492e-16+0.j -7.52982737e-18+0.j  2.87297882e-16+0.j
   5.58706052e-18+0.j -2.51583070e-17+0.j  1.98710724e-17+0.j
   4.93305009e-01+0.j  1.95172117e-14+0.j  5.00000000e-01+0.j
   1.94048778e-12+0.j]
 [-1.24028780e-17+0.j -1.10402016e-16+0.j  1.35504399e-17+0.j
  -5.03422209e-18+0.j -2.53321411e-17+0.j -1.37211392e-16+0.j
  -7.17285714e-18+0.j  4.19619486e-17+0.j  5.19782812e-17+0.j
   3.89610706e-16+0.j  2.90061705e-18+0.j -4.86139961e-17+0.j
   9.96734321e-18+0.j -4.93304974e-01+0.j  1.94045599e-12+0.j
   5.00000000e-01+0.j]]
rounding Naca1 to integer
rounding Naca2 to integer
Naca= (4, 4)
nq= 16
variational state:
        ┌──────────┐┌───────────┐┌───┐     ┌───────────┐┌───────────┐»
 q0_0: ─┤ Ry(y[0]) ├┤ Rz(y[16]) ├┤ X ├──■──┤ Ry(y[32]) ├┤ Rz(y[48]) ├»
        ├──────────┤├───────────┤└─┬─┘┌─┴─┐└───────────┘├───────────┤»
 q0_1: ─┤ Ry(y[1]) ├┤ Rz(y[17]) ├──┼──┤ X ├──────■──────┤ Ry(y[33]) ├»
        ├──────────┤├───────────┤  │  └───┘    ┌─┴─┐    └───────────┘»
 q0_2: ─┤ Ry(y[2]) ├┤ Rz(y[18]) ├──┼───────────┤ X ├──────────■──────»
        ├──────────┤├───────────┤  │           └───┘        ┌─┴─┐    »
 q0_3: ─┤ Ry(y[3]) ├┤ Rz(y[19]) ├──┼────────────────────────┤ X ├────»
        ├──────────┤├───────────┤  │                        └───┘    »
 q0_4: ─┤ Ry(y[4]) ├┤ Rz(y[20]) ├──┼─────────────────────────────────»
        ├──────────┤├───────────┤  │                                 »
 q0_5: ─┤ Ry(y[5]) ├┤ Rz(y[21]) ├──┼─────────────────────────────────»
        ├──────────┤├───────────┤  │                                 »
 q0_6: ─┤ Ry(y[6]) ├┤ Rz(y[22]) ├──┼─────────────────────────────────»
        ├──────────┤├───────────┤  │                                 »
 q0_7: ─┤ Ry(y[7]) ├┤ Rz(y[23]) ├──┼─────────────────────────────────»
        ├──────────┤├───────────┤  │                                 »
 q0_8: ─┤ Ry(y[8]) ├┤ Rz(y[24]) ├──┼─────────────────────────────────»
        ├──────────┤├───────────┤  │                                 »
 q0_9: ─┤ Ry(y[9]) ├┤ Rz(y[25]) ├──┼─────────────────────────────────»
       ┌┴──────────┤├───────────┤  │                                 »
q0_10: ┤ Ry(y[10]) ├┤ Rz(y[26]) ├──┼─────────────────────────────────»
       ├───────────┤├───────────┤  │                                 »
q0_11: ┤ Ry(y[11]) ├┤ Rz(y[27]) ├──┼─────────────────────────────────»
       ├───────────┤├───────────┤  │                                 »
q0_12: ┤ Ry(y[12]) ├┤ Rz(y[28]) ├──┼─────────────────────────────────»
       ├───────────┤├───────────┤  │                                 »
q0_13: ┤ Ry(y[13]) ├┤ Rz(y[29]) ├──┼─────────────────────────────────»
       ├───────────┤├───────────┤  │                                 »
q0_14: ┤ Ry(y[14]) ├┤ Rz(y[30]) ├──┼─────────────────────────────────»
       ├───────────┤├───────────┤  │                                 »
q0_15: ┤ Ry(y[15]) ├┤ Rz(y[31]) ├──■─────────────────────────────────»
       └───────────┘└───────────┘                                    »
c0: 16/══════════════════════════════════════════════════════════════»
                                                                     »
«                                                                        »
« q0_0: ─────────────────────────────────────────────────────────────────»
«       ┌───────────┐                                                    »
« q0_1: ┤ Rz(y[49]) ├────────────────────────────────────────────────────»
«       ├───────────┤┌───────────┐                                       »
« q0_2: ┤ Ry(y[34]) ├┤ Rz(y[50]) ├───────────────────────────────────────»
«       └───────────┘├───────────┤┌───────────┐                          »
« q0_3: ──────■──────┤ Ry(y[35]) ├┤ Rz(y[51]) ├──────────────────────────»
«           ┌─┴─┐    └───────────┘├───────────┤┌───────────┐             »
« q0_4: ────┤ X ├──────────■──────┤ Ry(y[36]) ├┤ Rz(y[52]) ├─────────────»
«           └───┘        ┌─┴─┐    └───────────┘├───────────┤┌───────────┐»
« q0_5: ─────────────────┤ X ├──────────■──────┤ Ry(y[37]) ├┤ Rz(y[53]) ├»
«                        └───┘        ┌─┴─┐    └───────────┘├───────────┤»
« q0_6: ──────────────────────────────┤ X ├──────────■──────┤ Ry(y[38]) ├»
«                                     └───┘        ┌─┴─┐    └───────────┘»
« q0_7: ───────────────────────────────────────────┤ X ├──────────■──────»
«                                                  └───┘        ┌─┴─┐    »
« q0_8: ────────────────────────────────────────────────────────┤ X ├────»
«                                                               └───┘    »
« q0_9: ─────────────────────────────────────────────────────────────────»
«                                                                        »
«q0_10: ─────────────────────────────────────────────────────────────────»
«                                                                        »
«q0_11: ─────────────────────────────────────────────────────────────────»
«                                                                        »
«q0_12: ─────────────────────────────────────────────────────────────────»
«                                                                        »
«q0_13: ─────────────────────────────────────────────────────────────────»
«                                                                        »
«q0_14: ─────────────────────────────────────────────────────────────────»
«                                                                        »
«q0_15: ─────────────────────────────────────────────────────────────────»
«                                                                        »
«c0: 16/═════════════════════════════════════════════════════════════════»
«                                                                        »
«                                                                        »
« q0_0: ─────────────────────────────────────────────────────────────────»
«                                                                        »
« q0_1: ─────────────────────────────────────────────────────────────────»
«                                                                        »
« q0_2: ─────────────────────────────────────────────────────────────────»
«                                                                        »
« q0_3: ─────────────────────────────────────────────────────────────────»
«                                                                        »
« q0_4: ─────────────────────────────────────────────────────────────────»
«                                                                        »
« q0_5: ─────────────────────────────────────────────────────────────────»
«       ┌───────────┐                                                    »
« q0_6: ┤ Rz(y[54]) ├────────────────────────────────────────────────────»
«       ├───────────┤┌───────────┐                                       »
« q0_7: ┤ Ry(y[39]) ├┤ Rz(y[55]) ├───────────────────────────────────────»
«       └───────────┘├───────────┤┌───────────┐                          »
« q0_8: ──────■──────┤ Ry(y[40]) ├┤ Rz(y[56]) ├──────────────────────────»
«           ┌─┴─┐    └───────────┘├───────────┤┌───────────┐             »
« q0_9: ────┤ X ├──────────■──────┤ Ry(y[41]) ├┤ Rz(y[57]) ├─────────────»
«           └───┘        ┌─┴─┐    └───────────┘├───────────┤┌───────────┐»
«q0_10: ─────────────────┤ X ├──────────■──────┤ Ry(y[42]) ├┤ Rz(y[58]) ├»
«                        └───┘        ┌─┴─┐    └───────────┘├───────────┤»
«q0_11: ──────────────────────────────┤ X ├──────────■──────┤ Ry(y[43]) ├»
«                                     └───┘        ┌─┴─┐    └───────────┘»
«q0_12: ───────────────────────────────────────────┤ X ├──────────■──────»
«                                                  └───┘        ┌─┴─┐    »
«q0_13: ────────────────────────────────────────────────────────┤ X ├────»
«                                                               └───┘    »
«q0_14: ─────────────────────────────────────────────────────────────────»
«                                                                        »
«q0_15: ─────────────────────────────────────────────────────────────────»
«                                                                        »
«c0: 16/═════════════════════════════════════════════════════════════════»
«                                                                        »
«                                                           ┌───┐     »
« q0_0: ────────────────────────────────────────────────────┤ X ├──■──»
«                                                           └─┬─┘┌─┴─┐»
« q0_1: ──────────────────────────────────────────────────────┼──┤ X ├»
«                                                             │  └───┘»
« q0_2: ──────────────────────────────────────────────────────┼───────»
«                                                             │       »
« q0_3: ──────────────────────────────────────────────────────┼───────»
«                                                             │       »
« q0_4: ──────────────────────────────────────────────────────┼───────»
«                                                             │       »
« q0_5: ──────────────────────────────────────────────────────┼───────»
«                                                             │       »
« q0_6: ──────────────────────────────────────────────────────┼───────»
«                                                             │       »
« q0_7: ──────────────────────────────────────────────────────┼───────»
«                                                             │       »
« q0_8: ──────────────────────────────────────────────────────┼───────»
«                                                             │       »
« q0_9: ──────────────────────────────────────────────────────┼───────»
«                                                             │       »
«q0_10: ──────────────────────────────────────────────────────┼───────»
«       ┌───────────┐                                         │       »
«q0_11: ┤ Rz(y[59]) ├─────────────────────────────────────────┼───────»
«       ├───────────┤┌───────────┐                            │       »
«q0_12: ┤ Ry(y[44]) ├┤ Rz(y[60]) ├────────────────────────────┼───────»
«       └───────────┘├───────────┤┌───────────┐               │       »
«q0_13: ──────■──────┤ Ry(y[45]) ├┤ Rz(y[61]) ├───────────────┼───────»
«           ┌─┴─┐    └───────────┘├───────────┤┌───────────┐  │       »
«q0_14: ────┤ X ├──────────■──────┤ Ry(y[46]) ├┤ Rz(y[62]) ├──┼───────»
«           └───┘        ┌─┴─┐    ├───────────┤├───────────┤  │       »
«q0_15: ─────────────────┤ X ├────┤ Ry(y[47]) ├┤ Rz(y[63]) ├──■───────»
«                        └───┘    └───────────┘└───────────┘          »
«c0: 16/══════════════════════════════════════════════════════════════»
«                                                                     »
«       ┌───────────┐┌───────────┐                                       »
« q0_0: ┤ Ry(y[64]) ├┤ Rz(y[80]) ├───────────────────────────────────────»
«       └───────────┘├───────────┤┌───────────┐                          »
« q0_1: ──────■──────┤ Ry(y[65]) ├┤ Rz(y[81]) ├──────────────────────────»
«           ┌─┴─┐    └───────────┘├───────────┤┌───────────┐             »
« q0_2: ────┤ X ├──────────■──────┤ Ry(y[66]) ├┤ Rz(y[82]) ├─────────────»
«           └───┘        ┌─┴─┐    └───────────┘├───────────┤┌───────────┐»
« q0_3: ─────────────────┤ X ├──────────■──────┤ Ry(y[67]) ├┤ Rz(y[83]) ├»
«                        └───┘        ┌─┴─┐    └───────────┘├───────────┤»
« q0_4: ──────────────────────────────┤ X ├──────────■──────┤ Ry(y[68]) ├»
«                                     └───┘        ┌─┴─┐    └───────────┘»
« q0_5: ───────────────────────────────────────────┤ X ├──────────■──────»
«                                                  └───┘        ┌─┴─┐    »
« q0_6: ────────────────────────────────────────────────────────┤ X ├────»
«                                                               └───┘    »
« q0_7: ─────────────────────────────────────────────────────────────────»
«                                                                        »
« q0_8: ─────────────────────────────────────────────────────────────────»
«                                                                        »
« q0_9: ─────────────────────────────────────────────────────────────────»
«                                                                        »
«q0_10: ─────────────────────────────────────────────────────────────────»
«                                                                        »
«q0_11: ─────────────────────────────────────────────────────────────────»
«                                                                        »
«q0_12: ─────────────────────────────────────────────────────────────────»
«                                                                        »
«q0_13: ─────────────────────────────────────────────────────────────────»
«                                                                        »
«q0_14: ─────────────────────────────────────────────────────────────────»
«                                                                        »
«q0_15: ─────────────────────────────────────────────────────────────────»
«                                                                        »
«c0: 16/═════════════════════════════════════════════════════════════════»
«                                                                        »
«                                                                        »
« q0_0: ─────────────────────────────────────────────────────────────────»
«                                                                        »
« q0_1: ─────────────────────────────────────────────────────────────────»
«                                                                        »
« q0_2: ─────────────────────────────────────────────────────────────────»
«                                                                        »
« q0_3: ─────────────────────────────────────────────────────────────────»
«       ┌───────────┐                                                    »
« q0_4: ┤ Rz(y[84]) ├────────────────────────────────────────────────────»
«       ├───────────┤┌───────────┐                                       »
« q0_5: ┤ Ry(y[69]) ├┤ Rz(y[85]) ├───────────────────────────────────────»
«       └───────────┘├───────────┤┌───────────┐                          »
« q0_6: ──────■──────┤ Ry(y[70]) ├┤ Rz(y[86]) ├──────────────────────────»
«           ┌─┴─┐    └───────────┘├───────────┤┌───────────┐             »
« q0_7: ────┤ X ├──────────■──────┤ Ry(y[71]) ├┤ Rz(y[87]) ├─────────────»
«           └───┘        ┌─┴─┐    └───────────┘├───────────┤┌───────────┐»
« q0_8: ─────────────────┤ X ├──────────■──────┤ Ry(y[72]) ├┤ Rz(y[88]) ├»
«                        └───┘        ┌─┴─┐    └───────────┘├───────────┤»
« q0_9: ──────────────────────────────┤ X ├──────────■──────┤ Ry(y[73]) ├»
«                                     └───┘        ┌─┴─┐    └───────────┘»
«q0_10: ───────────────────────────────────────────┤ X ├──────────■──────»
«                                                  └───┘        ┌─┴─┐    »
«q0_11: ────────────────────────────────────────────────────────┤ X ├────»
«                                                               └───┘    »
«q0_12: ─────────────────────────────────────────────────────────────────»
«                                                                        »
«q0_13: ─────────────────────────────────────────────────────────────────»
«                                                                        »
«q0_14: ─────────────────────────────────────────────────────────────────»
«                                                                        »
«q0_15: ─────────────────────────────────────────────────────────────────»
«                                                                        »
«c0: 16/═════════════════════════════════════════════════════════════════»
«                                                                        »
«                                                                        »
« q0_0: ─────────────────────────────────────────────────────────────────»
«                                                                        »
« q0_1: ─────────────────────────────────────────────────────────────────»
«                                                                        »
« q0_2: ─────────────────────────────────────────────────────────────────»
«                                                                        »
« q0_3: ─────────────────────────────────────────────────────────────────»
«                                                                        »
« q0_4: ─────────────────────────────────────────────────────────────────»
«                                                                        »
« q0_5: ─────────────────────────────────────────────────────────────────»
«                                                                        »
« q0_6: ─────────────────────────────────────────────────────────────────»
«                                                                        »
« q0_7: ─────────────────────────────────────────────────────────────────»
«                                                                        »
« q0_8: ─────────────────────────────────────────────────────────────────»
«       ┌───────────┐                                                    »
« q0_9: ┤ Rz(y[89]) ├────────────────────────────────────────────────────»
«       ├───────────┤┌───────────┐                                       »
«q0_10: ┤ Ry(y[74]) ├┤ Rz(y[90]) ├───────────────────────────────────────»
«       └───────────┘├───────────┤┌───────────┐                          »
«q0_11: ──────■──────┤ Ry(y[75]) ├┤ Rz(y[91]) ├──────────────────────────»
«           ┌─┴─┐    └───────────┘├───────────┤┌───────────┐             »
«q0_12: ────┤ X ├──────────■──────┤ Ry(y[76]) ├┤ Rz(y[92]) ├─────────────»
«           └───┘        ┌─┴─┐    └───────────┘├───────────┤┌───────────┐»
«q0_13: ─────────────────┤ X ├──────────■──────┤ Ry(y[77]) ├┤ Rz(y[93]) ├»
«                        └───┘        ┌─┴─┐    └───────────┘├───────────┤»
«q0_14: ──────────────────────────────┤ X ├──────────■──────┤ Ry(y[78]) ├»
«                                     └───┘        ┌─┴─┐    ├───────────┤»
«q0_15: ───────────────────────────────────────────┤ X ├────┤ Ry(y[79]) ├»
«                                                  └───┘    └───────────┘»
«c0: 16/═════════════════════════════════════════════════════════════════»
«                                                                        »
«                    
« q0_0: ─────────────
«                    
« q0_1: ─────────────
«                    
« q0_2: ─────────────
«                    
« q0_3: ─────────────
«                    
« q0_4: ─────────────
«                    
« q0_5: ─────────────
«                    
« q0_6: ─────────────
«                    
« q0_7: ─────────────
«                    
« q0_8: ─────────────
«                    
« q0_9: ─────────────
«                    
«q0_10: ─────────────
«                    
«q0_11: ─────────────
«                    
«q0_12: ─────────────
«                    
«q0_13: ─────────────
«       ┌───────────┐
«q0_14: ┤ Rz(y[94]) ├
«       ├───────────┤
«q0_15: ┤ Rz(y[95]) ├
«       └───────────┘
«c0: 16/═════════════
«                    
ansatz-state is written to ansatz.txt
building constraints...
number of constraints= 256
unique pauliops 496
graphclique-cliquecover: 496 with commutationmode qubitwise
strategy largest_first 255
strategy random_sequential 260
strategy smallest_last 255
strategy independent_set 270
strategy connected_sequential_bfs 257
strategy connected_sequential_dfs 257
strategy saturation_largest_first 255
number of cliques 255
clique 0 ['IIIIIIIIIIIIIIIX', 'IZXXXXXXXXXXXXXX', 'IIIIIIIIIIIIIIXI', 'IIIIIIIIIIIIIXII', 'IIIIIIIIIIIIXIII', 'IIIIIIIIIIIXIIII', 'IIIIIIIIIIXIIIII', 'IIIIIIIIIXIIIIII', 'IIIIIIIIXIIIIIII', 'IIIIIIIXIIIIIIII', 'IIIIIIXIIIIIIIII', 'IIIIIXIIIIIIIIII', 'IIIIXIIIIIIIIIII', 'IIIXIIIIIIIIIIII', 'IIXIIIIIIIIIIIII', 'ZZIIIIIIIIIIIIII']
clique 1 ['IIIIIIIIIIIIIIIY', 'IZXXXXXXXXXXXXXY']
clique 2 ['ZXXXXXXXXXXXXXXX', 'IXIIIIIIIIIIIIII']
clique 3 ['IYXXXXXXXXXXXXXY', 'ZYIIIIIIIIIIIIII']
clique 4 ['IYXXXXXXXXXXXXXX']
clique 5 ['ZXXXXXXXXXXXXXXY']
clique 6 ['IIIIIIIIIIIIIIIZ', 'IZXXXXXXXXXXXXXZ']
clique 7 ['ZXXXXXXXXXXXXXXZ']
clique 8 ['IYXXXXXXXXXXXXXZ']
clique 9 ['IIZXXXXXXXXXXXXX', 'IZZIIIIIIIIIIIII']
clique 10 ['IIZXXXXXXXXXXXXY', 'ZXZIIIIIIIIIIIII']
clique 11 ['IIYXXXXXXXXXXXXY', 'IZYIIIIIIIIIIIII']
clique 12 ['IIYXXXXXXXXXXXXX', 'IYYIIIIIIIIIIIII']
clique 13 ['IIZXXXXXXXXXXXXZ', 'IYZIIIIIIIIIIIII']
clique 14 ['IIIIIIIIIIIIIIYY', 'IZXXXXXXXXXXXXYI']
clique 15 ['IIYXXXXXXXXXXXXZ', 'ZXYIIIIIIIIIIIII']
clique 16 ['IIIIIIIIIIIIIIYX', 'IYXXXXXXXXXXXXYI']
clique 17 ['IIIIIIIIIIIIIIYZ', 'ZXXXXXXXXXXXXXYI']
clique 18 ['IIIIIIIIIIIIIIZX', 'IZXXXXXXXXXXXXZI']
clique 19 ['IIIIIIIIIIIIIIZY', 'ZXXXXXXXXXXXXXZI']
clique 20 ['IIIIIIIIIIIIIIZZ', 'IYXXXXXXXXXXXXZI']
clique 21 ['IIZXXXXXXXXXXXYI']
clique 22 ['IIYXXXXXXXXXXXYI']
clique 23 ['IIZXXXXXXXXXXXZI']
clique 24 ['IIYXXXXXXXXXXXZI']
clique 25 ['IIIZXXXXXXXXXXXX', 'IZXZIIIIIIIIIIII']
clique 26 ['IIIZXXXXXXXXXXXY', 'ZXXZIIIIIIIIIIII']
clique 27 ['IIIYXXXXXXXXXXXY', 'IZXYIIIIIIIIIIII']
clique 28 ['IIIYXXXXXXXXXXXX', 'IYXYIIIIIIIIIIII']
clique 29 ['IIIZXXXXXXXXXXXZ', 'IYXZIIIIIIIIIIII']
clique 30 ['IIIYXXXXXXXXXXXZ', 'ZXXYIIIIIIIIIIII']
clique 31 ['IIIIIIIIIIIIIYXY', 'IZXXXXXXXXXXXYII']
clique 32 ['IIIIIIIIIIIIIYXX', 'IYXXXXXXXXXXXYII']
clique 33 ['IIIIIIIIIIIIIYXZ', 'ZXXXXXXXXXXXXYII']
clique 34 ['IIIIIIIIIIIIIZXX', 'IZXXXXXXXXXXXZII']
clique 35 ['IIIIIIIIIIIIIZXY', 'ZXXXXXXXXXXXXZII']
clique 36 ['IIIIIIIIIIIIIZXZ', 'IYXXXXXXXXXXXZII']
clique 37 ['IIIZXXXXXXXXXXYI', 'IIZZIIIIIIIIIIII']
clique 38 ['IIIYXXXXXXXXXXYI', 'IIZYIIIIIIIIIIII']
clique 39 ['IIIZXXXXXXXXXXZI', 'IIYZIIIIIIIIIIII']
clique 40 ['IIIIIIIIIIIIIYYI', 'IIZXXXXXXXXXXYII']
clique 41 ['IIIYXXXXXXXXXXZI', 'IIYYIIIIIIIIIIII']
clique 42 ['IIIIIIIIIIIIIYZI', 'IIYXXXXXXXXXXYII']
clique 43 ['IIIIIIIIIIIIIZYI', 'IIZXXXXXXXXXXZII']
clique 44 ['IIIIIIIIIIIIIZZI', 'IIYXXXXXXXXXXZII']
clique 45 ['IIIIZXXXXXXXXXXX', 'IZXXZIIIIIIIIIII']
clique 46 ['IIIIZXXXXXXXXXXY', 'ZXXXZIIIIIIIIIII']
clique 47 ['IIIIYXXXXXXXXXXY', 'IZXXYIIIIIIIIIII']
clique 48 ['IIIIYXXXXXXXXXXX', 'IYXXYIIIIIIIIIII']
clique 49 ['IIIIZXXXXXXXXXXZ', 'IYXXZIIIIIIIIIII']
clique 50 ['IIIIYXXXXXXXXXXZ', 'ZXXXYIIIIIIIIIII']
clique 51 ['IIIZXXXXXXXXXYII']
clique 52 ['IIIYXXXXXXXXXYII']
clique 53 ['IIIZXXXXXXXXXZII']
clique 54 ['IIIYXXXXXXXXXZII']
clique 55 ['IIIIIIIIIIIIYXXY', 'IZXXXXXXXXXXYIII']
clique 56 ['IIIIIIIIIIIIYXXX', 'IYXXXXXXXXXXYIII']
clique 57 ['IIIIIIIIIIIIYXXZ', 'ZXXXXXXXXXXXYIII']
clique 58 ['IIIIIIIIIIIIZXXX', 'IZXXXXXXXXXXZIII']
clique 59 ['IIIIIIIIIIIIZXXY', 'ZXXXXXXXXXXXZIII']
clique 60 ['IIIIIIIIIIIIZXXZ', 'IYXXXXXXXXXXZIII']
clique 61 ['IIIIZXXXXXXXXXYI', 'IIZXZIIIIIIIIIII']
clique 62 ['IIIIYXXXXXXXXXYI', 'IIZXYIIIIIIIIIII']
clique 63 ['IIIIZXXXXXXXXXZI', 'IIYXZIIIIIIIIIII']
clique 64 ['IIIIYXXXXXXXXXZI', 'IIYXYIIIIIIIIIII']
clique 65 ['IIIIIIIIIIIIYXYI', 'IIZXXXXXXXXXYIII']
clique 66 ['IIIIIIIIIIIIYXZI', 'IIYXXXXXXXXXYIII']
clique 67 ['IIIIIIIIIIIIZXYI', 'IIZXXXXXXXXXZIII']
clique 68 ['IIIIIIIIIIIIZXZI', 'IIYXXXXXXXXXZIII']
clique 69 ['IIIIZXXXXXXXXYII', 'IIIZZIIIIIIIIIII']
clique 70 ['IIIIYXXXXXXXXYII', 'IIIZYIIIIIIIIIII']
clique 71 ['IIIIZXXXXXXXXZII', 'IIIYZIIIIIIIIIII']
clique 72 ['IIIIIIIIIIIIYYII', 'IIIZXXXXXXXXYIII']
clique 73 ['IIIIYXXXXXXXXZII', 'IIIYYIIIIIIIIIII']
clique 74 ['IIIIIIIIIIIIYZII', 'IIIYXXXXXXXXYIII']
clique 75 ['IIIIIIIIIIIIZYII', 'IIIZXXXXXXXXZIII']
clique 76 ['IIIIIIIIIIIIZZII', 'IIIYXXXXXXXXZIII']
clique 77 ['IIIIIZXXXXXXXXXX', 'IZXXXZIIIIIIIIII']
clique 78 ['IIIIIZXXXXXXXXXY', 'ZXXXXZIIIIIIIIII']
clique 79 ['IIIIIYXXXXXXXXXY', 'IZXXXYIIIIIIIIII']
clique 80 ['IIIIIYXXXXXXXXXX', 'IYXXXYIIIIIIIIII']
clique 81 ['IIIIIZXXXXXXXXXZ', 'IYXXXZIIIIIIIIII']
clique 82 ['IIIIIYXXXXXXXXXZ', 'ZXXXXYIIIIIIIIII']
clique 83 ['IIIIIIIIIIIYXXXY', 'IZXXXXXXXXXYIIII']
clique 84 ['IIIIIIIIIIIYXXXX', 'IYXXXXXXXXXYIIII']
clique 85 ['IIIIIIIIIIIYXXXZ', 'ZXXXXXXXXXXYIIII']
clique 86 ['IIIIIIIIIIIZXXXX', 'IZXXXXXXXXXZIIII']
clique 87 ['IIIIIIIIIIIZXXXY', 'ZXXXXXXXXXXZIIII']
clique 88 ['IIIIIIIIIIIZXXXZ', 'IYXXXXXXXXXZIIII']
clique 89 ['IIIIIZXXXXXXXXYI', 'IIZXXZIIIIIIIIII']
clique 90 ['IIIIIYXXXXXXXXYI', 'IIZXXYIIIIIIIIII']
clique 91 ['IIIIIZXXXXXXXXZI', 'IIYXXZIIIIIIIIII']
clique 92 ['IIIIIYXXXXXXXXZI', 'IIYXXYIIIIIIIIII']
clique 93 ['IIIIIIIIIIIYXXYI', 'IIZXXXXXXXXYIIII']
clique 94 ['IIIIIIIIIIIYXXZI', 'IIYXXXXXXXXYIIII']
clique 95 ['IIIIIIIIIIIZXXYI', 'IIZXXXXXXXXZIIII']
clique 96 ['IIIIIIIIIIIZXXZI', 'IIYXXXXXXXXZIIII']
clique 97 ['IIIIZXXXXXXXYIII']
clique 98 ['IIIIYXXXXXXXYIII']
clique 99 ['IIIIZXXXXXXXZIII']
clique 100 ['IIIIYXXXXXXXZIII']
clique 101 ['IIIIIZXXXXXXXYII', 'IIIZXZIIIIIIIIII']
clique 102 ['IIIIIYXXXXXXXYII', 'IIIZXYIIIIIIIIII']
clique 103 ['IIIIIZXXXXXXXZII', 'IIIYXZIIIIIIIIII']
clique 104 ['IIIIIYXXXXXXXZII', 'IIIYXYIIIIIIIIII']
clique 105 ['IIIIIIIIIIIYXYII', 'IIIZXXXXXXXYIIII']
clique 106 ['IIIIIIIIIIIYXZII', 'IIIYXXXXXXXYIIII']
clique 107 ['IIIIIIIIIIIZXYII', 'IIIZXXXXXXXZIIII']
clique 108 ['IIIIIIIIIIIZXZII', 'IIIYXXXXXXXZIIII']
clique 109 ['IIIIIIZXXXXXXXXX', 'IZXXXXZIIIIIIIII']
clique 110 ['IIIIIIZXXXXXXXXY', 'ZXXXXXZIIIIIIIII']
clique 111 ['IIIIIIYXXXXXXXXY', 'IZXXXXYIIIIIIIII']
clique 112 ['IIIIIIYXXXXXXXXX', 'IYXXXXYIIIIIIIII']
clique 113 ['IIIIIIZXXXXXXXXZ', 'IYXXXXZIIIIIIIII']
clique 114 ['IIIIIIYXXXXXXXXZ', 'ZXXXXXYIIIIIIIII']
clique 115 ['IIIIIIIIIIYXXXXY', 'IZXXXXXXXXYIIIII']
clique 116 ['IIIIIIIIIIYXXXXX', 'IYXXXXXXXXYIIIII']
clique 117 ['IIIIIIIIIIYXXXXZ', 'ZXXXXXXXXXYIIIII']
clique 118 ['IIIIIIIIIIZXXXXX', 'IZXXXXXXXXZIIIII']
clique 119 ['IIIIIIIIIIZXXXXY', 'ZXXXXXXXXXZIIIII']
clique 120 ['IIIIIIIIIIZXXXXZ', 'IYXXXXXXXXZIIIII']
clique 121 ['IIIIIIZXXXXXXXYI', 'IIZXXXZIIIIIIIII']
clique 122 ['IIIIIIYXXXXXXXYI', 'IIZXXXYIIIIIIIII']
clique 123 ['IIIIIIZXXXXXXXZI', 'IIYXXXZIIIIIIIII']
clique 124 ['IIIIIIYXXXXXXXZI', 'IIYXXXYIIIIIIIII']
clique 125 ['IIIIIZXXXXXXYIII', 'IIIIZZIIIIIIIIII']
clique 126 ['IIIIIYXXXXXXYIII', 'IIIIZYIIIIIIIIII']
clique 127 ['IIIIIZXXXXXXZIII', 'IIIIYZIIIIIIIIII']
clique 128 ['IIIIIIIIIIIYYIII', 'IIIIZXXXXXXYIIII']
clique 129 ['IIIIIYXXXXXXZIII', 'IIIIYYIIIIIIIIII']
clique 130 ['IIIIIIIIIIIYZIII', 'IIIIYXXXXXXYIIII']
clique 131 ['IIIIIIIIIIIZYIII', 'IIIIZXXXXXXZIIII']
clique 132 ['IIIIIIIIIIIZZIII', 'IIIIYXXXXXXZIIII']
clique 133 ['IIIIIIIIIIYXXXYI', 'IIZXXXXXXXYIIIII']
clique 134 ['IIIIIIIIIIYXXXZI', 'IIYXXXXXXXYIIIII']
clique 135 ['IIIIIIIIIIZXXXYI', 'IIZXXXXXXXZIIIII']
clique 136 ['IIIIIIIIIIZXXXZI', 'IIYXXXXXXXZIIIII']
clique 137 ['IIIIIIZXXXXXXYII', 'IIIZXXZIIIIIIIII']
clique 138 ['IIIIIIYXXXXXXYII', 'IIIZXXYIIIIIIIII']
clique 139 ['IIIIIIZXXXXXXZII', 'IIIYXXZIIIIIIIII']
clique 140 ['IIIIIIYXXXXXXZII', 'IIIYXXYIIIIIIIII']
clique 141 ['IIIIIIIIIIYXXYII', 'IIIZXXXXXXYIIIII']
clique 142 ['IIIIIIIIIIYXXZII', 'IIIYXXXXXXYIIIII']
clique 143 ['IIIIIIIIIIZXXYII', 'IIIZXXXXXXZIIIII']
clique 144 ['IIIIIIIIIIZXXZII', 'IIIYXXXXXXZIIIII']
clique 145 ['IIIIIZXXXXXYIIII']
clique 146 ['IIIIIYXXXXXYIIII']
clique 147 ['IIIIIZXXXXXZIIII']
clique 148 ['IIIIIYXXXXXZIIII']
clique 149 ['IIIIIIIZXXXXXXXX', 'IZXXXXXZIIIIIIII']
clique 150 ['IIIIIIIZXXXXXXXY', 'ZXXXXXXZIIIIIIII']
clique 151 ['IIIIIIIYXXXXXXXY', 'IZXXXXXYIIIIIIII']
clique 152 ['IIIIIIIYXXXXXXXX', 'IYXXXXXYIIIIIIII']
clique 153 ['IIIIIIIZXXXXXXXZ', 'IYXXXXXZIIIIIIII']
clique 154 ['IIIIIIIYXXXXXXXZ', 'ZXXXXXXYIIIIIIII']
clique 155 ['IIIIIIZXXXXXYIII', 'IIIIZXZIIIIIIIII']
clique 156 ['IIIIIIYXXXXXYIII', 'IIIIZXYIIIIIIIII']
clique 157 ['IIIIIIZXXXXXZIII', 'IIIIYXZIIIIIIIII']
clique 158 ['IIIIIIYXXXXXZIII', 'IIIIYXYIIIIIIIII']
clique 159 ['IIIIIIIIIIYXYIII', 'IIIIZXXXXXYIIIII']
clique 160 ['IIIIIIIIIIYXZIII', 'IIIIYXXXXXYIIIII']
clique 161 ['IIIIIIIIIIZXYIII', 'IIIIZXXXXXZIIIII']
clique 162 ['IIIIIIIIIIZXZIII', 'IIIIYXXXXXZIIIII']
clique 163 ['IIIIIIIIIYXXXXXY', 'IZXXXXXXXYIIIIII']
clique 164 ['IIIIIIIIIYXXXXXX', 'IYXXXXXXXYIIIIII']
clique 165 ['IIIIIIIIIYXXXXXZ', 'ZXXXXXXXXYIIIIII']
clique 166 ['IIIIIIIIIZXXXXXX', 'IZXXXXXXXZIIIIII']
clique 167 ['IIIIIIIIIZXXXXXY', 'ZXXXXXXXXZIIIIII']
clique 168 ['IIIIIIIIIZXXXXXZ', 'IYXXXXXXXZIIIIII']
clique 169 ['IIIIIIIZXXXXXXYI', 'IIZXXXXZIIIIIIII']
clique 170 ['IIIIIIIYXXXXXXYI', 'IIZXXXXYIIIIIIII']
clique 171 ['IIIIIIIZXXXXXXZI', 'IIYXXXXZIIIIIIII']
clique 172 ['IIIIIIIYXXXXXXZI', 'IIYXXXXYIIIIIIII']
clique 173 ['IIIIIIIIIYXXXXYI', 'IIZXXXXXXYIIIIII']
clique 174 ['IIIIIIIIIYXXXXZI', 'IIYXXXXXXYIIIIII']
clique 175 ['IIIIIIIIIZXXXXYI', 'IIZXXXXXXZIIIIII']
clique 176 ['IIIIIIIIIZXXXXZI', 'IIYXXXXXXZIIIIII']
clique 177 ['IIIIIIIZXXXXXYII', 'IIIZXXXZIIIIIIII']
clique 178 ['IIIIIIIYXXXXXYII', 'IIIZXXXYIIIIIIII']
clique 179 ['IIIIIIIZXXXXXZII', 'IIIYXXXZIIIIIIII']
clique 180 ['IIIIIIIYXXXXXZII', 'IIIYXXXYIIIIIIII']
clique 181 ['IIIIIIIIIYXXXYII', 'IIIZXXXXXYIIIIII']
clique 182 ['IIIIIIIIIYXXXZII', 'IIIYXXXXXYIIIIII']
clique 183 ['IIIIIIIIIZXXXYII', 'IIIZXXXXXZIIIIII']
clique 184 ['IIIIIIIIIZXXXZII', 'IIIYXXXXXZIIIIII']
clique 185 ['IIIIIIZXXXXYIIII', 'IIIIIZZIIIIIIIII']
clique 186 ['IIIIIIYXXXXYIIII', 'IIIIIZYIIIIIIIII']
clique 187 ['IIIIIIZXXXXZIIII', 'IIIIIYZIIIIIIIII']
clique 188 ['IIIIIIIIIIYYIIII', 'IIIIIZXXXXYIIIII']
clique 189 ['IIIIIIYXXXXZIIII', 'IIIIIYYIIIIIIIII']
clique 190 ['IIIIIIIIIIYZIIII', 'IIIIIYXXXXYIIIII']
clique 191 ['IIIIIIIIIIZYIIII', 'IIIIIZXXXXZIIIII']
clique 192 ['IIIIIIIIIIZZIIII', 'IIIIIYXXXXZIIIII']
clique 193 ['IIIIIIIZXXXXYIII', 'IIIIZXXZIIIIIIII']
clique 194 ['IIIIIIIYXXXXYIII', 'IIIIZXXYIIIIIIII']
clique 195 ['IIIIIIIZXXXXZIII', 'IIIIYXXZIIIIIIII']
clique 196 ['IIIIIIIYXXXXZIII', 'IIIIYXXYIIIIIIII']
clique 197 ['IIIIIIIIIYXXYIII', 'IIIIZXXXXYIIIIII']
clique 198 ['IIIIIIIIIYXXZIII', 'IIIIYXXXXYIIIIII']
clique 199 ['IIIIIIIIIZXXYIII', 'IIIIZXXXXZIIIIII']
clique 200 ['IIIIIIIIIZXXZIII', 'IIIIYXXXXZIIIIII']
clique 201 ['IIIIIIIIZXXXXXXX', 'IZXXXXXXZIIIIIII']
clique 202 ['IIIIIIIIZXXXXXXY', 'ZXXXXXXXZIIIIIII']
clique 203 ['IIIIIIIIYXXXXXXY', 'IZXXXXXXYIIIIIII']
clique 204 ['IIIIIIIIYXXXXXXX', 'IYXXXXXXYIIIIIII']
clique 205 ['IIIIIIIIZXXXXXXZ', 'IYXXXXXXZIIIIIII']
clique 206 ['IIIIIIIIYXXXXXXZ', 'ZXXXXXXXYIIIIIII']
clique 207 ['IIIIIIIIZXXXXXYI', 'IIZXXXXXZIIIIIII']
clique 208 ['IIIIIIIIYXXXXXYI', 'IIZXXXXXYIIIIIII']
clique 209 ['IIIIIIIIZXXXXXZI', 'IIYXXXXXZIIIIIII']
clique 210 ['IIIIIIIIYXXXXXZI', 'IIYXXXXXYIIIIIII']
clique 211 ['IIIIIIZXXXYIIIII']
clique 212 ['IIIIIIYXXXYIIIII']
clique 213 ['IIIIIIZXXXZIIIII']
clique 214 ['IIIIIIYXXXZIIIII']
clique 215 ['IIIIIIIIZXXXXYII', 'IIIZXXXXZIIIIIII']
clique 216 ['IIIIIIIIYXXXXYII', 'IIIZXXXXYIIIIIII']
clique 217 ['IIIIIIIIZXXXXZII', 'IIIYXXXXZIIIIIII']
clique 218 ['IIIIIIIIYXXXXZII', 'IIIYXXXXYIIIIIII']
clique 219 ['IIIIIIIZXXXYIIII', 'IIIIIZXZIIIIIIII']
clique 220 ['IIIIIIIYXXXYIIII', 'IIIIIZXYIIIIIIII']
clique 221 ['IIIIIIIZXXXZIIII', 'IIIIIYXZIIIIIIII']
clique 222 ['IIIIIIIYXXXZIIII', 'IIIIIYXYIIIIIIII']
clique 223 ['IIIIIIIIIYXYIIII', 'IIIIIZXXXYIIIIII']
clique 224 ['IIIIIIIIIYXZIIII', 'IIIIIYXXXYIIIIII']
clique 225 ['IIIIIIIIIZXYIIII', 'IIIIIZXXXZIIIIII']
clique 226 ['IIIIIIIIIZXZIIII', 'IIIIIYXXXZIIIIII']
clique 227 ['IIIIIIIIZXXXYIII', 'IIIIZXXXZIIIIIII']
clique 228 ['IIIIIIIIYXXXYIII', 'IIIIZXXXYIIIIIII']
clique 229 ['IIIIIIIIZXXXZIII', 'IIIIYXXXZIIIIIII']
clique 230 ['IIIIIIIIYXXXZIII', 'IIIIYXXXYIIIIIII']
clique 231 ['IIIIIIIZXXYIIIII', 'IIIIIIZZIIIIIIII']
clique 232 ['IIIIIIIYXXYIIIII', 'IIIIIIZYIIIIIIII']
clique 233 ['IIIIIIIZXXZIIIII', 'IIIIIIYZIIIIIIII']
clique 234 ['IIIIIIIIIYYIIIII', 'IIIIIIZXXYIIIIII']
clique 235 ['IIIIIIIYXXZIIIII', 'IIIIIIYYIIIIIIII']
clique 236 ['IIIIIIIIIYZIIIII', 'IIIIIIYXXYIIIIII']
clique 237 ['IIIIIIIIIZYIIIII', 'IIIIIIZXXZIIIIII']
clique 238 ['IIIIIIIIIZZIIIII', 'IIIIIIYXXZIIIIII']
clique 239 ['IIIIIIIIZXXYIIII', 'IIIIIZXXZIIIIIII']
clique 240 ['IIIIIIIIYXXYIIII', 'IIIIIZXXYIIIIIII']
clique 241 ['IIIIIIIIZXXZIIII', 'IIIIIYXXZIIIIIII']
clique 242 ['IIIIIIIIYXXZIIII', 'IIIIIYXXYIIIIIII']
clique 243 ['IIIIIIIZXYIIIIII']
clique 244 ['IIIIIIIYXYIIIIII']
clique 245 ['IIIIIIIZXZIIIIII']
clique 246 ['IIIIIIIYXZIIIIII']
clique 247 ['IIIIIIIIZXYIIIII', 'IIIIIIZXZIIIIIII']
clique 248 ['IIIIIIIIYXYIIIII', 'IIIIIIZXYIIIIIII']
clique 249 ['IIIIIIIIZXZIIIII', 'IIIIIIYXZIIIIIII']
clique 250 ['IIIIIIIIYXZIIIII', 'IIIIIIYXYIIIIIII']
clique 251 ['IIIIIIIIZYIIIIII', 'IIIIIIIZZIIIIIII']
clique 252 ['IIIIIIIIYYIIIIII', 'IIIIIIIZYIIIIIII']
clique 253 ['IIIIIIIIZZIIIIII', 'IIIIIIIYZIIIIIII']
clique 254 ['IIIIIIIIYZIIIIII', 'IIIIIIIYYIIIIIII']
