GS energy with  DMRG -11.694833190615856
N= 8.000000000000005
E= -11.694833190615856
D= [[ 5.00000000e-01+0.j -1.08156324e-13+0.j  4.22036269e-01+0.j
   2.50679495e-14+0.j  4.32748021e-13+0.j -3.43292114e-14+0.j
  -1.73703655e-01+0.j -2.53285595e-14+0.j -8.53813548e-14+0.j
   1.46371896e-14+0.j  1.20200285e-01+0.j  1.02346455e-13+0.j
   2.19026186e-14+0.j -5.71534635e-15+0.j -1.00157388e-01+0.j
  -2.23375498e-14+0.j]
 [-1.08152222e-13+0.j  5.00000000e-01+0.j  6.41175340e-14+0.j
   4.22036270e-01+0.j -5.20565397e-13+0.j  1.56636856e-14+0.j
   1.29059605e-13+0.j -1.73703654e-01+0.j  1.09698913e-13+0.j
  -1.11907011e-14+0.j -7.57641583e-14+0.j  1.20200337e-01+0.j
  -3.61653765e-14+0.j  8.09942391e-15+0.j  6.83614170e-14+0.j
  -1.00157389e-01+0.j]
 [ 4.22036269e-01+0.j  6.41078712e-14+0.j  5.00000000e-01+0.j
   2.78834759e-13+0.j  2.42188907e-01+0.j  8.11378116e-15+0.j
   1.68463821e-13+0.j -6.72107215e-14+0.j -4.93501824e-02+0.j
   1.53284668e-14+0.j -1.19945015e-13+0.j  3.86469360e-14+0.j
   1.57564596e-02+0.j -4.57128389e-14+0.j  9.94425760e-14+0.j
  -3.02554160e-14+0.j]
 [ 2.50466949e-14+0.j  4.22036270e-01+0.j  2.78840488e-13+0.j
   5.00000000e-01+0.j -2.18846216e-13+0.j  2.42188906e-01+0.j
   2.27910992e-13+0.j  1.09790540e-13+0.j  4.39136591e-14+0.j
  -4.93501569e-02+0.j -1.56421880e-13+0.j -6.62607854e-14+0.j
  -1.20385916e-14+0.j  1.57564747e-02+0.j  1.31021035e-13+0.j
   5.19634963e-14+0.j]
 [ 4.32743685e-13+0.j -5.20582411e-13+0.j  2.42188907e-01+0.j
  -2.18845032e-13+0.j  5.00000000e-01+0.j  7.87996408e-14+0.j
   3.74030139e-01+0.j  9.26967320e-14+0.j  1.64957024e-13+0.j
  -2.21061809e-14+0.j -1.59133994e-01+0.j -5.26041563e-14+0.j
  -4.97518693e-14+0.j  8.10558219e-15+0.j  1.20200335e-01+0.j
  -1.20055086e-14+0.j]
 [-3.43282336e-14+0.j  1.57217989e-14+0.j  8.11480651e-15+0.j
   2.42188906e-01+0.j  7.88591282e-14+0.j  5.00000000e-01+0.j
  -2.12968294e-14+0.j  3.74030138e-01+0.j -1.92548467e-14+0.j
  -5.54348234e-14+0.j  1.72814602e-14+0.j -1.59133997e-01+0.j
   6.71452500e-15+0.j  1.35308431e-14+0.j -2.13217242e-14+0.j
   1.20200276e-01+0.j]
 [-1.73703655e-01+0.j  1.29016041e-13+0.j  1.68424194e-13+0.j
   2.27927537e-13+0.j  3.74030139e-01+0.j -2.13249851e-14+0.j
   5.00000000e-01+0.j -1.39529665e-13+0.j  2.58500787e-01+0.j
   7.44825405e-15+0.j -3.72114557e-13+0.j  8.85156122e-14+0.j
  -4.93501639e-02+0.j -4.19777879e-14+0.j  3.04165764e-13+0.j
  -7.33444531e-14+0.j]
 [-2.53160624e-14+0.j -1.73703654e-01+0.j -6.72138127e-14+0.j
   1.09790893e-13+0.j  9.27436825e-14+0.j  3.74030138e-01+0.j
  -1.39527196e-13+0.j  5.00000000e-01+0.j -1.96134920e-14+0.j
   2.58500787e-01+0.j  8.61449784e-14+0.j  1.28139957e-13+0.j
   4.41006942e-15+0.j -4.93501870e-02+0.j -7.14627099e-14+0.j
  -9.83092565e-14+0.j]
 [-8.53869926e-14+0.j  1.09723051e-13+0.j -4.93501824e-02+0.j
   4.39194707e-14+0.j  1.64935773e-13+0.j -1.92639550e-14+0.j
   2.58500787e-01+0.j -1.96218796e-14+0.j  5.00000000e-01+0.j
   2.89621967e-14+0.j  3.74030140e-01+0.j  1.74143775e-14+0.j
   1.23564353e-14+0.j -7.20717085e-15+0.j -1.73703650e-01+0.j
  -9.17567007e-15+0.j]
 [ 1.46282191e-14+0.j -1.11889664e-14+0.j  1.53269337e-14+0.j
  -4.93501569e-02+0.j -2.21029806e-14+0.j -5.55284985e-14+0.j
   7.44680227e-15+0.j  2.58500787e-01+0.j  2.90286806e-14+0.j
   5.00000000e-01+0.j -7.80273777e-15+0.j  3.74030141e-01+0.j
  -7.49206375e-15+0.j -1.45300438e-14+0.j  2.42363357e-15+0.j
  -1.73703653e-01+0.j]
 [ 1.20200285e-01+0.j -7.57209961e-14+0.j -1.19920838e-13+0.j
  -1.56429202e-13+0.j -1.59133994e-01+0.j  1.73136938e-14+0.j
  -3.72071081e-13+0.j  8.61348711e-14+0.j  3.74030140e-01+0.j
  -7.79590616e-15+0.j  5.00000000e-01+0.j -8.37247272e-14+0.j
   2.42188906e-01+0.j -1.89609120e-15+0.j -2.25576936e-13+0.j
   6.26629577e-14+0.j]
 [ 1.02338110e-13+0.j  1.20200337e-01+0.j  3.86489240e-14+0.j
  -6.63020393e-14+0.j -5.26668188e-14+0.j -1.59133997e-01+0.j
   8.85133884e-14+0.j  1.28244854e-13+0.j  1.73229167e-14+0.j
   3.74030141e-01+0.j -8.37507371e-14+0.j  5.00000000e-01+0.j
   4.53918815e-16+0.j  2.42188906e-01+0.j  6.25640958e-14+0.j
   9.44994171e-14+0.j]
 [ 2.18852714e-14+0.j -3.61673844e-14+0.j  1.57564596e-02+0.j
  -1.20396949e-14+0.j -4.96798783e-14+0.j  6.71236863e-15+0.j
  -4.93501639e-02+0.j  4.40712446e-15+0.j  1.23382207e-14+0.j
  -7.47434824e-15+0.j  2.42188906e-01+0.j  4.54207589e-16+0.j
   5.00000000e-01+0.j  1.53356862e-14+0.j  4.22036268e-01+0.j
   1.69489989e-15+0.j]
 [-5.71303388e-15+0.j  8.10809753e-15+0.j -4.57115679e-14+0.j
   1.57564747e-02+0.j  8.11090854e-15+0.j  1.35516598e-14+0.j
  -4.19776923e-14+0.j -4.93501870e-02+0.j -7.20015471e-15+0.j
  -1.44988188e-14+0.j -1.89540227e-15+0.j  2.42188906e-01+0.j
   1.53492569e-14+0.j  5.00000000e-01+0.j -4.77905817e-16+0.j
   4.22036268e-01+0.j]
 [-1.00157388e-01+0.j  6.83394604e-14+0.j  9.94222879e-14+0.j
   1.31028372e-13+0.j  1.20200335e-01+0.j -2.13375700e-14+0.j
   3.04145055e-13+0.j -7.14592298e-14+0.j -1.73703650e-01+0.j
   2.42515414e-15+0.j -2.25566961e-13+0.j  6.25683846e-14+0.j
   4.22036268e-01+0.j -4.66192910e-16+0.j  5.00000000e-01+0.j
  -7.06020310e-14+0.j]
 [-2.23288642e-14+0.j -1.00157389e-01+0.j -3.02570418e-14+0.j
   5.20019072e-14+0.j -1.19675484e-14+0.j  1.20200276e-01+0.j
  -7.33402153e-14+0.j -9.83503517e-14+0.j -9.12466536e-15+0.j
  -1.73703653e-01+0.j  6.26756202e-14+0.j  9.45543789e-14+0.j
   1.70156555e-15+0.j  4.22036268e-01+0.j -7.06068481e-14+0.j
   5.00000000e-01+0.j]]
W= [0.19157007+0.j 0.20949801+0.j 0.20994172+0.j 0.21159645+0.j
 0.21159645+0.j 0.20994172+0.j 0.209498  +0.j 0.19157007+0.j]
local approximation with  1 sites
local interactions on sites [[0], [1], [2], [3], [4], [5], [6], [7]]
Functional for interaction on sites [0]
aca-directory for images already exists
aca-directory for images already exists
aca-directory for images already exists
interacting orbitals: [0, 1]
mapping: [0, 1, 2, 3, 4, 5, 6, 7, 8, 9, 10, 11, 12, 13, 14, 15]
aca-directory for images already exists
aca-directory for images already exists
aca-directory for images already exists
orbinteractaca= [0, 1]
aca-directory for images already exists
aca-directory for images already exists
aca-directory for images already exists
aca-directory for images already exists
aca-directory for images already exists
aca-directory for images already exists
aca-directory for images already exists
aca-directory for images already exists
aca-directory for images already exists
aca-directory for images already exists
aca-directory for images already exists
aca-directory for images already exists
aca-directory for images already exists
aca-directory for images already exists
aca-directory for images already exists
aca-directory for images already exists
aca-directory for images already exists
aca-directory for images already exists
aca-directory for images already exists
aca-directory for images already exists
aca-directory for images already exists
aca-directory for images already exists
aca-directory for images already exists
aca-directory for images already exists
aca-directory for images already exists
aca-directory for images already exists
aca-directory for images already exists
aca-directory for images already exists
aca-directory for images already exists
aca-directory for images already exists
aca-directory for images already exists
aca-directory for images already exists
aca-directory for images already exists
aca-directory for images already exists
aca-directory for images already exists
aca-directory for images already exists
aca-directory for images already exists
aca-directory for images already exists
aca-directory for images already exists
aca-directory for images already exists
aca-directory for images already exists
aca-directory for images already exists
aca-directory for images already exists
aca-directory for images already exists
aca-directory for images already exists
aca: level 7  norb= 16
Daca= [[ 5.00000000e-01+0.j -1.08156324e-13+0.j -4.82459514e-01+0.j
   1.08701679e-29+0.j -5.00458949e-30+0.j -4.46157664e-30+0.j
  -3.08592144e-17+0.j  3.50252670e-30+0.j  1.61060971e-29+0.j
   1.31235598e-30+0.j  3.38958320e-18+0.j  1.44633987e-29+0.j
   5.75302312e-30+0.j -6.85840232e-31+0.j  8.14568427e-18+0.j
  -6.04161525e-30+0.j]
 [-1.08152222e-13+0.j  5.00000000e-01+0.j -3.77370973e-14+0.j
  -4.82459528e-01+0.j  1.27522074e-28+0.j -3.21948966e-30+0.j
  -4.45905681e-29+0.j  3.52820771e-17+0.j -4.14191496e-29+0.j
   2.63217719e-30+0.j  1.04780723e-29+0.j -1.68238551e-17+0.j
   5.43510985e-30+0.j  2.24768508e-31+0.j -3.05498031e-29+0.j
   3.88270315e-17+0.j]
 [-4.82459514e-01+0.j -3.77596410e-14+0.j  5.00000000e-01+0.j
   4.28302444e-14+0.j  1.50250792e-02+0.j -4.28399661e-30+0.j
   8.53835442e-31+0.j  3.93979899e-30+0.j  9.30503558e-19+0.j
   3.10496529e-30+0.j -3.26739842e-31+0.j -1.55188079e-30+0.j
  -2.66823685e-19+0.j  6.82708271e-31+0.j -2.88982684e-38+0.j
  -3.15544362e-30+0.j]
 [ 2.69741006e-17+0.j -4.82459528e-01+0.j  4.28418836e-14+0.j
   5.00000000e-01+0.j -1.20673752e-13+0.j  1.50250576e-02+0.j
   4.21583802e-30+0.j -1.04335246e-31+0.j -7.53923965e-30+0.j
  -3.86748955e-19+0.j -4.30624876e-30+0.j  1.60029107e-32+0.j
   5.75581462e-30+0.j  1.23892712e-19+0.j  3.15544361e-30+0.j
  -1.57772181e-30+0.j]
 [-4.33680869e-18+0.j -1.70143153e-17+0.j  1.50250792e-02+0.j
  -1.20657893e-13+0.j  5.00000000e-01+0.j  3.00422879e-14+0.j
   4.82560830e-01+0.j  1.21715634e-28+0.j -2.54656600e-28+0.j
   7.51512823e-30+0.j -5.47377502e-17+0.j  2.99827055e-28+0.j
   1.70958924e-29+0.j -2.50331171e-29+0.j  5.65483952e-17+0.j
  -2.11775433e-28+0.j]
 [ 9.77829825e-19+0.j  5.81132364e-17+0.j -1.51574546e-17+0.j
   1.50250576e-02+0.j  3.00979722e-14+0.j  5.00000000e-01+0.j
  -7.37968540e-14+0.j  4.82560797e-01+0.j -1.40711687e-29+0.j
  -2.48267844e-30+0.j  7.60743589e-29+0.j  1.83359637e-17+0.j
  -2.41594866e-29+0.j  3.15032094e-29+0.j -3.04874473e-28+0.j
  -3.86876857e-18+0.j]
 [ 1.14468591e-16+0.j -4.10901332e-17+0.j  2.74390583e-17+0.j
  -1.32247449e-17+0.j  4.82560830e-01+0.j -7.38256136e-14+0.j
   5.00000000e-01+0.j  2.96619201e-14+0.j  6.54060691e-03+0.j
   1.06136878e-29+0.j  1.90483129e-32+0.j  7.89205033e-31+0.j
  -7.87516718e-20+0.j  1.22650951e-29+0.j -3.15544261e-30+0.j
   6.31088724e-30+0.j]
 [ 3.23505193e-18+0.j  3.40743177e-16+0.j -4.63205686e-18+0.j
   4.83348785e-17+0.j  2.61201619e-17+0.j  4.82560797e-01+0.j
   2.96429448e-14+0.j  5.00000000e-01+0.j  3.49190606e-14+0.j
   6.54063224e-03+0.j  5.56046030e-31+0.j  8.41467715e-31+0.j
  -4.39979112e-30+0.j -2.56085374e-19+0.j  3.05470487e-37+0.j
   0.00000000e+00+0.j]
 [-5.63785130e-18+0.j  2.41379951e-17+0.j -3.00890375e-16+0.j
  -5.59855186e-17+0.j  3.47314341e-17+0.j  5.41806226e-18+0.j
   6.54060691e-03+0.j  3.48394905e-14+0.j  5.00000000e-01+0.j
   2.46039406e-12+0.j  4.90532381e-01+0.j  2.51778451e-28+0.j
   1.62192304e-29+0.j -6.30226302e-29+0.j -5.91744554e-17+0.j
  -1.50322012e-28+0.j]
 [-8.97050852e-18+0.j  1.73472348e-18+0.j  1.12489161e-17+0.j
   1.34739057e-16+0.j  7.49768976e-18+0.j  1.38195668e-16+0.j
   2.50033161e-17+0.j  6.54063224e-03+0.j  2.46044265e-12+0.j
   5.00000000e-01+0.j  5.70539314e-14+0.j  4.90532436e-01+0.j
  -1.41922586e-28+0.j -5.39379855e-29+0.j  4.34823210e-28+0.j
   3.18259400e-17+0.j]
 [-1.46217345e-17+0.j  4.14504735e-17+0.j -1.25671552e-17+0.j
  -8.81432648e-18+0.j -2.48432525e-16+0.j -2.55629195e-18+0.j
  -2.47319657e-17+0.j  1.94476636e-17+0.j  4.90532381e-01+0.j
   5.70518068e-14+0.j  5.00000000e-01+0.j -2.45425245e-12+0.j
   1.95140580e-03+0.j -1.90114286e-32+0.j -3.15544491e-30+0.j
   3.15544362e-30+0.j]
 [-1.93498239e-18+0.j -2.44377548e-16+0.j  6.49936423e-18+0.j
   2.94527731e-17+0.j -1.46624680e-17+0.j  1.65534689e-17+0.j
  -1.10114986e-18+0.j -2.51123557e-17+0.j -3.97238827e-18+0.j
   4.90532436e-01+0.j -2.45425488e-12+0.j  5.00000000e-01+0.j
  -8.66499853e-15+0.j  1.95143312e-03+0.j -4.29142297e-37+0.j
   0.00000000e+00+0.j]
 [-1.73472348e-17+0.j -2.00795240e-18+0.j  1.25653538e-16+0.j
   7.32052788e-18+0.j -4.90370446e-17+0.j -2.43171438e-18+0.j
   2.04600447e-16+0.j  6.72883603e-17+0.j  1.67036336e-17+0.j
   1.72164509e-17+0.j  1.95140580e-03+0.j -8.65044910e-15+0.j
   5.00000000e-01+0.j  2.59088921e-12+0.j  4.93305009e-01+0.j
   0.00000000e+00+0.j]
 [ 2.31246680e-18+0.j  8.67361738e-18+0.j -9.21153023e-18+0.j
  -8.57712563e-17+0.j  1.07204269e-17+0.j -2.92616437e-17+0.j
  -5.81940847e-19+0.j  4.73878646e-18+0.j -3.77361565e-17+0.j
   2.41394418e-18+0.j  7.08664383e-18+0.j  1.95143312e-03+0.j
   2.59092448e-12+0.j  5.00000000e-01+0.j -2.77376901e-14+0.j
  -4.93304974e-01+0.j]
 [ 3.71773425e-17+0.j -2.05303580e-17+0.j  6.41685640e-18+0.j
  -3.17440392e-18+0.j  1.22260734e-16+0.j -1.42512565e-17+0.j
   2.93219904e-17+0.j  4.71135969e-18+0.j  3.92723476e-17+0.j
  -6.21642188e-18+0.j  3.27761291e-17+0.j  1.48439275e-19+0.j
   4.93305009e-01+0.j -2.77287540e-14+0.j  5.00000000e-01+0.j
   2.59148941e-12+0.j]
 [ 3.34513993e-18+0.j  1.47935210e-16+0.j -4.08086346e-18+0.j
  -6.58326825e-17+0.j  1.92819273e-17+0.j  1.04305764e-16+0.j
  -3.54072191e-18+0.j  1.26911592e-16+0.j  4.12519214e-17+0.j
   1.01214879e-16+0.j -5.26906895e-18+0.j -6.20407569e-17+0.j
   3.46638224e-17+0.j -4.93304974e-01+0.j  2.59150228e-12+0.j
   5.00000000e-01+0.j]]
rounding Naca1 to integer
rounding Naca2 to integer
Naca= (4, 4)
nq= 16
variational state:
        ┌──────────┐┌───────────┐┌───┐     ┌───────────┐┌───────────┐»
 q0_0: ─┤ Ry(y[0]) ├┤ Rz(y[16]) ├┤ X ├──■──┤ Ry(y[32]) ├┤ Rz(y[48]) ├»
        ├──────────┤├───────────┤└─┬─┘┌─┴─┐└───────────┘├───────────┤»
 q0_1: ─┤ Ry(y[1]) ├┤ Rz(y[17]) ├──┼──┤ X ├──────■──────┤ Ry(y[33]) ├»
        ├──────────┤├───────────┤  │  └───┘    ┌─┴─┐    └───────────┘»
 q0_2: ─┤ Ry(y[2]) ├┤ Rz(y[18]) ├──┼───────────┤ X ├──────────■──────»
        ├──────────┤├───────────┤  │           └───┘        ┌─┴─┐    »
 q0_3: ─┤ Ry(y[3]) ├┤ Rz(y[19]) ├──┼────────────────────────┤ X ├────»
        ├──────────┤├───────────┤  │                        └───┘    »
 q0_4: ─┤ Ry(y[4]) ├┤ Rz(y[20]) ├──┼─────────────────────────────────»
        ├──────────┤├───────────┤  │                                 »
 q0_5: ─┤ Ry(y[5]) ├┤ Rz(y[21]) ├──┼─────────────────────────────────»
        ├──────────┤├───────────┤  │                                 »
 q0_6: ─┤ Ry(y[6]) ├┤ Rz(y[22]) ├──┼─────────────────────────────────»
        ├──────────┤├───────────┤  │                                 »
 q0_7: ─┤ Ry(y[7]) ├┤ Rz(y[23]) ├──┼─────────────────────────────────»
        ├──────────┤├───────────┤  │                                 »
 q0_8: ─┤ Ry(y[8]) ├┤ Rz(y[24]) ├──┼─────────────────────────────────»
        ├──────────┤├───────────┤  │                                 »
 q0_9: ─┤ Ry(y[9]) ├┤ Rz(y[25]) ├──┼─────────────────────────────────»
       ┌┴──────────┤├───────────┤  │                                 »
q0_10: ┤ Ry(y[10]) ├┤ Rz(y[26]) ├──┼─────────────────────────────────»
       ├───────────┤├───────────┤  │                                 »
q0_11: ┤ Ry(y[11]) ├┤ Rz(y[27]) ├──┼─────────────────────────────────»
       ├───────────┤├───────────┤  │                                 »
q0_12: ┤ Ry(y[12]) ├┤ Rz(y[28]) ├──┼─────────────────────────────────»
       ├───────────┤├───────────┤  │                                 »
q0_13: ┤ Ry(y[13]) ├┤ Rz(y[29]) ├──┼─────────────────────────────────»
       ├───────────┤├───────────┤  │                                 »
q0_14: ┤ Ry(y[14]) ├┤ Rz(y[30]) ├──┼─────────────────────────────────»
       ├───────────┤├───────────┤  │                                 »
q0_15: ┤ Ry(y[15]) ├┤ Rz(y[31]) ├──■─────────────────────────────────»
       └───────────┘└───────────┘                                    »
c0: 16/══════════════════════════════════════════════════════════════»
                                                                     »
«                                                                        »
« q0_0: ─────────────────────────────────────────────────────────────────»
«       ┌───────────┐                                                    »
« q0_1: ┤ Rz(y[49]) ├────────────────────────────────────────────────────»
«       ├───────────┤┌───────────┐                                       »
« q0_2: ┤ Ry(y[34]) ├┤ Rz(y[50]) ├───────────────────────────────────────»
«       └───────────┘├───────────┤┌───────────┐                          »
« q0_3: ──────■──────┤ Ry(y[35]) ├┤ Rz(y[51]) ├──────────────────────────»
«           ┌─┴─┐    └───────────┘├───────────┤┌───────────┐             »
« q0_4: ────┤ X ├──────────■──────┤ Ry(y[36]) ├┤ Rz(y[52]) ├─────────────»
«           └───┘        ┌─┴─┐    └───────────┘├───────────┤┌───────────┐»
« q0_5: ─────────────────┤ X ├──────────■──────┤ Ry(y[37]) ├┤ Rz(y[53]) ├»
«                        └───┘        ┌─┴─┐    └───────────┘├───────────┤»
« q0_6: ──────────────────────────────┤ X ├──────────■──────┤ Ry(y[38]) ├»
«                                     └───┘        ┌─┴─┐    └───────────┘»
« q0_7: ───────────────────────────────────────────┤ X ├──────────■──────»
«                                                  └───┘        ┌─┴─┐    »
« q0_8: ────────────────────────────────────────────────────────┤ X ├────»
«                                                               └───┘    »
« q0_9: ─────────────────────────────────────────────────────────────────»
«                                                                        »
«q0_10: ─────────────────────────────────────────────────────────────────»
«                                                                        »
«q0_11: ─────────────────────────────────────────────────────────────────»
«                                                                        »
«q0_12: ─────────────────────────────────────────────────────────────────»
«                                                                        »
«q0_13: ─────────────────────────────────────────────────────────────────»
«                                                                        »
«q0_14: ─────────────────────────────────────────────────────────────────»
«                                                                        »
«q0_15: ─────────────────────────────────────────────────────────────────»
«                                                                        »
«c0: 16/═════════════════════════════════════════════════════════════════»
«                                                                        »
«                                                                        »
« q0_0: ─────────────────────────────────────────────────────────────────»
«                                                                        »
« q0_1: ─────────────────────────────────────────────────────────────────»
«                                                                        »
« q0_2: ─────────────────────────────────────────────────────────────────»
«                                                                        »
« q0_3: ─────────────────────────────────────────────────────────────────»
«                                                                        »
« q0_4: ─────────────────────────────────────────────────────────────────»
«                                                                        »
« q0_5: ─────────────────────────────────────────────────────────────────»
«       ┌───────────┐                                                    »
« q0_6: ┤ Rz(y[54]) ├────────────────────────────────────────────────────»
«       ├───────────┤┌───────────┐                                       »
« q0_7: ┤ Ry(y[39]) ├┤ Rz(y[55]) ├───────────────────────────────────────»
«       └───────────┘├───────────┤┌───────────┐                          »
« q0_8: ──────■──────┤ Ry(y[40]) ├┤ Rz(y[56]) ├──────────────────────────»
«           ┌─┴─┐    └───────────┘├───────────┤┌───────────┐             »
« q0_9: ────┤ X ├──────────■──────┤ Ry(y[41]) ├┤ Rz(y[57]) ├─────────────»
«           └───┘        ┌─┴─┐    └───────────┘├───────────┤┌───────────┐»
«q0_10: ─────────────────┤ X ├──────────■──────┤ Ry(y[42]) ├┤ Rz(y[58]) ├»
«                        └───┘        ┌─┴─┐    └───────────┘├───────────┤»
«q0_11: ──────────────────────────────┤ X ├──────────■──────┤ Ry(y[43]) ├»
«                                     └───┘        ┌─┴─┐    └───────────┘»
«q0_12: ───────────────────────────────────────────┤ X ├──────────■──────»
«                                                  └───┘        ┌─┴─┐    »
«q0_13: ────────────────────────────────────────────────────────┤ X ├────»
«                                                               └───┘    »
«q0_14: ─────────────────────────────────────────────────────────────────»
«                                                                        »
«q0_15: ─────────────────────────────────────────────────────────────────»
«                                                                        »
«c0: 16/═════════════════════════════════════════════════════════════════»
«                                                                        »
«                                                           ┌───┐     »
« q0_0: ────────────────────────────────────────────────────┤ X ├──■──»
«                                                           └─┬─┘┌─┴─┐»
« q0_1: ──────────────────────────────────────────────────────┼──┤ X ├»
«                                                             │  └───┘»
« q0_2: ──────────────────────────────────────────────────────┼───────»
«                                                             │       »
« q0_3: ──────────────────────────────────────────────────────┼───────»
«                                                             │       »
« q0_4: ──────────────────────────────────────────────────────┼───────»
«                                                             │       »
« q0_5: ──────────────────────────────────────────────────────┼───────»
«                                                             │       »
« q0_6: ──────────────────────────────────────────────────────┼───────»
«                                                             │       »
« q0_7: ──────────────────────────────────────────────────────┼───────»
«                                                             │       »
« q0_8: ──────────────────────────────────────────────────────┼───────»
«                                                             │       »
« q0_9: ──────────────────────────────────────────────────────┼───────»
«                                                             │       »
«q0_10: ──────────────────────────────────────────────────────┼───────»
«       ┌───────────┐                                         │       »
«q0_11: ┤ Rz(y[59]) ├─────────────────────────────────────────┼───────»
«       ├───────────┤┌───────────┐                            │       »
«q0_12: ┤ Ry(y[44]) ├┤ Rz(y[60]) ├────────────────────────────┼───────»
«       └───────────┘├───────────┤┌───────────┐               │       »
«q0_13: ──────■──────┤ Ry(y[45]) ├┤ Rz(y[61]) ├───────────────┼───────»
«           ┌─┴─┐    └───────────┘├───────────┤┌───────────┐  │       »
«q0_14: ────┤ X ├──────────■──────┤ Ry(y[46]) ├┤ Rz(y[62]) ├──┼───────»
«           └───┘        ┌─┴─┐    ├───────────┤├───────────┤  │       »
«q0_15: ─────────────────┤ X ├────┤ Ry(y[47]) ├┤ Rz(y[63]) ├──■───────»
«                        └───┘    └───────────┘└───────────┘          »
«c0: 16/══════════════════════════════════════════════════════════════»
«                                                                     »
«       ┌───────────┐┌───────────┐                                       »
« q0_0: ┤ Ry(y[64]) ├┤ Rz(y[80]) ├───────────────────────────────────────»
«       └───────────┘├───────────┤┌───────────┐                          »
« q0_1: ──────■──────┤ Ry(y[65]) ├┤ Rz(y[81]) ├──────────────────────────»
«           ┌─┴─┐    └───────────┘├───────────┤┌───────────┐             »
« q0_2: ────┤ X ├──────────■──────┤ Ry(y[66]) ├┤ Rz(y[82]) ├─────────────»
«           └───┘        ┌─┴─┐    └───────────┘├───────────┤┌───────────┐»
« q0_3: ─────────────────┤ X ├──────────■──────┤ Ry(y[67]) ├┤ Rz(y[83]) ├»
«                        └───┘        ┌─┴─┐    └───────────┘├───────────┤»
« q0_4: ──────────────────────────────┤ X ├──────────■──────┤ Ry(y[68]) ├»
«                                     └───┘        ┌─┴─┐    └───────────┘»
« q0_5: ───────────────────────────────────────────┤ X ├──────────■──────»
«                                                  └───┘        ┌─┴─┐    »
« q0_6: ────────────────────────────────────────────────────────┤ X ├────»
«                                                               └───┘    »
« q0_7: ─────────────────────────────────────────────────────────────────»
«                                                                        »
« q0_8: ─────────────────────────────────────────────────────────────────»
«                                                                        »
« q0_9: ─────────────────────────────────────────────────────────────────»
«                                                                        »
«q0_10: ─────────────────────────────────────────────────────────────────»
«                                                                        »
«q0_11: ─────────────────────────────────────────────────────────────────»
«                                                                        »
«q0_12: ─────────────────────────────────────────────────────────────────»
«                                                                        »
«q0_13: ─────────────────────────────────────────────────────────────────»
«                                                                        »
«q0_14: ─────────────────────────────────────────────────────────────────»
«                                                                        »
«q0_15: ─────────────────────────────────────────────────────────────────»
«                                                                        »
«c0: 16/═════════════════════════════════════════════════════════════════»
«                                                                        »
«                                                                        »
« q0_0: ─────────────────────────────────────────────────────────────────»
«                                                                        »
« q0_1: ─────────────────────────────────────────────────────────────────»
«                                                                        »
« q0_2: ─────────────────────────────────────────────────────────────────»
«                                                                        »
« q0_3: ─────────────────────────────────────────────────────────────────»
«       ┌───────────┐                                                    »
« q0_4: ┤ Rz(y[84]) ├────────────────────────────────────────────────────»
«       ├───────────┤┌───────────┐                                       »
« q0_5: ┤ Ry(y[69]) ├┤ Rz(y[85]) ├───────────────────────────────────────»
«       └───────────┘├───────────┤┌───────────┐                          »
« q0_6: ──────■──────┤ Ry(y[70]) ├┤ Rz(y[86]) ├──────────────────────────»
«           ┌─┴─┐    └───────────┘├───────────┤┌───────────┐             »
« q0_7: ────┤ X ├──────────■──────┤ Ry(y[71]) ├┤ Rz(y[87]) ├─────────────»
«           └───┘        ┌─┴─┐    └───────────┘├───────────┤┌───────────┐»
« q0_8: ─────────────────┤ X ├──────────■──────┤ Ry(y[72]) ├┤ Rz(y[88]) ├»
«                        └───┘        ┌─┴─┐    └───────────┘├───────────┤»
« q0_9: ──────────────────────────────┤ X ├──────────■──────┤ Ry(y[73]) ├»
«                                     └───┘        ┌─┴─┐    └───────────┘»
«q0_10: ───────────────────────────────────────────┤ X ├──────────■──────»
«                                                  └───┘        ┌─┴─┐    »
«q0_11: ────────────────────────────────────────────────────────┤ X ├────»
«                                                               └───┘    »
«q0_12: ─────────────────────────────────────────────────────────────────»
«                                                                        »
«q0_13: ─────────────────────────────────────────────────────────────────»
«                                                                        »
«q0_14: ─────────────────────────────────────────────────────────────────»
«                                                                        »
«q0_15: ─────────────────────────────────────────────────────────────────»
«                                                                        »
«c0: 16/═════════════════════════════════════════════════════════════════»
«                                                                        »
«                                                                        »
« q0_0: ─────────────────────────────────────────────────────────────────»
«                                                                        »
« q0_1: ─────────────────────────────────────────────────────────────────»
«                                                                        »
« q0_2: ─────────────────────────────────────────────────────────────────»
«                                                                        »
« q0_3: ─────────────────────────────────────────────────────────────────»
«                                                                        »
« q0_4: ─────────────────────────────────────────────────────────────────»
«                                                                        »
« q0_5: ─────────────────────────────────────────────────────────────────»
«                                                                        »
« q0_6: ─────────────────────────────────────────────────────────────────»
«                                                                        »
« q0_7: ─────────────────────────────────────────────────────────────────»
«                                                                        »
« q0_8: ─────────────────────────────────────────────────────────────────»
«       ┌───────────┐                                                    »
« q0_9: ┤ Rz(y[89]) ├────────────────────────────────────────────────────»
«       ├───────────┤┌───────────┐                                       »
«q0_10: ┤ Ry(y[74]) ├┤ Rz(y[90]) ├───────────────────────────────────────»
«       └───────────┘├───────────┤┌───────────┐                          »
«q0_11: ──────■──────┤ Ry(y[75]) ├┤ Rz(y[91]) ├──────────────────────────»
«           ┌─┴─┐    └───────────┘├───────────┤┌───────────┐             »
«q0_12: ────┤ X ├──────────■──────┤ Ry(y[76]) ├┤ Rz(y[92]) ├─────────────»
«           └───┘        ┌─┴─┐    └───────────┘├───────────┤┌───────────┐»
«q0_13: ─────────────────┤ X ├──────────■──────┤ Ry(y[77]) ├┤ Rz(y[93]) ├»
«                        └───┘        ┌─┴─┐    └───────────┘├───────────┤»
«q0_14: ──────────────────────────────┤ X ├──────────■──────┤ Ry(y[78]) ├»
«                                     └───┘        ┌─┴─┐    ├───────────┤»
«q0_15: ───────────────────────────────────────────┤ X ├────┤ Ry(y[79]) ├»
«                                                  └───┘    └───────────┘»
«c0: 16/═════════════════════════════════════════════════════════════════»
«                                                                        »
«                    
« q0_0: ─────────────
«                    
« q0_1: ─────────────
«                    
« q0_2: ─────────────
«                    
« q0_3: ─────────────
«                    
« q0_4: ─────────────
«                    
« q0_5: ─────────────
«                    
« q0_6: ─────────────
«                    
« q0_7: ─────────────
«                    
« q0_8: ─────────────
«                    
« q0_9: ─────────────
«                    
«q0_10: ─────────────
«                    
«q0_11: ─────────────
«                    
«q0_12: ─────────────
«                    
«q0_13: ─────────────
«       ┌───────────┐
«q0_14: ┤ Rz(y[94]) ├
«       ├───────────┤
«q0_15: ┤ Rz(y[95]) ├
«       └───────────┘
«c0: 16/═════════════
«                    
ansatz-state is written to ansatz.txt
building constraints...
number of constraints= 256
unique pauliops 496
graphclique-cliquecover: 496 with commutationmode qubitwise
strategy largest_first 287
strategy random_sequential 287
strategy smallest_last 287
strategy independent_set 293
strategy connected_sequential_bfs 292
strategy connected_sequential_dfs 292
strategy saturation_largest_first 287
number of cliques 287
clique 0 ['IIIIIIIIIIIIIIIX', 'IIIIXIXYYIIIXIXX', 'IIIIIIIIIIIIIXXI', 'IIIIIIIIIIIIIXII', 'IIIIIIIIIIXXXIII', 'IIIIIIIIIIIXIIII', 'IIIIIIIIIXXIIIII', 'IIIIIIIIIXIIIIII', 'ZIIIIIIIYIIIIIII', 'IIIIIIIYIIIIIIII', 'IIIIIXXIIIIIIIII', 'IIIIIXIIIIIIIIII', 'IIXXXIIIIIIIIIII', 'IIIXIIIIIIIIIIII', 'IXXIIIIIIIIIIIII', 'IXIIIIIIIIIIIIII']
clique 1 ['IIIIIIIIIIIIIIIY', 'IIIIXIXXYIIIXIXY', 'IIIIIIIIIIIIIYXI', 'IIIIIIIIIIIIIYII', 'IIIIIIIIIIXYXIII', 'IIIIIIIIIIIYIIII', 'IIIIIIIIIYXIIIII', 'IIIIIIIIIYIIIIII', 'IIIIIIIXIIIIIIII', 'IIIIIYXIIIIIIIII', 'IIIIIYIIIIIIIIII', 'IIXYXIIIIIIIIIII', 'IIIYIIIIIIIIIIII', 'IYXIIIIIIIIIIIII', 'IYIIIIIIIIIIIIII']
clique 2 ['IIIIXIXXYIIIXIXX', 'IIIIIIIIIIIIIZXI', 'IIIIIIIIIIIIIZII', 'IIIIIIIIIIXZXIII', 'IIIIIIIIIIIZIIII', 'IIIIIIIIIZXIIIII', 'IIIIIIIIIZIIIIII', 'IIIIIZXIIIIIIIII', 'IIIIIZIIIIIIIIII', 'IIXZXIIIIIIIIIII', 'IIIZIIIIIIIIIIII', 'IZXIIIIIIIIIIIII', 'IZIIIIIIIIIIIIII']
clique 3 ['IIIIXIXYYIIIXIXY', 'IIIIIIIIIXZIXIII', 'IIIIIIIIIIZXIIII', 'IXZIXIIIIIIIIIII', 'IIZXIIIIIIIIIIII']
clique 4 ['IIIIXIXZYIIIXIXY', 'IIIIIIIIIYZIXIII', 'IIIIIIIIIIZYIIII', 'IIIIIIIZIIIIIIII', 'IYZIXIIIIIIIIIII', 'IIZYIIIIIIIIIIII']
clique 5 ['IIIIXIXZYIIIXIXX', 'IIIIIIIIIZZIXIII', 'IIIIIIIIIIZZIIII', 'IZZIXIIIIIIIIIII', 'IIZZIIIIIIIIIIII']
clique 6 ['IIIIXYZIYIIIXIXX', 'IIIIIIIIIIYIXIII', 'IIIIIIIIIYYXIIII', 'IIIIIIZXIIIIIIII', 'IIYIXIIIIIIIIIII', 'IYYXIIIIIIIIIIII']
clique 7 ['IIIIXXZIYIIIXIXY', 'IIIIIIIIIXYYIIII', 'IIIIIIZYIIIIIIII', 'IXYYIIIIIIIIIIII']
clique 8 ['IIIIXXZIYIIIXIXX', 'IIIIIIIIIXYXIIII', 'IIIIIIZZIIIIIIII', 'IXYXIIIIIIIIIIII']
clique 9 ['IIIIXYZIYIIIXIXY', 'IIIIIIIIIYYYIIII', 'IYYYIIIIIIIIIIII']
clique 10 ['IIIIXZZIYIIIXIXY', 'IIIIIIIIIZYYIIII', 'IZYYIIIIIIIIIIII']
clique 11 ['IIIIXZZIYIIIXIXX', 'IIIIIIIIIZYXIIII', 'IZYXIIIIIIIIIIII']
clique 12 ['IIXYZIIIYIIIXIXX', 'IIIIIIIIIYYZIIII', 'IIIIZIXXIIIIIIII']
clique 13 ['IIXXZIIIYIIIXIXY', 'IIIIIIIIIXYZIIII', 'IIIIZIXYIIIIIIII']
clique 14 ['IIXXZIIIYIIIXIXX', 'IIIIIIIIIZYZIIII', 'IIIIZIXZIIIIIIII']
clique 15 ['IIXYZIIIYIIIXIXY', 'IIIIZXZIIIIIIIII']
clique 16 ['IIXZZIIIYIIIXIXY', 'IIIIZYZIIIIIIIII']
clique 17 ['IIXZZIIIYIIIXIXX', 'IIIIZZZIIIIIIIII']
clique 18 ['IYZIZIIIYIIIXIXX', 'IIIIIYYXIIIIIIII', 'IIIIZIYIIIIIIIII']
clique 19 ['IXZIZIIIYIIIXIXY', 'IIIIIXYYIIIIIIII']
clique 20 ['IXZIZIIIYIIIXIXX', 'IIIIIXYXIIIIIIII']
clique 21 ['IYZIZIIIYIIIXIXY', 'IIIIIYYYIIIIIIII']
clique 22 ['IZZIZIIIYIIIXIXY', 'IIIIIZYYIIIIIIII']
clique 23 ['IZZIZIIIYIIIXIXX', 'IIIIIZYXIIIIIIII']
clique 24 ['IIIIIIIIIIIIIIIZ', 'IIIIXIXYYIIIXIXZ', 'IYYZIIIIIIIIIIII']
clique 25 ['IIIIXIXXYIIIXIXZ', 'IXYZIIIIIIIIIIII']
clique 26 ['IIIIXIXZYIIIXIXZ', 'IZYZIIIIIIIIIIII']
clique 27 ['IIIIXYZIYIIIXIXZ']
clique 28 ['IIIIXXZIYIIIXIXZ']
clique 29 ['IIIIXZZIYIIIXIXZ']
clique 30 ['IIXYZIIIYIIIXIXZ', 'IIIIIYYZIIIIIIII']
clique 31 ['IIXXZIIIYIIIXIXZ', 'IIIIIXYZIIIIIIII']
clique 32 ['IIXZZIIIYIIIXIXZ', 'IIIIIZYZIIIIIIII']
clique 33 ['IYZIZIIIYIIIXIXZ']
clique 34 ['IXZIZIIIYIIIXIXZ']
clique 35 ['IZZIZIIIYIIIXIXZ']
clique 36 ['IIIIIIIIIIIIIIZX', 'IIIIXIXYYIIIXXZI']
clique 37 ['IIIIIIIIIIIIIIZY', 'IIIIXIXXYIIIXYZI']
clique 38 ['IIIIIIIIIIIIIIZZ', 'IIIIXIXXYIIIXXZI']
clique 39 ['IIIIXIXYYIIIXYZI']
clique 40 ['IIIIXIXZYIIIXYZI']
clique 41 ['IIIIXIXZYIIIXXZI']
clique 42 ['IIIIXYZIYIIIXXZI']
clique 43 ['IIIIXXZIYIIIXYZI']
clique 44 ['IIIIXXZIYIIIXXZI']
clique 45 ['IIIIXYZIYIIIXYZI']
clique 46 ['IIIIXZZIYIIIXYZI']
clique 47 ['IIIIXZZIYIIIXXZI']
clique 48 ['IIXYZIIIYIIIXXZI']
clique 49 ['IIXXZIIIYIIIXYZI']
clique 50 ['IIXXZIIIYIIIXXZI']
clique 51 ['IIXYZIIIYIIIXYZI']
clique 52 ['IIXZZIIIYIIIXYZI']
clique 53 ['IIXZZIIIYIIIXXZI']
clique 54 ['IYZIZIIIYIIIXXZI']
clique 55 ['IXZIZIIIYIIIXYZI']
clique 56 ['IXZIZIIIYIIIXXZI']
clique 57 ['IYZIZIIIYIIIXYZI']
clique 58 ['IZZIZIIIYIIIXYZI']
clique 59 ['IZZIZIIIYIIIXXZI']
clique 60 ['IIIIXIXYYIIIXZZI']
clique 61 ['IIIIXIXXYIIIXZZI']
clique 62 ['IIIIXIXZYIIIXZZI']
clique 63 ['IIIIXYZIYIIIXZZI']
clique 64 ['IIIIXXZIYIIIXZZI']
clique 65 ['IIIIXZZIYIIIXZZI']
clique 66 ['IIXYZIIIYIIIXZZI']
clique 67 ['IIXXZIIIYIIIXZZI']
clique 68 ['IIXZZIIIYIIIXZZI']
clique 69 ['IYZIZIIIYIIIXZZI']
clique 70 ['IXZIZIIIYIIIXZZI']
clique 71 ['IZZIZIIIYIIIXZZI']
clique 72 ['IIIIIIIIIIIIZIXX', 'IIIIXIXYYIXXZIII']
clique 73 ['IIIIIIIIIIIIZIXY', 'IIIIXIXXYIXYZIII']
clique 74 ['IIIIIIIIIIIIZIXZ', 'IIIIXIXXYIXXZIII']
clique 75 ['IIIIIIIIIIIIZXZI', 'IIIIXIXYYIXYZIII']
clique 76 ['IIIIIIIIIIIIZYZI', 'IIIIXIXZYIXYZIII']
clique 77 ['IIIIIIIIIIIIZZZI', 'IIIIXIXZYIXXZIII']
clique 78 ['IIIIIIIIIIIIIYYX', 'IIIIIIIIIIIIZIYI', 'IIIIXYZIYIXXZIII']
clique 79 ['IIIIIIIIIIIIIXYY', 'IIIIXXZIYIXYZIII']
clique 80 ['IIIIIIIIIIIIIXYX', 'IIIIXXZIYIXXZIII']
clique 81 ['IIIIIIIIIIIIIYYY', 'IIIIXYZIYIXYZIII']
clique 82 ['IIIIIIIIIIIIIZYY', 'IIIIXZZIYIXYZIII']
clique 83 ['IIIIIIIIIIIIIZYX', 'IIIIXZZIYIXXZIII']
clique 84 ['IIIIIIIIIIIIIYYZ', 'IIXYZIIIYIXXZIII']
clique 85 ['IIIIIIIIIIIIIXYZ', 'IIXXZIIIYIXYZIII']
clique 86 ['IIIIIIIIIIIIIZYZ', 'IIXXZIIIYIXXZIII']
clique 87 ['IIXYZIIIYIXYZIII']
clique 88 ['IIXZZIIIYIXYZIII']
clique 89 ['IIXZZIIIYIXXZIII']
clique 90 ['IYZIZIIIYIXXZIII']
clique 91 ['IXZIZIIIYIXYZIII']
clique 92 ['IXZIZIIIYIXXZIII']
clique 93 ['IYZIZIIIYIXYZIII']
clique 94 ['IZZIZIIIYIXYZIII']
clique 95 ['IZZIZIIIYIXXZIII']
clique 96 ['IIIIXIXYYIXZZIII']
clique 97 ['IIIIXIXXYIXZZIII']
clique 98 ['IIIIXIXZYIXZZIII']
clique 99 ['IIIIXYZIYIXZZIII']
clique 100 ['IIIIXXZIYIXZZIII']
clique 101 ['IIIIXZZIYIXZZIII']
clique 102 ['IIXYZIIIYIXZZIII']
clique 103 ['IIXXZIIIYIXZZIII']
clique 104 ['IIXZZIIIYIXZZIII']
clique 105 ['IYZIZIIIYIXZZIII']
clique 106 ['IXZIZIIIYIXZZIII']
clique 107 ['IZZIZIIIYIXZZIII']
clique 108 ['IIIIXIXYYXZIZIII']
clique 109 ['IIIIXIXXYYZIZIII']
clique 110 ['IIIIXIXXYXZIZIII']
clique 111 ['IIIIXIXYYYZIZIII']
clique 112 ['IIIIXIXZYYZIZIII']
clique 113 ['IIIIXIXZYXZIZIII']
clique 114 ['IIIIXYZIYXZIZIII']
clique 115 ['IIIIXXZIYYZIZIII']
clique 116 ['IIIIXXZIYXZIZIII']
clique 117 ['IIIIXYZIYYZIZIII']
clique 118 ['IIIIXZZIYYZIZIII']
clique 119 ['IIIIXZZIYXZIZIII']
clique 120 ['IIXYZIIIYXZIZIII']
clique 121 ['IIXXZIIIYYZIZIII']
clique 122 ['IIXXZIIIYXZIZIII']
clique 123 ['IIXYZIIIYYZIZIII']
clique 124 ['IIXZZIIIYYZIZIII']
clique 125 ['IIXZZIIIYXZIZIII']
clique 126 ['IYZIZIIIYXZIZIII']
clique 127 ['IXZIZIIIYYZIZIII']
clique 128 ['IXZIZIIIYXZIZIII']
clique 129 ['IYZIZIIIYYZIZIII']
clique 130 ['IZZIZIIIYYZIZIII']
clique 131 ['IZZIZIIIYXZIZIII']
clique 132 ['IIIIXIXYYZZIZIII']
clique 133 ['IIIIXIXXYZZIZIII']
clique 134 ['IIIIXIXZYZZIZIII']
clique 135 ['IIIIXYZIYZZIZIII']
clique 136 ['IIIIXXZIYZZIZIII']
clique 137 ['IIIIXZZIYZZIZIII']
clique 138 ['IIXYZIIIYZZIZIII']
clique 139 ['IIXXZIIIYZZIZIII']
clique 140 ['IIXZZIIIYZZIZIII']
clique 141 ['IYZIZIIIYZZIZIII']
clique 142 ['IXZIZIIIYZZIZIII']
clique 143 ['IZZIZIIIYZZIZIII']
clique 144 ['IIIIXIYIYIIIXIXX']
clique 145 ['IIIIXIYIYIIIXIXY']
clique 146 ['IIYIZIIIYIIIXIXX']
clique 147 ['IIYIZIIIYIIIXIXY']
clique 148 ['IIIIXIXXYIIIXIYI']
clique 149 ['IIIIXIXYYIIIXIYI']
clique 150 ['IIIIXIXZYIIIXIYI']
clique 151 ['IIIIXIYIYIIIXIXZ']
clique 152 ['IIIIXXZIYIIIXIYI']
clique 153 ['IIIIXYZIYIIIXIYI']
clique 154 ['IIIIXZZIYIIIXIYI']
clique 155 ['IIXXZIIIYIIIXIYI']
clique 156 ['IIXYZIIIYIIIXIYI']
clique 157 ['IIXZZIIIYIIIXIYI']
clique 158 ['IIYIZIIIYIIIXIXZ']
clique 159 ['IXZIZIIIYIIIXIYI']
clique 160 ['IYZIZIIIYIIIXIYI']
clique 161 ['IZZIZIIIYIIIXIYI']
clique 162 ['IIIIXIYIYIIIXXZI']
clique 163 ['IIIIXIYIYIIIXYZI']
clique 164 ['IIYIZIIIYIIIXXZI']
clique 165 ['IIYIZIIIYIIIXYZI']
clique 166 ['IIIIXIYIYIIIXZZI']
clique 167 ['IIYIZIIIYIIIXZZI']
clique 168 ['IIIIXIYIYIXXZIII']
clique 169 ['IIIIXIYIYIXYZIII']
clique 170 ['IIYIZIIIYIXXZIII']
clique 171 ['IIYIZIIIYIXYZIII']
clique 172 ['IIIIXIXXYIYIZIII']
clique 173 ['IIIIXIXYYIYIZIII']
clique 174 ['IIIIXIXZYIYIZIII']
clique 175 ['IIIIXIYIYIXZZIII']
clique 176 ['IIIIXXZIYIYIZIII']
clique 177 ['IIIIXYZIYIYIZIII']
clique 178 ['IIIIXZZIYIYIZIII']
clique 179 ['IIXXZIIIYIYIZIII']
clique 180 ['IIXYZIIIYIYIZIII']
clique 181 ['IIXZZIIIYIYIZIII']
clique 182 ['IIYIZIIIYIXZZIII']
clique 183 ['IXZIZIIIYIYIZIII']
clique 184 ['IYZIZIIIYIYIZIII']
clique 185 ['IZZIZIIIYIYIZIII']
clique 186 ['IIIIXIYIYXZIZIII']
clique 187 ['IIIIXIYIYYZIZIII']
clique 188 ['IIYIZIIIYXZIZIII']
clique 189 ['IIYIZIIIYYZIZIII']
clique 190 ['IIIIXIYIYZZIZIII']
clique 191 ['IIYIZIIIYZZIZIII']
clique 192 ['IIIIXIYIYIIIXIYI']
clique 193 ['IIYIZIIIYIIIXIYI']
clique 194 ['IIIIXIYIYIYIZIII']
clique 195 ['IIYIZIIIYIYIZIII']
clique 196 ['IIIIYIIIYIIIXIXX', 'IIXYYIXXIIIIIIII']
clique 197 ['IIIIYIIIYIIIXIXY', 'IIXXYIXYIIIIIIII']
clique 198 ['IIIIYIIIYIIIXIXZ', 'IIXXYIXXIIIIIIII']
clique 199 ['IIIIYIIIYIIIXXZI', 'IIXYYIXYIIIIIIII']
clique 200 ['IIIIYIIIYIIIXYZI', 'IIXZYIXYIIIIIIII']
clique 201 ['IIIIIIIIIIXYYIXX', 'IIIIXIXXYIIIYIII']
clique 202 ['IIIIIIIIIIXXYIXY', 'IIIIXIXYYIIIYIII']
clique 203 ['IIIIIIIIIIXXYIXX', 'IIIIXIXZYIIIYIII']
clique 204 ['IIIIIIIIIIXYYIXY', 'IIIIXXZIYIIIYIII']
clique 205 ['IIIIIIIIIIXZYIXY', 'IIIIXYZIYIIIYIII']
clique 206 ['IIIIIIIIIIXZYIXX', 'IIIIXZZIYIIIYIII']
clique 207 ['IIIIYIIIYIIIXZZI', 'IIXZYIXXIIIIIIII']
clique 208 ['IIIIIIIIIYZIYIXX', 'IIXXZIIIYIIIYIII']
clique 209 ['IIIIIIIIIXZIYIXY', 'IIXYZIIIYIIIYIII']
clique 210 ['IIIIIIIIIXZIYIXX', 'IIXZZIIIYIIIYIII']
clique 211 ['IIIIIIIIIYZIYIXY', 'IXZIZIIIYIIIYIII']
clique 212 ['IIIIIIIIIZZIYIXY', 'IYZIZIIIYIIIYIII']
clique 213 ['IIIIIIIIIZZIYIXX', 'IZZIZIIIYIIIYIII']
clique 214 ['IIIIYIIIYIXXZIII', 'IYZIYIXXIIIIIIII']
clique 215 ['IIIIYIIIYIXYZIII', 'IXZIYIXYIIIIIIII']
clique 216 ['IIIIYIIIYIXZZIII', 'IXZIYIXXIIIIIIII']
clique 217 ['IIIIYIIIYXZIZIII', 'IYZIYIXYIIIIIIII']
clique 218 ['IIIIYIIIYYZIZIII', 'IZZIYIXYIIIIIIII']
clique 219 ['IIIIYIIIYZZIZIII', 'IZZIYIXXIIIIIIII']
clique 220 ['IIIIYIIIYIIIXIYI', 'IIXYYIXZIIIIIIII']
clique 221 ['IIIIIIIIIIXYYIXZ', 'IIIIXIYIYIIIYIII']
clique 222 ['IIIIIIIIIIXXYIXZ', 'IIYIZIIIYIIIYIII']
clique 223 ['IIIIYIIIYIYIZIII', 'IIXXYIXZIIIIIIII']
clique 224 ['IIIIIIIIZIIIXIXX', 'ZIIIXIXXZIIIIIII']
clique 225 ['IIIIIIIIZIIIXIXY', 'ZIIIXIXYZIIIIIII']
clique 226 ['ZIIIIIIIXIIIXIXX', 'IIIIXIXXXIIIIIII']
clique 227 ['ZIIIIIIIXIIIXIXY', 'IIIIXIXYXIIIIIII']
clique 228 ['IIIIIIIIZIIIXIXZ', 'ZIIIXIXZZIIIIIII']
clique 229 ['ZIIIIIIIXIIIXIXZ', 'IIIIXIXZXIIIIIII']
clique 230 ['IIIIIIIIZIIIXXZI', 'ZIIIXXZIZIIIIIII']
clique 231 ['IIIIIIIIZIIIXYZI', 'ZIIIXYZIZIIIIIII']
clique 232 ['ZIIIIIIIXIIIXXZI', 'IIIIXXZIXIIIIIII']
clique 233 ['ZIIIIIIIXIIIXYZI', 'IIIIXYZIXIIIIIII']
clique 234 ['IIIIIIIIZIIIXZZI', 'ZIIIXZZIZIIIIIII']
clique 235 ['ZIIIIIIIXIIIXZZI', 'IIIIXZZIXIIIIIII']
clique 236 ['IIIIIIIIZIXXZIII', 'ZIXXZIIIZIIIIIII']
clique 237 ['IIIIIIIIZIXYZIII', 'ZIXYZIIIZIIIIIII']
clique 238 ['ZIIIIIIIXIXXZIII', 'IIXXZIIIXIIIIIII']
clique 239 ['ZIIIIIIIXIXYZIII', 'IIXYZIIIXIIIIIII']
clique 240 ['IIIIIIIIZIXZZIII', 'ZIXZZIIIZIIIIIII']
clique 241 ['ZIIIIIIIXIXZZIII', 'IIXZZIIIXIIIIIII']
clique 242 ['IIIIIIIIZXZIZIII', 'ZXZIZIIIZIIIIIII']
clique 243 ['IIIIIIIIZYZIZIII', 'ZYZIZIIIZIIIIIII']
clique 244 ['ZIIIIIIIXXZIZIII', 'IXZIZIIIXIIIIIII']
clique 245 ['ZIIIIIIIXYZIZIII', 'IYZIZIIIXIIIIIII']
clique 246 ['IIIIIIIIZZZIZIII', 'ZZZIZIIIZIIIIIII']
clique 247 ['IZZIZIIIXIIIIIII', 'ZIIIIIIIXZZIZIII']
clique 248 ['IIIIIIIIZIIIXIYI', 'ZIIIXIYIZIIIIIII']
clique 249 ['ZIIIIIIIXIIIXIYI', 'IIIIXIYIXIIIIIII']
clique 250 ['IIIIIIIIZIYIZIII', 'ZIYIZIIIZIIIIIII']
clique 251 ['ZIIIIIIIXIYIZIII', 'IIYIZIIIXIIIIIII']
clique 252 ['IIIIIIIIIIXZYIXZ', 'IIIIYIIIYIIIYIII', 'IIXZYIXZIIIIIIII']
clique 253 ['IIIIIIIIIYZIYIXZ', 'IIIIIIIIZIIIYIII', 'IYZIYIXZIIIIIIII', 'ZIIIYIIIZIIIIIII']
clique 254 ['IIIIIIIIIXZIYIXZ', 'ZIIIIIIIXIIIYIII', 'IIIIYIIIXIIIIIII', 'IXZIYIXZIIIIIIII']
clique 255 ['IIIIIIIIIZZIYIXZ', 'IZZIYIXZIIIIIIII']
clique 256 ['IIIIIIIIIIXYYXZI', 'IIXYYXZIIIIIIIII']
clique 257 ['IIIIIIIIIIXXYYZI', 'IIXXYYZIIIIIIIII']
clique 258 ['IIIIIIIIIIXXYXZI', 'IIXXYXZIIIIIIIII']
clique 259 ['IIIIIIIIIIXYYYZI', 'IIXYYYZIIIIIIIII']
clique 260 ['IIIIIIIIIIXZYYZI', 'IIXZYYZIIIIIIIII']
clique 261 ['IIIIIIIIIIXZYXZI', 'IIXZYXZIIIIIIIII']
clique 262 ['IIIIIIIIIYZIYXZI', 'IYZIYXZIIIIIIIII']
clique 263 ['IIIIIIIIIXZIYYZI', 'IXZIYYZIIIIIIIII']
clique 264 ['IIIIIIIIIXZIYXZI', 'IXZIYXZIIIIIIIII']
clique 265 ['IIIIIIIIIYZIYYZI', 'IYZIYYZIIIIIIIII']
clique 266 ['IIIIIIIIIZZIYYZI', 'IZZIYYZIIIIIIIII']
clique 267 ['IIIIIIIIIZZIYXZI', 'IZZIYXZIIIIIIIII']
clique 268 ['IIIIIIIIIIXYYZZI', 'IIXYYZZIIIIIIIII']
clique 269 ['IIIIIIIIIIXXYZZI', 'IIXXYZZIIIIIIIII']
clique 270 ['IIIIIIIIIIXZYZZI', 'IIXZYZZIIIIIIIII']
clique 271 ['IIIIIIIIIYZIYZZI', 'IYZIYZZIIIIIIIII']
clique 272 ['IIIIIIIIIXZIYZZI', 'IXZIYZZIIIIIIIII']
clique 273 ['IIIIIIIIIZZIYZZI', 'IZZIYZZIIIIIIIII']
clique 274 ['IIIIIIIIIIYIYIXX', 'IIYIYIXXIIIIIIII']
clique 275 ['IIIIIIIIIIYIYIXY', 'IIYIYIXYIIIIIIII']
clique 276 ['IIIIIIIIIIXXYIYI', 'IIXXYIYIIIIIIIII']
clique 277 ['IIIIIIIIIIXYYIYI', 'IIXYYIYIIIIIIIII']
clique 278 ['IIIIIIIIIIXZYIYI', 'IIXZYIYIIIIIIIII']
clique 279 ['IIIIIIIIIIYIYIXZ', 'IIYIYIXZIIIIIIII']
clique 280 ['IIIIIIIIIXZIYIYI', 'IXZIYIYIIIIIIIII']
clique 281 ['IIIIIIIIIYZIYIYI', 'IYZIYIYIIIIIIIII']
clique 282 ['IIIIIIIIIZZIYIYI', 'IZZIYIYIIIIIIIII']
clique 283 ['IIIIIIIIIIYIYXZI', 'IIYIYXZIIIIIIIII']
clique 284 ['IIIIIIIIIIYIYYZI', 'IIYIYYZIIIIIIIII']
clique 285 ['IIIIIIIIIIYIYZZI', 'IIYIYZZIIIIIIIII']
clique 286 ['IIIIIIIIIIYIYIYI', 'IIYIYIYIIIIIIIII']
