GS energy with  DMRG -16.20331706430451
N= 10.999999999977927
E= -16.20331706430451
D= [[ 4.41710182e-01+0.j -8.63174094e-02+0.j  4.08501018e-01+0.j
  -4.87129746e-08+0.j  4.68998458e-02+0.j  6.94508553e-02+0.j
  -1.47178359e-01+0.j  6.20879939e-08+0.j -4.28687533e-02+0.j
  -6.34815920e-02+0.j  7.99662021e-02+0.j  4.98394197e-07+0.j
   4.03348644e-02+0.j  5.97310082e-02+0.j -4.46145792e-02+0.j
  -1.20964731e-06+0.j -3.83732219e-02+0.j -5.68411605e-02+0.j
   2.01840495e-02+0.j -1.99799150e-05+0.j  3.64719801e-02+0.j
   5.39810110e-02+0.j]
 [-8.63174094e-02+0.j  5.58289683e-01+0.j -4.84939367e-08+0.j
   4.08500945e-01+0.j  6.94508425e-02+0.j -4.68997382e-02+0.j
   6.89624313e-08+0.j -1.47178265e-01+0.j -6.34815991e-02+0.j
   4.28687092e-02+0.j -1.57488880e-08+0.j  7.99668690e-02+0.j
   5.97301411e-02+0.j -4.03351065e-02+0.j  3.27467030e-08+0.j
  -4.46194193e-02+0.j -5.68223338e-02+0.j  3.83715617e-02+0.j
  -1.68733647e-06+0.j  2.01561945e-02+0.j  5.40085018e-02+0.j
  -3.64719407e-02+0.j]
 [ 4.08501018e-01+0.j -4.84939368e-08+0.j  5.11167873e-01+0.j
   1.65378987e-02+0.j  2.57213352e-01+0.j -7.98184301e-10+0.j
  -3.63183947e-03+0.j -5.37827538e-03+0.j -6.58087795e-02+0.j
   3.95820647e-08+0.j  1.87418116e-03+0.j  2.77454566e-03+0.j
   3.49484301e-02+0.j -1.41333347e-06+0.j -9.97649536e-04+0.j
  -1.47358329e-03+0.j -2.44331747e-02+0.j  1.27669393e-05+0.j
   4.44844097e-04+0.j  6.96986190e-04+0.j  2.01560203e-02+0.j
   2.01429878e-05+0.j]
 [-4.87129745e-08+0.j  4.08500945e-01+0.j  1.65378987e-02+0.j
   4.88832062e-01+0.j  8.14662714e-09+0.j  2.57213386e-01+0.j
  -5.37827401e-03+0.j  3.63191270e-03+0.j  1.06586542e-08+0.j
  -6.58088024e-02+0.j  2.77549588e-03+0.j -1.87434223e-03+0.j
  -3.03831113e-08+0.j  3.49480534e-02+0.j -1.47958769e-03+0.j
   9.98995279e-04+0.j  6.48190479e-07+0.j -2.44115358e-02+0.j
   6.57383627e-04+0.j -4.44940345e-04+0.j  1.68537436e-06+0.j
   2.01841208e-02+0.j]
 [ 4.68998458e-02+0.j  6.94508425e-02+0.j  2.57213352e-01+0.j
   8.14662715e-09+0.j  4.43180259e-01+0.j -8.41406059e-02+0.j
   3.43747395e-01+0.j -3.83012541e-08+0.j  4.63747141e-02+0.j
   6.86733125e-02+0.j -1.13491204e-01+0.j  5.90864120e-07+0.j
  -4.27912899e-02+0.j -6.33660748e-02+0.j  5.63052682e-02+0.j
  -2.17525527e-06+0.j  4.04348154e-02+0.j  5.98623374e-02+0.j
  -2.44115328e-02+0.j -1.30502341e-05+0.j -3.83718147e-02+0.j
  -5.68421210e-02+0.j]
 [ 6.94508553e-02+0.j -4.68997382e-02+0.j -7.98184313e-10+0.j
   2.57213386e-01+0.j -8.41406059e-02+0.j  5.56819641e-01+0.j
  -3.32936853e-08+0.j  3.43747242e-01+0.j  6.86732874e-02+0.j
  -4.63745624e-02+0.j  3.81732932e-08+0.j -1.13490312e-01+0.j
  -6.33661730e-02+0.j  4.27908675e-02+0.j  1.35472764e-07+0.j
   5.62999263e-02+0.j  5.98786133e-02+0.j -4.04347703e-02+0.j
  -6.42901087e-07+0.j -2.44335502e-02+0.j -5.68228035e-02+0.j
   3.83736585e-02+0.j]
 [-1.47178359e-01+0.j  6.89624312e-08+0.j -3.63183947e-03+0.j
  -5.37827401e-03+0.j  3.43747395e-01+0.j -3.32936854e-08+0.j
   5.13612298e-01+0.j  2.01577781e-02+0.j  2.94084406e-01+0.j
  -2.35357450e-08+0.j -4.82376090e-03+0.j -7.14373981e-03+0.j
  -9.15824432e-02+0.j  2.13061265e-08+0.j  2.37865210e-03+0.j
   3.52486672e-03+0.j  5.63000937e-02+0.j  2.37359888e-06+0.j
  -9.98745734e-04+0.j -1.47267611e-03+0.j -4.46198179e-02+0.j
   1.41490964e-06+0.j]
 [ 6.20879939e-08+0.j -1.47178265e-01+0.j -5.37827538e-03+0.j
   3.63191270e-03+0.j -3.83012541e-08+0.j  3.43747242e-01+0.j
   2.01577781e-02+0.j  4.86387652e-01+0.j -2.55922321e-08+0.j
   2.94084354e-01+0.j -7.14338455e-03+0.j  4.82382916e-03+0.j
  -3.44790720e-08+0.j -9.15822272e-02+0.j  3.52202922e-03+0.j
  -2.37865975e-03+0.j -1.85292212e-07+0.j  5.63055922e-02+0.j
  -1.47925715e-03+0.j  9.97271330e-04+0.j  2.61423339e-08+0.j
  -4.46146437e-02+0.j]
 [-4.28687533e-02+0.j -6.34815991e-02+0.j -6.58087795e-02+0.j
   1.06586543e-08+0.j  4.63747141e-02+0.j  6.86732874e-02+0.j
   2.94084406e-01+0.j -2.55922321e-08+0.j  4.43277811e-01+0.j
  -8.39962907e-02+0.j  3.17328368e-01+0.j -8.10351096e-09+0.j
   4.63002622e-02+0.j  6.85628838e-02+0.j -9.15822725e-02+0.j
  -1.77765244e-07+0.j -4.27909431e-02+0.j -6.33663897e-02+0.j
   3.49484490e-02+0.j  1.26534047e-06+0.j  4.03349874e-02+0.j
   5.97308014e-02+0.j]
 [-6.34815920e-02+0.j  4.28687092e-02+0.j  3.95820646e-08+0.j
  -6.58088024e-02+0.j  6.86733125e-02+0.j -4.63745624e-02+0.j
  -2.35357452e-08+0.j  2.94084354e-01+0.j -8.39962907e-02+0.j
   5.56722143e-01+0.j -5.49963132e-08+0.j  3.17328284e-01+0.j
   6.85632303e-02+0.j -4.63002637e-02+0.j  8.16672941e-08+0.j
  -9.15826510e-02+0.j -6.33663227e-02+0.j  4.27913987e-02+0.j
   4.62844090e-08+0.j  3.49485922e-02+0.j  5.97300217e-02+0.j
  -4.03347041e-02+0.j]
 [ 7.99662021e-02+0.j -1.57488880e-08+0.j  1.87418116e-03+0.j
   2.77549588e-03+0.j -1.13491204e-01+0.j  3.81732932e-08+0.j
  -4.82376090e-03+0.j -7.14338455e-03+0.j  3.17328368e-01+0.j
  -5.49963131e-08+0.j  5.14282208e-01+0.j  2.11497857e-02+0.j
   3.17328303e-01+0.j  1.05186169e-07+0.j -4.82385164e-03+0.j
  -7.14369306e-03+0.j -1.13490506e-01+0.j -6.03321464e-07+0.j
   1.87435729e-03+0.j  2.77439108e-03+0.j  7.99667272e-02+0.j
  -5.06564047e-07+0.j]
 [ 4.98394197e-07+0.j  7.99668690e-02+0.j  2.77454566e-03+0.j
  -1.87434223e-03+0.j  5.90864120e-07+0.j -1.13490312e-01+0.j
  -7.14373981e-03+0.j  4.82382916e-03+0.j -8.10351093e-09+0.j
   3.17328284e-01+0.j  2.11497857e-02+0.j  4.85717827e-01+0.j
  -1.34685612e-08+0.j  3.17328394e-01+0.j -7.14338576e-03+0.j
   4.82373510e-03+0.j  2.23032063e-08+0.j -1.13491405e-01+0.j
   2.77549327e-03+0.j -1.87420720e-03+0.j -5.98205501e-08+0.j
   7.99660282e-02+0.j]
 [ 4.03348644e-02+0.j  5.97301411e-02+0.j  3.49484301e-02+0.j
  -3.03831113e-08+0.j -4.27912899e-02+0.j -6.33661730e-02+0.j
  -9.15824432e-02+0.j -3.44790719e-08+0.j  4.63002622e-02+0.j
   6.85632303e-02+0.j  3.17328303e-01+0.j -1.34685613e-08+0.j
   4.43277917e-01+0.j -8.39962978e-02+0.j  2.94084423e-01+0.j
   4.36619701e-08+0.j  4.63745381e-02+0.j  6.86734099e-02+0.j
  -6.58088195e-02+0.j -2.71654306e-08+0.j -4.28686449e-02+0.j
  -6.34815078e-02+0.j]
 [ 5.97310082e-02+0.j -4.03351065e-02+0.j -1.41333347e-06+0.j
   3.49480534e-02+0.j -6.33660748e-02+0.j  4.27908675e-02+0.j
   2.13061267e-08+0.j -9.15822272e-02+0.j  6.85628838e-02+0.j
  -4.63002637e-02+0.j  1.05186169e-07+0.j  3.17328394e-01+0.j
  -8.39962978e-02+0.j  5.56722112e-01+0.j -3.76630764e-08+0.j
   2.94084498e-01+0.j  6.86733421e-02+0.j -4.63746481e-02+0.j
   2.47880384e-09+0.j -6.58087877e-02+0.j -6.34815737e-02+0.j
   4.28686758e-02+0.j]
 [-4.46145792e-02+0.j  3.27467031e-08+0.j -9.97649536e-04+0.j
  -1.47958769e-03+0.j  5.63052682e-02+0.j  1.35472764e-07+0.j
   2.37865210e-03+0.j  3.52202922e-03+0.j -9.15822725e-02+0.j
   8.16672941e-08+0.j -4.82385164e-03+0.j -7.14338576e-03+0.j
   2.94084423e-01+0.j -3.76630764e-08+0.j  5.13612323e-01+0.j
   2.01577646e-02+0.j  3.43747257e-01+0.j  8.15170665e-08+0.j
  -3.63191525e-03+0.j -5.37827195e-03+0.j -1.47178176e-01+0.j
  -1.07002862e-07+0.j]
 [-1.20964731e-06+0.j -4.46194193e-02+0.j -1.47358329e-03+0.j
   9.98995279e-04+0.j -2.17525527e-06+0.j  5.62999263e-02+0.j
   3.52486672e-03+0.j -2.37865975e-03+0.j -1.77765244e-07+0.j
  -9.15826510e-02+0.j -7.14369306e-03+0.j  4.82373510e-03+0.j
   4.36619701e-08+0.j  2.94084498e-01+0.j  2.01577646e-02+0.j
   4.86387731e-01+0.j  1.28540237e-08+0.j  3.43747373e-01+0.j
  -5.37827787e-03+0.j  3.63183617e-03+0.j -2.80827433e-08+0.j
  -1.47178286e-01+0.j]
 [-3.83732219e-02+0.j -5.68223338e-02+0.j -2.44331747e-02+0.j
   6.48190479e-07+0.j  4.04348154e-02+0.j  5.98786133e-02+0.j
   5.63000937e-02+0.j -1.85292212e-07+0.j -4.27909431e-02+0.j
  -6.33663227e-02+0.j -1.13490506e-01+0.j  2.23032064e-08+0.j
   4.63745381e-02+0.j  6.86733421e-02+0.j  3.43747257e-01+0.j
   1.28540238e-08+0.j  4.43180446e-01+0.j -8.41406658e-02+0.j
   2.57213364e-01+0.j  5.13090558e-09+0.j  4.68996718e-02+0.j
   6.94509063e-02+0.j]
 [-5.68411605e-02+0.j  3.83715617e-02+0.j  1.27669393e-05+0.j
  -2.44115358e-02+0.j  5.98623374e-02+0.j -4.04347703e-02+0.j
   2.37359888e-06+0.j  5.63055922e-02+0.j -6.33663897e-02+0.j
   4.27913987e-02+0.j -6.03321464e-07+0.j -1.13491405e-01+0.j
   6.86734099e-02+0.j -4.63746481e-02+0.j  8.15170665e-08+0.j
   3.43747373e-01+0.j -8.41406658e-02+0.j  5.56819634e-01+0.j
  -2.38033318e-08+0.j  2.57213387e-01+0.j  6.94508889e-02+0.j
  -4.68997686e-02+0.j]
 [ 2.01840495e-02+0.j -1.68733647e-06+0.j  4.44844097e-04+0.j
   6.57383627e-04+0.j -2.44115328e-02+0.j -6.42901087e-07+0.j
  -9.98745734e-04+0.j -1.47925715e-03+0.j  3.49484490e-02+0.j
   4.62844090e-08+0.j  1.87435729e-03+0.j  2.77549327e-03+0.j
  -6.58088195e-02+0.j  2.47880390e-09+0.j -3.63191525e-03+0.j
  -5.37827787e-03+0.j  2.57213364e-01+0.j -2.38033318e-08+0.j
   5.11167911e-01+0.j  1.65378879e-02+0.j  4.08500927e-01+0.j
   7.64735742e-08+0.j]
 [-1.99799150e-05+0.j  2.01561945e-02+0.j  6.96986190e-04+0.j
  -4.44940345e-04+0.j -1.30502341e-05+0.j -2.44335502e-02+0.j
  -1.47267611e-03+0.j  9.97271330e-04+0.j  1.26534047e-06+0.j
   3.49485922e-02+0.j  2.77439108e-03+0.j -1.87420720e-03+0.j
  -2.71654306e-08+0.j -6.58087877e-02+0.j -5.37827195e-03+0.j
   3.63183617e-03+0.j  5.13090566e-09+0.j  2.57213387e-01+0.j
   1.65378879e-02+0.j  4.88832151e-01+0.j  1.78171430e-08+0.j
   4.08500949e-01+0.j]
 [ 3.64719801e-02+0.j  5.40085018e-02+0.j  2.01560203e-02+0.j
   1.68537436e-06+0.j -3.83718147e-02+0.j -5.68228035e-02+0.j
  -4.46198179e-02+0.j  2.61423339e-08+0.j  4.03349874e-02+0.j
   5.97300217e-02+0.j  7.99667272e-02+0.j -5.98205501e-08+0.j
  -4.28686449e-02+0.j -6.34815737e-02+0.j -1.47178176e-01+0.j
  -2.80827432e-08+0.j  4.68996718e-02+0.j  6.94508889e-02+0.j
   4.08500927e-01+0.j  1.78171430e-08+0.j  4.41710399e-01+0.j
  -8.63174815e-02+0.j]
 [ 5.39810110e-02+0.j -3.64719407e-02+0.j  2.01429878e-05+0.j
   2.01841208e-02+0.j -5.68421210e-02+0.j  3.83736585e-02+0.j
   1.41490964e-06+0.j -4.46146437e-02+0.j  5.97308014e-02+0.j
  -4.03347041e-02+0.j -5.06564047e-07+0.j  7.99660282e-02+0.j
  -6.34815078e-02+0.j  4.28686758e-02+0.j -1.07002862e-07+0.j
  -1.47178286e-01+0.j  6.94509063e-02+0.j -4.68997686e-02+0.j
   7.64735742e-08+0.j  4.08500949e-01+0.j -8.63174815e-02+0.j
   5.58289738e-01+0.j]]
W= [0.18657233+0.j 0.21094083+0.j 0.20553643+0.j 0.213887  +0.j
 0.20770574+0.j 0.21439316+0.j 0.20770577+0.j 0.21388705+0.j
 0.20553652+0.j 0.21094089+0.j 0.18657247+0.j]
local approximation with  1 sites
local interactions on sites [[0], [1], [2], [3], [4], [5], [6], [7], [8], [9], [10]]
Functional for interaction on sites [0]
aca-directory for images already exists
aca-directory for images already exists
aca-directory for images already exists
interacting orbitals: [0, 1]
mapping: [0, 1, 2, 3, 4, 5, 6, 7, 8, 9, 10, 11, 12, 13, 14, 15, 16, 17, 18, 19, 20, 21]
aca-directory for images already exists
aca-directory for images already exists
aca-directory for images already exists
orbinteractaca= [0, 1]
aca-directory for images already exists
aca-directory for images already exists
aca-directory for images already exists
aca-directory for images already exists
aca-directory for images already exists
aca-directory for images already exists
aca-directory for images already exists
aca-directory for images already exists
aca-directory for images already exists
aca-directory for images already exists
aca-directory for images already exists
aca-directory for images already exists
aca-directory for images already exists
aca-directory for images already exists
aca-directory for images already exists
aca-directory for images already exists
aca-directory for images already exists
aca-directory for images already exists
aca-directory for images already exists
aca-directory for images already exists
aca-directory for images already exists
aca-directory for images already exists
aca-directory for images already exists
aca-directory for images already exists
aca-directory for images already exists
aca-directory for images already exists
aca-directory for images already exists
aca-directory for images already exists
aca-directory for images already exists
aca-directory for images already exists
aca-directory for images already exists
aca-directory for images already exists
aca-directory for images already exists
aca-directory for images already exists
aca-directory for images already exists
aca-directory for images already exists
aca-directory for images already exists
aca-directory for images already exists
aca-directory for images already exists
aca-directory for images already exists
aca-directory for images already exists
aca-directory for images already exists
aca-directory for images already exists
aca-directory for images already exists
aca-directory for images already exists
aca-directory for images already exists
aca-directory for images already exists
aca-directory for images already exists
aca-directory for images already exists
aca-directory for images already exists
aca-directory for images already exists
aca-directory for images already exists
aca-directory for images already exists
aca-directory for images already exists
aca-directory for images already exists
aca-directory for images already exists
aca-directory for images already exists
aca-directory for images already exists
aca-directory for images already exists
aca-directory for images already exists
aca-directory for images already exists
aca-directory for images already exists
aca-directory for images already exists
aca: level 10  norb= 22
Daca= [[ 4.41710182e-01+0.j -8.63174094e-02+0.j -4.73666477e-01+0.j
  -2.95134131e-18+0.j -3.76251627e-18+0.j  2.63388631e-17+0.j
  -5.24921373e-17+0.j -7.00234483e-19+0.j -1.30695104e-18+0.j
   1.96903446e-18+0.j  1.41039193e-17+0.j  5.58390556e-19+0.j
   1.29514409e-17+0.j  2.85666986e-17+0.j -1.65027179e-18+0.j
  -1.37138161e-19+0.j -1.22534045e-17+0.j  4.79715440e-18+0.j
   3.66249803e-18+0.j  3.33913144e-20+0.j  1.86315215e-17+0.j
  -3.56517838e-18+0.j]
 [-8.63174094e-02+0.j  5.58289683e-01+0.j  1.42350133e-07+0.j
  -4.73666401e-01+0.j -1.37880920e-17+0.j -8.71700237e-19+0.j
   5.27148169e-19+0.j  7.84304303e-19+0.j  1.36197611e-17+0.j
  -1.80821283e-18+0.j -1.97682318e-19+0.j  9.61396622e-18+0.j
  -4.08733522e-18+0.j  4.02583689e-18+0.j  1.59644567e-19+0.j
   8.55719663e-18+0.j  1.01670974e-17+0.j -7.61739574e-18+0.j
  -7.73644742e-20+0.j  1.88665687e-18+0.j  4.99567219e-18+0.j
   1.00863950e-17+0.j]
 [-4.73666477e-01+0.j  1.42350133e-07+0.j  5.57638001e-01+0.j
   8.53522103e-02+0.j  1.00923289e-02+0.j  7.81168577e-20+0.j
   1.98608822e-19+0.j  8.99826435e-20+0.j  7.13992016e-20+0.j
  -1.18748638e-20+0.j -4.72147928e-19+0.j -3.71243551e-19+0.j
   6.72612614e-19+0.j  5.91509167e-21+0.j  2.47224047e-19+0.j
   2.21754792e-19+0.j  2.65717265e-20+0.j -1.45767297e-21+0.j
  -3.50803078e-19+0.j -2.79998338e-19+0.j  3.62742472e-22+0.j
   2.36849788e-23+0.j]
 [-2.93052660e-17+0.j -4.73666401e-01+0.j  8.53522103e-02+0.j
   4.42362324e-01+0.j  4.74176240e-07+0.j  1.00929235e-02+0.j
  -6.42756537e-19+0.j  6.74608557e-20+0.j -8.67272098e-21+0.j
   5.89358353e-19+0.j  3.88757548e-19+0.j -4.01977250e-19+0.j
   1.82638757e-21+0.j  9.29569802e-20+0.j -2.76741336e-19+0.j
   1.43099973e-19+0.j -5.95616763e-22+0.j  6.15157445e-20+0.j
   3.53817487e-19+0.j  2.43917657e-19+0.j  7.05252026e-23+0.j
  -1.17034012e-20+0.j]
 [-3.07856842e-18+0.j -1.60031295e-16+0.j  1.00923289e-02+0.j
   4.74176240e-07+0.j  5.08997716e-01+0.j  1.33210157e-02+0.j
   4.85996995e-01+0.j -1.45142525e-17+0.j -2.11629380e-17+0.j
  -1.71325899e-17+0.j  3.78977603e-17+0.j  8.96054820e-19+0.j
   1.14030309e-17+0.j  1.71348228e-17+0.j -1.91334372e-19+0.j
   8.71027400e-19+0.j -2.03029420e-17+0.j -4.79763608e-17+0.j
   9.16190822e-18+0.j -1.06673913e-20+0.j  5.10329726e-17+0.j
   3.56981733e-17+0.j]
 [-9.11708938e-17+0.j -8.53852596e-17+0.j -2.27136709e-17+0.j
   1.00929235e-02+0.j  1.33210157e-02+0.j  4.90994133e-01+0.j
  -1.47861027e-07+0.j  4.85996177e-01+0.j -1.00235278e-17+0.j
  -2.78600289e-18+0.j -3.30409437e-18+0.j  1.69574835e-17+0.j
   1.27915237e-17+0.j -6.50745435e-18+0.j  1.47399687e-18+0.j
   2.14563918e-17+0.j -5.21119582e-18+0.j  3.22968178e-17+0.j
  -3.40014552e-19+0.j  8.36403859e-18+0.j  4.44464485e-17+0.j
  -1.38714235e-17+0.j]
 [-1.06570314e-16+0.j -5.99713331e-17+0.j  1.53312633e-16+0.j
  -8.67637052e-17+0.j  4.85996995e-01+0.j -1.47861027e-07+0.j
   4.88556246e-01+0.j -1.69426902e-02+0.j  7.31244385e-03+0.j
  -5.10142400e-19+0.j  1.37400033e-19+0.j  7.68028740e-19+0.j
  -9.70282460e-19+0.j  1.04435040e-19+0.j -7.01478578e-20+0.j
  -2.95588371e-19+0.j  3.02242315e-19+0.j -4.69742521e-20+0.j
   1.16076273e-19+0.j -2.06446046e-19+0.j -2.09977170e-19+0.j
  -7.63782203e-23+0.j]
 [ 1.48745077e-18+0.j  4.76760483e-17+0.j -5.87686134e-17+0.j
  -3.13016881e-17+0.j -1.14191371e-16+0.j  4.85996177e-01+0.j
  -1.69426902e-02+0.j  5.11451701e-01+0.j -6.04613030e-07+0.j
   7.31172342e-03+0.j -3.99695098e-19+0.j  1.86253376e-19+0.j
   4.67293084e-20+0.j  1.17449516e-18+0.j  5.33703051e-19+0.j
  -4.80008476e-19+0.j -3.30220709e-20+0.j -4.43981035e-19+0.j
  -1.17016608e-18+0.j  7.52563507e-19+0.j  1.67075216e-20+0.j
   3.14318007e-19+0.j]
 [ 2.32188619e-16+0.j  3.84861867e-17+0.j  1.06394636e-16+0.j
  -8.04283350e-17+0.j -2.50633135e-17+0.j -2.54636676e-17+0.j
   7.31244385e-03+0.j -6.04613031e-07+0.j  4.70225636e-01+0.j
  -4.41056268e-02+0.j -4.85540899e-01+0.j -8.25724133e-19+0.j
  -9.45878373e-18+0.j -1.94906248e-17+0.j  1.35294050e-17+0.j
  -3.40501085e-19+0.j  3.83618482e-17+0.j  7.52992671e-17+0.j
  -2.75051254e-17+0.j  2.92305468e-18+0.j -6.40540500e-17+0.j
  -1.22404410e-16+0.j]
 [-8.17569242e-17+0.j -1.25136210e-16+0.j  4.22400605e-17+0.j
   2.48848334e-16+0.j  2.08552923e-16+0.j  8.90686110e-17+0.j
  -1.00871164e-16+0.j  7.31172342e-03+0.j -4.41056268e-02+0.j
   5.29780771e-01+0.j -1.51263699e-06+0.j -4.85541888e-01+0.j
  -1.57934530e-17+0.j  1.46336933e-17+0.j  9.56238082e-19+0.j
   2.02417240e-17+0.j  9.73226210e-17+0.j -5.66374287e-17+0.j
  -3.41019182e-18+0.j -2.42804150e-17+0.j -1.40228103e-16+0.j
   1.26062656e-16+0.j]
 [ 1.12044113e-16+0.j -4.35115591e-17+0.j  8.41884967e-17+0.j
   2.52885002e-16+0.j  7.64824814e-17+0.j  6.24049954e-17+0.j
  -2.25924619e-16+0.j -2.87236848e-16+0.j -4.85540899e-01+0.j
  -1.51263699e-06+0.j  5.30760458e-01+0.j  4.55657620e-02+0.j
  -3.18733212e-03+0.j  8.38067579e-21+0.j  4.78560886e-19+0.j
   4.36648264e-19+0.j -8.36304804e-20+0.j -7.77472357e-21+0.j
  -3.56337287e-19+0.j -9.20252477e-19+0.j -4.21384021e-20+0.j
  -1.23331950e-20+0.j]
 [ 1.19706431e-16+0.j -1.68791501e-16+0.j  2.58264186e-17+0.j
  -8.02152518e-17+0.j -1.55181399e-17+0.j -1.82035061e-17+0.j
  -8.55334182e-17+0.j -3.32260903e-18+0.j  1.37952154e-16+0.j
  -4.85541888e-01+0.j  4.55657620e-02+0.j  4.69233147e-01+0.j
  -3.02821196e-07+0.j -3.18786160e-03+0.j -1.78315242e-20+0.j
  -1.97705461e-19+0.j  4.54205196e-20+0.j -9.59446729e-20+0.j
   3.10633542e-19+0.j  3.97188791e-19+0.j  1.59264518e-20+0.j
  -4.19918057e-20+0.j]
 [-1.52688083e-16+0.j -1.42977525e-16+0.j -1.33110822e-17+0.j
   1.11561469e-16+0.j  3.49658801e-17+0.j  7.34492567e-17+0.j
  -2.76086024e-17+0.j -1.42670814e-16+0.j  1.24203121e-16+0.j
   8.49968984e-17+0.j -3.18733212e-03+0.j -3.02821196e-07+0.j
   4.16389256e-01+0.j -1.23792946e-01+0.j -4.69698714e-01+0.j
   1.35795714e-17+0.j -2.63374391e-17+0.j  1.80920736e-17+0.j
   2.49410136e-17+0.j -3.92647037e-19+0.j  1.59636649e-17+0.j
   6.28712670e-17+0.j]
 [-3.25518564e-17+0.j -5.02384818e-17+0.j  2.11039247e-17+0.j
   1.95030348e-16+0.j -2.83029156e-16+0.j  2.38786151e-17+0.j
  -5.91539697e-18+0.j -3.30353897e-16+0.j  1.47042829e-16+0.j
   8.74325118e-17+0.j  1.03894179e-16+0.j -3.18786160e-03+0.j
  -1.23792946e-01+0.j  5.83634675e-01+0.j -5.54926995e-06+0.j
  -4.69693228e-01+0.j -1.36502827e-17+0.j -2.97031718e-17+0.j
   3.17547722e-18+0.j  1.22383654e-18+0.j -1.62695129e-17+0.j
  -1.28386793e-17+0.j]
 [-3.61963280e-17+0.j  5.51557998e-17+0.j  7.35535530e-17+0.j
   4.92733476e-17+0.j  1.46381348e-16+0.j  4.26794051e-17+0.j
  -1.80426445e-16+0.j -3.08087917e-16+0.j  1.38429495e-16+0.j
   7.89156488e-17+0.j -5.08728763e-17+0.j -9.18397776e-17+0.j
  -4.69698714e-01+0.j -5.54926995e-06+0.j  5.82974349e-01+0.j
   1.22847721e-01+0.j -1.53954966e-03+0.j -1.21087782e-19+0.j
  -7.24972738e-20+0.j -1.77619338e-19+0.j  2.13074614e-19+0.j
   1.82170713e-21+0.j]
 [-4.72998505e-17+0.j -1.15394217e-16+0.j -4.42080271e-17+0.j
   7.44388911e-17+0.j  1.07237492e-16+0.j  4.46009927e-17+0.j
   6.12942235e-17+0.j -5.31689532e-17+0.j -9.05461218e-17+0.j
  -6.98492429e-17+0.j  2.72357593e-16+0.j -9.51660643e-17+0.j
  -9.40377535e-17+0.j -4.69693228e-01+0.j  1.22847721e-01+0.j
   4.17001631e-01+0.j -1.40661346e-07+0.j -1.53948831e-03+0.j
  -9.31357696e-20+0.j  2.15799289e-20+0.j  9.19878315e-21+0.j
   4.26391680e-20+0.j]
 [ 1.59873721e-17+0.j -4.41741028e-17+0.j  3.46326044e-17+0.j
   1.66206568e-17+0.j  6.81138071e-18+0.j  2.27498214e-16+0.j
  -2.23424086e-17+0.j -6.71092587e-17+0.j -2.96599797e-17+0.j
  -1.09635850e-17+0.j -8.98075689e-17+0.j -1.66871942e-16+0.j
  -2.68532030e-16+0.j -1.44243087e-16+0.j -1.53954966e-03+0.j
  -1.40661346e-07+0.j  3.54196774e-01+0.j -2.15849531e-01+0.j
   4.19393422e-01+0.j  3.69310577e-17+0.j -5.13346360e-17+0.j
  -1.04637349e-17+0.j]
 [ 3.91321361e-17+0.j -2.12783431e-17+0.j -1.25573407e-17+0.j
  -6.61811810e-17+0.j -1.99652431e-17+0.j -6.15060209e-17+0.j
   8.29489383e-17+0.j  3.67826429e-17+0.j  3.25099448e-16+0.j
   7.22090741e-18+0.j -1.67534645e-16+0.j  3.06983727e-17+0.j
  -8.49628464e-17+0.j -3.59564066e-17+0.j -1.73701699e-17+0.j
  -1.53948831e-03+0.j -2.15849531e-01+0.j  6.45776364e-01+0.j
  -1.29998344e-05+0.j  4.19403972e-01+0.j -5.70508414e-18+0.j
   1.82717413e-17+0.j]
 [ 2.43526653e-17+0.j  1.30685869e-17+0.j  3.67501622e-17+0.j
   7.83958422e-17+0.j -1.03643090e-17+0.j -1.31283111e-17+0.j
  -4.14721953e-18+0.j -1.65127230e-17+0.j -2.53019177e-16+0.j
  -3.07259916e-17+0.j -5.36075937e-17+0.j  1.60688877e-18+0.j
   1.77533934e-17+0.j -4.15149095e-17+0.j -1.80327782e-16+0.j
  -3.14722162e-16+0.j  4.19393422e-01+0.j -1.29998344e-05+0.j
   6.45533440e-01+0.j  2.15464423e-01+0.j  1.06936517e-03+0.j
  -2.73458790e-23+0.j]
 [ 5.53439042e-18+0.j  1.21594725e-17+0.j  5.54052742e-17+0.j
  -6.66254028e-17+0.j -2.02226270e-17+0.j -7.08682406e-17+0.j
   1.04922224e-16+0.j -8.15982366e-17+0.j -3.87103087e-17+0.j
  -9.57464864e-18+0.j -2.21105953e-16+0.j -9.81382299e-17+0.j
  -2.18752543e-17+0.j -8.56671671e-17+0.j  2.63726896e-17+0.j
   6.17766601e-17+0.j  2.55902014e-17+0.j  4.19403972e-01+0.j
   2.15464423e-01+0.j  3.54493402e-01+0.j  1.15287502e-06+0.j
  -1.07095367e-03+0.j]
 [ 6.66395656e-17+0.j  4.61353345e-17+0.j  5.99802818e-17+0.j
  -2.05578361e-17+0.j -1.72703672e-16+0.j -7.70013014e-17+0.j
  -1.50884704e-16+0.j -1.20042450e-16+0.j -2.98278989e-16+0.j
  -3.58877525e-16+0.j  6.37386929e-17+0.j  8.65812478e-17+0.j
  -5.46179633e-17+0.j -2.43214527e-17+0.j -1.83683416e-16+0.j
   5.70445998e-17+0.j -6.72826544e-17+0.j  8.65812071e-17+0.j
   1.06936517e-03+0.j  1.15287502e-06+0.j  2.22774715e-01+0.j
   4.09624708e-01+0.j]
 [ 1.71810247e-17+0.j  3.14750113e-18+0.j  5.80347924e-18+0.j
   3.80030195e-17+0.j -1.41254830e-16+0.j  1.30116229e-16+0.j
   5.10800700e-17+0.j  3.40942135e-17+0.j -5.10982468e-16+0.j
   2.33651145e-16+0.j  1.72891230e-16+0.j -2.51985587e-16+0.j
  -1.81738525e-16+0.j -9.72710761e-17+0.j  1.24369666e-16+0.j
  -1.12837595e-16+0.j -3.49199075e-16+0.j  1.49464023e-18+0.j
  -1.23740128e-17+0.j -1.07095367e-03+0.j  4.09624708e-01+0.j
   7.77225396e-01+0.j]]
Naca= (5.219756773119939, 5.780243226857985)
nq= 22
variational state:
        ┌──────────┐┌───────────┐┌───┐     ┌───────────┐┌───────────┐»
 q0_0: ─┤ Ry(y[0]) ├┤ Rz(y[22]) ├┤ X ├──■──┤ Ry(y[44]) ├┤ Rz(y[66]) ├»
        ├──────────┤├───────────┤└─┬─┘┌─┴─┐└───────────┘├───────────┤»
 q0_1: ─┤ Ry(y[1]) ├┤ Rz(y[23]) ├──┼──┤ X ├──────■──────┤ Ry(y[45]) ├»
        ├──────────┤├───────────┤  │  └───┘    ┌─┴─┐    └───────────┘»
 q0_2: ─┤ Ry(y[2]) ├┤ Rz(y[24]) ├──┼───────────┤ X ├──────────■──────»
        ├──────────┤├───────────┤  │           └───┘        ┌─┴─┐    »
 q0_3: ─┤ Ry(y[3]) ├┤ Rz(y[25]) ├──┼────────────────────────┤ X ├────»
        ├──────────┤├───────────┤  │                        └───┘    »
 q0_4: ─┤ Ry(y[4]) ├┤ Rz(y[26]) ├──┼─────────────────────────────────»
        ├──────────┤├───────────┤  │                                 »
 q0_5: ─┤ Ry(y[5]) ├┤ Rz(y[27]) ├──┼─────────────────────────────────»
        ├──────────┤├───────────┤  │                                 »
 q0_6: ─┤ Ry(y[6]) ├┤ Rz(y[28]) ├──┼─────────────────────────────────»
        ├──────────┤├───────────┤  │                                 »
 q0_7: ─┤ Ry(y[7]) ├┤ Rz(y[29]) ├──┼─────────────────────────────────»
        ├──────────┤├───────────┤  │                                 »
 q0_8: ─┤ Ry(y[8]) ├┤ Rz(y[30]) ├──┼─────────────────────────────────»
        ├──────────┤├───────────┤  │                                 »
 q0_9: ─┤ Ry(y[9]) ├┤ Rz(y[31]) ├──┼─────────────────────────────────»
       ┌┴──────────┤├───────────┤  │                                 »
q0_10: ┤ Ry(y[10]) ├┤ Rz(y[32]) ├──┼─────────────────────────────────»
       ├───────────┤├───────────┤  │                                 »
q0_11: ┤ Ry(y[11]) ├┤ Rz(y[33]) ├──┼─────────────────────────────────»
       ├───────────┤├───────────┤  │                                 »
q0_12: ┤ Ry(y[12]) ├┤ Rz(y[34]) ├──┼─────────────────────────────────»
       ├───────────┤├───────────┤  │                                 »
q0_13: ┤ Ry(y[13]) ├┤ Rz(y[35]) ├──┼─────────────────────────────────»
       ├───────────┤├───────────┤  │                                 »
q0_14: ┤ Ry(y[14]) ├┤ Rz(y[36]) ├──┼─────────────────────────────────»
       ├───────────┤├───────────┤  │                                 »
q0_15: ┤ Ry(y[15]) ├┤ Rz(y[37]) ├──┼─────────────────────────────────»
       ├───────────┤├───────────┤  │                                 »
q0_16: ┤ Ry(y[16]) ├┤ Rz(y[38]) ├──┼─────────────────────────────────»
       ├───────────┤├───────────┤  │                                 »
q0_17: ┤ Ry(y[17]) ├┤ Rz(y[39]) ├──┼─────────────────────────────────»
       ├───────────┤├───────────┤  │                                 »
q0_18: ┤ Ry(y[18]) ├┤ Rz(y[40]) ├──┼─────────────────────────────────»
       ├───────────┤├───────────┤  │                                 »
q0_19: ┤ Ry(y[19]) ├┤ Rz(y[41]) ├──┼─────────────────────────────────»
       ├───────────┤├───────────┤  │                                 »
q0_20: ┤ Ry(y[20]) ├┤ Rz(y[42]) ├──┼─────────────────────────────────»
       ├───────────┤├───────────┤  │                                 »
q0_21: ┤ Ry(y[21]) ├┤ Rz(y[43]) ├──■─────────────────────────────────»
       └───────────┘└───────────┘                                    »
c0: 22/══════════════════════════════════════════════════════════════»
                                                                     »
«                                                                        »
« q0_0: ─────────────────────────────────────────────────────────────────»
«       ┌───────────┐                                                    »
« q0_1: ┤ Rz(y[67]) ├────────────────────────────────────────────────────»
«       ├───────────┤┌───────────┐                                       »
« q0_2: ┤ Ry(y[46]) ├┤ Rz(y[68]) ├───────────────────────────────────────»
«       └───────────┘├───────────┤┌───────────┐                          »
« q0_3: ──────■──────┤ Ry(y[47]) ├┤ Rz(y[69]) ├──────────────────────────»
«           ┌─┴─┐    └───────────┘├───────────┤┌───────────┐             »
« q0_4: ────┤ X ├──────────■──────┤ Ry(y[48]) ├┤ Rz(y[70]) ├─────────────»
«           └───┘        ┌─┴─┐    └───────────┘├───────────┤┌───────────┐»
« q0_5: ─────────────────┤ X ├──────────■──────┤ Ry(y[49]) ├┤ Rz(y[71]) ├»
«                        └───┘        ┌─┴─┐    └───────────┘├───────────┤»
« q0_6: ──────────────────────────────┤ X ├──────────■──────┤ Ry(y[50]) ├»
«                                     └───┘        ┌─┴─┐    └───────────┘»
« q0_7: ───────────────────────────────────────────┤ X ├──────────■──────»
«                                                  └───┘        ┌─┴─┐    »
« q0_8: ────────────────────────────────────────────────────────┤ X ├────»
«                                                               └───┘    »
« q0_9: ─────────────────────────────────────────────────────────────────»
«                                                                        »
«q0_10: ─────────────────────────────────────────────────────────────────»
«                                                                        »
«q0_11: ─────────────────────────────────────────────────────────────────»
«                                                                        »
«q0_12: ─────────────────────────────────────────────────────────────────»
«                                                                        »
«q0_13: ─────────────────────────────────────────────────────────────────»
«                                                                        »
«q0_14: ─────────────────────────────────────────────────────────────────»
«                                                                        »
«q0_15: ─────────────────────────────────────────────────────────────────»
«                                                                        »
«q0_16: ─────────────────────────────────────────────────────────────────»
«                                                                        »
«q0_17: ─────────────────────────────────────────────────────────────────»
«                                                                        »
«q0_18: ─────────────────────────────────────────────────────────────────»
«                                                                        »
«q0_19: ─────────────────────────────────────────────────────────────────»
«                                                                        »
«q0_20: ─────────────────────────────────────────────────────────────────»
«                                                                        »
«q0_21: ─────────────────────────────────────────────────────────────────»
«                                                                        »
«c0: 22/═════════════════════════════════════════════════════════════════»
«                                                                        »
«                                                                        »
« q0_0: ─────────────────────────────────────────────────────────────────»
«                                                                        »
« q0_1: ─────────────────────────────────────────────────────────────────»
«                                                                        »
« q0_2: ─────────────────────────────────────────────────────────────────»
«                                                                        »
« q0_3: ─────────────────────────────────────────────────────────────────»
«                                                                        »
« q0_4: ─────────────────────────────────────────────────────────────────»
«                                                                        »
« q0_5: ─────────────────────────────────────────────────────────────────»
«       ┌───────────┐                                                    »
« q0_6: ┤ Rz(y[72]) ├────────────────────────────────────────────────────»
«       ├───────────┤┌───────────┐                                       »
« q0_7: ┤ Ry(y[51]) ├┤ Rz(y[73]) ├───────────────────────────────────────»
«       └───────────┘├───────────┤┌───────────┐                          »
« q0_8: ──────■──────┤ Ry(y[52]) ├┤ Rz(y[74]) ├──────────────────────────»
«           ┌─┴─┐    └───────────┘├───────────┤┌───────────┐             »
« q0_9: ────┤ X ├──────────■──────┤ Ry(y[53]) ├┤ Rz(y[75]) ├─────────────»
«           └───┘        ┌─┴─┐    └───────────┘├───────────┤┌───────────┐»
«q0_10: ─────────────────┤ X ├──────────■──────┤ Ry(y[54]) ├┤ Rz(y[76]) ├»
«                        └───┘        ┌─┴─┐    └───────────┘├───────────┤»
«q0_11: ──────────────────────────────┤ X ├──────────■──────┤ Ry(y[55]) ├»
«                                     └───┘        ┌─┴─┐    └───────────┘»
«q0_12: ───────────────────────────────────────────┤ X ├──────────■──────»
«                                                  └───┘        ┌─┴─┐    »
«q0_13: ────────────────────────────────────────────────────────┤ X ├────»
«                                                               └───┘    »
«q0_14: ─────────────────────────────────────────────────────────────────»
«                                                                        »
«q0_15: ─────────────────────────────────────────────────────────────────»
«                                                                        »
«q0_16: ─────────────────────────────────────────────────────────────────»
«                                                                        »
«q0_17: ─────────────────────────────────────────────────────────────────»
«                                                                        »
«q0_18: ─────────────────────────────────────────────────────────────────»
«                                                                        »
«q0_19: ─────────────────────────────────────────────────────────────────»
«                                                                        »
«q0_20: ─────────────────────────────────────────────────────────────────»
«                                                                        »
«q0_21: ─────────────────────────────────────────────────────────────────»
«                                                                        »
«c0: 22/═════════════════════════════════════════════════════════════════»
«                                                                        »
«                                                                        »
« q0_0: ─────────────────────────────────────────────────────────────────»
«                                                                        »
« q0_1: ─────────────────────────────────────────────────────────────────»
«                                                                        »
« q0_2: ─────────────────────────────────────────────────────────────────»
«                                                                        »
« q0_3: ─────────────────────────────────────────────────────────────────»
«                                                                        »
« q0_4: ─────────────────────────────────────────────────────────────────»
«                                                                        »
« q0_5: ─────────────────────────────────────────────────────────────────»
«                                                                        »
« q0_6: ─────────────────────────────────────────────────────────────────»
«                                                                        »
« q0_7: ─────────────────────────────────────────────────────────────────»
«                                                                        »
« q0_8: ─────────────────────────────────────────────────────────────────»
«                                                                        »
« q0_9: ─────────────────────────────────────────────────────────────────»
«                                                                        »
«q0_10: ─────────────────────────────────────────────────────────────────»
«       ┌───────────┐                                                    »
«q0_11: ┤ Rz(y[77]) ├────────────────────────────────────────────────────»
«       ├───────────┤┌───────────┐                                       »
«q0_12: ┤ Ry(y[56]) ├┤ Rz(y[78]) ├───────────────────────────────────────»
«       └───────────┘├───────────┤┌───────────┐                          »
«q0_13: ──────■──────┤ Ry(y[57]) ├┤ Rz(y[79]) ├──────────────────────────»
«           ┌─┴─┐    └───────────┘├───────────┤┌───────────┐             »
«q0_14: ────┤ X ├──────────■──────┤ Ry(y[58]) ├┤ Rz(y[80]) ├─────────────»
«           └───┘        ┌─┴─┐    └───────────┘├───────────┤┌───────────┐»
«q0_15: ─────────────────┤ X ├──────────■──────┤ Ry(y[59]) ├┤ Rz(y[81]) ├»
«                        └───┘        ┌─┴─┐    └───────────┘├───────────┤»
«q0_16: ──────────────────────────────┤ X ├──────────■──────┤ Ry(y[60]) ├»
«                                     └───┘        ┌─┴─┐    └───────────┘»
«q0_17: ───────────────────────────────────────────┤ X ├──────────■──────»
«                                                  └───┘        ┌─┴─┐    »
«q0_18: ────────────────────────────────────────────────────────┤ X ├────»
«                                                               └───┘    »
«q0_19: ─────────────────────────────────────────────────────────────────»
«                                                                        »
«q0_20: ─────────────────────────────────────────────────────────────────»
«                                                                        »
«q0_21: ─────────────────────────────────────────────────────────────────»
«                                                                        »
«c0: 22/═════════════════════════════════════════════════════════════════»
«                                                                        »
«                                                                        ┌───┐»
« q0_0: ─────────────────────────────────────────────────────────────────┤ X ├»
«                                                                        └─┬─┘»
« q0_1: ───────────────────────────────────────────────────────────────────┼──»
«                                                                          │  »
« q0_2: ───────────────────────────────────────────────────────────────────┼──»
«                                                                          │  »
« q0_3: ───────────────────────────────────────────────────────────────────┼──»
«                                                                          │  »
« q0_4: ───────────────────────────────────────────────────────────────────┼──»
«                                                                          │  »
« q0_5: ───────────────────────────────────────────────────────────────────┼──»
«                                                                          │  »
« q0_6: ───────────────────────────────────────────────────────────────────┼──»
«                                                                          │  »
« q0_7: ───────────────────────────────────────────────────────────────────┼──»
«                                                                          │  »
« q0_8: ───────────────────────────────────────────────────────────────────┼──»
«                                                                          │  »
« q0_9: ───────────────────────────────────────────────────────────────────┼──»
«                                                                          │  »
«q0_10: ───────────────────────────────────────────────────────────────────┼──»
«                                                                          │  »
«q0_11: ───────────────────────────────────────────────────────────────────┼──»
«                                                                          │  »
«q0_12: ───────────────────────────────────────────────────────────────────┼──»
«                                                                          │  »
«q0_13: ───────────────────────────────────────────────────────────────────┼──»
«                                                                          │  »
«q0_14: ───────────────────────────────────────────────────────────────────┼──»
«                                                                          │  »
«q0_15: ───────────────────────────────────────────────────────────────────┼──»
«       ┌───────────┐                                                      │  »
«q0_16: ┤ Rz(y[82]) ├──────────────────────────────────────────────────────┼──»
«       ├───────────┤┌───────────┐                                         │  »
«q0_17: ┤ Ry(y[61]) ├┤ Rz(y[83]) ├─────────────────────────────────────────┼──»
«       └───────────┘├───────────┤┌───────────┐                            │  »
«q0_18: ──────■──────┤ Ry(y[62]) ├┤ Rz(y[84]) ├────────────────────────────┼──»
«           ┌─┴─┐    └───────────┘├───────────┤┌───────────┐               │  »
«q0_19: ────┤ X ├──────────■──────┤ Ry(y[63]) ├┤ Rz(y[85]) ├───────────────┼──»
«           └───┘        ┌─┴─┐    └───────────┘├───────────┤┌───────────┐  │  »
«q0_20: ─────────────────┤ X ├──────────■──────┤ Ry(y[64]) ├┤ Rz(y[86]) ├──┼──»
«                        └───┘        ┌─┴─┐    ├───────────┤├───────────┤  │  »
«q0_21: ──────────────────────────────┤ X ├────┤ Ry(y[65]) ├┤ Rz(y[87]) ├──■──»
«                                     └───┘    └───────────┘└───────────┘     »
«c0: 22/══════════════════════════════════════════════════════════════════════»
«                                                                             »
«            ┌───────────┐┌────────────┐                            »
« q0_0: ──■──┤ Ry(y[88]) ├┤ Rz(y[110]) ├────────────────────────────»
«       ┌─┴─┐└───────────┘├───────────┬┘┌────────────┐              »
« q0_1: ┤ X ├──────■──────┤ Ry(y[89]) ├─┤ Rz(y[111]) ├──────────────»
«       └───┘    ┌─┴─┐    └───────────┘ ├───────────┬┘┌────────────┐»
« q0_2: ─────────┤ X ├──────────■───────┤ Ry(y[90]) ├─┤ Rz(y[112]) ├»
«                └───┘        ┌─┴─┐     └───────────┘ ├───────────┬┘»
« q0_3: ──────────────────────┤ X ├───────────■───────┤ Ry(y[91]) ├─»
«                             └───┘         ┌─┴─┐     └───────────┘ »
« q0_4: ────────────────────────────────────┤ X ├───────────■───────»
«                                           └───┘         ┌─┴─┐     »
« q0_5: ──────────────────────────────────────────────────┤ X ├─────»
«                                                         └───┘     »
« q0_6: ────────────────────────────────────────────────────────────»
«                                                                   »
« q0_7: ────────────────────────────────────────────────────────────»
«                                                                   »
« q0_8: ────────────────────────────────────────────────────────────»
«                                                                   »
« q0_9: ────────────────────────────────────────────────────────────»
«                                                                   »
«q0_10: ────────────────────────────────────────────────────────────»
«                                                                   »
«q0_11: ────────────────────────────────────────────────────────────»
«                                                                   »
«q0_12: ────────────────────────────────────────────────────────────»
«                                                                   »
«q0_13: ────────────────────────────────────────────────────────────»
«                                                                   »
«q0_14: ────────────────────────────────────────────────────────────»
«                                                                   »
«q0_15: ────────────────────────────────────────────────────────────»
«                                                                   »
«q0_16: ────────────────────────────────────────────────────────────»
«                                                                   »
«q0_17: ────────────────────────────────────────────────────────────»
«                                                                   »
«q0_18: ────────────────────────────────────────────────────────────»
«                                                                   »
«q0_19: ────────────────────────────────────────────────────────────»
«                                                                   »
«q0_20: ────────────────────────────────────────────────────────────»
«                                                                   »
«q0_21: ────────────────────────────────────────────────────────────»
«                                                                   »
«c0: 22/════════════════════════════════════════════════════════════»
«                                                                   »
«                                                                             »
« q0_0: ──────────────────────────────────────────────────────────────────────»
«                                                                             »
« q0_1: ──────────────────────────────────────────────────────────────────────»
«                                                                             »
« q0_2: ──────────────────────────────────────────────────────────────────────»
«       ┌────────────┐                                                        »
« q0_3: ┤ Rz(y[113]) ├────────────────────────────────────────────────────────»
«       ├───────────┬┘┌────────────┐                                          »
« q0_4: ┤ Ry(y[92]) ├─┤ Rz(y[114]) ├──────────────────────────────────────────»
«       └───────────┘ ├───────────┬┘┌────────────┐                            »
« q0_5: ──────■───────┤ Ry(y[93]) ├─┤ Rz(y[115]) ├────────────────────────────»
«           ┌─┴─┐     └───────────┘ ├───────────┬┘┌────────────┐              »
« q0_6: ────┤ X ├───────────■───────┤ Ry(y[94]) ├─┤ Rz(y[116]) ├──────────────»
«           └───┘         ┌─┴─┐     └───────────┘ ├───────────┬┘┌────────────┐»
« q0_7: ──────────────────┤ X ├───────────■───────┤ Ry(y[95]) ├─┤ Rz(y[117]) ├»
«                         └───┘         ┌─┴─┐     └───────────┘ ├───────────┬┘»
« q0_8: ────────────────────────────────┤ X ├───────────■───────┤ Ry(y[96]) ├─»
«                                       └───┘         ┌─┴─┐     └───────────┘ »
« q0_9: ──────────────────────────────────────────────┤ X ├───────────■───────»
«                                                     └───┘         ┌─┴─┐     »
«q0_10: ────────────────────────────────────────────────────────────┤ X ├─────»
«                                                                   └───┘     »
«q0_11: ──────────────────────────────────────────────────────────────────────»
«                                                                             »
«q0_12: ──────────────────────────────────────────────────────────────────────»
«                                                                             »
«q0_13: ──────────────────────────────────────────────────────────────────────»
«                                                                             »
«q0_14: ──────────────────────────────────────────────────────────────────────»
«                                                                             »
«q0_15: ──────────────────────────────────────────────────────────────────────»
«                                                                             »
«q0_16: ──────────────────────────────────────────────────────────────────────»
«                                                                             »
«q0_17: ──────────────────────────────────────────────────────────────────────»
«                                                                             »
«q0_18: ──────────────────────────────────────────────────────────────────────»
«                                                                             »
«q0_19: ──────────────────────────────────────────────────────────────────────»
«                                                                             »
«q0_20: ──────────────────────────────────────────────────────────────────────»
«                                                                             »
«q0_21: ──────────────────────────────────────────────────────────────────────»
«                                                                             »
«c0: 22/══════════════════════════════════════════════════════════════════════»
«                                                                             »
«                                                                             »
« q0_0: ──────────────────────────────────────────────────────────────────────»
«                                                                             »
« q0_1: ──────────────────────────────────────────────────────────────────────»
«                                                                             »
« q0_2: ──────────────────────────────────────────────────────────────────────»
«                                                                             »
« q0_3: ──────────────────────────────────────────────────────────────────────»
«                                                                             »
« q0_4: ──────────────────────────────────────────────────────────────────────»
«                                                                             »
« q0_5: ──────────────────────────────────────────────────────────────────────»
«                                                                             »
« q0_6: ──────────────────────────────────────────────────────────────────────»
«                                                                             »
« q0_7: ──────────────────────────────────────────────────────────────────────»
«       ┌────────────┐                                                        »
« q0_8: ┤ Rz(y[118]) ├────────────────────────────────────────────────────────»
«       ├───────────┬┘┌────────────┐                                          »
« q0_9: ┤ Ry(y[97]) ├─┤ Rz(y[119]) ├──────────────────────────────────────────»
«       └───────────┘ ├───────────┬┘┌────────────┐                            »
«q0_10: ──────■───────┤ Ry(y[98]) ├─┤ Rz(y[120]) ├────────────────────────────»
«           ┌─┴─┐     └───────────┘ ├───────────┬┘┌────────────┐              »
«q0_11: ────┤ X ├───────────■───────┤ Ry(y[99]) ├─┤ Rz(y[121]) ├──────────────»
«           └───┘         ┌─┴─┐     └───────────┘ ├────────────┤┌────────────┐»
«q0_12: ──────────────────┤ X ├───────────■───────┤ Ry(y[100]) ├┤ Rz(y[122]) ├»
«                         └───┘         ┌─┴─┐     └────────────┘├────────────┤»
«q0_13: ────────────────────────────────┤ X ├───────────■───────┤ Ry(y[101]) ├»
«                                       └───┘         ┌─┴─┐     └────────────┘»
«q0_14: ──────────────────────────────────────────────┤ X ├───────────■───────»
«                                                     └───┘         ┌─┴─┐     »
«q0_15: ────────────────────────────────────────────────────────────┤ X ├─────»
«                                                                   └───┘     »
«q0_16: ──────────────────────────────────────────────────────────────────────»
«                                                                             »
«q0_17: ──────────────────────────────────────────────────────────────────────»
«                                                                             »
«q0_18: ──────────────────────────────────────────────────────────────────────»
«                                                                             »
«q0_19: ──────────────────────────────────────────────────────────────────────»
«                                                                             »
«q0_20: ──────────────────────────────────────────────────────────────────────»
«                                                                             »
«q0_21: ──────────────────────────────────────────────────────────────────────»
«                                                                             »
«c0: 22/══════════════════════════════════════════════════════════════════════»
«                                                                             »
«                                                                             »
« q0_0: ──────────────────────────────────────────────────────────────────────»
«                                                                             »
« q0_1: ──────────────────────────────────────────────────────────────────────»
«                                                                             »
« q0_2: ──────────────────────────────────────────────────────────────────────»
«                                                                             »
« q0_3: ──────────────────────────────────────────────────────────────────────»
«                                                                             »
« q0_4: ──────────────────────────────────────────────────────────────────────»
«                                                                             »
« q0_5: ──────────────────────────────────────────────────────────────────────»
«                                                                             »
« q0_6: ──────────────────────────────────────────────────────────────────────»
«                                                                             »
« q0_7: ──────────────────────────────────────────────────────────────────────»
«                                                                             »
« q0_8: ──────────────────────────────────────────────────────────────────────»
«                                                                             »
« q0_9: ──────────────────────────────────────────────────────────────────────»
«                                                                             »
«q0_10: ──────────────────────────────────────────────────────────────────────»
«                                                                             »
«q0_11: ──────────────────────────────────────────────────────────────────────»
«                                                                             »
«q0_12: ──────────────────────────────────────────────────────────────────────»
«       ┌────────────┐                                                        »
«q0_13: ┤ Rz(y[123]) ├────────────────────────────────────────────────────────»
«       ├────────────┤┌────────────┐                                          »
«q0_14: ┤ Ry(y[102]) ├┤ Rz(y[124]) ├──────────────────────────────────────────»
«       └────────────┘├────────────┤┌────────────┐                            »
«q0_15: ──────■───────┤ Ry(y[103]) ├┤ Rz(y[125]) ├────────────────────────────»
«           ┌─┴─┐     └────────────┘├────────────┤┌────────────┐              »
«q0_16: ────┤ X ├───────────■───────┤ Ry(y[104]) ├┤ Rz(y[126]) ├──────────────»
«           └───┘         ┌─┴─┐     └────────────┘├────────────┤┌────────────┐»
«q0_17: ──────────────────┤ X ├───────────■───────┤ Ry(y[105]) ├┤ Rz(y[127]) ├»
«                         └───┘         ┌─┴─┐     └────────────┘├────────────┤»
«q0_18: ────────────────────────────────┤ X ├───────────■───────┤ Ry(y[106]) ├»
«                                       └───┘         ┌─┴─┐     └────────────┘»
«q0_19: ──────────────────────────────────────────────┤ X ├───────────■───────»
«                                                     └───┘         ┌─┴─┐     »
«q0_20: ────────────────────────────────────────────────────────────┤ X ├─────»
«                                                                   └───┘     »
«q0_21: ──────────────────────────────────────────────────────────────────────»
«                                                                             »
«c0: 22/══════════════════════════════════════════════════════════════════════»
«                                                                             »
«                                                 
« q0_0: ──────────────────────────────────────────
«                                                 
« q0_1: ──────────────────────────────────────────
«                                                 
« q0_2: ──────────────────────────────────────────
«                                                 
« q0_3: ──────────────────────────────────────────
«                                                 
« q0_4: ──────────────────────────────────────────
«                                                 
« q0_5: ──────────────────────────────────────────
«                                                 
« q0_6: ──────────────────────────────────────────
«                                                 
« q0_7: ──────────────────────────────────────────
«                                                 
« q0_8: ──────────────────────────────────────────
«                                                 
« q0_9: ──────────────────────────────────────────
«                                                 
«q0_10: ──────────────────────────────────────────
«                                                 
«q0_11: ──────────────────────────────────────────
«                                                 
«q0_12: ──────────────────────────────────────────
«                                                 
«q0_13: ──────────────────────────────────────────
«                                                 
«q0_14: ──────────────────────────────────────────
«                                                 
«q0_15: ──────────────────────────────────────────
«                                                 
«q0_16: ──────────────────────────────────────────
«                                                 
«q0_17: ──────────────────────────────────────────
«       ┌────────────┐                            
«q0_18: ┤ Rz(y[128]) ├────────────────────────────
«       ├────────────┤┌────────────┐              
«q0_19: ┤ Ry(y[107]) ├┤ Rz(y[129]) ├──────────────
«       └────────────┘├────────────┤┌────────────┐
«q0_20: ──────■───────┤ Ry(y[108]) ├┤ Rz(y[130]) ├
«           ┌─┴─┐     ├────────────┤├────────────┤
«q0_21: ────┤ X ├─────┤ Ry(y[109]) ├┤ Rz(y[131]) ├
«           └───┘     └────────────┘└────────────┘
«c0: 22/══════════════════════════════════════════
«                                                 
ansatz-state is written to ansatz.txt
building constraints...
number of constraints= 484
unique pauliops 946
graphclique-cliquecover: 946 with commutationmode qubitwise
strategy largest_first 484
strategy random_sequential 490
strategy smallest_last 484
strategy independent_set 502
strategy connected_sequential_bfs 485
strategy connected_sequential_dfs 484
strategy saturation_largest_first 484
number of cliques 484
clique 0 ['XZZZZZZZZZZZZZZZZZZZZX', 'IIIIIIIIIIIIIIIIIIIIZI', 'IIIIIIIIIIIIIIIIIIIZII', 'IIIIIIIIIIIIIIIIIIZIII', 'IIIIIIIIIIIIIIIIIZIIII', 'IIIIIIIIIIIIIIIIZIIIII', 'IIIIIIIIIIIIIIIZIIIIII', 'IIIIIIIIIIIIIIZIIIIIII', 'IIIIIIIIIIIIIZIIIIIIII', 'IIIIIIIIIIIIZIIIIIIIII', 'IIIIIIIIIIIZIIIIIIIIII', 'IIIIIIIIIIZIIIIIIIIIII', 'IIIIIIIIIZIIIIIIIIIIII', 'IIIIIIIIZIIIIIIIIIIIII', 'IIIIIIIZIIIIIIIIIIIIII', 'IIIIIIZIIIIIIIIIIIIIII', 'IIIIIZIIIIIIIIIIIIIIII', 'IIIIZIIIIIIIIIIIIIIIII', 'IIIZIIIIIIIIIIIIIIIIII', 'IIZIIIIIIIIIIIIIIIIIII', 'IZIIIIIIIIIIIIIIIIIIII']
clique 1 ['YZZZZZZZZZZZZZZZZZZZZY']
clique 2 ['YZZZZZZZZZZZZZZZZZZZZX']
clique 3 ['XZZZZZZZZZZZZZZZZZZZZY']
clique 4 ['IXZZZZZZZZZZZZZZZZZZZX', 'XXIIIIIIIIIIIIIIIIIIII']
clique 5 ['IYZZZZZZZZZZZZZZZZZZZY', 'YYIIIIIIIIIIIIIIIIIIII']
clique 6 ['IYZZZZZZZZZZZZZZZZZZZX', 'XYIIIIIIIIIIIIIIIIIIII']
clique 7 ['IXZZZZZZZZZZZZZZZZZZZY', 'YXIIIIIIIIIIIIIIIIIIII']
clique 8 ['IIIIIIIIIIIIIIIIIIIIXX', 'XZZZZZZZZZZZZZZZZZZZXI']
clique 9 ['IIIIIIIIIIIIIIIIIIIIYY', 'YZZZZZZZZZZZZZZZZZZZYI']
clique 10 ['IIIIIIIIIIIIIIIIIIIIXY', 'YZZZZZZZZZZZZZZZZZZZXI']
clique 11 ['IIIIIIIIIIIIIIIIIIIIYX', 'XZZZZZZZZZZZZZZZZZZZYI']
clique 12 ['IIIIIIIIIIIIIIIIIIIIIZ', 'IXZZZZZZZZZZZZZZZZZZXI', 'ZIIIIIIIIIIIIIIIIIIIII']
clique 13 ['IYZZZZZZZZZZZZZZZZZZYI']
clique 14 ['IYZZZZZZZZZZZZZZZZZZXI']
clique 15 ['IXZZZZZZZZZZZZZZZZZZYI']
clique 16 ['IIXZZZZZZZZZZZZZZZZZZX', 'XZXIIIIIIIIIIIIIIIIIII']
clique 17 ['IIYZZZZZZZZZZZZZZZZZZY', 'YZYIIIIIIIIIIIIIIIIIII']
clique 18 ['IIYZZZZZZZZZZZZZZZZZZX', 'XZYIIIIIIIIIIIIIIIIIII']
clique 19 ['IIXZZZZZZZZZZZZZZZZZZY', 'YZXIIIIIIIIIIIIIIIIIII']
clique 20 ['IIIIIIIIIIIIIIIIIIIXZX', 'XZZZZZZZZZZZZZZZZZZXII']
clique 21 ['IIIIIIIIIIIIIIIIIIIYZY', 'YZZZZZZZZZZZZZZZZZZYII']
clique 22 ['IIIIIIIIIIIIIIIIIIIXZY', 'YZZZZZZZZZZZZZZZZZZXII']
clique 23 ['IIIIIIIIIIIIIIIIIIIYZX', 'XZZZZZZZZZZZZZZZZZZYII']
clique 24 ['IIXZZZZZZZZZZZZZZZZZXI', 'IXXIIIIIIIIIIIIIIIIIII']
clique 25 ['IIYZZZZZZZZZZZZZZZZZYI', 'IYYIIIIIIIIIIIIIIIIIII']
clique 26 ['IIYZZZZZZZZZZZZZZZZZXI', 'IXYIIIIIIIIIIIIIIIIIII']
clique 27 ['IIXZZZZZZZZZZZZZZZZZYI', 'IYXIIIIIIIIIIIIIIIIIII']
clique 28 ['IIIIIIIIIIIIIIIIIIIXXI', 'IXZZZZZZZZZZZZZZZZZXII']
clique 29 ['IIIIIIIIIIIIIIIIIIIYYI', 'IYZZZZZZZZZZZZZZZZZYII']
clique 30 ['IIIIIIIIIIIIIIIIIIIXYI', 'IYZZZZZZZZZZZZZZZZZXII']
clique 31 ['IIIIIIIIIIIIIIIIIIIYXI', 'IXZZZZZZZZZZZZZZZZZYII']
clique 32 ['IIXZZZZZZZZZZZZZZZZXII']
clique 33 ['IIYZZZZZZZZZZZZZZZZYII']
clique 34 ['IIYZZZZZZZZZZZZZZZZXII']
clique 35 ['IIXZZZZZZZZZZZZZZZZYII']
clique 36 ['IIIXZZZZZZZZZZZZZZZZZX', 'XZZXIIIIIIIIIIIIIIIIII']
clique 37 ['IIIYZZZZZZZZZZZZZZZZZY', 'YZZYIIIIIIIIIIIIIIIIII']
clique 38 ['IIIYZZZZZZZZZZZZZZZZZX', 'XZZYIIIIIIIIIIIIIIIIII']
clique 39 ['IIIXZZZZZZZZZZZZZZZZZY', 'YZZXIIIIIIIIIIIIIIIIII']
clique 40 ['IIIIIIIIIIIIIIIIIIXZZX', 'XZZZZZZZZZZZZZZZZZXIII']
clique 41 ['IIIIIIIIIIIIIIIIIIYZZY', 'YZZZZZZZZZZZZZZZZZYIII']
clique 42 ['IIIIIIIIIIIIIIIIIIXZZY', 'YZZZZZZZZZZZZZZZZZXIII']
clique 43 ['IIIIIIIIIIIIIIIIIIYZZX', 'XZZZZZZZZZZZZZZZZZYIII']
clique 44 ['IIIXZZZZZZZZZZZZZZZZXI', 'IXZXIIIIIIIIIIIIIIIIII']
clique 45 ['IIIYZZZZZZZZZZZZZZZZYI', 'IYZYIIIIIIIIIIIIIIIIII']
clique 46 ['IIIYZZZZZZZZZZZZZZZZXI', 'IXZYIIIIIIIIIIIIIIIIII']
clique 47 ['IIIXZZZZZZZZZZZZZZZZYI', 'IYZXIIIIIIIIIIIIIIIIII']
clique 48 ['IIIIIIIIIIIIIIIIIIXZXI', 'IXZZZZZZZZZZZZZZZZXIII']
clique 49 ['IIIIIIIIIIIIIIIIIIYZYI', 'IYZZZZZZZZZZZZZZZZYIII']
clique 50 ['IIIIIIIIIIIIIIIIIIXZYI', 'IYZZZZZZZZZZZZZZZZXIII']
clique 51 ['IIIIIIIIIIIIIIIIIIYZXI', 'IXZZZZZZZZZZZZZZZZYIII']
clique 52 ['IIIXZZZZZZZZZZZZZZZXII', 'IIXXIIIIIIIIIIIIIIIIII']
clique 53 ['IIIYZZZZZZZZZZZZZZZYII', 'IIYYIIIIIIIIIIIIIIIIII']
clique 54 ['IIIYZZZZZZZZZZZZZZZXII', 'IIXYIIIIIIIIIIIIIIIIII']
clique 55 ['IIIXZZZZZZZZZZZZZZZYII', 'IIYXIIIIIIIIIIIIIIIIII']
clique 56 ['IIIIIIIIIIIIIIIIIIXXII', 'IIXZZZZZZZZZZZZZZZXIII']
clique 57 ['IIIIIIIIIIIIIIIIIIYYII', 'IIYZZZZZZZZZZZZZZZYIII']
clique 58 ['IIIIIIIIIIIIIIIIIIXYII', 'IIYZZZZZZZZZZZZZZZXIII']
clique 59 ['IIIIIIIIIIIIIIIIIIYXII', 'IIXZZZZZZZZZZZZZZZYIII']
clique 60 ['IIIIXZZZZZZZZZZZZZZZZX', 'XZZZXIIIIIIIIIIIIIIIII']
clique 61 ['IIIIYZZZZZZZZZZZZZZZZY', 'YZZZYIIIIIIIIIIIIIIIII']
clique 62 ['IIIIYZZZZZZZZZZZZZZZZX', 'XZZZYIIIIIIIIIIIIIIIII']
clique 63 ['IIIIXZZZZZZZZZZZZZZZZY', 'YZZZXIIIIIIIIIIIIIIIII']
clique 64 ['IIIIIIIIIIIIIIIIIXZZZX', 'XZZZZZZZZZZZZZZZZXIIII']
clique 65 ['IIIIIIIIIIIIIIIIIYZZZY', 'YZZZZZZZZZZZZZZZZYIIII']
clique 66 ['IIIIIIIIIIIIIIIIIXZZZY', 'YZZZZZZZZZZZZZZZZXIIII']
clique 67 ['IIIIIIIIIIIIIIIIIYZZZX', 'XZZZZZZZZZZZZZZZZYIIII']
clique 68 ['IIIIXZZZZZZZZZZZZZZZXI', 'IXZZXIIIIIIIIIIIIIIIII']
clique 69 ['IIIIYZZZZZZZZZZZZZZZYI', 'IYZZYIIIIIIIIIIIIIIIII']
clique 70 ['IIIIYZZZZZZZZZZZZZZZXI', 'IXZZYIIIIIIIIIIIIIIIII']
clique 71 ['IIIIXZZZZZZZZZZZZZZZYI', 'IYZZXIIIIIIIIIIIIIIIII']
clique 72 ['IIIIIIIIIIIIIIIIIXZZXI', 'IXZZZZZZZZZZZZZZZXIIII']
clique 73 ['IIIIIIIIIIIIIIIIIYZZYI', 'IYZZZZZZZZZZZZZZZYIIII']
clique 74 ['IIIIIIIIIIIIIIIIIXZZYI', 'IYZZZZZZZZZZZZZZZXIIII']
clique 75 ['IIIIIIIIIIIIIIIIIYZZXI', 'IXZZZZZZZZZZZZZZZYIIII']
clique 76 ['IIIXZZZZZZZZZZZZZZXIII']
clique 77 ['IIIYZZZZZZZZZZZZZZYIII']
clique 78 ['IIIYZZZZZZZZZZZZZZXIII']
clique 79 ['IIIXZZZZZZZZZZZZZZYIII']
clique 80 ['IIIIXZZZZZZZZZZZZZZXII', 'IIXZXIIIIIIIIIIIIIIIII']
clique 81 ['IIIIYZZZZZZZZZZZZZZYII', 'IIYZYIIIIIIIIIIIIIIIII']
clique 82 ['IIIIYZZZZZZZZZZZZZZXII', 'IIXZYIIIIIIIIIIIIIIIII']
clique 83 ['IIIIXZZZZZZZZZZZZZZYII', 'IIYZXIIIIIIIIIIIIIIIII']
clique 84 ['IIIIIIIIIIIIIIIIIXZXII', 'IIXZZZZZZZZZZZZZZXIIII']
clique 85 ['IIIIIIIIIIIIIIIIIYZYII', 'IIYZZZZZZZZZZZZZZYIIII']
clique 86 ['IIIIIIIIIIIIIIIIIXZYII', 'IIYZZZZZZZZZZZZZZXIIII']
clique 87 ['IIIIIIIIIIIIIIIIIYZXII', 'IIXZZZZZZZZZZZZZZYIIII']
clique 88 ['IIIIIXZZZZZZZZZZZZZZZX', 'XZZZZXIIIIIIIIIIIIIIII']
clique 89 ['IIIIIYZZZZZZZZZZZZZZZY', 'YZZZZYIIIIIIIIIIIIIIII']
clique 90 ['IIIIIYZZZZZZZZZZZZZZZX', 'XZZZZYIIIIIIIIIIIIIIII']
clique 91 ['IIIIIXZZZZZZZZZZZZZZZY', 'YZZZZXIIIIIIIIIIIIIIII']
clique 92 ['IIIIXZZZZZZZZZZZZZXIII', 'IIIXXIIIIIIIIIIIIIIIII']
clique 93 ['IIIIYZZZZZZZZZZZZZYIII', 'IIIYYIIIIIIIIIIIIIIIII']
clique 94 ['IIIIYZZZZZZZZZZZZZXIII', 'IIIXYIIIIIIIIIIIIIIIII']
clique 95 ['IIIIXZZZZZZZZZZZZZYIII', 'IIIYXIIIIIIIIIIIIIIIII']
clique 96 ['IIIIIIIIIIIIIIIIIXXIII', 'IIIXZZZZZZZZZZZZZXIIII']
clique 97 ['IIIIIIIIIIIIIIIIIYYIII', 'IIIYZZZZZZZZZZZZZYIIII']
clique 98 ['IIIIIIIIIIIIIIIIIXYIII', 'IIIYZZZZZZZZZZZZZXIIII']
clique 99 ['IIIIIIIIIIIIIIIIIYXIII', 'IIIXZZZZZZZZZZZZZYIIII']
clique 100 ['IIIIIIIIIIIIIIIIXZZZZX', 'XZZZZZZZZZZZZZZZXIIIII']
clique 101 ['IIIIIIIIIIIIIIIIYZZZZY', 'YZZZZZZZZZZZZZZZYIIIII']
clique 102 ['IIIIIIIIIIIIIIIIXZZZZY', 'YZZZZZZZZZZZZZZZXIIIII']
clique 103 ['IIIIIIIIIIIIIIIIYZZZZX', 'XZZZZZZZZZZZZZZZYIIIII']
clique 104 ['IIIIIXZZZZZZZZZZZZZZXI', 'IXZZZXIIIIIIIIIIIIIIII']
clique 105 ['IIIIIYZZZZZZZZZZZZZZYI', 'IYZZZYIIIIIIIIIIIIIIII']
clique 106 ['IIIIIYZZZZZZZZZZZZZZXI', 'IXZZZYIIIIIIIIIIIIIIII']
clique 107 ['IIIIIXZZZZZZZZZZZZZZYI', 'IYZZZXIIIIIIIIIIIIIIII']
clique 108 ['IIIIIIIIIIIIIIIIXZZZXI', 'IXZZZZZZZZZZZZZZXIIIII']
clique 109 ['IIIIIIIIIIIIIIIIYZZZYI', 'IYZZZZZZZZZZZZZZYIIIII']
clique 110 ['IIIIIIIIIIIIIIIIXZZZYI', 'IYZZZZZZZZZZZZZZXIIIII']
clique 111 ['IIIIIIIIIIIIIIIIYZZZXI', 'IXZZZZZZZZZZZZZZYIIIII']
clique 112 ['IIIIIXZZZZZZZZZZZZZXII', 'IIXZZXIIIIIIIIIIIIIIII']
clique 113 ['IIIIIYZZZZZZZZZZZZZYII', 'IIYZZYIIIIIIIIIIIIIIII']
clique 114 ['IIIIIYZZZZZZZZZZZZZXII', 'IIXZZYIIIIIIIIIIIIIIII']
clique 115 ['IIIIIXZZZZZZZZZZZZZYII', 'IIYZZXIIIIIIIIIIIIIIII']
clique 116 ['IIIIIIIIIIIIIIIIXZZXII', 'IIXZZZZZZZZZZZZZXIIIII']
clique 117 ['IIIIIIIIIIIIIIIIYZZYII', 'IIYZZZZZZZZZZZZZYIIIII']
clique 118 ['IIIIIIIIIIIIIIIIXZZYII', 'IIYZZZZZZZZZZZZZXIIIII']
clique 119 ['IIIIIIIIIIIIIIIIYZZXII', 'IIXZZZZZZZZZZZZZYIIIII']
clique 120 ['IIIIXZZZZZZZZZZZZXIIII']
clique 121 ['IIIIYZZZZZZZZZZZZYIIII']
clique 122 ['IIIIYZZZZZZZZZZZZXIIII']
clique 123 ['IIIIXZZZZZZZZZZZZYIIII']
clique 124 ['IIIIIXZZZZZZZZZZZZXIII', 'IIIXZXIIIIIIIIIIIIIIII']
clique 125 ['IIIIIYZZZZZZZZZZZZYIII', 'IIIYZYIIIIIIIIIIIIIIII']
clique 126 ['IIIIIYZZZZZZZZZZZZXIII', 'IIIXZYIIIIIIIIIIIIIIII']
clique 127 ['IIIIIXZZZZZZZZZZZZYIII', 'IIIYZXIIIIIIIIIIIIIIII']
clique 128 ['IIIIIIIIIIIIIIIIXZXIII', 'IIIXZZZZZZZZZZZZXIIIII']
clique 129 ['IIIIIIIIIIIIIIIIYZYIII', 'IIIYZZZZZZZZZZZZYIIIII']
clique 130 ['IIIIIIIIIIIIIIIIXZYIII', 'IIIYZZZZZZZZZZZZXIIIII']
clique 131 ['IIIIIIIIIIIIIIIIYZXIII', 'IIIXZZZZZZZZZZZZYIIIII']
clique 132 ['IIIIIIXZZZZZZZZZZZZZZX', 'XZZZZZXIIIIIIIIIIIIIII']
clique 133 ['IIIIIIYZZZZZZZZZZZZZZY', 'YZZZZZYIIIIIIIIIIIIIII']
clique 134 ['IIIIIIYZZZZZZZZZZZZZZX', 'XZZZZZYIIIIIIIIIIIIIII']
clique 135 ['IIIIIIXZZZZZZZZZZZZZZY', 'YZZZZZXIIIIIIIIIIIIIII']
clique 136 ['IIIIIIIIIIIIIIIXZZZZZX', 'XZZZZZZZZZZZZZZXIIIIII']
clique 137 ['IIIIIIIIIIIIIIIYZZZZZY', 'YZZZZZZZZZZZZZZYIIIIII']
clique 138 ['IIIIIIIIIIIIIIIXZZZZZY', 'YZZZZZZZZZZZZZZXIIIIII']
clique 139 ['IIIIIIIIIIIIIIIYZZZZZX', 'XZZZZZZZZZZZZZZYIIIIII']
clique 140 ['IIIIIIXZZZZZZZZZZZZZXI', 'IXZZZZXIIIIIIIIIIIIIII']
clique 141 ['IIIIIIYZZZZZZZZZZZZZYI', 'IYZZZZYIIIIIIIIIIIIIII']
clique 142 ['IIIIIIYZZZZZZZZZZZZZXI', 'IXZZZZYIIIIIIIIIIIIIII']
clique 143 ['IIIIIIXZZZZZZZZZZZZZYI', 'IYZZZZXIIIIIIIIIIIIIII']
clique 144 ['IIIIIIIIIIIIIIIXZZZZXI', 'IXZZZZZZZZZZZZZXIIIIII']
clique 145 ['IIIIIIIIIIIIIIIYZZZZYI', 'IYZZZZZZZZZZZZZYIIIIII']
clique 146 ['IIIIIIIIIIIIIIIXZZZZYI', 'IYZZZZZZZZZZZZZXIIIIII']
clique 147 ['IIIIIIIIIIIIIIIYZZZZXI', 'IXZZZZZZZZZZZZZYIIIIII']
clique 148 ['IIIIIIXZZZZZZZZZZZZXII', 'IIXZZZXIIIIIIIIIIIIIII']
clique 149 ['IIIIIIYZZZZZZZZZZZZYII', 'IIYZZZYIIIIIIIIIIIIIII']
clique 150 ['IIIIIIYZZZZZZZZZZZZXII', 'IIXZZZYIIIIIIIIIIIIIII']
clique 151 ['IIIIIIXZZZZZZZZZZZZYII', 'IIYZZZXIIIIIIIIIIIIIII']
clique 152 ['IIIIIIIIIIIIIIIXZZZXII', 'IIXZZZZZZZZZZZZXIIIIII']
clique 153 ['IIIIIIIIIIIIIIIYZZZYII', 'IIYZZZZZZZZZZZZYIIIIII']
clique 154 ['IIIIIIIIIIIIIIIXZZZYII', 'IIYZZZZZZZZZZZZXIIIIII']
clique 155 ['IIIIIIIIIIIIIIIYZZZXII', 'IIXZZZZZZZZZZZZYIIIIII']
clique 156 ['IIIIIXZZZZZZZZZZZXIIII', 'IIIIXXIIIIIIIIIIIIIIII']
clique 157 ['IIIIIYZZZZZZZZZZZYIIII', 'IIIIYYIIIIIIIIIIIIIIII']
clique 158 ['IIIIIYZZZZZZZZZZZXIIII', 'IIIIXYIIIIIIIIIIIIIIII']
clique 159 ['IIIIIXZZZZZZZZZZZYIIII', 'IIIIYXIIIIIIIIIIIIIIII']
clique 160 ['IIIIIIIIIIIIIIIIXXIIII', 'IIIIXZZZZZZZZZZZXIIIII']
clique 161 ['IIIIIIIIIIIIIIIIYYIIII', 'IIIIYZZZZZZZZZZZYIIIII']
clique 162 ['IIIIIIIIIIIIIIIIXYIIII', 'IIIIYZZZZZZZZZZZXIIIII']
clique 163 ['IIIIIIIIIIIIIIIIYXIIII', 'IIIIXZZZZZZZZZZZYIIIII']
clique 164 ['IIIIIIXZZZZZZZZZZZXIII', 'IIIXZZXIIIIIIIIIIIIIII']
clique 165 ['IIIIIIYZZZZZZZZZZZYIII', 'IIIYZZYIIIIIIIIIIIIIII']
clique 166 ['IIIIIIYZZZZZZZZZZZXIII', 'IIIXZZYIIIIIIIIIIIIIII']
clique 167 ['IIIIIIXZZZZZZZZZZZYIII', 'IIIYZZXIIIIIIIIIIIIIII']
clique 168 ['IIIIIIIIIIIIIIIXZZXIII', 'IIIXZZZZZZZZZZZXIIIIII']
clique 169 ['IIIIIIIIIIIIIIIYZZYIII', 'IIIYZZZZZZZZZZZYIIIIII']
clique 170 ['IIIIIIIIIIIIIIIXZZYIII', 'IIIYZZZZZZZZZZZXIIIIII']
clique 171 ['IIIIIIIIIIIIIIIYZZXIII', 'IIIXZZZZZZZZZZZYIIIIII']
clique 172 ['IIIIIIIXZZZZZZZZZZZZZX', 'XZZZZZZXIIIIIIIIIIIIII']
clique 173 ['IIIIIIIYZZZZZZZZZZZZZY', 'YZZZZZZYIIIIIIIIIIIIII']
clique 174 ['IIIIIIIYZZZZZZZZZZZZZX', 'XZZZZZZYIIIIIIIIIIIIII']
clique 175 ['IIIIIIIXZZZZZZZZZZZZZY', 'YZZZZZZXIIIIIIIIIIIIII']
clique 176 ['IIIIIIIIIIIIIIXZZZZZZX', 'XZZZZZZZZZZZZZXIIIIIII']
clique 177 ['IIIIIIIIIIIIIIYZZZZZZY', 'YZZZZZZZZZZZZZYIIIIIII']
clique 178 ['IIIIIIIIIIIIIIXZZZZZZY', 'YZZZZZZZZZZZZZXIIIIIII']
clique 179 ['IIIIIIIIIIIIIIYZZZZZZX', 'XZZZZZZZZZZZZZYIIIIIII']
clique 180 ['IIIIIIIXZZZZZZZZZZZZXI', 'IXZZZZZXIIIIIIIIIIIIII']
clique 181 ['IIIIIIIYZZZZZZZZZZZZYI', 'IYZZZZZYIIIIIIIIIIIIII']
clique 182 ['IIIIIIIYZZZZZZZZZZZZXI', 'IXZZZZZYIIIIIIIIIIIIII']
clique 183 ['IIIIIIIXZZZZZZZZZZZZYI', 'IYZZZZZXIIIIIIIIIIIIII']
clique 184 ['IIIIIXZZZZZZZZZZXIIIII']
clique 185 ['IIIIIYZZZZZZZZZZYIIIII']
clique 186 ['IIIIIYZZZZZZZZZZXIIIII']
clique 187 ['IIIIIXZZZZZZZZZZYIIIII']
clique 188 ['IIIIIIIIIIIIIIXZZZZZXI', 'IXZZZZZZZZZZZZXIIIIIII']
clique 189 ['IIIIIIIIIIIIIIYZZZZZYI', 'IYZZZZZZZZZZZZYIIIIIII']
clique 190 ['IIIIIIIIIIIIIIXZZZZZYI', 'IYZZZZZZZZZZZZXIIIIIII']
clique 191 ['IIIIIIIIIIIIIIYZZZZZXI', 'IXZZZZZZZZZZZZYIIIIIII']
clique 192 ['IIIIIIXZZZZZZZZZZXIIII', 'IIIIXZXIIIIIIIIIIIIIII']
clique 193 ['IIIIIIYZZZZZZZZZZYIIII', 'IIIIYZYIIIIIIIIIIIIIII']
clique 194 ['IIIIIIYZZZZZZZZZZXIIII', 'IIIIXZYIIIIIIIIIIIIIII']
clique 195 ['IIIIIIXZZZZZZZZZZYIIII', 'IIIIYZXIIIIIIIIIIIIIII']
clique 196 ['IIIIIIIIIIIIIIIXZXIIII', 'IIIIXZZZZZZZZZZXIIIIII']
clique 197 ['IIIIIIIIIIIIIIIYZYIIII', 'IIIIYZZZZZZZZZZYIIIIII']
clique 198 ['IIIIIIIIIIIIIIIXZYIIII', 'IIIIYZZZZZZZZZZXIIIIII']
clique 199 ['IIIIIIIIIIIIIIIYZXIIII', 'IIIIXZZZZZZZZZZYIIIIII']
clique 200 ['IIIIIIIXZZZZZZZZZZZXII', 'IIXZZZZXIIIIIIIIIIIIII']
clique 201 ['IIIIIIIYZZZZZZZZZZZYII', 'IIYZZZZYIIIIIIIIIIIIII']
clique 202 ['IIIIIIIYZZZZZZZZZZZXII', 'IIXZZZZYIIIIIIIIIIIIII']
clique 203 ['IIIIIIIXZZZZZZZZZZZYII', 'IIYZZZZXIIIIIIIIIIIIII']
clique 204 ['IIIIIIIIIIIIIIXZZZZXII', 'IIXZZZZZZZZZZZXIIIIIII']
clique 205 ['IIIIIIIIIIIIIIYZZZZYII', 'IIYZZZZZZZZZZZYIIIIIII']
clique 206 ['IIIIIIIIIIIIIIXZZZZYII', 'IIYZZZZZZZZZZZXIIIIIII']
clique 207 ['IIIIIIIIIIIIIIYZZZZXII', 'IIXZZZZZZZZZZZYIIIIIII']
clique 208 ['IIIIIIIXZZZZZZZZZZXIII', 'IIIXZZZXIIIIIIIIIIIIII']
clique 209 ['IIIIIIIYZZZZZZZZZZYIII', 'IIIYZZZYIIIIIIIIIIIIII']
clique 210 ['IIIIIIIYZZZZZZZZZZXIII', 'IIIXZZZYIIIIIIIIIIIIII']
clique 211 ['IIIIIIIXZZZZZZZZZZYIII', 'IIIYZZZXIIIIIIIIIIIIII']
clique 212 ['IIIIIIIIIIIIIIXZZZXIII', 'IIIXZZZZZZZZZZXIIIIIII']
clique 213 ['IIIIIIIIIIIIIIYZZZYIII', 'IIIYZZZZZZZZZZYIIIIIII']
clique 214 ['IIIIIIIIIIIIIIXZZZYIII', 'IIIYZZZZZZZZZZXIIIIIII']
clique 215 ['IIIIIIIIIIIIIIYZZZXIII', 'IIIXZZZZZZZZZZYIIIIIII']
clique 216 ['IIIIIIXZZZZZZZZZXIIIII', 'IIIIIXXIIIIIIIIIIIIIII']
clique 217 ['IIIIIIYZZZZZZZZZYIIIII', 'IIIIIYYIIIIIIIIIIIIIII']
clique 218 ['IIIIIIYZZZZZZZZZXIIIII', 'IIIIIXYIIIIIIIIIIIIIII']
clique 219 ['IIIIIIXZZZZZZZZZYIIIII', 'IIIIIYXIIIIIIIIIIIIIII']
clique 220 ['IIIIIIIIIIIIIIIXXIIIII', 'IIIIIXZZZZZZZZZXIIIIII']
clique 221 ['IIIIIIIIIIIIIIIYYIIIII', 'IIIIIYZZZZZZZZZYIIIIII']
clique 222 ['IIIIIIIIIIIIIIIXYIIIII', 'IIIIIYZZZZZZZZZXIIIIII']
clique 223 ['IIIIIIIIIIIIIIIYXIIIII', 'IIIIIXZZZZZZZZZYIIIIII']
clique 224 ['IIIIIIIIXZZZZZZZZZZZZX', 'XZZZZZZZXIIIIIIIIIIIII']
clique 225 ['IIIIIIIIYZZZZZZZZZZZZY', 'YZZZZZZZYIIIIIIIIIIIII']
clique 226 ['IIIIIIIIYZZZZZZZZZZZZX', 'XZZZZZZZYIIIIIIIIIIIII']
clique 227 ['IIIIIIIIXZZZZZZZZZZZZY', 'YZZZZZZZXIIIIIIIIIIIII']
clique 228 ['IIIIIIIIIIIIIXZZZZZZZX', 'XZZZZZZZZZZZZXIIIIIIII']
clique 229 ['IIIIIIIIIIIIIYZZZZZZZY', 'YZZZZZZZZZZZZYIIIIIIII']
clique 230 ['IIIIIIIIIIIIIXZZZZZZZY', 'YZZZZZZZZZZZZXIIIIIIII']
clique 231 ['IIIIIIIIIIIIIYZZZZZZZX', 'XZZZZZZZZZZZZYIIIIIIII']
clique 232 ['IIIIIIIIXZZZZZZZZZZZXI', 'IXZZZZZZXIIIIIIIIIIIII']
clique 233 ['IIIIIIIIYZZZZZZZZZZZYI', 'IYZZZZZZYIIIIIIIIIIIII']
clique 234 ['IIIIIIIIYZZZZZZZZZZZXI', 'IXZZZZZZYIIIIIIIIIIIII']
clique 235 ['IIIIIIIIXZZZZZZZZZZZYI', 'IYZZZZZZXIIIIIIIIIIIII']
clique 236 ['IIIIIIIXZZZZZZZZZXIIII', 'IIIIXZZXIIIIIIIIIIIIII']
clique 237 ['IIIIIIIYZZZZZZZZZYIIII', 'IIIIYZZYIIIIIIIIIIIIII']
clique 238 ['IIIIIIIYZZZZZZZZZXIIII', 'IIIIXZZYIIIIIIIIIIIIII']
clique 239 ['IIIIIIIXZZZZZZZZZYIIII', 'IIIIYZZXIIIIIIIIIIIIII']
clique 240 ['IIIIIIIIIIIIIIXZZXIIII', 'IIIIXZZZZZZZZZXIIIIIII']
clique 241 ['IIIIIIIIIIIIIIYZZYIIII', 'IIIIYZZZZZZZZZYIIIIIII']
clique 242 ['IIIIIIIIIIIIIIXZZYIIII', 'IIIIYZZZZZZZZZXIIIIIII']
clique 243 ['IIIIIIIIIIIIIIYZZXIIII', 'IIIIXZZZZZZZZZYIIIIIII']
clique 244 ['IIIIIIIIIIIIIXZZZZZZXI', 'IXZZZZZZZZZZZXIIIIIIII']
clique 245 ['IIIIIIIIIIIIIYZZZZZZYI', 'IYZZZZZZZZZZZYIIIIIIII']
clique 246 ['IIIIIIIIIIIIIXZZZZZZYI', 'IYZZZZZZZZZZZXIIIIIIII']
clique 247 ['IIIIIIIIIIIIIYZZZZZZXI', 'IXZZZZZZZZZZZYIIIIIIII']
clique 248 ['IIIIIIIIXZZZZZZZZZZXII', 'IIXZZZZZXIIIIIIIIIIIII']
clique 249 ['IIIIIIIIYZZZZZZZZZZYII', 'IIYZZZZZYIIIIIIIIIIIII']
clique 250 ['IIIIIIIIYZZZZZZZZZZXII', 'IIXZZZZZYIIIIIIIIIIIII']
clique 251 ['IIIIIIIIXZZZZZZZZZZYII', 'IIYZZZZZXIIIIIIIIIIIII']
clique 252 ['IIIIIIIIIIIIIXZZZZZXII', 'IIXZZZZZZZZZZXIIIIIIII']
clique 253 ['IIIIIIIIIIIIIYZZZZZYII', 'IIYZZZZZZZZZZYIIIIIIII']
clique 254 ['IIIIIIIIIIIIIXZZZZZYII', 'IIYZZZZZZZZZZXIIIIIIII']
clique 255 ['IIIIIIIIIIIIIYZZZZZXII', 'IIXZZZZZZZZZZYIIIIIIII']
clique 256 ['IIIIIIXZZZZZZZZXIIIIII']
clique 257 ['IIIIIIYZZZZZZZZYIIIIII']
clique 258 ['IIIIIIYZZZZZZZZXIIIIII']
clique 259 ['IIIIIIXZZZZZZZZYIIIIII']
clique 260 ['IIIIIIIIXZZZZZZZZZXIII', 'IIIXZZZZXIIIIIIIIIIIII']
clique 261 ['IIIIIIIIYZZZZZZZZZYIII', 'IIIYZZZZYIIIIIIIIIIIII']
clique 262 ['IIIIIIIIYZZZZZZZZZXIII', 'IIIXZZZZYIIIIIIIIIIIII']
clique 263 ['IIIIIIIIXZZZZZZZZZYIII', 'IIIYZZZZXIIIIIIIIIIIII']
clique 264 ['IIIIIIIIIIIIIXZZZZXIII', 'IIIXZZZZZZZZZXIIIIIIII']
clique 265 ['IIIIIIIIIIIIIYZZZZYIII', 'IIIYZZZZZZZZZYIIIIIIII']
clique 266 ['IIIIIIIIIIIIIXZZZZYIII', 'IIIYZZZZZZZZZXIIIIIIII']
clique 267 ['IIIIIIIIIIIIIYZZZZXIII', 'IIIXZZZZZZZZZYIIIIIIII']
clique 268 ['IIIIIIIXZZZZZZZZXIIIII', 'IIIIIXZXIIIIIIIIIIIIII']
clique 269 ['IIIIIIIYZZZZZZZZYIIIII', 'IIIIIYZYIIIIIIIIIIIIII']
clique 270 ['IIIIIIIYZZZZZZZZXIIIII', 'IIIIIXZYIIIIIIIIIIIIII']
clique 271 ['IIIIIIIXZZZZZZZZYIIIII', 'IIIIIYZXIIIIIIIIIIIIII']
clique 272 ['IIIIIIIIIIIIIIXZXIIIII', 'IIIIIXZZZZZZZZXIIIIIII']
clique 273 ['IIIIIIIIIIIIIIYZYIIIII', 'IIIIIYZZZZZZZZYIIIIIII']
clique 274 ['IIIIIIIIIIIIIIXZYIIIII', 'IIIIIYZZZZZZZZXIIIIIII']
clique 275 ['IIIIIIIIIIIIIIYZXIIIII', 'IIIIIXZZZZZZZZYIIIIIII']
clique 276 ['IIIIIIIIXZZZZZZZZXIIII', 'IIIIXZZZXIIIIIIIIIIIII']
clique 277 ['IIIIIIIIYZZZZZZZZYIIII', 'IIIIYZZZYIIIIIIIIIIIII']
clique 278 ['IIIIIIIIYZZZZZZZZXIIII', 'IIIIXZZZYIIIIIIIIIIIII']
clique 279 ['IIIIIIIIXZZZZZZZZYIIII', 'IIIIYZZZXIIIIIIIIIIIII']
clique 280 ['IIIIIIIIIIIIIXZZZXIIII', 'IIIIXZZZZZZZZXIIIIIIII']
clique 281 ['IIIIIIIIIIIIIYZZZYIIII', 'IIIIYZZZZZZZZYIIIIIIII']
clique 282 ['IIIIIIIIIIIIIXZZZYIIII', 'IIIIYZZZZZZZZXIIIIIIII']
clique 283 ['IIIIIIIIIIIIIYZZZXIIII', 'IIIIXZZZZZZZZYIIIIIIII']
clique 284 ['IIIIIIIIIXZZZZZZZZZZZX', 'XZZZZZZZZXIIIIIIIIIIII']
clique 285 ['IIIIIIIIIYZZZZZZZZZZZY', 'YZZZZZZZZYIIIIIIIIIIII']
clique 286 ['IIIIIIIIIYZZZZZZZZZZZX', 'XZZZZZZZZYIIIIIIIIIIII']
clique 287 ['IIIIIIIIIXZZZZZZZZZZZY', 'YZZZZZZZZXIIIIIIIIIIII']
clique 288 ['IIIIIIIIIIIIXZZZZZZZZX', 'XZZZZZZZZZZZXIIIIIIIII']
clique 289 ['IIIIIIIIIIIIYZZZZZZZZY', 'YZZZZZZZZZZZYIIIIIIIII']
clique 290 ['IIIIIIIIIIIIXZZZZZZZZY', 'YZZZZZZZZZZZXIIIIIIIII']
clique 291 ['IIIIIIIIIIIIYZZZZZZZZX', 'XZZZZZZZZZZZYIIIIIIIII']
clique 292 ['IIIIIIIIIXZZZZZZZZZZXI', 'IXZZZZZZZXIIIIIIIIIIII']
clique 293 ['IIIIIIIIIYZZZZZZZZZZYI', 'IYZZZZZZZYIIIIIIIIIIII']
clique 294 ['IIIIIIIIIYZZZZZZZZZZXI', 'IXZZZZZZZYIIIIIIIIIIII']
clique 295 ['IIIIIIIIIXZZZZZZZZZZYI', 'IYZZZZZZZXIIIIIIIIIIII']
clique 296 ['IIIIIIIIIIIIXZZZZZZZXI', 'IXZZZZZZZZZZXIIIIIIIII']
clique 297 ['IIIIIIIIIIIIYZZZZZZZYI', 'IYZZZZZZZZZZYIIIIIIIII']
clique 298 ['IIIIIIIIIIIIXZZZZZZZYI', 'IYZZZZZZZZZZXIIIIIIIII']
clique 299 ['IIIIIIIIIIIIYZZZZZZZXI', 'IXZZZZZZZZZZYIIIIIIIII']
clique 300 ['IIIIIIIIIXZZZZZZZZZXII', 'IIXZZZZZZXIIIIIIIIIIII']
clique 301 ['IIIIIIIIIYZZZZZZZZZYII', 'IIYZZZZZZYIIIIIIIIIIII']
clique 302 ['IIIIIIIIIYZZZZZZZZZXII', 'IIXZZZZZZYIIIIIIIIIIII']
clique 303 ['IIIIIIIIIXZZZZZZZZZYII', 'IIYZZZZZZXIIIIIIIIIIII']
clique 304 ['IIIIIIIXZZZZZZZXIIIIII', 'IIIIIIXXIIIIIIIIIIIIII']
clique 305 ['IIIIIIIYZZZZZZZYIIIIII', 'IIIIIIYYIIIIIIIIIIIIII']
clique 306 ['IIIIIIIYZZZZZZZXIIIIII', 'IIIIIIXYIIIIIIIIIIIIII']
clique 307 ['IIIIIIIXZZZZZZZYIIIIII', 'IIIIIIYXIIIIIIIIIIIIII']
clique 308 ['IIIIIIIIIIIIIIXXIIIIII', 'IIIIIIXZZZZZZZXIIIIIII']
clique 309 ['IIIIIIIIIIIIIIYYIIIIII', 'IIIIIIYZZZZZZZYIIIIIII']
clique 310 ['IIIIIIIIIIIIIIXYIIIIII', 'IIIIIIYZZZZZZZXIIIIIII']
clique 311 ['IIIIIIIIIIIIIIYXIIIIII', 'IIIIIIXZZZZZZZYIIIIIII']
clique 312 ['IIIIIIIIIIIIXZZZZZZXII', 'IIXZZZZZZZZZXIIIIIIIII']
clique 313 ['IIIIIIIIIIIIYZZZZZZYII', 'IIYZZZZZZZZZYIIIIIIIII']
clique 314 ['IIIIIIIIIIIIXZZZZZZYII', 'IIYZZZZZZZZZXIIIIIIIII']
clique 315 ['IIIIIIIIIIIIYZZZZZZXII', 'IIXZZZZZZZZZYIIIIIIIII']
clique 316 ['IIIIIIIIXZZZZZZZXIIIII', 'IIIIIXZZXIIIIIIIIIIIII']
clique 317 ['IIIIIIIIYZZZZZZZYIIIII', 'IIIIIYZZYIIIIIIIIIIIII']
clique 318 ['IIIIIIIIYZZZZZZZXIIIII', 'IIIIIXZZYIIIIIIIIIIIII']
clique 319 ['IIIIIIIIXZZZZZZZYIIIII', 'IIIIIYZZXIIIIIIIIIIIII']
clique 320 ['IIIIIIIIIIIIIXZZXIIIII', 'IIIIIXZZZZZZZXIIIIIIII']
clique 321 ['IIIIIIIIIIIIIYZZYIIIII', 'IIIIIYZZZZZZZYIIIIIIII']
clique 322 ['IIIIIIIIIIIIIXZZYIIIII', 'IIIIIYZZZZZZZXIIIIIIII']
clique 323 ['IIIIIIIIIIIIIYZZXIIIII', 'IIIIIXZZZZZZZYIIIIIIII']
clique 324 ['IIIIIIIIIXZZZZZZZZXIII', 'IIIXZZZZZXIIIIIIIIIIII']
clique 325 ['IIIIIIIIIYZZZZZZZZYIII', 'IIIYZZZZZYIIIIIIIIIIII']
clique 326 ['IIIIIIIIIYZZZZZZZZXIII', 'IIIXZZZZZYIIIIIIIIIIII']
clique 327 ['IIIIIIIIIXZZZZZZZZYIII', 'IIIYZZZZZXIIIIIIIIIIII']
clique 328 ['IIIIIIIIIIIIXZZZZZXIII', 'IIIXZZZZZZZZXIIIIIIIII']
clique 329 ['IIIIIIIIIIIIYZZZZZYIII', 'IIIYZZZZZZZZYIIIIIIIII']
clique 330 ['IIIIIIIIIIIIXZZZZZYIII', 'IIIYZZZZZZZZXIIIIIIIII']
clique 331 ['IIIIIIIIIIIIYZZZZZXIII', 'IIIXZZZZZZZZYIIIIIIIII']
clique 332 ['IIIIIIIIIXZZZZZZZXIIII', 'IIIIXZZZZXIIIIIIIIIIII']
clique 333 ['IIIIIIIIIYZZZZZZZYIIII', 'IIIIYZZZZYIIIIIIIIIIII']
clique 334 ['IIIIIIIIIYZZZZZZZXIIII', 'IIIIXZZZZYIIIIIIIIIIII']
clique 335 ['IIIIIIIIIXZZZZZZZYIIII', 'IIIIYZZZZXIIIIIIIIIIII']
clique 336 ['IIIIIIIIIIIIXZZZZXIIII', 'IIIIXZZZZZZZXIIIIIIIII']
clique 337 ['IIIIIIIIIIIIYZZZZYIIII', 'IIIIYZZZZZZZYIIIIIIIII']
clique 338 ['IIIIIIIIIIIIXZZZZYIIII', 'IIIIYZZZZZZZXIIIIIIIII']
clique 339 ['IIIIIIIIIIIIYZZZZXIIII', 'IIIIXZZZZZZZYIIIIIIIII']
clique 340 ['IIIIIIIXZZZZZZXIIIIIII']
clique 341 ['IIIIIIIYZZZZZZYIIIIIII']
clique 342 ['IIIIIIIYZZZZZZXIIIIIII']
clique 343 ['IIIIIIIXZZZZZZYIIIIIII']
clique 344 ['IIIIIIIIIIXZZZZZZZZZZX', 'XZZZZZZZZZXIIIIIIIIIII']
clique 345 ['IIIIIIIIIIYZZZZZZZZZZY', 'YZZZZZZZZZYIIIIIIIIIII']
clique 346 ['IIIIIIIIIIYZZZZZZZZZZX', 'XZZZZZZZZZYIIIIIIIIIII']
clique 347 ['IIIIIIIIIIXZZZZZZZZZZY', 'YZZZZZZZZZXIIIIIIIIIII']
clique 348 ['IIIIIIIIXZZZZZZXIIIIII', 'IIIIIIXZXIIIIIIIIIIIII']
clique 349 ['IIIIIIIIYZZZZZZYIIIIII', 'IIIIIIYZYIIIIIIIIIIIII']
clique 350 ['IIIIIIIIYZZZZZZXIIIIII', 'IIIIIIXZYIIIIIIIIIIIII']
clique 351 ['IIIIIIIIXZZZZZZYIIIIII', 'IIIIIIYZXIIIIIIIIIIIII']
clique 352 ['IIIIIIIIIIIIIXZXIIIIII', 'IIIIIIXZZZZZZXIIIIIIII']
clique 353 ['IIIIIIIIIIIIIYZYIIIIII', 'IIIIIIYZZZZZZYIIIIIIII']
clique 354 ['IIIIIIIIIIIIIXZYIIIIII', 'IIIIIIYZZZZZZXIIIIIIII']
clique 355 ['IIIIIIIIIIIIIYZXIIIIII', 'IIIIIIXZZZZZZYIIIIIIII']
clique 356 ['IIIIIIIIIIIXZZZZZZZZZX', 'XZZZZZZZZZZXIIIIIIIIII']
clique 357 ['IIIIIIIIIIIYZZZZZZZZZY', 'YZZZZZZZZZZYIIIIIIIIII']
clique 358 ['IIIIIIIIIIIXZZZZZZZZZY', 'YZZZZZZZZZZXIIIIIIIIII']
clique 359 ['IIIIIIIIIIIYZZZZZZZZZX', 'XZZZZZZZZZZYIIIIIIIIII']
clique 360 ['IIIIIIIIIIXZZZZZZZZZXI', 'IXZZZZZZZZXIIIIIIIIIII']
clique 361 ['IIIIIIIIIIYZZZZZZZZZYI', 'IYZZZZZZZZYIIIIIIIIIII']
clique 362 ['IIIIIIIIIIYZZZZZZZZZXI', 'IXZZZZZZZZYIIIIIIIIIII']
clique 363 ['IIIIIIIIIIXZZZZZZZZZYI', 'IYZZZZZZZZXIIIIIIIIIII']
clique 364 ['IIIIIIIIIIIXZZZZZZZZXI', 'IXZZZZZZZZZXIIIIIIIIII']
clique 365 ['IIIIIIIIIIIYZZZZZZZZYI', 'IYZZZZZZZZZYIIIIIIIIII']
clique 366 ['IIIIIIIIIIIXZZZZZZZZYI', 'IYZZZZZZZZZXIIIIIIIIII']
clique 367 ['IIIIIIIIIIIYZZZZZZZZXI', 'IXZZZZZZZZZYIIIIIIIIII']
clique 368 ['IIIIIIIIIIXZZZZZZZZXII', 'IIXZZZZZZZXIIIIIIIIIII']
clique 369 ['IIIIIIIIIIYZZZZZZZZYII', 'IIYZZZZZZZYIIIIIIIIIII']
clique 370 ['IIIIIIIIIIYZZZZZZZZXII', 'IIXZZZZZZZYIIIIIIIIIII']
clique 371 ['IIIIIIIIIIXZZZZZZZZYII', 'IIYZZZZZZZXIIIIIIIIIII']
clique 372 ['IIIIIIIIIIIXZZZZZZZXII', 'IIXZZZZZZZZXIIIIIIIIII']
clique 373 ['IIIIIIIIIIIYZZZZZZZYII', 'IIYZZZZZZZZYIIIIIIIIII']
clique 374 ['IIIIIIIIIIIXZZZZZZZYII', 'IIYZZZZZZZZXIIIIIIIIII']
clique 375 ['IIIIIIIIIIIYZZZZZZZXII', 'IIXZZZZZZZZYIIIIIIIIII']
clique 376 ['IIIIIIIIIXZZZZZZXIIIII', 'IIIIIXZZZXIIIIIIIIIIII']
clique 377 ['IIIIIIIIIYZZZZZZYIIIII', 'IIIIIYZZZYIIIIIIIIIIII']
clique 378 ['IIIIIIIIIYZZZZZZXIIIII', 'IIIIIXZZZYIIIIIIIIIIII']
clique 379 ['IIIIIIIIIXZZZZZZYIIIII', 'IIIIIYZZZXIIIIIIIIIIII']
clique 380 ['IIIIIIIIIIIIXZZZXIIIII', 'IIIIIXZZZZZZXIIIIIIIII']
clique 381 ['IIIIIIIIIIIIYZZZYIIIII', 'IIIIIYZZZZZZYIIIIIIIII']
clique 382 ['IIIIIIIIIIIIXZZZYIIIII', 'IIIIIYZZZZZZXIIIIIIIII']
clique 383 ['IIIIIIIIIIIIYZZZXIIIII', 'IIIIIXZZZZZZYIIIIIIIII']
clique 384 ['IIIIIIIIIIXZZZZZZZXIII', 'IIIXZZZZZZXIIIIIIIIIII']
clique 385 ['IIIIIIIIIIYZZZZZZZYIII', 'IIIYZZZZZZYIIIIIIIIIII']
clique 386 ['IIIIIIIIIIYZZZZZZZXIII', 'IIIXZZZZZZYIIIIIIIIIII']
clique 387 ['IIIIIIIIIIXZZZZZZZYIII', 'IIIYZZZZZZXIIIIIIIIIII']
clique 388 ['IIIIIIIIIIIXZZZZZZXIII', 'IIIXZZZZZZZXIIIIIIIIII']
clique 389 ['IIIIIIIIIIIYZZZZZZYIII', 'IIIYZZZZZZZYIIIIIIIIII']
clique 390 ['IIIIIIIIIIIXZZZZZZYIII', 'IIIYZZZZZZZXIIIIIIIIII']
clique 391 ['IIIIIIIIIIIYZZZZZZXIII', 'IIIXZZZZZZZYIIIIIIIIII']
clique 392 ['IIIIIIIIXZZZZZXIIIIIII', 'IIIIIIIXXIIIIIIIIIIIII']
clique 393 ['IIIIIIIIYZZZZZYIIIIIII', 'IIIIIIIYYIIIIIIIIIIIII']
clique 394 ['IIIIIIIIYZZZZZXIIIIIII', 'IIIIIIIXYIIIIIIIIIIIII']
clique 395 ['IIIIIIIIXZZZZZYIIIIIII', 'IIIIIIIYXIIIIIIIIIIIII']
clique 396 ['IIIIIIIIIIIIIXXIIIIIII', 'IIIIIIIXZZZZZXIIIIIIII']
clique 397 ['IIIIIIIIIIIIIYYIIIIIII', 'IIIIIIIYZZZZZYIIIIIIII']
clique 398 ['IIIIIIIIIIIIIXYIIIIIII', 'IIIIIIIYZZZZZXIIIIIIII']
clique 399 ['IIIIIIIIIIIIIYXIIIIIII', 'IIIIIIIXZZZZZYIIIIIIII']
clique 400 ['IIIIIIIIIIXZZZZZZXIIII', 'IIIIXZZZZZXIIIIIIIIIII']
clique 401 ['IIIIIIIIIIYZZZZZZYIIII', 'IIIIYZZZZZYIIIIIIIIIII']
clique 402 ['IIIIIIIIIIYZZZZZZXIIII', 'IIIIXZZZZZYIIIIIIIIIII']
clique 403 ['IIIIIIIIIIXZZZZZZYIIII', 'IIIIYZZZZZXIIIIIIIIIII']
clique 404 ['IIIIIIIIIIIXZZZZZXIIII', 'IIIIXZZZZZZXIIIIIIIIII']
clique 405 ['IIIIIIIIIIIYZZZZZYIIII', 'IIIIYZZZZZZYIIIIIIIIII']
clique 406 ['IIIIIIIIIIIXZZZZZYIIII', 'IIIIYZZZZZZXIIIIIIIIII']
clique 407 ['IIIIIIIIIIIYZZZZZXIIII', 'IIIIXZZZZZZYIIIIIIIIII']
clique 408 ['IIIIIIIIIXZZZZZXIIIIII', 'IIIIIIXZZXIIIIIIIIIIII']
clique 409 ['IIIIIIIIIYZZZZZYIIIIII', 'IIIIIIYZZYIIIIIIIIIIII']
clique 410 ['IIIIIIIIIYZZZZZXIIIIII', 'IIIIIIXZZYIIIIIIIIIIII']
clique 411 ['IIIIIIIIIXZZZZZYIIIIII', 'IIIIIIYZZXIIIIIIIIIIII']
clique 412 ['IIIIIIIIIIIIXZZXIIIIII', 'IIIIIIXZZZZZXIIIIIIIII']
clique 413 ['IIIIIIIIIIIIYZZYIIIIII', 'IIIIIIYZZZZZYIIIIIIIII']
clique 414 ['IIIIIIIIIIIIXZZYIIIIII', 'IIIIIIYZZZZZXIIIIIIIII']
clique 415 ['IIIIIIIIIIIIYZZXIIIIII', 'IIIIIIXZZZZZYIIIIIIIII']
clique 416 ['IIIIIIIIIIXZZZZZXIIIII', 'IIIIIXZZZZXIIIIIIIIIII']
clique 417 ['IIIIIIIIIIYZZZZZYIIIII', 'IIIIIYZZZZYIIIIIIIIIII']
clique 418 ['IIIIIIIIIIYZZZZZXIIIII', 'IIIIIXZZZZYIIIIIIIIIII']
clique 419 ['IIIIIIIIIIXZZZZZYIIIII', 'IIIIIYZZZZXIIIIIIIIIII']
clique 420 ['IIIIIIIIIIIXZZZZXIIIII', 'IIIIIXZZZZZXIIIIIIIIII']
clique 421 ['IIIIIIIIIIIYZZZZYIIIII', 'IIIIIYZZZZZYIIIIIIIIII']
clique 422 ['IIIIIIIIIIIXZZZZYIIIII', 'IIIIIYZZZZZXIIIIIIIIII']
clique 423 ['IIIIIIIIIIIYZZZZXIIIII', 'IIIIIXZZZZZYIIIIIIIIII']
clique 424 ['IIIIIIIIXZZZZXIIIIIIII']
clique 425 ['IIIIIIIIYZZZZYIIIIIIII']
clique 426 ['IIIIIIIIYZZZZXIIIIIIII']
clique 427 ['IIIIIIIIXZZZZYIIIIIIII']
clique 428 ['IIIIIIIIIXZZZZXIIIIIII', 'IIIIIIIXZXIIIIIIIIIIII']
clique 429 ['IIIIIIIIIYZZZZYIIIIIII', 'IIIIIIIYZYIIIIIIIIIIII']
clique 430 ['IIIIIIIIIYZZZZXIIIIIII', 'IIIIIIIXZYIIIIIIIIIIII']
clique 431 ['IIIIIIIIIXZZZZYIIIIIII', 'IIIIIIIYZXIIIIIIIIIIII']
clique 432 ['IIIIIIIIIIIIXZXIIIIIII', 'IIIIIIIXZZZZXIIIIIIIII']
clique 433 ['IIIIIIIIIIIIYZYIIIIIII', 'IIIIIIIYZZZZYIIIIIIIII']
clique 434 ['IIIIIIIIIIIIXZYIIIIIII', 'IIIIIIIYZZZZXIIIIIIIII']
clique 435 ['IIIIIIIIIIIIYZXIIIIIII', 'IIIIIIIXZZZZYIIIIIIIII']
clique 436 ['IIIIIIIIIIXZZZZXIIIIII', 'IIIIIIXZZZXIIIIIIIIIII']
clique 437 ['IIIIIIIIIIYZZZZYIIIIII', 'IIIIIIYZZZYIIIIIIIIIII']
clique 438 ['IIIIIIIIIIYZZZZXIIIIII', 'IIIIIIXZZZYIIIIIIIIIII']
clique 439 ['IIIIIIIIIIXZZZZYIIIIII', 'IIIIIIYZZZXIIIIIIIIIII']
clique 440 ['IIIIIIIIIIIXZZZXIIIIII', 'IIIIIIXZZZZXIIIIIIIIII']
clique 441 ['IIIIIIIIIIIYZZZYIIIIII', 'IIIIIIYZZZZYIIIIIIIIII']
clique 442 ['IIIIIIIIIIIXZZZYIIIIII', 'IIIIIIYZZZZXIIIIIIIIII']
clique 443 ['IIIIIIIIIIIYZZZXIIIIII', 'IIIIIIXZZZZYIIIIIIIIII']
clique 444 ['IIIIIIIIIXZZZXIIIIIIII', 'IIIIIIIIXXIIIIIIIIIIII']
clique 445 ['IIIIIIIIIYZZZYIIIIIIII', 'IIIIIIIIYYIIIIIIIIIIII']
clique 446 ['IIIIIIIIIYZZZXIIIIIIII', 'IIIIIIIIXYIIIIIIIIIIII']
clique 447 ['IIIIIIIIIXZZZYIIIIIIII', 'IIIIIIIIYXIIIIIIIIIIII']
clique 448 ['IIIIIIIIIIIIXXIIIIIIII', 'IIIIIIIIXZZZXIIIIIIIII']
clique 449 ['IIIIIIIIIIIIYYIIIIIIII', 'IIIIIIIIYZZZYIIIIIIIII']
clique 450 ['IIIIIIIIIIIIXYIIIIIIII', 'IIIIIIIIYZZZXIIIIIIIII']
clique 451 ['IIIIIIIIIIIIYXIIIIIIII', 'IIIIIIIIXZZZYIIIIIIIII']
clique 452 ['IIIIIIIIIIXZZZXIIIIIII', 'IIIIIIIXZZXIIIIIIIIIII']
clique 453 ['IIIIIIIIIIYZZZYIIIIIII', 'IIIIIIIYZZYIIIIIIIIIII']
clique 454 ['IIIIIIIIIIYZZZXIIIIIII', 'IIIIIIIXZZYIIIIIIIIIII']
clique 455 ['IIIIIIIIIIXZZZYIIIIIII', 'IIIIIIIYZZXIIIIIIIIIII']
clique 456 ['IIIIIIIIIIIXZZXIIIIIII', 'IIIIIIIXZZZXIIIIIIIIII']
clique 457 ['IIIIIIIIIIIYZZYIIIIIII', 'IIIIIIIYZZZYIIIIIIIIII']
clique 458 ['IIIIIIIIIIIXZZYIIIIIII', 'IIIIIIIYZZZXIIIIIIIIII']
clique 459 ['IIIIIIIIIIIYZZXIIIIIII', 'IIIIIIIXZZZYIIIIIIIIII']
clique 460 ['IIIIIIIIIXZZXIIIIIIIII']
clique 461 ['IIIIIIIIIYZZYIIIIIIIII']
clique 462 ['IIIIIIIIIYZZXIIIIIIIII']
clique 463 ['IIIIIIIIIXZZYIIIIIIIII']
clique 464 ['IIIIIIIIIIXZZXIIIIIIII', 'IIIIIIIIXZXIIIIIIIIIII']
clique 465 ['IIIIIIIIIIYZZYIIIIIIII', 'IIIIIIIIYZYIIIIIIIIIII']
clique 466 ['IIIIIIIIIIYZZXIIIIIIII', 'IIIIIIIIXZYIIIIIIIIIII']
clique 467 ['IIIIIIIIIIXZZYIIIIIIII', 'IIIIIIIIYZXIIIIIIIIIII']
clique 468 ['IIIIIIIIIIIXZXIIIIIIII', 'IIIIIIIIXZZXIIIIIIIIII']
clique 469 ['IIIIIIIIIIIYZYIIIIIIII', 'IIIIIIIIYZZYIIIIIIIIII']
clique 470 ['IIIIIIIIIIIXZYIIIIIIII', 'IIIIIIIIYZZXIIIIIIIIII']
clique 471 ['IIIIIIIIIIIYZXIIIIIIII', 'IIIIIIIIXZZYIIIIIIIIII']
clique 472 ['IIIIIIIIIIXZXIIIIIIIII', 'IIIIIIIIIXXIIIIIIIIIII']
clique 473 ['IIIIIIIIIIYZYIIIIIIIII', 'IIIIIIIIIYYIIIIIIIIIII']
clique 474 ['IIIIIIIIIIYZXIIIIIIIII', 'IIIIIIIIIXYIIIIIIIIIII']
clique 475 ['IIIIIIIIIIXZYIIIIIIIII', 'IIIIIIIIIYXIIIIIIIIIII']
clique 476 ['IIIIIIIIIIIXXIIIIIIIII', 'IIIIIIIIIXZXIIIIIIIIII']
clique 477 ['IIIIIIIIIIIYYIIIIIIIII', 'IIIIIIIIIYZYIIIIIIIIII']
clique 478 ['IIIIIIIIIIIXYIIIIIIIII', 'IIIIIIIIIYZXIIIIIIIIII']
clique 479 ['IIIIIIIIIIIYXIIIIIIIII', 'IIIIIIIIIXZYIIIIIIIIII']
clique 480 ['IIIIIIIIIIXXIIIIIIIIII']
clique 481 ['IIIIIIIIIIYYIIIIIIIIII']
clique 482 ['IIIIIIIIIIYXIIIIIIIIII']
clique 483 ['IIIIIIIIIIXYIIIIIIIIII']
