GS energy with  DMRG -8.628893198968242
N= 6.000000000000002
E= -8.628893198968242
D= [[ 5.00000000e-01+0.j -1.35937548e-12+0.j  4.26078583e-01+0.j
   2.01365341e-12+0.j  2.22419305e-13+0.j  4.18644556e-13+0.j
  -1.82350788e-01+0.j -5.39751496e-13+0.j  1.01431797e-12+0.j
   1.58096175e-12+0.j  1.35379476e-01+0.j  1.01854714e-12+0.j]
 [-1.35936281e-12+0.j  5.00000000e-01+0.j -1.97750252e-12+0.j
   4.26078583e-01+0.j  1.75753580e-13+0.j -3.97308922e-13+0.j
   8.11052138e-13+0.j -1.82350788e-01+0.j  2.86836288e-13+0.j
  -2.03809192e-13+0.j -6.19941182e-13+0.j  1.35379476e-01+0.j]
 [ 4.26078583e-01+0.j -1.97749135e-12+0.j  5.00000000e-01+0.j
   9.59610864e-13+0.j  2.36764811e-01+0.j  8.86084262e-14+0.j
  -6.28929417e-14+0.j -1.42773323e-12+0.j -4.10333437e-02+0.j
  -3.42639184e-13+0.j -1.19612377e-12+0.j -1.17253357e-12+0.j]
 [ 2.01367248e-12+0.j  4.26078583e-01+0.j  9.59631371e-13+0.j
   5.00000000e-01+0.j -1.57205169e-13+0.j  2.36764811e-01+0.j
  -5.09462062e-13+0.j  1.22705231e-13+0.j  1.15256009e-13+0.j
  -4.10333437e-02+0.j  3.65984160e-13+0.j  1.24504497e-13+0.j]
 [ 2.22398489e-13+0.j  1.75760071e-13+0.j  2.36764811e-01+0.j
  -1.57241184e-13+0.j  5.00000000e-01+0.j -1.21428239e-13+0.j
   3.86226351e-01+0.j -2.99286525e-13+0.j  2.99808789e-13+0.j
   8.45514101e-13+0.j -1.82350788e-01+0.j  3.15778628e-13+0.j]
 [ 4.18697409e-13+0.j -3.97289840e-13+0.j  8.86047098e-14+0.j
   2.36764811e-01+0.j -1.21391637e-13+0.j  5.00000000e-01+0.j
   2.33288456e-13+0.j  3.86226351e-01+0.j -3.07628771e-13+0.j
  -5.24913446e-13+0.j -4.43365731e-13+0.j -1.82350788e-01+0.j]
 [-1.82350788e-01+0.j  8.11025654e-13+0.j -6.28533683e-14+0.j
  -5.09431263e-13+0.j  3.86226351e-01+0.j  2.33275634e-13+0.j
   5.00000000e-01+0.j  5.61575389e-13+0.j  2.36764811e-01+0.j
  -1.31531842e-14+0.j  1.79250711e-13+0.j -4.79942889e-13+0.j]
 [-5.39772008e-13+0.j -1.82350788e-01+0.j -1.42771665e-12+0.j
   1.22739438e-13+0.j -2.99111093e-13+0.j  3.86226351e-01+0.j
   5.61530590e-13+0.j  5.00000000e-01+0.j  2.26477717e-13+0.j
   2.36764811e-01+0.j -2.24796849e-13+0.j  5.02944200e-13+0.j]
 [ 1.01440384e-12+0.j  2.86811740e-13+0.j -4.10333437e-02+0.j
   1.15250964e-13+0.j  2.99765421e-13+0.j -3.07574099e-13+0.j
   2.36764811e-01+0.j  2.26464923e-13+0.j  5.00000000e-01+0.j
   1.14768099e-13+0.j  4.26078583e-01+0.j -1.83102136e-13+0.j]
 [ 1.58096776e-12+0.j -2.03833478e-13+0.j -3.42631342e-13+0.j
  -4.10333437e-02+0.j  8.45488591e-13+0.j -5.24899568e-13+0.j
  -1.31121415e-14+0.j  2.36764811e-01+0.j  1.14734005e-13+0.j
   5.00000000e-01+0.j  3.65987097e-14+0.j  4.26078583e-01+0.j]
 [ 1.35379476e-01+0.j -6.19949005e-13+0.j -1.19614182e-12+0.j
   3.65958528e-13+0.j -1.82350788e-01+0.j -4.43377111e-13+0.j
   1.79380382e-13+0.j -2.24793759e-13+0.j  4.26078583e-01+0.j
   3.66310552e-14+0.j  5.00000000e-01+0.j -1.55127723e-13+0.j]
 [ 1.01855118e-12+0.j  1.35379476e-01+0.j -1.17254586e-12+0.j
   1.24491510e-13+0.j  3.15679984e-13+0.j -1.82350788e-01+0.j
  -4.79896972e-13+0.j  5.02860334e-13+0.j -1.83075832e-13+0.j
   4.26078583e-01+0.j -1.55117642e-13+0.j  5.00000000e-01+0.j]]
W= [0.19143493+0.j 0.20874443+0.j 0.20920033+0.j 0.20920033+0.j
 0.20874443+0.j 0.19143493+0.j]
local approximation with  1 sites
local interactions on sites [[0], [1], [2], [3], [4], [5]]
Functional for interaction on sites [0]
aca-directory for images already exists
aca-directory for images already exists
aca-directory for images already exists
interacting orbitals: [0, 1]
mapping: [0, 1, 2, 3, 4, 5, 6, 7, 8, 9, 10, 11]
aca-directory for images already exists
aca-directory for images already exists
aca-directory for images already exists
orbinteractaca= [0, 1]
aca-directory for images already exists
aca-directory for images already exists
aca-directory for images already exists
aca-directory for images already exists
aca-directory for images already exists
aca-directory for images already exists
aca-directory for images already exists
aca-directory for images already exists
aca-directory for images already exists
aca-directory for images already exists
aca-directory for images already exists
aca-directory for images already exists
aca-directory for images already exists
aca-directory for images already exists
aca-directory for images already exists
aca-directory for images already exists
aca-directory for images already exists
aca-directory for images already exists
aca-directory for images already exists
aca-directory for images already exists
aca-directory for images already exists
aca-directory for images already exists
aca-directory for images already exists
aca-directory for images already exists
aca-directory for images already exists
aca-directory for images already exists
aca-directory for images already exists
aca-directory for images already exists
aca-directory for images already exists
aca-directory for images already exists
aca-directory for images already exists
aca-directory for images already exists
aca-directory for images already exists
aca: level 5  norb= 12
Daca= [[ 5.00000000e-01+0.j -1.35937548e-12+0.j -4.82827476e-01+0.j
   1.58584736e-28+0.j -1.37743320e-29+0.j -1.97451024e-29+0.j
   1.74439197e-17+0.j  8.98183456e-29+0.j  4.89194454e-29+0.j
  -3.30792756e-28+0.j -1.99886500e-18+0.j  1.32061551e-28+0.j]
 [-1.35936281e-12+0.j  5.00000000e-01+0.j -4.12037467e-14+0.j
  -4.82827476e-01+0.j -3.09559362e-29+0.j  5.92613507e-29+0.j
   9.44735010e-29+0.j  4.07075877e-19+0.j  2.30315168e-29+0.j
   2.17358120e-29+0.j  8.12659755e-29+0.j -2.83734805e-17+0.j]
 [-4.82827476e-01+0.j -4.12214098e-14+0.j  5.00000000e-01+0.j
   1.32673741e-12+0.j  1.34368867e-02+0.j  6.87383214e-30+0.j
  -1.66956911e-30+0.j -1.14279937e-29+0.j  5.46985520e-19+0.j
   7.98452325e-30+0.j -1.26217682e-29+0.j  0.00000000e+00+0.j]
 [-2.57071999e-17+0.j -4.82827476e-01+0.j  1.32675128e-12+0.j
   5.00000000e-01+0.j -6.29542961e-14+0.j  1.34368867e-02+0.j
   3.81850858e-31+0.j  1.63567093e-29+0.j  9.16152254e-30+0.j
  -4.69686512e-20+0.j -7.57305991e-29+0.j  1.00974196e-28+0.j]
 [-2.08166817e-17+0.j  6.49107951e-18+0.j  1.34368867e-02+0.j
  -6.28958746e-14+0.j  5.00000000e-01+0.j -3.28554219e-12+0.j
   4.84954492e-01+0.j  2.30127421e-28+0.j  4.38108433e-29+0.j
  -1.53005588e-28+0.j  5.60389912e-17+0.j -2.54142928e-28+0.j]
 [ 5.28536639e-17+0.j  1.90819582e-17+0.j  3.71244639e-18+0.j
   1.34368867e-02+0.j -3.28548778e-12+0.j  5.00000000e-01+0.j
   2.60183939e-14+0.j  4.84954492e-01+0.j  3.79816999e-29+0.j
   1.20286136e-27+0.j  2.50070357e-28+0.j  1.00474037e-16+0.j]
 [-5.54144663e-17+0.j -2.06998004e-17+0.j  2.96604641e-17+0.j
   7.08116768e-18+0.j  4.84954492e-01+0.j  2.60437400e-14+0.j
   5.00000000e-01+0.j  3.39024298e-12+0.j  4.14311348e-03+0.j
   1.28835096e-30+0.j  1.59403020e-35+0.j  0.00000000e+00+0.j]
 [-1.15284084e-17+0.j  8.52351508e-17+0.j -4.08752323e-17+0.j
  -8.34936934e-18+0.j  1.61740158e-16+0.j  4.84954492e-01+0.j
   3.39021837e-12+0.j  5.00000000e-01+0.j  1.18294714e-13+0.j
   4.14311348e-03+0.j  3.15541102e-30+0.j  0.00000000e+00+0.j]
 [ 8.58688121e-17+0.j -2.45477705e-17+0.j -3.37491098e-17+0.j
  -2.22786690e-17+0.j  4.67249032e-17+0.j -8.99507722e-18+0.j
   4.14311348e-03+0.j  1.18223628e-13+0.j  5.00000000e-01+0.j
   1.67580554e-11+0.j  4.92327001e-01+0.j -1.61558713e-27+0.j]
 [ 6.00664011e-18+0.j -2.42861287e-17+0.j  1.79454335e-17+0.j
  -5.83870720e-18+0.j -2.01661796e-17+0.j  5.19299902e-18+0.j
   4.08153427e-17+0.j  4.14311348e-03+0.j  1.67580035e-11+0.j
   5.00000000e-01+0.j -6.76690395e-14+0.j -4.92327001e-01+0.j]
 [-5.75100162e-17+0.j -1.21171438e-17+0.j  3.81679758e-17+0.j
   2.32967640e-17+0.j -3.65759690e-17+0.j  8.30296671e-18+0.j
  -1.10106893e-16+0.j -4.96520256e-17+0.j  4.92327001e-01+0.j
  -6.76887087e-14+0.j  5.00000000e-01+0.j  1.68300952e-11+0.j]
 [-2.63198358e-18+0.j -5.72882203e-17+0.j  3.29281696e-17+0.j
  -3.80675602e-17+0.j -6.13280265e-17+0.j  6.80443443e-17+0.j
   7.44247778e-18+0.j  1.07319534e-16+0.j -6.16559436e-17+0.j
  -4.92327001e-01+0.j  1.68300987e-11+0.j  5.00000000e-01+0.j]]
rounding Naca1 to integer
rounding Naca2 to integer
Naca= (3, 3)
nq= 12
variational state:
        ┌──────────┐┌───────────┐┌───┐     ┌───────────┐┌───────────┐»
 q0_0: ─┤ Ry(y[0]) ├┤ Rz(y[12]) ├┤ X ├──■──┤ Ry(y[24]) ├┤ Rz(y[36]) ├»
        ├──────────┤├───────────┤└─┬─┘┌─┴─┐└───────────┘├───────────┤»
 q0_1: ─┤ Ry(y[1]) ├┤ Rz(y[13]) ├──┼──┤ X ├──────■──────┤ Ry(y[25]) ├»
        ├──────────┤├───────────┤  │  └───┘    ┌─┴─┐    └───────────┘»
 q0_2: ─┤ Ry(y[2]) ├┤ Rz(y[14]) ├──┼───────────┤ X ├──────────■──────»
        ├──────────┤├───────────┤  │           └───┘        ┌─┴─┐    »
 q0_3: ─┤ Ry(y[3]) ├┤ Rz(y[15]) ├──┼────────────────────────┤ X ├────»
        ├──────────┤├───────────┤  │                        └───┘    »
 q0_4: ─┤ Ry(y[4]) ├┤ Rz(y[16]) ├──┼─────────────────────────────────»
        ├──────────┤├───────────┤  │                                 »
 q0_5: ─┤ Ry(y[5]) ├┤ Rz(y[17]) ├──┼─────────────────────────────────»
        ├──────────┤├───────────┤  │                                 »
 q0_6: ─┤ Ry(y[6]) ├┤ Rz(y[18]) ├──┼─────────────────────────────────»
        ├──────────┤├───────────┤  │                                 »
 q0_7: ─┤ Ry(y[7]) ├┤ Rz(y[19]) ├──┼─────────────────────────────────»
        ├──────────┤├───────────┤  │                                 »
 q0_8: ─┤ Ry(y[8]) ├┤ Rz(y[20]) ├──┼─────────────────────────────────»
        ├──────────┤├───────────┤  │                                 »
 q0_9: ─┤ Ry(y[9]) ├┤ Rz(y[21]) ├──┼─────────────────────────────────»
       ┌┴──────────┤├───────────┤  │                                 »
q0_10: ┤ Ry(y[10]) ├┤ Rz(y[22]) ├──┼─────────────────────────────────»
       ├───────────┤├───────────┤  │                                 »
q0_11: ┤ Ry(y[11]) ├┤ Rz(y[23]) ├──■─────────────────────────────────»
       └───────────┘└───────────┘                                    »
c0: 12/══════════════════════════════════════════════════════════════»
                                                                     »
«                                                                        »
« q0_0: ─────────────────────────────────────────────────────────────────»
«       ┌───────────┐                                                    »
« q0_1: ┤ Rz(y[37]) ├────────────────────────────────────────────────────»
«       ├───────────┤┌───────────┐                                       »
« q0_2: ┤ Ry(y[26]) ├┤ Rz(y[38]) ├───────────────────────────────────────»
«       └───────────┘├───────────┤┌───────────┐                          »
« q0_3: ──────■──────┤ Ry(y[27]) ├┤ Rz(y[39]) ├──────────────────────────»
«           ┌─┴─┐    └───────────┘├───────────┤┌───────────┐             »
« q0_4: ────┤ X ├──────────■──────┤ Ry(y[28]) ├┤ Rz(y[40]) ├─────────────»
«           └───┘        ┌─┴─┐    └───────────┘├───────────┤┌───────────┐»
« q0_5: ─────────────────┤ X ├──────────■──────┤ Ry(y[29]) ├┤ Rz(y[41]) ├»
«                        └───┘        ┌─┴─┐    └───────────┘├───────────┤»
« q0_6: ──────────────────────────────┤ X ├──────────■──────┤ Ry(y[30]) ├»
«                                     └───┘        ┌─┴─┐    └───────────┘»
« q0_7: ───────────────────────────────────────────┤ X ├──────────■──────»
«                                                  └───┘        ┌─┴─┐    »
« q0_8: ────────────────────────────────────────────────────────┤ X ├────»
«                                                               └───┘    »
« q0_9: ─────────────────────────────────────────────────────────────────»
«                                                                        »
«q0_10: ─────────────────────────────────────────────────────────────────»
«                                                                        »
«q0_11: ─────────────────────────────────────────────────────────────────»
«                                                                        »
«c0: 12/═════════════════════════════════════════════════════════════════»
«                                                                        »
«                                                                        ┌───┐»
« q0_0: ─────────────────────────────────────────────────────────────────┤ X ├»
«                                                                        └─┬─┘»
« q0_1: ───────────────────────────────────────────────────────────────────┼──»
«                                                                          │  »
« q0_2: ───────────────────────────────────────────────────────────────────┼──»
«                                                                          │  »
« q0_3: ───────────────────────────────────────────────────────────────────┼──»
«                                                                          │  »
« q0_4: ───────────────────────────────────────────────────────────────────┼──»
«                                                                          │  »
« q0_5: ───────────────────────────────────────────────────────────────────┼──»
«       ┌───────────┐                                                      │  »
« q0_6: ┤ Rz(y[42]) ├──────────────────────────────────────────────────────┼──»
«       ├───────────┤┌───────────┐                                         │  »
« q0_7: ┤ Ry(y[31]) ├┤ Rz(y[43]) ├─────────────────────────────────────────┼──»
«       └───────────┘├───────────┤┌───────────┐                            │  »
« q0_8: ──────■──────┤ Ry(y[32]) ├┤ Rz(y[44]) ├────────────────────────────┼──»
«           ┌─┴─┐    └───────────┘├───────────┤┌───────────┐               │  »
« q0_9: ────┤ X ├──────────■──────┤ Ry(y[33]) ├┤ Rz(y[45]) ├───────────────┼──»
«           └───┘        ┌─┴─┐    └───────────┘├───────────┤┌───────────┐  │  »
«q0_10: ─────────────────┤ X ├──────────■──────┤ Ry(y[34]) ├┤ Rz(y[46]) ├──┼──»
«                        └───┘        ┌─┴─┐    ├───────────┤├───────────┤  │  »
«q0_11: ──────────────────────────────┤ X ├────┤ Ry(y[35]) ├┤ Rz(y[47]) ├──■──»
«                                     └───┘    └───────────┘└───────────┘     »
«c0: 12/══════════════════════════════════════════════════════════════════════»
«                                                                             »
«            ┌───────────┐┌───────────┐                                       »
« q0_0: ──■──┤ Ry(y[48]) ├┤ Rz(y[60]) ├───────────────────────────────────────»
«       ┌─┴─┐└───────────┘├───────────┤┌───────────┐                          »
« q0_1: ┤ X ├──────■──────┤ Ry(y[49]) ├┤ Rz(y[61]) ├──────────────────────────»
«       └───┘    ┌─┴─┐    └───────────┘├───────────┤┌───────────┐             »
« q0_2: ─────────┤ X ├──────────■──────┤ Ry(y[50]) ├┤ Rz(y[62]) ├─────────────»
«                └───┘        ┌─┴─┐    └───────────┘├───────────┤┌───────────┐»
« q0_3: ──────────────────────┤ X ├──────────■──────┤ Ry(y[51]) ├┤ Rz(y[63]) ├»
«                             └───┘        ┌─┴─┐    └───────────┘├───────────┤»
« q0_4: ───────────────────────────────────┤ X ├──────────■──────┤ Ry(y[52]) ├»
«                                          └───┘        ┌─┴─┐    └───────────┘»
« q0_5: ────────────────────────────────────────────────┤ X ├──────────■──────»
«                                                       └───┘        ┌─┴─┐    »
« q0_6: ─────────────────────────────────────────────────────────────┤ X ├────»
«                                                                    └───┘    »
« q0_7: ──────────────────────────────────────────────────────────────────────»
«                                                                             »
« q0_8: ──────────────────────────────────────────────────────────────────────»
«                                                                             »
« q0_9: ──────────────────────────────────────────────────────────────────────»
«                                                                             »
«q0_10: ──────────────────────────────────────────────────────────────────────»
«                                                                             »
«q0_11: ──────────────────────────────────────────────────────────────────────»
«                                                                             »
«c0: 12/══════════════════════════════════════════════════════════════════════»
«                                                                             »
«                                                                        »
« q0_0: ─────────────────────────────────────────────────────────────────»
«                                                                        »
« q0_1: ─────────────────────────────────────────────────────────────────»
«                                                                        »
« q0_2: ─────────────────────────────────────────────────────────────────»
«                                                                        »
« q0_3: ─────────────────────────────────────────────────────────────────»
«       ┌───────────┐                                                    »
« q0_4: ┤ Rz(y[64]) ├────────────────────────────────────────────────────»
«       ├───────────┤┌───────────┐                                       »
« q0_5: ┤ Ry(y[53]) ├┤ Rz(y[65]) ├───────────────────────────────────────»
«       └───────────┘├───────────┤┌───────────┐                          »
« q0_6: ──────■──────┤ Ry(y[54]) ├┤ Rz(y[66]) ├──────────────────────────»
«           ┌─┴─┐    └───────────┘├───────────┤┌───────────┐             »
« q0_7: ────┤ X ├──────────■──────┤ Ry(y[55]) ├┤ Rz(y[67]) ├─────────────»
«           └───┘        ┌─┴─┐    └───────────┘├───────────┤┌───────────┐»
« q0_8: ─────────────────┤ X ├──────────■──────┤ Ry(y[56]) ├┤ Rz(y[68]) ├»
«                        └───┘        ┌─┴─┐    └───────────┘├───────────┤»
« q0_9: ──────────────────────────────┤ X ├──────────■──────┤ Ry(y[57]) ├»
«                                     └───┘        ┌─┴─┐    └───────────┘»
«q0_10: ───────────────────────────────────────────┤ X ├──────────■──────»
«                                                  └───┘        ┌─┴─┐    »
«q0_11: ────────────────────────────────────────────────────────┤ X ├────»
«                                                               └───┘    »
«c0: 12/═════════════════════════════════════════════════════════════════»
«                                                                        »
«                                 
« q0_0: ──────────────────────────
«                                 
« q0_1: ──────────────────────────
«                                 
« q0_2: ──────────────────────────
«                                 
« q0_3: ──────────────────────────
«                                 
« q0_4: ──────────────────────────
«                                 
« q0_5: ──────────────────────────
«                                 
« q0_6: ──────────────────────────
«                                 
« q0_7: ──────────────────────────
«                                 
« q0_8: ──────────────────────────
«       ┌───────────┐             
« q0_9: ┤ Rz(y[69]) ├─────────────
«       ├───────────┤┌───────────┐
«q0_10: ┤ Ry(y[58]) ├┤ Rz(y[70]) ├
«       ├───────────┤├───────────┤
«q0_11: ┤ Ry(y[59]) ├┤ Rz(y[71]) ├
«       └───────────┘└───────────┘
«c0: 12/══════════════════════════
«                                 
ansatz-state is written to ansatz.txt
building constraints...
number of constraints= 144
unique pauliops 276
graphclique-cliquecover: 276 with commutationmode disjointqubits
strategy largest_first 198
strategy random_sequential 198
strategy smallest_last 198
strategy independent_set 204
strategy connected_sequential_bfs 198
strategy connected_sequential_dfs 198
strategy saturation_largest_first 198
number of cliques 198
clique 0 ['XIXYYIIIXIXX', 'IIIIIIIIIZII', 'IIIIIYYXIIII', 'IZIIIIIIIIII']
clique 1 ['XIXXYIIIXIXY', 'IIIIIIIIIXII', 'IIIIIXYYIIII', 'IXIIIIIIIIII']
clique 2 ['XIXXYIIIXIXX', 'IIIIIIIIIYII', 'IIIIIXYXIIII', 'IYIIIIIIIIII']
clique 3 ['XIXYYIIIXIXY', 'IIIIIYYYIIII']
clique 4 ['XIXZYIIIXIXY', 'IIIIIZYYIIII']
clique 5 ['XIXZYIIIXIXX', 'IIIIIZYXIIII']
clique 6 ['XYZIYIIIXIXX', 'IIIIIYYZIIII', 'IIIZIIIIIIII']
clique 7 ['XXZIYIIIXIXY', 'IIIIIXYZIIII', 'IIIXIIIIIIII']
clique 8 ['XXZIYIIIXIXX', 'IIIIIZYZIIII', 'IIIYIIIIIIII']
clique 9 ['XYZIYIIIXIXY', 'IIIIIIZXIIII', 'IIIIIZIIIIII']
clique 10 ['XZZIYIIIXIXY', 'IIIIIIZYIIII', 'IIIIIXIIIIII']
clique 11 ['XZZIYIIIXIXX', 'IIIIIIZZIIII', 'IIIIIYIIIIII']
clique 12 ['XIXYYIIIXIXZ', 'IIIIIIIZIIII', 'IIIIIXXIIIII']
clique 13 ['XIXXYIIIXIXZ', 'IIIIIIIXIIII', 'IIIIIYXIIIII']
clique 14 ['XIXZYIIIXIXZ', 'IIIIIIIYIIII', 'IIIIIZXIIIII']
clique 15 ['XYZIYIIIXIXZ']
clique 16 ['XXZIYIIIXIXZ']
clique 17 ['XZZIYIIIXIXZ']
clique 18 ['IIIIIIIIIIIZ', 'XIXYYIIIXXZI']
clique 19 ['IIIIIIIIIIIX', 'XIXXYIIIXYZI']
clique 20 ['IIIIIIIIIIIY', 'XIXXYIIIXXZI']
clique 21 ['XIXYYIIIXYZI']
clique 22 ['XIXZYIIIXYZI']
clique 23 ['XIXZYIIIXXZI']
clique 24 ['XYZIYIIIXXZI']
clique 25 ['XXZIYIIIXYZI']
clique 26 ['XXZIYIIIXXZI']
clique 27 ['XYZIYIIIXYZI']
clique 28 ['XZZIYIIIXYZI']
clique 29 ['XZZIYIIIXXZI']
clique 30 ['XIXYYIIIXZZI']
clique 31 ['XIXXYIIIXZZI']
clique 32 ['XIXZYIIIXZZI']
clique 33 ['XYZIYIIIXZZI']
clique 34 ['XXZIYIIIXZZI']
clique 35 ['XZZIYIIIXZZI']
clique 36 ['IIIIIIIIIYYX', 'XIXYYIXXZIII']
clique 37 ['IIIIIIIIIXYY', 'XIXXYIXYZIII']
clique 38 ['IIIIIIIIIXYX', 'XIXXYIXXZIII']
clique 39 ['IIIIIIIIIYYY', 'XIXYYIXYZIII']
clique 40 ['IIIIIIIIIZYY', 'XIXZYIXYZIII']
clique 41 ['IIIIIIIIIZYX', 'XIXZYIXXZIII']
clique 42 ['IIIIIIIIIYYZ', 'XYZIYIXXZIII']
clique 43 ['IIIIIIIIIXYZ', 'XXZIYIXYZIII']
clique 44 ['IIIIIIIIIZYZ', 'XXZIYIXXZIII']
clique 45 ['IIIIIIIIIIZX', 'XYZIYIXYZIII']
clique 46 ['IIIIIIIIIIZY', 'XZZIYIXYZIII']
clique 47 ['IIIIIIIIIIZZ', 'XZZIYIXXZIII']
clique 48 ['IIIIIIIIIXXI', 'XIXYYIXZZIII']
clique 49 ['IIIIIIIIIYXI', 'XIXXYIXZZIII']
clique 50 ['IIIIIIIIIZXI', 'XIXZYIXZZIII']
clique 51 ['XYZIYIXZZIII']
clique 52 ['XXZIYIXZZIII']
clique 53 ['XZZIYIXZZIII']
clique 54 ['XIXYYXZIZIII']
clique 55 ['XIXXYYZIZIII']
clique 56 ['XIXXYXZIZIII']
clique 57 ['XIXYYYZIZIII']
clique 58 ['XIXZYYZIZIII']
clique 59 ['XIXZYXZIZIII']
clique 60 ['XYZIYXZIZIII']
clique 61 ['XXZIYYZIZIII']
clique 62 ['XXZIYXZIZIII']
clique 63 ['XYZIYYZIZIII']
clique 64 ['XZZIYYZIZIII']
clique 65 ['XZZIYXZIZIII']
clique 66 ['XIXYYZZIZIII']
clique 67 ['XIXXYZZIZIII']
clique 68 ['XIXZYZZIZIII']
clique 69 ['XYZIYZZIZIII']
clique 70 ['XXZIYZZIZIII']
clique 71 ['XZZIYZZIZIII']
clique 72 ['XIYIYIIIXIXX']
clique 73 ['XIYIYIIIXIXY']
clique 74 ['XIXXYIIIXIYI']
clique 75 ['XIXYYIIIXIYI']
clique 76 ['XIXZYIIIXIYI']
clique 77 ['XIYIYIIIXIXZ']
clique 78 ['XXZIYIIIXIYI']
clique 79 ['XYZIYIIIXIYI']
clique 80 ['XZZIYIIIXIYI']
clique 81 ['XIYIYIIIXXZI']
clique 82 ['XIYIYIIIXYZI']
clique 83 ['XIYIYIIIXZZI']
clique 84 ['XIYIYIXXZIII']
clique 85 ['XIYIYIXYZIII']
clique 86 ['XIXXYIYIZIII']
clique 87 ['XIXYYIYIZIII']
clique 88 ['XIXZYIYIZIII']
clique 89 ['XIYIYIXZZIII']
clique 90 ['XXZIYIYIZIII']
clique 91 ['XYZIYIYIZIII']
clique 92 ['XZZIYIYIZIII']
clique 93 ['XIYIYXZIZIII']
clique 94 ['XIYIYYZIZIII']
clique 95 ['XIYIYZZIZIII']
clique 96 ['XIYIYIIIXIYI']
clique 97 ['XIYIYIYIZIII']
clique 98 ['IIIIIIXYYIXX', 'XIXXXIIIIIII']
clique 99 ['IIIIIIXXYIXY', 'XIXYXIIIIIII']
clique 100 ['IIIIIIXXYIXX', 'XIXZXIIIIIII']
clique 101 ['IIIIIIXYYIXY', 'XXZIXIIIIIII']
clique 102 ['IIIIIIXZYIXY', 'XYZIXIIIIIII']
clique 103 ['IIIIIIXZYIXX', 'XZZIXIIIIIII']
clique 104 ['IIIIIYZIYIXX', 'XIYIXIIIIIII']
clique 105 ['IIIIIXZIYIXY', 'ZIXXIIIIIIII']
clique 106 ['IIIIIXZIYIXX', 'ZIXYIIIIIIII']
clique 107 ['IIIIIYZIYIXY', 'ZIXZIIIIIIII']
clique 108 ['IIIIIZZIYIXY', 'ZXZIIIIIIIII']
clique 109 ['IIIIIZZIYIXX', 'ZYZIIIIIIIII']
clique 110 ['IIIIIIXYYIXZ', 'ZZZIIIIIIIII']
clique 111 ['IIIIIIXXYIXZ', 'YIIIXIIIIIII', 'IYYXIIIIIIII']
clique 112 ['IIIIIIXZYIXZ', 'ZIYIIIIIIIII']
clique 113 ['IIIIIYZIYIXZ', 'IXYYIIIIIIII']
clique 114 ['IIIIIXZIYIXZ', 'IXYXIIIIIIII']
clique 115 ['IIIIIZZIYIXZ', 'IYYYIIIIIIII']
clique 116 ['IIIIIIXYYXZI', 'IZYYIIIIIIII']
clique 117 ['IIIIIIXXYYZI', 'IZYXIIIIIIII']
clique 118 ['IIIIIIXXYXZI', 'IYYZIIIIIIII']
clique 119 ['IIIIIIXYYYZI', 'IXYZIIIIIIII']
clique 120 ['IIIIIIXZYYZI', 'IZYZIIIIIIII']
clique 121 ['IIIIIIXZYXZI', 'IIZXIIIIIIII']
clique 122 ['IIIIIYZIYXZI', 'IIZYIIIIIIII']
clique 123 ['IIIIIXZIYYZI', 'IIZZIIIIIIII']
clique 124 ['IIIIIXZIYXZI', 'IXXIIIIIIIII']
clique 125 ['IIIIIYZIYYZI', 'IYXIIIIIIIII']
clique 126 ['IIIIIZZIYYZI', 'IZXIIIIIIIII']
clique 127 ['IIIIIZZIYXZI']
clique 128 ['IIIIIIXYYZZI']
clique 129 ['IIIIIIXXYZZI']
clique 130 ['IIIIIIXZYZZI']
clique 131 ['IIIIIYZIYZZI']
clique 132 ['IIIIIXZIYZZI']
clique 133 ['IIIIIZZIYZZI']
clique 134 ['IIIIIIYIYIXX']
clique 135 ['IIIIIIYIYIXY']
clique 136 ['YIIIYIIIXIXX']
clique 137 ['YIIIYIIIXIXY']
clique 138 ['IIIIIIXXYIYI']
clique 139 ['IIIIIIXYYIYI']
clique 140 ['IIIIIIXZYIYI']
clique 141 ['IIIIIIYIYIXZ']
clique 142 ['IIIIIXZIYIYI']
clique 143 ['IIIIIYZIYIYI']
clique 144 ['IIIIIZZIYIYI']
clique 145 ['YIIIYIIIXIXZ']
clique 146 ['IIIIIIYIYXZI']
clique 147 ['IIIIIIYIYYZI']
clique 148 ['YIIIYIIIXXZI']
clique 149 ['YIIIYIIIXYZI']
clique 150 ['IIIIIIYIYZZI']
clique 151 ['XIXXYIIIYIII']
clique 152 ['XIXYYIIIYIII']
clique 153 ['XIXZYIIIYIII']
clique 154 ['XXZIYIIIYIII']
clique 155 ['XYZIYIIIYIII']
clique 156 ['XZZIYIIIYIII']
clique 157 ['YIIIYIIIXZZI']
clique 158 ['YIIIYIXXZIII']
clique 159 ['YIIIYIXYZIII']
clique 160 ['YIIIYIXZZIII']
clique 161 ['YIIIYXZIZIII']
clique 162 ['YIIIYYZIZIII']
clique 163 ['YIIIYZZIZIII']
clique 164 ['IIIIIIYIYIYI']
clique 165 ['YIIIYIIIXIYI']
clique 166 ['XIYIYIIIYIII']
clique 167 ['YIIIYIYIZIII']
clique 168 ['IIIIZIIIXIXX']
clique 169 ['IIIIZIIIXIXY']
clique 170 ['IIIIZIIIXIXZ']
clique 171 ['IIIIZIIIXXZI']
clique 172 ['IIIIZIIIXYZI']
clique 173 ['IIIIZIIIXZZI']
clique 174 ['IIIIZIXXZIII']
clique 175 ['IIIIZIXYZIII']
clique 176 ['IIIIZIXZZIII']
clique 177 ['IIIIZXZIZIII']
clique 178 ['IIIIZYZIZIII']
clique 179 ['IIIIZZZIZIII']
clique 180 ['IIIIZIIIXIYI']
clique 181 ['IIIIZIYIZIII']
clique 182 ['IIIIIIIIZIXX']
clique 183 ['IIIIIIIIZIXY']
clique 184 ['IIIIIIIIZIXZ']
clique 185 ['IIIIIIIIZXZI']
clique 186 ['IIIIIIIIZYZI']
clique 187 ['IIIIIIIIZZZI']
clique 188 ['IIIIIIXXXIII']
clique 189 ['IIIIIIXYXIII']
clique 190 ['IIIIIIXZXIII']
clique 191 ['IIIIIXZIXIII']
clique 192 ['IIIIIYZIXIII']
clique 193 ['IIIIIZZIXIII']
clique 194 ['IIIIIIIIZIYI']
clique 195 ['IIIIIIYIXIII']
clique 196 ['YIIIYIIIYIII']
clique 197 ['IIIIZIIIYIII']
