GS energy with  DMRG -0.4999999999999999
N= 1.0000000000000002
E= -0.4999999999999999
D= [[9.99989783e-01+0.j 3.19640132e-03+0.j]
 [3.19640132e-03+0.j 1.02170858e-05+0.j]]
W= [1.96423415e-32+0.j]
local approximation with  1 sites
local interactions on sites [[0]]
Functional for interaction on sites [0]
aca-directory for images already exists
aca-directory for images already exists
aca-directory for images already exists
interacting orbitals: [0, 1]
mapping: [0, 1]
aca-directory for images already exists
aca-directory for images already exists
aca-directory for images already exists
orbinteractaca= [0, 1]
aca-directory for images already exists
aca-directory for images already exists
aca-directory for images already exists
aca: level 0  norb= 2
Daca= [[9.99989783e-01+0.j 3.19640132e-03+0.j]
 [3.19640132e-03+0.j 1.02170858e-05+0.j]]
rounding Naca1 to integer
rounding Naca2 to integer
Naca= (1, 0)
nq= 2
variational state:
      ┌──────────┐┌──────────┐     ┌──────────┐┌──────────┐     ┌──────────┐»
q0_0: ┤ Ry(y[0]) ├┤ Rz(y[2]) ├──■──┤ Ry(y[4]) ├┤ Rz(y[6]) ├──■──┤ Ry(y[8]) ├»
      ├──────────┤├──────────┤┌─┴─┐├──────────┤├──────────┤┌─┴─┐├──────────┤»
q0_1: ┤ Ry(y[1]) ├┤ Rz(y[3]) ├┤ X ├┤ Ry(y[5]) ├┤ Rz(y[7]) ├┤ X ├┤ Ry(y[9]) ├»
      └──────────┘└──────────┘└───┘└──────────┘└──────────┘└───┘└──────────┘»
c0: 2/══════════════════════════════════════════════════════════════════════»
                                                                            »
«      ┌───────────┐
«q0_0: ┤ Rz(y[10]) ├
«      ├───────────┤
«q0_1: ┤ Rz(y[11]) ├
«      └───────────┘
«c0: 2/═════════════
«                   
ansatz-state is written to ansatz.txt
building constraints...
number of constraints= 4
unique pauliops 6
graphclique-cliquecover: 6 with commutationmode disjointqubits
strategy largest_first 6
strategy random_sequential 6
strategy smallest_last 6
strategy independent_set 6
strategy connected_sequential_bfs 6
strategy connected_sequential_dfs 6
strategy saturation_largest_first 6
number of cliques 6
clique 0 ['IZ']
clique 1 ['IX']
clique 2 ['ZX']
clique 3 ['IY']
clique 4 ['ZY']
clique 5 ['ZZ']
