GS energy with  DMRG -3.7635428474099806
N= 3.000000000000001
E= -3.7635428474099806
D= [[ 4.00706283e-01+0.j  2.52658342e-01+0.j  3.45886277e-01+0.j
   1.12099219e-12+0.j  8.07469345e-02+0.j -2.05465030e-01+0.j]
 [ 2.52658342e-01+0.j  5.99293717e-01+0.j  1.65340658e-12+0.j
   3.45886277e-01+0.j -2.05465030e-01+0.j -8.07469345e-02+0.j]
 [ 3.45886277e-01+0.j  1.65340658e-12+0.j  5.15705272e-01+0.j
  -3.99629317e-02+0.j  3.45886277e-01+0.j -2.37479480e-12+0.j]
 [ 1.12096443e-12+0.j  3.45886277e-01+0.j -3.99629317e-02+0.j
   4.84294728e-01+0.j  3.66276454e-13+0.j  3.45886277e-01+0.j]
 [ 8.07469345e-02+0.j -2.05465030e-01+0.j  3.45886277e-01+0.j
   3.66276454e-13+0.j  4.00706283e-01+0.j  2.52658342e-01+0.j]
 [-2.05465030e-01+0.j -8.07469345e-02+0.j -2.37480868e-12+0.j
   3.45886277e-01+0.j  2.52658342e-01+0.j  5.99293717e-01+0.j]]
W= [0.14578878+0.j 0.21196981+0.j 0.14578878+0.j]
local approximation with  1 sites
local interactions on sites [[0], [1], [2]]
Functional for interaction on sites [0]
aca-directory for images already exists
aca-directory for images already exists
aca-directory for images already exists
interacting orbitals: [0, 1]
mapping: [0, 1, 2, 3, 4, 5]
aca-directory for images already exists
aca-directory for images already exists
aca-directory for images already exists
orbinteractaca= [0, 1]
aca-directory for images already exists
aca-directory for images already exists
aca-directory for images already exists
aca-directory for images already exists
aca-directory for images already exists
aca-directory for images already exists
aca-directory for images already exists
aca-directory for images already exists
aca-directory for images already exists
aca-directory for images already exists
aca-directory for images already exists
aca-directory for images already exists
aca-directory for images already exists
aca-directory for images already exists
aca-directory for images already exists
aca: level 2  norb= 6
Daca= [[ 4.00706283e-01+0.j  2.52658342e-01+0.j -4.10333112e-01+0.j
   4.29292538e-18+0.j  1.50359056e-17+0.j -3.90146578e-17+0.j]
 [ 2.52658342e-01+0.j  5.99293717e-01+0.j -3.63660209e-12+0.j
  -4.10333112e-01+0.j  5.77422363e-17+0.j  2.46545793e-18+0.j]
 [-4.10333112e-01+0.j -3.63660208e-12+0.j  5.97167782e-01+0.j
  -2.47248783e-01+0.j  3.06522849e-03+0.j  0.00000000e+00+0.j]
 [ 2.51096071e-17+0.j -4.10333112e-01+0.j -2.47248783e-01+0.j
   4.02832218e-01+0.j  2.41212720e-13+0.j -3.06522849e-03+0.j]
 [ 1.15811777e-18+0.j  1.36649678e-16+0.j  3.06522849e-03+0.j
   2.41206942e-13+0.j  3.19243773e-01+0.j -4.59944194e-01+0.j]
 [-3.90146578e-17+0.j  4.19191788e-17+0.j  2.80312421e-17+0.j
  -3.06522849e-03+0.j -4.59944194e-01+0.j  6.80756227e-01+0.j]]
Naca= (1.3171178378190576, 1.6828821621809436)
nq= 6
variational state:
      ┌──────────┐ ┌──────────┐┌───┐     ┌───────────┐┌───────────┐»
q0_0: ┤ Ry(y[0]) ├─┤ Rz(y[6]) ├┤ X ├──■──┤ Ry(y[12]) ├┤ Rz(y[18]) ├»
      ├──────────┤ ├──────────┤└─┬─┘┌─┴─┐└───────────┘├───────────┤»
q0_1: ┤ Ry(y[1]) ├─┤ Rz(y[7]) ├──┼──┤ X ├──────■──────┤ Ry(y[13]) ├»
      ├──────────┤ ├──────────┤  │  └───┘    ┌─┴─┐    └───────────┘»
q0_2: ┤ Ry(y[2]) ├─┤ Rz(y[8]) ├──┼───────────┤ X ├──────────■──────»
      ├──────────┤ ├──────────┤  │           └───┘        ┌─┴─┐    »
q0_3: ┤ Ry(y[3]) ├─┤ Rz(y[9]) ├──┼────────────────────────┤ X ├────»
      ├──────────┤┌┴──────────┤  │                        └───┘    »
q0_4: ┤ Ry(y[4]) ├┤ Rz(y[10]) ├──┼─────────────────────────────────»
      ├──────────┤├───────────┤  │                                 »
q0_5: ┤ Ry(y[5]) ├┤ Rz(y[11]) ├──■─────────────────────────────────»
      └──────────┘└───────────┘                                    »
c0: 6/═════════════════════════════════════════════════════════════»
                                                                   »
«                                                          ┌───┐     »
«q0_0: ────────────────────────────────────────────────────┤ X ├──■──»
«      ┌───────────┐                                       └─┬─┘┌─┴─┐»
«q0_1: ┤ Rz(y[19]) ├─────────────────────────────────────────┼──┤ X ├»
«      ├───────────┤┌───────────┐                            │  └───┘»
«q0_2: ┤ Ry(y[14]) ├┤ Rz(y[20]) ├────────────────────────────┼───────»
«      └───────────┘├───────────┤┌───────────┐               │       »
«q0_3: ──────■──────┤ Ry(y[15]) ├┤ Rz(y[21]) ├───────────────┼───────»
«          ┌─┴─┐    └───────────┘├───────────┤┌───────────┐  │       »
«q0_4: ────┤ X ├──────────■──────┤ Ry(y[16]) ├┤ Rz(y[22]) ├──┼───────»
«          └───┘        ┌─┴─┐    ├───────────┤├───────────┤  │       »
«q0_5: ─────────────────┤ X ├────┤ Ry(y[17]) ├┤ Rz(y[23]) ├──■───────»
«                       └───┘    └───────────┘└───────────┘          »
«c0: 6/══════════════════════════════════════════════════════════════»
«                                                                    »
«      ┌───────────┐┌───────────┐                                       »
«q0_0: ┤ Ry(y[24]) ├┤ Rz(y[30]) ├───────────────────────────────────────»
«      └───────────┘├───────────┤┌───────────┐                          »
«q0_1: ──────■──────┤ Ry(y[25]) ├┤ Rz(y[31]) ├──────────────────────────»
«          ┌─┴─┐    └───────────┘├───────────┤┌───────────┐             »
«q0_2: ────┤ X ├──────────■──────┤ Ry(y[26]) ├┤ Rz(y[32]) ├─────────────»
«          └───┘        ┌─┴─┐    └───────────┘├───────────┤┌───────────┐»
«q0_3: ─────────────────┤ X ├──────────■──────┤ Ry(y[27]) ├┤ Rz(y[33]) ├»
«                       └───┘        ┌─┴─┐    └───────────┘├───────────┤»
«q0_4: ──────────────────────────────┤ X ├──────────■──────┤ Ry(y[28]) ├»
«                                    └───┘        ┌─┴─┐    ├───────────┤»
«q0_5: ───────────────────────────────────────────┤ X ├────┤ Ry(y[29]) ├»
«                                                 └───┘    └───────────┘»
«c0: 6/═════════════════════════════════════════════════════════════════»
«                                                                       »
«                   
«q0_0: ─────────────
«                   
«q0_1: ─────────────
«                   
«q0_2: ─────────────
«                   
«q0_3: ─────────────
«      ┌───────────┐
«q0_4: ┤ Rz(y[34]) ├
«      ├───────────┤
«q0_5: ┤ Rz(y[35]) ├
«      └───────────┘
«c0: 6/═════════════
«                   
ansatz-state is written to ansatz.txt
building constraints...
number of constraints= 36
unique pauliops 66
graphclique-cliquecover: 66 with commutationmode commute
strategy largest_first 15
strategy random_sequential 12
strategy smallest_last 15
strategy independent_set 11
strategy connected_sequential_bfs 15
strategy connected_sequential_dfs 15
strategy saturation_largest_first 11
number of cliques 11
clique 0 ['IIIIIZ', 'IIIIZZ', 'IIIZZI', 'IIZZII', 'IZZIII', 'ZZIIII']
clique 1 ['IIIIIX', 'IIIIZX', 'IIIXII', 'IIZXZI', 'IXIIII', 'ZXZIII']
clique 2 ['IIIIIY', 'IIIIZY', 'IIZYII', 'IIIYZI', 'ZYIIII', 'IYZIII']
clique 3 ['IIIZXX', 'IIYXXY', 'IIIYYI', 'ZXXXXZ', 'IZXXZI', 'IYYIII']
clique 4 ['IIIIYY', 'ZXXXXX', 'IIIZXZ', 'IZXXYI', 'IIXIII', 'IYXZII']
clique 5 ['IIIIYX', 'IIIYXY', 'IIYXYI', 'IYXXXZ', 'IZXYII', 'ZXYIII']
clique 6 ['IIIZXY', 'IIZXXX', 'IZXXXZ', 'IYXXYI', 'ZXXXZI', 'IIYZII']
clique 7 ['IIIYXX', 'IZXXXY', 'IIZXXZ', 'ZXXXYI', 'IIYYII', 'IYXXZI']
clique 8 ['IIZXXY', 'IZXXXX', 'IIIIXI', 'IIYXXZ', 'IYXYII', 'ZXXZII']
clique 9 ['IYXXXX', 'ZXXXXY', 'IIIZYI', 'IIIYXZ', 'IIYXZI', 'IZYIII']
clique 10 ['IIYXXX', 'IYXXXY', 'IIIIYZ', 'IIZXYI', 'ZXXYII', 'IZXZII']
