GS energy with  DMRG -13.110654654096086
N= 8.999999999999998
E= -13.110654654096086
D= [[ 6.07109628e-01+0.j  5.88245741e-02+0.j  4.05184605e-01+0.j
  -6.23940211e-09+0.j -8.61997833e-02+0.j -4.73408992e-02+0.j
  -1.40617338e-01+0.j  2.96113943e-09+0.j  7.87947131e-02+0.j
   4.32740295e-02+0.j  6.98466407e-02+0.j  2.61030039e-07+0.j
  -7.40713758e-02+0.j -4.06812901e-02+0.j -3.02115534e-02+0.j
   1.77412499e-06+0.j  7.00979405e-02+0.j  3.84959078e-02+0.j]
 [ 5.88245741e-02+0.j  3.92890356e-01+0.j -6.23396051e-09+0.j
   4.05184598e-01+0.j -4.73408981e-02+0.j  8.61997910e-02+0.j
   7.06164612e-09+0.j -1.40617335e-01+0.j  4.32740383e-02+0.j
  -7.87946988e-02+0.j -1.92873257e-08+0.j  6.98469690e-02+0.j
  -4.06800554e-02+0.j  7.40715824e-02+0.j -5.91808274e-08+0.j
  -3.02099739e-02+0.j  3.84977004e-02+0.j -7.00979352e-02+0.j]
 [ 4.05184605e-01+0.j -6.23396052e-09+0.j  4.79696961e-01+0.j
  -1.11504280e-02+0.j  2.60853307e-01+0.j -2.38812895e-09+0.j
   6.32879298e-03+0.j  3.47576614e-03+0.j -6.97722871e-02+0.j
   3.16663324e-09+0.j -2.96792179e-03+0.j -1.62954848e-03+0.j
   3.95486100e-02+0.j -1.24663460e-06+0.j  1.21916823e-03+0.j
   6.72261901e-04+0.j -3.02099952e-02+0.j -1.81147526e-06+0.j]
 [-6.23940215e-09+0.j  4.05184598e-01+0.j -1.11504280e-02+0.j
   5.20303029e-01+0.j -1.32468592e-09+0.j  2.60853302e-01+0.j
   3.47576946e-03+0.j -6.32877651e-03+0.j -2.93279599e-10+0.j
  -6.97722640e-02+0.j -1.62998240e-03+0.j  2.96786458e-03+0.j
   2.91113526e-08+0.j  3.95475716e-02+0.j  6.69475009e-04+0.j
  -1.21916920e-03+0.j  6.68709323e-08+0.j -3.02115947e-02+0.j]
 [-8.61997833e-02+0.j -4.73408981e-02+0.j  2.60853307e-01+0.j
  -1.32468591e-09+0.j  6.04395943e-01+0.j  5.73342186e-02+0.j
   3.36227171e-01+0.j -4.01680610e-09+0.j -8.52709398e-02+0.j
  -4.68307909e-02+0.j -1.01914145e-01+0.j  2.41475521e-07+0.j
   7.86756061e-02+0.j  4.32076197e-02+0.j  3.95475847e-02+0.j
   1.30136475e-06+0.j -7.40716086e-02+0.j -4.06813776e-02+0.j]
 [-4.73408992e-02+0.j  8.61997910e-02+0.j -2.38812897e-09+0.j
   2.60853302e-01+0.j  5.73342186e-02+0.j  3.95604050e-01+0.j
  -5.88182554e-09+0.j  3.36227157e-01+0.j -4.68307854e-02+0.j
   8.52709586e-02+0.j -8.00647557e-09+0.j -1.01913869e-01+0.j
   4.32085897e-02+0.j -7.86756030e-02+0.j -3.68648738e-08+0.j
   3.95486641e-02+0.j -4.06800818e-02+0.j  7.40714084e-02+0.j]
 [-1.40617338e-01+0.j  7.06164613e-09+0.j  6.32879298e-03+0.j
   3.47576946e-03+0.j  3.36227171e-01+0.j -5.88182550e-09+0.j
   4.75832511e-01+0.j -1.32727883e-02+0.j  3.02826783e-01+0.j
  -3.64326332e-09+0.j  7.78396700e-03+0.j  4.27508859e-03+0.j
  -1.01913879e-01+0.j -2.83605947e-07+0.j -2.96784723e-03+0.j
  -1.62944915e-03+0.j  6.98469944e-02+0.j -3.26020349e-07+0.j]
 [ 2.96113952e-09+0.j -1.40617335e-01+0.j  3.47576614e-03+0.j
  -6.32877651e-03+0.j -4.01680614e-09+0.j  3.36227157e-01+0.j
  -1.32727883e-02+0.j  5.24167487e-01+0.j -3.29540349e-09+0.j
   3.02826770e-01+0.j  4.27495626e-03+0.j -7.78396664e-03+0.j
   1.33139173e-08+0.j -1.01914190e-01+0.j -1.62997482e-03+0.j
   2.96790888e-03+0.j  1.89362663e-08+0.j  6.98466117e-02+0.j]
 [ 7.87947131e-02+0.j  4.32740383e-02+0.j -6.97722871e-02+0.j
  -2.93279580e-10+0.j -8.52709398e-02+0.j -4.68307854e-02+0.j
   3.02826783e-01+0.j -3.29540352e-09+0.j  6.04185875e-01+0.j
   5.72188579e-02+0.j  3.02826775e-01+0.j  1.44703210e-08+0.j
  -8.52709615e-02+0.j -4.68308247e-02+0.j -6.97722918e-02+0.j
   3.23934669e-08+0.j  7.87946832e-02+0.j  4.32739882e-02+0.j]
 [ 4.32740295e-02+0.j -7.87946988e-02+0.j  3.16663325e-09+0.j
  -6.97722640e-02+0.j -4.68307909e-02+0.j  8.52709586e-02+0.j
  -3.64326325e-09+0.j  3.02826770e-01+0.j  5.72188579e-02+0.j
   3.95814127e-01+0.j -2.16224909e-09+0.j  3.02826795e-01+0.j
  -4.68307903e-02+0.j  8.52709423e-02+0.j -3.37864295e-10+0.j
  -6.97722848e-02+0.j  4.32740349e-02+0.j -7.87947011e-02+0.j]
 [ 6.98466407e-02+0.j -1.92873257e-08+0.j -2.96792179e-03+0.j
  -1.62998240e-03+0.j -1.01914145e-01+0.j -8.00647550e-09+0.j
   7.78396700e-03+0.j  4.27495626e-03+0.j  3.02826775e-01+0.j
  -2.16224908e-09+0.j  4.75832514e-01+0.j -1.32727861e-02+0.j
   3.36227166e-01+0.j  5.41122225e-09+0.j  6.32877826e-03+0.j
   3.47577594e-03+0.j -1.40617322e-01+0.j -1.28497332e-08+0.j]
 [ 2.61030039e-07+0.j  6.98469690e-02+0.j -1.62954848e-03+0.j
   2.96786458e-03+0.j  2.41475522e-07+0.j -1.01913869e-01+0.j
   4.27508859e-03+0.j -7.78396664e-03+0.j  1.44703211e-08+0.j
   3.02826795e-01+0.j -1.32727861e-02+0.j  5.24167486e-01+0.j
   8.29510263e-10+0.j  3.36227171e-01+0.j  3.47577010e-03+0.j
  -6.32879487e-03+0.j -1.74909453e-09+0.j -1.40617332e-01+0.j]
 [-7.40713758e-02+0.j -4.06800554e-02+0.j  3.95486100e-02+0.j
   2.91113526e-08+0.j  7.86756061e-02+0.j  4.32085897e-02+0.j
  -1.01913879e-01+0.j  1.33139172e-08+0.j -8.52709615e-02+0.j
  -4.68307903e-02+0.j  3.36227166e-01+0.j  8.29510308e-10+0.j
   6.04395942e-01+0.j  5.73342264e-02+0.j  2.60853300e-01+0.j
   1.53508629e-09+0.j -8.61997869e-02+0.j -4.73409041e-02+0.j]
 [-4.06812901e-02+0.j  7.40715824e-02+0.j -1.24663460e-06+0.j
   3.95475716e-02+0.j  4.32076197e-02+0.j -7.86756030e-02+0.j
  -2.83605947e-07+0.j -1.01914190e-01+0.j -4.68308247e-02+0.j
   8.52709423e-02+0.j  5.41122227e-09+0.j  3.36227171e-01+0.j
   5.73342264e-02+0.j  3.95604063e-01+0.j  1.59645642e-10+0.j
   2.60853305e-01+0.j -4.73409039e-02+0.j  8.61997799e-02+0.j]
 [-3.02115534e-02+0.j -5.91808274e-08+0.j  1.21916823e-03+0.j
   6.69475009e-04+0.j  3.95475847e-02+0.j -3.68648738e-08+0.j
  -2.96784723e-03+0.j -1.62997482e-03+0.j -6.97722918e-02+0.j
  -3.37864308e-10+0.j  6.32877826e-03+0.j  3.47577010e-03+0.j
   2.60853300e-01+0.j  1.59645637e-10+0.j  4.79696973e-01+0.j
  -1.11504294e-02+0.j  4.05184596e-01+0.j  8.89692207e-09+0.j]
 [ 1.77412499e-06+0.j -3.02099739e-02+0.j  6.72261901e-04+0.j
  -1.21916920e-03+0.j  1.30136475e-06+0.j  3.95486641e-02+0.j
  -1.62944915e-03+0.j  2.96790888e-03+0.j  3.23934669e-08+0.j
  -6.97722848e-02+0.j  3.47577594e-03+0.j -6.32879487e-03+0.j
   1.53508635e-09+0.j  2.60853305e-01+0.j -1.11504294e-02+0.j
   5.20303037e-01+0.j  3.31470437e-09+0.j  4.05184604e-01+0.j]
 [ 7.00979405e-02+0.j  3.84977004e-02+0.j -3.02099952e-02+0.j
   6.68709324e-08+0.j -7.40716086e-02+0.j -4.06800818e-02+0.j
   6.98469944e-02+0.j  1.89362663e-08+0.j  7.87946832e-02+0.j
   4.32740349e-02+0.j -1.40617322e-01+0.j -1.74909454e-09+0.j
  -8.61997869e-02+0.j -4.73409039e-02+0.j  4.05184596e-01+0.j
   3.31470434e-09+0.j  6.07109639e-01+0.j  5.88245828e-02+0.j]
 [ 3.84959078e-02+0.j -7.00979352e-02+0.j -1.81147526e-06+0.j
  -3.02115947e-02+0.j -4.06813776e-02+0.j  7.40714084e-02+0.j
  -3.26020349e-07+0.j  6.98466117e-02+0.j  4.32739882e-02+0.j
  -7.87947011e-02+0.j -1.28497333e-08+0.j -1.40617332e-01+0.j
  -4.73409041e-02+0.j  8.61997799e-02+0.j  8.89692206e-09+0.j
   4.05184604e-01+0.j  5.88245828e-02+0.j  3.92890377e-01+0.j]]
W= [0.18433395+0.j 0.21111725+0.j 0.20320056+0.j 0.21392756+0.j
 0.20492146+0.j 0.21392756+0.j 0.20320057+0.j 0.21111726+0.j
 0.18433397+0.j]
local approximation with  1 sites
local interactions on sites [[0], [1], [2], [3], [4], [5], [6], [7], [8]]
Functional for interaction on sites [0]
aca-directory for images already exists
aca-directory for images already exists
aca-directory for images already exists
interacting orbitals: [0, 1]
mapping: [0, 1, 2, 3, 4, 5, 6, 7, 8, 9, 10, 11, 12, 13, 14, 15, 16, 17]
aca-directory for images already exists
aca-directory for images already exists
aca-directory for images already exists
orbinteractaca= [0, 1]
aca-directory for images already exists
aca-directory for images already exists
aca-directory for images already exists
aca-directory for images already exists
aca-directory for images already exists
aca-directory for images already exists
aca-directory for images already exists
aca-directory for images already exists
aca-directory for images already exists
aca-directory for images already exists
aca-directory for images already exists
aca-directory for images already exists
aca-directory for images already exists
aca-directory for images already exists
aca-directory for images already exists
aca-directory for images already exists
aca-directory for images already exists
aca-directory for images already exists
aca-directory for images already exists
aca-directory for images already exists
aca-directory for images already exists
aca-directory for images already exists
aca-directory for images already exists
aca-directory for images already exists
aca-directory for images already exists
aca-directory for images already exists
aca-directory for images already exists
aca-directory for images already exists
aca-directory for images already exists
aca-directory for images already exists
aca-directory for images already exists
aca-directory for images already exists
aca-directory for images already exists
aca-directory for images already exists
aca-directory for images already exists
aca-directory for images already exists
aca-directory for images already exists
aca-directory for images already exists
aca-directory for images already exists
aca-directory for images already exists
aca-directory for images already exists
aca-directory for images already exists
aca-directory for images already exists
aca-directory for images already exists
aca-directory for images already exists
aca-directory for images already exists
aca-directory for images already exists
aca-directory for images already exists
aca-directory for images already exists
aca-directory for images already exists
aca-directory for images already exists
aca: level 8  norb= 18
Daca= [[ 6.07109628e-01+0.j  5.88245741e-02+0.j -4.70137315e-01+0.j
   7.58551022e-19+0.j -3.98814697e-21+0.j  3.92153410e-18+0.j
  -1.78555812e-17+0.j -6.12333481e-19+0.j  4.74789049e-17+0.j
   3.84095604e-18+0.j -9.17753966e-18+0.j  1.40506669e-19+0.j
  -1.16148738e-17+0.j -9.13389757e-18+0.j -8.05575130e-18+0.j
   1.57831816e-20+0.j -1.09619607e-17+0.j  1.14194231e-18+0.j]
 [ 5.88245741e-02+0.j  3.92890356e-01+0.j  3.09226259e-08+0.j
  -4.70137327e-01+0.j -2.06135596e-18+0.j  1.15533263e-17+0.j
  -4.08320100e-19+0.j -2.80859167e-17+0.j -1.29079665e-18+0.j
  -2.29894111e-17+0.j -4.51913023e-20+0.j  2.01688387e-17+0.j
  -6.12341258e-18+0.j -2.33203434e-17+0.j -2.20922408e-20+0.j
  -7.10981816e-18+0.j  2.56620913e-18+0.j  1.54334433e-19+0.j]
 [-4.70137315e-01+0.j  3.09226259e-08+0.j  3.94369782e-01+0.j
  -5.80121060e-02+0.j  8.89433009e-03+0.j  1.34113339e-19+0.j
   2.05444173e-20+0.j  1.11331631e-19+0.j  5.45523619e-19+0.j
   6.70595027e-21+0.j -1.54061212e-19+0.j -1.67696838e-20+0.j
  -1.66788459e-19+0.j  3.84532557e-21+0.j  3.85879656e-19+0.j
   4.22963692e-20+0.j -6.07418253e-21+0.j -1.25483022e-22+0.j]
 [ 6.37102984e-17+0.j -4.70137327e-01+0.j -5.80121060e-02+0.j
   6.05630261e-01+0.j  1.26529146e-07+0.j  8.89435611e-03+0.j
  -7.55700698e-20+0.j -7.85451505e-20+0.j  2.11516562e-20+0.j
  -5.53935368e-19+0.j  2.01108835e-20+0.j -3.20863688e-19+0.j
  -8.74490466e-21+0.j -1.74625598e-19+0.j -2.82694837e-20+0.j
   8.47436001e-19+0.j  1.62694307e-21+0.j  1.63648656e-20+0.j]
 [-2.45069654e-17+0.j  2.11773313e-17+0.j  8.89433009e-03+0.j
   1.26529146e-07+0.j  4.72398690e-01+0.j -1.51571040e-02+0.j
   4.86266803e-01+0.j -3.02099899e-17+0.j  2.12428831e-17+0.j
   2.54471552e-18+0.j  1.04822513e-17+0.j -3.11131089e-18+0.j
   8.45135833e-18+0.j  4.10626369e-18+0.j -1.17050641e-17+0.j
   8.52036348e-19+0.j -4.82172111e-17+0.j  3.42325465e-18+0.j]
 [ 9.24650120e-17+0.j  9.51569598e-17+0.j  3.21206105e-18+0.j
   8.89435611e-03+0.j -1.51571040e-02+0.j  5.27598514e-01+0.j
  -1.53803341e-07+0.j  4.86266858e-01+0.j -4.79127220e-18+0.j
  -7.53951388e-19+0.j -2.77282071e-18+0.j -7.61107194e-19+0.j
  -3.28465869e-18+0.j -4.99971580e-18+0.j  2.63894100e-18+0.j
  -1.73281268e-17+0.j -5.34247429e-17+0.j  2.45413534e-17+0.j]
 [ 4.51660944e-16+0.j  1.05022831e-17+0.j  4.97759278e-17+0.j
  -2.61401434e-17+0.j  4.86266803e-01+0.j -1.53803341e-07+0.j
   5.30980172e-01+0.j  1.70127409e-02+0.j  6.30513371e-03+0.j
  -9.06847244e-20+0.j -1.48479877e-19+0.j -4.57001024e-19+0.j
  -4.82650959e-19+0.j -3.43496339e-21+0.j  8.03581579e-20+0.j
   4.59256212e-19+0.j  2.93624757e-20+0.j  3.96713082e-20+0.j]
 [ 7.52168871e-17+0.j  1.52556460e-16+0.j -3.81507761e-18+0.j
  -3.55447776e-18+0.j -4.29263954e-17+0.j  4.86266858e-01+0.j
   1.70127409e-02+0.j  4.69022553e-01+0.j -1.94079330e-07+0.j
   6.30509154e-03+0.j -5.22509273e-19+0.j  7.28929226e-19+0.j
  -4.45589645e-20+0.j -4.90012193e-19+0.j  1.03633286e-18+0.j
   1.21637686e-20+0.j  2.99016552e-20+0.j  5.60936218e-19+0.j]
 [-7.69874971e-17+0.j  1.25158772e-16+0.j -2.03527707e-17+0.j
   8.83087743e-17+0.j  2.01654071e-16+0.j  1.60256253e-17+0.j
   6.30513371e-03+0.j -1.94079330e-07+0.j  6.13988878e-01+0.j
   6.26048818e-02+0.j  4.72362775e-01+0.j  3.23092854e-18+0.j
   2.15324233e-17+0.j  1.51455623e-17+0.j  2.25855277e-19+0.j
   2.39611932e-19+0.j -6.11636743e-17+0.j -2.54422848e-17+0.j]
 [ 5.71452993e-17+0.j -1.96855998e-17+0.j  8.89711235e-17+0.j
  -9.22385043e-17+0.j  1.21547846e-17+0.j -5.65414626e-17+0.j
   7.66038463e-17+0.j  6.30509154e-03+0.j  6.26048818e-02+0.j
   3.86017820e-01+0.j -7.25042756e-07+0.j  4.72364574e-01+0.j
  -2.28769767e-19+0.j -5.86902520e-18+0.j  8.67327466e-19+0.j
   1.31782205e-17+0.j -6.42105342e-17+0.j  7.34441935e-19+0.j]
 [-9.25802791e-17+0.j -1.78615972e-17+0.j -9.35605611e-17+0.j
   1.78362421e-17+0.j  2.06777017e-16+0.j -9.40624944e-17+0.j
  -1.61732791e-17+0.j -1.72259685e-16+0.j  4.72362775e-01+0.j
  -7.25042756e-07+0.j  3.84910584e-01+0.j -6.32096033e-02+0.j
   2.04248305e-03+0.j -6.71494348e-20+0.j  2.67790374e-20+0.j
   1.77338433e-20+0.j -1.06743211e-19+0.j  2.51152062e-20+0.j]
 [-7.85176130e-18+0.j  1.13838942e-16+0.j  1.59107978e-17+0.j
  -5.13175696e-17+0.j -1.71718290e-17+0.j -9.02358067e-17+0.j
  -6.51024222e-17+0.j  5.08189033e-17+0.j -5.83055923e-18+0.j
   4.72364574e-01+0.j -6.32096033e-02+0.j  6.15082890e-01+0.j
   1.65424066e-07+0.j  2.04264808e-03+0.j  6.47411490e-21+0.j
   1.39455943e-20+0.j  1.85872616e-20+0.j  5.47619218e-20+0.j]
 [ 3.06690037e-17+0.j -9.41274031e-17+0.j  1.24192592e-17+0.j
  -2.45012953e-17+0.j -1.58082115e-16+0.j  1.21615511e-16+0.j
  -1.94061965e-17+0.j  6.52967057e-17+0.j -6.83507547e-17+0.j
  -1.08776579e-16+0.j  2.04248305e-03+0.j  1.65424066e-07+0.j
   6.92870159e-01+0.j  1.05897770e-01+0.j -4.42070619e-01+0.j
  -1.78655671e-17+0.j -3.06378056e-17+0.j -4.48029007e-17+0.j]
 [ 5.37664356e-17+0.j  4.45285697e-17+0.j -6.16989107e-17+0.j
   6.97916342e-17+0.j -1.06415857e-17+0.j -1.51946934e-18+0.j
  -4.43523060e-17+0.j -7.71070313e-17+0.j -5.58977010e-17+0.j
   9.68816561e-17+0.j  2.52316767e-17+0.j  2.04264808e-03+0.j
   1.05897770e-01+0.j  3.07140001e-01+0.j  2.72042600e-06+0.j
  -4.42074867e-01+0.j -3.20742161e-18+0.j  4.94517343e-17+0.j]
 [-3.56440759e-17+0.j -1.69973156e-18+0.j  6.49738013e-17+0.j
  -1.75071786e-17+0.j -8.20994996e-17+0.j  2.22734383e-17+0.j
   6.41794421e-17+0.j  7.62387322e-17+0.j -5.15259040e-17+0.j
   2.66031810e-17+0.j  4.26918267e-17+0.j -7.26148056e-18+0.j
  -4.42070619e-01+0.j  2.72042600e-06+0.j  3.08109942e-01+0.j
  -1.05361083e-01+0.j  1.02425477e-03+0.j -1.36443131e-23+0.j]
 [-6.75918461e-18+0.j -3.10904839e-17+0.j  3.72660493e-17+0.j
   4.02007785e-18+0.j -3.02766813e-17+0.j -3.50605811e-17+0.j
  -1.08487830e-16+0.j  1.72948410e-16+0.j  2.80880408e-17+0.j
   1.52420365e-16+0.j  2.11989656e-17+0.j -1.89465146e-17+0.j
  -1.04559556e-16+0.j -4.42074867e-01+0.j -1.05361083e-01+0.j
   6.91879745e-01+0.j -5.61807630e-07+0.j -1.02387943e-03+0.j]
 [-5.25953178e-17+0.j  4.35525037e-17+0.j -9.39026170e-17+0.j
  -2.46946405e-17+0.j  1.73827075e-16+0.j -1.22812405e-16+0.j
   8.14361792e-17+0.j -1.61431087e-18+0.j -1.05825474e-16+0.j
  -2.05804872e-17+0.j -1.20756529e-16+0.j  2.92086201e-17+0.j
   4.15743115e-17+0.j -2.40970521e-17+0.j  1.02425477e-03+0.j
  -5.61807630e-07+0.j  9.33401405e-01+0.j -2.38302409e-01+0.j]
 [-6.12047373e-18+0.j -4.10476661e-17+0.j -7.83592193e-18+0.j
  -2.55957905e-17+0.j  2.43613437e-17+0.j  1.62833602e-16+0.j
   3.98217717e-17+0.j  1.08810120e-16+0.j -2.74264750e-16+0.j
   8.19508509e-17+0.j  3.04296297e-17+0.j  2.87289195e-17+0.j
   2.22529038e-17+0.j  1.77508610e-16+0.j -7.29222954e-17+0.j
  -1.02387943e-03+0.j -2.38302409e-01+0.j  6.65986206e-02+0.j]]
Naca= (4.938139239140563, 4.061860760859437)
nq= 18
variational state:
        ┌──────────┐┌───────────┐┌───┐     ┌───────────┐┌───────────┐»
 q0_0: ─┤ Ry(y[0]) ├┤ Rz(y[18]) ├┤ X ├──■──┤ Ry(y[36]) ├┤ Rz(y[54]) ├»
        ├──────────┤├───────────┤└─┬─┘┌─┴─┐└───────────┘├───────────┤»
 q0_1: ─┤ Ry(y[1]) ├┤ Rz(y[19]) ├──┼──┤ X ├──────■──────┤ Ry(y[37]) ├»
        ├──────────┤├───────────┤  │  └───┘    ┌─┴─┐    └───────────┘»
 q0_2: ─┤ Ry(y[2]) ├┤ Rz(y[20]) ├──┼───────────┤ X ├──────────■──────»
        ├──────────┤├───────────┤  │           └───┘        ┌─┴─┐    »
 q0_3: ─┤ Ry(y[3]) ├┤ Rz(y[21]) ├──┼────────────────────────┤ X ├────»
        ├──────────┤├───────────┤  │                        └───┘    »
 q0_4: ─┤ Ry(y[4]) ├┤ Rz(y[22]) ├──┼─────────────────────────────────»
        ├──────────┤├───────────┤  │                                 »
 q0_5: ─┤ Ry(y[5]) ├┤ Rz(y[23]) ├──┼─────────────────────────────────»
        ├──────────┤├───────────┤  │                                 »
 q0_6: ─┤ Ry(y[6]) ├┤ Rz(y[24]) ├──┼─────────────────────────────────»
        ├──────────┤├───────────┤  │                                 »
 q0_7: ─┤ Ry(y[7]) ├┤ Rz(y[25]) ├──┼─────────────────────────────────»
        ├──────────┤├───────────┤  │                                 »
 q0_8: ─┤ Ry(y[8]) ├┤ Rz(y[26]) ├──┼─────────────────────────────────»
        ├──────────┤├───────────┤  │                                 »
 q0_9: ─┤ Ry(y[9]) ├┤ Rz(y[27]) ├──┼─────────────────────────────────»
       ┌┴──────────┤├───────────┤  │                                 »
q0_10: ┤ Ry(y[10]) ├┤ Rz(y[28]) ├──┼─────────────────────────────────»
       ├───────────┤├───────────┤  │                                 »
q0_11: ┤ Ry(y[11]) ├┤ Rz(y[29]) ├──┼─────────────────────────────────»
       ├───────────┤├───────────┤  │                                 »
q0_12: ┤ Ry(y[12]) ├┤ Rz(y[30]) ├──┼─────────────────────────────────»
       ├───────────┤├───────────┤  │                                 »
q0_13: ┤ Ry(y[13]) ├┤ Rz(y[31]) ├──┼─────────────────────────────────»
       ├───────────┤├───────────┤  │                                 »
q0_14: ┤ Ry(y[14]) ├┤ Rz(y[32]) ├──┼─────────────────────────────────»
       ├───────────┤├───────────┤  │                                 »
q0_15: ┤ Ry(y[15]) ├┤ Rz(y[33]) ├──┼─────────────────────────────────»
       ├───────────┤├───────────┤  │                                 »
q0_16: ┤ Ry(y[16]) ├┤ Rz(y[34]) ├──┼─────────────────────────────────»
       ├───────────┤├───────────┤  │                                 »
q0_17: ┤ Ry(y[17]) ├┤ Rz(y[35]) ├──■─────────────────────────────────»
       └───────────┘└───────────┘                                    »
c0: 18/══════════════════════════════════════════════════════════════»
                                                                     »
«                                                                        »
« q0_0: ─────────────────────────────────────────────────────────────────»
«       ┌───────────┐                                                    »
« q0_1: ┤ Rz(y[55]) ├────────────────────────────────────────────────────»
«       ├───────────┤┌───────────┐                                       »
« q0_2: ┤ Ry(y[38]) ├┤ Rz(y[56]) ├───────────────────────────────────────»
«       └───────────┘├───────────┤┌───────────┐                          »
« q0_3: ──────■──────┤ Ry(y[39]) ├┤ Rz(y[57]) ├──────────────────────────»
«           ┌─┴─┐    └───────────┘├───────────┤┌───────────┐             »
« q0_4: ────┤ X ├──────────■──────┤ Ry(y[40]) ├┤ Rz(y[58]) ├─────────────»
«           └───┘        ┌─┴─┐    └───────────┘├───────────┤┌───────────┐»
« q0_5: ─────────────────┤ X ├──────────■──────┤ Ry(y[41]) ├┤ Rz(y[59]) ├»
«                        └───┘        ┌─┴─┐    └───────────┘├───────────┤»
« q0_6: ──────────────────────────────┤ X ├──────────■──────┤ Ry(y[42]) ├»
«                                     └───┘        ┌─┴─┐    └───────────┘»
« q0_7: ───────────────────────────────────────────┤ X ├──────────■──────»
«                                                  └───┘        ┌─┴─┐    »
« q0_8: ────────────────────────────────────────────────────────┤ X ├────»
«                                                               └───┘    »
« q0_9: ─────────────────────────────────────────────────────────────────»
«                                                                        »
«q0_10: ─────────────────────────────────────────────────────────────────»
«                                                                        »
«q0_11: ─────────────────────────────────────────────────────────────────»
«                                                                        »
«q0_12: ─────────────────────────────────────────────────────────────────»
«                                                                        »
«q0_13: ─────────────────────────────────────────────────────────────────»
«                                                                        »
«q0_14: ─────────────────────────────────────────────────────────────────»
«                                                                        »
«q0_15: ─────────────────────────────────────────────────────────────────»
«                                                                        »
«q0_16: ─────────────────────────────────────────────────────────────────»
«                                                                        »
«q0_17: ─────────────────────────────────────────────────────────────────»
«                                                                        »
«c0: 18/═════════════════════════════════════════════════════════════════»
«                                                                        »
«                                                                        »
« q0_0: ─────────────────────────────────────────────────────────────────»
«                                                                        »
« q0_1: ─────────────────────────────────────────────────────────────────»
«                                                                        »
« q0_2: ─────────────────────────────────────────────────────────────────»
«                                                                        »
« q0_3: ─────────────────────────────────────────────────────────────────»
«                                                                        »
« q0_4: ─────────────────────────────────────────────────────────────────»
«                                                                        »
« q0_5: ─────────────────────────────────────────────────────────────────»
«       ┌───────────┐                                                    »
« q0_6: ┤ Rz(y[60]) ├────────────────────────────────────────────────────»
«       ├───────────┤┌───────────┐                                       »
« q0_7: ┤ Ry(y[43]) ├┤ Rz(y[61]) ├───────────────────────────────────────»
«       └───────────┘├───────────┤┌───────────┐                          »
« q0_8: ──────■──────┤ Ry(y[44]) ├┤ Rz(y[62]) ├──────────────────────────»
«           ┌─┴─┐    └───────────┘├───────────┤┌───────────┐             »
« q0_9: ────┤ X ├──────────■──────┤ Ry(y[45]) ├┤ Rz(y[63]) ├─────────────»
«           └───┘        ┌─┴─┐    └───────────┘├───────────┤┌───────────┐»
«q0_10: ─────────────────┤ X ├──────────■──────┤ Ry(y[46]) ├┤ Rz(y[64]) ├»
«                        └───┘        ┌─┴─┐    └───────────┘├───────────┤»
«q0_11: ──────────────────────────────┤ X ├──────────■──────┤ Ry(y[47]) ├»
«                                     └───┘        ┌─┴─┐    └───────────┘»
«q0_12: ───────────────────────────────────────────┤ X ├──────────■──────»
«                                                  └───┘        ┌─┴─┐    »
«q0_13: ────────────────────────────────────────────────────────┤ X ├────»
«                                                               └───┘    »
«q0_14: ─────────────────────────────────────────────────────────────────»
«                                                                        »
«q0_15: ─────────────────────────────────────────────────────────────────»
«                                                                        »
«q0_16: ─────────────────────────────────────────────────────────────────»
«                                                                        »
«q0_17: ─────────────────────────────────────────────────────────────────»
«                                                                        »
«c0: 18/═════════════════════════════════════════════════════════════════»
«                                                                        »
«                                                                        »
« q0_0: ─────────────────────────────────────────────────────────────────»
«                                                                        »
« q0_1: ─────────────────────────────────────────────────────────────────»
«                                                                        »
« q0_2: ─────────────────────────────────────────────────────────────────»
«                                                                        »
« q0_3: ─────────────────────────────────────────────────────────────────»
«                                                                        »
« q0_4: ─────────────────────────────────────────────────────────────────»
«                                                                        »
« q0_5: ─────────────────────────────────────────────────────────────────»
«                                                                        »
« q0_6: ─────────────────────────────────────────────────────────────────»
«                                                                        »
« q0_7: ─────────────────────────────────────────────────────────────────»
«                                                                        »
« q0_8: ─────────────────────────────────────────────────────────────────»
«                                                                        »
« q0_9: ─────────────────────────────────────────────────────────────────»
«                                                                        »
«q0_10: ─────────────────────────────────────────────────────────────────»
«       ┌───────────┐                                                    »
«q0_11: ┤ Rz(y[65]) ├────────────────────────────────────────────────────»
«       ├───────────┤┌───────────┐                                       »
«q0_12: ┤ Ry(y[48]) ├┤ Rz(y[66]) ├───────────────────────────────────────»
«       └───────────┘├───────────┤┌───────────┐                          »
«q0_13: ──────■──────┤ Ry(y[49]) ├┤ Rz(y[67]) ├──────────────────────────»
«           ┌─┴─┐    └───────────┘├───────────┤┌───────────┐             »
«q0_14: ────┤ X ├──────────■──────┤ Ry(y[50]) ├┤ Rz(y[68]) ├─────────────»
«           └───┘        ┌─┴─┐    └───────────┘├───────────┤┌───────────┐»
«q0_15: ─────────────────┤ X ├──────────■──────┤ Ry(y[51]) ├┤ Rz(y[69]) ├»
«                        └───┘        ┌─┴─┐    └───────────┘├───────────┤»
«q0_16: ──────────────────────────────┤ X ├──────────■──────┤ Ry(y[52]) ├»
«                                     └───┘        ┌─┴─┐    ├───────────┤»
«q0_17: ───────────────────────────────────────────┤ X ├────┤ Ry(y[53]) ├»
«                                                  └───┘    └───────────┘»
«c0: 18/═════════════════════════════════════════════════════════════════»
«                                                                        »
«                    ┌───┐     ┌───────────┐┌───────────┐             »
« q0_0: ─────────────┤ X ├──■──┤ Ry(y[72]) ├┤ Rz(y[90]) ├─────────────»
«                    └─┬─┘┌─┴─┐└───────────┘├───────────┤┌───────────┐»
« q0_1: ───────────────┼──┤ X ├──────■──────┤ Ry(y[73]) ├┤ Rz(y[91]) ├»
«                      │  └───┘    ┌─┴─┐    └───────────┘├───────────┤»
« q0_2: ───────────────┼───────────┤ X ├──────────■──────┤ Ry(y[74]) ├»
«                      │           └───┘        ┌─┴─┐    └───────────┘»
« q0_3: ───────────────┼────────────────────────┤ X ├──────────■──────»
«                      │                        └───┘        ┌─┴─┐    »
« q0_4: ───────────────┼─────────────────────────────────────┤ X ├────»
«                      │                                     └───┘    »
« q0_5: ───────────────┼──────────────────────────────────────────────»
«                      │                                              »
« q0_6: ───────────────┼──────────────────────────────────────────────»
«                      │                                              »
« q0_7: ───────────────┼──────────────────────────────────────────────»
«                      │                                              »
« q0_8: ───────────────┼──────────────────────────────────────────────»
«                      │                                              »
« q0_9: ───────────────┼──────────────────────────────────────────────»
«                      │                                              »
«q0_10: ───────────────┼──────────────────────────────────────────────»
«                      │                                              »
«q0_11: ───────────────┼──────────────────────────────────────────────»
«                      │                                              »
«q0_12: ───────────────┼──────────────────────────────────────────────»
«                      │                                              »
«q0_13: ───────────────┼──────────────────────────────────────────────»
«                      │                                              »
«q0_14: ───────────────┼──────────────────────────────────────────────»
«                      │                                              »
«q0_15: ───────────────┼──────────────────────────────────────────────»
«       ┌───────────┐  │                                              »
«q0_16: ┤ Rz(y[70]) ├──┼──────────────────────────────────────────────»
«       ├───────────┤  │                                              »
«q0_17: ┤ Rz(y[71]) ├──■──────────────────────────────────────────────»
«       └───────────┘                                                 »
«c0: 18/══════════════════════════════════════════════════════════════»
«                                                                     »
«                                                                        »
« q0_0: ─────────────────────────────────────────────────────────────────»
«                                                                        »
« q0_1: ─────────────────────────────────────────────────────────────────»
«       ┌───────────┐                                                    »
« q0_2: ┤ Rz(y[92]) ├────────────────────────────────────────────────────»
«       ├───────────┤┌───────────┐                                       »
« q0_3: ┤ Ry(y[75]) ├┤ Rz(y[93]) ├───────────────────────────────────────»
«       └───────────┘├───────────┤┌───────────┐                          »
« q0_4: ──────■──────┤ Ry(y[76]) ├┤ Rz(y[94]) ├──────────────────────────»
«           ┌─┴─┐    └───────────┘├───────────┤┌───────────┐             »
« q0_5: ────┤ X ├──────────■──────┤ Ry(y[77]) ├┤ Rz(y[95]) ├─────────────»
«           └───┘        ┌─┴─┐    └───────────┘├───────────┤┌───────────┐»
« q0_6: ─────────────────┤ X ├──────────■──────┤ Ry(y[78]) ├┤ Rz(y[96]) ├»
«                        └───┘        ┌─┴─┐    └───────────┘├───────────┤»
« q0_7: ──────────────────────────────┤ X ├──────────■──────┤ Ry(y[79]) ├»
«                                     └───┘        ┌─┴─┐    └───────────┘»
« q0_8: ───────────────────────────────────────────┤ X ├──────────■──────»
«                                                  └───┘        ┌─┴─┐    »
« q0_9: ────────────────────────────────────────────────────────┤ X ├────»
«                                                               └───┘    »
«q0_10: ─────────────────────────────────────────────────────────────────»
«                                                                        »
«q0_11: ─────────────────────────────────────────────────────────────────»
«                                                                        »
«q0_12: ─────────────────────────────────────────────────────────────────»
«                                                                        »
«q0_13: ─────────────────────────────────────────────────────────────────»
«                                                                        »
«q0_14: ─────────────────────────────────────────────────────────────────»
«                                                                        »
«q0_15: ─────────────────────────────────────────────────────────────────»
«                                                                        »
«q0_16: ─────────────────────────────────────────────────────────────────»
«                                                                        »
«q0_17: ─────────────────────────────────────────────────────────────────»
«                                                                        »
«c0: 18/═════════════════════════════════════════════════════════════════»
«                                                                        »
«                                                                          »
« q0_0: ───────────────────────────────────────────────────────────────────»
«                                                                          »
« q0_1: ───────────────────────────────────────────────────────────────────»
«                                                                          »
« q0_2: ───────────────────────────────────────────────────────────────────»
«                                                                          »
« q0_3: ───────────────────────────────────────────────────────────────────»
«                                                                          »
« q0_4: ───────────────────────────────────────────────────────────────────»
«                                                                          »
« q0_5: ───────────────────────────────────────────────────────────────────»
«                                                                          »
« q0_6: ───────────────────────────────────────────────────────────────────»
«       ┌───────────┐                                                      »
« q0_7: ┤ Rz(y[97]) ├──────────────────────────────────────────────────────»
«       ├───────────┤┌───────────┐                                         »
« q0_8: ┤ Ry(y[80]) ├┤ Rz(y[98]) ├─────────────────────────────────────────»
«       └───────────┘├───────────┤┌───────────┐                            »
« q0_9: ──────■──────┤ Ry(y[81]) ├┤ Rz(y[99]) ├────────────────────────────»
«           ┌─┴─┐    └───────────┘├───────────┤┌────────────┐              »
«q0_10: ────┤ X ├──────────■──────┤ Ry(y[82]) ├┤ Rz(y[100]) ├──────────────»
«           └───┘        ┌─┴─┐    └───────────┘├───────────┬┘┌────────────┐»
«q0_11: ─────────────────┤ X ├──────────■──────┤ Ry(y[83]) ├─┤ Rz(y[101]) ├»
«                        └───┘        ┌─┴─┐    └───────────┘ ├───────────┬┘»
«q0_12: ──────────────────────────────┤ X ├──────────■───────┤ Ry(y[84]) ├─»
«                                     └───┘        ┌─┴─┐     └───────────┘ »
«q0_13: ───────────────────────────────────────────┤ X ├───────────■───────»
«                                                  └───┘         ┌─┴─┐     »
«q0_14: ─────────────────────────────────────────────────────────┤ X ├─────»
«                                                                └───┘     »
«q0_15: ───────────────────────────────────────────────────────────────────»
«                                                                          »
«q0_16: ───────────────────────────────────────────────────────────────────»
«                                                                          »
«q0_17: ───────────────────────────────────────────────────────────────────»
«                                                                          »
«c0: 18/═══════════════════════════════════════════════════════════════════»
«                                                                          »
«                                                                             
« q0_0: ──────────────────────────────────────────────────────────────────────
«                                                                             
« q0_1: ──────────────────────────────────────────────────────────────────────
«                                                                             
« q0_2: ──────────────────────────────────────────────────────────────────────
«                                                                             
« q0_3: ──────────────────────────────────────────────────────────────────────
«                                                                             
« q0_4: ──────────────────────────────────────────────────────────────────────
«                                                                             
« q0_5: ──────────────────────────────────────────────────────────────────────
«                                                                             
« q0_6: ──────────────────────────────────────────────────────────────────────
«                                                                             
« q0_7: ──────────────────────────────────────────────────────────────────────
«                                                                             
« q0_8: ──────────────────────────────────────────────────────────────────────
«                                                                             
« q0_9: ──────────────────────────────────────────────────────────────────────
«                                                                             
«q0_10: ──────────────────────────────────────────────────────────────────────
«                                                                             
«q0_11: ──────────────────────────────────────────────────────────────────────
«       ┌────────────┐                                                        
«q0_12: ┤ Rz(y[102]) ├────────────────────────────────────────────────────────
«       ├───────────┬┘┌────────────┐                                          
«q0_13: ┤ Ry(y[85]) ├─┤ Rz(y[103]) ├──────────────────────────────────────────
«       └───────────┘ ├───────────┬┘┌────────────┐                            
«q0_14: ──────■───────┤ Ry(y[86]) ├─┤ Rz(y[104]) ├────────────────────────────
«           ┌─┴─┐     └───────────┘ ├───────────┬┘┌────────────┐              
«q0_15: ────┤ X ├───────────■───────┤ Ry(y[87]) ├─┤ Rz(y[105]) ├──────────────
«           └───┘         ┌─┴─┐     └───────────┘ ├───────────┬┘┌────────────┐
«q0_16: ──────────────────┤ X ├───────────■───────┤ Ry(y[88]) ├─┤ Rz(y[106]) ├
«                         └───┘         ┌─┴─┐     ├───────────┤ ├────────────┤
«q0_17: ────────────────────────────────┤ X ├─────┤ Ry(y[89]) ├─┤ Rz(y[107]) ├
«                                       └───┘     └───────────┘ └────────────┘
«c0: 18/══════════════════════════════════════════════════════════════════════
«                                                                             
ansatz-state is written to ansatz.txt
building constraints...
number of constraints= 324
unique pauliops 630
graphclique-cliquecover: 630 with commutationmode commute
strategy largest_first 63
strategy random_sequential 39
strategy smallest_last 49
strategy independent_set 37
strategy connected_sequential_bfs 63
strategy connected_sequential_dfs 48
strategy saturation_largest_first 38
number of cliques 37
clique 0 ['IIIIIIIIIIIIIIIIIZ', 'IIIIIIIIIIIIIIIIZI', 'IIIIIIIIIIIIIIIZII', 'IIIIIIIIIIIIIIZIII', 'IIIIIIIIIIIIIZIIII', 'IIIIIIIIIIIIZIIIII', 'IIIIIIIIIIIZIIIIII', 'IIIIIIIIIIZIIIIIII', 'IIIIIIIIIZIIIIIIII', 'IIIIIIIIZIIIIIIIII', 'IIIIIIIZIIIIIIIIII', 'IIIIIIZIIIIIIIIIII', 'IIIIIZIIIIIIIIIIII', 'IIIIZIIIIIIIIIIIII', 'IIIZIIIIIIIIIIIIII', 'IIZIIIIIIIIIIIIIII', 'IZIIIIIIIIIIIIIIII', 'ZIIIIIIIIIIIIIIIII']
clique 1 ['IIIIIIIIIIIIIIIIXX', 'IIIIIIIIIIIIIIIIYY', 'IIIIIIIIIIIIIIXXII', 'IIIIIIIIIIIIIIYYII', 'IIIIIIIIIIIIXXIIII', 'IIIIIIIIIIIIYYIIII', 'IIIIIIIIIIXXIIIIII', 'IIIIIIIIIIYYIIIIII', 'IIIIIIIIXXIIIIIIII', 'IIIIIIIIYYIIIIIIII', 'IIIIIIXXIIIIIIIIII', 'IIIIIIYYIIIIIIIIII', 'IIIIXXIIIIIIIIIIII', 'IIIIYYIIIIIIIIIIII', 'IIXXIIIIIIIIIIIIII', 'IIYYIIIIIIIIIIIIII', 'XXIIIIIIIIIIIIIIII', 'YYIIIIIIIIIIIIIIII']
clique 2 ['IIIIIIIIIIIIIIIIYX', 'IIIIIIIIIIIIIIIIXY', 'IIIIIIIIIIIIIIYXII', 'IIIIIIIIIIIIIIXYII', 'IIIIIIIIIIIIYXIIII', 'IIIIIIIIIIIIXYIIII', 'IIIIIIIIIIYXIIIIII', 'IIIIIIIIIIXYIIIIII', 'IIIIIIIIYXIIIIIIII', 'IIIIIIIIXYIIIIIIII', 'IIIIIIYXIIIIIIIIII', 'IIIIIIXYIIIIIIIIII', 'IIIIYXIIIIIIIIIIII', 'IIIIXYIIIIIIIIIIII', 'IIYXIIIIIIIIIIIIII', 'IIXYIIIIIIIIIIIIII', 'YXIIIIIIIIIIIIIIII', 'XYIIIIIIIIIIIIIIII']
clique 3 ['IIIIIIIIIIIIIIIXZX', 'IYZZZZZZZZZZZZZZZY', 'IIIIIIIIIIIIIIXZXI', 'IIIIIIIIIIIIIIYZYI', 'IIIIIIIIIIIIIXZXII', 'IIIIIIIIIIIXZXIIII', 'IIIIIIIIIIXZXIIIII', 'IIIIIIIIIIYZYIIIII', 'IIIIIIIIIXZXIIIIII', 'IIIIIIIXZXIIIIIIII', 'IIIIIIXZXIIIIIIIII', 'YZZZZZZZYIIIIIIIII', 'IIIIIXZXIIIIIIIIII', 'XZZZZZXIIIIIIIIIII', 'IIIXZXIIIIIIIIIIII', 'IIXZXIIIIIIIIIIIII', 'IIYZYIIIIIIIIIIIII', 'IXZXIIIIIIIIIIIIII']
clique 4 ['IIIIIIIIIIIIIIIYZY', 'XZZZZZZZZZZZZZZZZX', 'IIIIIIIIIIIIIIXZYI', 'YZZZZZZZZZZZZZZZXI', 'IIIIIIIXZZZZZZZYII', 'IIIIIIIIIIIIXZXIII', 'IIIIIIIIIIIYZXIIII', 'IIIIIIIIIIIXZYIIII', 'IIIIIIIIIIYZXIIIII', 'IIIIIIIIYZYIIIIIII', 'IIIIIIIYZXIIIIIIII', 'IIIIIIYZZYIIIIIIII', 'IXZZZZZZYIIIIIIIII', 'IYZZZZYIIIIIIIIIII', 'IIIYZXIIIIIIIIIIII', 'IIIXZYIIIIIIIIIIII', 'IIYZXIIIIIIIIIIIII', 'IIXZYIIIIIIIIIIIII']
clique 5 ['IIIIIIIIIIIIIIIYZX', 'YZZZZZZZZZZZZZZZZY', 'IIIIIIIIXZZZZZZZYI', 'IXZZZZZZZZZZZZZZXI', 'IIIIIIYZZZZZZZZYII', 'IIIIIIIIIIYZZZXIII', 'XZZZZZZZZZZZZZYIII', 'IIIIIIIIIIXZZXIIII', 'IYZZZZZZZZZZZYIIII', 'IIIIIIIIIIIXXIIIII', 'IIIIIIIIIYZZYIIIII', 'IIIYZZZZZZZXIIIIII', 'IIIIIIIYZYIIIIIIII', 'IIIIIXZZXIIIIIIIII', 'IIYZZZZYIIIIIIIIII', 'IIIIXZYIIIIIIIIIII', 'IIXZZXIIIIIIIIIIII', 'IIIXXIIIIIIIIIIIII']
clique 6 ['IIIIIIIIIIIIIIIXZY', 'IYZZZZZZZZZZZZZZZX', 'IIXZZZZZZZZZZZZZXI', 'IXZZZZZZZZZZZZZZYI', 'IIIIIIIIIIIIIYZXII', 'IIIIIIIIIIIIXZYIII', 'XZZZZZZZZZZZZZXIII', 'IIIIIIIIIIIYZYIIII', 'IIIIIYZZZZZZXIIIII', 'IIIIIIIIYZZYIIIIII', 'IIIIIIIIIXYIIIIIII', 'IIIIIIIIXZXIIIIIII', 'IIIIIIXZZXIIIIIIII', 'IIIIYZZYIIIIIIIIII', 'IIIXZZZXIIIIIIIIII', 'IIIIXZXIIIIIIIIIII', 'IIYZZYIIIIIIIIIIII', 'YZZXIIIIIIIIIIIIII']
clique 7 ['IIIIIIIIIIIIIIXZZX', 'IIIIIIIIIIIIIYZZZY', 'IIIXZZZZZZZZZZZZYI', 'IYZZZZZZZZZZZZZZXI', 'IIIIIIIIIIIIXZZYII', 'IIIIIIIIXZZZZZZXII', 'IXZZZZZZZZZZZZXIII', 'IIIIIIIIIIYZZYIIII', 'IIIIIIIIIYZZXIIIII', 'IIIIIIIIYZZXIIIIII', 'YZZZZZZZZZZYIIIIII', 'IIIIXZZZZZYIIIIIII', 'IIIIIIIXZYIIIIIIII', 'IIIIIYZXIIIIIIIIII', 'IIIIYZXIIIIIIIIIII', 'IIXZZZYIIIIIIIIIII', 'IIIYZYIIIIIIIIIIII', 'XZXIIIIIIIIIIIIIII']
clique 8 ['IIIIIIIIIIIIIIYZZY', 'IIIIIIIIXZZZZZZZZX', 'IIIIIIIIIIIXZZZZXI', 'IYZZZZZZZZZZZZZZYI', 'IIIIIIIIIIIIIYZYII', 'IIIIIIIIIIIIYZZXII', 'IIIIIIIIIIIYZZYIII', 'IIIIIIIIIIXZZYIIII', 'IIIIIIIXZZZZYIIIII', 'IIIIIIIIYZXIIIIIII', 'IIIIIIYZZXIIIIIIII', 'IIIIYZZZZYIIIIIIII', 'IIIIXZZXIIIIIIIIII', 'IIIIIXYIIIIIIIIIII', 'IIYZZXIIIIIIIIIIII', 'IXZYIIIIIIIIIIIIII', 'XZZXIIIIIIIIIIIIII', 'YZYIIIIIIIIIIIIIII']
clique 9 ['IIIIIIIIIIIIIIYZZX', 'IIIIIIIIIIIIIIXZZY', 'IIIXZZZZZZZZZZZZXI', 'IIIYZZZZZZZZZZZZYI', 'IIIIXZZZZZZZZZZYII', 'XZZZZZZZZZZZZZZXII', 'IIIIIIIIIXZZZXIIII', 'YZZZZZZZZZZZZYIIII', 'IIIIIIIIIIIXYIIIII', 'IIIIYZZZZZZZXIIIII', 'IIIIIIIYZZZXIIIIII', 'IIIIIIIIIYXIIIIIII', 'IIIIIIIIXZYIIIIIII', 'IIIIIIIXXIIIIIIIII', 'IIIIIXXIIIIIIIIIII', 'IIIIIYYIIIIIIIIIII', 'IXXIIIIIIIIIIIIIII', 'IYYIIIIIIIIIIIIIII']
clique 10 ['IIIIIIIIIIIIIXZZZX', 'IIIYZZZZZZZZZZZZZY', 'IIIIYZZZZZZZZZZZYI', 'XZZZZZZZZZZZZZZZXI', 'IIIIIIIIIIIIXZZXII', 'IIIIIYZZZZZZZZZYII', 'IIIIIIIXZZZZZZYIII', 'IIIXZZZZZZZZZZXIII', 'IXZZZZZZZZZZZXIIII', 'IIIIXZZZZZZZXIIIII', 'IIIIIIIIIYZXIIIIII', 'IIIIIIIIXZZYIIIIII', 'IIIIIXZZZZXIIIIIII', 'IYZZZZZZZZYIIIIIII', 'IIIIIIXZZYIIIIIIII', 'IIIIIIIYXIIIIIIIII', 'IIXZZZXIIIIIIIIIII', 'YZXIIIIIIIIIIIIIII']
clique 11 ['IIIIIIIIIIIIIYZZZX', 'IIIIYZZZZZZZZZZZZY', 'IIIIIIIIIIIIXZZZXI', 'IIIIIIYZZZZZZZZZYI', 'IIIIIIIIIIIYZZZXII', 'IIIIIIIIIIXZZZZYII', 'IIIIIIIIIIIIYZXIII', 'IIIIIIXZZZZZZZYIII', 'IIIIIIIYZZZZZYIIII', 'IXZZZZZZZZZYIIIIII', 'IIIIIIIXZZXIIIIIII', 'IIIIIXZZZXIIIIIIII', 'IIIYZZZZZYIIIIIIII', 'IIYZZZZZYIIIIIIIII', 'IYZZZZZZXIIIIIIIII', 'YZZZZXIIIIIIIIIIII', 'IIIXYIIIIIIIIIIIII', 'XZYIIIIIIIIIIIIIII']
clique 12 ['IIIIIIIIIIIIIXZZZY', 'IIIIIIIIIIIIYZZZZX', 'IIIIIIIIIYZZZZZZXI', 'XZZZZZZZZZZZZZZZYI', 'IIIIIIIIIIXZZZZXII', 'IIIIIIIIXZZZZZZYII', 'IIIIIIYZZZZZZZXIII', 'IIYZZZZZZZZZZZYIII', 'IIIIIIIIIIYZZXIIII', 'IIIIIIIIYZZZYIIIII', 'IIIIIIIXZZZXIIIIII', 'IIIXZZZZZZZYIIIIII', 'IIIIIYZZZYIIIIIIII', 'IIIIYZZXIIIIIIIIII', 'YZZZZZYIIIIIIIIIII', 'IIXZZYIIIIIIIIIIII', 'IXZZYIIIIIIIIIIIII', 'IYZXIIIIIIIIIIIIII']
clique 13 ['IIIIIIIIIIIIXZZZZX', 'IIIIIIIIIIXZZZZZZY', 'IIIIIIIIIIIIIXZZXI', 'YZZZZZZZZZZZZZZZYI', 'IIIIIIIIIIIIYZZYII', 'IIIIIIIIIXZZZZZXII', 'IIIIIXZZZZZZZZXIII', 'IIXZZZZZZZZZZZYIII', 'IIIIIIIIIYZZZXIIII', 'IIIIIIIXZZZYIIIIII', 'IIIIIIXZZZZXIIIIII', 'IIIXZZZZZZXIIIIIII', 'IIIYZZZZXIIIIIIIII', 'XZZZZZZZYIIIIIIIII', 'IIYZZZZXIIIIIIIIII', 'IIIIIYXIIIIIIIIIII', 'IXZZXIIIIIIIIIIIII', 'IYZZYIIIIIIIIIIIII']
clique 14 ['IIIIIIIIIIIIYZZZZY', 'IIIIIIIIIIXZZZZZZX', 'IIIIIIIIYZZZZZZZYI', 'IIIIXZZZZZZZZZZZXI', 'IIIIIIIIIIIIIXZYII', 'IIYZZZZZZZZZZZZXII', 'IIIIIIIIIYZZZZXIII', 'IIIIIXZZZZZZZZYIII', 'IIIIIYZZZZZZZXIIII', 'IYZZZZZZZZZZYIIIII', 'IIIIIIIIXZZXIIIIII', 'IIIIIIXZZZZYIIIIII', 'XZZZZZZZZZXIIIIIII', 'IXZZZZZZZYIIIIIIII', 'IIXZZZZXIIIIIIIIII', 'YZZZZZZYIIIIIIIIII', 'IIIXZZXIIIIIIIIIII', 'IIIYXIIIIIIIIIIIII']
clique 15 ['IIIIIIIIIIIIXZZZZY', 'IIIIIIIIIIYZZZZZZX', 'IIIIIIIIIIIIIIYZXI', 'IIYZZZZZZZZZZZZZYI', 'IIIIIIIIIIIXZZZXII', 'IIIIIIIIIXZZZZZYII', 'IIIIYZZZZZZZZZYIII', 'IIIIIIIIXZZZZXIIII', 'XZZZZZZZZZZZZYIIII', 'IIIIIIXZZZZZXIIIII', 'IIIIIIYZZZZXIIIIII', 'IIIXZZZZZZYIIIIIII', 'IIIIXZZZZXIIIIIIII', 'IIXZZZZZXIIIIIIIII', 'IIIYZZZXIIIIIIIIII', 'IYZZZZZYIIIIIIIIII', 'IXZZZXIIIIIIIIIIII', 'YZZZZYIIIIIIIIIIII']
clique 16 ['IIIIIIIIIIIXZZZZZX', 'IIYZZZZZZZZZZZZZZY', 'IIIIIIIIIIIIIIIXYI', 'IIIIIIIYZZZZZZZZXI', 'IXZZZZZZZZZZZZZXII', 'IIIIIIIIIIIIIXXIII', 'IIIIXZZZZZZZZZYIII', 'IIIIIIIIYZZZZXIIII', 'IIIIIIIXZZZZXIIIII', 'IIIIIIYZZZZZYIIIII', 'IIXZZZZZZZZXIIIIII', 'IIIIIIIIIXXIIIIIII', 'XZZZZZZZZZYIIIIIII', 'IIIIIYZZZXIIIIIIII', 'IIIYZZZZYIIIIIIIII', 'IIIIYZYIIIIIIIIIII', 'IYZZZYIIIIIIIIIIII', 'YZZYIIIIIIIIIIIIII']
clique 17 ['IIIIIIIIIIIYZZZZZY', 'IIIIIIIXZZZZZZZZZX', 'IIIIIIIIIXZZZZZZYI', 'IIIIIIIIYZZZZZZZXI', 'IIIIIIIIIIYZZZZXII', 'IIIIIIIYZZZZZZZYII', 'IIIIIIIIIIIIIYXIII', 'IIIIIIIIIYZZZZYIII', 'IIIXZZZZZZZZZYIIII', 'IIIIXZZZZZZZYIIIII', 'IIXZZZZZZZZZXIIIII', 'IIIIIIYZZZZYIIIIII', 'IIIYZZZZZZYIIIIIII', 'IIIIIIXZYIIIIIIIII', 'IXZZZYIIIIIIIIIIII', 'XZZZZXIIIIIIIIIIII', 'YZZZXIIIIIIIIIIIII', 'IYXIIIIIIIIIIIIIII']
clique 18 ['IIIIIIIIIYZZZZZZZX', 'IIIIIIIIXZZZZZZZZY', 'IIIIIIIIIIIIIIIYYI', 'IIIIIXZZZZZZZZZZXI', 'IIYZZZZZZZZZZZZYII', 'IIIYZZZZZZZZZZXIII', 'IXZZZZZZZZZZZZYIII', 'IIIIXZZZZZZZZYIIII', 'IIXZZZZZZZZZZXIIII', 'IIIIIIIIYZZZXIIIII', 'IIIIIIXZZZZZYIIIII', 'IIIIIIIIIXZYIIIIII', 'IIIXZZZZZZZXIIIIII', 'IIIIIIIYZZYIIIIIII', 'IYZZZZZZZZXIIIIIII', 'IIIIIYZYIIIIIIIIII', 'YZZZZZXIIIIIIIIIII', 'XZZZXIIIIIIIIIIIII']
clique 19 ['IIIIIIIIYZZZZZZZZX', 'XZZZZZZZZZZZZZZZZY', 'IIIIIIIIIIIXZZZZYI', 'IIYZZZZZZZZZZZZZXI', 'IIIIIIIIIIYZZZZYII', 'IIXZZZZZZZZZZZZXII', 'IIIIIIIIIXZZZZYIII', 'IIIIIIIIXZZZZZXIII', 'IIIIXZZZZZZZZXIIII', 'IXZZZZZZZZZZZYIIII', 'IIIIIIIIIIXZYIIIII', 'IIIIIIYZZZZZXIIIII', 'IIIIIYZZZZZXIIIIII', 'IIIXZZZZZXIIIIIIII', 'IIIIIXZYIIIIIIIIII', 'YZZZZZZXIIIIIIIIII', 'IIIYZZYIIIIIIIIIII', 'IYZZXIIIIIIIIIIIII']
clique 20 ['IIIIIIXZZZZZZZZZZY', 'IIIXZZZZZZZZZZZZZX', 'IIIIIIIIIIIIIYZZXI', 'IIIIIIIIIIIIIXZZYI', 'IIIIIIIIIIIXZZZYII', 'IIIYZZZZZZZZZZZXII', 'IIIIIIIIYZZZZZYIII', 'IIXZZZZZZZZZZZXIII', 'IYZZZZZZZZZZXIIIII', 'YZZZZZZZZZZZYIIIII', 'IIIIYZZZZZZXIIIIII', 'IIIIIIYZZZXIIIIIII', 'IIIIIXZZZZYIIIIIII', 'IIYZZZZZZYIIIIIIII', 'XZZZZZZZZXIIIIIIII', 'IIIIIYZZYIIIIIIIII', 'IIIIXZZYIIIIIIIIII', 'IXZZZZZXIIIIIIIIII']
clique 21 ['IIIIIYZZZZZZZZZZZX', 'IIXZZZZZZZZZZZZZZY', 'IIIIIIIIIIIIIIIXXI', 'IIIIIIIIIIYZZZZZYI', 'IIIIYZZZZZZZZZZXII', 'IIIIIIIIIIIIIYYIII', 'IIIIIIIIIIIXZZXIII', 'IIIIIIXZZZZZZYIIII', 'IIIIIIIIIIIYYIIIII', 'IIIIIIIIIXZZXIIIII', 'IIIIIIIIIYYIIIIIII', 'IIIXZZZZYIIIIIIIII', 'IIYZZZZZXIIIIIIIII', 'IIIYZZZYIIIIIIIIII', 'IYZZZZZXIIIIIIIIII', 'IXZZZZXIIIIIIIIIII', 'XZZZZYIIIIIIIIIIII', 'YZZZYIIIIIIIIIIIII']
clique 22 ['IIIIIIIIIXZZZZZZZX', 'IIIIXZZZZZZZZZZZZY', 'IIIIIIIIIIIIYZZZXI', 'IIIIIIXZZZZZZZZZYI', 'IIIIIIIYZZZZZZZXII', 'IYZZZZZZZZZZZZZYII', 'IIIIIIIIIIYZZZYIII', 'IIIIYZZZZZZZZZXIII', 'IIYZZZZZZZZZZYIIII', 'XZZZZZZZZZZZZXIIII', 'IIIIIIIIXZZZYIIIII', 'IIIIIIIIIYZYIIIIII', 'IIIIIXZZZZZXIIIIII', 'IIIIIYZZZZYIIIIIII', 'YZZZZZZZXIIIIIIIII', 'IIIXZZZYIIIIIIIIII', 'IIIYZZXIIIIIIIIIII', 'IXYIIIIIIIIIIIIIII']
clique 23 ['IIIIIIIIIIIXZZZZZY', 'IIYZZZZZZZZZZZZZZX', 'IIIIIIIIIIXZZZZZYI', 'IIIIIIIIXZZZZZZZXI', 'IIIIIIXZZZZZZZZYII', 'IYZZZZZZZZZZZZZXII', 'IIIIIIIIIIIYZZXIII', 'IIIIIYZZZZZZZZYIII', 'IIIIIIYZZZZZZYIIII', 'IIIIIXZZZZZZZXIIII', 'IIIIIIIIIXZZYIIIII', 'YZZZZZZZZZZZXIIIII', 'IXZZZZZZZZXIIIIIII', 'IIIIYZZZZXIIIIIIII', 'IIIXZZZZXIIIIIIIII', 'IIXZZZZYIIIIIIIIII', 'XZZZZZZXIIIIIIIIII', 'IIIYYIIIIIIIIIIIII']
clique 24 ['IIIIIIIIIYZZZZZZZY', 'YZZZZZZZZZZZZZZZZX', 'IIIIIIIIIIIYZZZZXI', 'IIXZZZZZZZZZZZZZYI', 'IIIIIIIIYZZZZZZYII', 'IIIIIIXZZZZZZZZXII', 'IIIIIIIIIXZZZZXIII', 'IIIIIIIYZZZZZZYIII', 'IIIIYZZZZZZZZYIIII', 'IIYZZZZZZZZZZXIIII', 'IIIIIIIIXZZZXIIIII', 'IIIYZZZZZZZZYIIIII', 'IIIIIXZZZZZYIIIIII', 'IIIIIIYZZZYIIIIIII', 'IIIIXZZZZZXIIIIIII', 'IXZZZZZYIIIIIIIIII', 'IYZZZXIIIIIIIIIIII', 'XZZYIIIIIIIIIIIIII']
clique 25 ['IIIIIIIIIIIYZZZZZX', 'IIIXZZZZZZZZZZZZZY', 'IIIIIIIIIIIIIIIYXI', 'IIIIIIIIIIIIYZZZYI', 'IIIIIXZZZZZZZZZYII', 'IIIIIIIIXZZZZZYIII', 'YZZZZZZZZZZZZZXIII', 'IIIIIIIIYZZZZYIIII', 'IIIIYZZZZZZZZXIIII', 'IIIIIIIYZZZZYIIIII', 'IIYZZZZZZZZYIIIIII', 'IIIIIIIXZZYIIIIIII', 'IIIIIYZZZZXIIIIIII', 'IIIYZZZZZXIIIIIIII', 'IIXZZZZZZYIIIIIIII', 'IYZZZZXIIIIIIIIIII', 'IXZZZZYIIIIIIIIIII', 'XZZZYIIIIIIIIIIIII']
clique 26 ['IIIIIIIIIXZZZZZZZY', 'IIIIIIIYZZZZZZZZZX', 'IIIIIIIIIIIIXZZZYI', 'IIIIIYZZZZZZZZZZXI', 'IIIIIIIIIYZZZZZYII', 'IIIIIIIIYZZZZZZXII', 'IIIIIIIIIIIIYZYIII', 'IIIIXZZZZZZZZZXIII', 'IIIIIXZZZZZZZYIIII', 'IIIYZZZZZZZZZXIIII', 'IIIIYZZZZZZYIIIIII', 'YZZZZZZZZZZXIIIIII', 'IIXZZZZZZZXIIIIIII', 'IXZZZZZZZZYIIIIIII', 'IIIIIIYZYIIIIIIIII', 'XZZZZZZYIIIIIIIIII', 'IIYZZZYIIIIIIIIIII', 'IYZYIIIIIIIIIIIIII']
clique 27 ['IIIIIIIIIIYZZZZZZY', 'IIIYZZZZZZZZZZZZZX', 'IIIIIIIIIIXZZZZZXI', 'IIIIIXZZZZZZZZZZYI', 'IIIXZZZZZZZZZZZXII', 'IXZZZZZZZZZZZZZYII', 'IIIIIIXZZZZZZZXIII', 'YZZZZZZZZZZZZZYIII', 'IIIIIIIIIYZZZYIIII', 'IIIIIIIXZZZZZXIIII', 'IIIIIIIYZZZZXIIIII', 'IIIIIYZZZZZZYIIIII', 'IYZZZZZZZZZYIIIIII', 'XZZZZZZZZZZXIIIIII', 'IIIIXZZZZYIIIIIIII', 'IIIIYZZZXIIIIIIIII', 'IIXZZZZZYIIIIIIIII', 'IIYZZZXIIIIIIIIIII']
clique 28 ['IIIIIIIIYZZZZZZZZY', 'IIIIIXZZZZZZZZZZZX', 'IIIIIIIYZZZZZZZZYI', 'IIIIIIXZZZZZZZZZXI', 'IIIIIIIXZZZZZZZXII', 'IIIXZZZZZZZZZZZYII', 'IIIIIYZZZZZZZZXIII', 'IYZZZZZZZZZZZZYIII', 'IIIIIIIIXZZZZYIIII', 'IIIIIIYZZZZZZXIIII', 'IIIYZZZZZZZZXIIIII', 'IIYZZZZZZZZZYIIIII', 'IIIIXZZZZZZYIIIIII', 'IXZZZZZZZZZXIIIIII', 'IIIIYZZZZZXIIIIIII', 'YZZZZZZZZZYIIIIIII', 'IIXZZZZZZXIIIIIIII', 'XZZZZZZZZYIIIIIIII']
clique 29 ['IIIIIIIYZZZZZZZZZY', 'IIIIIIYZZZZZZZZZZX', 'IIIIIIIIIIIYZZZZYI', 'IIIIIIIIIXZZZZZZXI', 'IIIIXZZZZZZZZZZXII', 'XZZZZZZZZZZZZZZYII', 'IIIIIIIIIIIIIXYIII', 'IIIIIIIXZZZZZZXIII', 'IYZZZZZZZZZZZXIIII', 'IIIIYZZZZZZZYIIIII', 'IXZZZZZZZZZZXIIIII', 'IIIYZZZZZZZYIIIIII', 'IIXZZZZZZZYIIIIIII', 'YZZZZZZZZZXIIIIIII', 'IIYZZZZZZXIIIIIIII', 'IIIIIYZZXIIIIIIIII', 'IIIIIXZZYIIIIIIIII', 'IIIXZZYIIIIIIIIIII']
clique 30 ['IIIIIIIXZZZZZZZZZY', 'IXZZZZZZZZZZZZZZZX', 'IIIIIIYZZZZZZZZZXI', 'IIIIIYZZZZZZZZZZYI', 'IIIIIIIIIYZZZZZXII', 'YZZZZZZZZZZZZZZYII', 'IIIIIIIIIIIXZZYIII', 'IIIIIIIIYZZZZZXIII', 'IIIXZZZZZZZZZXIIII', 'IIIYZZZZZZZZZYIIII', 'IIYZZZZZZZZZXIIIII', 'IIXZZZZZZZZZYIIIII', 'IIIIXZZZZZZXIIIIII', 'IIIIIIIYZZXIIIIIII', 'IIIIYZZZZZYIIIIIII', 'IIIIIXZZZYIIIIIIII', 'IYZZZZZZYIIIIIIIII', 'XZZZZZYIIIIIIIIIII']
clique 31 ['IIIIIXZZZZZZZZZZZY', 'IIXZZZZZZZZZZZZZZX', 'IIIIYZZZZZZZZZZZXI', 'IIIIXZZZZZZZZZZZYI', 'IIIYZZZZZZZZZZZYII', 'YZZZZZZZZZZZZZZXII', 'IIIIIIIIIIXZZZXIII', 'IIIIIIYZZZZZZZYIII', 'IIIIIIIIIXZZZYIIII', 'IIIIIIIYZZZZZXIIII', 'IIIXZZZZZZZZXIIIII', 'IXZZZZZZZZZZYIIIII', 'IIIIIYZZZZZYIIIIII', 'IIYZZZZZZZZXIIIIII', 'IIIIIIXZZZXIIIIIII', 'IYZZZZZZZXIIIIIIII', 'IIIIIIIXYIIIIIIIII', 'XZZZZZZZXIIIIIIIII']
clique 32 ['IIIIIIYZZZZZZZZZZY', 'IIIIXZZZZZZZZZZZZX', 'IIIIIIIIIYZZZZZZYI', 'IIIIIIIIIIIYZZZYII', 'IIIIIYZZZZZZZZZXII', 'IIIYZZZZZZZZZZYIII', 'IYZZZZZZZZZZZZXIII', 'IIIIIIIXZZZZZYIIII', 'YZZZZZZZZZZZZXIIII', 'IIIIIXZZZZZZYIIIII', 'XZZZZZZZZZZZXIIIII', 'IIXZZZZZZZZYIIIIII', 'IIIIIIXZZZYIIIIIII', 'IIYZZZZZZZXIIIIIII', 'IIIXZZZZZYIIIIIIII', 'IIIIIIIYYIIIIIIIII', 'IXZZZZZZXIIIIIIIII']
clique 33 ['IIIIIYZZZZZZZZZZZY', 'IIIIIIIXZZZZZZZZYI', 'IIIIIIYZZZZZZZZXII', 'IIIIYZZZZZZZZZZYII', 'IIIIIIIIIIXZZZYIII', 'IIIIIIIYZZZZZZXIII', 'IIIIIIXZZZZZZXIIII', 'IIXZZZZZZZZZZYIIII', 'IIIIIXZZZZZZXIIIII', 'IIIXZZZZZZZZYIIIII', 'IYZZZZZZZZZXIIIIII', 'XZZZZZZZZZZYIIIIII', 'IIIYZZZZZZXIIIIIII', 'IXZZZZZZZXIIIIIIII', 'YZZZZZZZZYIIIIIIII', 'IIIIXZZZXIIIIIIIII']
clique 34 ['IIIIIIXZZZZZZZZZZX', 'IXZZZZZZZZZZZZZZZY', 'IIIIIIIIIIIIIYZZYI', 'IIIIIIIIIIYZZZZZXI', 'IIIIIXZZZZZZZZZXII', 'IIXZZZZZZZZZZZZYII', 'IIIXZZZZZZZZZZYIII', 'IIIIIYZZZZZZZYIIII', 'IIIIIIIIIIIYXIIIII', 'XZZZZZZZZZZZYIIIII', 'IIIIIIIYZZZYIIIIII', 'IIYZZZZZZZYIIIIIII', 'IYZZZZZZZYIIIIIIII', 'YZZZZZZZZXIIIIIIII', 'IIIIIIYZXIIIIIIIII', 'IIIIYZZZYIIIIIIIII']
clique 35 ['IIIIYZZZZZZZZZZZZX', 'IIIIIIIXZZZZZZZZXI', 'IIYZZZZZZZZZZZXIII', 'IIIIXZZZYIIIIIIIII']
clique 36 ['IIIYZZZZZZZZZZZZXI']
