E_dimer= 2.5615528128088303
rho12_dimer= 0.48507125007266594
GS energy with  DMRG -2.5615528128088303
N= 2.000000000000001
E= -2.5615528128088303
D= [[ 5.00000000e-01+0.j  1.40841388e-13+0.j  4.85071250e-01+0.j
  -2.16532776e-13+0.j]
 [ 1.40837906e-13+0.j  5.00000000e-01+0.j  2.16506952e-13+0.j
   4.85071250e-01+0.j]
 [ 4.85071250e-01+0.j  2.16498768e-13+0.j  5.00000000e-01+0.j
  -1.40846594e-13+0.j]
 [-2.16519073e-13+0.j  4.85071250e-01+0.j -1.40884519e-13+0.j
   5.00000000e-01+0.j]]
W= [0.18936609+0.j 0.18936609+0.j]
local approximation with  1 sites
local interactions on sites [[0], [1]]
Functional for interaction on sites [0]
interacting orbitals: [0, 1]
mapping: [0, 1, 2, 3]
orbinteractaca= [0, 1]
aca: level 1  norb= 4
Daca= [[ 5.00000000e-01+0.j  1.40841388e-13+0.j -4.85071250e-01+0.j
   0.00000000e+00+0.j]
 [ 1.40837906e-13+0.j  5.00000000e-01+0.j  2.58247265e-17+0.j
   4.85071250e-01+0.j]
 [-4.85071250e-01+0.j  3.40085144e-17+0.j  5.00000000e-01+0.j
   1.40846594e-13+0.j]
 [ 1.37029286e-17+0.j  4.85071250e-01+0.j  1.40884519e-13+0.j
   5.00000000e-01+0.j]]
Naca= (1, 1)
nq= 4
interact= NNII * (1+0j)
variational state:
      ┌──────────┐┌──────────┐┌──────────┐            ┌───────────┐»
q0_0: ┤ Ry(y[0]) ├┤ Rz(y[4]) ├┤ Rx(y[8]) ├─────■──────┤ Ry(y[12]) ├»
      ├──────────┤├──────────┤└────┬─────┘┌────┴─────┐└───────────┘»
q0_1: ┤ Ry(y[1]) ├┤ Rz(y[5]) ├─────┼──────┤ Rx(y[9]) ├──────■──────»
      ├──────────┤├──────────┤     │      └──────────┘┌─────┴─────┐»
q0_2: ┤ Ry(y[2]) ├┤ Rz(y[6]) ├─────┼──────────────────┤ Rx(y[10]) ├»
      ├──────────┤├──────────┤     │                  └───────────┘»
q0_3: ┤ Ry(y[3]) ├┤ Rz(y[7]) ├─────■───────────────────────────────»
      └──────────┘└──────────┘                                     »
c0: 4/═════════════════════════════════════════════════════════════»
                                                                   »
«      ┌───────────┐                          ┌───────────┐             »
«q0_0: ┤ Rz(y[16]) ├──────────────────────────┤ Rx(y[20]) ├──────■──────»
«      ├───────────┤┌───────────┐             └─────┬─────┘┌─────┴─────┐»
«q0_1: ┤ Ry(y[13]) ├┤ Rz(y[17]) ├───────────────────┼──────┤ Rx(y[21]) ├»
«      └───────────┘├───────────┤┌───────────┐      │      └───────────┘»
«q0_2: ──────■──────┤ Ry(y[14]) ├┤ Rz(y[18]) ├──────┼───────────────────»
«      ┌─────┴─────┐├───────────┤├───────────┤      │                   »
«q0_3: ┤ Rx(y[11]) ├┤ Ry(y[15]) ├┤ Rz(y[19]) ├──────■───────────────────»
«      └───────────┘└───────────┘└───────────┘                          »
«c0: 4/═════════════════════════════════════════════════════════════════»
«                                                                       »
«      ┌───────────┐┌───────────┐                          ┌───────────┐»
«q0_0: ┤ Ry(y[24]) ├┤ Rz(y[28]) ├──────────────────────────┤ Rx(y[32]) ├»
«      └───────────┘├───────────┤┌───────────┐             └─────┬─────┘»
«q0_1: ──────■──────┤ Ry(y[25]) ├┤ Rz(y[29]) ├───────────────────┼──────»
«      ┌─────┴─────┐└───────────┘├───────────┤┌───────────┐      │      »
«q0_2: ┤ Rx(y[22]) ├──────■──────┤ Ry(y[26]) ├┤ Rz(y[30]) ├──────┼──────»
«      └───────────┘┌─────┴─────┐├───────────┤├───────────┤      │      »
«q0_3: ─────────────┤ Rx(y[23]) ├┤ Ry(y[27]) ├┤ Rz(y[31]) ├──────■──────»
«                   └───────────┘└───────────┘└───────────┘             »
«c0: 4/═════════════════════════════════════════════════════════════════»
«                                                                       »
«                   ┌───────────┐┌───────────┐                          
«q0_0: ──────■──────┤ Ry(y[36]) ├┤ Rz(y[40]) ├──────────────────────────
«      ┌─────┴─────┐└───────────┘├───────────┤┌───────────┐             
«q0_1: ┤ Rx(y[33]) ├──────■──────┤ Ry(y[37]) ├┤ Rz(y[41]) ├─────────────
«      └───────────┘┌─────┴─────┐└───────────┘├───────────┤┌───────────┐
«q0_2: ─────────────┤ Rx(y[34]) ├──────■──────┤ Ry(y[38]) ├┤ Rz(y[42]) ├
«                   └───────────┘┌─────┴─────┐├───────────┤├───────────┤
«q0_3: ──────────────────────────┤ Rx(y[35]) ├┤ Ry(y[39]) ├┤ Rz(y[43]) ├
«                                └───────────┘└───────────┘└───────────┘
«c0: 4/═════════════════════════════════════════════════════════════════
«                                                                       
building constraints...
number of constraints= 16
plain pauliops= 28
['IIIZ', 'IIIX', 'IIZX', 'IIIY', 'IIZY', 'IYYX', 'IXYY', 'IXYX', 'IYYY', 'ZIXX', 'IZYY', 'IZYX', 'ZIXY', 'IIZZ', 'IXXI', 'IYYZ', 'IYXI', 'IXYZ', 'IZXI', 'ZIXZ', 'ZIYI', 'IZYZ', 'IZII', 'IXII', 'ZXZI', 'IYII', 'ZYZI', 'ZZZI']
unique pauliops= 28
commutation mode= qubitwise
graphclique-cliquecover: 28 with commutationmode qubitwise
strategy largest_first 15
strategy random_sequential 15
strategy smallest_last 15
strategy independent_set 15
strategy connected_sequential_bfs 15
strategy connected_sequential_dfs 15
strategy saturation_largest_first 15
clique 0 ['IIIX', 'IYYX', 'ZIYI', 'IYII']
clique 1 ['IIIY', 'IXYY', 'IXII']
clique 2 ['IXYX']
clique 3 ['IYYY']
clique 4 ['IZYY', 'IZII']
clique 5 ['IZYX']
clique 6 ['IIIZ', 'IYYZ']
clique 7 ['IXYZ']
clique 8 ['IZYZ']
clique 9 ['IIZX', 'ZXZI']
clique 10 ['IIZY', 'ZYZI']
clique 11 ['ZIXX', 'IXXI']
clique 12 ['ZIXY', 'IYXI']
clique 13 ['IIZZ', 'ZZZI']
clique 14 ['IZXI', 'ZIXZ']
groups with own implementation qubitwise 15
