GS energy with  DMRG -16.203317240425918
N= 10.999999999886539
E= -16.203317240425918
D= [[ 6.04117087e-01+0.j -2.83045431e-03+0.j  4.08500872e-01+0.j
   6.25649965e-09+0.j -8.37723740e-02+0.j  2.27738320e-03+0.j
  -1.47178157e-01+0.j -7.69292317e-09+0.j  7.65721620e-02+0.j
  -2.08164895e-03+0.j  7.99660398e-02+0.j -6.04786223e-08+0.j
  -7.20467198e-02+0.j  1.95891968e-03+0.j -4.46167265e-02+0.j
  -2.11457168e-07+0.j  6.85429908e-02+0.j -1.86363698e-03+0.j
   2.01705495e-02+0.j  1.25770011e-06+0.j -6.51413893e-02+0.j
   1.76979770e-03+0.j]
 [-2.83045431e-03+0.j  3.95882860e-01+0.j  6.24616150e-09+0.j
   4.08500908e-01+0.j  2.27738097e-03+0.j  8.37724471e-02+0.j
  -1.00007787e-08+0.j -1.47178175e-01+0.j -2.08164723e-03+0.j
  -7.65722014e-02+0.j  7.76931572e-09+0.j  7.99662363e-02+0.j
   1.95862803e-03+0.j  7.20481271e-02+0.j  1.74811741e-08+0.j
  -4.46170791e-02+0.j -1.86338503e-03+0.j -6.85429944e-02+0.j
   4.07291922e-08+0.j  2.01708596e-02+0.j  1.77084475e-03+0.j
   6.51403031e-02+0.j]
 [ 4.08500872e-01+0.j  6.24616150e-09+0.j  4.80051863e-01+0.j
   5.42301567e-04+0.j  2.57213410e-01+0.j -1.35382427e-09+0.j
   6.48727515e-03+0.j -1.76362255e-04+0.j -6.58087688e-02+0.j
  -3.79436415e-10+0.j -3.34773580e-03+0.j  9.09057391e-05+0.j
   3.49482085e-02+0.j  2.63692857e-07+0.j  1.78320259e-03+0.j
  -4.88354913e-05+0.j -2.44226560e-02+0.j -4.97191290e-07+0.j
  -7.98880827e-04+0.j  2.27855689e-05+0.j  2.01724606e-02+0.j
  -1.26541758e-06+0.j]
 [ 6.25649965e-09+0.j  4.08500908e-01+0.j  5.42301567e-04+0.j
   5.19948128e-01+0.j -2.53508266e-09+0.j  2.57213410e-01+0.j
  -1.76362528e-04+0.j -6.48725159e-03+0.j  1.30104629e-09+0.j
  -6.58088114e-02+0.j  9.10126079e-05+0.j  3.34733516e-03+0.j
  -9.60964524e-09+0.j  3.49479697e-02+0.j -4.84999214e-05+0.j
  -1.78402204e-03+0.j  4.00490166e-08+0.j -2.44224643e-02+0.j
   2.17052322e-05+0.j  8.00936160e-04+0.j -2.28157703e-08+0.j
   2.01718393e-02+0.j]
 [-8.37723740e-02+0.j  2.27738097e-03+0.j  2.57213410e-01+0.j
  -2.53508267e-09+0.j  6.01491312e-01+0.j -2.75907808e-03+0.j
   3.43747283e-01+0.j  5.50899734e-09+0.j -8.28344017e-02+0.j
   2.25189248e-03+0.j -1.13490980e-01+0.j -7.46356053e-08+0.j
   7.64332578e-02+0.j -2.07767623e-03+0.j  5.63032835e-02+0.j
  -5.03786949e-08+0.j -7.22242063e-02+0.j  1.96340385e-03+0.j
  -2.44240011e-02+0.j  5.14066331e-07+0.j  6.85420427e-02+0.j
  -1.86365134e-03+0.j]
 [ 2.27738320e-03+0.j  8.37724471e-02+0.j -1.35382428e-09+0.j
   2.57213410e-01+0.j -2.75907808e-03+0.j  3.98508641e-01+0.j
   6.64694659e-09+0.j  3.43747244e-01+0.j  2.25188835e-03+0.j
   8.28344594e-02+0.j -1.62458206e-09+0.j -1.13490660e-01+0.j
  -2.07786427e-03+0.j -7.64327990e-02+0.j -1.52114843e-08+0.j
   5.63030403e-02+0.j  1.96343491e-03+0.j  7.22232091e-02+0.j
  -6.46455449e-08+0.j -2.44237908e-02+0.j -1.86342500e-03+0.j
  -6.85441846e-02+0.j]
 [-1.47178157e-01+0.j -1.00007787e-08+0.j  6.48727515e-03+0.j
  -1.76362528e-04+0.j  3.43747283e-01+0.j  6.64694659e-09+0.j
   4.75685632e-01+0.j  6.61003412e-04+0.j  2.94084514e-01+0.j
   2.26490427e-09+0.j  8.61636419e-03+0.j -2.34276276e-04+0.j
  -9.15826666e-02+0.j  1.75773690e-08+0.j -4.24844261e-03+0.j
   1.15451912e-04+0.j  5.63036009e-02+0.j  4.71330427e-08+0.j
   1.78459851e-03+0.j -4.88298360e-05+0.j -4.46166680e-02+0.j
   2.09909608e-07+0.j]
 [-7.69292317e-09+0.j -1.47178175e-01+0.j -1.76362255e-04+0.j
  -6.48725159e-03+0.j  5.50899735e-09+0.j  3.43747244e-01+0.j
   6.61003412e-04+0.j  5.24314337e-01+0.j  1.04418147e-09+0.j
   2.94084427e-01+0.j -2.34241601e-04+0.j -8.61637223e-03+0.j
   1.48380313e-09+0.j -9.15825718e-02+0.j  1.15488848e-04+0.j
   4.24864060e-03+0.j  3.06388419e-08+0.j  5.63036422e-02+0.j
  -4.84659088e-05+0.j -1.78247066e-03+0.j  2.99950153e-09+0.j
  -4.46167264e-02+0.j]
 [ 7.65721620e-02+0.j -2.08164723e-03+0.j -6.58087688e-02+0.j
   1.30104629e-09+0.j -8.28344017e-02+0.j  2.25188835e-03+0.j
   2.94084514e-01+0.j  1.04418147e-09+0.j  6.01317183e-01+0.j
  -2.75434972e-03+0.j  3.17328399e-01+0.j  3.33656573e-09+0.j
  -8.27016279e-02+0.j  2.24826571e-03+0.j -9.15826420e-02+0.j
  -1.11446904e-08+0.j  7.64326667e-02+0.j -2.07767512e-03+0.j
   3.49480321e-02+0.j -2.72140557e-07+0.j -7.20482971e-02+0.j
   1.95893018e-03+0.j]
 [-2.08164895e-03+0.j -7.65722014e-02+0.j -3.79436430e-10+0.j
  -6.58088114e-02+0.j  2.25189248e-03+0.j  8.28344594e-02+0.j
   2.26490431e-09+0.j  2.94084427e-01+0.j -2.75434972e-03+0.j
   3.98682805e-01+0.j  4.34103588e-09+0.j  3.17328363e-01+0.j
   2.24828324e-03+0.j  8.27016176e-02+0.j -5.09529545e-09+0.j
  -9.15827833e-02+0.j -2.07787095e-03+0.j -7.64333458e-02+0.j
   4.84187698e-09+0.j  3.49483850e-02+0.j  1.95862122e-03+0.j
   7.20465941e-02+0.j]
 [ 7.99660398e-02+0.j  7.76931569e-09+0.j -3.34773580e-03+0.j
   9.10126079e-05+0.j -1.13490980e-01+0.j -1.62458204e-09+0.j
   8.61636419e-03+0.j -2.34241601e-04+0.j  3.17328399e-01+0.j
   4.34103580e-09+0.j  4.74489071e-01+0.j  6.93536692e-04+0.j
   3.17328378e-01+0.j -8.94236365e-09+0.j  8.61640652e-03+0.j
  -2.34277445e-04+0.j -1.13490818e-01+0.j  8.71468369e-08+0.j
  -3.34718971e-03+0.j  9.08844074e-05+0.j  7.99660432e-02+0.j
   7.34621421e-08+0.j]
 [-6.04786223e-08+0.j  7.99662363e-02+0.j  9.09057391e-05+0.j
   3.34733516e-03+0.j -7.46356053e-08+0.j -1.13490660e-01+0.j
  -2.34276276e-04+0.j -8.61637223e-03+0.j  3.33656571e-09+0.j
   3.17328363e-01+0.j  6.93536692e-04+0.j  5.25510921e-01+0.j
  -2.59175501e-10+0.j  3.17328420e-01+0.j -2.34243036e-04+0.j
  -8.61638768e-03+0.j -3.32906459e-09+0.j -1.13491104e-01+0.j
   9.10116587e-05+0.j  3.34766785e-03+0.j -3.55807323e-09+0.j
   7.99659036e-02+0.j]
 [-7.20467198e-02+0.j  1.95862803e-03+0.j  3.49482085e-02+0.j
  -9.60964525e-09+0.j  7.64332578e-02+0.j -2.07786427e-03+0.j
  -9.15826666e-02+0.j  1.48380309e-09+0.j -8.27016279e-02+0.j
   2.24828324e-03+0.j  3.17328378e-01+0.j -2.59175499e-10+0.j
   6.01317192e-01+0.j -2.75435294e-03+0.j  2.94084468e-01+0.j
  -5.85978993e-09+0.j -8.28344901e-02+0.j  2.25190264e-03+0.j
  -6.58087795e-02+0.j -9.22138180e-09+0.j  7.65720946e-02+0.j
  -2.08164017e-03+0.j]
 [ 1.95891968e-03+0.j  7.20481271e-02+0.j  2.63692857e-07+0.j
   3.49479697e-02+0.j -2.07767623e-03+0.j -7.64327990e-02+0.j
   1.75773690e-08+0.j -9.15825718e-02+0.j  2.24826571e-03+0.j
   8.27016176e-02+0.j -8.94236370e-09+0.j  3.17328420e-01+0.j
  -2.75435294e-03+0.j  3.98682827e-01+0.j  3.42104073e-09+0.j
   2.94084546e-01+0.j  2.25189366e-03+0.j  8.28344190e-02+0.j
  -1.28453286e-09+0.j -6.58087758e-02+0.j -2.08164935e-03+0.j
  -7.65720938e-02+0.j]
 [-4.46167265e-02+0.j  1.74811741e-08+0.j  1.78320259e-03+0.j
  -4.84999214e-05+0.j  5.63032835e-02+0.j -1.52114842e-08+0.j
  -4.24844261e-03+0.j  1.15488848e-04+0.j -9.15826420e-02+0.j
  -5.09529540e-09+0.j  8.61640652e-03+0.j -2.34243036e-04+0.j
   2.94084468e-01+0.j  3.42104071e-09+0.j  4.75685641e-01+0.j
   6.61007189e-04+0.j  3.43747261e-01+0.j -1.12360016e-08+0.j
   6.48726413e-03+0.j -1.76364012e-04+0.j -1.47178123e-01+0.j
   1.35888821e-08+0.j]
 [-2.11457168e-07+0.j -4.46170791e-02+0.j -4.88354913e-05+0.j
  -1.78402204e-03+0.j -5.03786949e-08+0.j  5.63030403e-02+0.j
   1.15451912e-04+0.j  4.24864060e-03+0.j -1.11446904e-08+0.j
  -9.15827833e-02+0.j -2.34277445e-04+0.j -8.61638768e-03+0.j
  -5.85978992e-09+0.j  2.94084546e-01+0.j  6.61007189e-04+0.j
   5.24314383e-01+0.j -1.62093021e-09+0.j  3.43747282e-01+0.j
  -1.76363712e-04+0.j -6.48726688e-03+0.j  2.41284892e-09+0.j
  -1.47178126e-01+0.j]
 [ 6.85429908e-02+0.j -1.86338503e-03+0.j -2.44226560e-02+0.j
   4.00490166e-08+0.j -7.22242063e-02+0.j  1.96343491e-03+0.j
   5.63036009e-02+0.j  3.06388419e-08+0.j  7.64326667e-02+0.j
  -2.07787095e-03+0.j -1.13490818e-01+0.j -3.32906459e-09+0.j
  -8.28344901e-02+0.j  2.25189366e-03+0.j  3.43747261e-01+0.j
  -1.62093020e-09+0.j  6.01491368e-01+0.j -2.75909055e-03+0.j
   2.57213391e-01+0.j  3.47368208e-09+0.j -8.37724334e-02+0.j
   2.27738950e-03+0.j]
 [-1.86363698e-03+0.j -6.85429944e-02+0.j -4.97191290e-07+0.j
  -2.44224643e-02+0.j  1.96340385e-03+0.j  7.22232091e-02+0.j
   4.71330427e-08+0.j  5.63036422e-02+0.j -2.07767512e-03+0.j
  -7.64333458e-02+0.j  8.71468369e-08+0.j -1.13491104e-01+0.j
   2.25190264e-03+0.j  8.28344190e-02+0.j -1.12360016e-08+0.j
   3.43747282e-01+0.j -2.75909055e-03+0.j  3.98508669e-01+0.j
   4.75864877e-09+0.j  2.57213408e-01+0.j  2.27739081e-03+0.j
   8.37723646e-02+0.j]
 [ 2.01705495e-02+0.j  4.07291922e-08+0.j -7.98880827e-04+0.j
   2.17052322e-05+0.j -2.44240011e-02+0.j -6.46455449e-08+0.j
   1.78459851e-03+0.j -4.84659088e-05+0.j  3.49480321e-02+0.j
   4.84187695e-09+0.j -3.34718971e-03+0.j  9.10116587e-05+0.j
  -6.58087795e-02+0.j -1.28453285e-09+0.j  6.48726413e-03+0.j
  -1.76363712e-04+0.j  2.57213391e-01+0.j  4.75864877e-09+0.j
   4.80051883e-01+0.j  5.42303413e-04+0.j  4.08500897e-01+0.j
  -1.03280341e-08+0.j]
 [ 1.25770011e-06+0.j  2.01708596e-02+0.j  2.27855689e-05+0.j
   8.00936160e-04+0.j  5.14066331e-07+0.j -2.44237908e-02+0.j
  -4.88298360e-05+0.j -1.78247066e-03+0.j -2.72140557e-07+0.j
   3.49483850e-02+0.j  9.08844074e-05+0.j  3.34766785e-03+0.j
  -9.22138180e-09+0.j -6.58087758e-02+0.j -1.76364012e-04+0.j
  -6.48726688e-03+0.j  3.47368208e-09+0.j  2.57213408e-01+0.j
   5.42303413e-04+0.j  5.19948109e-01+0.j -4.41616046e-09+0.j
   4.08500865e-01+0.j]
 [-6.51413893e-02+0.j  1.77084475e-03+0.j  2.01724606e-02+0.j
  -2.28157703e-08+0.j  6.85420427e-02+0.j -1.86342500e-03+0.j
  -4.46166680e-02+0.j  2.99950154e-09+0.j -7.20482971e-02+0.j
   1.95862122e-03+0.j  7.99660432e-02+0.j -3.55807323e-09+0.j
   7.65720946e-02+0.j -2.08164935e-03+0.j -1.47178123e-01+0.j
   2.41284892e-09+0.j -8.37724334e-02+0.j  2.27739081e-03+0.j
   4.08500897e-01+0.j -4.41616046e-09+0.j  6.04117108e-01+0.j
  -2.83046328e-03+0.j]
 [ 1.76979770e-03+0.j  6.51403031e-02+0.j -1.26541758e-06+0.j
   2.01718393e-02+0.j -1.86365134e-03+0.j -6.85441846e-02+0.j
   2.09909608e-07+0.j -4.46167264e-02+0.j  1.95893018e-03+0.j
   7.20465941e-02+0.j  7.34621420e-08+0.j  7.99659036e-02+0.j
  -2.08164017e-03+0.j -7.65720938e-02+0.j  1.35888821e-08+0.j
  -1.47178126e-01+0.j  2.27738950e-03+0.j  8.37723646e-02+0.j
  -1.03280341e-08+0.j  4.08500865e-01+0.j -2.83046328e-03+0.j
   3.95882978e-01+0.j]]
W= [0.18657238+0.j 0.21094086+0.j 0.20553646+0.j 0.21388702+0.j
 0.20770577+0.j 0.21439313+0.j 0.20770577+0.j 0.21388704+0.j
 0.2055365 +0.j 0.21094086+0.j 0.18657246+0.j]
local approximation with  1 sites
local interactions on sites [[0], [1], [2], [3], [4], [5], [6], [7], [8], [9], [10]]
Functional for interaction on sites [0]
aca-directory for images already exists
aca-directory for images already exists
aca-directory for images already exists
interacting orbitals: [0, 1]
mapping: [0, 1, 2, 3, 4, 5, 6, 7, 8, 9, 10, 11, 12, 13, 14, 15, 16, 17, 18, 19, 20, 21]
aca-directory for images already exists
aca-directory for images already exists
aca-directory for images already exists
orbinteractaca= [0, 1]
aca-directory for images already exists
aca-directory for images already exists
aca-directory for images already exists
aca-directory for images already exists
aca-directory for images already exists
aca-directory for images already exists
aca-directory for images already exists
aca-directory for images already exists
aca-directory for images already exists
aca-directory for images already exists
aca-directory for images already exists
aca-directory for images already exists
aca-directory for images already exists
aca-directory for images already exists
aca-directory for images already exists
aca-directory for images already exists
aca-directory for images already exists
aca-directory for images already exists
aca-directory for images already exists
aca-directory for images already exists
aca-directory for images already exists
aca-directory for images already exists
aca-directory for images already exists
aca-directory for images already exists
aca-directory for images already exists
aca-directory for images already exists
aca-directory for images already exists
aca-directory for images already exists
aca-directory for images already exists
aca-directory for images already exists
aca-directory for images already exists
aca-directory for images already exists
aca-directory for images already exists
aca-directory for images already exists
aca-directory for images already exists
aca-directory for images already exists
aca-directory for images already exists
aca-directory for images already exists
aca-directory for images already exists
aca-directory for images already exists
aca-directory for images already exists
aca-directory for images already exists
aca-directory for images already exists
aca-directory for images already exists
aca-directory for images already exists
aca-directory for images already exists
aca-directory for images already exists
aca-directory for images already exists
aca-directory for images already exists
aca-directory for images already exists
aca-directory for images already exists
aca-directory for images already exists
aca-directory for images already exists
aca-directory for images already exists
aca-directory for images already exists
aca-directory for images already exists
aca-directory for images already exists
aca-directory for images already exists
aca-directory for images already exists
aca-directory for images already exists
aca-directory for images already exists
aca-directory for images already exists
aca-directory for images already exists
aca: level 10  norb= 22
Daca= [[ 6.04117087e-01+0.j -2.83045431e-03+0.j -4.73666322e-01+0.j
  -3.14870772e-19+0.j  4.19852234e-19+0.j  2.60657888e-20+0.j
  -3.81125538e-19+0.j -4.70744870e-20+0.j -7.72100122e-18+0.j
  -4.22561090e-19+0.j -2.29493513e-17+0.j -2.15846344e-20+0.j
   2.51419484e-17+0.j -1.04539148e-19+0.j  2.04574952e-17+0.j
   8.08463899e-21+0.j -4.24786356e-18+0.j -4.29210372e-19+0.j
   5.00950652e-18+0.j -2.57984160e-21+0.j -2.37373808e-17+0.j
   8.55026133e-19+0.j]
 [-2.83045431e-03+0.j  3.95882860e-01+0.j -2.07434410e-08+0.j
  -4.73666524e-01+0.j -3.12199833e-19+0.j -1.85411452e-17+0.j
   1.21836666e-20+0.j  2.33401811e-17+0.j -4.18909587e-19+0.j
   8.99778105e-18+0.j  3.19200703e-21+0.j  9.16345810e-18+0.j
  -1.97648416e-20+0.j -2.61965085e-17+0.j  7.99997042e-22+0.j
  -5.80560485e-18+0.j  1.94321861e-19+0.j -2.39938356e-18+0.j
  -4.38533423e-22+0.j  6.46868595e-18+0.j -3.16107908e-19+0.j
  -1.91745390e-17+0.j]
 [-4.73666322e-01+0.j -2.07434410e-08+0.j  3.97047045e-01+0.j
   2.79882265e-03+0.j  1.00928833e-02+0.j  2.86884889e-21+0.j
   4.85106907e-20+0.j  5.51573447e-21+0.j -6.98146348e-19+0.j
  -2.26301392e-21+0.j  5.69265689e-19+0.j -3.42366669e-21+0.j
  -1.29703441e-19+0.j  5.86701549e-23+0.j -6.32574981e-19+0.j
   4.65488461e-22+0.j -6.42745376e-20+0.j -4.28910223e-23+0.j
  -4.14669875e-20+0.j -2.36721301e-21+0.j -2.61506255e-21+0.j
  -1.37498956e-23+0.j]
 [ 1.83421663e-17+0.j -4.73666524e-01+0.j  2.79882265e-03+0.j
   6.02952859e-01+0.j -7.02272404e-08+0.j  1.00925691e-02+0.j
   2.60166937e-22+0.j  2.33994396e-19+0.j  1.00020558e-21+0.j
   4.80284359e-19+0.j  2.24247848e-21+0.j -3.26360037e-19+0.j
  -4.36823395e-22+0.j -9.23268672e-20+0.j  1.18546125e-21+0.j
  -1.84281494e-19+0.j  8.55103152e-23+0.j  5.53628112e-21+0.j
   1.32600204e-20+0.j  2.06417278e-19+0.j -6.80140636e-24+0.j
  -1.90425888e-21+0.j]
 [-9.84158279e-17+0.j  5.19665961e-17+0.j  1.00928833e-02+0.j
  -7.02272404e-08+0.j  4.83967905e-01+0.j  4.34897107e-04+0.j
   4.85997951e-01+0.j  9.62626916e-20+0.j -6.79145079e-19+0.j
  -9.66859964e-20+0.j  4.49722936e-17+0.j -1.37254806e-19+0.j
   3.32116384e-17+0.j  3.82899618e-19+0.j -4.37748750e-19+0.j
   6.04930308e-20+0.j -3.58130616e-17+0.j -4.71226111e-19+0.j
  -6.59905227e-18+0.j -2.45087839e-20+0.j -2.36687721e-18+0.j
   2.05026350e-19+0.j]
 [ 2.04493193e-17+0.j  2.99701625e-16+0.j -3.53128372e-17+0.j
   1.00925691e-02+0.j  4.34897107e-04+0.j  5.16047616e-01+0.j
   3.55425917e-08+0.j  4.85997187e-01+0.j -7.37412397e-19+0.j
  -2.88143920e-17+0.j -1.53592517e-19+0.j  3.15303598e-17+0.j
   7.53212367e-19+0.j  1.10158776e-17+0.j  1.04954922e-19+0.j
  -2.34884208e-17+0.j -1.00312253e-18+0.j -3.76571817e-17+0.j
  -3.80002987e-20+0.j  1.34118019e-17+0.j  2.37163526e-18+0.j
  -1.40120940e-18+0.j]
 [ 1.56627969e-16+0.j -4.91574176e-18+0.j -2.10940221e-17+0.j
  -6.33897425e-18+0.j  4.85997951e-01+0.j  3.55425917e-08+0.j
   5.20399849e-01+0.j -5.53616518e-04+0.j  7.31221090e-03+0.j
  -6.52631918e-21+0.j  1.62851466e-20+0.j  5.96310783e-22+0.j
  -7.57053080e-20+0.j  2.17084950e-21+0.j -6.23818956e-19+0.j
   9.05552469e-21+0.j  2.01331703e-19+0.j  3.84958847e-22+0.j
   2.04545013e-19+0.j  1.40707124e-21+0.j  2.77376548e-19+0.j
  -4.27401925e-22+0.j]
 [-4.44017804e-18+0.j -7.54101261e-16+0.j  9.36076098e-18+0.j
   1.16301461e-16+0.j  1.69199244e-19+0.j  4.85997187e-01+0.j
  -5.53616518e-04+0.j  4.79584703e-01+0.j  7.01391161e-08+0.j
   7.31270642e-03+0.j -4.06674836e-21+0.j -3.67147422e-19+0.j
  -3.55388074e-21+0.j -2.40970526e-19+0.j -9.59590743e-21+0.j
   9.41431231e-20+0.j  1.11072634e-21+0.j -2.34613153e-19+0.j
  -6.41538157e-21+0.j -1.17836235e-19+0.j -1.29855941e-21+0.j
  -1.49612389e-19+0.j]
 [ 1.04405005e-16+0.j -5.61891000e-17+0.j  4.17309337e-17+0.j
   6.42080403e-19+0.j -2.01907066e-16+0.j  2.11595942e-17+0.j
   7.31221090e-03+0.j  7.01391162e-08+0.j  5.53212350e-01+0.j
  -1.44529825e-03+0.j -4.85539906e-01+0.j  2.80997255e-19+0.j
   1.40078389e-17+0.j -9.23501317e-20+0.j -4.42785597e-18+0.j
  -3.12097982e-19+0.j -5.48355839e-17+0.j  2.02694512e-18+0.j
  -6.63089304e-18+0.j  2.42537921e-19+0.j  7.86397502e-17+0.j
  -2.53198649e-18+0.j]
 [ 9.12234418e-19+0.j -4.55442910e-16+0.j -7.70038761e-17+0.j
  -2.94067578e-17+0.j  2.77753601e-17+0.j -9.80315929e-17+0.j
  -7.15732459e-17+0.j  7.31270642e-03+0.j -1.44529825e-03+0.j
   4.46776341e-01+0.j  1.43558252e-07+0.j -4.85538627e-01+0.j
  -7.00283438e-19+0.j -1.16788402e-17+0.j -9.94891396e-20+0.j
   2.82323217e-17+0.j  1.29586172e-18+0.j  1.09652176e-16+0.j
  -1.80214712e-19+0.j -1.58178099e-17+0.j -5.37616572e-18+0.j
  -1.28552964e-16+0.j]
 [ 2.97923598e-16+0.j -2.86328672e-17+0.j -1.53964990e-16+0.j
  -2.12499505e-17+0.j  6.27829363e-16+0.j -2.14008362e-17+0.j
   2.93377147e-16+0.j  4.33056851e-17+0.j -4.85539906e-01+0.j
   1.43558252e-07+0.j  4.45027927e-01+0.j  1.49312744e-03+0.j
  -3.18722636e-03+0.j  4.98467684e-22+0.j  3.06047274e-19+0.j
  -1.39949124e-21+0.j  4.21684304e-20+0.j -2.37383562e-21+0.j
  -2.21910445e-19+0.j  3.90745895e-21+0.j  3.91980695e-20+0.j
   4.86046653e-23+0.j]
 [-1.20998218e-17+0.j  3.92758883e-16+0.j  7.46207366e-18+0.j
   2.08119904e-16+0.j -3.62845558e-17+0.j  2.52649768e-16+0.j
  -9.42977070e-17+0.j -1.27561187e-16+0.j -4.09379356e-18+0.j
  -4.85538627e-01+0.j  1.49312744e-03+0.j  5.54983454e-01+0.j
   6.62164096e-10+0.j -3.18712334e-03+0.j -2.10260379e-20+0.j
  -7.01889281e-19+0.j -1.37218723e-21+0.j  1.51310729e-19+0.j
   1.04719509e-20+0.j  1.12095916e-18+0.j -4.61662742e-23+0.j
   5.32882406e-20+0.j]
 [ 3.76430598e-18+0.j  3.87209520e-17+0.j  2.02242088e-17+0.j
   4.20769151e-17+0.j  4.36199766e-17+0.j  1.11821779e-16+0.j
   5.02391435e-17+0.j -8.49766267e-18+0.j -2.39142774e-16+0.j
  -9.37662273e-17+0.j -3.18722636e-03+0.j  6.62164077e-10+0.j
   6.49331649e-01+0.j -4.06277487e-03+0.j -4.69697011e-01+0.j
  -3.39436186e-19+0.j -5.49280554e-17+0.j -1.30668633e-19+0.j
  -1.77949074e-17+0.j -1.59181838e-20+0.j -2.38181777e-18+0.j
  -8.99159360e-19+0.j]
 [-3.33099860e-17+0.j  2.89264332e-16+0.j  7.40113523e-18+0.j
  -9.80662980e-17+0.j  1.35804319e-17+0.j  1.93105753e-16+0.j
   6.08726808e-17+0.j -2.02003691e-16+0.j -2.44956634e-17+0.j
   7.83024133e-17+0.j -9.92857300e-17+0.j -3.18712334e-03+0.j
  -4.06277487e-03+0.j  3.50683746e-01+0.j -1.83724007e-07+0.j
  -4.69701820e-01+0.j  5.90231638e-19+0.j  9.78400318e-18+0.j
  -1.61701463e-20+0.j -2.42158614e-18+0.j -1.01577486e-18+0.j
  -8.01769581e-18+0.j]
 [-1.42254474e-16+0.j -1.94581212e-17+0.j -8.92562425e-17+0.j
  -4.79478504e-18+0.j -5.59422504e-17+0.j -4.74051699e-18+0.j
   2.68248476e-16+0.j -1.93688404e-17+0.j  1.97850318e-16+0.j
  -1.85760822e-17+0.j  1.64874688e-16+0.j  5.18780518e-17+0.j
  -4.69697011e-01+0.j -1.83724007e-07+0.j  3.51806746e-01+0.j
   4.03190243e-03+0.j -1.53969936e-03+0.j  4.02590839e-21+0.j
  -1.33282521e-19+0.j  1.44642674e-23+0.j -1.00238042e-19+0.j
  -9.26780693e-22+0.j]
 [ 3.25790305e-17+0.j -2.11977163e-16+0.j -3.49088293e-18+0.j
  -1.57937486e-16+0.j  1.51585836e-17+0.j -4.60275530e-17+0.j
   1.01885434e-16+0.j  2.09029568e-16+0.j -3.64405056e-17+0.j
   1.13648040e-16+0.j -3.03519872e-17+0.j  4.18254613e-17+0.j
  -3.58027231e-18+0.j -4.69701820e-01+0.j  4.03190243e-03+0.j
   6.48178335e-01+0.j  3.19028648e-08+0.j -1.53932662e-03+0.j
  -9.81840691e-22+0.j -1.79320304e-19+0.j  2.40837863e-21+0.j
   9.59902435e-20+0.j]
 [ 2.68422867e-16+0.j -1.07801441e-18+0.j -2.30539770e-17+0.j
  -2.02022041e-17+0.j  1.44598179e-16+0.j -5.54903237e-17+0.j
   6.11482943e-17+0.j  1.78394970e-17+0.j -1.27040751e-16+0.j
   4.08604904e-17+0.j  6.71848025e-17+0.j -2.63299880e-18+0.j
  -6.68687582e-17+0.j -7.65573082e-17+0.j -1.53969936e-03+0.j
   3.19028648e-08+0.j  7.60483989e-01+0.j -7.06558193e-03+0.j
   4.19331690e-01+0.j  8.40054273e-19+0.j  1.97387733e-16+0.j
  -5.63858380e-18+0.j]
 [ 2.23892566e-17+0.j -3.74097784e-16+0.j -8.96731517e-19+0.j
   2.44963068e-16+0.j  1.27555966e-18+0.j -3.35772291e-16+0.j
  -4.71534126e-17+0.j -1.39751404e-16+0.j  1.20051091e-17+0.j
   3.09582024e-16+0.j -4.73816880e-18+0.j -1.61046354e-16+0.j
   1.65446532e-17+0.j  7.40366555e-17+0.j -3.25536599e-17+0.j
  -1.53932662e-03+0.j -7.06558193e-03+0.j  2.39683172e-01+0.j
   2.74336053e-06+0.j  4.19435257e-01+0.j  1.97932429e-18+0.j
   5.95290796e-17+0.j]
 [ 3.22602264e-17+0.j  1.10059092e-17+0.j -9.24434851e-17+0.j
   2.11385093e-18+0.j -7.59913356e-17+0.j  5.32858080e-20+0.j
  -1.84796556e-16+0.j  5.02345170e-18+0.j -1.49830594e-16+0.j
   3.58486258e-18+0.j -4.04859605e-17+0.j -4.88142157e-17+0.j
   6.75320823e-17+0.j  1.24962643e-16+0.j  4.60549846e-17+0.j
   1.20850148e-17+0.j  4.19331690e-01+0.j  2.74336053e-06+0.j
   2.39985884e-01+0.j  7.05446171e-03+0.j  1.06993814e-03+0.j
   3.01097877e-24+0.j]
 [-1.24573405e-17+0.j  1.41286520e-16+0.j  3.60061449e-18+0.j
   1.51675898e-16+0.j -6.21923784e-18+0.j -3.60539323e-17+0.j
  -1.01591002e-16+0.j -1.59333038e-17+0.j  4.41311994e-17+0.j
  -8.71456063e-17+0.j  4.25199944e-17+0.j  1.65622060e-18+0.j
   2.02219462e-17+0.j  1.82196869e-17+0.j -4.07848957e-18+0.j
   2.77117225e-16+0.j  1.96594809e-17+0.j  4.19435257e-01+0.j
   7.05446171e-03+0.j  7.59846801e-01+0.j -1.07740070e-07+0.j
  -1.06963681e-03+0.j]
 [-1.74841640e-16+0.j -6.06283986e-18+0.j  9.57761742e-17+0.j
   1.41772620e-17+0.j -2.36689024e-18+0.j  3.24492856e-17+0.j
  -1.48216030e-16+0.j  1.88442625e-18+0.j  3.00111424e-17+0.j
   1.79744996e-18+0.j -1.19444817e-16+0.j -1.78972309e-17+0.j
  -1.92078809e-16+0.j  8.14135423e-17+0.j -2.88725512e-16+0.j
  -1.71761848e-17+0.j  2.56111006e-16+0.j -5.55375656e-18+0.j
   1.06993814e-03+0.j -1.07740070e-07+0.j  9.94435032e-01+0.j
   1.34386350e-02+0.j]
 [-2.51116213e-17+0.j  3.54115415e-16+0.j -2.16271326e-19+0.j
  -1.11322011e-16+0.j -4.62036193e-18+0.j  3.48998242e-16+0.j
   4.58345838e-17+0.j -7.18884312e-17+0.j  1.10252399e-17+0.j
  -2.81088328e-16+0.j  2.45190348e-17+0.j  1.43866411e-16+0.j
  -3.10626511e-17+0.j -6.00841817e-16+0.j  7.48814481e-18+0.j
  -1.00582826e-17+0.j  9.48133198e-18+0.j -2.56229154e-17+0.j
  -7.31366327e-18+0.j -1.06963681e-03+0.j  1.34386350e-02+0.j
   5.56464873e-03+0.j]]
Naca= (5.999815463774461, 5.000184536112079)
nq= 22
variational state:
        ┌──────────┐┌───────────┐┌───┐     ┌───────────┐┌───────────┐»
 q0_0: ─┤ Ry(y[0]) ├┤ Rz(y[22]) ├┤ X ├──■──┤ Ry(y[44]) ├┤ Rz(y[66]) ├»
        ├──────────┤├───────────┤└─┬─┘┌─┴─┐└───────────┘├───────────┤»
 q0_1: ─┤ Ry(y[1]) ├┤ Rz(y[23]) ├──┼──┤ X ├──────■──────┤ Ry(y[45]) ├»
        ├──────────┤├───────────┤  │  └───┘    ┌─┴─┐    └───────────┘»
 q0_2: ─┤ Ry(y[2]) ├┤ Rz(y[24]) ├──┼───────────┤ X ├──────────■──────»
        ├──────────┤├───────────┤  │           └───┘        ┌─┴─┐    »
 q0_3: ─┤ Ry(y[3]) ├┤ Rz(y[25]) ├──┼────────────────────────┤ X ├────»
        ├──────────┤├───────────┤  │                        └───┘    »
 q0_4: ─┤ Ry(y[4]) ├┤ Rz(y[26]) ├──┼─────────────────────────────────»
        ├──────────┤├───────────┤  │                                 »
 q0_5: ─┤ Ry(y[5]) ├┤ Rz(y[27]) ├──┼─────────────────────────────────»
        ├──────────┤├───────────┤  │                                 »
 q0_6: ─┤ Ry(y[6]) ├┤ Rz(y[28]) ├──┼─────────────────────────────────»
        ├──────────┤├───────────┤  │                                 »
 q0_7: ─┤ Ry(y[7]) ├┤ Rz(y[29]) ├──┼─────────────────────────────────»
        ├──────────┤├───────────┤  │                                 »
 q0_8: ─┤ Ry(y[8]) ├┤ Rz(y[30]) ├──┼─────────────────────────────────»
        ├──────────┤├───────────┤  │                                 »
 q0_9: ─┤ Ry(y[9]) ├┤ Rz(y[31]) ├──┼─────────────────────────────────»
       ┌┴──────────┤├───────────┤  │                                 »
q0_10: ┤ Ry(y[10]) ├┤ Rz(y[32]) ├──┼─────────────────────────────────»
       ├───────────┤├───────────┤  │                                 »
q0_11: ┤ Ry(y[11]) ├┤ Rz(y[33]) ├──┼─────────────────────────────────»
       ├───────────┤├───────────┤  │                                 »
q0_12: ┤ Ry(y[12]) ├┤ Rz(y[34]) ├──┼─────────────────────────────────»
       ├───────────┤├───────────┤  │                                 »
q0_13: ┤ Ry(y[13]) ├┤ Rz(y[35]) ├──┼─────────────────────────────────»
       ├───────────┤├───────────┤  │                                 »
q0_14: ┤ Ry(y[14]) ├┤ Rz(y[36]) ├──┼─────────────────────────────────»
       ├───────────┤├───────────┤  │                                 »
q0_15: ┤ Ry(y[15]) ├┤ Rz(y[37]) ├──┼─────────────────────────────────»
       ├───────────┤├───────────┤  │                                 »
q0_16: ┤ Ry(y[16]) ├┤ Rz(y[38]) ├──┼─────────────────────────────────»
       ├───────────┤├───────────┤  │                                 »
q0_17: ┤ Ry(y[17]) ├┤ Rz(y[39]) ├──┼─────────────────────────────────»
       ├───────────┤├───────────┤  │                                 »
q0_18: ┤ Ry(y[18]) ├┤ Rz(y[40]) ├──┼─────────────────────────────────»
       ├───────────┤├───────────┤  │                                 »
q0_19: ┤ Ry(y[19]) ├┤ Rz(y[41]) ├──┼─────────────────────────────────»
       ├───────────┤├───────────┤  │                                 »
q0_20: ┤ Ry(y[20]) ├┤ Rz(y[42]) ├──┼─────────────────────────────────»
       ├───────────┤├───────────┤  │                                 »
q0_21: ┤ Ry(y[21]) ├┤ Rz(y[43]) ├──■─────────────────────────────────»
       └───────────┘└───────────┘                                    »
c0: 22/══════════════════════════════════════════════════════════════»
                                                                     »
«                                                                        »
« q0_0: ─────────────────────────────────────────────────────────────────»
«       ┌───────────┐                                                    »
« q0_1: ┤ Rz(y[67]) ├────────────────────────────────────────────────────»
«       ├───────────┤┌───────────┐                                       »
« q0_2: ┤ Ry(y[46]) ├┤ Rz(y[68]) ├───────────────────────────────────────»
«       └───────────┘├───────────┤┌───────────┐                          »
« q0_3: ──────■──────┤ Ry(y[47]) ├┤ Rz(y[69]) ├──────────────────────────»
«           ┌─┴─┐    └───────────┘├───────────┤┌───────────┐             »
« q0_4: ────┤ X ├──────────■──────┤ Ry(y[48]) ├┤ Rz(y[70]) ├─────────────»
«           └───┘        ┌─┴─┐    └───────────┘├───────────┤┌───────────┐»
« q0_5: ─────────────────┤ X ├──────────■──────┤ Ry(y[49]) ├┤ Rz(y[71]) ├»
«                        └───┘        ┌─┴─┐    └───────────┘├───────────┤»
« q0_6: ──────────────────────────────┤ X ├──────────■──────┤ Ry(y[50]) ├»
«                                     └───┘        ┌─┴─┐    └───────────┘»
« q0_7: ───────────────────────────────────────────┤ X ├──────────■──────»
«                                                  └───┘        ┌─┴─┐    »
« q0_8: ────────────────────────────────────────────────────────┤ X ├────»
«                                                               └───┘    »
« q0_9: ─────────────────────────────────────────────────────────────────»
«                                                                        »
«q0_10: ─────────────────────────────────────────────────────────────────»
«                                                                        »
«q0_11: ─────────────────────────────────────────────────────────────────»
«                                                                        »
«q0_12: ─────────────────────────────────────────────────────────────────»
«                                                                        »
«q0_13: ─────────────────────────────────────────────────────────────────»
«                                                                        »
«q0_14: ─────────────────────────────────────────────────────────────────»
«                                                                        »
«q0_15: ─────────────────────────────────────────────────────────────────»
«                                                                        »
«q0_16: ─────────────────────────────────────────────────────────────────»
«                                                                        »
«q0_17: ─────────────────────────────────────────────────────────────────»
«                                                                        »
«q0_18: ─────────────────────────────────────────────────────────────────»
«                                                                        »
«q0_19: ─────────────────────────────────────────────────────────────────»
«                                                                        »
«q0_20: ─────────────────────────────────────────────────────────────────»
«                                                                        »
«q0_21: ─────────────────────────────────────────────────────────────────»
«                                                                        »
«c0: 22/═════════════════════════════════════════════════════════════════»
«                                                                        »
«                                                                        »
« q0_0: ─────────────────────────────────────────────────────────────────»
«                                                                        »
« q0_1: ─────────────────────────────────────────────────────────────────»
«                                                                        »
« q0_2: ─────────────────────────────────────────────────────────────────»
«                                                                        »
« q0_3: ─────────────────────────────────────────────────────────────────»
«                                                                        »
« q0_4: ─────────────────────────────────────────────────────────────────»
«                                                                        »
« q0_5: ─────────────────────────────────────────────────────────────────»
«       ┌───────────┐                                                    »
« q0_6: ┤ Rz(y[72]) ├────────────────────────────────────────────────────»
«       ├───────────┤┌───────────┐                                       »
« q0_7: ┤ Ry(y[51]) ├┤ Rz(y[73]) ├───────────────────────────────────────»
«       └───────────┘├───────────┤┌───────────┐                          »
« q0_8: ──────■──────┤ Ry(y[52]) ├┤ Rz(y[74]) ├──────────────────────────»
«           ┌─┴─┐    └───────────┘├───────────┤┌───────────┐             »
« q0_9: ────┤ X ├──────────■──────┤ Ry(y[53]) ├┤ Rz(y[75]) ├─────────────»
«           └───┘        ┌─┴─┐    └───────────┘├───────────┤┌───────────┐»
«q0_10: ─────────────────┤ X ├──────────■──────┤ Ry(y[54]) ├┤ Rz(y[76]) ├»
«                        └───┘        ┌─┴─┐    └───────────┘├───────────┤»
«q0_11: ──────────────────────────────┤ X ├──────────■──────┤ Ry(y[55]) ├»
«                                     └───┘        ┌─┴─┐    └───────────┘»
«q0_12: ───────────────────────────────────────────┤ X ├──────────■──────»
«                                                  └───┘        ┌─┴─┐    »
«q0_13: ────────────────────────────────────────────────────────┤ X ├────»
«                                                               └───┘    »
«q0_14: ─────────────────────────────────────────────────────────────────»
«                                                                        »
«q0_15: ─────────────────────────────────────────────────────────────────»
«                                                                        »
«q0_16: ─────────────────────────────────────────────────────────────────»
«                                                                        »
«q0_17: ─────────────────────────────────────────────────────────────────»
«                                                                        »
«q0_18: ─────────────────────────────────────────────────────────────────»
«                                                                        »
«q0_19: ─────────────────────────────────────────────────────────────────»
«                                                                        »
«q0_20: ─────────────────────────────────────────────────────────────────»
«                                                                        »
«q0_21: ─────────────────────────────────────────────────────────────────»
«                                                                        »
«c0: 22/═════════════════════════════════════════════════════════════════»
«                                                                        »
«                                                                        »
« q0_0: ─────────────────────────────────────────────────────────────────»
«                                                                        »
« q0_1: ─────────────────────────────────────────────────────────────────»
«                                                                        »
« q0_2: ─────────────────────────────────────────────────────────────────»
«                                                                        »
« q0_3: ─────────────────────────────────────────────────────────────────»
«                                                                        »
« q0_4: ─────────────────────────────────────────────────────────────────»
«                                                                        »
« q0_5: ─────────────────────────────────────────────────────────────────»
«                                                                        »
« q0_6: ─────────────────────────────────────────────────────────────────»
«                                                                        »
« q0_7: ─────────────────────────────────────────────────────────────────»
«                                                                        »
« q0_8: ─────────────────────────────────────────────────────────────────»
«                                                                        »
« q0_9: ─────────────────────────────────────────────────────────────────»
«                                                                        »
«q0_10: ─────────────────────────────────────────────────────────────────»
«       ┌───────────┐                                                    »
«q0_11: ┤ Rz(y[77]) ├────────────────────────────────────────────────────»
«       ├───────────┤┌───────────┐                                       »
«q0_12: ┤ Ry(y[56]) ├┤ Rz(y[78]) ├───────────────────────────────────────»
«       └───────────┘├───────────┤┌───────────┐                          »
«q0_13: ──────■──────┤ Ry(y[57]) ├┤ Rz(y[79]) ├──────────────────────────»
«           ┌─┴─┐    └───────────┘├───────────┤┌───────────┐             »
«q0_14: ────┤ X ├──────────■──────┤ Ry(y[58]) ├┤ Rz(y[80]) ├─────────────»
«           └───┘        ┌─┴─┐    └───────────┘├───────────┤┌───────────┐»
«q0_15: ─────────────────┤ X ├──────────■──────┤ Ry(y[59]) ├┤ Rz(y[81]) ├»
«                        └───┘        ┌─┴─┐    └───────────┘├───────────┤»
«q0_16: ──────────────────────────────┤ X ├──────────■──────┤ Ry(y[60]) ├»
«                                     └───┘        ┌─┴─┐    └───────────┘»
«q0_17: ───────────────────────────────────────────┤ X ├──────────■──────»
«                                                  └───┘        ┌─┴─┐    »
«q0_18: ────────────────────────────────────────────────────────┤ X ├────»
«                                                               └───┘    »
«q0_19: ─────────────────────────────────────────────────────────────────»
«                                                                        »
«q0_20: ─────────────────────────────────────────────────────────────────»
«                                                                        »
«q0_21: ─────────────────────────────────────────────────────────────────»
«                                                                        »
«c0: 22/═════════════════════════════════════════════════════════════════»
«                                                                        »
«                                                                        ┌───┐»
« q0_0: ─────────────────────────────────────────────────────────────────┤ X ├»
«                                                                        └─┬─┘»
« q0_1: ───────────────────────────────────────────────────────────────────┼──»
«                                                                          │  »
« q0_2: ───────────────────────────────────────────────────────────────────┼──»
«                                                                          │  »
« q0_3: ───────────────────────────────────────────────────────────────────┼──»
«                                                                          │  »
« q0_4: ───────────────────────────────────────────────────────────────────┼──»
«                                                                          │  »
« q0_5: ───────────────────────────────────────────────────────────────────┼──»
«                                                                          │  »
« q0_6: ───────────────────────────────────────────────────────────────────┼──»
«                                                                          │  »
« q0_7: ───────────────────────────────────────────────────────────────────┼──»
«                                                                          │  »
« q0_8: ───────────────────────────────────────────────────────────────────┼──»
«                                                                          │  »
« q0_9: ───────────────────────────────────────────────────────────────────┼──»
«                                                                          │  »
«q0_10: ───────────────────────────────────────────────────────────────────┼──»
«                                                                          │  »
«q0_11: ───────────────────────────────────────────────────────────────────┼──»
«                                                                          │  »
«q0_12: ───────────────────────────────────────────────────────────────────┼──»
«                                                                          │  »
«q0_13: ───────────────────────────────────────────────────────────────────┼──»
«                                                                          │  »
«q0_14: ───────────────────────────────────────────────────────────────────┼──»
«                                                                          │  »
«q0_15: ───────────────────────────────────────────────────────────────────┼──»
«       ┌───────────┐                                                      │  »
«q0_16: ┤ Rz(y[82]) ├──────────────────────────────────────────────────────┼──»
«       ├───────────┤┌───────────┐                                         │  »
«q0_17: ┤ Ry(y[61]) ├┤ Rz(y[83]) ├─────────────────────────────────────────┼──»
«       └───────────┘├───────────┤┌───────────┐                            │  »
«q0_18: ──────■──────┤ Ry(y[62]) ├┤ Rz(y[84]) ├────────────────────────────┼──»
«           ┌─┴─┐    └───────────┘├───────────┤┌───────────┐               │  »
«q0_19: ────┤ X ├──────────■──────┤ Ry(y[63]) ├┤ Rz(y[85]) ├───────────────┼──»
«           └───┘        ┌─┴─┐    └───────────┘├───────────┤┌───────────┐  │  »
«q0_20: ─────────────────┤ X ├──────────■──────┤ Ry(y[64]) ├┤ Rz(y[86]) ├──┼──»
«                        └───┘        ┌─┴─┐    ├───────────┤├───────────┤  │  »
«q0_21: ──────────────────────────────┤ X ├────┤ Ry(y[65]) ├┤ Rz(y[87]) ├──■──»
«                                     └───┘    └───────────┘└───────────┘     »
«c0: 22/══════════════════════════════════════════════════════════════════════»
«                                                                             »
«            ┌───────────┐┌────────────┐                            »
« q0_0: ──■──┤ Ry(y[88]) ├┤ Rz(y[110]) ├────────────────────────────»
«       ┌─┴─┐└───────────┘├───────────┬┘┌────────────┐              »
« q0_1: ┤ X ├──────■──────┤ Ry(y[89]) ├─┤ Rz(y[111]) ├──────────────»
«       └───┘    ┌─┴─┐    └───────────┘ ├───────────┬┘┌────────────┐»
« q0_2: ─────────┤ X ├──────────■───────┤ Ry(y[90]) ├─┤ Rz(y[112]) ├»
«                └───┘        ┌─┴─┐     └───────────┘ ├───────────┬┘»
« q0_3: ──────────────────────┤ X ├───────────■───────┤ Ry(y[91]) ├─»
«                             └───┘         ┌─┴─┐     └───────────┘ »
« q0_4: ────────────────────────────────────┤ X ├───────────■───────»
«                                           └───┘         ┌─┴─┐     »
« q0_5: ──────────────────────────────────────────────────┤ X ├─────»
«                                                         └───┘     »
« q0_6: ────────────────────────────────────────────────────────────»
«                                                                   »
« q0_7: ────────────────────────────────────────────────────────────»
«                                                                   »
« q0_8: ────────────────────────────────────────────────────────────»
«                                                                   »
« q0_9: ────────────────────────────────────────────────────────────»
«                                                                   »
«q0_10: ────────────────────────────────────────────────────────────»
«                                                                   »
«q0_11: ────────────────────────────────────────────────────────────»
«                                                                   »
«q0_12: ────────────────────────────────────────────────────────────»
«                                                                   »
«q0_13: ────────────────────────────────────────────────────────────»
«                                                                   »
«q0_14: ────────────────────────────────────────────────────────────»
«                                                                   »
«q0_15: ────────────────────────────────────────────────────────────»
«                                                                   »
«q0_16: ────────────────────────────────────────────────────────────»
«                                                                   »
«q0_17: ────────────────────────────────────────────────────────────»
«                                                                   »
«q0_18: ────────────────────────────────────────────────────────────»
«                                                                   »
«q0_19: ────────────────────────────────────────────────────────────»
«                                                                   »
«q0_20: ────────────────────────────────────────────────────────────»
«                                                                   »
«q0_21: ────────────────────────────────────────────────────────────»
«                                                                   »
«c0: 22/════════════════════════════════════════════════════════════»
«                                                                   »
«                                                                             »
« q0_0: ──────────────────────────────────────────────────────────────────────»
«                                                                             »
« q0_1: ──────────────────────────────────────────────────────────────────────»
«                                                                             »
« q0_2: ──────────────────────────────────────────────────────────────────────»
«       ┌────────────┐                                                        »
« q0_3: ┤ Rz(y[113]) ├────────────────────────────────────────────────────────»
«       ├───────────┬┘┌────────────┐                                          »
« q0_4: ┤ Ry(y[92]) ├─┤ Rz(y[114]) ├──────────────────────────────────────────»
«       └───────────┘ ├───────────┬┘┌────────────┐                            »
« q0_5: ──────■───────┤ Ry(y[93]) ├─┤ Rz(y[115]) ├────────────────────────────»
«           ┌─┴─┐     └───────────┘ ├───────────┬┘┌────────────┐              »
« q0_6: ────┤ X ├───────────■───────┤ Ry(y[94]) ├─┤ Rz(y[116]) ├──────────────»
«           └───┘         ┌─┴─┐     └───────────┘ ├───────────┬┘┌────────────┐»
« q0_7: ──────────────────┤ X ├───────────■───────┤ Ry(y[95]) ├─┤ Rz(y[117]) ├»
«                         └───┘         ┌─┴─┐     └───────────┘ ├───────────┬┘»
« q0_8: ────────────────────────────────┤ X ├───────────■───────┤ Ry(y[96]) ├─»
«                                       └───┘         ┌─┴─┐     └───────────┘ »
« q0_9: ──────────────────────────────────────────────┤ X ├───────────■───────»
«                                                     └───┘         ┌─┴─┐     »
«q0_10: ────────────────────────────────────────────────────────────┤ X ├─────»
«                                                                   └───┘     »
«q0_11: ──────────────────────────────────────────────────────────────────────»
«                                                                             »
«q0_12: ──────────────────────────────────────────────────────────────────────»
«                                                                             »
«q0_13: ──────────────────────────────────────────────────────────────────────»
«                                                                             »
«q0_14: ──────────────────────────────────────────────────────────────────────»
«                                                                             »
«q0_15: ──────────────────────────────────────────────────────────────────────»
«                                                                             »
«q0_16: ──────────────────────────────────────────────────────────────────────»
«                                                                             »
«q0_17: ──────────────────────────────────────────────────────────────────────»
«                                                                             »
«q0_18: ──────────────────────────────────────────────────────────────────────»
«                                                                             »
«q0_19: ──────────────────────────────────────────────────────────────────────»
«                                                                             »
«q0_20: ──────────────────────────────────────────────────────────────────────»
«                                                                             »
«q0_21: ──────────────────────────────────────────────────────────────────────»
«                                                                             »
«c0: 22/══════════════════════════════════════════════════════════════════════»
«                                                                             »
«                                                                             »
« q0_0: ──────────────────────────────────────────────────────────────────────»
«                                                                             »
« q0_1: ──────────────────────────────────────────────────────────────────────»
«                                                                             »
« q0_2: ──────────────────────────────────────────────────────────────────────»
«                                                                             »
« q0_3: ──────────────────────────────────────────────────────────────────────»
«                                                                             »
« q0_4: ──────────────────────────────────────────────────────────────────────»
«                                                                             »
« q0_5: ──────────────────────────────────────────────────────────────────────»
«                                                                             »
« q0_6: ──────────────────────────────────────────────────────────────────────»
«                                                                             »
« q0_7: ──────────────────────────────────────────────────────────────────────»
«       ┌────────────┐                                                        »
« q0_8: ┤ Rz(y[118]) ├────────────────────────────────────────────────────────»
«       ├───────────┬┘┌────────────┐                                          »
« q0_9: ┤ Ry(y[97]) ├─┤ Rz(y[119]) ├──────────────────────────────────────────»
«       └───────────┘ ├───────────┬┘┌────────────┐                            »
«q0_10: ──────■───────┤ Ry(y[98]) ├─┤ Rz(y[120]) ├────────────────────────────»
«           ┌─┴─┐     └───────────┘ ├───────────┬┘┌────────────┐              »
«q0_11: ────┤ X ├───────────■───────┤ Ry(y[99]) ├─┤ Rz(y[121]) ├──────────────»
«           └───┘         ┌─┴─┐     └───────────┘ ├────────────┤┌────────────┐»
«q0_12: ──────────────────┤ X ├───────────■───────┤ Ry(y[100]) ├┤ Rz(y[122]) ├»
«                         └───┘         ┌─┴─┐     └────────────┘├────────────┤»
«q0_13: ────────────────────────────────┤ X ├───────────■───────┤ Ry(y[101]) ├»
«                                       └───┘         ┌─┴─┐     └────────────┘»
«q0_14: ──────────────────────────────────────────────┤ X ├───────────■───────»
«                                                     └───┘         ┌─┴─┐     »
«q0_15: ────────────────────────────────────────────────────────────┤ X ├─────»
«                                                                   └───┘     »
«q0_16: ──────────────────────────────────────────────────────────────────────»
«                                                                             »
«q0_17: ──────────────────────────────────────────────────────────────────────»
«                                                                             »
«q0_18: ──────────────────────────────────────────────────────────────────────»
«                                                                             »
«q0_19: ──────────────────────────────────────────────────────────────────────»
«                                                                             »
«q0_20: ──────────────────────────────────────────────────────────────────────»
«                                                                             »
«q0_21: ──────────────────────────────────────────────────────────────────────»
«                                                                             »
«c0: 22/══════════════════════════════════════════════════════════════════════»
«                                                                             »
«                                                                             »
« q0_0: ──────────────────────────────────────────────────────────────────────»
«                                                                             »
« q0_1: ──────────────────────────────────────────────────────────────────────»
«                                                                             »
« q0_2: ──────────────────────────────────────────────────────────────────────»
«                                                                             »
« q0_3: ──────────────────────────────────────────────────────────────────────»
«                                                                             »
« q0_4: ──────────────────────────────────────────────────────────────────────»
«                                                                             »
« q0_5: ──────────────────────────────────────────────────────────────────────»
«                                                                             »
« q0_6: ──────────────────────────────────────────────────────────────────────»
«                                                                             »
« q0_7: ──────────────────────────────────────────────────────────────────────»
«                                                                             »
« q0_8: ──────────────────────────────────────────────────────────────────────»
«                                                                             »
« q0_9: ──────────────────────────────────────────────────────────────────────»
«                                                                             »
«q0_10: ──────────────────────────────────────────────────────────────────────»
«                                                                             »
«q0_11: ──────────────────────────────────────────────────────────────────────»
«                                                                             »
«q0_12: ──────────────────────────────────────────────────────────────────────»
«       ┌────────────┐                                                        »
«q0_13: ┤ Rz(y[123]) ├────────────────────────────────────────────────────────»
«       ├────────────┤┌────────────┐                                          »
«q0_14: ┤ Ry(y[102]) ├┤ Rz(y[124]) ├──────────────────────────────────────────»
«       └────────────┘├────────────┤┌────────────┐                            »
«q0_15: ──────■───────┤ Ry(y[103]) ├┤ Rz(y[125]) ├────────────────────────────»
«           ┌─┴─┐     └────────────┘├────────────┤┌────────────┐              »
«q0_16: ────┤ X ├───────────■───────┤ Ry(y[104]) ├┤ Rz(y[126]) ├──────────────»
«           └───┘         ┌─┴─┐     └────────────┘├────────────┤┌────────────┐»
«q0_17: ──────────────────┤ X ├───────────■───────┤ Ry(y[105]) ├┤ Rz(y[127]) ├»
«                         └───┘         ┌─┴─┐     └────────────┘├────────────┤»
«q0_18: ────────────────────────────────┤ X ├───────────■───────┤ Ry(y[106]) ├»
«                                       └───┘         ┌─┴─┐     └────────────┘»
«q0_19: ──────────────────────────────────────────────┤ X ├───────────■───────»
«                                                     └───┘         ┌─┴─┐     »
«q0_20: ────────────────────────────────────────────────────────────┤ X ├─────»
«                                                                   └───┘     »
«q0_21: ──────────────────────────────────────────────────────────────────────»
«                                                                             »
«c0: 22/══════════════════════════════════════════════════════════════════════»
«                                                                             »
«                                                 
« q0_0: ──────────────────────────────────────────
«                                                 
« q0_1: ──────────────────────────────────────────
«                                                 
« q0_2: ──────────────────────────────────────────
«                                                 
« q0_3: ──────────────────────────────────────────
«                                                 
« q0_4: ──────────────────────────────────────────
«                                                 
« q0_5: ──────────────────────────────────────────
«                                                 
« q0_6: ──────────────────────────────────────────
«                                                 
« q0_7: ──────────────────────────────────────────
«                                                 
« q0_8: ──────────────────────────────────────────
«                                                 
« q0_9: ──────────────────────────────────────────
«                                                 
«q0_10: ──────────────────────────────────────────
«                                                 
«q0_11: ──────────────────────────────────────────
«                                                 
«q0_12: ──────────────────────────────────────────
«                                                 
«q0_13: ──────────────────────────────────────────
«                                                 
«q0_14: ──────────────────────────────────────────
«                                                 
«q0_15: ──────────────────────────────────────────
«                                                 
«q0_16: ──────────────────────────────────────────
«                                                 
«q0_17: ──────────────────────────────────────────
«       ┌────────────┐                            
«q0_18: ┤ Rz(y[128]) ├────────────────────────────
«       ├────────────┤┌────────────┐              
«q0_19: ┤ Ry(y[107]) ├┤ Rz(y[129]) ├──────────────
«       └────────────┘├────────────┤┌────────────┐
«q0_20: ──────■───────┤ Ry(y[108]) ├┤ Rz(y[130]) ├
«           ┌─┴─┐     ├────────────┤├────────────┤
«q0_21: ────┤ X ├─────┤ Ry(y[109]) ├┤ Rz(y[131]) ├
«           └───┘     └────────────┘└────────────┘
«c0: 22/══════════════════════════════════════════
«                                                 
ansatz-state is written to ansatz.txt
building constraints...
number of constraints= 484
unique pauliops 946
graphclique-cliquecover: 946 with commutationmode commute
strategy largest_first 63
strategy random_sequential 47
strategy smallest_last 62
strategy independent_set 44
strategy connected_sequential_bfs 63
strategy connected_sequential_dfs 60
strategy saturation_largest_first 45
number of cliques 44
clique 0 ['IIIIIIIIIIIIIIIIIIIIIZ', 'IIIIIIIIIIIIIIIIIIIIZI', 'IIIIIIIIIIIIIIIIIIIZII', 'IIIIIIIIIIIIIIIIIIZIII', 'IIIIIIIIIIIIIIIIIZIIII', 'IIIIIIIIIIIIIIIIZIIIII', 'IIIIIIIIIIIIIIIZIIIIII', 'IIIIIIIIIIIIIIZIIIIIII', 'IIIIIIIIIIIIIZIIIIIIII', 'IIIIIIIIIIIIZIIIIIIIII', 'IIIIIIIIIIIZIIIIIIIIII', 'IIIIIIIIIIZIIIIIIIIIII', 'IIIIIIIIIZIIIIIIIIIIII', 'IIIIIIIIZIIIIIIIIIIIII', 'IIIIIIIZIIIIIIIIIIIIII', 'IIIIIIZIIIIIIIIIIIIIII', 'IIIIIZIIIIIIIIIIIIIIII', 'IIIIZIIIIIIIIIIIIIIIII', 'IIIZIIIIIIIIIIIIIIIIII', 'IIZIIIIIIIIIIIIIIIIIII', 'IZIIIIIIIIIIIIIIIIIIII', 'ZIIIIIIIIIIIIIIIIIIIII']
clique 1 ['IIIIIIIIIIIIIIIIIIIIXX', 'IIIIIIIIIIIIIIIIIIIIYY', 'IIIIIIIIIIIIIIIIIIXXII', 'IIIIIIIIIIIIIIIIIIYYII', 'IIIIIIIIIIIIIIIIXXIIII', 'IIIIIIIIIIIIIIIIYYIIII', 'IIIIIIIIIIIIIIXXIIIIII', 'IIIIIIIIIIIIIIYYIIIIII', 'IIIIIIIIIIIIXXIIIIIIII', 'IIIIIIIIIIIIYYIIIIIIII', 'IIIIIIIIIIXXIIIIIIIIII', 'IIIIIIIIIIYYIIIIIIIIII', 'IIIIIIIIXXIIIIIIIIIIII', 'IIIIIIIIYYIIIIIIIIIIII', 'IIIIIIXXIIIIIIIIIIIIII', 'IIIIIIYYIIIIIIIIIIIIII', 'IIIIXXIIIIIIIIIIIIIIII', 'IIIIYYIIIIIIIIIIIIIIII', 'IIXXIIIIIIIIIIIIIIIIII', 'IIYYIIIIIIIIIIIIIIIIII', 'XXIIIIIIIIIIIIIIIIIIII', 'YYIIIIIIIIIIIIIIIIIIII']
clique 2 ['IIIIIIIIIIIIIIIIIIIIYX', 'IIIIIIIIIIIIIIIIIIIIXY', 'IIIIIIIIIIIIIIIIIIYXII', 'IIIIIIIIIIIIIIIIIIXYII', 'IIIIIIIIIIIIIIIIYXIIII', 'IIIIIIIIIIIIIIIIXYIIII', 'IIIIIIIIIIIIIIYXIIIIII', 'IIIIIIIIIIIIIIXYIIIIII', 'IIIIIIIIIIIIYXIIIIIIII', 'IIIIIIIIIIIIXYIIIIIIII', 'IIIIIIIIIIYXIIIIIIIIII', 'IIIIIIIIIIXYIIIIIIIIII', 'IIIIIIIIYXIIIIIIIIIIII', 'IIIIIIIIXYIIIIIIIIIIII', 'IIIIIIYXIIIIIIIIIIIIII', 'IIIIIIXYIIIIIIIIIIIIII', 'IIIIYXIIIIIIIIIIIIIIII', 'IIIIXYIIIIIIIIIIIIIIII', 'IIYXIIIIIIIIIIIIIIIIII', 'IIXYIIIIIIIIIIIIIIIIII', 'YXIIIIIIIIIIIIIIIIIIII', 'XYIIIIIIIIIIIIIIIIIIII']
clique 3 ['IIIIIIIIIIIIIIIIIIIXZX', 'IYZZZZZZZZZZZZZZZZZZZY', 'IIIIIIIIIIIIIIIIIIXZXI', 'YZZZZZZZZZZZZZZZZZZZYI', 'IIIIIIIIIIIIIIIIIXZXII', 'IIIIIIIIIIIIIIIIXZXIII', 'IIIIIIIIIIIIIIIXZXIIII', 'IIIIIIIIIIIIIIXZXIIIII', 'IIIIIIIIIIIIIXZXIIIIII', 'IIIIIIIIIIIIXZXIIIIIII', 'IIIIIIIIIIIXZXIIIIIIII', 'IIIIIIIIIIXZXIIIIIIIII', 'IIIIIIIIIXZXIIIIIIIIII', 'IIIIIIIIXZXIIIIIIIIIII', 'IIIIIIIXZXIIIIIIIIIIII', 'IIIIIIXZXIIIIIIIIIIIII', 'IIIIIXZXIIIIIIIIIIIIII', 'IIIIXZXIIIIIIIIIIIIIII', 'IIIXZXIIIIIIIIIIIIIIII', 'IIXZXIIIIIIIIIIIIIIIII', 'IXZXIIIIIIIIIIIIIIIIII', 'XZXIIIIIIIIIIIIIIIIIII']
clique 4 ['IIIIIIIIIIIIIIIIIIIYZY', 'XZZZZZZZZZZZZZZZZZZZZX', 'IIIXZZZZZZZZZZZZZZZZXI', 'IYZZZZZZZZZZZZZZZZZZYI', 'IIIIIIIIIIIIIIIIXZZYII', 'IIIIIIIIIIIIIIIIYZYIII', 'YZZZZZZZZZZZZZZZZZXIII', 'IIIIIIIIIIIIIIIYZXIIII', 'IIIIIIIIIIIIIIIXZYIIII', 'IIIIIIIIIIIIYZXIIIIIII', 'IIIIIIIIIIIIXZYIIIIIII', 'IIIIIIIIIIIYZXIIIIIIII', 'IIIIIIIIIIIXZYIIIIIIII', 'IIIIIIIIYZXIIIIIIIIIII', 'IIIIIIIIXZYIIIIIIIIIII', 'IIIIIIIYZXIIIIIIIIIIII', 'IIIIIIIXZYIIIIIIIIIIII', 'IIIIYZXIIIIIIIIIIIIIII', 'IIIIXZYIIIIIIIIIIIIIII', 'IIIYZXIIIIIIIIIIIIIIII', 'IIYZZYIIIIIIIIIIIIIIII', 'IXYIIIIIIIIIIIIIIIIIII']
clique 5 ['IIIIIIIIIIIIIIIIIIIYZX', 'IXZZZZZZZZZZZZZZZZZZZY', 'IYZZZZZZZZZZZZZZZZZZXI', 'XZZZZZZZZZZZZZZZZZZZYI', 'IIIIIIIIIIIIIIIIYZZYII', 'IIIIIIIIIIIIIIIIXZYIII', 'IIIIIIIIIIIIIIYZZZXIII', 'IIIIIIIIIIIIIIXZZXIIII', 'IIXZZZZZZZZZZZZZZYIIII', 'IIIIIIIIIIIIXZZXIIIIII', 'IIIIIIIIIIIIYZZYIIIIII', 'IIIIIIIIIIIYZYIIIIIIII', 'IIIIIIIIIIYZZXIIIIIIII', 'IIIIIIIIXZZYIIIIIIIIII', 'IIIIIIYZZZYIIIIIIIIIII', 'IIIIIIXZZXIIIIIIIIIIII', 'IIIIIYZZZYIIIIIIIIIIII', 'IIIIIIIXXIIIIIIIIIIIII', 'IIIIXZZXIIIIIIIIIIIIII', 'IIIYZYIIIIIIIIIIIIIIII', 'IIIXXIIIIIIIIIIIIIIIII', 'YZXIIIIIIIIIIIIIIIIIII']
clique 6 ['IIIIIIIIIIIIIIIIIIIXZY', 'IIIIIIYZZZZZZZZZZZZZZX', 'IIIIIIIIIIIIIIIIIIXZYI', 'XZZZZZZZZZZZZZZZZZZZXI', 'IIIIIIIIIIIIIIIIXZZXII', 'IIIIIIIIIIIIIIXZZZXIII', 'IIIIIIIIIIIIIIIYZYIIII', 'IIIIIIIIIIIIIIYZZXIIII', 'IIIIIXZZZZZZZZZZXIIIII', 'IIIIIIIIIIIIXZZYIIIIII', 'IIIIIIIIIIXZZXIIIIIIII', 'IIIIIIIIYZZZZYIIIIIIII', 'IXZZZZZZZZZZXIIIIIIIII', 'IIIIIIIIXZZXIIIIIIIIII', 'IIIIIYZZZZZYIIIIIIIIII', 'IIIIIIIIIYXIIIIIIIIIII', 'IIIIIIIYZYIIIIIIIIIIII', 'IIIIXZZYIIIIIIIIIIIIII', 'IIYZZZYIIIIIIIIIIIIIII', 'IIIYXIIIIIIIIIIIIIIIII', 'IYZYIIIIIIIIIIIIIIIIII', 'YZYIIIIIIIIIIIIIIIIIII']
clique 7 ['IIIIIIIIIIIIIIIIIIXZZX', 'YZZZZZZZZZZZZZZZZZZZZY', 'IIIIIYZZZZZZZZZZZZZZYI', 'IIIYZZZZZZZZZZZZZZZZXI', 'IIIIIIIIIIIXZZZZZZZXII', 'IIIIIIIYZZZZZZZZZZZYII', 'IIXZZZZZZZZZZZZZZZXIII', 'IIIIIIIIIIIIIIYZZYIIII', 'IIIIIIIIIIIIXZZZZXIIII', 'IIIIIIIIIIIIIIIYXIIIII', 'IIIIIIIXZZZZZZZZYIIIII', 'IIIIIIIIIIIIIYZYIIIIII', 'IIIIIIIIIIXZZZYIIIIIII', 'IIIIIIIIIIYZZYIIIIIIII', 'IIIIIIIIIIIYXIIIIIIIII', 'IIIIIIYZZXIIIIIIIIIIII', 'IIIIIIXZZYIIIIIIIIIIII', 'IIIIXZZZXIIIIIIIIIIIII', 'XZZZZZZZYIIIIIIIIIIIII', 'IIIXZYIIIIIIIIIIIIIIII', 'IXZZXIIIIIIIIIIIIIIIII', 'IYXIIIIIIIIIIIIIIIIIII']
clique 8 ['IIIIIIIIIIIIIIIIIIYZZY', 'IIIIIIIIIIIIIIIIIXZZZX', 'IIIIIIIIIIIIIIIIIIIYYI', 'IIIIIIIIIIIIIIIIYZZZXI', 'IIIIIXZZZZZZZZZZZZZYII', 'IIIIIIIIIIIIIIIYZZYIII', 'IIIIIIIIIIIIIXZZZXIIII', 'IIIIIIIIIIIIIIXZYIIIII', 'IIIIIIIIIIIYZZZYIIIIII', 'IIIIIIIIIIIIIYXIIIIIII', 'IIIIIIIIIIYZXIIIIIIIII', 'IIIIIIIIYZZZYIIIIIIIII', 'IIIIIIYZZZZYIIIIIIIIII', 'IIIIIIIIIYYIIIIIIIIIII', 'IIIIXZZZZYIIIIIIIIIIII', 'IIIXZZZZYIIIIIIIIIIIII', 'IIIIYZZYIIIIIIIIIIIIII', 'IXZZZZZXIIIIIIIIIIIIII', 'YZZZZZYIIIIIIIIIIIIIII', 'IIYZZXIIIIIIIIIIIIIIII', 'IYZXIIIIIIIIIIIIIIIIII', 'XZYIIIIIIIIIIIIIIIIIII']
clique 9 ['IIIIIIIIIIIIIIIIIIYZZX', 'IIIIIIIIIIIIIIIIIIXZZY', 'IIIIIIIIIIIIIIIIXZZZYI', 'IXZZZZZZZZZZZZZZZZZZXI', 'IIIIIIIIIIIIIIIIYZZXII', 'IIIIYZZZZZZZZZZZZZZYII', 'IIIIIIIIIIIIIIXZZYIIII', 'IIIIIIIIIIIIIYZZZXIIII', 'IIIIIIIIIIIXZZZXIIIIII', 'IIIIIIIYZZZZZZZYIIIIII', 'IIIIIIIIIIIIIXXIIIIIII', 'IIIIIIIIYZZZXIIIIIIIII', 'IIIIIYZZZZZZYIIIIIIIII', 'IIIIIIXZZZZXIIIIIIIIII', 'IIIIIIIXZZXIIIIIIIIIII', 'IIIIXZZZZZYIIIIIIIIIII', 'IIIIIXZZZXIIIIIIIIIIII', 'IIYZZZZZZYIIIIIIIIIIII', 'IYZZZZZZYIIIIIIIIIIIII', 'IIXZZZXIIIIIIIIIIIIIII', 'XZZXIIIIIIIIIIIIIIIIII', 'YZZYIIIIIIIIIIIIIIIIII']
clique 10 ['IIIIIIIIIIIIIIIIIYZZZY', 'IIXZZZZZZZZZZZZZZZZZZX', 'IIIIIIIIIIIIIIIIIIIXYI', 'IIIIIIIIIIIIIIIYZZZZXI', 'IIIIIIIIIIYZZZZZZZZXII', 'XZZZZZZZZZZZZZZZZZXIII', 'YZZZZZZZZZZZZZZZZZYIII', 'IIIIIIIIIIIIXZZZZYIIII', 'IIIIIIXZZZZZZZZZYIIIII', 'IIIXZZZZZZZZZZZZXIIIII', 'IYZZZZZZZZZZZZZYIIIIII', 'IIIIIIIIIIIIIYYIIIIIII', 'IIIIIIIIYZZZZZXIIIIIII', 'IIIIIIIIIYZZZYIIIIIIII', 'IIIIIIIIIIIXXIIIIIIIII', 'IIIIIIYZZZZXIIIIIIIIII', 'IIIIYZZZZZYIIIIIIIIIII', 'IIIIIXZZZYIIIIIIIIIIII', 'IIIIXZZZYIIIIIIIIIIIII', 'IIIIIYZXIIIIIIIIIIIIII', 'IIIYZZZYIIIIIIIIIIIIII', 'IXXIIIIIIIIIIIIIIIIIII']
clique 11 ['IIIIIIIIIIIIIIIIIYZZZX', 'IIIIIIIIIIIIIIYZZZZZZY', 'IIIIIIIIIIIIIIIIIIYZXI', 'IIIIIIIIIIIIIIIIYZZZYI', 'IIIIIIIIIIIIIIIYZZZXII', 'XZZZZZZZZZZZZZZZZZZYII', 'IIXZZZZZZZZZZZZZZZYIII', 'IIIIIIIIIIIXZZZZZYIIII', 'IIIIIIIIIIIIIYZZYIIIII', 'IIIIIIIIIIXZZZZYIIIIII', 'IIIIIIIIIIIIIXYIIIIIII', 'IIIIIIIIIIYZYIIIIIIIII', 'IIIIIIIIIXZZXIIIIIIIII', 'IIIIIIIIYZZXIIIIIIIIII', 'YZZZZZZZZXIIIIIIIIIIII', 'IIIIIIXZYIIIIIIIIIIIII', 'IIIIIYZYIIIIIIIIIIIIII', 'IIIYZZZXIIIIIIIIIIIIII', 'IIIXZZXIIIIIIIIIIIIIII', 'IXZZZYIIIIIIIIIIIIIIII', 'IIYZYIIIIIIIIIIIIIIIII', 'IYZZXIIIIIIIIIIIIIIIII']
clique 12 ['IIIIIIIIIIIIIIIIIXZZZY', 'IIIIIIIIIIIXZZZZZZZZZX', 'IIIIIIIIIIIIIIIIIIYZYI', 'IIYZZZZZZZZZZZZZZZZZXI', 'IIIIIIIIIIIIIIXZZZZXII', 'IXZZZZZZZZZZZZZZZZZYII', 'IIIIIYZZZZZZZZZZZZYIII', 'XZZZZZZZZZZZZZZZZXIIII', 'IIIIIIIIIIIIXZZZYIIIII', 'IIIIXZZZZZZZZZZZXIIIII', 'IIIIIIIIIIIIIYZXIIIIII', 'IIIIIIIIYZZZZZZYIIIIII', 'IIIIIIIIIIIYZZXIIIIIII', 'IIIIIIIIIIXZZYIIIIIIII', 'IIXZZZZZZZZZXIIIIIIIII', 'IIIIIIYZZZXIIIIIIIIIII', 'IIIYZZZZZYIIIIIIIIIIII', 'IYZZZZZZZXIIIIIIIIIIII', 'IIIIIIIYYIIIIIIIIIIIII', 'IIIIIXZYIIIIIIIIIIIIII', 'IIIXZZYIIIIIIIIIIIIIII', 'YZZZXIIIIIIIIIIIIIIIII']
clique 13 ['IIIIIIIIIIIIIIIIXZZZZX', 'IIIIIIIIIIIIIIIIYZZZZY', 'IIIIIXZZZZZZZZZZZZZZXI', 'IIIIXZZZZZZZZZZZZZZZYI', 'IIIIIIIIIIIIIIIIIYZXII', 'IIXZZZZZZZZZZZZZZZZYII', 'IIIIIIIIIIIIYZZZZZXIII', 'IIIYZZZZZZZZZZZZZZYIII', 'IYZZZZZZZZZZZZZZZYIIII', 'IIIIIIIIIIIIIXZYIIIIII', 'IIIXZZZZZZZZZZZXIIIIII', 'IIIIIIIIIIIYZZYIIIIIII', 'IIIIIIIXZZZZZZXIIIIIII', 'IIIIIIIIXZZZZXIIIIIIII', 'IXZZZZZZZZZZYIIIIIIIII', 'IIIIIIIIIYZYIIIIIIIIII', 'IIIIIIXZZZYIIIIIIIIIII', 'IIYZZZZZZZXIIIIIIIIIII', 'IIIIYZZZZYIIIIIIIIIIII', 'IIIIIIYZXIIIIIIIIIIIII', 'XZZZZZZXIIIIIIIIIIIIII', 'YZZZZXIIIIIIIIIIIIIIII']
clique 14 ['IIIIIIIIIIIIIIIIYZZZZX', 'IIIIIIYZZZZZZZZZZZZZZY', 'IIIYZZZZZZZZZZZZZZZZYI', 'YZZZZZZZZZZZZZZZZZZZXI', 'IIIIIIIIIIIIIIIIIYZYII', 'IIIIIIIIIIIIIYZZZZZXII', 'IIIIIIIIIIIIIIIIIXYIII', 'IIIIIIXZZZZZZZZZZZXIII', 'IIIIIXZZZZZZZZZZYIIIII', 'IIIIIIIIIIYZZZZYIIIIII', 'IIIIIYZZZZZZZZZXIIIIII', 'IIIIYZZZZZZZZZYIIIIIII', 'IYZZZZZZZZZZZZXIIIIIII', 'IIIIIIIIXZZZZYIIIIIIII', 'IIIIIIIXZZZZXIIIIIIIII', 'IIYZZZZZZZZZYIIIIIIIII', 'IIIIIIIIIYZXIIIIIIIIII', 'IIIIIIIYZZZYIIIIIIIIII', 'IIXZZZZZZZYIIIIIIIIIII', 'IXZZZZZZZYIIIIIIIIIIII', 'XZZZZZZZXIIIIIIIIIIIII', 'IIIXYIIIIIIIIIIIIIIIII']
clique 15 ['IIIIIIIIIIIIIIIIXZZZZY', 'IIIIIIIIIIIYZZZZZZZZZX', 'IIIIIYZZZZZZZZZZZZZZXI', 'IIXZZZZZZZZZZZZZZZZZYI', 'IIIIIIYZZZZZZZZZZZZYII', 'IIYZZZZZZZZZZZZZZZZXII', 'IIIIIIIIIIIIIIIIIYYIII', 'IIIIIIIIIIIXZZZZZZXIII', 'IIIIIIIIIIIIIXZZZYIIII', 'IIIIIIIIIIIIIYZZXIIIII', 'IIIIIIIIIIIIYZZXIIIIII', 'IIIYZZZZZZZZZZZYIIIIII', 'IIIIIIIIIXZZZZYIIIIIII', 'IIIIIIIIXZZZZZXIIIIIII', 'IIIIIIIYZZZZYIIIIIIIII', 'IIIIIIIIYZYIIIIIIIIIII', 'YZZZZZZZZZXIIIIIIIIIII', 'IIIIXZZZZXIIIIIIIIIIII', 'IIIXZZZYIIIIIIIIIIIIII', 'IXZZZZYIIIIIIIIIIIIIII', 'IYZZZYIIIIIIIIIIIIIIII', 'XZZZXIIIIIIIIIIIIIIIII']
clique 16 ['IIIIIIIIIIIIIIIXZZZZZX', 'IIIIIIIIIIIXZZZZZZZZZY', 'IIIIIIIIIIIIIIIIIYZZYI', 'IIIIIIIIIIIIIYZZZZZZXI', 'IIIIIIIIIIIIIIIYZZZYII', 'IXZZZZZZZZZZZZZZZZZXII', 'IIIIIIIIIIIIIXZZZZYIII', 'IIIIIIIIIIIIXZZZZZXIII', 'IIIIIIIXZZZZZZZZZYIIII', 'IIIIIIIIIIXZZZZZYIIIII', 'IIIIIIYZZZZZZZZZXIIIII', 'IIIIIIIIIIIIYZYIIIIIII', 'IIIXZZZZZZZZZZXIIIIIII', 'YZZZZZZZZZZXIIIIIIIIII', 'IYZZZZZZZZXIIIIIIIIIII', 'IIIIIYZZZXIIIIIIIIIIII', 'XZZZZZZZZYIIIIIIIIIIII', 'IIIIIIIYXIIIIIIIIIIIII', 'IIXZZZZZYIIIIIIIIIIIII', 'IIIIIXYIIIIIIIIIIIIIII', 'IIIYYIIIIIIIIIIIIIIIII', 'IIYZXIIIIIIIIIIIIIIIII']
clique 17 ['IIIIIIIIIIIIIIIYZZZZZY', 'IIIIIIIIYZZZZZZZZZZZZX', 'IIIIIIIIIIIIIIIIXZZZXI', 'IIYZZZZZZZZZZZZZZZZZYI', 'IIIIIIIIIIIIYZZZZZZYII', 'YZZZZZZZZZZZZZZZZZZXII', 'IIIIIIIIIIIIIIIIIXXIII', 'IXZZZZZZZZZZZZZZZZYIII', 'IIIXZZZZZZZZZZZZZXIIII', 'IIIIIYZZZZZZZZZZXIIIII', 'IIIIIIIIIIIXZZZYIIIIII', 'IIIIIIIIIIYZZZYIIIIIII', 'IIIIIIIIIXZZZZXIIIIIII', 'IIIIIXZZZZZZZXIIIIIIII', 'XZZZZZZZZZZZZYIIIIIIII', 'IIIIIIYZZZZZYIIIIIIIII', 'IIIIIIIXZZZXIIIIIIIIII', 'IIIIIIIYZZYIIIIIIIIIII', 'IIIYZZZZZXIIIIIIIIIIII', 'IIIIYZZZYIIIIIIIIIIIII', 'IYZZZZYIIIIIIIIIIIIIII', 'IIXZYIIIIIIIIIIIIIIIII']
clique 18 ['IIIIIIIIIIIIIIIYZZZZZX', 'IIIIIIIIIYZZZZZZZZZZZY', 'IIIIIIIIIIIIIIIIIIIYXI', 'IIIIIIIIIIXZZZZZZZZZYI', 'IIIIIIIIIIIIIIYZZZZYII', 'IIIIIIIIIIIIIXZZZZXIII', 'IIIIIXZZZZZZZZZZZZYIII', 'IIIIIIIYZZZZZZZZZYIIII', 'IIXZZZZZZZZZZZZZZXIIII', 'IIIIIIIIIIIYZZZZXIIIII', 'IIYZZZZZZZZZZZZZYIIIII', 'IIIIIIYZZZZZZZZYIIIIII', 'YZZZZZZZZZZZZZYIIIIIII', 'IIIIYZZZZZZZZXIIIIIIII', 'IIIIIIIIIIIXYIIIIIIIII', 'IYZZZZZZZZZZXIIIIIIIII', 'IIIIIIIIIXXIIIIIIIIIII', 'IIIIIIIXYIIIIIIIIIIIII', 'IIIYZZZZXIIIIIIIIIIIII', 'IIIIIYYIIIIIIIIIIIIIII', 'XZZZYIIIIIIIIIIIIIIIII', 'IXZYIIIIIIIIIIIIIIIIII']
clique 19 ['IIIIIIIIIIIIIIIXZZZZZY', 'IIIIIIIIIIIIIIXZZZZZZX', 'IIIIIIIIIIIIIYZZZZZZYI', 'IIIIIIIIIIIIXZZZZZZZXI', 'IIIIIIIIIIIIIIIIIXZYII', 'IIXZZZZZZZZZZZZZZZZXII', 'IIIIIIIIIIIIYZZZZZYIII', 'IXZZZZZZZZZZZZZZZZXIII', 'IIIIIIYZZZZZZZZZZXIIII', 'IIIIIIIXZZZZZZZZXIIIII', 'XZZZZZZZZZZZZZZZYIIIII', 'IIIIIIIIXZZZZZZXIIIIII', 'IIIIIYZZZZZZZZXIIIIIII', 'IIIIIIXZZZZZZYIIIIIIII', 'IIIIIIIYZZZXIIIIIIIIII', 'IIIIIXZZZZZYIIIIIIIIII', 'IIIIXZZZZZXIIIIIIIIIII', 'IIYZZZZZZZYIIIIIIIIIII', 'IIIIYZZZZXIIIIIIIIIIII', 'IIIXZZZZZYIIIIIIIIIIII', 'IYZZZZZZXIIIIIIIIIIIII', 'YZZXIIIIIIIIIIIIIIIIII']
clique 20 ['IIIIIIIIIIIIIIYZZZZZZX', 'IIIIIIIIIIIIIXZZZZZZZY', 'IIIIIIXZZZZZZZZZZZZZXI', 'IIIIYZZZZZZZZZZZZZZZYI', 'IIIIIIIIIIIYZZZZZZZXII', 'IIIIIIIXZZZZZZZZZZZYII', 'IIIIIIIIIIIIIIIXZZXIII', 'IIIIIIIIIIIIIIXZZZYIII', 'IIIIIIIIIIIIYZZZZYIIII', 'IIIIIIIIIYZZZZZZZXIIII', 'IIIIIIIIYZZZZZZZYIIIII', 'IIIYZZZZZZZZZZZZXIIIII', 'IIIIIIYZZZZZZZZXIIIIII', 'IIIIXZZZZZZZZXIIIIIIII', 'IIIIIIIIIIXZYIIIIIIIII', 'IIYZZZZZZZZYIIIIIIIIII', 'IIIIIIIYZZXIIIIIIIIIII', 'IIXZZZZZZYIIIIIIIIIIII', 'IXZZZZZZYIIIIIIIIIIIII', 'IYZZZXIIIIIIIIIIIIIIII', 'YZZZZYIIIIIIIIIIIIIIII', 'XZZYIIIIIIIIIIIIIIIIII']
clique 21 ['IIIIIIIIIIIIIIXZZZZZZY', 'IIIIIIIXZZZZZZZZZZZZZX', 'IIIIIIIIIIIIIIIIIYZZXI', 'IIIIIIIIIIIIIIIYZZZZYI', 'IIIIIIYZZZZZZZZZZZZXII', 'IIIXZZZZZZZZZZZZZZZYII', 'IIIIIIIIIIIIXZZZZZYIII', 'IIIIIIIIIIXZZZZZZZXIII', 'IIIIIIIIIIIYZZZZZYIIII', 'IIIIIIIIIIIIIXZZXIIIII', 'IIIIYZZZZZZZZZZZYIIIII', 'IIYZZZZZZZZZZZZYIIIIII', 'IIIIIIIIIIIXZZXIIIIIII', 'XZZZZZZZZZZZZXIIIIIIII', 'IIIIIIIYZZZZXIIIIIIIII', 'IIIIIIXZZZXIIIIIIIIIII', 'IXZZZZZZZXIIIIIIIIIIII', 'IYZZZZZZZYIIIIIIIIIIII', 'IIIIIXZZXIIIIIIIIIIIII', 'IIIYZZZZYIIIIIIIIIIIII', 'IIXZZXIIIIIIIIIIIIIIII', 'YZZZYIIIIIIIIIIIIIIIII']
clique 22 ['IIIIIIIIIIIIIXZZZZZZZX', 'IIIIIIIYZZZZZZZZZZZZZY', 'IIIIIIIIIIIXZZZZZZZZXI', 'IXZZZZZZZZZZZZZZZZZZYI', 'IIIIIIIIIIIIIYZZZZZYII', 'IIIIIIIXZZZZZZZZZZZXII', 'IIIIIIIIIIIIIIIXZZYIII', 'IIIXZZZZZZZZZZZZZZXIII', 'IIIIIYZZZZZZZZZZZXIIII', 'IIIIIXZZZZZZZZZZZYIIII', 'IIIIIIIIIIIIIIIYYIIIII', 'IIIIIIIIIIIIIIYZXIIIII', 'IIIIIIIIYZZZZZYIIIIIII', 'IIIYZZZZZZZZYIIIIIIIII', 'IIYZZZZZZZZZXIIIIIIIII', 'IIIIXZZZZZZXIIIIIIIIII', 'IIIIYZZZZZXIIIIIIIIIII', 'IYZZZZZZZZYIIIIIIIIIII', 'IIXZZZZZZXIIIIIIIIIIII', 'YZZZZZZZZYIIIIIIIIIIII', 'IIIIIIYZYIIIIIIIIIIIII', 'XZZZZZYIIIIIIIIIIIIIII']
clique 23 ['IIIIIIIIIIIIIYZZZZZZZY', 'IIIIIIIIIXZZZZZZZZZZZX', 'IIIIIIIIIIIIYZZZZZZZXI', 'IIIIIIIIIYZZZZZZZZZZYI', 'IIIIIIIIIIIIIIXZZZZYII', 'XZZZZZZZZZZZZZZZZZZXII', 'IIIIIIYZZZZZZZZZZZYIII', 'IIYZZZZZZZZZZZZZZZXIII', 'IIIIIIIIXZZZZZZZZYIIII', 'IIIIIIIYZZZZZZZZZXIIII', 'IIIIIIIIIIIIIIIXXIIIII', 'IIIIIIIIIIIXZZZZYIIIII', 'YZZZZZZZZZZZZZZXIIIIII', 'IIIIIIXZZZZZZZXIIIIIII', 'IYZZZZZZZZZZZYIIIIIIII', 'IIIIYZZZZZZZYIIIIIIIII', 'IIIYZZZZZZZXIIIIIIIIII', 'IIIIIXZZZZYIIIIIIIIIII', 'IIIXZZZZZZXIIIIIIIIIII', 'IIIIIYZZXIIIIIIIIIIIII', 'IIXZZZZYIIIIIIIIIIIIII', 'IXZZYIIIIIIIIIIIIIIIII']
clique 24 ['IIIIIIIIIIIIIYZZZZZZZX', 'IIXZZZZZZZZZZZZZZZZZZY', 'IIIIIIIIIIIIIIYZZZZZXI', 'IIIIIIIIIIYZZZZZZZZZYI', 'IIIIIIIIIIXZZZZZZZZXII', 'IIIIIYZZZZZZZZZZZZZYII', 'IIIIIIIYZZZZZZZZZZYIII', 'IIIYZZZZZZZZZZZZZZXIII', 'IIIIIIXZZZZZZZZZZXIIII', 'IIYZZZZZZZZZZZZZZYIIII', 'IIIIIIIIIIIIIIIXYIIIII', 'YZZZZZZZZZZZZZZZXIIIII', 'IYZZZZZZZZZZZZZXIIIIII', 'IIIIIIIXZZZZZZYIIIIIII', 'IIIIIIIIIXZZZYIIIIIIII', 'IIIIIIIIIIIYYIIIIIIIII', 'IIIIIIIIXZZZXIIIIIIIII', 'IIIIXZZZZZZYIIIIIIIIII', 'IIIXZZZZZXIIIIIIIIIIII', 'IIIIYZZZXIIIIIIIIIIIII', 'IXZZZZXIIIIIIIIIIIIIII', 'XZZZZYIIIIIIIIIIIIIIII']
clique 25 ['IIIIIIIIIIIIXZZZZZZZZX', 'IIIIIIIIIIIIYZZZZZZZZY', 'IIIIIIIYZZZZZZZZZZZZXI', 'IIIIIIXZZZZZZZZZZZZZYI', 'IIIIIIIIIYZZZZZZZZZYII', 'IIIXZZZZZZZZZZZZZZZXII', 'IIIIIIIIIIIIIIIIYZXIII', 'XZZZZZZZZZZZZZZZZZYIII', 'IIIIIIIIIIXZZZZZZXIIII', 'IIIYZZZZZZZZZZZZZYIIII', 'IIXZZZZZZZZZZZZZYIIIII', 'IIIIIYZZZZZZZZZYIIIIII', 'IIYZZZZZZZZZZZZXIIIIII', 'IIIIIIIIIIYZZZXIIIIIII', 'IIIIXZZZZZZZZZYIIIIIII', 'IIIIIIIIYZZZZXIIIIIIII', 'IIIIYZZZZZZZZYIIIIIIII', 'IYZZZZZZZZZXIIIIIIIIII', 'IXZZZZZZZZZYIIIIIIIIII', 'IIIIIIYZZYIIIIIIIIIIII', 'IIIIIXZZYIIIIIIIIIIIII', 'YZZZZZZYIIIIIIIIIIIIII']
clique 26 ['IIIIIIIIIIIIYZZZZZZZZX', 'IIIIIYZZZZZZZZZZZZZZZY', 'IIIIIIIIIIIXZZZZZZZZYI', 'IIXZZZZZZZZZZZZZZZZZXI', 'IIIIIIIIIIIIXZZZZZZYII', 'IIIYZZZZZZZZZZZZZZZXII', 'IIIIIIIIIIIIIIIIIYXIII', 'IIIIIIIIIIXZZZZZZZYIII', 'XZZZZZZZZZZZZZZZZYIIII', 'IIIIIIIIYZZZZZZZXIIIII', 'IIIIXZZZZZZZZZZZYIIIII', 'IIIIIIIIIIIYZZZXIIIIII', 'IIIIIIIIIXZZZZZYIIIIII', 'IIIIIIIIIYZZZZYIIIIIII', 'IXZZZZZZZZZZZZXIIIIIII', 'IIIIIIIYZZZZZYIIIIIIII', 'IIIXZZZZZZZZZXIIIIIIII', 'IIIIIXZZZZXIIIIIIIIIII', 'YZZZZZZZYIIIIIIIIIIIII', 'IYZZZZZYIIIIIIIIIIIIII', 'IIIIYZYIIIIIIIIIIIIIII', 'IIYZZZXIIIIIIIIIIIIIII']
clique 27 ['IIIIIIIIIIIIXZZZZZZZZY', 'IIIIIIIIIYZZZZZZZZZZZX', 'IIIIIIIIIIIIIIIXZZZZXI', 'IIIXZZZZZZZZZZZZZZZZYI', 'IIIIXZZZZZZZZZZZZZZXII', 'IIIYZZZZZZZZZZZZZZZYII', 'IIIIIIIIIIIIIYZZZZXIII', 'IIIIIIIIIIIYZZZZZZYIII', 'IIIIYZZZZZZZZZZZZYIIII', 'IXZZZZZZZZZZZZZZZXIIII', 'IIIIIIIIIIIIYZZZYIIIII', 'IIIIIIIIIIXZZZZZXIIIII', 'IIIIIIIIIXZZZZZXIIIIII', 'IIIIIIIIXZZZZZYIIIIIII', 'IIIIIXZZZZZZZZXIIIIIII', 'IIIIIYZZZZZZZYIIIIIIII', 'IIIIIIXZZZZYIIIIIIIIII', 'IIXZZZZZZZXIIIIIIIIIII', 'IIYZZZZZXIIIIIIIIIIIII', 'IYZZZZZXIIIIIIIIIIIIII', 'XZZZZZZYIIIIIIIIIIIIII', 'YZZZZZXIIIIIIIIIIIIIII']
clique 28 ['IIIIIIIIIIIYZZZZZZZZZY', 'IIIIIIIYZZZZZZZZZZZZZX', 'IIIIIIIIYZZZZZZZZZZZXI', 'IIIIIXZZZZZZZZZZZZZZYI', 'IIIIIIIIIIIIIIIXZZZYII', 'IIIIYZZZZZZZZZZZZZZXII', 'IIIIIIIIIXZZZZZZZZXIII', 'IIYZZZZZZZZZZZZZZZYIII', 'IIIIIIIIIIYZZZZZZYIIII', 'IIIIIIIIXZZZZZZZZXIIII', 'IIIIIIIIIIIIYZZZXIIIII', 'IIIYZZZZZZZZZZZZYIIIII', 'IIIIIIIIIYZZZZZXIIIIII', 'IIIIIIXZZZZZZZYIIIIIII', 'XZZZZZZZZZZZZZXIIIIIII', 'IIIIIIYZZZZZZXIIIIIIII', 'IIIIXZZZZZZZZYIIIIIIII', 'IIIIIIIXZZZZYIIIIIIIII', 'IIIXZZZZZZZYIIIIIIIIII', 'YZZZZZZZZZYIIIIIIIIIII', 'IXZZZXIIIIIIIIIIIIIIII', 'IYYIIIIIIIIIIIIIIIIIII']
clique 29 ['IIIIIIIIIIXZZZZZZZZZZX', 'IIIYZZZZZZZZZZZZZZZZZY', 'IIIIIIIIIIIIIIXZZZZZYI', 'IIIIIIIIIXZZZZZZZZZZXI', 'IIIIIIIIIIIIYZZZZZZXII', 'IIIIXZZZZZZZZZZZZZZYII', 'IIIIIIIIXZZZZZZZZZXIII', 'IIIIIIIIYZZZZZZZZZYIII', 'IIIIIIIIIIIXZZZZZXIIII', 'IIIIIYZZZZZZZZZZZYIIII', 'IIIIYZZZZZZZZZZZXIIIII', 'IYZZZZZZZZZZZZZZYIIIII', 'IIIIIIIIIIYZZZZXIIIIII', 'IIIXZZZZZZZZZZZYIIIIII', 'IIIIIIIYZZZZZZXIIIIIII', 'IIIIIIXZZZZZZXIIIIIIII', 'IIIIIIYZZZZZZYIIIIIIII', 'YZZZZZZZZZZZYIIIIIIIII', 'IIYZZZZZZZZXIIIIIIIIII', 'XZZZZZZZZXIIIIIIIIIIII', 'IXZZZZZYIIIIIIIIIIIIII', 'IIXZZYIIIIIIIIIIIIIIII']
clique 30 ['IIIIIIIIXZZZZZZZZZZZZY', 'IIIIIXZZZZZZZZZZZZZZZX', 'IIIIIIIIYZZZZZZZZZZZYI', 'IIIIIIYZZZZZZZZZZZZZXI', 'IIIIIIIYZZZZZZZZZZZXII', 'IYZZZZZZZZZZZZZZZZZYII', 'IIIIIIIIIIYZZZZZZZXIII', 'IIIIIIIIIYZZZZZZZZYIII', 'IIIIIIIIIXZZZZZZZYIIII', 'YZZZZZZZZZZZZZZZZXIIII', 'IIIIIIIIIIIIXZZZXIIIII', 'IIIXZZZZZZZZZZZZYIIIII', 'IIIIIIXZZZZZZZZYIIIIII', 'IIIIYZZZZZZZZZZXIIIIII', 'IIIIIIIIIIIXZZYIIIIIII', 'IIYZZZZZZZZZZZXIIIIIII', 'IIIYZZZZZZZZZYIIIIIIII', 'IIXZZZZZZZZZZXIIIIIIII', 'IIIIXZZZZZZZXIIIIIIIII', 'IXZZZZZZZZZXIIIIIIIIII', 'IIIIIIIXZZYIIIIIIIIIII', 'XZZZZXIIIIIIIIIIIIIIII']
clique 31 ['IIIXZZZZZZZZZZZZZZZZZY', 'IXZZZZZZZZZZZZZZZZZZZX', 'IIIIIIIIIIIIIIIXZZZZYI', 'IIIIIIIIIIIIIXZZZZZZXI', 'IIIIIIIIXZZZZZZZZZZXII', 'YZZZZZZZZZZZZZZZZZZYII', 'IIIIIIIIIIIIIYZZZZYIII', 'IIIIXZZZZZZZZZZZZZXIII', 'IIIIIIXZZZZZZZZZZYIIII', 'IIIIYZZZZZZZZZZZZXIIII', 'IIIIIIIIIIYZZZZZYIIIII', 'IIIIIIIIIXZZZZZZXIIIII', 'IIIIIIIIYZZZZZZXIIIIII', 'IIIIIIIIIIXZZZXIIIIIII', 'IIIIIYZZZZZZZZYIIIIIII', 'IYZZZZZZZZZZYIIIIIIIII', 'XZZZZZZZZZZZXIIIIIIIII', 'IIIIIIIXZZZYIIIIIIIIII', 'IIIIIXZZZZZXIIIIIIIIII', 'IIYZZZZZZXIIIIIIIIIIII', 'IIXZZZZXIIIIIIIIIIIIII', 'IIIYZZXIIIIIIIIIIIIIII']
clique 32 ['IIIIIIXZZZZZZZZZZZZZZY', 'IIIIXZZZZZZZZZZZZZZZZX', 'IIIIIIIIIIIIYZZZZZZZYI', 'IIIIIIIIXZZZZZZZZZZZXI', 'IIIIIIIIIIIIIIIXZZZXII', 'IIIIIIIIIIIXZZZZZZZYII', 'IIIIIIIIIIIYZZZZZZXIII', 'IIIIIIIIIXZZZZZZZZYIII', 'IIIIIIIIYZZZZZZZZYIIII', 'IYZZZZZZZZZZZZZZZXIIII', 'IIIIIIIIIIYZZZZZXIIIII', 'YZZZZZZZZZZZZZZZYIIIII', 'XZZZZZZZZZZZZZZXIIIIII', 'IIIIIIIIIYZZZZXIIIIIII', 'IIIXZZZZZZZZZZYIIIIIII', 'IIXZZZZZZZZZZYIIIIIIII', 'IXZZZZZZZZZZZXIIIIIIII', 'IIIIIXZZZZZZYIIIIIIIII', 'IIIYZZZZZZYIIIIIIIIIII', 'IIIIYZZXIIIIIIIIIIIIII', 'IIYZZZZYIIIIIIIIIIIIII', 'IIIIIYXIIIIIIIIIIIIIII']
clique 33 ['IIIIIIIIXZZZZZZZZZZZZX', 'XZZZZZZZZZZZZZZZZZZZZY', 'IIIIIIIIIIIIXZZZZZZZYI', 'IIIIIIIIIIXZZZZZZZZZXI', 'IIIIIIIIIIYZZZZZZZZYII', 'IIIIIIIIIYZZZZZZZZZXII', 'IIIIIIYZZZZZZZZZZZXIII', 'IIIIIIXZZZZZZZZZZZYIII', 'IIIIIIIIIXZZZZZZZXIIII', 'IIIIXZZZZZZZZZZZZYIIII', 'IIIIIYZZZZZZZZZZYIIIII', 'IYZZZZZZZZZZZZZZXIIIII', 'IIIIIXZZZZZZZZZYIIIIII', 'IIXZZZZZZZZZZZZXIIIIII', 'IIIIIIIYZZZZZZYIIIIIII', 'YZZZZZZZZZZZZZXIIIIIII', 'IIIIIIIXZZZZZYIIIIIIII', 'IIYZZZZZZZZZZXIIIIIIII', 'IIIIYZZZZZZZXIIIIIIIII', 'IIIXZZZZZZZXIIIIIIIIII', 'IIIYZZZZZZZYIIIIIIIIII', 'IXZZZZZZXIIIIIIIIIIIII']
clique 34 ['IIIIIIXZZZZZZZZZZZZZZX', 'IIYZZZZZZZZZZZZZZZZZZY', 'IIIIIIIIIIIIIIIIIIIXXI', 'IIIIIIIXZZZZZZZZZZZZYI', 'IIIIIIIIYZZZZZZZZZZXII', 'IIIIYZZZZZZZZZZZZZYIII', 'IYZZZZZZZZZZZZZZZZXIII', 'IIIYZZZZZZZZZZZZZXIIII', 'IIIXZZZZZZZZZZZZZYIIII', 'IIIIIIIIIIIXZZZZXIIIII', 'IIIIIIIIIYZZZZZZYIIIII', 'IIIIIIIIIIXZZZZXIIIIII', 'IIXZZZZZZZZZZZZYIIIIII', 'IIIIIIYZZZZZZZYIIIIIII', 'IIIIXZZZZZZZZZXIIIIIII', 'IIIIIIIIIXZZZXIIIIIIII', 'IXZZZZZZZZZZZYIIIIIIII', 'IIIIIIIIXZZZYIIIIIIIII', 'IIIIIXZZZZZZXIIIIIIIII', 'IIIIIYZZZZZXIIIIIIIIII', 'XZZZZZZZZZXIIIIIIIIIII', 'YZZZZZZXIIIIIIIIIIIIII']
clique 35 ['IIIIIXZZZZZZZZZZZZZZZY', 'YZZZZZZZZZZZZZZZZZZZZX', 'IIIIIIIIIIIIIIIIIXZZYI', 'IIIIXZZZZZZZZZZZZZZZXI', 'IIIIIIIIIIXZZZZZZZZYII', 'IIIIIIIIIXZZZZZZZZZXII', 'IIIIIIIIIIYZZZZZZZYIII', 'IIIIIIIXZZZZZZZZZZXIII', 'IIYZZZZZZZZZZZZZZXIIII', 'IIIIIIIIIIIIIXZZYIIIII', 'IIIIIIIIIYZZZZZZXIIIII', 'IIIIIIIYZZZZZZZXIIIIII', 'IXZZZZZZZZZZZZZYIIIIII', 'IIIIIIYZZZZZZZXIIIIIII', 'IYZZZZZZZZZZZZYIIIIIII', 'IIIYZZZZZZZZZXIIIIIIII', 'IIIIIIXZZZZZXIIIIIIIII', 'XZZZZZZZZZZZYIIIIIIIII', 'IIIIYZZZZZZXIIIIIIIIII', 'IIXZZZZZZZZYIIIIIIIIII', 'IIIIIYZZYIIIIIIIIIIIII', 'IIIXZZZZXIIIIIIIIIIIII']
clique 36 ['IIIIIIIIIIYZZZZZZZZZZX', 'IIIIYZZZZZZZZZZZZZZZZY', 'IIIIIIIIIIIIIIIIIXZZXI', 'IIIIIIIIIIIYZZZZZZZZYI', 'IIIIIIIIXZZZZZZZZZZYII', 'IIIIIIXZZZZZZZZZZZZXII', 'IIIIIIIIIYZZZZZZZZXIII', 'IYZZZZZZZZZZZZZZZZYIII', 'IIIIIIIIYZZZZZZZZXIIII', 'IIIIIIIIIXZZZZZZYIIIII', 'IIIIIIIYZZZZZZZZXIIIII', 'IIIIXZZZZZZZZZZYIIIIII', 'IIIYZZZZZZZZZZZXIIIIII', 'IIIIIXZZZZZZZZYIIIIIII', 'IIXZZZZZZZZZZZXIIIIIII', 'IIIIIIIXZZZZZXIIIIIIII', 'IIYZZZZZZZZZZYIIIIIIII', 'IIIIIYZZZZZZXIIIIIIIII', 'IIIXZZZZZZZZYIIIIIIIII', 'YZZZZZZZZZZYIIIIIIIIII', 'IXZZZZZZZZYIIIIIIIIIII', 'XZZZZZXIIIIIIIIIIIIIII']
clique 37 ['IIIIIIIIIXZZZZZZZZZZZY', 'IIIYZZZZZZZZZZZZZZZZZX', 'IIIIIIIIIIYZZZZZZZZZXI', 'IIIIIIIIXZZZZZZZZZZZYI', 'IIIIIIIIYZZZZZZZZZZYII', 'IIIIIYZZZZZZZZZZZZZXII', 'IIIIIIIIIIIXZZZZZZYIII', 'IIIIIIIYZZZZZZZZZZXIII', 'IIIIIIIIIIIYZZZZZXIIII', 'YZZZZZZZZZZZZZZZZYIIII', 'IIXZZZZZZZZZZZZZXIIIII', 'IXZZZZZZZZZZZZZZYIIIII', 'IIIIIIIXZZZZZZZYIIIIII', 'IIIIXZZZZZZZZZZXIIIIII', 'IIIIYZZZZZZZZZXIIIIIII', 'IIYZZZZZZZZZZZYIIIIIII', 'IIIXZZZZZZZZZYIIIIIIII', 'IYZZZZZZZZZZZXIIIIIIII', 'IIIIIIIIIYZZXIIIIIIIII', 'IIIIIIXZZZZZYIIIIIIIII', 'XZZZZZZZZZYIIIIIIIIIII', 'IIIIIXXIIIIIIIIIIIIIII']
clique 38 ['IIIIIIIXZZZZZZZZZZZZZY', 'IIIIIYZZZZZZZZZZZZZZZX', 'IIIIIIYZZZZZZZZZZZZZYI', 'IIIIYZZZZZZZZZZZZZZZXI', 'IIIIIIIIIIIIIIYZZZZXII', 'IIIIIIIIIIIYZZZZZZZYII', 'IIIIIIIIIIIIIIIYZZXIII', 'IIIIXZZZZZZZZZZZZZYIII', 'IIIIIIIIIIIIIYZZZYIIII', 'IIIIIIIIIIIIYZZZZXIIII', 'IIIIIIIYZZZZZZZZYIIIII', 'XZZZZZZZZZZZZZZZXIIIII', 'IIIIIIIIIYZZZZZYIIIIII', 'IIIYZZZZZZZZZZYIIIIIII', 'IIIIIXZZZZZZZYIIIIIIII', 'IIIIIIIIIXZZYIIIIIIIII', 'IYZZZZZZZZZYIIIIIIIIII', 'IIIXZZZZZZYIIIIIIIIIII', 'IXZZZZZZZZXIIIIIIIIIII', 'IIYZZZZZYIIIIIIIIIIIII', 'YZZZZZZZXIIIIIIIIIIIII', 'IIXZZZYIIIIIIIIIIIIIII']
clique 39 ['IIIIIIIIIIYZZZZZZZZZZY', 'IIIIYZZZZZZZZZZZZZZZZX', 'IIIIIIIIIIIIIXZZZZZZYI', 'IIIIIIIIIYZZZZZZZZZZXI', 'IIYZZZZZZZZZZZZZZZZYII', 'IYZZZZZZZZZZZZZZZZZXII', 'IIIIIIIIYZZZZZZZZZXIII', 'IIIIIIIIXZZZZZZZZZYIII', 'IIIIIXZZZZZZZZZZZXIIII', 'IXZZZZZZZZZZZZZZZYIIII', 'IIIIIIXZZZZZZZZZXIIIII', 'IIIIIIYZZZZZZZZZYIIIII', 'IIIIIIIXZZZZZZZXIIIIII', 'YZZZZZZZZZZZZZZYIIIIII', 'IIIYZZZZZZZZZZXIIIIIII', 'IIXZZZZZZZZZZZYIIIIIII', 'IIIIIIIYZZZZZXIIIIIIII', 'IIIIXZZZZZZZYIIIIIIIII', 'IIIXZZZZZZZZXIIIIIIIII', 'IIIIIIIIIXZYIIIIIIIIII', 'XZZZZZZZZZZXIIIIIIIIII', 'IIIIIYZZZZYIIIIIIIIIII']
clique 40 ['IIIIIIIIIIXZZZZZZZZZZY', 'IIYZZZZZZZZZZZZZZZZZZX', 'IIIIIIIIIXZZZZZZZZZZYI', 'IIIIIIIXZZZZZZZZZZZZXI', 'IIIIIIIIIIIIXZZZZZZXII', 'IIIIIIXZZZZZZZZZZZZYII', 'IIIIIIIIIIIIIIYZZZYIII', 'IIIIIXZZZZZZZZZZZZXIII', 'IIIIIIIIIYZZZZZZZYIIII', 'IIIIXZZZZZZZZZZZZXIIII', 'IIIIIIIIIIIYZZZZYIIIII', 'IIIIIIIIXZZZZZZZXIIIII', 'XZZZZZZZZZZZZZZYIIIIII', 'IXZZZZZZZZZZZZYIIIIIII', 'IIIIIYZZZZZZZXIIIIIIII', 'YZZZZZZZZZZZZYIIIIIIII', 'IIIYZZZZZZZZXIIIIIIIII', 'IIIIYZZZZZZYIIIIIIIIII', 'IIXZZZZZXIIIIIIIIIIIII', 'IIIXZZZXIIIIIIIIIIIIII', 'IYZZZZXIIIIIIIIIIIIIII']
clique 41 ['IIIIIIIIYZZZZZZZZZZZZY', 'IIIXZZZZZZZZZZZZZZZZZX', 'IIIIIIIIIIIIIIXZZZZZXI', 'IIIIIIIYZZZZZZZZZZZZYI', 'IIIIIIIIIIIIIXZZZZZXII', 'IIIIIIIIIXZZZZZZZZZYII', 'IIIIIIIXZZZZZZZZZZYIII', 'IIIIYZZZZZZZZZZZZZXIII', 'IIIIIIIIIIYZZZZZZXIIII', 'IIIIIIIIIIXZZZZZZYIIII', 'IIIIIIIIIIIIIIYZYIIIII', 'IIYZZZZZZZZZZZZZXIIIII', 'IIIIIIIIXZZZZZZYIIIIII', 'IIIIIXZZZZZZZZZXIIIIII', 'YZZZZZZZZZZZZXIIIIIIII', 'IIIIIIIIIYZZYIIIIIIIII', 'IIIIIIYZZZZZXIIIIIIIII', 'IIXZZZZZZZZXIIIIIIIIII', 'XZZZZZZZZZZYIIIIIIIIII', 'IIIYZZYIIIIIIIIIIIIIII', 'IYZZYIIIIIIIIIIIIIIIII']
clique 42 ['IIIIXZZZZZZZZZZZZZZZZY', 'IYZZZZZZZZZZZZZZZZZZZX', 'IIIIIIIIIIIIIIYZZZZZYI', 'IIIIIIIIIIIYZZZZZZZZXI', 'IIIIIIIIIIIIIXZZZZZYII', 'IIIIIXZZZZZZZZZZZZZXII', 'IIIIIYZZZZZZZZZZZZXIII', 'IIIXZZZZZZZZZZZZZZYIII', 'IIIIIIIXZZZZZZZZZXIIII', 'IIIIIIYZZZZZZZZZZYIIII', 'IIIIIIIIXZZZZZZZYIIIII', 'IXZZZZZZZZZZZZZZXIIIII', 'IIIIIIXZZZZZZZZXIIIIII', 'IIIIYZZZZZZZZZZYIIIIII', 'XZZZZZZZZZZZZZYIIIIIII', 'IIIIIIIIIYZZZXIIIIIIII', 'IIXZZZZZZZZZYIIIIIIIII', 'YZZZZZZZZZZZXIIIIIIIII', 'IIIIIIIIYZZYIIIIIIIIII', 'IIIIIIIIIXYIIIIIIIIIII', 'IIIYZZZZZZXIIIIIIIIIII', 'IIYZZZZXIIIIIIIIIIIIII']
clique 43 ['IXZZZZZZZZZZZZZXIIIIII', 'IIIIIYZZZZXIIIIIIIIIII']
