GS energy with  DMRG -16.203317226354308
N= 11.000000000114275
E= -16.203317226354308
D= [[ 3.97972330e-01+0.j  2.09459823e-02+0.j  4.08500888e-01+0.j
   3.57115030e-08+0.j  8.20912466e-02+0.j -1.68531291e-02+0.j
  -1.47178183e-01+0.j -4.79095801e-08+0.j -7.50355265e-02+0.j
   1.54046383e-02+0.j  7.99660380e-02+0.j -3.42970923e-07+0.j
   7.06009867e-02+0.j -1.44959080e-02+0.j -4.46159255e-02+0.j
  -9.02517807e-07+0.j -6.71669765e-02+0.j  1.37912079e-02+0.j
   2.01739586e-02+0.j  8.22542165e-06+0.j  6.38344907e-02+0.j
  -1.30982545e-02+0.j]
 [ 2.09459823e-02+0.j  6.02027704e-01+0.j  3.56618945e-08+0.j
   4.08500905e-01+0.j -1.68531135e-02+0.j -8.20912782e-02+0.j
  -5.70385128e-08+0.j -1.47178200e-01+0.j  1.54046237e-02+0.j
   7.50355260e-02+0.j  6.03768419e-08+0.j  7.99663680e-02+0.j
  -1.44943025e-02+0.j -7.06020373e-02+0.j  2.30540929e-08+0.j
  -4.46171763e-02+0.j  1.37894802e-02+0.j  6.71666681e-02+0.j
  -2.78358204e-07+0.j  2.01686338e-02+0.j -1.31044639e-02+0.j
  -6.38344244e-02+0.j]
 [ 4.08500888e-01+0.j  3.56618945e-08+0.j  5.19547824e-01+0.j
  -4.01314393e-03+0.j  2.57213405e-01+0.j -9.90953479e-09+0.j
  -6.35710082e-03+0.j  1.30511638e-03+0.j -6.58087602e-02+0.j
   7.26612446e-09+0.j  3.28056022e-03+0.j -6.72905650e-04+0.j
   3.49480227e-02+0.j  1.30545591e-06+0.j -1.74769057e-03+0.j
   3.60584187e-04+0.j -2.44256721e-02+0.j -4.10969652e-06+0.j
   7.82498511e-04+0.j -1.67531923e-04+0.j  2.01687467e-02+0.j
  -8.28433858e-06+0.j]
 [ 3.57115030e-08+0.j  4.08500905e-01+0.j -4.01314393e-03+0.j
   4.80452196e-01+0.j -1.63434439e-08+0.j  2.57213409e-01+0.j
   1.30511731e-03+0.j  6.35707103e-03+0.j  1.18795895e-08+0.j
  -6.58087964e-02+0.j -6.73496809e-04+0.j -3.28023026e-03+0.j
  -7.50206382e-08+0.j  3.49477717e-02+0.j  3.58957936e-04+0.j
   1.74834801e-03+0.j  5.40094268e-07+0.j -2.44208240e-02+0.j
  -1.60685497e-04+0.j -7.82608402e-04+0.j  2.92970096e-07+0.j
   2.01741277e-02+0.j]
 [ 8.20912466e-02+0.j -1.68531135e-02+0.j  2.57213405e-01+0.j
  -1.63434439e-08+0.j  4.00545399e-01+0.j  2.04177771e-02+0.j
   3.43747300e-01+0.j  4.03781147e-08+0.j  8.11720904e-02+0.j
  -1.66644787e-02+0.j -1.13491002e-01+0.j -4.28788196e-07+0.j
  -7.48993537e-02+0.j  1.53756569e-02+0.j  5.63039551e-02+0.j
   2.33698270e-07+0.j  7.07747195e-02+0.j -1.45291242e-02+0.j
  -2.44209241e-02+0.j  4.18747864e-06+0.j -6.71669261e-02+0.j
   1.37913337e-02+0.j]
 [-1.68531291e-02+0.j -8.20912782e-02+0.j -9.90953480e-09+0.j
   2.57213409e-01+0.j  2.04177771e-02+0.j  5.99454615e-01+0.j
   3.77227917e-08+0.j  3.43747250e-01+0.j -1.66644421e-02+0.j
  -8.11721288e-02+0.j -2.30096695e-08+0.j -1.13490574e-01+0.j
   1.53766042e-02+0.j  7.48990376e-02+0.j -8.19289284e-08+0.j
   5.63027984e-02+0.j -1.45300038e-02+0.j -7.07746056e-02+0.j
  -5.61729871e-07+0.j -2.44258780e-02+0.j  1.37896083e-02+0.j
   6.71674321e-02+0.j]
 [-1.47178183e-01+0.j -5.70385128e-08+0.j -6.35710082e-03+0.j
   1.30511731e-03+0.j  3.43747300e-01+0.j  3.77227917e-08+0.j
   5.23826432e-01+0.j -4.89156432e-03+0.j  2.94084496e-01+0.j
   1.13500103e-08+0.j -8.44345405e-03+0.j  1.73363784e-03+0.j
  -9.15826654e-02+0.j  2.31880569e-09+0.j  4.16326295e-03+0.j
  -8.54623965e-04+0.j  5.63029040e-02+0.j -2.80250836e-07+0.j
  -1.74816424e-03+0.j  3.60525096e-04+0.j -4.46173695e-02+0.j
   8.82526814e-07+0.j]
 [-4.79095801e-08+0.j -1.47178200e-01+0.j  1.30511638e-03+0.j
   6.35707103e-03+0.j  4.03781148e-08+0.j  3.43747250e-01+0.j
  -4.89156432e-03+0.j  4.76173580e-01+0.j  1.29031130e-08+0.j
   2.94084417e-01+0.j  1.73343519e-03+0.j  8.44345628e-03+0.j
   2.00633513e-09+0.j -9.15825878e-02+0.j -8.54597082e-04+0.j
  -4.16330674e-03+0.j  1.31126257e-07+0.j  5.63041079e-02+0.j
   3.58881177e-04+0.j  1.74734706e-03+0.j -3.69699551e-08+0.j
  -4.46160193e-02+0.j]
 [-7.50355265e-02+0.j  1.54046237e-02+0.j -6.58087602e-02+0.j
   1.18795895e-08+0.j  8.11720904e-02+0.j -1.66644421e-02+0.j
   2.94084496e-01+0.j  1.29031130e-08+0.j  4.00716027e-01+0.j
   2.03827708e-02+0.j  3.17328393e-01+0.j  2.24482224e-08+0.j
   8.10419819e-02+0.j -1.66376279e-02+0.j -9.15826122e-02+0.j
   3.88503316e-08+0.j -7.48990698e-02+0.j  1.53756584e-02+0.j
   3.49480707e-02+0.j -1.31373462e-06+0.j  7.06020203e-02+0.j
  -1.44959527e-02+0.j]
 [ 1.54046383e-02+0.j  7.50355260e-02+0.j  7.26612443e-09+0.j
  -6.58087964e-02+0.j -1.66644787e-02+0.j -8.11721288e-02+0.j
   1.13500103e-08+0.j  2.94084417e-01+0.j  2.03827708e-02+0.j
   5.99283969e-01+0.j  3.38152514e-08+0.j  3.17328360e-01+0.j
  -1.66377705e-02+0.j -8.10419783e-02+0.j -3.19490321e-08+0.j
  -9.15827835e-02+0.j  1.53766401e-02+0.j  7.48994263e-02+0.j
   6.91046852e-08+0.j  3.49481586e-02+0.j -1.44942908e-02+0.j
  -7.06009114e-02+0.j]
 [ 7.99660380e-02+0.j  6.03768418e-08+0.j  3.28056022e-03+0.j
  -6.73496809e-04+0.j -1.13491002e-01+0.j -2.30096695e-08+0.j
  -8.44345405e-03+0.j  1.73343519e-03+0.j  3.17328393e-01+0.j
   3.38152515e-08+0.j  5.24998970e-01+0.j -5.13229926e-03+0.j
   3.17328376e-01+0.j -6.19406646e-08+0.j -8.44347261e-03+0.j
   1.73364320e-03+0.j -1.13490742e-01+0.j  4.87366370e-07+0.j
   3.28013757e-03+0.j -6.72791572e-04+0.j  7.99661686e-02+0.j
   3.86760998e-07+0.j]
 [-3.42970923e-07+0.j  7.99663680e-02+0.j -6.72905650e-04+0.j
  -3.28023026e-03+0.j -4.28788196e-07+0.j -1.13490574e-01+0.j
   1.73363784e-03+0.j  8.44345628e-03+0.j  2.24482224e-08+0.j
   3.17328360e-01+0.j -5.13229926e-03+0.j  4.75001042e-01+0.j
  -1.38292041e-09+0.j  3.17328414e-01+0.j  1.73344516e-03+0.j
   8.44346368e-03+0.j -1.06116718e-08+0.j -1.13491127e-01+0.j
  -6.73484899e-04+0.j -3.28049980e-03+0.j -2.95920611e-08+0.j
   7.99659104e-02+0.j]
 [ 7.06009867e-02+0.j -1.44943025e-02+0.j  3.49480227e-02+0.j
  -7.50206382e-08+0.j -7.48993537e-02+0.j  1.53766042e-02+0.j
  -9.15826654e-02+0.j  2.00633509e-09+0.j  8.10419819e-02+0.j
  -1.66377705e-02+0.j  3.17328376e-01+0.j -1.38292043e-09+0.j
   4.00716047e-01+0.j  2.03827925e-02+0.j  2.94084463e-01+0.j
  -3.16588778e-08+0.j  8.11721564e-02+0.j -1.66645371e-02+0.j
  -6.58087766e-02+0.j -4.57637837e-08+0.j -7.50354279e-02+0.j
   1.54045961e-02+0.j]
 [-1.44959080e-02+0.j -7.06020373e-02+0.j  1.30545591e-06+0.j
   3.49477717e-02+0.j  1.53756569e-02+0.j  7.48990376e-02+0.j
   2.31880567e-09+0.j -9.15825878e-02+0.j -1.66376279e-02+0.j
  -8.10419783e-02+0.j -6.19406645e-08+0.j  3.17328414e-01+0.j
   2.03827925e-02+0.j  5.99283941e-01+0.j  2.18985965e-08+0.j
   2.94084544e-01+0.j -1.66644940e-02+0.j -8.11721007e-02+0.j
  -1.71429034e-08+0.j -6.58087580e-02+0.j  1.54046417e-02+0.j
   7.50354580e-02+0.j]
 [-4.46159255e-02+0.j  2.30540929e-08+0.j -1.74769057e-03+0.j
   3.58957936e-04+0.j  5.63039551e-02+0.j -8.19289284e-08+0.j
   4.16326295e-03+0.j -8.54597082e-04+0.j -9.15826122e-02+0.j
  -3.19490322e-08+0.j -8.44347261e-03+0.j  1.73344516e-03+0.j
   2.94084463e-01+0.j  2.18985965e-08+0.j  5.23826426e-01+0.j
  -4.89157382e-03+0.j  3.43747260e-01+0.j -6.73983851e-08+0.j
  -6.35707648e-03+0.j  1.30513115e-03+0.j -1.47178135e-01+0.j
   8.90443782e-08+0.j]
 [-9.02517807e-07+0.j -4.46171763e-02+0.j  3.60584187e-04+0.j
   1.74834801e-03+0.j  2.33698270e-07+0.j  5.63027984e-02+0.j
  -8.54623965e-04+0.j -4.16330674e-03+0.j  3.88503317e-08+0.j
  -9.15827835e-02+0.j  1.73364320e-03+0.j  8.44346368e-03+0.j
  -3.16588779e-08+0.j  2.94084544e-01+0.j -4.89157382e-03+0.j
   4.76173569e-01+0.j -2.00218467e-08+0.j  3.43747293e-01+0.j
   1.30512532e-03+0.j  6.35708364e-03+0.j  2.84642964e-08+0.j
  -1.47178134e-01+0.j]
 [-6.71669765e-02+0.j  1.37894802e-02+0.j -2.44256721e-02+0.j
   5.40094268e-07+0.j  7.07747195e-02+0.j -1.45300038e-02+0.j
   5.63029040e-02+0.j  1.31126257e-07+0.j -7.48990698e-02+0.j
   1.53766401e-02+0.j -1.13490742e-01+0.j -1.06116718e-08+0.j
   8.11721564e-02+0.j -1.66644940e-02+0.j  3.43747260e-01+0.j
  -2.00218467e-08+0.j  4.00545380e-01+0.j  2.04178398e-02+0.j
   2.57213379e-01+0.j  7.65512365e-09+0.j  8.20912640e-02+0.j
  -1.68531785e-02+0.j]
 [ 1.37912079e-02+0.j  6.71666681e-02+0.j -4.10969652e-06+0.j
  -2.44208240e-02+0.j -1.45291242e-02+0.j -7.07746056e-02+0.j
  -2.80250836e-07+0.j  5.63041079e-02+0.j  1.53756584e-02+0.j
   7.48994263e-02+0.j  4.87366370e-07+0.j -1.13491127e-01+0.j
  -1.66645371e-02+0.j -8.11721007e-02+0.j -6.73983851e-08+0.j
   3.43747293e-01+0.j  2.04178398e-02+0.j  5.99454602e-01+0.j
   2.91075998e-08+0.j  2.57213398e-01+0.j -1.68531636e-02+0.j
  -8.20912320e-02+0.j]
 [ 2.01739586e-02+0.j -2.78358204e-07+0.j  7.82498511e-04+0.j
  -1.60685497e-04+0.j -2.44209241e-02+0.j -5.61729871e-07+0.j
  -1.74816424e-03+0.j  3.58881177e-04+0.j  3.49480707e-02+0.j
   6.91046852e-08+0.j  3.28013757e-03+0.j -6.73484899e-04+0.j
  -6.58087766e-02+0.j -1.71429034e-08+0.j -6.35707648e-03+0.j
   1.30512532e-03+0.j  2.57213379e-01+0.j  2.91075998e-08+0.j
   5.19547793e-01+0.j -4.01315728e-03+0.j  4.08500905e-01+0.j
  -6.03746922e-08+0.j]
 [ 8.22542165e-06+0.j  2.01686338e-02+0.j -1.67531923e-04+0.j
  -7.82608402e-04+0.j  4.18747864e-06+0.j -2.44258780e-02+0.j
   3.60525096e-04+0.j  1.74734706e-03+0.j -1.31373462e-06+0.j
   3.49481586e-02+0.j -6.72791572e-04+0.j -3.28049980e-03+0.j
  -4.57637837e-08+0.j -6.58087580e-02+0.j  1.30513115e-03+0.j
   6.35708364e-03+0.j  7.65512363e-09+0.j  2.57213398e-01+0.j
  -4.01315728e-03+0.j  4.80452210e-01+0.j -1.67731222e-08+0.j
   4.08500874e-01+0.j]
 [ 6.38344907e-02+0.j -1.31044639e-02+0.j  2.01687467e-02+0.j
   2.92970096e-07+0.j -6.71669261e-02+0.j  1.37896083e-02+0.j
  -4.46173695e-02+0.j -3.69699552e-08+0.j  7.06020203e-02+0.j
  -1.44942908e-02+0.j  7.99661686e-02+0.j -2.95920611e-08+0.j
  -7.50354279e-02+0.j  1.54046417e-02+0.j -1.47178135e-01+0.j
   2.84642964e-08+0.j  8.20912640e-02+0.j -1.68531636e-02+0.j
   4.08500905e-01+0.j -1.67731222e-08+0.j  3.97972320e-01+0.j
   2.09460515e-02+0.j]
 [-1.30982545e-02+0.j -6.38344244e-02+0.j -8.28433858e-06+0.j
   2.01741277e-02+0.j  1.37913337e-02+0.j  6.71674321e-02+0.j
   8.82526814e-07+0.j -4.46160193e-02+0.j -1.44959527e-02+0.j
  -7.06009114e-02+0.j  3.86760998e-07+0.j  7.99659104e-02+0.j
   1.54045961e-02+0.j  7.50354580e-02+0.j  8.90443782e-08+0.j
  -1.47178134e-01+0.j -1.68531785e-02+0.j -8.20912320e-02+0.j
  -6.03746922e-08+0.j  4.08500874e-01+0.j  2.09460515e-02+0.j
   6.02027623e-01+0.j]]
W= [0.18657242+0.j 0.21094087+0.j 0.20553649+0.j 0.21388704+0.j
 0.20770577+0.j 0.21439314+0.j 0.20770575+0.j 0.21388702+0.j
 0.20553647+0.j 0.21094087+0.j 0.18657239+0.j]
local approximation with  1 sites
local interactions on sites [[0], [1], [2], [3], [4], [5], [6], [7], [8], [9], [10]]
Functional for interaction on sites [0]
aca-directory for images already exists
aca-directory for images already exists
aca-directory for images already exists
interacting orbitals: [0, 1]
mapping: [0, 1, 2, 3, 4, 5, 6, 7, 8, 9, 10, 11, 12, 13, 14, 15, 16, 17, 18, 19, 20, 21]
aca-directory for images already exists
aca-directory for images already exists
aca-directory for images already exists
orbinteractaca= [0, 1]
aca-directory for images already exists
aca-directory for images already exists
aca-directory for images already exists
aca-directory for images already exists
aca-directory for images already exists
aca-directory for images already exists
aca-directory for images already exists
aca-directory for images already exists
aca-directory for images already exists
aca-directory for images already exists
aca-directory for images already exists
aca-directory for images already exists
aca-directory for images already exists
aca-directory for images already exists
aca-directory for images already exists
aca-directory for images already exists
aca-directory for images already exists
aca-directory for images already exists
aca-directory for images already exists
aca-directory for images already exists
aca-directory for images already exists
aca-directory for images already exists
aca-directory for images already exists
aca-directory for images already exists
aca-directory for images already exists
aca-directory for images already exists
aca-directory for images already exists
aca-directory for images already exists
aca-directory for images already exists
aca-directory for images already exists
aca-directory for images already exists
aca-directory for images already exists
aca-directory for images already exists
aca-directory for images already exists
aca-directory for images already exists
aca-directory for images already exists
aca-directory for images already exists
aca-directory for images already exists
aca-directory for images already exists
aca-directory for images already exists
aca-directory for images already exists
aca-directory for images already exists
aca-directory for images already exists
aca-directory for images already exists
aca-directory for images already exists
aca-directory for images already exists
aca-directory for images already exists
aca-directory for images already exists
aca-directory for images already exists
aca-directory for images already exists
aca-directory for images already exists
aca-directory for images already exists
aca-directory for images already exists
aca-directory for images already exists
aca-directory for images already exists
aca-directory for images already exists
aca-directory for images already exists
aca-directory for images already exists
aca-directory for images already exists
aca-directory for images already exists
aca-directory for images already exists
aca-directory for images already exists
aca-directory for images already exists
aca: level 10  norb= 22
Daca= [[ 3.97972330e-01+0.j  2.09459823e-02+0.j -4.73666339e-01+0.j
  -1.36079614e-18+0.j -5.38952772e-18+0.j  2.58267201e-18+0.j
   2.61191197e-17+0.j -1.04711897e-19+0.j  2.94406631e-17+0.j
  -5.77256843e-18+0.j  1.67004640e-17+0.j -2.67981173e-19+0.j
   1.63171221e-17+0.j -3.08915151e-18+0.j  2.60251472e-18+0.j
   1.56671674e-19+0.j -2.24773891e-17+0.j -2.59591971e-18+0.j
  -7.91848894e-20+0.j -1.26442912e-20+0.j -5.16771086e-18+0.j
  -1.10617563e-18+0.j]
 [ 2.09459823e-02+0.j  6.02027704e-01+0.j -1.42615208e-07+0.j
  -4.73666487e-01+0.j  1.18937162e-18+0.j -4.54106651e-18+0.j
   3.58286427e-19+0.j  1.46279235e-17+0.j -2.44143516e-18+0.j
  -1.15226819e-17+0.j -9.66589961e-20+0.j -1.91377721e-18+0.j
   1.29442896e-18+0.j -1.52008693e-18+0.j  7.21240448e-20+0.j
   6.00804070e-18+0.j  1.79572210e-18+0.j  3.47072021e-18+0.j
  -3.17017092e-20+0.j  7.04863598e-18+0.j  1.84893264e-20+0.j
  -3.16916763e-18+0.j]
 [-4.73666339e-01+0.j -1.42615208e-07+0.j  6.00886864e-01+0.j
  -2.07118756e-02+0.j  1.00928377e-02+0.j -4.25317648e-20+0.j
   2.29330785e-19+0.j  2.81326387e-20+0.j  6.00384941e-19+0.j
  -7.79186388e-22+0.j  1.47003916e-19+0.j -1.66287054e-19+0.j
   1.50873925e-19+0.j -1.94916321e-21+0.j -7.77191359e-20+0.j
  -1.71885442e-21+0.j  2.91884746e-20+0.j -6.35183140e-22+0.j
   9.25790906e-20+0.j  5.37818703e-20+0.j -5.60025501e-21+0.j
   1.23748602e-22+0.j]
 [-1.03732604e-17+0.j -4.73666487e-01+0.j -2.07118756e-02+0.j
   3.99113276e-01+0.j -4.58278140e-07+0.j  1.00926903e-02+0.j
   7.19236047e-20+0.j -7.64928270e-21+0.j  5.83677612e-21+0.j
  -9.56860250e-20+0.j -1.07536389e-19+0.j  2.18782053e-19+0.j
  -1.93478681e-21+0.j -3.62691415e-20+0.j  1.04211411e-19+0.j
   7.63738313e-19+0.j  6.43150132e-22+0.j  6.64394164e-20+0.j
   1.13768277e-19+0.j -9.64279187e-19+0.j -5.14476694e-23+0.j
  -6.35476218e-21+0.j]
 [ 1.24310493e-16+0.j  8.50920278e-18+0.j  1.00928377e-02+0.j
  -4.58278140e-07+0.j  5.15716033e-01+0.j -3.22036044e-03+0.j
   4.85997802e-01+0.j -2.14395396e-18+0.j  1.64661166e-18+0.j
  -1.52705916e-18+0.j -3.50487183e-17+0.j -3.08360971e-18+0.j
  -2.98250282e-18+0.j  3.59114656e-18+0.j -1.78784742e-17+0.j
  -7.20423566e-20+0.j  1.16541062e-18+0.j -3.16058827e-18+0.j
  -6.48749052e-18+0.j  3.50919562e-19+0.j  1.80273844e-17+0.j
  -1.53694927e-18+0.j]
 [-7.36712036e-17+0.j  3.56713085e-16+0.j  3.32853625e-17+0.j
   1.00926903e-02+0.j -3.22036044e-03+0.j  4.84266889e-01+0.j
   1.92239810e-07+0.j  4.85996927e-01+0.j  1.11086881e-18+0.j
  -1.71336802e-18+0.j  1.84345898e-19+0.j  2.87592958e-17+0.j
   3.55440423e-18+0.j  3.46632379e-17+0.j -2.32186210e-19+0.j
   5.01724525e-18+0.j  1.56577204e-18+0.j  2.62494950e-19+0.j
   4.86511470e-20+0.j -6.43706106e-18+0.j  3.29379952e-18+0.j
   7.11556490e-17+0.j]
 [-4.25094509e-16+0.j -1.52836715e-17+0.j -2.26377162e-16+0.j
   5.53765408e-17+0.j  4.85997802e-01+0.j  1.92239810e-07+0.j
   4.80003703e-01+0.j  4.09894822e-03+0.j  7.31221168e-03+0.j
   1.00085366e-20+0.j -1.29176221e-20+0.j  8.38706529e-20+0.j
   6.18641301e-19+0.j  4.91667139e-21+0.j  1.22967997e-19+0.j
   6.34679785e-20+0.j  4.08704537e-19+0.j -2.60906696e-20+0.j
  -6.48015537e-20+0.j -6.47947481e-20+0.j -2.73517217e-19+0.j
   1.12851667e-20+0.j]
 [ 3.04367103e-17+0.j  2.88706668e-17+0.j -2.10469975e-17+0.j
   2.49722826e-16+0.j -5.49120421e-17+0.j  4.85996927e-01+0.j
   4.09894822e-03+0.j  5.20013229e-01+0.j  4.43898064e-07+0.j
   7.31249861e-03+0.j  8.03436740e-20+0.j  2.54316781e-19+0.j
  -6.43911271e-21+0.j  1.26270854e-19+0.j -1.09982225e-19+0.j
  -2.73810700e-19+0.j  2.36144521e-20+0.j -1.83249336e-19+0.j
   1.44626613e-19+0.j  8.91355618e-19+0.j -1.33997086e-20+0.j
  -5.15372976e-20+0.j]
 [-2.66298177e-16+0.j  3.59458181e-17+0.j -1.67054182e-16+0.j
  -1.00018346e-17+0.j  9.18524321e-17+0.j  1.60278087e-17+0.j
   7.31221168e-03+0.j  4.43898064e-07+0.j  4.47856185e-01+0.j
   1.06958431e-02+0.j -4.85540147e-01+0.j -1.74765759e-17+0.j
  -5.39510487e-18+0.j -1.46782208e-19+0.j  4.90579499e-19+0.j
  -2.47236193e-18+0.j -2.28768768e-17+0.j  1.04976091e-17+0.j
  -1.37225672e-18+0.j  1.67919353e-18+0.j  5.15512764e-17+0.j
   4.70966025e-18+0.j]
 [ 9.85916778e-18+0.j -2.93351580e-16+0.j  6.64241157e-17+0.j
  -4.12702056e-16+0.j -8.98691237e-17+0.j -6.74610831e-17+0.j
   3.36530188e-17+0.j  7.31249861e-03+0.j  1.06958431e-02+0.j
   5.52168559e-01+0.j  1.20252823e-06+0.j -4.85537624e-01+0.j
  -1.49667581e-18+0.j -1.69286657e-18+0.j  4.43669678e-19+0.j
  -3.92942810e-18+0.j  2.64932898e-19+0.j -5.20683594e-18+0.j
  -1.54496801e-18+0.j -3.39293612e-18+0.j  3.02397353e-18+0.j
  -4.75458519e-17+0.j]
 [ 5.48563740e-16+0.j -1.33821948e-17+0.j  1.75319448e-16+0.j
  -1.43216047e-16+0.j -1.65701453e-16+0.j -6.84902895e-17+0.j
  -7.14796181e-17+0.j  2.19191994e-16+0.j -4.85540147e-01+0.j
   1.20252823e-06+0.j  5.53868483e-01+0.j -1.10498191e-02+0.j
  -3.18727997e-03+0.j  6.65026992e-21+0.j  1.71796901e-19+0.j
  -8.03149865e-20+0.j  2.15743725e-20+0.j -4.71801532e-21+0.j
  -2.75468087e-19+0.j  6.28004065e-21+0.j -1.93507787e-20+0.j
   1.09762779e-21+0.j]
 [-4.38972744e-17+0.j -2.46109604e-16+0.j -1.68697636e-17+0.j
  -1.53723050e-16+0.j  7.98913271e-17+0.j  1.75243497e-16+0.j
   1.89550311e-17+0.j  2.27450994e-16+0.j -5.27935788e-17+0.j
  -4.85537624e-01+0.j -1.10498191e-02+0.j  4.46106687e-01+0.j
   4.15232566e-09+0.j -3.18726219e-03+0.j -1.07699244e-19+0.j
  -6.56595018e-19+0.j  1.16527993e-20+0.j -2.09133069e-19+0.j
   6.84520018e-20+0.j  6.67424349e-20+0.j  2.22459216e-21+0.j
  -7.44367956e-20+0.j]
 [ 2.34958743e-16+0.j -2.53783826e-17+0.j -2.49991315e-16+0.j
  -1.13769276e-18+0.j  3.99473072e-16+0.j  1.62223642e-16+0.j
   5.44236252e-16+0.j  4.50277536e-17+0.j  5.01376963e-18+0.j
   7.14108721e-17+0.j -3.18727997e-03+0.j  4.15232566e-09+0.j
   3.53654445e-01+0.j  3.00704148e-02+0.j -4.69691807e-01+0.j
   6.24587355e-18+0.j -1.09939973e-17+0.j -4.50946485e-18+0.j
  -2.26017266e-17+0.j -3.96693574e-19+0.j  1.81459981e-17+0.j
  -6.16665066e-18+0.j]
 [-8.82698387e-17+0.j  2.45968987e-16+0.j -4.50273481e-17+0.j
  -6.54882071e-18+0.j -2.63750291e-17+0.j  2.34100177e-16+0.j
   1.05417933e-17+0.j  3.70549559e-16+0.j  3.11350189e-17+0.j
   2.48561542e-16+0.j  7.51898411e-17+0.j -3.18726219e-03+0.j
   3.00704148e-02+0.j  6.46293279e-01+0.j -3.61366128e-06+0.j
  -4.69707948e-01+0.j -9.25935249e-18+0.j -3.51381621e-17+0.j
   3.95657612e-19+0.j -2.38325994e-17+0.j  1.54157825e-17+0.j
   2.06384833e-17+0.j]
 [-1.06124934e-16+0.j -2.33913167e-17+0.j -7.14870967e-17+0.j
   9.45148866e-18+0.j -6.72380155e-17+0.j -3.68437294e-17+0.j
   1.15013638e-16+0.j  2.30582732e-17+0.j -1.46747847e-17+0.j
   3.35111455e-17+0.j  1.43070644e-16+0.j -1.06500851e-17+0.j
  -4.69691807e-01+0.j -3.61366128e-06+0.j  6.45229587e-01+0.j
  -2.98426046e-02+0.j -1.53956247e-03+0.j -2.63823462e-20+0.j
  -2.59307790e-19+0.j -3.11401901e-21+0.j  2.39013350e-20+0.j
   8.99048150e-21+0.j]
 [ 1.42980451e-17+0.j -1.05199951e-18+0.j  1.05637370e-17+0.j
  -1.54352424e-16+0.j -1.30392105e-18+0.j  2.91338837e-16+0.j
  -1.56599868e-17+0.j  1.55730364e-16+0.j -1.91544877e-17+0.j
  -3.10858782e-16+0.j -7.43832674e-17+0.j -2.35848164e-16+0.j
  -5.79157246e-17+0.j -4.69707948e-01+0.j -2.98426046e-02+0.j
   3.54822426e-01+0.j  3.20415678e-07+0.j -1.53938621e-03+0.j
  -8.29131287e-20+0.j -2.85066984e-19+0.j  3.85766806e-21+0.j
  -1.28650899e-19+0.j]
 [-3.24353186e-16+0.j  2.71303527e-17+0.j -2.56838316e-17+0.j
  -2.65900928e-17+0.j  9.83098261e-17+0.j -1.73384569e-16+0.j
   2.25620285e-17+0.j  6.29076643e-17+0.j  1.99169346e-16+0.j
   9.57197914e-19+0.j -2.54827642e-16+0.j  8.67330104e-17+0.j
  -1.14872287e-16+0.j  6.22580538e-17+0.j -1.53956247e-03+0.j
   3.20415678e-07+0.j  2.44707795e-01+0.j  5.22360147e-02+0.j
   4.19330655e-01+0.j  4.14296517e-18+0.j -3.90372179e-17+0.j
   3.50403348e-18+0.j]
 [ 9.17652503e-17+0.j -1.01787143e-17+0.j  1.29987990e-17+0.j
  -1.30981758e-16+0.j -3.07232936e-17+0.j -6.37858584e-16+0.j
   7.90141780e-17+0.j  1.06942184e-16+0.j  6.46004646e-17+0.j
   3.90379489e-17+0.j  2.30545856e-17+0.j  5.79157410e-17+0.j
   9.07986618e-18+0.j -1.34059021e-16+0.j  3.82619921e-17+0.j
  -1.53938621e-03+0.j  5.22360147e-02+0.j  7.55205425e-01+0.j
   1.00267576e-05+0.j  4.19383475e-01+0.j -1.71196498e-17+0.j
  -7.78806806e-17+0.j]
 [ 1.52017523e-16+0.j  2.86004115e-19+0.j  1.01933122e-16+0.j
  -4.93839047e-18+0.j  5.46239982e-17+0.j  1.05515339e-17+0.j
  -6.41393092e-17+0.j  2.38697507e-19+0.j -2.12409555e-17+0.j
  -7.83889258e-18+0.j -5.99637689e-17+0.j -3.62205228e-17+0.j
   1.48359676e-16+0.j  7.21541003e-19+0.j -5.07377435e-16+0.j
   3.79160750e-17+0.j  4.19330655e-01+0.j  1.00267576e-05+0.j
   7.54830637e-01+0.j -5.21476428e-02+0.j  1.06988373e-03+0.j
  -1.78405271e-23+0.j]
 [-3.96846856e-18+0.j -1.71363099e-17+0.j -7.71907521e-18+0.j
   1.09078244e-16+0.j  3.48089178e-17+0.j -1.02740388e-16+0.j
  -5.62298207e-18+0.j -1.12908594e-16+0.j -1.50341510e-18+0.j
   1.86251906e-16+0.j  5.72831249e-17+0.j -1.53348929e-17+0.j
   1.29310360e-17+0.j -1.11603852e-16+0.j  5.19836696e-18+0.j
  -2.10790141e-16+0.j  6.12613613e-17+0.j  4.19383475e-01+0.j
  -5.21476428e-02+0.j  2.45256278e-01+0.j -1.55605132e-06+0.j
  -1.06996826e-03+0.j]
 [ 3.12611066e-16+0.j -2.22156223e-17+0.j  1.35088951e-16+0.j
  -1.05765668e-17+0.j -1.20751917e-16+0.j  2.07974025e-16+0.j
  -2.98670391e-16+0.j  2.69172348e-17+0.j  7.93095293e-17+0.j
  -9.32520903e-17+0.j -1.32778005e-16+0.j -7.50960356e-17+0.j
   4.21278759e-16+0.j -3.98363108e-17+0.j  3.58941307e-18+0.j
   1.31662835e-16+0.j -4.01545477e-17+0.j -3.52278359e-17+0.j
   1.06988373e-03+0.j -1.55605132e-06+0.j  1.53234258e-02+0.j
  -9.86672342e-02+0.j]
 [-6.84078115e-17+0.j  5.19188880e-17+0.j -2.25289631e-17+0.j
   7.85743405e-17+0.j  3.22789825e-17+0.j  8.37888524e-16+0.j
  -5.92729229e-17+0.j -7.03098948e-18+0.j -7.51170583e-17+0.j
  -5.47381722e-16+0.j -8.02932581e-17+0.j -3.09880217e-16+0.j
  -1.04052666e-16+0.j -3.39108069e-16+0.j  1.22669338e-16+0.j
   1.82743774e-17+0.j  9.39648321e-18+0.j -1.39853173e-16+0.j
   3.90594074e-17+0.j -1.06996826e-03+0.j -9.86672342e-02+0.j
   9.84676761e-01+0.j]]
Naca= (5.010049487764487, 5.98995051234979)
nq= 22
variational state:
        ┌──────────┐┌───────────┐┌───┐     ┌───────────┐┌───────────┐»
 q0_0: ─┤ Ry(y[0]) ├┤ Rz(y[22]) ├┤ X ├──■──┤ Ry(y[44]) ├┤ Rz(y[66]) ├»
        ├──────────┤├───────────┤└─┬─┘┌─┴─┐└───────────┘├───────────┤»
 q0_1: ─┤ Ry(y[1]) ├┤ Rz(y[23]) ├──┼──┤ X ├──────■──────┤ Ry(y[45]) ├»
        ├──────────┤├───────────┤  │  └───┘    ┌─┴─┐    └───────────┘»
 q0_2: ─┤ Ry(y[2]) ├┤ Rz(y[24]) ├──┼───────────┤ X ├──────────■──────»
        ├──────────┤├───────────┤  │           └───┘        ┌─┴─┐    »
 q0_3: ─┤ Ry(y[3]) ├┤ Rz(y[25]) ├──┼────────────────────────┤ X ├────»
        ├──────────┤├───────────┤  │                        └───┘    »
 q0_4: ─┤ Ry(y[4]) ├┤ Rz(y[26]) ├──┼─────────────────────────────────»
        ├──────────┤├───────────┤  │                                 »
 q0_5: ─┤ Ry(y[5]) ├┤ Rz(y[27]) ├──┼─────────────────────────────────»
        ├──────────┤├───────────┤  │                                 »
 q0_6: ─┤ Ry(y[6]) ├┤ Rz(y[28]) ├──┼─────────────────────────────────»
        ├──────────┤├───────────┤  │                                 »
 q0_7: ─┤ Ry(y[7]) ├┤ Rz(y[29]) ├──┼─────────────────────────────────»
        ├──────────┤├───────────┤  │                                 »
 q0_8: ─┤ Ry(y[8]) ├┤ Rz(y[30]) ├──┼─────────────────────────────────»
        ├──────────┤├───────────┤  │                                 »
 q0_9: ─┤ Ry(y[9]) ├┤ Rz(y[31]) ├──┼─────────────────────────────────»
       ┌┴──────────┤├───────────┤  │                                 »
q0_10: ┤ Ry(y[10]) ├┤ Rz(y[32]) ├──┼─────────────────────────────────»
       ├───────────┤├───────────┤  │                                 »
q0_11: ┤ Ry(y[11]) ├┤ Rz(y[33]) ├──┼─────────────────────────────────»
       ├───────────┤├───────────┤  │                                 »
q0_12: ┤ Ry(y[12]) ├┤ Rz(y[34]) ├──┼─────────────────────────────────»
       ├───────────┤├───────────┤  │                                 »
q0_13: ┤ Ry(y[13]) ├┤ Rz(y[35]) ├──┼─────────────────────────────────»
       ├───────────┤├───────────┤  │                                 »
q0_14: ┤ Ry(y[14]) ├┤ Rz(y[36]) ├──┼─────────────────────────────────»
       ├───────────┤├───────────┤  │                                 »
q0_15: ┤ Ry(y[15]) ├┤ Rz(y[37]) ├──┼─────────────────────────────────»
       ├───────────┤├───────────┤  │                                 »
q0_16: ┤ Ry(y[16]) ├┤ Rz(y[38]) ├──┼─────────────────────────────────»
       ├───────────┤├───────────┤  │                                 »
q0_17: ┤ Ry(y[17]) ├┤ Rz(y[39]) ├──┼─────────────────────────────────»
       ├───────────┤├───────────┤  │                                 »
q0_18: ┤ Ry(y[18]) ├┤ Rz(y[40]) ├──┼─────────────────────────────────»
       ├───────────┤├───────────┤  │                                 »
q0_19: ┤ Ry(y[19]) ├┤ Rz(y[41]) ├──┼─────────────────────────────────»
       ├───────────┤├───────────┤  │                                 »
q0_20: ┤ Ry(y[20]) ├┤ Rz(y[42]) ├──┼─────────────────────────────────»
       ├───────────┤├───────────┤  │                                 »
q0_21: ┤ Ry(y[21]) ├┤ Rz(y[43]) ├──■─────────────────────────────────»
       └───────────┘└───────────┘                                    »
c0: 22/══════════════════════════════════════════════════════════════»
                                                                     »
«                                                                        »
« q0_0: ─────────────────────────────────────────────────────────────────»
«       ┌───────────┐                                                    »
« q0_1: ┤ Rz(y[67]) ├────────────────────────────────────────────────────»
«       ├───────────┤┌───────────┐                                       »
« q0_2: ┤ Ry(y[46]) ├┤ Rz(y[68]) ├───────────────────────────────────────»
«       └───────────┘├───────────┤┌───────────┐                          »
« q0_3: ──────■──────┤ Ry(y[47]) ├┤ Rz(y[69]) ├──────────────────────────»
«           ┌─┴─┐    └───────────┘├───────────┤┌───────────┐             »
« q0_4: ────┤ X ├──────────■──────┤ Ry(y[48]) ├┤ Rz(y[70]) ├─────────────»
«           └───┘        ┌─┴─┐    └───────────┘├───────────┤┌───────────┐»
« q0_5: ─────────────────┤ X ├──────────■──────┤ Ry(y[49]) ├┤ Rz(y[71]) ├»
«                        └───┘        ┌─┴─┐    └───────────┘├───────────┤»
« q0_6: ──────────────────────────────┤ X ├──────────■──────┤ Ry(y[50]) ├»
«                                     └───┘        ┌─┴─┐    └───────────┘»
« q0_7: ───────────────────────────────────────────┤ X ├──────────■──────»
«                                                  └───┘        ┌─┴─┐    »
« q0_8: ────────────────────────────────────────────────────────┤ X ├────»
«                                                               └───┘    »
« q0_9: ─────────────────────────────────────────────────────────────────»
«                                                                        »
«q0_10: ─────────────────────────────────────────────────────────────────»
«                                                                        »
«q0_11: ─────────────────────────────────────────────────────────────────»
«                                                                        »
«q0_12: ─────────────────────────────────────────────────────────────────»
«                                                                        »
«q0_13: ─────────────────────────────────────────────────────────────────»
«                                                                        »
«q0_14: ─────────────────────────────────────────────────────────────────»
«                                                                        »
«q0_15: ─────────────────────────────────────────────────────────────────»
«                                                                        »
«q0_16: ─────────────────────────────────────────────────────────────────»
«                                                                        »
«q0_17: ─────────────────────────────────────────────────────────────────»
«                                                                        »
«q0_18: ─────────────────────────────────────────────────────────────────»
«                                                                        »
«q0_19: ─────────────────────────────────────────────────────────────────»
«                                                                        »
«q0_20: ─────────────────────────────────────────────────────────────────»
«                                                                        »
«q0_21: ─────────────────────────────────────────────────────────────────»
«                                                                        »
«c0: 22/═════════════════════════════════════════════════════════════════»
«                                                                        »
«                                                                        »
« q0_0: ─────────────────────────────────────────────────────────────────»
«                                                                        »
« q0_1: ─────────────────────────────────────────────────────────────────»
«                                                                        »
« q0_2: ─────────────────────────────────────────────────────────────────»
«                                                                        »
« q0_3: ─────────────────────────────────────────────────────────────────»
«                                                                        »
« q0_4: ─────────────────────────────────────────────────────────────────»
«                                                                        »
« q0_5: ─────────────────────────────────────────────────────────────────»
«       ┌───────────┐                                                    »
« q0_6: ┤ Rz(y[72]) ├────────────────────────────────────────────────────»
«       ├───────────┤┌───────────┐                                       »
« q0_7: ┤ Ry(y[51]) ├┤ Rz(y[73]) ├───────────────────────────────────────»
«       └───────────┘├───────────┤┌───────────┐                          »
« q0_8: ──────■──────┤ Ry(y[52]) ├┤ Rz(y[74]) ├──────────────────────────»
«           ┌─┴─┐    └───────────┘├───────────┤┌───────────┐             »
« q0_9: ────┤ X ├──────────■──────┤ Ry(y[53]) ├┤ Rz(y[75]) ├─────────────»
«           └───┘        ┌─┴─┐    └───────────┘├───────────┤┌───────────┐»
«q0_10: ─────────────────┤ X ├──────────■──────┤ Ry(y[54]) ├┤ Rz(y[76]) ├»
«                        └───┘        ┌─┴─┐    └───────────┘├───────────┤»
«q0_11: ──────────────────────────────┤ X ├──────────■──────┤ Ry(y[55]) ├»
«                                     └───┘        ┌─┴─┐    └───────────┘»
«q0_12: ───────────────────────────────────────────┤ X ├──────────■──────»
«                                                  └───┘        ┌─┴─┐    »
«q0_13: ────────────────────────────────────────────────────────┤ X ├────»
«                                                               └───┘    »
«q0_14: ─────────────────────────────────────────────────────────────────»
«                                                                        »
«q0_15: ─────────────────────────────────────────────────────────────────»
«                                                                        »
«q0_16: ─────────────────────────────────────────────────────────────────»
«                                                                        »
«q0_17: ─────────────────────────────────────────────────────────────────»
«                                                                        »
«q0_18: ─────────────────────────────────────────────────────────────────»
«                                                                        »
«q0_19: ─────────────────────────────────────────────────────────────────»
«                                                                        »
«q0_20: ─────────────────────────────────────────────────────────────────»
«                                                                        »
«q0_21: ─────────────────────────────────────────────────────────────────»
«                                                                        »
«c0: 22/═════════════════════════════════════════════════════════════════»
«                                                                        »
«                                                                        »
« q0_0: ─────────────────────────────────────────────────────────────────»
«                                                                        »
« q0_1: ─────────────────────────────────────────────────────────────────»
«                                                                        »
« q0_2: ─────────────────────────────────────────────────────────────────»
«                                                                        »
« q0_3: ─────────────────────────────────────────────────────────────────»
«                                                                        »
« q0_4: ─────────────────────────────────────────────────────────────────»
«                                                                        »
« q0_5: ─────────────────────────────────────────────────────────────────»
«                                                                        »
« q0_6: ─────────────────────────────────────────────────────────────────»
«                                                                        »
« q0_7: ─────────────────────────────────────────────────────────────────»
«                                                                        »
« q0_8: ─────────────────────────────────────────────────────────────────»
«                                                                        »
« q0_9: ─────────────────────────────────────────────────────────────────»
«                                                                        »
«q0_10: ─────────────────────────────────────────────────────────────────»
«       ┌───────────┐                                                    »
«q0_11: ┤ Rz(y[77]) ├────────────────────────────────────────────────────»
«       ├───────────┤┌───────────┐                                       »
«q0_12: ┤ Ry(y[56]) ├┤ Rz(y[78]) ├───────────────────────────────────────»
«       └───────────┘├───────────┤┌───────────┐                          »
«q0_13: ──────■──────┤ Ry(y[57]) ├┤ Rz(y[79]) ├──────────────────────────»
«           ┌─┴─┐    └───────────┘├───────────┤┌───────────┐             »
«q0_14: ────┤ X ├──────────■──────┤ Ry(y[58]) ├┤ Rz(y[80]) ├─────────────»
«           └───┘        ┌─┴─┐    └───────────┘├───────────┤┌───────────┐»
«q0_15: ─────────────────┤ X ├──────────■──────┤ Ry(y[59]) ├┤ Rz(y[81]) ├»
«                        └───┘        ┌─┴─┐    └───────────┘├───────────┤»
«q0_16: ──────────────────────────────┤ X ├──────────■──────┤ Ry(y[60]) ├»
«                                     └───┘        ┌─┴─┐    └───────────┘»
«q0_17: ───────────────────────────────────────────┤ X ├──────────■──────»
«                                                  └───┘        ┌─┴─┐    »
«q0_18: ────────────────────────────────────────────────────────┤ X ├────»
«                                                               └───┘    »
«q0_19: ─────────────────────────────────────────────────────────────────»
«                                                                        »
«q0_20: ─────────────────────────────────────────────────────────────────»
«                                                                        »
«q0_21: ─────────────────────────────────────────────────────────────────»
«                                                                        »
«c0: 22/═════════════════════════════════════════════════════════════════»
«                                                                        »
«                                                                        ┌───┐»
« q0_0: ─────────────────────────────────────────────────────────────────┤ X ├»
«                                                                        └─┬─┘»
« q0_1: ───────────────────────────────────────────────────────────────────┼──»
«                                                                          │  »
« q0_2: ───────────────────────────────────────────────────────────────────┼──»
«                                                                          │  »
« q0_3: ───────────────────────────────────────────────────────────────────┼──»
«                                                                          │  »
« q0_4: ───────────────────────────────────────────────────────────────────┼──»
«                                                                          │  »
« q0_5: ───────────────────────────────────────────────────────────────────┼──»
«                                                                          │  »
« q0_6: ───────────────────────────────────────────────────────────────────┼──»
«                                                                          │  »
« q0_7: ───────────────────────────────────────────────────────────────────┼──»
«                                                                          │  »
« q0_8: ───────────────────────────────────────────────────────────────────┼──»
«                                                                          │  »
« q0_9: ───────────────────────────────────────────────────────────────────┼──»
«                                                                          │  »
«q0_10: ───────────────────────────────────────────────────────────────────┼──»
«                                                                          │  »
«q0_11: ───────────────────────────────────────────────────────────────────┼──»
«                                                                          │  »
«q0_12: ───────────────────────────────────────────────────────────────────┼──»
«                                                                          │  »
«q0_13: ───────────────────────────────────────────────────────────────────┼──»
«                                                                          │  »
«q0_14: ───────────────────────────────────────────────────────────────────┼──»
«                                                                          │  »
«q0_15: ───────────────────────────────────────────────────────────────────┼──»
«       ┌───────────┐                                                      │  »
«q0_16: ┤ Rz(y[82]) ├──────────────────────────────────────────────────────┼──»
«       ├───────────┤┌───────────┐                                         │  »
«q0_17: ┤ Ry(y[61]) ├┤ Rz(y[83]) ├─────────────────────────────────────────┼──»
«       └───────────┘├───────────┤┌───────────┐                            │  »
«q0_18: ──────■──────┤ Ry(y[62]) ├┤ Rz(y[84]) ├────────────────────────────┼──»
«           ┌─┴─┐    └───────────┘├───────────┤┌───────────┐               │  »
«q0_19: ────┤ X ├──────────■──────┤ Ry(y[63]) ├┤ Rz(y[85]) ├───────────────┼──»
«           └───┘        ┌─┴─┐    └───────────┘├───────────┤┌───────────┐  │  »
«q0_20: ─────────────────┤ X ├──────────■──────┤ Ry(y[64]) ├┤ Rz(y[86]) ├──┼──»
«                        └───┘        ┌─┴─┐    ├───────────┤├───────────┤  │  »
«q0_21: ──────────────────────────────┤ X ├────┤ Ry(y[65]) ├┤ Rz(y[87]) ├──■──»
«                                     └───┘    └───────────┘└───────────┘     »
«c0: 22/══════════════════════════════════════════════════════════════════════»
«                                                                             »
«            ┌───────────┐┌────────────┐                            »
« q0_0: ──■──┤ Ry(y[88]) ├┤ Rz(y[110]) ├────────────────────────────»
«       ┌─┴─┐└───────────┘├───────────┬┘┌────────────┐              »
« q0_1: ┤ X ├──────■──────┤ Ry(y[89]) ├─┤ Rz(y[111]) ├──────────────»
«       └───┘    ┌─┴─┐    └───────────┘ ├───────────┬┘┌────────────┐»
« q0_2: ─────────┤ X ├──────────■───────┤ Ry(y[90]) ├─┤ Rz(y[112]) ├»
«                └───┘        ┌─┴─┐     └───────────┘ ├───────────┬┘»
« q0_3: ──────────────────────┤ X ├───────────■───────┤ Ry(y[91]) ├─»
«                             └───┘         ┌─┴─┐     └───────────┘ »
« q0_4: ────────────────────────────────────┤ X ├───────────■───────»
«                                           └───┘         ┌─┴─┐     »
« q0_5: ──────────────────────────────────────────────────┤ X ├─────»
«                                                         └───┘     »
« q0_6: ────────────────────────────────────────────────────────────»
«                                                                   »
« q0_7: ────────────────────────────────────────────────────────────»
«                                                                   »
« q0_8: ────────────────────────────────────────────────────────────»
«                                                                   »
« q0_9: ────────────────────────────────────────────────────────────»
«                                                                   »
«q0_10: ────────────────────────────────────────────────────────────»
«                                                                   »
«q0_11: ────────────────────────────────────────────────────────────»
«                                                                   »
«q0_12: ────────────────────────────────────────────────────────────»
«                                                                   »
«q0_13: ────────────────────────────────────────────────────────────»
«                                                                   »
«q0_14: ────────────────────────────────────────────────────────────»
«                                                                   »
«q0_15: ────────────────────────────────────────────────────────────»
«                                                                   »
«q0_16: ────────────────────────────────────────────────────────────»
«                                                                   »
«q0_17: ────────────────────────────────────────────────────────────»
«                                                                   »
«q0_18: ────────────────────────────────────────────────────────────»
«                                                                   »
«q0_19: ────────────────────────────────────────────────────────────»
«                                                                   »
«q0_20: ────────────────────────────────────────────────────────────»
«                                                                   »
«q0_21: ────────────────────────────────────────────────────────────»
«                                                                   »
«c0: 22/════════════════════════════════════════════════════════════»
«                                                                   »
«                                                                             »
« q0_0: ──────────────────────────────────────────────────────────────────────»
«                                                                             »
« q0_1: ──────────────────────────────────────────────────────────────────────»
«                                                                             »
« q0_2: ──────────────────────────────────────────────────────────────────────»
«       ┌────────────┐                                                        »
« q0_3: ┤ Rz(y[113]) ├────────────────────────────────────────────────────────»
«       ├───────────┬┘┌────────────┐                                          »
« q0_4: ┤ Ry(y[92]) ├─┤ Rz(y[114]) ├──────────────────────────────────────────»
«       └───────────┘ ├───────────┬┘┌────────────┐                            »
« q0_5: ──────■───────┤ Ry(y[93]) ├─┤ Rz(y[115]) ├────────────────────────────»
«           ┌─┴─┐     └───────────┘ ├───────────┬┘┌────────────┐              »
« q0_6: ────┤ X ├───────────■───────┤ Ry(y[94]) ├─┤ Rz(y[116]) ├──────────────»
«           └───┘         ┌─┴─┐     └───────────┘ ├───────────┬┘┌────────────┐»
« q0_7: ──────────────────┤ X ├───────────■───────┤ Ry(y[95]) ├─┤ Rz(y[117]) ├»
«                         └───┘         ┌─┴─┐     └───────────┘ ├───────────┬┘»
« q0_8: ────────────────────────────────┤ X ├───────────■───────┤ Ry(y[96]) ├─»
«                                       └───┘         ┌─┴─┐     └───────────┘ »
« q0_9: ──────────────────────────────────────────────┤ X ├───────────■───────»
«                                                     └───┘         ┌─┴─┐     »
«q0_10: ────────────────────────────────────────────────────────────┤ X ├─────»
«                                                                   └───┘     »
«q0_11: ──────────────────────────────────────────────────────────────────────»
«                                                                             »
«q0_12: ──────────────────────────────────────────────────────────────────────»
«                                                                             »
«q0_13: ──────────────────────────────────────────────────────────────────────»
«                                                                             »
«q0_14: ──────────────────────────────────────────────────────────────────────»
«                                                                             »
«q0_15: ──────────────────────────────────────────────────────────────────────»
«                                                                             »
«q0_16: ──────────────────────────────────────────────────────────────────────»
«                                                                             »
«q0_17: ──────────────────────────────────────────────────────────────────────»
«                                                                             »
«q0_18: ──────────────────────────────────────────────────────────────────────»
«                                                                             »
«q0_19: ──────────────────────────────────────────────────────────────────────»
«                                                                             »
«q0_20: ──────────────────────────────────────────────────────────────────────»
«                                                                             »
«q0_21: ──────────────────────────────────────────────────────────────────────»
«                                                                             »
«c0: 22/══════════════════════════════════════════════════════════════════════»
«                                                                             »
«                                                                             »
« q0_0: ──────────────────────────────────────────────────────────────────────»
«                                                                             »
« q0_1: ──────────────────────────────────────────────────────────────────────»
«                                                                             »
« q0_2: ──────────────────────────────────────────────────────────────────────»
«                                                                             »
« q0_3: ──────────────────────────────────────────────────────────────────────»
«                                                                             »
« q0_4: ──────────────────────────────────────────────────────────────────────»
«                                                                             »
« q0_5: ──────────────────────────────────────────────────────────────────────»
«                                                                             »
« q0_6: ──────────────────────────────────────────────────────────────────────»
«                                                                             »
« q0_7: ──────────────────────────────────────────────────────────────────────»
«       ┌────────────┐                                                        »
« q0_8: ┤ Rz(y[118]) ├────────────────────────────────────────────────────────»
«       ├───────────┬┘┌────────────┐                                          »
« q0_9: ┤ Ry(y[97]) ├─┤ Rz(y[119]) ├──────────────────────────────────────────»
«       └───────────┘ ├───────────┬┘┌────────────┐                            »
«q0_10: ──────■───────┤ Ry(y[98]) ├─┤ Rz(y[120]) ├────────────────────────────»
«           ┌─┴─┐     └───────────┘ ├───────────┬┘┌────────────┐              »
«q0_11: ────┤ X ├───────────■───────┤ Ry(y[99]) ├─┤ Rz(y[121]) ├──────────────»
«           └───┘         ┌─┴─┐     └───────────┘ ├────────────┤┌────────────┐»
«q0_12: ──────────────────┤ X ├───────────■───────┤ Ry(y[100]) ├┤ Rz(y[122]) ├»
«                         └───┘         ┌─┴─┐     └────────────┘├────────────┤»
«q0_13: ────────────────────────────────┤ X ├───────────■───────┤ Ry(y[101]) ├»
«                                       └───┘         ┌─┴─┐     └────────────┘»
«q0_14: ──────────────────────────────────────────────┤ X ├───────────■───────»
«                                                     └───┘         ┌─┴─┐     »
«q0_15: ────────────────────────────────────────────────────────────┤ X ├─────»
«                                                                   └───┘     »
«q0_16: ──────────────────────────────────────────────────────────────────────»
«                                                                             »
«q0_17: ──────────────────────────────────────────────────────────────────────»
«                                                                             »
«q0_18: ──────────────────────────────────────────────────────────────────────»
«                                                                             »
«q0_19: ──────────────────────────────────────────────────────────────────────»
«                                                                             »
«q0_20: ──────────────────────────────────────────────────────────────────────»
«                                                                             »
«q0_21: ──────────────────────────────────────────────────────────────────────»
«                                                                             »
«c0: 22/══════════════════════════════════════════════════════════════════════»
«                                                                             »
«                                                                             »
« q0_0: ──────────────────────────────────────────────────────────────────────»
«                                                                             »
« q0_1: ──────────────────────────────────────────────────────────────────────»
«                                                                             »
« q0_2: ──────────────────────────────────────────────────────────────────────»
«                                                                             »
« q0_3: ──────────────────────────────────────────────────────────────────────»
«                                                                             »
« q0_4: ──────────────────────────────────────────────────────────────────────»
«                                                                             »
« q0_5: ──────────────────────────────────────────────────────────────────────»
«                                                                             »
« q0_6: ──────────────────────────────────────────────────────────────────────»
«                                                                             »
« q0_7: ──────────────────────────────────────────────────────────────────────»
«                                                                             »
« q0_8: ──────────────────────────────────────────────────────────────────────»
«                                                                             »
« q0_9: ──────────────────────────────────────────────────────────────────────»
«                                                                             »
«q0_10: ──────────────────────────────────────────────────────────────────────»
«                                                                             »
«q0_11: ──────────────────────────────────────────────────────────────────────»
«                                                                             »
«q0_12: ──────────────────────────────────────────────────────────────────────»
«       ┌────────────┐                                                        »
«q0_13: ┤ Rz(y[123]) ├────────────────────────────────────────────────────────»
«       ├────────────┤┌────────────┐                                          »
«q0_14: ┤ Ry(y[102]) ├┤ Rz(y[124]) ├──────────────────────────────────────────»
«       └────────────┘├────────────┤┌────────────┐                            »
«q0_15: ──────■───────┤ Ry(y[103]) ├┤ Rz(y[125]) ├────────────────────────────»
«           ┌─┴─┐     └────────────┘├────────────┤┌────────────┐              »
«q0_16: ────┤ X ├───────────■───────┤ Ry(y[104]) ├┤ Rz(y[126]) ├──────────────»
«           └───┘         ┌─┴─┐     └────────────┘├────────────┤┌────────────┐»
«q0_17: ──────────────────┤ X ├───────────■───────┤ Ry(y[105]) ├┤ Rz(y[127]) ├»
«                         └───┘         ┌─┴─┐     └────────────┘├────────────┤»
«q0_18: ────────────────────────────────┤ X ├───────────■───────┤ Ry(y[106]) ├»
«                                       └───┘         ┌─┴─┐     └────────────┘»
«q0_19: ──────────────────────────────────────────────┤ X ├───────────■───────»
«                                                     └───┘         ┌─┴─┐     »
«q0_20: ────────────────────────────────────────────────────────────┤ X ├─────»
«                                                                   └───┘     »
«q0_21: ──────────────────────────────────────────────────────────────────────»
«                                                                             »
«c0: 22/══════════════════════════════════════════════════════════════════════»
«                                                                             »
«                                                 
« q0_0: ──────────────────────────────────────────
«                                                 
« q0_1: ──────────────────────────────────────────
«                                                 
« q0_2: ──────────────────────────────────────────
«                                                 
« q0_3: ──────────────────────────────────────────
«                                                 
« q0_4: ──────────────────────────────────────────
«                                                 
« q0_5: ──────────────────────────────────────────
«                                                 
« q0_6: ──────────────────────────────────────────
«                                                 
« q0_7: ──────────────────────────────────────────
«                                                 
« q0_8: ──────────────────────────────────────────
«                                                 
« q0_9: ──────────────────────────────────────────
«                                                 
«q0_10: ──────────────────────────────────────────
«                                                 
«q0_11: ──────────────────────────────────────────
«                                                 
«q0_12: ──────────────────────────────────────────
«                                                 
«q0_13: ──────────────────────────────────────────
«                                                 
«q0_14: ──────────────────────────────────────────
«                                                 
«q0_15: ──────────────────────────────────────────
«                                                 
«q0_16: ──────────────────────────────────────────
«                                                 
«q0_17: ──────────────────────────────────────────
«       ┌────────────┐                            
«q0_18: ┤ Rz(y[128]) ├────────────────────────────
«       ├────────────┤┌────────────┐              
«q0_19: ┤ Ry(y[107]) ├┤ Rz(y[129]) ├──────────────
«       └────────────┘├────────────┤┌────────────┐
«q0_20: ──────■───────┤ Ry(y[108]) ├┤ Rz(y[130]) ├
«           ┌─┴─┐     ├────────────┤├────────────┤
«q0_21: ────┤ X ├─────┤ Ry(y[109]) ├┤ Rz(y[131]) ├
«           └───┘     └────────────┘└────────────┘
«c0: 22/══════════════════════════════════════════
«                                                 
ansatz-state is written to ansatz.txt
building constraints...
number of constraints= 484
unique pauliops 946
graphclique-cliquecover: 946 with commutationmode disjointqubits
strategy largest_first 526
strategy random_sequential 526
strategy smallest_last 526
strategy independent_set 544
strategy connected_sequential_bfs 526
strategy connected_sequential_dfs 526
strategy saturation_largest_first 526
number of cliques 526
clique 0 ['IZXXXXXXXXXXXXXXXXXXXX']
clique 1 ['IZXXXXXXXXXXXXXXXXXXXY']
clique 2 ['ZXXXXXXXXXXXXXXXXXXXXX']
clique 3 ['IYXXXXXXXXXXXXXXXXXXXY']
clique 4 ['IYXXXXXXXXXXXXXXXXXXXX']
clique 5 ['ZXXXXXXXXXXXXXXXXXXXXY']
clique 6 ['IZXXXXXXXXXXXXXXXXXXXZ']
clique 7 ['ZXXXXXXXXXXXXXXXXXXXXZ']
clique 8 ['IYXXXXXXXXXXXXXXXXXXXZ']
clique 9 ['IIZXXXXXXXXXXXXXXXXXXX', 'IXIIIIIIIIIIIIIIIIIIII']
clique 10 ['IIZXXXXXXXXXXXXXXXXXXY', 'ZYIIIIIIIIIIIIIIIIIIII']
clique 11 ['IIYXXXXXXXXXXXXXXXXXXY', 'ZZIIIIIIIIIIIIIIIIIIII']
clique 12 ['IIYXXXXXXXXXXXXXXXXXXX']
clique 13 ['IIZXXXXXXXXXXXXXXXXXXZ']
clique 14 ['IIIIIIIIIIIIIIIIIIIIIZ', 'IZXXXXXXXXXXXXXXXXXXYI']
clique 15 ['IIYXXXXXXXXXXXXXXXXXXZ']
clique 16 ['IIIIIIIIIIIIIIIIIIIIIX', 'IYXXXXXXXXXXXXXXXXXXYI']
clique 17 ['IIIIIIIIIIIIIIIIIIIIIY', 'ZXXXXXXXXXXXXXXXXXXXYI']
clique 18 ['IZXXXXXXXXXXXXXXXXXXZI']
clique 19 ['ZXXXXXXXXXXXXXXXXXXXZI']
clique 20 ['IYXXXXXXXXXXXXXXXXXXZI']
clique 21 ['IIZXXXXXXXXXXXXXXXXXYI']
clique 22 ['IIYXXXXXXXXXXXXXXXXXYI']
clique 23 ['IIZXXXXXXXXXXXXXXXXXZI']
clique 24 ['IIYXXXXXXXXXXXXXXXXXZI']
clique 25 ['IIIZXXXXXXXXXXXXXXXXXX', 'IZYIIIIIIIIIIIIIIIIIII']
clique 26 ['IIIZXXXXXXXXXXXXXXXXXY', 'IYYIIIIIIIIIIIIIIIIIII']
clique 27 ['IIIYXXXXXXXXXXXXXXXXXY', 'ZXYIIIIIIIIIIIIIIIIIII']
clique 28 ['IIIYXXXXXXXXXXXXXXXXXX', 'IZZIIIIIIIIIIIIIIIIIII']
clique 29 ['IIIZXXXXXXXXXXXXXXXXXZ', 'ZXZIIIIIIIIIIIIIIIIIII']
clique 30 ['IIIYXXXXXXXXXXXXXXXXXZ', 'IYZIIIIIIIIIIIIIIIIIII']
clique 31 ['IIIIIIIIIIIIIIIIIIIIZX', 'IZXXXXXXXXXXXXXXXXXYII']
clique 32 ['IIIIIIIIIIIIIIIIIIIIZY', 'IYXXXXXXXXXXXXXXXXXYII']
clique 33 ['IIIIIIIIIIIIIIIIIIIIYY', 'ZXXXXXXXXXXXXXXXXXXYII']
clique 34 ['IIIIIIIIIIIIIIIIIIIIYX', 'IZXXXXXXXXXXXXXXXXXZII']
clique 35 ['IIIIIIIIIIIIIIIIIIIIZZ', 'ZXXXXXXXXXXXXXXXXXXZII']
clique 36 ['IIIIIIIIIIIIIIIIIIIIYZ', 'IYXXXXXXXXXXXXXXXXXZII']
clique 37 ['IIIZXXXXXXXXXXXXXXXXYI', 'IIXIIIIIIIIIIIIIIIIIII']
clique 38 ['IIIYXXXXXXXXXXXXXXXXYI']
clique 39 ['IIIZXXXXXXXXXXXXXXXXZI']
clique 40 ['IIIIIIIIIIIIIIIIIIIIXI', 'IIZXXXXXXXXXXXXXXXXYII']
clique 41 ['IIIYXXXXXXXXXXXXXXXXZI']
clique 42 ['IIYXXXXXXXXXXXXXXXXYII']
clique 43 ['IIZXXXXXXXXXXXXXXXXZII']
clique 44 ['IIYXXXXXXXXXXXXXXXXZII']
clique 45 ['IIIZXXXXXXXXXXXXXXXYII']
clique 46 ['IIIYXXXXXXXXXXXXXXXYII']
clique 47 ['IIIZXXXXXXXXXXXXXXXZII']
clique 48 ['IIIYXXXXXXXXXXXXXXXZII']
clique 49 ['IIIIZXXXXXXXXXXXXXXXXX', 'IZXYIIIIIIIIIIIIIIIIII']
clique 50 ['IIIIZXXXXXXXXXXXXXXXXY', 'IYXYIIIIIIIIIIIIIIIIII']
clique 51 ['IIIIYXXXXXXXXXXXXXXXXY', 'ZXXYIIIIIIIIIIIIIIIIII']
clique 52 ['IIIIYXXXXXXXXXXXXXXXXX', 'IZXZIIIIIIIIIIIIIIIIII']
clique 53 ['IIIIZXXXXXXXXXXXXXXXXZ', 'ZXXZIIIIIIIIIIIIIIIIII']
clique 54 ['IIIIYXXXXXXXXXXXXXXXXZ', 'IYXZIIIIIIIIIIIIIIIIII']
clique 55 ['IIIIIIIIIIIIIIIIIIIZXX', 'IZXXXXXXXXXXXXXXXXYIII']
clique 56 ['IIIIIIIIIIIIIIIIIIIZXY', 'IYXXXXXXXXXXXXXXXXYIII']
clique 57 ['IIIIIIIIIIIIIIIIIIIYXY', 'ZXXXXXXXXXXXXXXXXXYIII']
clique 58 ['IIIIIIIIIIIIIIIIIIIYXX', 'IZXXXXXXXXXXXXXXXXZIII']
clique 59 ['IIIIIIIIIIIIIIIIIIIZXZ', 'ZXXXXXXXXXXXXXXXXXZIII']
clique 60 ['IIIIIIIIIIIIIIIIIIIYXZ', 'IYXXXXXXXXXXXXXXXXZIII']
clique 61 ['IIIIZXXXXXXXXXXXXXXXYI', 'IIZYIIIIIIIIIIIIIIIIII']
clique 62 ['IIIIYXXXXXXXXXXXXXXXYI', 'IIYYIIIIIIIIIIIIIIIIII']
clique 63 ['IIIIZXXXXXXXXXXXXXXXZI', 'IIZZIIIIIIIIIIIIIIIIII']
clique 64 ['IIIIYXXXXXXXXXXXXXXXZI', 'IIYZIIIIIIIIIIIIIIIIII']
clique 65 ['IIIIIIIIIIIIIIIIIIIZYI', 'IIZXXXXXXXXXXXXXXXYIII']
clique 66 ['IIIIIIIIIIIIIIIIIIIYYI', 'IIYXXXXXXXXXXXXXXXYIII']
clique 67 ['IIIIIIIIIIIIIIIIIIIZZI', 'IIZXXXXXXXXXXXXXXXZIII']
clique 68 ['IIIIIIIIIIIIIIIIIIIYZI', 'IIYXXXXXXXXXXXXXXXZIII']
clique 69 ['IIIIZXXXXXXXXXXXXXXYII', 'IIIXIIIIIIIIIIIIIIIIII']
clique 70 ['IIIIYXXXXXXXXXXXXXXYII']
clique 71 ['IIIIZXXXXXXXXXXXXXXZII']
clique 72 ['IIIIIIIIIIIIIIIIIIIXII', 'IIIZXXXXXXXXXXXXXXYIII']
clique 73 ['IIIIYXXXXXXXXXXXXXXZII']
clique 74 ['IIIYXXXXXXXXXXXXXXYIII']
clique 75 ['IIIZXXXXXXXXXXXXXXZIII']
clique 76 ['IIIYXXXXXXXXXXXXXXZIII']
clique 77 ['IIIIIZXXXXXXXXXXXXXXXX', 'IZXXYIIIIIIIIIIIIIIIII']
clique 78 ['IIIIIZXXXXXXXXXXXXXXXY', 'IYXXYIIIIIIIIIIIIIIIII']
clique 79 ['IIIIIYXXXXXXXXXXXXXXXY', 'ZXXXYIIIIIIIIIIIIIIIII']
clique 80 ['IIIIIYXXXXXXXXXXXXXXXX', 'IZXXZIIIIIIIIIIIIIIIII']
clique 81 ['IIIIIZXXXXXXXXXXXXXXXZ', 'ZXXXZIIIIIIIIIIIIIIIII']
clique 82 ['IIIIIYXXXXXXXXXXXXXXXZ', 'IYXXZIIIIIIIIIIIIIIIII']
clique 83 ['IIIIIIIIIIIIIIIIIIZXXX', 'IZXXXXXXXXXXXXXXXYIIII']
clique 84 ['IIIIIIIIIIIIIIIIIIZXXY', 'IYXXXXXXXXXXXXXXXYIIII']
clique 85 ['IIIIIIIIIIIIIIIIIIYXXY', 'ZXXXXXXXXXXXXXXXXYIIII']
clique 86 ['IIIIIIIIIIIIIIIIIIYXXX', 'IZXXXXXXXXXXXXXXXZIIII']
clique 87 ['IIIIIIIIIIIIIIIIIIZXXZ', 'ZXXXXXXXXXXXXXXXXZIIII']
clique 88 ['IIIIIIIIIIIIIIIIIIYXXZ', 'IYXXXXXXXXXXXXXXXZIIII']
clique 89 ['IIIIIZXXXXXXXXXXXXXXYI', 'IIZXYIIIIIIIIIIIIIIIII']
clique 90 ['IIIIIYXXXXXXXXXXXXXXYI', 'IIYXYIIIIIIIIIIIIIIIII']
clique 91 ['IIIIIZXXXXXXXXXXXXXXZI', 'IIZXZIIIIIIIIIIIIIIIII']
clique 92 ['IIIIIYXXXXXXXXXXXXXXZI', 'IIYXZIIIIIIIIIIIIIIIII']
clique 93 ['IIIIIIIIIIIIIIIIIIZXYI', 'IIZXXXXXXXXXXXXXXYIIII']
clique 94 ['IIIIIIIIIIIIIIIIIIYXYI', 'IIYXXXXXXXXXXXXXXYIIII']
clique 95 ['IIIIIIIIIIIIIIIIIIZXZI', 'IIZXXXXXXXXXXXXXXZIIII']
clique 96 ['IIIIIIIIIIIIIIIIIIYXZI', 'IIYXXXXXXXXXXXXXXZIIII']
clique 97 ['IIIIZXXXXXXXXXXXXXYIII']
clique 98 ['IIIIYXXXXXXXXXXXXXYIII']
clique 99 ['IIIIZXXXXXXXXXXXXXZIII']
clique 100 ['IIIIYXXXXXXXXXXXXXZIII']
clique 101 ['IIIIIZXXXXXXXXXXXXXYII', 'IIIZYIIIIIIIIIIIIIIIII']
clique 102 ['IIIIIYXXXXXXXXXXXXXYII', 'IIIYYIIIIIIIIIIIIIIIII']
clique 103 ['IIIIIZXXXXXXXXXXXXXZII', 'IIIZZIIIIIIIIIIIIIIIII']
clique 104 ['IIIIIYXXXXXXXXXXXXXZII', 'IIIYZIIIIIIIIIIIIIIIII']
clique 105 ['IIIIIIIIIIIIIIIIIIZYII', 'IIIZXXXXXXXXXXXXXYIIII']
clique 106 ['IIIIIIIIIIIIIIIIIIYYII', 'IIIYXXXXXXXXXXXXXYIIII']
clique 107 ['IIIIIIIIIIIIIIIIIIZZII', 'IIIZXXXXXXXXXXXXXZIIII']
clique 108 ['IIIIIIIIIIIIIIIIIIYZII', 'IIIYXXXXXXXXXXXXXZIIII']
clique 109 ['IIIIIIZXXXXXXXXXXXXXXX', 'IZXXXYIIIIIIIIIIIIIIII']
clique 110 ['IIIIIIZXXXXXXXXXXXXXXY', 'IYXXXYIIIIIIIIIIIIIIII']
clique 111 ['IIIIIIYXXXXXXXXXXXXXXY', 'ZXXXXYIIIIIIIIIIIIIIII']
clique 112 ['IIIIIIYXXXXXXXXXXXXXXX', 'IZXXXZIIIIIIIIIIIIIIII']
clique 113 ['IIIIIIZXXXXXXXXXXXXXXZ', 'ZXXXXZIIIIIIIIIIIIIIII']
clique 114 ['IIIIIIYXXXXXXXXXXXXXXZ', 'IYXXXZIIIIIIIIIIIIIIII']
clique 115 ['IIIIIIIIIIIIIIIIIZXXXX', 'IZXXXXXXXXXXXXXXYIIIII']
clique 116 ['IIIIIIIIIIIIIIIIIZXXXY', 'IYXXXXXXXXXXXXXXYIIIII']
clique 117 ['IIIIIIIIIIIIIIIIIYXXXY', 'ZXXXXXXXXXXXXXXXYIIIII']
clique 118 ['IIIIIIIIIIIIIIIIIYXXXX', 'IZXXXXXXXXXXXXXXZIIIII']
clique 119 ['IIIIIIIIIIIIIIIIIZXXXZ', 'ZXXXXXXXXXXXXXXXZIIIII']
clique 120 ['IIIIIIIIIIIIIIIIIYXXXZ', 'IYXXXXXXXXXXXXXXZIIIII']
clique 121 ['IIIIIZXXXXXXXXXXXXYIII', 'IIIIXIIIIIIIIIIIIIIIII']
clique 122 ['IIIIIYXXXXXXXXXXXXYIII']
clique 123 ['IIIIIZXXXXXXXXXXXXZIII']
clique 124 ['IIIIIIIIIIIIIIIIIIXIII', 'IIIIZXXXXXXXXXXXXYIIII']
clique 125 ['IIIIIYXXXXXXXXXXXXZIII']
clique 126 ['IIIIYXXXXXXXXXXXXYIIII']
clique 127 ['IIIIZXXXXXXXXXXXXZIIII']
clique 128 ['IIIIYXXXXXXXXXXXXZIIII']
clique 129 ['IIIIIIZXXXXXXXXXXXXXYI', 'IIZXXYIIIIIIIIIIIIIIII']
clique 130 ['IIIIIIYXXXXXXXXXXXXXYI', 'IIYXXYIIIIIIIIIIIIIIII']
clique 131 ['IIIIIIZXXXXXXXXXXXXXZI', 'IIZXXZIIIIIIIIIIIIIIII']
clique 132 ['IIIIIIYXXXXXXXXXXXXXZI', 'IIYXXZIIIIIIIIIIIIIIII']
clique 133 ['IIIIIIIIIIIIIIIIIZXXYI', 'IIZXXXXXXXXXXXXXYIIIII']
clique 134 ['IIIIIIIIIIIIIIIIIYXXYI', 'IIYXXXXXXXXXXXXXYIIIII']
clique 135 ['IIIIIIIIIIIIIIIIIZXXZI', 'IIZXXXXXXXXXXXXXZIIIII']
clique 136 ['IIIIIIIIIIIIIIIIIYXXZI', 'IIYXXXXXXXXXXXXXZIIIII']
clique 137 ['IIIIIIZXXXXXXXXXXXXYII', 'IIIZXYIIIIIIIIIIIIIIII']
clique 138 ['IIIIIIYXXXXXXXXXXXXYII', 'IIIYXYIIIIIIIIIIIIIIII']
clique 139 ['IIIIIIZXXXXXXXXXXXXZII', 'IIIZXZIIIIIIIIIIIIIIII']
clique 140 ['IIIIIIYXXXXXXXXXXXXZII', 'IIIYXZIIIIIIIIIIIIIIII']
clique 141 ['IIIIIIIIIIIIIIIIIZXYII', 'IIIZXXXXXXXXXXXXYIIIII']
clique 142 ['IIIIIIIIIIIIIIIIIYXYII', 'IIIYXXXXXXXXXXXXYIIIII']
clique 143 ['IIIIIIIIIIIIIIIIIZXZII', 'IIIZXXXXXXXXXXXXZIIIII']
clique 144 ['IIIIIIIIIIIIIIIIIYXZII', 'IIIYXXXXXXXXXXXXZIIIII']
clique 145 ['IIIIIZXXXXXXXXXXXYIIII']
clique 146 ['IIIIIYXXXXXXXXXXXYIIII']
clique 147 ['IIIIIZXXXXXXXXXXXZIIII']
clique 148 ['IIIIIYXXXXXXXXXXXZIIII']
clique 149 ['IIIIIIZXXXXXXXXXXXYIII', 'IIIIZYIIIIIIIIIIIIIIII']
clique 150 ['IIIIIIYXXXXXXXXXXXYIII', 'IIIIYYIIIIIIIIIIIIIIII']
clique 151 ['IIIIIIZXXXXXXXXXXXZIII', 'IIIIZZIIIIIIIIIIIIIIII']
clique 152 ['IIIIIIYXXXXXXXXXXXZIII', 'IIIIYZIIIIIIIIIIIIIIII']
clique 153 ['IIIIIIIIIIIIIIIIIZYIII', 'IIIIZXXXXXXXXXXXYIIIII']
clique 154 ['IIIIIIIIIIIIIIIIIYYIII', 'IIIIYXXXXXXXXXXXYIIIII']
clique 155 ['IIIIIIIIIIIIIIIIIZZIII', 'IIIIZXXXXXXXXXXXZIIIII']
clique 156 ['IIIIIIIIIIIIIIIIIYZIII', 'IIIIYXXXXXXXXXXXZIIIII']
clique 157 ['IIIIIIIZXXXXXXXXXXXXXX', 'IZXXXXYIIIIIIIIIIIIIII']
clique 158 ['IIIIIIIZXXXXXXXXXXXXXY', 'IYXXXXYIIIIIIIIIIIIIII']
clique 159 ['IIIIIIIYXXXXXXXXXXXXXY', 'ZXXXXXYIIIIIIIIIIIIIII']
clique 160 ['IIIIIIIYXXXXXXXXXXXXXX', 'IZXXXXZIIIIIIIIIIIIIII']
clique 161 ['IIIIIIIZXXXXXXXXXXXXXZ', 'ZXXXXXZIIIIIIIIIIIIIII']
clique 162 ['IIIIIIIYXXXXXXXXXXXXXZ', 'IYXXXXZIIIIIIIIIIIIIII']
clique 163 ['IIIIIIIIIIIIIIIIZXXXXX', 'IZXXXXXXXXXXXXXYIIIIII']
clique 164 ['IIIIIIIIIIIIIIIIZXXXXY', 'IYXXXXXXXXXXXXXYIIIIII']
clique 165 ['IIIIIIIIIIIIIIIIYXXXXY', 'ZXXXXXXXXXXXXXXYIIIIII']
clique 166 ['IIIIIIIIIIIIIIIIYXXXXX', 'IZXXXXXXXXXXXXXZIIIIII']
clique 167 ['IIIIIIIIIIIIIIIIZXXXXZ', 'ZXXXXXXXXXXXXXXZIIIIII']
clique 168 ['IIIIIIIIIIIIIIIIYXXXXZ', 'IYXXXXXXXXXXXXXZIIIIII']
clique 169 ['IIIIIIIZXXXXXXXXXXXXYI', 'IIZXXXYIIIIIIIIIIIIIII']
clique 170 ['IIIIIIIYXXXXXXXXXXXXYI', 'IIYXXXYIIIIIIIIIIIIIII']
clique 171 ['IIIIIIIZXXXXXXXXXXXXZI', 'IIZXXXZIIIIIIIIIIIIIII']
clique 172 ['IIIIIIIYXXXXXXXXXXXXZI', 'IIYXXXZIIIIIIIIIIIIIII']
clique 173 ['IIIIIIIIIIIIIIIIZXXXYI', 'IIZXXXXXXXXXXXXYIIIIII']
clique 174 ['IIIIIIIIIIIIIIIIYXXXYI', 'IIYXXXXXXXXXXXXYIIIIII']
clique 175 ['IIIIIIIIIIIIIIIIZXXXZI', 'IIZXXXXXXXXXXXXZIIIIII']
clique 176 ['IIIIIIIIIIIIIIIIYXXXZI', 'IIYXXXXXXXXXXXXZIIIIII']
clique 177 ['IIIIIIIZXXXXXXXXXXXYII', 'IIIZXXYIIIIIIIIIIIIIII']
clique 178 ['IIIIIIIYXXXXXXXXXXXYII', 'IIIYXXYIIIIIIIIIIIIIII']
clique 179 ['IIIIIIIZXXXXXXXXXXXZII', 'IIIZXXZIIIIIIIIIIIIIII']
clique 180 ['IIIIIIIYXXXXXXXXXXXZII', 'IIIYXXZIIIIIIIIIIIIIII']
clique 181 ['IIIIIIIIIIIIIIIIZXXYII', 'IIIZXXXXXXXXXXXYIIIIII']
clique 182 ['IIIIIIIIIIIIIIIIYXXYII', 'IIIYXXXXXXXXXXXYIIIIII']
clique 183 ['IIIIIIIIIIIIIIIIZXXZII', 'IIIZXXXXXXXXXXXZIIIIII']
clique 184 ['IIIIIIIIIIIIIIIIYXXZII', 'IIIYXXXXXXXXXXXZIIIIII']
clique 185 ['IIIIIIZXXXXXXXXXXYIIII', 'IIIIIXIIIIIIIIIIIIIIII']
clique 186 ['IIIIIIYXXXXXXXXXXYIIII']
clique 187 ['IIIIIIZXXXXXXXXXXZIIII']
clique 188 ['IIIIIIIIIIIIIIIIIXIIII', 'IIIIIZXXXXXXXXXXYIIIII']
clique 189 ['IIIIIIYXXXXXXXXXXZIIII']
clique 190 ['IIIIIYXXXXXXXXXXYIIIII']
clique 191 ['IIIIIZXXXXXXXXXXZIIIII']
clique 192 ['IIIIIYXXXXXXXXXXZIIIII']
clique 193 ['IIIIIIIZXXXXXXXXXXYIII', 'IIIIZXYIIIIIIIIIIIIIII']
clique 194 ['IIIIIIIYXXXXXXXXXXYIII', 'IIIIYXYIIIIIIIIIIIIIII']
clique 195 ['IIIIIIIZXXXXXXXXXXZIII', 'IIIIZXZIIIIIIIIIIIIIII']
clique 196 ['IIIIIIIYXXXXXXXXXXZIII', 'IIIIYXZIIIIIIIIIIIIIII']
clique 197 ['IIIIIIIIIIIIIIIIZXYIII', 'IIIIZXXXXXXXXXXYIIIIII']
clique 198 ['IIIIIIIIIIIIIIIIYXYIII', 'IIIIYXXXXXXXXXXYIIIIII']
clique 199 ['IIIIIIIIIIIIIIIIZXZIII', 'IIIIZXXXXXXXXXXZIIIIII']
clique 200 ['IIIIIIIIIIIIIIIIYXZIII', 'IIIIYXXXXXXXXXXZIIIIII']
clique 201 ['IIIIIIIIZXXXXXXXXXXXXX', 'IZXXXXXYIIIIIIIIIIIIII']
clique 202 ['IIIIIIIIZXXXXXXXXXXXXY', 'IYXXXXXYIIIIIIIIIIIIII']
clique 203 ['IIIIIIIIYXXXXXXXXXXXXY', 'ZXXXXXXYIIIIIIIIIIIIII']
clique 204 ['IIIIIIIIYXXXXXXXXXXXXX', 'IZXXXXXZIIIIIIIIIIIIII']
clique 205 ['IIIIIIIIZXXXXXXXXXXXXZ', 'ZXXXXXXZIIIIIIIIIIIIII']
clique 206 ['IIIIIIIIYXXXXXXXXXXXXZ', 'IYXXXXXZIIIIIIIIIIIIII']
clique 207 ['IIIIIIIIIIIIIIIZXXXXXX', 'IZXXXXXXXXXXXXYIIIIIII']
clique 208 ['IIIIIIIIIIIIIIIZXXXXXY', 'IYXXXXXXXXXXXXYIIIIIII']
clique 209 ['IIIIIIIIIIIIIIIYXXXXXY', 'ZXXXXXXXXXXXXXYIIIIIII']
clique 210 ['IIIIIIIIIIIIIIIYXXXXXX', 'IZXXXXXXXXXXXXZIIIIIII']
clique 211 ['IIIIIIIIIIIIIIIZXXXXXZ', 'ZXXXXXXXXXXXXXZIIIIIII']
clique 212 ['IIIIIIIIIIIIIIIYXXXXXZ', 'IYXXXXXXXXXXXXZIIIIIII']
clique 213 ['IIIIIIIIZXXXXXXXXXXXYI', 'IIZXXXXYIIIIIIIIIIIIII']
clique 214 ['IIIIIIIIYXXXXXXXXXXXYI', 'IIYXXXXYIIIIIIIIIIIIII']
clique 215 ['IIIIIIIIZXXXXXXXXXXXZI', 'IIZXXXXZIIIIIIIIIIIIII']
clique 216 ['IIIIIIIIYXXXXXXXXXXXZI', 'IIYXXXXZIIIIIIIIIIIIII']
clique 217 ['IIIIIIIIIIIIIIIZXXXXYI', 'IIZXXXXXXXXXXXYIIIIIII']
clique 218 ['IIIIIIIIIIIIIIIYXXXXYI', 'IIYXXXXXXXXXXXYIIIIIII']
clique 219 ['IIIIIIIIIIIIIIIZXXXXZI', 'IIZXXXXXXXXXXXZIIIIIII']
clique 220 ['IIIIIIIIIIIIIIIYXXXXZI', 'IIYXXXXXXXXXXXZIIIIIII']
clique 221 ['IIIIIIZXXXXXXXXXYIIIII']
clique 222 ['IIIIIIYXXXXXXXXXYIIIII']
clique 223 ['IIIIIIZXXXXXXXXXZIIIII']
clique 224 ['IIIIIIYXXXXXXXXXZIIIII']
clique 225 ['IIIIIIIZXXXXXXXXXYIIII', 'IIIIIZYIIIIIIIIIIIIIII']
clique 226 ['IIIIIIIYXXXXXXXXXYIIII', 'IIIIIYYIIIIIIIIIIIIIII']
clique 227 ['IIIIIIIZXXXXXXXXXZIIII', 'IIIIIZZIIIIIIIIIIIIIII']
clique 228 ['IIIIIIIYXXXXXXXXXZIIII', 'IIIIIYZIIIIIIIIIIIIIII']
clique 229 ['IIIIIIIIIIIIIIIIZYIIII', 'IIIIIZXXXXXXXXXYIIIIII']
clique 230 ['IIIIIIIIIIIIIIIIYYIIII', 'IIIIIYXXXXXXXXXYIIIIII']
clique 231 ['IIIIIIIIIIIIIIIIZZIIII', 'IIIIIZXXXXXXXXXZIIIIII']
clique 232 ['IIIIIIIIIIIIIIIIYZIIII', 'IIIIIYXXXXXXXXXZIIIIII']
clique 233 ['IIIIIIIIZXXXXXXXXXXYII', 'IIIZXXXYIIIIIIIIIIIIII']
clique 234 ['IIIIIIIIYXXXXXXXXXXYII', 'IIIYXXXYIIIIIIIIIIIIII']
clique 235 ['IIIIIIIIZXXXXXXXXXXZII', 'IIIZXXXZIIIIIIIIIIIIII']
clique 236 ['IIIIIIIIYXXXXXXXXXXZII', 'IIIYXXXZIIIIIIIIIIIIII']
clique 237 ['IIIIIIIIIIIIIIIZXXXYII', 'IIIZXXXXXXXXXXYIIIIIII']
clique 238 ['IIIIIIIIIIIIIIIYXXXYII', 'IIIYXXXXXXXXXXYIIIIIII']
clique 239 ['IIIIIIIIIIIIIIIZXXXZII', 'IIIZXXXXXXXXXXZIIIIIII']
clique 240 ['IIIIIIIIIIIIIIIYXXXZII', 'IIIYXXXXXXXXXXZIIIIIII']
clique 241 ['IIIIIIIIZXXXXXXXXXYIII', 'IIIIZXXYIIIIIIIIIIIIII']
clique 242 ['IIIIIIIIYXXXXXXXXXYIII', 'IIIIYXXYIIIIIIIIIIIIII']
clique 243 ['IIIIIIIIZXXXXXXXXXZIII', 'IIIIZXXZIIIIIIIIIIIIII']
clique 244 ['IIIIIIIIYXXXXXXXXXZIII', 'IIIIYXXZIIIIIIIIIIIIII']
clique 245 ['IIIIIIIIIIIIIIIZXXYIII', 'IIIIZXXXXXXXXXYIIIIIII']
clique 246 ['IIIIIIIIIIIIIIIYXXYIII', 'IIIIYXXXXXXXXXYIIIIIII']
clique 247 ['IIIIIIIIIIIIIIIZXXZIII', 'IIIIZXXXXXXXXXZIIIIIII']
clique 248 ['IIIIIIIIIIIIIIIYXXZIII', 'IIIIYXXXXXXXXXZIIIIIII']
clique 249 ['IIIIIIIZXXXXXXXXYIIIII', 'IIIIIIXIIIIIIIIIIIIIII']
clique 250 ['IIIIIIIYXXXXXXXXYIIIII']
clique 251 ['IIIIIIIZXXXXXXXXZIIIII']
clique 252 ['IIIIIIIIIIIIIIIIXIIIII', 'IIIIIIZXXXXXXXXYIIIIII']
clique 253 ['IIIIIIIYXXXXXXXXZIIIII']
clique 254 ['IIIIIIYXXXXXXXXYIIIIII']
clique 255 ['IIIIIIZXXXXXXXXZIIIIII']
clique 256 ['IIIIIIYXXXXXXXXZIIIIII']
clique 257 ['IIIIIIIIIZXXXXXXXXXXXX', 'IZXXXXXXYIIIIIIIIIIIII']
clique 258 ['IIIIIIIIIZXXXXXXXXXXXY', 'IYXXXXXXYIIIIIIIIIIIII']
clique 259 ['IIIIIIIIIYXXXXXXXXXXXY', 'ZXXXXXXXYIIIIIIIIIIIII']
clique 260 ['IIIIIIIIIYXXXXXXXXXXXX', 'IZXXXXXXZIIIIIIIIIIIII']
clique 261 ['IIIIIIIIIZXXXXXXXXXXXZ', 'ZXXXXXXXZIIIIIIIIIIIII']
clique 262 ['IIIIIIIIIYXXXXXXXXXXXZ', 'IYXXXXXXZIIIIIIIIIIIII']
clique 263 ['IIIIIIIIIIIIIIZXXXXXXX', 'IZXXXXXXXXXXXYIIIIIIII']
clique 264 ['IIIIIIIIIIIIIIZXXXXXXY', 'IYXXXXXXXXXXXYIIIIIIII']
clique 265 ['IIIIIIIIIIIIIIYXXXXXXY', 'ZXXXXXXXXXXXXYIIIIIIII']
clique 266 ['IIIIIIIIIIIIIIYXXXXXXX', 'IZXXXXXXXXXXXZIIIIIIII']
clique 267 ['IIIIIIIIIIIIIIZXXXXXXZ', 'ZXXXXXXXXXXXXZIIIIIIII']
clique 268 ['IIIIIIIIIIIIIIYXXXXXXZ', 'IYXXXXXXXXXXXZIIIIIIII']
clique 269 ['IIIIIIIIIZXXXXXXXXXXYI', 'IIZXXXXXYIIIIIIIIIIIII']
clique 270 ['IIIIIIIIIYXXXXXXXXXXYI', 'IIYXXXXXYIIIIIIIIIIIII']
clique 271 ['IIIIIIIIIZXXXXXXXXXXZI', 'IIZXXXXXZIIIIIIIIIIIII']
clique 272 ['IIIIIIIIIYXXXXXXXXXXZI', 'IIYXXXXXZIIIIIIIIIIIII']
clique 273 ['IIIIIIIIIIIIIIZXXXXXYI', 'IIZXXXXXXXXXXYIIIIIIII']
clique 274 ['IIIIIIIIIIIIIIYXXXXXYI', 'IIYXXXXXXXXXXYIIIIIIII']
clique 275 ['IIIIIIIIIIIIIIZXXXXXZI', 'IIZXXXXXXXXXXZIIIIIIII']
clique 276 ['IIIIIIIIIIIIIIYXXXXXZI', 'IIYXXXXXXXXXXZIIIIIIII']
clique 277 ['IIIIIIIIZXXXXXXXXYIIII', 'IIIIIZXYIIIIIIIIIIIIII']
clique 278 ['IIIIIIIIYXXXXXXXXYIIII', 'IIIIIYXYIIIIIIIIIIIIII']
clique 279 ['IIIIIIIIZXXXXXXXXZIIII', 'IIIIIZXZIIIIIIIIIIIIII']
clique 280 ['IIIIIIIIYXXXXXXXXZIIII', 'IIIIIYXZIIIIIIIIIIIIII']
clique 281 ['IIIIIIIIIIIIIIIZXYIIII', 'IIIIIZXXXXXXXXYIIIIIII']
clique 282 ['IIIIIIIIIIIIIIIYXYIIII', 'IIIIIYXXXXXXXXYIIIIIII']
clique 283 ['IIIIIIIIIIIIIIIZXZIIII', 'IIIIIZXXXXXXXXZIIIIIII']
clique 284 ['IIIIIIIIIIIIIIIYXZIIII', 'IIIIIYXXXXXXXXZIIIIIII']
clique 285 ['IIIIIIIIIZXXXXXXXXXYII', 'IIIZXXXXYIIIIIIIIIIIII']
clique 286 ['IIIIIIIIIYXXXXXXXXXYII', 'IIIYXXXXYIIIIIIIIIIIII']
clique 287 ['IIIIIIIIIZXXXXXXXXXZII', 'IIIZXXXXZIIIIIIIIIIIII']
clique 288 ['IIIIIIIIIYXXXXXXXXXZII', 'IIIYXXXXZIIIIIIIIIIIII']
clique 289 ['IIIIIIIIIIIIIIZXXXXYII', 'IIIZXXXXXXXXXYIIIIIIII']
clique 290 ['IIIIIIIIIIIIIIYXXXXYII', 'IIIYXXXXXXXXXYIIIIIIII']
clique 291 ['IIIIIIIIIIIIIIZXXXXZII', 'IIIZXXXXXXXXXZIIIIIIII']
clique 292 ['IIIIIIIIIIIIIIYXXXXZII', 'IIIYXXXXXXXXXZIIIIIIII']
clique 293 ['IIIIIIIZXXXXXXXYIIIIII']
clique 294 ['IIIIIIIYXXXXXXXYIIIIII']
clique 295 ['IIIIIIIZXXXXXXXZIIIIII']
clique 296 ['IIIIIIIYXXXXXXXZIIIIII']
clique 297 ['IIIIIIIIIZXXXXXXXXYIII', 'IIIIZXXXYIIIIIIIIIIIII']
clique 298 ['IIIIIIIIIYXXXXXXXXYIII', 'IIIIYXXXYIIIIIIIIIIIII']
clique 299 ['IIIIIIIIIZXXXXXXXXZIII', 'IIIIZXXXZIIIIIIIIIIIII']
clique 300 ['IIIIIIIIIYXXXXXXXXZIII', 'IIIIYXXXZIIIIIIIIIIIII']
clique 301 ['IIIIIIIIIIIIIIZXXXYIII', 'IIIIZXXXXXXXXYIIIIIIII']
clique 302 ['IIIIIIIIIIIIIIYXXXYIII', 'IIIIYXXXXXXXXYIIIIIIII']
clique 303 ['IIIIIIIIIIIIIIZXXXZIII', 'IIIIZXXXXXXXXZIIIIIIII']
clique 304 ['IIIIIIIIIIIIIIYXXXZIII', 'IIIIYXXXXXXXXZIIIIIIII']
clique 305 ['IIIIIIIIZXXXXXXXYIIIII', 'IIIIIIZYIIIIIIIIIIIIII']
clique 306 ['IIIIIIIIYXXXXXXXYIIIII', 'IIIIIIYYIIIIIIIIIIIIII']
clique 307 ['IIIIIIIIZXXXXXXXZIIIII', 'IIIIIIZZIIIIIIIIIIIIII']
clique 308 ['IIIIIIIIYXXXXXXXZIIIII', 'IIIIIIYZIIIIIIIIIIIIII']
clique 309 ['IIIIIIIIIIIIIIIZYIIIII', 'IIIIIIZXXXXXXXYIIIIIII']
clique 310 ['IIIIIIIIIIIIIIIYYIIIII', 'IIIIIIYXXXXXXXYIIIIIII']
clique 311 ['IIIIIIIIIIIIIIIZZIIIII', 'IIIIIIZXXXXXXXZIIIIIII']
clique 312 ['IIIIIIIIIIIIIIIYZIIIII', 'IIIIIIYXXXXXXXZIIIIIII']
clique 313 ['IIIIIIIIIIZXXXXXXXXXXX', 'IZXXXXXXXYIIIIIIIIIIII']
clique 314 ['IIIIIIIIIIZXXXXXXXXXXY', 'IYXXXXXXXYIIIIIIIIIIII']
clique 315 ['IIIIIIIIIIYXXXXXXXXXXY', 'ZXXXXXXXXYIIIIIIIIIIII']
clique 316 ['IIIIIIIIIIYXXXXXXXXXXX', 'IZXXXXXXXZIIIIIIIIIIII']
clique 317 ['IIIIIIIIIIZXXXXXXXXXXZ', 'ZXXXXXXXXZIIIIIIIIIIII']
clique 318 ['IIIIIIIIIIYXXXXXXXXXXZ', 'IYXXXXXXXZIIIIIIIIIIII']
clique 319 ['IIIIIIIIIIIIIZXXXXXXXX', 'IZXXXXXXXXXXYIIIIIIIII']
clique 320 ['IIIIIIIIIIIIIZXXXXXXXY', 'IYXXXXXXXXXXYIIIIIIIII']
clique 321 ['IIIIIIIIIIIIIYXXXXXXXY', 'ZXXXXXXXXXXXYIIIIIIIII']
clique 322 ['IIIIIIIIIIIIIYXXXXXXXX', 'IZXXXXXXXXXXZIIIIIIIII']
clique 323 ['IIIIIIIIIIIIIZXXXXXXXZ', 'ZXXXXXXXXXXXZIIIIIIIII']
clique 324 ['IIIIIIIIIIIIIYXXXXXXXZ', 'IYXXXXXXXXXXZIIIIIIIII']
clique 325 ['IIIIIIIIIZXXXXXXXYIIII', 'IIIIIZXXYIIIIIIIIIIIII']
clique 326 ['IIIIIIIIIYXXXXXXXYIIII', 'IIIIIYXXYIIIIIIIIIIIII']
clique 327 ['IIIIIIIIIZXXXXXXXZIIII', 'IIIIIZXXZIIIIIIIIIIIII']
clique 328 ['IIIIIIIIIYXXXXXXXZIIII', 'IIIIIYXXZIIIIIIIIIIIII']
clique 329 ['IIIIIIIIIIIIIIZXXYIIII', 'IIIIIZXXXXXXXYIIIIIIII']
clique 330 ['IIIIIIIIIIIIIIYXXYIIII', 'IIIIIYXXXXXXXYIIIIIIII']
clique 331 ['IIIIIIIIIIIIIIZXXZIIII', 'IIIIIZXXXXXXXZIIIIIIII']
clique 332 ['IIIIIIIIIIIIIIYXXZIIII', 'IIIIIYXXXXXXXZIIIIIIII']
clique 333 ['IIIIIIIIIIZXXXXXXXXXYI', 'IIZXXXXXXYIIIIIIIIIIII']
clique 334 ['IIIIIIIIIIYXXXXXXXXXYI', 'IIYXXXXXXYIIIIIIIIIIII']
clique 335 ['IIIIIIIIIIZXXXXXXXXXZI', 'IIZXXXXXXZIIIIIIIIIIII']
clique 336 ['IIIIIIIIIIYXXXXXXXXXZI', 'IIYXXXXXXZIIIIIIIIIIII']
clique 337 ['IIIIIIIIIIIIIZXXXXXXYI', 'IIZXXXXXXXXXYIIIIIIIII']
clique 338 ['IIIIIIIIIIIIIYXXXXXXYI', 'IIYXXXXXXXXXYIIIIIIIII']
clique 339 ['IIIIIIIIIIIIIZXXXXXXZI', 'IIZXXXXXXXXXZIIIIIIIII']
clique 340 ['IIIIIIIIIIIIIYXXXXXXZI', 'IIYXXXXXXXXXZIIIIIIIII']
clique 341 ['IIIIIIIIIIZXXXXXXXXYII', 'IIIZXXXXXYIIIIIIIIIIII']
clique 342 ['IIIIIIIIIIYXXXXXXXXYII', 'IIIYXXXXXYIIIIIIIIIIII']
clique 343 ['IIIIIIIIIIZXXXXXXXXZII', 'IIIZXXXXXZIIIIIIIIIIII']
clique 344 ['IIIIIIIIIIYXXXXXXXXZII', 'IIIYXXXXXZIIIIIIIIIIII']
clique 345 ['IIIIIIIIIIIIIZXXXXXYII', 'IIIZXXXXXXXXYIIIIIIIII']
clique 346 ['IIIIIIIIIIIIIYXXXXXYII', 'IIIYXXXXXXXXYIIIIIIIII']
clique 347 ['IIIIIIIIIIIIIZXXXXXZII', 'IIIZXXXXXXXXZIIIIIIIII']
clique 348 ['IIIIIIIIIIIIIYXXXXXZII', 'IIIYXXXXXXXXZIIIIIIIII']
clique 349 ['IIIIIIIIZXXXXXXYIIIIII', 'IIIIIIIXIIIIIIIIIIIIII']
clique 350 ['IIIIIIIIYXXXXXXYIIIIII']
clique 351 ['IIIIIIIIZXXXXXXZIIIIII']
clique 352 ['IIIIIIIIIIIIIIIXIIIIII', 'IIIIIIIZXXXXXXYIIIIIII']
clique 353 ['IIIIIIIIYXXXXXXZIIIIII']
clique 354 ['IIIIIIIYXXXXXXYIIIIIII']
clique 355 ['IIIIIIIZXXXXXXZIIIIIII']
clique 356 ['IIIIIIIYXXXXXXZIIIIIII']
clique 357 ['IIIIIIIIIZXXXXXXYIIIII', 'IIIIIIZXYIIIIIIIIIIIII']
clique 358 ['IIIIIIIIIYXXXXXXYIIIII', 'IIIIIIYXYIIIIIIIIIIIII']
clique 359 ['IIIIIIIIIZXXXXXXZIIIII', 'IIIIIIZXZIIIIIIIIIIIII']
clique 360 ['IIIIIIIIIYXXXXXXZIIIII', 'IIIIIIYXZIIIIIIIIIIIII']
clique 361 ['IIIIIIIIIIIIIIZXYIIIII', 'IIIIIIZXXXXXXYIIIIIIII']
clique 362 ['IIIIIIIIIIIIIIYXYIIIII', 'IIIIIIYXXXXXXYIIIIIIII']
clique 363 ['IIIIIIIIIIIIIIZXZIIIII', 'IIIIIIZXXXXXXZIIIIIIII']
clique 364 ['IIIIIIIIIIIIIIYXZIIIII', 'IIIIIIYXXXXXXZIIIIIIII']
clique 365 ['IIIIIIIIIIZXXXXXXXYIII', 'IIIIZXXXXYIIIIIIIIIIII']
clique 366 ['IIIIIIIIIIYXXXXXXXYIII', 'IIIIYXXXXYIIIIIIIIIIII']
clique 367 ['IIIIIIIIIIZXXXXXXXZIII', 'IIIIZXXXXZIIIIIIIIIIII']
clique 368 ['IIIIIIIIIIYXXXXXXXZIII', 'IIIIYXXXXZIIIIIIIIIIII']
clique 369 ['IIIIIIIIIIIIIZXXXXYIII', 'IIIIZXXXXXXXYIIIIIIIII']
clique 370 ['IIIIIIIIIIIIIYXXXXYIII', 'IIIIYXXXXXXXYIIIIIIIII']
clique 371 ['IIIIIIIIIIIIIZXXXXZIII', 'IIIIZXXXXXXXZIIIIIIIII']
clique 372 ['IIIIIIIIIIIIIYXXXXZIII', 'IIIIYXXXXXXXZIIIIIIIII']
clique 373 ['IIIIIIIIIIZXXXXXXYIIII', 'IIIIIZXXXYIIIIIIIIIIII']
clique 374 ['IIIIIIIIIIYXXXXXXYIIII', 'IIIIIYXXXYIIIIIIIIIIII']
clique 375 ['IIIIIIIIIIZXXXXXXZIIII', 'IIIIIZXXXZIIIIIIIIIIII']
clique 376 ['IIIIIIIIIIYXXXXXXZIIII', 'IIIIIYXXXZIIIIIIIIIIII']
clique 377 ['IIIIIIIIIIIIIZXXXYIIII', 'IIIIIZXXXXXXYIIIIIIIII']
clique 378 ['IIIIIIIIIIIIIYXXXYIIII', 'IIIIIYXXXXXXYIIIIIIIII']
clique 379 ['IIIIIIIIIIIIIZXXXZIIII', 'IIIIIZXXXXXXZIIIIIIIII']
clique 380 ['IIIIIIIIIIIIIYXXXZIIII', 'IIIIIYXXXXXXZIIIIIIIII']
clique 381 ['IIIIIIIIIIIZXXXXXXXXXX', 'IZXXXXXXXXYIIIIIIIIIII']
clique 382 ['IIIIIIIIIIIZXXXXXXXXXY', 'IYXXXXXXXXYIIIIIIIIIII']
clique 383 ['IIIIIIIIIIIYXXXXXXXXXY', 'ZXXXXXXXXXYIIIIIIIIIII']
clique 384 ['IIIIIIIIIIIYXXXXXXXXXX', 'IZXXXXXXXXZIIIIIIIIIII']
clique 385 ['IIIIIIIIIIIZXXXXXXXXXZ', 'ZXXXXXXXXXZIIIIIIIIIII']
clique 386 ['IIIIIIIIIIIYXXXXXXXXXZ', 'IYXXXXXXXXZIIIIIIIIIII']
clique 387 ['IIIIIIIIZXXXXXYIIIIIII']
clique 388 ['IIIIIIIIYXXXXXYIIIIIII']
clique 389 ['IIIIIIIIZXXXXXZIIIIIII']
clique 390 ['IIIIIIIIYXXXXXZIIIIIII']
clique 391 ['IIIIIIIIIIIIZXXXXXXXXX', 'IZXXXXXXXXXYIIIIIIIIII']
clique 392 ['IIIIIIIIIIIIZXXXXXXXXY', 'IYXXXXXXXXXYIIIIIIIIII']
clique 393 ['IIIIIIIIIIIIYXXXXXXXXY', 'ZXXXXXXXXXXYIIIIIIIIII']
clique 394 ['IIIIIIIIIIIIYXXXXXXXXX', 'IZXXXXXXXXXZIIIIIIIIII']
clique 395 ['IIIIIIIIIIIIZXXXXXXXXZ', 'ZXXXXXXXXXXZIIIIIIIIII']
clique 396 ['IIIIIIIIIIIIYXXXXXXXXZ', 'IYXXXXXXXXXZIIIIIIIIII']
clique 397 ['IIIIIIIIIIIZXXXXXXXXYI', 'IIZXXXXXXXYIIIIIIIIIII']
clique 398 ['IIIIIIIIIIIYXXXXXXXXYI', 'IIYXXXXXXXYIIIIIIIIIII']
clique 399 ['IIIIIIIIIIIZXXXXXXXXZI', 'IIZXXXXXXXZIIIIIIIIIII']
clique 400 ['IIIIIIIIIIIYXXXXXXXXZI', 'IIYXXXXXXXZIIIIIIIIIII']
clique 401 ['IIIIIIIIIIIIZXXXXXXXYI', 'IIZXXXXXXXXYIIIIIIIIII']
clique 402 ['IIIIIIIIIIIIYXXXXXXXYI', 'IIYXXXXXXXXYIIIIIIIIII']
clique 403 ['IIIIIIIIIIIIZXXXXXXXZI', 'IIZXXXXXXXXZIIIIIIIIII']
clique 404 ['IIIIIIIIIIIIYXXXXXXXZI', 'IIYXXXXXXXXZIIIIIIIIII']
clique 405 ['IIIIIIIIIZXXXXXYIIIIII', 'IIIIIIIZYIIIIIIIIIIIII']
clique 406 ['IIIIIIIIIYXXXXXYIIIIII', 'IIIIIIIYYIIIIIIIIIIIII']
clique 407 ['IIIIIIIIIZXXXXXZIIIIII', 'IIIIIIIZZIIIIIIIIIIIII']
clique 408 ['IIIIIIIIIYXXXXXZIIIIII', 'IIIIIIIYZIIIIIIIIIIIII']
clique 409 ['IIIIIIIIIIIIIIZYIIIIII', 'IIIIIIIZXXXXXYIIIIIIII']
clique 410 ['IIIIIIIIIIIIIIYYIIIIII', 'IIIIIIIYXXXXXYIIIIIIII']
clique 411 ['IIIIIIIIIIIIIIZZIIIIII', 'IIIIIIIZXXXXXZIIIIIIII']
clique 412 ['IIIIIIIIIIIIIIYZIIIIII', 'IIIIIIIYXXXXXZIIIIIIII']
clique 413 ['IIIIIIIIIIIZXXXXXXXYII', 'IIIZXXXXXXYIIIIIIIIIII']
clique 414 ['IIIIIIIIIIIYXXXXXXXYII', 'IIIYXXXXXXYIIIIIIIIIII']
clique 415 ['IIIIIIIIIIIZXXXXXXXZII', 'IIIZXXXXXXZIIIIIIIIIII']
clique 416 ['IIIIIIIIIIIYXXXXXXXZII', 'IIIYXXXXXXZIIIIIIIIIII']
clique 417 ['IIIIIIIIIIIIZXXXXXXYII', 'IIIZXXXXXXXYIIIIIIIIII']
clique 418 ['IIIIIIIIIIIIYXXXXXXYII', 'IIIYXXXXXXXYIIIIIIIIII']
clique 419 ['IIIIIIIIIIIIZXXXXXXZII', 'IIIZXXXXXXXZIIIIIIIIII']
clique 420 ['IIIIIIIIIIIIYXXXXXXZII', 'IIIYXXXXXXXZIIIIIIIIII']
clique 421 ['IIIIIIIIIIZXXXXXYIIIII', 'IIIIIIZXXYIIIIIIIIIIII']
clique 422 ['IIIIIIIIIIYXXXXXYIIIII', 'IIIIIIYXXYIIIIIIIIIIII']
clique 423 ['IIIIIIIIIIZXXXXXZIIIII', 'IIIIIIZXXZIIIIIIIIIIII']
clique 424 ['IIIIIIIIIIYXXXXXZIIIII', 'IIIIIIYXXZIIIIIIIIIIII']
clique 425 ['IIIIIIIIIIIIIZXXYIIIII', 'IIIIIIZXXXXXYIIIIIIIII']
clique 426 ['IIIIIIIIIIIIIYXXYIIIII', 'IIIIIIYXXXXXYIIIIIIIII']
clique 427 ['IIIIIIIIIIIIIZXXZIIIII', 'IIIIIIZXXXXXZIIIIIIIII']
clique 428 ['IIIIIIIIIIIIIYXXZIIIII', 'IIIIIIYXXXXXZIIIIIIIII']
clique 429 ['IIIIIIIIIIIZXXXXXXYIII', 'IIIIZXXXXXYIIIIIIIIIII']
clique 430 ['IIIIIIIIIIIYXXXXXXYIII', 'IIIIYXXXXXYIIIIIIIIIII']
clique 431 ['IIIIIIIIIIIZXXXXXXZIII', 'IIIIZXXXXXZIIIIIIIIIII']
clique 432 ['IIIIIIIIIIIYXXXXXXZIII', 'IIIIYXXXXXZIIIIIIIIIII']
clique 433 ['IIIIIIIIIIIIZXXXXXYIII', 'IIIIZXXXXXXYIIIIIIIIII']
clique 434 ['IIIIIIIIIIIIYXXXXXYIII', 'IIIIYXXXXXXYIIIIIIIIII']
clique 435 ['IIIIIIIIIIIIZXXXXXZIII', 'IIIIZXXXXXXZIIIIIIIIII']
clique 436 ['IIIIIIIIIIIIYXXXXXZIII', 'IIIIYXXXXXXZIIIIIIIIII']
clique 437 ['IIIIIIIIIZXXXXYIIIIIII', 'IIIIIIIIXIIIIIIIIIIIII']
clique 438 ['IIIIIIIIIYXXXXYIIIIIII']
clique 439 ['IIIIIIIIIZXXXXZIIIIIII']
clique 440 ['IIIIIIIIIIIIIIXIIIIIII', 'IIIIIIIIZXXXXYIIIIIIII']
clique 441 ['IIIIIIIIIYXXXXZIIIIIII']
clique 442 ['IIIIIIIIYXXXXYIIIIIIII']
clique 443 ['IIIIIIIIZXXXXZIIIIIIII']
clique 444 ['IIIIIIIIYXXXXZIIIIIIII']
clique 445 ['IIIIIIIIIIIZXXXXXYIIII', 'IIIIIZXXXXYIIIIIIIIIII']
clique 446 ['IIIIIIIIIIIYXXXXXYIIII', 'IIIIIYXXXXYIIIIIIIIIII']
clique 447 ['IIIIIIIIIIIZXXXXXZIIII', 'IIIIIZXXXXZIIIIIIIIIII']
clique 448 ['IIIIIIIIIIIYXXXXXZIIII', 'IIIIIYXXXXZIIIIIIIIIII']
clique 449 ['IIIIIIIIIIIIZXXXXYIIII', 'IIIIIZXXXXXYIIIIIIIIII']
clique 450 ['IIIIIIIIIIIIYXXXXYIIII', 'IIIIIYXXXXXYIIIIIIIIII']
clique 451 ['IIIIIIIIIIIIZXXXXZIIII', 'IIIIIZXXXXXZIIIIIIIIII']
clique 452 ['IIIIIIIIIIIIYXXXXZIIII', 'IIIIIYXXXXXZIIIIIIIIII']
clique 453 ['IIIIIIIIIIZXXXXYIIIIII', 'IIIIIIIZXYIIIIIIIIIIII']
clique 454 ['IIIIIIIIIIYXXXXYIIIIII', 'IIIIIIIYXYIIIIIIIIIIII']
clique 455 ['IIIIIIIIIIZXXXXZIIIIII', 'IIIIIIIZXZIIIIIIIIIIII']
clique 456 ['IIIIIIIIIIYXXXXZIIIIII', 'IIIIIIIYXZIIIIIIIIIIII']
clique 457 ['IIIIIIIIIIIIIZXYIIIIII', 'IIIIIIIZXXXXYIIIIIIIII']
clique 458 ['IIIIIIIIIIIIIYXYIIIIII', 'IIIIIIIYXXXXYIIIIIIIII']
clique 459 ['IIIIIIIIIIIIIZXZIIIIII', 'IIIIIIIZXXXXZIIIIIIIII']
clique 460 ['IIIIIIIIIIIIIYXZIIIIII', 'IIIIIIIYXXXXZIIIIIIIII']
clique 461 ['IIIIIIIIIIIZXXXXYIIIII', 'IIIIIIZXXXYIIIIIIIIIII']
clique 462 ['IIIIIIIIIIIYXXXXYIIIII', 'IIIIIIYXXXYIIIIIIIIIII']
clique 463 ['IIIIIIIIIIIZXXXXZIIIII', 'IIIIIIZXXXZIIIIIIIIIII']
clique 464 ['IIIIIIIIIIIYXXXXZIIIII', 'IIIIIIYXXXZIIIIIIIIIII']
clique 465 ['IIIIIIIIIIIIZXXXYIIIII', 'IIIIIIZXXXXYIIIIIIIIII']
clique 466 ['IIIIIIIIIIIIYXXXYIIIII', 'IIIIIIYXXXXYIIIIIIIIII']
clique 467 ['IIIIIIIIIIIIZXXXZIIIII', 'IIIIIIZXXXXZIIIIIIIIII']
clique 468 ['IIIIIIIIIIIIYXXXZIIIII', 'IIIIIIYXXXXZIIIIIIIIII']
clique 469 ['IIIIIIIIIZXXXYIIIIIIII']
clique 470 ['IIIIIIIIIYXXXYIIIIIIII']
clique 471 ['IIIIIIIIIZXXXZIIIIIIII']
clique 472 ['IIIIIIIIIYXXXZIIIIIIII']
clique 473 ['IIIIIIIIIIZXXXYIIIIIII', 'IIIIIIIIZYIIIIIIIIIIII']
clique 474 ['IIIIIIIIIIYXXXYIIIIIII', 'IIIIIIIIYYIIIIIIIIIIII']
clique 475 ['IIIIIIIIIIZXXXZIIIIIII', 'IIIIIIIIZZIIIIIIIIIIII']
clique 476 ['IIIIIIIIIIYXXXZIIIIIII', 'IIIIIIIIYZIIIIIIIIIIII']
clique 477 ['IIIIIIIIIIIIIZYIIIIIII', 'IIIIIIIIZXXXYIIIIIIIII']
clique 478 ['IIIIIIIIIIIIIYYIIIIIII', 'IIIIIIIIYXXXYIIIIIIIII']
clique 479 ['IIIIIIIIIIIIIZZIIIIIII', 'IIIIIIIIZXXXZIIIIIIIII']
clique 480 ['IIIIIIIIIIIIIYZIIIIIII', 'IIIIIIIIYXXXZIIIIIIIII']
clique 481 ['IIIIIIIIIIIZXXXYIIIIII', 'IIIIIIIZXXYIIIIIIIIIII']
clique 482 ['IIIIIIIIIIIYXXXYIIIIII', 'IIIIIIIYXXYIIIIIIIIIII']
clique 483 ['IIIIIIIIIIIZXXXZIIIIII', 'IIIIIIIZXXZIIIIIIIIIII']
clique 484 ['IIIIIIIIIIIYXXXZIIIIII', 'IIIIIIIYXXZIIIIIIIIIII']
clique 485 ['IIIIIIIIIIIIZXXYIIIIII', 'IIIIIIIZXXXYIIIIIIIIII']
clique 486 ['IIIIIIIIIIIIYXXYIIIIII', 'IIIIIIIYXXXYIIIIIIIIII']
clique 487 ['IIIIIIIIIIIIZXXZIIIIII', 'IIIIIIIZXXXZIIIIIIIIII']
clique 488 ['IIIIIIIIIIIIYXXZIIIIII', 'IIIIIIIYXXXZIIIIIIIIII']
clique 489 ['IIIIIIIIIIZXXYIIIIIIII', 'IIIIIIIIIXIIIIIIIIIIII']
clique 490 ['IIIIIIIIIIYXXYIIIIIIII']
clique 491 ['IIIIIIIIIIZXXZIIIIIIII']
clique 492 ['IIIIIIIIIIIIIXIIIIIIII', 'IIIIIIIIIZXXYIIIIIIIII']
clique 493 ['IIIIIIIIIIYXXZIIIIIIII']
clique 494 ['IIIIIIIIIYXXYIIIIIIIII']
clique 495 ['IIIIIIIIIZXXZIIIIIIIII']
clique 496 ['IIIIIIIIIYXXZIIIIIIIII']
clique 497 ['IIIIIIIIIIIZXXYIIIIIII', 'IIIIIIIIZXYIIIIIIIIIII']
clique 498 ['IIIIIIIIIIIYXXYIIIIIII', 'IIIIIIIIYXYIIIIIIIIIII']
clique 499 ['IIIIIIIIIIIZXXZIIIIIII', 'IIIIIIIIZXZIIIIIIIIIII']
clique 500 ['IIIIIIIIIIIYXXZIIIIIII', 'IIIIIIIIYXZIIIIIIIIIII']
clique 501 ['IIIIIIIIIIIIZXYIIIIIII', 'IIIIIIIIZXXYIIIIIIIIII']
clique 502 ['IIIIIIIIIIIIYXYIIIIIII', 'IIIIIIIIYXXYIIIIIIIIII']
clique 503 ['IIIIIIIIIIIIZXZIIIIIII', 'IIIIIIIIZXXZIIIIIIIIII']
clique 504 ['IIIIIIIIIIIIYXZIIIIIII', 'IIIIIIIIYXXZIIIIIIIIII']
clique 505 ['IIIIIIIIIIZXYIIIIIIIII']
clique 506 ['IIIIIIIIIIYXYIIIIIIIII']
clique 507 ['IIIIIIIIIIZXZIIIIIIIII']
clique 508 ['IIIIIIIIIIYXZIIIIIIIII']
clique 509 ['IIIIIIIIIIIZXYIIIIIIII', 'IIIIIIIIIZYIIIIIIIIIII']
clique 510 ['IIIIIIIIIIIYXYIIIIIIII', 'IIIIIIIIIYYIIIIIIIIIII']
clique 511 ['IIIIIIIIIIIZXZIIIIIIII', 'IIIIIIIIIZZIIIIIIIIIII']
clique 512 ['IIIIIIIIIIIYXZIIIIIIII', 'IIIIIIIIIYZIIIIIIIIIII']
clique 513 ['IIIIIIIIIIIIZYIIIIIIII', 'IIIIIIIIIZXYIIIIIIIIII']
clique 514 ['IIIIIIIIIIIIYYIIIIIIII', 'IIIIIIIIIYXYIIIIIIIIII']
clique 515 ['IIIIIIIIIIIIZZIIIIIIII', 'IIIIIIIIIZXZIIIIIIIIII']
clique 516 ['IIIIIIIIIIIIYZIIIIIIII', 'IIIIIIIIIYXZIIIIIIIIII']
clique 517 ['IIIIIIIIIIIZYIIIIIIIII', 'IIIIIIIIIIXIIIIIIIIIII']
clique 518 ['IIIIIIIIIIIYYIIIIIIIII']
clique 519 ['IIIIIIIIIIIZZIIIIIIIII']
clique 520 ['IIIIIIIIIIIIXIIIIIIIII', 'IIIIIIIIIIZYIIIIIIIIII']
clique 521 ['IIIIIIIIIIIYZIIIIIIIII']
clique 522 ['IIIIIIIIIIYYIIIIIIIIII']
clique 523 ['IIIIIIIIIIZZIIIIIIIIII']
clique 524 ['IIIIIIIIIIYZIIIIIIIIII']
clique 525 ['IIIIIIIIIIIXIIIIIIIIII']
