GS energy with  DMRG -16.203317230800586
N= 10.99999999988221
E= -16.203317230800586
D= [[ 6.02775086e-01+0.j  1.69014977e-02+0.j  4.08500882e-01+0.j
  -2.92583302e-08+0.j -8.26926173e-02+0.j -1.35989362e-02+0.j
  -1.47178172e-01+0.j  3.88178808e-08+0.j  7.55852139e-02+0.j
   1.24301354e-02+0.j  7.99660372e-02+0.j  2.59064710e-07+0.j
  -7.11182300e-02+0.j -1.16968152e-02+0.j -4.46158717e-02+0.j
   6.44173462e-07+0.j  6.76589567e-02+0.j  1.11282463e-02+0.j
   2.01738133e-02+0.j -6.50466924e-06+0.j -6.43020241e-02+0.j
  -1.05692409e-02+0.j]
 [ 1.69014977e-02+0.j  3.97224878e-01+0.j -2.92182383e-08+0.j
   4.08500907e-01+0.j -1.35989247e-02+0.j  8.26926520e-02+0.j
   4.79646705e-08+0.j -1.47178199e-01+0.j  1.24301266e-02+0.j
  -7.55852159e-02+0.j -4.69357378e-08+0.j  7.99663427e-02+0.j
  -1.16955745e-02+0.j  7.11193178e-02+0.j -2.35227254e-08+0.j
  -4.46172660e-02+0.j  1.11268918e-02+0.j -6.76586438e-02+0.j
   1.43355971e-07+0.j  2.01688448e-02+0.j -1.05740642e-02+0.j
   6.43019568e-02+0.j]
 [ 4.08500882e-01+0.j -2.92182383e-08+0.j  4.80308973e-01+0.j
  -3.23823952e-03+0.j  2.57213408e-01+0.j  9.21331621e-09+0.j
   6.40367186e-03+0.j  1.05310753e-03+0.j -6.58087627e-02+0.j
  -6.07926329e-09+0.j -3.30458794e-03+0.j -5.42990227e-04+0.j
   3.49479887e-02+0.j -9.71971024e-07+0.j  1.76061204e-03+0.j
   2.90862763e-04+0.j -2.44256499e-02+0.j  3.35185822e-06+0.j
  -7.88181134e-04+0.j -1.35094004e-04+0.j  2.01689589e-02+0.j
   6.55281503e-06+0.j]
 [-2.92583302e-08+0.j  4.08500907e-01+0.j -3.23823952e-03+0.j
   5.19691006e-01+0.j  1.43672750e-08+0.j  2.57213408e-01+0.j
   1.05310936e-03+0.j -6.40364104e-03+0.j -1.05087589e-08+0.j
  -6.58087990e-02+0.j -5.43448720e-04+0.j  3.30425991e-03+0.j
   5.64432887e-08+0.j  3.49478149e-02+0.j  2.89637141e-04+0.j
  -1.76125017e-03+0.j -3.97767091e-07+0.j -2.44208682e-02+0.j
  -1.29683669e-04+0.j  7.88288170e-04+0.j -1.53064833e-07+0.j
   2.01739812e-02+0.j]
 [-8.26926173e-02+0.j -1.35989247e-02+0.j  2.57213408e-01+0.j
   1.43672750e-08+0.j  6.00183170e-01+0.j  1.64752808e-02+0.j
   3.43747294e-01+0.j -3.26762100e-08+0.j -8.17667260e-02+0.j
  -1.34467106e-02+0.j -1.13490996e-01+0.j  3.28761656e-07+0.j
   7.54480099e-02+0.j  1.24067929e-02+0.j  5.63039935e-02+0.j
  -2.66445642e-07+0.j -7.12933053e-02+0.j -1.17236077e-02+0.j
  -2.44209637e-02+0.j -3.41632469e-06+0.j  6.76589021e-02+0.j
   1.11283496e-02+0.j]
 [-1.35989362e-02+0.j  8.26926520e-02+0.j  9.21331619e-09+0.j
   2.57213408e-01+0.j  1.64752808e-02+0.j  3.99816812e-01+0.j
  -3.37458719e-08+0.j  3.43747251e-01+0.j -1.34466854e-02+0.j
   8.17667703e-02+0.j  2.02552357e-08+0.j -1.13490589e-01+0.j
   1.24075157e-02+0.j -7.54476993e-02+0.j  5.66270716e-08+0.j
   5.63027847e-02+0.j -1.17243673e-02+0.j  7.12931919e-02+0.j
   4.12969637e-07+0.j -2.44258523e-02+0.j  1.11269962e-02+0.j
  -6.76594114e-02+0.j]
 [-1.47178172e-01+0.j  4.79646705e-08+0.j  6.40367186e-03+0.j
   1.05310936e-03+0.j  3.43747294e-01+0.j -3.37458719e-08+0.j
   4.75999024e-01+0.j -3.94704056e-03+0.j  2.94084502e-01+0.j
  -7.32300136e-09+0.j  8.50530992e-03+0.j  1.39888034e-03+0.j
  -9.15826790e-02+0.j  1.15465714e-08+0.j -4.19373830e-03+0.j
  -6.89631712e-04+0.j  5.63028859e-02+0.j  3.05405076e-07+0.j
   1.76107045e-03+0.j  2.90808068e-04+0.j -4.46174597e-02+0.j
  -6.21988718e-07+0.j]
 [ 3.88178808e-08+0.j -1.47178199e-01+0.j  1.05310753e-03+0.j
  -6.40364104e-03+0.j -3.26762100e-08+0.j  3.43747251e-01+0.j
  -3.94704056e-03+0.j  5.24000961e-01+0.j -6.42081102e-09+0.j
   2.94084419e-01+0.j  1.39872256e-03+0.j -8.50530875e-03+0.j
  -4.66940782e-09+0.j -9.15825935e-02+0.j -6.89577442e-04+0.j
   4.19378121e-03+0.j -9.43691501e-08+0.j  5.63041432e-02+0.j
   2.89574501e-04+0.j -1.76027328e-03+0.j  3.28130360e-08+0.j
  -4.46159602e-02+0.j]
 [ 7.55852139e-02+0.j  1.24301266e-02+0.j -6.58087627e-02+0.j
  -1.05087589e-08+0.j -8.17667260e-02+0.j -1.34466854e-02+0.j
   2.94084502e-01+0.j -6.42081107e-09+0.j  6.00011290e-01+0.j
   1.64470330e-02+0.j  3.17328394e-01+0.j -2.04010146e-08+0.j
  -8.16356679e-02+0.j -1.34250444e-02+0.j -9.15826133e-02+0.j
  -4.39757339e-08+0.j  7.54477284e-02+0.j  1.24067997e-02+0.j
   3.49481188e-02+0.j  9.69454730e-07+0.j -7.11193082e-02+0.j
  -1.16968427e-02+0.j]
 [ 1.24301354e-02+0.j -7.55852159e-02+0.j -6.07926330e-09+0.j
  -6.58087990e-02+0.j -1.34467106e-02+0.j  8.17667703e-02+0.j
  -7.32300141e-09+0.j  2.94084419e-01+0.j  1.64470330e-02+0.j
   3.99988711e-01+0.j -2.56970565e-08+0.j  3.17328363e-01+0.j
  -1.34251588e-02+0.j  8.16356654e-02+0.j  2.55632516e-08+0.j
  -9.15827950e-02+0.j  1.24075415e-02+0.j -7.54480772e-02+0.j
  -5.05765335e-08+0.j  3.49481162e-02+0.j -1.16955618e-02+0.j
   7.11181568e-02+0.j]
 [ 7.99660372e-02+0.j -4.69357377e-08+0.j -3.30458794e-03+0.j
  -5.43448720e-04+0.j -1.13490996e-01+0.j  2.02552357e-08+0.j
   8.50530992e-03+0.j  1.39872256e-03+0.j  3.17328394e-01+0.j
  -2.56970564e-08+0.j  4.74817896e-01+0.j -4.14129444e-03+0.j
   3.17328377e-01+0.j  4.80539880e-08+0.j  8.50532398e-03+0.j
   1.39888450e-03+0.j -1.13490758e-01+0.j -3.69754555e-07+0.j
  -3.30416090e-03+0.j -5.42905198e-04+0.j  7.99661358e-02+0.j
  -2.92183873e-07+0.j]
 [ 2.59064710e-07+0.j  7.99663427e-02+0.j -5.42990227e-04+0.j
   3.30425991e-03+0.j  3.28761656e-07+0.j -1.13490589e-01+0.j
   1.39888034e-03+0.j -8.50530875e-03+0.j -2.04010145e-08+0.j
   3.17328363e-01+0.j -4.14129444e-03+0.j  5.25182094e-01+0.j
   3.07398764e-09+0.j  3.17328414e-01+0.j  1.39873073e-03+0.j
  -8.50532271e-03+0.j  3.15184456e-09+0.j -1.13491114e-01+0.j
  -5.43439135e-04+0.j  3.30452272e-03+0.j  2.60342728e-08+0.j
   7.99659112e-02+0.j]
 [-7.11182300e-02+0.j -1.16955745e-02+0.j  3.49479887e-02+0.j
   5.64432887e-08+0.j  7.54480099e-02+0.j  1.24075157e-02+0.j
  -9.15826790e-02+0.j -4.66940780e-09+0.j -8.16356679e-02+0.j
  -1.34251588e-02+0.j  3.17328377e-01+0.j  3.07398769e-09+0.j
   6.00011279e-01+0.j  1.64470484e-02+0.j  2.94084463e-01+0.j
   2.22184962e-08+0.j -8.17668006e-02+0.j -1.34467539e-02+0.j
  -6.58087764e-02+0.j  3.53159217e-08+0.j  7.55851177e-02+0.j
   1.24301014e-02+0.j]
 [-1.16968152e-02+0.j  7.11193178e-02+0.j -9.71971024e-07+0.j
   3.49478149e-02+0.j  1.24067929e-02+0.j -7.54476993e-02+0.j
   1.15465714e-08+0.j -9.15825935e-02+0.j -1.34250444e-02+0.j
   8.16356654e-02+0.j  4.80539880e-08+0.j  3.17328414e-01+0.j
   1.64470484e-02+0.j  3.99988733e-01+0.j -1.65672008e-08+0.j
   2.94084546e-01+0.j -1.34467211e-02+0.j  8.17667432e-02+0.j
   1.34954668e-08+0.j -6.58087595e-02+0.j  1.24301354e-02+0.j
  -7.55851475e-02+0.j]
 [-4.46158717e-02+0.j -2.35227254e-08+0.j  1.76061204e-03+0.j
   2.89637141e-04+0.j  5.63039935e-02+0.j  5.66270717e-08+0.j
  -4.19373830e-03+0.j -6.89577442e-04+0.j -9.15826133e-02+0.j
   2.55632516e-08+0.j  8.50532398e-03+0.j  1.39873073e-03+0.j
   2.94084463e-01+0.j -1.65672007e-08+0.j  4.75999029e-01+0.j
  -3.94705107e-03+0.j  3.43747262e-01+0.j  5.30082246e-08+0.j
   6.40364761e-03+0.j  1.05311934e-03+0.j -1.47178136e-01+0.j
  -6.91818533e-08+0.j]
 [ 6.44173462e-07+0.j -4.46172660e-02+0.j  2.90862763e-04+0.j
  -1.76125017e-03+0.j -2.66445642e-07+0.j  5.63027847e-02+0.j
  -6.89631712e-04+0.j  4.19378121e-03+0.j -4.39757339e-08+0.j
  -9.15827950e-02+0.j  1.39888450e-03+0.j -8.50532271e-03+0.j
   2.22184962e-08+0.j  2.94084546e-01+0.j -3.94705107e-03+0.j
   5.24000978e-01+0.j  1.78949371e-08+0.j  3.43747288e-01+0.j
   1.05311592e-03+0.j -6.40365608e-03+0.j -2.47031010e-08+0.j
  -1.47178127e-01+0.j]
 [ 6.76589567e-02+0.j  1.11268918e-02+0.j -2.44256499e-02+0.j
  -3.97767091e-07+0.j -7.12933053e-02+0.j -1.17243673e-02+0.j
   5.63028859e-02+0.j -9.43691501e-08+0.j  7.54477284e-02+0.j
   1.24075415e-02+0.j -1.13490758e-01+0.j  3.15184461e-09+0.j
  -8.17668006e-02+0.j -1.34467211e-02+0.j  3.43747262e-01+0.j
   1.78949371e-08+0.j  6.00183198e-01+0.j  1.64753288e-02+0.j
   2.57213378e-01+0.j -7.94304730e-09+0.j -8.26926428e-02+0.j
  -1.35989730e-02+0.j]
 [ 1.11282463e-02+0.j -6.76586438e-02+0.j  3.35185822e-06+0.j
  -2.44208682e-02+0.j -1.17236077e-02+0.j  7.12931919e-02+0.j
   3.05405076e-07+0.j  5.63041432e-02+0.j  1.24067997e-02+0.j
  -7.54480772e-02+0.j -3.69754555e-07+0.j -1.13491114e-01+0.j
  -1.34467539e-02+0.j  8.17667432e-02+0.j  5.30082246e-08+0.j
   3.43747288e-01+0.j  1.64753288e-02+0.j  3.99816823e-01+0.j
  -2.31340696e-08+0.j  2.57213401e-01+0.j -1.35989620e-02+0.j
   8.26926071e-02+0.j]
 [ 2.01738133e-02+0.j  1.43355971e-07+0.j -7.88181134e-04+0.j
  -1.29683669e-04+0.j -2.44209637e-02+0.j  4.12969637e-07+0.j
   1.76107045e-03+0.j  2.89574501e-04+0.j  3.49481188e-02+0.j
  -5.05765335e-08+0.j -3.30416090e-03+0.j -5.43439135e-04+0.j
  -6.58087764e-02+0.j  1.34954668e-08+0.j  6.40364761e-03+0.j
   1.05311592e-03+0.j  2.57213378e-01+0.j -2.31340696e-08+0.j
   4.80309004e-01+0.j -3.23824956e-03+0.j  4.08500907e-01+0.j
   4.76719522e-08+0.j]
 [-6.50466924e-06+0.j  2.01688448e-02+0.j -1.35094004e-04+0.j
   7.88288170e-04+0.j -3.41632469e-06+0.j -2.44258523e-02+0.j
   2.90808068e-04+0.j -1.76027328e-03+0.j  9.69454730e-07+0.j
   3.49481162e-02+0.j -5.42905198e-04+0.j  3.30452272e-03+0.j
   3.53159217e-08+0.j -6.58087595e-02+0.j  1.05311934e-03+0.j
  -6.40365608e-03+0.j -7.94304729e-09+0.j  2.57213401e-01+0.j
  -3.23824956e-03+0.j  5.19690994e-01+0.j  1.47013614e-08+0.j
   4.08500869e-01+0.j]
 [-6.43020241e-02+0.j -1.05740642e-02+0.j  2.01689589e-02+0.j
  -1.53064833e-07+0.j  6.76589021e-02+0.j  1.11269962e-02+0.j
  -4.46174597e-02+0.j  3.28130360e-08+0.j -7.11193082e-02+0.j
  -1.16955618e-02+0.j  7.99661358e-02+0.j  2.60342728e-08+0.j
   7.55851177e-02+0.j  1.24301354e-02+0.j -1.47178136e-01+0.j
  -2.47031010e-08+0.j -8.26926428e-02+0.j -1.35989620e-02+0.j
   4.08500907e-01+0.j  1.47013614e-08+0.j  6.02775105e-01+0.j
   1.69015484e-02+0.j]
 [-1.05692409e-02+0.j  6.43019568e-02+0.j  6.55281503e-06+0.j
   2.01739812e-02+0.j  1.11283496e-02+0.j -6.76594114e-02+0.j
  -6.21988718e-07+0.j -4.46159602e-02+0.j -1.16968427e-02+0.j
   7.11181568e-02+0.j -2.92183873e-07+0.j  7.99659112e-02+0.j
   1.24301014e-02+0.j -7.55851475e-02+0.j -6.91818534e-08+0.j
  -1.47178127e-01+0.j -1.35989730e-02+0.j  8.26926071e-02+0.j
   4.76719522e-08+0.j  4.08500869e-01+0.j  1.69015484e-02+0.j
   3.97224957e-01+0.j]]
W= [0.18657239+0.j 0.21094085+0.j 0.20553647+0.j 0.21388703+0.j
 0.20770577+0.j 0.21439313+0.j 0.20770577+0.j 0.21388703+0.j
 0.20553649+0.j 0.21094086+0.j 0.18657245+0.j]
local approximation with  1 sites
local interactions on sites [[0], [1], [2], [3], [4], [5], [6], [7], [8], [9], [10]]
Functional for interaction on sites [0]
aca-directory for images already exists
aca-directory for images already exists
aca-directory for images already exists
interacting orbitals: [0, 1]
mapping: [0, 1, 2, 3, 4, 5, 6, 7, 8, 9, 10, 11, 12, 13, 14, 15, 16, 17, 18, 19, 20, 21]
aca-directory for images already exists
aca-directory for images already exists
aca-directory for images already exists
orbinteractaca= [0, 1]
aca-directory for images already exists
aca-directory for images already exists
aca-directory for images already exists
aca-directory for images already exists
aca-directory for images already exists
aca-directory for images already exists
aca-directory for images already exists
aca-directory for images already exists
aca-directory for images already exists
aca-directory for images already exists
aca-directory for images already exists
aca-directory for images already exists
aca-directory for images already exists
aca-directory for images already exists
aca-directory for images already exists
aca-directory for images already exists
aca-directory for images already exists
aca-directory for images already exists
aca-directory for images already exists
aca-directory for images already exists
aca-directory for images already exists
aca-directory for images already exists
aca-directory for images already exists
aca-directory for images already exists
aca-directory for images already exists
aca-directory for images already exists
aca-directory for images already exists
aca-directory for images already exists
aca-directory for images already exists
aca-directory for images already exists
aca-directory for images already exists
aca-directory for images already exists
aca-directory for images already exists
aca-directory for images already exists
aca-directory for images already exists
aca-directory for images already exists
aca-directory for images already exists
aca-directory for images already exists
aca-directory for images already exists
aca-directory for images already exists
aca-directory for images already exists
aca-directory for images already exists
aca-directory for images already exists
aca-directory for images already exists
aca-directory for images already exists
aca-directory for images already exists
aca-directory for images already exists
aca-directory for images already exists
aca-directory for images already exists
aca-directory for images already exists
aca-directory for images already exists
aca-directory for images already exists
aca-directory for images already exists
aca-directory for images already exists
aca-directory for images already exists
aca-directory for images already exists
aca-directory for images already exists
aca-directory for images already exists
aca-directory for images already exists
aca-directory for images already exists
aca-directory for images already exists
aca-directory for images already exists
aca-directory for images already exists
aca: level 10  norb= 22
Daca= [[ 6.02775086e-01+0.j  1.69014977e-02+0.j -4.73666331e-01+0.j
  -6.89249523e-19+0.j  1.70061509e-17+0.j  1.38126148e-18+0.j
  -1.04631353e-17+0.j  2.95238774e-19+0.j  3.49095460e-19+0.j
  -1.84431326e-18+0.j  3.55891189e-18+0.j -5.13387706e-21+0.j
   2.91296728e-17+0.j  5.24330518e-18+0.j -1.41795688e-18+0.j
   2.80734147e-20+0.j -4.28993803e-18+0.j  4.01263032e-19+0.j
  -4.56484036e-18+0.j -2.43870098e-20+0.j  3.04811410e-18+0.j
   4.63331924e-18+0.j]
 [ 1.69014977e-02+0.j  3.97224878e-01+0.j  1.18361922e-07+0.j
  -4.73666493e-01+0.j -4.98698069e-19+0.j -8.70724044e-19+0.j
  -5.36959607e-19+0.j -2.65097885e-17+0.j -2.37138355e-18+0.j
   3.71808987e-18+0.j  2.81269046e-19+0.j  3.43651345e-18+0.j
  -8.41664276e-20+0.j -1.84068304e-18+0.j -1.19577324e-19+0.j
  -5.90179158e-18+0.j  1.66755133e-18+0.j  4.22781036e-18+0.j
   5.72353855e-20+0.j  6.85919519e-18+0.j -3.33030480e-18+0.j
   7.03296296e-19+0.j]
 [-4.73666331e-01+0.j  1.18361922e-07+0.j  3.98374065e-01+0.j
  -1.67125979e-02+0.j  1.00928692e-02+0.j  4.32694448e-20+0.j
  -1.88322484e-19+0.j  6.83397338e-20+0.j  7.71175595e-19+0.j
  -6.11225554e-22+0.j -1.88347781e-19+0.j -8.39068922e-20+0.j
   6.85485443e-20+0.j  3.78942291e-21+0.j  3.18196830e-19+0.j
   9.91698604e-20+0.j  3.12118584e-20+0.j -2.66677540e-22+0.j
  -2.78728747e-19+0.j  1.84404656e-20+0.j  2.86990156e-21+0.j
   6.03954362e-23+0.j]
 [-1.24359422e-17+0.j -4.73666493e-01+0.j -1.67125979e-02+0.j
   6.01625792e-01+0.j  3.81401758e-07+0.j  1.00926839e-02+0.j
  -2.17772824e-20+0.j -6.77588258e-20+0.j -5.25350126e-21+0.j
  -7.33693439e-19+0.j  1.13872483e-19+0.j  5.96282477e-20+0.j
   1.59776125e-21+0.j -9.47965753e-20+0.j -5.79150738e-20+0.j
  -6.88504572e-19+0.j  2.89346298e-23+0.j  1.17690511e-19+0.j
   1.13242315e-19+0.j -2.74318723e-19+0.j  4.37804343e-23+0.j
   2.68421517e-21+0.j]
 [-8.76153085e-17+0.j -4.55265620e-17+0.j  1.00928692e-02+0.j
   3.81401758e-07+0.j  4.84170784e-01+0.j -2.59823321e-03+0.j
   4.85997833e-01+0.j  4.34321137e-18+0.j -1.02807569e-18+0.j
  -5.12980813e-18+0.j -1.70137763e-17+0.j -2.08118866e-18+0.j
   3.08335104e-17+0.j  4.34308204e-18+0.j  3.11735511e-17+0.j
  -5.00142058e-19+0.j -2.32426570e-17+0.j  1.11930460e-18+0.j
  -2.43319855e-17+0.j  5.20874442e-19+0.j  1.23997514e-17+0.j
   1.27867834e-17+0.j]
 [ 7.97665670e-18+0.j  1.24066850e-16+0.j  5.14633246e-17+0.j
   1.00926839e-02+0.j -2.59823321e-03+0.j  5.15846855e-01+0.j
  -1.59010529e-07+0.j  4.85996951e-01+0.j -5.51254789e-19+0.j
  -1.68664952e-17+0.j -5.87574806e-19+0.j  3.79134186e-17+0.j
   1.84120865e-18+0.j  3.95921425e-17+0.j  1.15354044e-18+0.j
  -6.22054945e-18+0.j -6.80552057e-19+0.j -3.41206156e-17+0.j
  -2.91200121e-19+0.j  2.12869257e-17+0.j -9.91054876e-18+0.j
   1.64121822e-17+0.j]
 [ 5.24618378e-16+0.j  2.37169709e-17+0.j  3.01621354e-16+0.j
   5.27643794e-17+0.j  4.85997833e-01+0.j -1.59010528e-07+0.j
   5.20140788e-01+0.j  3.30716795e-03+0.j  7.31219776e-03+0.j
   2.59083520e-21+0.j  2.46165621e-19+0.j -1.05982788e-20+0.j
  -1.26425761e-19+0.j  4.84734543e-21+0.j  7.64339931e-20+0.j
  -2.13361483e-20+0.j  2.19523712e-19+0.j  1.73789674e-20+0.j
  -9.22535802e-20+0.j  5.62539547e-20+0.j -2.01682211e-20+0.j
  -1.58411733e-20+0.j]
 [ 4.40942700e-17+0.j  2.00760879e-16+0.j -4.48210078e-17+0.j
   2.69730411e-16+0.j -7.09682941e-18+0.j  4.85996951e-01+0.j
   3.30716795e-03+0.j  4.79841724e-01+0.j -3.72261908e-07+0.j
   7.31252429e-03+0.j -1.31394426e-19+0.j  6.29937854e-19+0.j
  -2.86743654e-20+0.j -4.62841816e-19+0.j  2.02300272e-19+0.j
  -5.93552697e-19+0.j  1.22632575e-20+0.j  5.71385349e-19+0.j
  -2.76753413e-19+0.j  4.28685565e-19+0.j -6.23877943e-21+0.j
  -3.21271343e-19+0.j]
 [ 2.58089123e-17+0.j  3.71893965e-17+0.j  8.09933461e-17+0.j
   3.51276751e-17+0.j -1.57635273e-17+0.j  6.12301034e-17+0.j
   7.31219776e-03+0.j -3.72261908e-07+0.j  5.52526935e-01+0.j
   8.63014938e-03+0.j -4.85540007e-01+0.j  1.74227522e-18+0.j
  -8.71053227e-18+0.j -1.25954949e-18+0.j  9.98674879e-18+0.j
   1.83741082e-18+0.j  2.90115732e-17+0.j  2.55427810e-18+0.j
   1.15446891e-17+0.j -5.19623185e-19+0.j -8.87558473e-17+0.j
  -1.36719054e-17+0.j]
 [-7.51220393e-17+0.j -2.60399866e-16+0.j -5.11202603e-17+0.j
   9.90603216e-17+0.j  6.28077588e-17+0.j -1.04289889e-16+0.j
  -3.19429991e-17+0.j  7.31252429e-03+0.j  8.63014938e-03+0.j
   4.47447395e-01+0.j -1.00785049e-06+0.j -4.85537321e-01+0.j
  -2.21774166e-18+0.j  1.78597564e-17+0.j -4.88724044e-19+0.j
  -3.04160597e-17+0.j  4.63322126e-18+0.j -7.12388970e-17+0.j
  -1.91731739e-19+0.j  8.82250691e-18+0.j -3.25616757e-17+0.j
   1.73995584e-16+0.j]
 [-1.36994106e-16+0.j  5.78233688e-17+0.j -4.68334115e-17+0.j
   2.19721149e-17+0.j -5.14911945e-16+0.j  2.63997441e-17+0.j
   6.18780214e-17+0.j -1.14852038e-16+0.j -4.85540007e-01+0.j
  -1.00785049e-06+0.j  4.45735821e-01+0.j -8.91576520e-03+0.j
  -3.18726752e-03+0.j -2.42506134e-20+0.j -3.86375290e-20+0.j
   4.63581655e-20+0.j  2.07048580e-19+0.j -2.28739120e-21+0.j
  -3.35705834e-19+0.j -2.88300453e-20+0.j  3.06996111e-20+0.j
   2.92053058e-21+0.j]
 [-1.74492728e-17+0.j  6.15660420e-17+0.j -1.04433066e-16+0.j
   2.15721733e-16+0.j  3.33342448e-17+0.j  2.56314965e-16+0.j
   8.74888245e-17+0.j -2.58163331e-16+0.j -1.80915002e-17+0.j
  -4.85537321e-01+0.j -8.91576520e-03+0.j  5.54289934e-01+0.j
  -2.71884851e-09+0.j -3.18725020e-03+0.j  4.50194933e-20+0.j
  -9.29972869e-20+0.j  1.06001479e-20+0.j -4.57295339e-20+0.j
   2.96058595e-20+0.j -2.61921858e-19+0.j  1.21377759e-21+0.j
   1.40870130e-20+0.j]
 [-9.72461704e-18+0.j -5.31689047e-17+0.j -1.93672210e-16+0.j
  -2.19335026e-17+0.j  3.48574941e-16+0.j -5.94468745e-17+0.j
   1.27135475e-16+0.j -4.18645581e-18+0.j  1.40953053e-16+0.j
  -7.15770345e-17+0.j -3.18726752e-03+0.j -2.71884849e-09+0.j
   6.47420208e-01+0.j  2.42649691e-02+0.j -4.69691527e-01+0.j
   3.21635644e-19+0.j -3.20396662e-17+0.j -3.99774742e-18+0.j
  -3.04583701e-18+0.j  1.50178238e-19+0.j -1.19521465e-17+0.j
   1.49519916e-18+0.j]
 [ 3.79201086e-17+0.j -4.13189256e-17+0.j -1.76343822e-17+0.j
   1.49056154e-17+0.j -3.09527179e-17+0.j  2.34106044e-16+0.j
   9.05795337e-17+0.j  3.38033034e-17+0.j -6.01836222e-17+0.j
   3.17375442e-17+0.j  2.39420362e-18+0.j -3.18725020e-03+0.j
   2.42649691e-02+0.j  3.52633319e-01+0.j  3.00388611e-06+0.j
  -4.69708165e-01+0.j  2.52183975e-18+0.j -2.46737234e-17+0.j
  -1.28707344e-18+0.j  4.52210865e-17+0.j -9.78077335e-18+0.j
   4.83942495e-17+0.j]
 [-1.73942155e-16+0.j -4.70206562e-17+0.j  2.63586238e-16+0.j
   4.58263486e-17+0.j  3.35166065e-16+0.j -5.14031013e-17+0.j
  -2.22761883e-16+0.j  5.91744977e-17+0.j  6.10680042e-16+0.j
   1.68585107e-17+0.j  1.92270346e-16+0.j  9.67409498e-17+0.j
  -4.69691527e-01+0.j  3.00388611e-06+0.j  3.53703835e-01+0.j
  -2.40811863e-02+0.j -1.53960385e-03+0.j -6.48772741e-21+0.j
  -2.28846388e-19+0.j -1.07515494e-20+0.j -1.31617233e-19+0.j
   4.25116071e-21+0.j]
 [-1.03971038e-17+0.j -8.20407238e-17+0.j  1.78661079e-17+0.j
   7.18629219e-17+0.j  2.57855068e-17+0.j -2.53187377e-18+0.j
   1.88526255e-17+0.j -4.78639463e-16+0.j -6.12316919e-17+0.j
   3.89728794e-17+0.j  8.67102060e-18+0.j -2.49300515e-16+0.j
  -2.51453294e-17+0.j -4.69708165e-01+0.j -2.40811863e-02+0.j
   6.46242945e-01+0.j -2.73828823e-07+0.j -1.53935347e-03+0.j
  -5.30757352e-22+0.j  1.41490348e-19+0.j -2.21044699e-22+0.j
  -4.52998147e-20+0.j]
 [-1.15552126e-16+0.j  9.03851257e-17+0.j -8.55314505e-17+0.j
  -4.27753899e-17+0.j -3.29838989e-16+0.j  6.05482155e-17+0.j
   1.35934013e-16+0.j  4.06347835e-17+0.j -2.87559218e-16+0.j
  -4.11743205e-17+0.j -2.69598850e-16+0.j -2.88837187e-17+0.j
  -2.36441160e-17+0.j -7.51696832e-17+0.j -1.53960385e-03+0.j
  -2.73828823e-07+0.j  7.57155502e-01+0.j  4.21461930e-02+0.j
   4.19327636e-01+0.j  1.44873533e-17+0.j  1.37438997e-16+0.j
  -1.83003265e-18+0.j]
 [-1.33581100e-17+0.j -6.55663457e-17+0.j -9.59738678e-18+0.j
  -2.54528251e-17+0.j -3.81370885e-17+0.j  9.66892720e-17+0.j
  -4.00888461e-17+0.j  1.49188427e-16+0.j -3.00791773e-17+0.j
   2.06316859e-16+0.j  5.01240146e-17+0.j -2.98455817e-17+0.j
  -2.22361790e-17+0.j  6.82111432e-17+0.j  4.39900318e-18+0.j
  -1.53935347e-03+0.j  4.21461930e-02+0.j  2.42946444e-01+0.j
  -9.54647730e-06+0.j  4.19390078e-01+0.j  1.49251012e-17+0.j
  -1.04119434e-16+0.j]
 [ 2.29070555e-17+0.j  8.07972151e-18+0.j -1.01649968e-16+0.j
  -9.16185567e-18+0.j -1.50418152e-16+0.j  2.55764953e-18+0.j
   1.13945263e-16+0.j -5.74961518e-17+0.j -3.38971977e-16+0.j
   1.02166091e-17+0.j  1.67308153e-16+0.j -1.93819843e-17+0.j
   7.32644731e-18+0.j  5.38687012e-17+0.j -4.68428699e-17+0.j
  -4.10675081e-17+0.j  4.19327636e-01+0.j -9.54647730e-06+0.j
   2.43309132e-01+0.j -4.20757675e-02+0.j  1.06988932e-03+0.j
   4.19589384e-23+0.j]
 [ 6.61235882e-18+0.j  3.81432626e-17+0.j -1.98472134e-17+0.j
  -8.25461116e-17+0.j -1.54553160e-18+0.j -3.02856033e-18+0.j
   4.44570906e-18+0.j  2.71589072e-16+0.j  1.73742684e-17+0.j
  -1.16077583e-16+0.j  1.74159216e-17+0.j  2.41527667e-16+0.j
  -2.92180126e-17+0.j  1.18226431e-16+0.j  1.75300927e-17+0.j
  -1.25748468e-16+0.j -2.58319187e-17+0.j  4.19390078e-01+0.j
  -4.20757675e-02+0.j  7.56588792e-01+0.j  1.36876090e-06+0.j
  -1.06986071e-03+0.j]
 [-3.77390228e-17+0.j -6.52162201e-17+0.j  7.80719549e-17+0.j
   3.23325164e-17+0.j  6.19626090e-16+0.j -3.02796974e-17+0.j
  -1.19572374e-17+0.j  1.97269848e-17+0.j  2.99605540e-16+0.j
   2.98748169e-17+0.j  2.41664500e-16+0.j  6.60094634e-17+0.j
   2.99828326e-16+0.j  1.61145646e-16+0.j -1.65563143e-17+0.j
   9.66602392e-17+0.j  5.09450936e-17+0.j -4.18668393e-17+0.j
   1.06988932e-03+0.j  1.36876090e-06+0.j  9.88169090e-01+0.j
  -7.96087785e-02+0.j]
 [ 1.32716782e-17+0.j  5.64965147e-17+0.j  3.06975134e-18+0.j
   2.03686826e-17+0.j  1.05174059e-16+0.j -1.08427333e-16+0.j
   8.97478513e-17+0.j -2.81992606e-16+0.j  2.09933984e-17+0.j
  -7.58045970e-17+0.j -6.35383588e-17+0.j  8.66521211e-17+0.j
   5.97696959e-17+0.j -2.95190308e-16+0.j  3.53744920e-17+0.j
   6.17753547e-17+0.j -2.68050055e-17+0.j -6.66695878e-17+0.j
   8.52452037e-17+0.j -1.06986071e-03+0.j -7.96087785e-02+0.j
   1.18306756e-02+0.j]]
Naca= (5.993481246353679, 5.006518753528533)
nq= 22
variational state:
        ┌──────────┐┌───────────┐┌───┐     ┌───────────┐┌───────────┐»
 q0_0: ─┤ Ry(y[0]) ├┤ Rz(y[22]) ├┤ X ├──■──┤ Ry(y[44]) ├┤ Rz(y[66]) ├»
        ├──────────┤├───────────┤└─┬─┘┌─┴─┐└───────────┘├───────────┤»
 q0_1: ─┤ Ry(y[1]) ├┤ Rz(y[23]) ├──┼──┤ X ├──────■──────┤ Ry(y[45]) ├»
        ├──────────┤├───────────┤  │  └───┘    ┌─┴─┐    └───────────┘»
 q0_2: ─┤ Ry(y[2]) ├┤ Rz(y[24]) ├──┼───────────┤ X ├──────────■──────»
        ├──────────┤├───────────┤  │           └───┘        ┌─┴─┐    »
 q0_3: ─┤ Ry(y[3]) ├┤ Rz(y[25]) ├──┼────────────────────────┤ X ├────»
        ├──────────┤├───────────┤  │                        └───┘    »
 q0_4: ─┤ Ry(y[4]) ├┤ Rz(y[26]) ├──┼─────────────────────────────────»
        ├──────────┤├───────────┤  │                                 »
 q0_5: ─┤ Ry(y[5]) ├┤ Rz(y[27]) ├──┼─────────────────────────────────»
        ├──────────┤├───────────┤  │                                 »
 q0_6: ─┤ Ry(y[6]) ├┤ Rz(y[28]) ├──┼─────────────────────────────────»
        ├──────────┤├───────────┤  │                                 »
 q0_7: ─┤ Ry(y[7]) ├┤ Rz(y[29]) ├──┼─────────────────────────────────»
        ├──────────┤├───────────┤  │                                 »
 q0_8: ─┤ Ry(y[8]) ├┤ Rz(y[30]) ├──┼─────────────────────────────────»
        ├──────────┤├───────────┤  │                                 »
 q0_9: ─┤ Ry(y[9]) ├┤ Rz(y[31]) ├──┼─────────────────────────────────»
       ┌┴──────────┤├───────────┤  │                                 »
q0_10: ┤ Ry(y[10]) ├┤ Rz(y[32]) ├──┼─────────────────────────────────»
       ├───────────┤├───────────┤  │                                 »
q0_11: ┤ Ry(y[11]) ├┤ Rz(y[33]) ├──┼─────────────────────────────────»
       ├───────────┤├───────────┤  │                                 »
q0_12: ┤ Ry(y[12]) ├┤ Rz(y[34]) ├──┼─────────────────────────────────»
       ├───────────┤├───────────┤  │                                 »
q0_13: ┤ Ry(y[13]) ├┤ Rz(y[35]) ├──┼─────────────────────────────────»
       ├───────────┤├───────────┤  │                                 »
q0_14: ┤ Ry(y[14]) ├┤ Rz(y[36]) ├──┼─────────────────────────────────»
       ├───────────┤├───────────┤  │                                 »
q0_15: ┤ Ry(y[15]) ├┤ Rz(y[37]) ├──┼─────────────────────────────────»
       ├───────────┤├───────────┤  │                                 »
q0_16: ┤ Ry(y[16]) ├┤ Rz(y[38]) ├──┼─────────────────────────────────»
       ├───────────┤├───────────┤  │                                 »
q0_17: ┤ Ry(y[17]) ├┤ Rz(y[39]) ├──┼─────────────────────────────────»
       ├───────────┤├───────────┤  │                                 »
q0_18: ┤ Ry(y[18]) ├┤ Rz(y[40]) ├──┼─────────────────────────────────»
       ├───────────┤├───────────┤  │                                 »
q0_19: ┤ Ry(y[19]) ├┤ Rz(y[41]) ├──┼─────────────────────────────────»
       ├───────────┤├───────────┤  │                                 »
q0_20: ┤ Ry(y[20]) ├┤ Rz(y[42]) ├──┼─────────────────────────────────»
       ├───────────┤├───────────┤  │                                 »
q0_21: ┤ Ry(y[21]) ├┤ Rz(y[43]) ├──■─────────────────────────────────»
       └───────────┘└───────────┘                                    »
c0: 22/══════════════════════════════════════════════════════════════»
                                                                     »
«                                                                        »
« q0_0: ─────────────────────────────────────────────────────────────────»
«       ┌───────────┐                                                    »
« q0_1: ┤ Rz(y[67]) ├────────────────────────────────────────────────────»
«       ├───────────┤┌───────────┐                                       »
« q0_2: ┤ Ry(y[46]) ├┤ Rz(y[68]) ├───────────────────────────────────────»
«       └───────────┘├───────────┤┌───────────┐                          »
« q0_3: ──────■──────┤ Ry(y[47]) ├┤ Rz(y[69]) ├──────────────────────────»
«           ┌─┴─┐    └───────────┘├───────────┤┌───────────┐             »
« q0_4: ────┤ X ├──────────■──────┤ Ry(y[48]) ├┤ Rz(y[70]) ├─────────────»
«           └───┘        ┌─┴─┐    └───────────┘├───────────┤┌───────────┐»
« q0_5: ─────────────────┤ X ├──────────■──────┤ Ry(y[49]) ├┤ Rz(y[71]) ├»
«                        └───┘        ┌─┴─┐    └───────────┘├───────────┤»
« q0_6: ──────────────────────────────┤ X ├──────────■──────┤ Ry(y[50]) ├»
«                                     └───┘        ┌─┴─┐    └───────────┘»
« q0_7: ───────────────────────────────────────────┤ X ├──────────■──────»
«                                                  └───┘        ┌─┴─┐    »
« q0_8: ────────────────────────────────────────────────────────┤ X ├────»
«                                                               └───┘    »
« q0_9: ─────────────────────────────────────────────────────────────────»
«                                                                        »
«q0_10: ─────────────────────────────────────────────────────────────────»
«                                                                        »
«q0_11: ─────────────────────────────────────────────────────────────────»
«                                                                        »
«q0_12: ─────────────────────────────────────────────────────────────────»
«                                                                        »
«q0_13: ─────────────────────────────────────────────────────────────────»
«                                                                        »
«q0_14: ─────────────────────────────────────────────────────────────────»
«                                                                        »
«q0_15: ─────────────────────────────────────────────────────────────────»
«                                                                        »
«q0_16: ─────────────────────────────────────────────────────────────────»
«                                                                        »
«q0_17: ─────────────────────────────────────────────────────────────────»
«                                                                        »
«q0_18: ─────────────────────────────────────────────────────────────────»
«                                                                        »
«q0_19: ─────────────────────────────────────────────────────────────────»
«                                                                        »
«q0_20: ─────────────────────────────────────────────────────────────────»
«                                                                        »
«q0_21: ─────────────────────────────────────────────────────────────────»
«                                                                        »
«c0: 22/═════════════════════════════════════════════════════════════════»
«                                                                        »
«                                                                        »
« q0_0: ─────────────────────────────────────────────────────────────────»
«                                                                        »
« q0_1: ─────────────────────────────────────────────────────────────────»
«                                                                        »
« q0_2: ─────────────────────────────────────────────────────────────────»
«                                                                        »
« q0_3: ─────────────────────────────────────────────────────────────────»
«                                                                        »
« q0_4: ─────────────────────────────────────────────────────────────────»
«                                                                        »
« q0_5: ─────────────────────────────────────────────────────────────────»
«       ┌───────────┐                                                    »
« q0_6: ┤ Rz(y[72]) ├────────────────────────────────────────────────────»
«       ├───────────┤┌───────────┐                                       »
« q0_7: ┤ Ry(y[51]) ├┤ Rz(y[73]) ├───────────────────────────────────────»
«       └───────────┘├───────────┤┌───────────┐                          »
« q0_8: ──────■──────┤ Ry(y[52]) ├┤ Rz(y[74]) ├──────────────────────────»
«           ┌─┴─┐    └───────────┘├───────────┤┌───────────┐             »
« q0_9: ────┤ X ├──────────■──────┤ Ry(y[53]) ├┤ Rz(y[75]) ├─────────────»
«           └───┘        ┌─┴─┐    └───────────┘├───────────┤┌───────────┐»
«q0_10: ─────────────────┤ X ├──────────■──────┤ Ry(y[54]) ├┤ Rz(y[76]) ├»
«                        └───┘        ┌─┴─┐    └───────────┘├───────────┤»
«q0_11: ──────────────────────────────┤ X ├──────────■──────┤ Ry(y[55]) ├»
«                                     └───┘        ┌─┴─┐    └───────────┘»
«q0_12: ───────────────────────────────────────────┤ X ├──────────■──────»
«                                                  └───┘        ┌─┴─┐    »
«q0_13: ────────────────────────────────────────────────────────┤ X ├────»
«                                                               └───┘    »
«q0_14: ─────────────────────────────────────────────────────────────────»
«                                                                        »
«q0_15: ─────────────────────────────────────────────────────────────────»
«                                                                        »
«q0_16: ─────────────────────────────────────────────────────────────────»
«                                                                        »
«q0_17: ─────────────────────────────────────────────────────────────────»
«                                                                        »
«q0_18: ─────────────────────────────────────────────────────────────────»
«                                                                        »
«q0_19: ─────────────────────────────────────────────────────────────────»
«                                                                        »
«q0_20: ─────────────────────────────────────────────────────────────────»
«                                                                        »
«q0_21: ─────────────────────────────────────────────────────────────────»
«                                                                        »
«c0: 22/═════════════════════════════════════════════════════════════════»
«                                                                        »
«                                                                        »
« q0_0: ─────────────────────────────────────────────────────────────────»
«                                                                        »
« q0_1: ─────────────────────────────────────────────────────────────────»
«                                                                        »
« q0_2: ─────────────────────────────────────────────────────────────────»
«                                                                        »
« q0_3: ─────────────────────────────────────────────────────────────────»
«                                                                        »
« q0_4: ─────────────────────────────────────────────────────────────────»
«                                                                        »
« q0_5: ─────────────────────────────────────────────────────────────────»
«                                                                        »
« q0_6: ─────────────────────────────────────────────────────────────────»
«                                                                        »
« q0_7: ─────────────────────────────────────────────────────────────────»
«                                                                        »
« q0_8: ─────────────────────────────────────────────────────────────────»
«                                                                        »
« q0_9: ─────────────────────────────────────────────────────────────────»
«                                                                        »
«q0_10: ─────────────────────────────────────────────────────────────────»
«       ┌───────────┐                                                    »
«q0_11: ┤ Rz(y[77]) ├────────────────────────────────────────────────────»
«       ├───────────┤┌───────────┐                                       »
«q0_12: ┤ Ry(y[56]) ├┤ Rz(y[78]) ├───────────────────────────────────────»
«       └───────────┘├───────────┤┌───────────┐                          »
«q0_13: ──────■──────┤ Ry(y[57]) ├┤ Rz(y[79]) ├──────────────────────────»
«           ┌─┴─┐    └───────────┘├───────────┤┌───────────┐             »
«q0_14: ────┤ X ├──────────■──────┤ Ry(y[58]) ├┤ Rz(y[80]) ├─────────────»
«           └───┘        ┌─┴─┐    └───────────┘├───────────┤┌───────────┐»
«q0_15: ─────────────────┤ X ├──────────■──────┤ Ry(y[59]) ├┤ Rz(y[81]) ├»
«                        └───┘        ┌─┴─┐    └───────────┘├───────────┤»
«q0_16: ──────────────────────────────┤ X ├──────────■──────┤ Ry(y[60]) ├»
«                                     └───┘        ┌─┴─┐    └───────────┘»
«q0_17: ───────────────────────────────────────────┤ X ├──────────■──────»
«                                                  └───┘        ┌─┴─┐    »
«q0_18: ────────────────────────────────────────────────────────┤ X ├────»
«                                                               └───┘    »
«q0_19: ─────────────────────────────────────────────────────────────────»
«                                                                        »
«q0_20: ─────────────────────────────────────────────────────────────────»
«                                                                        »
«q0_21: ─────────────────────────────────────────────────────────────────»
«                                                                        »
«c0: 22/═════════════════════════════════════════════════════════════════»
«                                                                        »
«                                                                        ┌───┐»
« q0_0: ─────────────────────────────────────────────────────────────────┤ X ├»
«                                                                        └─┬─┘»
« q0_1: ───────────────────────────────────────────────────────────────────┼──»
«                                                                          │  »
« q0_2: ───────────────────────────────────────────────────────────────────┼──»
«                                                                          │  »
« q0_3: ───────────────────────────────────────────────────────────────────┼──»
«                                                                          │  »
« q0_4: ───────────────────────────────────────────────────────────────────┼──»
«                                                                          │  »
« q0_5: ───────────────────────────────────────────────────────────────────┼──»
«                                                                          │  »
« q0_6: ───────────────────────────────────────────────────────────────────┼──»
«                                                                          │  »
« q0_7: ───────────────────────────────────────────────────────────────────┼──»
«                                                                          │  »
« q0_8: ───────────────────────────────────────────────────────────────────┼──»
«                                                                          │  »
« q0_9: ───────────────────────────────────────────────────────────────────┼──»
«                                                                          │  »
«q0_10: ───────────────────────────────────────────────────────────────────┼──»
«                                                                          │  »
«q0_11: ───────────────────────────────────────────────────────────────────┼──»
«                                                                          │  »
«q0_12: ───────────────────────────────────────────────────────────────────┼──»
«                                                                          │  »
«q0_13: ───────────────────────────────────────────────────────────────────┼──»
«                                                                          │  »
«q0_14: ───────────────────────────────────────────────────────────────────┼──»
«                                                                          │  »
«q0_15: ───────────────────────────────────────────────────────────────────┼──»
«       ┌───────────┐                                                      │  »
«q0_16: ┤ Rz(y[82]) ├──────────────────────────────────────────────────────┼──»
«       ├───────────┤┌───────────┐                                         │  »
«q0_17: ┤ Ry(y[61]) ├┤ Rz(y[83]) ├─────────────────────────────────────────┼──»
«       └───────────┘├───────────┤┌───────────┐                            │  »
«q0_18: ──────■──────┤ Ry(y[62]) ├┤ Rz(y[84]) ├────────────────────────────┼──»
«           ┌─┴─┐    └───────────┘├───────────┤┌───────────┐               │  »
«q0_19: ────┤ X ├──────────■──────┤ Ry(y[63]) ├┤ Rz(y[85]) ├───────────────┼──»
«           └───┘        ┌─┴─┐    └───────────┘├───────────┤┌───────────┐  │  »
«q0_20: ─────────────────┤ X ├──────────■──────┤ Ry(y[64]) ├┤ Rz(y[86]) ├──┼──»
«                        └───┘        ┌─┴─┐    ├───────────┤├───────────┤  │  »
«q0_21: ──────────────────────────────┤ X ├────┤ Ry(y[65]) ├┤ Rz(y[87]) ├──■──»
«                                     └───┘    └───────────┘└───────────┘     »
«c0: 22/══════════════════════════════════════════════════════════════════════»
«                                                                             »
«            ┌───────────┐┌────────────┐                            »
« q0_0: ──■──┤ Ry(y[88]) ├┤ Rz(y[110]) ├────────────────────────────»
«       ┌─┴─┐└───────────┘├───────────┬┘┌────────────┐              »
« q0_1: ┤ X ├──────■──────┤ Ry(y[89]) ├─┤ Rz(y[111]) ├──────────────»
«       └───┘    ┌─┴─┐    └───────────┘ ├───────────┬┘┌────────────┐»
« q0_2: ─────────┤ X ├──────────■───────┤ Ry(y[90]) ├─┤ Rz(y[112]) ├»
«                └───┘        ┌─┴─┐     └───────────┘ ├───────────┬┘»
« q0_3: ──────────────────────┤ X ├───────────■───────┤ Ry(y[91]) ├─»
«                             └───┘         ┌─┴─┐     └───────────┘ »
« q0_4: ────────────────────────────────────┤ X ├───────────■───────»
«                                           └───┘         ┌─┴─┐     »
« q0_5: ──────────────────────────────────────────────────┤ X ├─────»
«                                                         └───┘     »
« q0_6: ────────────────────────────────────────────────────────────»
«                                                                   »
« q0_7: ────────────────────────────────────────────────────────────»
«                                                                   »
« q0_8: ────────────────────────────────────────────────────────────»
«                                                                   »
« q0_9: ────────────────────────────────────────────────────────────»
«                                                                   »
«q0_10: ────────────────────────────────────────────────────────────»
«                                                                   »
«q0_11: ────────────────────────────────────────────────────────────»
«                                                                   »
«q0_12: ────────────────────────────────────────────────────────────»
«                                                                   »
«q0_13: ────────────────────────────────────────────────────────────»
«                                                                   »
«q0_14: ────────────────────────────────────────────────────────────»
«                                                                   »
«q0_15: ────────────────────────────────────────────────────────────»
«                                                                   »
«q0_16: ────────────────────────────────────────────────────────────»
«                                                                   »
«q0_17: ────────────────────────────────────────────────────────────»
«                                                                   »
«q0_18: ────────────────────────────────────────────────────────────»
«                                                                   »
«q0_19: ────────────────────────────────────────────────────────────»
«                                                                   »
«q0_20: ────────────────────────────────────────────────────────────»
«                                                                   »
«q0_21: ────────────────────────────────────────────────────────────»
«                                                                   »
«c0: 22/════════════════════════════════════════════════════════════»
«                                                                   »
«                                                                             »
« q0_0: ──────────────────────────────────────────────────────────────────────»
«                                                                             »
« q0_1: ──────────────────────────────────────────────────────────────────────»
«                                                                             »
« q0_2: ──────────────────────────────────────────────────────────────────────»
«       ┌────────────┐                                                        »
« q0_3: ┤ Rz(y[113]) ├────────────────────────────────────────────────────────»
«       ├───────────┬┘┌────────────┐                                          »
« q0_4: ┤ Ry(y[92]) ├─┤ Rz(y[114]) ├──────────────────────────────────────────»
«       └───────────┘ ├───────────┬┘┌────────────┐                            »
« q0_5: ──────■───────┤ Ry(y[93]) ├─┤ Rz(y[115]) ├────────────────────────────»
«           ┌─┴─┐     └───────────┘ ├───────────┬┘┌────────────┐              »
« q0_6: ────┤ X ├───────────■───────┤ Ry(y[94]) ├─┤ Rz(y[116]) ├──────────────»
«           └───┘         ┌─┴─┐     └───────────┘ ├───────────┬┘┌────────────┐»
« q0_7: ──────────────────┤ X ├───────────■───────┤ Ry(y[95]) ├─┤ Rz(y[117]) ├»
«                         └───┘         ┌─┴─┐     └───────────┘ ├───────────┬┘»
« q0_8: ────────────────────────────────┤ X ├───────────■───────┤ Ry(y[96]) ├─»
«                                       └───┘         ┌─┴─┐     └───────────┘ »
« q0_9: ──────────────────────────────────────────────┤ X ├───────────■───────»
«                                                     └───┘         ┌─┴─┐     »
«q0_10: ────────────────────────────────────────────────────────────┤ X ├─────»
«                                                                   └───┘     »
«q0_11: ──────────────────────────────────────────────────────────────────────»
«                                                                             »
«q0_12: ──────────────────────────────────────────────────────────────────────»
«                                                                             »
«q0_13: ──────────────────────────────────────────────────────────────────────»
«                                                                             »
«q0_14: ──────────────────────────────────────────────────────────────────────»
«                                                                             »
«q0_15: ──────────────────────────────────────────────────────────────────────»
«                                                                             »
«q0_16: ──────────────────────────────────────────────────────────────────────»
«                                                                             »
«q0_17: ──────────────────────────────────────────────────────────────────────»
«                                                                             »
«q0_18: ──────────────────────────────────────────────────────────────────────»
«                                                                             »
«q0_19: ──────────────────────────────────────────────────────────────────────»
«                                                                             »
«q0_20: ──────────────────────────────────────────────────────────────────────»
«                                                                             »
«q0_21: ──────────────────────────────────────────────────────────────────────»
«                                                                             »
«c0: 22/══════════════════════════════════════════════════════════════════════»
«                                                                             »
«                                                                             »
« q0_0: ──────────────────────────────────────────────────────────────────────»
«                                                                             »
« q0_1: ──────────────────────────────────────────────────────────────────────»
«                                                                             »
« q0_2: ──────────────────────────────────────────────────────────────────────»
«                                                                             »
« q0_3: ──────────────────────────────────────────────────────────────────────»
«                                                                             »
« q0_4: ──────────────────────────────────────────────────────────────────────»
«                                                                             »
« q0_5: ──────────────────────────────────────────────────────────────────────»
«                                                                             »
« q0_6: ──────────────────────────────────────────────────────────────────────»
«                                                                             »
« q0_7: ──────────────────────────────────────────────────────────────────────»
«       ┌────────────┐                                                        »
« q0_8: ┤ Rz(y[118]) ├────────────────────────────────────────────────────────»
«       ├───────────┬┘┌────────────┐                                          »
« q0_9: ┤ Ry(y[97]) ├─┤ Rz(y[119]) ├──────────────────────────────────────────»
«       └───────────┘ ├───────────┬┘┌────────────┐                            »
«q0_10: ──────■───────┤ Ry(y[98]) ├─┤ Rz(y[120]) ├────────────────────────────»
«           ┌─┴─┐     └───────────┘ ├───────────┬┘┌────────────┐              »
«q0_11: ────┤ X ├───────────■───────┤ Ry(y[99]) ├─┤ Rz(y[121]) ├──────────────»
«           └───┘         ┌─┴─┐     └───────────┘ ├────────────┤┌────────────┐»
«q0_12: ──────────────────┤ X ├───────────■───────┤ Ry(y[100]) ├┤ Rz(y[122]) ├»
«                         └───┘         ┌─┴─┐     └────────────┘├────────────┤»
«q0_13: ────────────────────────────────┤ X ├───────────■───────┤ Ry(y[101]) ├»
«                                       └───┘         ┌─┴─┐     └────────────┘»
«q0_14: ──────────────────────────────────────────────┤ X ├───────────■───────»
«                                                     └───┘         ┌─┴─┐     »
«q0_15: ────────────────────────────────────────────────────────────┤ X ├─────»
«                                                                   └───┘     »
«q0_16: ──────────────────────────────────────────────────────────────────────»
«                                                                             »
«q0_17: ──────────────────────────────────────────────────────────────────────»
«                                                                             »
«q0_18: ──────────────────────────────────────────────────────────────────────»
«                                                                             »
«q0_19: ──────────────────────────────────────────────────────────────────────»
«                                                                             »
«q0_20: ──────────────────────────────────────────────────────────────────────»
«                                                                             »
«q0_21: ──────────────────────────────────────────────────────────────────────»
«                                                                             »
«c0: 22/══════════════════════════════════════════════════════════════════════»
«                                                                             »
«                                                                             »
« q0_0: ──────────────────────────────────────────────────────────────────────»
«                                                                             »
« q0_1: ──────────────────────────────────────────────────────────────────────»
«                                                                             »
« q0_2: ──────────────────────────────────────────────────────────────────────»
«                                                                             »
« q0_3: ──────────────────────────────────────────────────────────────────────»
«                                                                             »
« q0_4: ──────────────────────────────────────────────────────────────────────»
«                                                                             »
« q0_5: ──────────────────────────────────────────────────────────────────────»
«                                                                             »
« q0_6: ──────────────────────────────────────────────────────────────────────»
«                                                                             »
« q0_7: ──────────────────────────────────────────────────────────────────────»
«                                                                             »
« q0_8: ──────────────────────────────────────────────────────────────────────»
«                                                                             »
« q0_9: ──────────────────────────────────────────────────────────────────────»
«                                                                             »
«q0_10: ──────────────────────────────────────────────────────────────────────»
«                                                                             »
«q0_11: ──────────────────────────────────────────────────────────────────────»
«                                                                             »
«q0_12: ──────────────────────────────────────────────────────────────────────»
«       ┌────────────┐                                                        »
«q0_13: ┤ Rz(y[123]) ├────────────────────────────────────────────────────────»
«       ├────────────┤┌────────────┐                                          »
«q0_14: ┤ Ry(y[102]) ├┤ Rz(y[124]) ├──────────────────────────────────────────»
«       └────────────┘├────────────┤┌────────────┐                            »
«q0_15: ──────■───────┤ Ry(y[103]) ├┤ Rz(y[125]) ├────────────────────────────»
«           ┌─┴─┐     └────────────┘├────────────┤┌────────────┐              »
«q0_16: ────┤ X ├───────────■───────┤ Ry(y[104]) ├┤ Rz(y[126]) ├──────────────»
«           └───┘         ┌─┴─┐     └────────────┘├────────────┤┌────────────┐»
«q0_17: ──────────────────┤ X ├───────────■───────┤ Ry(y[105]) ├┤ Rz(y[127]) ├»
«                         └───┘         ┌─┴─┐     └────────────┘├────────────┤»
«q0_18: ────────────────────────────────┤ X ├───────────■───────┤ Ry(y[106]) ├»
«                                       └───┘         ┌─┴─┐     └────────────┘»
«q0_19: ──────────────────────────────────────────────┤ X ├───────────■───────»
«                                                     └───┘         ┌─┴─┐     »
«q0_20: ────────────────────────────────────────────────────────────┤ X ├─────»
«                                                                   └───┘     »
«q0_21: ──────────────────────────────────────────────────────────────────────»
«                                                                             »
«c0: 22/══════════════════════════════════════════════════════════════════════»
«                                                                             »
«                                                 
« q0_0: ──────────────────────────────────────────
«                                                 
« q0_1: ──────────────────────────────────────────
«                                                 
« q0_2: ──────────────────────────────────────────
«                                                 
« q0_3: ──────────────────────────────────────────
«                                                 
« q0_4: ──────────────────────────────────────────
«                                                 
« q0_5: ──────────────────────────────────────────
«                                                 
« q0_6: ──────────────────────────────────────────
«                                                 
« q0_7: ──────────────────────────────────────────
«                                                 
« q0_8: ──────────────────────────────────────────
«                                                 
« q0_9: ──────────────────────────────────────────
«                                                 
«q0_10: ──────────────────────────────────────────
«                                                 
«q0_11: ──────────────────────────────────────────
«                                                 
«q0_12: ──────────────────────────────────────────
«                                                 
«q0_13: ──────────────────────────────────────────
«                                                 
«q0_14: ──────────────────────────────────────────
«                                                 
«q0_15: ──────────────────────────────────────────
«                                                 
«q0_16: ──────────────────────────────────────────
«                                                 
«q0_17: ──────────────────────────────────────────
«       ┌────────────┐                            
«q0_18: ┤ Rz(y[128]) ├────────────────────────────
«       ├────────────┤┌────────────┐              
«q0_19: ┤ Ry(y[107]) ├┤ Rz(y[129]) ├──────────────
«       └────────────┘├────────────┤┌────────────┐
«q0_20: ──────■───────┤ Ry(y[108]) ├┤ Rz(y[130]) ├
«           ┌─┴─┐     ├────────────┤├────────────┤
«q0_21: ────┤ X ├─────┤ Ry(y[109]) ├┤ Rz(y[131]) ├
«           └───┘     └────────────┘└────────────┘
«c0: 22/══════════════════════════════════════════
«                                                 
ansatz-state is written to ansatz.txt
building constraints...
number of constraints= 484
unique pauliops 946
graphclique-cliquecover: 946 with commutationmode qubitwise
strategy largest_first 615
strategy random_sequential 615
strategy smallest_last 615
strategy independent_set 635
strategy connected_sequential_bfs 615
strategy connected_sequential_dfs 615
strategy saturation_largest_first 615
number of cliques 615
clique 0 ['IIIIIIIIIIIIIIIIIIIIIX', 'IIIIIIIIIIXIXYYIIIXIXX', 'IIIIIIIIIIIIIIIIIIIXXI', 'IIIIIIIIIIIIIIIIIIIXII', 'IIIIIIIIIIIIIIIIXXXIII', 'IIIIIIIIIIIIIIIIIXIIII', 'IIIIIIIIIIIIIIIXXIIIII', 'IIIIIIIIIIIIIIIXIIIIII', 'IIXIXXYIIIIIIIYIIIIIII', 'IIIIIIIIIIIIIYIIIIIIII', 'IIIIIIIIIIIXXIIIIIIIII', 'IIIIIIIIIIIXIIIIIIIIII', 'IIIIIIIIXXXIIIIIIIIIII', 'IIIIIIIIIXIIIIIIIIIIII', 'IIIIIIIXXIIIIIIIIIIIII', 'IIIIIIIXIIIIIIIIIIIIII', 'IIIIIXIIIIIIIIIIIIIIII', 'IIIXXIIIIIIIIIIIIIIIII', 'IIIXIIIIIIIIIIIIIIIIII', 'XXXIIIIIIIIIIIIIIIIIII', 'IXIIIIIIIIIIIIIIIIIIII']
clique 1 ['IIIIIIIIIIIIIIIIIIIIIY', 'IIIIIIIIIIXIXXYIIIXIXY', 'IIIIIIIIIIIIIIIIIIIYXI', 'IIIIIIIIIIIIIIIIIIIYII', 'IIIIIIIIIIIIIIIIXYXIII', 'IIIIIIIIIIIIIIIIIYIIII', 'IIIIIIIIIIIIIIIYXIIIII', 'IIIIIIIIIIIIIIIYIIIIII', 'IIXIXYYIIIIIIIYIIIIIII', 'IIIIIIIIIIIIIXIIIIIIII', 'IIIIIIIIIIIYXIIIIIIIII', 'IIIIIIIIIIIYIIIIIIIIII', 'IIIIIIIIXYXIIIIIIIIIII', 'IIIIIIIIIYIIIIIIIIIIII', 'IIIIIIIYXIIIIIIIIIIIII', 'IIIIIIIYIIIIIIIIIIIIII', 'IIIIIYIIIIIIIIIIIIIIII', 'IIIYXIIIIIIIIIIIIIIIII', 'IIIYIIIIIIIIIIIIIIIIII', 'XYXIIIIIIIIIIIIIIIIIII', 'IYIIIIIIIIIIIIIIIIIIII']
clique 2 ['IIIIIIIIIIXIXXYIIIXIXX', 'IIIIIIIIIIIIIIIIIIIZXI', 'IIIIIIIIIIIIIIIIIIIZII', 'IIIIIIIIIIIIIIIIXZXIII', 'IIIIIIIIIIIIIIIIIZIIII', 'IIIIIIIIIIIIIIIZXIIIII', 'IIIIIIIIIIIIIIIZIIIIII', 'IIXIXZYIIIIIIIYIIIIIII', 'IIIIIIIIIIIZXIIIIIIIII', 'IIIIIIIIIIIZIIIIIIIIII', 'IIIIIIIIXZXIIIIIIIIIII', 'IIIIIIIIIZIIIIIIIIIIII', 'IIIIIIIZXIIIIIIIIIIIII', 'IIIIIIIZIIIIIIIIIIIIII', 'IIIIIZIIIIIIIIIIIIIIII', 'IIIZXIIIIIIIIIIIIIIIII', 'IIIZIIIIIIIIIIIIIIIIII', 'XZXIIIIIIIIIIIIIIIIIII', 'IZIIIIIIIIIIIIIIIIIIII']
clique 3 ['IIIIIIIIIIXIXYYIIIXIXY', 'IIIIIIIIIIIIIIIXZIXIII', 'IIIIIIIIIIIIIIIIZXIIII', 'IIXXZIYIIIIIIIYIIIIIII', 'IIIIIIIXZIXIIIIIIIIIII', 'IIIIIIIIZXIIIIIIIIIIII', 'IIIIZXIIIIIIIIIIIIIIII', 'YIXIIIIIIIIIIIIIIIIIII']
clique 4 ['IIIIIIIIIIXIXZYIIIXIXY', 'IIIIIIIIIIIIIIIYZIXIII', 'IIIIIIIIIIIIIIIIZYIIII', 'IIXYZIYIIIIIIIYIIIIIII', 'IIIIIIIIIIIIIZIIIIIIII', 'IIIIIIIYZIXIIIIIIIIIII', 'IIIIIIIIZYIIIIIIIIIIII', 'IIIIZYIIIIIIIIIIIIIIII', 'ZXIIIIIIIIIIIIIIIIIIII']
clique 5 ['IIIIIIIIIIXIXZYIIIXIXX', 'IIIIIIIIIIIIIIIZZIXIII', 'IIIIIIIIIIIIIIIIZZIIII', 'IIXZZIYIIIIIIIYIIIIIII', 'IIIIIIIZZIXIIIIIIIIIII', 'IIIIIIIIZZIIIIIIIIIIII', 'IIIIZZIIIIIIIIIIIIIIII', 'ZYIIIIIIIIIIIIIIIIIIII']
clique 6 ['IIIIIIIIIIXYZIYIIIXIXX', 'IIIIIIIIIIIIIIIIYIXIII', 'IIIIIIIIIIIIIIIYYXIIII', 'IIXIYIYIIIIIIIYIIIIIII', 'IIIIIIIIIIIIZXIIIIIIII', 'IIIIIIIIYIXIIIIIIIIIII', 'IIIIIIIYYXIIIIIIIIIIII', 'IIIYYXIIIIIIIIIIIIIIII', 'ZZIIIIIIIIIIIIIIIIIIII']
clique 7 ['IIIIIIIIIIXXZIYIIIXIXY', 'IIIIIIIIIIIIIIIXYYIIII', 'XXZIIIYIIIIIIIYIIIIIII', 'IIIIIIIIIIIIZYIIIIIIII', 'IIIIIIIXYYIIIIIIIIIIII', 'IIZIXXIIIIIIIIIIIIIIII']
clique 8 ['IIIIIIIIIIXXZIYIIIXIXX', 'IIIIIIIIIIIIIIIXYXIIII', 'XYZIIIYIIIIIIIYIIIIIII', 'IIIIIIIIIIIIZZIIIIIIII', 'IIIIIIIXYXIIIIIIIIIIII', 'IIZIXYIIIIIIIIIIIIIIII']
clique 9 ['IIIIIIIIIIXYZIYIIIXIXY', 'IIIIIIIIIIIIIIIYYYIIII', 'XZZIIIYIIIIIIIYIIIIIII', 'IIIIIIIYYYIIIIIIIIIIII', 'IIZIXZIIIIIIIIIIIIIIII']
clique 10 ['IIIIIIIIIIXZZIYIIIXIXY', 'IIIIIIIIIIIIIIIZYYIIII', 'YIZIIIYIIIIIIIYIIIIIII', 'IIIIIIIZYYIIIIIIIIIIII', 'IIZXZIIIIIIIIIIIIIIIII']
clique 11 ['IIIIIIIIIIXZZIYIIIXIXX', 'IIIIIIIIIIIIIIIZYXIIII', 'IIIIIIIZYXIIIIIIIIIIII', 'IIXIXXXIIIIIIIIIIIIIII']
clique 12 ['IIIIIIIIXYZIIIYIIIXIXX', 'IIIIIIIIIIIIIIIYYZIIII', 'IIIIIIIIIIZIXXIIIIIIII', 'IIXIXYXIIIIIIIIIIIIIII']
clique 13 ['IIIIIIIIXXZIIIYIIIXIXY', 'IIIIIIIIIIIIIIIXYZIIII', 'IIIIIIIIIIZIXYIIIIIIII', 'IIXIXZXIIIIIIIIIIIIIII']
clique 14 ['IIIIIIIIXXZIIIYIIIXIXX', 'IIIIIIIIIIIIIIIZYZIIII', 'IIIIIIIIIIZIXZIIIIIIII', 'IIXXZIXIIIIIIIIIIIIIII']
clique 15 ['IIIIIIIIXYZIIIYIIIXIXY', 'IIIIIIIIIIZXZIIIIIIIII', 'IIXYZIXIIIIIIIIIIIIIII']
clique 16 ['IIIIIIIIXZZIIIYIIIXIXY', 'IIIIIIIIIIZYZIIIIIIIII', 'IIXZZIXIIIIIIIIIIIIIII']
clique 17 ['IIIIIIIIXZZIIIYIIIXIXX', 'IIYIIIYIIIIIIIYIIIIIII', 'IIIIIIIIIIZZZIIIIIIIII', 'XYYIXXIIIIIIIIIIIIIIII']
clique 18 ['IIIIIIIYZIZIIIYIIIXIXX', 'IIIIIIIIIIIYYXIIIIIIII', 'IIIIIIIIIIZIYIIIIIIIII', 'IIXIYIXIIIIIIIIIIIIIII', 'IIIXYYIIIIIIIIIIIIIIII']
clique 19 ['IIIIIIIXZIZIIIYIIIXIXY', 'IIIIIIIIIIIXYYIIIIIIII', 'XXZIIIXIIIIIIIIIIIIIII', 'IIZYZIIIIIIIIIIIIIIIII']
clique 20 ['IIIIIIIXZIZIIIYIIIXIXX', 'IIIIIIIIIIIXYXIIIIIIII', 'XYZIIIXIIIIIIIIIIIIIII', 'IIZZZIIIIIIIIIIIIIIIII']
clique 21 ['IIIIIIIYZIZIIIYIIIXIXY', 'IIIIIIIIIIIYYYIIIIIIII', 'XZZIIIXIIIIIIIIIIIIIII', 'IIIXYXIIIIIIIIIIIIIIII', 'IIZIYIIIIIIIIIIIIIIIII']
clique 22 ['IIIIIIIZZIZIIIYIIIXIXY', 'IIIIIIIIIIIZYYIIIIIIII', 'YIZIIIXIIIIIIIIIIIIIII', 'IIIYYYIIIIIIIIIIIIIIII']
clique 23 ['IIIIIIIZZIZIIIYIIIXIXX', 'IIIIIIZIIIIIIIYIIIIIII', 'IIIIIIIIIIIZYXIIIIIIII', 'XXYIXYIIIIIIIIIIIIIIII']
clique 24 ['IIIIIIIIIIIIIIIIIIIIIZ', 'IIIIIIIIIIXIXYYIIIXIXZ', 'IIIIIIIYYZIIIIIIIIIIII', 'IIYIIIXIIIIIIIIIIIIIII', 'XXYIXXIIIIIIIIIIIIIIII']
clique 25 ['IIIIIIIIIIXIXXYIIIXIXZ', 'IIIIIIIXYZIIIIIIIIIIII', 'XYYIXYIIIIIIIIIIIIIIII']
clique 26 ['IIIIIIIIIIXIXZYIIIXIXZ', 'IIIIIIIZYZIIIIIIIIIIII', 'XZYIXYIIIIIIIIIIIIIIII']
clique 27 ['IIIIIIIIIIXYZIYIIIXIXZ', 'XZYIXXIIIIIIIIIIIIIIII']
clique 28 ['IIIIIIIIIIXXZIYIIIXIXZ', 'XYYIXZIIIIIIIIIIIIIIII']
clique 29 ['IIIIIIIIIIXZZIYIIIXIXZ', 'XXYIXZIIIIIIIIIIIIIIII']
clique 30 ['IIIIIIIIXYZIIIYIIIXIXZ', 'IIIIIIIIIIIYYZIIIIIIII', 'XZYIXZIIIIIIIIIIIIIIII']
clique 31 ['IIIIIIIIXXZIIIYIIIXIXZ', 'IIIIIIIIIIIXYZIIIIIIII', 'XYYXZIIIIIIIIIIIIIIIII']
clique 32 ['IIIIIIIIXZZIIIYIIIXIXZ', 'IIIIIIIIIIIZYZIIIIIIII', 'XXYYZIIIIIIIIIIIIIIIII']
clique 33 ['IIIIIIIYZIZIIIYIIIXIXZ', 'XXYXZIIIIIIIIIIIIIIIII']
clique 34 ['IIIIIIIXZIZIIIYIIIXIXZ', 'XYYYZIIIIIIIIIIIIIIIII']
clique 35 ['IIIIIIIZZIZIIIYIIIXIXZ', 'XZYYZIIIIIIIIIIIIIIIII']
clique 36 ['IIIIIIIIIIIIIIIIIIIIZX', 'IIIIIIIIIIXIXYYIIIXXZI', 'XZYXZIIIIIIIIIIIIIIIII']
clique 37 ['IIIIIIIIIIIIIIIIIIIIZY', 'IIIIIIIIIIXIXXYIIIXYZI', 'XYYZZIIIIIIIIIIIIIIIII']
clique 38 ['IIIIIIIIIIIIIIIIIIIIZZ', 'IIIIIIIIIIXIXXYIIIXXZI', 'XXYZZIIIIIIIIIIIIIIIII']
clique 39 ['IIIIIIIIIIXIXYYIIIXYZI', 'XZYZZIIIIIIIIIIIIIIIII']
clique 40 ['IIIIIIIIIIXIXZYIIIXYZI', 'YIYIXXIIIIIIIIIIIIIIII']
clique 41 ['IIIIIIIIIIXIXZYIIIXXZI', 'YIYIXYIIIIIIIIIIIIIIII']
clique 42 ['IIIIIIIIIIXYZIYIIIXXZI', 'YIYIXZIIIIIIIIIIIIIIII']
clique 43 ['IIIIIIIIIIXXZIYIIIXYZI', 'YIYXZIIIIIIIIIIIIIIIII']
clique 44 ['IIIIIIIIIIXXZIYIIIXXZI', 'YIYYZIIIIIIIIIIIIIIIII']
clique 45 ['IIIIIIIIIIXYZIYIIIXYZI', 'YIYZZIIIIIIIIIIIIIIIII']
clique 46 ['IIIIIIIIIIXZZIYIIIXYZI', 'IIIZYYIIIIIIIIIIIIIIII', 'XXYIYIIIIIIIIIIIIIIIII']
clique 47 ['IIIIIIIIIIXZZIYIIIXXZI', 'IIIZYXIIIIIIIIIIIIIIII', 'XYYIYIIIIIIIIIIIIIIIII']
clique 48 ['IIIIIIIIXYZIIIYIIIXXZI', 'IIIYYZIIIIIIIIIIIIIIII', 'XZYIYIIIIIIIIIIIIIIIII']
clique 49 ['IIIIIIIIXXZIIIYIIIXYZI', 'IIIXYZIIIIIIIIIIIIIIII', 'YIYIYIIIIIIIIIIIIIIIII']
clique 50 ['IIIIIIIIXXZIIIYIIIXXZI', 'IIIZYZIIIIIIIIIIIIIIII']
clique 51 ['IIIIIIIIXYZIIIYIIIXYZI']
clique 52 ['IIIIIIIIXZZIIIYIIIXYZI']
clique 53 ['IIIIIIIIXZZIIIYIIIXXZI']
clique 54 ['IIIIIIIYZIZIIIYIIIXXZI']
clique 55 ['IIIIIIIXZIZIIIYIIIXYZI']
clique 56 ['IIIIIIIXZIZIIIYIIIXXZI']
clique 57 ['IIIIIIIYZIZIIIYIIIXYZI']
clique 58 ['IIIIIIIZZIZIIIYIIIXYZI']
clique 59 ['IIIIIIIZZIZIIIYIIIXXZI']
clique 60 ['IIIIIIIIIIXIXYYIIIXZZI']
clique 61 ['IIIIIIIIIIXIXXYIIIXZZI']
clique 62 ['IIIIIIIIIIXIXZYIIIXZZI']
clique 63 ['IIIIIIIIIIXYZIYIIIXZZI']
clique 64 ['IIIIIIIIIIXXZIYIIIXZZI']
clique 65 ['IIIIIIIIIIXZZIYIIIXZZI']
clique 66 ['IIIIIIIIXYZIIIYIIIXZZI']
clique 67 ['IIIIIIIIXXZIIIYIIIXZZI']
clique 68 ['IIIIIIIIXZZIIIYIIIXZZI']
clique 69 ['IIIIIIIYZIZIIIYIIIXZZI']
clique 70 ['IIIIIIIXZIZIIIYIIIXZZI']
clique 71 ['IIIIIIIZZIZIIIYIIIXZZI']
clique 72 ['IIIIIIIIIIIIIIIIIIZIXX', 'IIIIIIIIIIXIXYYIXXZIII']
clique 73 ['IIIIIIIIIIIIIIIIIIZIXY', 'IIIIIIIIIIXIXXYIXYZIII']
clique 74 ['IIIIIIIIIIIIIIIIIIZIXZ', 'IIIIIIIIIIXIXXYIXXZIII']
clique 75 ['IIIIIIIIIIIIIIIIIIZXZI', 'IIIIIIIIIIXIXYYIXYZIII']
clique 76 ['IIIIIIIIIIIIIIIIIIZYZI', 'IIIIIIIIIIXIXZYIXYZIII']
clique 77 ['IIIIIIIIIIIIIIIIIIZZZI', 'IIIIIIIIIIXIXZYIXXZIII']
clique 78 ['IIIIIIIIIIIIIIIIIIIYYX', 'IIIIIIIIIIIIIIIIIIZIYI', 'IIIIIIIIIIXYZIYIXXZIII']
clique 79 ['IIIIIIIIIIIIIIIIIIIXYY', 'IIIIIIIIIIXXZIYIXYZIII']
clique 80 ['IIIIIIIIIIIIIIIIIIIXYX', 'IIIIIIIIIIXXZIYIXXZIII']
clique 81 ['IIIIIIIIIIIIIIIIIIIYYY', 'IIIIIIIIIIXYZIYIXYZIII']
clique 82 ['IIIIIIIIIIIIIIIIIIIZYY', 'IIIIIIIIIIXZZIYIXYZIII']
clique 83 ['IIIIIIIIIIIIIIIIIIIZYX', 'IIIIIIIIIIXZZIYIXXZIII']
clique 84 ['IIIIIIIIIIIIIIIIIIIYYZ', 'IIIIIIIIXYZIIIYIXXZIII']
clique 85 ['IIIIIIIIIIIIIIIIIIIXYZ', 'IIIIIIIIXXZIIIYIXYZIII']
clique 86 ['IIIIIIIIIIIIIIIIIIIZYZ', 'IIIIIIIIXXZIIIYIXXZIII']
clique 87 ['IIIIIIIIXYZIIIYIXYZIII']
clique 88 ['IIIIIIIIXZZIIIYIXYZIII']
clique 89 ['IIIIIIIIXZZIIIYIXXZIII']
clique 90 ['IIIIIIIYZIZIIIYIXXZIII']
clique 91 ['IIIIIIIXZIZIIIYIXYZIII']
clique 92 ['IIIIIIIXZIZIIIYIXXZIII']
clique 93 ['IIIIIIIYZIZIIIYIXYZIII']
clique 94 ['IIIIIIIZZIZIIIYIXYZIII']
clique 95 ['IIIIIIIZZIZIIIYIXXZIII']
clique 96 ['IIIIIIIIIIXIXYYIXZZIII']
clique 97 ['IIIIIIIIIIXIXXYIXZZIII']
clique 98 ['IIIIIIIIIIXIXZYIXZZIII']
clique 99 ['IIIIIIIIIIXYZIYIXZZIII']
clique 100 ['IIIIIIIIIIXXZIYIXZZIII']
clique 101 ['IIIIIIIIIIXZZIYIXZZIII']
clique 102 ['IIIIIIIIXYZIIIYIXZZIII']
clique 103 ['IIIIIIIIXXZIIIYIXZZIII']
clique 104 ['IIIIIIIIXZZIIIYIXZZIII']
clique 105 ['IIIIIIIYZIZIIIYIXZZIII']
clique 106 ['IIIIIIIXZIZIIIYIXZZIII']
clique 107 ['IIIIIIIZZIZIIIYIXZZIII']
clique 108 ['IIIIIIIIIIXIXYYXZIZIII']
clique 109 ['IIIIIIIIIIXIXXYYZIZIII']
clique 110 ['IIIIIIIIIIXIXXYXZIZIII']
clique 111 ['IIIIIIIIIIXIXYYYZIZIII']
clique 112 ['IIIIIIIIIIXIXZYYZIZIII']
clique 113 ['IIIIIIIIIIXIXZYXZIZIII']
clique 114 ['IIIIIIIIIIXYZIYXZIZIII']
clique 115 ['IIIIIIIIIIXXZIYYZIZIII']
clique 116 ['IIIIIIIIIIXXZIYXZIZIII']
clique 117 ['IIIIIIIIIIXYZIYYZIZIII']
clique 118 ['IIIIIIIIIIXZZIYYZIZIII']
clique 119 ['IIIIIIIIIIXZZIYXZIZIII']
clique 120 ['IIIIIIIIXYZIIIYXZIZIII']
clique 121 ['IIIIIIIIXXZIIIYYZIZIII']
clique 122 ['IIIIIIIIXXZIIIYXZIZIII']
clique 123 ['IIIIIIIIXYZIIIYYZIZIII']
clique 124 ['IIIIIIIIXZZIIIYYZIZIII']
clique 125 ['IIIIIIIIXZZIIIYXZIZIII']
clique 126 ['IIIIIIIYZIZIIIYXZIZIII']
clique 127 ['IIIIIIIXZIZIIIYYZIZIII']
clique 128 ['IIIIIIIXZIZIIIYXZIZIII']
clique 129 ['IIIIIIIYZIZIIIYYZIZIII']
clique 130 ['IIIIIIIZZIZIIIYYZIZIII']
clique 131 ['IIIIIIIZZIZIIIYXZIZIII']
clique 132 ['IIIIIIIIIIXIXYYZZIZIII']
clique 133 ['IIIIIIIIIIXIXXYZZIZIII']
clique 134 ['IIIIIIIIIIXIXZYZZIZIII']
clique 135 ['IIIIIIIIIIXYZIYZZIZIII']
clique 136 ['IIIIIIIIIIXXZIYZZIZIII']
clique 137 ['IIIIIIIIIIXZZIYZZIZIII']
clique 138 ['IIIIIIIIXYZIIIYZZIZIII']
clique 139 ['IIIIIIIIXXZIIIYZZIZIII']
clique 140 ['IIIIIIIIXZZIIIYZZIZIII']
clique 141 ['IIIIIIIYZIZIIIYZZIZIII']
clique 142 ['IIIIIIIXZIZIIIYZZIZIII']
clique 143 ['IIIIIIIZZIZIIIYZZIZIII']
clique 144 ['IIIIIIIIIIXIYIYIIIXIXX']
clique 145 ['IIIIIIIIIIXIYIYIIIXIXY']
clique 146 ['IIIIIIIIYIZIIIYIIIXIXX']
clique 147 ['IIIIIIIIYIZIIIYIIIXIXY']
clique 148 ['IIIIIIIIIIXIXXYIIIXIYI']
clique 149 ['IIIIIIIIIIXIXYYIIIXIYI']
clique 150 ['IIIIIIIIIIXIXZYIIIXIYI']
clique 151 ['IIIIIIIIIIXIYIYIIIXIXZ']
clique 152 ['IIIIIIIIIIXXZIYIIIXIYI']
clique 153 ['IIIIIIIIIIXYZIYIIIXIYI']
clique 154 ['IIIIIIIIIIXZZIYIIIXIYI']
clique 155 ['IIIIIIIIXXZIIIYIIIXIYI']
clique 156 ['IIIIIIIIXYZIIIYIIIXIYI']
clique 157 ['IIIIIIIIXZZIIIYIIIXIYI']
clique 158 ['IIIIIIIIYIZIIIYIIIXIXZ']
clique 159 ['IIIIIIIXZIZIIIYIIIXIYI']
clique 160 ['IIIIIIIYZIZIIIYIIIXIYI']
clique 161 ['IIIIIIIZZIZIIIYIIIXIYI']
clique 162 ['IIIIIIIIIIXIYIYIIIXXZI']
clique 163 ['IIIIIIIIIIXIYIYIIIXYZI']
clique 164 ['IIIIIIIIYIZIIIYIIIXXZI']
clique 165 ['IIIIIIIIYIZIIIYIIIXYZI']
clique 166 ['IIIIIIIIIIXIYIYIIIXZZI']
clique 167 ['IIIIIIIIYIZIIIYIIIXZZI']
clique 168 ['IIIIIIIIIIXIYIYIXXZIII']
clique 169 ['IIIIIIIIIIXIYIYIXYZIII']
clique 170 ['IIIIIIIIYIZIIIYIXXZIII']
clique 171 ['IIIIIIIIYIZIIIYIXYZIII']
clique 172 ['IIIIIIIIIIXIXXYIYIZIII']
clique 173 ['IIIIIIIIIIXIXYYIYIZIII']
clique 174 ['IIIIIIIIIIXIXZYIYIZIII']
clique 175 ['IIIIIIIIIIXIYIYIXZZIII']
clique 176 ['IIIIIIIIIIXXZIYIYIZIII']
clique 177 ['IIIIIIIIIIXYZIYIYIZIII']
clique 178 ['IIIIIIIIIIXZZIYIYIZIII']
clique 179 ['IIIIIIIIXXZIIIYIYIZIII']
clique 180 ['IIIIIIIIXYZIIIYIYIZIII']
clique 181 ['IIIIIIIIXZZIIIYIYIZIII']
clique 182 ['IIIIIIIIYIZIIIYIXZZIII']
clique 183 ['IIIIIIIXZIZIIIYIYIZIII']
clique 184 ['IIIIIIIYZIZIIIYIYIZIII']
clique 185 ['IIIIIIIZZIZIIIYIYIZIII']
clique 186 ['IIIIIIIIIIXIYIYXZIZIII']
clique 187 ['IIIIIIIIIIXIYIYYZIZIII']
clique 188 ['IIIIIIIIYIZIIIYXZIZIII']
clique 189 ['IIIIIIIIYIZIIIYYZIZIII']
clique 190 ['IIIIIIIIIIXIYIYZZIZIII']
clique 191 ['IIIIIIIIYIZIIIYZZIZIII']
clique 192 ['IIXIXYYIIIIIIIXIIIXIXX', 'IIIIIIIIIIXIXXXIIIIIII']
clique 193 ['IIXIXXYIIIIIIIXIIIXIXY', 'IIIIIIIIIIXIXYXIIIIIII']
clique 194 ['IIXIXXYIIIIIIIXIIIXIXX', 'IIIIIIIIIIXIXZXIIIIIII']
clique 195 ['IIXIXYYIIIIIIIXIIIXIXY', 'IIIIIIIIIIXXZIXIIIIIII']
clique 196 ['IIXIXZYIIIIIIIXIIIXIXY', 'IIIIIIIIIIXYZIXIIIIIII']
clique 197 ['IIXIXZYIIIIIIIXIIIXIXX', 'IIIIIIIIIIXZZIXIIIIIII']
clique 198 ['IIXYZIYIIIIIIIXIIIXIXX', 'IIIIIIIIXXZIIIXIIIIIII']
clique 199 ['IIXXZIYIIIIIIIXIIIXIXY', 'IIIIIIIIXYZIIIXIIIIIII']
clique 200 ['IIXXZIYIIIIIIIXIIIXIXX', 'IIIIIIIIXZZIIIXIIIIIII']
clique 201 ['IIXYZIYIIIIIIIXIIIXIXY', 'IIIIIIIXZIZIIIXIIIIIII']
clique 202 ['IIXZZIYIIIIIIIXIIIXIXY', 'IIIIIIIYZIZIIIXIIIIIII']
clique 203 ['IIXZZIYIIIIIIIXIIIXIXX', 'IIIIIIIZZIZIIIXIIIIIII']
clique 204 ['IIXIXYYIIIIIIIXIIIXIXZ', 'IIIIIIIIIIXIYIXIIIIIII']
clique 205 ['IIXIXXYIIIIIIIXIIIXIXZ', 'IIIIIIIIYIZIIIXIIIIIII']
clique 206 ['IIXIXZYIIIIIIIXIIIXIXZ', 'IIIIIIIIIIYIIIXIIIIIII', 'IIIIIIIIXYYIXXIIIIIIII']
clique 207 ['IIXYZIYIIIIIIIXIIIXIXZ', 'IIIIIIIIXXYIXYIIIIIIII']
clique 208 ['IIXXZIYIIIIIIIXIIIXIXZ', 'IIIIIIIIXXYIXXIIIIIIII']
clique 209 ['IIXZZIYIIIIIIIXIIIXIXZ', 'IIIIIIIIXYYIXYIIIIIIII']
clique 210 ['IIXIXYYIIIIIIIXIIIXXZI', 'IIIIIIIIXZYIXYIIIIIIII']
clique 211 ['IIXIXXYIIIIIIIXIIIXYZI', 'IIIIIIIIXZYIXXIIIIIIII']
clique 212 ['IIXIXXYIIIIIIIXIIIXXZI', 'IIIIIIIYZIYIXXIIIIIIII']
clique 213 ['IIXIXYYIIIIIIIXIIIXYZI', 'IIIIIIIXZIYIXYIIIIIIII']
clique 214 ['IIXIXZYIIIIIIIXIIIXYZI', 'IIIIIIIXZIYIXXIIIIIIII']
clique 215 ['IIXIXZYIIIIIIIXIIIXXZI', 'IIIIIIIYZIYIXYIIIIIIII']
clique 216 ['IIXYZIYIIIIIIIXIIIXXZI', 'IIIIIIIZZIYIXYIIIIIIII']
clique 217 ['IIXXZIYIIIIIIIXIIIXYZI', 'IIIIIIIZZIYIXXIIIIIIII']
clique 218 ['IIXXZIYIIIIIIIXIIIXXZI', 'IIIIIIIIXYYIXZIIIIIIII']
clique 219 ['IIXYZIYIIIIIIIXIIIXYZI', 'IIIIIIIIXXYIXZIIIIIIII']
clique 220 ['IIXZZIYIIIIIIIXIIIXYZI', 'IIIIIIIIXZYIXZIIIIIIII']
clique 221 ['IIXZZIYIIIIIIIXIIIXXZI', 'IIIIIIIYZIYIXZIIIIIIII']
clique 222 ['IIXIXYYIIIIIIIXIIIXZZI', 'IIIIIIIXZIYIXZIIIIIIII']
clique 223 ['IIXIXXYIIIIIIIXIIIXZZI', 'IIIIIIIZZIYIXZIIIIIIII']
clique 224 ['IIXIXZYIIIIIIIXIIIXZZI', 'IIIIIIIIXYYXZIIIIIIIII']
clique 225 ['IIXYZIYIIIIIIIXIIIXZZI', 'IIIIIIIIXXYYZIIIIIIIII']
clique 226 ['IIXXZIYIIIIIIIXIIIXZZI', 'IIIIIIIIXXYXZIIIIIIIII']
clique 227 ['IIXZZIYIIIIIIIXIIIXZZI', 'IIIIIIIIXYYYZIIIIIIIII']
clique 228 ['IIXIXYYIIIIIIIXIXXZIII', 'IIIIIIIIXZYYZIIIIIIIII']
clique 229 ['IIXIXXYIIIIIIIXIXYZIII', 'IIIIIIIIXZYXZIIIIIIIII']
clique 230 ['IIXIXXYIIIIIIIXIXXZIII', 'IIIIIIIYZIYXZIIIIIIIII']
clique 231 ['IIXIXYYIIIIIIIXIXYZIII', 'IIIIIIIXZIYYZIIIIIIIII']
clique 232 ['IIXIXZYIIIIIIIXIXYZIII', 'IIIIIIIXZIYXZIIIIIIIII']
clique 233 ['IIXIXZYIIIIIIIXIXXZIII', 'IIIIIIIYZIYYZIIIIIIIII']
clique 234 ['IIXYZIYIIIIIIIXIXXZIII', 'IIIIIIIZZIYYZIIIIIIIII']
clique 235 ['IIXXZIYIIIIIIIXIXYZIII', 'IIIIIIIZZIYXZIIIIIIIII']
clique 236 ['IIXXZIYIIIIIIIXIXXZIII', 'IIIIIIIIXYYZZIIIIIIIII']
clique 237 ['IIXYZIYIIIIIIIXIXYZIII', 'IIIIIIIIXXYZZIIIIIIIII']
clique 238 ['IIXZZIYIIIIIIIXIXYZIII', 'IIIIIIIIXZYZZIIIIIIIII']
clique 239 ['IIXZZIYIIIIIIIXIXXZIII', 'IIIIIIIYZIYZZIIIIIIIII']
clique 240 ['IIXIXYYIIIIIIIXIXZZIII', 'IIIIIIIXZIYZZIIIIIIIII']
clique 241 ['IIXIXXYIIIIIIIXIXZZIII', 'IIIIIIIZZIYZZIIIIIIIII']
clique 242 ['IIXIXZYIIIIIIIXIXZZIII', 'IIIIIIIIYIYIXXIIIIIIII']
clique 243 ['IIXYZIYIIIIIIIXIXZZIII', 'IIIIIIIIYIYIXYIIIIIIII']
clique 244 ['IIXXZIYIIIIIIIXIXZZIII', 'IIIIIIIIXXYIYIIIIIIIII']
clique 245 ['IIXZZIYIIIIIIIXIXZZIII', 'IIIIIIIIXYYIYIIIIIIIII']
clique 246 ['IIXIXYYIIIIIIIXXZIZIII', 'IIIIIIIIXZYIYIIIIIIIII']
clique 247 ['IIXIXXYIIIIIIIXYZIZIII', 'IIIIIIIIYIYIXZIIIIIIII']
clique 248 ['IIXIXXYIIIIIIIXXZIZIII', 'IIIIIIIXZIYIYIIIIIIIII']
clique 249 ['IIXIXYYIIIIIIIXYZIZIII', 'IIIIIIIYZIYIYIIIIIIIII']
clique 250 ['IIXIXZYIIIIIIIXYZIZIII', 'IIIIIIIZZIYIYIIIIIIIII']
clique 251 ['IIXIXZYIIIIIIIXXZIZIII', 'IIIIIIIIYIYXZIIIIIIIII']
clique 252 ['IIXYZIYIIIIIIIXXZIZIII', 'IIIIIIIIYIYYZIIIIIIIII']
clique 253 ['IIXXZIYIIIIIIIXYZIZIII', 'IIIIIIIIYIYZZIIIIIIIII']
clique 254 ['IIXXZIYIIIIIIIXXZIZIII', 'IIIIIIIIYIYIYIIIIIIIII']
clique 255 ['IIXYZIYIIIIIIIXYZIZIII']
clique 256 ['IIXZZIYIIIIIIIXYZIZIII']
clique 257 ['IIXZZIYIIIIIIIXXZIZIII']
clique 258 ['IIXIXYYIIIIIIIXZZIZIII']
clique 259 ['IIXIXXYIIIIIIIXZZIZIII']
clique 260 ['IIXIXZYIIIIIIIXZZIZIII']
clique 261 ['IIXYZIYIIIIIIIXZZIZIII']
clique 262 ['IIXXZIYIIIIIIIXZZIZIII']
clique 263 ['IIXZZIYIIIIIIIXZZIZIII']
clique 264 ['IIIIIIIIIIIIIIZIIIXIXX', 'IIXIXYYIIIXIXXZIIIIIII']
clique 265 ['IIIIIIIIIIIIIIZIIIXIXY', 'IIXIXXYIIIXIXYZIIIIIII']
clique 266 ['IIIIIIIIIIIIIIZIIIXIXZ', 'IIXIXXYIIIXIXXZIIIIIII']
clique 267 ['IIIIIIIIIIIIIIZIIIXXZI', 'IIXIXYYIIIXIXYZIIIIIII']
clique 268 ['IIIIIIIIIIIIIIZIIIXYZI', 'IIXIXZYIIIXIXYZIIIIIII']
clique 269 ['IIIIIIIIIIIIIIZIIIXZZI', 'IIXIXZYIIIXIXXZIIIIIII']
clique 270 ['IIIIIIIIIIIIIIZIXXZIII', 'IIXYZIYIIIXIXXZIIIIIII']
clique 271 ['IIIIIIIIIIIIIIZIXYZIII', 'IIXXZIYIIIXIXYZIIIIIII']
clique 272 ['IIIIIIIIIIIIIIZIXZZIII', 'IIXXZIYIIIXIXXZIIIIIII']
clique 273 ['IIIIIIIIIIIIIIZXZIZIII', 'IIXYZIYIIIXIXYZIIIIIII']
clique 274 ['IIIIIIIIIIIIIIZYZIZIII', 'IIXZZIYIIIXIXYZIIIIIII']
clique 275 ['IIIIIIIIIIIIIIZZZIZIII', 'IIXZZIYIIIXIXXZIIIIIII']
clique 276 ['IIIIIIIIIIIIIIZIIIXIYI', 'IIXIXYYIIIXIXZZIIIIIII']
clique 277 ['IIIIIIIIIIIIIIZIYIZIII', 'IIXIXXYIIIXIXZZIIIIIII']
clique 278 ['IIIIIIIIIIIIIIIIXYYIXX', 'IIIIIIIIIIIIIIZIIIYIII', 'IIXIXZYIIIXIXZZIIIIIII']
clique 279 ['IIIIIIIIIIIIIIIIXXYIXY', 'IIXYZIYIIIXIXZZIIIIIII']
clique 280 ['IIIIIIIIIIIIIIIIXXYIXX', 'IIXXZIYIIIXIXZZIIIIIII']
clique 281 ['IIIIIIIIIIIIIIIIXYYIXY', 'IIXZZIYIIIXIXZZIIIIIII']
clique 282 ['IIIIIIIIIIIIIIIIXZYIXY', 'IIXIXYYIIIXXZIZIIIIIII']
clique 283 ['IIIIIIIIIIIIIIIIXZYIXX', 'IIXIXXYIIIXYZIZIIIIIII']
clique 284 ['IIIIIIIIIIIIIIIYZIYIXX', 'IIXIXXYIIIXXZIZIIIIIII']
clique 285 ['IIIIIIIIIIIIIIIXZIYIXY', 'IIXIXYYIIIXYZIZIIIIIII']
clique 286 ['IIIIIIIIIIIIIIIXZIYIXX', 'IIXIXZYIIIXYZIZIIIIIII']
clique 287 ['IIIIIIIIIIIIIIIYZIYIXY', 'IIXIXZYIIIXXZIZIIIIIII']
clique 288 ['IIIIIIIIIIIIIIIZZIYIXY', 'IIXYZIYIIIXXZIZIIIIIII']
clique 289 ['IIIIIIIIIIIIIIIZZIYIXX', 'IIXXZIYIIIXYZIZIIIIIII']
clique 290 ['IIIIIIIIIIIIIIIIXYYIXZ', 'IIXXZIYIIIXXZIZIIIIIII']
clique 291 ['IIIIIIIIIIIIIIIIXXYIXZ', 'IIXYZIYIIIXYZIZIIIIIII']
clique 292 ['IIIIIIIIIIIIIIIIXZYIXZ', 'IIXZZIYIIIXYZIZIIIIIII']
clique 293 ['IIIIIIIIIIIIIIIYZIYIXZ', 'IIXZZIYIIIXXZIZIIIIIII']
clique 294 ['IIIIIIIIIIIIIIIXZIYIXZ', 'IIXIXYYIIIXZZIZIIIIIII']
clique 295 ['IIIIIIIIIIIIIIIZZIYIXZ', 'IIXIXXYIIIXZZIZIIIIIII']
clique 296 ['IIIIIIIIIIIIIIIIXYYXZI', 'IIXIXZYIIIXZZIZIIIIIII']
clique 297 ['IIIIIIIIIIIIIIIIXXYYZI', 'IIXYZIYIIIXZZIZIIIIIII']
clique 298 ['IIIIIIIIIIIIIIIIXXYXZI', 'IIXXZIYIIIXZZIZIIIIIII']
clique 299 ['IIIIIIIIIIIIIIIIXYYYZI', 'IIXZZIYIIIXZZIZIIIIIII']
clique 300 ['IIIIIIIIIIIIIIIIXZYYZI', 'IIXIXYYIXXZIIIZIIIIIII']
clique 301 ['IIIIIIIIIIIIIIIIXZYXZI', 'IIXIXXYIXYZIIIZIIIIIII']
clique 302 ['IIIIIIIIIIIIIIIYZIYXZI', 'IIXIXXYIXXZIIIZIIIIIII']
clique 303 ['IIIIIIIIIIIIIIIXZIYYZI', 'IIXIXYYIXYZIIIZIIIIIII']
clique 304 ['IIIIIIIIIIIIIIIXZIYXZI', 'IIXIXZYIXYZIIIZIIIIIII']
clique 305 ['IIIIIIIIIIIIIIIYZIYYZI', 'IIXIXZYIXXZIIIZIIIIIII']
clique 306 ['IIIIIIIIIIIIIIIZZIYYZI', 'IIXYZIYIXXZIIIZIIIIIII']
clique 307 ['IIIIIIIIIIIIIIIZZIYXZI', 'IIXXZIYIXYZIIIZIIIIIII']
clique 308 ['IIIIIIIIIIIIIIIIXYYZZI', 'IIXXZIYIXXZIIIZIIIIIII']
clique 309 ['IIIIIIIIIIIIIIIIXXYZZI', 'IIXYZIYIXYZIIIZIIIIIII']
clique 310 ['IIIIIIIIIIIIIIIIXZYZZI', 'IIXZZIYIXYZIIIZIIIIIII']
clique 311 ['IIIIIIIIIIIIIIIYZIYZZI', 'IIXZZIYIXXZIIIZIIIIIII']
clique 312 ['IIIIIIIIIIIIIIIXZIYZZI', 'IIXIXYYIXZZIIIZIIIIIII']
clique 313 ['IIIIIIIIIIIIIIIZZIYZZI', 'IIXIXXYIXZZIIIZIIIIIII']
clique 314 ['IIIIIIIIIIIIIIIIYIYIXX', 'IIXIXZYIXZZIIIZIIIIIII']
clique 315 ['IIIIIIIIIIIIIIIIYIYIXY', 'IIXYZIYIXZZIIIZIIIIIII']
clique 316 ['IIIIIIIIIIIIIIIIXXYIYI', 'IIXXZIYIXZZIIIZIIIIIII']
clique 317 ['IIIIIIIIIIIIIIIIXYYIYI', 'IIXZZIYIXZZIIIZIIIIIII']
clique 318 ['IIIIIIIIIIIIIIIIXZYIYI', 'IIXIXYYXZIZIIIZIIIIIII']
clique 319 ['IIIIIIIIIIIIIIIIYIYIXZ', 'IIXIXXYYZIZIIIZIIIIIII']
clique 320 ['IIIIIIIIIIIIIIIXZIYIYI', 'IIXIXXYXZIZIIIZIIIIIII']
clique 321 ['IIIIIIIIIIIIIIIYZIYIYI', 'IIXIXYYYZIZIIIZIIIIIII']
clique 322 ['IIIIIIIIIIIIIIIZZIYIYI', 'IIXIXZYYZIZIIIZIIIIIII']
clique 323 ['IIIIIIIIIIIIIIIIYIYXZI', 'IIXIXZYXZIZIIIZIIIIIII']
clique 324 ['IIIIIIIIIIIIIIIIYIYYZI', 'IIXYZIYXZIZIIIZIIIIIII']
clique 325 ['IIIIIIIIIIIIIIIIYIYZZI', 'IIXXZIYYZIZIIIZIIIIIII']
clique 326 ['IIIIIIIIIIIIIIIIYIYIYI', 'IIXXZIYXZIZIIIZIIIIIII']
clique 327 ['IIXYZIYYZIZIIIZIIIIIII']
clique 328 ['IIXZZIYYZIZIIIZIIIIIII']
clique 329 ['IIXZZIYXZIZIIIZIIIIIII']
clique 330 ['IIXIXYYZZIZIIIZIIIIIII']
clique 331 ['IIXIXXYZZIZIIIZIIIIIII']
clique 332 ['IIXIXZYZZIZIIIZIIIIIII']
clique 333 ['IIXYZIYZZIZIIIZIIIIIII']
clique 334 ['IIXXZIYZZIZIIIZIIIIIII']
clique 335 ['IIXZZIYZZIZIIIZIIIIIII']
clique 336 ['IIIIIIIIIIXIYIYIIIXIYI']
clique 337 ['IIIIIIIIYIZIIIYIIIXIYI']
clique 338 ['IIIIIIIIIIXIYIYIYIZIII']
clique 339 ['IIIIIIIIYIZIIIYIYIZIII']
clique 340 ['IIXIYIYIIIIIIIXIIIXIXX']
clique 341 ['IIXIYIYIIIIIIIXIIIXIXY']
clique 342 ['IIXIXXYIIIIIIIXIIIXIYI']
clique 343 ['IIXIXYYIIIIIIIXIIIXIYI']
clique 344 ['IIXIXZYIIIIIIIXIIIXIYI']
clique 345 ['IIXIYIYIIIIIIIXIIIXIXZ']
clique 346 ['IIXXZIYIIIIIIIXIIIXIYI']
clique 347 ['IIXYZIYIIIIIIIXIIIXIYI']
clique 348 ['IIXZZIYIIIIIIIXIIIXIYI']
clique 349 ['IIXIYIYIIIIIIIXIIIXXZI']
clique 350 ['IIXIYIYIIIIIIIXIIIXYZI']
clique 351 ['IIXIYIYIIIIIIIXIIIXZZI']
clique 352 ['IIXIYIYIIIIIIIXIXXZIII']
clique 353 ['IIXIYIYIIIIIIIXIXYZIII']
clique 354 ['IIXIXXYIIIIIIIXIYIZIII']
clique 355 ['IIXIXYYIIIIIIIXIYIZIII']
clique 356 ['IIXIXZYIIIIIIIXIYIZIII']
clique 357 ['IIXIYIYIIIIIIIXIXZZIII']
clique 358 ['IIXXZIYIIIIIIIXIYIZIII']
clique 359 ['IIXYZIYIIIIIIIXIYIZIII']
clique 360 ['IIXZZIYIIIIIIIXIYIZIII']
clique 361 ['IIXIYIYIIIIIIIXXZIZIII']
clique 362 ['IIXIYIYIIIIIIIXYZIZIII']
clique 363 ['IIXIYIYIIIIIIIXZZIZIII']
clique 364 ['IIXIYIYIIIXIXXZIIIIIII']
clique 365 ['IIXIYIYIIIXIXYZIIIIIII']
clique 366 ['IIXIXXYIIIXIYIZIIIIIII']
clique 367 ['IIXIXYYIIIXIYIZIIIIIII']
clique 368 ['IIXIXZYIIIXIYIZIIIIIII']
clique 369 ['IIXIYIYIIIXIXZZIIIIIII']
clique 370 ['IIXXZIYIIIXIYIZIIIIIII']
clique 371 ['IIXYZIYIIIXIYIZIIIIIII']
clique 372 ['IIXZZIYIIIXIYIZIIIIIII']
clique 373 ['IIXIYIYIIIXXZIZIIIIIII']
clique 374 ['IIXIYIYIIIXYZIZIIIIIII']
clique 375 ['IIXIYIYIIIXZZIZIIIIIII']
clique 376 ['IIXIYIYIXXZIIIZIIIIIII']
clique 377 ['IIXIYIYIXYZIIIZIIIIIII']
clique 378 ['IIXIXXYIYIZIIIZIIIIIII']
clique 379 ['IIXIXYYIYIZIIIZIIIIIII']
clique 380 ['IIXIXZYIYIZIIIZIIIIIII']
clique 381 ['IIXIYIYIXZZIIIZIIIIIII']
clique 382 ['IIXXZIYIYIZIIIZIIIIIII']
clique 383 ['IIXYZIYIYIZIIIZIIIIIII']
clique 384 ['IIXZZIYIYIZIIIZIIIIIII']
clique 385 ['IIXIYIYXZIZIIIZIIIIIII']
clique 386 ['IIXIYIYYZIZIIIZIIIIIII']
clique 387 ['IIXIYIYZZIZIIIZIIIIIII']
clique 388 ['XYZIIIYIIIIIIIXIIIXIXX']
clique 389 ['XXZIIIYIIIIIIIXIIIXIXY']
clique 390 ['XXZIIIYIIIIIIIXIIIXIXX']
clique 391 ['XYZIIIYIIIIIIIXIIIXIXY']
clique 392 ['XZZIIIYIIIIIIIXIIIXIXY']
clique 393 ['XZZIIIYIIIIIIIXIIIXIXX']
clique 394 ['XYZIIIYIIIIIIIXIIIXIXZ']
clique 395 ['XXZIIIYIIIIIIIXIIIXIXZ']
clique 396 ['XZZIIIYIIIIIIIXIIIXIXZ']
clique 397 ['XYZIIIYIIIIIIIXIIIXXZI']
clique 398 ['XXZIIIYIIIIIIIXIIIXYZI']
clique 399 ['XXZIIIYIIIIIIIXIIIXXZI']
clique 400 ['XYZIIIYIIIIIIIXIIIXYZI']
clique 401 ['XZZIIIYIIIIIIIXIIIXYZI']
clique 402 ['XZZIIIYIIIIIIIXIIIXXZI']
clique 403 ['XYZIIIYIIIIIIIXIIIXZZI']
clique 404 ['XXZIIIYIIIIIIIXIIIXZZI']
clique 405 ['XZZIIIYIIIIIIIXIIIXZZI']
clique 406 ['XYZIIIYIIIIIIIXIXXZIII']
clique 407 ['XXZIIIYIIIIIIIXIXYZIII']
clique 408 ['XXZIIIYIIIIIIIXIXXZIII']
clique 409 ['XYZIIIYIIIIIIIXIXYZIII']
clique 410 ['XZZIIIYIIIIIIIXIXYZIII']
clique 411 ['XZZIIIYIIIIIIIXIXXZIII']
clique 412 ['XYZIIIYIIIIIIIXIXZZIII']
clique 413 ['XXZIIIYIIIIIIIXIXZZIII']
clique 414 ['XZZIIIYIIIIIIIXIXZZIII']
clique 415 ['XYZIIIYIIIIIIIXXZIZIII']
clique 416 ['XXZIIIYIIIIIIIXYZIZIII']
clique 417 ['XXZIIIYIIIIIIIXXZIZIII']
clique 418 ['XYZIIIYIIIIIIIXYZIZIII']
clique 419 ['XZZIIIYIIIIIIIXYZIZIII']
clique 420 ['XZZIIIYIIIIIIIXXZIZIII']
clique 421 ['XYZIIIYIIIIIIIXZZIZIII']
clique 422 ['XXZIIIYIIIIIIIXZZIZIII']
clique 423 ['XZZIIIYIIIIIIIXZZIZIII']
clique 424 ['XYZIIIYIIIXIXXZIIIIIII']
clique 425 ['XXZIIIYIIIXIXYZIIIIIII']
clique 426 ['XXZIIIYIIIXIXXZIIIIIII']
clique 427 ['XYZIIIYIIIXIXYZIIIIIII']
clique 428 ['XZZIIIYIIIXIXYZIIIIIII']
clique 429 ['XZZIIIYIIIXIXXZIIIIIII']
clique 430 ['XYZIIIYIIIXIXZZIIIIIII']
clique 431 ['XXZIIIYIIIXIXZZIIIIIII']
clique 432 ['XZZIIIYIIIXIXZZIIIIIII']
clique 433 ['XYZIIIYIIIXXZIZIIIIIII']
clique 434 ['XXZIIIYIIIXYZIZIIIIIII']
clique 435 ['XXZIIIYIIIXXZIZIIIIIII']
clique 436 ['XYZIIIYIIIXYZIZIIIIIII']
clique 437 ['XZZIIIYIIIXYZIZIIIIIII']
clique 438 ['XZZIIIYIIIXXZIZIIIIIII']
clique 439 ['XYZIIIYIIIXZZIZIIIIIII']
clique 440 ['XXZIIIYIIIXZZIZIIIIIII']
clique 441 ['XZZIIIYIIIXZZIZIIIIIII']
clique 442 ['XYZIIIYIXXZIIIZIIIIIII']
clique 443 ['XXZIIIYIXYZIIIZIIIIIII']
clique 444 ['XXZIIIYIXXZIIIZIIIIIII']
clique 445 ['XYZIIIYIXYZIIIZIIIIIII']
clique 446 ['XZZIIIYIXYZIIIZIIIIIII']
clique 447 ['XZZIIIYIXXZIIIZIIIIIII']
clique 448 ['XYZIIIYIXZZIIIZIIIIIII']
clique 449 ['XXZIIIYIXZZIIIZIIIIIII']
clique 450 ['XZZIIIYIXZZIIIZIIIIIII']
clique 451 ['XYZIIIYXZIZIIIZIIIIIII']
clique 452 ['XXZIIIYYZIZIIIZIIIIIII']
clique 453 ['XXZIIIYXZIZIIIZIIIIIII']
clique 454 ['XYZIIIYYZIZIIIZIIIIIII']
clique 455 ['XZZIIIYYZIZIIIZIIIIIII']
clique 456 ['XZZIIIYXZIZIIIZIIIIIII']
clique 457 ['XYZIIIYZZIZIIIZIIIIIII']
clique 458 ['XXZIIIYZZIZIIIZIIIIIII']
clique 459 ['XZZIIIYZZIZIIIZIIIIIII']
clique 460 ['YIZIIIYIIIIIIIXIIIXIXX']
clique 461 ['YIZIIIYIIIIIIIXIIIXIXY']
clique 462 ['YIZIIIYIIIIIIIXIIIXIXZ']
clique 463 ['YIZIIIYIIIIIIIXIIIXXZI']
clique 464 ['YIZIIIYIIIIIIIXIIIXYZI']
clique 465 ['YIZIIIYIIIIIIIXIIIXZZI']
clique 466 ['YIZIIIYIIIIIIIXIXXZIII']
clique 467 ['YIZIIIYIIIIIIIXIXYZIII']
clique 468 ['YIZIIIYIIIIIIIXIXZZIII']
clique 469 ['YIZIIIYIIIIIIIXXZIZIII']
clique 470 ['YIZIIIYIIIIIIIXYZIZIII']
clique 471 ['YIZIIIYIIIIIIIXZZIZIII']
clique 472 ['YIZIIIYIIIXIXXZIIIIIII']
clique 473 ['YIZIIIYIIIXIXYZIIIIIII']
clique 474 ['YIZIIIYIIIXIXZZIIIIIII']
clique 475 ['YIZIIIYIIIXXZIZIIIIIII']
clique 476 ['YIZIIIYIIIXYZIZIIIIIII']
clique 477 ['YIZIIIYIIIXZZIZIIIIIII']
clique 478 ['YIZIIIYIXXZIIIZIIIIIII']
clique 479 ['YIZIIIYIXYZIIIZIIIIIII']
clique 480 ['YIZIIIYIXZZIIIZIIIIIII']
clique 481 ['YIZIIIYXZIZIIIZIIIIIII']
clique 482 ['YIZIIIYYZIZIIIZIIIIIII']
clique 483 ['YIZIIIYZZIZIIIZIIIIIII']
clique 484 ['IIXIYIYIIIIIIIXIIIXIYI']
clique 485 ['IIXIYIYIIIIIIIXIYIZIII']
clique 486 ['IIXIYIYIIIXIYIZIIIIIII']
clique 487 ['IIXIYIYIYIZIIIZIIIIIII']
clique 488 ['XXZIIIYIIIIIIIXIIIXIYI']
clique 489 ['XYZIIIYIIIIIIIXIIIXIYI']
clique 490 ['XZZIIIYIIIIIIIXIIIXIYI']
clique 491 ['XXZIIIYIIIIIIIXIYIZIII']
clique 492 ['XYZIIIYIIIIIIIXIYIZIII']
clique 493 ['XZZIIIYIIIIIIIXIYIZIII']
clique 494 ['XXZIIIYIIIXIYIZIIIIIII']
clique 495 ['XYZIIIYIIIXIYIZIIIIIII']
clique 496 ['XZZIIIYIIIXIYIZIIIIIII']
clique 497 ['XXZIIIYIYIZIIIZIIIIIII']
clique 498 ['XYZIIIYIYIZIIIZIIIIIII']
clique 499 ['XZZIIIYIYIZIIIZIIIIIII']
clique 500 ['YIZIIIYIIIIIIIXIIIXIYI']
clique 501 ['YIZIIIYIIIIIIIXIYIZIII']
clique 502 ['YIZIIIYIIIXIYIZIIIIIII']
clique 503 ['YIZIIIYIYIZIIIZIIIIIII']
clique 504 ['IIYIIIYIIIIIIIXIIIXIXX']
clique 505 ['IIYIIIYIIIIIIIXIIIXIXY']
clique 506 ['IIYIIIYIIIIIIIXIIIXIXZ']
clique 507 ['IIYIIIYIIIIIIIXIIIXXZI']
clique 508 ['IIYIIIYIIIIIIIXIIIXYZI']
clique 509 ['IIYIIIYIIIIIIIXIIIXZZI']
clique 510 ['IIYIIIYIIIIIIIXIXXZIII']
clique 511 ['IIYIIIYIIIIIIIXIXYZIII']
clique 512 ['IIYIIIYIIIIIIIXIXZZIII']
clique 513 ['IIYIIIYIIIIIIIXXZIZIII']
clique 514 ['IIYIIIYIIIIIIIXYZIZIII']
clique 515 ['IIYIIIYIIIIIIIXZZIZIII']
clique 516 ['IIYIIIYIIIXIXXZIIIIIII']
clique 517 ['IIYIIIYIIIXIXYZIIIIIII']
clique 518 ['IIYIIIYIIIXIXZZIIIIIII']
clique 519 ['IIYIIIYIIIXXZIZIIIIIII']
clique 520 ['IIYIIIYIIIXYZIZIIIIIII']
clique 521 ['IIYIIIYIIIXZZIZIIIIIII']
clique 522 ['IIYIIIYIXXZIIIZIIIIIII']
clique 523 ['IIYIIIYIXYZIIIZIIIIIII']
clique 524 ['IIYIIIYIXZZIIIZIIIIIII']
clique 525 ['IIYIIIYXZIZIIIZIIIIIII']
clique 526 ['IIYIIIYYZIZIIIZIIIIIII']
clique 527 ['IIYIIIYZZIZIIIZIIIIIII']
clique 528 ['IIIIIIIIIIYIIIYIIIXIXX']
clique 529 ['IIIIIIIIIIYIIIYIIIXIXY']
clique 530 ['IIIIIIIIIIYIIIYIIIXIXZ']
clique 531 ['IIIIIIIIIIYIIIYIIIXXZI']
clique 532 ['IIIIIIIIIIYIIIYIIIXYZI']
clique 533 ['IIIIIIIIIIXIXXYIIIYIII']
clique 534 ['IIIIIIIIIIXIXYYIIIYIII']
clique 535 ['IIIIIIIIIIXIXZYIIIYIII']
clique 536 ['IIIIIIIIIIXXZIYIIIYIII']
clique 537 ['IIIIIIIIIIXYZIYIIIYIII']
clique 538 ['IIIIIIIIIIXZZIYIIIYIII']
clique 539 ['IIIIIIIIIIYIIIYIIIXZZI']
clique 540 ['IIIIIIIIXXZIIIYIIIYIII']
clique 541 ['IIIIIIIIXYZIIIYIIIYIII']
clique 542 ['IIIIIIIIXZZIIIYIIIYIII']
clique 543 ['IIIIIIIXZIZIIIYIIIYIII']
clique 544 ['IIIIIIIYZIZIIIYIIIYIII']
clique 545 ['IIIIIIIZZIZIIIYIIIYIII']
clique 546 ['IIIIIIIIIIYIIIYIXXZIII']
clique 547 ['IIIIIIIIIIYIIIYIXYZIII']
clique 548 ['IIIIIIIIIIYIIIYIXZZIII']
clique 549 ['IIIIIIIIIIYIIIYXZIZIII']
clique 550 ['IIIIIIIIIIYIIIYYZIZIII']
clique 551 ['IIIIIIIIIIYIIIYZZIZIII']
clique 552 ['IIYIIIYIIIIIIIXIIIXIYI']
clique 553 ['IIYIIIYIIIIIIIXIYIZIII']
clique 554 ['IIYIIIYIIIXIYIZIIIIIII']
clique 555 ['IIYIIIYIYIZIIIZIIIIIII']
clique 556 ['IIIIIIZIIIIIIIXIIIXIXX']
clique 557 ['IIIIIIZIIIIIIIXIIIXIXY']
clique 558 ['IIIIIIZIIIIIIIXIIIXIXZ']
clique 559 ['IIIIIIZIIIIIIIXIIIXXZI']
clique 560 ['IIIIIIZIIIIIIIXIIIXYZI']
clique 561 ['IIIIIIZIIIIIIIXIIIXZZI']
clique 562 ['IIIIIIZIIIIIIIXIXXZIII']
clique 563 ['IIIIIIZIIIIIIIXIXYZIII']
clique 564 ['IIIIIIZIIIIIIIXIXZZIII']
clique 565 ['IIIIIIZIIIIIIIXXZIZIII']
clique 566 ['IIIIIIZIIIIIIIXYZIZIII']
clique 567 ['IIIIIIZIIIIIIIXZZIZIII']
clique 568 ['IIIIIIZIIIXIXXZIIIIIII']
clique 569 ['IIIIIIZIIIXIXYZIIIIIII']
clique 570 ['IIIIIIZIIIXIXZZIIIIIII']
clique 571 ['IIIIIIZIIIXXZIZIIIIIII']
clique 572 ['IIIIIIZIIIXYZIZIIIIIII']
clique 573 ['IIIIIIZIIIXZZIZIIIIIII']
clique 574 ['IIIIIIZIXXZIIIZIIIIIII']
clique 575 ['IIIIIIZIXYZIIIZIIIIIII']
clique 576 ['IIIIIIZIXZZIIIZIIIIIII']
clique 577 ['IIIIIIZXZIZIIIZIIIIIII']
clique 578 ['IIIIIIZYZIZIIIZIIIIIII']
clique 579 ['IIIIIIZZZIZIIIZIIIIIII']
clique 580 ['IIIIIIIIIIYIIIYIIIXIYI']
clique 581 ['IIIIIIIIIIXIYIYIIIYIII']
clique 582 ['IIIIIIIIYIZIIIYIIIYIII']
clique 583 ['IIIIIIIIIIYIIIYIYIZIII']
clique 584 ['IIXIXXYIIIIIIIXIIIYIII']
clique 585 ['IIXIXYYIIIIIIIXIIIYIII']
clique 586 ['IIXIXZYIIIIIIIXIIIYIII']
clique 587 ['IIXXZIYIIIIIIIXIIIYIII']
clique 588 ['IIXYZIYIIIIIIIXIIIYIII']
clique 589 ['IIXZZIYIIIIIIIXIIIYIII']
clique 590 ['IIXIXXYIIIYIIIZIIIIIII']
clique 591 ['IIXIXYYIIIYIIIZIIIIIII']
clique 592 ['IIXIXZYIIIYIIIZIIIIIII']
clique 593 ['IIXXZIYIIIYIIIZIIIIIII']
clique 594 ['IIXYZIYIIIYIIIZIIIIIII']
clique 595 ['IIXZZIYIIIYIIIZIIIIIII']
clique 596 ['IIIIIIZIIIIIIIXIIIXIYI']
clique 597 ['IIIIIIZIIIIIIIXIYIZIII']
clique 598 ['IIIIIIZIIIXIYIZIIIIIII']
clique 599 ['IIIIIIZIYIZIIIZIIIIIII']
clique 600 ['IIXIYIYIIIIIIIXIIIYIII']
clique 601 ['IIXIYIYIIIYIIIZIIIIIII']
clique 602 ['XXZIIIYIIIIIIIXIIIYIII']
clique 603 ['XYZIIIYIIIIIIIXIIIYIII']
clique 604 ['XZZIIIYIIIIIIIXIIIYIII']
clique 605 ['XXZIIIYIIIYIIIZIIIIIII']
clique 606 ['XYZIIIYIIIYIIIZIIIIIII']
clique 607 ['XZZIIIYIIIYIIIZIIIIIII']
clique 608 ['YIZIIIYIIIIIIIXIIIYIII']
clique 609 ['YIZIIIYIIIYIIIZIIIIIII']
clique 610 ['IIYIIIYIIIIIIIXIIIYIII']
clique 611 ['IIYIIIYIIIYIIIZIIIIIII']
clique 612 ['IIIIIIIIIIYIIIYIIIYIII']
clique 613 ['IIIIIIZIIIIIIIXIIIYIII']
clique 614 ['IIIIIIZIIIYIIIZIIIIIII']
