GS energy with  DMRG -13.11065465015347
N= 8.999999999999991
E= -13.11065465015347
D= [[ 5.94174579e-01+0.j -7.78713826e-02+0.j  4.05184610e-01+0.j
   6.12760116e-09+0.j -7.57899047e-02+0.j  6.26694065e-02+0.j
  -1.40617344e-01+0.j -6.45281762e-09+0.j  6.92791035e-02+0.j
  -5.72857261e-02+0.j  6.98466553e-02+0.j -1.50658684e-07+0.j
  -6.51262168e-02+0.j  5.38528043e-02+0.j -3.02115678e-02+0.j
  -1.12662763e-06+0.j  6.16324996e-02+0.j -5.09614735e-02+0.j]
 [-7.78713826e-02+0.j  4.05825407e-01+0.j  6.10706363e-09+0.j
   4.05184600e-01+0.j  6.26694057e-02+0.j  7.57899079e-02+0.j
  -9.51122865e-09+0.j -1.40617337e-01+0.j -5.72857379e-02+0.j
  -6.92790849e-02+0.j  3.08492560e-08+0.j  6.98469966e-02+0.j
   5.38518727e-02+0.j  6.51264327e-02+0.j  9.23330817e-08+0.j
  -3.02098732e-02+0.j -5.09628558e-02+0.j -6.16324957e-02+0.j]
 [ 4.05184610e-01+0.j  6.10706363e-09+0.j  4.82148847e-01+0.j
   1.47608224e-02+0.j  2.60853305e-01+0.j -2.71497494e-10+0.j
   5.56450068e-03+0.j -4.60118734e-03+0.j -6.97722873e-02+0.j
  -5.69538479e-09+0.j -2.60950351e-03+0.j  2.15741007e-03+0.j
   3.95486320e-02+0.j  7.82663704e-07+0.j  1.07200253e-03+0.j
  -8.88595994e-04+0.j -3.02098912e-02+0.j  1.16047834e-06+0.j]
 [ 6.12760113e-09+0.j  4.05184600e-01+0.j  1.47608224e-02+0.j
   5.17851141e-01+0.j -1.55828287e-09+0.j  2.60853301e-01+0.j
  -4.60118972e-03+0.j -5.56448039e-03+0.j  4.66315044e-09+0.j
  -6.97722597e-02+0.j  2.15775758e-03+0.j  2.60942330e-03+0.j
  -7.02289481e-08+0.j  3.95475360e-02+0.j -8.86235922e-04+0.j
  -1.07200748e-03+0.j -9.76155307e-08+0.j -3.02116146e-02+0.j]
 [-7.57899047e-02+0.j  6.26694057e-02+0.j  2.60853305e-01+0.j
  -1.55828286e-09+0.j  5.91788610e-01+0.j -7.58984675e-02+0.j
   3.36227172e-01+0.j  4.82089421e-09+0.j -7.49732272e-02+0.j
   6.19941291e-02+0.j -1.01914143e-01+0.j -1.73152327e-07+0.j
   6.91743409e-02+0.j -5.71983294e-02+0.j  3.95475509e-02+0.j
  -8.26011932e-07+0.j -6.51264581e-02+0.j  5.38528948e-02+0.j]
 [ 6.26694065e-02+0.j  7.57899079e-02+0.j -2.71497496e-10+0.j
   2.60853301e-01+0.j -7.58984675e-02+0.j  4.08211386e-01+0.j
   6.57082098e-09+0.j  3.36227156e-01+0.j  6.19941246e-02+0.j
   7.49732460e-02+0.j  1.53998834e-08+0.j -1.01913852e-01+0.j
  -5.71990954e-02+0.j -6.91743359e-02+0.j  7.45202884e-08+0.j
   3.95486878e-02+0.j  5.38519005e-02+0.j  6.51262508e-02+0.j]
 [-1.40617344e-01+0.j -9.51122869e-09+0.j  5.56450068e-03+0.j
  -4.60118972e-03+0.j  3.36227172e-01+0.j  6.57082103e-09+0.j
   4.78751090e-01+0.j  1.75703836e-02+0.j  3.02826781e-01+0.j
   3.79691066e-09+0.j  6.84394108e-03+0.j -5.65926813e-03+0.j
  -1.01913861e-01+0.j  2.07248515e-07+0.j -2.60940808e-03+0.j
   2.15731321e-03+0.j  6.98470281e-02+0.j  1.98548404e-07+0.j]
 [-6.45281767e-09+0.j -1.40617337e-01+0.j -4.60118734e-03+0.j
  -5.56448039e-03+0.j  4.82089423e-09+0.j  3.36227156e-01+0.j
   1.75703836e-02+0.j  5.21248910e-01+0.j  3.40682872e-09+0.j
   3.02826767e-01+0.j -5.65914394e-03+0.j -6.84394095e-03+0.j
  -2.05918580e-08+0.j -1.01914191e-01+0.j  2.15775422e-03+0.j
   2.60948608e-03+0.j -2.57583469e-08+0.j  6.98466259e-02+0.j]
 [ 6.92791035e-02+0.j -5.72857379e-02+0.j -6.97722873e-02+0.j
   4.66315043e-09+0.j -7.49732272e-02+0.j  6.19941246e-02+0.j
   3.02826781e-01+0.j  3.40682883e-09+0.j  5.91603908e-01+0.j
  -7.57457503e-02+0.j  3.02826772e-01+0.j -1.35565133e-08+0.j
  -7.49732479e-02+0.j  6.19941598e-02+0.j -6.97722887e-02+0.j
  -1.33040197e-08+0.j  6.92790683e-02+0.j -5.72856913e-02+0.j]
 [-5.72857261e-02+0.j -6.92790849e-02+0.j -5.69538476e-09+0.j
  -6.97722597e-02+0.j  6.19941291e-02+0.j  7.49732460e-02+0.j
   3.79691064e-09+0.j  3.02826767e-01+0.j -7.57457503e-02+0.j
   4.08396094e-01+0.j  3.32220490e-09+0.j  3.02826793e-01+0.j
   6.19941297e-02+0.j  7.49732307e-02+0.j -4.16924382e-09+0.j
  -6.97722884e-02+0.j -5.72857325e-02+0.j -6.92790888e-02+0.j]
 [ 6.98466553e-02+0.j  3.08492560e-08+0.j -2.60950351e-03+0.j
   2.15775758e-03+0.j -1.01914143e-01+0.j  1.53998833e-08+0.j
   6.84394108e-03+0.j -5.65914394e-03+0.j  3.02826772e-01+0.j
   3.32220488e-09+0.j  4.78751091e-01+0.j  1.75703810e-02+0.j
   3.36227166e-01+0.j -1.22587892e-08+0.j  5.56448351e-03+0.j
  -4.60119285e-03+0.j -1.40617322e-01+0.j  9.89142801e-09+0.j]
 [-1.50658684e-07+0.j  6.98469966e-02+0.j  2.15741007e-03+0.j
   2.60942330e-03+0.j -1.73152327e-07+0.j -1.01913852e-01+0.j
  -5.65926813e-03+0.j -6.84394095e-03+0.j -1.35565133e-08+0.j
   3.02826793e-01+0.j  1.75703810e-02+0.j  5.21248905e-01+0.j
  -8.08868389e-11+0.j  3.36227173e-01+0.j -4.60119218e-03+0.j
  -5.56450516e-03+0.j  3.26729057e-09+0.j -1.40617339e-01+0.j]
 [-6.51262168e-02+0.j  5.38518727e-02+0.j  3.95486320e-02+0.j
  -7.02289481e-08+0.j  6.91743409e-02+0.j -5.71990954e-02+0.j
  -1.01913861e-01+0.j -2.05918580e-08+0.j -7.49732479e-02+0.j
   6.19941297e-02+0.j  3.36227166e-01+0.j -8.08867522e-11+0.j
   5.91788605e-01+0.j -7.58984739e-02+0.j  2.60853299e-01+0.j
   3.83343035e-09+0.j -7.57899018e-02+0.j  6.26694130e-02+0.j]
 [ 5.38528043e-02+0.j  6.51264327e-02+0.j  7.82663704e-07+0.j
   3.95475360e-02+0.j -5.71983294e-02+0.j -6.91743359e-02+0.j
   2.07248515e-07+0.j -1.01914191e-01+0.j  6.19941598e-02+0.j
   7.49732307e-02+0.j -1.22587892e-08+0.j  3.36227173e-01+0.j
  -7.58984739e-02+0.j  4.08211400e-01+0.j  1.24126449e-09+0.j
   2.60853308e-01+0.j  6.26694125e-02+0.j  7.57898984e-02+0.j]
 [-3.02115678e-02+0.j  9.23330817e-08+0.j  1.07200253e-03+0.j
  -8.86235922e-04+0.j  3.95475509e-02+0.j  7.45202884e-08+0.j
  -2.60940808e-03+0.j  2.15775422e-03+0.j -6.97722887e-02+0.j
  -4.16924383e-09+0.j  5.56448351e-03+0.j -4.60119218e-03+0.j
   2.60853299e-01+0.j  1.24126448e-09+0.j  4.82148860e-01+0.j
   1.47608203e-02+0.j  4.05184598e-01+0.j -9.10989991e-09+0.j]
 [-1.12662763e-06+0.j -3.02098732e-02+0.j -8.88595994e-04+0.j
  -1.07200748e-03+0.j -8.26011932e-07+0.j  3.95486878e-02+0.j
   2.15731321e-03+0.j  2.60948608e-03+0.j -1.33040198e-08+0.j
  -6.97722884e-02+0.j -4.60119285e-03+0.j -5.56450516e-03+0.j
   3.83343033e-09+0.j  2.60853308e-01+0.j  1.47608203e-02+0.j
   5.17851152e-01+0.j -1.57506457e-09+0.j  4.05184603e-01+0.j]
 [ 6.16324996e-02+0.j -5.09628558e-02+0.j -3.02098912e-02+0.j
  -9.76155307e-08+0.j -6.51264581e-02+0.j  5.38519005e-02+0.j
   6.98470281e-02+0.j -2.57583470e-08+0.j  6.92790683e-02+0.j
  -5.72857325e-02+0.j -1.40617322e-01+0.j  3.26729053e-09+0.j
  -7.57899018e-02+0.j  6.26694125e-02+0.j  4.05184598e-01+0.j
  -1.57506455e-09+0.j  5.94174588e-01+0.j -7.78713903e-02+0.j]
 [-5.09614735e-02+0.j -6.16324957e-02+0.j  1.16047834e-06+0.j
  -3.02116146e-02+0.j  5.38528948e-02+0.j  6.51262508e-02+0.j
   1.98548404e-07+0.j  6.98466259e-02+0.j -5.72856913e-02+0.j
  -6.92790888e-02+0.j  9.89142798e-09+0.j -1.40617339e-01+0.j
   6.26694130e-02+0.j  7.57898984e-02+0.j -9.10989993e-09+0.j
   4.05184603e-01+0.j -7.78713903e-02+0.j  4.05825426e-01+0.j]]
W= [0.18433396+0.j 0.21111725+0.j 0.20320056+0.j 0.21392756+0.j
 0.20492146+0.j 0.21392756+0.j 0.20320057+0.j 0.21111726+0.j
 0.18433397+0.j]
local approximation with  1 sites
local interactions on sites [[0], [1], [2], [3], [4], [5], [6], [7], [8]]
Functional for interaction on sites [0]
aca-directory for images already exists
aca-directory for images already exists
aca-directory for images already exists
interacting orbitals: [0, 1]
mapping: [0, 1, 2, 3, 4, 5, 6, 7, 8, 9, 10, 11, 12, 13, 14, 15, 16, 17]
aca-directory for images already exists
aca-directory for images already exists
aca-directory for images already exists
orbinteractaca= [0, 1]
aca-directory for images already exists
aca-directory for images already exists
aca-directory for images already exists
aca-directory for images already exists
aca-directory for images already exists
aca-directory for images already exists
aca-directory for images already exists
aca-directory for images already exists
aca-directory for images already exists
aca-directory for images already exists
aca-directory for images already exists
aca-directory for images already exists
aca-directory for images already exists
aca-directory for images already exists
aca-directory for images already exists
aca-directory for images already exists
aca-directory for images already exists
aca-directory for images already exists
aca-directory for images already exists
aca-directory for images already exists
aca-directory for images already exists
aca-directory for images already exists
aca-directory for images already exists
aca-directory for images already exists
aca-directory for images already exists
aca-directory for images already exists
aca-directory for images already exists
aca-directory for images already exists
aca-directory for images already exists
aca-directory for images already exists
aca-directory for images already exists
aca-directory for images already exists
aca-directory for images already exists
aca-directory for images already exists
aca-directory for images already exists
aca-directory for images already exists
aca-directory for images already exists
aca-directory for images already exists
aca-directory for images already exists
aca-directory for images already exists
aca-directory for images already exists
aca-directory for images already exists
aca-directory for images already exists
aca-directory for images already exists
aca-directory for images already exists
aca-directory for images already exists
aca-directory for images already exists
aca-directory for images already exists
aca-directory for images already exists
aca-directory for images already exists
aca-directory for images already exists
aca: level 8  norb= 18
Daca= [[ 5.94174579e-01+0.j -7.78713826e-02+0.j -4.70137318e-01+0.j
  -5.65682526e-19+0.j -1.74651518e-17+0.j -3.09138531e-17+0.j
  -4.14846818e-17+0.j  8.78008829e-19+0.j -2.34812960e-17+0.j
  -7.95612282e-18+0.j  1.03220614e-17+0.j  9.91129235e-20+0.j
   3.56994749e-18+0.j -1.13587117e-17+0.j -8.85591063e-18+0.j
  -3.43689795e-20+0.j -2.91842471e-18+0.j  1.45609695e-18+0.j]
 [-7.78713826e-02+0.j  4.05825407e-01+0.j -3.26699207e-08+0.j
  -4.70137321e-01+0.j -3.24843196e-18+0.j  4.61731580e-18+0.j
   3.34498638e-19+0.j  1.05774730e-17+0.j  3.92690697e-18+0.j
  -6.10679942e-18+0.j -7.19167226e-20+0.j  3.49954388e-19+0.j
   9.17006275e-18+0.j  7.59394163e-18+0.j  2.70983810e-20+0.j
  -3.80274421e-18+0.j -1.75583478e-17+0.j  3.09192232e-18+0.j]
 [-4.70137318e-01+0.j -3.26699207e-08+0.j  4.07126182e-01+0.j
   7.67958435e-02+0.j  8.89431739e-03+0.j -6.53651365e-20+0.j
   6.35159040e-20+0.j -3.22271305e-19+0.j -7.57232111e-20+0.j
  -9.50213479e-21+0.j  2.55997004e-19+0.j -2.88146201e-20+0.j
   1.14291249e-19+0.j  3.88248518e-21+0.j  1.47868095e-19+0.j
  -4.75957257e-20+0.j  1.54811567e-21+0.j  4.84326140e-22+0.j]
 [ 7.28286331e-18+0.j -4.70137321e-01+0.j  7.67958435e-02+0.j
   5.92873853e-01+0.j -1.46306083e-07+0.j  8.89439308e-03+0.j
   3.09325859e-19+0.j  4.89229872e-19+0.j -1.24225933e-20+0.j
  -2.43361177e-19+0.j -4.76351049e-19+0.j -4.33909627e-19+0.j
   2.99783832e-21+0.j  1.37906838e-19+0.j -1.11113544e-19+0.j
   2.15355210e-19+0.j -7.50859374e-22+0.j -3.37069455e-20+0.j]
 [-1.08875035e-16+0.j -8.12500414e-17+0.j  8.89431739e-03+0.j
  -1.46306083e-07+0.j  4.75730499e-01+0.j  2.00654067e-02+0.j
   4.86266747e-01+0.j  1.01924825e-17+0.j  7.54445146e-18+0.j
   1.49399700e-17+0.j  4.56282941e-18+0.j  2.31334219e-19+0.j
   5.24428995e-19+0.j -1.23410050e-17+0.j  4.27882439e-18+0.j
   9.15187805e-19+0.j  2.42754849e-17+0.j  9.17588777e-18+0.j]
 [ 1.00624064e-16+0.j -9.83335039e-17+0.j  6.73649295e-17+0.j
   8.89439308e-03+0.j  2.00654067e-02+0.j  5.24266898e-01+0.j
   1.88496705e-07+0.j  4.86266741e-01+0.j  1.82160237e-17+0.j
   2.53070355e-17+0.j  2.81318958e-18+0.j -1.99211455e-17+0.j
  -3.55384920e-17+0.j -8.26848087e-18+0.j -1.68340543e-19+0.j
  -1.79816261e-18+0.j  6.08462272e-17+0.j  1.35227397e-16+0.j]
 [-4.19666810e-16+0.j -3.52521543e-17+0.j  9.58347248e-17+0.j
  -2.72718539e-17+0.j  4.86266747e-01+0.j  1.88496705e-07+0.j
   5.27240331e-01+0.j -2.25219063e-02+0.j  6.30514456e-03+0.j
  -1.68827813e-19+0.j  9.06297577e-19+0.j -7.15933272e-19+0.j
   9.76570720e-19+0.j  2.62979732e-20+0.j -1.32327643e-18+0.j
   6.30127820e-19+0.j -3.79353517e-19+0.j  3.24304712e-20+0.j]
 [-4.97919447e-17+0.j -3.22781699e-16+0.j  4.40411434e-17+0.j
   5.34310356e-17+0.j  2.43496167e-16+0.j  4.86266741e-01+0.j
  -2.25219063e-02+0.j  4.72762213e-01+0.j  2.26648750e-07+0.j
   6.30502566e-03+0.j  2.97062379e-19+0.j  2.88112530e-19+0.j
  -6.91512059e-20+0.j -3.19959501e-19+0.j -1.76075566e-19+0.j
  -4.95185001e-19+0.j  4.37758593e-20+0.j  1.83260106e-19+0.j]
 [ 3.24123254e-17+0.j  2.15097823e-17+0.j -6.68868844e-17+0.j
   9.72110837e-17+0.j  1.23909508e-16+0.j  1.35102471e-16+0.j
   6.30514456e-03+0.j  2.26648750e-07+0.j  6.00225487e-01+0.j
  -8.28771617e-02+0.j  4.72361763e-01+0.j -5.02784221e-17+0.j
  -2.18237690e-17+0.j -1.36228973e-17+0.j -5.94272226e-18+0.j
   3.30789394e-18+0.j -3.46542096e-17+0.j  2.48130464e-17+0.j]
 [-1.19967008e-16+0.j  1.90210889e-17+0.j -4.00678559e-17+0.j
  -2.59092462e-16+0.j  7.76663473e-17+0.j  1.56969733e-17+0.j
  -6.11754845e-18+0.j  6.30502566e-03+0.j -8.28771617e-02+0.j
   3.99781113e-01+0.j  9.60317759e-07+0.j  4.72363424e-01+0.j
  -7.27848429e-19+0.j  1.79317803e-17+0.j -2.00390662e-18+0.j
  -2.43285437e-17+0.j -6.14925929e-17+0.j -2.52047770e-17+0.j]
 [ 3.83002859e-17+0.j  1.88048180e-17+0.j  2.35886778e-17+0.j
  -7.44111444e-17+0.j  6.33310312e-17+0.j  1.93461617e-17+0.j
   2.80715969e-17+0.j -6.74430032e-17+0.j  4.72361763e-01+0.j
   9.60317759e-07+0.j  3.98806938e-01+0.j  8.36776881e-02+0.j
   2.04248476e-03+0.j -5.82578161e-20+0.j  1.57133226e-19+0.j
  -1.07227826e-19+0.j -7.11260722e-20+0.j -4.81451597e-20+0.j]
 [-2.54154721e-17+0.j -9.38304621e-17+0.j  2.91689290e-17+0.j
  -2.25913174e-17+0.j  9.49396541e-17+0.j -1.34671208e-16+0.j
  -1.28056368e-16+0.j -1.57040623e-16+0.j -1.48216337e-16+0.j
   4.72363424e-01+0.j  8.36776881e-02+0.j  6.01186616e-01+0.j
  -1.92926351e-07+0.j  2.04272754e-03+0.j  1.87408301e-19+0.j
  -2.92674856e-20+0.j  6.93208475e-21+0.j -1.96008724e-19+0.j]
 [-1.06562848e-16+0.j -7.88283986e-17+0.j -4.85800490e-17+0.j
   3.07534800e-17+0.j  1.65317776e-16+0.j -1.33542240e-16+0.j
  -4.68769468e-18+0.j -1.08756162e-16+0.j -1.52105952e-17+0.j
   8.20005109e-18+0.j  2.04248476e-03+0.j -1.92926351e-07+0.j
   6.69572296e-01+0.j -1.40179790e-01+0.j -4.42079794e-01+0.j
   2.88766821e-17+0.j  3.19178712e-17+0.j  3.36632774e-17+0.j]
 [ 4.45916561e-17+0.j -1.29221301e-16+0.j  1.52578678e-18+0.j
   7.89744504e-17+0.j -3.66379464e-17+0.j  1.68877127e-17+0.j
   7.36549287e-18+0.j  1.71936066e-16+0.j -2.91551457e-17+0.j
  -2.14050199e-17+0.j  4.02352283e-17+0.j  2.04272754e-03+0.j
  -1.40179790e-01+0.j  3.30433742e-01+0.j -2.25057581e-06+0.j
  -4.42081813e-01+0.j -1.33377436e-16+0.j -1.55643539e-16+0.j]
 [-1.92088967e-17+0.j -5.31507289e-17+0.j  5.85731119e-17+0.j
   4.47904380e-17+0.j  7.55226823e-17+0.j  3.49297610e-17+0.j
  -2.40430949e-16+0.j  1.78931914e-16+0.j  1.03572651e-16+0.j
  -1.25524081e-17+0.j  7.72022026e-17+0.j -5.07961832e-17+0.j
  -4.42079794e-01+0.j -2.25057581e-06+0.j  3.31289631e-01+0.j
   1.39468586e-01+0.j  1.02433467e-03+0.j  6.10690537e-23+0.j]
 [ 1.63056882e-17+0.j  6.38017499e-18+0.j -8.76977278e-19+0.j
   1.11927221e-16+0.j -4.12172082e-17+0.j  2.43474477e-17+0.j
   2.05845856e-16+0.j  1.42749765e-16+0.j  9.79029872e-17+0.j
   5.84394681e-17+0.j -8.52886334e-17+0.j -1.44621769e-16+0.j
   2.27756160e-16+0.j -4.42081813e-01+0.j  1.39468586e-01+0.j
   6.68704189e-01+0.j  6.47803408e-07+0.j -1.02373008e-03+0.j]
 [ 8.68558232e-17+0.j  4.41367946e-17+0.j  1.99627394e-17+0.j
   5.27523744e-19+0.j -1.83645852e-16+0.j  1.22930394e-16+0.j
   1.58110216e-19+0.j  3.95629072e-17+0.j -7.32631607e-17+0.j
  -2.18141874e-16+0.j -1.41197151e-16+0.j -7.38695384e-17+0.j
  -6.45998629e-17+0.j -1.14212457e-16+0.j  1.02433467e-03+0.j
   6.47803409e-07+0.j  8.80986625e-01+0.j  3.15395012e-01+0.j]
 [-5.41628947e-17+0.j  4.45096050e-17+0.j  1.46382208e-17+0.j
  -7.97428181e-17+0.j  2.03950304e-16+0.j  2.39189459e-16+0.j
   3.75629734e-17+0.j -1.28030759e-16+0.j  6.74241122e-17+0.j
  -2.47344359e-16+0.j -9.77024792e-17+0.j -1.25174257e-16+0.j
   1.01890975e-16+0.j -2.35537824e-16+0.j  3.34204328e-17+0.j
  -1.02373008e-03+0.j  3.15395012e-01+0.j  1.19013401e-01+0.j]]
Naca= (4.885152567562673, 4.1148474324373225)
nq= 18
variational state:
        ┌──────────┐┌───────────┐┌───┐     ┌───────────┐┌───────────┐»
 q0_0: ─┤ Ry(y[0]) ├┤ Rz(y[18]) ├┤ X ├──■──┤ Ry(y[36]) ├┤ Rz(y[54]) ├»
        ├──────────┤├───────────┤└─┬─┘┌─┴─┐└───────────┘├───────────┤»
 q0_1: ─┤ Ry(y[1]) ├┤ Rz(y[19]) ├──┼──┤ X ├──────■──────┤ Ry(y[37]) ├»
        ├──────────┤├───────────┤  │  └───┘    ┌─┴─┐    └───────────┘»
 q0_2: ─┤ Ry(y[2]) ├┤ Rz(y[20]) ├──┼───────────┤ X ├──────────■──────»
        ├──────────┤├───────────┤  │           └───┘        ┌─┴─┐    »
 q0_3: ─┤ Ry(y[3]) ├┤ Rz(y[21]) ├──┼────────────────────────┤ X ├────»
        ├──────────┤├───────────┤  │                        └───┘    »
 q0_4: ─┤ Ry(y[4]) ├┤ Rz(y[22]) ├──┼─────────────────────────────────»
        ├──────────┤├───────────┤  │                                 »
 q0_5: ─┤ Ry(y[5]) ├┤ Rz(y[23]) ├──┼─────────────────────────────────»
        ├──────────┤├───────────┤  │                                 »
 q0_6: ─┤ Ry(y[6]) ├┤ Rz(y[24]) ├──┼─────────────────────────────────»
        ├──────────┤├───────────┤  │                                 »
 q0_7: ─┤ Ry(y[7]) ├┤ Rz(y[25]) ├──┼─────────────────────────────────»
        ├──────────┤├───────────┤  │                                 »
 q0_8: ─┤ Ry(y[8]) ├┤ Rz(y[26]) ├──┼─────────────────────────────────»
        ├──────────┤├───────────┤  │                                 »
 q0_9: ─┤ Ry(y[9]) ├┤ Rz(y[27]) ├──┼─────────────────────────────────»
       ┌┴──────────┤├───────────┤  │                                 »
q0_10: ┤ Ry(y[10]) ├┤ Rz(y[28]) ├──┼─────────────────────────────────»
       ├───────────┤├───────────┤  │                                 »
q0_11: ┤ Ry(y[11]) ├┤ Rz(y[29]) ├──┼─────────────────────────────────»
       ├───────────┤├───────────┤  │                                 »
q0_12: ┤ Ry(y[12]) ├┤ Rz(y[30]) ├──┼─────────────────────────────────»
       ├───────────┤├───────────┤  │                                 »
q0_13: ┤ Ry(y[13]) ├┤ Rz(y[31]) ├──┼─────────────────────────────────»
       ├───────────┤├───────────┤  │                                 »
q0_14: ┤ Ry(y[14]) ├┤ Rz(y[32]) ├──┼─────────────────────────────────»
       ├───────────┤├───────────┤  │                                 »
q0_15: ┤ Ry(y[15]) ├┤ Rz(y[33]) ├──┼─────────────────────────────────»
       ├───────────┤├───────────┤  │                                 »
q0_16: ┤ Ry(y[16]) ├┤ Rz(y[34]) ├──┼─────────────────────────────────»
       ├───────────┤├───────────┤  │                                 »
q0_17: ┤ Ry(y[17]) ├┤ Rz(y[35]) ├──■─────────────────────────────────»
       └───────────┘└───────────┘                                    »
c0: 18/══════════════════════════════════════════════════════════════»
                                                                     »
«                                                                        »
« q0_0: ─────────────────────────────────────────────────────────────────»
«       ┌───────────┐                                                    »
« q0_1: ┤ Rz(y[55]) ├────────────────────────────────────────────────────»
«       ├───────────┤┌───────────┐                                       »
« q0_2: ┤ Ry(y[38]) ├┤ Rz(y[56]) ├───────────────────────────────────────»
«       └───────────┘├───────────┤┌───────────┐                          »
« q0_3: ──────■──────┤ Ry(y[39]) ├┤ Rz(y[57]) ├──────────────────────────»
«           ┌─┴─┐    └───────────┘├───────────┤┌───────────┐             »
« q0_4: ────┤ X ├──────────■──────┤ Ry(y[40]) ├┤ Rz(y[58]) ├─────────────»
«           └───┘        ┌─┴─┐    └───────────┘├───────────┤┌───────────┐»
« q0_5: ─────────────────┤ X ├──────────■──────┤ Ry(y[41]) ├┤ Rz(y[59]) ├»
«                        └───┘        ┌─┴─┐    └───────────┘├───────────┤»
« q0_6: ──────────────────────────────┤ X ├──────────■──────┤ Ry(y[42]) ├»
«                                     └───┘        ┌─┴─┐    └───────────┘»
« q0_7: ───────────────────────────────────────────┤ X ├──────────■──────»
«                                                  └───┘        ┌─┴─┐    »
« q0_8: ────────────────────────────────────────────────────────┤ X ├────»
«                                                               └───┘    »
« q0_9: ─────────────────────────────────────────────────────────────────»
«                                                                        »
«q0_10: ─────────────────────────────────────────────────────────────────»
«                                                                        »
«q0_11: ─────────────────────────────────────────────────────────────────»
«                                                                        »
«q0_12: ─────────────────────────────────────────────────────────────────»
«                                                                        »
«q0_13: ─────────────────────────────────────────────────────────────────»
«                                                                        »
«q0_14: ─────────────────────────────────────────────────────────────────»
«                                                                        »
«q0_15: ─────────────────────────────────────────────────────────────────»
«                                                                        »
«q0_16: ─────────────────────────────────────────────────────────────────»
«                                                                        »
«q0_17: ─────────────────────────────────────────────────────────────────»
«                                                                        »
«c0: 18/═════════════════════════════════════════════════════════════════»
«                                                                        »
«                                                                        »
« q0_0: ─────────────────────────────────────────────────────────────────»
«                                                                        »
« q0_1: ─────────────────────────────────────────────────────────────────»
«                                                                        »
« q0_2: ─────────────────────────────────────────────────────────────────»
«                                                                        »
« q0_3: ─────────────────────────────────────────────────────────────────»
«                                                                        »
« q0_4: ─────────────────────────────────────────────────────────────────»
«                                                                        »
« q0_5: ─────────────────────────────────────────────────────────────────»
«       ┌───────────┐                                                    »
« q0_6: ┤ Rz(y[60]) ├────────────────────────────────────────────────────»
«       ├───────────┤┌───────────┐                                       »
« q0_7: ┤ Ry(y[43]) ├┤ Rz(y[61]) ├───────────────────────────────────────»
«       └───────────┘├───────────┤┌───────────┐                          »
« q0_8: ──────■──────┤ Ry(y[44]) ├┤ Rz(y[62]) ├──────────────────────────»
«           ┌─┴─┐    └───────────┘├───────────┤┌───────────┐             »
« q0_9: ────┤ X ├──────────■──────┤ Ry(y[45]) ├┤ Rz(y[63]) ├─────────────»
«           └───┘        ┌─┴─┐    └───────────┘├───────────┤┌───────────┐»
«q0_10: ─────────────────┤ X ├──────────■──────┤ Ry(y[46]) ├┤ Rz(y[64]) ├»
«                        └───┘        ┌─┴─┐    └───────────┘├───────────┤»
«q0_11: ──────────────────────────────┤ X ├──────────■──────┤ Ry(y[47]) ├»
«                                     └───┘        ┌─┴─┐    └───────────┘»
«q0_12: ───────────────────────────────────────────┤ X ├──────────■──────»
«                                                  └───┘        ┌─┴─┐    »
«q0_13: ────────────────────────────────────────────────────────┤ X ├────»
«                                                               └───┘    »
«q0_14: ─────────────────────────────────────────────────────────────────»
«                                                                        »
«q0_15: ─────────────────────────────────────────────────────────────────»
«                                                                        »
«q0_16: ─────────────────────────────────────────────────────────────────»
«                                                                        »
«q0_17: ─────────────────────────────────────────────────────────────────»
«                                                                        »
«c0: 18/═════════════════════════════════════════════════════════════════»
«                                                                        »
«                                                                        »
« q0_0: ─────────────────────────────────────────────────────────────────»
«                                                                        »
« q0_1: ─────────────────────────────────────────────────────────────────»
«                                                                        »
« q0_2: ─────────────────────────────────────────────────────────────────»
«                                                                        »
« q0_3: ─────────────────────────────────────────────────────────────────»
«                                                                        »
« q0_4: ─────────────────────────────────────────────────────────────────»
«                                                                        »
« q0_5: ─────────────────────────────────────────────────────────────────»
«                                                                        »
« q0_6: ─────────────────────────────────────────────────────────────────»
«                                                                        »
« q0_7: ─────────────────────────────────────────────────────────────────»
«                                                                        »
« q0_8: ─────────────────────────────────────────────────────────────────»
«                                                                        »
« q0_9: ─────────────────────────────────────────────────────────────────»
«                                                                        »
«q0_10: ─────────────────────────────────────────────────────────────────»
«       ┌───────────┐                                                    »
«q0_11: ┤ Rz(y[65]) ├────────────────────────────────────────────────────»
«       ├───────────┤┌───────────┐                                       »
«q0_12: ┤ Ry(y[48]) ├┤ Rz(y[66]) ├───────────────────────────────────────»
«       └───────────┘├───────────┤┌───────────┐                          »
«q0_13: ──────■──────┤ Ry(y[49]) ├┤ Rz(y[67]) ├──────────────────────────»
«           ┌─┴─┐    └───────────┘├───────────┤┌───────────┐             »
«q0_14: ────┤ X ├──────────■──────┤ Ry(y[50]) ├┤ Rz(y[68]) ├─────────────»
«           └───┘        ┌─┴─┐    └───────────┘├───────────┤┌───────────┐»
«q0_15: ─────────────────┤ X ├──────────■──────┤ Ry(y[51]) ├┤ Rz(y[69]) ├»
«                        └───┘        ┌─┴─┐    └───────────┘├───────────┤»
«q0_16: ──────────────────────────────┤ X ├──────────■──────┤ Ry(y[52]) ├»
«                                     └───┘        ┌─┴─┐    ├───────────┤»
«q0_17: ───────────────────────────────────────────┤ X ├────┤ Ry(y[53]) ├»
«                                                  └───┘    └───────────┘»
«c0: 18/═════════════════════════════════════════════════════════════════»
«                                                                        »
«                    ┌───┐     ┌───────────┐┌───────────┐             »
« q0_0: ─────────────┤ X ├──■──┤ Ry(y[72]) ├┤ Rz(y[90]) ├─────────────»
«                    └─┬─┘┌─┴─┐└───────────┘├───────────┤┌───────────┐»
« q0_1: ───────────────┼──┤ X ├──────■──────┤ Ry(y[73]) ├┤ Rz(y[91]) ├»
«                      │  └───┘    ┌─┴─┐    └───────────┘├───────────┤»
« q0_2: ───────────────┼───────────┤ X ├──────────■──────┤ Ry(y[74]) ├»
«                      │           └───┘        ┌─┴─┐    └───────────┘»
« q0_3: ───────────────┼────────────────────────┤ X ├──────────■──────»
«                      │                        └───┘        ┌─┴─┐    »
« q0_4: ───────────────┼─────────────────────────────────────┤ X ├────»
«                      │                                     └───┘    »
« q0_5: ───────────────┼──────────────────────────────────────────────»
«                      │                                              »
« q0_6: ───────────────┼──────────────────────────────────────────────»
«                      │                                              »
« q0_7: ───────────────┼──────────────────────────────────────────────»
«                      │                                              »
« q0_8: ───────────────┼──────────────────────────────────────────────»
«                      │                                              »
« q0_9: ───────────────┼──────────────────────────────────────────────»
«                      │                                              »
«q0_10: ───────────────┼──────────────────────────────────────────────»
«                      │                                              »
«q0_11: ───────────────┼──────────────────────────────────────────────»
«                      │                                              »
«q0_12: ───────────────┼──────────────────────────────────────────────»
«                      │                                              »
«q0_13: ───────────────┼──────────────────────────────────────────────»
«                      │                                              »
«q0_14: ───────────────┼──────────────────────────────────────────────»
«                      │                                              »
«q0_15: ───────────────┼──────────────────────────────────────────────»
«       ┌───────────┐  │                                              »
«q0_16: ┤ Rz(y[70]) ├──┼──────────────────────────────────────────────»
«       ├───────────┤  │                                              »
«q0_17: ┤ Rz(y[71]) ├──■──────────────────────────────────────────────»
«       └───────────┘                                                 »
«c0: 18/══════════════════════════════════════════════════════════════»
«                                                                     »
«                                                                        »
« q0_0: ─────────────────────────────────────────────────────────────────»
«                                                                        »
« q0_1: ─────────────────────────────────────────────────────────────────»
«       ┌───────────┐                                                    »
« q0_2: ┤ Rz(y[92]) ├────────────────────────────────────────────────────»
«       ├───────────┤┌───────────┐                                       »
« q0_3: ┤ Ry(y[75]) ├┤ Rz(y[93]) ├───────────────────────────────────────»
«       └───────────┘├───────────┤┌───────────┐                          »
« q0_4: ──────■──────┤ Ry(y[76]) ├┤ Rz(y[94]) ├──────────────────────────»
«           ┌─┴─┐    └───────────┘├───────────┤┌───────────┐             »
« q0_5: ────┤ X ├──────────■──────┤ Ry(y[77]) ├┤ Rz(y[95]) ├─────────────»
«           └───┘        ┌─┴─┐    └───────────┘├───────────┤┌───────────┐»
« q0_6: ─────────────────┤ X ├──────────■──────┤ Ry(y[78]) ├┤ Rz(y[96]) ├»
«                        └───┘        ┌─┴─┐    └───────────┘├───────────┤»
« q0_7: ──────────────────────────────┤ X ├──────────■──────┤ Ry(y[79]) ├»
«                                     └───┘        ┌─┴─┐    └───────────┘»
« q0_8: ───────────────────────────────────────────┤ X ├──────────■──────»
«                                                  └───┘        ┌─┴─┐    »
« q0_9: ────────────────────────────────────────────────────────┤ X ├────»
«                                                               └───┘    »
«q0_10: ─────────────────────────────────────────────────────────────────»
«                                                                        »
«q0_11: ─────────────────────────────────────────────────────────────────»
«                                                                        »
«q0_12: ─────────────────────────────────────────────────────────────────»
«                                                                        »
«q0_13: ─────────────────────────────────────────────────────────────────»
«                                                                        »
«q0_14: ─────────────────────────────────────────────────────────────────»
«                                                                        »
«q0_15: ─────────────────────────────────────────────────────────────────»
«                                                                        »
«q0_16: ─────────────────────────────────────────────────────────────────»
«                                                                        »
«q0_17: ─────────────────────────────────────────────────────────────────»
«                                                                        »
«c0: 18/═════════════════════════════════════════════════════════════════»
«                                                                        »
«                                                                          »
« q0_0: ───────────────────────────────────────────────────────────────────»
«                                                                          »
« q0_1: ───────────────────────────────────────────────────────────────────»
«                                                                          »
« q0_2: ───────────────────────────────────────────────────────────────────»
«                                                                          »
« q0_3: ───────────────────────────────────────────────────────────────────»
«                                                                          »
« q0_4: ───────────────────────────────────────────────────────────────────»
«                                                                          »
« q0_5: ───────────────────────────────────────────────────────────────────»
«                                                                          »
« q0_6: ───────────────────────────────────────────────────────────────────»
«       ┌───────────┐                                                      »
« q0_7: ┤ Rz(y[97]) ├──────────────────────────────────────────────────────»
«       ├───────────┤┌───────────┐                                         »
« q0_8: ┤ Ry(y[80]) ├┤ Rz(y[98]) ├─────────────────────────────────────────»
«       └───────────┘├───────────┤┌───────────┐                            »
« q0_9: ──────■──────┤ Ry(y[81]) ├┤ Rz(y[99]) ├────────────────────────────»
«           ┌─┴─┐    └───────────┘├───────────┤┌────────────┐              »
«q0_10: ────┤ X ├──────────■──────┤ Ry(y[82]) ├┤ Rz(y[100]) ├──────────────»
«           └───┘        ┌─┴─┐    └───────────┘├───────────┬┘┌────────────┐»
«q0_11: ─────────────────┤ X ├──────────■──────┤ Ry(y[83]) ├─┤ Rz(y[101]) ├»
«                        └───┘        ┌─┴─┐    └───────────┘ ├───────────┬┘»
«q0_12: ──────────────────────────────┤ X ├──────────■───────┤ Ry(y[84]) ├─»
«                                     └───┘        ┌─┴─┐     └───────────┘ »
«q0_13: ───────────────────────────────────────────┤ X ├───────────■───────»
«                                                  └───┘         ┌─┴─┐     »
«q0_14: ─────────────────────────────────────────────────────────┤ X ├─────»
«                                                                └───┘     »
«q0_15: ───────────────────────────────────────────────────────────────────»
«                                                                          »
«q0_16: ───────────────────────────────────────────────────────────────────»
«                                                                          »
«q0_17: ───────────────────────────────────────────────────────────────────»
«                                                                          »
«c0: 18/═══════════════════════════════════════════════════════════════════»
«                                                                          »
«                                                                             
« q0_0: ──────────────────────────────────────────────────────────────────────
«                                                                             
« q0_1: ──────────────────────────────────────────────────────────────────────
«                                                                             
« q0_2: ──────────────────────────────────────────────────────────────────────
«                                                                             
« q0_3: ──────────────────────────────────────────────────────────────────────
«                                                                             
« q0_4: ──────────────────────────────────────────────────────────────────────
«                                                                             
« q0_5: ──────────────────────────────────────────────────────────────────────
«                                                                             
« q0_6: ──────────────────────────────────────────────────────────────────────
«                                                                             
« q0_7: ──────────────────────────────────────────────────────────────────────
«                                                                             
« q0_8: ──────────────────────────────────────────────────────────────────────
«                                                                             
« q0_9: ──────────────────────────────────────────────────────────────────────
«                                                                             
«q0_10: ──────────────────────────────────────────────────────────────────────
«                                                                             
«q0_11: ──────────────────────────────────────────────────────────────────────
«       ┌────────────┐                                                        
«q0_12: ┤ Rz(y[102]) ├────────────────────────────────────────────────────────
«       ├───────────┬┘┌────────────┐                                          
«q0_13: ┤ Ry(y[85]) ├─┤ Rz(y[103]) ├──────────────────────────────────────────
«       └───────────┘ ├───────────┬┘┌────────────┐                            
«q0_14: ──────■───────┤ Ry(y[86]) ├─┤ Rz(y[104]) ├────────────────────────────
«           ┌─┴─┐     └───────────┘ ├───────────┬┘┌────────────┐              
«q0_15: ────┤ X ├───────────■───────┤ Ry(y[87]) ├─┤ Rz(y[105]) ├──────────────
«           └───┘         ┌─┴─┐     └───────────┘ ├───────────┬┘┌────────────┐
«q0_16: ──────────────────┤ X ├───────────■───────┤ Ry(y[88]) ├─┤ Rz(y[106]) ├
«                         └───┘         ┌─┴─┐     ├───────────┤ ├────────────┤
«q0_17: ────────────────────────────────┤ X ├─────┤ Ry(y[89]) ├─┤ Rz(y[107]) ├
«                                       └───┘     └───────────┘ └────────────┘
«c0: 18/══════════════════════════════════════════════════════════════════════
«                                                                             
ansatz-state is written to ansatz.txt
building constraints...
number of constraints= 324
unique pauliops 630
graphclique-cliquecover: 630 with commutationmode commute
strategy largest_first 63
strategy random_sequential 39
strategy smallest_last 50
strategy independent_set 36
strategy connected_sequential_bfs 63
strategy connected_sequential_dfs 51
strategy saturation_largest_first 36
number of cliques 36
clique 0 ['IIIIIIIIIIIIIIIIIZ', 'IIIIIIIIIIIIIIIIZZ', 'IIIIIIIIIIIIIIIZII', 'IIIIIIIIIIIIIIZZZI', 'IIIIIIIIIIIIIZIIII', 'IIIIIIIIIIIIZZIIII', 'IIIIIIIIIIIZIIIIII', 'IIIIIIIIIIZZZIZIII', 'IIIIIIIIIZIIIIIIII', 'IIIIIIIIZZIIIIIIII', 'IIIIIIIZIIIIIIIIII', 'IIIIIIZZZIIIIIIIII', 'IIIIIZIIIIIIIIIIII', 'IIIIZZIIIIIIIIIIII', 'IIIZIIIIIIIIIIIIII', 'IIZZZIZIIIZIIIIIII', 'IZIIIIIIIIIIIIIIII', 'ZZIIIIIIIIIIIIIIII']
clique 1 ['IIIIIIIIIIIIIIIIIX', 'IIIIIIIIIIIIIIIIZX', 'IIIIIIIIIIIIIIIXII', 'IIIIIIIIIIIIIIZXZI', 'IIIIIIIIIIIIIXIIII', 'IIIIIIIIIIIIZXIIII', 'IIIIIIIIIIIXIIIIII', 'IIIIIIIIIIZXZIZIII', 'IIIIIIIIIXIIIIIIII', 'IIIIIIIIZXIIIIIIII', 'IIIIIIIXIIIIIIIIII', 'IIIIIIZXZIIIIIIIII', 'IIIIIXIIIIIIIIIIII', 'IIIIZXIIIIIIIIIIII', 'IIIXIIIIIIIIIIIIII', 'IIZXZIZIIIZIIIIIII', 'IXIIIIIIIIIIIIIIII', 'ZXIIIIIIIIIIIIIIII']
clique 2 ['IIIIIIIIIIIIIIIIIY', 'IIIIIIIIIIIIIIIIZY', 'IIIIIIIIIIIIIIIYII', 'IIIIIIIIIIIIIIZYZI', 'IIIIIIIIIIIIIYIIII', 'IIIIIIIIIIIIZYIIII', 'IIIIIIIIIIIYIIIIII', 'IIIIIIIIIIZYZIZIII', 'IIIIIIIIIYIIIIIIII', 'IIIIIIIIZYIIIIIIII', 'IIIIIIIYIIIIIIIIII', 'IIIIIIZYZIIIIIIIII', 'IIIIIYIIIIIIIIIIII', 'IIIIZYIIIIIIIIIIII', 'IIIYIIIIIIIIIIIIII', 'IIZYZIZIIIZIIIIIII', 'IYIIIIIIIIIIIIIIII', 'ZYIIIIIIIIIIIIIIII']
clique 3 ['IIIIIIIIIIIIIIIYYX', 'XXYIIIIIIIXIIIXIXY', 'IIIIIIIIIIIIIIIZXI', 'IIIIIIIIIIIIIIZIXZ', 'IIIIIIIIIIIIXYYXZI', 'IIIIIIIIIIIYYXIIII', 'IIIIIIIIIIIZXIIIII', 'IIIIIIIIIIZIXZZIII', 'IIIIIIXIXYYXZIZIII', 'IIIIIIIYYXIIIIIIII', 'IIIIIIIZXIIIIIIIII', 'YIYIIIXIXZZIIIIIII', 'IIIIXYYXZIIIIIIIII', 'XZYIIIYIIIZIIIIIII', 'IIIYYXIIIIIIIIIIII', 'IIIZXIIIIIIIIIIIII', 'IIZIXZZIIIZIIIIIII', 'XYYXZIZIIIZIIIIIII']
clique 4 ['IIIIIIIIIIIIIIIXYY', 'YIYIIIIIIIXIIIXIXX', 'IIIIIIIIIIIIIIIZYZ', 'IIIZZIZIIIYIIIXIYI', 'XXYIIIIIIIXIIIXYZI', 'IIIIIIIIIIIIXZXIII', 'IIIIIIIIIIIXYXIIII', 'IIIIIIIIIIIYYYIIII', 'IIIIIIIIIIZIYIZIII', 'IIIIIIXIYIYZZIZIII', 'IIIIIIIXYXIIIIIIII', 'IIIIIIIYYYIIIIIIII', 'XZYIIIXIXZZIIIIIII', 'IIIIXZXIIIIIIIIIII', 'XYYIIIXZZIZIIIIIII', 'IIIXYXIIIIIIIIIIII', 'IIIYYYIIIIIIIIIIII', 'IIZIYIZIIIZIIIIIII']
clique 5 ['IIIIIIIIIIIIIIIXYX', 'XZYIIIIIIIXIIIXIXY', 'IIIIIIXIXXYIIIXIXZ', 'XXYIIIIIIIXIIIXIYI', 'IIIIIIXZZIYIIIXYZI', 'IIIIIIIIIIIZZIXIII', 'YIYIIIIIIIXIIIXZZI', 'IIIIIIIIIIZIXXZIII', 'XYYIIIIIIIXIXYZIII', 'IIIIIIIIIIIXXIIIII', 'IIIIIIXIYIYIXZZIII', 'IIIYZIZIIIYYZIZIII', 'IIIIIIIXYYIIIIIIII', 'IIIIIIZIXZIIIIIIII', 'IIIIXZYYZIIIIIIIII', 'IIIZYYIIIIIIIIIIII', 'IIZIXXZIIIZIIIIIII', 'IIIXXIIIIIIIIIIIII']
clique 6 ['IIIIIIIIIIIIIIIYYY', 'IIIIIIIIIIIIIIIZYX', 'IIIYZIZIIIYIIIXIXZ', 'YIYIIIIIIIXIIIXIYI', 'IIIIIIIIIIIIXZYXZI', 'IIIIIIIIIIZIIIYIII', 'IIIIIIIIIIIXYYIIII', 'IIIIIIXYZIYIXXZIII', 'IIIIIIIIIIIYXIIIII', 'IIIIIIXIXZYZZIZIII', 'IIIIIIZIXXIIIIIIII', 'IIIIYIYIXYIIIIIIII', 'IIZIIIXIYIZIIIIIII', 'XZYIIIXXZIZIIIIIII', 'IIIIXZYZZIIIIIIIII', 'IIIXYYIIIIIIIIIIII', 'XYYIXXZIIIZIIIIIII', 'XXYZZIZIIIZIIIIIII']
clique 7 ['IIIIIIIIIIIIIIZIXX', 'IIIZZIZIIIYIIIXIXY', 'IIIIIIIIIIIIIIIXXI', 'XZYIIIIIIIXIIIXIXZ', 'IIIIIIIIIIIXZIYYZI', 'IIZIIIIIIIXIIIXZZI', 'IIIIIIIIIIIZYYIIII', 'IIIIIIXIXYYIXXZIII', 'IIIIIIIIIIIYYZIIII', 'IIIIIIXYZIYIYIZIII', 'IIIIIIXIXZXIIIIIII', 'IIIIXYYIXXIIIIIIII', 'IIIIXZYIYIIIIIIIII', 'IIIIYIYXZIIIIIIIII', 'IIIIXXXIIIIIIIIIII', 'YIYIIIXZZIZIIIIIII', 'XXYXZIZIIIZIIIIIII', 'XYYYZIZIIIZIIIIIII']
clique 8 ['IIIIIIIIIIIIIIIZYY', 'IIIIIIIIIIIXZIYIXX', 'IIIIIIIIIIIIIIZIYI', 'XYYIIIIIIIXIIIXIXZ', 'IIIIIIIIIIIYZIYXZI', 'IIIIIIIIIIZIIIXYZI', 'IIIIIIIIIIIZYXIIII', 'IIIXZIZIIIYIXYZIII', 'XXYIIIIIIIXIXZZIII', 'XZYIIIIIIIXIYIZIII', 'IIIIIIIZYXIIIIIIII', 'IIIZZIYIXYIIIIIIII', 'IIIIIIIYXIIIIIIIII', 'IIIIXXYIXZIIIIIIII', 'IIIIXZYXZIIIIIIIII', 'IIIIXYXIIIIIIIIIII', 'IIIYXIIIIIIIIIIIII', 'YIXIIIIIIIIIIIIIII']
clique 9 ['IIIIIIIIIIIIIIZIXY', 'IIIIIIIIIIIYZIYIXX', 'IIIIIIIIIIIIXZYIYI', 'IIIIIIIIIIZIIIXIXZ', 'IIIIIIIIIIIIYIYYZI', 'IIIIIIIIIIIZZIYXZI', 'IIIIIIXZZIYIIIXZZI', 'IIIIIIXIXXYIXYZIII', 'IIIIIIXIYIYIXXZIII', 'IIIIIIXIXZYXZIZIII', 'XXYIIIXIXYZIIIIIII', 'IIIIXYYYZIIIIIIIII', 'IIIYZIYXZIIIIIIIII', 'IIIZZIXIIIIIIIIIII', 'YIYIXXZIIIZIIIIIII', 'IIIXYZIIIIIIIIIIII', 'XZYIYIZIIIZIIIIIII', 'XYXIIIIIIIIIIIIIII']
clique 10 ['IIIIIIIIIIIIXYYIXX', 'IIIIXXZIIIYIIIXIXY', 'IIIIIIIIIIIZZIYIYI', 'XXYIIIIIIIXIIIXIXZ', 'IIIIIIIIIIIXZIYXZI', 'IIIYZIZIIIYIIIXYZI', 'IIIIIIIIIIIIXXYZZI', 'XYYIIIIIIIXIIIYIII', 'IIIIIIXXZIYIYIZIII', 'IIIIIIXYZIYIXZZIII', 'IIIZZIZIIIYYZIZIII', 'IIIIIIXIXYXIIIIIII', 'IIIIXZYIXXIIIIIIII', 'IIIIIIZIYIIIIIIIII', 'IIIXZIYIXZIIIIIIII', 'IIIIXYYZZIIIIIIIII', 'YIYIYIZIIIZIIIIIII', 'XZXIIIIIIIIIIIIIII']
clique 11 ['IIIIIIIIIIIIXXYIXY', 'XYYIIIIIIIXIIIXIXX', 'IIIIIIIIIIIYZIYIYI', 'IIZIIIIIIIXIIIXIXZ', 'IIIIIIXXZIYIIIXXZI', 'IIIIIIYIIIYIIIXYZI', 'IIIIIIIIIIIXZIXIII', 'IIIIIIXIYIYIIIXZZI', 'IIIIIIIIIIZIXYZIII', 'IIIIIIIIIIIZYZIIII', 'IIIIIIXZZIYIYIZIII', 'IIIIYIYIXXIIIIIIII', 'IIIXZIYIXYIIIIIIII', 'IIIIXYYIXZIIIIIIII', 'IIIIXXYYZIIIIIIIII', 'YIYIXZZIIIZIIIIIII', 'XXYYZIZIIIZIIIIIII', 'XZYZZIZIIIZIIIIIII']
clique 12 ['IIIIIIIIIIIIXXYIXX', 'IIIIIIIIIIIIYIYIXY', 'IIIZZIZIIIYIIIXIXZ', 'XZYIIIIIIIXIIIXIYI', 'IIIXZIZIIIYIIIXYZI', 'YIYIIIIIIIXIIIXXZI', 'IIIIIIIIIIIYZIXIII', 'IIIIIIYIIIYIIIXZZI', 'IIIIYIZIIIYIXYZIII', 'IIIIIIXXZIYIXZZIII', 'IIIIIIXIYIYXZIZIII', 'IIIIIIXZZIXIIIIIII', 'IIIIXYZIIIYZZIZIII', 'IIIIXXYIXXIIIIIIII', 'IIIYZIYIXYIIIIIIII', 'IIIIIIIYYZIIIIIIII', 'XYYIXZZIIIZIIIIIII', 'XXXIIIIIIIIIIIIIII']
clique 13 ['IIIIIIIIIIIIXYYIXY', 'IIIIIIIIIIIIYIYIXX', 'IIIIIIIIIIIYZIYIXZ', 'IIZIIIIIIIXIIIXIYI', 'IIIIIIXIXXYIIIXXZI', 'IIIIIIXIXZYIIIXYZI', 'XYYIIIIIIIXIIIXZZI', 'XZYIIIIIIIXIIIYIII', 'IIIIXZZIIIYIXXZIII', 'IIIIXYZIIIYIXZZIII', 'YIYIIIIIIIXXZIZIII', 'IIIIIIXYZIYZZIZIII', 'IIIZZIZIIIXIIIIIII', 'IIIIIIIZYYIIIIIIII', 'IIIXZIYIYIIIIIIIII', 'IIIIXXYXZIIIIIIIII', 'IIIYZIXIIIIIIIIIII', 'XXYIYIZIIIZIIIIIII']
clique 14 ['IIIIIIIIIIIIXZYIXY', 'IIIIIIIIIIIZZIYIXX', 'IIIIIIIIIIIIXYYIXZ', 'IIIIIIXZZIYIIIXIYI', 'IIIIIIYIIIYIIIXXZI', 'XYYIIIIIIIXIIIXYZI', 'IIIIIIXIXYYIIIYIII', 'IIIYZIZIIIYIIIXZZI', 'IIIZZIZIIIYIXXZIII', 'IIIIIIXIYIYIYIZIII', 'IIIIIIXIXXYXZIZIII', 'IIIIIIXIXZYYZIZIII', 'IIIXZIZIIIXIIIIIII', 'IIIIYIYYZIIIIIIIII', 'IIZIIIXXZIZIIIIIII', 'XXYIXXZIIIZIIIIIII', 'YIYIXYZIIIZIIIIIII', 'XZYIXZZIIIZIIIIIII']
clique 15 ['IIIIIIIIIIIIXZYIXX', 'IIZIIIIIIIXIIIXIXY', 'IIIIIIXZZIYIIIXIXZ', 'IIIYZIZIIIYIIIXIYI', 'IIIIIIIIIIIZZIYYZI', 'IIIIIIXIYIYIIIXXZI', 'IIIIIIXXZIYIIIYIII', 'IIIZZIZIIIYIIIXZZI', 'IIIIIIXIXZYIXYZIII', 'IIIIXXZIIIYIXXZIII', 'IIIIXYZIIIYIYIZIII', 'IIIIIIXIXXYYZIZIII', 'IIIIYIZIIIYXZIZIII', 'XYYIIIIIIIYIIIIIII', 'IIIIIIZIXYIIIIIIII', 'XZYIIIXYZIZIIIIIII', 'XXYIXZZIIIZIIIIIII', 'YIYXZIZIIIZIIIIIII']
clique 16 ['IIIIIIIIIIIXZIYIXY', 'IIIIIIXZZIYIIIXIXX', 'IIIIIIXXZIYIIIXIYI', 'IIIIIIYIIIYIIIXIXZ', 'IIIIIIXIYIYIIIXYZI', 'IIIYZIZIIIYIIIXXZI', 'IIIIIIXIXXYIIIXZZI', 'IIIIYIZIIIYIIIYIII', 'IIIIXYZIIIYIXXZIII', 'YIYIIIIIIIXIXYZIII', 'IIIIIIXIXZYIXZZIII', 'IIZIIIIIIIXIYIZIII', 'XYYIIIIIIIXYZIZIII', 'IIIIIIXIXYYZZIZIII', 'XXYIIIIIIIYIIIIIII', 'IIIXZIYYZIIIIIIIII', 'XZYIXXZIIIZIIIIIII', 'IIIZYZIIIIIIIIIIII']
clique 17 ['IIIIIIIIIIIYZIYIXY', 'IIIIIIXXZIYIIIXIXX', 'IIIIIIIIIIIIXYYIYI', 'IIIIIIIIIIIXZIYIXZ', 'IIIIXZZIIIYIIIXYZI', 'IIIXZIZIIIYIIIXXZI', 'IIIIIIXYZIYIIIXZZI', 'IIZIIIIIIIXIIIYIII', 'IIIIIIXIXZYIXXZIII', 'IIIIIIXIXXYIYIZIII', 'IIIIYIZIIIYIXZZIII', 'IIIIIIYIIIYZZIZIII', 'IIIIXXZIIIXIIIIIII', 'IIIIXYYIXYIIIIIIII', 'XZYIIIXIYIZIIIIIII', 'XXYIIIXZZIZIIIIIII', 'YIYYZIZIIIZIIIIIII', 'XYYZZIZIIIZIIIIIII']
clique 18 ['IIIIIIIIIIIZZIYIXY', 'IIIIXYZIIIYIIIXIXX', 'IIIIIIIIIIIIIIIYXI', 'YIYIIIIIIIXIIIXIXZ', 'XZYIIIIIIIXIIIXXZI', 'IIIIIIIIIIIYZIYZZI', 'IIIIIIXIYIYIIIYIII', 'IIIIIIXIXXYIXXZIII', 'IIIIIIXZZIYIXYZIII', 'IIIIIIXIXYYIYIZIII', 'IIIIIIYIIIYIXZZIII', 'XXYIIIIIIIXXZIZIII', 'IIIIXZZIIIXIIIIIII', 'IIZIIIXIXZZIIIIIII', 'IIIXZIYXZIIIIIIIII', 'IIIYZIYYZIIIIIIIII', 'IIIZYXIIIIIIIIIIII', 'XYYIYIZIIIZIIIIIII']
clique 19 ['IIIIIIIIIIZIIIXIXY', 'IIIIIIXIXYYIIIXIXX', 'IIIIIIIIIIIIYIYIXZ', 'XYYIIIIIIIXIIIXIYI', 'IIIIIIIIIIIIXXYXZI', 'IIIIIIIIIIIIXYYYZI', 'IIIIIIIIIIIIXZYZZI', 'IIIIIIXIXXYIIIYIII', 'IIIIIIXIYIYYZIZIII', 'IIIIIIXZZIYXZIZIII', 'IIIIXXZIIIYZZIZIII', 'IIIIYIYIXZIIIIIIII', 'IIIZZIYYZIIIIIIIII', 'YIYIIIXXZIZIIIIIII', 'IIZIIIYIIIZIIIIIII', 'XXYIXYZIIIZIIIIIII', 'IIIYYZIIIIIIIIIIII', 'XZYXZIZIIIZIIIIIII']
clique 20 ['IIIXZIZIIIYIIIXIXY', 'XXYIIIIIIIXIIIXIXX', 'IIIIIIIIIIIXZIYIYI', 'IIIIIIIIIIIZZIYIXZ', 'IIIIIIIIIIIIXZYYZI', 'IIIIXZZIIIYIIIXXZI', 'IIIIIIXIXZYIIIYIII', 'IIIIXXZIIIYIIIXZZI', 'IIIIIIXIYIYIXYZIII', 'IIIIIIYIIIYIXXZIII', 'IIIYZIZIIIYIYIZIII', 'IIZIIIIIIIXYZIZIII', 'IIIIXYZIIIXIIIIIII', 'YIYIIIXIXXZIIIIIII', 'XZYIIIXIXYZIIIIIII', 'IIIZZIYXZIIIIIIIII', 'XYYIIIXYZIZIIIIIII', 'IIIIYIYZZIIIIIIIII']
clique 21 ['IIIIIIIIIIZIIIXIXX', 'IIIIIIXIYIYIIIXIXY', 'IIIIIIIIIIIIXZYIXZ', 'IIIIIIXIXXYIIIXIYI', 'XYYIIIIIIIXIIIXXZI', 'YIYIIIIIIIXIIIXYZI', 'IIIIIIIIIIIIXYXIII', 'IIIIIIIIIIIXZIYZZI', 'IIIYZIZIIIYIXXZIII', 'IIIZZIZIIIYIYIZIII', 'XXYIIIIIIIXYZIZIII', 'IIIIIIXXZIYZZIZIII', 'IIIIXXYIXYIIIIIIII', 'IIIIXZYIXZIIIIIIII', 'IIZIIIXYZIZIIIIIII', 'IIIIYIXIIIIIIIIIII', 'IIIXZIYZZIIIIIIIII', 'XZYIXYZIIIZIIIIIII']
clique 22 ['IIIIIIXIXZYIIIXIXY', 'IIZIIIIIIIXIIIXIXX', 'IIIIIIIIIIIIIIIXYZ', 'IIIIXXZIIIYIIIXIYI', 'IIIIIIIIIIIIXXYYZI', 'IIIIIIIIIIIIXYYZZI', 'XXYIIIIIIIXIIIYIII', 'IIIIIIIIIIIXYZIIII', 'IIIIYIZIIIYIYIZIII', 'IIIIXYZIIIYYZIZIII', 'IIIIIIXIYIXIIIIIII', 'XZYIIIIIIIXZZIZIII', 'IIIIXZYIXYIIIIIIII', 'IIIZZIYIXXIIIIIIII', 'XYYIIIXXZIZIIIIIII', 'YIYIIIXYZIZIIIIIII', 'IIIXZIXIIIIIIIIIII', 'IIIYZIYZZIIIIIIIII']
clique 23 ['IIIIIIXIXXYIIIXIXY', 'IIIIIIYIIIYIIIXIXX', 'IIIIIIXIXZYIIIXIYI', 'IIIIIIXXZIYIIIXIXZ', 'IIIIIIIIIIIIYIYXZI', 'IIIIIIXIXYYIIIXYZI', 'IIIIIIIIIIZIIIXZZI', 'IIIIXXZIIIYIIIYIII', 'IIIIXZZIIIYIXYZIII', 'IIIXZIZIIIYIXXZIII', 'IIIIIIXZZIYIXZZIII', 'IIZIIIIIIIXXZIZIII', 'YIYIIIIIIIXYZIZIII', 'IIIZZIZIIIYZZIZIII', 'IIIIYIYIYIIIIIIIII', 'XXYIIIXYZIZIIIIIII', 'XYYIXYZIIIZIIIIIII', 'XZYYZIZIIIZIIIIIII']
clique 24 ['IIIYZIZIIIYIIIXIXX', 'XYYIIIIIIIXIIIXIXY', 'IIIIIIXIYIYIIIXIYI', 'IIIIXYZIIIYIIIXIXZ', 'IIIZZIZIIIYIIIXXZI', 'XZYIIIIIIIXIIIXYZI', 'IIIIIIXIXZYIIIXZZI', 'IIIIXZZIIIYIIIYIII', 'IIIIIIXIXYYIXYZIII', 'YIYIIIIIIIXIXXZIII', 'IIIIIIYIIIYIYIZIII', 'IIZIIIIIIIXIXZZIII', 'IIIIIIXYZIYXZIZIII', 'IIIXZIZIIIYYZIZIII', 'IIIIIIXIXXXIIIIIII', 'IIIIYIZIIIYZZIZIII', 'XXYIIIXXZIZIIIIIII', 'IIIIXXYZZIIIIIIIII']
clique 25 ['IIIIIIXIXXYIIIXIXX', 'IIIIIIYIIIYIIIXIXY', 'IIIIIIIIIIZIIIXIYI', 'IIIIIIXIXYYIIIXIXZ', 'IIIIIIXYZIYIIIXYZI', 'IIIIYIZIIIYIIIXXZI', 'IIIIIIIIIIIIXXXIII', 'XZYIIIIIIIXIIIXZZI', 'IIIIIIXXZIYIXYZIII', 'IIIXZIZIIIYIXZZIII', 'XXYIIIIIIIXIYIZIII', 'IIIIIIXZZIYYZIZIII', 'XYYIIIIIIIXXZIZIII', 'IIIIXZZIIIYZZIZIII', 'IIIIXXYIYIIIIIIIII', 'IIIYZIYIXZIIIIIIII', 'IIZIXYZIIIZIIIIIII', 'YIYZZIZIIIZIIIIIII']
clique 26 ['IIIIIIXIXYYIIIXIXY', 'IIIIIIXIXZYIIIXIXX', 'IIIIIIIIIIIIYIYIYI', 'IIIIIIXYZIYIIIXIXZ', 'IIIIIIIIIIZIIIXXZI', 'IIIIXXZIIIYIIIXYZI', 'IIIIXYZIIIYIIIYIII', 'IIIIXZZIIIYIIIXZZI', 'IIZIIIIIIIXIXXZIII', 'IIIZZIZIIIYIXYZIII', 'YIYIIIIIIIXIXZZIII', 'IIIIYIZIIIYYZIZIII', 'IIIXZIZIIIYXZIZIII', 'IIIYZIZIIIYZZIZIII', 'XXYIIIXIXXZIIIIIII', 'IIIIIIIXXIIIIIIIII', 'XYYIIIYIIIZIIIIIII', 'XZYIIIXZZIZIIIIIII']
clique 27 ['IIIIIIXIYIYIIIXIXX', 'IIIIIIXXZIYIIIXIXY', 'IIIIIIXIXZYIIIXIXZ', 'IIIIIIXYZIYIIIXIYI', 'IIIIXXZIIIYIIIXXZI', 'IIIIYIZIIIYIIIXYZI', 'IIIIIIYIIIYIIIYIII', 'IIIIXYZIIIYIIIXZZI', 'IIIYZIZIIIYIXYZIII', 'XXYIIIIIIIXIXXZIII', 'IIIXZIZIIIYIYIZIII', 'XYYIIIIIIIXIXZZIII', 'IIIIXZZIIIYXZIZIII', 'XZYIIIIIIIXYZIZIII', 'IIIIIIXIXXYZZIZIII', 'YIYIIIIIIIYIIIIIII', 'IIZIIIXIXYZIIIIIII', 'IIIZZIYZZIIIIIIIII']
clique 28 ['IIIIIIXYZIYIIIXIXX', 'IIIIXZZIIIYIIIXIXY', 'IIIIIIIIIIIIXXYIYI', 'IIIIYIZIIIYIIIXIXZ', 'IIIIIIXZZIYIIIXXZI', 'IIIIXYZIIIYIIIXYZI', 'IIIIIIIIIIIIYIYZZI', 'IIIXZIZIIIYIIIYIII', 'IIZIIIIIIIXIXYZIII', 'IIIYZIZIIIYIXZZIII', 'IIIIIIYIIIYXZIZIII', 'IIIIXXZIIIYYZIZIII', 'IIIIIIXXZIXIIIIIII', 'XYYIIIIIIIXZZIZIII', 'XZYIIIXIXXZIIIIIII', 'YIYIIIXIXYZIIIIIII', 'IIIZZIYIYIIIIIIIII', 'XXYIIIXIXZZIIIIIII']
clique 29 ['IIIIIIXYZIYIIIXIXY', 'IIIIYIZIIIYIIIXIXX', 'IIIIIIIIIIIIXXYIXZ', 'IIIXZIZIIIYIIIXIYI', 'IIIIIIXXZIYIIIXYZI', 'IIIIXYZIIIYIIIXXZI', 'IIIIIIIIIIIIYIXIII', 'IIIIIIIIIIIZZIYZZI', 'XXYIIIIIIIXIXYZIII', 'IIIIXZZIIIYIXZZIII', 'IIIIIIXIXYYYZIZIII', 'IIIIXXZIIIYXZIZIII', 'XZYIIIIIIIYIIIIIII', 'XYYIIIXIXXZIIIIIII', 'IIIYZIYIYIIIIIIIII', 'IIIZZIYIXZIIIIIIII', 'IIZIIIXZZIZIIIIIII', 'YIYIIIYIIIZIIIIIII']
clique 30 ['IIIIIIXZZIYIIIXIXY', 'IIIZZIZIIIYIIIXIXX', 'IIIIIIXIXYYIIIXIYI', 'IIIXZIZIIIYIIIXIXZ', 'IIIIIIIIIIIYZIYYZI', 'IIZIIIIIIIXIIIXXZI', 'IIIIIIXXZIYIIIXZZI', 'IIIYZIZIIIYIIIYIII', 'IIIIXXZIIIYIXYZIII', 'IIIIYIZIIIYIXXZIII', 'IIIIIIXIXXYIXZZIII', 'IIIIXZZIIIYIYIZIII', 'XZYIIIIIIIXXZIZIII', 'IIIIIIXYZIXIIIIIII', 'YIYIIIIIIIXZZIZIII', 'IIIIXYYIYIIIIIIIII', 'XYYIIIXIXZZIIIIIII', 'XXYIIIYIIIZIIIIIII']
clique 31 ['IIIIXZZIIIYIIIXIXX', 'YIYIIIIIIIXIIIXIXY', 'IIIIIIXIYIYIIIXIXZ', 'IIIIXYZIIIYIIIXIYI', 'IIIIIIXIXZYIIIXXZI', 'IIZIIIIIIIXIIIXYZI', 'IIIIIIXZZIYIIIYIII', 'XXYIIIIIIIXIIIXZZI', 'IIIIIIXXZIYIXXZIII', 'IIIIIIYIIIYIXYZIII', 'IIIIXXZIIIYIYIZIII', 'XZYIIIIIIIXIXZZIII', 'IIIIIIXYZIYYZIZIII', 'IIIZZIZIIIYXZIZIII', 'IIIIYIZIIIXIIIIIII', 'IIIXZIZIIIYZZIZIII', 'IIIYZIYIXXIIIIIIII', 'XYYIIIXIXYZIIIIIII']
clique 32 ['IIIIXYZIIIYIIIXIXY', 'XZYIIIIIIIXIIIXIXX', 'IIIIIIIIIIIIIIIYYZ', 'IIIIXZZIIIYIIIXIYI', 'IIIIIIXIXYYIIIXXZI', 'IIIIYIZIIIYIIIXZZI', 'IIIZZIZIIIYIIIYIII', 'IIIIIIXYZIYIXYZIII', 'IIIIIIXZZIYIXXZIII', 'IIIIIIXIXZYIYIZIII', 'IIIIXXZIIIYIXZZIII', 'IIIIIIXXZIYYZIZIII', 'IIIYZIZIIIYXZIZIII', 'IIIIIIYIIIXIIIIIII', 'IIZIIIIIIIXZZIZIII', 'IIIXZIYIXXIIIIIIII', 'XXYIIIXIYIZIIIIIII']
clique 33 ['IIIXZIZIIIYIIIXIXX', 'IIIYZIZIIIYIIIXIXY', 'IIIIIIYIIIYIIIXIYI', 'IIIIXXZIIIYIIIXIXZ', 'IIIIIIXIXXYIIIXYZI', 'IIIIIIXYZIYIIIXXZI', 'IIIIIIXIXYYIIIXZZI', 'IIIIXYZIIIYIXYZIII', 'XZYIIIIIIIXIXXZIII', 'IIIZZIZIIIYIXZZIII', 'YIYIIIIIIIXIYIZIII', 'IIIIIIXXZIYXZIZIII', 'IIIIXZZIIIYYZIZIII', 'IIZIIIIIIIYIIIIIII', 'XXYIIIIIIIXZZIZIII', 'IIIIIIIZYZIIIIIIII', 'XYYIIIXIYIZIIIIIII']
clique 34 ['IIIIXXZIIIYIIIXIXX', 'IIIIYIZIIIYIIIXIXY', 'IIIIXZZIIIYIIIXIXZ', 'IIIZZIZIIIYIIIXYZI', 'XXYIIIIIIIXIIIXXZI', 'IIIIIIXYZIYIIIYIII', 'IIIXZIZIIIYIIIXZZI', 'XYYIIIIIIIXIXXZIII', 'XZYIIIIIIIXIXYZIII', 'IIIIIIXIXYYIXZZIII', 'IIIIIIYIIIYYZIZIII', 'IIIIXYZIIIYXZIZIII', 'IIIIIIXZZIYZZIZIII', 'IIIYZIZIIIXIIIIIII', 'IIZIIIXIXXZIIIIIII', 'IIIIIIIXYZIIIIIIII', 'YIYIIIXIYIZIIIIIII']
clique 35 ['IIIIYIZIIIYIIIXIYI', 'YIYIIIIIIIXIIIYIII', 'XYYIIIIIIIXIYIZIII']
