GS energy with  DMRG -11.694833190613735
N= 8.00000000000001
E= -11.694833190613735
D= [[ 5.00000000e-01+0.j  7.31484995e-14+0.j  4.22036269e-01+0.j
  -1.24990073e-13+0.j -4.95601823e-14+0.j  1.29083315e-14+0.j
  -1.73703655e-01+0.j  4.49637628e-14+0.j  1.01455302e-14+0.j
  -1.62193995e-14+0.j  1.20200285e-01+0.j -2.78075406e-14+0.j
  -6.76585524e-14+0.j  1.45757534e-14+0.j -1.00157388e-01+0.j
   1.76724470e-14+0.j]
 [ 7.31406519e-14+0.j  5.00000000e-01+0.j  1.68447267e-13+0.j
   4.22036270e-01+0.j  5.70536875e-15+0.j -1.90819582e-16+0.j
   3.52489964e-15+0.j -1.73703654e-01+0.j -1.23257429e-14+0.j
   9.18536081e-15+0.j -3.22371688e-15+0.j  1.20200337e-01+0.j
   1.47133098e-14+0.j  4.90441021e-14+0.j  6.90289978e-15+0.j
  -1.00157389e-01+0.j]
 [ 4.22036269e-01+0.j  1.68437398e-13+0.j  5.00000000e-01+0.j
  -6.78873077e-14+0.j  2.42188907e-01+0.j -2.37447626e-15+0.j
   2.63308255e-14+0.j  3.15378618e-14+0.j -4.93501824e-02+0.j
  -3.20500933e-16+0.j  2.07126525e-14+0.j -2.16031485e-14+0.j
   1.57564597e-02+0.j  1.66986457e-16+0.j  7.18562308e-14+0.j
   9.81039871e-15+0.j]
 [-1.24983919e-13+0.j  4.22036270e-01+0.j -6.78961150e-14+0.j
   5.00000000e-01+0.j -5.60335119e-14+0.j  2.42188906e-01+0.j
   2.67557122e-14+0.j -2.91621653e-14+0.j  1.16997597e-14+0.j
  -4.93501569e-02+0.j -1.85609361e-14+0.j -1.97557357e-14+0.j
  -4.47563577e-15+0.j  1.57564746e-02+0.j  5.85534471e-15+0.j
  -7.55612684e-14+0.j]
 [-4.96096220e-14+0.j  5.69568120e-15+0.j  2.42188907e-01+0.j
  -5.60370074e-14+0.j  5.00000000e-01+0.j -7.56959527e-15+0.j
   3.74030139e-01+0.j  2.35032457e-14+0.j -2.11705653e-14+0.j
   1.47761921e-14+0.j -1.59133994e-01+0.j -1.84731710e-14+0.j
  -3.43527290e-14+0.j -5.19998223e-15+0.j  1.20200335e-01+0.j
   1.99773523e-14+0.j]
 [ 1.29371756e-14+0.j -2.60208521e-16+0.j -2.37547152e-15+0.j
   2.42188906e-01+0.j -7.60251268e-15+0.j  5.00000000e-01+0.j
  -6.48927446e-15+0.j  3.74030138e-01+0.j  1.21214852e-14+0.j
   1.77635684e-15+0.j  5.06946637e-15+0.j -1.59133997e-01+0.j
  -6.21136113e-15+0.j  4.40827930e-14+0.j -9.12881396e-15+0.j
   1.20200276e-01+0.j]
 [-1.73703655e-01+0.j  3.45286709e-15+0.j  2.63113099e-14+0.j
   2.67594927e-14+0.j  3.74030139e-01+0.j -6.45740435e-15+0.j
   5.00000000e-01+0.j -1.11004796e-14+0.j  2.58500787e-01+0.j
   3.50603860e-15+0.j  4.88398384e-14+0.j  8.45998389e-16+0.j
  -4.93501638e-02+0.j -3.06740871e-15+0.j -4.39338236e-14+0.j
   3.00327048e-15+0.j]
 [ 4.49536981e-14+0.j -1.73703654e-01+0.j  3.15342191e-14+0.j
  -2.91547927e-14+0.j  2.35338236e-14+0.j  3.74030138e-01+0.j
  -1.12573561e-14+0.j  5.00000000e-01+0.j -4.64927877e-15+0.j
   2.58500787e-01+0.j  4.05670807e-15+0.j -2.33858614e-14+0.j
   3.31610771e-15+0.j -4.93501870e-02+0.j  1.79210314e-15+0.j
   1.06131602e-14+0.j]
 [ 1.01021622e-14+0.j -1.23309456e-14+0.j -4.93501824e-02+0.j
   1.17047923e-14+0.j -2.11523507e-14+0.j  1.21085969e-14+0.j
   2.58500787e-01+0.j -4.68765037e-15+0.j  5.00000000e-01+0.j
  -1.57504228e-14+0.j  3.74030140e-01+0.j  6.27880746e-15+0.j
   3.71230824e-15+0.j  7.81140520e-15+0.j -1.73703650e-01+0.j
  -1.07858776e-14+0.j]
 [-1.62538383e-14+0.j  9.16280940e-15+0.j -3.21365280e-16+0.j
  -4.93501569e-02+0.j  1.47899510e-14+0.j  1.76768322e-15+0.j
   3.50643872e-15+0.j  2.58500787e-01+0.j -1.58019780e-14+0.j
   5.00000000e-01+0.j -5.17344199e-15+0.j  3.74030141e-01+0.j
   8.73751127e-15+0.j -1.25316424e-14+0.j  9.46034399e-15+0.j
  -1.73703653e-01+0.j]
 [ 1.20200285e-01+0.j -3.20830499e-15+0.j  2.07031115e-14+0.j
  -1.85595965e-14+0.j -1.59133994e-01+0.j  5.06687236e-15+0.j
   4.89604017e-14+0.j  4.04918495e-15+0.j  3.74030140e-01+0.j
  -5.26715118e-15+0.j  5.00000000e-01+0.j  1.11618024e-14+0.j
   2.42188906e-01+0.j  4.77129551e-15+0.j  3.29133422e-14+0.j
  -1.32760888e-14+0.j]
 [-2.78194469e-14+0.j  1.20200337e-01+0.j -2.16014644e-14+0.j
  -1.97594762e-14+0.j -1.85051861e-14+0.j -1.59133997e-01+0.j
   9.19343095e-16+0.j -2.34843612e-14+0.j  6.34501508e-15+0.j
   3.74030141e-01+0.j  1.10249586e-14+0.j  5.00000000e-01+0.j
  -4.99515721e-15+0.j  2.42188906e-01+0.j -1.50574863e-14+0.j
  -2.91703934e-15+0.j]
 [-6.76299294e-14+0.j  1.47133231e-14+0.j  1.57564597e-02+0.j
  -4.47721743e-15+0.j -3.44377304e-14+0.j -6.22246229e-15+0.j
  -4.93501638e-02+0.j  3.32165947e-15+0.j  3.59261232e-15+0.j
   8.71697121e-15+0.j  2.42188906e-01+0.j -4.98842448e-15+0.j
   5.00000000e-01+0.j -9.99317906e-15+0.j  4.22036268e-01+0.j
   1.01315144e-14+0.j]
 [ 1.45745920e-14+0.j  4.90371632e-14+0.j  1.68484698e-16+0.j
   1.57564746e-02+0.j -5.20043812e-15+0.j  4.40585068e-14+0.j
  -3.06623424e-15+0.j -4.93501870e-02+0.j  7.81043606e-15+0.j
  -1.25385813e-14+0.j  4.77270990e-15+0.j  2.42188906e-01+0.j
  -9.96316460e-15+0.j  5.00000000e-01+0.j -9.86715172e-15+0.j
   4.22036268e-01+0.j]
 [-1.00157388e-01+0.j  6.88826075e-15+0.j  7.18747436e-14+0.j
   5.85211406e-15+0.j  1.20200335e-01+0.j -9.14132734e-15+0.j
  -4.40081999e-14+0.j  1.80640721e-15+0.j -1.73703650e-01+0.j
   9.49230603e-15+0.j  3.29220158e-14+0.j -1.51178310e-14+0.j
   4.22036268e-01+0.j -9.85994689e-15+0.j  5.00000000e-01+0.j
   2.82814370e-14+0.j]
 [ 1.76753816e-14+0.j -1.00157389e-01+0.j  9.80798433e-15+0.j
  -7.55583250e-14+0.j  1.99935985e-14+0.j  1.20200276e-01+0.j
   2.95578834e-15+0.j  1.06823313e-14+0.j -1.08192967e-14+0.j
  -1.73703653e-01+0.j -1.32048150e-14+0.j -2.93324557e-15+0.j
   1.01540492e-14+0.j  4.22036268e-01+0.j  2.82400909e-14+0.j
   5.00000000e-01+0.j]]
W= [0.19157007+0.j 0.20949801+0.j 0.20994172+0.j 0.21159645+0.j
 0.21159645+0.j 0.20994172+0.j 0.209498  +0.j 0.19157007+0.j]
local approximation with  1 sites
local interactions on sites [[0], [1], [2], [3], [4], [5], [6], [7]]
Functional for interaction on sites [0]
aca-directory for images already exists
aca-directory for images already exists
aca-directory for images already exists
interacting orbitals: [0, 1]
mapping: [0, 1, 2, 3, 4, 5, 6, 7, 8, 9, 10, 11, 12, 13, 14, 15]
aca-directory for images already exists
aca-directory for images already exists
aca-directory for images already exists
orbinteractaca= [0, 1]
aca-directory for images already exists
aca-directory for images already exists
aca-directory for images already exists
aca-directory for images already exists
aca-directory for images already exists
aca-directory for images already exists
aca-directory for images already exists
aca-directory for images already exists
aca-directory for images already exists
aca-directory for images already exists
aca-directory for images already exists
aca-directory for images already exists
aca-directory for images already exists
aca-directory for images already exists
aca-directory for images already exists
aca-directory for images already exists
aca-directory for images already exists
aca-directory for images already exists
aca-directory for images already exists
aca-directory for images already exists
aca-directory for images already exists
aca-directory for images already exists
aca-directory for images already exists
aca-directory for images already exists
aca-directory for images already exists
aca-directory for images already exists
aca-directory for images already exists
aca-directory for images already exists
aca-directory for images already exists
aca-directory for images already exists
aca-directory for images already exists
aca-directory for images already exists
aca-directory for images already exists
aca-directory for images already exists
aca-directory for images already exists
aca-directory for images already exists
aca-directory for images already exists
aca-directory for images already exists
aca-directory for images already exists
aca-directory for images already exists
aca-directory for images already exists
aca-directory for images already exists
aca-directory for images already exists
aca-directory for images already exists
aca-directory for images already exists
aca: level 7  norb= 16
Daca= [[ 5.00000000e-01+0.j  7.31484995e-14+0.j -4.82459514e-01+0.j
  -9.24687632e-32+0.j  8.27501370e-31+0.j -1.56543871e-30+0.j
  -1.10212408e-17+0.j  1.05319690e-29+0.j -2.08919653e-30+0.j
  -3.40577886e-30+0.j -3.36781947e-18+0.j  1.24371538e-30+0.j
  -8.00404261e-31+0.j -3.74527259e-30+0.j  3.34591865e-18+0.j
   3.11090744e-30+0.j]
 [ 7.31406519e-14+0.j  5.00000000e-01+0.j -7.72393056e-15+0.j
  -4.82459528e-01+0.j  5.21265578e-31+0.j -1.09534274e-32+0.j
  -5.76996472e-30+0.j -4.65540699e-18+0.j -1.66430527e-30+0.j
   2.00508577e-30+0.j  9.34529212e-31+0.j  6.79170748e-18+0.j
   3.30591121e-31+0.j  1.43306299e-30+0.j -8.08515244e-31+0.j
  -4.47168192e-18+0.j]
 [-4.82459514e-01+0.j -7.74811116e-15+0.j  5.00000000e-01+0.j
  -7.88846719e-14+0.j  1.50250793e-02+0.j  1.43690243e-30+0.j
   1.21184045e-32+0.j -5.03536599e-32+0.j  2.43041340e-19+0.j
  -1.02948276e-30+0.j -4.11408324e-31+0.j  3.66262053e-31+0.j
   4.92821186e-19+0.j  7.47532417e-31+0.j  2.06814013e-41+0.j
   0.00000000e+00+0.j]
 [-5.43188402e-18+0.j -4.82459528e-01+0.j -7.89384374e-14+0.j
   5.00000000e-01+0.j  1.03493558e-14+0.j  1.50250576e-02+0.j
  -3.87568498e-31+0.j  3.87499273e-31+0.j  2.39313011e-30+0.j
  -2.04788924e-18+0.j  7.86113919e-31+0.j -2.04700878e-30+0.j
  -1.89938860e-30+0.j  1.05242778e-18+0.j -1.57772181e-30+0.j
  -7.88860905e-31+0.j]
 [-4.94396191e-17+0.j -9.68755139e-18+0.j  1.50250793e-02+0.j
   1.03688045e-14+0.j  5.00000000e-01+0.j -5.32264695e-14+0.j
   4.82560830e-01+0.j -3.48032295e-30+0.j -5.22802681e-30+0.j
   9.32633030e-32+0.j  1.52198364e-17+0.j -1.53915290e-30+0.j
   1.63840094e-31+0.j -3.46539128e-30+0.j -3.15772672e-17+0.j
  -1.56584048e-30+0.j]
 [ 2.88441015e-17+0.j -6.93889390e-17+0.j -5.50530521e-18+0.j
   1.50250576e-02+0.j -5.32687734e-14+0.j  5.00000000e-01+0.j
  -6.03438344e-15+0.j  4.82560797e-01+0.j  1.22090801e-31+0.j
   3.52507174e-31+0.j -4.82484985e-29+0.j -5.57632928e-18+0.j
   5.66639456e-31+0.j -2.97514662e-29+0.j  7.26561070e-29+0.j
  -3.43684214e-18+0.j]
 [-2.52715629e-16+0.j -6.92839841e-17+0.j  2.16106454e-17+0.j
   6.99285597e-17+0.j  4.82560830e-01+0.j -6.05955283e-15+0.j
   5.00000000e-01+0.j  5.80823853e-14+0.j  6.54060672e-03+0.j
   1.00482050e-30+0.j -9.34407386e-31+0.j  6.73675820e-31+0.j
  -5.92582056e-19+0.j  1.71593763e-31+0.j -3.15544362e-30+0.j
  -1.57772181e-30+0.j]
 [-7.83960721e-18+0.j  9.12182348e-17+0.j -4.64023765e-17+0.j
  -5.36567087e-17+0.j  5.73213675e-17+0.j  4.82560797e-01+0.j
   5.79333668e-14+0.j  5.00000000e-01+0.j  2.56968621e-15+0.j
   6.54063213e-03+0.j -5.77265231e-32+0.j  3.44056215e-32+0.j
  -9.11786806e-31+0.j  1.54222974e-19+0.j -8.09190472e-40+0.j
   3.94430453e-31+0.j]
 [-4.33680869e-17+0.j -5.20265432e-18+0.j -7.04072974e-17+0.j
  -4.59662856e-18+0.j -4.84357799e-17+0.j  1.51687177e-17+0.j
   6.54060672e-03+0.j  2.58276200e-15+0.j  5.00000000e-01+0.j
  -3.58943601e-14+0.j  4.90532381e-01+0.j  7.37959249e-29+0.j
  -5.46865223e-29+0.j -1.25672054e-29+0.j -1.28533101e-16+0.j
   6.32643233e-29+0.j]
 [-3.44388023e-17+0.j -2.25514052e-17+0.j -2.98787254e-17+0.j
   2.43758861e-16+0.j -2.29562184e-17+0.j  4.09624119e-18+0.j
  -3.89461343e-17+0.j  6.54063213e-03+0.j -3.59108867e-14+0.j
   5.00000000e-01+0.j -3.55296178e-15+0.j  4.90532436e-01+0.j
  -1.45064538e-29+0.j  5.64297159e-29+0.j -8.88149199e-30+0.j
   2.20094034e-17+0.j]
 [-2.29491708e-16+0.j  1.35099325e-17+0.j  6.83580119e-17+0.j
  -4.48979724e-17+0.j  5.62589450e-17+0.j -4.12427643e-17+0.j
   2.86244175e-17+0.j  5.48512593e-18+0.j  4.90532381e-01+0.j
  -3.54144261e-15+0.j  5.00000000e-01+0.j  3.74210707e-14+0.j
   1.95140602e-03+0.j -1.34180505e-30+0.j  3.94430451e-31+0.j
   0.00000000e+00+0.j]
 [-1.34459755e-17+0.j -1.11091545e-16+0.j  6.34330854e-17+0.j
  -4.44233589e-17+0.j  3.44527880e-17+0.j  3.97473682e-16+0.j
  -4.58432373e-17+0.j  1.26409845e-16+0.j  4.54746327e-17+0.j
   4.90532436e-01+0.j  3.73425857e-14+0.j  5.00000000e-01+0.j
  -2.43514991e-17+0.j  1.95143331e-03+0.j  1.72184581e-39+0.j
   0.00000000e+00+0.j]
 [ 2.86229374e-17+0.j  1.32805514e-20+0.j  4.41904683e-17+0.j
   3.02709236e-18+0.j  8.86621447e-18+0.j  2.01209190e-17+0.j
   5.93503897e-17+0.j -1.15418476e-17+0.j  1.46382451e-16+0.j
  -1.70322638e-17+0.j  1.95140602e-03+0.j -4.49723439e-17+0.j
   5.00000000e-01+0.j  2.75110944e-13+0.j  4.93305009e-01+0.j
   0.00000000e+00+0.j]
 [-1.16146758e-18+0.j -6.93889390e-18+0.j -2.24851302e-18+0.j
  -6.43199751e-17+0.j -1.98740237e-17+0.j  3.53098291e-17+0.j
   4.95531308e-17+0.j -4.37867125e-17+0.j  4.01895400e-17+0.j
   8.47946838e-17+0.j  1.06714741e-17+0.j  1.95143331e-03+0.j
   2.75115316e-13+0.j  5.00000000e-01+0.j -2.19350466e-16+0.j
  -4.93304974e-01+0.j]
 [ 2.07684488e-16+0.j -1.30542200e-17+0.j -1.41823328e-17+0.j
   2.50342253e-17+0.j -1.40228787e-17+0.j  2.38390754e-17+0.j
   9.46853572e-17+0.j  6.99249336e-17+0.j -2.67310979e-16+0.j
   3.49216708e-17+0.j  2.70739002e-17+0.j -5.76373893e-17+0.j
   4.93305009e-01+0.j -2.61447463e-16+0.j  5.00000000e-01+0.j
   2.75466650e-13+0.j]
 [ 4.21762203e-18+0.j  1.04317476e-16+0.j -3.45567278e-17+0.j
   1.00958681e-18+0.j -5.81883273e-18+0.j -2.98547059e-16+0.j
  -2.41061403e-17+0.j -4.40520995e-17+0.j -2.61542984e-17+0.j
   1.76616851e-16+0.j  2.80042721e-17+0.j  4.39034091e-17+0.j
  -3.77366492e-17+0.j -4.93304974e-01+0.j  2.75529255e-13+0.j
   5.00000000e-01+0.j]]
rounding Naca1 to integer
rounding Naca2 to integer
Naca= (4, 4)
nq= 16
variational state:
        ┌──────────┐┌───────────┐┌───┐     ┌───────────┐┌───────────┐»
 q0_0: ─┤ Ry(y[0]) ├┤ Rz(y[16]) ├┤ X ├──■──┤ Ry(y[32]) ├┤ Rz(y[48]) ├»
        ├──────────┤├───────────┤└─┬─┘┌─┴─┐└───────────┘├───────────┤»
 q0_1: ─┤ Ry(y[1]) ├┤ Rz(y[17]) ├──┼──┤ X ├──────■──────┤ Ry(y[33]) ├»
        ├──────────┤├───────────┤  │  └───┘    ┌─┴─┐    └───────────┘»
 q0_2: ─┤ Ry(y[2]) ├┤ Rz(y[18]) ├──┼───────────┤ X ├──────────■──────»
        ├──────────┤├───────────┤  │           └───┘        ┌─┴─┐    »
 q0_3: ─┤ Ry(y[3]) ├┤ Rz(y[19]) ├──┼────────────────────────┤ X ├────»
        ├──────────┤├───────────┤  │                        └───┘    »
 q0_4: ─┤ Ry(y[4]) ├┤ Rz(y[20]) ├──┼─────────────────────────────────»
        ├──────────┤├───────────┤  │                                 »
 q0_5: ─┤ Ry(y[5]) ├┤ Rz(y[21]) ├──┼─────────────────────────────────»
        ├──────────┤├───────────┤  │                                 »
 q0_6: ─┤ Ry(y[6]) ├┤ Rz(y[22]) ├──┼─────────────────────────────────»
        ├──────────┤├───────────┤  │                                 »
 q0_7: ─┤ Ry(y[7]) ├┤ Rz(y[23]) ├──┼─────────────────────────────────»
        ├──────────┤├───────────┤  │                                 »
 q0_8: ─┤ Ry(y[8]) ├┤ Rz(y[24]) ├──┼─────────────────────────────────»
        ├──────────┤├───────────┤  │                                 »
 q0_9: ─┤ Ry(y[9]) ├┤ Rz(y[25]) ├──┼─────────────────────────────────»
       ┌┴──────────┤├───────────┤  │                                 »
q0_10: ┤ Ry(y[10]) ├┤ Rz(y[26]) ├──┼─────────────────────────────────»
       ├───────────┤├───────────┤  │                                 »
q0_11: ┤ Ry(y[11]) ├┤ Rz(y[27]) ├──┼─────────────────────────────────»
       ├───────────┤├───────────┤  │                                 »
q0_12: ┤ Ry(y[12]) ├┤ Rz(y[28]) ├──┼─────────────────────────────────»
       ├───────────┤├───────────┤  │                                 »
q0_13: ┤ Ry(y[13]) ├┤ Rz(y[29]) ├──┼─────────────────────────────────»
       ├───────────┤├───────────┤  │                                 »
q0_14: ┤ Ry(y[14]) ├┤ Rz(y[30]) ├──┼─────────────────────────────────»
       ├───────────┤├───────────┤  │                                 »
q0_15: ┤ Ry(y[15]) ├┤ Rz(y[31]) ├──■─────────────────────────────────»
       └───────────┘└───────────┘                                    »
c0: 16/══════════════════════════════════════════════════════════════»
                                                                     »
«                                                                        »
« q0_0: ─────────────────────────────────────────────────────────────────»
«       ┌───────────┐                                                    »
« q0_1: ┤ Rz(y[49]) ├────────────────────────────────────────────────────»
«       ├───────────┤┌───────────┐                                       »
« q0_2: ┤ Ry(y[34]) ├┤ Rz(y[50]) ├───────────────────────────────────────»
«       └───────────┘├───────────┤┌───────────┐                          »
« q0_3: ──────■──────┤ Ry(y[35]) ├┤ Rz(y[51]) ├──────────────────────────»
«           ┌─┴─┐    └───────────┘├───────────┤┌───────────┐             »
« q0_4: ────┤ X ├──────────■──────┤ Ry(y[36]) ├┤ Rz(y[52]) ├─────────────»
«           └───┘        ┌─┴─┐    └───────────┘├───────────┤┌───────────┐»
« q0_5: ─────────────────┤ X ├──────────■──────┤ Ry(y[37]) ├┤ Rz(y[53]) ├»
«                        └───┘        ┌─┴─┐    └───────────┘├───────────┤»
« q0_6: ──────────────────────────────┤ X ├──────────■──────┤ Ry(y[38]) ├»
«                                     └───┘        ┌─┴─┐    └───────────┘»
« q0_7: ───────────────────────────────────────────┤ X ├──────────■──────»
«                                                  └───┘        ┌─┴─┐    »
« q0_8: ────────────────────────────────────────────────────────┤ X ├────»
«                                                               └───┘    »
« q0_9: ─────────────────────────────────────────────────────────────────»
«                                                                        »
«q0_10: ─────────────────────────────────────────────────────────────────»
«                                                                        »
«q0_11: ─────────────────────────────────────────────────────────────────»
«                                                                        »
«q0_12: ─────────────────────────────────────────────────────────────────»
«                                                                        »
«q0_13: ─────────────────────────────────────────────────────────────────»
«                                                                        »
«q0_14: ─────────────────────────────────────────────────────────────────»
«                                                                        »
«q0_15: ─────────────────────────────────────────────────────────────────»
«                                                                        »
«c0: 16/═════════════════════════════════════════════════════════════════»
«                                                                        »
«                                                                        »
« q0_0: ─────────────────────────────────────────────────────────────────»
«                                                                        »
« q0_1: ─────────────────────────────────────────────────────────────────»
«                                                                        »
« q0_2: ─────────────────────────────────────────────────────────────────»
«                                                                        »
« q0_3: ─────────────────────────────────────────────────────────────────»
«                                                                        »
« q0_4: ─────────────────────────────────────────────────────────────────»
«                                                                        »
« q0_5: ─────────────────────────────────────────────────────────────────»
«       ┌───────────┐                                                    »
« q0_6: ┤ Rz(y[54]) ├────────────────────────────────────────────────────»
«       ├───────────┤┌───────────┐                                       »
« q0_7: ┤ Ry(y[39]) ├┤ Rz(y[55]) ├───────────────────────────────────────»
«       └───────────┘├───────────┤┌───────────┐                          »
« q0_8: ──────■──────┤ Ry(y[40]) ├┤ Rz(y[56]) ├──────────────────────────»
«           ┌─┴─┐    └───────────┘├───────────┤┌───────────┐             »
« q0_9: ────┤ X ├──────────■──────┤ Ry(y[41]) ├┤ Rz(y[57]) ├─────────────»
«           └───┘        ┌─┴─┐    └───────────┘├───────────┤┌───────────┐»
«q0_10: ─────────────────┤ X ├──────────■──────┤ Ry(y[42]) ├┤ Rz(y[58]) ├»
«                        └───┘        ┌─┴─┐    └───────────┘├───────────┤»
«q0_11: ──────────────────────────────┤ X ├──────────■──────┤ Ry(y[43]) ├»
«                                     └───┘        ┌─┴─┐    └───────────┘»
«q0_12: ───────────────────────────────────────────┤ X ├──────────■──────»
«                                                  └───┘        ┌─┴─┐    »
«q0_13: ────────────────────────────────────────────────────────┤ X ├────»
«                                                               └───┘    »
«q0_14: ─────────────────────────────────────────────────────────────────»
«                                                                        »
«q0_15: ─────────────────────────────────────────────────────────────────»
«                                                                        »
«c0: 16/═════════════════════════════════════════════════════════════════»
«                                                                        »
«                                                           ┌───┐     »
« q0_0: ────────────────────────────────────────────────────┤ X ├──■──»
«                                                           └─┬─┘┌─┴─┐»
« q0_1: ──────────────────────────────────────────────────────┼──┤ X ├»
«                                                             │  └───┘»
« q0_2: ──────────────────────────────────────────────────────┼───────»
«                                                             │       »
« q0_3: ──────────────────────────────────────────────────────┼───────»
«                                                             │       »
« q0_4: ──────────────────────────────────────────────────────┼───────»
«                                                             │       »
« q0_5: ──────────────────────────────────────────────────────┼───────»
«                                                             │       »
« q0_6: ──────────────────────────────────────────────────────┼───────»
«                                                             │       »
« q0_7: ──────────────────────────────────────────────────────┼───────»
«                                                             │       »
« q0_8: ──────────────────────────────────────────────────────┼───────»
«                                                             │       »
« q0_9: ──────────────────────────────────────────────────────┼───────»
«                                                             │       »
«q0_10: ──────────────────────────────────────────────────────┼───────»
«       ┌───────────┐                                         │       »
«q0_11: ┤ Rz(y[59]) ├─────────────────────────────────────────┼───────»
«       ├───────────┤┌───────────┐                            │       »
«q0_12: ┤ Ry(y[44]) ├┤ Rz(y[60]) ├────────────────────────────┼───────»
«       └───────────┘├───────────┤┌───────────┐               │       »
«q0_13: ──────■──────┤ Ry(y[45]) ├┤ Rz(y[61]) ├───────────────┼───────»
«           ┌─┴─┐    └───────────┘├───────────┤┌───────────┐  │       »
«q0_14: ────┤ X ├──────────■──────┤ Ry(y[46]) ├┤ Rz(y[62]) ├──┼───────»
«           └───┘        ┌─┴─┐    ├───────────┤├───────────┤  │       »
«q0_15: ─────────────────┤ X ├────┤ Ry(y[47]) ├┤ Rz(y[63]) ├──■───────»
«                        └───┘    └───────────┘└───────────┘          »
«c0: 16/══════════════════════════════════════════════════════════════»
«                                                                     »
«       ┌───────────┐┌───────────┐                                       »
« q0_0: ┤ Ry(y[64]) ├┤ Rz(y[80]) ├───────────────────────────────────────»
«       └───────────┘├───────────┤┌───────────┐                          »
« q0_1: ──────■──────┤ Ry(y[65]) ├┤ Rz(y[81]) ├──────────────────────────»
«           ┌─┴─┐    └───────────┘├───────────┤┌───────────┐             »
« q0_2: ────┤ X ├──────────■──────┤ Ry(y[66]) ├┤ Rz(y[82]) ├─────────────»
«           └───┘        ┌─┴─┐    └───────────┘├───────────┤┌───────────┐»
« q0_3: ─────────────────┤ X ├──────────■──────┤ Ry(y[67]) ├┤ Rz(y[83]) ├»
«                        └───┘        ┌─┴─┐    └───────────┘├───────────┤»
« q0_4: ──────────────────────────────┤ X ├──────────■──────┤ Ry(y[68]) ├»
«                                     └───┘        ┌─┴─┐    └───────────┘»
« q0_5: ───────────────────────────────────────────┤ X ├──────────■──────»
«                                                  └───┘        ┌─┴─┐    »
« q0_6: ────────────────────────────────────────────────────────┤ X ├────»
«                                                               └───┘    »
« q0_7: ─────────────────────────────────────────────────────────────────»
«                                                                        »
« q0_8: ─────────────────────────────────────────────────────────────────»
«                                                                        »
« q0_9: ─────────────────────────────────────────────────────────────────»
«                                                                        »
«q0_10: ─────────────────────────────────────────────────────────────────»
«                                                                        »
«q0_11: ─────────────────────────────────────────────────────────────────»
«                                                                        »
«q0_12: ─────────────────────────────────────────────────────────────────»
«                                                                        »
«q0_13: ─────────────────────────────────────────────────────────────────»
«                                                                        »
«q0_14: ─────────────────────────────────────────────────────────────────»
«                                                                        »
«q0_15: ─────────────────────────────────────────────────────────────────»
«                                                                        »
«c0: 16/═════════════════════════════════════════════════════════════════»
«                                                                        »
«                                                                        »
« q0_0: ─────────────────────────────────────────────────────────────────»
«                                                                        »
« q0_1: ─────────────────────────────────────────────────────────────────»
«                                                                        »
« q0_2: ─────────────────────────────────────────────────────────────────»
«                                                                        »
« q0_3: ─────────────────────────────────────────────────────────────────»
«       ┌───────────┐                                                    »
« q0_4: ┤ Rz(y[84]) ├────────────────────────────────────────────────────»
«       ├───────────┤┌───────────┐                                       »
« q0_5: ┤ Ry(y[69]) ├┤ Rz(y[85]) ├───────────────────────────────────────»
«       └───────────┘├───────────┤┌───────────┐                          »
« q0_6: ──────■──────┤ Ry(y[70]) ├┤ Rz(y[86]) ├──────────────────────────»
«           ┌─┴─┐    └───────────┘├───────────┤┌───────────┐             »
« q0_7: ────┤ X ├──────────■──────┤ Ry(y[71]) ├┤ Rz(y[87]) ├─────────────»
«           └───┘        ┌─┴─┐    └───────────┘├───────────┤┌───────────┐»
« q0_8: ─────────────────┤ X ├──────────■──────┤ Ry(y[72]) ├┤ Rz(y[88]) ├»
«                        └───┘        ┌─┴─┐    └───────────┘├───────────┤»
« q0_9: ──────────────────────────────┤ X ├──────────■──────┤ Ry(y[73]) ├»
«                                     └───┘        ┌─┴─┐    └───────────┘»
«q0_10: ───────────────────────────────────────────┤ X ├──────────■──────»
«                                                  └───┘        ┌─┴─┐    »
«q0_11: ────────────────────────────────────────────────────────┤ X ├────»
«                                                               └───┘    »
«q0_12: ─────────────────────────────────────────────────────────────────»
«                                                                        »
«q0_13: ─────────────────────────────────────────────────────────────────»
«                                                                        »
«q0_14: ─────────────────────────────────────────────────────────────────»
«                                                                        »
«q0_15: ─────────────────────────────────────────────────────────────────»
«                                                                        »
«c0: 16/═════════════════════════════════════════════════════════════════»
«                                                                        »
«                                                                        »
« q0_0: ─────────────────────────────────────────────────────────────────»
«                                                                        »
« q0_1: ─────────────────────────────────────────────────────────────────»
«                                                                        »
« q0_2: ─────────────────────────────────────────────────────────────────»
«                                                                        »
« q0_3: ─────────────────────────────────────────────────────────────────»
«                                                                        »
« q0_4: ─────────────────────────────────────────────────────────────────»
«                                                                        »
« q0_5: ─────────────────────────────────────────────────────────────────»
«                                                                        »
« q0_6: ─────────────────────────────────────────────────────────────────»
«                                                                        »
« q0_7: ─────────────────────────────────────────────────────────────────»
«                                                                        »
« q0_8: ─────────────────────────────────────────────────────────────────»
«       ┌───────────┐                                                    »
« q0_9: ┤ Rz(y[89]) ├────────────────────────────────────────────────────»
«       ├───────────┤┌───────────┐                                       »
«q0_10: ┤ Ry(y[74]) ├┤ Rz(y[90]) ├───────────────────────────────────────»
«       └───────────┘├───────────┤┌───────────┐                          »
«q0_11: ──────■──────┤ Ry(y[75]) ├┤ Rz(y[91]) ├──────────────────────────»
«           ┌─┴─┐    └───────────┘├───────────┤┌───────────┐             »
«q0_12: ────┤ X ├──────────■──────┤ Ry(y[76]) ├┤ Rz(y[92]) ├─────────────»
«           └───┘        ┌─┴─┐    └───────────┘├───────────┤┌───────────┐»
«q0_13: ─────────────────┤ X ├──────────■──────┤ Ry(y[77]) ├┤ Rz(y[93]) ├»
«                        └───┘        ┌─┴─┐    └───────────┘├───────────┤»
«q0_14: ──────────────────────────────┤ X ├──────────■──────┤ Ry(y[78]) ├»
«                                     └───┘        ┌─┴─┐    ├───────────┤»
«q0_15: ───────────────────────────────────────────┤ X ├────┤ Ry(y[79]) ├»
«                                                  └───┘    └───────────┘»
«c0: 16/═════════════════════════════════════════════════════════════════»
«                                                                        »
«                    
« q0_0: ─────────────
«                    
« q0_1: ─────────────
«                    
« q0_2: ─────────────
«                    
« q0_3: ─────────────
«                    
« q0_4: ─────────────
«                    
« q0_5: ─────────────
«                    
« q0_6: ─────────────
«                    
« q0_7: ─────────────
«                    
« q0_8: ─────────────
«                    
« q0_9: ─────────────
«                    
«q0_10: ─────────────
«                    
«q0_11: ─────────────
«                    
«q0_12: ─────────────
«                    
«q0_13: ─────────────
«       ┌───────────┐
«q0_14: ┤ Rz(y[94]) ├
«       ├───────────┤
«q0_15: ┤ Rz(y[95]) ├
«       └───────────┘
«c0: 16/═════════════
«                    
ansatz-state is written to ansatz.txt
building constraints...
number of constraints= 256
unique pauliops 496
graphclique-cliquecover: 496 with commutationmode disjointqubits
strategy largest_first 285
strategy random_sequential 287
strategy smallest_last 285
strategy independent_set 297
strategy connected_sequential_bfs 285
strategy connected_sequential_dfs 285
strategy saturation_largest_first 285
number of cliques 285
clique 0 ['XZZZZZZZZZZZZZZX']
clique 1 ['YZZZZZZZZZZZZZZY']
clique 2 ['YZZZZZZZZZZZZZZX']
clique 3 ['XZZZZZZZZZZZZZZY']
clique 4 ['IXZZZZZZZZZZZZZX', 'ZIIIIIIIIIIIIIII']
clique 5 ['IYZZZZZZZZZZZZZY']
clique 6 ['IYZZZZZZZZZZZZZX']
clique 7 ['IXZZZZZZZZZZZZZY']
clique 8 ['IIIIIIIIIIIIIIIZ', 'XZZZZZZZZZZZZZXI']
clique 9 ['YZZZZZZZZZZZZZYI']
clique 10 ['YZZZZZZZZZZZZZXI']
clique 11 ['XZZZZZZZZZZZZZYI']
clique 12 ['IXZZZZZZZZZZZZXI']
clique 13 ['IYZZZZZZZZZZZZYI']
clique 14 ['IYZZZZZZZZZZZZXI']
clique 15 ['IXZZZZZZZZZZZZYI']
clique 16 ['IIXZZZZZZZZZZZZX', 'XXIIIIIIIIIIIIII']
clique 17 ['IIYZZZZZZZZZZZZY', 'YYIIIIIIIIIIIIII']
clique 18 ['IIYZZZZZZZZZZZZX', 'YXIIIIIIIIIIIIII']
clique 19 ['IIXZZZZZZZZZZZZY', 'XYIIIIIIIIIIIIII']
clique 20 ['IIIIIIIIIIIIIIXX', 'XZZZZZZZZZZZZXII']
clique 21 ['IIIIIIIIIIIIIIYY', 'YZZZZZZZZZZZZYII']
clique 22 ['IIIIIIIIIIIIIIYX', 'YZZZZZZZZZZZZXII']
clique 23 ['IIIIIIIIIIIIIIXY', 'XZZZZZZZZZZZZYII']
clique 24 ['IIXZZZZZZZZZZZXI', 'IZIIIIIIIIIIIIII']
clique 25 ['IIYZZZZZZZZZZZYI']
clique 26 ['IIYZZZZZZZZZZZXI']
clique 27 ['IIXZZZZZZZZZZZYI']
clique 28 ['IIIIIIIIIIIIIIZI', 'IXZZZZZZZZZZZXII']
clique 29 ['IYZZZZZZZZZZZYII']
clique 30 ['IYZZZZZZZZZZZXII']
clique 31 ['IXZZZZZZZZZZZYII']
clique 32 ['IIXZZZZZZZZZZXII']
clique 33 ['IIYZZZZZZZZZZYII']
clique 34 ['IIYZZZZZZZZZZXII']
clique 35 ['IIXZZZZZZZZZZYII']
clique 36 ['IIIXZZZZZZZZZZZX', 'XZXIIIIIIIIIIIII']
clique 37 ['IIIYZZZZZZZZZZZY', 'YZYIIIIIIIIIIIII']
clique 38 ['IIIYZZZZZZZZZZZX', 'YZXIIIIIIIIIIIII']
clique 39 ['IIIXZZZZZZZZZZZY', 'XZYIIIIIIIIIIIII']
clique 40 ['IIIIIIIIIIIIIXZX', 'XZZZZZZZZZZZXIII']
clique 41 ['IIIIIIIIIIIIIYZY', 'YZZZZZZZZZZZYIII']
clique 42 ['IIIIIIIIIIIIIYZX', 'YZZZZZZZZZZZXIII']
clique 43 ['IIIIIIIIIIIIIXZY', 'XZZZZZZZZZZZYIII']
clique 44 ['IIIXZZZZZZZZZZXI', 'IXXIIIIIIIIIIIII']
clique 45 ['IIIYZZZZZZZZZZYI', 'IYYIIIIIIIIIIIII']
clique 46 ['IIIYZZZZZZZZZZXI', 'IYXIIIIIIIIIIIII']
clique 47 ['IIIXZZZZZZZZZZYI', 'IXYIIIIIIIIIIIII']
clique 48 ['IIIIIIIIIIIIIXXI', 'IXZZZZZZZZZZXIII']
clique 49 ['IIIIIIIIIIIIIYYI', 'IYZZZZZZZZZZYIII']
clique 50 ['IIIIIIIIIIIIIYXI', 'IYZZZZZZZZZZXIII']
clique 51 ['IIIIIIIIIIIIIXYI', 'IXZZZZZZZZZZYIII']
clique 52 ['IIIXZZZZZZZZZXII', 'IIZIIIIIIIIIIIII']
clique 53 ['IIIYZZZZZZZZZYII']
clique 54 ['IIIYZZZZZZZZZXII']
clique 55 ['IIIXZZZZZZZZZYII']
clique 56 ['IIIIIIIIIIIIIZII', 'IIXZZZZZZZZZXIII']
clique 57 ['IIYZZZZZZZZZYIII']
clique 58 ['IIYZZZZZZZZZXIII']
clique 59 ['IIXZZZZZZZZZYIII']
clique 60 ['IIIIXZZZZZZZZZZX', 'XZZXIIIIIIIIIIII']
clique 61 ['IIIIYZZZZZZZZZZY', 'YZZYIIIIIIIIIIII']
clique 62 ['IIIIYZZZZZZZZZZX', 'YZZXIIIIIIIIIIII']
clique 63 ['IIIIXZZZZZZZZZZY', 'XZZYIIIIIIIIIIII']
clique 64 ['IIIIIIIIIIIIXZZX', 'XZZZZZZZZZZXIIII']
clique 65 ['IIIIIIIIIIIIYZZY', 'YZZZZZZZZZZYIIII']
clique 66 ['IIIIIIIIIIIIYZZX', 'YZZZZZZZZZZXIIII']
clique 67 ['IIIIIIIIIIIIXZZY', 'XZZZZZZZZZZYIIII']
clique 68 ['IIIIXZZZZZZZZZXI', 'IXZXIIIIIIIIIIII']
clique 69 ['IIIIYZZZZZZZZZYI', 'IYZYIIIIIIIIIIII']
clique 70 ['IIIIYZZZZZZZZZXI', 'IYZXIIIIIIIIIIII']
clique 71 ['IIIIXZZZZZZZZZYI', 'IXZYIIIIIIIIIIII']
clique 72 ['IIIIIIIIIIIIXZXI', 'IXZZZZZZZZZXIIII']
clique 73 ['IIIIIIIIIIIIYZYI', 'IYZZZZZZZZZYIIII']
clique 74 ['IIIIIIIIIIIIYZXI', 'IYZZZZZZZZZXIIII']
clique 75 ['IIIIIIIIIIIIXZYI', 'IXZZZZZZZZZYIIII']
clique 76 ['IIIXZZZZZZZZXIII']
clique 77 ['IIIYZZZZZZZZYIII']
clique 78 ['IIIYZZZZZZZZXIII']
clique 79 ['IIIXZZZZZZZZYIII']
clique 80 ['IIIIXZZZZZZZZXII', 'IIXXIIIIIIIIIIII']
clique 81 ['IIIIYZZZZZZZZYII', 'IIYYIIIIIIIIIIII']
clique 82 ['IIIIYZZZZZZZZXII', 'IIYXIIIIIIIIIIII']
clique 83 ['IIIIXZZZZZZZZYII', 'IIXYIIIIIIIIIIII']
clique 84 ['IIIIIIIIIIIIXXII', 'IIXZZZZZZZZXIIII']
clique 85 ['IIIIIIIIIIIIYYII', 'IIYZZZZZZZZYIIII']
clique 86 ['IIIIIIIIIIIIYXII', 'IIYZZZZZZZZXIIII']
clique 87 ['IIIIIIIIIIIIXYII', 'IIXZZZZZZZZYIIII']
clique 88 ['IIIIXZZZZZZZXIII', 'IIIZIIIIIIIIIIII']
clique 89 ['IIIIYZZZZZZZYIII']
clique 90 ['IIIIYZZZZZZZXIII']
clique 91 ['IIIIXZZZZZZZYIII']
clique 92 ['IIIIIIIIIIIIZIII', 'IIIXZZZZZZZXIIII']
clique 93 ['IIIYZZZZZZZYIIII']
clique 94 ['IIIYZZZZZZZXIIII']
clique 95 ['IIIXZZZZZZZYIIII']
clique 96 ['IIIIIXZZZZZZZZZX', 'XZZZXIIIIIIIIIII']
clique 97 ['IIIIIYZZZZZZZZZY', 'YZZZYIIIIIIIIIII']
clique 98 ['IIIIIYZZZZZZZZZX', 'YZZZXIIIIIIIIIII']
clique 99 ['IIIIIXZZZZZZZZZY', 'XZZZYIIIIIIIIIII']
clique 100 ['IIIIIIIIIIIXZZZX', 'XZZZZZZZZZXIIIII']
clique 101 ['IIIIIIIIIIIYZZZY', 'YZZZZZZZZZYIIIII']
clique 102 ['IIIIIIIIIIIYZZZX', 'YZZZZZZZZZXIIIII']
clique 103 ['IIIIIIIIIIIXZZZY', 'XZZZZZZZZZYIIIII']
clique 104 ['IIIIIXZZZZZZZZXI', 'IXZZXIIIIIIIIIII']
clique 105 ['IIIIIYZZZZZZZZYI', 'IYZZYIIIIIIIIIII']
clique 106 ['IIIIIYZZZZZZZZXI', 'IYZZXIIIIIIIIIII']
clique 107 ['IIIIIXZZZZZZZZYI', 'IXZZYIIIIIIIIIII']
clique 108 ['IIIIIIIIIIIXZZXI', 'IXZZZZZZZZXIIIII']
clique 109 ['IIIIIIIIIIIYZZYI', 'IYZZZZZZZZYIIIII']
clique 110 ['IIIIIIIIIIIYZZXI', 'IYZZZZZZZZXIIIII']
clique 111 ['IIIIIIIIIIIXZZYI', 'IXZZZZZZZZYIIIII']
clique 112 ['IIIIIXZZZZZZZXII', 'IIXZXIIIIIIIIIII']
clique 113 ['IIIIIYZZZZZZZYII', 'IIYZYIIIIIIIIIII']
clique 114 ['IIIIIYZZZZZZZXII', 'IIYZXIIIIIIIIIII']
clique 115 ['IIIIIXZZZZZZZYII', 'IIXZYIIIIIIIIIII']
clique 116 ['IIIIIIIIIIIXZXII', 'IIXZZZZZZZXIIIII']
clique 117 ['IIIIIIIIIIIYZYII', 'IIYZZZZZZZYIIIII']
clique 118 ['IIIIIIIIIIIYZXII', 'IIYZZZZZZZXIIIII']
clique 119 ['IIIIIIIIIIIXZYII', 'IIXZZZZZZZYIIIII']
clique 120 ['IIIIXZZZZZZXIIII']
clique 121 ['IIIIYZZZZZZYIIII']
clique 122 ['IIIIYZZZZZZXIIII']
clique 123 ['IIIIXZZZZZZYIIII']
clique 124 ['IIIIIXZZZZZZXIII', 'IIIXXIIIIIIIIIII']
clique 125 ['IIIIIYZZZZZZYIII', 'IIIYYIIIIIIIIIII']
clique 126 ['IIIIIYZZZZZZXIII', 'IIIYXIIIIIIIIIII']
clique 127 ['IIIIIXZZZZZZYIII', 'IIIXYIIIIIIIIIII']
clique 128 ['IIIIIIIIIIIXXIII', 'IIIXZZZZZZXIIIII']
clique 129 ['IIIIIIIIIIIYYIII', 'IIIYZZZZZZYIIIII']
clique 130 ['IIIIIIIIIIIYXIII', 'IIIYZZZZZZXIIIII']
clique 131 ['IIIIIIIIIIIXYIII', 'IIIXZZZZZZYIIIII']
clique 132 ['IIIIIIXZZZZZZZZX', 'XZZZZXIIIIIIIIII']
clique 133 ['IIIIIIYZZZZZZZZY', 'YZZZZYIIIIIIIIII']
clique 134 ['IIIIIIYZZZZZZZZX', 'YZZZZXIIIIIIIIII']
clique 135 ['IIIIIIXZZZZZZZZY', 'XZZZZYIIIIIIIIII']
clique 136 ['IIIIIIIIIIXZZZZX', 'XZZZZZZZZXIIIIII']
clique 137 ['IIIIIIIIIIYZZZZY', 'YZZZZZZZZYIIIIII']
clique 138 ['IIIIIIIIIIYZZZZX', 'YZZZZZZZZXIIIIII']
clique 139 ['IIIIIIIIIIXZZZZY', 'XZZZZZZZZYIIIIII']
clique 140 ['IIIIIIXZZZZZZZXI', 'IXZZZXIIIIIIIIII']
clique 141 ['IIIIIIYZZZZZZZYI', 'IYZZZYIIIIIIIIII']
clique 142 ['IIIIIIYZZZZZZZXI', 'IYZZZXIIIIIIIIII']
clique 143 ['IIIIIIXZZZZZZZYI', 'IXZZZYIIIIIIIIII']
clique 144 ['IIIIIIIIIIXZZZXI', 'IXZZZZZZZXIIIIII']
clique 145 ['IIIIIIIIIIYZZZYI', 'IYZZZZZZZYIIIIII']
clique 146 ['IIIIIIIIIIYZZZXI', 'IYZZZZZZZXIIIIII']
clique 147 ['IIIIIIIIIIXZZZYI', 'IXZZZZZZZYIIIIII']
clique 148 ['IIIIIIXZZZZZZXII', 'IIXZZXIIIIIIIIII']
clique 149 ['IIIIIIYZZZZZZYII', 'IIYZZYIIIIIIIIII']
clique 150 ['IIIIIIYZZZZZZXII', 'IIYZZXIIIIIIIIII']
clique 151 ['IIIIIIXZZZZZZYII', 'IIXZZYIIIIIIIIII']
clique 152 ['IIIIIIIIIIXZZXII', 'IIXZZZZZZXIIIIII']
clique 153 ['IIIIIIIIIIYZZYII', 'IIYZZZZZZYIIIIII']
clique 154 ['IIIIIIIIIIYZZXII', 'IIYZZZZZZXIIIIII']
clique 155 ['IIIIIIIIIIXZZYII', 'IIXZZZZZZYIIIIII']
clique 156 ['IIIIIXZZZZZXIIII', 'IIIIZIIIIIIIIIII']
clique 157 ['IIIIIYZZZZZYIIII']
clique 158 ['IIIIIYZZZZZXIIII']
clique 159 ['IIIIIXZZZZZYIIII']
clique 160 ['IIIIIIIIIIIZIIII', 'IIIIXZZZZZXIIIII']
clique 161 ['IIIIYZZZZZYIIIII']
clique 162 ['IIIIYZZZZZXIIIII']
clique 163 ['IIIIXZZZZZYIIIII']
clique 164 ['IIIIIIXZZZZZXIII', 'IIIXZXIIIIIIIIII']
clique 165 ['IIIIIIYZZZZZYIII', 'IIIYZYIIIIIIIIII']
clique 166 ['IIIIIIYZZZZZXIII', 'IIIYZXIIIIIIIIII']
clique 167 ['IIIIIIXZZZZZYIII', 'IIIXZYIIIIIIIIII']
clique 168 ['IIIIIIIIIIXZXIII', 'IIIXZZZZZXIIIIII']
clique 169 ['IIIIIIIIIIYZYIII', 'IIIYZZZZZYIIIIII']
clique 170 ['IIIIIIIIIIYZXIII', 'IIIYZZZZZXIIIIII']
clique 171 ['IIIIIIIIIIXZYIII', 'IIIXZZZZZYIIIIII']
clique 172 ['IIIIIXZZZZXIIIII']
clique 173 ['IIIIIYZZZZYIIIII']
clique 174 ['IIIIIYZZZZXIIIII']
clique 175 ['IIIIIXZZZZYIIIII']
clique 176 ['IIIIIIIXZZZZZZZX', 'XZZZZZXIIIIIIIII']
clique 177 ['IIIIIIIYZZZZZZZY', 'YZZZZZYIIIIIIIII']
clique 178 ['IIIIIIIYZZZZZZZX', 'YZZZZZXIIIIIIIII']
clique 179 ['IIIIIIIXZZZZZZZY', 'XZZZZZYIIIIIIIII']
clique 180 ['IIIIIIIIIXZZZZZX', 'XZZZZZZZXIIIIIII']
clique 181 ['IIIIIIIIIYZZZZZY', 'YZZZZZZZYIIIIIII']
clique 182 ['IIIIIIIIIYZZZZZX', 'YZZZZZZZXIIIIIII']
clique 183 ['IIIIIIIIIXZZZZZY', 'XZZZZZZZYIIIIIII']
clique 184 ['IIIIIIIXZZZZZZXI', 'IXZZZZXIIIIIIIII']
clique 185 ['IIIIIIIYZZZZZZYI', 'IYZZZZYIIIIIIIII']
clique 186 ['IIIIIIIYZZZZZZXI', 'IYZZZZXIIIIIIIII']
clique 187 ['IIIIIIIXZZZZZZYI', 'IXZZZZYIIIIIIIII']
clique 188 ['IIIIIIIIIXZZZZXI', 'IXZZZZZZXIIIIIII']
clique 189 ['IIIIIIIIIYZZZZYI', 'IYZZZZZZYIIIIIII']
clique 190 ['IIIIIIIIIYZZZZXI', 'IYZZZZZZXIIIIIII']
clique 191 ['IIIIIIIIIXZZZZYI', 'IXZZZZZZYIIIIIII']
clique 192 ['IIIIIIXZZZZXIIII', 'IIIIXXIIIIIIIIII']
clique 193 ['IIIIIIYZZZZYIIII', 'IIIIYYIIIIIIIIII']
clique 194 ['IIIIIIYZZZZXIIII', 'IIIIYXIIIIIIIIII']
clique 195 ['IIIIIIXZZZZYIIII', 'IIIIXYIIIIIIIIII']
clique 196 ['IIIIIIIIIIXXIIII', 'IIIIXZZZZXIIIIII']
clique 197 ['IIIIIIIIIIYYIIII', 'IIIIYZZZZYIIIIII']
clique 198 ['IIIIIIIIIIYXIIII', 'IIIIYZZZZXIIIIII']
clique 199 ['IIIIIIIIIIXYIIII', 'IIIIXZZZZYIIIIII']
clique 200 ['IIIIIIIXZZZZZXII', 'IIXZZZXIIIIIIIII']
clique 201 ['IIIIIIIYZZZZZYII', 'IIYZZZYIIIIIIIII']
clique 202 ['IIIIIIIYZZZZZXII', 'IIYZZZXIIIIIIIII']
clique 203 ['IIIIIIIXZZZZZYII', 'IIXZZZYIIIIIIIII']
clique 204 ['IIIIIIIIIXZZZXII', 'IIXZZZZZXIIIIIII']
clique 205 ['IIIIIIIIIYZZZYII', 'IIYZZZZZYIIIIIII']
clique 206 ['IIIIIIIIIYZZZXII', 'IIYZZZZZXIIIIIII']
clique 207 ['IIIIIIIIIXZZZYII', 'IIXZZZZZYIIIIIII']
clique 208 ['IIIIIIIXZZZZXIII', 'IIIXZZXIIIIIIIII']
clique 209 ['IIIIIIIYZZZZYIII', 'IIIYZZYIIIIIIIII']
clique 210 ['IIIIIIIYZZZZXIII', 'IIIYZZXIIIIIIIII']
clique 211 ['IIIIIIIXZZZZYIII', 'IIIXZZYIIIIIIIII']
clique 212 ['IIIIIIIIIXZZXIII', 'IIIXZZZZXIIIIIII']
clique 213 ['IIIIIIIIIYZZYIII', 'IIIYZZZZYIIIIIII']
clique 214 ['IIIIIIIIIYZZXIII', 'IIIYZZZZXIIIIIII']
clique 215 ['IIIIIIIIIXZZYIII', 'IIIXZZZZYIIIIIII']
clique 216 ['IIIIIIXZZZXIIIII', 'IIIIIZIIIIIIIIII']
clique 217 ['IIIIIIYZZZYIIIII']
clique 218 ['IIIIIIYZZZXIIIII']
clique 219 ['IIIIIIXZZZYIIIII']
clique 220 ['IIIIIIIIIIZIIIII', 'IIIIIXZZZXIIIIII']
clique 221 ['IIIIIYZZZYIIIIII']
clique 222 ['IIIIIYZZZXIIIIII']
clique 223 ['IIIIIXZZZYIIIIII']
clique 224 ['IIIIIIIXZZZXIIII', 'IIIIXZXIIIIIIIII']
clique 225 ['IIIIIIIYZZZYIIII', 'IIIIYZYIIIIIIIII']
clique 226 ['IIIIIIIYZZZXIIII', 'IIIIYZXIIIIIIIII']
clique 227 ['IIIIIIIXZZZYIIII', 'IIIIXZYIIIIIIIII']
clique 228 ['IIIIIIIIIXZXIIII', 'IIIIXZZZXIIIIIII']
clique 229 ['IIIIIIIIIYZYIIII', 'IIIIYZZZYIIIIIII']
clique 230 ['IIIIIIIIIYZXIIII', 'IIIIYZZZXIIIIIII']
clique 231 ['IIIIIIIIIXZYIIII', 'IIIIXZZZYIIIIIII']
clique 232 ['IIIIIIIIXZZZZZZX', 'XZZZZZZXIIIIIIII']
clique 233 ['IIIIIIIIYZZZZZZY', 'YZZZZZZYIIIIIIII']
clique 234 ['IIIIIIIIYZZZZZZX', 'YZZZZZZXIIIIIIII']
clique 235 ['IIIIIIIIXZZZZZZY', 'XZZZZZZYIIIIIIII']
clique 236 ['IIIIIIIIXZZZZZXI', 'IXZZZZZXIIIIIIII']
clique 237 ['IIIIIIIIYZZZZZYI', 'IYZZZZZYIIIIIIII']
clique 238 ['IIIIIIIIYZZZZZXI', 'IYZZZZZXIIIIIIII']
clique 239 ['IIIIIIIIXZZZZZYI', 'IXZZZZZYIIIIIIII']
clique 240 ['IIIIIIIIXZZZZXII', 'IIXZZZZXIIIIIIII']
clique 241 ['IIIIIIIIYZZZZYII', 'IIYZZZZYIIIIIIII']
clique 242 ['IIIIIIIIYZZZZXII', 'IIYZZZZXIIIIIIII']
clique 243 ['IIIIIIIIXZZZZYII', 'IIXZZZZYIIIIIIII']
clique 244 ['IIIIIIXZZXIIIIII']
clique 245 ['IIIIIIYZZYIIIIII']
clique 246 ['IIIIIIYZZXIIIIII']
clique 247 ['IIIIIIXZZYIIIIII']
clique 248 ['IIIIIIIIXZZZXIII', 'IIIXZZZXIIIIIIII']
clique 249 ['IIIIIIIIYZZZYIII', 'IIIYZZZYIIIIIIII']
clique 250 ['IIIIIIIIYZZZXIII', 'IIIYZZZXIIIIIIII']
clique 251 ['IIIIIIIIXZZZYIII', 'IIIXZZZYIIIIIIII']
clique 252 ['IIIIIIIXZZXIIIII', 'IIIIIXXIIIIIIIII']
clique 253 ['IIIIIIIYZZYIIIII', 'IIIIIYYIIIIIIIII']
clique 254 ['IIIIIIIYZZXIIIII', 'IIIIIYXIIIIIIIII']
clique 255 ['IIIIIIIXZZYIIIII', 'IIIIIXYIIIIIIIII']
clique 256 ['IIIIIIIIIXXIIIII', 'IIIIIXZZXIIIIIII']
clique 257 ['IIIIIIIIIYYIIIII', 'IIIIIYZZYIIIIIII']
clique 258 ['IIIIIIIIIYXIIIII', 'IIIIIYZZXIIIIIII']
clique 259 ['IIIIIIIIIXYIIIII', 'IIIIIXZZYIIIIIII']
clique 260 ['IIIIIIIIXZZXIIII', 'IIIIXZZXIIIIIIII']
clique 261 ['IIIIIIIIYZZYIIII', 'IIIIYZZYIIIIIIII']
clique 262 ['IIIIIIIIYZZXIIII', 'IIIIYZZXIIIIIIII']
clique 263 ['IIIIIIIIXZZYIIII', 'IIIIXZZYIIIIIIII']
clique 264 ['IIIIIIIXZXIIIIII', 'IIIIIIZIIIIIIIII']
clique 265 ['IIIIIIIYZYIIIIII']
clique 266 ['IIIIIIIYZXIIIIII']
clique 267 ['IIIIIIIXZYIIIIII']
clique 268 ['IIIIIIIIIZIIIIII', 'IIIIIIXZXIIIIIII']
clique 269 ['IIIIIIYZYIIIIIII']
clique 270 ['IIIIIIYZXIIIIIII']
clique 271 ['IIIIIIXZYIIIIIII']
clique 272 ['IIIIIIIIXZXIIIII', 'IIIIIXZXIIIIIIII']
clique 273 ['IIIIIIIIYZYIIIII', 'IIIIIYZYIIIIIIII']
clique 274 ['IIIIIIIIYZXIIIII', 'IIIIIYZXIIIIIIII']
clique 275 ['IIIIIIIIXZYIIIII', 'IIIIIXZYIIIIIIII']
clique 276 ['IIIIIIIXXIIIIIII']
clique 277 ['IIIIIIIYYIIIIIII']
clique 278 ['IIIIIIIYXIIIIIII']
clique 279 ['IIIIIIIXYIIIIIII']
clique 280 ['IIIIIIIIXXIIIIII', 'IIIIIIXXIIIIIIII']
clique 281 ['IIIIIIIIYYIIIIII', 'IIIIIIYYIIIIIIII']
clique 282 ['IIIIIIIIYXIIIIII', 'IIIIIIYXIIIIIIII']
clique 283 ['IIIIIIIIXYIIIIII', 'IIIIIIXYIIIIIIII']
clique 284 ['IIIIIIIIZIIIIIII', 'IIIIIIIZIIIIIIII']
