E_dimer= 2.5615528128088303
rho12_dimer= 0.48507125007266594
GS energy with  DMRG -2.5615528128088294
N= 2.0000000000000004
E= -2.5615528128088294
D= [[ 5.00000000e-01+0.j  6.67579519e-14+0.j  4.85071250e-01+0.j
  -7.37303648e-14+0.j]
 [ 6.67485299e-14+0.j  5.00000000e-01+0.j  7.37275311e-14+0.j
   4.85071250e-01+0.j]
 [ 4.85071250e-01+0.j  7.37341690e-14+0.j  5.00000000e-01+0.j
  -6.67488622e-14+0.j]
 [-7.37280208e-14+0.j  4.85071250e-01+0.j -6.67554281e-14+0.j
   5.00000000e-01+0.j]]
W= [0.18936609+0.j 0.18936609+0.j]
local approximation with  1 sites
local interactions on sites [[0], [1]]
Functional for interaction on sites [0]
aca-directory for images already exists
aca-directory for images already exists
aca-directory for images already exists
interacting orbitals: [0, 1]
mapping: [0, 1, 2, 3]
aca-directory for images already exists
aca-directory for images already exists
aca-directory for images already exists
orbinteractaca= [0, 1]
aca-directory for images already exists
aca-directory for images already exists
aca-directory for images already exists
aca-directory for images already exists
aca-directory for images already exists
aca-directory for images already exists
aca-directory for images already exists
aca-directory for images already exists
aca-directory for images already exists
aca: level 1  norb= 4
Daca= [[ 5.00000000e-01+0.j  6.67579519e-14+0.j -4.85071250e-01+0.j
   1.26217745e-29+0.j]
 [ 6.67485299e-14+0.j  5.00000000e-01+0.j  2.83367793e-18+0.j
   4.85071250e-01+0.j]
 [-4.85071250e-01+0.j -3.80422134e-18+0.j  5.00000000e-01+0.j
   6.67488622e-14+0.j]
 [ 2.34393816e-18+0.j  4.85071250e-01+0.j  6.67554281e-14+0.j
   5.00000000e-01+0.j]]
rounding Naca1 to integer
rounding Naca2 to integer
Naca= (1, 1)
nq= 4
variational state:
      ┌──────────┐┌──────────┐┌───┐     ┌──────────┐┌───────────┐             »
q0_0: ┤ Ry(y[0]) ├┤ Rz(y[4]) ├┤ X ├──■──┤ Ry(y[8]) ├┤ Rz(y[12]) ├─────────────»
      ├──────────┤├──────────┤└─┬─┘┌─┴─┐└──────────┘└┬──────────┤┌───────────┐»
q0_1: ┤ Ry(y[1]) ├┤ Rz(y[5]) ├──┼──┤ X ├─────■───────┤ Ry(y[9]) ├┤ Rz(y[13]) ├»
      ├──────────┤├──────────┤  │  └───┘   ┌─┴─┐     └──────────┘├───────────┤»
q0_2: ┤ Ry(y[2]) ├┤ Rz(y[6]) ├──┼──────────┤ X ├──────────■──────┤ Ry(y[10]) ├»
      ├──────────┤├──────────┤  │          └───┘        ┌─┴─┐    ├───────────┤»
q0_3: ┤ Ry(y[3]) ├┤ Rz(y[7]) ├──■───────────────────────┤ X ├────┤ Ry(y[11]) ├»
      └──────────┘└──────────┘                          └───┘    └───────────┘»
c0: 4/════════════════════════════════════════════════════════════════════════»
                                                                              »
«                   ┌───┐     ┌───────────┐┌───────────┐             »
«q0_0: ─────────────┤ X ├──■──┤ Ry(y[16]) ├┤ Rz(y[20]) ├─────────────»
«                   └─┬─┘┌─┴─┐└───────────┘├───────────┤┌───────────┐»
«q0_1: ───────────────┼──┤ X ├──────■──────┤ Ry(y[17]) ├┤ Rz(y[21]) ├»
«      ┌───────────┐  │  └───┘    ┌─┴─┐    └───────────┘├───────────┤»
«q0_2: ┤ Rz(y[14]) ├──┼───────────┤ X ├──────────■──────┤ Ry(y[18]) ├»
«      ├───────────┤  │           └───┘        ┌─┴─┐    ├───────────┤»
«q0_3: ┤ Rz(y[15]) ├──■────────────────────────┤ X ├────┤ Ry(y[19]) ├»
«      └───────────┘                           └───┘    └───────────┘»
«c0: 4/══════════════════════════════════════════════════════════════»
«                                                                    »
«                   
«q0_0: ─────────────
«                   
«q0_1: ─────────────
«      ┌───────────┐
«q0_2: ┤ Rz(y[22]) ├
«      ├───────────┤
«q0_3: ┤ Rz(y[23]) ├
«      └───────────┘
«c0: 4/═════════════
«                   
ansatz-state is written to ansatz.txt
building constraints...
number of constraints= 16
unique pauliops 28
graphclique-cliquecover: 28 with commutationmode disjointqubits
strategy largest_first 22
strategy random_sequential 22
strategy smallest_last 22
strategy independent_set 22
strategy connected_sequential_bfs 22
strategy connected_sequential_dfs 22
strategy saturation_largest_first 22
number of cliques 22
clique 0 ['IYYX']
clique 1 ['IXYY']
clique 2 ['IXYX']
clique 3 ['IYYY']
clique 4 ['IZYY']
clique 5 ['IZYX']
clique 6 ['IYYZ']
clique 7 ['IXYZ']
clique 8 ['IZYZ']
clique 9 ['IIZX', 'IZII']
clique 10 ['IIZY', 'IXII']
clique 11 ['ZIXX', 'IYII']
clique 12 ['ZIXY']
clique 13 ['IIZZ']
clique 14 ['IIIZ', 'IXXI']
clique 15 ['IIIX', 'IYXI']
clique 16 ['IIIY', 'IZXI']
clique 17 ['ZIXZ']
clique 18 ['ZXZI']
clique 19 ['ZYZI']
clique 20 ['ZZZI']
clique 21 ['ZIYI']
