GS energy with  DMRG -5.575365620447479
N= 4.0
E= -5.575365620447479
D= [[ 5.00000000e-01+0.j -6.23619198e-12+0.j  4.36579417e-01+0.j
  -2.04999252e-12+0.j -1.86547045e-12+0.j  1.82520835e-12+0.j
  -2.07712319e-01+0.j  1.00590473e-12+0.j]
 [-6.23620540e-12+0.j  5.00000000e-01+0.j  1.53623664e-12+0.j
   4.36579417e-01+0.j  2.32139356e-12+0.j  4.44377868e-12+0.j
  -1.81649080e-12+0.j -2.07712319e-01+0.j]
 [ 4.36579417e-01+0.j  1.53619898e-12+0.j  5.00000000e-01+0.j
   3.76118966e-12+0.j  2.19444409e-01+0.j -3.29945378e-13+0.j
   2.53749691e-12+0.j -2.77867829e-12+0.j]
 [-2.05000848e-12+0.j  4.36579417e-01+0.j  3.76117902e-12+0.j
   5.00000000e-01+0.j  9.69647245e-13+0.j  2.19444409e-01+0.j
  -3.17925305e-12+0.j -3.46386191e-12+0.j]
 [-1.86552683e-12+0.j  2.32139973e-12+0.j  2.19444409e-01+0.j
   9.69652651e-13+0.j  5.00000000e-01+0.j -2.02277966e-12+0.j
   4.36579417e-01+0.j -1.28646850e-14+0.j]
 [ 1.82520766e-12+0.j  4.44378562e-12+0.j -3.29962568e-13+0.j
   2.19444409e-01+0.j -2.02277441e-12+0.j  5.00000000e-01+0.j
  -2.36040907e-13+0.j  4.36579417e-01+0.j]
 [-2.07712319e-01+0.j -1.81646985e-12+0.j  2.53749300e-12+0.j
  -3.17929809e-12+0.j  4.36579417e-01+0.j -2.36081747e-13+0.j
   5.00000000e-01+0.j  4.49782971e-12+0.j]
 [ 1.00592242e-12+0.j -2.07712319e-01+0.j -2.77867975e-12+0.j
  -3.46398237e-12+0.j -1.28336704e-14+0.j  4.36579417e-01+0.j
   4.49780275e-12+0.j  5.00000000e-01+0.j]]
W= [0.19104713+0.j 0.20647655+0.j 0.20647655+0.j 0.19104713+0.j]
local approximation with  1 sites
local interactions on sites [[0], [1], [2], [3]]
Functional for interaction on sites [0]
aca-directory for images already exists
aca-directory for images already exists
aca-directory for images already exists
interacting orbitals: [0, 1]
mapping: [0, 1, 2, 3, 4, 5, 6, 7]
aca-directory for images already exists
aca-directory for images already exists
aca-directory for images already exists
orbinteractaca= [0, 1]
aca-directory for images already exists
aca-directory for images already exists
aca-directory for images already exists
aca-directory for images already exists
aca-directory for images already exists
aca-directory for images already exists
aca-directory for images already exists
aca-directory for images already exists
aca-directory for images already exists
aca-directory for images already exists
aca-directory for images already exists
aca-directory for images already exists
aca-directory for images already exists
aca-directory for images already exists
aca-directory for images already exists
aca-directory for images already exists
aca-directory for images already exists
aca-directory for images already exists
aca-directory for images already exists
aca-directory for images already exists
aca-directory for images already exists
aca: level 3  norb= 8
Daca= [[ 5.00000000e-01+0.j -6.23619198e-12+0.j -4.83472849e-01+0.j
   3.50773481e-30+0.j -1.38057445e-28+0.j -2.20568026e-28+0.j
  -1.13131661e-17+0.j -8.10836098e-29+0.j]
 [-6.23620540e-12+0.j  5.00000000e-01+0.j  1.15676673e-13+0.j
  -4.83472849e-01+0.j -1.15761582e-28+0.j -2.68379879e-28+0.j
   2.87194209e-28+0.j  3.06678525e-17+0.j]
 [-4.83472849e-01+0.j  1.15719672e-13+0.j  5.00000000e-01+0.j
   6.29944689e-12+0.j  1.05941599e-02+0.j -9.44426644e-30+0.j
  -1.26217792e-29+0.j  2.52435490e-29+0.j]
 [ 2.20104953e-17+0.j -4.83472849e-01+0.j  6.29941633e-12+0.j
   5.00000000e-01+0.j -2.78024060e-13+0.j  1.05941599e-02+0.j
  -2.00877861e-37+0.j  0.00000000e+00+0.j]
 [-5.63785130e-17+0.j  6.16521570e-18+0.j  1.05941599e-02+0.j
  -2.78005854e-13+0.j  5.00000000e-01+0.j -8.58045251e-12+0.j
   4.88513255e-01+0.j  0.00000000e+00+0.j]
 [-6.89776125e-19+0.j  6.93889390e-18+0.j -3.30683649e-17+0.j
   1.05941599e-02+0.j -8.58044727e-12+0.j  5.00000000e-01+0.j
   7.09396151e-14+0.j -4.88513255e-01+0.j]
 [-1.66973534e-17+0.j  2.73297828e-18+0.j  3.68114080e-17+0.j
   4.33368529e-17+0.j  4.88513255e-01+0.j  7.09101216e-14+0.j
   5.00000000e-01+0.j -8.51724533e-12+0.j]
 [ 9.12136935e-18+0.j -1.67670178e-17+0.j  3.16849159e-18+0.j
   9.67011921e-17+0.j -2.56838761e-17+0.j -4.88513255e-01+0.j
  -8.51723830e-12+0.j  5.00000000e-01+0.j]]
rounding Naca1 to integer
rounding Naca2 to integer
Naca= (2, 2)
nq= 8
variational state:
      ┌──────────┐ ┌──────────┐┌───┐     ┌───────────┐┌───────────┐»
q0_0: ┤ Ry(y[0]) ├─┤ Rz(y[8]) ├┤ X ├──■──┤ Ry(y[16]) ├┤ Rz(y[24]) ├»
      ├──────────┤ ├──────────┤└─┬─┘┌─┴─┐└───────────┘├───────────┤»
q0_1: ┤ Ry(y[1]) ├─┤ Rz(y[9]) ├──┼──┤ X ├──────■──────┤ Ry(y[17]) ├»
      ├──────────┤┌┴──────────┤  │  └───┘    ┌─┴─┐    └───────────┘»
q0_2: ┤ Ry(y[2]) ├┤ Rz(y[10]) ├──┼───────────┤ X ├──────────■──────»
      ├──────────┤├───────────┤  │           └───┘        ┌─┴─┐    »
q0_3: ┤ Ry(y[3]) ├┤ Rz(y[11]) ├──┼────────────────────────┤ X ├────»
      ├──────────┤├───────────┤  │                        └───┘    »
q0_4: ┤ Ry(y[4]) ├┤ Rz(y[12]) ├──┼─────────────────────────────────»
      ├──────────┤├───────────┤  │                                 »
q0_5: ┤ Ry(y[5]) ├┤ Rz(y[13]) ├──┼─────────────────────────────────»
      ├──────────┤├───────────┤  │                                 »
q0_6: ┤ Ry(y[6]) ├┤ Rz(y[14]) ├──┼─────────────────────────────────»
      ├──────────┤├───────────┤  │                                 »
q0_7: ┤ Ry(y[7]) ├┤ Rz(y[15]) ├──■─────────────────────────────────»
      └──────────┘└───────────┘                                    »
c0: 8/═════════════════════════════════════════════════════════════»
                                                                   »
«                                                                       »
«q0_0: ─────────────────────────────────────────────────────────────────»
«      ┌───────────┐                                                    »
«q0_1: ┤ Rz(y[25]) ├────────────────────────────────────────────────────»
«      ├───────────┤┌───────────┐                                       »
«q0_2: ┤ Ry(y[18]) ├┤ Rz(y[26]) ├───────────────────────────────────────»
«      └───────────┘├───────────┤┌───────────┐                          »
«q0_3: ──────■──────┤ Ry(y[19]) ├┤ Rz(y[27]) ├──────────────────────────»
«          ┌─┴─┐    └───────────┘├───────────┤┌───────────┐             »
«q0_4: ────┤ X ├──────────■──────┤ Ry(y[20]) ├┤ Rz(y[28]) ├─────────────»
«          └───┘        ┌─┴─┐    └───────────┘├───────────┤┌───────────┐»
«q0_5: ─────────────────┤ X ├──────────■──────┤ Ry(y[21]) ├┤ Rz(y[29]) ├»
«                       └───┘        ┌─┴─┐    └───────────┘├───────────┤»
«q0_6: ──────────────────────────────┤ X ├──────────■──────┤ Ry(y[22]) ├»
«                                    └───┘        ┌─┴─┐    ├───────────┤»
«q0_7: ───────────────────────────────────────────┤ X ├────┤ Ry(y[23]) ├»
«                                                 └───┘    └───────────┘»
«c0: 8/═════════════════════════════════════════════════════════════════»
«                                                                       »
«                   ┌───┐     ┌───────────┐┌───────────┐             »
«q0_0: ─────────────┤ X ├──■──┤ Ry(y[32]) ├┤ Rz(y[40]) ├─────────────»
«                   └─┬─┘┌─┴─┐└───────────┘├───────────┤┌───────────┐»
«q0_1: ───────────────┼──┤ X ├──────■──────┤ Ry(y[33]) ├┤ Rz(y[41]) ├»
«                     │  └───┘    ┌─┴─┐    └───────────┘├───────────┤»
«q0_2: ───────────────┼───────────┤ X ├──────────■──────┤ Ry(y[34]) ├»
«                     │           └───┘        ┌─┴─┐    └───────────┘»
«q0_3: ───────────────┼────────────────────────┤ X ├──────────■──────»
«                     │                        └───┘        ┌─┴─┐    »
«q0_4: ───────────────┼─────────────────────────────────────┤ X ├────»
«                     │                                     └───┘    »
«q0_5: ───────────────┼──────────────────────────────────────────────»
«      ┌───────────┐  │                                              »
«q0_6: ┤ Rz(y[30]) ├──┼──────────────────────────────────────────────»
«      ├───────────┤  │                                              »
«q0_7: ┤ Rz(y[31]) ├──■──────────────────────────────────────────────»
«      └───────────┘                                                 »
«c0: 8/══════════════════════════════════════════════════════════════»
«                                                                    »
«                                                                       
«q0_0: ─────────────────────────────────────────────────────────────────
«                                                                       
«q0_1: ─────────────────────────────────────────────────────────────────
«      ┌───────────┐                                                    
«q0_2: ┤ Rz(y[42]) ├────────────────────────────────────────────────────
«      ├───────────┤┌───────────┐                                       
«q0_3: ┤ Ry(y[35]) ├┤ Rz(y[43]) ├───────────────────────────────────────
«      └───────────┘├───────────┤┌───────────┐                          
«q0_4: ──────■──────┤ Ry(y[36]) ├┤ Rz(y[44]) ├──────────────────────────
«          ┌─┴─┐    └───────────┘├───────────┤┌───────────┐             
«q0_5: ────┤ X ├──────────■──────┤ Ry(y[37]) ├┤ Rz(y[45]) ├─────────────
«          └───┘        ┌─┴─┐    └───────────┘├───────────┤┌───────────┐
«q0_6: ─────────────────┤ X ├──────────■──────┤ Ry(y[38]) ├┤ Rz(y[46]) ├
«                       └───┘        ┌─┴─┐    ├───────────┤├───────────┤
«q0_7: ──────────────────────────────┤ X ├────┤ Ry(y[39]) ├┤ Rz(y[47]) ├
«                                    └───┘    └───────────┘└───────────┘
«c0: 8/═════════════════════════════════════════════════════════════════
«                                                                       
ansatz-state is written to ansatz.txt
building constraints...
number of constraints= 64
unique pauliops 120
graphclique-cliquecover: 120 with commutationmode commute
strategy largest_first 15
strategy random_sequential 17
strategy smallest_last 18
strategy independent_set 15
strategy connected_sequential_bfs 15
strategy connected_sequential_dfs 19
strategy saturation_largest_first 16
number of cliques 15
clique 0 ['IIIIIIIZ', 'IIIIIIZZ', 'IIIIIZII', 'IIIIZZZI', 'IIIZIIII', 'IIZZIIII', 'IZIIIIII', 'ZZZIZIII']
clique 1 ['IIIIIIIX', 'IIIIIIZX', 'IIIIIXII', 'IIIIZXZI', 'IIIXIIII', 'IIZXIIII', 'IXIIIIII', 'ZXZIZIII']
clique 2 ['IIIIIIIY', 'IIIIIIZY', 'IIIIIYII', 'IIIIZYZI', 'IIIYIIII', 'IIZYIIII', 'IYIIIIII', 'ZYZIZIII']
clique 3 ['IIIIIYYX', 'IIIIIXYY', 'IIIIIZXI', 'IIIIZIXZ', 'IYYXIIII', 'IXYYIIII', 'IZXIIIII', 'ZIXZZIII']
clique 4 ['IIIIIXYX', 'IIIIIYYY', 'IIIIZIYI', 'IIIIIZYZ', 'IXYXIIII', 'IYYYIIII', 'IZYZIIII', 'ZIYIZIII']
clique 5 ['IIIIZIXX', 'IIIIIZYY', 'IIIIIXXI', 'IIIIIYYZ', 'IZYYIIII', 'ZIXXZIII', 'IXXIIIII', 'IYYZIIII']
clique 6 ['IIIIIZYX', 'IIIIZIXY', 'IIIIIYXI', 'IIIIIXYZ', 'IZYXIIII', 'ZIXYZIII', 'IYXIIIII', 'IXYZIIII']
clique 7 ['IIXYYIXX', 'IIXXYIXY', 'IIXZYIYI', 'IIYIYIXZ', 'IYZIYXZI', 'IXZIYYZI', 'IZZIXIII', 'ZIIIXZZI']
clique 8 ['IIXXYIXX', 'IIXYYIXY', 'IIYIYIYI', 'IIXZYIXZ', 'IXZIYXZI', 'IYZIYYZI', 'ZIIIYIII', 'IZZIYZZI']
clique 9 ['IIYIYIXX', 'IIXZYIXY', 'IIXXYIYI', 'IIXYYIXZ', 'ZIIIXXZI', 'IZZIYYZI', 'IXZIXIII', 'IYZIYZZI']
clique 10 ['IIXZYIXX', 'IIYIYIXY', 'IIXYYIYI', 'IIXXYIXZ', 'IZZIYXZI', 'ZIIIXYZI', 'IYZIXIII', 'IXZIYZZI']
clique 11 ['IYZIYIXX', 'IXZIYIXY', 'IZZIYIYI', 'ZIIIXIXZ', 'IIXYYXZI', 'IIXXYYZI', 'IIXZXIII', 'IIYIYZZI']
clique 12 ['IXZIYIXX', 'IYZIYIXY', 'ZIIIXIYI', 'IZZIYIXZ', 'IIXXYXZI', 'IIXYYYZI', 'IIYIXIII', 'IIXZYZZI']
clique 13 ['ZIIIXIXX', 'IZZIYIXY', 'IXZIYIYI', 'IYZIYIXZ', 'IIYIYXZI', 'IIXZYYZI', 'IIXXXIII', 'IIXYYZZI']
clique 14 ['IZZIYIXX', 'ZIIIXIXY', 'IYZIYIYI', 'IXZIYIXZ', 'IIXZYXZI', 'IIYIYYZI', 'IIXYXIII', 'IIXXYZZI']
