GS energy with  DMRG -13.11065466808125
N= 8.999999999999996
E= -13.11065466808125
D= [[ 3.78588912e-01+0.j  1.38618537e-02+0.j  4.05184593e-01+0.j
   1.18116536e-08+0.j  9.77093238e-02+0.j -1.11557694e-02+0.j
  -1.40617324e-01+0.j -9.68329604e-09+0.j -8.93155116e-02+0.j
   1.01974241e-02+0.j  6.98466306e-02+0.j -5.09403970e-07+0.j
   8.39615080e-02+0.j -9.58824566e-03+0.j -3.02112300e-02+0.j
  -3.51526607e-06+0.j -7.94575148e-02+0.j  9.06880179e-03+0.j]
 [ 1.38618537e-02+0.j  6.21411091e-01+0.j  1.18024904e-08+0.j
   4.05184592e-01+0.j -1.11557630e-02+0.j -9.77093214e-02+0.j
  -1.22031781e-08+0.j -1.40617327e-01+0.j  1.01974243e-02+0.j
   8.93154924e-02+0.j  1.59514078e-08+0.j  6.98468213e-02+0.j
  -9.58617402e-03+0.j -8.39617499e-02+0.j  9.17540385e-09+0.j
  -3.02106353e-02+0.j  9.07185963e-03+0.j  7.94575109e-02+0.j]
 [ 4.05184593e-01+0.j  1.18024904e-08+0.j  5.23013929e-01+0.j
  -2.62757993e-03+0.j  2.60853309e-01+0.j  6.04263473e-09+0.j
  -7.17381794e-03+0.j  8.19058096e-04+0.j -6.97722764e-02+0.j
   1.39613060e-09+0.j  3.36418523e-03+0.j -3.83403712e-04+0.j
   3.95484094e-02+0.j  2.47045984e-06+0.j -1.38194952e-03+0.j
   1.62074591e-04+0.j -3.02106493e-02+0.j  3.56801161e-06+0.j]
 [ 1.18116536e-08+0.j  4.05184592e-01+0.j -2.62757993e-03+0.j
   4.76986078e-01+0.j  2.13025519e-09+0.j  2.60853306e-01+0.j
   8.19058148e-04+0.j  7.17380584e-03+0.j  7.23874034e-10+0.j
  -6.97722592e-02+0.j -3.84098015e-04+0.j -3.36414424e-03+0.j
  -2.14784876e-08+0.j  3.95479086e-02+0.j  1.57776721e-04+0.j
   1.38194542e-03+0.j -1.72588945e-08+0.j -3.02112561e-02+0.j]
 [ 9.77093238e-02+0.j -1.11557630e-02+0.j  2.60853309e-01+0.j
   2.13025518e-09+0.j  3.81664938e-01+0.j  1.35106585e-02+0.j
   3.36227167e-01+0.j  9.88057237e-09+0.j  9.66564638e-02+0.j
  -1.10355760e-02+0.j -1.01914127e-01+0.j -4.98857614e-07+0.j
  -8.91805217e-02+0.j  1.01803181e-02+0.j  3.95479240e-02+0.j
  -2.55836529e-06+0.j  8.39617807e-02+0.j -9.58835171e-03+0.j]
 [-1.11557694e-02+0.j -9.77093214e-02+0.j  6.04263473e-09+0.j
   2.60853306e-01+0.j  1.35106585e-02+0.j  6.18335059e-01+0.j
   9.59245272e-09+0.j  3.36227160e-01+0.j -1.10355600e-02+0.j
  -9.66564701e-02+0.j -1.64734940e-09+0.j -1.01913968e-01+0.j
   1.01819958e-02+0.j  8.91805069e-02+0.j  2.94694116e-08+0.j
   3.95484351e-02+0.j -9.58618170e-03+0.j -8.39615559e-02+0.j]
 [-1.40617324e-01+0.j -1.22031780e-08+0.j -7.17381794e-03+0.j
   8.19058148e-04+0.j  3.36227167e-01+0.j  9.59245272e-09+0.j
   5.27394365e-01+0.j -3.12771490e-03+0.j  3.02826790e-01+0.j
   6.38968088e-09+0.j -8.82328761e-03+0.j  1.00760516e-03+0.j
  -1.01913979e-01+0.j  5.60973853e-07+0.j  3.36412340e-03+0.j
  -3.83289276e-04+0.j  6.98468283e-02+0.j  6.00920928e-07+0.j]
 [-9.68329602e-09+0.j -1.40617327e-01+0.j  8.19058096e-04+0.j
   7.17380584e-03+0.j  9.88057238e-09+0.j  3.36227160e-01+0.j
  -3.12771490e-03+0.j  4.72605633e-01+0.j  6.30065684e-09+0.j
   3.02826783e-01+0.j  1.00738746e-03+0.j  8.82329047e-03+0.j
  -1.15696202e-08+0.j -1.01914152e-01+0.j -3.84094595e-04+0.j
  -3.36414915e-03+0.j -7.70658157e-09+0.j  6.98466272e-02+0.j]
 [-8.93155116e-02+0.j  1.01974243e-02+0.j -6.97722764e-02+0.j
   7.23874017e-10+0.j  9.66564638e-02+0.j -1.10355600e-02+0.j
   3.02826790e-01+0.j  6.30065684e-09+0.j  3.81903055e-01+0.j
   1.34834866e-02+0.j  3.02826787e-01+0.j -2.57218980e-08+0.j
   9.66564754e-02+0.j -1.10356170e-02+0.j -6.97722780e-02+0.j
  -5.06315240e-08+0.j -8.93154733e-02+0.j  1.01973824e-02+0.j]
 [ 1.01974241e-02+0.j  8.93154924e-02+0.j  1.39613059e-09+0.j
  -6.97722592e-02+0.j -1.10355760e-02+0.j -9.66564701e-02+0.j
   6.38968090e-09+0.j  3.02826783e-01+0.j  1.34834866e-02+0.j
   6.18096943e-01+0.j  7.51479493e-09+0.j  3.02826798e-01+0.j
  -1.10355717e-02+0.j -9.66564689e-02+0.j -4.56460841e-09+0.j
  -6.97722864e-02+0.j  1.01974340e-02+0.j  8.93154938e-02+0.j]
 [ 6.98466306e-02+0.j  1.59514078e-08+0.j  3.36418523e-03+0.j
  -3.84098015e-04+0.j -1.01914127e-01+0.j -1.64734945e-09+0.j
  -8.82328761e-03+0.j  1.00738746e-03+0.j  3.02826787e-01+0.j
   7.51479489e-09+0.j  5.27394366e-01+0.j -3.12771229e-03+0.j
   3.36227167e-01+0.j -1.62314062e-08+0.j -7.17381110e-03+0.j
   8.19067255e-04+0.j -1.40617316e-01+0.j  2.74573884e-08+0.j]
 [-5.09403970e-07+0.j  6.98468213e-02+0.j -3.83403712e-04+0.j
  -3.36414424e-03+0.j -4.98857614e-07+0.j -1.01913968e-01+0.j
   1.00760516e-03+0.j  8.82329047e-03+0.j -2.57218980e-08+0.j
   3.02826798e-01+0.j -3.12771229e-03+0.j  4.72605633e-01+0.j
  -2.64449999e-10+0.j  3.36227169e-01+0.j  8.19056325e-04+0.j
   7.17381558e-03+0.j  4.93398354e-09+0.j -1.40617317e-01+0.j]
 [ 8.39615080e-02+0.j -9.58617402e-03+0.j  3.95484094e-02+0.j
  -2.14784876e-08+0.j -8.91805217e-02+0.j  1.01819958e-02+0.j
  -1.01913979e-01+0.j -1.15696202e-08+0.j  9.66564754e-02+0.j
  -1.10355717e-02+0.j  3.36227167e-01+0.j -2.64449993e-10+0.j
   3.81664948e-01+0.j  1.35106790e-02+0.j  2.60853302e-01+0.j
  -6.07423708e-09+0.j  9.77093221e-02+0.j -1.11557831e-02+0.j]
 [-9.58824566e-03+0.j -8.39617499e-02+0.j  2.47045984e-06+0.j
   3.95479086e-02+0.j  1.01803181e-02+0.j  8.91805069e-02+0.j
   5.60973853e-07+0.j -1.01914152e-01+0.j -1.10356170e-02+0.j
  -9.66564689e-02+0.j -1.62314062e-08+0.j  3.36227169e-01+0.j
   1.35106790e-02+0.j  6.18335065e-01+0.j  4.51659506e-10+0.j
   2.60853308e-01+0.j -1.11557767e-02+0.j -9.77093203e-02+0.j]
 [-3.02112300e-02+0.j  9.17540385e-09+0.j -1.38194952e-03+0.j
   1.57776721e-04+0.j  3.95479240e-02+0.j  2.94694116e-08+0.j
   3.36412340e-03+0.j -3.84094595e-04+0.j -6.97722780e-02+0.j
  -4.56460840e-09+0.j -7.17381110e-03+0.j  8.19056325e-04+0.j
   2.60853302e-01+0.j  4.51659500e-10+0.j  5.23013916e-01+0.j
  -2.62758435e-03+0.j  4.05184592e-01+0.j -1.70432379e-08+0.j]
 [-3.51526607e-06+0.j -3.02106353e-02+0.j  1.62074591e-04+0.j
   1.38194542e-03+0.j -2.55836529e-06+0.j  3.95484351e-02+0.j
  -3.83289276e-04+0.j -3.36414915e-03+0.j -5.06315240e-08+0.j
  -6.97722864e-02+0.j  8.19067255e-04+0.j  7.17381558e-03+0.j
  -6.07423708e-09+0.j  2.60853308e-01+0.j -2.62758435e-03+0.j
   4.76986077e-01+0.j -6.71868042e-09+0.j  4.05184591e-01+0.j]
 [-7.94575148e-02+0.j  9.07185963e-03+0.j -3.02106493e-02+0.j
  -1.72588945e-08+0.j  8.39617807e-02+0.j -9.58618170e-03+0.j
   6.98468283e-02+0.j -7.70658158e-09+0.j -8.93154733e-02+0.j
   1.01974340e-02+0.j -1.40617316e-01+0.j  4.93398354e-09+0.j
   9.77093221e-02+0.j -1.11557767e-02+0.j  4.05184592e-01+0.j
  -6.71868042e-09+0.j  3.78588913e-01+0.j  1.38618746e-02+0.j]
 [ 9.06880179e-03+0.j  7.94575109e-02+0.j  3.56801161e-06+0.j
  -3.02112561e-02+0.j -9.58835171e-03+0.j -8.39615559e-02+0.j
   6.00920928e-07+0.j  6.98466272e-02+0.j  1.01973824e-02+0.j
   8.93154938e-02+0.j  2.74573884e-08+0.j -1.40617317e-01+0.j
  -1.11557831e-02+0.j -9.77093203e-02+0.j -1.70432379e-08+0.j
   4.05184591e-01+0.j  1.38618746e-02+0.j  6.21411078e-01+0.j]]
W= [0.18433397+0.j 0.21111726+0.j 0.20320056+0.j 0.21392756+0.j
 0.20492146+0.j 0.21392756+0.j 0.20320057+0.j 0.21111725+0.j
 0.18433396+0.j]
local approximation with  1 sites
local interactions on sites [[0], [1], [2], [3], [4], [5], [6], [7], [8]]
Functional for interaction on sites [0]
aca-directory for images already exists
aca-directory for images already exists
aca-directory for images already exists
interacting orbitals: [0, 1]
mapping: [0, 1, 2, 3, 4, 5, 6, 7, 8, 9, 10, 11, 12, 13, 14, 15, 16, 17]
aca-directory for images already exists
aca-directory for images already exists
aca-directory for images already exists
orbinteractaca= [0, 1]
aca-directory for images already exists
aca-directory for images already exists
aca-directory for images already exists
aca-directory for images already exists
aca-directory for images already exists
aca-directory for images already exists
aca-directory for images already exists
aca-directory for images already exists
aca-directory for images already exists
aca-directory for images already exists
aca-directory for images already exists
aca-directory for images already exists
aca-directory for images already exists
aca-directory for images already exists
aca-directory for images already exists
aca-directory for images already exists
aca-directory for images already exists
aca-directory for images already exists
aca-directory for images already exists
aca-directory for images already exists
aca-directory for images already exists
aca-directory for images already exists
aca-directory for images already exists
aca-directory for images already exists
aca-directory for images already exists
aca-directory for images already exists
aca-directory for images already exists
aca-directory for images already exists
aca-directory for images already exists
aca-directory for images already exists
aca-directory for images already exists
aca-directory for images already exists
aca-directory for images already exists
aca-directory for images already exists
aca-directory for images already exists
aca-directory for images already exists
aca-directory for images already exists
aca-directory for images already exists
aca-directory for images already exists
aca-directory for images already exists
aca-directory for images already exists
aca-directory for images already exists
aca-directory for images already exists
aca-directory for images already exists
aca-directory for images already exists
aca-directory for images already exists
aca-directory for images already exists
aca-directory for images already exists
aca-directory for images already exists
aca-directory for images already exists
aca-directory for images already exists
aca: level 8  norb= 18
Daca= [[ 3.78588912e-01+0.j  1.38618537e-02+0.j -4.70137295e-01+0.j
  -1.76307894e-19+0.j -1.98278068e-17+0.j  8.74499831e-19+0.j
   2.70307871e-18+0.j  4.59457631e-20+0.j  6.04006348e-18+0.j
   1.67023004e-18+0.j -9.05762578e-19+0.j -1.54038163e-19+0.j
  -1.21509735e-17+0.j  1.55425267e-18+0.j  7.49924131e-18+0.j
  -3.10111075e-21+0.j  1.08104370e-17+0.j -5.04354266e-18+0.j]
 [ 1.38618537e-02+0.j  6.21411091e-01+0.j -3.77406610e-08+0.j
  -4.70137341e-01+0.j -1.60532384e-18+0.j -3.13210748e-18+0.j
   1.41782042e-20+0.j -5.40662955e-17+0.j  3.56526395e-18+0.j
   1.65011113e-17+0.j -4.91602349e-20+0.j -9.06345260e-19+0.j
   1.82336033e-18+0.j -1.65484207e-17+0.j  1.96484646e-20+0.j
  -8.42460650e-19+0.j -6.60483706e-19+0.j  6.27590846e-18+0.j]
 [-4.70137295e-01+0.j -3.77406610e-08+0.j  6.19734205e-01+0.j
  -1.36704206e-02+0.j  8.89437612e-03+0.j -1.27246457e-21+0.j
   7.74966259e-19+0.j -6.44994826e-20+0.j -3.59925904e-19+0.j
  -5.30728622e-21+0.j -3.15494638e-19+0.j  5.03592391e-20+0.j
   1.05430258e-19+0.j  9.34394892e-22+0.j  7.02292047e-19+0.j
  -5.39455614e-20+0.j -1.64731116e-20+0.j -1.24497925e-22+0.j]
 [ 5.97156797e-18+0.j -4.70137341e-01+0.j -1.36704206e-02+0.j
   3.80265818e-01+0.j -1.12505688e-07+0.j  8.89433154e-03+0.j
   3.29901155e-20+0.j  3.20737358e-19+0.j  4.51741847e-22+0.j
  -2.47819382e-19+0.j -6.52088910e-20+0.j -1.23168357e-18+0.j
  -4.80914010e-22+0.j -8.11418098e-20+0.j  5.50056071e-20+0.j
   2.82534032e-19+0.j  7.61819020e-23+0.j -3.61900320e-21+0.j]
 [ 7.74116578e-17+0.j  3.35785364e-18+0.j  8.89437612e-03+0.j
  -1.12505688e-07+0.j  5.31277752e-01+0.j -3.56973908e-03+0.j
   4.86267349e-01+0.j -3.64548934e-19+0.j -2.68062085e-17+0.j
  -1.38227850e-18+0.j -4.33235846e-18+0.j -1.28109107e-18+0.j
   1.39729861e-18+0.j  2.14847933e-18+0.j  5.89124459e-18+0.j
   2.55055592e-19+0.j  7.16875189e-17+0.j  9.42361190e-18+0.j]
 [ 2.57779961e-17+0.j -2.02857871e-17+0.j -2.33259083e-17+0.j
   8.89433154e-03+0.j -3.56973908e-03+0.j  4.68721477e-01+0.j
   5.75820358e-08+0.j  4.86267202e-01+0.j -1.20446866e-18+0.j
   4.94121811e-19+0.j  1.41653618e-19+0.j -4.88152332e-17+0.j
   2.90941273e-18+0.j  9.33615025e-18+0.j  3.40006080e-21+0.j
  -4.97625352e-18+0.j  3.90855112e-18+0.j  2.01048469e-17+0.j]
 [-2.63216457e-17+0.j  8.20929335e-18+0.j -1.33740328e-16+0.j
   2.46515913e-17+0.j  4.86267349e-01+0.j  5.75820357e-08+0.j
   4.64892312e-01+0.j  4.00695056e-03+0.j  6.30511786e-03+0.j
   6.36501842e-22+0.j -6.88973725e-19+0.j  1.45921102e-19+0.j
   5.41236275e-19+0.j -1.11732135e-20+0.j  8.18236086e-19+0.j
  -6.23316937e-21+0.j -3.62405660e-19+0.j  4.50029189e-21+0.j]
 [ 1.74545018e-17+0.j -9.67945768e-17+0.j  1.27779714e-17+0.j
  -8.71788356e-17+0.j  2.28292959e-17+0.j  4.86267202e-01+0.j
   4.00695056e-03+0.j  5.35108448e-01+0.j  1.33829200e-07+0.j
   6.30520219e-03+0.j -5.79446698e-20+0.j -7.99833617e-19+0.j
   1.09715409e-20+0.j -3.35384870e-19+0.j  1.08867559e-19+0.j
   2.64872818e-19+0.j -4.53303634e-21+0.j  3.39523065e-19+0.j]
 [ 2.16149715e-17+0.j  4.09830062e-17+0.j -4.97919311e-17+0.j
   3.61522899e-17+0.j  4.63284565e-17+0.j -2.31570077e-17+0.j
   6.30511786e-03+0.j  1.33829200e-07+0.j  3.70794937e-01+0.j
   1.47546355e-02+0.j  4.72364113e-01+0.j -2.31718429e-18+0.j
  -3.93749195e-17+0.j  2.94600802e-18+0.j -1.18109176e-17+0.j
  -1.36246169e-18+0.j  1.11668498e-16+0.j -1.02577458e-17+0.j]
 [ 3.78857831e-17+0.j -8.37815853e-17+0.j  4.13903178e-17+0.j
  -2.06973811e-16+0.j  4.86560267e-17+0.j -3.28826884e-16+0.j
  -2.26128713e-17+0.j  6.30520219e-03+0.j  1.47546355e-02+0.j
   6.29202989e-01+0.j -6.30682581e-08+0.j  4.72364779e-01+0.j
   3.09508131e-18+0.j  2.34355766e-17+0.j -1.17234822e-18+0.j
   2.54671398e-17+0.j -1.74826523e-17+0.j -1.58684874e-16+0.j]
 [ 6.58752911e-17+0.j  2.54879571e-18+0.j  2.37915995e-16+0.j
  -1.83163956e-17+0.j -6.97389322e-17+0.j  1.93792531e-17+0.j
  -1.33038672e-16+0.j  4.69900012e-17+0.j  4.72364113e-01+0.j
  -6.30682581e-08+0.j  6.30452511e-01+0.j -1.48970555e-02+0.j
   2.04248625e-03+0.j  4.12697932e-20+0.j  1.94021885e-19+0.j
  -4.68622445e-20+0.j -1.19912465e-19+0.j -6.37303903e-21+0.j]
 [-3.15182963e-17+0.j  1.06982080e-16+0.j  9.72225484e-18+0.j
   3.58839072e-17+0.j -3.12742580e-17+0.j -2.68177876e-16+0.j
  -7.45906769e-18+0.j  2.99636751e-16+0.j -3.03198953e-18+0.j
   4.72364779e-01+0.j -1.48970555e-02+0.j  3.69549437e-01+0.j
  -9.76403489e-08+0.j  2.04249229e-03+0.j -2.62920945e-20+0.j
  -9.84241414e-20+0.j -1.48387139e-21+0.j -1.36156626e-19+0.j]
 [ 6.84361644e-17+0.j  2.05745547e-17+0.j -1.75301850e-17+0.j
   1.74760683e-17+0.j -3.67781086e-17+0.j -2.85304409e-17+0.j
   6.64836174e-17+0.j -3.49261693e-17+0.j -1.12072989e-16+0.j
  -8.63446451e-18+0.j  2.04248625e-03+0.j -9.76403489e-08+0.j
   2.81364679e-01+0.j  2.49511153e-02+0.j -4.42058438e-01+0.j
   3.84789240e-18+0.j -4.01485384e-18+0.j -1.32614083e-18+0.j]
 [-8.82836714e-18+0.j  4.05249017e-17+0.j -3.16751109e-17+0.j
   7.16098127e-17+0.j -4.13790543e-18+0.j  4.05505710e-17+0.j
   4.16185480e-19+0.j  1.26687989e-16+0.j  2.41761103e-17+0.j
   9.44781980e-17+0.j  9.86917155e-18+0.j  2.04249229e-03+0.j
   2.49511153e-02+0.j  7.18610763e-01+0.j -1.54543932e-06+0.j
  -4.42070485e-01+0.j -2.40284288e-17+0.j -1.70260035e-16+0.j]
 [-6.12157674e-17+0.j  2.76711157e-18+0.j -1.12448566e-16+0.j
  -5.02746602e-19+0.j  5.59964177e-17+0.j -5.28094495e-18+0.j
  -2.58650109e-17+0.j -2.96557220e-17+0.j  1.40968699e-17+0.j
   2.22278409e-17+0.j  1.87504022e-17+0.j  2.72374251e-17+0.j
  -4.42058438e-01+0.j -1.54543932e-06+0.j  7.17525114e-01+0.j
  -2.48251563e-02+0.j  1.02414237e-03+0.j -3.39799711e-23+0.j]
 [ 8.65362099e-18+0.j -2.81658075e-17+0.j  2.69331737e-18+0.j
  -5.95676890e-17+0.j  4.84725786e-18+0.j  6.00541317e-19+0.j
   1.59702085e-17+0.j -1.23097667e-16+0.j -6.77223467e-18+0.j
   1.00972563e-16+0.j  5.11249075e-18+0.j  5.12965270e-17+0.j
  -2.37285711e-17+0.j -4.42070485e-01+0.j -2.48251563e-02+0.j
   2.82499533e-01+0.j  3.39656042e-07+0.j -1.02405081e-03+0.j]
 [-1.40335425e-16+0.j -1.09610129e-17+0.j -6.91547904e-17+0.j
  -1.42013704e-17+0.j  1.55440599e-16+0.j  1.94304441e-17+0.j
  -8.91447226e-17+0.j  5.28435075e-17+0.j  1.55254751e-16+0.j
   2.47732872e-17+0.j  6.09211577e-17+0.j -1.38366922e-17+0.j
  -2.14295356e-16+0.j -2.57268216e-17+0.j  1.02414237e-03+0.j
   3.39656042e-07+0.j  8.62070966e-03+0.j -5.63137349e-02+0.j]
 [-1.54713518e-18+0.j  1.92909593e-17+0.j  3.16347624e-17+0.j
   4.80083253e-17+0.j -6.28017111e-18+0.j -3.49195218e-17+0.j
  -7.17307501e-19+0.j -1.78052415e-16+0.j -2.95840434e-17+0.j
  -2.78232476e-17+0.j  1.85133746e-17+0.j  1.38872483e-16+0.j
   9.19710817e-18+0.j -3.39502264e-16+0.j -2.01975755e-18+0.j
  -1.02405081e-03+0.j -5.63137349e-02+0.j  9.91379313e-01+0.j]]
Naca= (4.003251131394957, 4.9967488686050405)
nq= 18
variational state:
        ┌──────────┐┌───────────┐┌───┐     ┌───────────┐┌───────────┐»
 q0_0: ─┤ Ry(y[0]) ├┤ Rz(y[18]) ├┤ X ├──■──┤ Ry(y[36]) ├┤ Rz(y[54]) ├»
        ├──────────┤├───────────┤└─┬─┘┌─┴─┐└───────────┘├───────────┤»
 q0_1: ─┤ Ry(y[1]) ├┤ Rz(y[19]) ├──┼──┤ X ├──────■──────┤ Ry(y[37]) ├»
        ├──────────┤├───────────┤  │  └───┘    ┌─┴─┐    └───────────┘»
 q0_2: ─┤ Ry(y[2]) ├┤ Rz(y[20]) ├──┼───────────┤ X ├──────────■──────»
        ├──────────┤├───────────┤  │           └───┘        ┌─┴─┐    »
 q0_3: ─┤ Ry(y[3]) ├┤ Rz(y[21]) ├──┼────────────────────────┤ X ├────»
        ├──────────┤├───────────┤  │                        └───┘    »
 q0_4: ─┤ Ry(y[4]) ├┤ Rz(y[22]) ├──┼─────────────────────────────────»
        ├──────────┤├───────────┤  │                                 »
 q0_5: ─┤ Ry(y[5]) ├┤ Rz(y[23]) ├──┼─────────────────────────────────»
        ├──────────┤├───────────┤  │                                 »
 q0_6: ─┤ Ry(y[6]) ├┤ Rz(y[24]) ├──┼─────────────────────────────────»
        ├──────────┤├───────────┤  │                                 »
 q0_7: ─┤ Ry(y[7]) ├┤ Rz(y[25]) ├──┼─────────────────────────────────»
        ├──────────┤├───────────┤  │                                 »
 q0_8: ─┤ Ry(y[8]) ├┤ Rz(y[26]) ├──┼─────────────────────────────────»
        ├──────────┤├───────────┤  │                                 »
 q0_9: ─┤ Ry(y[9]) ├┤ Rz(y[27]) ├──┼─────────────────────────────────»
       ┌┴──────────┤├───────────┤  │                                 »
q0_10: ┤ Ry(y[10]) ├┤ Rz(y[28]) ├──┼─────────────────────────────────»
       ├───────────┤├───────────┤  │                                 »
q0_11: ┤ Ry(y[11]) ├┤ Rz(y[29]) ├──┼─────────────────────────────────»
       ├───────────┤├───────────┤  │                                 »
q0_12: ┤ Ry(y[12]) ├┤ Rz(y[30]) ├──┼─────────────────────────────────»
       ├───────────┤├───────────┤  │                                 »
q0_13: ┤ Ry(y[13]) ├┤ Rz(y[31]) ├──┼─────────────────────────────────»
       ├───────────┤├───────────┤  │                                 »
q0_14: ┤ Ry(y[14]) ├┤ Rz(y[32]) ├──┼─────────────────────────────────»
       ├───────────┤├───────────┤  │                                 »
q0_15: ┤ Ry(y[15]) ├┤ Rz(y[33]) ├──┼─────────────────────────────────»
       ├───────────┤├───────────┤  │                                 »
q0_16: ┤ Ry(y[16]) ├┤ Rz(y[34]) ├──┼─────────────────────────────────»
       ├───────────┤├───────────┤  │                                 »
q0_17: ┤ Ry(y[17]) ├┤ Rz(y[35]) ├──■─────────────────────────────────»
       └───────────┘└───────────┘                                    »
c0: 18/══════════════════════════════════════════════════════════════»
                                                                     »
«                                                                        »
« q0_0: ─────────────────────────────────────────────────────────────────»
«       ┌───────────┐                                                    »
« q0_1: ┤ Rz(y[55]) ├────────────────────────────────────────────────────»
«       ├───────────┤┌───────────┐                                       »
« q0_2: ┤ Ry(y[38]) ├┤ Rz(y[56]) ├───────────────────────────────────────»
«       └───────────┘├───────────┤┌───────────┐                          »
« q0_3: ──────■──────┤ Ry(y[39]) ├┤ Rz(y[57]) ├──────────────────────────»
«           ┌─┴─┐    └───────────┘├───────────┤┌───────────┐             »
« q0_4: ────┤ X ├──────────■──────┤ Ry(y[40]) ├┤ Rz(y[58]) ├─────────────»
«           └───┘        ┌─┴─┐    └───────────┘├───────────┤┌───────────┐»
« q0_5: ─────────────────┤ X ├──────────■──────┤ Ry(y[41]) ├┤ Rz(y[59]) ├»
«                        └───┘        ┌─┴─┐    └───────────┘├───────────┤»
« q0_6: ──────────────────────────────┤ X ├──────────■──────┤ Ry(y[42]) ├»
«                                     └───┘        ┌─┴─┐    └───────────┘»
« q0_7: ───────────────────────────────────────────┤ X ├──────────■──────»
«                                                  └───┘        ┌─┴─┐    »
« q0_8: ────────────────────────────────────────────────────────┤ X ├────»
«                                                               └───┘    »
« q0_9: ─────────────────────────────────────────────────────────────────»
«                                                                        »
«q0_10: ─────────────────────────────────────────────────────────────────»
«                                                                        »
«q0_11: ─────────────────────────────────────────────────────────────────»
«                                                                        »
«q0_12: ─────────────────────────────────────────────────────────────────»
«                                                                        »
«q0_13: ─────────────────────────────────────────────────────────────────»
«                                                                        »
«q0_14: ─────────────────────────────────────────────────────────────────»
«                                                                        »
«q0_15: ─────────────────────────────────────────────────────────────────»
«                                                                        »
«q0_16: ─────────────────────────────────────────────────────────────────»
«                                                                        »
«q0_17: ─────────────────────────────────────────────────────────────────»
«                                                                        »
«c0: 18/═════════════════════════════════════════════════════════════════»
«                                                                        »
«                                                                        »
« q0_0: ─────────────────────────────────────────────────────────────────»
«                                                                        »
« q0_1: ─────────────────────────────────────────────────────────────────»
«                                                                        »
« q0_2: ─────────────────────────────────────────────────────────────────»
«                                                                        »
« q0_3: ─────────────────────────────────────────────────────────────────»
«                                                                        »
« q0_4: ─────────────────────────────────────────────────────────────────»
«                                                                        »
« q0_5: ─────────────────────────────────────────────────────────────────»
«       ┌───────────┐                                                    »
« q0_6: ┤ Rz(y[60]) ├────────────────────────────────────────────────────»
«       ├───────────┤┌───────────┐                                       »
« q0_7: ┤ Ry(y[43]) ├┤ Rz(y[61]) ├───────────────────────────────────────»
«       └───────────┘├───────────┤┌───────────┐                          »
« q0_8: ──────■──────┤ Ry(y[44]) ├┤ Rz(y[62]) ├──────────────────────────»
«           ┌─┴─┐    └───────────┘├───────────┤┌───────────┐             »
« q0_9: ────┤ X ├──────────■──────┤ Ry(y[45]) ├┤ Rz(y[63]) ├─────────────»
«           └───┘        ┌─┴─┐    └───────────┘├───────────┤┌───────────┐»
«q0_10: ─────────────────┤ X ├──────────■──────┤ Ry(y[46]) ├┤ Rz(y[64]) ├»
«                        └───┘        ┌─┴─┐    └───────────┘├───────────┤»
«q0_11: ──────────────────────────────┤ X ├──────────■──────┤ Ry(y[47]) ├»
«                                     └───┘        ┌─┴─┐    └───────────┘»
«q0_12: ───────────────────────────────────────────┤ X ├──────────■──────»
«                                                  └───┘        ┌─┴─┐    »
«q0_13: ────────────────────────────────────────────────────────┤ X ├────»
«                                                               └───┘    »
«q0_14: ─────────────────────────────────────────────────────────────────»
«                                                                        »
«q0_15: ─────────────────────────────────────────────────────────────────»
«                                                                        »
«q0_16: ─────────────────────────────────────────────────────────────────»
«                                                                        »
«q0_17: ─────────────────────────────────────────────────────────────────»
«                                                                        »
«c0: 18/═════════════════════════════════════════════════════════════════»
«                                                                        »
«                                                                        »
« q0_0: ─────────────────────────────────────────────────────────────────»
«                                                                        »
« q0_1: ─────────────────────────────────────────────────────────────────»
«                                                                        »
« q0_2: ─────────────────────────────────────────────────────────────────»
«                                                                        »
« q0_3: ─────────────────────────────────────────────────────────────────»
«                                                                        »
« q0_4: ─────────────────────────────────────────────────────────────────»
«                                                                        »
« q0_5: ─────────────────────────────────────────────────────────────────»
«                                                                        »
« q0_6: ─────────────────────────────────────────────────────────────────»
«                                                                        »
« q0_7: ─────────────────────────────────────────────────────────────────»
«                                                                        »
« q0_8: ─────────────────────────────────────────────────────────────────»
«                                                                        »
« q0_9: ─────────────────────────────────────────────────────────────────»
«                                                                        »
«q0_10: ─────────────────────────────────────────────────────────────────»
«       ┌───────────┐                                                    »
«q0_11: ┤ Rz(y[65]) ├────────────────────────────────────────────────────»
«       ├───────────┤┌───────────┐                                       »
«q0_12: ┤ Ry(y[48]) ├┤ Rz(y[66]) ├───────────────────────────────────────»
«       └───────────┘├───────────┤┌───────────┐                          »
«q0_13: ──────■──────┤ Ry(y[49]) ├┤ Rz(y[67]) ├──────────────────────────»
«           ┌─┴─┐    └───────────┘├───────────┤┌───────────┐             »
«q0_14: ────┤ X ├──────────■──────┤ Ry(y[50]) ├┤ Rz(y[68]) ├─────────────»
«           └───┘        ┌─┴─┐    └───────────┘├───────────┤┌───────────┐»
«q0_15: ─────────────────┤ X ├──────────■──────┤ Ry(y[51]) ├┤ Rz(y[69]) ├»
«                        └───┘        ┌─┴─┐    └───────────┘├───────────┤»
«q0_16: ──────────────────────────────┤ X ├──────────■──────┤ Ry(y[52]) ├»
«                                     └───┘        ┌─┴─┐    ├───────────┤»
«q0_17: ───────────────────────────────────────────┤ X ├────┤ Ry(y[53]) ├»
«                                                  └───┘    └───────────┘»
«c0: 18/═════════════════════════════════════════════════════════════════»
«                                                                        »
«                    ┌───┐     ┌───────────┐┌───────────┐             »
« q0_0: ─────────────┤ X ├──■──┤ Ry(y[72]) ├┤ Rz(y[90]) ├─────────────»
«                    └─┬─┘┌─┴─┐└───────────┘├───────────┤┌───────────┐»
« q0_1: ───────────────┼──┤ X ├──────■──────┤ Ry(y[73]) ├┤ Rz(y[91]) ├»
«                      │  └───┘    ┌─┴─┐    └───────────┘├───────────┤»
« q0_2: ───────────────┼───────────┤ X ├──────────■──────┤ Ry(y[74]) ├»
«                      │           └───┘        ┌─┴─┐    └───────────┘»
« q0_3: ───────────────┼────────────────────────┤ X ├──────────■──────»
«                      │                        └───┘        ┌─┴─┐    »
« q0_4: ───────────────┼─────────────────────────────────────┤ X ├────»
«                      │                                     └───┘    »
« q0_5: ───────────────┼──────────────────────────────────────────────»
«                      │                                              »
« q0_6: ───────────────┼──────────────────────────────────────────────»
«                      │                                              »
« q0_7: ───────────────┼──────────────────────────────────────────────»
«                      │                                              »
« q0_8: ───────────────┼──────────────────────────────────────────────»
«                      │                                              »
« q0_9: ───────────────┼──────────────────────────────────────────────»
«                      │                                              »
«q0_10: ───────────────┼──────────────────────────────────────────────»
«                      │                                              »
«q0_11: ───────────────┼──────────────────────────────────────────────»
«                      │                                              »
«q0_12: ───────────────┼──────────────────────────────────────────────»
«                      │                                              »
«q0_13: ───────────────┼──────────────────────────────────────────────»
«                      │                                              »
«q0_14: ───────────────┼──────────────────────────────────────────────»
«                      │                                              »
«q0_15: ───────────────┼──────────────────────────────────────────────»
«       ┌───────────┐  │                                              »
«q0_16: ┤ Rz(y[70]) ├──┼──────────────────────────────────────────────»
«       ├───────────┤  │                                              »
«q0_17: ┤ Rz(y[71]) ├──■──────────────────────────────────────────────»
«       └───────────┘                                                 »
«c0: 18/══════════════════════════════════════════════════════════════»
«                                                                     »
«                                                                        »
« q0_0: ─────────────────────────────────────────────────────────────────»
«                                                                        »
« q0_1: ─────────────────────────────────────────────────────────────────»
«       ┌───────────┐                                                    »
« q0_2: ┤ Rz(y[92]) ├────────────────────────────────────────────────────»
«       ├───────────┤┌───────────┐                                       »
« q0_3: ┤ Ry(y[75]) ├┤ Rz(y[93]) ├───────────────────────────────────────»
«       └───────────┘├───────────┤┌───────────┐                          »
« q0_4: ──────■──────┤ Ry(y[76]) ├┤ Rz(y[94]) ├──────────────────────────»
«           ┌─┴─┐    └───────────┘├───────────┤┌───────────┐             »
« q0_5: ────┤ X ├──────────■──────┤ Ry(y[77]) ├┤ Rz(y[95]) ├─────────────»
«           └───┘        ┌─┴─┐    └───────────┘├───────────┤┌───────────┐»
« q0_6: ─────────────────┤ X ├──────────■──────┤ Ry(y[78]) ├┤ Rz(y[96]) ├»
«                        └───┘        ┌─┴─┐    └───────────┘├───────────┤»
« q0_7: ──────────────────────────────┤ X ├──────────■──────┤ Ry(y[79]) ├»
«                                     └───┘        ┌─┴─┐    └───────────┘»
« q0_8: ───────────────────────────────────────────┤ X ├──────────■──────»
«                                                  └───┘        ┌─┴─┐    »
« q0_9: ────────────────────────────────────────────────────────┤ X ├────»
«                                                               └───┘    »
«q0_10: ─────────────────────────────────────────────────────────────────»
«                                                                        »
«q0_11: ─────────────────────────────────────────────────────────────────»
«                                                                        »
«q0_12: ─────────────────────────────────────────────────────────────────»
«                                                                        »
«q0_13: ─────────────────────────────────────────────────────────────────»
«                                                                        »
«q0_14: ─────────────────────────────────────────────────────────────────»
«                                                                        »
«q0_15: ─────────────────────────────────────────────────────────────────»
«                                                                        »
«q0_16: ─────────────────────────────────────────────────────────────────»
«                                                                        »
«q0_17: ─────────────────────────────────────────────────────────────────»
«                                                                        »
«c0: 18/═════════════════════════════════════════════════════════════════»
«                                                                        »
«                                                                          »
« q0_0: ───────────────────────────────────────────────────────────────────»
«                                                                          »
« q0_1: ───────────────────────────────────────────────────────────────────»
«                                                                          »
« q0_2: ───────────────────────────────────────────────────────────────────»
«                                                                          »
« q0_3: ───────────────────────────────────────────────────────────────────»
«                                                                          »
« q0_4: ───────────────────────────────────────────────────────────────────»
«                                                                          »
« q0_5: ───────────────────────────────────────────────────────────────────»
«                                                                          »
« q0_6: ───────────────────────────────────────────────────────────────────»
«       ┌───────────┐                                                      »
« q0_7: ┤ Rz(y[97]) ├──────────────────────────────────────────────────────»
«       ├───────────┤┌───────────┐                                         »
« q0_8: ┤ Ry(y[80]) ├┤ Rz(y[98]) ├─────────────────────────────────────────»
«       └───────────┘├───────────┤┌───────────┐                            »
« q0_9: ──────■──────┤ Ry(y[81]) ├┤ Rz(y[99]) ├────────────────────────────»
«           ┌─┴─┐    └───────────┘├───────────┤┌────────────┐              »
«q0_10: ────┤ X ├──────────■──────┤ Ry(y[82]) ├┤ Rz(y[100]) ├──────────────»
«           └───┘        ┌─┴─┐    └───────────┘├───────────┬┘┌────────────┐»
«q0_11: ─────────────────┤ X ├──────────■──────┤ Ry(y[83]) ├─┤ Rz(y[101]) ├»
«                        └───┘        ┌─┴─┐    └───────────┘ ├───────────┬┘»
«q0_12: ──────────────────────────────┤ X ├──────────■───────┤ Ry(y[84]) ├─»
«                                     └───┘        ┌─┴─┐     └───────────┘ »
«q0_13: ───────────────────────────────────────────┤ X ├───────────■───────»
«                                                  └───┘         ┌─┴─┐     »
«q0_14: ─────────────────────────────────────────────────────────┤ X ├─────»
«                                                                └───┘     »
«q0_15: ───────────────────────────────────────────────────────────────────»
«                                                                          »
«q0_16: ───────────────────────────────────────────────────────────────────»
«                                                                          »
«q0_17: ───────────────────────────────────────────────────────────────────»
«                                                                          »
«c0: 18/═══════════════════════════════════════════════════════════════════»
«                                                                          »
«                                                                             
« q0_0: ──────────────────────────────────────────────────────────────────────
«                                                                             
« q0_1: ──────────────────────────────────────────────────────────────────────
«                                                                             
« q0_2: ──────────────────────────────────────────────────────────────────────
«                                                                             
« q0_3: ──────────────────────────────────────────────────────────────────────
«                                                                             
« q0_4: ──────────────────────────────────────────────────────────────────────
«                                                                             
« q0_5: ──────────────────────────────────────────────────────────────────────
«                                                                             
« q0_6: ──────────────────────────────────────────────────────────────────────
«                                                                             
« q0_7: ──────────────────────────────────────────────────────────────────────
«                                                                             
« q0_8: ──────────────────────────────────────────────────────────────────────
«                                                                             
« q0_9: ──────────────────────────────────────────────────────────────────────
«                                                                             
«q0_10: ──────────────────────────────────────────────────────────────────────
«                                                                             
«q0_11: ──────────────────────────────────────────────────────────────────────
«       ┌────────────┐                                                        
«q0_12: ┤ Rz(y[102]) ├────────────────────────────────────────────────────────
«       ├───────────┬┘┌────────────┐                                          
«q0_13: ┤ Ry(y[85]) ├─┤ Rz(y[103]) ├──────────────────────────────────────────
«       └───────────┘ ├───────────┬┘┌────────────┐                            
«q0_14: ──────■───────┤ Ry(y[86]) ├─┤ Rz(y[104]) ├────────────────────────────
«           ┌─┴─┐     └───────────┘ ├───────────┬┘┌────────────┐              
«q0_15: ────┤ X ├───────────■───────┤ Ry(y[87]) ├─┤ Rz(y[105]) ├──────────────
«           └───┘         ┌─┴─┐     └───────────┘ ├───────────┬┘┌────────────┐
«q0_16: ──────────────────┤ X ├───────────■───────┤ Ry(y[88]) ├─┤ Rz(y[106]) ├
«                         └───┘         ┌─┴─┐     ├───────────┤ ├────────────┤
«q0_17: ────────────────────────────────┤ X ├─────┤ Ry(y[89]) ├─┤ Rz(y[107]) ├
«                                       └───┘     └───────────┘ └────────────┘
«c0: 18/══════════════════════════════════════════════════════════════════════
«                                                                             
ansatz-state is written to ansatz.txt
building constraints...
number of constraints= 324
unique pauliops 630
graphclique-cliquecover: 630 with commutationmode qubitwise
strategy largest_first 375
strategy random_sequential 375
strategy smallest_last 375
strategy independent_set 400
strategy connected_sequential_bfs 384
strategy connected_sequential_dfs 384
strategy saturation_largest_first 375
number of cliques 375
clique 0 ['IIIIIIIIIIIIIIIIIX', 'IIIIIIXIXYYIIIXIXX', 'IIIIIIIIIIIIIIIXXI', 'IIIIIIIIIIIIIIIXII', 'IIIIIIIIIIIIXXXIII', 'IIIIIIIIIIIIIXIIII', 'IIIIIIIIIIIXXIIIII', 'IIIIIIIIIIIXIIIIII', 'XXYIIIIIIIYIIIIIII', 'IIIIIIIIIYIIIIIIII', 'IIIIIIIXXIIIIIIIII', 'IIIIIIIXIIIIIIIIII', 'IIIIXXXIIIIIIIIIII', 'IIIIIXIIIIIIIIIIII', 'IIIXXIIIIIIIIIIIII', 'IIIXIIIIIIIIIIIIII', 'IXIIIIIIIIIIIIIIII']
clique 1 ['IIIIIIIIIIIIIIIIIY', 'IIIIIIXIXXYIIIXIXY', 'IIIIIIIIIIIIIIIYXI', 'IIIIIIIIIIIIIIIYII', 'IIIIIIIIIIIIXYXIII', 'IIIIIIIIIIIIIYIIII', 'IIIIIIIIIIIYXIIIII', 'IIIIIIIIIIIYIIIIII', 'XYYIIIIIIIYIIIIIII', 'IIIIIIIIIXIIIIIIII', 'IIIIIIIYXIIIIIIIII', 'IIIIIIIYIIIIIIIIII', 'IIIIXYXIIIIIIIIIII', 'IIIIIYIIIIIIIIIIII', 'IIIYXIIIIIIIIIIIII', 'IIIYIIIIIIIIIIIIII', 'IYIIIIIIIIIIIIIIII']
clique 2 ['IIIIIIXIXXYIIIXIXX', 'IIIIIIIIIIIIIIIZXI', 'IIIIIIIIIIIIIIIZII', 'IIIIIIIIIIIIXZXIII', 'IIIIIIIIIIIIIZIIII', 'IIIIIIIIIIIZXIIIII', 'IIIIIIIIIIIZIIIIII', 'XZYIIIIIIIYIIIIIII', 'IIIIIIIZXIIIIIIIII', 'IIIIIIIZIIIIIIIIII', 'IIIIXZXIIIIIIIIIII', 'IIIIIZIIIIIIIIIIII', 'IIIZXIIIIIIIIIIIII', 'IIIZIIIIIIIIIIIIII', 'IZIIIIIIIIIIIIIIII']
clique 3 ['IIIIIIXIXYYIIIXIXY', 'IIIIIIIIIIIXZIXIII', 'IIIIIIIIIIIIZXIIII', 'YIYIIIIIIIYIIIIIII', 'IIIXZIXIIIIIIIIIII', 'IIIIZXIIIIIIIIIIII']
clique 4 ['IIIIIIXIXZYIIIXIXY', 'IIIIIIIIIIIYZIXIII', 'IIIIIIIIIIIIZYIIII', 'IIZIIIIIIIYIIIIIII', 'IIIIIIIIIZIIIIIIII', 'IIIYZIXIIIIIIIIIII', 'IIIIZYIIIIIIIIIIII', 'ZXIIIIIIIIIIIIIIII']
clique 5 ['IIIIIIXIXZYIIIXIXX', 'IIIIIIIIIIIZZIXIII', 'IIIIIIIIIIIIZZIIII', 'IIIZZIXIIIIIIIIIII', 'IIIIZZIIIIIIIIIIII', 'XXXIIIIIIIIIIIIIII']
clique 6 ['IIIIIIXYZIYIIIXIXX', 'IIIIIIIIIIIIYIXIII', 'IIIIIIIIIIIYYXIIII', 'IIIIIIIIZXIIIIIIII', 'IIIIYIXIIIIIIIIIII', 'IIIYYXIIIIIIIIIIII', 'XYXIIIIIIIIIIIIIII']
clique 7 ['IIIIIIXXZIYIIIXIXY', 'IIIIIIIIIIIXYYIIII', 'IIIIIIIIZYIIIIIIII', 'IIIXYYIIIIIIIIIIII', 'XZXIIIIIIIIIIIIIII']
clique 8 ['IIIIIIXXZIYIIIXIXX', 'IIIIIIIIIIIXYXIIII', 'IIIIIIIIZZIIIIIIII', 'IIIXYXIIIIIIIIIIII', 'YIXIIIIIIIIIIIIIII']
clique 9 ['IIIIIIXYZIYIIIXIXY', 'IIIIIIIIIIIYYYIIII', 'IIIYYYIIIIIIIIIIII', 'ZYIIIIIIIIIIIIIIII']
clique 10 ['IIIIIIXZZIYIIIXIXY', 'IIIIIIIIIIIZYYIIII', 'IIIZYYIIIIIIIIIIII', 'ZZIIIIIIIIIIIIIIII']
clique 11 ['IIIIIIXZZIYIIIXIXX', 'IIIIIIIIIIIZYXIIII', 'IIIZYXIIIIIIIIIIII']
clique 12 ['IIIIXYZIIIYIIIXIXX', 'IIIIIIIIIIIYYZIIII', 'IIIIIIZIXXIIIIIIII']
clique 13 ['IIIIXXZIIIYIIIXIXY', 'IIIIIIIIIIIXYZIIII', 'IIIIIIZIXYIIIIIIII']
clique 14 ['IIIIXXZIIIYIIIXIXX', 'IIIIIIIIIIIZYZIIII', 'IIIIIIZIXZIIIIIIII']
clique 15 ['IIIIXYZIIIYIIIXIXY', 'IIIIIIZXZIIIIIIIII']
clique 16 ['IIIIXZZIIIYIIIXIXY', 'IIIIIIZYZIIIIIIIII']
clique 17 ['IIIIXZZIIIYIIIXIXX', 'IIIIIIZZZIIIIIIIII']
clique 18 ['IIIYZIZIIIYIIIXIXX', 'IIIIIIIYYXIIIIIIII', 'IIIIIIZIYIIIIIIIII']
clique 19 ['IIIXZIZIIIYIIIXIXY', 'IIIIIIIXYYIIIIIIII']
clique 20 ['IIIXZIZIIIYIIIXIXX', 'IIIIIIIXYXIIIIIIII']
clique 21 ['IIIYZIZIIIYIIIXIXY', 'IIIIIIIYYYIIIIIIII']
clique 22 ['IIIZZIZIIIYIIIXIXY', 'IIIIIIIZYYIIIIIIII']
clique 23 ['IIIZZIZIIIYIIIXIXX', 'IIIIIIIZYXIIIIIIII']
clique 24 ['IIIIIIIIIIIIIIIIIZ', 'IIIIIIXIXYYIIIXIXZ', 'IIIYYZIIIIIIIIIIII']
clique 25 ['IIIIIIXIXXYIIIXIXZ', 'IIIXYZIIIIIIIIIIII']
clique 26 ['IIIIIIXIXZYIIIXIXZ', 'IIIZYZIIIIIIIIIIII']
clique 27 ['IIIIIIXYZIYIIIXIXZ']
clique 28 ['IIIIIIXXZIYIIIXIXZ']
clique 29 ['IIIIIIXZZIYIIIXIXZ']
clique 30 ['IIIIXYZIIIYIIIXIXZ', 'IIIIIIIYYZIIIIIIII']
clique 31 ['IIIIXXZIIIYIIIXIXZ', 'IIIIIIIXYZIIIIIIII']
clique 32 ['IIIIXZZIIIYIIIXIXZ', 'IIIIIIIZYZIIIIIIII']
clique 33 ['IIIYZIZIIIYIIIXIXZ']
clique 34 ['IIIXZIZIIIYIIIXIXZ']
clique 35 ['IIIZZIZIIIYIIIXIXZ']
clique 36 ['IIIIIIIIIIIIIIIIZX', 'IIIIIIXIXYYIIIXXZI']
clique 37 ['IIIIIIIIIIIIIIIIZY', 'IIIIIIXIXXYIIIXYZI']
clique 38 ['IIIIIIIIIIIIIIIIZZ', 'IIIIIIXIXXYIIIXXZI']
clique 39 ['IIIIIIXIXYYIIIXYZI']
clique 40 ['IIIIIIXIXZYIIIXYZI']
clique 41 ['IIIIIIXIXZYIIIXXZI']
clique 42 ['IIIIIIXYZIYIIIXXZI']
clique 43 ['IIIIIIXXZIYIIIXYZI']
clique 44 ['IIIIIIXXZIYIIIXXZI']
clique 45 ['IIIIIIXYZIYIIIXYZI']
clique 46 ['IIIIIIXZZIYIIIXYZI']
clique 47 ['IIIIIIXZZIYIIIXXZI']
clique 48 ['IIIIXYZIIIYIIIXXZI']
clique 49 ['IIIIXXZIIIYIIIXYZI']
clique 50 ['IIIIXXZIIIYIIIXXZI']
clique 51 ['IIIIXYZIIIYIIIXYZI']
clique 52 ['IIIIXZZIIIYIIIXYZI']
clique 53 ['IIIIXZZIIIYIIIXXZI']
clique 54 ['IIIYZIZIIIYIIIXXZI']
clique 55 ['IIIXZIZIIIYIIIXYZI']
clique 56 ['IIIXZIZIIIYIIIXXZI']
clique 57 ['IIIYZIZIIIYIIIXYZI']
clique 58 ['IIIZZIZIIIYIIIXYZI']
clique 59 ['IIIZZIZIIIYIIIXXZI']
clique 60 ['IIIIIIXIXYYIIIXZZI']
clique 61 ['IIIIIIXIXXYIIIXZZI']
clique 62 ['IIIIIIXIXZYIIIXZZI']
clique 63 ['IIIIIIXYZIYIIIXZZI']
clique 64 ['IIIIIIXXZIYIIIXZZI']
clique 65 ['IIIIIIXZZIYIIIXZZI']
clique 66 ['IIIIXYZIIIYIIIXZZI']
clique 67 ['IIIIXXZIIIYIIIXZZI']
clique 68 ['IIIIXZZIIIYIIIXZZI']
clique 69 ['IIIYZIZIIIYIIIXZZI']
clique 70 ['IIIXZIZIIIYIIIXZZI']
clique 71 ['IIIZZIZIIIYIIIXZZI']
clique 72 ['IIIIIIIIIIIIIIZIXX', 'IIIIIIXIXYYIXXZIII']
clique 73 ['IIIIIIIIIIIIIIZIXY', 'IIIIIIXIXXYIXYZIII']
clique 74 ['IIIIIIIIIIIIIIZIXZ', 'IIIIIIXIXXYIXXZIII']
clique 75 ['IIIIIIIIIIIIIIZXZI', 'IIIIIIXIXYYIXYZIII']
clique 76 ['IIIIIIIIIIIIIIZYZI', 'IIIIIIXIXZYIXYZIII']
clique 77 ['IIIIIIIIIIIIIIZZZI', 'IIIIIIXIXZYIXXZIII']
clique 78 ['IIIIIIIIIIIIIIIYYX', 'IIIIIIIIIIIIIIZIYI', 'IIIIIIXYZIYIXXZIII']
clique 79 ['IIIIIIIIIIIIIIIXYY', 'IIIIIIXXZIYIXYZIII']
clique 80 ['IIIIIIIIIIIIIIIXYX', 'IIIIIIXXZIYIXXZIII']
clique 81 ['IIIIIIIIIIIIIIIYYY', 'IIIIIIXYZIYIXYZIII']
clique 82 ['IIIIIIIIIIIIIIIZYY', 'IIIIIIXZZIYIXYZIII']
clique 83 ['IIIIIIIIIIIIIIIZYX', 'IIIIIIXZZIYIXXZIII']
clique 84 ['IIIIIIIIIIIIIIIYYZ', 'IIIIXYZIIIYIXXZIII']
clique 85 ['IIIIIIIIIIIIIIIXYZ', 'IIIIXXZIIIYIXYZIII']
clique 86 ['IIIIIIIIIIIIIIIZYZ', 'IIIIXXZIIIYIXXZIII']
clique 87 ['IIIIXYZIIIYIXYZIII']
clique 88 ['IIIIXZZIIIYIXYZIII']
clique 89 ['IIIIXZZIIIYIXXZIII']
clique 90 ['IIIYZIZIIIYIXXZIII']
clique 91 ['IIIXZIZIIIYIXYZIII']
clique 92 ['IIIXZIZIIIYIXXZIII']
clique 93 ['IIIYZIZIIIYIXYZIII']
clique 94 ['IIIZZIZIIIYIXYZIII']
clique 95 ['IIIZZIZIIIYIXXZIII']
clique 96 ['IIIIIIXIXYYIXZZIII']
clique 97 ['IIIIIIXIXXYIXZZIII']
clique 98 ['IIIIIIXIXZYIXZZIII']
clique 99 ['IIIIIIXYZIYIXZZIII']
clique 100 ['IIIIIIXXZIYIXZZIII']
clique 101 ['IIIIIIXZZIYIXZZIII']
clique 102 ['IIIIXYZIIIYIXZZIII']
clique 103 ['IIIIXXZIIIYIXZZIII']
clique 104 ['IIIIXZZIIIYIXZZIII']
clique 105 ['IIIYZIZIIIYIXZZIII']
clique 106 ['IIIXZIZIIIYIXZZIII']
clique 107 ['IIIZZIZIIIYIXZZIII']
clique 108 ['IIIIIIXIXYYXZIZIII']
clique 109 ['IIIIIIXIXXYYZIZIII']
clique 110 ['IIIIIIXIXXYXZIZIII']
clique 111 ['IIIIIIXIXYYYZIZIII']
clique 112 ['IIIIIIXIXZYYZIZIII']
clique 113 ['IIIIIIXIXZYXZIZIII']
clique 114 ['IIIIIIXYZIYXZIZIII']
clique 115 ['IIIIIIXXZIYYZIZIII']
clique 116 ['IIIIIIXXZIYXZIZIII']
clique 117 ['IIIIIIXYZIYYZIZIII']
clique 118 ['IIIIIIXZZIYYZIZIII']
clique 119 ['IIIIIIXZZIYXZIZIII']
clique 120 ['IIIIXYZIIIYXZIZIII']
clique 121 ['IIIIXXZIIIYYZIZIII']
clique 122 ['IIIIXXZIIIYXZIZIII']
clique 123 ['IIIIXYZIIIYYZIZIII']
clique 124 ['IIIIXZZIIIYYZIZIII']
clique 125 ['IIIIXZZIIIYXZIZIII']
clique 126 ['IIIYZIZIIIYXZIZIII']
clique 127 ['IIIXZIZIIIYYZIZIII']
clique 128 ['IIIXZIZIIIYXZIZIII']
clique 129 ['IIIYZIZIIIYYZIZIII']
clique 130 ['IIIZZIZIIIYYZIZIII']
clique 131 ['IIIZZIZIIIYXZIZIII']
clique 132 ['IIIIIIXIXYYZZIZIII']
clique 133 ['IIIIIIXIXXYZZIZIII']
clique 134 ['IIIIIIXIXZYZZIZIII']
clique 135 ['IIIIIIXYZIYZZIZIII']
clique 136 ['IIIIIIXXZIYZZIZIII']
clique 137 ['IIIIIIXZZIYZZIZIII']
clique 138 ['IIIIXYZIIIYZZIZIII']
clique 139 ['IIIIXXZIIIYZZIZIII']
clique 140 ['IIIIXZZIIIYZZIZIII']
clique 141 ['IIIYZIZIIIYZZIZIII']
clique 142 ['IIIXZIZIIIYZZIZIII']
clique 143 ['IIIZZIZIIIYZZIZIII']
clique 144 ['IIIIIIXIYIYIIIXIXX']
clique 145 ['IIIIIIXIYIYIIIXIXY']
clique 146 ['IIIIYIZIIIYIIIXIXX']
clique 147 ['IIIIYIZIIIYIIIXIXY']
clique 148 ['IIIIIIXIXXYIIIXIYI']
clique 149 ['IIIIIIXIXYYIIIXIYI']
clique 150 ['IIIIIIXIXZYIIIXIYI']
clique 151 ['IIIIIIXIYIYIIIXIXZ']
clique 152 ['IIIIIIXXZIYIIIXIYI']
clique 153 ['IIIIIIXYZIYIIIXIYI']
clique 154 ['IIIIIIXZZIYIIIXIYI']
clique 155 ['IIIIXXZIIIYIIIXIYI']
clique 156 ['IIIIXYZIIIYIIIXIYI']
clique 157 ['IIIIXZZIIIYIIIXIYI']
clique 158 ['IIIIYIZIIIYIIIXIXZ']
clique 159 ['IIIXZIZIIIYIIIXIYI']
clique 160 ['IIIYZIZIIIYIIIXIYI']
clique 161 ['IIIZZIZIIIYIIIXIYI']
clique 162 ['IIIIIIXIYIYIIIXXZI']
clique 163 ['IIIIIIXIYIYIIIXYZI']
clique 164 ['IIIIYIZIIIYIIIXXZI']
clique 165 ['IIIIYIZIIIYIIIXYZI']
clique 166 ['IIIIIIXIYIYIIIXZZI']
clique 167 ['IIIIYIZIIIYIIIXZZI']
clique 168 ['IIIIIIXIYIYIXXZIII']
clique 169 ['IIIIIIXIYIYIXYZIII']
clique 170 ['IIIIYIZIIIYIXXZIII']
clique 171 ['IIIIYIZIIIYIXYZIII']
clique 172 ['IIIIIIXIXXYIYIZIII']
clique 173 ['IIIIIIXIXYYIYIZIII']
clique 174 ['IIIIIIXIXZYIYIZIII']
clique 175 ['IIIIIIXIYIYIXZZIII']
clique 176 ['IIIIIIXXZIYIYIZIII']
clique 177 ['IIIIIIXYZIYIYIZIII']
clique 178 ['IIIIIIXZZIYIYIZIII']
clique 179 ['IIIIXXZIIIYIYIZIII']
clique 180 ['IIIIXYZIIIYIYIZIII']
clique 181 ['IIIIXZZIIIYIYIZIII']
clique 182 ['IIIIYIZIIIYIXZZIII']
clique 183 ['IIIXZIZIIIYIYIZIII']
clique 184 ['IIIYZIZIIIYIYIZIII']
clique 185 ['IIIZZIZIIIYIYIZIII']
clique 186 ['IIIIIIXIYIYXZIZIII']
clique 187 ['IIIIIIXIYIYYZIZIII']
clique 188 ['IIIIYIZIIIYXZIZIII']
clique 189 ['IIIIYIZIIIYYZIZIII']
clique 190 ['IIIIIIXIYIYZZIZIII']
clique 191 ['IIIIYIZIIIYZZIZIII']
clique 192 ['IIIIIIXIYIYIIIXIYI']
clique 193 ['IIIIYIZIIIYIIIXIYI']
clique 194 ['IIIIIIXIYIYIYIZIII']
clique 195 ['IIIIYIZIIIYIYIZIII']
clique 196 ['IIIIIIYIIIYIIIXIXX', 'IIIIXYYIXXIIIIIIII']
clique 197 ['IIIIIIYIIIYIIIXIXY', 'IIIIXXYIXYIIIIIIII']
clique 198 ['IIIIIIYIIIYIIIXIXZ', 'IIIIXXYIXXIIIIIIII']
clique 199 ['IIIIIIYIIIYIIIXXZI', 'IIIIXYYIXYIIIIIIII']
clique 200 ['IIIIIIYIIIYIIIXYZI', 'IIIIXZYIXYIIIIIIII']
clique 201 ['IIIIIIIIIIIIXYYIXX', 'IIIIIIXIXXYIIIYIII']
clique 202 ['IIIIIIIIIIIIXXYIXY', 'IIIIIIXIXYYIIIYIII']
clique 203 ['IIIIIIIIIIIIXXYIXX', 'IIIIIIXIXZYIIIYIII']
clique 204 ['IIIIIIIIIIIIXYYIXY', 'IIIIIIXXZIYIIIYIII']
clique 205 ['IIIIIIIIIIIIXZYIXY', 'IIIIIIXYZIYIIIYIII']
clique 206 ['IIIIIIIIIIIIXZYIXX', 'IIIIIIXZZIYIIIYIII']
clique 207 ['IIIIIIYIIIYIIIXZZI', 'IIIIXZYIXXIIIIIIII']
clique 208 ['IIIIIIIIIIIYZIYIXX', 'IIIIXXZIIIYIIIYIII']
clique 209 ['IIIIIIIIIIIXZIYIXY', 'IIIIXYZIIIYIIIYIII']
clique 210 ['IIIIIIIIIIIXZIYIXX', 'IIIIXZZIIIYIIIYIII']
clique 211 ['IIIIIIIIIIIYZIYIXY', 'IIIXZIZIIIYIIIYIII']
clique 212 ['IIIIIIIIIIIZZIYIXY', 'IIIYZIZIIIYIIIYIII']
clique 213 ['IIIIIIIIIIIZZIYIXX', 'IIIZZIZIIIYIIIYIII']
clique 214 ['IIIIIIYIIIYIXXZIII', 'IIIYZIYIXXIIIIIIII']
clique 215 ['IIIIIIYIIIYIXYZIII', 'IIIXZIYIXYIIIIIIII']
clique 216 ['IIIIIIYIIIYIXZZIII', 'IIIXZIYIXXIIIIIIII']
clique 217 ['IIIIIIYIIIYXZIZIII', 'IIIYZIYIXYIIIIIIII']
clique 218 ['IIIIIIYIIIYYZIZIII', 'IIIZZIYIXYIIIIIIII']
clique 219 ['IIIIIIYIIIYZZIZIII', 'IIIZZIYIXXIIIIIIII']
clique 220 ['IIIIIIYIIIYIIIXIYI', 'IIIIXYYIXZIIIIIIII']
clique 221 ['IIIIIIIIIIIIXYYIXZ', 'IIIIIIXIYIYIIIYIII']
clique 222 ['IIIIIIIIIIIIXXYIXZ', 'IIIIYIZIIIYIIIYIII']
clique 223 ['IIIIIIYIIIYIYIZIII', 'IIIIXXYIXZIIIIIIII']
clique 224 ['XYYIIIIIIIXIIIXIXX', 'IIIIIIXIXXXIIIIIII']
clique 225 ['XXYIIIIIIIXIIIXIXY', 'IIIIIIXIXYXIIIIIII']
clique 226 ['XXYIIIIIIIXIIIXIXX', 'IIIIIIXIXZXIIIIIII']
clique 227 ['XYYIIIIIIIXIIIXIXY', 'IIIIIIXXZIXIIIIIII']
clique 228 ['XZYIIIIIIIXIIIXIXY', 'IIIIIIXYZIXIIIIIII']
clique 229 ['XZYIIIIIIIXIIIXIXX', 'IIIIIIXZZIXIIIIIII']
clique 230 ['XYYIIIIIIIXIIIXIXZ', 'IIIIXXZIIIXIIIIIII']
clique 231 ['XXYIIIIIIIXIIIXIXZ', 'IIIIXYZIIIXIIIIIII']
clique 232 ['XZYIIIIIIIXIIIXIXZ', 'IIIIXZZIIIXIIIIIII']
clique 233 ['XYYIIIIIIIXIIIXXZI', 'IIIXZIZIIIXIIIIIII']
clique 234 ['XXYIIIIIIIXIIIXYZI', 'IIIYZIZIIIXIIIIIII']
clique 235 ['XXYIIIIIIIXIIIXXZI', 'IIIZZIZIIIXIIIIIII']
clique 236 ['XYYIIIIIIIXIIIXYZI', 'IIIIIIXIYIXIIIIIII']
clique 237 ['XZYIIIIIIIXIIIXYZI', 'IIIIYIZIIIXIIIIIII']
clique 238 ['XZYIIIIIIIXIIIXXZI', 'IIIIIIYIIIXIIIIIII', 'IIIIXZYIXZIIIIIIII']
clique 239 ['XYYIIIIIIIXIIIXZZI', 'IIIYZIYIXZIIIIIIII']
clique 240 ['XXYIIIIIIIXIIIXZZI', 'IIIXZIYIXZIIIIIIII']
clique 241 ['XZYIIIIIIIXIIIXZZI', 'IIIZZIYIXZIIIIIIII']
clique 242 ['XYYIIIIIIIXIXXZIII', 'IIIIXYYXZIIIIIIIII']
clique 243 ['XXYIIIIIIIXIXYZIII', 'IIIIXXYYZIIIIIIIII']
clique 244 ['XXYIIIIIIIXIXXZIII', 'IIIIXXYXZIIIIIIIII']
clique 245 ['XYYIIIIIIIXIXYZIII', 'IIIIXYYYZIIIIIIIII']
clique 246 ['XZYIIIIIIIXIXYZIII', 'IIIIXZYYZIIIIIIIII']
clique 247 ['XZYIIIIIIIXIXXZIII', 'IIIIXZYXZIIIIIIIII']
clique 248 ['XYYIIIIIIIXIXZZIII', 'IIIYZIYXZIIIIIIIII']
clique 249 ['XXYIIIIIIIXIXZZIII', 'IIIXZIYYZIIIIIIIII']
clique 250 ['XZYIIIIIIIXIXZZIII', 'IIIXZIYXZIIIIIIIII']
clique 251 ['XYYIIIIIIIXXZIZIII', 'IIIYZIYYZIIIIIIIII']
clique 252 ['XXYIIIIIIIXYZIZIII', 'IIIZZIYYZIIIIIIIII']
clique 253 ['XXYIIIIIIIXXZIZIII', 'IIIZZIYXZIIIIIIIII']
clique 254 ['XYYIIIIIIIXYZIZIII', 'IIIIXYYZZIIIIIIIII']
clique 255 ['XZYIIIIIIIXYZIZIII', 'IIIIXXYZZIIIIIIIII']
clique 256 ['XZYIIIIIIIXXZIZIII', 'IIIIXZYZZIIIIIIIII']
clique 257 ['XYYIIIIIIIXZZIZIII', 'IIIYZIYZZIIIIIIIII']
clique 258 ['XXYIIIIIIIXZZIZIII', 'IIIXZIYZZIIIIIIIII']
clique 259 ['XZYIIIIIIIXZZIZIII', 'IIIZZIYZZIIIIIIIII']
clique 260 ['IIIIIIIIIIZIIIXIXX', 'XYYIIIXIXXZIIIIIII']
clique 261 ['IIIIIIIIIIZIIIXIXY', 'XXYIIIXIXYZIIIIIII']
clique 262 ['IIIIIIIIIIZIIIXIXZ', 'XXYIIIXIXXZIIIIIII']
clique 263 ['IIIIIIIIIIZIIIXXZI', 'XYYIIIXIXYZIIIIIII']
clique 264 ['IIIIIIIIIIZIIIXYZI', 'XZYIIIXIXYZIIIIIII']
clique 265 ['IIIIIIIIIIZIIIXZZI', 'XZYIIIXIXXZIIIIIII']
clique 266 ['IIIIIIIIIIZIXXZIII', 'XYYIIIXIXZZIIIIIII']
clique 267 ['IIIIIIIIIIZIXYZIII', 'XXYIIIXIXZZIIIIIII']
clique 268 ['IIIIIIIIIIZIXZZIII', 'XZYIIIXIXZZIIIIIII']
clique 269 ['IIIIIIIIIIZXZIZIII', 'XYYIIIXXZIZIIIIIII']
clique 270 ['IIIIIIIIIIZYZIZIII', 'XXYIIIXYZIZIIIIIII']
clique 271 ['IIIIIIIIIIZZZIZIII', 'XXYIIIXXZIZIIIIIII']
clique 272 ['IIIIIIIIIIZIIIXIYI', 'XYYIIIXYZIZIIIIIII']
clique 273 ['IIIIIIIIIIZIYIZIII', 'XZYIIIXYZIZIIIIIII']
clique 274 ['IIIIIIIIIIIIXZYIXZ', 'IIIIIIIIIIZIIIYIII', 'XZYIIIXXZIZIIIIIII']
clique 275 ['IIIIIIIIIIIYZIYIXZ', 'XYYIIIXZZIZIIIIIII']
clique 276 ['IIIIIIIIIIIXZIYIXZ', 'XXYIIIXZZIZIIIIIII']
clique 277 ['IIIIIIIIIIIZZIYIXZ', 'XZYIIIXZZIZIIIIIII']
clique 278 ['IIIIIIIIIIIIXYYXZI', 'XYYIXXZIIIZIIIIIII']
clique 279 ['IIIIIIIIIIIIXXYYZI', 'XXYIXYZIIIZIIIIIII']
clique 280 ['IIIIIIIIIIIIXXYXZI', 'XXYIXXZIIIZIIIIIII']
clique 281 ['IIIIIIIIIIIIXYYYZI', 'XYYIXYZIIIZIIIIIII']
clique 282 ['IIIIIIIIIIIIXZYYZI', 'XZYIXYZIIIZIIIIIII']
clique 283 ['IIIIIIIIIIIIXZYXZI', 'XZYIXXZIIIZIIIIIII']
clique 284 ['IIIIIIIIIIIYZIYXZI', 'XYYIXZZIIIZIIIIIII']
clique 285 ['IIIIIIIIIIIXZIYYZI', 'XXYIXZZIIIZIIIIIII']
clique 286 ['IIIIIIIIIIIXZIYXZI', 'XZYIXZZIIIZIIIIIII']
clique 287 ['IIIIIIIIIIIYZIYYZI', 'XYYXZIZIIIZIIIIIII']
clique 288 ['IIIIIIIIIIIZZIYYZI', 'XXYYZIZIIIZIIIIIII']
clique 289 ['IIIIIIIIIIIZZIYXZI', 'XXYXZIZIIIZIIIIIII']
clique 290 ['IIIIIIIIIIIIXYYZZI', 'XYYYZIZIIIZIIIIIII']
clique 291 ['IIIIIIIIIIIIXXYZZI', 'XZYYZIZIIIZIIIIIII']
clique 292 ['IIIIIIIIIIIIXZYZZI', 'XZYXZIZIIIZIIIIIII']
clique 293 ['IIIIIIIIIIIYZIYZZI', 'XYYZZIZIIIZIIIIIII']
clique 294 ['IIIIIIIIIIIXZIYZZI', 'XXYZZIZIIIZIIIIIII']
clique 295 ['IIIIIIIIIIIZZIYZZI', 'XZYZZIZIIIZIIIIIII']
clique 296 ['YIYIIIIIIIXIIIXIXX', 'IIIIYIYIXXIIIIIIII']
clique 297 ['YIYIIIIIIIXIIIXIXY', 'IIIIYIYIXYIIIIIIII']
clique 298 ['YIYIIIIIIIXIIIXIXZ', 'IIIIXXYIYIIIIIIIII']
clique 299 ['YIYIIIIIIIXIIIXXZI', 'IIIIXYYIYIIIIIIIII']
clique 300 ['YIYIIIIIIIXIIIXYZI', 'IIIIXZYIYIIIIIIIII']
clique 301 ['YIYIIIIIIIXIIIXZZI', 'IIIIYIYIXZIIIIIIII']
clique 302 ['YIYIIIIIIIXIXXZIII', 'IIIXZIYIYIIIIIIIII']
clique 303 ['YIYIIIIIIIXIXYZIII', 'IIIYZIYIYIIIIIIIII']
clique 304 ['YIYIIIIIIIXIXZZIII', 'IIIZZIYIYIIIIIIIII']
clique 305 ['YIYIIIIIIIXXZIZIII', 'IIIIYIYXZIIIIIIIII']
clique 306 ['YIYIIIIIIIXYZIZIII', 'IIIIYIYYZIIIIIIIII']
clique 307 ['YIYIIIIIIIXZZIZIII', 'IIIIYIYZZIIIIIIIII']
clique 308 ['IIIIIIIIIIIIYIYIXX', 'YIYIIIXIXXZIIIIIII']
clique 309 ['IIIIIIIIIIIIYIYIXY', 'YIYIIIXIXYZIIIIIII']
clique 310 ['IIIIIIIIIIIIXXYIYI', 'YIYIIIXIXZZIIIIIII']
clique 311 ['IIIIIIIIIIIIXYYIYI', 'YIYIIIXXZIZIIIIIII']
clique 312 ['IIIIIIIIIIIIXZYIYI', 'YIYIIIXYZIZIIIIIII']
clique 313 ['IIIIIIIIIIIIYIYIXZ', 'YIYIIIXZZIZIIIIIII']
clique 314 ['IIIIIIIIIIIXZIYIYI', 'YIYIXXZIIIZIIIIIII']
clique 315 ['IIIIIIIIIIIYZIYIYI', 'YIYIXYZIIIZIIIIIII']
clique 316 ['IIIIIIIIIIIZZIYIYI', 'YIYIXZZIIIZIIIIIII']
clique 317 ['IIIIIIIIIIIIYIYXZI', 'YIYXZIZIIIZIIIIIII']
clique 318 ['IIIIIIIIIIIIYIYYZI', 'YIYYZIZIIIZIIIIIII']
clique 319 ['IIIIIIIIIIIIYIYZZI', 'YIYZZIZIIIZIIIIIII']
clique 320 ['IIZIIIIIIIXIIIXIXX', 'IIIIYIYIYIIIIIIIII']
clique 321 ['IIZIIIIIIIXIIIXIXY']
clique 322 ['IIZIIIIIIIXIIIXIXZ']
clique 323 ['IIZIIIIIIIXIIIXXZI']
clique 324 ['IIZIIIIIIIXIIIXYZI']
clique 325 ['IIZIIIIIIIXIIIXZZI']
clique 326 ['IIZIIIIIIIXIXXZIII']
clique 327 ['IIZIIIIIIIXIXYZIII']
clique 328 ['IIZIIIIIIIXIXZZIII']
clique 329 ['IIZIIIIIIIXXZIZIII']
clique 330 ['IIZIIIIIIIXYZIZIII']
clique 331 ['IIZIIIIIIIXZZIZIII']
clique 332 ['IIIIIIIIIIIIYIYIYI', 'IIZIIIXIXXZIIIIIII']
clique 333 ['IIZIIIXIXYZIIIIIII']
clique 334 ['IIZIIIXIXZZIIIIIII']
clique 335 ['IIZIIIXXZIZIIIIIII']
clique 336 ['IIZIIIXYZIZIIIIIII']
clique 337 ['IIZIIIXZZIZIIIIIII']
clique 338 ['IIZIXXZIIIZIIIIIII']
clique 339 ['IIZIXYZIIIZIIIIIII']
clique 340 ['IIZIXZZIIIZIIIIIII']
clique 341 ['IIZXZIZIIIZIIIIIII']
clique 342 ['IIZYZIZIIIZIIIIIII']
clique 343 ['IIZZZIZIIIZIIIIIII']
clique 344 ['XXYIIIIIIIXIIIXIYI']
clique 345 ['XYYIIIIIIIXIIIXIYI']
clique 346 ['XZYIIIIIIIXIIIXIYI']
clique 347 ['XXYIIIIIIIXIYIZIII']
clique 348 ['XYYIIIIIIIXIYIZIII']
clique 349 ['XZYIIIIIIIXIYIZIII']
clique 350 ['XXYIIIXIYIZIIIIIII']
clique 351 ['XYYIIIXIYIZIIIIIII']
clique 352 ['XZYIIIXIYIZIIIIIII']
clique 353 ['XXYIYIZIIIZIIIIIII']
clique 354 ['XYYIYIZIIIZIIIIIII']
clique 355 ['XZYIYIZIIIZIIIIIII']
clique 356 ['YIYIIIIIIIXIIIXIYI']
clique 357 ['YIYIIIIIIIXIYIZIII']
clique 358 ['YIYIIIXIYIZIIIIIII']
clique 359 ['YIYIYIZIIIZIIIIIII']
clique 360 ['IIZIIIIIIIXIIIXIYI']
clique 361 ['IIZIIIIIIIXIYIZIII']
clique 362 ['IIZIIIXIYIZIIIIIII']
clique 363 ['IIZIYIZIIIZIIIIIII']
clique 364 ['IIIIIIYIIIYIIIYIII']
clique 365 ['XXYIIIIIIIXIIIYIII']
clique 366 ['XYYIIIIIIIXIIIYIII']
clique 367 ['XZYIIIIIIIXIIIYIII']
clique 368 ['XXYIIIYIIIZIIIIIII']
clique 369 ['XYYIIIYIIIZIIIIIII']
clique 370 ['XZYIIIYIIIZIIIIIII']
clique 371 ['YIYIIIIIIIXIIIYIII']
clique 372 ['YIYIIIYIIIZIIIIIII']
clique 373 ['IIZIIIIIIIXIIIYIII']
clique 374 ['IIZIIIYIIIZIIIIIII']
