GS energy with  DMRG -6.902303420391812
N= 5.000000000000001
E= -6.902303420391812
D= [[ 3.09699420e-01+0.j -1.39387179e-02+0.j  3.85769267e-01+0.j
   2.38507348e-12+0.j  1.53517555e-01+0.j  1.12445159e-02+0.j
  -1.00173361e-01+0.j  3.89312715e-13+0.j -1.40557690e-01+0.j
  -1.02952602e-02+0.j]
 [-1.39387179e-02+0.j  6.90300580e-01+0.j -2.23668561e-12+0.j
   3.85769267e-01+0.j  1.12445159e-02+0.j -1.53517555e-01+0.j
   1.63603830e-13+0.j -1.00173361e-01+0.j -1.02952602e-02+0.j
   1.40557690e-01+0.j]
 [ 3.85769267e-01+0.j -2.23668068e-12+0.j  5.33982664e-01+0.j
   2.48908732e-03+0.j  2.83873028e-01+0.j  1.58664840e-12+0.j
  -7.79040657e-03+0.j -5.70614547e-04+0.j -1.00173361e-01+0.j
  -2.84461928e-13+0.j]
 [ 2.38506610e-12+0.j  3.85769267e-01+0.j  2.48908732e-03+0.j
   4.66017336e-01+0.j -1.64082810e-12+0.j  2.83873028e-01+0.j
  -5.70614547e-04+0.j  7.79040657e-03+0.j  5.04490763e-13+0.j
  -1.00173361e-01+0.j]
 [ 1.53517555e-01+0.j  1.12445159e-02+0.j  2.83873028e-01+0.j
  -1.64081530e-12+0.j  3.13971697e-01+0.j -1.36257916e-02+0.j
   2.83873028e-01+0.j -1.20644727e-12+0.j  1.53517555e-01+0.j
   1.12445159e-02+0.j]
 [ 1.12445159e-02+0.j -1.53517555e-01+0.j  1.58665328e-12+0.j
   2.83873028e-01+0.j -1.36257916e-02+0.j  6.86028303e-01+0.j
   3.04883072e-13+0.j  2.83873028e-01+0.j  1.12445159e-02+0.j
  -1.53517555e-01+0.j]
 [-1.00173361e-01+0.j  1.63609794e-13+0.j -7.79040657e-03+0.j
  -5.70614547e-04+0.j  2.83873028e-01+0.j  3.04884373e-13+0.j
   5.33982664e-01+0.j  2.48908732e-03+0.j  3.85769267e-01+0.j
  -2.77346697e-12+0.j]
 [ 3.89306644e-13+0.j -1.00173361e-01+0.j -5.70614547e-04+0.j
   7.79040657e-03+0.j -1.20644987e-12+0.j  2.83873028e-01+0.j
   2.48908732e-03+0.j  4.66017336e-01+0.j  3.49111799e-12+0.j
   3.85769267e-01+0.j]
 [-1.40557690e-01+0.j -1.02952602e-02+0.j -1.00173361e-01+0.j
   5.04508978e-13+0.j  1.53517555e-01+0.j  1.12445159e-02+0.j
   3.85769267e-01+0.j  3.49112753e-12+0.j  3.09699420e-01+0.j
  -1.39387179e-02+0.j]
 [-1.02952602e-02+0.j  1.40557690e-01+0.j -2.84473632e-13+0.j
  -1.00173361e-01+0.j  1.12445159e-02+0.j -1.53517555e-01+0.j
  -2.77346043e-12+0.j  3.85769267e-01+0.j -1.39387179e-02+0.j
   6.90300580e-01+0.j]]
W= [0.17132938+0.j 0.21187054+0.j 0.18843509+0.j 0.21187054+0.j
 0.17132938+0.j]
local approximation with  1 sites
local interactions on sites [[0], [1], [2], [3], [4]]
Functional for interaction on sites [0]
interacting orbitals: [0, 1]
mapping: [0, 1, 2, 3, 4, 5, 6, 7, 8, 9]
orbinteractaca= [0, 1]
aca: level 4  norb= 10
Daca= [[ 3.09699420e-01+0.j -1.39387179e-02+0.j -4.49899061e-01+0.j
   4.42420601e-20+0.j  2.10742990e-17+0.j  1.46686979e-18+0.j
  -1.43229150e-17+0.j  1.26608553e-20+0.j  2.84677415e-18+0.j
   1.60288648e-18+0.j]
 [-1.39387179e-02+0.j  6.90300580e-01+0.j -1.62282922e-13+0.j
  -4.49899061e-01+0.j  3.88252748e-18+0.j -2.61726098e-17+0.j
   1.30118403e-19+0.j -1.95287380e-17+0.j -4.22398634e-18+0.j
   2.61416289e-17+0.j]
 [-4.49899061e-01+0.j -1.62286221e-13+0.j  6.86606897e-01+0.j
   1.36681711e-02+0.j  5.66264163e-03+0.j  2.48403214e-20+0.j
   4.61249924e-19+0.j  7.44200465e-21+0.j -1.27575529e-20+0.j
  -2.50989441e-21+0.j]
 [ 1.60904342e-17+0.j -4.49899061e-01+0.j  1.36681711e-02+0.j
   3.13393103e-01+0.j -7.07184037e-14+0.j  5.66264163e-03+0.j
  -4.37768072e-20+0.j  8.37197297e-19+0.j  4.84465667e-22+0.j
   9.43908295e-20+0.j]
 [ 1.76048521e-17+0.j  1.54751667e-17+0.j  5.66264163e-03+0.j
  -7.06958528e-14+0.j  5.11606486e-01+0.j  8.50126337e-04+0.j
   4.90288074e-01+0.j -2.62155819e-18+0.j -5.07078855e-17+0.j
  -2.02444190e-18+0.j]
 [ 2.72708815e-17+0.j -1.01165272e-16+0.j  1.54180042e-18+0.j
   5.66264163e-03+0.j  8.50126337e-04+0.j  4.88393514e-01+0.j
   2.27388756e-14+0.j  4.90288074e-01+0.j -2.61544904e-18+0.j
   8.68013350e-18+0.j]
 [-6.80993427e-17+0.j  7.05744436e-18+0.j  1.43605362e-16+0.j
  -1.22742952e-17+0.j  4.90288074e-01+0.j  2.27423451e-14+0.j
   4.86992439e-01+0.j -9.52749234e-04+0.j  2.52566123e-03+0.j
   0.00000000e+00+0.j]
 [-8.76937674e-18+0.j -5.71763576e-17+0.j -1.83521782e-17+0.j
  -1.95231487e-17+0.j -1.57109875e-17+0.j  4.90288074e-01+0.j
  -9.52749234e-04+0.j  5.13007561e-01+0.j  9.80852008e-14+0.j
  -2.52566123e-03+0.j]
 [ 3.06023498e-17+0.j -2.58090900e-18+0.j  1.97130917e-17+0.j
  -1.07134376e-17+0.j -7.84634612e-17+0.j  9.52761529e-18+0.j
   2.52566123e-03+0.j  9.80870718e-14+0.j  6.43062306e-03+0.j
   3.61518830e-02+0.j]
 [ 6.80705691e-18+0.j  1.32764917e-16+0.j  2.19067063e-17+0.j
  -7.40236723e-17+0.j  6.93802314e-18+0.j -7.45865933e-17+0.j
   2.92914559e-18+0.j -2.52566123e-03+0.j  3.61518830e-02+0.j
   9.93569377e-01+0.j]]
Naca= (2.0013358640077907, 2.99866413599221)
nq= 10
interact= NNIIIIIIII * (1+0j)
variational state:
       ┌──────────┐┌───────────┐┌───────────┐             ┌───────────┐»
 q0_0: ┤ Ry(y[0]) ├┤ Rz(y[10]) ├┤ Rx(y[20]) ├──────■──────┤ Ry(y[30]) ├»
       ├──────────┤├───────────┤└─────┬─────┘┌─────┴─────┐└───────────┘»
 q0_1: ┤ Ry(y[1]) ├┤ Rz(y[11]) ├──────┼──────┤ Rx(y[21]) ├──────■──────»
       ├──────────┤├───────────┤      │      └───────────┘┌─────┴─────┐»
 q0_2: ┤ Ry(y[2]) ├┤ Rz(y[12]) ├──────┼───────────────────┤ Rx(y[22]) ├»
       ├──────────┤├───────────┤      │                   └───────────┘»
 q0_3: ┤ Ry(y[3]) ├┤ Rz(y[13]) ├──────┼────────────────────────────────»
       ├──────────┤├───────────┤      │                                »
 q0_4: ┤ Ry(y[4]) ├┤ Rz(y[14]) ├──────┼────────────────────────────────»
       ├──────────┤├───────────┤      │                                »
 q0_5: ┤ Ry(y[5]) ├┤ Rz(y[15]) ├──────┼────────────────────────────────»
       ├──────────┤├───────────┤      │                                »
 q0_6: ┤ Ry(y[6]) ├┤ Rz(y[16]) ├──────┼────────────────────────────────»
       ├──────────┤├───────────┤      │                                »
 q0_7: ┤ Ry(y[7]) ├┤ Rz(y[17]) ├──────┼────────────────────────────────»
       ├──────────┤├───────────┤      │                                »
 q0_8: ┤ Ry(y[8]) ├┤ Rz(y[18]) ├──────┼────────────────────────────────»
       ├──────────┤├───────────┤      │                                »
 q0_9: ┤ Ry(y[9]) ├┤ Rz(y[19]) ├──────■────────────────────────────────»
       └──────────┘└───────────┘                                       »
c0: 10/════════════════════════════════════════════════════════════════»
                                                                       »
«       ┌───────────┐                                                    »
« q0_0: ┤ Rz(y[40]) ├────────────────────────────────────────────────────»
«       ├───────────┤┌───────────┐                                       »
« q0_1: ┤ Ry(y[31]) ├┤ Rz(y[41]) ├───────────────────────────────────────»
«       └───────────┘├───────────┤┌───────────┐                          »
« q0_2: ──────■──────┤ Ry(y[32]) ├┤ Rz(y[42]) ├──────────────────────────»
«       ┌─────┴─────┐└───────────┘├───────────┤┌───────────┐             »
« q0_3: ┤ Rx(y[23]) ├──────■──────┤ Ry(y[33]) ├┤ Rz(y[43]) ├─────────────»
«       └───────────┘┌─────┴─────┐└───────────┘├───────────┤┌───────────┐»
« q0_4: ─────────────┤ Rx(y[24]) ├──────■──────┤ Ry(y[34]) ├┤ Rz(y[44]) ├»
«                    └───────────┘┌─────┴─────┐└───────────┘├───────────┤»
« q0_5: ──────────────────────────┤ Rx(y[25]) ├──────■──────┤ Ry(y[35]) ├»
«                                 └───────────┘┌─────┴─────┐└───────────┘»
« q0_6: ───────────────────────────────────────┤ Rx(y[26]) ├──────■──────»
«                                              └───────────┘┌─────┴─────┐»
« q0_7: ────────────────────────────────────────────────────┤ Rx(y[27]) ├»
«                                                           └───────────┘»
« q0_8: ─────────────────────────────────────────────────────────────────»
«                                                                        »
« q0_9: ─────────────────────────────────────────────────────────────────»
«                                                                        »
«c0: 10/═════════════════════════════════════════════════════════════════»
«                                                                        »
«                                                           ┌───────────┐»
« q0_0: ────────────────────────────────────────────────────┤ Rx(y[50]) ├»
«                                                           └─────┬─────┘»
« q0_1: ──────────────────────────────────────────────────────────┼──────»
«                                                                 │      »
« q0_2: ──────────────────────────────────────────────────────────┼──────»
«                                                                 │      »
« q0_3: ──────────────────────────────────────────────────────────┼──────»
«                                                                 │      »
« q0_4: ──────────────────────────────────────────────────────────┼──────»
«       ┌───────────┐                                             │      »
« q0_5: ┤ Rz(y[45]) ├─────────────────────────────────────────────┼──────»
«       ├───────────┤┌───────────┐                                │      »
« q0_6: ┤ Ry(y[36]) ├┤ Rz(y[46]) ├────────────────────────────────┼──────»
«       └───────────┘├───────────┤┌───────────┐                   │      »
« q0_7: ──────■──────┤ Ry(y[37]) ├┤ Rz(y[47]) ├───────────────────┼──────»
«       ┌─────┴─────┐└───────────┘├───────────┤┌───────────┐      │      »
« q0_8: ┤ Rx(y[28]) ├──────■──────┤ Ry(y[38]) ├┤ Rz(y[48]) ├──────┼──────»
«       └───────────┘┌─────┴─────┐├───────────┤├───────────┤      │      »
« q0_9: ─────────────┤ Rx(y[29]) ├┤ Ry(y[39]) ├┤ Rz(y[49]) ├──────■──────»
«                    └───────────┘└───────────┘└───────────┘             »
«c0: 10/═════════════════════════════════════════════════════════════════»
«                                                                        »
«                    ┌───────────┐┌───────────┐                          »
« q0_0: ──────■──────┤ Ry(y[60]) ├┤ Rz(y[70]) ├──────────────────────────»
«       ┌─────┴─────┐└───────────┘├───────────┤┌───────────┐             »
« q0_1: ┤ Rx(y[51]) ├──────■──────┤ Ry(y[61]) ├┤ Rz(y[71]) ├─────────────»
«       └───────────┘┌─────┴─────┐└───────────┘├───────────┤┌───────────┐»
« q0_2: ─────────────┤ Rx(y[52]) ├──────■──────┤ Ry(y[62]) ├┤ Rz(y[72]) ├»
«                    └───────────┘┌─────┴─────┐└───────────┘├───────────┤»
« q0_3: ──────────────────────────┤ Rx(y[53]) ├──────■──────┤ Ry(y[63]) ├»
«                                 └───────────┘┌─────┴─────┐└───────────┘»
« q0_4: ───────────────────────────────────────┤ Rx(y[54]) ├──────■──────»
«                                              └───────────┘┌─────┴─────┐»
« q0_5: ────────────────────────────────────────────────────┤ Rx(y[55]) ├»
«                                                           └───────────┘»
« q0_6: ─────────────────────────────────────────────────────────────────»
«                                                                        »
« q0_7: ─────────────────────────────────────────────────────────────────»
«                                                                        »
« q0_8: ─────────────────────────────────────────────────────────────────»
«                                                                        »
« q0_9: ─────────────────────────────────────────────────────────────────»
«                                                                        »
«c0: 10/═════════════════════════════════════════════════════════════════»
«                                                                        »
«                                                                        »
« q0_0: ─────────────────────────────────────────────────────────────────»
«                                                                        »
« q0_1: ─────────────────────────────────────────────────────────────────»
«                                                                        »
« q0_2: ─────────────────────────────────────────────────────────────────»
«       ┌───────────┐                                                    »
« q0_3: ┤ Rz(y[73]) ├────────────────────────────────────────────────────»
«       ├───────────┤┌───────────┐                                       »
« q0_4: ┤ Ry(y[64]) ├┤ Rz(y[74]) ├───────────────────────────────────────»
«       └───────────┘├───────────┤┌───────────┐                          »
« q0_5: ──────■──────┤ Ry(y[65]) ├┤ Rz(y[75]) ├──────────────────────────»
«       ┌─────┴─────┐└───────────┘├───────────┤┌───────────┐             »
« q0_6: ┤ Rx(y[56]) ├──────■──────┤ Ry(y[66]) ├┤ Rz(y[76]) ├─────────────»
«       └───────────┘┌─────┴─────┐└───────────┘├───────────┤┌───────────┐»
« q0_7: ─────────────┤ Rx(y[57]) ├──────■──────┤ Ry(y[67]) ├┤ Rz(y[77]) ├»
«                    └───────────┘┌─────┴─────┐└───────────┘├───────────┤»
« q0_8: ──────────────────────────┤ Rx(y[58]) ├──────■──────┤ Ry(y[68]) ├»
«                                 └───────────┘┌─────┴─────┐├───────────┤»
« q0_9: ───────────────────────────────────────┤ Rx(y[59]) ├┤ Ry(y[69]) ├»
«                                              └───────────┘└───────────┘»
«c0: 10/═════════════════════════════════════════════════════════════════»
«                                                                        »
«                    ┌───────────┐             ┌───────────┐┌────────────┐»
« q0_0: ─────────────┤ Rx(y[80]) ├──────■──────┤ Ry(y[90]) ├┤ Rz(y[100]) ├»
«                    └─────┬─────┘┌─────┴─────┐└───────────┘├───────────┬┘»
« q0_1: ───────────────────┼──────┤ Rx(y[81]) ├──────■──────┤ Ry(y[91]) ├─»
«                          │      └───────────┘┌─────┴─────┐└───────────┘ »
« q0_2: ───────────────────┼───────────────────┤ Rx(y[82]) ├──────■───────»
«                          │                   └───────────┘┌─────┴─────┐ »
« q0_3: ───────────────────┼────────────────────────────────┤ Rx(y[83]) ├─»
«                          │                                └───────────┘ »
« q0_4: ───────────────────┼──────────────────────────────────────────────»
«                          │                                              »
« q0_5: ───────────────────┼──────────────────────────────────────────────»
«                          │                                              »
« q0_6: ───────────────────┼──────────────────────────────────────────────»
«                          │                                              »
« q0_7: ───────────────────┼──────────────────────────────────────────────»
«       ┌───────────┐      │                                              »
« q0_8: ┤ Rz(y[78]) ├──────┼──────────────────────────────────────────────»
«       ├───────────┤      │                                              »
« q0_9: ┤ Rz(y[79]) ├──────■──────────────────────────────────────────────»
«       └───────────┘                                                     »
«c0: 10/══════════════════════════════════════════════════════════════════»
«                                                                         »
«                                                                             »
« q0_0: ──────────────────────────────────────────────────────────────────────»
«       ┌────────────┐                                                        »
« q0_1: ┤ Rz(y[101]) ├────────────────────────────────────────────────────────»
«       ├───────────┬┘┌────────────┐                                          »
« q0_2: ┤ Ry(y[92]) ├─┤ Rz(y[102]) ├──────────────────────────────────────────»
«       └───────────┘ ├───────────┬┘┌────────────┐                            »
« q0_3: ──────■───────┤ Ry(y[93]) ├─┤ Rz(y[103]) ├────────────────────────────»
«       ┌─────┴─────┐ └───────────┘ ├───────────┬┘┌────────────┐              »
« q0_4: ┤ Rx(y[84]) ├───────■───────┤ Ry(y[94]) ├─┤ Rz(y[104]) ├──────────────»
«       └───────────┘ ┌─────┴─────┐ └───────────┘ ├───────────┬┘┌────────────┐»
« q0_5: ──────────────┤ Rx(y[85]) ├───────■───────┤ Ry(y[95]) ├─┤ Rz(y[105]) ├»
«                     └───────────┘ ┌─────┴─────┐ └───────────┘ ├───────────┬┘»
« q0_6: ────────────────────────────┤ Rx(y[86]) ├───────■───────┤ Ry(y[96]) ├─»
«                                   └───────────┘ ┌─────┴─────┐ └───────────┘ »
« q0_7: ──────────────────────────────────────────┤ Rx(y[87]) ├───────■───────»
«                                                 └───────────┘ ┌─────┴─────┐ »
« q0_8: ────────────────────────────────────────────────────────┤ Rx(y[88]) ├─»
«                                                               └───────────┘ »
« q0_9: ──────────────────────────────────────────────────────────────────────»
«                                                                             »
«c0: 10/══════════════════════════════════════════════════════════════════════»
«                                                                             »
«                                                 
« q0_0: ──────────────────────────────────────────
«                                                 
« q0_1: ──────────────────────────────────────────
«                                                 
« q0_2: ──────────────────────────────────────────
«                                                 
« q0_3: ──────────────────────────────────────────
«                                                 
« q0_4: ──────────────────────────────────────────
«                                                 
« q0_5: ──────────────────────────────────────────
«       ┌────────────┐                            
« q0_6: ┤ Rz(y[106]) ├────────────────────────────
«       ├───────────┬┘┌────────────┐              
« q0_7: ┤ Ry(y[97]) ├─┤ Rz(y[107]) ├──────────────
«       └───────────┘ ├───────────┬┘┌────────────┐
« q0_8: ──────■───────┤ Ry(y[98]) ├─┤ Rz(y[108]) ├
«       ┌─────┴─────┐ ├───────────┤ ├────────────┤
« q0_9: ┤ Rx(y[89]) ├─┤ Ry(y[99]) ├─┤ Rz(y[109]) ├
«       └───────────┘ └───────────┘ └────────────┘
«c0: 10/══════════════════════════════════════════
«                                                 
building constraints...
number of constraints= 100
plain pauliops= 190
['IIIIIIIIIZ', 'IIIIIIIIIX', 'IIIIIIIIZX', 'IIIIIIIIIY', 'IIIIIIIIZY', 'IIIIIIIYYX', 'IIIIIIIXYY', 'IIIIIIIXYX', 'IIIIIIIYYY', 'IIIIIIZIXX', 'IIIIIIIZYY', 'IIIIIIIZYX', 'IIIIIIZIXY', 'IIIIXYYIXX', 'IIIIXXYIXY', 'IIIIXXYIXX', 'IIIIXYYIXY', 'IIIIYIYIXX', 'IIIIXZYIXY', 'IIIIXZYIXX', 'IIIIYIYIXY', 'IIIYZIYIXX', 'IIIXZIYIXY', 'IIIXZIYIXX', 'IIIYZIYIXY', 'IIZIIIXIXX', 'IIIZZIYIXY', 'IIIZZIYIXX', 'IIZIIIXIXY', 'XYYIIIXIXX', 'XXYIIIXIXY', 'XXYIIIXIXX', 'XYYIIIXIXY', 'YIYIIIXIXX', 'XZYIIIXIXY', 'XZYIIIXIXX', 'YIYIIIXIXY', 'IIIIIIIIZZ', 'IIIIIIIXXI', 'IIIIIIIYYZ', 'IIIIIIIYXI', 'IIIIIIIXYZ', 'IIIIIIIZXI', 'IIIIIIZIXZ', 'IIIIIIZIYI', 'IIIIIIIZYZ', 'IIIIXXYIYI', 'IIIIXYYIXZ', 'IIIIXYYIYI', 'IIIIXXYIXZ', 'IIIIXZYIYI', 'IIIIYIYIXZ', 'IIIIYIYIYI', 'IIIIXZYIXZ', 'IIIXZIYIYI', 'IIIYZIYIXZ', 'IIIYZIYIYI', 'IIIXZIYIXZ', 'IIIZZIYIYI', 'IIZIIIXIXZ', 'IIZIIIXIYI', 'IIIZZIYIXZ', 'XXYIIIXIYI', 'XYYIIIXIXZ', 'XYYIIIXIYI', 'XXYIIIXIXZ', 'XZYIIIXIYI', 'YIYIIIXIXZ', 'YIYIIIXIYI', 'XZYIIIXIXZ', 'IIIIIIIZII', 'IIIIIIIXII', 'IIIIIIZXZI', 'IIIIIIIYII', 'IIIIIIZYZI', 'IIIIXYYXZI', 'IIIIXXYYZI', 'IIIIXXYXZI', 'IIIIXYYYZI', 'IIIIYIYXZI', 'IIIIXZYYZI', 'IIIIXZYXZI', 'IIIIYIYYZI', 'IIIYZIYXZI', 'IIIXZIYYZI', 'IIIXZIYXZI', 'IIIYZIYYZI', 'IIZIIIXXZI', 'IIIZZIYYZI', 'IIIZZIYXZI', 'IIZIIIXYZI', 'XYYIIIXXZI', 'XXYIIIXYZI', 'XXYIIIXXZI', 'XYYIIIXYZI', 'YIYIIIXXZI', 'XZYIIIXYZI', 'XZYIIIXXZI', 'YIYIIIXYZI', 'IIIIIIZZZI', 'IIIIXXXIII', 'IIIIXYYZZI', 'IIIIXYXIII', 'IIIIXXYZZI', 'IIIIXZXIII', 'IIIIYIYZZI', 'IIIIYIXIII', 'IIIIXZYZZI', 'IIIXZIXIII', 'IIIYZIYZZI', 'IIIYZIXIII', 'IIIXZIYZZI', 'IIIZZIXIII', 'IIZIIIXZZI', 'IIZIIIYIII', 'IIIZZIYZZI', 'XXYIIIYIII', 'XYYIIIXZZI', 'XYYIIIYIII', 'XXYIIIXZZI', 'XZYIIIYIII', 'YIYIIIXZZI', 'YIYIIIYIII', 'XZYIIIXZZI', 'IIIIIZIIII', 'IIIIIXIIII', 'IIIIZXIIII', 'IIIIIYIIII', 'IIIIZYIIII', 'IIIYYXIIII', 'IIIXYYIIII', 'IIIXYXIIII', 'IIIYYYIIII', 'IIIZYYIIII', 'IIZIXXZIII', 'IIIZYXIIII', 'IIZIXYZIII', 'XYYIXXZIII', 'XXYIXYZIII', 'XXYIXXZIII', 'XYYIXYZIII', 'YIYIXXZIII', 'XZYIXYZIII', 'XZYIXXZIII', 'YIYIXYZIII', 'IIIIZZIIII', 'IIIXXIIIII', 'IIIYYZIIII', 'IIIYXIIIII', 'IIIXYZIIII', 'IIIZXIIIII', 'IIZIXZZIII', 'IIIZYZIIII', 'IIZIYIZIII', 'XXYIYIZIII', 'XYYIXZZIII', 'XYYIYIZIII', 'XXYIXZZIII', 'XZYIYIZIII', 'YIYIXZZIII', 'YIYIYIZIII', 'XZYIXZZIII', 'IIIZIIIIII', 'IIIXIIIIII', 'IIZXZIZIII', 'IIIYIIIIII', 'IIZYZIZIII', 'XYYXZIZIII', 'XXYYZIZIII', 'XXYXZIZIII', 'XYYYZIZIII', 'YIYXZIZIII', 'XZYYZIZIII', 'XZYXZIZIII', 'YIYYZIZIII', 'IIZZZIZIII', 'XXXIIIIIII', 'XYYZZIZIII', 'XYXIIIIIII', 'XXYZZIZIII', 'XZXIIIIIII', 'YIYZZIZIII', 'YIXIIIIIII', 'XZYZZIZIII', 'IZIIIIIIII', 'IXIIIIIIII', 'ZXIIIIIIII', 'IYIIIIIIII', 'ZYIIIIIIII', 'ZZIIIIIIII']
unique pauliops= 190
commutation mode= commute
graphclique-cliquecover: 190 with commutationmode commute
strategy largest_first 31
strategy random_sequential 21
strategy smallest_last 27
strategy independent_set 19
strategy connected_sequential_bfs 31
strategy connected_sequential_dfs 26
strategy saturation_largest_first 20
clique 0 ['IIIIIIIIIZ', 'IIIIIIIIZZ', 'IIIIIIIZII', 'IIIIIIZZZI', 'IIIIIZIIII', 'IIIIZZIIII', 'IIIZIIIIII', 'IIZZZIZIII', 'IZIIIIIIII', 'ZZIIIIIIII']
clique 1 ['IIIIIIIIIX', 'IIIIIIIIZX', 'IIIIIIIXII', 'IIIIIIZXZI', 'IIIIIXIIII', 'IIIIZXIIII', 'IIIXIIIIII', 'IIZXZIZIII', 'IXIIIIIIII', 'ZXIIIIIIII']
clique 2 ['IIIIIIIIIY', 'IIIIIIIIZY', 'IIIIIIIYII', 'IIIIIIZYZI', 'IIIIIYIIII', 'IIIIZYIIII', 'IIIYIIIIII', 'IIZYZIZIII', 'IYIIIIIIII', 'ZYIIIIIIII']
clique 3 ['IIIIIIIYYX', 'XXYIIIXIXY', 'IIIIIIIZXI', 'IIIIIIZIXZ', 'IIIIXYYXZI', 'IIIYYXIIII', 'IIIZXIIIII', 'YIYIXZZIII', 'XYYXZIZIII', 'XZXIIIIIII']
clique 4 ['IIIIIIIXYY', 'YIYIIIXIXX', 'IIZIIIXIXZ', 'XYYIIIXIYI', 'XXYIIIXYZI', 'IIIIYIYZZI', 'XZYIIIYIII', 'IIIXYXIIII', 'IIIYYYIIII', 'IIIZYZIIII']
clique 5 ['IIIIIIIXYX', 'IIIIIIIYYY', 'XXYIIIXIYI', 'YIYIIIXIXZ', 'IIIIXYYZZI', 'IIIIXZXIII', 'IIZIXXZIII', 'IIIXXIIIII', 'XYYYZIZIII', 'XZYZZIZIII']
clique 6 ['IIIIIIZIXX', 'IIIIIIIZYY', 'IIIZZIYIXZ', 'XZYIIIXIYI', 'IIIIXXYYZI', 'IIIIYIYXZI', 'IIIXYYIIII', 'XYYIXZZIII', 'YIYYZIZIII', 'XXXIIIIIII']
clique 7 ['IIIIIIIZYX', 'XYYIIIXIXY', 'IIIIYIYIYI', 'XXYIIIXIXZ', 'IIIIXZYXZI', 'IIIXZIYYZI', 'IIIIXYXIII', 'IIIZYXIIII', 'XZYYZIZIII', 'YIXIIIIIII']
clique 8 ['IIIIIIZIXY', 'IIZIIIXIXX', 'IIIIIIIYYZ', 'IIIXZIYIYI', 'IIIZZIYXZI', 'XXYIIIXZZI', 'XYYIXYZIII', 'YIYIXXZIII', 'IIIYYZIIII', 'XZYIYIZIII']
clique 9 ['IIIIXYYIXX', 'IIIIXXYIXY', 'IIIIIIIXXI', 'IIIXZIYIXZ', 'YIYIIIXYZI', 'IIIIYIXIII', 'IIIYZIYZZI', 'XZYIXZZIII', 'XYXIIIIIII', 'XXYZZIZIII']
clique 10 ['IIIIXXYIXX', 'IIIIYIYIXY', 'IIIIXYYIYI', 'XYYIIIXIXZ', 'IIZIIIXYZI', 'XZYIIIXXZI', 'IIIYZIXIII', 'IIIXZIYZZI', 'XXYIXZZIII', 'YIYZZIZIII']
clique 11 ['IIIIXYYIXY', 'IIIYZIYIXX', 'IIIZZIYIYI', 'XZYIIIXIXZ', 'IIIIXXYXZI', 'IIIIXZYYZI', 'IIZIIIXZZI', 'XXYIIIYIII', 'XYYIYIZIII', 'YIYXZIZIII']
clique 12 ['XZYIIIXIXX', 'YIYIIIXIXY', 'IIIIIIZIYI', 'IIIIYIYIXZ', 'IIZIIIXXZI', 'XYYIIIXYZI', 'IIIIXXYZZI', 'IIIZYYIIII', 'IIIXYZIIII', 'XXYYZIZIII']
clique 13 ['IIIIXZYIXY', 'IIIZZIYIXX', 'IIIIIIIYXI', 'IIIIIIIZYZ', 'YIYIIIXXZI', 'XYYIIIYIII', 'IIZIXYZIII', 'XZYIXXZIII', 'IIIYXIIIII', 'XXYXZIZIII']
clique 14 ['IIIZZIYIXY', 'XXYIIIXIXX', 'IIIIIIIXYZ', 'IIIIXZYIYI', 'IIIYZIYYZI', 'IIIXZIXIII', 'XZYIIIXZZI', 'XYYIXXZIII', 'YIYIXYZIII', 'IIZIYIZIII']
clique 15 ['IIIIYIYIXX', 'XZYIIIXIXY', 'IIIIXXYIXZ', 'IIIYZIYIYI', 'IIIXZIYXZI', 'IIIZZIYYZI', 'XYYIIIXZZI', 'YIYIIIYIII', 'XXYIXYZIII', 'IIZIXZZIII']
clique 16 ['IIIXZIYIXX', 'IIIYZIYIXY', 'IIIIXYYIXZ', 'IIZIIIXIYI', 'XYYIIIXXZI', 'XZYIIIXYZI', 'IIIIXZYZZI', 'IIIZZIXIII', 'XXYIXXZIII', 'YIYIYIZIII']
clique 17 ['IIIIXZYIXX', 'IIIXZIYIXY', 'IIIIXXYIYI', 'IIIYZIYIXZ', 'IIIIYIYYZI', 'XXYIIIXXZI', 'IIZIIIYIII', 'YIYIIIXZZI', 'XZYIXYZIII', 'XYYZZIZIII']
clique 18 ['IIZIIIXIXY', 'XYYIIIXIXX', 'IIIIXZYIXZ', 'YIYIIIXIYI', 'IIIIXYYYZI', 'IIIYZIYXZI', 'IIIIXXXIII', 'IIIZZIYZZI', 'XXYIYIZIII', 'XZYXZIZIII']
groups with own implementation commute 19
