GS energy with  DMRG -5.575365620447471
N= 3.9999999999999996
E= -5.575365620447471
D= [[ 5.00000000e-01+0.j  2.04517408e-12+0.j  4.36579417e-01+0.j
  -4.92408156e-13+0.j  1.20710039e-12+0.j -5.32056302e-15+0.j
  -2.07712319e-01+0.j -1.82171036e-12+0.j]
 [ 2.04513831e-12+0.j  5.00000000e-01+0.j  1.43714988e-13+0.j
   4.36579417e-01+0.j -5.17168660e-13+0.j -5.16239829e-13+0.j
   1.08561088e-12+0.j -2.07712319e-01+0.j]
 [ 4.36579417e-01+0.j  1.43711375e-13+0.j  5.00000000e-01+0.j
  -1.49070008e-12+0.j  2.19444409e-01+0.j  1.02248452e-12+0.j
  -2.78716199e-12+0.j  8.06624129e-13+0.j]
 [-4.92436937e-13+0.j  4.36579417e-01+0.j -1.49073089e-12+0.j
   5.00000000e-01+0.j -5.61850043e-13+0.j  2.19444409e-01+0.j
   1.08159172e-12+0.j -4.82700217e-13+0.j]
 [ 1.20706223e-12+0.j -5.17192987e-13+0.j  2.19444409e-01+0.j
  -5.61865409e-13+0.j  5.00000000e-01+0.j -3.26686329e-14+0.j
   4.36579417e-01+0.j  1.82996189e-12+0.j]
 [-5.32400663e-15+0.j -5.16281462e-13+0.j  1.02249741e-12+0.j
   2.19444409e-01+0.j -3.27048188e-14+0.j  5.00000000e-01+0.j
  -2.06555243e-12+0.j  4.36579417e-01+0.j]
 [-2.07712319e-01+0.j  1.08561598e-12+0.j -2.78718975e-12+0.j
   1.08156847e-12+0.j  4.36579417e-01+0.j -2.06557115e-12+0.j
   5.00000000e-01+0.j -5.21779818e-13+0.j]
 [-1.82172015e-12+0.j -2.07712319e-01+0.j  8.06641302e-13+0.j
  -4.82722452e-13+0.j  1.82997222e-12+0.j  4.36579417e-01+0.j
  -5.21739610e-13+0.j  5.00000000e-01+0.j]]
W= [0.19104713+0.j 0.20647655+0.j 0.20647655+0.j 0.19104713+0.j]
local approximation with  1 sites
local interactions on sites [[0], [1], [2], [3]]
Functional for interaction on sites [0]
aca-directory for images already exists
aca-directory for images already exists
aca-directory for images already exists
interacting orbitals: [0, 1]
mapping: [0, 1, 2, 3, 4, 5, 6, 7]
aca-directory for images already exists
aca-directory for images already exists
aca-directory for images already exists
orbinteractaca= [0, 1]
aca-directory for images already exists
aca-directory for images already exists
aca-directory for images already exists
aca-directory for images already exists
aca-directory for images already exists
aca-directory for images already exists
aca-directory for images already exists
aca-directory for images already exists
aca-directory for images already exists
aca-directory for images already exists
aca-directory for images already exists
aca-directory for images already exists
aca-directory for images already exists
aca-directory for images already exists
aca-directory for images already exists
aca-directory for images already exists
aca-directory for images already exists
aca-directory for images already exists
aca-directory for images already exists
aca-directory for images already exists
aca-directory for images already exists
aca: level 3  norb= 8
Daca= [[ 5.00000000e-01+0.j  2.04517408e-12+0.j -4.83472849e-01+0.j
  -4.56148165e-29+0.j  4.94665234e-29+0.j -2.58159257e-31+0.j
  -2.08706991e-17+0.j -3.19727918e-28+0.j]
 [ 2.04513831e-12+0.j  5.00000000e-01+0.j -1.37478027e-15+0.j
  -4.83472849e-01+0.j  1.06264136e-29+0.j  8.83063613e-29+0.j
  -2.07185298e-28+0.j  1.89489323e-17+0.j]
 [-4.83472849e-01+0.j -1.36932835e-15+0.j  5.00000000e-01+0.j
  -2.05584139e-12+0.j  1.05941599e-02+0.j -2.56061935e-30+0.j
  -3.79029467e-36+0.j  0.00000000e+00+0.j]
 [ 2.17811315e-17+0.j -4.83472849e-01+0.j -2.05587477e-12+0.j
   5.00000000e-01+0.j -3.05826642e-13+0.j  1.05941599e-02+0.j
  -8.66591481e-38+0.j -1.97215226e-31+0.j]
 [-3.81639165e-17+0.j -2.43268538e-17+0.j  1.05941599e-02+0.j
  -3.05836077e-13+0.j  5.00000000e-01+0.j -4.10618309e-12+0.j
   4.88513255e-01+0.j  1.00974196e-28+0.j]
 [-3.44360928e-18+0.j -4.16333634e-17+0.j  3.59520475e-18+0.j
   1.05941599e-02+0.j -4.10621927e-12+0.j  5.00000000e-01+0.j
   3.00743926e-15+0.j -4.88513255e-01+0.j]
 [-5.40104620e-17+0.j  3.04904321e-18+0.j  1.14408719e-17+0.j
  -1.17678238e-17+0.j  4.88513255e-01+0.j  2.98499507e-15+0.j
   5.00000000e-01+0.j -4.11687595e-12+0.j]
 [-2.12105139e-17+0.j -3.11780316e-17+0.j  1.78372867e-17+0.j
  -1.65955523e-17+0.j -1.59345787e-17+0.j -4.88513255e-01+0.j
  -4.11691873e-12+0.j  5.00000000e-01+0.j]]
rounding Naca1 to integer
rounding Naca2 to integer
Naca= (2, 2)
nq= 8
variational state:
      ┌──────────┐ ┌──────────┐┌───┐     ┌───────────┐┌───────────┐»
q0_0: ┤ Ry(y[0]) ├─┤ Rz(y[8]) ├┤ X ├──■──┤ Ry(y[16]) ├┤ Rz(y[24]) ├»
      ├──────────┤ ├──────────┤└─┬─┘┌─┴─┐└───────────┘├───────────┤»
q0_1: ┤ Ry(y[1]) ├─┤ Rz(y[9]) ├──┼──┤ X ├──────■──────┤ Ry(y[17]) ├»
      ├──────────┤┌┴──────────┤  │  └───┘    ┌─┴─┐    └───────────┘»
q0_2: ┤ Ry(y[2]) ├┤ Rz(y[10]) ├──┼───────────┤ X ├──────────■──────»
      ├──────────┤├───────────┤  │           └───┘        ┌─┴─┐    »
q0_3: ┤ Ry(y[3]) ├┤ Rz(y[11]) ├──┼────────────────────────┤ X ├────»
      ├──────────┤├───────────┤  │                        └───┘    »
q0_4: ┤ Ry(y[4]) ├┤ Rz(y[12]) ├──┼─────────────────────────────────»
      ├──────────┤├───────────┤  │                                 »
q0_5: ┤ Ry(y[5]) ├┤ Rz(y[13]) ├──┼─────────────────────────────────»
      ├──────────┤├───────────┤  │                                 »
q0_6: ┤ Ry(y[6]) ├┤ Rz(y[14]) ├──┼─────────────────────────────────»
      ├──────────┤├───────────┤  │                                 »
q0_7: ┤ Ry(y[7]) ├┤ Rz(y[15]) ├──■─────────────────────────────────»
      └──────────┘└───────────┘                                    »
c0: 8/═════════════════════════════════════════════════════════════»
                                                                   »
«                                                                       »
«q0_0: ─────────────────────────────────────────────────────────────────»
«      ┌───────────┐                                                    »
«q0_1: ┤ Rz(y[25]) ├────────────────────────────────────────────────────»
«      ├───────────┤┌───────────┐                                       »
«q0_2: ┤ Ry(y[18]) ├┤ Rz(y[26]) ├───────────────────────────────────────»
«      └───────────┘├───────────┤┌───────────┐                          »
«q0_3: ──────■──────┤ Ry(y[19]) ├┤ Rz(y[27]) ├──────────────────────────»
«          ┌─┴─┐    └───────────┘├───────────┤┌───────────┐             »
«q0_4: ────┤ X ├──────────■──────┤ Ry(y[20]) ├┤ Rz(y[28]) ├─────────────»
«          └───┘        ┌─┴─┐    └───────────┘├───────────┤┌───────────┐»
«q0_5: ─────────────────┤ X ├──────────■──────┤ Ry(y[21]) ├┤ Rz(y[29]) ├»
«                       └───┘        ┌─┴─┐    └───────────┘├───────────┤»
«q0_6: ──────────────────────────────┤ X ├──────────■──────┤ Ry(y[22]) ├»
«                                    └───┘        ┌─┴─┐    ├───────────┤»
«q0_7: ───────────────────────────────────────────┤ X ├────┤ Ry(y[23]) ├»
«                                                 └───┘    └───────────┘»
«c0: 8/═════════════════════════════════════════════════════════════════»
«                                                                       »
«                   ┌───┐     ┌───────────┐┌───────────┐             »
«q0_0: ─────────────┤ X ├──■──┤ Ry(y[32]) ├┤ Rz(y[40]) ├─────────────»
«                   └─┬─┘┌─┴─┐└───────────┘├───────────┤┌───────────┐»
«q0_1: ───────────────┼──┤ X ├──────■──────┤ Ry(y[33]) ├┤ Rz(y[41]) ├»
«                     │  └───┘    ┌─┴─┐    └───────────┘├───────────┤»
«q0_2: ───────────────┼───────────┤ X ├──────────■──────┤ Ry(y[34]) ├»
«                     │           └───┘        ┌─┴─┐    └───────────┘»
«q0_3: ───────────────┼────────────────────────┤ X ├──────────■──────»
«                     │                        └───┘        ┌─┴─┐    »
«q0_4: ───────────────┼─────────────────────────────────────┤ X ├────»
«                     │                                     └───┘    »
«q0_5: ───────────────┼──────────────────────────────────────────────»
«      ┌───────────┐  │                                              »
«q0_6: ┤ Rz(y[30]) ├──┼──────────────────────────────────────────────»
«      ├───────────┤  │                                              »
«q0_7: ┤ Rz(y[31]) ├──■──────────────────────────────────────────────»
«      └───────────┘                                                 »
«c0: 8/══════════════════════════════════════════════════════════════»
«                                                                    »
«                                                                       
«q0_0: ─────────────────────────────────────────────────────────────────
«                                                                       
«q0_1: ─────────────────────────────────────────────────────────────────
«      ┌───────────┐                                                    
«q0_2: ┤ Rz(y[42]) ├────────────────────────────────────────────────────
«      ├───────────┤┌───────────┐                                       
«q0_3: ┤ Ry(y[35]) ├┤ Rz(y[43]) ├───────────────────────────────────────
«      └───────────┘├───────────┤┌───────────┐                          
«q0_4: ──────■──────┤ Ry(y[36]) ├┤ Rz(y[44]) ├──────────────────────────
«          ┌─┴─┐    └───────────┘├───────────┤┌───────────┐             
«q0_5: ────┤ X ├──────────■──────┤ Ry(y[37]) ├┤ Rz(y[45]) ├─────────────
«          └───┘        ┌─┴─┐    └───────────┘├───────────┤┌───────────┐
«q0_6: ─────────────────┤ X ├──────────■──────┤ Ry(y[38]) ├┤ Rz(y[46]) ├
«                       └───┘        ┌─┴─┐    ├───────────┤├───────────┤
«q0_7: ──────────────────────────────┤ X ├────┤ Ry(y[39]) ├┤ Rz(y[47]) ├
«                                    └───┘    └───────────┘└───────────┘
«c0: 8/═════════════════════════════════════════════════════════════════
«                                                                       
ansatz-state is written to ansatz.txt
building constraints...
number of constraints= 64
unique pauliops 120
graphclique-cliquecover: 120 with commutationmode qubitwise
strategy largest_first 64
strategy random_sequential 66
strategy smallest_last 64
strategy independent_set 67
strategy connected_sequential_bfs 65
strategy connected_sequential_dfs 64
strategy saturation_largest_first 64
number of cliques 64
clique 0 ['XZZZZZZX', 'IIIIIIZI', 'IIIIIZII', 'IIIIZIII', 'IIIZIIII', 'IIZIIIII', 'IZIIIIII']
clique 1 ['YZZZZZZY']
clique 2 ['YZZZZZZX']
clique 3 ['XZZZZZZY']
clique 4 ['IXZZZZZX', 'XXIIIIII']
clique 5 ['IYZZZZZY', 'YYIIIIII']
clique 6 ['IYZZZZZX', 'XYIIIIII']
clique 7 ['IXZZZZZY', 'YXIIIIII']
clique 8 ['IIIIIIXX', 'XZZZZZXI']
clique 9 ['IIIIIIYY', 'YZZZZZYI']
clique 10 ['IIIIIIXY', 'YZZZZZXI']
clique 11 ['IIIIIIYX', 'XZZZZZYI']
clique 12 ['IIIIIIIZ', 'IXZZZZXI', 'ZIIIIIII']
clique 13 ['IYZZZZYI']
clique 14 ['IYZZZZXI']
clique 15 ['IXZZZZYI']
clique 16 ['IIXZZZZX', 'XZXIIIII']
clique 17 ['IIYZZZZY', 'YZYIIIII']
clique 18 ['IIYZZZZX', 'XZYIIIII']
clique 19 ['IIXZZZZY', 'YZXIIIII']
clique 20 ['IIIIIXZX', 'XZZZZXII']
clique 21 ['IIIIIYZY', 'YZZZZYII']
clique 22 ['IIIIIXZY', 'YZZZZXII']
clique 23 ['IIIIIYZX', 'XZZZZYII']
clique 24 ['IIXZZZXI', 'IXXIIIII']
clique 25 ['IIYZZZYI', 'IYYIIIII']
clique 26 ['IIYZZZXI', 'IXYIIIII']
clique 27 ['IIXZZZYI', 'IYXIIIII']
clique 28 ['IIIIIXXI', 'IXZZZXII']
clique 29 ['IIIIIYYI', 'IYZZZYII']
clique 30 ['IIIIIXYI', 'IYZZZXII']
clique 31 ['IIIIIYXI', 'IXZZZYII']
clique 32 ['IIXZZXII']
clique 33 ['IIYZZYII']
clique 34 ['IIYZZXII']
clique 35 ['IIXZZYII']
clique 36 ['IIIXZZZX', 'XZZXIIII']
clique 37 ['IIIYZZZY', 'YZZYIIII']
clique 38 ['IIIYZZZX', 'XZZYIIII']
clique 39 ['IIIXZZZY', 'YZZXIIII']
clique 40 ['IIIIXZZX', 'XZZZXIII']
clique 41 ['IIIIYZZY', 'YZZZYIII']
clique 42 ['IIIIXZZY', 'YZZZXIII']
clique 43 ['IIIIYZZX', 'XZZZYIII']
clique 44 ['IIIXZZXI', 'IXZXIIII']
clique 45 ['IIIYZZYI', 'IYZYIIII']
clique 46 ['IIIYZZXI', 'IXZYIIII']
clique 47 ['IIIXZZYI', 'IYZXIIII']
clique 48 ['IIIIXZXI', 'IXZZXIII']
clique 49 ['IIIIYZYI', 'IYZZYIII']
clique 50 ['IIIIXZYI', 'IYZZXIII']
clique 51 ['IIIIYZXI', 'IXZZYIII']
clique 52 ['IIIXZXII', 'IIXXIIII']
clique 53 ['IIIYZYII', 'IIYYIIII']
clique 54 ['IIIYZXII', 'IIXYIIII']
clique 55 ['IIIXZYII', 'IIYXIIII']
clique 56 ['IIIIXXII', 'IIXZXIII']
clique 57 ['IIIIYYII', 'IIYZYIII']
clique 58 ['IIIIXYII', 'IIYZXIII']
clique 59 ['IIIIYXII', 'IIXZYIII']
clique 60 ['IIIXXIII']
clique 61 ['IIIYYIII']
clique 62 ['IIIYXIII']
clique 63 ['IIIXYIII']
