GS energy with  DMRG -8.62889319896825
N= 6.000000000000001
E= -8.62889319896825
D= [[ 5.00000000e-01+0.j -9.07675093e-13+0.j  4.26078583e-01+0.j
   1.29459426e-12+0.j  1.05649690e-12+0.j  2.07114280e-13+0.j
  -1.82350788e-01+0.j -4.73764537e-13+0.j -4.95747540e-13+0.j
   3.23049727e-13+0.j  1.35379476e-01+0.j  2.42722114e-13+0.j]
 [-9.07656772e-13+0.j  5.00000000e-01+0.j -1.60806907e-12+0.j
   4.26078583e-01+0.j -1.13782022e-12+0.j -3.86421797e-13+0.j
   2.18955511e-13+0.j -1.82350788e-01+0.j  1.34486669e-13+0.j
  -8.24340596e-14+0.j  4.39318462e-13+0.j  1.35379476e-01+0.j]
 [ 4.26078583e-01+0.j -1.60807704e-12+0.j  5.00000000e-01+0.j
   1.06191787e-12+0.j  2.36764811e-01+0.j  1.27831354e-13+0.j
  -2.51613617e-13+0.j -7.21997478e-13+0.j -4.10333437e-02+0.j
   6.09250315e-14+0.j  4.10063693e-13+0.j  1.87371490e-13+0.j]
 [ 1.29459902e-12+0.j  4.26078583e-01+0.j  1.06192183e-12+0.j
   5.00000000e-01+0.j  3.82820426e-13+0.j  2.36764811e-01+0.j
   3.34190789e-13+0.j -2.01123103e-12+0.j -1.78387646e-13+0.j
  -4.10333437e-02+0.j -1.45146623e-13+0.j  1.61791612e-12+0.j]
 [ 1.05661920e-12+0.j -1.13782815e-12+0.j  2.36764811e-01+0.j
   3.82821658e-13+0.j  5.00000000e-01+0.j  1.61133072e-13+0.j
   3.86226351e-01+0.j -6.20855056e-13+0.j  6.74512529e-14+0.j
   3.85541755e-14+0.j -1.82350788e-01+0.j  3.70928213e-13+0.j]
 [ 2.07082072e-13+0.j -3.86529350e-13+0.j  1.27840080e-13+0.j
   2.36764811e-01+0.j  1.61121295e-13+0.j  5.00000000e-01+0.j
   1.17597498e-13+0.j  3.86226351e-01+0.j -3.15067493e-14+0.j
  -1.21638810e-14+0.j -8.74194852e-13+0.j -1.82350788e-01+0.j]
 [-1.82350788e-01+0.j  2.18960272e-13+0.j -2.51595402e-13+0.j
   3.34200003e-13+0.j  3.86226351e-01+0.j  1.17612557e-13+0.j
   5.00000000e-01+0.j -1.83639927e-13+0.j  2.36764811e-01+0.j
   7.58138660e-14+0.j -1.35010276e-13+0.j  1.46672760e-13+0.j]
 [-4.73740551e-13+0.j -1.82350788e-01+0.j -7.22006625e-13+0.j
  -2.01118668e-12+0.j -6.20863044e-13+0.j  3.86226351e-01+0.j
  -1.83557226e-13+0.j  5.00000000e-01+0.j  7.27648232e-13+0.j
   2.36764811e-01+0.j -8.49043956e-14+0.j -7.05301462e-13+0.j]
 [-4.95818664e-13+0.j  1.34482211e-13+0.j -4.10333437e-02+0.j
  -1.78386299e-13+0.j  6.74113543e-14+0.j -3.14943625e-14+0.j
   2.36764811e-01+0.j  7.27643528e-13+0.j  5.00000000e-01+0.j
   1.41791563e-13+0.j  4.26078583e-01+0.j -4.05215105e-13+0.j]
 [ 3.23088950e-13+0.j -8.23993651e-14+0.j  6.09159384e-14+0.j
  -4.10333437e-02+0.j  3.85747217e-14+0.j -1.21777588e-14+0.j
   7.58708387e-14+0.j  2.36764811e-01+0.j  1.41789764e-13+0.j
   5.00000000e-01+0.j -1.09924329e-13+0.j  4.26078583e-01+0.j]
 [ 1.35379476e-01+0.j  4.39316276e-13+0.j  4.10077300e-13+0.j
  -1.45159046e-13+0.j -1.82350788e-01+0.j -8.74132944e-13+0.j
  -1.35014612e-13+0.j -8.49096455e-14+0.j  4.26078583e-01+0.j
  -1.09940249e-13+0.j  5.00000000e-01+0.j -2.73613438e-13+0.j]
 [ 2.42696618e-13+0.j  1.35379476e-01+0.j  1.87376769e-13+0.j
   1.61790269e-12+0.j  3.70943220e-13+0.j -1.82350788e-01+0.j
   1.46648798e-13+0.j -7.05168208e-13+0.j -4.05212264e-13+0.j
   4.26078583e-01+0.j -2.73589064e-13+0.j  5.00000000e-01+0.j]]
W= [0.19143493+0.j 0.20874443+0.j 0.20920033+0.j 0.20920033+0.j
 0.20874443+0.j 0.19143493+0.j]
local approximation with  1 sites
local interactions on sites [[0], [1], [2], [3], [4], [5]]
Functional for interaction on sites [0]
aca-directory for images already exists
aca-directory for images already exists
aca-directory for images already exists
interacting orbitals: [0, 1]
mapping: [0, 1, 2, 3, 4, 5, 6, 7, 8, 9, 10, 11]
aca-directory for images already exists
aca-directory for images already exists
aca-directory for images already exists
orbinteractaca= [0, 1]
aca-directory for images already exists
aca-directory for images already exists
aca-directory for images already exists
aca-directory for images already exists
aca-directory for images already exists
aca-directory for images already exists
aca-directory for images already exists
aca-directory for images already exists
aca-directory for images already exists
aca-directory for images already exists
aca-directory for images already exists
aca-directory for images already exists
aca-directory for images already exists
aca-directory for images already exists
aca-directory for images already exists
aca-directory for images already exists
aca-directory for images already exists
aca-directory for images already exists
aca-directory for images already exists
aca-directory for images already exists
aca-directory for images already exists
aca-directory for images already exists
aca-directory for images already exists
aca-directory for images already exists
aca-directory for images already exists
aca-directory for images already exists
aca-directory for images already exists
aca-directory for images already exists
aca-directory for images already exists
aca-directory for images already exists
aca-directory for images already exists
aca-directory for images already exists
aca-directory for images already exists
aca: level 5  norb= 12
Daca= [[ 5.00000000e-01+0.j -9.07675093e-13+0.j -4.82827476e-01+0.j
   1.77846548e-28+0.j -1.66569143e-28+0.j -5.92711824e-29+0.j
   2.85344460e-17+0.j -8.77804642e-29+0.j  2.24315151e-28+0.j
  -6.30069953e-29+0.j -4.47702074e-17+0.j  4.66422869e-29+0.j]
 [-9.07656772e-13+0.j  5.00000000e-01+0.j -1.08403511e-14+0.j
  -4.82827476e-01+0.j -1.95213463e-28+0.j -2.22758882e-30+0.j
  -6.91585815e-29+0.j -1.72221676e-17+0.j -2.35050037e-29+0.j
  -6.32765709e-30+0.j -7.35864828e-30+0.j  7.51598708e-18+0.j]
 [-4.82827476e-01+0.j -1.08309029e-14+0.j  5.00000000e-01+0.j
   8.83553356e-13+0.j  1.34368867e-02+0.j  5.58908398e-30+0.j
  -2.61821204e-30+0.j -4.31114397e-30+0.j -5.62030431e-19+0.j
  -2.51594334e-30+0.j -4.22514377e-38+0.j -3.15544362e-30+0.j]
 [ 1.20060592e-17+0.j -4.82827476e-01+0.j  8.83582629e-13+0.j
   5.00000000e-01+0.j -8.09597200e-14+0.j  1.34368867e-02+0.j
  -3.92370347e-29+0.j -2.86203099e-29+0.j  4.71336459e-30+0.j
  -4.72280518e-19+0.j  2.52435490e-29+0.j  0.00000000e+00+0.j]
 [ 1.22298005e-16+0.j -7.92786311e-18+0.j  1.34368867e-02+0.j
  -8.09661688e-14+0.j  5.00000000e-01+0.j -4.10463934e-12+0.j
   4.84954492e-01+0.j  3.67867564e-28+0.j -1.39133674e-28+0.j
  -8.82425245e-29+0.j  1.40577361e-16+0.j  9.44894421e-28+0.j]
 [-3.22081388e-17+0.j -1.07552856e-16+0.j  7.97264082e-18+0.j
   1.34368867e-02+0.j -4.10465234e-12+0.j  5.00000000e-01+0.j
  -2.64478035e-14+0.j  4.84954492e-01+0.j -6.60584278e-30+0.j
   5.77578196e-29+0.j -1.65442335e-28+0.j -4.52162557e-17+0.j]
 [ 9.98314839e-17+0.j  1.26515944e-18+0.j -5.27858486e-17+0.j
  -3.85203101e-17+0.j  4.84954492e-01+0.j -2.64800338e-14+0.j
   5.00000000e-01+0.j  4.19371301e-12+0.j  4.14311348e-03+0.j
   2.67865006e-30+0.j  2.84833207e-35+0.j  0.00000000e+00+0.j]
 [ 2.25327506e-17+0.j -1.13672696e-16+0.j  2.98638666e-17+0.j
   4.68476802e-18+0.j -1.37512603e-17+0.j  4.84954492e-01+0.j
   4.19374444e-12+0.j  5.00000000e-01+0.j -5.12726669e-15+0.j
   4.14311348e-03+0.j  1.26217623e-29+0.j  0.00000000e+00+0.j]
 [-7.11236625e-17+0.j -4.45784633e-18+0.j  1.66933382e-16+0.j
   8.86793433e-19+0.j  3.78494843e-17+0.j -1.81693077e-17+0.j
   4.14311348e-03+0.j -5.11972576e-15+0.j  5.00000000e-01+0.j
   1.12267534e-11+0.j  4.92327001e-01+0.j -8.07793567e-28+0.j]
 [ 3.92233890e-17+0.j  3.46944695e-17+0.j  2.41059304e-17+0.j
  -2.62013472e-17+0.j -1.47637704e-17+0.j  2.10775047e-17+0.j
   3.03933780e-17+0.j  4.14311348e-03+0.j  1.12267528e-11+0.j
   5.00000000e-01+0.j  1.58748327e-14+0.j -4.92327001e-01+0.j]
 [ 1.19001080e-17+0.j  4.09552853e-19+0.j -1.86875093e-17+0.j
   1.01994415e-17+0.j  2.56273780e-16+0.j -6.69633822e-17+0.j
   3.86236716e-17+0.j  3.57443104e-17+0.j  4.92327001e-01+0.j
   1.58498071e-14+0.j  5.00000000e-01+0.j  1.12917913e-11+0.j]
 [-2.44170107e-17+0.j  6.35682299e-18+0.j -1.46263784e-17+0.j
   8.48337291e-17+0.j  2.95704626e-20+0.j -7.76459480e-17+0.j
  -7.28604288e-18+0.j -2.11532076e-16+0.j -5.84796657e-18+0.j
  -4.92327001e-01+0.j  1.12917410e-11+0.j  5.00000000e-01+0.j]]
rounding Naca1 to integer
rounding Naca2 to integer
Naca= (3, 3)
nq= 12
variational state:
        ┌──────────┐┌───────────┐┌───┐     ┌───────────┐┌───────────┐»
 q0_0: ─┤ Ry(y[0]) ├┤ Rz(y[12]) ├┤ X ├──■──┤ Ry(y[24]) ├┤ Rz(y[36]) ├»
        ├──────────┤├───────────┤└─┬─┘┌─┴─┐└───────────┘├───────────┤»
 q0_1: ─┤ Ry(y[1]) ├┤ Rz(y[13]) ├──┼──┤ X ├──────■──────┤ Ry(y[25]) ├»
        ├──────────┤├───────────┤  │  └───┘    ┌─┴─┐    └───────────┘»
 q0_2: ─┤ Ry(y[2]) ├┤ Rz(y[14]) ├──┼───────────┤ X ├──────────■──────»
        ├──────────┤├───────────┤  │           └───┘        ┌─┴─┐    »
 q0_3: ─┤ Ry(y[3]) ├┤ Rz(y[15]) ├──┼────────────────────────┤ X ├────»
        ├──────────┤├───────────┤  │                        └───┘    »
 q0_4: ─┤ Ry(y[4]) ├┤ Rz(y[16]) ├──┼─────────────────────────────────»
        ├──────────┤├───────────┤  │                                 »
 q0_5: ─┤ Ry(y[5]) ├┤ Rz(y[17]) ├──┼─────────────────────────────────»
        ├──────────┤├───────────┤  │                                 »
 q0_6: ─┤ Ry(y[6]) ├┤ Rz(y[18]) ├──┼─────────────────────────────────»
        ├──────────┤├───────────┤  │                                 »
 q0_7: ─┤ Ry(y[7]) ├┤ Rz(y[19]) ├──┼─────────────────────────────────»
        ├──────────┤├───────────┤  │                                 »
 q0_8: ─┤ Ry(y[8]) ├┤ Rz(y[20]) ├──┼─────────────────────────────────»
        ├──────────┤├───────────┤  │                                 »
 q0_9: ─┤ Ry(y[9]) ├┤ Rz(y[21]) ├──┼─────────────────────────────────»
       ┌┴──────────┤├───────────┤  │                                 »
q0_10: ┤ Ry(y[10]) ├┤ Rz(y[22]) ├──┼─────────────────────────────────»
       ├───────────┤├───────────┤  │                                 »
q0_11: ┤ Ry(y[11]) ├┤ Rz(y[23]) ├──■─────────────────────────────────»
       └───────────┘└───────────┘                                    »
c0: 12/══════════════════════════════════════════════════════════════»
                                                                     »
«                                                                        »
« q0_0: ─────────────────────────────────────────────────────────────────»
«       ┌───────────┐                                                    »
« q0_1: ┤ Rz(y[37]) ├────────────────────────────────────────────────────»
«       ├───────────┤┌───────────┐                                       »
« q0_2: ┤ Ry(y[26]) ├┤ Rz(y[38]) ├───────────────────────────────────────»
«       └───────────┘├───────────┤┌───────────┐                          »
« q0_3: ──────■──────┤ Ry(y[27]) ├┤ Rz(y[39]) ├──────────────────────────»
«           ┌─┴─┐    └───────────┘├───────────┤┌───────────┐             »
« q0_4: ────┤ X ├──────────■──────┤ Ry(y[28]) ├┤ Rz(y[40]) ├─────────────»
«           └───┘        ┌─┴─┐    └───────────┘├───────────┤┌───────────┐»
« q0_5: ─────────────────┤ X ├──────────■──────┤ Ry(y[29]) ├┤ Rz(y[41]) ├»
«                        └───┘        ┌─┴─┐    └───────────┘├───────────┤»
« q0_6: ──────────────────────────────┤ X ├──────────■──────┤ Ry(y[30]) ├»
«                                     └───┘        ┌─┴─┐    └───────────┘»
« q0_7: ───────────────────────────────────────────┤ X ├──────────■──────»
«                                                  └───┘        ┌─┴─┐    »
« q0_8: ────────────────────────────────────────────────────────┤ X ├────»
«                                                               └───┘    »
« q0_9: ─────────────────────────────────────────────────────────────────»
«                                                                        »
«q0_10: ─────────────────────────────────────────────────────────────────»
«                                                                        »
«q0_11: ─────────────────────────────────────────────────────────────────»
«                                                                        »
«c0: 12/═════════════════════════════════════════════════════════════════»
«                                                                        »
«                                                                        ┌───┐»
« q0_0: ─────────────────────────────────────────────────────────────────┤ X ├»
«                                                                        └─┬─┘»
« q0_1: ───────────────────────────────────────────────────────────────────┼──»
«                                                                          │  »
« q0_2: ───────────────────────────────────────────────────────────────────┼──»
«                                                                          │  »
« q0_3: ───────────────────────────────────────────────────────────────────┼──»
«                                                                          │  »
« q0_4: ───────────────────────────────────────────────────────────────────┼──»
«                                                                          │  »
« q0_5: ───────────────────────────────────────────────────────────────────┼──»
«       ┌───────────┐                                                      │  »
« q0_6: ┤ Rz(y[42]) ├──────────────────────────────────────────────────────┼──»
«       ├───────────┤┌───────────┐                                         │  »
« q0_7: ┤ Ry(y[31]) ├┤ Rz(y[43]) ├─────────────────────────────────────────┼──»
«       └───────────┘├───────────┤┌───────────┐                            │  »
« q0_8: ──────■──────┤ Ry(y[32]) ├┤ Rz(y[44]) ├────────────────────────────┼──»
«           ┌─┴─┐    └───────────┘├───────────┤┌───────────┐               │  »
« q0_9: ────┤ X ├──────────■──────┤ Ry(y[33]) ├┤ Rz(y[45]) ├───────────────┼──»
«           └───┘        ┌─┴─┐    └───────────┘├───────────┤┌───────────┐  │  »
«q0_10: ─────────────────┤ X ├──────────■──────┤ Ry(y[34]) ├┤ Rz(y[46]) ├──┼──»
«                        └───┘        ┌─┴─┐    ├───────────┤├───────────┤  │  »
«q0_11: ──────────────────────────────┤ X ├────┤ Ry(y[35]) ├┤ Rz(y[47]) ├──■──»
«                                     └───┘    └───────────┘└───────────┘     »
«c0: 12/══════════════════════════════════════════════════════════════════════»
«                                                                             »
«            ┌───────────┐┌───────────┐                                       »
« q0_0: ──■──┤ Ry(y[48]) ├┤ Rz(y[60]) ├───────────────────────────────────────»
«       ┌─┴─┐└───────────┘├───────────┤┌───────────┐                          »
« q0_1: ┤ X ├──────■──────┤ Ry(y[49]) ├┤ Rz(y[61]) ├──────────────────────────»
«       └───┘    ┌─┴─┐    └───────────┘├───────────┤┌───────────┐             »
« q0_2: ─────────┤ X ├──────────■──────┤ Ry(y[50]) ├┤ Rz(y[62]) ├─────────────»
«                └───┘        ┌─┴─┐    └───────────┘├───────────┤┌───────────┐»
« q0_3: ──────────────────────┤ X ├──────────■──────┤ Ry(y[51]) ├┤ Rz(y[63]) ├»
«                             └───┘        ┌─┴─┐    └───────────┘├───────────┤»
« q0_4: ───────────────────────────────────┤ X ├──────────■──────┤ Ry(y[52]) ├»
«                                          └───┘        ┌─┴─┐    └───────────┘»
« q0_5: ────────────────────────────────────────────────┤ X ├──────────■──────»
«                                                       └───┘        ┌─┴─┐    »
« q0_6: ─────────────────────────────────────────────────────────────┤ X ├────»
«                                                                    └───┘    »
« q0_7: ──────────────────────────────────────────────────────────────────────»
«                                                                             »
« q0_8: ──────────────────────────────────────────────────────────────────────»
«                                                                             »
« q0_9: ──────────────────────────────────────────────────────────────────────»
«                                                                             »
«q0_10: ──────────────────────────────────────────────────────────────────────»
«                                                                             »
«q0_11: ──────────────────────────────────────────────────────────────────────»
«                                                                             »
«c0: 12/══════════════════════════════════════════════════════════════════════»
«                                                                             »
«                                                                        »
« q0_0: ─────────────────────────────────────────────────────────────────»
«                                                                        »
« q0_1: ─────────────────────────────────────────────────────────────────»
«                                                                        »
« q0_2: ─────────────────────────────────────────────────────────────────»
«                                                                        »
« q0_3: ─────────────────────────────────────────────────────────────────»
«       ┌───────────┐                                                    »
« q0_4: ┤ Rz(y[64]) ├────────────────────────────────────────────────────»
«       ├───────────┤┌───────────┐                                       »
« q0_5: ┤ Ry(y[53]) ├┤ Rz(y[65]) ├───────────────────────────────────────»
«       └───────────┘├───────────┤┌───────────┐                          »
« q0_6: ──────■──────┤ Ry(y[54]) ├┤ Rz(y[66]) ├──────────────────────────»
«           ┌─┴─┐    └───────────┘├───────────┤┌───────────┐             »
« q0_7: ────┤ X ├──────────■──────┤ Ry(y[55]) ├┤ Rz(y[67]) ├─────────────»
«           └───┘        ┌─┴─┐    └───────────┘├───────────┤┌───────────┐»
« q0_8: ─────────────────┤ X ├──────────■──────┤ Ry(y[56]) ├┤ Rz(y[68]) ├»
«                        └───┘        ┌─┴─┐    └───────────┘├───────────┤»
« q0_9: ──────────────────────────────┤ X ├──────────■──────┤ Ry(y[57]) ├»
«                                     └───┘        ┌─┴─┐    └───────────┘»
«q0_10: ───────────────────────────────────────────┤ X ├──────────■──────»
«                                                  └───┘        ┌─┴─┐    »
«q0_11: ────────────────────────────────────────────────────────┤ X ├────»
«                                                               └───┘    »
«c0: 12/═════════════════════════════════════════════════════════════════»
«                                                                        »
«                                 
« q0_0: ──────────────────────────
«                                 
« q0_1: ──────────────────────────
«                                 
« q0_2: ──────────────────────────
«                                 
« q0_3: ──────────────────────────
«                                 
« q0_4: ──────────────────────────
«                                 
« q0_5: ──────────────────────────
«                                 
« q0_6: ──────────────────────────
«                                 
« q0_7: ──────────────────────────
«                                 
« q0_8: ──────────────────────────
«       ┌───────────┐             
« q0_9: ┤ Rz(y[69]) ├─────────────
«       ├───────────┤┌───────────┐
«q0_10: ┤ Ry(y[58]) ├┤ Rz(y[70]) ├
«       ├───────────┤├───────────┤
«q0_11: ┤ Ry(y[59]) ├┤ Rz(y[71]) ├
«       └───────────┘└───────────┘
«c0: 12/══════════════════════════
«                                 
ansatz-state is written to ansatz.txt
building constraints...
number of constraints= 144
unique pauliops 276
graphclique-cliquecover: 276 with commutationmode disjointqubits
strategy largest_first 165
strategy random_sequential 167
strategy smallest_last 165
strategy independent_set 172
strategy connected_sequential_bfs 165
strategy connected_sequential_dfs 165
strategy saturation_largest_first 165
number of cliques 165
clique 0 ['XZZZZZZZZZZX']
clique 1 ['YZZZZZZZZZZY']
clique 2 ['YZZZZZZZZZZX']
clique 3 ['XZZZZZZZZZZY']
clique 4 ['IXZZZZZZZZZX', 'ZIIIIIIIIIII']
clique 5 ['IYZZZZZZZZZY']
clique 6 ['IYZZZZZZZZZX']
clique 7 ['IXZZZZZZZZZY']
clique 8 ['IIIIIIIIIIIZ', 'XZZZZZZZZZXI']
clique 9 ['YZZZZZZZZZYI']
clique 10 ['YZZZZZZZZZXI']
clique 11 ['XZZZZZZZZZYI']
clique 12 ['IXZZZZZZZZXI']
clique 13 ['IYZZZZZZZZYI']
clique 14 ['IYZZZZZZZZXI']
clique 15 ['IXZZZZZZZZYI']
clique 16 ['IIXZZZZZZZZX', 'XXIIIIIIIIII']
clique 17 ['IIYZZZZZZZZY', 'YYIIIIIIIIII']
clique 18 ['IIYZZZZZZZZX', 'YXIIIIIIIIII']
clique 19 ['IIXZZZZZZZZY', 'XYIIIIIIIIII']
clique 20 ['IIIIIIIIIIXX', 'XZZZZZZZZXII']
clique 21 ['IIIIIIIIIIYY', 'YZZZZZZZZYII']
clique 22 ['IIIIIIIIIIYX', 'YZZZZZZZZXII']
clique 23 ['IIIIIIIIIIXY', 'XZZZZZZZZYII']
clique 24 ['IIXZZZZZZZXI', 'IZIIIIIIIIII']
clique 25 ['IIYZZZZZZZYI']
clique 26 ['IIYZZZZZZZXI']
clique 27 ['IIXZZZZZZZYI']
clique 28 ['IIIIIIIIIIZI', 'IXZZZZZZZXII']
clique 29 ['IYZZZZZZZYII']
clique 30 ['IYZZZZZZZXII']
clique 31 ['IXZZZZZZZYII']
clique 32 ['IIXZZZZZZXII']
clique 33 ['IIYZZZZZZYII']
clique 34 ['IIYZZZZZZXII']
clique 35 ['IIXZZZZZZYII']
clique 36 ['IIIXZZZZZZZX', 'XZXIIIIIIIII']
clique 37 ['IIIYZZZZZZZY', 'YZYIIIIIIIII']
clique 38 ['IIIYZZZZZZZX', 'YZXIIIIIIIII']
clique 39 ['IIIXZZZZZZZY', 'XZYIIIIIIIII']
clique 40 ['IIIIIIIIIXZX', 'XZZZZZZZXIII']
clique 41 ['IIIIIIIIIYZY', 'YZZZZZZZYIII']
clique 42 ['IIIIIIIIIYZX', 'YZZZZZZZXIII']
clique 43 ['IIIIIIIIIXZY', 'XZZZZZZZYIII']
clique 44 ['IIIXZZZZZZXI', 'IXXIIIIIIIII']
clique 45 ['IIIYZZZZZZYI', 'IYYIIIIIIIII']
clique 46 ['IIIYZZZZZZXI', 'IYXIIIIIIIII']
clique 47 ['IIIXZZZZZZYI', 'IXYIIIIIIIII']
clique 48 ['IIIIIIIIIXXI', 'IXZZZZZZXIII']
clique 49 ['IIIIIIIIIYYI', 'IYZZZZZZYIII']
clique 50 ['IIIIIIIIIYXI', 'IYZZZZZZXIII']
clique 51 ['IIIIIIIIIXYI', 'IXZZZZZZYIII']
clique 52 ['IIIXZZZZZXII', 'IIZIIIIIIIII']
clique 53 ['IIIYZZZZZYII']
clique 54 ['IIIYZZZZZXII']
clique 55 ['IIIXZZZZZYII']
clique 56 ['IIIIIIIIIZII', 'IIXZZZZZXIII']
clique 57 ['IIYZZZZZYIII']
clique 58 ['IIYZZZZZXIII']
clique 59 ['IIXZZZZZYIII']
clique 60 ['IIIIXZZZZZZX', 'XZZXIIIIIIII']
clique 61 ['IIIIYZZZZZZY', 'YZZYIIIIIIII']
clique 62 ['IIIIYZZZZZZX', 'YZZXIIIIIIII']
clique 63 ['IIIIXZZZZZZY', 'XZZYIIIIIIII']
clique 64 ['IIIIIIIIXZZX', 'XZZZZZZXIIII']
clique 65 ['IIIIIIIIYZZY', 'YZZZZZZYIIII']
clique 66 ['IIIIIIIIYZZX', 'YZZZZZZXIIII']
clique 67 ['IIIIIIIIXZZY', 'XZZZZZZYIIII']
clique 68 ['IIIIXZZZZZXI', 'IXZXIIIIIIII']
clique 69 ['IIIIYZZZZZYI', 'IYZYIIIIIIII']
clique 70 ['IIIIYZZZZZXI', 'IYZXIIIIIIII']
clique 71 ['IIIIXZZZZZYI', 'IXZYIIIIIIII']
clique 72 ['IIIIIIIIXZXI', 'IXZZZZZXIIII']
clique 73 ['IIIIIIIIYZYI', 'IYZZZZZYIIII']
clique 74 ['IIIIIIIIYZXI', 'IYZZZZZXIIII']
clique 75 ['IIIIIIIIXZYI', 'IXZZZZZYIIII']
clique 76 ['IIIXZZZZXIII']
clique 77 ['IIIYZZZZYIII']
clique 78 ['IIIYZZZZXIII']
clique 79 ['IIIXZZZZYIII']
clique 80 ['IIIIXZZZZXII', 'IIXXIIIIIIII']
clique 81 ['IIIIYZZZZYII', 'IIYYIIIIIIII']
clique 82 ['IIIIYZZZZXII', 'IIYXIIIIIIII']
clique 83 ['IIIIXZZZZYII', 'IIXYIIIIIIII']
clique 84 ['IIIIIIIIXXII', 'IIXZZZZXIIII']
clique 85 ['IIIIIIIIYYII', 'IIYZZZZYIIII']
clique 86 ['IIIIIIIIYXII', 'IIYZZZZXIIII']
clique 87 ['IIIIIIIIXYII', 'IIXZZZZYIIII']
clique 88 ['IIIIXZZZXIII', 'IIIZIIIIIIII']
clique 89 ['IIIIYZZZYIII']
clique 90 ['IIIIYZZZXIII']
clique 91 ['IIIIXZZZYIII']
clique 92 ['IIIIIIIIZIII', 'IIIXZZZXIIII']
clique 93 ['IIIYZZZYIIII']
clique 94 ['IIIYZZZXIIII']
clique 95 ['IIIXZZZYIIII']
clique 96 ['IIIIIXZZZZZX', 'XZZZXIIIIIII']
clique 97 ['IIIIIYZZZZZY', 'YZZZYIIIIIII']
clique 98 ['IIIIIYZZZZZX', 'YZZZXIIIIIII']
clique 99 ['IIIIIXZZZZZY', 'XZZZYIIIIIII']
clique 100 ['IIIIIIIXZZZX', 'XZZZZZXIIIII']
clique 101 ['IIIIIIIYZZZY', 'YZZZZZYIIIII']
clique 102 ['IIIIIIIYZZZX', 'YZZZZZXIIIII']
clique 103 ['IIIIIIIXZZZY', 'XZZZZZYIIIII']
clique 104 ['IIIIIXZZZZXI', 'IXZZXIIIIIII']
clique 105 ['IIIIIYZZZZYI', 'IYZZYIIIIIII']
clique 106 ['IIIIIYZZZZXI', 'IYZZXIIIIIII']
clique 107 ['IIIIIXZZZZYI', 'IXZZYIIIIIII']
clique 108 ['IIIIIIIXZZXI', 'IXZZZZXIIIII']
clique 109 ['IIIIIIIYZZYI', 'IYZZZZYIIIII']
clique 110 ['IIIIIIIYZZXI', 'IYZZZZXIIIII']
clique 111 ['IIIIIIIXZZYI', 'IXZZZZYIIIII']
clique 112 ['IIIIIXZZZXII', 'IIXZXIIIIIII']
clique 113 ['IIIIIYZZZYII', 'IIYZYIIIIIII']
clique 114 ['IIIIIYZZZXII', 'IIYZXIIIIIII']
clique 115 ['IIIIIXZZZYII', 'IIXZYIIIIIII']
clique 116 ['IIIIIIIXZXII', 'IIXZZZXIIIII']
clique 117 ['IIIIIIIYZYII', 'IIYZZZYIIIII']
clique 118 ['IIIIIIIYZXII', 'IIYZZZXIIIII']
clique 119 ['IIIIIIIXZYII', 'IIXZZZYIIIII']
clique 120 ['IIIIXZZXIIII']
clique 121 ['IIIIYZZYIIII']
clique 122 ['IIIIYZZXIIII']
clique 123 ['IIIIXZZYIIII']
clique 124 ['IIIIIXZZXIII', 'IIIXXIIIIIII']
clique 125 ['IIIIIYZZYIII', 'IIIYYIIIIIII']
clique 126 ['IIIIIYZZXIII', 'IIIYXIIIIIII']
clique 127 ['IIIIIXZZYIII', 'IIIXYIIIIIII']
clique 128 ['IIIIIIIXXIII', 'IIIXZZXIIIII']
clique 129 ['IIIIIIIYYIII', 'IIIYZZYIIIII']
clique 130 ['IIIIIIIYXIII', 'IIIYZZXIIIII']
clique 131 ['IIIIIIIXYIII', 'IIIXZZYIIIII']
clique 132 ['IIIIIIXZZZZX', 'XZZZZXIIIIII']
clique 133 ['IIIIIIYZZZZY', 'YZZZZYIIIIII']
clique 134 ['IIIIIIYZZZZX', 'YZZZZXIIIIII']
clique 135 ['IIIIIIXZZZZY', 'XZZZZYIIIIII']
clique 136 ['IIIIIIXZZZXI', 'IXZZZXIIIIII']
clique 137 ['IIIIIIYZZZYI', 'IYZZZYIIIIII']
clique 138 ['IIIIIIYZZZXI', 'IYZZZXIIIIII']
clique 139 ['IIIIIIXZZZYI', 'IXZZZYIIIIII']
clique 140 ['IIIIIIXZZXII', 'IIXZZXIIIIII']
clique 141 ['IIIIIIYZZYII', 'IIYZZYIIIIII']
clique 142 ['IIIIIIYZZXII', 'IIYZZXIIIIII']
clique 143 ['IIIIIIXZZYII', 'IIXZZYIIIIII']
clique 144 ['IIIIIXZXIIII', 'IIIIZIIIIIII']
clique 145 ['IIIIIYZYIIII']
clique 146 ['IIIIIYZXIIII']
clique 147 ['IIIIIXZYIIII']
clique 148 ['IIIIIIIZIIII', 'IIIIXZXIIIII']
clique 149 ['IIIIYZYIIIII']
clique 150 ['IIIIYZXIIIII']
clique 151 ['IIIIXZYIIIII']
clique 152 ['IIIIIIXZXIII', 'IIIXZXIIIIII']
clique 153 ['IIIIIIYZYIII', 'IIIYZYIIIIII']
clique 154 ['IIIIIIYZXIII', 'IIIYZXIIIIII']
clique 155 ['IIIIIIXZYIII', 'IIIXZYIIIIII']
clique 156 ['IIIIIXXIIIII']
clique 157 ['IIIIIYYIIIII']
clique 158 ['IIIIIYXIIIII']
clique 159 ['IIIIIXYIIIII']
clique 160 ['IIIIIIXXIIII', 'IIIIXXIIIIII']
clique 161 ['IIIIIIYYIIII', 'IIIIYYIIIIII']
clique 162 ['IIIIIIYXIIII', 'IIIIYXIIIIII']
clique 163 ['IIIIIIXYIIII', 'IIIIXYIIIIII']
clique 164 ['IIIIIIZIIIII', 'IIIIIZIIIIII']
