GS energy with  DMRG -14.766274432971091
N= 10.000000000000014
E= -14.766274432971091
D= [[ 5.00000000e-01+0.j -1.30186604e-12+0.j  4.20049756e-01+0.j
  -6.13259243e-13+0.j  2.30917716e-14+0.j  2.10936120e-14+0.j
  -1.69644913e-01+0.j  2.49220974e-13+0.j -1.29789842e-14+0.j
  -1.00726911e-14+0.j  1.13612483e-01+0.j -1.71071281e-13+0.j
   1.21636642e-14+0.j  7.29449960e-15+0.j -9.02593228e-02+0.j
   1.40689380e-13+0.j  8.09075029e-15+0.j -4.69476930e-15+0.j
   7.90951304e-02+0.j -1.30297365e-13+0.j]
 [-1.30188310e-12+0.j  5.00000000e-01+0.j  6.14704894e-13+0.j
   4.20049769e-01+0.j  2.02229894e-14+0.j  6.22592256e-15+0.j
  -2.48857442e-13+0.j -1.69644919e-01+0.j -8.45131972e-15+0.j
   1.24119465e-15+0.j  1.68899108e-13+0.j  1.13612660e-01+0.j
   6.48853046e-15+0.j -1.99232991e-15+0.j -1.39515251e-13+0.j
  -9.02597127e-02+0.j -3.63680606e-15+0.j -9.28077060e-16+0.j
   1.26798010e-13+0.j  7.90951965e-02+0.j]
 [ 4.20049756e-01+0.j  6.14694078e-13+0.j  5.00000000e-01+0.j
   9.69412227e-13+0.j  2.44638157e-01+0.j -1.85033126e-15+0.j
   2.40698845e-13+0.j -3.77326717e-13+0.j -5.25418624e-02+0.j
   2.07113793e-15+0.j -1.61344950e-13+0.j  2.51359436e-13+0.j
   2.04337624e-02+0.j -2.33019227e-15+0.j  9.98566464e-14+0.j
  -1.99654766e-13+0.j -7.78904331e-03+0.j  9.08426974e-16+0.j
  -1.66481697e-13+0.j  1.75546029e-13+0.j]
 [-6.13256716e-13+0.j  4.20049769e-01+0.j  9.69432307e-13+0.j
   5.00000000e-01+0.j -4.64386132e-16+0.j  2.44638154e-01+0.j
  -3.76553146e-13+0.j  1.56731480e-13+0.j -1.36519390e-15+0.j
  -5.25418413e-02+0.j  2.50578260e-13+0.j -1.04563927e-13+0.j
   1.69013267e-15+0.j  2.04340383e-02+0.j -1.99055686e-13+0.j
   8.21819961e-14+0.j -1.01341270e-15+0.j -7.78915238e-03+0.j
   1.75126701e-13+0.j -7.80868883e-14+0.j]
 [ 2.30379951e-14+0.j  2.01295461e-14+0.j  2.44638157e-01+0.j
  -4.63129749e-16+0.j  5.00000000e-01+0.j -7.42678899e-14+0.j
   3.68901810e-01+0.j -1.23213058e-15+0.j  1.37832454e-14+0.j
   2.02880444e-14+0.j -1.50691546e-01+0.j  4.60302958e-15+0.j
  -7.64232427e-15+0.j -1.09368578e-14+0.j  1.06793513e-01+0.j
  -8.98903747e-15+0.j  4.56201917e-14+0.j  6.35726499e-15+0.j
  -9.02600089e-02+0.j  1.38362955e-14+0.j]
 [ 2.11596610e-14+0.j  6.27536217e-15+0.j -1.85018518e-15+0.j
   2.44638154e-01+0.j -7.42697986e-14+0.j  5.00000000e-01+0.j
   3.45082078e-15+0.j  3.68901789e-01+0.j  1.84181090e-14+0.j
   7.67615138e-16+0.j -3.89951251e-15+0.j -1.50691452e-01+0.j
  -1.01868881e-14+0.j -5.19549681e-15+0.j  8.38893205e-15+0.j
   1.06793601e-01+0.j  5.38496458e-15+0.j -8.81066053e-15+0.j
  -1.19260196e-14+0.j -9.02594929e-02+0.j]
 [-1.69644913e-01+0.j -2.48849783e-13+0.j  2.40721234e-13+0.j
  -3.76548612e-13+0.j  3.68901810e-01+0.j  3.49567424e-15+0.j
   5.00000000e-01+0.j  2.11494429e-13+0.j  2.65844008e-01+0.j
  -3.81469870e-15+0.j  5.69082542e-14+0.j -1.26620557e-13+0.j
  -6.05992546e-02+0.j  3.66728625e-15+0.j -9.65019622e-14+0.j
   9.93903259e-14+0.j  2.04343039e-02+0.j -8.02339764e-16+0.j
  -6.10471417e-14+0.j -8.81414405e-14+0.j]
 [ 2.49170105e-13+0.j -1.69644919e-01+0.j -3.77327628e-13+0.j
   1.56815072e-13+0.j -1.28351106e-15+0.j  3.68901789e-01+0.j
   2.11476938e-13+0.j  5.00000000e-01+0.j  1.26804028e-15+0.j
   2.65843997e-01+0.j -1.25042020e-13+0.j  4.05347143e-14+0.j
  -2.99476201e-15+0.j -6.05993116e-02+0.j  9.82350627e-14+0.j
  -2.25830774e-14+0.j  2.15767600e-15+0.j  2.04338924e-02+0.j
  -8.67819283e-14+0.j  2.19515777e-14+0.j]
 [-1.29512286e-14+0.j -8.43420473e-15+0.j -5.25418624e-02+0.j
  -1.36149650e-15+0.j  1.37411783e-14+0.j  1.84143727e-14+0.j
   2.65844008e-01+0.j  1.25404026e-15+0.j  5.00000000e-01+0.j
  -3.93673573e-14+0.j  3.60953121e-01+0.j -5.02169773e-15+0.j
   1.22120196e-14+0.j  1.43338674e-14+0.j -1.50691549e-01+0.j
   9.22083711e-15+0.j  1.24796007e-14+0.j -7.99911163e-15+0.j
   1.13612552e-01+0.j -1.12072355e-14+0.j]
 [-1.00819406e-14+0.j  1.19739288e-15+0.j  2.07341605e-15+0.j
  -5.25418413e-02+0.j  2.02876099e-14+0.j  8.04044331e-16+0.j
  -3.81509471e-15+0.j  2.65843997e-01+0.j -3.93340078e-14+0.j
   5.00000000e-01+0.j  6.20968474e-15+0.j  3.60953122e-01+0.j
   1.39799563e-14+0.j -9.56006108e-15+0.j -1.04623516e-14+0.j
  -1.50691624e-01+0.j -6.11675871e-15+0.j  4.31946146e-15+0.j
   1.37006585e-14+0.j  1.13612377e-01+0.j]
 [ 1.13612483e-01+0.j  1.68912608e-13+0.j -1.61358286e-13+0.j
   2.50577949e-13+0.j -1.50691546e-01+0.j -3.89096630e-15+0.j
   5.69721137e-14+0.j -1.25043676e-13+0.j  3.60953121e-01+0.j
   6.22535700e-15+0.j  5.00000000e-01+0.j  1.12341927e-13+0.j
   2.65844013e-01+0.j -5.84667956e-15+0.j  2.24988214e-14+0.j
  -7.89779399e-14+0.j -5.25418523e-02+0.j  5.14586446e-15+0.j
  -1.95830765e-14+0.j  6.95679296e-14+0.j]
 [-1.71070939e-13+0.j  1.13612660e-01+0.j  2.51362135e-13+0.j
  -1.04585435e-13+0.j  4.61567270e-15+0.j -1.50691452e-01+0.j
  -1.26612738e-13+0.j  4.04205478e-14+0.j -4.97964658e-15+0.j
   3.60953122e-01+0.j  1.12243906e-13+0.j  5.00000000e-01+0.j
   5.53404624e-15+0.j  2.65844030e-01+0.j -7.89461188e-14+0.j
   2.01266954e-14+0.j -3.95554485e-15+0.j -5.25418686e-02+0.j
   6.85334995e-14+0.j -1.79594477e-14+0.j]
 [ 1.21200792e-14+0.j  6.50747725e-15+0.j  2.04337624e-02+0.j
   1.68942942e-15+0.j -7.61543606e-15+0.j -1.02207178e-14+0.j
  -6.05992546e-02+0.j -2.99921491e-15+0.j  1.21582432e-14+0.j
   1.39725521e-14+0.j  2.65844013e-01+0.j  5.53455602e-15+0.j
   5.00000000e-01+0.j -2.79744015e-14+0.j  3.68901800e-01+0.j
  -1.07331290e-14+0.j  3.28990307e-15+0.j  9.56852293e-15+0.j
  -1.69644894e-01+0.j  1.41889289e-14+0.j]
 [ 7.29960666e-15+0.j -2.02789174e-15+0.j -2.33193062e-15+0.j
   2.04340383e-02+0.j -1.09696931e-14+0.j -5.12177106e-15+0.j
   3.66958803e-15+0.j -6.05993116e-02+0.j  1.43237311e-14+0.j
  -9.52189716e-15+0.j -5.84709464e-15+0.j  2.65844030e-01+0.j
  -2.78164339e-14+0.j  5.00000000e-01+0.j  1.09771036e-14+0.j
   3.68901816e-01+0.j  8.84046247e-15+0.j -4.92661467e-15+0.j
  -1.46130035e-14+0.j -1.69644893e-01+0.j]
 [-9.02593228e-02+0.j -1.39517030e-13+0.j  9.98757826e-14+0.j
  -1.99056278e-13+0.j  1.06793513e-01+0.j  8.40627424e-15+0.j
  -9.65490708e-14+0.j  9.82354590e-14+0.j -1.50691549e-01+0.j
  -1.04455254e-14+0.j  2.24278061e-14+0.j -7.89803432e-14+0.j
   3.68901800e-01+0.j  1.09046234e-14+0.j  5.00000000e-01+0.j
   8.56815903e-14+0.j  2.44638158e-01+0.j -6.15679598e-15+0.j
   6.60734488e-15+0.j -6.84443409e-14+0.j]
 [ 1.40699150e-13+0.j -9.02597127e-02+0.j -1.99659494e-13+0.j
   8.21845508e-14+0.j -8.98754813e-15+0.j  1.06793601e-01+0.j
   9.93811244e-14+0.j -2.25342883e-14+0.j  9.24097102e-15+0.j
  -1.50691624e-01+0.j -7.89295041e-14+0.j  2.01526621e-14+0.j
  -1.06592892e-14+0.j  3.68901816e-01+0.j  8.57045474e-14+0.j
   5.00000000e-01+0.j  5.86108468e-15+0.j  2.44638157e-01+0.j
  -6.66797347e-14+0.j  2.18808461e-14+0.j]
 [ 8.09725550e-15+0.j -3.63076089e-15+0.j -7.78904331e-03+0.j
  -1.01259372e-15+0.j  4.56540188e-14+0.j  5.39039947e-15+0.j
   2.04343039e-02+0.j  2.15762013e-15+0.j  1.24809017e-14+0.j
  -6.12210107e-15+0.j -5.25418523e-02+0.j -3.95474582e-15+0.j
   3.29857669e-15+0.j  8.84979054e-15+0.j  2.44638158e-01+0.j
   5.84771255e-15+0.j  5.00000000e-01+0.j -2.05089112e-14+0.j
   4.20049755e-01+0.j -1.21124291e-14+0.j]
 [-4.69129528e-15+0.j -9.31546507e-16+0.j  9.08801327e-16+0.j
  -7.78915238e-03+0.j  6.35500420e-15+0.j -8.83494666e-15+0.j
  -8.02321217e-16+0.j  2.04338924e-02+0.j -7.99855272e-15+0.j
   4.36803371e-15+0.j  5.14532137e-15+0.j -5.25418686e-02+0.j
   9.57174642e-15+0.j -4.98559527e-15+0.j -6.15822760e-15+0.j
   2.44638157e-01+0.j -2.05189840e-14+0.j  5.00000000e-01+0.j
   1.22874276e-14+0.j  4.20049744e-01+0.j]
 [ 7.90951304e-02+0.j  1.26802486e-13+0.j -1.66498969e-13+0.j
   1.75126767e-13+0.j -9.02600089e-02+0.j -1.19476204e-14+0.j
  -6.10249698e-14+0.j -8.67798076e-14+0.j  1.13612552e-01+0.j
   1.36852646e-14+0.j -1.94776378e-14+0.j  6.85602967e-14+0.j
  -1.69644894e-01+0.j -1.45719412e-14+0.j  6.54619588e-15+0.j
  -6.66770048e-14+0.j  4.20049755e-01+0.j  1.22418826e-14+0.j
   5.00000000e-01+0.j  8.50270463e-14+0.j]
 [-1.30310425e-13+0.j  7.90951965e-02+0.j  1.75549782e-13+0.j
  -7.80914056e-14+0.j  1.38407038e-14+0.j -9.02594929e-02+0.j
  -8.81330667e-14+0.j  2.19123686e-14+0.j -1.12131648e-14+0.j
   1.13612377e-01+0.j  6.95302611e-14+0.j -1.79572814e-14+0.j
   1.41627647e-14+0.j -1.69644893e-01+0.j -6.84518992e-14+0.j
   2.19155056e-14+0.j -1.20790490e-14+0.j  4.20049744e-01+0.j
   8.50284471e-14+0.j  5.00000000e-01+0.j]]
W= [0.19162834+0.j 0.20984444+0.j 0.21024955+0.j 0.21239985+0.j
 0.21238177+0.j 0.21238176+0.j 0.21239984+0.j 0.21024955+0.j
 0.20984444+0.j 0.19162834+0.j]
local approximation with  1 sites
local interactions on sites [[0], [1], [2], [3], [4], [5], [6], [7], [8], [9]]
Functional for interaction on sites [0]
aca-directory for images already exists
aca-directory for images already exists
aca-directory for images already exists
interacting orbitals: [0, 1]
mapping: [0, 1, 2, 3, 4, 5, 6, 7, 8, 9, 10, 11, 12, 13, 14, 15, 16, 17, 18, 19]
aca-directory for images already exists
aca-directory for images already exists
aca-directory for images already exists
orbinteractaca= [0, 1]
aca-directory for images already exists
aca-directory for images already exists
aca-directory for images already exists
aca-directory for images already exists
aca-directory for images already exists
aca-directory for images already exists
aca-directory for images already exists
aca-directory for images already exists
aca-directory for images already exists
aca-directory for images already exists
aca-directory for images already exists
aca-directory for images already exists
aca-directory for images already exists
aca-directory for images already exists
aca-directory for images already exists
aca-directory for images already exists
aca-directory for images already exists
aca-directory for images already exists
aca-directory for images already exists
aca-directory for images already exists
aca-directory for images already exists
aca-directory for images already exists
aca-directory for images already exists
aca-directory for images already exists
aca-directory for images already exists
aca-directory for images already exists
aca-directory for images already exists
aca-directory for images already exists
aca-directory for images already exists
aca-directory for images already exists
aca-directory for images already exists
aca-directory for images already exists
aca-directory for images already exists
aca-directory for images already exists
aca-directory for images already exists
aca-directory for images already exists
aca-directory for images already exists
aca-directory for images already exists
aca-directory for images already exists
aca-directory for images already exists
aca-directory for images already exists
aca-directory for images already exists
aca-directory for images already exists
aca-directory for images already exists
aca-directory for images already exists
aca-directory for images already exists
aca-directory for images already exists
aca-directory for images already exists
aca-directory for images already exists
aca-directory for images already exists
aca-directory for images already exists
aca-directory for images already exists
aca-directory for images already exists
aca-directory for images already exists
aca-directory for images already exists
aca-directory for images already exists
aca-directory for images already exists
aca: level 9  norb= 20
Daca= [[ 5.00000000e-01+0.j -1.30186604e-12+0.j -4.82215486e-01+0.j
   1.28916435e-28+0.j  3.36505678e-30+0.j -1.45343733e-30+0.j
  -3.74520133e-17+0.j  5.60024444e-29+0.j -2.36278288e-32+0.j
  -2.51323838e-30+0.j  2.10865162e-17+0.j  4.03134189e-29+0.j
   2.39272043e-30+0.j  1.51621335e-31+0.j -1.87181955e-18+0.j
   1.28879610e-29+0.j  7.41250265e-31+0.j -2.18558450e-31+0.j
   7.32028959e-18+0.j  3.12883508e-29+0.j]
 [-1.30188310e-12+0.j  5.00000000e-01+0.j  1.74347589e-16+0.j
  -4.82215625e-01+0.j -1.32420331e-30+0.j -4.54994235e-31+0.j
  -4.41548979e-29+0.j  7.19504806e-18+0.j -1.24853866e-30+0.j
  -2.09663192e-31+0.j  4.08268831e-29+0.j  1.05403428e-18+0.j
   1.25549905e-30+0.j  3.41940679e-32+0.j  2.16346455e-29+0.j
   8.28931496e-18+0.j  5.84532829e-33+0.j  2.32532321e-32+0.j
  -8.29224181e-31+0.j -2.37437853e-17+0.j]
 [-4.82215486e-01+0.j  1.82216562e-16+0.j  5.00000000e-01+0.j
   1.28444275e-12+0.j  1.60865943e-02+0.j -1.61786034e-30+0.j
   7.07257826e-31+0.j  8.53114624e-31+0.j  1.56882877e-18+0.j
  -4.72437144e-31+0.j  6.57730282e-31+0.j -7.38203306e-31+0.j
  -2.35835136e-18+0.j  1.12770698e-31+0.j -1.03484812e-30+0.j
   4.71696187e-31+0.j  3.14211752e-19+0.j -2.14221660e-32+0.j
   2.36658272e-30+0.j  0.00000000e+00+0.j]
 [-1.62066543e-17+0.j -4.82215625e-01+0.j  1.28444711e-12+0.j
   5.00000000e-01+0.j  9.66431093e-16+0.j  1.60864533e-02+0.j
   4.21886752e-31+0.j -3.88508382e-31+0.j -8.85882852e-31+0.j
  -3.58393540e-19+0.j -1.28306648e-30+0.j  1.65973636e-31+0.j
   2.81729113e-31+0.j  5.95749596e-19+0.j -6.67294425e-31+0.j
   3.47169967e-31+0.j  1.27562681e-30+0.j  8.77027593e-20+0.j
   7.88860906e-31+0.j  0.00000000e+00+0.j]
 [-5.37764278e-17+0.j -9.34432983e-17+0.j  1.60865943e-02+0.j
   9.54772643e-16+0.j  5.00000000e-01+0.j -5.85753348e-13+0.j
   4.80797740e-01+0.j  1.93030705e-29+0.j -8.75833498e-30+0.j
  -1.24731144e-29+0.j -4.73575532e-17+0.j  3.35868138e-29+0.j
   2.47573813e-30+0.j  1.44431982e-29+0.j  1.47840625e-17+0.j
   1.78007850e-29+0.j -7.04405434e-33+0.j -6.67819538e-30+0.j
  -1.12250943e-16+0.j  1.45620917e-29+0.j]
 [ 6.60490175e-17+0.j  4.94396191e-17+0.j  6.36158314e-18+0.j
   1.60864533e-02+0.j -5.85731840e-13+0.j  5.00000000e-01+0.j
  -6.89471108e-16+0.j  4.80797551e-01+0.j  6.62014778e-30+0.j
  -1.37639535e-29+0.j  7.41280662e-29+0.j  4.51967445e-17+0.j
  -1.38816404e-29+0.j  2.32861925e-29+0.j -6.64195148e-29+0.j
  -4.10294748e-17+0.j  9.75223584e-30+0.j  4.37866159e-29+0.j
   1.20927190e-28+0.j  7.15291138e-17+0.j]
 [ 2.34032211e-16+0.j  4.14562236e-18+0.j  6.46866743e-18+0.j
   1.17128850e-17+0.j  4.80797740e-01+0.j -6.90454824e-16+0.j
   5.00000000e-01+0.j  5.93712943e-13+0.j  8.42230263e-03+0.j
   1.24313935e-30+0.j  6.40475861e-31+0.j -1.10748378e-31+0.j
  -1.18367205e-18+0.j  1.15060439e-31+0.j -4.90307029e-30+0.j
   2.83561958e-31+0.j  8.81447153e-19+0.j -1.16178735e-30+0.j
  -7.20765557e-39+0.j -1.57772181e-30+0.j]
 [-4.73468213e-17+0.j  5.13289244e-16+0.j -9.87616887e-18+0.j
  -1.25256787e-16+0.j -1.23778615e-18+0.j  4.80797551e-01+0.j
   5.93668118e-13+0.j  5.00000000e-01+0.j -1.58168818e-15+0.j
   8.42240578e-03+0.j  2.33949325e-31+0.j -1.48024271e-31+0.j
   2.07555277e-30+0.j  9.46941916e-19+0.j -1.61304913e-30+0.j
   6.79057185e-30+0.j  6.61332656e-31+0.j -1.26981592e-18+0.j
  -9.16754569e-39+0.j  1.57772181e-30+0.j]
 [ 2.77555756e-17+0.j  1.71149898e-17+0.j -1.23004709e-16+0.j
   5.18199291e-18+0.j  3.13832381e-17+0.j -1.28075372e-17+0.j
   8.42230263e-03+0.j -1.53359291e-15+0.j  5.00000000e-01+0.j
  -7.37927076e-13+0.j  4.88995526e-01+0.j -5.06652835e-29+0.j
   1.67656075e-28+0.j  3.06528756e-29+0.j  5.89393750e-17+0.j
  -3.78900592e-29+0.j  4.96924341e-28+0.j -5.68906282e-29+0.j
  -1.46940345e-16+0.j  3.05624917e-28+0.j]
 [-9.24953133e-18+0.j -4.38017678e-17+0.j -1.09895877e-17+0.j
  -8.14351440e-17+0.j  7.01227276e-18+0.j -2.20142822e-17+0.j
  -6.37673409e-17+0.j  8.42240578e-03+0.j -7.37874714e-13+0.j
   5.00000000e-01+0.j  2.11056453e-15+0.j  4.88995590e-01+0.j
  -2.00466279e-29+0.j -3.50445847e-29+0.j -2.44071499e-29+0.j
  -2.76405676e-17+0.j  4.57664863e-29+0.j -4.94305428e-29+0.j
   7.28098502e-29+0.j  3.46181066e-17+0.j]
 [ 4.60231661e-17+0.j  1.58534074e-17+0.j  7.99266608e-17+0.j
  -4.17121863e-17+0.j -6.01525486e-17+0.j -1.15583006e-17+0.j
  -1.18288718e-16+0.j  6.07641181e-17+0.j  4.88995526e-01+0.j
   2.07819239e-15+0.j  5.00000000e-01+0.j  7.43112447e-13+0.j
   3.20471357e-03+0.j -6.44431166e-31+0.j  7.29064151e-31+0.j
   9.69161149e-33+0.j  7.24717433e-20+0.j  5.60300227e-31+0.j
   6.31088721e-30+0.j -7.88860905e-31+0.j]
 [-2.01739724e-18+0.j -9.73142615e-17+0.j  3.72418274e-17+0.j
  -2.60811279e-17+0.j  2.59860185e-17+0.j  1.49280153e-16+0.j
  -5.57585820e-17+0.j  7.43688803e-17+0.j -8.04103973e-19+0.j
   4.88995590e-01+0.j  7.43116087e-13+0.j  5.00000000e-01+0.j
  -6.38544883e-16+0.j  3.20488491e-03+0.j  2.50150037e-32+0.j
   2.90986847e-31+0.j  1.11071896e-30+0.j  3.88569858e-19+0.j
  -7.88860854e-31+0.j  0.00000000e+00+0.j]
 [-4.35849273e-17+0.j  1.89467917e-17+0.j -1.69509858e-17+0.j
  -2.45589760e-17+0.j -7.61217011e-17+0.j  6.94304665e-17+0.j
   3.98892845e-17+0.j  3.09715963e-17+0.j -7.32272320e-18+0.j
  -3.31357789e-17+0.j  3.20471357e-03+0.j -6.09775497e-16+0.j
   5.00000000e-01+0.j -8.56539256e-13+0.j -4.92294276e-01+0.j
   2.15271100e-28+0.j -1.11279614e-27+0.j  2.19569991e-29+0.j
   2.95226752e-18+0.j  1.28751299e-28+0.j]
 [ 5.10705992e-18+0.j -3.55618313e-17+0.j  2.72549879e-17+0.j
  -8.64759863e-18+0.j -2.29054929e-17+0.j -4.68993787e-17+0.j
  -2.75809881e-17+0.j  7.58540640e-17+0.j  8.25277205e-17+0.j
  -1.19977878e-16+0.j -1.54092960e-17+0.j  3.20488491e-03+0.j
  -8.56518827e-13+0.j  5.00000000e-01+0.j  1.99422896e-15+0.j
  -4.92294437e-01+0.j  6.43177619e-29+0.j -4.87181635e-29+0.j
   2.02969485e-28+0.j  1.18420002e-16+0.j]
 [ 6.70834386e-17+0.j -3.64770067e-18+0.j -5.16248140e-17+0.j
   5.61371409e-18+0.j -1.54895153e-17+0.j  2.84296440e-17+0.j
   1.32565436e-17+0.j  2.48134800e-17+0.j  2.96549666e-16+0.j
  -2.85662208e-17+0.j  2.61856301e-17+0.j -1.55167276e-17+0.j
  -4.92294276e-01+0.j  1.99086353e-15+0.j  5.00000000e-01+0.j
   8.60025583e-13+0.j -1.29268676e-03+0.j  8.44664791e-32+0.j
  -3.75739346e-39+0.j  0.00000000e+00+0.j]
 [ 1.16435528e-17+0.j  1.05672416e-16+0.j -8.12666211e-18+0.j
   9.53663727e-18+0.j -2.91501243e-17+0.j  5.61150398e-17+0.j
  -6.06945867e-18+0.j -3.87064500e-18+0.j -8.40704530e-20+0.j
  -8.04240352e-17+0.j  1.14653582e-17+0.j  8.06109375e-17+0.j
  -2.91154570e-17+0.j -4.92294437e-01+0.j  8.59984216e-13+0.j
   5.00000000e-01+0.j -1.00485207e-15+0.j -1.29269977e-03+0.j
  -2.46519121e-32+0.j  0.00000000e+00+0.j]
 [ 6.50521303e-18+0.j  6.04516785e-18+0.j -5.12347151e-17+0.j
   5.62521465e-18+0.j -4.39647861e-17+0.j -6.46746592e-18+0.j
   2.72213688e-17+0.j  4.76615940e-18+0.j -4.80013965e-17+0.j
  -2.63093717e-17+0.j -1.04613457e-16+0.j -1.20227389e-17+0.j
  -2.65280379e-17+0.j  4.24891006e-17+0.j -1.29268676e-03+0.j
  -1.01698798e-15+0.j  5.00000000e-01+0.j -8.67282418e-13+0.j
  -4.93673485e-01+0.j  4.03896783e-28+0.j]
 [ 3.47402372e-18+0.j -3.46944695e-18+0.j -1.09450143e-17+0.j
  -8.93961934e-17+0.j -4.22095621e-18+0.j  6.56994640e-17+0.j
   5.82239309e-19+0.j  2.12542150e-16+0.j  3.16946843e-17+0.j
  -6.69162811e-17+0.j  6.81692076e-18+0.j -1.23923064e-16+0.j
  -2.90706975e-17+0.j -9.11869367e-17+0.j  1.99408073e-17+0.j
  -1.29269977e-03+0.j -8.67197386e-13+0.j  5.00000000e-01+0.j
  -7.28256338e-16+0.j  4.93673318e-01+0.j]
 [-4.81908616e-17+0.j  6.11389884e-18+0.j -2.45894520e-17+0.j
  -7.01497160e-18+0.j -1.40570375e-16+0.j -2.56149192e-17+0.j
   1.05502995e-16+0.j -1.88281078e-17+0.j -5.55055179e-16+0.j
   3.44407789e-17+0.j  1.43072196e-17+0.j  9.42590032e-18+0.j
  -1.90470132e-16+0.j  1.42447095e-17+0.j -2.12173053e-17+0.j
  -2.53966222e-17+0.j -4.93673485e-01+0.j -6.92871998e-16+0.j
   5.00000000e-01+0.j -8.68047069e-13+0.j]
 [-1.47021823e-17+0.j -7.96540302e-17+0.j  8.95825388e-18+0.j
  -2.61888781e-17+0.j  2.84251034e-17+0.j -1.17376130e-17+0.j
   5.52999621e-18+0.j  2.79375993e-17+0.j -2.27077532e-18+0.j
   4.51214601e-16+0.j -5.30487703e-18+0.j -5.51529939e-17+0.j
   2.64528859e-17+0.j  3.72173205e-16+0.j  2.21066055e-17+0.j
   8.75977241e-19+0.j  5.99447950e-17+0.j  4.93673318e-01+0.j
  -8.68054189e-13+0.j  5.00000000e-01+0.j]]
rounding Naca1 to integer
rounding Naca2 to integer
Naca= (5, 5)
nq= 20
variational state:
        ┌──────────┐┌───────────┐┌───┐     ┌───────────┐┌───────────┐»
 q0_0: ─┤ Ry(y[0]) ├┤ Rz(y[20]) ├┤ X ├──■──┤ Ry(y[40]) ├┤ Rz(y[60]) ├»
        ├──────────┤├───────────┤└─┬─┘┌─┴─┐└───────────┘├───────────┤»
 q0_1: ─┤ Ry(y[1]) ├┤ Rz(y[21]) ├──┼──┤ X ├──────■──────┤ Ry(y[41]) ├»
        ├──────────┤├───────────┤  │  └───┘    ┌─┴─┐    └───────────┘»
 q0_2: ─┤ Ry(y[2]) ├┤ Rz(y[22]) ├──┼───────────┤ X ├──────────■──────»
        ├──────────┤├───────────┤  │           └───┘        ┌─┴─┐    »
 q0_3: ─┤ Ry(y[3]) ├┤ Rz(y[23]) ├──┼────────────────────────┤ X ├────»
        ├──────────┤├───────────┤  │                        └───┘    »
 q0_4: ─┤ Ry(y[4]) ├┤ Rz(y[24]) ├──┼─────────────────────────────────»
        ├──────────┤├───────────┤  │                                 »
 q0_5: ─┤ Ry(y[5]) ├┤ Rz(y[25]) ├──┼─────────────────────────────────»
        ├──────────┤├───────────┤  │                                 »
 q0_6: ─┤ Ry(y[6]) ├┤ Rz(y[26]) ├──┼─────────────────────────────────»
        ├──────────┤├───────────┤  │                                 »
 q0_7: ─┤ Ry(y[7]) ├┤ Rz(y[27]) ├──┼─────────────────────────────────»
        ├──────────┤├───────────┤  │                                 »
 q0_8: ─┤ Ry(y[8]) ├┤ Rz(y[28]) ├──┼─────────────────────────────────»
        ├──────────┤├───────────┤  │                                 »
 q0_9: ─┤ Ry(y[9]) ├┤ Rz(y[29]) ├──┼─────────────────────────────────»
       ┌┴──────────┤├───────────┤  │                                 »
q0_10: ┤ Ry(y[10]) ├┤ Rz(y[30]) ├──┼─────────────────────────────────»
       ├───────────┤├───────────┤  │                                 »
q0_11: ┤ Ry(y[11]) ├┤ Rz(y[31]) ├──┼─────────────────────────────────»
       ├───────────┤├───────────┤  │                                 »
q0_12: ┤ Ry(y[12]) ├┤ Rz(y[32]) ├──┼─────────────────────────────────»
       ├───────────┤├───────────┤  │                                 »
q0_13: ┤ Ry(y[13]) ├┤ Rz(y[33]) ├──┼─────────────────────────────────»
       ├───────────┤├───────────┤  │                                 »
q0_14: ┤ Ry(y[14]) ├┤ Rz(y[34]) ├──┼─────────────────────────────────»
       ├───────────┤├───────────┤  │                                 »
q0_15: ┤ Ry(y[15]) ├┤ Rz(y[35]) ├──┼─────────────────────────────────»
       ├───────────┤├───────────┤  │                                 »
q0_16: ┤ Ry(y[16]) ├┤ Rz(y[36]) ├──┼─────────────────────────────────»
       ├───────────┤├───────────┤  │                                 »
q0_17: ┤ Ry(y[17]) ├┤ Rz(y[37]) ├──┼─────────────────────────────────»
       ├───────────┤├───────────┤  │                                 »
q0_18: ┤ Ry(y[18]) ├┤ Rz(y[38]) ├──┼─────────────────────────────────»
       ├───────────┤├───────────┤  │                                 »
q0_19: ┤ Ry(y[19]) ├┤ Rz(y[39]) ├──■─────────────────────────────────»
       └───────────┘└───────────┘                                    »
c0: 20/══════════════════════════════════════════════════════════════»
                                                                     »
«                                                                        »
« q0_0: ─────────────────────────────────────────────────────────────────»
«       ┌───────────┐                                                    »
« q0_1: ┤ Rz(y[61]) ├────────────────────────────────────────────────────»
«       ├───────────┤┌───────────┐                                       »
« q0_2: ┤ Ry(y[42]) ├┤ Rz(y[62]) ├───────────────────────────────────────»
«       └───────────┘├───────────┤┌───────────┐                          »
« q0_3: ──────■──────┤ Ry(y[43]) ├┤ Rz(y[63]) ├──────────────────────────»
«           ┌─┴─┐    └───────────┘├───────────┤┌───────────┐             »
« q0_4: ────┤ X ├──────────■──────┤ Ry(y[44]) ├┤ Rz(y[64]) ├─────────────»
«           └───┘        ┌─┴─┐    └───────────┘├───────────┤┌───────────┐»
« q0_5: ─────────────────┤ X ├──────────■──────┤ Ry(y[45]) ├┤ Rz(y[65]) ├»
«                        └───┘        ┌─┴─┐    └───────────┘├───────────┤»
« q0_6: ──────────────────────────────┤ X ├──────────■──────┤ Ry(y[46]) ├»
«                                     └───┘        ┌─┴─┐    └───────────┘»
« q0_7: ───────────────────────────────────────────┤ X ├──────────■──────»
«                                                  └───┘        ┌─┴─┐    »
« q0_8: ────────────────────────────────────────────────────────┤ X ├────»
«                                                               └───┘    »
« q0_9: ─────────────────────────────────────────────────────────────────»
«                                                                        »
«q0_10: ─────────────────────────────────────────────────────────────────»
«                                                                        »
«q0_11: ─────────────────────────────────────────────────────────────────»
«                                                                        »
«q0_12: ─────────────────────────────────────────────────────────────────»
«                                                                        »
«q0_13: ─────────────────────────────────────────────────────────────────»
«                                                                        »
«q0_14: ─────────────────────────────────────────────────────────────────»
«                                                                        »
«q0_15: ─────────────────────────────────────────────────────────────────»
«                                                                        »
«q0_16: ─────────────────────────────────────────────────────────────────»
«                                                                        »
«q0_17: ─────────────────────────────────────────────────────────────────»
«                                                                        »
«q0_18: ─────────────────────────────────────────────────────────────────»
«                                                                        »
«q0_19: ─────────────────────────────────────────────────────────────────»
«                                                                        »
«c0: 20/═════════════════════════════════════════════════════════════════»
«                                                                        »
«                                                                        »
« q0_0: ─────────────────────────────────────────────────────────────────»
«                                                                        »
« q0_1: ─────────────────────────────────────────────────────────────────»
«                                                                        »
« q0_2: ─────────────────────────────────────────────────────────────────»
«                                                                        »
« q0_3: ─────────────────────────────────────────────────────────────────»
«                                                                        »
« q0_4: ─────────────────────────────────────────────────────────────────»
«                                                                        »
« q0_5: ─────────────────────────────────────────────────────────────────»
«       ┌───────────┐                                                    »
« q0_6: ┤ Rz(y[66]) ├────────────────────────────────────────────────────»
«       ├───────────┤┌───────────┐                                       »
« q0_7: ┤ Ry(y[47]) ├┤ Rz(y[67]) ├───────────────────────────────────────»
«       └───────────┘├───────────┤┌───────────┐                          »
« q0_8: ──────■──────┤ Ry(y[48]) ├┤ Rz(y[68]) ├──────────────────────────»
«           ┌─┴─┐    └───────────┘├───────────┤┌───────────┐             »
« q0_9: ────┤ X ├──────────■──────┤ Ry(y[49]) ├┤ Rz(y[69]) ├─────────────»
«           └───┘        ┌─┴─┐    └───────────┘├───────────┤┌───────────┐»
«q0_10: ─────────────────┤ X ├──────────■──────┤ Ry(y[50]) ├┤ Rz(y[70]) ├»
«                        └───┘        ┌─┴─┐    └───────────┘├───────────┤»
«q0_11: ──────────────────────────────┤ X ├──────────■──────┤ Ry(y[51]) ├»
«                                     └───┘        ┌─┴─┐    └───────────┘»
«q0_12: ───────────────────────────────────────────┤ X ├──────────■──────»
«                                                  └───┘        ┌─┴─┐    »
«q0_13: ────────────────────────────────────────────────────────┤ X ├────»
«                                                               └───┘    »
«q0_14: ─────────────────────────────────────────────────────────────────»
«                                                                        »
«q0_15: ─────────────────────────────────────────────────────────────────»
«                                                                        »
«q0_16: ─────────────────────────────────────────────────────────────────»
«                                                                        »
«q0_17: ─────────────────────────────────────────────────────────────────»
«                                                                        »
«q0_18: ─────────────────────────────────────────────────────────────────»
«                                                                        »
«q0_19: ─────────────────────────────────────────────────────────────────»
«                                                                        »
«c0: 20/═════════════════════════════════════════════════════════════════»
«                                                                        »
«                                                                        »
« q0_0: ─────────────────────────────────────────────────────────────────»
«                                                                        »
« q0_1: ─────────────────────────────────────────────────────────────────»
«                                                                        »
« q0_2: ─────────────────────────────────────────────────────────────────»
«                                                                        »
« q0_3: ─────────────────────────────────────────────────────────────────»
«                                                                        »
« q0_4: ─────────────────────────────────────────────────────────────────»
«                                                                        »
« q0_5: ─────────────────────────────────────────────────────────────────»
«                                                                        »
« q0_6: ─────────────────────────────────────────────────────────────────»
«                                                                        »
« q0_7: ─────────────────────────────────────────────────────────────────»
«                                                                        »
« q0_8: ─────────────────────────────────────────────────────────────────»
«                                                                        »
« q0_9: ─────────────────────────────────────────────────────────────────»
«                                                                        »
«q0_10: ─────────────────────────────────────────────────────────────────»
«       ┌───────────┐                                                    »
«q0_11: ┤ Rz(y[71]) ├────────────────────────────────────────────────────»
«       ├───────────┤┌───────────┐                                       »
«q0_12: ┤ Ry(y[52]) ├┤ Rz(y[72]) ├───────────────────────────────────────»
«       └───────────┘├───────────┤┌───────────┐                          »
«q0_13: ──────■──────┤ Ry(y[53]) ├┤ Rz(y[73]) ├──────────────────────────»
«           ┌─┴─┐    └───────────┘├───────────┤┌───────────┐             »
«q0_14: ────┤ X ├──────────■──────┤ Ry(y[54]) ├┤ Rz(y[74]) ├─────────────»
«           └───┘        ┌─┴─┐    └───────────┘├───────────┤┌───────────┐»
«q0_15: ─────────────────┤ X ├──────────■──────┤ Ry(y[55]) ├┤ Rz(y[75]) ├»
«                        └───┘        ┌─┴─┐    └───────────┘├───────────┤»
«q0_16: ──────────────────────────────┤ X ├──────────■──────┤ Ry(y[56]) ├»
«                                     └───┘        ┌─┴─┐    └───────────┘»
«q0_17: ───────────────────────────────────────────┤ X ├──────────■──────»
«                                                  └───┘        ┌─┴─┐    »
«q0_18: ────────────────────────────────────────────────────────┤ X ├────»
«                                                               └───┘    »
«q0_19: ─────────────────────────────────────────────────────────────────»
«                                                                        »
«c0: 20/═════════════════════════════════════════════════════════════════»
«                                                                        »
«                                              ┌───┐     ┌───────────┐»
« q0_0: ───────────────────────────────────────┤ X ├──■──┤ Ry(y[80]) ├»
«                                              └─┬─┘┌─┴─┐└───────────┘»
« q0_1: ─────────────────────────────────────────┼──┤ X ├──────■──────»
«                                                │  └───┘    ┌─┴─┐    »
« q0_2: ─────────────────────────────────────────┼───────────┤ X ├────»
«                                                │           └───┘    »
« q0_3: ─────────────────────────────────────────┼────────────────────»
«                                                │                    »
« q0_4: ─────────────────────────────────────────┼────────────────────»
«                                                │                    »
« q0_5: ─────────────────────────────────────────┼────────────────────»
«                                                │                    »
« q0_6: ─────────────────────────────────────────┼────────────────────»
«                                                │                    »
« q0_7: ─────────────────────────────────────────┼────────────────────»
«                                                │                    »
« q0_8: ─────────────────────────────────────────┼────────────────────»
«                                                │                    »
« q0_9: ─────────────────────────────────────────┼────────────────────»
«                                                │                    »
«q0_10: ─────────────────────────────────────────┼────────────────────»
«                                                │                    »
«q0_11: ─────────────────────────────────────────┼────────────────────»
«                                                │                    »
«q0_12: ─────────────────────────────────────────┼────────────────────»
«                                                │                    »
«q0_13: ─────────────────────────────────────────┼────────────────────»
«                                                │                    »
«q0_14: ─────────────────────────────────────────┼────────────────────»
«                                                │                    »
«q0_15: ─────────────────────────────────────────┼────────────────────»
«       ┌───────────┐                            │                    »
«q0_16: ┤ Rz(y[76]) ├────────────────────────────┼────────────────────»
«       ├───────────┤┌───────────┐               │                    »
«q0_17: ┤ Ry(y[57]) ├┤ Rz(y[77]) ├───────────────┼────────────────────»
«       └───────────┘├───────────┤┌───────────┐  │                    »
«q0_18: ──────■──────┤ Ry(y[58]) ├┤ Rz(y[78]) ├──┼────────────────────»
«           ┌─┴─┐    ├───────────┤├───────────┤  │                    »
«q0_19: ────┤ X ├────┤ Ry(y[59]) ├┤ Rz(y[79]) ├──■────────────────────»
«           └───┘    └───────────┘└───────────┘                       »
«c0: 20/══════════════════════════════════════════════════════════════»
«                                                                     »
«       ┌────────────┐                                                        »
« q0_0: ┤ Rz(y[100]) ├────────────────────────────────────────────────────────»
«       ├───────────┬┘┌────────────┐                                          »
« q0_1: ┤ Ry(y[81]) ├─┤ Rz(y[101]) ├──────────────────────────────────────────»
«       └───────────┘ ├───────────┬┘┌────────────┐                            »
« q0_2: ──────■───────┤ Ry(y[82]) ├─┤ Rz(y[102]) ├────────────────────────────»
«           ┌─┴─┐     └───────────┘ ├───────────┬┘┌────────────┐              »
« q0_3: ────┤ X ├───────────■───────┤ Ry(y[83]) ├─┤ Rz(y[103]) ├──────────────»
«           └───┘         ┌─┴─┐     └───────────┘ ├───────────┬┘┌────────────┐»
« q0_4: ──────────────────┤ X ├───────────■───────┤ Ry(y[84]) ├─┤ Rz(y[104]) ├»
«                         └───┘         ┌─┴─┐     └───────────┘ ├───────────┬┘»
« q0_5: ────────────────────────────────┤ X ├───────────■───────┤ Ry(y[85]) ├─»
«                                       └───┘         ┌─┴─┐     └───────────┘ »
« q0_6: ──────────────────────────────────────────────┤ X ├───────────■───────»
«                                                     └───┘         ┌─┴─┐     »
« q0_7: ────────────────────────────────────────────────────────────┤ X ├─────»
«                                                                   └───┘     »
« q0_8: ──────────────────────────────────────────────────────────────────────»
«                                                                             »
« q0_9: ──────────────────────────────────────────────────────────────────────»
«                                                                             »
«q0_10: ──────────────────────────────────────────────────────────────────────»
«                                                                             »
«q0_11: ──────────────────────────────────────────────────────────────────────»
«                                                                             »
«q0_12: ──────────────────────────────────────────────────────────────────────»
«                                                                             »
«q0_13: ──────────────────────────────────────────────────────────────────────»
«                                                                             »
«q0_14: ──────────────────────────────────────────────────────────────────────»
«                                                                             »
«q0_15: ──────────────────────────────────────────────────────────────────────»
«                                                                             »
«q0_16: ──────────────────────────────────────────────────────────────────────»
«                                                                             »
«q0_17: ──────────────────────────────────────────────────────────────────────»
«                                                                             »
«q0_18: ──────────────────────────────────────────────────────────────────────»
«                                                                             »
«q0_19: ──────────────────────────────────────────────────────────────────────»
«                                                                             »
«c0: 20/══════════════════════════════════════════════════════════════════════»
«                                                                             »
«                                                                             »
« q0_0: ──────────────────────────────────────────────────────────────────────»
«                                                                             »
« q0_1: ──────────────────────────────────────────────────────────────────────»
«                                                                             »
« q0_2: ──────────────────────────────────────────────────────────────────────»
«                                                                             »
« q0_3: ──────────────────────────────────────────────────────────────────────»
«                                                                             »
« q0_4: ──────────────────────────────────────────────────────────────────────»
«       ┌────────────┐                                                        »
« q0_5: ┤ Rz(y[105]) ├────────────────────────────────────────────────────────»
«       ├───────────┬┘┌────────────┐                                          »
« q0_6: ┤ Ry(y[86]) ├─┤ Rz(y[106]) ├──────────────────────────────────────────»
«       └───────────┘ ├───────────┬┘┌────────────┐                            »
« q0_7: ──────■───────┤ Ry(y[87]) ├─┤ Rz(y[107]) ├────────────────────────────»
«           ┌─┴─┐     └───────────┘ ├───────────┬┘┌────────────┐              »
« q0_8: ────┤ X ├───────────■───────┤ Ry(y[88]) ├─┤ Rz(y[108]) ├──────────────»
«           └───┘         ┌─┴─┐     └───────────┘ ├───────────┬┘┌────────────┐»
« q0_9: ──────────────────┤ X ├───────────■───────┤ Ry(y[89]) ├─┤ Rz(y[109]) ├»
«                         └───┘         ┌─┴─┐     └───────────┘ ├───────────┬┘»
«q0_10: ────────────────────────────────┤ X ├───────────■───────┤ Ry(y[90]) ├─»
«                                       └───┘         ┌─┴─┐     └───────────┘ »
«q0_11: ──────────────────────────────────────────────┤ X ├───────────■───────»
«                                                     └───┘         ┌─┴─┐     »
«q0_12: ────────────────────────────────────────────────────────────┤ X ├─────»
«                                                                   └───┘     »
«q0_13: ──────────────────────────────────────────────────────────────────────»
«                                                                             »
«q0_14: ──────────────────────────────────────────────────────────────────────»
«                                                                             »
«q0_15: ──────────────────────────────────────────────────────────────────────»
«                                                                             »
«q0_16: ──────────────────────────────────────────────────────────────────────»
«                                                                             »
«q0_17: ──────────────────────────────────────────────────────────────────────»
«                                                                             »
«q0_18: ──────────────────────────────────────────────────────────────────────»
«                                                                             »
«q0_19: ──────────────────────────────────────────────────────────────────────»
«                                                                             »
«c0: 20/══════════════════════════════════════════════════════════════════════»
«                                                                             »
«                                                                             »
« q0_0: ──────────────────────────────────────────────────────────────────────»
«                                                                             »
« q0_1: ──────────────────────────────────────────────────────────────────────»
«                                                                             »
« q0_2: ──────────────────────────────────────────────────────────────────────»
«                                                                             »
« q0_3: ──────────────────────────────────────────────────────────────────────»
«                                                                             »
« q0_4: ──────────────────────────────────────────────────────────────────────»
«                                                                             »
« q0_5: ──────────────────────────────────────────────────────────────────────»
«                                                                             »
« q0_6: ──────────────────────────────────────────────────────────────────────»
«                                                                             »
« q0_7: ──────────────────────────────────────────────────────────────────────»
«                                                                             »
« q0_8: ──────────────────────────────────────────────────────────────────────»
«                                                                             »
« q0_9: ──────────────────────────────────────────────────────────────────────»
«       ┌────────────┐                                                        »
«q0_10: ┤ Rz(y[110]) ├────────────────────────────────────────────────────────»
«       ├───────────┬┘┌────────────┐                                          »
«q0_11: ┤ Ry(y[91]) ├─┤ Rz(y[111]) ├──────────────────────────────────────────»
«       └───────────┘ ├───────────┬┘┌────────────┐                            »
«q0_12: ──────■───────┤ Ry(y[92]) ├─┤ Rz(y[112]) ├────────────────────────────»
«           ┌─┴─┐     └───────────┘ ├───────────┬┘┌────────────┐              »
«q0_13: ────┤ X ├───────────■───────┤ Ry(y[93]) ├─┤ Rz(y[113]) ├──────────────»
«           └───┘         ┌─┴─┐     └───────────┘ ├───────────┬┘┌────────────┐»
«q0_14: ──────────────────┤ X ├───────────■───────┤ Ry(y[94]) ├─┤ Rz(y[114]) ├»
«                         └───┘         ┌─┴─┐     └───────────┘ ├───────────┬┘»
«q0_15: ────────────────────────────────┤ X ├───────────■───────┤ Ry(y[95]) ├─»
«                                       └───┘         ┌─┴─┐     └───────────┘ »
«q0_16: ──────────────────────────────────────────────┤ X ├───────────■───────»
«                                                     └───┘         ┌─┴─┐     »
«q0_17: ────────────────────────────────────────────────────────────┤ X ├─────»
«                                                                   └───┘     »
«q0_18: ──────────────────────────────────────────────────────────────────────»
«                                                                             »
«q0_19: ──────────────────────────────────────────────────────────────────────»
«                                                                             »
«c0: 20/══════════════════════════════════════════════════════════════════════»
«                                                                             »
«                                                               
« q0_0: ────────────────────────────────────────────────────────
«                                                               
« q0_1: ────────────────────────────────────────────────────────
«                                                               
« q0_2: ────────────────────────────────────────────────────────
«                                                               
« q0_3: ────────────────────────────────────────────────────────
«                                                               
« q0_4: ────────────────────────────────────────────────────────
«                                                               
« q0_5: ────────────────────────────────────────────────────────
«                                                               
« q0_6: ────────────────────────────────────────────────────────
«                                                               
« q0_7: ────────────────────────────────────────────────────────
«                                                               
« q0_8: ────────────────────────────────────────────────────────
«                                                               
« q0_9: ────────────────────────────────────────────────────────
«                                                               
«q0_10: ────────────────────────────────────────────────────────
«                                                               
«q0_11: ────────────────────────────────────────────────────────
«                                                               
«q0_12: ────────────────────────────────────────────────────────
«                                                               
«q0_13: ────────────────────────────────────────────────────────
«                                                               
«q0_14: ────────────────────────────────────────────────────────
«       ┌────────────┐                                          
«q0_15: ┤ Rz(y[115]) ├──────────────────────────────────────────
«       ├───────────┬┘┌────────────┐                            
«q0_16: ┤ Ry(y[96]) ├─┤ Rz(y[116]) ├────────────────────────────
«       └───────────┘ ├───────────┬┘┌────────────┐              
«q0_17: ──────■───────┤ Ry(y[97]) ├─┤ Rz(y[117]) ├──────────────
«           ┌─┴─┐     └───────────┘ ├───────────┬┘┌────────────┐
«q0_18: ────┤ X ├───────────■───────┤ Ry(y[98]) ├─┤ Rz(y[118]) ├
«           └───┘         ┌─┴─┐     ├───────────┤ ├────────────┤
«q0_19: ──────────────────┤ X ├─────┤ Ry(y[99]) ├─┤ Rz(y[119]) ├
«                         └───┘     └───────────┘ └────────────┘
«c0: 20/════════════════════════════════════════════════════════
«                                                               
ansatz-state is written to ansatz.txt
building constraints...
number of constraints= 400
unique pauliops 780
graphclique-cliquecover: 780 with commutationmode qubitwise
strategy largest_first 495
strategy random_sequential 495
strategy smallest_last 495
strategy independent_set 510
strategy connected_sequential_bfs 495
strategy connected_sequential_dfs 495
strategy saturation_largest_first 495
number of cliques 495
clique 0 ['IIIIIIIIIIIIIIIIIIIX', 'IIIIIIIIXIXYYIIIXIXX', 'IIIIIIIIIIIIIIIIIXXI', 'IIIIIIIIIIIIIIIIIXII', 'IIIIIIIIIIIIIIXXXIII', 'IIIIIIIIIIIIIIIXIIII', 'IIIIIIIIIIIIIXXIIIII', 'IIIIIIIIIIIIIXIIIIII', 'XIXXYIIIIIIIYIIIIIII', 'IIIIIIIIIIIYIIIIIIII', 'IIIIIIIIIXXIIIIIIIII', 'IIIIIIIIIXIIIIIIIIII', 'IIIIIIXXXIIIIIIIIIII', 'IIIIIIIXIIIIIIIIIIII', 'IIIIIXXIIIIIIIIIIIII', 'IIIIIXIIIIIIIIIIIIII', 'IIIXIIIIIIIIIIIIIIII', 'IXXIIIIIIIIIIIIIIIII', 'IXIIIIIIIIIIIIIIIIII']
clique 1 ['IIIIIIIIIIIIIIIIIIIY', 'IIIIIIIIXIXXYIIIXIXY', 'IIIIIIIIIIIIIIIIIYXI', 'IIIIIIIIIIIIIIIIIYII', 'IIIIIIIIIIIIIIXYXIII', 'IIIIIIIIIIIIIIIYIIII', 'IIIIIIIIIIIIIYXIIIII', 'IIIIIIIIIIIIIYIIIIII', 'XIXYYIIIIIIIYIIIIIII', 'IIIIIIIIIIIXIIIIIIII', 'IIIIIIIIIYXIIIIIIIII', 'IIIIIIIIIYIIIIIIIIII', 'IIIIIIXYXIIIIIIIIIII', 'IIIIIIIYIIIIIIIIIIII', 'IIIIIYXIIIIIIIIIIIII', 'IIIIIYIIIIIIIIIIIIII', 'IIIYIIIIIIIIIIIIIIII', 'IYXIIIIIIIIIIIIIIIII', 'IYIIIIIIIIIIIIIIIIII']
clique 2 ['IIIIIIIIXIXXYIIIXIXX', 'IIIIIIIIIIIIIIIIIZXI', 'IIIIIIIIIIIIIIIIIZII', 'IIIIIIIIIIIIIIXZXIII', 'IIIIIIIIIIIIIIIZIIII', 'IIIIIIIIIIIIIZXIIIII', 'IIIIIIIIIIIIIZIIIIII', 'XIXZYIIIIIIIYIIIIIII', 'IIIIIIIIIZXIIIIIIIII', 'IIIIIIIIIZIIIIIIIIII', 'IIIIIIXZXIIIIIIIIIII', 'IIIIIIIZIIIIIIIIIIII', 'IIIIIZXIIIIIIIIIIIII', 'IIIIIZIIIIIIIIIIIIII', 'IIIZIIIIIIIIIIIIIIII', 'IZXIIIIIIIIIIIIIIIII', 'IZIIIIIIIIIIIIIIIIII']
clique 3 ['IIIIIIIIXIXYYIIIXIXY', 'IIIIIIIIIIIIIXZIXIII', 'IIIIIIIIIIIIIIZXIIII', 'XXZIYIIIIIIIYIIIIIII', 'IIIIIXZIXIIIIIIIIIII', 'IIIIIIZXIIIIIIIIIIII', 'IIZXIIIIIIIIIIIIIIII']
clique 4 ['IIIIIIIIXIXZYIIIXIXY', 'IIIIIIIIIIIIIYZIXIII', 'IIIIIIIIIIIIIIZYIIII', 'XYZIYIIIIIIIYIIIIIII', 'IIIIIIIIIIIZIIIIIIII', 'IIIIIYZIXIIIIIIIIIII', 'IIIIIIZYIIIIIIIIIIII', 'IIZYIIIIIIIIIIIIIIII']
clique 5 ['IIIIIIIIXIXZYIIIXIXX', 'IIIIIIIIIIIIIZZIXIII', 'IIIIIIIIIIIIIIZZIIII', 'XZZIYIIIIIIIYIIIIIII', 'IIIIIZZIXIIIIIIIIIII', 'IIIIIIZZIIIIIIIIIIII', 'IIZZIIIIIIIIIIIIIIII']
clique 6 ['IIIIIIIIXYZIYIIIXIXX', 'IIIIIIIIIIIIIIYIXIII', 'IIIIIIIIIIIIIYYXIIII', 'XIYIYIIIIIIIYIIIIIII', 'IIIIIIIIIIZXIIIIIIII', 'IIIIIIYIXIIIIIIIIIII', 'IIIIIYYXIIIIIIIIIIII', 'IYYXIIIIIIIIIIIIIIII']
clique 7 ['IIIIIIIIXXZIYIIIXIXY', 'IIIIIIIIIIIIIXYYIIII', 'YIIIYIIIIIIIYIIIIIII', 'IIIIIIIIIIZYIIIIIIII', 'IIIIIXYYIIIIIIIIIIII', 'IXYYIIIIIIIIIIIIIIII']
clique 8 ['IIIIIIIIXXZIYIIIXIXX', 'IIIIIIIIIIIIIXYXIIII', 'IIIIZIIIIIIIYIIIIIII', 'IIIIIIIIIIZZIIIIIIII', 'IIIIIXYXIIIIIIIIIIII', 'ZIXXIIIIIIIIIIIIIIII']
clique 9 ['IIIIIIIIXYZIYIIIXIXY', 'IIIIIIIIIIIIIYYYIIII', 'IIIIIYYYIIIIIIIIIIII', 'XIXXXIIIIIIIIIIIIIII']
clique 10 ['IIIIIIIIXZZIYIIIXIXY', 'IIIIIIIIIIIIIZYYIIII', 'IIIIIZYYIIIIIIIIIIII', 'XIXYXIIIIIIIIIIIIIII']
clique 11 ['IIIIIIIIXZZIYIIIXIXX', 'IIIIIIIIIIIIIZYXIIII', 'IIIIIZYXIIIIIIIIIIII', 'XIXZXIIIIIIIIIIIIIII']
clique 12 ['IIIIIIXYZIIIYIIIXIXX', 'IIIIIIIIIIIIIYYZIIII', 'IIIIIIIIZIXXIIIIIIII', 'XXZIXIIIIIIIIIIIIIII']
clique 13 ['IIIIIIXXZIIIYIIIXIXY', 'IIIIIIIIIIIIIXYZIIII', 'IIIIIIIIZIXYIIIIIIII', 'XYZIXIIIIIIIIIIIIIII']
clique 14 ['IIIIIIXXZIIIYIIIXIXX', 'IIIIIIIIIIIIIZYZIIII', 'IIIIIIIIZIXZIIIIIIII', 'XZZIXIIIIIIIIIIIIIII']
clique 15 ['IIIIIIXYZIIIYIIIXIXY', 'IIIIIIIIZXZIIIIIIIII', 'XIYIXIIIIIIIIIIIIIII', 'IXYXIIIIIIIIIIIIIIII']
clique 16 ['IIIIIIXZZIIIYIIIXIXY', 'IIIIIIIIZYZIIIIIIIII', 'YIIIXIIIIIIIIIIIIIII', 'IYYYIIIIIIIIIIIIIIII']
clique 17 ['IIIIIIXZZIIIYIIIXIXX', 'IIIIIIIIZZZIIIIIIIII', 'ZIXYIIIIIIIIIIIIIIII']
clique 18 ['IIIIIYZIZIIIYIIIXIXX', 'IIIIIIIIIYYXIIIIIIII', 'IIIIIIIIZIYIIIIIIIII', 'ZIXZIIIIIIIIIIIIIIII']
clique 19 ['IIIIIXZIZIIIYIIIXIXY', 'IIIIIIIIIXYYIIIIIIII', 'ZXZIIIIIIIIIIIIIIIII']
clique 20 ['IIIIIXZIZIIIYIIIXIXX', 'IIIIIIIIIXYXIIIIIIII', 'ZYZIIIIIIIIIIIIIIIII']
clique 21 ['IIIIIYZIZIIIYIIIXIXY', 'IIIIIIIIIYYYIIIIIIII', 'ZZZIIIIIIIIIIIIIIIII']
clique 22 ['IIIIIZZIZIIIYIIIXIXY', 'IIIIIIIIIZYYIIIIIIII', 'IZYYIIIIIIIIIIIIIIII', 'ZIYIIIIIIIIIIIIIIIII']
clique 23 ['IIIIIZZIZIIIYIIIXIXX', 'IIIIIIIIIZYXIIIIIIII', 'IZYXIIIIIIIIIIIIIIII']
clique 24 ['IIIIIIIIIIIIIIIIIIIZ', 'IIIIIIIIXIXYYIIIXIXZ', 'IIIIIYYZIIIIIIIIIIII', 'IYYZIIIIIIIIIIIIIIII']
clique 25 ['IIIIIIIIXIXXYIIIXIXZ', 'IIIIIXYZIIIIIIIIIIII', 'IXYZIIIIIIIIIIIIIIII']
clique 26 ['IIIIIIIIXIXZYIIIXIXZ', 'IIIIIZYZIIIIIIIIIIII', 'IZYZIIIIIIIIIIIIIIII']
clique 27 ['IIIIIIIIXYZIYIIIXIXZ']
clique 28 ['IIIIIIIIXXZIYIIIXIXZ']
clique 29 ['IIIIIIIIXZZIYIIIXIXZ']
clique 30 ['IIIIIIXYZIIIYIIIXIXZ', 'IIIIIIIIIYYZIIIIIIII']
clique 31 ['IIIIIIXXZIIIYIIIXIXZ', 'IIIIIIIIIXYZIIIIIIII']
clique 32 ['IIIIIIXZZIIIYIIIXIXZ', 'IIIIIIIIIZYZIIIIIIII']
clique 33 ['IIIIIYZIZIIIYIIIXIXZ']
clique 34 ['IIIIIXZIZIIIYIIIXIXZ']
clique 35 ['IIIIIZZIZIIIYIIIXIXZ']
clique 36 ['IIIIIIIIIIIIIIIIIIZX', 'IIIIIIIIXIXYYIIIXXZI']
clique 37 ['IIIIIIIIIIIIIIIIIIZY', 'IIIIIIIIXIXXYIIIXYZI']
clique 38 ['IIIIIIIIIIIIIIIIIIZZ', 'IIIIIIIIXIXXYIIIXXZI']
clique 39 ['IIIIIIIIXIXYYIIIXYZI']
clique 40 ['IIIIIIIIXIXZYIIIXYZI']
clique 41 ['IIIIIIIIXIXZYIIIXXZI']
clique 42 ['IIIIIIIIXYZIYIIIXXZI']
clique 43 ['IIIIIIIIXXZIYIIIXYZI']
clique 44 ['IIIIIIIIXXZIYIIIXXZI']
clique 45 ['IIIIIIIIXYZIYIIIXYZI']
clique 46 ['IIIIIIIIXZZIYIIIXYZI']
clique 47 ['IIIIIIIIXZZIYIIIXXZI']
clique 48 ['IIIIIIXYZIIIYIIIXXZI']
clique 49 ['IIIIIIXXZIIIYIIIXYZI']
clique 50 ['IIIIIIXXZIIIYIIIXXZI']
clique 51 ['IIIIIIXYZIIIYIIIXYZI']
clique 52 ['IIIIIIXZZIIIYIIIXYZI']
clique 53 ['IIIIIIXZZIIIYIIIXXZI']
clique 54 ['IIIIIYZIZIIIYIIIXXZI']
clique 55 ['IIIIIXZIZIIIYIIIXYZI']
clique 56 ['IIIIIXZIZIIIYIIIXXZI']
clique 57 ['IIIIIYZIZIIIYIIIXYZI']
clique 58 ['IIIIIZZIZIIIYIIIXYZI']
clique 59 ['IIIIIZZIZIIIYIIIXXZI']
clique 60 ['IIIIIIIIXIXYYIIIXZZI']
clique 61 ['IIIIIIIIXIXXYIIIXZZI']
clique 62 ['IIIIIIIIXIXZYIIIXZZI']
clique 63 ['IIIIIIIIXYZIYIIIXZZI']
clique 64 ['IIIIIIIIXXZIYIIIXZZI']
clique 65 ['IIIIIIIIXZZIYIIIXZZI']
clique 66 ['IIIIIIXYZIIIYIIIXZZI']
clique 67 ['IIIIIIXXZIIIYIIIXZZI']
clique 68 ['IIIIIIXZZIIIYIIIXZZI']
clique 69 ['IIIIIYZIZIIIYIIIXZZI']
clique 70 ['IIIIIXZIZIIIYIIIXZZI']
clique 71 ['IIIIIZZIZIIIYIIIXZZI']
clique 72 ['IIIIIIIIIIIIIIIIZIXX', 'IIIIIIIIXIXYYIXXZIII']
clique 73 ['IIIIIIIIIIIIIIIIZIXY', 'IIIIIIIIXIXXYIXYZIII']
clique 74 ['IIIIIIIIIIIIIIIIZIXZ', 'IIIIIIIIXIXXYIXXZIII']
clique 75 ['IIIIIIIIIIIIIIIIZXZI', 'IIIIIIIIXIXYYIXYZIII']
clique 76 ['IIIIIIIIIIIIIIIIZYZI', 'IIIIIIIIXIXZYIXYZIII']
clique 77 ['IIIIIIIIIIIIIIIIZZZI', 'IIIIIIIIXIXZYIXXZIII']
clique 78 ['IIIIIIIIIIIIIIIIIYYX', 'IIIIIIIIIIIIIIIIZIYI', 'IIIIIIIIXYZIYIXXZIII']
clique 79 ['IIIIIIIIIIIIIIIIIXYY', 'IIIIIIIIXXZIYIXYZIII']
clique 80 ['IIIIIIIIIIIIIIIIIXYX', 'IIIIIIIIXXZIYIXXZIII']
clique 81 ['IIIIIIIIIIIIIIIIIYYY', 'IIIIIIIIXYZIYIXYZIII']
clique 82 ['IIIIIIIIIIIIIIIIIZYY', 'IIIIIIIIXZZIYIXYZIII']
clique 83 ['IIIIIIIIIIIIIIIIIZYX', 'IIIIIIIIXZZIYIXXZIII']
clique 84 ['IIIIIIIIIIIIIIIIIYYZ', 'IIIIIIXYZIIIYIXXZIII']
clique 85 ['IIIIIIIIIIIIIIIIIXYZ', 'IIIIIIXXZIIIYIXYZIII']
clique 86 ['IIIIIIIIIIIIIIIIIZYZ', 'IIIIIIXXZIIIYIXXZIII']
clique 87 ['IIIIIIXYZIIIYIXYZIII']
clique 88 ['IIIIIIXZZIIIYIXYZIII']
clique 89 ['IIIIIIXZZIIIYIXXZIII']
clique 90 ['IIIIIYZIZIIIYIXXZIII']
clique 91 ['IIIIIXZIZIIIYIXYZIII']
clique 92 ['IIIIIXZIZIIIYIXXZIII']
clique 93 ['IIIIIYZIZIIIYIXYZIII']
clique 94 ['IIIIIZZIZIIIYIXYZIII']
clique 95 ['IIIIIZZIZIIIYIXXZIII']
clique 96 ['IIIIIIIIXIXYYIXZZIII']
clique 97 ['IIIIIIIIXIXXYIXZZIII']
clique 98 ['IIIIIIIIXIXZYIXZZIII']
clique 99 ['IIIIIIIIXYZIYIXZZIII']
clique 100 ['IIIIIIIIXXZIYIXZZIII']
clique 101 ['IIIIIIIIXZZIYIXZZIII']
clique 102 ['IIIIIIXYZIIIYIXZZIII']
clique 103 ['IIIIIIXXZIIIYIXZZIII']
clique 104 ['IIIIIIXZZIIIYIXZZIII']
clique 105 ['IIIIIYZIZIIIYIXZZIII']
clique 106 ['IIIIIXZIZIIIYIXZZIII']
clique 107 ['IIIIIZZIZIIIYIXZZIII']
clique 108 ['IIIIIIIIXIXYYXZIZIII']
clique 109 ['IIIIIIIIXIXXYYZIZIII']
clique 110 ['IIIIIIIIXIXXYXZIZIII']
clique 111 ['IIIIIIIIXIXYYYZIZIII']
clique 112 ['IIIIIIIIXIXZYYZIZIII']
clique 113 ['IIIIIIIIXIXZYXZIZIII']
clique 114 ['IIIIIIIIXYZIYXZIZIII']
clique 115 ['IIIIIIIIXXZIYYZIZIII']
clique 116 ['IIIIIIIIXXZIYXZIZIII']
clique 117 ['IIIIIIIIXYZIYYZIZIII']
clique 118 ['IIIIIIIIXZZIYYZIZIII']
clique 119 ['IIIIIIIIXZZIYXZIZIII']
clique 120 ['IIIIIIXYZIIIYXZIZIII']
clique 121 ['IIIIIIXXZIIIYYZIZIII']
clique 122 ['IIIIIIXXZIIIYXZIZIII']
clique 123 ['IIIIIIXYZIIIYYZIZIII']
clique 124 ['IIIIIIXZZIIIYYZIZIII']
clique 125 ['IIIIIIXZZIIIYXZIZIII']
clique 126 ['IIIIIYZIZIIIYXZIZIII']
clique 127 ['IIIIIXZIZIIIYYZIZIII']
clique 128 ['IIIIIXZIZIIIYXZIZIII']
clique 129 ['IIIIIYZIZIIIYYZIZIII']
clique 130 ['IIIIIZZIZIIIYYZIZIII']
clique 131 ['IIIIIZZIZIIIYXZIZIII']
clique 132 ['IIIIIIIIXIXYYZZIZIII']
clique 133 ['IIIIIIIIXIXXYZZIZIII']
clique 134 ['IIIIIIIIXIXZYZZIZIII']
clique 135 ['IIIIIIIIXYZIYZZIZIII']
clique 136 ['IIIIIIIIXXZIYZZIZIII']
clique 137 ['IIIIIIIIXZZIYZZIZIII']
clique 138 ['IIIIIIXYZIIIYZZIZIII']
clique 139 ['IIIIIIXXZIIIYZZIZIII']
clique 140 ['IIIIIIXZZIIIYZZIZIII']
clique 141 ['IIIIIYZIZIIIYZZIZIII']
clique 142 ['IIIIIXZIZIIIYZZIZIII']
clique 143 ['IIIIIZZIZIIIYZZIZIII']
clique 144 ['IIIIIIIIXIYIYIIIXIXX']
clique 145 ['IIIIIIIIXIYIYIIIXIXY']
clique 146 ['IIIIIIYIZIIIYIIIXIXX']
clique 147 ['IIIIIIYIZIIIYIIIXIXY']
clique 148 ['IIIIIIIIXIXXYIIIXIYI']
clique 149 ['IIIIIIIIXIXYYIIIXIYI']
clique 150 ['IIIIIIIIXIXZYIIIXIYI']
clique 151 ['IIIIIIIIXIYIYIIIXIXZ']
clique 152 ['IIIIIIIIXXZIYIIIXIYI']
clique 153 ['IIIIIIIIXYZIYIIIXIYI']
clique 154 ['IIIIIIIIXZZIYIIIXIYI']
clique 155 ['IIIIIIXXZIIIYIIIXIYI']
clique 156 ['IIIIIIXYZIIIYIIIXIYI']
clique 157 ['IIIIIIXZZIIIYIIIXIYI']
clique 158 ['IIIIIIYIZIIIYIIIXIXZ']
clique 159 ['IIIIIXZIZIIIYIIIXIYI']
clique 160 ['IIIIIYZIZIIIYIIIXIYI']
clique 161 ['IIIIIZZIZIIIYIIIXIYI']
clique 162 ['IIIIIIIIXIYIYIIIXXZI']
clique 163 ['IIIIIIIIXIYIYIIIXYZI']
clique 164 ['IIIIIIYIZIIIYIIIXXZI']
clique 165 ['IIIIIIYIZIIIYIIIXYZI']
clique 166 ['IIIIIIIIXIYIYIIIXZZI']
clique 167 ['IIIIIIYIZIIIYIIIXZZI']
clique 168 ['IIIIIIIIXIYIYIXXZIII']
clique 169 ['IIIIIIIIXIYIYIXYZIII']
clique 170 ['IIIIIIYIZIIIYIXXZIII']
clique 171 ['IIIIIIYIZIIIYIXYZIII']
clique 172 ['IIIIIIIIXIXXYIYIZIII']
clique 173 ['IIIIIIIIXIXYYIYIZIII']
clique 174 ['IIIIIIIIXIXZYIYIZIII']
clique 175 ['IIIIIIIIXIYIYIXZZIII']
clique 176 ['IIIIIIIIXXZIYIYIZIII']
clique 177 ['IIIIIIIIXYZIYIYIZIII']
clique 178 ['IIIIIIIIXZZIYIYIZIII']
clique 179 ['IIIIIIXXZIIIYIYIZIII']
clique 180 ['IIIIIIXYZIIIYIYIZIII']
clique 181 ['IIIIIIXZZIIIYIYIZIII']
clique 182 ['IIIIIIYIZIIIYIXZZIII']
clique 183 ['IIIIIXZIZIIIYIYIZIII']
clique 184 ['IIIIIYZIZIIIYIYIZIII']
clique 185 ['IIIIIZZIZIIIYIYIZIII']
clique 186 ['IIIIIIIIXIYIYXZIZIII']
clique 187 ['IIIIIIIIXIYIYYZIZIII']
clique 188 ['IIIIIIYIZIIIYXZIZIII']
clique 189 ['IIIIIIYIZIIIYYZIZIII']
clique 190 ['IIIIIIIIXIYIYZZIZIII']
clique 191 ['IIIIIIYIZIIIYZZIZIII']
clique 192 ['IIIIIIIIXIYIYIIIXIYI']
clique 193 ['IIIIIIYIZIIIYIIIXIYI']
clique 194 ['IIIIIIIIXIYIYIYIZIII']
clique 195 ['IIIIIIYIZIIIYIYIZIII']
clique 196 ['XIXYYIIIIIIIXIIIXIXX', 'IIIIIIIIXIXXXIIIIIII']
clique 197 ['XIXXYIIIIIIIXIIIXIXY', 'IIIIIIIIXIXYXIIIIIII']
clique 198 ['XIXXYIIIIIIIXIIIXIXX', 'IIIIIIIIXIXZXIIIIIII']
clique 199 ['XIXYYIIIIIIIXIIIXIXY', 'IIIIIIIIXXZIXIIIIIII']
clique 200 ['XIXZYIIIIIIIXIIIXIXY', 'IIIIIIIIXYZIXIIIIIII']
clique 201 ['XIXZYIIIIIIIXIIIXIXX', 'IIIIIIIIXZZIXIIIIIII']
clique 202 ['XYZIYIIIIIIIXIIIXIXX', 'IIIIIIXXZIIIXIIIIIII']
clique 203 ['XXZIYIIIIIIIXIIIXIXY', 'IIIIIIXYZIIIXIIIIIII']
clique 204 ['XXZIYIIIIIIIXIIIXIXX', 'IIIIIIXZZIIIXIIIIIII']
clique 205 ['XYZIYIIIIIIIXIIIXIXY', 'IIIIIXZIZIIIXIIIIIII']
clique 206 ['XZZIYIIIIIIIXIIIXIXY', 'IIIIIYZIZIIIXIIIIIII']
clique 207 ['XZZIYIIIIIIIXIIIXIXX', 'IIIIIZZIZIIIXIIIIIII']
clique 208 ['XIXYYIIIIIIIXIIIXIXZ', 'IIIIIIIIXIYIXIIIIIII']
clique 209 ['XIXXYIIIIIIIXIIIXIXZ', 'IIIIIIYIZIIIXIIIIIII']
clique 210 ['XIXZYIIIIIIIXIIIXIXZ', 'IIIIIIIIYIIIXIIIIIII', 'IIIIIIXYYIXXIIIIIIII']
clique 211 ['XYZIYIIIIIIIXIIIXIXZ', 'IIIIIIXXYIXYIIIIIIII']
clique 212 ['XXZIYIIIIIIIXIIIXIXZ', 'IIIIIIXXYIXXIIIIIIII']
clique 213 ['XZZIYIIIIIIIXIIIXIXZ', 'IIIIIIXYYIXYIIIIIIII']
clique 214 ['XIXYYIIIIIIIXIIIXXZI', 'IIIIIIXZYIXYIIIIIIII']
clique 215 ['XIXXYIIIIIIIXIIIXYZI', 'IIIIIIXZYIXXIIIIIIII']
clique 216 ['XIXXYIIIIIIIXIIIXXZI', 'IIIIIYZIYIXXIIIIIIII']
clique 217 ['XIXYYIIIIIIIXIIIXYZI', 'IIIIIXZIYIXYIIIIIIII']
clique 218 ['XIXZYIIIIIIIXIIIXYZI', 'IIIIIXZIYIXXIIIIIIII']
clique 219 ['XIXZYIIIIIIIXIIIXXZI', 'IIIIIYZIYIXYIIIIIIII']
clique 220 ['XYZIYIIIIIIIXIIIXXZI', 'IIIIIZZIYIXYIIIIIIII']
clique 221 ['XXZIYIIIIIIIXIIIXYZI', 'IIIIIZZIYIXXIIIIIIII']
clique 222 ['XXZIYIIIIIIIXIIIXXZI', 'IIIIIIXYYIXZIIIIIIII']
clique 223 ['XYZIYIIIIIIIXIIIXYZI', 'IIIIIIXXYIXZIIIIIIII']
clique 224 ['XZZIYIIIIIIIXIIIXYZI', 'IIIIIIXZYIXZIIIIIIII']
clique 225 ['XZZIYIIIIIIIXIIIXXZI', 'IIIIIYZIYIXZIIIIIIII']
clique 226 ['XIXYYIIIIIIIXIIIXZZI', 'IIIIIXZIYIXZIIIIIIII']
clique 227 ['XIXXYIIIIIIIXIIIXZZI', 'IIIIIZZIYIXZIIIIIIII']
clique 228 ['XIXZYIIIIIIIXIIIXZZI', 'IIIIIIXYYXZIIIIIIIII']
clique 229 ['XYZIYIIIIIIIXIIIXZZI', 'IIIIIIXXYYZIIIIIIIII']
clique 230 ['XXZIYIIIIIIIXIIIXZZI', 'IIIIIIXXYXZIIIIIIIII']
clique 231 ['XZZIYIIIIIIIXIIIXZZI', 'IIIIIIXYYYZIIIIIIIII']
clique 232 ['XIXYYIIIIIIIXIXXZIII', 'IIIIIIXZYYZIIIIIIIII']
clique 233 ['XIXXYIIIIIIIXIXYZIII', 'IIIIIIXZYXZIIIIIIIII']
clique 234 ['XIXXYIIIIIIIXIXXZIII', 'IIIIIYZIYXZIIIIIIIII']
clique 235 ['XIXYYIIIIIIIXIXYZIII', 'IIIIIXZIYYZIIIIIIIII']
clique 236 ['XIXZYIIIIIIIXIXYZIII', 'IIIIIXZIYXZIIIIIIIII']
clique 237 ['XIXZYIIIIIIIXIXXZIII', 'IIIIIYZIYYZIIIIIIIII']
clique 238 ['XYZIYIIIIIIIXIXXZIII', 'IIIIIZZIYYZIIIIIIIII']
clique 239 ['XXZIYIIIIIIIXIXYZIII', 'IIIIIZZIYXZIIIIIIIII']
clique 240 ['XXZIYIIIIIIIXIXXZIII', 'IIIIIIXYYZZIIIIIIIII']
clique 241 ['XYZIYIIIIIIIXIXYZIII', 'IIIIIIXXYZZIIIIIIIII']
clique 242 ['XZZIYIIIIIIIXIXYZIII', 'IIIIIIXZYZZIIIIIIIII']
clique 243 ['XZZIYIIIIIIIXIXXZIII', 'IIIIIYZIYZZIIIIIIIII']
clique 244 ['XIXYYIIIIIIIXIXZZIII', 'IIIIIXZIYZZIIIIIIIII']
clique 245 ['XIXXYIIIIIIIXIXZZIII', 'IIIIIZZIYZZIIIIIIIII']
clique 246 ['XIXZYIIIIIIIXIXZZIII', 'IIIIIIYIYIXXIIIIIIII']
clique 247 ['XYZIYIIIIIIIXIXZZIII', 'IIIIIIYIYIXYIIIIIIII']
clique 248 ['XXZIYIIIIIIIXIXZZIII', 'IIIIIIXXYIYIIIIIIIII']
clique 249 ['XZZIYIIIIIIIXIXZZIII', 'IIIIIIXYYIYIIIIIIIII']
clique 250 ['XIXYYIIIIIIIXXZIZIII', 'IIIIIIXZYIYIIIIIIIII']
clique 251 ['XIXXYIIIIIIIXYZIZIII', 'IIIIIIYIYIXZIIIIIIII']
clique 252 ['XIXXYIIIIIIIXXZIZIII', 'IIIIIXZIYIYIIIIIIIII']
clique 253 ['XIXYYIIIIIIIXYZIZIII', 'IIIIIYZIYIYIIIIIIIII']
clique 254 ['XIXZYIIIIIIIXYZIZIII', 'IIIIIZZIYIYIIIIIIIII']
clique 255 ['XIXZYIIIIIIIXXZIZIII', 'IIIIIIYIYXZIIIIIIIII']
clique 256 ['XYZIYIIIIIIIXXZIZIII', 'IIIIIIYIYYZIIIIIIIII']
clique 257 ['XXZIYIIIIIIIXYZIZIII', 'IIIIIIYIYZZIIIIIIIII']
clique 258 ['XXZIYIIIIIIIXXZIZIII', 'IIIIIIYIYIYIIIIIIIII']
clique 259 ['XYZIYIIIIIIIXYZIZIII']
clique 260 ['XZZIYIIIIIIIXYZIZIII']
clique 261 ['XZZIYIIIIIIIXXZIZIII']
clique 262 ['XIXYYIIIIIIIXZZIZIII']
clique 263 ['XIXXYIIIIIIIXZZIZIII']
clique 264 ['XIXZYIIIIIIIXZZIZIII']
clique 265 ['XYZIYIIIIIIIXZZIZIII']
clique 266 ['XXZIYIIIIIIIXZZIZIII']
clique 267 ['XZZIYIIIIIIIXZZIZIII']
clique 268 ['IIIIIIIIIIIIZIIIXIXX', 'XIXYYIIIXIXXZIIIIIII']
clique 269 ['IIIIIIIIIIIIZIIIXIXY', 'XIXXYIIIXIXYZIIIIIII']
clique 270 ['IIIIIIIIIIIIZIIIXIXZ', 'XIXXYIIIXIXXZIIIIIII']
clique 271 ['IIIIIIIIIIIIZIIIXXZI', 'XIXYYIIIXIXYZIIIIIII']
clique 272 ['IIIIIIIIIIIIZIIIXYZI', 'XIXZYIIIXIXYZIIIIIII']
clique 273 ['IIIIIIIIIIIIZIIIXZZI', 'XIXZYIIIXIXXZIIIIIII']
clique 274 ['IIIIIIIIIIIIZIXXZIII', 'XYZIYIIIXIXXZIIIIIII']
clique 275 ['IIIIIIIIIIIIZIXYZIII', 'XXZIYIIIXIXYZIIIIIII']
clique 276 ['IIIIIIIIIIIIZIXZZIII', 'XXZIYIIIXIXXZIIIIIII']
clique 277 ['IIIIIIIIIIIIZXZIZIII', 'XYZIYIIIXIXYZIIIIIII']
clique 278 ['IIIIIIIIIIIIZYZIZIII', 'XZZIYIIIXIXYZIIIIIII']
clique 279 ['IIIIIIIIIIIIZZZIZIII', 'XZZIYIIIXIXXZIIIIIII']
clique 280 ['IIIIIIIIIIIIZIIIXIYI', 'XIXYYIIIXIXZZIIIIIII']
clique 281 ['IIIIIIIIIIIIZIYIZIII', 'XIXXYIIIXIXZZIIIIIII']
clique 282 ['IIIIIIIIIIIIIIXYYIXX', 'IIIIIIIIIIIIZIIIYIII', 'XIXZYIIIXIXZZIIIIIII']
clique 283 ['IIIIIIIIIIIIIIXXYIXY', 'XYZIYIIIXIXZZIIIIIII']
clique 284 ['IIIIIIIIIIIIIIXXYIXX', 'XXZIYIIIXIXZZIIIIIII']
clique 285 ['IIIIIIIIIIIIIIXYYIXY', 'XZZIYIIIXIXZZIIIIIII']
clique 286 ['IIIIIIIIIIIIIIXZYIXY', 'XIXYYIIIXXZIZIIIIIII']
clique 287 ['IIIIIIIIIIIIIIXZYIXX', 'XIXXYIIIXYZIZIIIIIII']
clique 288 ['IIIIIIIIIIIIIYZIYIXX', 'XIXXYIIIXXZIZIIIIIII']
clique 289 ['IIIIIIIIIIIIIXZIYIXY', 'XIXYYIIIXYZIZIIIIIII']
clique 290 ['IIIIIIIIIIIIIXZIYIXX', 'XIXZYIIIXYZIZIIIIIII']
clique 291 ['IIIIIIIIIIIIIYZIYIXY', 'XIXZYIIIXXZIZIIIIIII']
clique 292 ['IIIIIIIIIIIIIZZIYIXY', 'XYZIYIIIXXZIZIIIIIII']
clique 293 ['IIIIIIIIIIIIIZZIYIXX', 'XXZIYIIIXYZIZIIIIIII']
clique 294 ['IIIIIIIIIIIIIIXYYIXZ', 'XXZIYIIIXXZIZIIIIIII']
clique 295 ['IIIIIIIIIIIIIIXXYIXZ', 'XYZIYIIIXYZIZIIIIIII']
clique 296 ['IIIIIIIIIIIIIIXZYIXZ', 'XZZIYIIIXYZIZIIIIIII']
clique 297 ['IIIIIIIIIIIIIYZIYIXZ', 'XZZIYIIIXXZIZIIIIIII']
clique 298 ['IIIIIIIIIIIIIXZIYIXZ', 'XIXYYIIIXZZIZIIIIIII']
clique 299 ['IIIIIIIIIIIIIZZIYIXZ', 'XIXXYIIIXZZIZIIIIIII']
clique 300 ['IIIIIIIIIIIIIIXYYXZI', 'XIXZYIIIXZZIZIIIIIII']
clique 301 ['IIIIIIIIIIIIIIXXYYZI', 'XYZIYIIIXZZIZIIIIIII']
clique 302 ['IIIIIIIIIIIIIIXXYXZI', 'XXZIYIIIXZZIZIIIIIII']
clique 303 ['IIIIIIIIIIIIIIXYYYZI', 'XZZIYIIIXZZIZIIIIIII']
clique 304 ['IIIIIIIIIIIIIIXZYYZI', 'XIXYYIXXZIIIZIIIIIII']
clique 305 ['IIIIIIIIIIIIIIXZYXZI', 'XIXXYIXYZIIIZIIIIIII']
clique 306 ['IIIIIIIIIIIIIYZIYXZI', 'XIXXYIXXZIIIZIIIIIII']
clique 307 ['IIIIIIIIIIIIIXZIYYZI', 'XIXYYIXYZIIIZIIIIIII']
clique 308 ['IIIIIIIIIIIIIXZIYXZI', 'XIXZYIXYZIIIZIIIIIII']
clique 309 ['IIIIIIIIIIIIIYZIYYZI', 'XIXZYIXXZIIIZIIIIIII']
clique 310 ['IIIIIIIIIIIIIZZIYYZI', 'XYZIYIXXZIIIZIIIIIII']
clique 311 ['IIIIIIIIIIIIIZZIYXZI', 'XXZIYIXYZIIIZIIIIIII']
clique 312 ['IIIIIIIIIIIIIIXYYZZI', 'XXZIYIXXZIIIZIIIIIII']
clique 313 ['IIIIIIIIIIIIIIXXYZZI', 'XYZIYIXYZIIIZIIIIIII']
clique 314 ['IIIIIIIIIIIIIIXZYZZI', 'XZZIYIXYZIIIZIIIIIII']
clique 315 ['IIIIIIIIIIIIIYZIYZZI', 'XZZIYIXXZIIIZIIIIIII']
clique 316 ['IIIIIIIIIIIIIXZIYZZI', 'XIXYYIXZZIIIZIIIIIII']
clique 317 ['IIIIIIIIIIIIIZZIYZZI', 'XIXXYIXZZIIIZIIIIIII']
clique 318 ['IIIIIIIIIIIIIIYIYIXX', 'XIXZYIXZZIIIZIIIIIII']
clique 319 ['IIIIIIIIIIIIIIYIYIXY', 'XYZIYIXZZIIIZIIIIIII']
clique 320 ['IIIIIIIIIIIIIIXXYIYI', 'XXZIYIXZZIIIZIIIIIII']
clique 321 ['IIIIIIIIIIIIIIXYYIYI', 'XZZIYIXZZIIIZIIIIIII']
clique 322 ['IIIIIIIIIIIIIIXZYIYI', 'XIXYYXZIZIIIZIIIIIII']
clique 323 ['IIIIIIIIIIIIIIYIYIXZ', 'XIXXYYZIZIIIZIIIIIII']
clique 324 ['IIIIIIIIIIIIIXZIYIYI', 'XIXXYXZIZIIIZIIIIIII']
clique 325 ['IIIIIIIIIIIIIYZIYIYI', 'XIXYYYZIZIIIZIIIIIII']
clique 326 ['IIIIIIIIIIIIIZZIYIYI', 'XIXZYYZIZIIIZIIIIIII']
clique 327 ['IIIIIIIIIIIIIIYIYXZI', 'XIXZYXZIZIIIZIIIIIII']
clique 328 ['IIIIIIIIIIIIIIYIYYZI', 'XYZIYXZIZIIIZIIIIIII']
clique 329 ['IIIIIIIIIIIIIIYIYZZI', 'XXZIYYZIZIIIZIIIIIII']
clique 330 ['IIIIIIIIIIIIIIYIYIYI', 'XXZIYXZIZIIIZIIIIIII']
clique 331 ['XYZIYYZIZIIIZIIIIIII']
clique 332 ['XZZIYYZIZIIIZIIIIIII']
clique 333 ['XZZIYXZIZIIIZIIIIIII']
clique 334 ['XIXYYZZIZIIIZIIIIIII']
clique 335 ['XIXXYZZIZIIIZIIIIIII']
clique 336 ['XIXZYZZIZIIIZIIIIIII']
clique 337 ['XYZIYZZIZIIIZIIIIIII']
clique 338 ['XXZIYZZIZIIIZIIIIIII']
clique 339 ['XZZIYZZIZIIIZIIIIIII']
clique 340 ['XIYIYIIIIIIIXIIIXIXX']
clique 341 ['XIYIYIIIIIIIXIIIXIXY']
clique 342 ['XIXXYIIIIIIIXIIIXIYI']
clique 343 ['XIXYYIIIIIIIXIIIXIYI']
clique 344 ['XIXZYIIIIIIIXIIIXIYI']
clique 345 ['XIYIYIIIIIIIXIIIXIXZ']
clique 346 ['XXZIYIIIIIIIXIIIXIYI']
clique 347 ['XYZIYIIIIIIIXIIIXIYI']
clique 348 ['XZZIYIIIIIIIXIIIXIYI']
clique 349 ['XIYIYIIIIIIIXIIIXXZI']
clique 350 ['XIYIYIIIIIIIXIIIXYZI']
clique 351 ['XIYIYIIIIIIIXIIIXZZI']
clique 352 ['XIYIYIIIIIIIXIXXZIII']
clique 353 ['XIYIYIIIIIIIXIXYZIII']
clique 354 ['XIXXYIIIIIIIXIYIZIII']
clique 355 ['XIXYYIIIIIIIXIYIZIII']
clique 356 ['XIXZYIIIIIIIXIYIZIII']
clique 357 ['XIYIYIIIIIIIXIXZZIII']
clique 358 ['XXZIYIIIIIIIXIYIZIII']
clique 359 ['XYZIYIIIIIIIXIYIZIII']
clique 360 ['XZZIYIIIIIIIXIYIZIII']
clique 361 ['XIYIYIIIIIIIXXZIZIII']
clique 362 ['XIYIYIIIIIIIXYZIZIII']
clique 363 ['XIYIYIIIIIIIXZZIZIII']
clique 364 ['XIYIYIIIXIXXZIIIIIII']
clique 365 ['XIYIYIIIXIXYZIIIIIII']
clique 366 ['XIXXYIIIXIYIZIIIIIII']
clique 367 ['XIXYYIIIXIYIZIIIIIII']
clique 368 ['XIXZYIIIXIYIZIIIIIII']
clique 369 ['XIYIYIIIXIXZZIIIIIII']
clique 370 ['XXZIYIIIXIYIZIIIIIII']
clique 371 ['XYZIYIIIXIYIZIIIIIII']
clique 372 ['XZZIYIIIXIYIZIIIIIII']
clique 373 ['XIYIYIIIXXZIZIIIIIII']
clique 374 ['XIYIYIIIXYZIZIIIIIII']
clique 375 ['XIYIYIIIXZZIZIIIIIII']
clique 376 ['XIYIYIXXZIIIZIIIIIII']
clique 377 ['XIYIYIXYZIIIZIIIIIII']
clique 378 ['XIXXYIYIZIIIZIIIIIII']
clique 379 ['XIXYYIYIZIIIZIIIIIII']
clique 380 ['XIXZYIYIZIIIZIIIIIII']
clique 381 ['XIYIYIXZZIIIZIIIIIII']
clique 382 ['XXZIYIYIZIIIZIIIIIII']
clique 383 ['XYZIYIYIZIIIZIIIIIII']
clique 384 ['XZZIYIYIZIIIZIIIIIII']
clique 385 ['XIYIYXZIZIIIZIIIIIII']
clique 386 ['XIYIYYZIZIIIZIIIIIII']
clique 387 ['XIYIYZZIZIIIZIIIIIII']
clique 388 ['IIIIIIIIYIIIYIIIXIXX']
clique 389 ['IIIIIIIIYIIIYIIIXIXY']
clique 390 ['IIIIIIIIYIIIYIIIXIXZ']
clique 391 ['IIIIIIIIYIIIYIIIXXZI']
clique 392 ['IIIIIIIIYIIIYIIIXYZI']
clique 393 ['IIIIIIIIXIXXYIIIYIII']
clique 394 ['IIIIIIIIXIXYYIIIYIII']
clique 395 ['IIIIIIIIXIXZYIIIYIII']
clique 396 ['IIIIIIIIXXZIYIIIYIII']
clique 397 ['IIIIIIIIXYZIYIIIYIII']
clique 398 ['IIIIIIIIXZZIYIIIYIII']
clique 399 ['IIIIIIIIYIIIYIIIXZZI']
clique 400 ['IIIIIIXXZIIIYIIIYIII']
clique 401 ['IIIIIIXYZIIIYIIIYIII']
clique 402 ['IIIIIIXZZIIIYIIIYIII']
clique 403 ['IIIIIXZIZIIIYIIIYIII']
clique 404 ['IIIIIYZIZIIIYIIIYIII']
clique 405 ['IIIIIZZIZIIIYIIIYIII']
clique 406 ['IIIIIIIIYIIIYIXXZIII']
clique 407 ['IIIIIIIIYIIIYIXYZIII']
clique 408 ['IIIIIIIIYIIIYIXZZIII']
clique 409 ['IIIIIIIIYIIIYXZIZIII']
clique 410 ['IIIIIIIIYIIIYYZIZIII']
clique 411 ['IIIIIIIIYIIIYZZIZIII']
clique 412 ['YIIIYIIIIIIIXIIIXIXX']
clique 413 ['YIIIYIIIIIIIXIIIXIXY']
clique 414 ['YIIIYIIIIIIIXIIIXIXZ']
clique 415 ['YIIIYIIIIIIIXIIIXXZI']
clique 416 ['YIIIYIIIIIIIXIIIXYZI']
clique 417 ['YIIIYIIIIIIIXIIIXZZI']
clique 418 ['YIIIYIIIIIIIXIXXZIII']
clique 419 ['YIIIYIIIIIIIXIXYZIII']
clique 420 ['YIIIYIIIIIIIXIXZZIII']
clique 421 ['YIIIYIIIIIIIXXZIZIII']
clique 422 ['YIIIYIIIIIIIXYZIZIII']
clique 423 ['YIIIYIIIIIIIXZZIZIII']
clique 424 ['YIIIYIIIXIXXZIIIIIII']
clique 425 ['YIIIYIIIXIXYZIIIIIII']
clique 426 ['YIIIYIIIXIXZZIIIIIII']
clique 427 ['YIIIYIIIXXZIZIIIIIII']
clique 428 ['YIIIYIIIXYZIZIIIIIII']
clique 429 ['YIIIYIIIXZZIZIIIIIII']
clique 430 ['YIIIYIXXZIIIZIIIIIII']
clique 431 ['YIIIYIXYZIIIZIIIIIII']
clique 432 ['YIIIYIXZZIIIZIIIIIII']
clique 433 ['YIIIYXZIZIIIZIIIIIII']
clique 434 ['YIIIYYZIZIIIZIIIIIII']
clique 435 ['YIIIYZZIZIIIZIIIIIII']
clique 436 ['XIYIYIIIIIIIXIIIXIYI']
clique 437 ['XIYIYIIIIIIIXIYIZIII']
clique 438 ['XIYIYIIIXIYIZIIIIIII']
clique 439 ['XIYIYIYIZIIIZIIIIIII']
clique 440 ['IIIIIIIIYIIIYIIIXIYI']
clique 441 ['IIIIIIIIXIYIYIIIYIII']
clique 442 ['IIIIIIYIZIIIYIIIYIII']
clique 443 ['IIIIIIIIYIIIYIYIZIII']
clique 444 ['IIIIZIIIIIIIXIIIXIXX']
clique 445 ['IIIIZIIIIIIIXIIIXIXY']
clique 446 ['IIIIZIIIIIIIXIIIXIXZ']
clique 447 ['IIIIZIIIIIIIXIIIXXZI']
clique 448 ['IIIIZIIIIIIIXIIIXYZI']
clique 449 ['IIIIZIIIIIIIXIIIXZZI']
clique 450 ['IIIIZIIIIIIIXIXXZIII']
clique 451 ['IIIIZIIIIIIIXIXYZIII']
clique 452 ['IIIIZIIIIIIIXIXZZIII']
clique 453 ['IIIIZIIIIIIIXXZIZIII']
clique 454 ['IIIIZIIIIIIIXYZIZIII']
clique 455 ['IIIIZIIIIIIIXZZIZIII']
clique 456 ['IIIIZIIIXIXXZIIIIIII']
clique 457 ['IIIIZIIIXIXYZIIIIIII']
clique 458 ['IIIIZIIIXIXZZIIIIIII']
clique 459 ['IIIIZIIIXXZIZIIIIIII']
clique 460 ['IIIIZIIIXYZIZIIIIIII']
clique 461 ['IIIIZIIIXZZIZIIIIIII']
clique 462 ['IIIIZIXXZIIIZIIIIIII']
clique 463 ['IIIIZIXYZIIIZIIIIIII']
clique 464 ['IIIIZIXZZIIIZIIIIIII']
clique 465 ['IIIIZXZIZIIIZIIIIIII']
clique 466 ['IIIIZYZIZIIIZIIIIIII']
clique 467 ['IIIIZZZIZIIIZIIIIIII']
clique 468 ['YIIIYIIIIIIIXIIIXIYI']
clique 469 ['YIIIYIIIIIIIXIYIZIII']
clique 470 ['YIIIYIIIXIYIZIIIIIII']
clique 471 ['YIIIYIYIZIIIZIIIIIII']
clique 472 ['IIIIZIIIIIIIXIIIXIYI']
clique 473 ['IIIIZIIIIIIIXIYIZIII']
clique 474 ['IIIIZIIIXIYIZIIIIIII']
clique 475 ['IIIIZIYIZIIIZIIIIIII']
clique 476 ['XIXXYIIIIIIIXIIIYIII']
clique 477 ['XIXYYIIIIIIIXIIIYIII']
clique 478 ['XIXZYIIIIIIIXIIIYIII']
clique 479 ['XXZIYIIIIIIIXIIIYIII']
clique 480 ['XYZIYIIIIIIIXIIIYIII']
clique 481 ['XZZIYIIIIIIIXIIIYIII']
clique 482 ['XIXXYIIIYIIIZIIIIIII']
clique 483 ['XIXYYIIIYIIIZIIIIIII']
clique 484 ['XIXZYIIIYIIIZIIIIIII']
clique 485 ['XXZIYIIIYIIIZIIIIIII']
clique 486 ['XYZIYIIIYIIIZIIIIIII']
clique 487 ['XZZIYIIIYIIIZIIIIIII']
clique 488 ['XIYIYIIIIIIIXIIIYIII']
clique 489 ['XIYIYIIIYIIIZIIIIIII']
clique 490 ['IIIIIIIIYIIIYIIIYIII']
clique 491 ['YIIIYIIIIIIIXIIIYIII']
clique 492 ['YIIIYIIIYIIIZIIIIIII']
clique 493 ['IIIIZIIIIIIIXIIIYIII']
clique 494 ['IIIIZIIIYIIIZIIIIIII']
