GS energy with  DMRG -5.57536562044748
N= 4.0
E= -5.57536562044748
D= [[ 5.00000000e-01+0.j -3.79281276e-12+0.j  4.36579417e-01+0.j
   3.67964818e-14+0.j -1.43739014e-12+0.j  1.96106493e-12+0.j
  -2.07712319e-01+0.j  1.47820048e-12+0.j]
 [-3.79289092e-12+0.j  5.00000000e-01+0.j  1.80925321e-13+0.j
   4.36579417e-01+0.j  1.87941250e-12+0.j  1.73334957e-12+0.j
  -1.00180046e-12+0.j -2.07712319e-01+0.j]
 [ 4.36579417e-01+0.j  1.80894524e-13+0.j  5.00000000e-01+0.j
   1.40244170e-12+0.j  2.19444409e-01+0.j -5.53004139e-13+0.j
   1.69239080e-12+0.j -2.90632837e-12+0.j]
 [ 3.67801503e-14+0.j  4.36579417e-01+0.j  1.40246915e-12+0.j
   5.00000000e-01+0.j  5.87893212e-14+0.j  2.19444409e-01+0.j
  -2.92411880e-12+0.j -2.09783226e-12+0.j]
 [-1.43739708e-12+0.j  1.87939705e-12+0.j  2.19444409e-01+0.j
   5.87828048e-14+0.j  5.00000000e-01+0.j  8.71152945e-13+0.j
   4.36579417e-01+0.j -1.77631139e-12+0.j]
 [ 1.96108974e-12+0.j  1.73328712e-12+0.j -5.52994825e-13+0.j
   2.19444409e-01+0.j  8.71162368e-13+0.j  5.00000000e-01+0.j
   2.02780173e-12+0.j  4.36579417e-01+0.j]
 [-2.07712319e-01+0.j -1.00182925e-12+0.j  1.69242593e-12+0.j
  -2.92412056e-12+0.j  4.36579417e-01+0.j  2.02777985e-12+0.j
   5.00000000e-01+0.j  1.51936662e-12+0.j]
 [ 1.47820442e-12+0.j -2.07712319e-01+0.j -2.90633559e-12+0.j
  -2.09780820e-12+0.j -1.77630440e-12+0.j  4.36579417e-01+0.j
   1.51931214e-12+0.j  5.00000000e-01+0.j]]
W= [0.19104713+0.j 0.20647655+0.j 0.20647655+0.j 0.19104713+0.j]
local approximation with  1 sites
local interactions on sites [[0], [1], [2], [3]]
Functional for interaction on sites [0]
aca-directory for images already exists
aca-directory for images already exists
aca-directory for images already exists
interacting orbitals: [0, 1]
mapping: [0, 1, 2, 3, 4, 5, 6, 7]
aca-directory for images already exists
aca-directory for images already exists
aca-directory for images already exists
orbinteractaca= [0, 1]
aca-directory for images already exists
aca-directory for images already exists
aca-directory for images already exists
aca-directory for images already exists
aca-directory for images already exists
aca-directory for images already exists
aca-directory for images already exists
aca-directory for images already exists
aca-directory for images already exists
aca-directory for images already exists
aca-directory for images already exists
aca-directory for images already exists
aca-directory for images already exists
aca-directory for images already exists
aca-directory for images already exists
aca-directory for images already exists
aca-directory for images already exists
aca-directory for images already exists
aca-directory for images already exists
aca-directory for images already exists
aca-directory for images already exists
aca: level 3  norb= 8
Daca= [[ 5.00000000e-01+0.j -3.79281276e-12+0.j -4.83472849e-01+0.j
   1.10999645e-29+0.j -6.10032806e-29+0.j -1.65709296e-29+0.j
  -4.30005973e-18+0.j  3.79687814e-29+0.j]
 [-3.79289092e-12+0.j  5.00000000e-01+0.j  8.06931479e-15+0.j
  -4.83472849e-01+0.j -2.68889068e-28+0.j -9.12196445e-29+0.j
   3.73821846e-28+0.j  2.61129175e-18+0.j]
 [-4.83472849e-01+0.j  8.08475764e-15+0.j  5.00000000e-01+0.j
   3.77013015e-12+0.j  1.05941599e-02+0.j -3.20978381e-31+0.j
  -2.37220899e-36+0.j  0.00000000e+00+0.j]
 [ 1.64423040e-17+0.j -4.83472849e-01+0.j  3.77014459e-12+0.j
   5.00000000e-01+0.j -2.51282041e-14+0.j  1.05941599e-02+0.j
  -6.24415685e-37+0.j  0.00000000e+00+0.j]
 [-6.93889390e-18+0.j -1.54517213e-17+0.j  1.05941599e-02+0.j
  -2.51310853e-14+0.j  5.00000000e-01+0.j  5.93883927e-12+0.j
   4.88513255e-01+0.j -4.03896783e-28+0.j]
 [ 2.48063097e-17+0.j -6.24500451e-17+0.j -9.90274775e-19+0.j
   1.05941599e-02+0.j  5.93884869e-12+0.j  5.00000000e-01+0.j
   3.29509116e-15+0.j -4.88513255e-01+0.j]
 [ 7.62745735e-17+0.j -3.92260218e-17+0.j -6.39585553e-17+0.j
   3.45489631e-17+0.j  4.88513255e-01+0.j  3.27133175e-15+0.j
   5.00000000e-01+0.j  5.91600815e-12+0.j]
 [-3.45415089e-18+0.j  2.61129175e-18+0.j -2.55673389e-17+0.j
  -4.63541602e-17+0.j -9.11192930e-18+0.j -4.88513255e-01+0.j
   5.91604963e-12+0.j  5.00000000e-01+0.j]]
rounding Naca1 to integer
rounding Naca2 to integer
Naca= (2, 2)
nq= 8
variational state:
      ┌──────────┐ ┌──────────┐┌───┐     ┌───────────┐┌───────────┐»
q0_0: ┤ Ry(y[0]) ├─┤ Rz(y[8]) ├┤ X ├──■──┤ Ry(y[16]) ├┤ Rz(y[24]) ├»
      ├──────────┤ ├──────────┤└─┬─┘┌─┴─┐└───────────┘├───────────┤»
q0_1: ┤ Ry(y[1]) ├─┤ Rz(y[9]) ├──┼──┤ X ├──────■──────┤ Ry(y[17]) ├»
      ├──────────┤┌┴──────────┤  │  └───┘    ┌─┴─┐    └───────────┘»
q0_2: ┤ Ry(y[2]) ├┤ Rz(y[10]) ├──┼───────────┤ X ├──────────■──────»
      ├──────────┤├───────────┤  │           └───┘        ┌─┴─┐    »
q0_3: ┤ Ry(y[3]) ├┤ Rz(y[11]) ├──┼────────────────────────┤ X ├────»
      ├──────────┤├───────────┤  │                        └───┘    »
q0_4: ┤ Ry(y[4]) ├┤ Rz(y[12]) ├──┼─────────────────────────────────»
      ├──────────┤├───────────┤  │                                 »
q0_5: ┤ Ry(y[5]) ├┤ Rz(y[13]) ├──┼─────────────────────────────────»
      ├──────────┤├───────────┤  │                                 »
q0_6: ┤ Ry(y[6]) ├┤ Rz(y[14]) ├──┼─────────────────────────────────»
      ├──────────┤├───────────┤  │                                 »
q0_7: ┤ Ry(y[7]) ├┤ Rz(y[15]) ├──■─────────────────────────────────»
      └──────────┘└───────────┘                                    »
c0: 8/═════════════════════════════════════════════════════════════»
                                                                   »
«                                                                       »
«q0_0: ─────────────────────────────────────────────────────────────────»
«      ┌───────────┐                                                    »
«q0_1: ┤ Rz(y[25]) ├────────────────────────────────────────────────────»
«      ├───────────┤┌───────────┐                                       »
«q0_2: ┤ Ry(y[18]) ├┤ Rz(y[26]) ├───────────────────────────────────────»
«      └───────────┘├───────────┤┌───────────┐                          »
«q0_3: ──────■──────┤ Ry(y[19]) ├┤ Rz(y[27]) ├──────────────────────────»
«          ┌─┴─┐    └───────────┘├───────────┤┌───────────┐             »
«q0_4: ────┤ X ├──────────■──────┤ Ry(y[20]) ├┤ Rz(y[28]) ├─────────────»
«          └───┘        ┌─┴─┐    └───────────┘├───────────┤┌───────────┐»
«q0_5: ─────────────────┤ X ├──────────■──────┤ Ry(y[21]) ├┤ Rz(y[29]) ├»
«                       └───┘        ┌─┴─┐    └───────────┘├───────────┤»
«q0_6: ──────────────────────────────┤ X ├──────────■──────┤ Ry(y[22]) ├»
«                                    └───┘        ┌─┴─┐    ├───────────┤»
«q0_7: ───────────────────────────────────────────┤ X ├────┤ Ry(y[23]) ├»
«                                                 └───┘    └───────────┘»
«c0: 8/═════════════════════════════════════════════════════════════════»
«                                                                       »
«                   ┌───┐     ┌───────────┐┌───────────┐             »
«q0_0: ─────────────┤ X ├──■──┤ Ry(y[32]) ├┤ Rz(y[40]) ├─────────────»
«                   └─┬─┘┌─┴─┐└───────────┘├───────────┤┌───────────┐»
«q0_1: ───────────────┼──┤ X ├──────■──────┤ Ry(y[33]) ├┤ Rz(y[41]) ├»
«                     │  └───┘    ┌─┴─┐    └───────────┘├───────────┤»
«q0_2: ───────────────┼───────────┤ X ├──────────■──────┤ Ry(y[34]) ├»
«                     │           └───┘        ┌─┴─┐    └───────────┘»
«q0_3: ───────────────┼────────────────────────┤ X ├──────────■──────»
«                     │                        └───┘        ┌─┴─┐    »
«q0_4: ───────────────┼─────────────────────────────────────┤ X ├────»
«                     │                                     └───┘    »
«q0_5: ───────────────┼──────────────────────────────────────────────»
«      ┌───────────┐  │                                              »
«q0_6: ┤ Rz(y[30]) ├──┼──────────────────────────────────────────────»
«      ├───────────┤  │                                              »
«q0_7: ┤ Rz(y[31]) ├──■──────────────────────────────────────────────»
«      └───────────┘                                                 »
«c0: 8/══════════════════════════════════════════════════════════════»
«                                                                    »
«                                                                       
«q0_0: ─────────────────────────────────────────────────────────────────
«                                                                       
«q0_1: ─────────────────────────────────────────────────────────────────
«      ┌───────────┐                                                    
«q0_2: ┤ Rz(y[42]) ├────────────────────────────────────────────────────
«      ├───────────┤┌───────────┐                                       
«q0_3: ┤ Ry(y[35]) ├┤ Rz(y[43]) ├───────────────────────────────────────
«      └───────────┘├───────────┤┌───────────┐                          
«q0_4: ──────■──────┤ Ry(y[36]) ├┤ Rz(y[44]) ├──────────────────────────
«          ┌─┴─┐    └───────────┘├───────────┤┌───────────┐             
«q0_5: ────┤ X ├──────────■──────┤ Ry(y[37]) ├┤ Rz(y[45]) ├─────────────
«          └───┘        ┌─┴─┐    └───────────┘├───────────┤┌───────────┐
«q0_6: ─────────────────┤ X ├──────────■──────┤ Ry(y[38]) ├┤ Rz(y[46]) ├
«                       └───┘        ┌─┴─┐    ├───────────┤├───────────┤
«q0_7: ──────────────────────────────┤ X ├────┤ Ry(y[39]) ├┤ Rz(y[47]) ├
«                                    └───┘    └───────────┘└───────────┘
«c0: 8/═════════════════════════════════════════════════════════════════
«                                                                       
ansatz-state is written to ansatz.txt
building constraints...
number of constraints= 64
unique pauliops 120
graphclique-cliquecover: 120 with commutationmode qubitwise
strategy largest_first 63
strategy random_sequential 65
strategy smallest_last 63
strategy independent_set 68
strategy connected_sequential_bfs 65
strategy connected_sequential_dfs 65
strategy saturation_largest_first 63
number of cliques 63
clique 0 ['IIIIIIIX', 'IIXYYIXX', 'IIIIIXXI', 'IIIIIXII', 'ZIIIYIII', 'IIIYIIII', 'IXXIIIII', 'IXIIIIII']
clique 1 ['IIIIIIIY', 'IIXXYIXY', 'IIIIIYXI', 'IIIIIYII', 'IIIXIIII', 'IYXIIIII', 'IYIIIIII']
clique 2 ['IIXXYIXX', 'IIIIIZXI', 'IIIIIZII', 'IZXIIIII', 'IZIIIIII']
clique 3 ['IIXYYIXY']
clique 4 ['IIXZYIXY', 'IIIZIIII']
clique 5 ['IIXZYIXX']
clique 6 ['IYZIYIXX', 'IIZXIIII']
clique 7 ['IXZIYIXY', 'IIZYIIII']
clique 8 ['IXZIYIXX', 'IIZZIIII']
clique 9 ['IYZIYIXY']
clique 10 ['IZZIYIXY']
clique 11 ['IZZIYIXX']
clique 12 ['IIIIIIIZ', 'IIXYYIXZ']
clique 13 ['IIXXYIXZ']
clique 14 ['IIXZYIXZ']
clique 15 ['IYZIYIXZ']
clique 16 ['IXZIYIXZ']
clique 17 ['IZZIYIXZ']
clique 18 ['IIIIIIZX', 'IIXYYXZI']
clique 19 ['IIIIIIZY', 'IIXXYYZI']
clique 20 ['IIIIIIZZ', 'IIXXYXZI']
clique 21 ['IIXYYYZI']
clique 22 ['IIXZYYZI']
clique 23 ['IIXZYXZI']
clique 24 ['IYZIYXZI']
clique 25 ['IXZIYYZI']
clique 26 ['IXZIYXZI']
clique 27 ['IYZIYYZI']
clique 28 ['IZZIYYZI']
clique 29 ['IZZIYXZI']
clique 30 ['IIXYYZZI']
clique 31 ['IIXXYZZI']
clique 32 ['IIXZYZZI']
clique 33 ['IYZIYZZI']
clique 34 ['IXZIYZZI']
clique 35 ['IZZIYZZI']
clique 36 ['IIYIYIXX', 'IYYXIIII']
clique 37 ['IIYIYIXY', 'IXYYIIII']
clique 38 ['IIIIIYYX', 'IIXXYIYI']
clique 39 ['IIIIIXYY', 'IIXYYIYI']
clique 40 ['IIIIIXYX', 'IIXZYIYI']
clique 41 ['IIYIYIXZ', 'IXYXIIII']
clique 42 ['IIIIIYYY', 'IXZIYIYI']
clique 43 ['IIIIIZYY', 'IYZIYIYI']
clique 44 ['IIIIIZYX', 'IZZIYIYI']
clique 45 ['IIYIYXZI', 'IYYYIIII']
clique 46 ['IIYIYYZI', 'IZYYIIII']
clique 47 ['IIYIYZZI', 'IZYXIIII']
clique 48 ['IIIIIYYZ', 'IIYIYIYI', 'IYYZIIII']
clique 49 ['IIIIZIXX', 'ZIXXZIII']
clique 50 ['IIIIZIXY', 'ZIXYZIII']
clique 51 ['ZIIIXIXX', 'IIXXXIII']
clique 52 ['ZIIIXIXY', 'IIXYXIII']
clique 53 ['IIIIZIXZ', 'ZIXZZIII']
clique 54 ['ZIIIXIXZ', 'IIXZXIII']
clique 55 ['IIIIZXZI', 'ZXZIZIII']
clique 56 ['IIIIZYZI', 'ZYZIZIII']
clique 57 ['ZIIIXXZI', 'IXZIXIII']
clique 58 ['ZIIIXYZI', 'IYZIXIII']
clique 59 ['IIIIZZZI', 'ZZZIZIII']
clique 60 ['IZZIXIII', 'ZIIIXZZI']
clique 61 ['IIIIIXYZ', 'IIIIZIYI', 'IXYZIIII', 'ZIYIZIII']
clique 62 ['IIIIIZYZ', 'ZIIIXIYI', 'IIYIXIII', 'IZYZIIII']
