E_dimer= 2.5615528128088303
rho12_dimer= 0.48507125007266594
GS energy with  DMRG -2.5615528128088316
N= 2.0
E= -2.5615528128088316
D= [[ 5.00000000e-01+0.j -3.10831654e-13+0.j  4.85071250e-01+0.j
   5.61401960e-14+0.j]
 [-3.10833536e-13+0.j  5.00000000e-01+0.j -5.61496777e-14+0.j
   4.85071250e-01+0.j]
 [ 4.85071250e-01+0.j -5.61371301e-14+0.j  5.00000000e-01+0.j
   3.10821208e-13+0.j]
 [ 5.61440383e-14+0.j  4.85071250e-01+0.j  3.10830225e-13+0.j
   5.00000000e-01+0.j]]
W= [0.18936609+0.j 0.18936609+0.j]
local approximation with  1 sites
local interactions on sites [[0], [1]]
Functional for interaction on sites [0]
aca-directory for images already exists
aca-directory for images already exists
aca-directory for images already exists
interacting orbitals: [0, 1]
mapping: [0, 1, 2, 3]
aca-directory for images already exists
aca-directory for images already exists
aca-directory for images already exists
orbinteractaca= [0, 1]
aca-directory for images already exists
aca-directory for images already exists
aca-directory for images already exists
aca-directory for images already exists
aca-directory for images already exists
aca-directory for images already exists
aca-directory for images already exists
aca-directory for images already exists
aca-directory for images already exists
aca: level 1  norb= 4
Daca= [[ 5.00000000e-01+0.j -3.10831654e-13+0.j -4.85071250e-01+0.j
   0.00000000e+00+0.j]
 [-3.10833536e-13+0.j  5.00000000e-01+0.j  9.48168043e-18+0.j
   4.85071250e-01+0.j]
 [-4.85071250e-01+0.j -3.06588244e-18+0.j  5.00000000e-01+0.j
  -3.10821208e-13+0.j]
 [ 3.84231074e-18+0.j  4.85071250e-01+0.j -3.10830225e-13+0.j
   5.00000000e-01+0.j]]
rounding Naca1 to integer
rounding Naca2 to integer
Naca= (1, 1)
nq= 4
variational state:
      ┌──────────┐┌──────────┐┌───┐     ┌──────────┐┌───────────┐             »
q0_0: ┤ Ry(y[0]) ├┤ Rz(y[4]) ├┤ X ├──■──┤ Ry(y[8]) ├┤ Rz(y[12]) ├─────────────»
      ├──────────┤├──────────┤└─┬─┘┌─┴─┐└──────────┘└┬──────────┤┌───────────┐»
q0_1: ┤ Ry(y[1]) ├┤ Rz(y[5]) ├──┼──┤ X ├─────■───────┤ Ry(y[9]) ├┤ Rz(y[13]) ├»
      ├──────────┤├──────────┤  │  └───┘   ┌─┴─┐     └──────────┘├───────────┤»
q0_2: ┤ Ry(y[2]) ├┤ Rz(y[6]) ├──┼──────────┤ X ├──────────■──────┤ Ry(y[10]) ├»
      ├──────────┤├──────────┤  │          └───┘        ┌─┴─┐    ├───────────┤»
q0_3: ┤ Ry(y[3]) ├┤ Rz(y[7]) ├──■───────────────────────┤ X ├────┤ Ry(y[11]) ├»
      └──────────┘└──────────┘                          └───┘    └───────────┘»
c0: 4/════════════════════════════════════════════════════════════════════════»
                                                                              »
«                   ┌───┐     ┌───────────┐┌───────────┐             »
«q0_0: ─────────────┤ X ├──■──┤ Ry(y[16]) ├┤ Rz(y[20]) ├─────────────»
«                   └─┬─┘┌─┴─┐└───────────┘├───────────┤┌───────────┐»
«q0_1: ───────────────┼──┤ X ├──────■──────┤ Ry(y[17]) ├┤ Rz(y[21]) ├»
«      ┌───────────┐  │  └───┘    ┌─┴─┐    └───────────┘├───────────┤»
«q0_2: ┤ Rz(y[14]) ├──┼───────────┤ X ├──────────■──────┤ Ry(y[18]) ├»
«      ├───────────┤  │           └───┘        ┌─┴─┐    ├───────────┤»
«q0_3: ┤ Rz(y[15]) ├──■────────────────────────┤ X ├────┤ Ry(y[19]) ├»
«      └───────────┘                           └───┘    └───────────┘»
«c0: 4/══════════════════════════════════════════════════════════════»
«                                                                    »
«                   
«q0_0: ─────────────
«                   
«q0_1: ─────────────
«      ┌───────────┐
«q0_2: ┤ Rz(y[22]) ├
«      ├───────────┤
«q0_3: ┤ Rz(y[23]) ├
«      └───────────┘
«c0: 4/═════════════
«                   
ansatz-state is written to ansatz.txt
building constraints...
number of constraints= 16
unique pauliops 28
graphclique-cliquecover: 28 with commutationmode qubitwise
strategy largest_first 15
strategy random_sequential 15
strategy smallest_last 15
strategy independent_set 15
strategy connected_sequential_bfs 15
strategy connected_sequential_dfs 15
strategy saturation_largest_first 15
number of cliques 15
clique 0 ['IIIX', 'IZXX', 'IIXI', 'ZZII']
clique 1 ['IIIY', 'IZXY']
clique 2 ['ZXXX', 'IXII']
clique 3 ['IYXY', 'ZYII']
clique 4 ['IYXX']
clique 5 ['ZXXY']
clique 6 ['IIIZ', 'IZXZ']
clique 7 ['ZXXZ']
clique 8 ['IYXZ']
clique 9 ['IIZX', 'IZZI']
clique 10 ['IIZY', 'ZXZI']
clique 11 ['IIYY', 'IZYI']
clique 12 ['IIYX', 'IYYI']
clique 13 ['IIZZ', 'IYZI']
clique 14 ['IIYZ', 'ZXYI']
