GS energy with  DMRG -3.763542847409978
N= 3.000000000000001
E= -3.763542847409978
D= [[ 7.70208766e-01+0.j -2.61285838e-02+0.j  3.45886277e-01+0.j
  -2.36711692e-13+0.j -2.19737262e-01+0.j  2.12481022e-02+0.j]
 [-2.61285838e-02+0.j  2.29791234e-01+0.j  2.02729153e-12+0.j
   3.45886277e-01+0.j  2.12481022e-02+0.j  2.19737262e-01+0.j]
 [ 3.45886277e-01+0.j  2.02728979e-12+0.j  4.57261120e-01+0.j
   4.13275415e-03+0.j  3.45886277e-01+0.j -4.06334775e-12+0.j]
 [-2.36723835e-13+0.j  3.45886277e-01+0.j  4.13275415e-03+0.j
   5.42738880e-01+0.j  2.07770780e-12+0.j  3.45886277e-01+0.j]
 [-2.19737262e-01+0.j  2.12481022e-02+0.j  3.45886277e-01+0.j
   2.07772428e-12+0.j  7.70208766e-01+0.j -2.61285839e-02+0.j]
 [ 2.12481022e-02+0.j  2.19737262e-01+0.j -4.06335209e-12+0.j
   3.45886277e-01+0.j -2.61285839e-02+0.j  2.29791234e-01+0.j]]
W= [0.14578878+0.j 0.21196981+0.j 0.14578878+0.j]
local approximation with  1 sites
local interactions on sites [[0], [1], [2]]
Functional for interaction on sites [0]
aca-directory for images already exists
aca-directory for images already exists
aca-directory for images already exists
interacting orbitals: [0, 1]
mapping: [0, 1, 2, 3, 4, 5]
aca-directory for images already exists
aca-directory for images already exists
aca-directory for images already exists
orbinteractaca= [0, 1]
aca-directory for images already exists
aca-directory for images already exists
aca-directory for images already exists
aca-directory for images already exists
aca-directory for images already exists
aca-directory for images already exists
aca-directory for images already exists
aca-directory for images already exists
aca-directory for images already exists
aca-directory for images already exists
aca-directory for images already exists
aca-directory for images already exists
aca-directory for images already exists
aca-directory for images already exists
aca-directory for images already exists
aca: level 2  norb= 6
Daca= [[ 7.70208766e-01+0.j -2.61285838e-02+0.j -4.10333112e-01+0.j
   1.77505657e-18+0.j -2.76240628e-17+0.j  1.65542695e-18+0.j]
 [-2.61285838e-02+0.j  2.29791234e-01+0.j -1.89318569e-13+0.j
  -4.10333112e-01+0.j  3.27044730e-18+0.j  1.06058258e-17+0.j]
 [-4.10333112e-01+0.j -1.89338791e-13+0.j  2.35576557e-01+0.j
   2.55691560e-02+0.j  3.06522849e-03+0.j  2.52435490e-29+0.j]
 [ 1.42877154e-17+0.j -4.10333112e-01+0.j  2.55691560e-02+0.j
   7.64423443e-01+0.j -6.59311374e-14+0.j -3.06522849e-03+0.j]
 [-8.58705726e-18+0.j -2.94443629e-17+0.j  3.06522849e-03+0.j
  -6.59117992e-14+0.j  9.91893329e-01+0.j  4.75649858e-02+0.j]
 [ 3.29015884e-18+0.j  2.96428314e-17+0.j  5.39108039e-18+0.j
  -3.06522849e-03+0.j  4.75649858e-02+0.j  8.10667094e-03+0.j]]
Naca= (1.9976786521585694, 1.002321347841431)
nq= 6
variational state:
      ┌──────────┐ ┌──────────┐┌───┐     ┌───────────┐┌───────────┐»
q0_0: ┤ Ry(y[0]) ├─┤ Rz(y[6]) ├┤ X ├──■──┤ Ry(y[12]) ├┤ Rz(y[18]) ├»
      ├──────────┤ ├──────────┤└─┬─┘┌─┴─┐└───────────┘├───────────┤»
q0_1: ┤ Ry(y[1]) ├─┤ Rz(y[7]) ├──┼──┤ X ├──────■──────┤ Ry(y[13]) ├»
      ├──────────┤ ├──────────┤  │  └───┘    ┌─┴─┐    └───────────┘»
q0_2: ┤ Ry(y[2]) ├─┤ Rz(y[8]) ├──┼───────────┤ X ├──────────■──────»
      ├──────────┤ ├──────────┤  │           └───┘        ┌─┴─┐    »
q0_3: ┤ Ry(y[3]) ├─┤ Rz(y[9]) ├──┼────────────────────────┤ X ├────»
      ├──────────┤┌┴──────────┤  │                        └───┘    »
q0_4: ┤ Ry(y[4]) ├┤ Rz(y[10]) ├──┼─────────────────────────────────»
      ├──────────┤├───────────┤  │                                 »
q0_5: ┤ Ry(y[5]) ├┤ Rz(y[11]) ├──■─────────────────────────────────»
      └──────────┘└───────────┘                                    »
c0: 6/═════════════════════════════════════════════════════════════»
                                                                   »
«                                                          ┌───┐     »
«q0_0: ────────────────────────────────────────────────────┤ X ├──■──»
«      ┌───────────┐                                       └─┬─┘┌─┴─┐»
«q0_1: ┤ Rz(y[19]) ├─────────────────────────────────────────┼──┤ X ├»
«      ├───────────┤┌───────────┐                            │  └───┘»
«q0_2: ┤ Ry(y[14]) ├┤ Rz(y[20]) ├────────────────────────────┼───────»
«      └───────────┘├───────────┤┌───────────┐               │       »
«q0_3: ──────■──────┤ Ry(y[15]) ├┤ Rz(y[21]) ├───────────────┼───────»
«          ┌─┴─┐    └───────────┘├───────────┤┌───────────┐  │       »
«q0_4: ────┤ X ├──────────■──────┤ Ry(y[16]) ├┤ Rz(y[22]) ├──┼───────»
«          └───┘        ┌─┴─┐    ├───────────┤├───────────┤  │       »
«q0_5: ─────────────────┤ X ├────┤ Ry(y[17]) ├┤ Rz(y[23]) ├──■───────»
«                       └───┘    └───────────┘└───────────┘          »
«c0: 6/══════════════════════════════════════════════════════════════»
«                                                                    »
«      ┌───────────┐┌───────────┐                                       »
«q0_0: ┤ Ry(y[24]) ├┤ Rz(y[30]) ├───────────────────────────────────────»
«      └───────────┘├───────────┤┌───────────┐                          »
«q0_1: ──────■──────┤ Ry(y[25]) ├┤ Rz(y[31]) ├──────────────────────────»
«          ┌─┴─┐    └───────────┘├───────────┤┌───────────┐             »
«q0_2: ────┤ X ├──────────■──────┤ Ry(y[26]) ├┤ Rz(y[32]) ├─────────────»
«          └───┘        ┌─┴─┐    └───────────┘├───────────┤┌───────────┐»
«q0_3: ─────────────────┤ X ├──────────■──────┤ Ry(y[27]) ├┤ Rz(y[33]) ├»
«                       └───┘        ┌─┴─┐    └───────────┘├───────────┤»
«q0_4: ──────────────────────────────┤ X ├──────────■──────┤ Ry(y[28]) ├»
«                                    └───┘        ┌─┴─┐    ├───────────┤»
«q0_5: ───────────────────────────────────────────┤ X ├────┤ Ry(y[29]) ├»
«                                                 └───┘    └───────────┘»
«c0: 6/═════════════════════════════════════════════════════════════════»
«                                                                       »
«                   
«q0_0: ─────────────
«                   
«q0_1: ─────────────
«                   
«q0_2: ─────────────
«                   
«q0_3: ─────────────
«      ┌───────────┐
«q0_4: ┤ Rz(y[34]) ├
«      ├───────────┤
«q0_5: ┤ Rz(y[35]) ├
«      └───────────┘
«c0: 6/═════════════
«                   
ansatz-state is written to ansatz.txt
building constraints...
number of constraints= 36
unique pauliops 66
graphclique-cliquecover: 66 with commutationmode disjointqubits
strategy largest_first 46
strategy random_sequential 46
strategy smallest_last 46
strategy independent_set 47
strategy connected_sequential_bfs 46
strategy connected_sequential_dfs 46
strategy saturation_largest_first 46
number of cliques 46
clique 0 ['IZXXXX']
clique 1 ['IZXXXY']
clique 2 ['ZXXXXX']
clique 3 ['IYXXXY']
clique 4 ['IYXXXX']
clique 5 ['ZXXXXY']
clique 6 ['IZXXXZ']
clique 7 ['ZXXXXZ']
clique 8 ['IYXXXZ']
clique 9 ['IIZXXX', 'IXIIII']
clique 10 ['IIZXXY', 'ZYIIII']
clique 11 ['IIYXXY', 'ZZIIII']
clique 12 ['IIYXXX']
clique 13 ['IIZXXZ']
clique 14 ['IIIIIZ', 'IZXXYI']
clique 15 ['IIYXXZ']
clique 16 ['IIIIIX', 'IYXXYI']
clique 17 ['IIIIIY', 'ZXXXYI']
clique 18 ['IZXXZI']
clique 19 ['ZXXXZI']
clique 20 ['IYXXZI']
clique 21 ['IIZXYI']
clique 22 ['IIYXYI']
clique 23 ['IIZXZI']
clique 24 ['IIYXZI']
clique 25 ['IIIZXX', 'IZYIII']
clique 26 ['IIIZXY', 'IYYIII']
clique 27 ['IIIYXY', 'ZXYIII']
clique 28 ['IIIYXX', 'IZZIII']
clique 29 ['IIIZXZ', 'ZXZIII']
clique 30 ['IIIYXZ', 'IYZIII']
clique 31 ['IIIIZX', 'IZXYII']
clique 32 ['IIIIZY', 'IYXYII']
clique 33 ['IIIIYY', 'ZXXYII']
clique 34 ['IIIIYX', 'IZXZII']
clique 35 ['IIIIZZ', 'ZXXZII']
clique 36 ['IIIIYZ', 'IYXZII']
clique 37 ['IIIZYI', 'IIXIII']
clique 38 ['IIIYYI']
clique 39 ['IIIZZI']
clique 40 ['IIIIXI', 'IIZYII']
clique 41 ['IIIYZI']
clique 42 ['IIYYII']
clique 43 ['IIZZII']
clique 44 ['IIYZII']
clique 45 ['IIIXII']
