E_dimer= 2.5615528128088303
rho12_dimer= 0.48507125007266594
GS energy with  DMRG -2.5615528128088303
N= 2.0
E= -2.5615528128088303
D= [[ 5.00000000e-01+0.j  7.60881980e-13+0.j  4.85071250e-01+0.j
   1.02104267e-12+0.j]
 [ 7.60886408e-13+0.j  5.00000000e-01+0.j -1.02108353e-12+0.j
   4.85071250e-01+0.j]
 [ 4.85071250e-01+0.j -1.02106094e-12+0.j  5.00000000e-01+0.j
  -7.60864432e-13+0.j]
 [ 1.02106532e-12+0.j  4.85071250e-01+0.j -7.60855681e-13+0.j
   5.00000000e-01+0.j]]
W= [0.18936609+0.j 0.18936609+0.j]
local approximation with  1 sites
local interactions on sites [[0], [1]]
Functional for interaction on sites [0]
aca-directory for images already exists
aca-directory for images already exists
aca-directory for images already exists
interacting orbitals: [0, 1]
mapping: [0, 1, 2, 3]
aca-directory for images already exists
aca-directory for images already exists
aca-directory for images already exists
orbinteractaca= [0, 1]
aca-directory for images already exists
aca-directory for images already exists
aca-directory for images already exists
aca-directory for images already exists
aca-directory for images already exists
aca-directory for images already exists
aca-directory for images already exists
aca-directory for images already exists
aca-directory for images already exists
aca: level 1  norb= 4
Daca= [[ 5.00000000e-01+0.j  7.60881980e-13+0.j -4.85071250e-01+0.j
   0.00000000e+00+0.j]
 [ 7.60886408e-13+0.j  5.00000000e-01+0.j  4.08628852e-17+0.j
   4.85071250e-01+0.j]
 [-4.85071250e-01+0.j  1.82678712e-17+0.j  5.00000000e-01+0.j
   7.60864432e-13+0.j]
 [ 2.26502071e-17+0.j  4.85071250e-01+0.j  7.60855681e-13+0.j
   5.00000000e-01+0.j]]
rounding Naca1 to integer
rounding Naca2 to integer
Naca= (1, 1)
nq= 4
variational state:
      ┌──────────┐┌──────────┐┌───┐     ┌──────────┐┌───────────┐             »
q0_0: ┤ Ry(y[0]) ├┤ Rz(y[4]) ├┤ X ├──■──┤ Ry(y[8]) ├┤ Rz(y[12]) ├─────────────»
      ├──────────┤├──────────┤└─┬─┘┌─┴─┐└──────────┘└┬──────────┤┌───────────┐»
q0_1: ┤ Ry(y[1]) ├┤ Rz(y[5]) ├──┼──┤ X ├─────■───────┤ Ry(y[9]) ├┤ Rz(y[13]) ├»
      ├──────────┤├──────────┤  │  └───┘   ┌─┴─┐     └──────────┘├───────────┤»
q0_2: ┤ Ry(y[2]) ├┤ Rz(y[6]) ├──┼──────────┤ X ├──────────■──────┤ Ry(y[10]) ├»
      ├──────────┤├──────────┤  │          └───┘        ┌─┴─┐    ├───────────┤»
q0_3: ┤ Ry(y[3]) ├┤ Rz(y[7]) ├──■───────────────────────┤ X ├────┤ Ry(y[11]) ├»
      └──────────┘└──────────┘                          └───┘    └───────────┘»
c0: 4/════════════════════════════════════════════════════════════════════════»
                                                                              »
«                   ┌───┐     ┌───────────┐┌───────────┐             »
«q0_0: ─────────────┤ X ├──■──┤ Ry(y[16]) ├┤ Rz(y[20]) ├─────────────»
«                   └─┬─┘┌─┴─┐└───────────┘├───────────┤┌───────────┐»
«q0_1: ───────────────┼──┤ X ├──────■──────┤ Ry(y[17]) ├┤ Rz(y[21]) ├»
«      ┌───────────┐  │  └───┘    ┌─┴─┐    └───────────┘├───────────┤»
«q0_2: ┤ Rz(y[14]) ├──┼───────────┤ X ├──────────■──────┤ Ry(y[18]) ├»
«      ├───────────┤  │           └───┘        ┌─┴─┐    ├───────────┤»
«q0_3: ┤ Rz(y[15]) ├──■────────────────────────┤ X ├────┤ Ry(y[19]) ├»
«      └───────────┘                           └───┘    └───────────┘»
«c0: 4/══════════════════════════════════════════════════════════════»
«                                                                    »
«                   
«q0_0: ─────────────
«                   
«q0_1: ─────────────
«      ┌───────────┐
«q0_2: ┤ Rz(y[22]) ├
«      ├───────────┤
«q0_3: ┤ Rz(y[23]) ├
«      └───────────┘
«c0: 4/═════════════
«                   
ansatz-state is written to ansatz.txt
building constraints...
number of constraints= 16
unique pauliops 28
graphclique-cliquecover: 28 with commutationmode commute
strategy largest_first 7
strategy random_sequential 9
strategy smallest_last 7
strategy independent_set 7
strategy connected_sequential_bfs 7
strategy connected_sequential_dfs 9
strategy saturation_largest_first 7
number of cliques 7
clique 0 ['IIIZ', 'IIZZ', 'IZII', 'ZZZI']
clique 1 ['IIIX', 'IIZX', 'IXII', 'ZXZI']
clique 2 ['IIIY', 'IIZY', 'IYII', 'ZYZI']
clique 3 ['IYYX', 'IXYY', 'IZXI', 'ZIXZ']
clique 4 ['IXYX', 'IYYY', 'ZIYI', 'IZYZ']
clique 5 ['ZIXX', 'IZYY', 'IXXI', 'IYYZ']
clique 6 ['IZYX', 'ZIXY', 'IYXI', 'IXYZ']
