GS energy with  DMRG -6.902303420391803
N= 5.000000000000001
E= -6.902303420391803
D= [[ 6.50390636e-01+0.j  1.17436175e-01+0.j  3.85769267e-01+0.j
   4.54117646e-13+0.j -1.21321768e-01+0.j -9.47370444e-02+0.j
  -1.00173361e-01+0.j  2.78679857e-13+0.j  1.11079853e-01+0.j
   8.67393968e-02+0.j]
 [ 1.17436175e-01+0.j  3.49609364e-01+0.j  2.80190801e-13+0.j
   3.85769267e-01+0.j -9.47370444e-02+0.j  1.21321768e-01+0.j
   5.04582487e-13+0.j -1.00173361e-01+0.j  8.67393968e-02+0.j
  -1.11079853e-01+0.j]
 [ 3.85769267e-01+0.j  2.80148300e-13+0.j  4.73144200e-01+0.j
  -2.09710030e-02+0.j  2.83873028e-01+0.j -8.36307152e-13+0.j
   6.15659815e-03+0.j  4.80752896e-03+0.j -1.00173361e-01+0.j
   3.96191760e-13+0.j]
 [ 4.54126320e-13+0.j  3.85769267e-01+0.j -2.09710030e-02+0.j
   5.26855800e-01+0.j  4.65844377e-13+0.j  2.83873028e-01+0.j
   4.80752896e-03+0.j -6.15659815e-03+0.j  7.42040110e-13+0.j
  -1.00173361e-01+0.j]
 [-1.21321768e-01+0.j -9.47370444e-02+0.j  2.83873028e-01+0.j
   4.65811417e-13+0.j  6.47014343e-01+0.j  1.14799715e-01+0.j
   2.83873028e-01+0.j -5.22810961e-13+0.j -1.21321768e-01+0.j
  -9.47370444e-02+0.j]
 [-9.47370444e-02+0.j  1.21321768e-01+0.j -8.36360061e-13+0.j
   2.83873028e-01+0.j  1.14799715e-01+0.j  3.52985657e-01+0.j
  -1.12326121e-12+0.j  2.83873028e-01+0.j -9.47370444e-02+0.j
   1.21321768e-01+0.j]
 [-1.00173361e-01+0.j  5.04497485e-13+0.j  6.15659815e-03+0.j
   4.80752896e-03+0.j  2.83873028e-01+0.j -1.12326121e-12+0.j
   4.73144200e-01+0.j -2.09710030e-02+0.j  3.85769267e-01+0.j
   2.19649299e-12+0.j]
 [ 2.78631285e-13+0.j -1.00173361e-01+0.j  4.80752896e-03+0.j
  -6.15659815e-03+0.j -5.22824839e-13+0.j  2.83873028e-01+0.j
  -2.09710030e-02+0.j  5.26855800e-01+0.j -4.66932049e-13+0.j
   3.85769267e-01+0.j]
 [ 1.11079853e-01+0.j  8.67393968e-02+0.j -1.00173361e-01+0.j
   7.42057457e-13+0.j -1.21321768e-01+0.j -9.47370444e-02+0.j
   3.85769267e-01+0.j -4.66918171e-13+0.j  6.50390636e-01+0.j
   1.17436175e-01+0.j]
 [ 8.67393968e-02+0.j -1.11079853e-01+0.j  3.96228189e-13+0.j
  -1.00173361e-01+0.j -9.47370444e-02+0.j  1.21321768e-01+0.j
   2.19649299e-12+0.j  3.85769267e-01+0.j  1.17436175e-01+0.j
   3.49609364e-01+0.j]]
W= [0.17132938+0.j 0.21187054+0.j 0.18843509+0.j 0.21187054+0.j
 0.17132938+0.j]
local approximation with  1 sites
local interactions on sites [[0], [1], [2], [3], [4]]
Functional for interaction on sites [0]
aca-directory for images already exists
aca-directory for images already exists
aca-directory for images already exists
interacting orbitals: [0, 1]
mapping: [0, 1, 2, 3, 4, 5, 6, 7, 8, 9]
aca-directory for images already exists
aca-directory for images already exists
aca-directory for images already exists
orbinteractaca= [0, 1]
aca-directory for images already exists
aca-directory for images already exists
aca-directory for images already exists
aca-directory for images already exists
aca-directory for images already exists
aca-directory for images already exists
aca-directory for images already exists
aca-directory for images already exists
aca-directory for images already exists
aca-directory for images already exists
aca-directory for images already exists
aca-directory for images already exists
aca-directory for images already exists
aca-directory for images already exists
aca-directory for images already exists
aca-directory for images already exists
aca-directory for images already exists
aca-directory for images already exists
aca-directory for images already exists
aca-directory for images already exists
aca-directory for images already exists
aca-directory for images already exists
aca-directory for images already exists
aca-directory for images already exists
aca-directory for images already exists
aca-directory for images already exists
aca-directory for images already exists
aca: level 4  norb= 10
Daca= [[ 6.50390636e-01+0.j  1.17436175e-01+0.j -4.49899061e-01+0.j
  -2.76661245e-18+0.j  1.17788503e-17+0.j  3.18303144e-18+0.j
  -3.46258314e-18+0.j -1.09446356e-19+0.j  5.53050591e-18+0.j
  -5.81092540e-19+0.j]
 [ 1.17436175e-01+0.j  3.49609364e-01+0.j -5.07503709e-13+0.j
  -4.49899061e-01+0.j -4.01959723e-18+0.j  1.10757616e-17+0.j
  -1.13939694e-18+0.j -2.19837509e-17+0.j  1.72618206e-17+0.j
  -1.86555050e-17+0.j]
 [-4.49899061e-01+0.j -5.07485862e-13+0.j  3.52528406e-01+0.j
  -1.15156770e-01+0.j  5.66264162e-03+0.j -7.43050614e-20+0.j
   2.96663907e-19+0.j -1.51349078e-19+0.j -9.53732002e-20+0.j
  -3.06893402e-21+0.j]
 [-4.79554790e-17+0.j -4.49899061e-01+0.j -1.15156770e-01+0.j
   6.47471594e-01+0.j  9.59715306e-15+0.j  5.66264162e-03+0.j
   4.17752844e-19+0.j -5.90581085e-20+0.j -5.08621346e-21+0.j
  -1.26404586e-19+0.j]
 [-7.19540211e-17+0.j  4.85379638e-18+0.j  5.66264162e-03+0.j
   9.60478628e-15+0.j  4.90827633e-01+0.j -7.16246531e-03+0.j
   4.90288074e-01+0.j  5.03219238e-18+0.j  6.64567719e-17+0.j
   5.45086843e-17+0.j]
 [-2.12362814e-17+0.j  7.27335431e-18+0.j -9.46543505e-17+0.j
   5.66264162e-03+0.j -7.16246531e-03+0.j  5.09172367e-01+0.j
   6.19056306e-15+0.j  4.90288074e-01+0.j -1.18630581e-17+0.j
   7.00304068e-17+0.j]
 [-6.78732531e-17+0.j -9.36444945e-17+0.j  7.51770464e-17+0.j
  -4.11409441e-17+0.j  4.90288074e-01+0.j  6.24868303e-15+0.j
   5.10279608e-01+0.j  8.02708145e-03+0.j  2.52566123e-03+0.j
  -1.26217745e-29+0.j]
 [-4.25642742e-17+0.j  1.49938663e-17+0.j -8.79151016e-18+0.j
   8.72460541e-17+0.j -1.15938254e-17+0.j  4.90288074e-01+0.j
   8.02708145e-03+0.j  4.89720392e-01+0.j  3.89922300e-15+0.j
  -2.52566123e-03+0.j]
 [ 9.75428366e-17+0.j  1.94613280e-17+0.j -8.54941229e-17+0.j
   8.75135313e-18+0.j  6.87675532e-17+0.j  2.97703053e-17+0.j
   2.52566123e-03+0.j  3.99207078e-15+0.j  8.90057731e-01+0.j
  -3.04586038e-01+0.j]
 [ 3.95859326e-17+0.j  1.93120127e-17+0.j -5.13518106e-17+0.j
  -2.34749091e-17+0.j  4.29416778e-17+0.j -4.33026769e-17+0.j
  -2.43278409e-17+0.j -2.52566123e-03+0.j -3.04586038e-01+0.j
   1.09942269e-01+0.j]]
Naca= (2.894084014769002, 2.1059159852309994)
nq= 10
variational state:
       ┌──────────┐┌───────────┐┌───┐     ┌───────────┐┌───────────┐»
 q0_0: ┤ Ry(y[0]) ├┤ Rz(y[10]) ├┤ X ├──■──┤ Ry(y[20]) ├┤ Rz(y[30]) ├»
       ├──────────┤├───────────┤└─┬─┘┌─┴─┐└───────────┘├───────────┤»
 q0_1: ┤ Ry(y[1]) ├┤ Rz(y[11]) ├──┼──┤ X ├──────■──────┤ Ry(y[21]) ├»
       ├──────────┤├───────────┤  │  └───┘    ┌─┴─┐    └───────────┘»
 q0_2: ┤ Ry(y[2]) ├┤ Rz(y[12]) ├──┼───────────┤ X ├──────────■──────»
       ├──────────┤├───────────┤  │           └───┘        ┌─┴─┐    »
 q0_3: ┤ Ry(y[3]) ├┤ Rz(y[13]) ├──┼────────────────────────┤ X ├────»
       ├──────────┤├───────────┤  │                        └───┘    »
 q0_4: ┤ Ry(y[4]) ├┤ Rz(y[14]) ├──┼─────────────────────────────────»
       ├──────────┤├───────────┤  │                                 »
 q0_5: ┤ Ry(y[5]) ├┤ Rz(y[15]) ├──┼─────────────────────────────────»
       ├──────────┤├───────────┤  │                                 »
 q0_6: ┤ Ry(y[6]) ├┤ Rz(y[16]) ├──┼─────────────────────────────────»
       ├──────────┤├───────────┤  │                                 »
 q0_7: ┤ Ry(y[7]) ├┤ Rz(y[17]) ├──┼─────────────────────────────────»
       ├──────────┤├───────────┤  │                                 »
 q0_8: ┤ Ry(y[8]) ├┤ Rz(y[18]) ├──┼─────────────────────────────────»
       ├──────────┤├───────────┤  │                                 »
 q0_9: ┤ Ry(y[9]) ├┤ Rz(y[19]) ├──■─────────────────────────────────»
       └──────────┘└───────────┘                                    »
c0: 10/═════════════════════════════════════════════════════════════»
                                                                    »
«                                                                        »
« q0_0: ─────────────────────────────────────────────────────────────────»
«       ┌───────────┐                                                    »
« q0_1: ┤ Rz(y[31]) ├────────────────────────────────────────────────────»
«       ├───────────┤┌───────────┐                                       »
« q0_2: ┤ Ry(y[22]) ├┤ Rz(y[32]) ├───────────────────────────────────────»
«       └───────────┘├───────────┤┌───────────┐                          »
« q0_3: ──────■──────┤ Ry(y[23]) ├┤ Rz(y[33]) ├──────────────────────────»
«           ┌─┴─┐    └───────────┘├───────────┤┌───────────┐             »
« q0_4: ────┤ X ├──────────■──────┤ Ry(y[24]) ├┤ Rz(y[34]) ├─────────────»
«           └───┘        ┌─┴─┐    └───────────┘├───────────┤┌───────────┐»
« q0_5: ─────────────────┤ X ├──────────■──────┤ Ry(y[25]) ├┤ Rz(y[35]) ├»
«                        └───┘        ┌─┴─┐    └───────────┘├───────────┤»
« q0_6: ──────────────────────────────┤ X ├──────────■──────┤ Ry(y[26]) ├»
«                                     └───┘        ┌─┴─┐    └───────────┘»
« q0_7: ───────────────────────────────────────────┤ X ├──────────■──────»
«                                                  └───┘        ┌─┴─┐    »
« q0_8: ────────────────────────────────────────────────────────┤ X ├────»
«                                                               └───┘    »
« q0_9: ─────────────────────────────────────────────────────────────────»
«                                                                        »
«c0: 10/═════════════════════════════════════════════════════════════════»
«                                                                        »
«                                              ┌───┐     ┌───────────┐»
« q0_0: ───────────────────────────────────────┤ X ├──■──┤ Ry(y[40]) ├»
«                                              └─┬─┘┌─┴─┐└───────────┘»
« q0_1: ─────────────────────────────────────────┼──┤ X ├──────■──────»
«                                                │  └───┘    ┌─┴─┐    »
« q0_2: ─────────────────────────────────────────┼───────────┤ X ├────»
«                                                │           └───┘    »
« q0_3: ─────────────────────────────────────────┼────────────────────»
«                                                │                    »
« q0_4: ─────────────────────────────────────────┼────────────────────»
«                                                │                    »
« q0_5: ─────────────────────────────────────────┼────────────────────»
«       ┌───────────┐                            │                    »
« q0_6: ┤ Rz(y[36]) ├────────────────────────────┼────────────────────»
«       ├───────────┤┌───────────┐               │                    »
« q0_7: ┤ Ry(y[27]) ├┤ Rz(y[37]) ├───────────────┼────────────────────»
«       └───────────┘├───────────┤┌───────────┐  │                    »
« q0_8: ──────■──────┤ Ry(y[28]) ├┤ Rz(y[38]) ├──┼────────────────────»
«           ┌─┴─┐    ├───────────┤├───────────┤  │                    »
« q0_9: ────┤ X ├────┤ Ry(y[29]) ├┤ Rz(y[39]) ├──■────────────────────»
«           └───┘    └───────────┘└───────────┘                       »
«c0: 10/══════════════════════════════════════════════════════════════»
«                                                                     »
«       ┌───────────┐                                                    »
« q0_0: ┤ Rz(y[50]) ├────────────────────────────────────────────────────»
«       ├───────────┤┌───────────┐                                       »
« q0_1: ┤ Ry(y[41]) ├┤ Rz(y[51]) ├───────────────────────────────────────»
«       └───────────┘├───────────┤┌───────────┐                          »
« q0_2: ──────■──────┤ Ry(y[42]) ├┤ Rz(y[52]) ├──────────────────────────»
«           ┌─┴─┐    └───────────┘├───────────┤┌───────────┐             »
« q0_3: ────┤ X ├──────────■──────┤ Ry(y[43]) ├┤ Rz(y[53]) ├─────────────»
«           └───┘        ┌─┴─┐    └───────────┘├───────────┤┌───────────┐»
« q0_4: ─────────────────┤ X ├──────────■──────┤ Ry(y[44]) ├┤ Rz(y[54]) ├»
«                        └───┘        ┌─┴─┐    └───────────┘├───────────┤»
« q0_5: ──────────────────────────────┤ X ├──────────■──────┤ Ry(y[45]) ├»
«                                     └───┘        ┌─┴─┐    └───────────┘»
« q0_6: ───────────────────────────────────────────┤ X ├──────────■──────»
«                                                  └───┘        ┌─┴─┐    »
« q0_7: ────────────────────────────────────────────────────────┤ X ├────»
«                                                               └───┘    »
« q0_8: ─────────────────────────────────────────────────────────────────»
«                                                                        »
« q0_9: ─────────────────────────────────────────────────────────────────»
«                                                                        »
«c0: 10/═════════════════════════════════════════════════════════════════»
«                                                                        »
«                                                           
« q0_0: ────────────────────────────────────────────────────
«                                                           
« q0_1: ────────────────────────────────────────────────────
«                                                           
« q0_2: ────────────────────────────────────────────────────
«                                                           
« q0_3: ────────────────────────────────────────────────────
«                                                           
« q0_4: ────────────────────────────────────────────────────
«       ┌───────────┐                                       
« q0_5: ┤ Rz(y[55]) ├───────────────────────────────────────
«       ├───────────┤┌───────────┐                          
« q0_6: ┤ Ry(y[46]) ├┤ Rz(y[56]) ├──────────────────────────
«       └───────────┘├───────────┤┌───────────┐             
« q0_7: ──────■──────┤ Ry(y[47]) ├┤ Rz(y[57]) ├─────────────
«           ┌─┴─┐    └───────────┘├───────────┤┌───────────┐
« q0_8: ────┤ X ├──────────■──────┤ Ry(y[48]) ├┤ Rz(y[58]) ├
«           └───┘        ┌─┴─┐    ├───────────┤├───────────┤
« q0_9: ─────────────────┤ X ├────┤ Ry(y[49]) ├┤ Rz(y[59]) ├
«                        └───┘    └───────────┘└───────────┘
«c0: 10/════════════════════════════════════════════════════
«                                                           
ansatz-state is written to ansatz.txt
building constraints...
number of constraints= 100
unique pauliops 190
graphclique-cliquecover: 190 with commutationmode disjointqubits
strategy largest_first 117
strategy random_sequential 118
strategy smallest_last 117
strategy independent_set 121
strategy connected_sequential_bfs 117
strategy connected_sequential_dfs 117
strategy saturation_largest_first 117
clique_removal 121
number of cliques 117
clique 0 ['XZZZZZZZZX']
clique 1 ['YZZZZZZZZY']
clique 2 ['YZZZZZZZZX']
clique 3 ['XZZZZZZZZY']
clique 4 ['IXZZZZZZZX', 'ZIIIIIIIII']
clique 5 ['IYZZZZZZZY']
clique 6 ['IYZZZZZZZX']
clique 7 ['IXZZZZZZZY']
clique 8 ['IIIIIIIIIZ', 'XZZZZZZZXI']
clique 9 ['YZZZZZZZYI']
clique 10 ['YZZZZZZZXI']
clique 11 ['XZZZZZZZYI']
clique 12 ['IXZZZZZZXI']
clique 13 ['IYZZZZZZYI']
clique 14 ['IYZZZZZZXI']
clique 15 ['IXZZZZZZYI']
clique 16 ['IIXZZZZZZX', 'XXIIIIIIII']
clique 17 ['IIYZZZZZZY', 'YYIIIIIIII']
clique 18 ['IIYZZZZZZX', 'YXIIIIIIII']
clique 19 ['IIXZZZZZZY', 'XYIIIIIIII']
clique 20 ['IIIIIIIIXX', 'XZZZZZZXII']
clique 21 ['IIIIIIIIYY', 'YZZZZZZYII']
clique 22 ['IIIIIIIIYX', 'YZZZZZZXII']
clique 23 ['IIIIIIIIXY', 'XZZZZZZYII']
clique 24 ['IIXZZZZZXI', 'IZIIIIIIII']
clique 25 ['IIYZZZZZYI']
clique 26 ['IIYZZZZZXI']
clique 27 ['IIXZZZZZYI']
clique 28 ['IIIIIIIIZI', 'IXZZZZZXII']
clique 29 ['IYZZZZZYII']
clique 30 ['IYZZZZZXII']
clique 31 ['IXZZZZZYII']
clique 32 ['IIXZZZZXII']
clique 33 ['IIYZZZZYII']
clique 34 ['IIYZZZZXII']
clique 35 ['IIXZZZZYII']
clique 36 ['IIIXZZZZZX', 'XZXIIIIIII']
clique 37 ['IIIYZZZZZY', 'YZYIIIIIII']
clique 38 ['IIIYZZZZZX', 'YZXIIIIIII']
clique 39 ['IIIXZZZZZY', 'XZYIIIIIII']
clique 40 ['IIIIIIIXZX', 'XZZZZZXIII']
clique 41 ['IIIIIIIYZY', 'YZZZZZYIII']
clique 42 ['IIIIIIIYZX', 'YZZZZZXIII']
clique 43 ['IIIIIIIXZY', 'XZZZZZYIII']
clique 44 ['IIIXZZZZXI', 'IXXIIIIIII']
clique 45 ['IIIYZZZZYI', 'IYYIIIIIII']
clique 46 ['IIIYZZZZXI', 'IYXIIIIIII']
clique 47 ['IIIXZZZZYI', 'IXYIIIIIII']
clique 48 ['IIIIIIIXXI', 'IXZZZZXIII']
clique 49 ['IIIIIIIYYI', 'IYZZZZYIII']
clique 50 ['IIIIIIIYXI', 'IYZZZZXIII']
clique 51 ['IIIIIIIXYI', 'IXZZZZYIII']
clique 52 ['IIIXZZZXII', 'IIZIIIIIII']
clique 53 ['IIIYZZZYII']
clique 54 ['IIIYZZZXII']
clique 55 ['IIIXZZZYII']
clique 56 ['IIIIIIIZII', 'IIXZZZXIII']
clique 57 ['IIYZZZYIII']
clique 58 ['IIYZZZXIII']
clique 59 ['IIXZZZYIII']
clique 60 ['IIIIXZZZZX', 'XZZXIIIIII']
clique 61 ['IIIIYZZZZY', 'YZZYIIIIII']
clique 62 ['IIIIYZZZZX', 'YZZXIIIIII']
clique 63 ['IIIIXZZZZY', 'XZZYIIIIII']
clique 64 ['IIIIIIXZZX', 'XZZZZXIIII']
clique 65 ['IIIIIIYZZY', 'YZZZZYIIII']
clique 66 ['IIIIIIYZZX', 'YZZZZXIIII']
clique 67 ['IIIIIIXZZY', 'XZZZZYIIII']
clique 68 ['IIIIXZZZXI', 'IXZXIIIIII']
clique 69 ['IIIIYZZZYI', 'IYZYIIIIII']
clique 70 ['IIIIYZZZXI', 'IYZXIIIIII']
clique 71 ['IIIIXZZZYI', 'IXZYIIIIII']
clique 72 ['IIIIIIXZXI', 'IXZZZXIIII']
clique 73 ['IIIIIIYZYI', 'IYZZZYIIII']
clique 74 ['IIIIIIYZXI', 'IYZZZXIIII']
clique 75 ['IIIIIIXZYI', 'IXZZZYIIII']
clique 76 ['IIIXZZXIII']
clique 77 ['IIIYZZYIII']
clique 78 ['IIIYZZXIII']
clique 79 ['IIIXZZYIII']
clique 80 ['IIIIXZZXII', 'IIXXIIIIII']
clique 81 ['IIIIYZZYII', 'IIYYIIIIII']
clique 82 ['IIIIYZZXII', 'IIYXIIIIII']
clique 83 ['IIIIXZZYII', 'IIXYIIIIII']
clique 84 ['IIIIIIXXII', 'IIXZZXIIII']
clique 85 ['IIIIIIYYII', 'IIYZZYIIII']
clique 86 ['IIIIIIYXII', 'IIYZZXIIII']
clique 87 ['IIIIIIXYII', 'IIXZZYIIII']
clique 88 ['IIIIXZXIII', 'IIIZIIIIII']
clique 89 ['IIIIYZYIII']
clique 90 ['IIIIYZXIII']
clique 91 ['IIIIXZYIII']
clique 92 ['IIIIIIZIII', 'IIIXZXIIII']
clique 93 ['IIIYZYIIII']
clique 94 ['IIIYZXIIII']
clique 95 ['IIIXZYIIII']
clique 96 ['IIIIIXZZZX', 'XZZZXIIIII']
clique 97 ['IIIIIYZZZY', 'YZZZYIIIII']
clique 98 ['IIIIIYZZZX', 'YZZZXIIIII']
clique 99 ['IIIIIXZZZY', 'XZZZYIIIII']
clique 100 ['IIIIIXZZXI', 'IXZZXIIIII']
clique 101 ['IIIIIYZZYI', 'IYZZYIIIII']
clique 102 ['IIIIIYZZXI', 'IYZZXIIIII']
clique 103 ['IIIIIXZZYI', 'IXZZYIIIII']
clique 104 ['IIIIIXZXII', 'IIXZXIIIII']
clique 105 ['IIIIIYZYII', 'IIYZYIIIII']
clique 106 ['IIIIIYZXII', 'IIYZXIIIII']
clique 107 ['IIIIIXZYII', 'IIXZYIIIII']
clique 108 ['IIIIXXIIII']
clique 109 ['IIIIYYIIII']
clique 110 ['IIIIYXIIII']
clique 111 ['IIIIXYIIII']
clique 112 ['IIIIIXXIII', 'IIIXXIIIII']
clique 113 ['IIIIIYYIII', 'IIIYYIIIII']
clique 114 ['IIIIIYXIII', 'IIIYXIIIII']
clique 115 ['IIIIIXYIII', 'IIIXYIIIII']
clique 116 ['IIIIIZIIII', 'IIIIZIIIII']
