E_dimer= 2.5615528128088303
rho12_dimer= 0.48507125007266594
GS energy with  DMRG -2.5615528128088307
N= 2.000000000000001
E= -2.5615528128088307
D= [[ 5.00000000e-01+0.j  8.99035255e-14+0.j  4.85071250e-01+0.j
   2.26619323e-13+0.j]
 [ 8.99064856e-14+0.j  5.00000000e-01+0.j -2.26619232e-13+0.j
   4.85071250e-01+0.j]
 [ 4.85071250e-01+0.j -2.26621443e-13+0.j  5.00000000e-01+0.j
  -8.99022895e-14+0.j]
 [ 2.26618821e-13+0.j  4.85071250e-01+0.j -8.99067632e-14+0.j
   5.00000000e-01+0.j]]
W= [0.18936609+0.j 0.18936609+0.j]
local approximation with  1 sites
local interactions on sites [[0], [1]]
Functional for interaction on sites [0]
interacting orbitals: [0, 1]
mapping: [0, 1, 2, 3]
orbinteractaca= [0, 1]
aca: level 1  norb= 4
Daca= [[ 5.00000000e-01+0.j  8.99035255e-14+0.j -4.85071250e-01+0.j
   2.52435490e-29+0.j]
 [ 8.99064856e-14+0.j  5.00000000e-01+0.j -9.04400548e-20+0.j
   4.85071250e-01+0.j]
 [-4.85071250e-01+0.j  2.12033287e-18+0.j  5.00000000e-01+0.j
   8.99022895e-14+0.j]
 [-5.02078172e-19+0.j  4.85071250e-01+0.j  8.99067632e-14+0.j
   5.00000000e-01+0.j]]
Naca= (1, 1)
nq= 4
interact= NNII * (1+0j)
variational state:
      ┌──────────┐┌──────────┐┌──────────┐            ┌───────────┐»
q0_0: ┤ Ry(y[0]) ├┤ Rz(y[4]) ├┤ Rx(y[8]) ├─────■──────┤ Ry(y[12]) ├»
      ├──────────┤├──────────┤└────┬─────┘┌────┴─────┐└───────────┘»
q0_1: ┤ Ry(y[1]) ├┤ Rz(y[5]) ├─────┼──────┤ Rx(y[9]) ├──────■──────»
      ├──────────┤├──────────┤     │      └──────────┘┌─────┴─────┐»
q0_2: ┤ Ry(y[2]) ├┤ Rz(y[6]) ├─────┼──────────────────┤ Rx(y[10]) ├»
      ├──────────┤├──────────┤     │                  └───────────┘»
q0_3: ┤ Ry(y[3]) ├┤ Rz(y[7]) ├─────■───────────────────────────────»
      └──────────┘└──────────┘                                     »
c0: 4/═════════════════════════════════════════════════════════════»
                                                                   »
«      ┌───────────┐                          ┌───────────┐             »
«q0_0: ┤ Rz(y[16]) ├──────────────────────────┤ Rx(y[20]) ├──────■──────»
«      ├───────────┤┌───────────┐             └─────┬─────┘┌─────┴─────┐»
«q0_1: ┤ Ry(y[13]) ├┤ Rz(y[17]) ├───────────────────┼──────┤ Rx(y[21]) ├»
«      └───────────┘├───────────┤┌───────────┐      │      └───────────┘»
«q0_2: ──────■──────┤ Ry(y[14]) ├┤ Rz(y[18]) ├──────┼───────────────────»
«      ┌─────┴─────┐├───────────┤├───────────┤      │                   »
«q0_3: ┤ Rx(y[11]) ├┤ Ry(y[15]) ├┤ Rz(y[19]) ├──────■───────────────────»
«      └───────────┘└───────────┘└───────────┘                          »
«c0: 4/═════════════════════════════════════════════════════════════════»
«                                                                       »
«      ┌───────────┐┌───────────┐                          ┌───────────┐»
«q0_0: ┤ Ry(y[24]) ├┤ Rz(y[28]) ├──────────────────────────┤ Rx(y[32]) ├»
«      └───────────┘├───────────┤┌───────────┐             └─────┬─────┘»
«q0_1: ──────■──────┤ Ry(y[25]) ├┤ Rz(y[29]) ├───────────────────┼──────»
«      ┌─────┴─────┐└───────────┘├───────────┤┌───────────┐      │      »
«q0_2: ┤ Rx(y[22]) ├──────■──────┤ Ry(y[26]) ├┤ Rz(y[30]) ├──────┼──────»
«      └───────────┘┌─────┴─────┐├───────────┤├───────────┤      │      »
«q0_3: ─────────────┤ Rx(y[23]) ├┤ Ry(y[27]) ├┤ Rz(y[31]) ├──────■──────»
«                   └───────────┘└───────────┘└───────────┘             »
«c0: 4/═════════════════════════════════════════════════════════════════»
«                                                                       »
«                   ┌───────────┐┌───────────┐                          
«q0_0: ──────■──────┤ Ry(y[36]) ├┤ Rz(y[40]) ├──────────────────────────
«      ┌─────┴─────┐└───────────┘├───────────┤┌───────────┐             
«q0_1: ┤ Rx(y[33]) ├──────■──────┤ Ry(y[37]) ├┤ Rz(y[41]) ├─────────────
«      └───────────┘┌─────┴─────┐└───────────┘├───────────┤┌───────────┐
«q0_2: ─────────────┤ Rx(y[34]) ├──────■──────┤ Ry(y[38]) ├┤ Rz(y[42]) ├
«                   └───────────┘┌─────┴─────┐├───────────┤├───────────┤
«q0_3: ──────────────────────────┤ Rx(y[35]) ├┤ Ry(y[39]) ├┤ Rz(y[43]) ├
«                                └───────────┘└───────────┘└───────────┘
«c0: 4/═════════════════════════════════════════════════════════════════
«                                                                       
building constraints...
number of constraints= 16
plain pauliops= 28
['IIIZ', 'IIIX', 'IIZX', 'IIIY', 'IIZY', 'IZXX', 'IIYY', 'IIYX', 'IZXY', 'ZXXX', 'IYXY', 'IYXX', 'ZXXY', 'IIZZ', 'IIXI', 'IZXZ', 'IZYI', 'IIYZ', 'IYYI', 'ZXXZ', 'ZXYI', 'IYXZ', 'IZZI', 'IXII', 'ZXZI', 'ZYII', 'IYZI', 'ZZII']
unique pauliops= 28
commutation mode= disjointqubits
graphclique-cliquecover: 28 with commutationmode disjointqubits
strategy largest_first 22
strategy random_sequential 22
strategy smallest_last 22
strategy independent_set 22
strategy connected_sequential_bfs 22
strategy connected_sequential_dfs 22
strategy saturation_largest_first 22
clique 0 ['IZXX']
clique 1 ['IZXY']
clique 2 ['ZXXX']
clique 3 ['IYXY']
clique 4 ['IYXX']
clique 5 ['ZXXY']
clique 6 ['IZXZ']
clique 7 ['ZXXZ']
clique 8 ['IYXZ']
clique 9 ['IIZX', 'IXII']
clique 10 ['IIZY', 'ZYII']
clique 11 ['IIYY', 'ZZII']
clique 12 ['IIYX']
clique 13 ['IIZZ']
clique 14 ['IIIZ', 'IZYI']
clique 15 ['IIYZ']
clique 16 ['IIIX', 'IYYI']
clique 17 ['IIIY', 'ZXYI']
clique 18 ['IZZI']
clique 19 ['ZXZI']
clique 20 ['IYZI']
clique 21 ['IIXI']
groups with own implementation disjointqubits 22
