GS energy with  DMRG -6.90230342039181
N= 5.0
E= -6.90230342039181
D= [[ 6.81407987e-01+0.j -5.91586086e-02+0.j  3.85769267e-01+0.j
   6.90363565e-13+0.j -1.46343803e-01+0.j  4.77238954e-02+0.j
  -1.00173361e-01+0.j -2.37166189e-12+0.j  1.33989542e-01+0.j
  -4.36950712e-02+0.j]
 [-5.91586086e-02+0.j  3.18592013e-01+0.j -9.59473820e-13+0.j
   3.85769267e-01+0.j  4.77238954e-02+0.j  1.46343803e-01+0.j
   1.81943523e-12+0.j -1.00173361e-01+0.j -4.36950712e-02+0.j
  -1.33989542e-01+0.j]
 [ 3.85769267e-01+0.j -9.59477506e-13+0.j  4.67605319e-01+0.j
   1.05641669e-02+0.j  2.83873028e-01+0.j  5.38484621e-13+0.j
   7.42636712e-03+0.j -2.42179826e-03+0.j -1.00173361e-01+0.j
  -5.34901114e-13+0.j]
 [ 6.90386984e-13+0.j  3.85769267e-01+0.j  1.05641669e-02+0.j
   5.32394681e-01+0.j -6.65301148e-14+0.j  2.83873028e-01+0.j
  -2.42179826e-03+0.j -7.42636712e-03+0.j  6.96576477e-13+0.j
  -1.00173361e-01+0.j]
 [-1.46343803e-01+0.j  4.77238954e-02+0.j  2.83873028e-01+0.j
  -6.65040939e-14+0.j  6.77335350e-01+0.j -5.78304888e-02+0.j
   2.83873028e-01+0.j  2.46673862e-12+0.j -1.46343803e-01+0.j
   4.77238954e-02+0.j]
 [ 4.77238954e-02+0.j  1.46343803e-01+0.j  5.38488525e-13+0.j
   2.83873028e-01+0.j -5.78304888e-02+0.j  3.22664650e-01+0.j
  -2.54374473e-12+0.j  2.83873028e-01+0.j  4.77238954e-02+0.j
   1.46343803e-01+0.j]
 [-1.00173361e-01+0.j  1.81941961e-12+0.j  7.42636712e-03+0.j
  -2.42179826e-03+0.j  2.83873028e-01+0.j -2.54374646e-12+0.j
   4.67605319e-01+0.j  1.05641669e-02+0.j  3.85769267e-01+0.j
   2.12937654e-12+0.j]
 [-2.37169312e-12+0.j -1.00173361e-01+0.j -2.42179826e-03+0.j
  -7.42636712e-03+0.j  2.46675250e-12+0.j  2.83873028e-01+0.j
   1.05641669e-02+0.j  5.32394681e-01+0.j -2.18899898e-12+0.j
   3.85769267e-01+0.j]
 [ 1.33989542e-01+0.j -4.36950712e-02+0.j -1.00173361e-01+0.j
   6.96602498e-13+0.j -1.46343803e-01+0.j  4.77238954e-02+0.j
   3.85769267e-01+0.j -2.18899551e-12+0.j  6.81407987e-01+0.j
  -5.91586086e-02+0.j]
 [-4.36950712e-02+0.j -1.33989542e-01+0.j -5.34914124e-13+0.j
  -1.00173361e-01+0.j  4.77238954e-02+0.j  1.46343803e-01+0.j
   2.12934878e-12+0.j  3.85769267e-01+0.j -5.91586086e-02+0.j
   3.18592013e-01+0.j]]
W= [0.17132938+0.j 0.21187054+0.j 0.18843509+0.j 0.21187054+0.j
 0.17132938+0.j]
local approximation with  1 sites
local interactions on sites [[0], [1], [2], [3], [4]]
Functional for interaction on sites [0]
aca-directory for images already exists
aca-directory for images already exists
aca-directory for images already exists
interacting orbitals: [0, 1]
mapping: [0, 1, 2, 3, 4, 5, 6, 7, 8, 9]
aca-directory for images already exists
aca-directory for images already exists
aca-directory for images already exists
orbinteractaca= [0, 1]
aca-directory for images already exists
aca-directory for images already exists
aca-directory for images already exists
aca-directory for images already exists
aca-directory for images already exists
aca-directory for images already exists
aca-directory for images already exists
aca-directory for images already exists
aca-directory for images already exists
aca-directory for images already exists
aca-directory for images already exists
aca-directory for images already exists
aca-directory for images already exists
aca-directory for images already exists
aca-directory for images already exists
aca-directory for images already exists
aca-directory for images already exists
aca-directory for images already exists
aca-directory for images already exists
aca-directory for images already exists
aca-directory for images already exists
aca-directory for images already exists
aca-directory for images already exists
aca-directory for images already exists
aca-directory for images already exists
aca-directory for images already exists
aca-directory for images already exists
aca: level 4  norb= 10
Daca= [[ 6.81407987e-01+0.j -5.91586086e-02+0.j -4.49899061e-01+0.j
  -6.27056383e-19+0.j  6.84518543e-17+0.j -1.57559082e-17+0.j
   2.70340839e-17+0.j -3.83704677e-19+0.j -4.51520327e-17+0.j
   8.44559155e-18+0.j]
 [-5.91586086e-02+0.j  3.18592013e-01+0.j -3.19037523e-14+0.j
  -4.49899061e-01+0.j -6.96325847e-18+0.j -8.33964854e-17+0.j
  -1.88292813e-19+0.j  1.79485040e-17+0.j  5.13350228e-19+0.j
  -1.97657591e-17+0.j]
 [-4.49899061e-01+0.j -3.18933439e-14+0.j  3.22113094e-01+0.j
   5.80103558e-02+0.j  5.66264163e-03+0.j -1.30632819e-19+0.j
  -1.11560278e-18+0.j  2.07496879e-19+0.j -1.23768685e-19+0.j
  -7.53201730e-21+0.j]
 [-3.91228001e-17+0.j -4.49899061e-01+0.j  5.80103558e-02+0.j
   6.77886906e-01+0.j  5.01683389e-16+0.j  5.66264163e-03+0.j
  -4.65856378e-19+0.j -1.24454897e-18+0.j -8.41267449e-22+0.j
   1.06077650e-19+0.j]
 [ 6.15129604e-17+0.j  2.89656616e-17+0.j  5.66264163e-03+0.j
   5.08044462e-16+0.j  4.88935876e-01+0.j  3.60810018e-03+0.j
   4.90288074e-01+0.j -2.82992315e-17+0.j -1.21065462e-16+0.j
   6.04870637e-17+0.j]
 [ 3.79302694e-18+0.j -7.81923150e-17+0.j -4.79441529e-17+0.j
   5.66264163e-03+0.j  3.60810018e-03+0.j  5.11064124e-01+0.j
   4.74314093e-15+0.j  4.90288074e-01+0.j  4.84235008e-17+0.j
   5.48729836e-17+0.j]
 [-4.22740710e-17+0.j -1.73186871e-17+0.j  1.37825753e-16+0.j
  -2.89333302e-17+0.j  4.90288074e-01+0.j  4.68904809e-15+0.j
   5.12399728e-01+0.j -4.04365155e-03+0.j  2.52566123e-03+0.j
   7.88860905e-31+0.j]
 [-2.42052710e-17+0.j  3.09589301e-17+0.j -4.47860221e-17+0.j
  -4.39261770e-17+0.j -6.03578795e-17+0.j  4.90288074e-01+0.j
  -4.04365155e-03+0.j  4.87600272e-01+0.j  2.12282273e-14+0.j
  -2.52566123e-03+0.j]
 [ 6.58702697e-17+0.j -7.15871282e-18+0.j -4.76505813e-17+0.j
  -4.17724545e-17+0.j -4.03242781e-16+0.j  2.29787064e-17+0.j
   2.52566123e-03+0.j  2.12254392e-14+0.j  9.70505276e-01+0.j
   1.53435568e-01+0.j]
 [-1.89433995e-17+0.j -7.52769103e-17+0.j  1.22084373e-17+0.j
  -1.41512347e-17+0.j  1.17153606e-16+0.j -1.37105264e-16+0.j
   4.64352303e-17+0.j -2.52566123e-03+0.j  1.53435568e-01+0.j
   2.94947238e-02+0.j]]
Naca= (2.9753619612855196, 2.0246380387144804)
nq= 10
variational state:
       ┌──────────┐┌───────────┐┌───┐     ┌───────────┐┌───────────┐»
 q0_0: ┤ Ry(y[0]) ├┤ Rz(y[10]) ├┤ X ├──■──┤ Ry(y[20]) ├┤ Rz(y[30]) ├»
       ├──────────┤├───────────┤└─┬─┘┌─┴─┐└───────────┘├───────────┤»
 q0_1: ┤ Ry(y[1]) ├┤ Rz(y[11]) ├──┼──┤ X ├──────■──────┤ Ry(y[21]) ├»
       ├──────────┤├───────────┤  │  └───┘    ┌─┴─┐    └───────────┘»
 q0_2: ┤ Ry(y[2]) ├┤ Rz(y[12]) ├──┼───────────┤ X ├──────────■──────»
       ├──────────┤├───────────┤  │           └───┘        ┌─┴─┐    »
 q0_3: ┤ Ry(y[3]) ├┤ Rz(y[13]) ├──┼────────────────────────┤ X ├────»
       ├──────────┤├───────────┤  │                        └───┘    »
 q0_4: ┤ Ry(y[4]) ├┤ Rz(y[14]) ├──┼─────────────────────────────────»
       ├──────────┤├───────────┤  │                                 »
 q0_5: ┤ Ry(y[5]) ├┤ Rz(y[15]) ├──┼─────────────────────────────────»
       ├──────────┤├───────────┤  │                                 »
 q0_6: ┤ Ry(y[6]) ├┤ Rz(y[16]) ├──┼─────────────────────────────────»
       ├──────────┤├───────────┤  │                                 »
 q0_7: ┤ Ry(y[7]) ├┤ Rz(y[17]) ├──┼─────────────────────────────────»
       ├──────────┤├───────────┤  │                                 »
 q0_8: ┤ Ry(y[8]) ├┤ Rz(y[18]) ├──┼─────────────────────────────────»
       ├──────────┤├───────────┤  │                                 »
 q0_9: ┤ Ry(y[9]) ├┤ Rz(y[19]) ├──■─────────────────────────────────»
       └──────────┘└───────────┘                                    »
c0: 10/═════════════════════════════════════════════════════════════»
                                                                    »
«                                                                        »
« q0_0: ─────────────────────────────────────────────────────────────────»
«       ┌───────────┐                                                    »
« q0_1: ┤ Rz(y[31]) ├────────────────────────────────────────────────────»
«       ├───────────┤┌───────────┐                                       »
« q0_2: ┤ Ry(y[22]) ├┤ Rz(y[32]) ├───────────────────────────────────────»
«       └───────────┘├───────────┤┌───────────┐                          »
« q0_3: ──────■──────┤ Ry(y[23]) ├┤ Rz(y[33]) ├──────────────────────────»
«           ┌─┴─┐    └───────────┘├───────────┤┌───────────┐             »
« q0_4: ────┤ X ├──────────■──────┤ Ry(y[24]) ├┤ Rz(y[34]) ├─────────────»
«           └───┘        ┌─┴─┐    └───────────┘├───────────┤┌───────────┐»
« q0_5: ─────────────────┤ X ├──────────■──────┤ Ry(y[25]) ├┤ Rz(y[35]) ├»
«                        └───┘        ┌─┴─┐    └───────────┘├───────────┤»
« q0_6: ──────────────────────────────┤ X ├──────────■──────┤ Ry(y[26]) ├»
«                                     └───┘        ┌─┴─┐    └───────────┘»
« q0_7: ───────────────────────────────────────────┤ X ├──────────■──────»
«                                                  └───┘        ┌─┴─┐    »
« q0_8: ────────────────────────────────────────────────────────┤ X ├────»
«                                                               └───┘    »
« q0_9: ─────────────────────────────────────────────────────────────────»
«                                                                        »
«c0: 10/═════════════════════════════════════════════════════════════════»
«                                                                        »
«                                              ┌───┐     ┌───────────┐»
« q0_0: ───────────────────────────────────────┤ X ├──■──┤ Ry(y[40]) ├»
«                                              └─┬─┘┌─┴─┐└───────────┘»
« q0_1: ─────────────────────────────────────────┼──┤ X ├──────■──────»
«                                                │  └───┘    ┌─┴─┐    »
« q0_2: ─────────────────────────────────────────┼───────────┤ X ├────»
«                                                │           └───┘    »
« q0_3: ─────────────────────────────────────────┼────────────────────»
«                                                │                    »
« q0_4: ─────────────────────────────────────────┼────────────────────»
«                                                │                    »
« q0_5: ─────────────────────────────────────────┼────────────────────»
«       ┌───────────┐                            │                    »
« q0_6: ┤ Rz(y[36]) ├────────────────────────────┼────────────────────»
«       ├───────────┤┌───────────┐               │                    »
« q0_7: ┤ Ry(y[27]) ├┤ Rz(y[37]) ├───────────────┼────────────────────»
«       └───────────┘├───────────┤┌───────────┐  │                    »
« q0_8: ──────■──────┤ Ry(y[28]) ├┤ Rz(y[38]) ├──┼────────────────────»
«           ┌─┴─┐    ├───────────┤├───────────┤  │                    »
« q0_9: ────┤ X ├────┤ Ry(y[29]) ├┤ Rz(y[39]) ├──■────────────────────»
«           └───┘    └───────────┘└───────────┘                       »
«c0: 10/══════════════════════════════════════════════════════════════»
«                                                                     »
«       ┌───────────┐                                                    »
« q0_0: ┤ Rz(y[50]) ├────────────────────────────────────────────────────»
«       ├───────────┤┌───────────┐                                       »
« q0_1: ┤ Ry(y[41]) ├┤ Rz(y[51]) ├───────────────────────────────────────»
«       └───────────┘├───────────┤┌───────────┐                          »
« q0_2: ──────■──────┤ Ry(y[42]) ├┤ Rz(y[52]) ├──────────────────────────»
«           ┌─┴─┐    └───────────┘├───────────┤┌───────────┐             »
« q0_3: ────┤ X ├──────────■──────┤ Ry(y[43]) ├┤ Rz(y[53]) ├─────────────»
«           └───┘        ┌─┴─┐    └───────────┘├───────────┤┌───────────┐»
« q0_4: ─────────────────┤ X ├──────────■──────┤ Ry(y[44]) ├┤ Rz(y[54]) ├»
«                        └───┘        ┌─┴─┐    └───────────┘├───────────┤»
« q0_5: ──────────────────────────────┤ X ├──────────■──────┤ Ry(y[45]) ├»
«                                     └───┘        ┌─┴─┐    └───────────┘»
« q0_6: ───────────────────────────────────────────┤ X ├──────────■──────»
«                                                  └───┘        ┌─┴─┐    »
« q0_7: ────────────────────────────────────────────────────────┤ X ├────»
«                                                               └───┘    »
« q0_8: ─────────────────────────────────────────────────────────────────»
«                                                                        »
« q0_9: ─────────────────────────────────────────────────────────────────»
«                                                                        »
«c0: 10/═════════════════════════════════════════════════════════════════»
«                                                                        »
«                                                           
« q0_0: ────────────────────────────────────────────────────
«                                                           
« q0_1: ────────────────────────────────────────────────────
«                                                           
« q0_2: ────────────────────────────────────────────────────
«                                                           
« q0_3: ────────────────────────────────────────────────────
«                                                           
« q0_4: ────────────────────────────────────────────────────
«       ┌───────────┐                                       
« q0_5: ┤ Rz(y[55]) ├───────────────────────────────────────
«       ├───────────┤┌───────────┐                          
« q0_6: ┤ Ry(y[46]) ├┤ Rz(y[56]) ├──────────────────────────
«       └───────────┘├───────────┤┌───────────┐             
« q0_7: ──────■──────┤ Ry(y[47]) ├┤ Rz(y[57]) ├─────────────
«           ┌─┴─┐    └───────────┘├───────────┤┌───────────┐
« q0_8: ────┤ X ├──────────■──────┤ Ry(y[48]) ├┤ Rz(y[58]) ├
«           └───┘        ┌─┴─┐    ├───────────┤├───────────┤
« q0_9: ─────────────────┤ X ├────┤ Ry(y[49]) ├┤ Rz(y[59]) ├
«                        └───┘    └───────────┘└───────────┘
«c0: 10/════════════════════════════════════════════════════
«                                                           
ansatz-state is written to ansatz.txt
building constraints...
number of constraints= 100
unique pauliops 190
graphclique-cliquecover: 190 with commutationmode commute
strategy largest_first 31
strategy random_sequential 23
strategy smallest_last 26
strategy independent_set 19
strategy connected_sequential_bfs 31
strategy connected_sequential_dfs 27
strategy saturation_largest_first 19
number of cliques 19
clique 0 ['IIIIIIIIIZ', 'IIIIIIIIZZ', 'IIIIIIIZZI', 'IIIIIIZZII', 'IIIIIZZIII', 'IIIIZZIIII', 'IIIZZIIIII', 'IIZZIIIIII', 'IZZIIIIIII', 'ZZIIIIIIII']
clique 1 ['IIIIIIIIIX', 'IIIIIIIIZX', 'IIIIIIIXII', 'IIIIIIZXZI', 'IIIIIXIIII', 'IIIIZXZIII', 'IIIXIIIIII', 'IIZXZIIIII', 'IXIIIIIIII', 'ZXZIIIIIII']
clique 2 ['IIIIIIIIIY', 'IIIIIIIIZY', 'IIIIIIZYII', 'IIIIIIIYZI', 'IIIIZYIIII', 'IIIIIYZIII', 'IIZYIIIIII', 'IIIYZIIIII', 'ZYIIIIIIII', 'IYZIIIIIII']
clique 3 ['IIIIIIIZXX', 'IIYXXXXXXY', 'IIIIIIIYYI', 'IIIIIIZXXZ', 'IIIIIIYXZI', 'IIIIYYIIII', 'IIIYYIIIII', 'ZXXXXZIIII', 'IZXYIIIIII', 'IYYIIIIIII']
clique 4 ['IIIIIIIIYY', 'ZXXXXXXXXX', 'IIZXXXXXXZ', 'IZXXXXXXYI', 'IIYXXXXYII', 'IIIIZXXZII', 'IYXXXXYIII', 'IIIZXYIIII', 'IIIIYXZIII', 'IIIYXZIIII']
clique 5 ['IIIIIIIIYX', 'IIIIYXXXXY', 'IIYXXXXXYI', 'ZXXXXXXXXZ', 'IIIIZXXYII', 'IIIIIYXZII', 'IIZXXXYIII', 'IIIYXYIIII', 'IZXXXXZIII', 'IYXYIIIIII']
clique 6 ['IIIIIIIZXY', 'IIZXXXXXXX', 'IZXXXXXXXZ', 'ZXXXXXXXYI', 'IIIIIYXXZI', 'IIIIIZXZII', 'IIIYXXYIII', 'IIIZXXZIII', 'IIYXYIIIII', 'IYXXZIIIII']
clique 7 ['IIIIIIZXXX', 'IZXXXXXXXY', 'IIIIZXXXXZ', 'IYXXXXXXYI', 'IIIIIIYYII', 'IIZXXXXXZI', 'IIIIYXXZII', 'IIYXXYIIII', 'IIIZXZIIII', 'ZXXZIIIIII']
clique 8 ['IIIIIIIYXY', 'IIYXXXXXXX', 'IIIIIIIZXZ', 'IIIIIZXXYI', 'IIIIYXXXZI', 'ZXXXXXYIII', 'IIZXXXZIII', 'IIIZYIIIII', 'IZXXXZIIII', 'IYXZIIIIII']
clique 9 ['IIIIIIIYXX', 'IYXXXXXXXY', 'IIZXXXXXYI', 'IIYXXXXXXZ', 'IIIIIYXYII', 'IIIZXXXXZI', 'IIIIZXYIII', 'IIIYXXZIII', 'ZXXXXYIIII', 'IZXXZIIIII']
clique 10 ['IIIIIIZXXY', 'IIIIZXXXXX', 'IIIIIIIYXZ', 'IIIIIIYXYI', 'IIIYXXXYII', 'IZXXXXXXZI', 'IYXXXYIIII', 'IIIIYZIIII', 'IIYYIIIIII', 'ZXYIIIIIII']
clique 11 ['IIIIIZXXXX', 'IIZXXXXXXY', 'IIIZXXXXYI', 'IIIYXXXXXZ', 'IZXXXXXYII', 'IIYXXXXXZI', 'IIIIIYYIII', 'ZXXXXXXZII', 'IYXXXXZIII', 'IIIIXIIIII']
clique 12 ['IIIIIYXXXY', 'IIIYXXXXXX', 'IIIIIIIIXI', 'IYXXXXXXXZ', 'IIIIYXXYII', 'IIIIIIXIII', 'IIYXXXXZII', 'IIZXXYIIII', 'IZXXYIIIII', 'ZXXYIIIIII']
clique 13 ['IIIIYXXXXX', 'IIIYXXXXXY', 'IIIIIIIZYI', 'IIIIIIIIYZ', 'IIIZXXXZII', 'IIYXXXYIII', 'IZXXXYIIII', 'ZXXXXXZIII', 'IIZXXZIIII', 'IYXXYIIIII']
clique 14 ['IIIIIZXXXY', 'IIIIIYXXXX', 'IIIIIIZXYI', 'IIIZXXXXXZ', 'IIIIZXXXZI', 'IYXXXXXYII', 'IIZXXXXZII', 'IIYXXXZIII', 'ZXXXZIIIII', 'IZXZIIIIII']
clique 15 ['IIIIIIYXXY', 'IIIZXXXXXX', 'IIIIIYXXYI', 'IIIIYXXXXZ', 'IIZXXXXYII', 'IYXXXXXXZI', 'IIIIIZYIII', 'IZXXXXXZII', 'ZXXXYIIIII', 'IIYZIIIIII']
clique 16 ['IIIIIIYXXX', 'ZXXXXXXXXY', 'IIIIZXXXYI', 'IIIIIYXXXZ', 'IIIIIZXYII', 'IIIYXXXXZI', 'IIIZXXYIII', 'IYXXXXXZII', 'IIYXZIIIII', 'IZYIIIIIII']
clique 17 ['IIIIZXXXXY', 'IZXXXXXXXX', 'IIIIIZXXXZ', 'IIIYXXXXYI', 'IIIZXXXYII', 'ZXXXXXXXZI', 'IIIIIIYZII', 'IIIIYXYIII', 'IYXXXZIIII', 'IIXIIIIIII']
clique 18 ['IIIZXXXXXY', 'IYXXXXXXXX', 'IIIIIIYXXZ', 'IIIIYXXXYI', 'IIIIIZXXZI', 'ZXXXXXXYII', 'IIIYXXXZII', 'IZXXXXYIII', 'IIZXYIIIII', 'IIYXXZIIII']
