GS energy with  DMRG -3.7635428474099806
N= 2.9999999999999996
E= -3.7635428474099806
D= [[ 2.29107390e-01+0.j -1.76825808e-02+0.j  3.45886277e-01+0.j
  -6.93531170e-13+0.j  2.20293373e-01+0.j  1.43797033e-02+0.j]
 [-1.76825808e-02+0.j  7.70892610e-01+0.j  3.05216919e-12+0.j
   3.45886277e-01+0.j  1.43797033e-02+0.j -2.20293373e-01+0.j]
 [ 3.45886277e-01+0.j  3.05217548e-12+0.j  5.42847043e-01+0.j
   2.79685113e-03+0.j  3.45886277e-01+0.j  9.83148974e-13+0.j]
 [-6.93520763e-13+0.j  3.45886277e-01+0.j  2.79685113e-03+0.j
   4.57152957e-01+0.j -3.33492001e-12+0.j  3.45886277e-01+0.j]
 [ 2.20293373e-01+0.j  1.43797033e-02+0.j  3.45886277e-01+0.j
  -3.33490787e-12+0.j  2.29107390e-01+0.j -1.76825808e-02+0.j]
 [ 1.43797033e-02+0.j -2.20293373e-01+0.j  9.83149554e-13+0.j
   3.45886277e-01+0.j -1.76825808e-02+0.j  7.70892610e-01+0.j]]
W= [0.14578878+0.j 0.21196981+0.j 0.14578878+0.j]
local approximation with  1 sites
local interactions on sites [[0], [1], [2]]
Functional for interaction on sites [0]
interacting orbitals: [0, 1]
mapping: [0, 1, 2, 3, 4, 5]
orbinteractaca= [0, 1]
aca: level 2  norb= 6
Daca= [[ 2.29107390e-01+0.j -1.76825808e-02+0.j -4.10333112e-01+0.j
   4.71673844e-19+0.j  4.82506005e-17+0.j -2.40461162e-18+0.j]
 [-1.76825808e-02+0.j  7.70892610e-01+0.j -4.05622860e-13+0.j
  -4.10333112e-01+0.j  1.24399077e-18+0.j  6.24059348e-18+0.j]
 [-4.10333112e-01+0.j -4.05615264e-13+0.j  7.65092646e-01+0.j
   1.73039867e-02+0.j  3.06522849e-03+0.j  0.00000000e+00+0.j]
 [-1.19911410e-17+0.j -4.10333112e-01+0.j  1.73039867e-02+0.j
   2.34907354e-01+0.j -3.39912353e-13+0.j -3.06522849e-03+0.j]
 [ 8.03654611e-17+0.j -2.73564702e-17+0.j  3.06522849e-03+0.j
  -3.39873576e-13+0.j  6.86178692e-03+0.j  3.21897164e-02+0.j]
 [-1.04233505e-18+0.j  8.07887503e-17+0.j -2.49358189e-17+0.j
  -3.06522849e-03+0.j  3.21897164e-02+0.j  9.93138213e-01+0.j]]
Naca= (1.00106182231376, 1.9989381776862398)
nq= 6
interact= NNIIII * (1+0j)
variational state:
      ┌──────────┐ ┌──────────┐┌───────────┐             ┌───────────┐»
q0_0: ┤ Ry(y[0]) ├─┤ Rz(y[6]) ├┤ Rx(y[12]) ├──────■──────┤ Ry(y[18]) ├»
      ├──────────┤ ├──────────┤└─────┬─────┘┌─────┴─────┐└───────────┘»
q0_1: ┤ Ry(y[1]) ├─┤ Rz(y[7]) ├──────┼──────┤ Rx(y[13]) ├──────■──────»
      ├──────────┤ ├──────────┤      │      └───────────┘┌─────┴─────┐»
q0_2: ┤ Ry(y[2]) ├─┤ Rz(y[8]) ├──────┼───────────────────┤ Rx(y[14]) ├»
      ├──────────┤ ├──────────┤      │                   └───────────┘»
q0_3: ┤ Ry(y[3]) ├─┤ Rz(y[9]) ├──────┼────────────────────────────────»
      ├──────────┤┌┴──────────┤      │                                »
q0_4: ┤ Ry(y[4]) ├┤ Rz(y[10]) ├──────┼────────────────────────────────»
      ├──────────┤├───────────┤      │                                »
q0_5: ┤ Ry(y[5]) ├┤ Rz(y[11]) ├──────■────────────────────────────────»
      └──────────┘└───────────┘                                       »
c0: 6/════════════════════════════════════════════════════════════════»
                                                                      »
«      ┌───────────┐                                                    »
«q0_0: ┤ Rz(y[24]) ├────────────────────────────────────────────────────»
«      ├───────────┤┌───────────┐                                       »
«q0_1: ┤ Ry(y[19]) ├┤ Rz(y[25]) ├───────────────────────────────────────»
«      └───────────┘├───────────┤┌───────────┐                          »
«q0_2: ──────■──────┤ Ry(y[20]) ├┤ Rz(y[26]) ├──────────────────────────»
«      ┌─────┴─────┐└───────────┘├───────────┤┌───────────┐             »
«q0_3: ┤ Rx(y[15]) ├──────■──────┤ Ry(y[21]) ├┤ Rz(y[27]) ├─────────────»
«      └───────────┘┌─────┴─────┐└───────────┘├───────────┤┌───────────┐»
«q0_4: ─────────────┤ Rx(y[16]) ├──────■──────┤ Ry(y[22]) ├┤ Rz(y[28]) ├»
«                   └───────────┘┌─────┴─────┐├───────────┤├───────────┤»
«q0_5: ──────────────────────────┤ Rx(y[17]) ├┤ Ry(y[23]) ├┤ Rz(y[29]) ├»
«                                └───────────┘└───────────┘└───────────┘»
«c0: 6/═════════════════════════════════════════════════════════════════»
«                                                                       »
«      ┌───────────┐             ┌───────────┐┌───────────┐             »
«q0_0: ┤ Rx(y[30]) ├──────■──────┤ Ry(y[36]) ├┤ Rz(y[42]) ├─────────────»
«      └─────┬─────┘┌─────┴─────┐└───────────┘├───────────┤┌───────────┐»
«q0_1: ──────┼──────┤ Rx(y[31]) ├──────■──────┤ Ry(y[37]) ├┤ Rz(y[43]) ├»
«            │      └───────────┘┌─────┴─────┐└───────────┘├───────────┤»
«q0_2: ──────┼───────────────────┤ Rx(y[32]) ├──────■──────┤ Ry(y[38]) ├»
«            │                   └───────────┘┌─────┴─────┐└───────────┘»
«q0_3: ──────┼────────────────────────────────┤ Rx(y[33]) ├──────■──────»
«            │                                └───────────┘┌─────┴─────┐»
«q0_4: ──────┼─────────────────────────────────────────────┤ Rx(y[34]) ├»
«            │                                             └───────────┘»
«q0_5: ──────■──────────────────────────────────────────────────────────»
«                                                                       »
«c0: 6/═════════════════════════════════════════════════════════════════»
«                                                                       »
«                                             ┌───────────┐             »
«q0_0: ───────────────────────────────────────┤ Rx(y[48]) ├──────■──────»
«                                             └─────┬─────┘┌─────┴─────┐»
«q0_1: ─────────────────────────────────────────────┼──────┤ Rx(y[49]) ├»
«      ┌───────────┐                                │      └───────────┘»
«q0_2: ┤ Rz(y[44]) ├────────────────────────────────┼───────────────────»
«      ├───────────┤┌───────────┐                   │                   »
«q0_3: ┤ Ry(y[39]) ├┤ Rz(y[45]) ├───────────────────┼───────────────────»
«      └───────────┘├───────────┤┌───────────┐      │                   »
«q0_4: ──────■──────┤ Ry(y[40]) ├┤ Rz(y[46]) ├──────┼───────────────────»
«      ┌─────┴─────┐├───────────┤├───────────┤      │                   »
«q0_5: ┤ Rx(y[35]) ├┤ Ry(y[41]) ├┤ Rz(y[47]) ├──────■───────────────────»
«      └───────────┘└───────────┘└───────────┘                          »
«c0: 6/═════════════════════════════════════════════════════════════════»
«                                                                       »
«      ┌───────────┐┌───────────┐                                       »
«q0_0: ┤ Ry(y[54]) ├┤ Rz(y[60]) ├───────────────────────────────────────»
«      └───────────┘├───────────┤┌───────────┐                          »
«q0_1: ──────■──────┤ Ry(y[55]) ├┤ Rz(y[61]) ├──────────────────────────»
«      ┌─────┴─────┐└───────────┘├───────────┤┌───────────┐             »
«q0_2: ┤ Rx(y[50]) ├──────■──────┤ Ry(y[56]) ├┤ Rz(y[62]) ├─────────────»
«      └───────────┘┌─────┴─────┐└───────────┘├───────────┤┌───────────┐»
«q0_3: ─────────────┤ Rx(y[51]) ├──────■──────┤ Ry(y[57]) ├┤ Rz(y[63]) ├»
«                   └───────────┘┌─────┴─────┐└───────────┘├───────────┤»
«q0_4: ──────────────────────────┤ Rx(y[52]) ├──────■──────┤ Ry(y[58]) ├»
«                                └───────────┘┌─────┴─────┐├───────────┤»
«q0_5: ───────────────────────────────────────┤ Rx(y[53]) ├┤ Ry(y[59]) ├»
«                                             └───────────┘└───────────┘»
«c0: 6/═════════════════════════════════════════════════════════════════»
«                                                                       »
«                   
«q0_0: ─────────────
«                   
«q0_1: ─────────────
«                   
«q0_2: ─────────────
«                   
«q0_3: ─────────────
«      ┌───────────┐
«q0_4: ┤ Rz(y[64]) ├
«      ├───────────┤
«q0_5: ┤ Rz(y[65]) ├
«      └───────────┘
«c0: 6/═════════════
«                   
building constraints...
number of constraints= 36
plain pauliops= 66
['IIIIIZ', 'IIIIIX', 'IIIIZX', 'IIIIIY', 'IIIIZY', 'IIIZXX', 'IIIIYY', 'IIIIYX', 'IIIZXY', 'IIZXXX', 'IIIYXY', 'IIIYXX', 'IIZXXY', 'IZXXXX', 'IIYXXY', 'IIYXXX', 'IZXXXY', 'ZXXXXX', 'IYXXXY', 'IYXXXX', 'ZXXXXY', 'IIIIZZ', 'IIIIXI', 'IIIZXZ', 'IIIZYI', 'IIIIYZ', 'IIIYYI', 'IIZXXZ', 'IIZXYI', 'IIIYXZ', 'IIYXYI', 'IZXXXZ', 'IZXXYI', 'IIYXXZ', 'IYXXYI', 'ZXXXXZ', 'ZXXXYI', 'IYXXXZ', 'IIIZZI', 'IIIXII', 'IIZXZI', 'IIZYII', 'IIIYZI', 'IIYYII', 'IZXXZI', 'IZXYII', 'IIYXZI', 'IYXYII', 'ZXXXZI', 'ZXXYII', 'IYXXZI', 'IIZZII', 'IIXIII', 'IZXZII', 'IZYIII', 'IIYZII', 'IYYIII', 'ZXXZII', 'ZXYIII', 'IYXZII', 'IZZIII', 'IXIIII', 'ZXZIII', 'ZYIIII', 'IYZIII', 'ZZIIII']
unique pauliops= 66
commutation mode= qubitwise
graphclique-cliquecover: 66 with commutationmode qubitwise
strategy largest_first 35
strategy random_sequential 35
strategy smallest_last 35
strategy independent_set 35
strategy connected_sequential_bfs 35
strategy connected_sequential_dfs 35
strategy saturation_largest_first 35
clique 0 ['IIIIIX', 'IZXXXX', 'IIIIXI', 'IIIXII', 'IIXIII', 'ZZIIII']
clique 1 ['IIIIIY', 'IZXXXY']
clique 2 ['ZXXXXX', 'IXIIII']
clique 3 ['IYXXXY', 'ZYIIII']
clique 4 ['IYXXXX']
clique 5 ['ZXXXXY']
clique 6 ['IIIIIZ', 'IZXXXZ']
clique 7 ['ZXXXXZ']
clique 8 ['IYXXXZ']
clique 9 ['IIZXXX', 'IZZIII']
clique 10 ['IIZXXY', 'ZXZIII']
clique 11 ['IIYXXY', 'IZYIII']
clique 12 ['IIYXXX', 'IYYIII']
clique 13 ['IIZXXZ', 'IYZIII']
clique 14 ['IIIIYY', 'IZXXYI']
clique 15 ['IIYXXZ', 'ZXYIII']
clique 16 ['IIIIYX', 'IYXXYI']
clique 17 ['IIIIYZ', 'ZXXXYI']
clique 18 ['IIIIZX', 'IZXXZI']
clique 19 ['IIIIZY', 'ZXXXZI']
clique 20 ['IIIIZZ', 'IYXXZI']
clique 21 ['IIZXYI']
clique 22 ['IIYXYI']
clique 23 ['IIZXZI']
clique 24 ['IIYXZI']
clique 25 ['IIIZXX', 'IZXZII']
clique 26 ['IIIZXY', 'ZXXZII']
clique 27 ['IIIYXY', 'IZXYII']
clique 28 ['IIIYXX', 'IYXYII']
clique 29 ['IIIZXZ', 'IYXZII']
clique 30 ['IIIYXZ', 'ZXXYII']
clique 31 ['IIIZYI', 'IIZZII']
clique 32 ['IIIYYI', 'IIZYII']
clique 33 ['IIIZZI', 'IIYZII']
clique 34 ['IIIYZI', 'IIYYII']
groups with own implementation qubitwise 35
