GS energy with  DMRG -6.902303420391817
N= 4.999999999999998
E= -6.902303420391817
D= [[ 6.90048651e-01+0.j -1.70325876e-02+0.j  3.85769267e-01+0.j
  -4.38638275e-13+0.j -1.53314321e-01+0.j  1.37403743e-02+0.j
  -1.00173361e-01+0.j  5.17069026e-13+0.j  1.40371613e-01+0.j
  -1.25804197e-02+0.j]
 [-1.70325876e-02+0.j  3.09951349e-01+0.j  2.90358015e-13+0.j
   3.85769267e-01+0.j  1.37403743e-02+0.j  1.53314321e-01+0.j
  -7.67602128e-13+0.j -1.00173361e-01+0.j -1.25804197e-02+0.j
  -1.40371613e-01+0.j]
 [ 3.85769267e-01+0.j  2.90363111e-13+0.j  4.66062324e-01+0.j
   3.04157083e-03+0.j  2.83873028e-01+0.j  4.82798480e-14+0.j
   7.78009323e-03+0.j -6.97269457e-04+0.j -1.00173361e-01+0.j
   4.04011025e-13+0.j]
 [-4.38612254e-13+0.j  3.85769267e-01+0.j  3.04157083e-03+0.j
   5.33937676e-01+0.j  1.13811955e-13+0.j  2.83873028e-01+0.j
  -6.97269457e-04+0.j -7.78009323e-03+0.j -3.42218007e-13+0.j
  -1.00173361e-01+0.j]
 [-1.53314321e-01+0.j  1.37403743e-02+0.j  2.83873028e-01+0.j
   1.13844481e-13+0.j  6.85782029e-01+0.j -1.66502034e-02+0.j
   2.83873028e-01+0.j -3.37571984e-13+0.j -1.53314321e-01+0.j
   1.37403743e-02+0.j]
 [ 1.37403743e-02+0.j  1.53314321e-01+0.j  4.82752944e-14+0.j
   2.83873028e-01+0.j -1.66502034e-02+0.j  3.14217971e-01+0.j
   3.23080104e-13+0.j  2.83873028e-01+0.j  1.37403743e-02+0.j
   1.53314321e-01+0.j]
 [-1.00173361e-01+0.j -7.67613837e-13+0.j  7.78009323e-03+0.j
  -6.97269457e-04+0.j  2.83873028e-01+0.j  3.23085742e-13+0.j
   4.66062324e-01+0.j  3.04157083e-03+0.j  3.85769267e-01+0.j
  -2.30244556e-12+0.j]
 [ 5.17078567e-13+0.j -1.00173361e-01+0.j -6.97269457e-04+0.j
  -7.78009323e-03+0.j -3.37561576e-13+0.j  2.83873028e-01+0.j
   3.04157083e-03+0.j  5.33937676e-01+0.j  2.22930702e-12+0.j
   3.85769267e-01+0.j]
 [ 1.40371613e-01+0.j -1.25804197e-02+0.j -1.00173361e-01+0.j
  -3.42234054e-13+0.j -1.53314321e-01+0.j  1.37403743e-02+0.j
   3.85769267e-01+0.j  2.22930355e-12+0.j  6.90048651e-01+0.j
  -1.70325876e-02+0.j]
 [-1.25804197e-02+0.j -1.40371613e-01+0.j  4.04016229e-13+0.j
  -1.00173361e-01+0.j  1.37403743e-02+0.j  1.53314321e-01+0.j
  -2.30244556e-12+0.j  3.85769267e-01+0.j -1.70325876e-02+0.j
   3.09951349e-01+0.j]]
W= [0.17132938+0.j 0.21187054+0.j 0.18843509+0.j 0.21187054+0.j
 0.17132938+0.j]
local approximation with  1 sites
local interactions on sites [[0], [1], [2], [3], [4]]
Functional for interaction on sites [0]
aca-directory for images already exists
aca-directory for images already exists
aca-directory for images already exists
interacting orbitals: [0, 1]
mapping: [0, 1, 2, 3, 4, 5, 6, 7, 8, 9]
aca-directory for images already exists
aca-directory for images already exists
aca-directory for images already exists
orbinteractaca= [0, 1]
aca-directory for images already exists
aca-directory for images already exists
aca-directory for images already exists
aca-directory for images already exists
aca-directory for images already exists
aca-directory for images already exists
aca-directory for images already exists
aca-directory for images already exists
aca-directory for images already exists
aca-directory for images already exists
aca-directory for images already exists
aca-directory for images already exists
aca-directory for images already exists
aca-directory for images already exists
aca-directory for images already exists
aca-directory for images already exists
aca-directory for images already exists
aca-directory for images already exists
aca-directory for images already exists
aca-directory for images already exists
aca-directory for images already exists
aca-directory for images already exists
aca-directory for images already exists
aca-directory for images already exists
aca-directory for images already exists
aca-directory for images already exists
aca-directory for images already exists
aca: level 4  norb= 10
Daca= [[ 6.90048651e-01+0.j -1.70325876e-02+0.j -4.49899061e-01+0.j
  -3.80163489e-19+0.j  3.00105626e-17+0.j -8.54229771e-19+0.j
   5.62336248e-18+0.j  3.45554458e-20+0.j -6.22473252e-18+0.j
  -1.23781243e-18+0.j]
 [-1.70325876e-02+0.j  3.09951349e-01+0.j  1.37084033e-13+0.j
  -4.49899061e-01+0.j  1.36927733e-18+0.j  2.33605768e-18+0.j
   2.73150233e-21+0.j -3.41237837e-18+0.j  2.88937323e-18+0.j
   4.11892962e-18+0.j]
 [-4.49899061e-01+0.j  1.37073716e-13+0.j  3.13640143e-01+0.j
   1.67019896e-02+0.j  5.66264162e-03+0.j -4.41967880e-21+0.j
   4.21567319e-19+0.j  4.37308097e-21+0.j -1.88925665e-20+0.j
   2.12431579e-21+0.j]
 [-2.13078316e-17+0.j -4.49899061e-01+0.j  1.67019896e-02+0.j
   6.86359857e-01+0.j  5.28742475e-14+0.j  5.66264162e-03+0.j
  -1.32409693e-20+0.j -3.15840162e-19+0.j  1.79061763e-21+0.j
   6.85731778e-21+0.j]
 [ 2.12180286e-18+0.j  2.53719735e-17+0.j  5.66264162e-03+0.j
   5.28981139e-14+0.j  4.88408879e-01+0.j  1.03882230e-03+0.j
   4.90288074e-01+0.j  9.49380776e-19+0.j  1.44605648e-16+0.j
  -7.95095317e-18+0.j]
 [ 1.07236211e-18+0.j  1.82880483e-16+0.j  8.54457935e-18+0.j
   5.66264162e-03+0.j  1.03882230e-03+0.j  5.11591121e-01+0.j
  -4.79378785e-14+0.j  4.90288074e-01+0.j -7.72460419e-18+0.j
  -7.53365606e-17+0.j]
 [-8.96276900e-17+0.j -9.82468290e-18+0.j  1.03285897e-16+0.j
  -4.04556056e-17+0.j  4.90288074e-01+0.j -4.79353436e-14+0.j
   5.12990341e-01+0.j -1.16422361e-03+0.j  2.52566123e-03+0.j
   0.00000000e+00+0.j]
 [ 1.52355854e-17+0.j -7.00285093e-17+0.j -1.72438603e-17+0.j
  -4.17913350e-17+0.j  4.09897424e-17+0.j  4.90288074e-01+0.j
  -1.16422361e-03+0.j  4.87009659e-01+0.j -1.52902296e-13+0.j
  -2.52566123e-03+0.j]
 [ 1.03331232e-16+0.j  1.25645450e-17+0.j  1.93456055e-19+0.j
  -6.46901611e-18+0.j  3.13449883e-16+0.j -2.16023920e-17+0.j
   2.52566123e-03+0.j -1.52913866e-13+0.j  9.92915965e-01+0.j
   4.41762376e-02+0.j]
 [ 5.42614305e-18+0.j -2.21703077e-17+0.j -1.35645791e-17+0.j
  -8.95526491e-17+0.j  9.97397692e-18+0.j  5.61938495e-18+0.j
   1.77091329e-19+0.j -2.52566123e-03+0.j  4.41762376e-02+0.j
   7.08403502e-03+0.j]]
Naca= (2.998003979335479, 2.00199602066452)
nq= 10
variational state:
       ┌──────────┐┌───────────┐┌───┐     ┌───────────┐┌───────────┐»
 q0_0: ┤ Ry(y[0]) ├┤ Rz(y[10]) ├┤ X ├──■──┤ Ry(y[20]) ├┤ Rz(y[30]) ├»
       ├──────────┤├───────────┤└─┬─┘┌─┴─┐└───────────┘├───────────┤»
 q0_1: ┤ Ry(y[1]) ├┤ Rz(y[11]) ├──┼──┤ X ├──────■──────┤ Ry(y[21]) ├»
       ├──────────┤├───────────┤  │  └───┘    ┌─┴─┐    └───────────┘»
 q0_2: ┤ Ry(y[2]) ├┤ Rz(y[12]) ├──┼───────────┤ X ├──────────■──────»
       ├──────────┤├───────────┤  │           └───┘        ┌─┴─┐    »
 q0_3: ┤ Ry(y[3]) ├┤ Rz(y[13]) ├──┼────────────────────────┤ X ├────»
       ├──────────┤├───────────┤  │                        └───┘    »
 q0_4: ┤ Ry(y[4]) ├┤ Rz(y[14]) ├──┼─────────────────────────────────»
       ├──────────┤├───────────┤  │                                 »
 q0_5: ┤ Ry(y[5]) ├┤ Rz(y[15]) ├──┼─────────────────────────────────»
       ├──────────┤├───────────┤  │                                 »
 q0_6: ┤ Ry(y[6]) ├┤ Rz(y[16]) ├──┼─────────────────────────────────»
       ├──────────┤├───────────┤  │                                 »
 q0_7: ┤ Ry(y[7]) ├┤ Rz(y[17]) ├──┼─────────────────────────────────»
       ├──────────┤├───────────┤  │                                 »
 q0_8: ┤ Ry(y[8]) ├┤ Rz(y[18]) ├──┼─────────────────────────────────»
       ├──────────┤├───────────┤  │                                 »
 q0_9: ┤ Ry(y[9]) ├┤ Rz(y[19]) ├──■─────────────────────────────────»
       └──────────┘└───────────┘                                    »
c0: 10/═════════════════════════════════════════════════════════════»
                                                                    »
«                                                                        »
« q0_0: ─────────────────────────────────────────────────────────────────»
«       ┌───────────┐                                                    »
« q0_1: ┤ Rz(y[31]) ├────────────────────────────────────────────────────»
«       ├───────────┤┌───────────┐                                       »
« q0_2: ┤ Ry(y[22]) ├┤ Rz(y[32]) ├───────────────────────────────────────»
«       └───────────┘├───────────┤┌───────────┐                          »
« q0_3: ──────■──────┤ Ry(y[23]) ├┤ Rz(y[33]) ├──────────────────────────»
«           ┌─┴─┐    └───────────┘├───────────┤┌───────────┐             »
« q0_4: ────┤ X ├──────────■──────┤ Ry(y[24]) ├┤ Rz(y[34]) ├─────────────»
«           └───┘        ┌─┴─┐    └───────────┘├───────────┤┌───────────┐»
« q0_5: ─────────────────┤ X ├──────────■──────┤ Ry(y[25]) ├┤ Rz(y[35]) ├»
«                        └───┘        ┌─┴─┐    └───────────┘├───────────┤»
« q0_6: ──────────────────────────────┤ X ├──────────■──────┤ Ry(y[26]) ├»
«                                     └───┘        ┌─┴─┐    └───────────┘»
« q0_7: ───────────────────────────────────────────┤ X ├──────────■──────»
«                                                  └───┘        ┌─┴─┐    »
« q0_8: ────────────────────────────────────────────────────────┤ X ├────»
«                                                               └───┘    »
« q0_9: ─────────────────────────────────────────────────────────────────»
«                                                                        »
«c0: 10/═════════════════════════════════════════════════════════════════»
«                                                                        »
«                                              ┌───┐     ┌───────────┐»
« q0_0: ───────────────────────────────────────┤ X ├──■──┤ Ry(y[40]) ├»
«                                              └─┬─┘┌─┴─┐└───────────┘»
« q0_1: ─────────────────────────────────────────┼──┤ X ├──────■──────»
«                                                │  └───┘    ┌─┴─┐    »
« q0_2: ─────────────────────────────────────────┼───────────┤ X ├────»
«                                                │           └───┘    »
« q0_3: ─────────────────────────────────────────┼────────────────────»
«                                                │                    »
« q0_4: ─────────────────────────────────────────┼────────────────────»
«                                                │                    »
« q0_5: ─────────────────────────────────────────┼────────────────────»
«       ┌───────────┐                            │                    »
« q0_6: ┤ Rz(y[36]) ├────────────────────────────┼────────────────────»
«       ├───────────┤┌───────────┐               │                    »
« q0_7: ┤ Ry(y[27]) ├┤ Rz(y[37]) ├───────────────┼────────────────────»
«       └───────────┘├───────────┤┌───────────┐  │                    »
« q0_8: ──────■──────┤ Ry(y[28]) ├┤ Rz(y[38]) ├──┼────────────────────»
«           ┌─┴─┐    ├───────────┤├───────────┤  │                    »
« q0_9: ────┤ X ├────┤ Ry(y[29]) ├┤ Rz(y[39]) ├──■────────────────────»
«           └───┘    └───────────┘└───────────┘                       »
«c0: 10/══════════════════════════════════════════════════════════════»
«                                                                     »
«       ┌───────────┐                                                    »
« q0_0: ┤ Rz(y[50]) ├────────────────────────────────────────────────────»
«       ├───────────┤┌───────────┐                                       »
« q0_1: ┤ Ry(y[41]) ├┤ Rz(y[51]) ├───────────────────────────────────────»
«       └───────────┘├───────────┤┌───────────┐                          »
« q0_2: ──────■──────┤ Ry(y[42]) ├┤ Rz(y[52]) ├──────────────────────────»
«           ┌─┴─┐    └───────────┘├───────────┤┌───────────┐             »
« q0_3: ────┤ X ├──────────■──────┤ Ry(y[43]) ├┤ Rz(y[53]) ├─────────────»
«           └───┘        ┌─┴─┐    └───────────┘├───────────┤┌───────────┐»
« q0_4: ─────────────────┤ X ├──────────■──────┤ Ry(y[44]) ├┤ Rz(y[54]) ├»
«                        └───┘        ┌─┴─┐    └───────────┘├───────────┤»
« q0_5: ──────────────────────────────┤ X ├──────────■──────┤ Ry(y[45]) ├»
«                                     └───┘        ┌─┴─┐    └───────────┘»
« q0_6: ───────────────────────────────────────────┤ X ├──────────■──────»
«                                                  └───┘        ┌─┴─┐    »
« q0_7: ────────────────────────────────────────────────────────┤ X ├────»
«                                                               └───┘    »
« q0_8: ─────────────────────────────────────────────────────────────────»
«                                                                        »
« q0_9: ─────────────────────────────────────────────────────────────────»
«                                                                        »
«c0: 10/═════════════════════════════════════════════════════════════════»
«                                                                        »
«                                                           
« q0_0: ────────────────────────────────────────────────────
«                                                           
« q0_1: ────────────────────────────────────────────────────
«                                                           
« q0_2: ────────────────────────────────────────────────────
«                                                           
« q0_3: ────────────────────────────────────────────────────
«                                                           
« q0_4: ────────────────────────────────────────────────────
«       ┌───────────┐                                       
« q0_5: ┤ Rz(y[55]) ├───────────────────────────────────────
«       ├───────────┤┌───────────┐                          
« q0_6: ┤ Ry(y[46]) ├┤ Rz(y[56]) ├──────────────────────────
«       └───────────┘├───────────┤┌───────────┐             
« q0_7: ──────■──────┤ Ry(y[47]) ├┤ Rz(y[57]) ├─────────────
«           ┌─┴─┐    └───────────┘├───────────┤┌───────────┐
« q0_8: ────┤ X ├──────────■──────┤ Ry(y[48]) ├┤ Rz(y[58]) ├
«           └───┘        ┌─┴─┐    ├───────────┤├───────────┤
« q0_9: ─────────────────┤ X ├────┤ Ry(y[49]) ├┤ Rz(y[59]) ├
«                        └───┘    └───────────┘└───────────┘
«c0: 10/════════════════════════════════════════════════════
«                                                           
ansatz-state is written to ansatz.txt
building constraints...
number of constraints= 100
unique pauliops 190
graphclique-cliquecover: 190 with commutationmode commute
strategy largest_first 31
strategy random_sequential 21
strategy smallest_last 26
strategy independent_set 20
strategy connected_sequential_bfs 31
strategy connected_sequential_dfs 25
strategy saturation_largest_first 20
clique_removal 27
number of cliques 20
clique 0 ['IIIIIIIIIZ', 'IIIIIIIIZI', 'IIIIIIIZII', 'IIIIIIZIII', 'IIIIIZIIII', 'IIIIZIIIII', 'IIIZIIIIII', 'IIZIIIIIII', 'IZIIIIIIII', 'ZIIIIIIIII']
clique 1 ['IIIIIIIIXX', 'IIIIIIIIYY', 'IIIIIIXXII', 'IIIIIIYYII', 'IIIIXXIIII', 'IIIIYYIIII', 'IIXXIIIIII', 'IIYYIIIIII', 'XXIIIIIIII', 'YYIIIIIIII']
clique 2 ['IIIIIIIIYX', 'IIIIIIIIXY', 'IIIIIIYXII', 'IIIIIIXYII', 'IIIIYXIIII', 'IIIIXYIIII', 'IIYXIIIIII', 'IIXYIIIIII', 'YXIIIIIIII', 'XYIIIIIIII']
clique 3 ['IIIIIIIXZX', 'IYZZZZZZZY', 'IIIIIIXZXI', 'IIIIIIYZYI', 'IIIIIXZXII', 'IIIXZXIIII', 'IIXZXIIIII', 'YZZZYIIIII', 'IXZXIIIIII', 'XZXIIIIIII']
clique 4 ['IIIIIIIYZY', 'XZZZZZZZZX', 'IIXZZZZZXI', 'IXZZZZZZYI', 'IYZZZZZYII', 'IIIIXZXIII', 'YZZZZZYIII', 'IIIYZXIIII', 'IIIXZYIIII', 'IIYZXIIIII']
clique 5 ['IIIIIIIYZX', 'IIIIIXZZZY', 'IYZZZZZZYI', 'XZZZZZZZXI', 'IIIYZZZYII', 'IIIIXZYIII', 'IIIXZZXIII', 'IIXZZXIIII', 'YZZZXIIIII', 'IXXIIIIIII']
clique 6 ['IIIIIIIXZY', 'IIIYZZZZZX', 'IIIIIIIYXI', 'YZZZZZZZYI', 'IIIIIXYIII', 'XZZZZZXIII', 'IIYZZXIIII', 'IIIXYIIIII', 'IXZZXIIIII', 'IYYIIIIIII']
clique 7 ['IIIIIIXZZX', 'IIIIIIYZZY', 'IIIIIIIXXI', 'IIIYZZZZYI', 'IIIIYZZXII', 'IIYZZYIIII', 'IXZZZXIIII', 'IYZZYIIIII', 'XZZYIIIIII', 'YZYIIIIIII']
clique 8 ['IIIIIIYZZX', 'IIIIIYZZZY', 'IIIIIIIYYI', 'IXZZZZZZXI', 'IIIIXZZYII', 'IIIIYZYIII', 'IIXZZYIIII', 'IYZYIIIIII', 'XZZXIIIIII', 'YZXIIIIIII']
clique 9 ['IIIIIIXZZY', 'IIXZZZZZZX', 'IIIIIXZZXI', 'IIIIXZZZYI', 'IIYZZZZYII', 'XZZZZZZXII', 'IIIIYZXIII', 'YZZZZXIIII', 'IYZXIIIIII', 'IXZYIIIIII']
clique 10 ['IIIIIXZZZX', 'IIIIXZZZZY', 'IIIIYZZZXI', 'IIIXZZZZYI', 'IIIYZZZXII', 'IXZZZZZYII', 'IIYZZZYIII', 'YZZZZZXIII', 'IYZZZXIIII', 'XZYIIIIIII']
clique 11 ['IIIIIYZZZX', 'IIXZZZZZZY', 'IIIIIIIXYI', 'IIIIIIYZXI', 'IXZZZZZXII', 'IIIXZZYIII', 'YZZZZYIIII', 'IIIYYIIIII', 'XZZZXIIIII', 'IYXIIIIIII']
clique 12 ['IIIIYZZZZY', 'IYZZZZZZZX', 'IIIIIYZZYI', 'IIIXZZZZXI', 'YZZZZZZXII', 'XZZZZZZYII', 'IIXZZZYIII', 'IXZZZZXIII', 'IIIYZYIIII', 'IIYZYIIIII']
clique 13 ['IIIXZZZZZX', 'YZZZZZZZZY', 'IIIIIIXZYI', 'IIIIXZZZXI', 'IIIIYZZYII', 'IIYZZZZXII', 'IIIYZZXIII', 'IYZZZYIIII', 'XZZZZXIIII', 'IXYIIIIIII']
clique 14 ['IIIIXZZZZX', 'XZZZZZZZZY', 'IIYZZZZZYI', 'YZZZZZZZXI', 'IIIIIYZYII', 'IYZZZZZXII', 'IIIYZZYIII', 'IIXZZZXIII', 'IXZZZYIIII', 'IIIXXIIIII']
clique 15 ['IIIYZZZZZY', 'IXZZZZZZZX', 'IIIIYZZZYI', 'IYZZZZZZXI', 'IIIXZZZXII', 'YZZZZZZYII', 'IIIIIYYIII', 'IIYZZZXIII', 'XZZZZYIIII', 'IIXZYIIIII']
clique 16 ['IIIIYZZZZX', 'IIIXZZZZZY', 'IIIIIXZZYI', 'IIYZZZZZXI', 'IIIIIYZXII', 'IIXZZZZYII', 'IYZZZZXIII', 'XZZZZZYIII', 'IXZZYIIIII', 'YZZXIIIIII']
clique 17 ['IIYZZZZZZY', 'YZZZZZZZZX', 'IIIIIYZZXI', 'IIXZZZZZYI', 'IIIXZZZYII', 'IIIIIXXIII', 'IYZZZZYIII', 'IIIYXIIIII', 'XZZZYIIIII']
clique 18 ['IIYZZZZZZX', 'IXZZZZZZZY', 'IIIYZZZZXI', 'XZZZZZZZYI', 'IIIIIXZYII', 'IIXZZZZXII', 'IIIIIYXIII', 'IYZZXIIIII', 'YZZYIIIIII']
clique 19 ['IIIIXZZXII', 'IXZZZZYIII']
