GS energy with  DMRG -5.575365620447474
N= 4.000000000000003
E= -5.575365620447474
D= [[ 5.00000000e-01+0.j -1.08480375e-12+0.j  4.36579417e-01+0.j
  -4.24184433e-13+0.j  2.24986696e-13+0.j  3.84680877e-13+0.j
  -2.07712319e-01+0.j -7.20417179e-14+0.j]
 [-1.08479104e-12+0.j  5.00000000e-01+0.j  1.63941749e-13+0.j
   4.36579417e-01+0.j -5.43464289e-13+0.j -3.41213169e-13+0.j
  -3.88041566e-13+0.j -2.07712319e-01+0.j]
 [ 4.36579417e-01+0.j  1.63944146e-13+0.j  5.00000000e-01+0.j
   9.34286878e-13+0.j  2.19444409e-01+0.j  5.74953768e-13+0.j
  -1.56718388e-12+0.j -4.36372344e-13+0.j]
 [-4.24208819e-13+0.j  4.36579417e-01+0.j  9.34301011e-13+0.j
   5.00000000e-01+0.j -6.27039035e-14+0.j  2.19444409e-01+0.j
   2.46652192e-13+0.j  1.20117276e-12+0.j]
 [ 2.24938124e-13+0.j -5.43485822e-13+0.j  2.19444409e-01+0.j
  -6.27367962e-14+0.j  5.00000000e-01+0.j -7.18496731e-13+0.j
   4.36579417e-01+0.j -8.30236673e-13+0.j]
 [ 3.84668942e-13+0.j -3.41192352e-13+0.j  5.74966376e-13+0.j
   2.19444409e-01+0.j -7.18471409e-13+0.j  5.00000000e-01+0.j
   5.71865299e-13+0.j  4.36579417e-01+0.j]
 [-2.07712319e-01+0.j -3.88029417e-13+0.j -1.56721424e-12+0.j
   2.46657129e-13+0.j  4.36579417e-01+0.j  5.71800762e-13+0.j
   5.00000000e-01+0.j  8.68946963e-13+0.j]
 [-7.20414185e-14+0.j -2.07712319e-01+0.j -4.36374929e-13+0.j
   1.20116420e-12+0.j -8.30215155e-13+0.j  4.36579417e-01+0.j
   8.68980060e-13+0.j  5.00000000e-01+0.j]]
W= [0.19104713+0.j 0.20647655+0.j 0.20647655+0.j 0.19104713+0.j]
local approximation with  1 sites
local interactions on sites [[0], [1], [2], [3]]
Functional for interaction on sites [0]
aca-directory for images already exists
aca-directory for images already exists
aca-directory for images already exists
interacting orbitals: [0, 1]
mapping: [0, 1, 2, 3, 4, 5, 6, 7]
aca-directory for images already exists
aca-directory for images already exists
aca-directory for images already exists
orbinteractaca= [0, 1]
aca-directory for images already exists
aca-directory for images already exists
aca-directory for images already exists
aca-directory for images already exists
aca-directory for images already exists
aca-directory for images already exists
aca-directory for images already exists
aca-directory for images already exists
aca-directory for images already exists
aca-directory for images already exists
aca-directory for images already exists
aca-directory for images already exists
aca-directory for images already exists
aca-directory for images already exists
aca-directory for images already exists
aca-directory for images already exists
aca-directory for images already exists
aca-directory for images already exists
aca-directory for images already exists
aca-directory for images already exists
aca-directory for images already exists
aca: level 3  norb= 8
Daca= [[ 5.00000000e-01+0.j -1.08480375e-12+0.j -4.83472849e-01+0.j
  -1.87954431e-29+0.j -8.87389705e-30+0.j  4.24750291e-29+0.j
  -1.51211620e-17+0.j -2.57626249e-29+0.j]
 [-1.08479104e-12+0.j  5.00000000e-01+0.j  3.73374289e-14+0.j
  -4.83472849e-01+0.j -5.33641976e-29+0.j -8.40456249e-30+0.j
  -7.24377168e-29+0.j -1.97821285e-17+0.j]
 [-4.83472849e-01+0.j  3.73404842e-14+0.j  5.00000000e-01+0.j
   9.92348157e-13+0.j  1.05941599e-02+0.j -4.72061158e-31+0.j
  -2.52435491e-29+0.j -1.57772181e-30+0.j]
 [ 2.21494586e-17+0.j -4.83472849e-01+0.j  9.92368709e-13+0.j
   5.00000000e-01+0.j  4.08243499e-14+0.j  1.05941599e-02+0.j
  -2.05422037e-37+0.j -1.57772181e-30+0.j]
 [-4.85722573e-17+0.j -2.15324334e-17+0.j  1.05941599e-02+0.j
   4.08038923e-14+0.j  5.00000000e-01+0.j -1.12945059e-11+0.j
   4.88513255e-01+0.j  0.00000000e+00+0.j]
 [-1.19353891e-17+0.j  2.08166817e-17+0.j -1.63414158e-17+0.j
   1.05941599e-02+0.j -1.12944806e-11+0.j  5.00000000e-01+0.j
  -1.69046907e-15+0.j -4.88513255e-01+0.j]
 [-7.33244069e-17+0.j  1.20006198e-17+0.j  9.03681379e-18+0.j
  -1.09063084e-17+0.j  4.88513255e-01+0.j -1.75416338e-15+0.j
   5.00000000e-01+0.j -1.13868949e-11+0.j]
 [-1.02066041e-17+0.j -1.28112337e-16+0.j  8.55332510e-18+0.j
   1.86008920e-19+0.j -3.35624436e-17+0.j -4.88513255e-01+0.j
  -1.13869216e-11+0.j  5.00000000e-01+0.j]]
rounding Naca1 to integer
rounding Naca2 to integer
Naca= (2, 2)
nq= 8
variational state:
      ┌──────────┐ ┌──────────┐┌───┐     ┌───────────┐┌───────────┐»
q0_0: ┤ Ry(y[0]) ├─┤ Rz(y[8]) ├┤ X ├──■──┤ Ry(y[16]) ├┤ Rz(y[24]) ├»
      ├──────────┤ ├──────────┤└─┬─┘┌─┴─┐└───────────┘├───────────┤»
q0_1: ┤ Ry(y[1]) ├─┤ Rz(y[9]) ├──┼──┤ X ├──────■──────┤ Ry(y[17]) ├»
      ├──────────┤┌┴──────────┤  │  └───┘    ┌─┴─┐    └───────────┘»
q0_2: ┤ Ry(y[2]) ├┤ Rz(y[10]) ├──┼───────────┤ X ├──────────■──────»
      ├──────────┤├───────────┤  │           └───┘        ┌─┴─┐    »
q0_3: ┤ Ry(y[3]) ├┤ Rz(y[11]) ├──┼────────────────────────┤ X ├────»
      ├──────────┤├───────────┤  │                        └───┘    »
q0_4: ┤ Ry(y[4]) ├┤ Rz(y[12]) ├──┼─────────────────────────────────»
      ├──────────┤├───────────┤  │                                 »
q0_5: ┤ Ry(y[5]) ├┤ Rz(y[13]) ├──┼─────────────────────────────────»
      ├──────────┤├───────────┤  │                                 »
q0_6: ┤ Ry(y[6]) ├┤ Rz(y[14]) ├──┼─────────────────────────────────»
      ├──────────┤├───────────┤  │                                 »
q0_7: ┤ Ry(y[7]) ├┤ Rz(y[15]) ├──■─────────────────────────────────»
      └──────────┘└───────────┘                                    »
c0: 8/═════════════════════════════════════════════════════════════»
                                                                   »
«                                                                       »
«q0_0: ─────────────────────────────────────────────────────────────────»
«      ┌───────────┐                                                    »
«q0_1: ┤ Rz(y[25]) ├────────────────────────────────────────────────────»
«      ├───────────┤┌───────────┐                                       »
«q0_2: ┤ Ry(y[18]) ├┤ Rz(y[26]) ├───────────────────────────────────────»
«      └───────────┘├───────────┤┌───────────┐                          »
«q0_3: ──────■──────┤ Ry(y[19]) ├┤ Rz(y[27]) ├──────────────────────────»
«          ┌─┴─┐    └───────────┘├───────────┤┌───────────┐             »
«q0_4: ────┤ X ├──────────■──────┤ Ry(y[20]) ├┤ Rz(y[28]) ├─────────────»
«          └───┘        ┌─┴─┐    └───────────┘├───────────┤┌───────────┐»
«q0_5: ─────────────────┤ X ├──────────■──────┤ Ry(y[21]) ├┤ Rz(y[29]) ├»
«                       └───┘        ┌─┴─┐    └───────────┘├───────────┤»
«q0_6: ──────────────────────────────┤ X ├──────────■──────┤ Ry(y[22]) ├»
«                                    └───┘        ┌─┴─┐    ├───────────┤»
«q0_7: ───────────────────────────────────────────┤ X ├────┤ Ry(y[23]) ├»
«                                                 └───┘    └───────────┘»
«c0: 8/═════════════════════════════════════════════════════════════════»
«                                                                       »
«                   ┌───┐     ┌───────────┐┌───────────┐             »
«q0_0: ─────────────┤ X ├──■──┤ Ry(y[32]) ├┤ Rz(y[40]) ├─────────────»
«                   └─┬─┘┌─┴─┐└───────────┘├───────────┤┌───────────┐»
«q0_1: ───────────────┼──┤ X ├──────■──────┤ Ry(y[33]) ├┤ Rz(y[41]) ├»
«                     │  └───┘    ┌─┴─┐    └───────────┘├───────────┤»
«q0_2: ───────────────┼───────────┤ X ├──────────■──────┤ Ry(y[34]) ├»
«                     │           └───┘        ┌─┴─┐    └───────────┘»
«q0_3: ───────────────┼────────────────────────┤ X ├──────────■──────»
«                     │                        └───┘        ┌─┴─┐    »
«q0_4: ───────────────┼─────────────────────────────────────┤ X ├────»
«                     │                                     └───┘    »
«q0_5: ───────────────┼──────────────────────────────────────────────»
«      ┌───────────┐  │                                              »
«q0_6: ┤ Rz(y[30]) ├──┼──────────────────────────────────────────────»
«      ├───────────┤  │                                              »
«q0_7: ┤ Rz(y[31]) ├──■──────────────────────────────────────────────»
«      └───────────┘                                                 »
«c0: 8/══════════════════════════════════════════════════════════════»
«                                                                    »
«                                                                       
«q0_0: ─────────────────────────────────────────────────────────────────
«                                                                       
«q0_1: ─────────────────────────────────────────────────────────────────
«      ┌───────────┐                                                    
«q0_2: ┤ Rz(y[42]) ├────────────────────────────────────────────────────
«      ├───────────┤┌───────────┐                                       
«q0_3: ┤ Ry(y[35]) ├┤ Rz(y[43]) ├───────────────────────────────────────
«      └───────────┘├───────────┤┌───────────┐                          
«q0_4: ──────■──────┤ Ry(y[36]) ├┤ Rz(y[44]) ├──────────────────────────
«          ┌─┴─┐    └───────────┘├───────────┤┌───────────┐             
«q0_5: ────┤ X ├──────────■──────┤ Ry(y[37]) ├┤ Rz(y[45]) ├─────────────
«          └───┘        ┌─┴─┐    └───────────┘├───────────┤┌───────────┐
«q0_6: ─────────────────┤ X ├──────────■──────┤ Ry(y[38]) ├┤ Rz(y[46]) ├
«                       └───┘        ┌─┴─┐    ├───────────┤├───────────┤
«q0_7: ──────────────────────────────┤ X ├────┤ Ry(y[39]) ├┤ Rz(y[47]) ├
«                                    └───┘    └───────────┘└───────────┘
«c0: 8/═════════════════════════════════════════════════════════════════
«                                                                       
ansatz-state is written to ansatz.txt
building constraints...
number of constraints= 64
unique pauliops 120
graphclique-cliquecover: 120 with commutationmode disjointqubits
strategy largest_first 78
strategy random_sequential 81
strategy smallest_last 78
strategy independent_set 86
strategy connected_sequential_bfs 78
strategy connected_sequential_dfs 83
strategy saturation_largest_first 78
number of cliques 78
clique 0 ['IIXYYIXX', 'IIIIIZII', 'IZIIIIII']
clique 1 ['IIXXYIXY', 'IIIIIXII', 'IXIIIIII']
clique 2 ['IIXXYIXX', 'IIIIIYII', 'IYIIIIII']
clique 3 ['IIXYYIXY']
clique 4 ['IIXZYIXY']
clique 5 ['IIXZYIXX']
clique 6 ['IYZIYIXX', 'IIIZIIII']
clique 7 ['IXZIYIXY', 'IIIXIIII']
clique 8 ['IXZIYIXX', 'IIIYIIII']
clique 9 ['IYZIYIXY']
clique 10 ['IZZIYIXY']
clique 11 ['IZZIYIXX']
clique 12 ['IIXYYIXZ']
clique 13 ['IIXXYIXZ']
clique 14 ['IIXZYIXZ']
clique 15 ['IYZIYIXZ']
clique 16 ['IXZIYIXZ']
clique 17 ['IZZIYIXZ']
clique 18 ['IIIIIIIZ', 'IIXYYXZI']
clique 19 ['IIIIIIIX', 'IIXXYYZI']
clique 20 ['IIIIIIIY', 'IIXXYXZI']
clique 21 ['IIXYYYZI']
clique 22 ['IIXZYYZI']
clique 23 ['IIXZYXZI']
clique 24 ['IYZIYXZI']
clique 25 ['IXZIYYZI']
clique 26 ['IXZIYXZI']
clique 27 ['IYZIYYZI']
clique 28 ['IZZIYYZI']
clique 29 ['IZZIYXZI']
clique 30 ['IIXYYZZI']
clique 31 ['IIXXYZZI']
clique 32 ['IIXZYZZI']
clique 33 ['IYZIYZZI']
clique 34 ['IXZIYZZI']
clique 35 ['IZZIYZZI']
clique 36 ['IIYIYIXX']
clique 37 ['IIYIYIXY']
clique 38 ['IIXXYIYI']
clique 39 ['IIXYYIYI']
clique 40 ['IIXZYIYI']
clique 41 ['IIYIYIXZ']
clique 42 ['IXZIYIYI']
clique 43 ['IYZIYIYI']
clique 44 ['IZZIYIYI']
clique 45 ['IIYIYXZI']
clique 46 ['IIYIYYZI']
clique 47 ['IIYIYZZI']
clique 48 ['IIYIYIYI']
clique 49 ['IIIIZIXX', 'IYYXIIII']
clique 50 ['IIIIZIXY', 'IXYYIIII']
clique 51 ['ZIIIXIXX', 'IXYXIIII']
clique 52 ['ZIIIXIXY', 'IYYYIIII']
clique 53 ['IIIIZIXZ', 'IZYYIIII']
clique 54 ['ZIIIXIXZ', 'IZYXIIII']
clique 55 ['IIIIZXZI', 'IYYZIIII']
clique 56 ['IIIIZYZI', 'IXYZIIII']
clique 57 ['ZIIIXXZI', 'IZYZIIII']
clique 58 ['ZIIIXYZI', 'IIZXIIII']
clique 59 ['IIIIZZZI', 'IIZYIIII']
clique 60 ['IIIIIYYX', 'IIXXXIII']
clique 61 ['IIIIIXYY', 'IIXYXIII']
clique 62 ['IIIIIXYX', 'IIXZXIII']
clique 63 ['IIIIIYYY', 'IXZIXIII']
clique 64 ['IIIIIZYY', 'IYZIXIII']
clique 65 ['IIIIIZYX', 'IZZIXIII']
clique 66 ['ZIIIXZZI', 'IIZZIIII']
clique 67 ['IIIIIYYZ', 'ZIXXZIII']
clique 68 ['IIIIIXYZ', 'ZIXYZIII']
clique 69 ['IIIIIZYZ', 'ZIXZZIII']
clique 70 ['IIIIIIZX', 'ZXZIZIII']
clique 71 ['IIIIIIZY', 'ZYZIZIII']
clique 72 ['IIIIIIZZ', 'ZZZIZIII']
clique 73 ['IIIIZIYI', 'IXXIIIII']
clique 74 ['ZIIIXIYI', 'IYXIIIII']
clique 75 ['IIIIIXXI', 'IIYIXIII']
clique 76 ['IIIIIYXI', 'ZIYIZIII']
clique 77 ['IIIIIZXI', 'ZIIIYIII', 'IZXIIIII']
