GS energy with  DMRG -5.575365620447471
N= 4.0
E= -5.575365620447471
D= [[ 5.00000000e-01+0.j -3.21387916e-12+0.j  4.36579417e-01+0.j
  -2.34101827e-13+0.j -9.88437630e-13+0.j  2.38977645e-12+0.j
  -2.07712319e-01+0.j  6.89520043e-13+0.j]
 [-3.21390161e-12+0.j  5.00000000e-01+0.j  2.62808637e-13+0.j
   4.36579417e-01+0.j  1.05330797e-12+0.j  2.25015839e-12+0.j
  -6.81843465e-13+0.j -2.07712319e-01+0.j]
 [ 4.36579417e-01+0.j  2.62785878e-13+0.j  5.00000000e-01+0.j
   1.46900249e-12+0.j  2.19444409e-01+0.j -8.43278428e-13+0.j
   1.30304014e-12+0.j -2.55438784e-12+0.j]
 [-2.34075470e-13+0.j  4.36579417e-01+0.j  1.46897247e-12+0.j
   5.00000000e-01+0.j  7.83677239e-13+0.j  2.19444409e-01+0.j
  -1.28814425e-12+0.j -1.40521976e-12+0.j]
 [-9.88423753e-13+0.j  1.05331358e-12+0.j  2.19444409e-01+0.j
   7.83673336e-13+0.j  5.00000000e-01+0.j -1.07092407e-12+0.j
   4.36579417e-01+0.j  2.28126132e-13+0.j]
 [ 2.38979691e-12+0.j  2.25011676e-12+0.j -8.43289333e-13+0.j
   2.19444409e-01+0.j -1.07098035e-12+0.j  5.00000000e-01+0.j
  -2.19497069e-13+0.j  4.36579417e-01+0.j]
 [-2.07712319e-01+0.j -6.81871708e-13+0.j  1.30300284e-12+0.j
  -1.28814814e-12+0.j  4.36579417e-01+0.j -2.19435464e-13+0.j
   5.00000000e-01+0.j  2.81583222e-12+0.j]
 [ 6.89497794e-13+0.j -2.07712319e-01+0.j -2.55437775e-12+0.j
  -1.40525245e-12+0.j  2.28129054e-13+0.j  4.36579417e-01+0.j
   2.81581402e-12+0.j  5.00000000e-01+0.j]]
W= [0.19104713+0.j 0.20647655+0.j 0.20647655+0.j 0.19104713+0.j]
local approximation with  1 sites
local interactions on sites [[0], [1], [2], [3]]
Functional for interaction on sites [0]
aca-directory for images already exists
aca-directory for images already exists
aca-directory for images already exists
interacting orbitals: [0, 1]
mapping: [0, 1, 2, 3, 4, 5, 6, 7]
aca-directory for images already exists
aca-directory for images already exists
aca-directory for images already exists
orbinteractaca= [0, 1]
aca-directory for images already exists
aca-directory for images already exists
aca-directory for images already exists
aca-directory for images already exists
aca-directory for images already exists
aca-directory for images already exists
aca-directory for images already exists
aca-directory for images already exists
aca-directory for images already exists
aca-directory for images already exists
aca-directory for images already exists
aca-directory for images already exists
aca-directory for images already exists
aca-directory for images already exists
aca-directory for images already exists
aca-directory for images already exists
aca-directory for images already exists
aca-directory for images already exists
aca-directory for images already exists
aca-directory for images already exists
aca-directory for images already exists
aca: level 3  norb= 8
Daca= [[ 5.00000000e-01+0.j -3.21387916e-12+0.j -4.83472849e-01+0.j
   6.81256803e-30+0.j -1.59308946e-29+0.j  4.16898353e-28+0.j
  -2.05346968e-17+0.j  1.34770481e-29+0.j]
 [-3.21390161e-12+0.j  5.00000000e-01+0.j -2.26243992e-14+0.j
  -4.83472849e-01+0.j  7.10949532e-29+0.j  3.38688003e-28+0.j
   5.36277998e-29+0.j -5.43295442e-18+0.j]
 [-4.83472849e-01+0.j -2.26159810e-14+0.j  5.00000000e-01+0.j
   3.28377585e-12+0.j  1.05941599e-02+0.j  1.82372966e-29+0.j
   1.89840813e-37+0.j  6.31088724e-30+0.j]
 [-3.33589104e-17+0.j -4.83472849e-01+0.j  3.28374259e-12+0.j
   5.00000000e-01+0.j -3.80892531e-14+0.j  1.05941599e-02+0.j
  -1.50660260e-37+0.j  0.00000000e+00+0.j]
 [ 1.38777878e-17+0.j  5.61138605e-18+0.j  1.05941599e-02+0.j
  -3.80915222e-14+0.j  5.00000000e-01+0.j -6.89006862e-13+0.j
   4.88513255e-01+0.j  8.07793567e-28+0.j]
 [ 2.04604131e-17+0.j -4.16333634e-17+0.j  1.66199689e-17+0.j
   1.05941599e-02+0.j -6.89063136e-13+0.j  5.00000000e-01+0.j
  -1.82426045e-14+0.j -4.88513255e-01+0.j]
 [ 2.95922672e-17+0.j -3.52821564e-17+0.j  3.96992061e-18+0.j
  -3.27126324e-18+0.j  4.88513255e-01+0.j -1.81822898e-14+0.j
   5.00000000e-01+0.j -6.19141646e-13+0.j]
 [-8.76680027e-18+0.j  4.46940095e-17+0.j -2.91691194e-18+0.j
   7.00730067e-17+0.j -4.31444008e-18+0.j -4.88513255e-01+0.j
  -6.19126692e-13+0.j  5.00000000e-01+0.j]]
rounding Naca1 to integer
rounding Naca2 to integer
Naca= (2, 2)
nq= 8
variational state:
      ┌──────────┐ ┌──────────┐┌───┐     ┌───────────┐┌───────────┐»
q0_0: ┤ Ry(y[0]) ├─┤ Rz(y[8]) ├┤ X ├──■──┤ Ry(y[16]) ├┤ Rz(y[24]) ├»
      ├──────────┤ ├──────────┤└─┬─┘┌─┴─┐└───────────┘├───────────┤»
q0_1: ┤ Ry(y[1]) ├─┤ Rz(y[9]) ├──┼──┤ X ├──────■──────┤ Ry(y[17]) ├»
      ├──────────┤┌┴──────────┤  │  └───┘    ┌─┴─┐    └───────────┘»
q0_2: ┤ Ry(y[2]) ├┤ Rz(y[10]) ├──┼───────────┤ X ├──────────■──────»
      ├──────────┤├───────────┤  │           └───┘        ┌─┴─┐    »
q0_3: ┤ Ry(y[3]) ├┤ Rz(y[11]) ├──┼────────────────────────┤ X ├────»
      ├──────────┤├───────────┤  │                        └───┘    »
q0_4: ┤ Ry(y[4]) ├┤ Rz(y[12]) ├──┼─────────────────────────────────»
      ├──────────┤├───────────┤  │                                 »
q0_5: ┤ Ry(y[5]) ├┤ Rz(y[13]) ├──┼─────────────────────────────────»
      ├──────────┤├───────────┤  │                                 »
q0_6: ┤ Ry(y[6]) ├┤ Rz(y[14]) ├──┼─────────────────────────────────»
      ├──────────┤├───────────┤  │                                 »
q0_7: ┤ Ry(y[7]) ├┤ Rz(y[15]) ├──■─────────────────────────────────»
      └──────────┘└───────────┘                                    »
c0: 8/═════════════════════════════════════════════════════════════»
                                                                   »
«                                                                       »
«q0_0: ─────────────────────────────────────────────────────────────────»
«      ┌───────────┐                                                    »
«q0_1: ┤ Rz(y[25]) ├────────────────────────────────────────────────────»
«      ├───────────┤┌───────────┐                                       »
«q0_2: ┤ Ry(y[18]) ├┤ Rz(y[26]) ├───────────────────────────────────────»
«      └───────────┘├───────────┤┌───────────┐                          »
«q0_3: ──────■──────┤ Ry(y[19]) ├┤ Rz(y[27]) ├──────────────────────────»
«          ┌─┴─┐    └───────────┘├───────────┤┌───────────┐             »
«q0_4: ────┤ X ├──────────■──────┤ Ry(y[20]) ├┤ Rz(y[28]) ├─────────────»
«          └───┘        ┌─┴─┐    └───────────┘├───────────┤┌───────────┐»
«q0_5: ─────────────────┤ X ├──────────■──────┤ Ry(y[21]) ├┤ Rz(y[29]) ├»
«                       └───┘        ┌─┴─┐    └───────────┘├───────────┤»
«q0_6: ──────────────────────────────┤ X ├──────────■──────┤ Ry(y[22]) ├»
«                                    └───┘        ┌─┴─┐    ├───────────┤»
«q0_7: ───────────────────────────────────────────┤ X ├────┤ Ry(y[23]) ├»
«                                                 └───┘    └───────────┘»
«c0: 8/═════════════════════════════════════════════════════════════════»
«                                                                       »
«                   ┌───┐     ┌───────────┐┌───────────┐             »
«q0_0: ─────────────┤ X ├──■──┤ Ry(y[32]) ├┤ Rz(y[40]) ├─────────────»
«                   └─┬─┘┌─┴─┐└───────────┘├───────────┤┌───────────┐»
«q0_1: ───────────────┼──┤ X ├──────■──────┤ Ry(y[33]) ├┤ Rz(y[41]) ├»
«                     │  └───┘    ┌─┴─┐    └───────────┘├───────────┤»
«q0_2: ───────────────┼───────────┤ X ├──────────■──────┤ Ry(y[34]) ├»
«                     │           └───┘        ┌─┴─┐    └───────────┘»
«q0_3: ───────────────┼────────────────────────┤ X ├──────────■──────»
«                     │                        └───┘        ┌─┴─┐    »
«q0_4: ───────────────┼─────────────────────────────────────┤ X ├────»
«                     │                                     └───┘    »
«q0_5: ───────────────┼──────────────────────────────────────────────»
«      ┌───────────┐  │                                              »
«q0_6: ┤ Rz(y[30]) ├──┼──────────────────────────────────────────────»
«      ├───────────┤  │                                              »
«q0_7: ┤ Rz(y[31]) ├──■──────────────────────────────────────────────»
«      └───────────┘                                                 »
«c0: 8/══════════════════════════════════════════════════════════════»
«                                                                    »
«                                                                       
«q0_0: ─────────────────────────────────────────────────────────────────
«                                                                       
«q0_1: ─────────────────────────────────────────────────────────────────
«      ┌───────────┐                                                    
«q0_2: ┤ Rz(y[42]) ├────────────────────────────────────────────────────
«      ├───────────┤┌───────────┐                                       
«q0_3: ┤ Ry(y[35]) ├┤ Rz(y[43]) ├───────────────────────────────────────
«      └───────────┘├───────────┤┌───────────┐                          
«q0_4: ──────■──────┤ Ry(y[36]) ├┤ Rz(y[44]) ├──────────────────────────
«          ┌─┴─┐    └───────────┘├───────────┤┌───────────┐             
«q0_5: ────┤ X ├──────────■──────┤ Ry(y[37]) ├┤ Rz(y[45]) ├─────────────
«          └───┘        ┌─┴─┐    └───────────┘├───────────┤┌───────────┐
«q0_6: ─────────────────┤ X ├──────────■──────┤ Ry(y[38]) ├┤ Rz(y[46]) ├
«                       └───┘        ┌─┴─┐    ├───────────┤├───────────┤
«q0_7: ──────────────────────────────┤ X ├────┤ Ry(y[39]) ├┤ Rz(y[47]) ├
«                                    └───┘    └───────────┘└───────────┘
«c0: 8/═════════════════════════════════════════════════════════════════
«                                                                       
ansatz-state is written to ansatz.txt
building constraints...
number of constraints= 64
unique pauliops 120
graphclique-cliquecover: 120 with commutationmode qubitwise
strategy largest_first 63
strategy random_sequential 64
strategy smallest_last 63
strategy independent_set 66
strategy connected_sequential_bfs 63
strategy connected_sequential_dfs 63
strategy saturation_largest_first 63
number of cliques 63
clique 0 ['IIIIIIIX', 'IZXXXXXX', 'IIIIIIXI', 'IIIIIXII', 'IIIIXIII', 'IIIXIIII', 'IIXIIIII', 'ZZIIIIII']
clique 1 ['IIIIIIIY', 'IZXXXXXY']
clique 2 ['ZXXXXXXX', 'IXIIIIII']
clique 3 ['IYXXXXXY', 'ZYIIIIII']
clique 4 ['IYXXXXXX']
clique 5 ['ZXXXXXXY']
clique 6 ['IIIIIIIZ', 'IZXXXXXZ']
clique 7 ['ZXXXXXXZ']
clique 8 ['IYXXXXXZ']
clique 9 ['IIZXXXXX', 'IZZIIIII']
clique 10 ['IIZXXXXY', 'ZXZIIIII']
clique 11 ['IIYXXXXY', 'IZYIIIII']
clique 12 ['IIYXXXXX', 'IYYIIIII']
clique 13 ['IIZXXXXZ', 'IYZIIIII']
clique 14 ['IIIIIIYY', 'IZXXXXYI']
clique 15 ['IIYXXXXZ', 'ZXYIIIII']
clique 16 ['IIIIIIYX', 'IYXXXXYI']
clique 17 ['IIIIIIYZ', 'ZXXXXXYI']
clique 18 ['IIIIIIZX', 'IZXXXXZI']
clique 19 ['IIIIIIZY', 'ZXXXXXZI']
clique 20 ['IIIIIIZZ', 'IYXXXXZI']
clique 21 ['IIZXXXYI']
clique 22 ['IIYXXXYI']
clique 23 ['IIZXXXZI']
clique 24 ['IIYXXXZI']
clique 25 ['IIIZXXXX', 'IZXZIIII']
clique 26 ['IIIZXXXY', 'ZXXZIIII']
clique 27 ['IIIYXXXY', 'IZXYIIII']
clique 28 ['IIIYXXXX', 'IYXYIIII']
clique 29 ['IIIZXXXZ', 'IYXZIIII']
clique 30 ['IIIYXXXZ', 'ZXXYIIII']
clique 31 ['IIIIIYXY', 'IZXXXYII']
clique 32 ['IIIIIYXX', 'IYXXXYII']
clique 33 ['IIIIIYXZ', 'ZXXXXYII']
clique 34 ['IIIIIZXX', 'IZXXXZII']
clique 35 ['IIIIIZXY', 'ZXXXXZII']
clique 36 ['IIIIIZXZ', 'IYXXXZII']
clique 37 ['IIIZXXYI', 'IIZZIIII']
clique 38 ['IIIYXXYI', 'IIZYIIII']
clique 39 ['IIIZXXZI', 'IIYZIIII']
clique 40 ['IIIIIYYI', 'IIZXXYII']
clique 41 ['IIIYXXZI', 'IIYYIIII']
clique 42 ['IIIIIYZI', 'IIYXXYII']
clique 43 ['IIIIIZYI', 'IIZXXZII']
clique 44 ['IIIIIZZI', 'IIYXXZII']
clique 45 ['IIIIZXXX', 'IZXXZIII']
clique 46 ['IIIIZXXY', 'ZXXXZIII']
clique 47 ['IIIIYXXY', 'IZXXYIII']
clique 48 ['IIIIYXXX', 'IYXXYIII']
clique 49 ['IIIIZXXZ', 'IYXXZIII']
clique 50 ['IIIIYXXZ', 'ZXXXYIII']
clique 51 ['IIIZXYII']
clique 52 ['IIIYXYII']
clique 53 ['IIIZXZII']
clique 54 ['IIIYXZII']
clique 55 ['IIIIZXYI', 'IIZXZIII']
clique 56 ['IIIIYXYI', 'IIZXYIII']
clique 57 ['IIIIZXZI', 'IIYXZIII']
clique 58 ['IIIIYXZI', 'IIYXYIII']
clique 59 ['IIIIZYII', 'IIIZZIII']
clique 60 ['IIIIYYII', 'IIIZYIII']
clique 61 ['IIIIZZII', 'IIIYZIII']
clique 62 ['IIIIYZII', 'IIIYYIII']
