GS energy with  DMRG -14.766274429770887
N= 9.999999999978613
E= -14.766274429770887
D= [[ 4.99999982e-01+0.j  4.82731736e-13+0.j  4.20049753e-01+0.j
   5.73981737e-13+0.j  1.58827118e-08+0.j -5.95161867e-14+0.j
  -1.69644915e-01+0.j -1.09125872e-13+0.j -1.13606069e-08+0.j
   9.42798168e-14+0.j  1.13612500e-01+0.j -1.95191833e-12+0.j
  -6.21194170e-08+0.j  9.46349890e-12+0.j -9.02590828e-02+0.j
   3.07610649e-11+0.j -4.88392274e-07+0.j  3.39972657e-11+0.j
   7.90952534e-02+0.j  3.80839783e-11+0.j]
 [ 4.82731727e-13+0.j  4.99999992e-01+0.j -1.76452595e-12+0.j
   4.20049770e-01+0.j -4.79947043e-14+0.j  8.07561533e-09+0.j
   9.49953942e-13+0.j -1.69644925e-01+0.j -8.87180392e-14+0.j
  -4.63354686e-09+0.j  1.01752481e-12+0.j  1.13612715e-01+0.j
   8.16308589e-12+0.j  1.59992278e-07+0.j  6.63056191e-11+0.j
  -9.02593439e-02+0.j  2.78259611e-11+0.j  7.64689427e-08+0.j
   6.82529764e-11+0.j  7.90953759e-02+0.j]
 [ 4.20049753e-01+0.j -1.76452594e-12+0.j  4.99999995e-01+0.j
   2.62908939e-14+0.j  2.44638155e-01+0.j -2.47659151e-13+0.j
   5.78013686e-09+0.j -1.25509745e-15+0.j -5.25418527e-02+0.j
   1.68010566e-12+0.j -4.83496563e-10+0.j -2.44879021e-12+0.j
   2.04336103e-02+0.j -1.15811692e-11+0.j  3.79296325e-07+0.j
  -3.13478308e-11+0.j -7.78944270e-03+0.j -7.96629217e-11+0.j
   4.54389808e-07+0.j -2.71602047e-11+0.j]
 [ 5.73981747e-13+0.j  4.20049770e-01+0.j  2.62908997e-14+0.j
   4.99999995e-01+0.j -2.53517651e-13+0.j  2.44638150e-01+0.j
  -2.43498244e-13+0.j  5.92675832e-09+0.j  1.40793026e-12+0.j
  -5.25418348e-02+0.j -8.66371409e-13+0.j -7.39352832e-08+0.j
  -3.32699280e-11+0.j  2.04337858e-02+0.j -3.47244141e-11+0.j
  -1.97021510e-07+0.j -1.39406633e-10+0.j -7.78966408e-03+0.j
  -3.61961774e-11+0.j -3.10662538e-08+0.j]
 [ 1.58827118e-08+0.j -4.79947068e-14+0.j  2.44638155e-01+0.j
  -2.53517645e-13+0.j  4.99999985e-01+0.j  5.64800320e-14+0.j
   3.68901819e-01+0.j  9.92511931e-13+0.j  1.61518576e-08+0.j
  -2.00227849e-13+0.j -1.50691541e-01+0.j -2.21186452e-12+0.j
  -1.04567498e-07+0.j  1.12599483e-11+0.j  1.06793813e-01+0.j
   3.79181809e-11+0.j -2.63162584e-07+0.j  3.73088934e-11+0.j
  -9.02596730e-02+0.j  4.59899916e-11+0.j]
 [-5.95161863e-14+0.j  8.07561558e-09+0.j -2.47659166e-13+0.j
   2.44638150e-01+0.j  5.64800362e-14+0.j  4.99999995e-01+0.j
   9.96295156e-13+0.j  3.68901797e-01+0.j -2.34578225e-13+0.j
   1.30217963e-08+0.j  9.11114670e-13+0.j -1.50691419e-01+0.j
   1.11647183e-11+0.j  8.83259162e-08+0.j  7.32906853e-11+0.j
   1.06793949e-01+0.j  4.41172744e-11+0.j  8.22081638e-08+0.j
   7.95037060e-11+0.j -9.02591848e-02+0.j]
 [-1.69644915e-01+0.j  9.49953925e-13+0.j  5.78013686e-09+0.j
  -2.43498241e-13+0.j  3.68901819e-01+0.j  9.96295159e-13+0.j
   4.99999994e-01+0.j -1.54127661e-14+0.j  2.65844003e-01+0.j
   3.51304037e-13+0.j  1.55973751e-08+0.j -1.02772116e-12+0.j
  -6.05992898e-02+0.j -4.56385021e-12+0.j  4.66645709e-08+0.j
  -1.43385537e-11+0.j  2.04340610e-02+0.j -3.05414200e-11+0.j
  -5.40536584e-08+0.j -1.17240941e-11+0.j]
 [-1.09125881e-13+0.j -1.69644925e-01+0.j -1.25511232e-15+0.j
   5.92675834e-09+0.j  9.92511945e-13+0.j  3.68901797e-01+0.j
  -1.54127670e-14+0.j  4.99999999e-01+0.j  3.19517041e-13+0.j
   2.65843987e-01+0.j -4.53958117e-13+0.j -9.04071592e-09+0.j
  -1.04062495e-11+0.j -6.05993580e-02+0.j -1.59595833e-11+0.j
  -1.84203711e-08+0.j -4.91534026e-11+0.j  2.04336846e-02+0.j
  -1.80316660e-11+0.j -3.40300025e-08+0.j]
 [-1.13606070e-08+0.j -8.87180361e-14+0.j -5.25418527e-02+0.j
   1.40793024e-12+0.j  1.61518578e-08+0.j -2.34578227e-13+0.j
   2.65844003e-01+0.j  3.19517024e-13+0.j  4.99999994e-01+0.j
  -3.72353297e-13+0.j  3.60953125e-01+0.j  1.91454766e-13+0.j
  -4.13754156e-09+0.j  1.63195523e-12+0.j -1.50691508e-01+0.j
   6.36801100e-12+0.j  6.50784797e-08+0.j  4.29439855e-12+0.j
   1.13612617e-01+0.j  7.32154871e-12+0.j]
 [ 9.42798151e-14+0.j -4.63354694e-09+0.j  1.68010567e-12+0.j
  -5.25418348e-02+0.j -2.00227855e-13+0.j  1.30217965e-08+0.j
   3.51304036e-13+0.j  2.65843987e-01+0.j -3.72353282e-13+0.j
   4.99999996e-01+0.j  1.23777646e-13+0.j  3.60953126e-01+0.j
   1.86025975e-12+0.j -2.56488565e-09+0.j  6.87546922e-12+0.j
  -1.50691607e-01+0.j  5.12883914e-12+0.j  9.18114062e-09+0.j
   7.50569585e-12+0.j  1.13612405e-01+0.j]
 [ 1.13612500e-01+0.j  1.01752482e-12+0.j -4.83496581e-10+0.j
  -8.66371440e-13+0.j -1.50691541e-01+0.j  9.11114647e-13+0.j
   1.55973753e-08+0.j -4.53958143e-13+0.j  3.60953125e-01+0.j
   1.23777650e-13+0.j  5.00000007e-01+0.j -1.16069801e-13+0.j
   2.65844002e-01+0.j -5.02404334e-14+0.j -2.40688878e-08+0.j
  -5.08601712e-13+0.j -5.25418467e-02+0.j  1.23062126e-12+0.j
   4.60985845e-09+0.j -9.38470084e-13+0.j]
 [-1.95191836e-12+0.j  1.13612715e-01+0.j -2.44879020e-12+0.j
  -7.39352833e-08+0.j -2.21186451e-12+0.j -1.50691419e-01+0.j
  -1.02772116e-12+0.j -9.04071568e-09+0.j  1.91454748e-13+0.j
   3.60953126e-01+0.j -1.16069841e-13+0.j  5.00000002e-01+0.j
  -2.06469100e-13+0.j  2.65844022e-01+0.j  1.37360614e-12+0.j
  -9.05894516e-09+0.j  1.48575230e-12+0.j -5.25418623e-02+0.j
   1.84763199e-12+0.j  9.45458319e-09+0.j]
 [-6.21194170e-08+0.j  8.16308589e-12+0.j  2.04336103e-02+0.j
  -3.32699280e-11+0.j -1.04567498e-07+0.j  1.11647183e-11+0.j
  -6.05992898e-02+0.j -1.04062495e-11+0.j -4.13754163e-09+0.j
   1.86025979e-12+0.j  2.65844002e-01+0.j -2.06469095e-13+0.j
   5.00000004e-01+0.j -3.61723794e-13+0.j  3.68901806e-01+0.j
  -9.65847125e-13+0.j -9.08643418e-09+0.j  8.56755531e-13+0.j
  -1.69644902e-01+0.j -1.66226189e-12+0.j]
 [ 9.46349890e-12+0.j  1.59992278e-07+0.j -1.15811692e-11+0.j
   2.04337858e-02+0.j  1.12599483e-11+0.j  8.83259161e-08+0.j
  -4.56385024e-12+0.j -6.05993580e-02+0.j  1.63195523e-12+0.j
  -2.56488565e-09+0.j -5.02404298e-14+0.j  2.65844022e-01+0.j
  -3.61723793e-13+0.j  5.00000007e-01+0.j -7.99251635e-14+0.j
   3.68901824e-01+0.j -1.25847316e-12+0.j -4.71058776e-09+0.j
  -2.34587704e-13+0.j -1.69644896e-01+0.j]
 [-9.02590828e-02+0.j  6.63056191e-11+0.j  3.79296325e-07+0.j
  -3.47244141e-11+0.j  1.06793813e-01+0.j  7.32906852e-11+0.j
   4.66645708e-08+0.j -1.59595833e-11+0.j -1.50691508e-01+0.j
   6.87546930e-12+0.j -2.40688875e-08+0.j  1.37360611e-12+0.j
   3.68901806e-01+0.j -7.99251541e-14+0.j  5.00000011e-01+0.j
  -1.03236487e-12+0.j  2.44638152e-01+0.j  9.53408353e-14+0.j
  -1.32495706e-08+0.j  1.35662632e-13+0.j]
 [ 3.07610649e-11+0.j -9.02593439e-02+0.j -3.13478308e-11+0.j
  -1.97021510e-07+0.j  3.79181809e-11+0.j  1.06793949e-01+0.j
  -1.43385538e-11+0.j -1.84203712e-08+0.j  6.36801097e-12+0.j
  -1.50691607e-01+0.j -5.08601682e-13+0.j -9.05894507e-09+0.j
  -9.65847138e-13+0.j  3.68901824e-01+0.j -1.03236489e-12+0.j
   5.00000013e-01+0.j -6.29794753e-14+0.j  2.44638156e-01+0.j
  -5.44120836e-13+0.j -7.48857041e-09+0.j]
 [-4.88392274e-07+0.j  2.78259611e-11+0.j -7.78944270e-03+0.j
  -1.39406633e-10+0.j -2.63162584e-07+0.j  4.41172743e-11+0.j
   2.04340610e-02+0.j -4.91534026e-11+0.j  6.50784797e-08+0.j
   5.12883928e-12+0.j -5.25418467e-02+0.j  1.48575227e-12+0.j
  -9.08643408e-09+0.j -1.25847317e-12+0.j  2.44638152e-01+0.j
  -6.29794503e-14+0.j  5.00000004e-01+0.j  2.07840086e-13+0.j
   4.20049758e-01+0.j  5.81844873e-13+0.j]
 [ 3.39972657e-11+0.j  7.64689427e-08+0.j -7.96629217e-11+0.j
  -7.78966408e-03+0.j  3.73088933e-11+0.j  8.22081638e-08+0.j
  -3.05414201e-11+0.j  2.04336846e-02+0.j  4.29439852e-12+0.j
   9.18114056e-09+0.j  1.23062127e-12+0.j -5.25418623e-02+0.j
   8.56755556e-13+0.j -4.71058776e-09+0.j  9.53407940e-14+0.j
   2.44638156e-01+0.j  2.07840081e-13+0.j  5.00000005e-01+0.j
  -2.44765954e-13+0.j  4.20049741e-01+0.j]
 [ 7.90952534e-02+0.j  6.82529764e-11+0.j  4.54389808e-07+0.j
  -3.61961774e-11+0.j -9.02596730e-02+0.j  7.95037060e-11+0.j
  -5.40536583e-08+0.j -1.80316660e-11+0.j  1.13612617e-01+0.j
   7.50569597e-12+0.j  4.60985827e-09+0.j  1.84763198e-12+0.j
  -1.69644902e-01+0.j -2.34587724e-13+0.j -1.32495708e-08+0.j
  -5.44120822e-13+0.j  4.20049758e-01+0.j -2.44765952e-13+0.j
   5.00000024e-01+0.j  1.12783361e-12+0.j]
 [ 3.80839784e-11+0.j  7.90953759e-02+0.j -2.71602046e-11+0.j
  -3.10662538e-08+0.j  4.59899916e-11+0.j -9.02591848e-02+0.j
  -1.17240942e-11+0.j -3.40300024e-08+0.j  7.32154871e-12+0.j
   1.13612405e-01+0.j -9.38470065e-13+0.j  9.45458312e-09+0.j
  -1.66226183e-12+0.j -1.69644896e-01+0.j  1.35662618e-13+0.j
  -7.48857045e-09+0.j  5.81844888e-13+0.j  4.20049741e-01+0.j
   1.12783362e-12+0.j  4.99999996e-01+0.j]]
W= [0.19162832+0.j 0.20984443+0.j 0.21024954+0.j 0.21239984+0.j
 0.21238176+0.j 0.21238177+0.j 0.21239984+0.j 0.21024956+0.j
 0.20984444+0.j 0.19162835+0.j]
local approximation with  1 sites
local interactions on sites [[0], [1], [2], [3], [4], [5], [6], [7], [8], [9]]
Functional for interaction on sites [0]
aca-directory for images already exists
aca-directory for images already exists
aca-directory for images already exists
interacting orbitals: [0, 1]
mapping: [0, 1, 2, 3, 4, 5, 6, 7, 8, 9, 10, 11, 12, 13, 14, 15, 16, 17, 18, 19]
aca-directory for images already exists
aca-directory for images already exists
aca-directory for images already exists
orbinteractaca= [0, 1]
aca-directory for images already exists
aca-directory for images already exists
aca-directory for images already exists
aca-directory for images already exists
aca-directory for images already exists
aca-directory for images already exists
aca-directory for images already exists
aca-directory for images already exists
aca-directory for images already exists
aca-directory for images already exists
aca-directory for images already exists
aca-directory for images already exists
aca-directory for images already exists
aca-directory for images already exists
aca-directory for images already exists
aca-directory for images already exists
aca-directory for images already exists
aca-directory for images already exists
aca-directory for images already exists
aca-directory for images already exists
aca-directory for images already exists
aca-directory for images already exists
aca-directory for images already exists
aca-directory for images already exists
aca-directory for images already exists
aca-directory for images already exists
aca-directory for images already exists
aca-directory for images already exists
aca-directory for images already exists
aca-directory for images already exists
aca-directory for images already exists
aca-directory for images already exists
aca-directory for images already exists
aca-directory for images already exists
aca-directory for images already exists
aca-directory for images already exists
aca-directory for images already exists
aca-directory for images already exists
aca-directory for images already exists
aca-directory for images already exists
aca-directory for images already exists
aca-directory for images already exists
aca-directory for images already exists
aca-directory for images already exists
aca-directory for images already exists
aca-directory for images already exists
aca-directory for images already exists
aca-directory for images already exists
aca-directory for images already exists
aca-directory for images already exists
aca-directory for images already exists
aca-directory for images already exists
aca-directory for images already exists
aca-directory for images already exists
aca-directory for images already exists
aca-directory for images already exists
aca-directory for images already exists
aca: level 9  norb= 20
Daca= [[ 4.99999982e-01+0.j  4.82731736e-13+0.j -4.82215464e-01+0.j
  -1.59393864e-27+0.j  1.26359400e-24+0.j -2.95940005e-30+0.j
   3.14361761e-18+0.j  3.33419659e-28+0.j -2.45327361e-24+0.j
   3.25640224e-29+0.j  3.28698105e-17+0.j  4.40035417e-28+0.j
  -1.42902042e-23+0.j  2.37297968e-27+0.j  1.98706418e-19+0.j
   3.71114045e-27+0.j -6.72521927e-23+0.j  9.59575824e-28+0.j
  -5.73014248e-18+0.j  2.94120793e-27+0.j]
 [ 4.82731727e-13+0.j  4.99999992e-01+0.j  2.27969471e-12+0.j
  -4.82215601e-01+0.j  3.05878924e-30+0.j -5.34932881e-25+0.j
  -9.78174815e-29+0.j  3.53511702e-17+0.j -3.64698342e-30+0.j
  -4.93865133e-25+0.j -9.31567272e-29+0.j -5.84009141e-18+0.j
  -3.39726427e-27+0.j -8.77308285e-24+0.j  6.92318370e-27+0.j
  -5.07966660e-18+0.j -3.90728665e-27+0.j -1.94426925e-23+0.j
   2.71235034e-27+0.j -6.67413612e-19+0.j]
 [-4.82215464e-01+0.j  2.27969470e-12+0.j  5.00000019e-01+0.j
   7.34527038e-13+0.j  1.60866317e-02+0.j  7.75413960e-29+0.j
   2.23238008e-24+0.j  1.13090705e-29+0.j  1.07205567e-18+0.j
  -9.47501056e-29+0.j -8.20393722e-25+0.j  2.96813462e-29+0.j
  -2.87822657e-19+0.j -2.29587768e-29+0.j -3.91116733e-24+0.j
   4.34857220e-29+0.j  7.59746379e-19+0.j -1.18875983e-27+0.j
  -1.19315890e-24+0.j  4.29731007e-28+0.j]
 [-3.05927320e-21+0.j -4.82215601e-01+0.j  7.34527057e-13+0.j
   5.00000025e-01+0.j  6.33171412e-12+0.j  1.60864951e-02+0.j
  -1.04134612e-29+0.j -1.90566980e-25+0.j -6.56119440e-29+0.j
   1.95149070e-19+0.j -8.64163456e-29+0.j -8.82506043e-25+0.j
   1.78697237e-28+0.j  3.74670898e-19+0.j  4.92490738e-28+0.j
  -5.38219648e-25+0.j  2.12733683e-27+0.j -3.19156615e-19+0.j
   9.52763815e-29+0.j -1.25206962e-24+0.j]
 [ 1.47451721e-17+0.j -2.44583459e-21+0.j  1.60866317e-02+0.j
   6.33171413e-12+0.j  4.99999904e-01+0.j -7.57348838e-11+0.j
   4.80797727e-01+0.j  1.57680937e-26+0.j -3.58436297e-23+0.j
  -2.25908938e-28+0.j  5.64425389e-18+0.j -1.89293469e-27+0.j
  -3.46377187e-23+0.j -7.11896041e-29+0.j -1.56216302e-17+0.j
  -2.47723629e-26+0.j  7.55350259e-23+0.j  4.63590899e-26+0.j
   3.11489582e-17+0.j  2.37295408e-26+0.j]
 [ 4.11473683e-22+0.j  2.49800187e-16+0.j -1.93720543e-20+0.j
   1.60864951e-02+0.j -7.57348838e-11+0.j  4.99999795e-01+0.j
  -1.02468181e-12+0.j  4.80797538e-01+0.j -2.56503930e-27+0.j
   1.34654086e-23+0.j -4.93583259e-27+0.j  3.18907793e-17+0.j
  -2.27706573e-27+0.j -6.37748426e-23+0.j  7.29892606e-27+0.j
  -4.87589212e-17+0.j  1.59874989e-26+0.j  4.29304935e-23+0.j
   5.00235900e-26+0.j  2.40211899e-17+0.j]
 [-2.61806952e-16+0.j -1.25756768e-20+0.j  1.24665393e-16+0.j
  -8.47836214e-22+0.j  4.80797727e-01+0.j -1.02468179e-12+0.j
   5.00000100e-01+0.j  7.42951180e-11+0.j  8.42229803e-03+0.j
  -4.52417734e-28+0.j  4.67261203e-25+0.j -9.18097258e-29+0.j
  -1.30172612e-18+0.j -2.07629669e-27+0.j  1.28166583e-23+0.j
   2.82645028e-27+0.j  7.90498129e-19+0.j -3.21285304e-27+0.j
   7.37541410e-24+0.j  6.76666649e-28+0.j]
 [-6.30333511e-21+0.j -1.94105825e-16+0.j  8.34598396e-21+0.j
   1.33170868e-16+0.j -7.02661240e-21+0.j  4.80797538e-01+0.j
   7.42951180e-11+0.j  5.00000183e-01+0.j -1.07031807e-11+0.j
   8.42238983e-03+0.j -1.01276127e-28+0.j -1.25074315e-24+0.j
   1.00888548e-27+0.j  1.13156947e-18+0.j  1.21241320e-27+0.j
   1.35222430e-25+0.j  1.18850643e-27+0.j -1.52280509e-18+0.j
   1.78249845e-28+0.j  1.59011781e-24+0.j]
 [-9.19403611e-17+0.j  3.05580573e-21+0.j  4.62929699e-16+0.j
   9.36804771e-21+0.j -2.41405649e-16+0.j  1.10649508e-20+0.j
   8.42229803e-03+0.j -1.07031807e-11+0.j  5.00000732e-01+0.j
   1.85125845e-10+0.j  4.88995538e-01+0.j -8.67166163e-26+0.j
  -6.88247534e-23+0.j -3.65261252e-26+0.j  6.19600453e-17+0.j
   1.15134650e-25+0.j -5.78025037e-22+0.j -1.12087412e-25+0.j
  -5.78436075e-17+0.j  1.28605121e-25+0.j]
 [-1.67520854e-21+0.j -7.54604754e-17+0.j  4.67164111e-21+0.j
  -1.81226208e-16+0.j -8.50444487e-21+0.j -1.49662105e-16+0.j
  -1.92888272e-21+0.j  8.42238983e-03+0.j  1.85125845e-10+0.j
   4.99999140e-01+0.j  9.10060445e-12+0.j  4.88995603e-01+0.j
  -1.92533067e-26+0.j  4.59089179e-23+0.j -1.61833875e-25+0.j
  -1.14839712e-16+0.j -1.60019075e-25+0.j -2.78129170e-22+0.j
  -1.82205490e-26+0.j  2.35517960e-16+0.j]
 [-5.26500545e-17+0.j  4.52098252e-21+0.j  7.77893856e-18+0.j
   1.97810715e-21+0.j -1.73380521e-17+0.j  1.87413741e-20+0.j
   6.61579196e-17+0.j  5.37344255e-20+0.j  4.88995538e-01+0.j
   9.10060451e-12+0.j  4.99999241e-01+0.j -1.86008216e-10+0.j
   3.20468789e-03+0.j  1.94217235e-28+0.j -1.79176138e-24+0.j
  -1.24038510e-27+0.j  4.14036161e-19+0.j -1.44848421e-28+0.j
  -2.02543015e-25+0.j -2.61472152e-29+0.j]
 [-3.17887183e-20+0.j  2.59951430e-16+0.j  1.24592904e-20+0.j
   7.92215741e-17+0.j -3.00206862e-21+0.j -8.49880870e-17+0.j
  -3.24995396e-20+0.j -8.85828308e-17+0.j -2.87314997e-21+0.j
   4.88995603e-01+0.j -1.86008217e-10+0.j  5.00000877e-01+0.j
   5.05056192e-12+0.j  3.20487551e-03+0.j  5.55198007e-28+0.j
  -2.35879513e-25+0.j  6.55058558e-28+0.j  8.27470303e-19+0.j
  -1.11730189e-27+0.j  1.68949741e-24+0.j]
 [-1.90820547e-17+0.j  6.49851424e-23+0.j -3.35577879e-16+0.j
   2.46382566e-20+0.j  8.16274650e-17+0.j  1.28141916e-20+0.j
  -1.04723488e-16+0.j -3.70706697e-20+0.j  9.11763310e-17+0.j
  -2.32589654e-20+0.j  3.20468789e-03+0.j  5.05056191e-12+0.j
   4.99999091e-01+0.j -3.27268533e-10+0.j -4.92294297e-01+0.j
   1.22361005e-27+0.j  5.09522194e-22+0.j  4.78203743e-26+0.j
  -1.86088616e-16+0.j  1.15028273e-25+0.j]
 [ 1.09338884e-21+0.j -9.02055062e-17+0.j -2.56098493e-20+0.j
  -1.12966462e-16+0.j  2.17412949e-23+0.j  1.26017575e-16+0.j
   8.22682707e-21+0.j  3.70631892e-16+0.j  3.74136533e-20+0.j
   1.72761722e-17+0.j  1.72358172e-21+0.j  3.20487551e-03+0.j
  -3.27268533e-10+0.j  5.00001846e-01+0.j  1.07213392e-11+0.j
  -4.92294456e-01+0.j  3.26914484e-26+0.j -1.41704582e-22+0.j
   3.33685442e-26+0.j  1.59651649e-16+0.j]
 [ 2.39967956e-17+0.j  1.86469354e-20+0.j -1.39137336e-16+0.j
  -2.64695282e-21+0.j -4.75491396e-16+0.j  7.00514275e-20+0.j
   2.46562526e-16+0.j -2.33820081e-20+0.j -8.29129309e-17+0.j
  -4.23136083e-20+0.j -1.56996614e-16+0.j  9.28022323e-21+0.j
  -4.92294297e-01+0.j  1.07213393e-11+0.j  5.00000957e-01+0.j
   3.30601338e-10+0.j -1.29272235e-03+0.j  7.58405261e-29+0.j
   7.15365162e-26+0.j -2.70440258e-29+0.j]
 [ 3.06540234e-20+0.j -2.77355144e-16+0.j -4.57407817e-20+0.j
  -1.61578767e-16+0.j  1.91068718e-20+0.j -4.46793941e-16+0.j
   2.85413750e-20+0.j  1.85495844e-16+0.j  4.96077204e-20+0.j
  -8.37158217e-17+0.j  6.62857728e-20+0.j -1.76307353e-17+0.j
   9.25363237e-21+0.j -4.92294456e-01+0.j  3.30601338e-10+0.j
   4.99998144e-01+0.j  1.60101547e-12+0.j -1.29271450e-03+0.j
  -3.29102018e-29+0.j  1.57203413e-26+0.j]
 [-1.56132200e-17+0.j  4.52896704e-20+0.j  1.34577268e-16+0.j
   2.31510522e-21+0.j -7.79289436e-17+0.j  9.50600503e-20+0.j
   3.53569327e-16+0.j -4.86103179e-20+0.j  3.87507783e-17+0.j
  -3.14617003e-20+0.j -6.70898486e-17+0.j  1.93799909e-20+0.j
  -3.94262148e-17+0.j -8.01957208e-20+0.j -1.29272235e-03+0.j
   1.60101546e-12+0.j  5.00006928e-01+0.j  7.02930371e-10+0.j
  -4.93673467e-01+0.j  0.00000000e+00+0.j]
 [ 4.08065332e-20+0.j -1.38777292e-17+0.j -8.19785211e-20+0.j
  -3.62892846e-17+0.j  4.22708969e-20+0.j -7.60621377e-17+0.j
   5.90590296e-20+0.j  6.59736723e-17+0.j  3.82042877e-20+0.j
   1.06043082e-16+0.j  6.82211308e-20+0.j -4.48999065e-17+0.j
  -4.98430695e-21+0.j  4.66511167e-17+0.j  1.32060212e-20+0.j
  -1.29271450e-03+0.j  7.02930370e-10+0.j  5.00005277e-01+0.j
  -4.87172120e-12+0.j  4.93673302e-01+0.j]
 [ 2.30231694e-17+0.j  5.09908861e-20+0.j  7.32484220e-17+0.j
   3.58137428e-21+0.j  4.20854491e-16+0.j  7.30705006e-20+0.j
  -1.30607814e-16+0.j -1.90131905e-20+0.j  1.33615669e-16+0.j
  -1.69051217e-20+0.j  1.42721815e-16+0.j -5.07779915e-21+0.j
   4.56668713e-17+0.j  4.92021690e-20+0.j -6.03869449e-17+0.j
   2.32177488e-20+0.j -4.93673467e-01+0.j -4.87172126e-12+0.j
   4.99993045e-01+0.j  7.05155475e-10+0.j]
 [ 2.25185417e-20+0.j  1.64469206e-16+0.j -7.77176934e-20+0.j
   1.46769972e-16+0.j  3.89677483e-20+0.j  2.73258091e-16+0.j
   4.19487545e-20+0.j -7.99679240e-17+0.j  6.97277928e-20+0.j
   1.60379536e-17+0.j  3.93330476e-20+0.j  1.18055498e-16+0.j
  -3.65172616e-20+0.j -1.80674086e-16+0.j  3.04526334e-20+0.j
  -3.34448506e-17+0.j -5.85323341e-21+0.j  4.93673302e-01+0.j
   7.05155475e-10+0.j  4.99994721e-01+0.j]]
rounding Naca1 to integer
rounding Naca2 to integer
Naca= (5, 5)
nq= 20
variational state:
        ┌──────────┐┌───────────┐┌───┐     ┌───────────┐┌───────────┐»
 q0_0: ─┤ Ry(y[0]) ├┤ Rz(y[20]) ├┤ X ├──■──┤ Ry(y[40]) ├┤ Rz(y[60]) ├»
        ├──────────┤├───────────┤└─┬─┘┌─┴─┐└───────────┘├───────────┤»
 q0_1: ─┤ Ry(y[1]) ├┤ Rz(y[21]) ├──┼──┤ X ├──────■──────┤ Ry(y[41]) ├»
        ├──────────┤├───────────┤  │  └───┘    ┌─┴─┐    └───────────┘»
 q0_2: ─┤ Ry(y[2]) ├┤ Rz(y[22]) ├──┼───────────┤ X ├──────────■──────»
        ├──────────┤├───────────┤  │           └───┘        ┌─┴─┐    »
 q0_3: ─┤ Ry(y[3]) ├┤ Rz(y[23]) ├──┼────────────────────────┤ X ├────»
        ├──────────┤├───────────┤  │                        └───┘    »
 q0_4: ─┤ Ry(y[4]) ├┤ Rz(y[24]) ├──┼─────────────────────────────────»
        ├──────────┤├───────────┤  │                                 »
 q0_5: ─┤ Ry(y[5]) ├┤ Rz(y[25]) ├──┼─────────────────────────────────»
        ├──────────┤├───────────┤  │                                 »
 q0_6: ─┤ Ry(y[6]) ├┤ Rz(y[26]) ├──┼─────────────────────────────────»
        ├──────────┤├───────────┤  │                                 »
 q0_7: ─┤ Ry(y[7]) ├┤ Rz(y[27]) ├──┼─────────────────────────────────»
        ├──────────┤├───────────┤  │                                 »
 q0_8: ─┤ Ry(y[8]) ├┤ Rz(y[28]) ├──┼─────────────────────────────────»
        ├──────────┤├───────────┤  │                                 »
 q0_9: ─┤ Ry(y[9]) ├┤ Rz(y[29]) ├──┼─────────────────────────────────»
       ┌┴──────────┤├───────────┤  │                                 »
q0_10: ┤ Ry(y[10]) ├┤ Rz(y[30]) ├──┼─────────────────────────────────»
       ├───────────┤├───────────┤  │                                 »
q0_11: ┤ Ry(y[11]) ├┤ Rz(y[31]) ├──┼─────────────────────────────────»
       ├───────────┤├───────────┤  │                                 »
q0_12: ┤ Ry(y[12]) ├┤ Rz(y[32]) ├──┼─────────────────────────────────»
       ├───────────┤├───────────┤  │                                 »
q0_13: ┤ Ry(y[13]) ├┤ Rz(y[33]) ├──┼─────────────────────────────────»
       ├───────────┤├───────────┤  │                                 »
q0_14: ┤ Ry(y[14]) ├┤ Rz(y[34]) ├──┼─────────────────────────────────»
       ├───────────┤├───────────┤  │                                 »
q0_15: ┤ Ry(y[15]) ├┤ Rz(y[35]) ├──┼─────────────────────────────────»
       ├───────────┤├───────────┤  │                                 »
q0_16: ┤ Ry(y[16]) ├┤ Rz(y[36]) ├──┼─────────────────────────────────»
       ├───────────┤├───────────┤  │                                 »
q0_17: ┤ Ry(y[17]) ├┤ Rz(y[37]) ├──┼─────────────────────────────────»
       ├───────────┤├───────────┤  │                                 »
q0_18: ┤ Ry(y[18]) ├┤ Rz(y[38]) ├──┼─────────────────────────────────»
       ├───────────┤├───────────┤  │                                 »
q0_19: ┤ Ry(y[19]) ├┤ Rz(y[39]) ├──■─────────────────────────────────»
       └───────────┘└───────────┘                                    »
c0: 20/══════════════════════════════════════════════════════════════»
                                                                     »
«                                                                        »
« q0_0: ─────────────────────────────────────────────────────────────────»
«       ┌───────────┐                                                    »
« q0_1: ┤ Rz(y[61]) ├────────────────────────────────────────────────────»
«       ├───────────┤┌───────────┐                                       »
« q0_2: ┤ Ry(y[42]) ├┤ Rz(y[62]) ├───────────────────────────────────────»
«       └───────────┘├───────────┤┌───────────┐                          »
« q0_3: ──────■──────┤ Ry(y[43]) ├┤ Rz(y[63]) ├──────────────────────────»
«           ┌─┴─┐    └───────────┘├───────────┤┌───────────┐             »
« q0_4: ────┤ X ├──────────■──────┤ Ry(y[44]) ├┤ Rz(y[64]) ├─────────────»
«           └───┘        ┌─┴─┐    └───────────┘├───────────┤┌───────────┐»
« q0_5: ─────────────────┤ X ├──────────■──────┤ Ry(y[45]) ├┤ Rz(y[65]) ├»
«                        └───┘        ┌─┴─┐    └───────────┘├───────────┤»
« q0_6: ──────────────────────────────┤ X ├──────────■──────┤ Ry(y[46]) ├»
«                                     └───┘        ┌─┴─┐    └───────────┘»
« q0_7: ───────────────────────────────────────────┤ X ├──────────■──────»
«                                                  └───┘        ┌─┴─┐    »
« q0_8: ────────────────────────────────────────────────────────┤ X ├────»
«                                                               └───┘    »
« q0_9: ─────────────────────────────────────────────────────────────────»
«                                                                        »
«q0_10: ─────────────────────────────────────────────────────────────────»
«                                                                        »
«q0_11: ─────────────────────────────────────────────────────────────────»
«                                                                        »
«q0_12: ─────────────────────────────────────────────────────────────────»
«                                                                        »
«q0_13: ─────────────────────────────────────────────────────────────────»
«                                                                        »
«q0_14: ─────────────────────────────────────────────────────────────────»
«                                                                        »
«q0_15: ─────────────────────────────────────────────────────────────────»
«                                                                        »
«q0_16: ─────────────────────────────────────────────────────────────────»
«                                                                        »
«q0_17: ─────────────────────────────────────────────────────────────────»
«                                                                        »
«q0_18: ─────────────────────────────────────────────────────────────────»
«                                                                        »
«q0_19: ─────────────────────────────────────────────────────────────────»
«                                                                        »
«c0: 20/═════════════════════════════════════════════════════════════════»
«                                                                        »
«                                                                        »
« q0_0: ─────────────────────────────────────────────────────────────────»
«                                                                        »
« q0_1: ─────────────────────────────────────────────────────────────────»
«                                                                        »
« q0_2: ─────────────────────────────────────────────────────────────────»
«                                                                        »
« q0_3: ─────────────────────────────────────────────────────────────────»
«                                                                        »
« q0_4: ─────────────────────────────────────────────────────────────────»
«                                                                        »
« q0_5: ─────────────────────────────────────────────────────────────────»
«       ┌───────────┐                                                    »
« q0_6: ┤ Rz(y[66]) ├────────────────────────────────────────────────────»
«       ├───────────┤┌───────────┐                                       »
« q0_7: ┤ Ry(y[47]) ├┤ Rz(y[67]) ├───────────────────────────────────────»
«       └───────────┘├───────────┤┌───────────┐                          »
« q0_8: ──────■──────┤ Ry(y[48]) ├┤ Rz(y[68]) ├──────────────────────────»
«           ┌─┴─┐    └───────────┘├───────────┤┌───────────┐             »
« q0_9: ────┤ X ├──────────■──────┤ Ry(y[49]) ├┤ Rz(y[69]) ├─────────────»
«           └───┘        ┌─┴─┐    └───────────┘├───────────┤┌───────────┐»
«q0_10: ─────────────────┤ X ├──────────■──────┤ Ry(y[50]) ├┤ Rz(y[70]) ├»
«                        └───┘        ┌─┴─┐    └───────────┘├───────────┤»
«q0_11: ──────────────────────────────┤ X ├──────────■──────┤ Ry(y[51]) ├»
«                                     └───┘        ┌─┴─┐    └───────────┘»
«q0_12: ───────────────────────────────────────────┤ X ├──────────■──────»
«                                                  └───┘        ┌─┴─┐    »
«q0_13: ────────────────────────────────────────────────────────┤ X ├────»
«                                                               └───┘    »
«q0_14: ─────────────────────────────────────────────────────────────────»
«                                                                        »
«q0_15: ─────────────────────────────────────────────────────────────────»
«                                                                        »
«q0_16: ─────────────────────────────────────────────────────────────────»
«                                                                        »
«q0_17: ─────────────────────────────────────────────────────────────────»
«                                                                        »
«q0_18: ─────────────────────────────────────────────────────────────────»
«                                                                        »
«q0_19: ─────────────────────────────────────────────────────────────────»
«                                                                        »
«c0: 20/═════════════════════════════════════════════════════════════════»
«                                                                        »
«                                                                        »
« q0_0: ─────────────────────────────────────────────────────────────────»
«                                                                        »
« q0_1: ─────────────────────────────────────────────────────────────────»
«                                                                        »
« q0_2: ─────────────────────────────────────────────────────────────────»
«                                                                        »
« q0_3: ─────────────────────────────────────────────────────────────────»
«                                                                        »
« q0_4: ─────────────────────────────────────────────────────────────────»
«                                                                        »
« q0_5: ─────────────────────────────────────────────────────────────────»
«                                                                        »
« q0_6: ─────────────────────────────────────────────────────────────────»
«                                                                        »
« q0_7: ─────────────────────────────────────────────────────────────────»
«                                                                        »
« q0_8: ─────────────────────────────────────────────────────────────────»
«                                                                        »
« q0_9: ─────────────────────────────────────────────────────────────────»
«                                                                        »
«q0_10: ─────────────────────────────────────────────────────────────────»
«       ┌───────────┐                                                    »
«q0_11: ┤ Rz(y[71]) ├────────────────────────────────────────────────────»
«       ├───────────┤┌───────────┐                                       »
«q0_12: ┤ Ry(y[52]) ├┤ Rz(y[72]) ├───────────────────────────────────────»
«       └───────────┘├───────────┤┌───────────┐                          »
«q0_13: ──────■──────┤ Ry(y[53]) ├┤ Rz(y[73]) ├──────────────────────────»
«           ┌─┴─┐    └───────────┘├───────────┤┌───────────┐             »
«q0_14: ────┤ X ├──────────■──────┤ Ry(y[54]) ├┤ Rz(y[74]) ├─────────────»
«           └───┘        ┌─┴─┐    └───────────┘├───────────┤┌───────────┐»
«q0_15: ─────────────────┤ X ├──────────■──────┤ Ry(y[55]) ├┤ Rz(y[75]) ├»
«                        └───┘        ┌─┴─┐    └───────────┘├───────────┤»
«q0_16: ──────────────────────────────┤ X ├──────────■──────┤ Ry(y[56]) ├»
«                                     └───┘        ┌─┴─┐    └───────────┘»
«q0_17: ───────────────────────────────────────────┤ X ├──────────■──────»
«                                                  └───┘        ┌─┴─┐    »
«q0_18: ────────────────────────────────────────────────────────┤ X ├────»
«                                                               └───┘    »
«q0_19: ─────────────────────────────────────────────────────────────────»
«                                                                        »
«c0: 20/═════════════════════════════════════════════════════════════════»
«                                                                        »
«                                              ┌───┐     ┌───────────┐»
« q0_0: ───────────────────────────────────────┤ X ├──■──┤ Ry(y[80]) ├»
«                                              └─┬─┘┌─┴─┐└───────────┘»
« q0_1: ─────────────────────────────────────────┼──┤ X ├──────■──────»
«                                                │  └───┘    ┌─┴─┐    »
« q0_2: ─────────────────────────────────────────┼───────────┤ X ├────»
«                                                │           └───┘    »
« q0_3: ─────────────────────────────────────────┼────────────────────»
«                                                │                    »
« q0_4: ─────────────────────────────────────────┼────────────────────»
«                                                │                    »
« q0_5: ─────────────────────────────────────────┼────────────────────»
«                                                │                    »
« q0_6: ─────────────────────────────────────────┼────────────────────»
«                                                │                    »
« q0_7: ─────────────────────────────────────────┼────────────────────»
«                                                │                    »
« q0_8: ─────────────────────────────────────────┼────────────────────»
«                                                │                    »
« q0_9: ─────────────────────────────────────────┼────────────────────»
«                                                │                    »
«q0_10: ─────────────────────────────────────────┼────────────────────»
«                                                │                    »
«q0_11: ─────────────────────────────────────────┼────────────────────»
«                                                │                    »
«q0_12: ─────────────────────────────────────────┼────────────────────»
«                                                │                    »
«q0_13: ─────────────────────────────────────────┼────────────────────»
«                                                │                    »
«q0_14: ─────────────────────────────────────────┼────────────────────»
«                                                │                    »
«q0_15: ─────────────────────────────────────────┼────────────────────»
«       ┌───────────┐                            │                    »
«q0_16: ┤ Rz(y[76]) ├────────────────────────────┼────────────────────»
«       ├───────────┤┌───────────┐               │                    »
«q0_17: ┤ Ry(y[57]) ├┤ Rz(y[77]) ├───────────────┼────────────────────»
«       └───────────┘├───────────┤┌───────────┐  │                    »
«q0_18: ──────■──────┤ Ry(y[58]) ├┤ Rz(y[78]) ├──┼────────────────────»
«           ┌─┴─┐    ├───────────┤├───────────┤  │                    »
«q0_19: ────┤ X ├────┤ Ry(y[59]) ├┤ Rz(y[79]) ├──■────────────────────»
«           └───┘    └───────────┘└───────────┘                       »
«c0: 20/══════════════════════════════════════════════════════════════»
«                                                                     »
«       ┌────────────┐                                                        »
« q0_0: ┤ Rz(y[100]) ├────────────────────────────────────────────────────────»
«       ├───────────┬┘┌────────────┐                                          »
« q0_1: ┤ Ry(y[81]) ├─┤ Rz(y[101]) ├──────────────────────────────────────────»
«       └───────────┘ ├───────────┬┘┌────────────┐                            »
« q0_2: ──────■───────┤ Ry(y[82]) ├─┤ Rz(y[102]) ├────────────────────────────»
«           ┌─┴─┐     └───────────┘ ├───────────┬┘┌────────────┐              »
« q0_3: ────┤ X ├───────────■───────┤ Ry(y[83]) ├─┤ Rz(y[103]) ├──────────────»
«           └───┘         ┌─┴─┐     └───────────┘ ├───────────┬┘┌────────────┐»
« q0_4: ──────────────────┤ X ├───────────■───────┤ Ry(y[84]) ├─┤ Rz(y[104]) ├»
«                         └───┘         ┌─┴─┐     └───────────┘ ├───────────┬┘»
« q0_5: ────────────────────────────────┤ X ├───────────■───────┤ Ry(y[85]) ├─»
«                                       └───┘         ┌─┴─┐     └───────────┘ »
« q0_6: ──────────────────────────────────────────────┤ X ├───────────■───────»
«                                                     └───┘         ┌─┴─┐     »
« q0_7: ────────────────────────────────────────────────────────────┤ X ├─────»
«                                                                   └───┘     »
« q0_8: ──────────────────────────────────────────────────────────────────────»
«                                                                             »
« q0_9: ──────────────────────────────────────────────────────────────────────»
«                                                                             »
«q0_10: ──────────────────────────────────────────────────────────────────────»
«                                                                             »
«q0_11: ──────────────────────────────────────────────────────────────────────»
«                                                                             »
«q0_12: ──────────────────────────────────────────────────────────────────────»
«                                                                             »
«q0_13: ──────────────────────────────────────────────────────────────────────»
«                                                                             »
«q0_14: ──────────────────────────────────────────────────────────────────────»
«                                                                             »
«q0_15: ──────────────────────────────────────────────────────────────────────»
«                                                                             »
«q0_16: ──────────────────────────────────────────────────────────────────────»
«                                                                             »
«q0_17: ──────────────────────────────────────────────────────────────────────»
«                                                                             »
«q0_18: ──────────────────────────────────────────────────────────────────────»
«                                                                             »
«q0_19: ──────────────────────────────────────────────────────────────────────»
«                                                                             »
«c0: 20/══════════════════════════════════════════════════════════════════════»
«                                                                             »
«                                                                             »
« q0_0: ──────────────────────────────────────────────────────────────────────»
«                                                                             »
« q0_1: ──────────────────────────────────────────────────────────────────────»
«                                                                             »
« q0_2: ──────────────────────────────────────────────────────────────────────»
«                                                                             »
« q0_3: ──────────────────────────────────────────────────────────────────────»
«                                                                             »
« q0_4: ──────────────────────────────────────────────────────────────────────»
«       ┌────────────┐                                                        »
« q0_5: ┤ Rz(y[105]) ├────────────────────────────────────────────────────────»
«       ├───────────┬┘┌────────────┐                                          »
« q0_6: ┤ Ry(y[86]) ├─┤ Rz(y[106]) ├──────────────────────────────────────────»
«       └───────────┘ ├───────────┬┘┌────────────┐                            »
« q0_7: ──────■───────┤ Ry(y[87]) ├─┤ Rz(y[107]) ├────────────────────────────»
«           ┌─┴─┐     └───────────┘ ├───────────┬┘┌────────────┐              »
« q0_8: ────┤ X ├───────────■───────┤ Ry(y[88]) ├─┤ Rz(y[108]) ├──────────────»
«           └───┘         ┌─┴─┐     └───────────┘ ├───────────┬┘┌────────────┐»
« q0_9: ──────────────────┤ X ├───────────■───────┤ Ry(y[89]) ├─┤ Rz(y[109]) ├»
«                         └───┘         ┌─┴─┐     └───────────┘ ├───────────┬┘»
«q0_10: ────────────────────────────────┤ X ├───────────■───────┤ Ry(y[90]) ├─»
«                                       └───┘         ┌─┴─┐     └───────────┘ »
«q0_11: ──────────────────────────────────────────────┤ X ├───────────■───────»
«                                                     └───┘         ┌─┴─┐     »
«q0_12: ────────────────────────────────────────────────────────────┤ X ├─────»
«                                                                   └───┘     »
«q0_13: ──────────────────────────────────────────────────────────────────────»
«                                                                             »
«q0_14: ──────────────────────────────────────────────────────────────────────»
«                                                                             »
«q0_15: ──────────────────────────────────────────────────────────────────────»
«                                                                             »
«q0_16: ──────────────────────────────────────────────────────────────────────»
«                                                                             »
«q0_17: ──────────────────────────────────────────────────────────────────────»
«                                                                             »
«q0_18: ──────────────────────────────────────────────────────────────────────»
«                                                                             »
«q0_19: ──────────────────────────────────────────────────────────────────────»
«                                                                             »
«c0: 20/══════════════════════════════════════════════════════════════════════»
«                                                                             »
«                                                                             »
« q0_0: ──────────────────────────────────────────────────────────────────────»
«                                                                             »
« q0_1: ──────────────────────────────────────────────────────────────────────»
«                                                                             »
« q0_2: ──────────────────────────────────────────────────────────────────────»
«                                                                             »
« q0_3: ──────────────────────────────────────────────────────────────────────»
«                                                                             »
« q0_4: ──────────────────────────────────────────────────────────────────────»
«                                                                             »
« q0_5: ──────────────────────────────────────────────────────────────────────»
«                                                                             »
« q0_6: ──────────────────────────────────────────────────────────────────────»
«                                                                             »
« q0_7: ──────────────────────────────────────────────────────────────────────»
«                                                                             »
« q0_8: ──────────────────────────────────────────────────────────────────────»
«                                                                             »
« q0_9: ──────────────────────────────────────────────────────────────────────»
«       ┌────────────┐                                                        »
«q0_10: ┤ Rz(y[110]) ├────────────────────────────────────────────────────────»
«       ├───────────┬┘┌────────────┐                                          »
«q0_11: ┤ Ry(y[91]) ├─┤ Rz(y[111]) ├──────────────────────────────────────────»
«       └───────────┘ ├───────────┬┘┌────────────┐                            »
«q0_12: ──────■───────┤ Ry(y[92]) ├─┤ Rz(y[112]) ├────────────────────────────»
«           ┌─┴─┐     └───────────┘ ├───────────┬┘┌────────────┐              »
«q0_13: ────┤ X ├───────────■───────┤ Ry(y[93]) ├─┤ Rz(y[113]) ├──────────────»
«           └───┘         ┌─┴─┐     └───────────┘ ├───────────┬┘┌────────────┐»
«q0_14: ──────────────────┤ X ├───────────■───────┤ Ry(y[94]) ├─┤ Rz(y[114]) ├»
«                         └───┘         ┌─┴─┐     └───────────┘ ├───────────┬┘»
«q0_15: ────────────────────────────────┤ X ├───────────■───────┤ Ry(y[95]) ├─»
«                                       └───┘         ┌─┴─┐     └───────────┘ »
«q0_16: ──────────────────────────────────────────────┤ X ├───────────■───────»
«                                                     └───┘         ┌─┴─┐     »
«q0_17: ────────────────────────────────────────────────────────────┤ X ├─────»
«                                                                   └───┘     »
«q0_18: ──────────────────────────────────────────────────────────────────────»
«                                                                             »
«q0_19: ──────────────────────────────────────────────────────────────────────»
«                                                                             »
«c0: 20/══════════════════════════════════════════════════════════════════════»
«                                                                             »
«                                                               
« q0_0: ────────────────────────────────────────────────────────
«                                                               
« q0_1: ────────────────────────────────────────────────────────
«                                                               
« q0_2: ────────────────────────────────────────────────────────
«                                                               
« q0_3: ────────────────────────────────────────────────────────
«                                                               
« q0_4: ────────────────────────────────────────────────────────
«                                                               
« q0_5: ────────────────────────────────────────────────────────
«                                                               
« q0_6: ────────────────────────────────────────────────────────
«                                                               
« q0_7: ────────────────────────────────────────────────────────
«                                                               
« q0_8: ────────────────────────────────────────────────────────
«                                                               
« q0_9: ────────────────────────────────────────────────────────
«                                                               
«q0_10: ────────────────────────────────────────────────────────
«                                                               
«q0_11: ────────────────────────────────────────────────────────
«                                                               
«q0_12: ────────────────────────────────────────────────────────
«                                                               
«q0_13: ────────────────────────────────────────────────────────
«                                                               
«q0_14: ────────────────────────────────────────────────────────
«       ┌────────────┐                                          
«q0_15: ┤ Rz(y[115]) ├──────────────────────────────────────────
«       ├───────────┬┘┌────────────┐                            
«q0_16: ┤ Ry(y[96]) ├─┤ Rz(y[116]) ├────────────────────────────
«       └───────────┘ ├───────────┬┘┌────────────┐              
«q0_17: ──────■───────┤ Ry(y[97]) ├─┤ Rz(y[117]) ├──────────────
«           ┌─┴─┐     └───────────┘ ├───────────┬┘┌────────────┐
«q0_18: ────┤ X ├───────────■───────┤ Ry(y[98]) ├─┤ Rz(y[118]) ├
«           └───┘         ┌─┴─┐     ├───────────┤ ├────────────┤
«q0_19: ──────────────────┤ X ├─────┤ Ry(y[99]) ├─┤ Rz(y[119]) ├
«                         └───┘     └───────────┘ └────────────┘
«c0: 20/════════════════════════════════════════════════════════
«                                                               
ansatz-state is written to ansatz.txt
building constraints...
number of constraints= 400
unique pauliops 780
graphclique-cliquecover: 780 with commutationmode commute
strategy largest_first 63
strategy random_sequential 43
strategy smallest_last 59
strategy independent_set 39
strategy connected_sequential_bfs 63
strategy connected_sequential_dfs 54
strategy saturation_largest_first 42
number of cliques 39
clique 0 ['IIIIIIIIIIIIIIIIIIIZ', 'IIIIIIIIIIIIIIIIIIZI', 'IIIIIIIIIIIIIIIIIZII', 'IIIIIIIIIIIIIIIIZIII', 'IIIIIIIIIIIIIIIZIIII', 'IIIIIIIIIIIIIIZIIIII', 'IIIIIIIIIIIIIZIIIIII', 'IIIIIIIIIIIIZIIIIIII', 'IIIIIIIIIIIZIIIIIIII', 'IIIIIIIIIIZIIIIIIIII', 'IIIIIIIIIZIIIIIIIIII', 'IIIIIIIIZIIIIIIIIIII', 'IIIIIIIZIIIIIIIIIIII', 'IIIIIIZIIIIIIIIIIIII', 'IIIIIZIIIIIIIIIIIIII', 'IIIIZIIIIIIIIIIIIIII', 'IIIZIIIIIIIIIIIIIIII', 'IIZIIIIIIIIIIIIIIIII', 'IZIIIIIIIIIIIIIIIIII', 'ZIIIIIIIIIIIIIIIIIII']
clique 1 ['IIIIIIIIIIIIIIIIIIXX', 'IIIIIIIIIIIIIIIIIIYY', 'IIIIIIIIIIIIIIIIXXII', 'IIIIIIIIIIIIIIIIYYII', 'IIIIIIIIIIIIIIXXIIII', 'IIIIIIIIIIIIIIYYIIII', 'IIIIIIIIIIIIXXIIIIII', 'IIIIIIIIIIIIYYIIIIII', 'IIIIIIIIIIXXIIIIIIII', 'IIIIIIIIIIYYIIIIIIII', 'IIIIIIIIXXIIIIIIIIII', 'IIIIIIIIYYIIIIIIIIII', 'IIIIIIXXIIIIIIIIIIII', 'IIIIIIYYIIIIIIIIIIII', 'IIIIXXIIIIIIIIIIIIII', 'IIIIYYIIIIIIIIIIIIII', 'IIXXIIIIIIIIIIIIIIII', 'IIYYIIIIIIIIIIIIIIII', 'XXIIIIIIIIIIIIIIIIII', 'YYIIIIIIIIIIIIIIIIII']
clique 2 ['IIIIIIIIIIIIIIIIIIYX', 'IIIIIIIIIIIIIIIIIIXY', 'IIIIIIIIIIIIIIIIYXII', 'IIIIIIIIIIIIIIIIXYII', 'IIIIIIIIIIIIIIYXIIII', 'IIIIIIIIIIIIIIXYIIII', 'IIIIIIIIIIIIYXIIIIII', 'IIIIIIIIIIIIXYIIIIII', 'IIIIIIIIIIYXIIIIIIII', 'IIIIIIIIIIXYIIIIIIII', 'IIIIIIIIYXIIIIIIIIII', 'IIIIIIIIXYIIIIIIIIII', 'IIIIIIYXIIIIIIIIIIII', 'IIIIIIXYIIIIIIIIIIII', 'IIIIYXIIIIIIIIIIIIII', 'IIIIXYIIIIIIIIIIIIII', 'IIYXIIIIIIIIIIIIIIII', 'IIXYIIIIIIIIIIIIIIII', 'YXIIIIIIIIIIIIIIIIII', 'XYIIIIIIIIIIIIIIIIII']
clique 3 ['IIIIIIIIIIIIIIIIIXZX', 'IIIIIIIIIIIIIIIIIYZY', 'IIIIIIIIIIIIIIIIXZXI', 'IIIIIIIIIIIIIIIIYZYI', 'IIIIIIIIIIIIIXZXIIII', 'IIIIIIIIIIIIIYZYIIII', 'IIIIIIIIIIIIXZXIIIII', 'IIIIIIIIIIIIYZYIIIII', 'IIIIIIIIIXZXIIIIIIII', 'IIIIIIIIIYZYIIIIIIII', 'IIIIIIIIXZXIIIIIIIII', 'IIIIIIIIYZYIIIIIIIII', 'IIIIIXZXIIIIIIIIIIII', 'IIIIIYZYIIIIIIIIIIII', 'IIIIXZXIIIIIIIIIIIII', 'IIIIYZYIIIIIIIIIIIII', 'IXZXIIIIIIIIIIIIIIII', 'IYZYIIIIIIIIIIIIIIII', 'XZXIIIIIIIIIIIIIIIII', 'YZYIIIIIIIIIIIIIIIII']
clique 4 ['IIIIIIIIIIIIIIIIIYZX', 'IIIIIIIIIIIIIIIIIXZY', 'IIIIIIIIIIIIIIIIYZXI', 'IIIIIIIIIIIIIIIIXZYI', 'IIIIIIIIIIIIIYZXIIII', 'IIIIIIIIIIIIIXZYIIII', 'IIIIIIIIIIIIYZXIIIII', 'IIIIIIIIIIIIXZYIIIII', 'IIIIIIIIIYZXIIIIIIII', 'IIIIIIIIIXZYIIIIIIII', 'IIIIIIIIYZXIIIIIIIII', 'IIIIIIIIXZYIIIIIIIII', 'IIIIIYZXIIIIIIIIIIII', 'IIIIIXZYIIIIIIIIIIII', 'IIIIYZXIIIIIIIIIIIII', 'IIIIXZYIIIIIIIIIIIII', 'IYZXIIIIIIIIIIIIIIII', 'IXZYIIIIIIIIIIIIIIII', 'YZXIIIIIIIIIIIIIIIII', 'XZYIIIIIIIIIIIIIIIII']
clique 5 ['IIIIIIIIIIIIIIIIXZZX', 'IIIIIIIIIIIIIIIIYZZY', 'IIIIIIIIIIIIIIIIIXXI', 'IIIIIIIIIIIIIIIIIYYI', 'IIIIIIIIIIIIXZZXIIII', 'IIIIIIIIIIIIYZZYIIII', 'IIIIIIIIIIIIIXXIIIII', 'IIIIIIIIIIIIIYYIIIII', 'IIIIIIIIXZZXIIIIIIII', 'IIIIIIIIYZZYIIIIIIII', 'IIIIIIIIIXXIIIIIIIII', 'IIIIIIIIIYYIIIIIIIII', 'IIIIXZZXIIIIIIIIIIII', 'IIIIYZZYIIIIIIIIIIII', 'IIIIIXXIIIIIIIIIIIII', 'IIIIIYYIIIIIIIIIIIII', 'XZZXIIIIIIIIIIIIIIII', 'YZZYIIIIIIIIIIIIIIII', 'IXXIIIIIIIIIIIIIIIII', 'IYYIIIIIIIIIIIIIIIII']
clique 6 ['IIIIIIIIIIIIIIIIYZZX', 'IIIIIIIIIIIIIIIIXZZY', 'IIIIIIIIIIIIIIIIIYXI', 'IIIIIIIIIIIIIIIIIXYI', 'IIIIIIIIIIIIYZZXIIII', 'IIIIIIIIIIIIXZZYIIII', 'IIIIIIIIIIIIIYXIIIII', 'IIIIIIIIIIIIIXYIIIII', 'IIIIIIIIYZZXIIIIIIII', 'IIIIIIIIXZZYIIIIIIII', 'IIIIIIIIIYXIIIIIIIII', 'IIIIIIIIIXYIIIIIIIII', 'IIIIYZZXIIIIIIIIIIII', 'IIIIXZZYIIIIIIIIIIII', 'IIIIIYXIIIIIIIIIIIII', 'IIIIIXYIIIIIIIIIIIII', 'YZZXIIIIIIIIIIIIIIII', 'XZZYIIIIIIIIIIIIIIII', 'IYXIIIIIIIIIIIIIIIII', 'IXYIIIIIIIIIIIIIIIII']
clique 7 ['IIIIIIIIIIIIIIIXZZZX', 'IIIYZZZZZZZZZZZZZZZY', 'IIIIIIIIIIIIIIXZZZXI', 'IIYZZZZZZZZZZZZZZZYI', 'IIIIIIIIIIIIIXZZZXII', 'IIIIIIIIIIIIIYZZZYII', 'IIIIIIIIIIIIXZZZXIII', 'IIIIIIIIIIIIYZZZYIII', 'IIIIIIIIIIIXZZZXIIII', 'IIIIIIIIIIXZZZXIIIII', 'IIIIIIIXZZZXIIIIIIII', 'IIIIIIXZZZXIIIIIIIII', 'IIIIIXZZZXIIIIIIIIII', 'IYZZZZZZZYIIIIIIIIII', 'IIIIXZZZXIIIIIIIIIII', 'YZZZZZZZYIIIIIIIIIII', 'IIIXZZZXIIIIIIIIIIII', 'IIXZZZXIIIIIIIIIIIII', 'IXZZZXIIIIIIIIIIIIII', 'XZZZXIIIIIIIIIIIIIII']
clique 8 ['IIIIIIIIIIIIIIIYZZZY', 'IIXZZZZZZZZZZZZZZZZX', 'IIIIIIIIIIIIIXZZZZXI', 'IIIIIIIIIIIIIYZZZZYI', 'IIIIIIIIIIIIIIYZZYII', 'XZZZZZZZZZZZZZZZZXII', 'IIIIIIIIIIIIXZZZYIII', 'IIIIXZZZZZZZZZZZXIII', 'IIIYZZZZZZZZZZZYIIII', 'IIIIIIIIIIYZZZYIIIII', 'IIIIIIIIXZZZXIIIIIII', 'IIIIIIIYZZZXIIIIIIII', 'IIIIIIIXZZZYIIIIIIII', 'IIIXZZZZZZYIIIIIIIII', 'IIIIIIXZZXIIIIIIIIII', 'IIIIIYZZZYIIIIIIIIII', 'IYZZZZZZXIIIIIIIIIII', 'IXZZZZXIIIIIIIIIIIII', 'IIYZZYIIIIIIIIIIIIII', 'YZZZXIIIIIIIIIIIIIII']
clique 9 ['IIIIIIIIIIIIIIIYZZZX', 'IIYZZZZZZZZZZZZZZZZY', 'IIIIIIIIIIIIYZZZZZYI', 'IIIXZZZZZZZZZZZZZZXI', 'IIIIIIIIIIIIIIXZZYII', 'YZZZZZZZZZZZZZZZZXII', 'IIIIIIIIIIIIIXZZXIII', 'IIIIIIIIIIIIIYZZYIII', 'IIXZZZZZZZZZZZZYIIII', 'IIIIIIIIIXZZZZXIIIII', 'IIIIIIIIIIIXYIIIIIII', 'IIIIIIXZZZZXIIIIIIII', 'IIIIIIIYZZYIIIIIIIII', 'IIIIXZZZZZXIIIIIIIII', 'IIIIIIIXZXIIIIIIIIII', 'IIIIIXZZXIIIIIIIIIII', 'IYZZZZZZYIIIIIIIIIII', 'IIIYZZXIIIIIIIIIIIII', 'XZZZZXIIIIIIIIIIIIII', 'IXZZXIIIIIIIIIIIIIII']
clique 10 ['IIIIIIIIIIIIIIIXZZZY', 'IIIIIIIIIYZZZZZZZZZX', 'IXZZZZZZZZZZZZZZZZXI', 'YZZZZZZZZZZZZZZZZZYI', 'IIIIIIIIIIIIIXZZZYII', 'IIIIIIIIIIIIXZZZZXII', 'IIIIIIIIIIIIIYZZXIII', 'IIIIIIXZZZZZZZZZYIII', 'IIIIIIIIXZZZZZZXIIII', 'IIIIIIIIIIYZZZXIIIII', 'IIIIIYZZZZZZZZYIIIII', 'XZZZZZZZZZZZXIIIIIII', 'IIIIIIIYZZZYIIIIIIII', 'IIIIIIYZZZZXIIIIIIII', 'IIIIXZZZZZYIIIIIIIII', 'IIIYZZZZZYIIIIIIIIII', 'IIXZZZZZXIIIIIIIIIII', 'IIIXZZZYIIIIIIIIIIII', 'IYZZZYIIIIIIIIIIIIII', 'IIYZXIIIIIIIIIIIIIII']
clique 11 ['IIIIIIIIIIIIIIXZZZZX', 'IIIXZZZZZZZZZZZZZZZY', 'IIIIIIIIIIIIIXZZZZYI', 'IIIIIIIIIIIIXZZZZZXI', 'IIIIIIIIIIIIIYZZZXII', 'IIIIIIIIIIIIYZZZZYII', 'IIIIYZZZZZZZZZZZYIII', 'IYZZZZZZZZZZZZZZXIII', 'IIIIIIIIIIXZZZZYIIII', 'IIIIIIIIIYZZZZZXIIII', 'IIIIIIIIXZZZZZXIIIII', 'IIIIIIYZZZZYIIIIIIII', 'IIXZZZZZZZZXIIIIIIII', 'IIIIIIIYZZXIIIIIIIII', 'IIIIIXZZZYIIIIIIIIII', 'IIYZZZZZXIIIIIIIIIII', 'IIIYZZZYIIIIIIIIIIII', 'XZZZZZYIIIIIIIIIIIII', 'YZZZZXIIIIIIIIIIIIII', 'IXZZYIIIIIIIIIIIIIII']
clique 12 ['IIIIIIIIIIIIIIYZZZZY', 'IXZZZZZZZZZZZZZZZZZX', 'IIIIIIIYZZZZZZZZZZYI', 'IIIYZZZZZZZZZZZZZZXI', 'IIIIIIIIIIIIXZZZZYII', 'IIXZZZZZZZZZZZZZZXII', 'IIIIIIIIIIIYZZZZXIII', 'IIIIIIIIIYZZZZZZYIII', 'IIIXZZZZZZZZZZZYIIII', 'IYZZZZZZZZZZZZZXIIII', 'IIIIYZZZZZZZZZYIIIII', 'IIIIIIIIYZZZZYIIIIII', 'YZZZZZZZZZZZZXIIIIII', 'IIIIIIIXZZZZXIIIIIII', 'IIIIIIXZZZZYIIIIIIII', 'IIIIIYZZZZXIIIIIIIII', 'IIIIIXZZZZYIIIIIIIII', 'XZZZZZZZZYIIIIIIIIII', 'IIIIXZZZYIIIIIIIIIII', 'IIYZZZXIIIIIIIIIIIII']
clique 13 ['IIIIIIIIIIIIIIYZZZZX', 'IIIIIIIIIIIIIYZZZZZY', 'IIIYZZZZZZZZZZZZZZYI', 'IIXZZZZZZZZZZZZZZZXI', 'IIIIIIXZZZZZZZZZZYII', 'IIIIXZZZZZZZZZZZZXII', 'IIIIIIIIIIIIIIIYYIII', 'IXZZZZZZZZZZZZZZXIII', 'IIYZZZZZZZZZZZZYIIII', 'IIIIIIIIYZZZZZYIIIII', 'IIIIIIIIIIYZZYIIIIII', 'IIIIIYZZZZZZYIIIIIII', 'IIIIYZZZZZZZXIIIIIII', 'IIIIIXZZZZZXIIIIIIII', 'IIIXZZZZZZZYIIIIIIII', 'IIIIIIYZZZYIIIIIIIII', 'IIIIIIIYZYIIIIIIIIII', 'IYZZZZZZZXIIIIIIIIII', 'XZZZZZZZYIIIIIIIIIII', 'YZZZZZZYIIIIIIIIIIII']
clique 14 ['IIIIIIIIIIIIIIXZZZZY', 'IIIIIIIIIIIIIYZZZZZX', 'IIIIIIIIIIIIIIYZZZXI', 'IIXZZZZZZZZZZZZZZZYI', 'IIIIIIIIIIIIIIIYZXII', 'IIIIIIIIIIIIIIIXZYII', 'IIIIIIIIIIIIIXZZYIII', 'IIIXZZZZZZZZZZZZXIII', 'IIIIIIIIYZZZXIIIIIII', 'XZZZZZZZZZZZYIIIIIII', 'IIIIIXZZZZZYIIIIIIII', 'IIIIXZZZZZZXIIIIIIII', 'IIIIIIIXZZYIIIIIIIII', 'IYZZZZZZZZXIIIIIIIII', 'IIIIIIIYZXIIIIIIIIII', 'IIIIIIYZZYIIIIIIIIII', 'IXZZZZZZYIIIIIIIIIII', 'YZZZZZYIIIIIIIIIIIII', 'IIYZZXIIIIIIIIIIIIII', 'IIIYXIIIIIIIIIIIIIII']
clique 15 ['IIIIIIIIIIIIIXZZZZZX', 'IYZZZZZZZZZZZZZZZZZY', 'IIIIIIIXZZZZZZZZZZYI', 'YZZZZZZZZZZZZZZZZZXI', 'IIIIIIYZZZZZZZZZZXII', 'IIIIXZZZZZZZZZZZZYII', 'IIIIIIIIXZZZZZZZXIII', 'IXZZZZZZZZZZZZZZYIII', 'IIIIIIIIIIYZZZZYIIII', 'IIIIIIXZZZZZZZZXIIII', 'IIIIIIIIYZZZZZXIIIII', 'IIIXZZZZZZZZZZYIIIII', 'IIXZZZZZZZZZZXIIIIII', 'IIIIIIIIIIIYXIIIIIII', 'IIIIIIIIIXZZYIIIIIII', 'IIIIIYZZZZZYIIIIIIII', 'IIIIYZZZZZYIIIIIIIII', 'IIIYZZZZZXIIIIIIIIII', 'IIYZZZZXIIIIIIIIIIII', 'XZZZZYIIIIIIIIIIIIII']
clique 16 ['IIIIIIIIIIIIIXZZZZZY', 'IIIIIIIIIIIIXZZZZZZX', 'IIIIIIIIIIYZZZZZZZXI', 'IIIXZZZZZZZZZZZZZZYI', 'IYZZZZZZZZZZZZZZZXII', 'IXZZZZZZZZZZZZZZZYII', 'IIIIIIIXZZZZZZZZXIII', 'IIYZZZZZZZZZZZZZYIII', 'IIIIIIIIIYZZZZZYIIII', 'IIIIIXZZZZZZZZZXIIII', 'IIIIIIIIIIIXZZYIIIII', 'IIXZZZZZZZZZZZXIIIII', 'IIIIIIIYZZZZZXIIIIII', 'IIIIIIYZZZZZXIIIIIII', 'IIIIIYZZZZZXIIIIIIII', 'IIIYZZZZZZYIIIIIIIII', 'YZZZZZZZZYIIIIIIIIII', 'IIIIIIXZYIIIIIIIIIII', 'IIIIYZZZXIIIIIIIIIII', 'XZZZYIIIIIIIIIIIIIII']
clique 17 ['IIIIIIIIIIIIYZZZZZZY', 'YZZZZZZZZZZZZZZZZZZX', 'IIIIIIIIIIIIXZZZZZYI', 'IIIIIIIIIIIYZZZZZZXI', 'IIIIIIIXZZZZZZZZZXII', 'IIIIIYZZZZZZZZZZZYII', 'IIIYZZZZZZZZZZZZYIII', 'IIXZZZZZZZZZZZZZXIII', 'IIIIIIIIYZZZZZZXIIII', 'IXZZZZZZZZZZZZZYIIII', 'IIIIIIIYZZZZZZYIIIII', 'XZZZZZZZZZZZZZXIIIII', 'IIIIIIIIIXZZZYIIIIII', 'IIIXZZZZZZZZZXIIIIII', 'IIIIXZZZZZZYIIIIIIII', 'IIIIIXZZZZXIIIIIIIII', 'IYZZZZZZZZYIIIIIIIII', 'IIIIIIYZZXIIIIIIIIII', 'IIIIYZZZYIIIIIIIIIII', 'IIYZZZYIIIIIIIIIIIII']
clique 18 ['IIIIIIIIIIIIYZZZZZZX', 'IIIIIIIXZZZZZZZZZZZY', 'IIIIIIIIIXZZZZZZZZXI', 'IIIIIIIIYZZZZZZZZZYI', 'IIIIIIIIIIYZZZZZZXII', 'XZZZZZZZZZZZZZZZZYII', 'IIIIIIYZZZZZZZZZYIII', 'IIYZZZZZZZZZZZZZXIII', 'IIIIIIIIIIXZZZZXIIII', 'IIIIYZZZZZZZZZZYIIII', 'IIIIIIIIXZZZZZYIIIII', 'IIIIIIIYZZZZZZXIIIII', 'IIIIIYZZZZZZZXIIIIII', 'IIXZZZZZZZZZZYIIIIII', 'IIIIIIIIIYZZYIIIIIII', 'IIIYZZZZZZZYIIIIIIII', 'IYZZZZZZZZZXIIIIIIII', 'IXZZZZYIIIIIIIIIIIII', 'IIIXZYIIIIIIIIIIIIII', 'YZZZYIIIIIIIIIIIIIII']
clique 19 ['IIIIIIIIIIIIXZZZZZZY', 'IIIIIIYZZZZZZZZZZZZX', 'IIIIIIIIIIIXZZZZZZXI', 'IIIIIIXZZZZZZZZZZZYI', 'IIIIIIIIIIIIIIIYZYII', 'IXZZZZZZZZZZZZZZZXII', 'IIIIIIIXZZZZZZZZYIII', 'XZZZZZZZZZZZZZZZXIII', 'IIIIIYZZZZZZZZZYIIII', 'IIIIIIIIIYZZZZYIIIII', 'IYZZZZZZZZZZZZXIIIII', 'IIIIIIIIIIXZZXIIIIII', 'IIIIIIIIXZZZZYIIIIII', 'IIIIIIIIIXZZXIIIIIII', 'IIIIYZZZZZZXIIIIIIII', 'IIIXZZZZZZXIIIIIIIII', 'YZZZZZZZXIIIIIIIIIII', 'IIIYZZZXIIIIIIIIIIII', 'IIXZZYIIIIIIIIIIIIII', 'IIYZYIIIIIIIIIIIIIII']
clique 20 ['IIIIIIIIIIIXZZZZZZZX', 'IIIIIIYZZZZZZZZZZZZY', 'IIIIIIIIIIIIIIIXZZYI', 'IIIIIIIIIIIIIYZZZZXI', 'IIIIIIXZZZZZZZZZZXII', 'IIXZZZZZZZZZZZZZZYII', 'IIIIIIIIIIIIYZZZXIII', 'IIIIIIIYZZZZZZZZYIII', 'IIIIIIIIIIYZZZZXIIII', 'IIIIIXZZZZZZZZXIIIII', 'IXZZZZZZZZZZZZYIIIII', 'IIIIIIIIIIXZZYIIIIII', 'IIIIIIIIYZZZYIIIIIII', 'IIIXZZZZZZZXIIIIIIII', 'IIIIXZZZZYIIIIIIIIII', 'YZZZZZZZZXIIIIIIIIII', 'IIYZZZZZYIIIIIIIIIII', 'XZZZZZZYIIIIIIIIIIII', 'IIIYZXIIIIIIIIIIIIII', 'IYZZXIIIIIIIIIIIIIII']
clique 21 ['IIIIIIIIIIIYZZZZZZZY', 'XZZZZZZZZZZZZZZZZZZX', 'IIIIIIIIIIIIIIIXZZXI', 'IIIIIIIIIYZZZZZZZZYI', 'IIIIIIIIXZZZZZZZZXII', 'IYZZZZZZZZZZZZZZZYII', 'IIIIIXZZZZZZZZZZXIII', 'IIIIIYZZZZZZZZZZYIII', 'IIIIYZZZZZZZZZZXIIII', 'IIIIXZZZZZZZZZXIIIII', 'IIIYZZZZZZZZZZYIIIII', 'IIIIIIIIIIIXZYIIIIII', 'IIIIIIIIIXZZZXIIIIII', 'IIXZZZZZZZZZYIIIIIII', 'YZZZZZZZZZZZXIIIIIII', 'IIIIIIXZZZYIIIIIIIII', 'IIYZZZZZZZXIIIIIIIII', 'IIIIIIIYXIIIIIIIIIII', 'IXZZZZZYIIIIIIIIIIII', 'IIIXZZXIIIIIIIIIIIII']
clique 22 ['IIIIIIIIIIIYZZZZZZZX', 'IIIIIIIIIIIXZZZZZZZY', 'IIIIIIIIIIIIIIIYZZYI', 'IIIIXZZZZZZZZZZZZZXI', 'IIIIIYZZZZZZZZZZZXII', 'IIIYZZZZZZZZZZZZZYII', 'IIIIIIIIIIXZZZZZXIII', 'IYZZZZZZZZZZZZZZYIII', 'IIIIIIIIYZZZZZZYIIII', 'IIIIIIIIIYZZZZXIIIII', 'IIIIIIXZZZZZZZYIIIII', 'IIIIIIIIIIYZZXIIIIII', 'IIYZZZZZZZZZZYIIIIII', 'IIIIIIIXZZZZYIIIIIII', 'IIXZZZZZZZZZXIIIIIII', 'IXZZZZZZZYIIIIIIIIII', 'IIIIIXZZYIIIIIIIIIII', 'XZZZZZZXIIIIIIIIIIII', 'YZZZZZXIIIIIIIIIIIII', 'IIIXXIIIIIIIIIIIIIII']
clique 23 ['IIIIIIIIIIXZZZZZZZZX', 'IIIIIYZZZZZZZZZZZZZY', 'IIIIIIIYZZZZZZZZZZXI', 'IIIIXZZZZZZZZZZZZZYI', 'IIIIIIIIIYZZZZZZZYII', 'IIIIIIIIYZZZZZZZZXII', 'IIIIIIIIIIIIIIXZYIII', 'IIIIIIXZZZZZZZZZXIII', 'IIIIIIIXZZZZZZZXIIII', 'YZZZZZZZZZZZZZZYIIII', 'IIIIYZZZZZZZZZXIIIII', 'IIIIIIIIIIIXZXIIIIII', 'IIIIIXZZZZZZZYIIIIII', 'IIIXZZZZZZZZXIIIIIII', 'IXZZZZZZZZZZYIIIIIII', 'XZZZZZZZZZZXIIIIIIII', 'IIIYZZZZZZXIIIIIIIII', 'IIYZZZZZZYIIIIIIIIII', 'IIXZZZZZYIIIIIIIIIII', 'IYZZZZXIIIIIIIIIIIII']
clique 24 ['IIIIIIIIIYZZZZZZZZZY', 'IIIIIYZZZZZZZZZZZZZX', 'IIIIIIIIIIIIYZZZZZXI', 'IXZZZZZZZZZZZZZZZZYI', 'IIIIIIIIIXZZZZZZZYII', 'IIIIIXZZZZZZZZZZZXII', 'IIIIIIIIIIIIIIYZXIII', 'YZZZZZZZZZZZZZZZYIII', 'IIIIIIIIIIIYZZZXIIII', 'IIIIIIIYZZZZZZZYIIII', 'IIYZZZZZZZZZZZYIIIII', 'IIIIIIIIYZZZZXIIIIII', 'IIIXZZZZZZZZZYIIIIII', 'IIIIIIYZZZZZYIIIIIII', 'IIIIYZZZZZZYIIIIIIII', 'IIXZZZZZZZXIIIIIIIII', 'XZZZZZZZZZYIIIIIIIII', 'IIIIIIIXYIIIIIIIIIII', 'IIIYZZYIIIIIIIIIIIII', 'IYZZYIIIIIIIIIIIIIII']
clique 25 ['IIIIIIIIIXZZZZZZZZZY', 'IIIIIIXZZZZZZZZZZZZX', 'IIIIIIIIIIYZZZZZZZYI', 'IIIIIYZZZZZZZZZZZZXI', 'IIIIIIIIIIIIIIYZZXII', 'IIIIIIIXZZZZZZZZZYII', 'IIIIIIIIIIIIIIIXYIII', 'IIIIIIYZZZZZZZZZXIII', 'XZZZZZZZZZZZZZZXIIII', 'IIIIIXZZZZZZZZYIIIII', 'IIIIIIIIIYZZZXIIIIII', 'IIIIXZZZZZZZZYIIIIII', 'IXZZZZZZZZZZXIIIIIII', 'IYZZZZZZZZZZYIIIIIII', 'IIIYZZZZZZZXIIIIIIII', 'IIYZZZZZZZZYIIIIIIII', 'YZZZZZZZZZYIIIIIIIII', 'IIIIIIIYYIIIIIIIIIII', 'IIIXZZZZXIIIIIIIIIII', 'IIXZXIIIIIIIIIIIIIII']
clique 26 ['IIIIIIIIXZZZZZZZZZZX', 'IIIIYZZZZZZZZZZZZZZY', 'IIIIIIIIIIIIIIYZZZYI', 'IIIIIIIXZZZZZZZZZZXI', 'IIIIIIIIIIXZZZZZZXII', 'YZZZZZZZZZZZZZZZZYII', 'IIIIIIIIIIIIIIIYXIII', 'IIIIIXZZZZZZZZZZYIII', 'IYZZZZZZZZZZZZZYIIII', 'IIIIIIYZZZZZZZYIIIII', 'IIIYZZZZZZZZZXIIIIII', 'XZZZZZZZZZZZZYIIIIII', 'IIIIIIIIIIYZYIIIIIII', 'IIIIIIIYZZZZXIIIIIII', 'IIYZZZZZZZZXIIIIIIII', 'IXZZZZZZZZZYIIIIIIII', 'IIIIIYZZZXIIIIIIIIII', 'IIXZZZZZZYIIIIIIIIII', 'IIIIIIXZXIIIIIIIIIII', 'IIIXYIIIIIIIIIIIIIII']
clique 27 ['IIIIYZZZZZZZZZZZZZZX', 'XZZZZZZZZZZZZZZZZZZY', 'IIIIIIIIIIIIIIIYZZXI', 'IIIIIIIIIIIIIIXZZZYI', 'IIIIIIIIIIIIYZZZZXII', 'IIIIIIIYZZZZZZZZZYII', 'IIIIIIIIIIIIIIYZYIII', 'IIIIIIIIYZZZZZZZXIII', 'IIIIIXZZZZZZZZZYIIII', 'IIIIIIXZZZZZZXIIIIII', 'IYZZZZZZZZZZZYIIIIII', 'IIIXZZZZZZZZYIIIIIII', 'IIXZZZZZZZZYIIIIIIII', 'YZZZZZZZZZZXIIIIIIII', 'IIIIIYZZZZYIIIIIIIII', 'IXZZZZZZZZXIIIIIIIII', 'IIIIIIIXZYIIIIIIIIII', 'IIYZZZZZZXIIIIIIIIII', 'IIIIIIYZYIIIIIIIIIII', 'IIIYYIIIIIIIIIIIIIII']
clique 28 ['IIIIIIIIYZZZZZZZZZZY', 'IIIYZZZZZZZZZZZZZZZX', 'IIIIIIIIXZZZZZZZZZXI', 'IIIIIIYZZZZZZZZZZZYI', 'IIIIIIIIIIYZZZZZZYII', 'IIIIIIIYZZZZZZZZZXII', 'IIIIIIIIIIXZZZZZYIII', 'IIIIYZZZZZZZZZZZXIII', 'IIIIIIIIIXZZZZZYIIII', 'IIXZZZZZZZZZZZZXIIII', 'IIIXZZZZZZZZZZXIIIII', 'YZZZZZZZZZZZZZYIIIII', 'IIIIIIIIIYZZZYIIIIII', 'IIIIIXZZZZZZZXIIIIII', 'IIIIIYZZZZZZXIIIIIII', 'IIIIXZZZZZZZYIIIIIII', 'IXZZZZZZZZZXIIIIIIII', 'XZZZZZZZZZZYIIIIIIII', 'IIYZZZZYIIIIIIIIIIII', 'IYZZZZYIIIIIIIIIIIII']
clique 29 ['IIIIIIIIYZZZZZZZZZZX', 'IXZZZZZZZZZZZZZZZZZY', 'IIIIIYZZZZZZZZZZZZYI', 'IIYZZZZZZZZZZZZZZZXI', 'IIIIIIIIIIIIIIIXZXII', 'IIIIIIIIIIIYZZZZZYII', 'IIIIIIIIIIIIIIXZXIII', 'IIIIIIIIIXZZZZZZYIII', 'IIIIIIIYZZZZZZZXIIII', 'IIIYZZZZZZZZZZXIIIII', 'IIIIYZZZZZZZZXIIIIII', 'YZZZZZZZZZZZZYIIIIII', 'IIIIIIXZZZZZXIIIIIII', 'IIIIIXZZZZZZYIIIIIII', 'IYZZZZZZZZZYIIIIIIII', 'IIIIIIIXZZXIIIIIIIII', 'IIXZZZZZZZYIIIIIIIII', 'IIIIXZZZZXIIIIIIIIII', 'IIIXZZZZYIIIIIIIIIII', 'XZZZZZXIIIIIIIIIIIII']
clique 30 ['IIIIIIIIIIYZZZZZZZZY', 'IIIIIIIYZZZZZZZZZZZX', 'IIIIIIIIYZZZZZZZZZXI', 'XZZZZZZZZZZZZZZZZZYI', 'IIIIIIIIIIXZZZZZZYII', 'IIIYZZZZZZZZZZZZZXII', 'IIIIIIIIIIIIIIIXXIII', 'IIIIIIIIXZZZZZZZYIII', 'IIIIIYZZZZZZZZZXIIII', 'IIIIIIIXZZZZZZXIIIII', 'IYZZZZZZZZZZZZYIIIII', 'IIIIIIIIIIIYZYIIIIII', 'IIIIIIYZZZZZZXIIIIII', 'IIIIIIXZZZZZYIIIIIII', 'IIYZZZZZZZZZXIIIIIII', 'YZZZZZZZZZZYIIIIIIII', 'IIIIYZZZZXIIIIIIIIII', 'IIIXZZZZZYIIIIIIIIII', 'IXZZZYIIIIIIIIIIIIII', 'IIXZYIIIIIIIIIIIIIII']
clique 31 ['IIIIIIIIIIYZZZZZZZZX', 'IIIIIIXZZZZZZZZZZZZY', 'IIIIIXZZZZZZZZZZZZYI', 'IYZZZZZZZZZZZZZZZZXI', 'IIIIIIIIXZZZZZZZZYII', 'IIYZZZZZZZZZZZZZZXII', 'IIIIIIIIIIIXZZZZXIII', 'IIIIIIIIYZZZZZZZYIII', 'IIIIIIIXZZZZZZZYIIII', 'IIIIXZZZZZZZZZZXIIII', 'IXZZZZZZZZZZZZXIIIII', 'XZZZZZZZZZZZZZYIIIII', 'IIIIIIIIIIIYZXIIIIII', 'IIIIIIYZZZZZZYIIIIII', 'IIIIIIIIIIXZXIIIIIII', 'IIIYZZZZZZZZYIIIIIII', 'IIIIYZZZZYIIIIIIIIII', 'IIIXZZZZZXIIIIIIIIII', 'YZZZZZZXIIIIIIIIIIII', 'IIXZZXIIIIIIIIIIIIII']
clique 32 ['IIIIIIIIIIXZZZZZZZZY', 'IIIIXZZZZZZZZZZZZZZX', 'IIIIIIIIXZZZZZZZZZYI', 'IIIIYZZZZZZZZZZZZZXI', 'IIIIIIIIIIIIIIXZZXII', 'IIIIIIIIYZZZZZZZZYII', 'IIIIIIIIIIIXZZZZYIII', 'IIIYZZZZZZZZZZZZXIII', 'IIIIIIYZZZZZZZZXIIII', 'XZZZZZZZZZZZZZZYIIII', 'IIYZZZZZZZZZZZXIIIII', 'IIIIIIIXZZZZZYIIIIII', 'IYZZZZZZZZZZZXIIIIII', 'IIIIIIIIIIIYYIIIIIII', 'IIIIIXZZZZZZXIIIIIII', 'YZZZZZZZZZXIIIIIIIII', 'IIIIIIXZZYIIIIIIIIII', 'IIXZZZZZZXIIIIIIIIII', 'IXZZZZZXIIIIIIIIIIII', 'IIIXZXIIIIIIIIIIIIII']
clique 33 ['IIIIIIIIIXZZZZZZZZZX', 'IIIIIXZZZZZZZZZZZZZY', 'IIIIIIXZZZZZZZZZZZXI', 'IYZZZZZZZZZZZZZZZZYI', 'IIIIIIIIIIIYZZZZZXII', 'IIIIIIIIIIIXZZZZZYII', 'IIIIIIIIIIYZZZZZXIII', 'IIIXZZZZZZZZZZZZYIII', 'IIIIIIIIXZZZZZZYIIII', 'YZZZZZZZZZZZZZZXIIII', 'IIIIIIIXZZZZZZYIIIII', 'IIIIIIYZZZZZZZXIIIII', 'IIIYZZZZZZZZZYIIIIII', 'XZZZZZZZZZZZZXIIIIII', 'IIIIXZZZZZZZXIIIIIII', 'IIIIYZZZZZZZYIIIIIII', 'IIYZZZZZZZYIIIIIIIII', 'IXZZZZZZZXIIIIIIIIII', 'IIIIIYZZXIIIIIIIIIII', 'IIXZZZZXIIIIIIIIIIII']
clique 34 ['IIIIIIIIXZZZZZZZZZZY', 'IIYZZZZZZZZZZZZZZZZX', 'IIIIIIIIIIXZZZZZZZXI', 'IIIIIIIIIXZZZZZZZZYI', 'IIIIIIIIIIIXZZZZZXII', 'IIIIIXZZZZZZZZZZZYII', 'IIIIIYZZZZZZZZZZXIII', 'XZZZZZZZZZZZZZZZYIII', 'IIIIIIYZZZZZZZZYIIII', 'IIIXZZZZZZZZZZZXIIII', 'IIIIIIIIIIIYZZYIIIII', 'IIIIIIXZZZZZZZXIIIII', 'IIIIXZZZZZZZZXIIIIII', 'IXZZZZZZZZZZZYIIIIII', 'IIIIIIIIIYZZXIIIIIII', 'YZZZZZZZZZZZYIIIIIII', 'IIIIYZZZZZXIIIIIIIII', 'IIIYZZZZXIIIIIIIIIII', 'IIXZZZZYIIIIIIIIIIII', 'IYZZZZZXIIIIIIIIIIII']
clique 35 ['IIIIIIIXZZZZZZZZZZZX', 'IIIIXZZZZZZZZZZZZZZY', 'IIIIIIYZZZZZZZZZZZXI', 'IIIIYZZZZZZZZZZZZZYI', 'IIIIIIIIIYZZZZZZZXII', 'IIIXZZZZZZZZZZZZZYII', 'IIIIIIIIIIIYZZZZYIII', 'IIIIIIIIIXZZZZZZXIII', 'IIIIIIXZZZZZZZZYIIII', 'IIYZZZZZZZZZZZZXIIII', 'IIXZZZZZZZZZZZYIIIII', 'YZZZZZZZZZZZZZXIIIII', 'IIIIIIIIXZZZZXIIIIII', 'IIIIIIIYZZZZZYIIIIII', 'IIIIIIIIIIIXXIIIIIII', 'IIIIIIIIIIXZYIIIIIII', 'XZZZZZZZZZXIIIIIIIII', 'IXZZZZZZXIIIIIIIIIII', 'IIIYZYIIIIIIIIIIIIII', 'IYZZZXIIIIIIIIIIIIII']
clique 36 ['IIIIIIIYZZZZZZZZZZZY', 'IIIIIXZZZZZZZZZZZZZX', 'IIIIIIIIIIXZZZZZZZYI', 'IIIIIIIIIYZZZZZZZZXI', 'IIIIYZZZZZZZZZZZZYII', 'IIIXZZZZZZZZZZZZZXII', 'IIXZZZZZZZZZZZZZYIII', 'YZZZZZZZZZZZZZZZXIII', 'IIIIIIIIIIIYZZZYIIII', 'IIIIIIIIIXZZZZZXIIII', 'IIIIIIIIIIIXZZXIIIII', 'IIIIXZZZZZZZZZYIIIII', 'IIIIIIXZZZZZZYIIIIII', 'IXZZZZZZZZZZZXIIIIII', 'IIIYZZZZZZZZXIIIIIII', 'IIYZZZZZZZZZYIIIIIII', 'IIIIIIYZZZXIIIIIIIII', 'IIIIIYZZYIIIIIIIIIII', 'XZZZZZZZXIIIIIIIIIII', 'IYZZZZZYIIIIIIIIIIII']
clique 37 ['IIXZZZZZZZZZZZZZZZZY', 'IYZZZZZZZZZZZZZZZZZX', 'IIIIIIIIIIIYZZZZZZYI', 'XZZZZZZZZZZZZZZZZZXI', 'IIIIIIIIIXZZZZZZZXII', 'IIIIIIYZZZZZZZZZZYII', 'IIIIIIIIIYZZZZZZXIII', 'IIIIXZZZZZZZZZZZYIII', 'IIIIIIIIIIIXZZZYIIII', 'IXZZZZZZZZZZZZZXIIII', 'IIIIIIIIIIXZZZYIIIII', 'IIIIIYZZZZZZZZXIIIII', 'IIIIYZZZZZZZZYIIIIII', 'IIYZZZZZZZZZZXIIIIII', 'IIIIIIIIIIYZXIIIIIII', 'IIIIIIIYZZZZYIIIIIII', 'IIIIIIIXXIIIIIIIIIII', 'IIIYZZZZYIIIIIIIIIII', 'IIIXZZYIIIIIIIIIIIII', 'YZZZZYIIIIIIIIIIIIII']
clique 38 ['IIIXZZZZZZZZZZZZZZZX', 'YZZZZZZZZZZZZZZZZZZY', 'IIIIIIIIIIIXZZZZZZYI', 'IIIIIXZZZZZZZZZZZZXI', 'IIIIYZZZZZZZZZZZZXII', 'IIYZZZZZZZZZZZZZZYII', 'IIIIIIIIIIYZZZZZYIII', 'IIIIIIIYZZZZZZZZXIII', 'IIIIXZZZZZZZZZZYIIII', 'IIIYZZZZZZZZZZZXIIII', 'IIIIIIIIIIIYZZXIIIII', 'IIIIIIIIIXZZZZYIIIII', 'IIIIIIIXZZZZZXIIIIII', 'IIIIIYZZZZZZZYIIIIII', 'IIIIIIIIXZZZYIIIIIII', 'IYZZZZZZZZZZXIIIIIII', 'IXZZZZZZZZYIIIIIIIII', 'XZZZZZZZZXIIIIIIIIII', 'IIIIIIYZXIIIIIIIIIII', 'IIXZZZYIIIIIIIIIIIII']
