GS energy with  DMRG -3.7635428474099815
N= 3.0000000000000004
E= -3.7635428474099815
D= [[ 2.30553948e-01+0.j -3.30802817e-02+0.j  3.45886277e-01+0.j
   2.09041465e-12+0.j  2.19117013e-01+0.j  2.69013127e-02+0.j]
 [-3.30802817e-02+0.j  7.69446052e-01+0.j -8.02878597e-13+0.j
   3.45886277e-01+0.j  2.69013127e-02+0.j -2.19117013e-01+0.j]
 [ 3.45886277e-01+0.j -8.02887271e-13+0.j  5.42618241e-01+0.j
   5.23230315e-03+0.j  3.45886277e-01+0.j -2.06575555e-12+0.j]
 [ 2.09041985e-12+0.j  3.45886277e-01+0.j  5.23230315e-03+0.j
   4.57381759e-01+0.j  1.37496785e-12+0.j  3.45886277e-01+0.j]
 [ 2.19117013e-01+0.j  2.69013127e-02+0.j  3.45886277e-01+0.j
   1.37496264e-12+0.j  2.30553948e-01+0.j -3.30802817e-02+0.j]
 [ 2.69013127e-02+0.j -2.19117013e-01+0.j -2.06574688e-12+0.j
   3.45886277e-01+0.j -3.30802817e-02+0.j  7.69446052e-01+0.j]]
W= [0.14578878+0.j 0.21196981+0.j 0.14578878+0.j]
local approximation with  1 sites
local interactions on sites [[0], [1], [2]]
Functional for interaction on sites [0]
aca-directory for images already exists
aca-directory for images already exists
aca-directory for images already exists
interacting orbitals: [0, 1]
mapping: [0, 1, 2, 3, 4, 5]
aca-directory for images already exists
aca-directory for images already exists
aca-directory for images already exists
orbinteractaca= [0, 1]
aca-directory for images already exists
aca-directory for images already exists
aca-directory for images already exists
aca-directory for images already exists
aca-directory for images already exists
aca-directory for images already exists
aca-directory for images already exists
aca-directory for images already exists
aca-directory for images already exists
aca-directory for images already exists
aca-directory for images already exists
aca-directory for images already exists
aca-directory for images already exists
aca-directory for images already exists
aca-directory for images already exists
aca: level 2  norb= 6
Daca= [[ 2.30553948e-01+0.j -3.30802817e-02+0.j -4.10333112e-01+0.j
   3.10465707e-18+0.j -1.03232376e-16+0.j -5.65195167e-19+0.j]
 [-3.30802817e-02+0.j  7.69446052e-01+0.j  5.98184206e-14+0.j
  -4.10333112e-01+0.j  2.42774990e-18+0.j -4.50596696e-17+0.j]
 [-4.10333112e-01+0.j  5.98443565e-14+0.j  7.63677059e-01+0.j
   3.23720141e-02+0.j  3.06522849e-03+0.j  0.00000000e+00+0.j]
 [-1.32155773e-17+0.j -4.10333112e-01+0.j  3.23720141e-02+0.j
   2.36322941e-01+0.j  4.71131140e-13+0.j -3.06522849e-03+0.j]
 [ 7.78992683e-18+0.j -1.93338088e-17+0.j  3.06522849e-03+0.j
   4.71138261e-13+0.j  9.49512995e-03+0.j  6.02199925e-02+0.j]
 [-4.23462530e-18+0.j -7.71745302e-17+0.j -1.98024307e-17+0.j
  -3.06522849e-03+0.j  6.02199925e-02+0.j  9.90504870e-01+0.j]]
Naca= (1.0037261369806292, 1.9962738630193715)
nq= 6
variational state:
      ┌──────────┐ ┌──────────┐┌───┐     ┌───────────┐┌───────────┐»
q0_0: ┤ Ry(y[0]) ├─┤ Rz(y[6]) ├┤ X ├──■──┤ Ry(y[12]) ├┤ Rz(y[18]) ├»
      ├──────────┤ ├──────────┤└─┬─┘┌─┴─┐└───────────┘├───────────┤»
q0_1: ┤ Ry(y[1]) ├─┤ Rz(y[7]) ├──┼──┤ X ├──────■──────┤ Ry(y[13]) ├»
      ├──────────┤ ├──────────┤  │  └───┘    ┌─┴─┐    └───────────┘»
q0_2: ┤ Ry(y[2]) ├─┤ Rz(y[8]) ├──┼───────────┤ X ├──────────■──────»
      ├──────────┤ ├──────────┤  │           └───┘        ┌─┴─┐    »
q0_3: ┤ Ry(y[3]) ├─┤ Rz(y[9]) ├──┼────────────────────────┤ X ├────»
      ├──────────┤┌┴──────────┤  │                        └───┘    »
q0_4: ┤ Ry(y[4]) ├┤ Rz(y[10]) ├──┼─────────────────────────────────»
      ├──────────┤├───────────┤  │                                 »
q0_5: ┤ Ry(y[5]) ├┤ Rz(y[11]) ├──■─────────────────────────────────»
      └──────────┘└───────────┘                                    »
c0: 6/═════════════════════════════════════════════════════════════»
                                                                   »
«                                                          ┌───┐     »
«q0_0: ────────────────────────────────────────────────────┤ X ├──■──»
«      ┌───────────┐                                       └─┬─┘┌─┴─┐»
«q0_1: ┤ Rz(y[19]) ├─────────────────────────────────────────┼──┤ X ├»
«      ├───────────┤┌───────────┐                            │  └───┘»
«q0_2: ┤ Ry(y[14]) ├┤ Rz(y[20]) ├────────────────────────────┼───────»
«      └───────────┘├───────────┤┌───────────┐               │       »
«q0_3: ──────■──────┤ Ry(y[15]) ├┤ Rz(y[21]) ├───────────────┼───────»
«          ┌─┴─┐    └───────────┘├───────────┤┌───────────┐  │       »
«q0_4: ────┤ X ├──────────■──────┤ Ry(y[16]) ├┤ Rz(y[22]) ├──┼───────»
«          └───┘        ┌─┴─┐    ├───────────┤├───────────┤  │       »
«q0_5: ─────────────────┤ X ├────┤ Ry(y[17]) ├┤ Rz(y[23]) ├──■───────»
«                       └───┘    └───────────┘└───────────┘          »
«c0: 6/══════════════════════════════════════════════════════════════»
«                                                                    »
«      ┌───────────┐┌───────────┐                                       »
«q0_0: ┤ Ry(y[24]) ├┤ Rz(y[30]) ├───────────────────────────────────────»
«      └───────────┘├───────────┤┌───────────┐                          »
«q0_1: ──────■──────┤ Ry(y[25]) ├┤ Rz(y[31]) ├──────────────────────────»
«          ┌─┴─┐    └───────────┘├───────────┤┌───────────┐             »
«q0_2: ────┤ X ├──────────■──────┤ Ry(y[26]) ├┤ Rz(y[32]) ├─────────────»
«          └───┘        ┌─┴─┐    └───────────┘├───────────┤┌───────────┐»
«q0_3: ─────────────────┤ X ├──────────■──────┤ Ry(y[27]) ├┤ Rz(y[33]) ├»
«                       └───┘        ┌─┴─┐    └───────────┘├───────────┤»
«q0_4: ──────────────────────────────┤ X ├──────────■──────┤ Ry(y[28]) ├»
«                                    └───┘        ┌─┴─┐    ├───────────┤»
«q0_5: ───────────────────────────────────────────┤ X ├────┤ Ry(y[29]) ├»
«                                                 └───┘    └───────────┘»
«c0: 6/═════════════════════════════════════════════════════════════════»
«                                                                       »
«                   
«q0_0: ─────────────
«                   
«q0_1: ─────────────
«                   
«q0_2: ─────────────
«                   
«q0_3: ─────────────
«      ┌───────────┐
«q0_4: ┤ Rz(y[34]) ├
«      ├───────────┤
«q0_5: ┤ Rz(y[35]) ├
«      └───────────┘
«c0: 6/═════════════
«                   
ansatz-state is written to ansatz.txt
building constraints...
number of constraints= 36
unique pauliops 66
graphclique-cliquecover: 66 with commutationmode disjointqubits
strategy largest_first 45
strategy random_sequential 45
strategy smallest_last 45
strategy independent_set 45
strategy connected_sequential_bfs 45
strategy connected_sequential_dfs 45
strategy saturation_largest_first 45
number of cliques 45
clique 0 ['XZZZZX']
clique 1 ['YZZZZY']
clique 2 ['YZZZZX']
clique 3 ['XZZZZY']
clique 4 ['IXZZZX', 'ZIIIII']
clique 5 ['IYZZZY']
clique 6 ['IYZZZX']
clique 7 ['IXZZZY']
clique 8 ['IIIIIZ', 'XZZZXI']
clique 9 ['YZZZYI']
clique 10 ['YZZZXI']
clique 11 ['XZZZYI']
clique 12 ['IXZZXI']
clique 13 ['IYZZYI']
clique 14 ['IYZZXI']
clique 15 ['IXZZYI']
clique 16 ['IIXZZX', 'XXIIII']
clique 17 ['IIYZZY', 'YYIIII']
clique 18 ['IIYZZX', 'YXIIII']
clique 19 ['IIXZZY', 'XYIIII']
clique 20 ['IIIIXX', 'XZZXII']
clique 21 ['IIIIYY', 'YZZYII']
clique 22 ['IIIIYX', 'YZZXII']
clique 23 ['IIIIXY', 'XZZYII']
clique 24 ['IIXZXI', 'IZIIII']
clique 25 ['IIYZYI']
clique 26 ['IIYZXI']
clique 27 ['IIXZYI']
clique 28 ['IIIIZI', 'IXZXII']
clique 29 ['IYZYII']
clique 30 ['IYZXII']
clique 31 ['IXZYII']
clique 32 ['IIXXII']
clique 33 ['IIYYII']
clique 34 ['IIYXII']
clique 35 ['IIXYII']
clique 36 ['IIIXZX', 'XZXIII']
clique 37 ['IIIYZY', 'YZYIII']
clique 38 ['IIIYZX', 'YZXIII']
clique 39 ['IIIXZY', 'XZYIII']
clique 40 ['IIIXXI', 'IXXIII']
clique 41 ['IIIYYI', 'IYYIII']
clique 42 ['IIIYXI', 'IYXIII']
clique 43 ['IIIXYI', 'IXYIII']
clique 44 ['IIIZII', 'IIZIII']
