GS energy with  DMRG -11.694833190615835
N= 8.000000000000007
E= -11.694833190615835
D= [[ 5.00000000e-01+0.j  5.25969757e-13+0.j  4.22036269e-01+0.j
  -3.25821163e-13+0.j -1.87197480e-13+0.j  3.38460834e-14+0.j
  -1.73703655e-01+0.j  1.18556500e-13+0.j  4.27062899e-14+0.j
  -1.80710321e-14+0.j  1.20200285e-01+0.j -2.76958850e-13+0.j
  -5.49473661e-15+0.j  8.87837996e-15+0.j -1.00157388e-01+0.j
   6.89632445e-14+0.j]
 [ 5.25931604e-13+0.j  5.00000000e-01+0.j  2.63145402e-13+0.j
   4.22036270e-01+0.j  1.84135824e-13+0.j -1.63410951e-15+0.j
  -2.10599599e-13+0.j -1.73703654e-01+0.j -4.45202842e-14+0.j
  -1.11022302e-16+0.j  1.15444237e-13+0.j  1.20200337e-01+0.j
   1.78861675e-14+0.j -6.73766598e-15+0.j -1.14970402e-13+0.j
  -1.00157389e-01+0.j]
 [ 4.22036269e-01+0.j  2.63146765e-13+0.j  5.00000000e-01+0.j
  -5.32430946e-13+0.j  2.42188907e-01+0.j  2.36948433e-15+0.j
  -1.72183882e-13+0.j  1.96072408e-13+0.j -4.93501824e-02+0.j
  -4.50327574e-14+0.j  1.18122959e-13+0.j -1.29924278e-13+0.j
   1.57564596e-02+0.j  1.03566164e-13+0.j -1.06136508e-13+0.j
   1.06762802e-13+0.j]
 [-3.25777036e-13+0.j  4.22036270e-01+0.j -5.32410288e-13+0.j
   5.00000000e-01+0.j  1.46326179e-13+0.j  2.42188906e-01+0.j
   4.16531448e-16+0.j -6.66483470e-14+0.j -3.20592761e-14+0.j
  -4.93501569e-02+0.j  1.13083106e-15+0.j  4.56361294e-14+0.j
   8.39024989e-15+0.j  1.57564747e-02+0.j -2.91535570e-15+0.j
  -2.79676549e-14+0.j]
 [-1.87228705e-13+0.j  1.84106385e-13+0.j  2.42188907e-01+0.j
   1.46343593e-13+0.j  5.00000000e-01+0.j -1.70479780e-14+0.j
   3.74030139e-01+0.j -6.53465872e-14+0.j -1.17911757e-13+0.j
   1.20151702e-14+0.j -1.59133994e-01+0.j  2.22014153e-14+0.j
   4.06064071e-14+0.j -5.65026293e-15+0.j  1.20200335e-01+0.j
   1.05524813e-13+0.j]
 [ 3.38605095e-14+0.j -1.67053871e-15+0.j  2.37089716e-15+0.j
   2.42188906e-01+0.j -1.70884294e-14+0.j  5.00000000e-01+0.j
   1.98137632e-15+0.j  3.74030138e-01+0.j  9.79516922e-15+0.j
   4.18380608e-14+0.j -6.15279463e-15+0.j -1.59133997e-01+0.j
  -6.32886783e-15+0.j -1.03181352e-14+0.j  2.65105717e-14+0.j
   1.20200276e-01+0.j]
 [-1.73703655e-01+0.j -2.10640160e-13+0.j -1.72195374e-13+0.j
   4.19519199e-16+0.j  3.74030139e-01+0.j  2.01121037e-15+0.j
   5.00000000e-01+0.j  6.39252105e-15+0.j  2.58500787e-01+0.j
  -4.27550697e-15+0.j  2.26603025e-13+0.j -7.62205637e-15+0.j
  -4.93501639e-02+0.j  9.20562487e-14+0.j -1.86357115e-13+0.j
   8.36095307e-15+0.j]
 [ 1.18526676e-13+0.j -1.73703654e-01+0.j  1.96070438e-13+0.j
  -6.66523585e-14+0.j -6.54255618e-14+0.j  3.74030138e-01+0.j
   6.42324489e-15+0.j  5.00000000e-01+0.j  1.64009872e-14+0.j
   2.58500787e-01+0.j -5.21949902e-15+0.j -8.47309419e-14+0.j
  -2.43516616e-15+0.j -4.93501870e-02+0.j  7.50380894e-15+0.j
   6.51337031e-14+0.j]
 [ 4.28580782e-14+0.j -4.45795734e-14+0.j -4.93501824e-02+0.j
  -3.20590463e-14+0.j -1.17895277e-13+0.j  9.79585090e-15+0.j
   2.58500787e-01+0.j  1.64106960e-14+0.j  5.00000000e-01+0.j
  -1.28848952e-14+0.j  3.74030140e-01+0.j -2.04139912e-14+0.j
  -1.06945702e-14+0.j  5.40990289e-15+0.j -1.73703650e-01+0.j
   4.84637894e-15+0.j]
 [-1.80884214e-14+0.j -1.24900090e-16+0.j -4.50356303e-14+0.j
  -4.93501569e-02+0.j  1.19859992e-14+0.j  4.17652024e-14+0.j
  -4.27652098e-15+0.j  2.58500787e-01+0.j -1.27062552e-14+0.j
   5.00000000e-01+0.j  8.14415603e-15+0.j  3.74030141e-01+0.j
   6.01189278e-15+0.j  8.57647287e-15+0.j -2.13348022e-16+0.j
  -1.73703653e-01+0.j]
 [ 1.20200285e-01+0.j  1.15474477e-13+0.j  1.18126429e-13+0.j
   1.13225908e-15+0.j -1.59133994e-01+0.j -6.21330583e-15+0.j
   2.26635551e-13+0.j -5.21995402e-15+0.j  3.74030140e-01+0.j
   8.05153145e-15+0.j  5.00000000e-01+0.j  1.48749229e-14+0.j
   2.42188906e-01+0.j  8.32362865e-15+0.j  1.45027219e-13+0.j
  -1.37065322e-14+0.j]
 [-2.76931681e-13+0.j  1.20200337e-01+0.j -1.29919890e-13+0.j
   4.56394633e-14+0.j  2.22013165e-14+0.j -1.59133997e-01+0.j
  -7.62861151e-15+0.j -8.46697929e-14+0.j -2.03027506e-14+0.j
   3.74030141e-01+0.j  1.50272283e-14+0.j  5.00000000e-01+0.j
  -3.93466513e-15+0.j  2.42188906e-01+0.j -1.50779558e-14+0.j
  -6.75324962e-14+0.j]
 [-5.53116580e-15+0.j  1.78900920e-14+0.j  1.57564596e-02+0.j
   8.39093027e-15+0.j  4.06116113e-14+0.j -6.33257923e-15+0.j
  -4.93501639e-02+0.j -2.43591953e-15+0.j -1.06113035e-14+0.j
   5.99732287e-15+0.j  2.42188906e-01+0.j -3.94431949e-15+0.j
   5.00000000e-01+0.j -6.73087278e-15+0.j  4.22036268e-01+0.j
  -2.64444225e-15+0.j]
 [ 8.88015095e-15+0.j -6.70297151e-15+0.j  1.03568220e-13+0.j
   1.57564747e-02+0.j -5.64858503e-15+0.j -1.02626241e-14+0.j
   9.20546624e-14+0.j -4.93501870e-02+0.j  5.41289891e-15+0.j
   8.57647287e-15+0.j  8.32466982e-15+0.j  2.42188906e-01+0.j
  -6.73419949e-15+0.j  5.00000000e-01+0.j -4.90564679e-17+0.j
   4.22036268e-01+0.j]
 [-1.00157388e-01+0.j -1.14975532e-13+0.j -1.06151470e-13+0.j
  -2.91513694e-15+0.j  1.20200335e-01+0.j  2.65357176e-14+0.j
  -1.86342369e-13+0.j  7.50120972e-15+0.j -1.73703650e-01+0.j
  -1.32620784e-16+0.j  1.45034592e-13+0.j -1.49941376e-14+0.j
   4.22036268e-01+0.j -8.75784659e-17+0.j  5.00000000e-01+0.j
   2.18698560e-14+0.j]
 [ 6.89413995e-14+0.j -1.00157389e-01+0.j  1.06759057e-13+0.j
  -2.79731882e-14+0.j  1.05514642e-13+0.j  1.20200276e-01+0.j
   8.37223539e-15+0.j  6.50541067e-14+0.j  4.78809806e-15+0.j
  -1.73703653e-01+0.j -1.37854623e-14+0.j -6.75084739e-14+0.j
  -2.66027779e-15+0.j  4.22036268e-01+0.j  2.19454762e-14+0.j
   5.00000000e-01+0.j]]
W= [0.19157007+0.j 0.20949801+0.j 0.20994172+0.j 0.21159645+0.j
 0.21159645+0.j 0.20994172+0.j 0.209498  +0.j 0.19157007+0.j]
local approximation with  1 sites
local interactions on sites [[0], [1], [2], [3], [4], [5], [6], [7]]
Functional for interaction on sites [0]
aca-directory for images already exists
aca-directory for images already exists
aca-directory for images already exists
interacting orbitals: [0, 1]
mapping: [0, 1, 2, 3, 4, 5, 6, 7, 8, 9, 10, 11, 12, 13, 14, 15]
aca-directory for images already exists
aca-directory for images already exists
aca-directory for images already exists
orbinteractaca= [0, 1]
aca-directory for images already exists
aca-directory for images already exists
aca-directory for images already exists
aca-directory for images already exists
aca-directory for images already exists
aca-directory for images already exists
aca-directory for images already exists
aca-directory for images already exists
aca-directory for images already exists
aca-directory for images already exists
aca-directory for images already exists
aca-directory for images already exists
aca-directory for images already exists
aca-directory for images already exists
aca-directory for images already exists
aca-directory for images already exists
aca-directory for images already exists
aca-directory for images already exists
aca-directory for images already exists
aca-directory for images already exists
aca-directory for images already exists
aca-directory for images already exists
aca-directory for images already exists
aca-directory for images already exists
aca-directory for images already exists
aca-directory for images already exists
aca-directory for images already exists
aca-directory for images already exists
aca-directory for images already exists
aca-directory for images already exists
aca-directory for images already exists
aca-directory for images already exists
aca-directory for images already exists
aca-directory for images already exists
aca-directory for images already exists
aca-directory for images already exists
aca-directory for images already exists
aca-directory for images already exists
aca-directory for images already exists
aca-directory for images already exists
aca-directory for images already exists
aca-directory for images already exists
aca-directory for images already exists
aca-directory for images already exists
aca-directory for images already exists
aca: level 7  norb= 16
Daca= [[ 5.00000000e-01+0.j  5.25969757e-13+0.j -4.82459514e-01+0.j
  -7.43335695e-29+0.j -3.69501519e-29+0.j  1.08032884e-29+0.j
  -1.81577096e-17+0.j  9.71730887e-31+0.j -5.07975554e-30+0.j
  -4.37481163e-30+0.j -9.27562441e-19+0.j -3.95357002e-29+0.j
   5.38329236e-32+0.j  2.22456819e-31+0.j -1.18992740e-17+0.j
  -8.53206292e-31+0.j]
 [ 5.25931604e-13+0.j  5.00000000e-01+0.j  5.23761709e-14+0.j
  -4.82459528e-01+0.j  1.66952155e-29+0.j  1.13279859e-31+0.j
  -3.02692871e-30+0.j  1.05778545e-17+0.j  1.24111244e-30+0.j
   1.52687065e-32+0.j  5.27569690e-30+0.j -9.33556104e-18+0.j
  -2.97613046e-30+0.j  1.53983618e-30+0.j -1.01552942e-29+0.j
   8.35623913e-18+0.j]
 [-4.82459514e-01+0.j  5.23517759e-14+0.j  5.00000000e-01+0.j
  -5.02880348e-13+0.j  1.50250792e-02+0.j  1.92286735e-29+0.j
  -1.26086520e-29+0.j  1.69566116e-32+0.j  3.96119088e-19+0.j
   4.83856927e-29+0.j -2.98812675e-30+0.j -2.58307268e-32+0.j
  -6.64912210e-19+0.j  9.02194019e-30+0.j -3.15544362e-30+0.j
   0.00000000e+00+0.j]
 [-6.06421438e-17+0.j -4.82459528e-01+0.j -5.02834917e-13+0.j
   5.00000000e-01+0.j  1.51567616e-13+0.j  1.50250576e-02+0.j
  -5.34478827e-30+0.j -2.84063717e-32+0.j  1.41514202e-30+0.j
   2.54448570e-19+0.j -8.69209838e-30+0.j  4.54919566e-31+0.j
  -1.58884311e-30+0.j -3.58926710e-19+0.j -1.08116475e-40+0.j
  -1.97215226e-31+0.j]
 [-3.12250226e-17+0.j -2.94396557e-17+0.j  1.50250792e-02+0.j
   1.51573493e-13+0.j  5.00000000e-01+0.j -3.33083977e-12+0.j
   4.82560830e-01+0.j -5.57203932e-28+0.j -9.62379289e-30+0.j
   1.40156450e-29+0.j -9.94035852e-18+0.j -1.35841704e-27+0.j
   9.29713357e-29+0.j  5.54030289e-29+0.j  1.19686931e-17+0.j
  -3.96253347e-28+0.j]
 [ 1.44260619e-17+0.j -3.64291930e-17+0.j  7.97897836e-18+0.j
   1.50250576e-02+0.j -3.33081915e-12+0.j  5.00000000e-01+0.j
   1.04364731e-13+0.j  4.82560797e-01+0.j  9.02127720e-29+0.j
  -8.74328389e-31+0.j  2.54956421e-28+0.j -5.40029650e-17+0.j
   1.19548101e-28+0.j -6.18657009e-30+0.j -3.41447459e-28+0.j
   4.91720788e-17+0.j]
 [ 1.17943199e-16+0.j -3.56145256e-17+0.j -6.11745110e-17+0.j
  -4.95972565e-18+0.j  4.82560830e-01+0.j  1.04359503e-13+0.j
   5.00000000e-01+0.j  3.29083661e-12+0.j  6.54060691e-03+0.j
   2.41494083e-29+0.j -3.40913098e-30+0.j  5.77109452e-31+0.j
   2.29058318e-19+0.j -7.75409692e-31+0.j  6.31088718e-30+0.j
  -3.15544362e-30+0.j]
 [-9.70349742e-18+0.j  2.57775950e-16+0.j  8.69527059e-19+0.j
   6.60535134e-17+0.j  3.44858207e-18+0.j  4.82560797e-01+0.j
   3.29096733e-12+0.j  5.00000000e-01+0.j -1.50392413e-13+0.j
   6.54063224e-03+0.j  5.61908165e-30+0.j -4.37367375e-31+0.j
   4.47712541e-30+0.j  7.26256918e-19+0.j -2.52435490e-29+0.j
   0.00000000e+00+0.j]
 [ 1.51788304e-16+0.j -5.92891193e-17+0.j -5.67296471e-17+0.j
   4.54909401e-17+0.j  6.84636273e-18+0.j -8.26661371e-17+0.j
   6.54060691e-03+0.j -1.50323409e-13+0.j  5.00000000e-01+0.j
  -7.64054016e-12+0.j  4.90532381e-01+0.j  1.81163232e-27+0.j
  -8.16273662e-28+0.j  4.95421083e-28+0.j  1.27458681e-16+0.j
  -2.90429184e-27+0.j]
 [-1.73893015e-17+0.j -1.38777878e-17+0.j -4.78796770e-17+0.j
  -3.11884251e-17+0.j  1.06459745e-16+0.j  4.58433392e-17+0.j
  -1.01774702e-16+0.j  6.54063224e-03+0.j -7.64051215e-12+0.j
   5.00000000e-01+0.j -1.30673952e-13+0.j  4.90532436e-01+0.j
   6.46671763e-29+0.j -6.27203431e-30+0.j  1.09678690e-27+0.j
   5.16902358e-17+0.j]
 [ 9.15989218e-17+0.j  2.68171382e-17+0.j -5.18983726e-18+0.j
   4.41362652e-17+0.j -3.56885054e-16+0.j -3.15880756e-19+0.j
  -3.75138654e-17+0.j -6.58203209e-17+0.j  4.90532381e-01+0.j
  -1.30710170e-13+0.j  5.00000000e-01+0.j  7.65410307e-12+0.j
   1.95140580e-03+0.j -3.53909284e-30+0.j  1.47075552e-37+0.j
   7.88860905e-31+0.j]
 [ 1.32458541e-17+0.j -2.15767655e-16+0.j -5.30034395e-17+0.j
   1.55909618e-17+0.j  7.00754805e-17+0.j -2.62473894e-17+0.j
   7.29154482e-17+0.j  4.18562922e-17+0.j -2.26815101e-17+0.j
   4.90532436e-01+0.j  7.65414011e-12+0.j  5.00000000e-01+0.j
  -2.76417905e-15+0.j  1.95143312e-03+0.j  6.31088719e-30+0.j
  -1.97215226e-31+0.j]
 [-3.64291930e-17+0.j  3.92458882e-18+0.j  2.67034334e-19+0.j
   3.36906030e-18+0.j  2.92494887e-17+0.j -4.73703026e-18+0.j
  -1.21063373e-19+0.j -8.20243778e-17+0.j -1.16920464e-16+0.j
   7.11657433e-17+0.j  1.95140580e-03+0.j -2.78018644e-15+0.j
   5.00000000e-01+0.j -9.66759351e-12+0.j  4.93305009e-01+0.j
   1.61558713e-27+0.j]
 [ 1.77098872e-18+0.j  3.46944695e-17+0.j  1.16014901e-17+0.j
   5.58602878e-18+0.j -9.09092560e-19+0.j -7.90098524e-17+0.j
   5.73188491e-17+0.j -1.52299014e-17+0.j -5.24095924e-17+0.j
  -2.27115465e-17+0.j  1.13174195e-17+0.j  1.95143312e-03+0.j
  -9.66750727e-12+0.j  5.00000000e-01+0.j  7.47906969e-14+0.j
  -4.93304974e-01+0.j]
 [-5.25755754e-17+0.j -2.27818319e-18+0.j -6.78415295e-18+0.j
  -3.03907246e-17+0.j  9.52354199e-17+0.j  3.68684758e-17+0.j
  -7.55541182e-17+0.j  1.93345677e-17+0.j -2.78015618e-17+0.j
   2.90787292e-17+0.j  2.92831294e-19+0.j  2.43309941e-17+0.j
   4.93305009e-01+0.j  7.47462347e-14+0.j  5.00000000e-01+0.j
  -9.67095673e-12+0.j]
 [-1.02436126e-17+0.j  1.47134117e-16+0.j  3.55855136e-17+0.j
   9.46907467e-18+0.j -4.05633367e-17+0.j  2.14165032e-17+0.j
  -2.28238305e-17+0.j  1.53296109e-16+0.j -1.70933914e-17+0.j
   7.81446198e-17+0.j -2.76292989e-17+0.j  3.75654918e-17+0.j
  -4.02323506e-17+0.j -4.93304974e-01+0.j -9.67102284e-12+0.j
   5.00000000e-01+0.j]]
rounding Naca1 to integer
rounding Naca2 to integer
Naca= (4, 4)
nq= 16
variational state:
        ┌──────────┐┌───────────┐┌───┐     ┌───────────┐┌───────────┐»
 q0_0: ─┤ Ry(y[0]) ├┤ Rz(y[16]) ├┤ X ├──■──┤ Ry(y[32]) ├┤ Rz(y[48]) ├»
        ├──────────┤├───────────┤└─┬─┘┌─┴─┐└───────────┘├───────────┤»
 q0_1: ─┤ Ry(y[1]) ├┤ Rz(y[17]) ├──┼──┤ X ├──────■──────┤ Ry(y[33]) ├»
        ├──────────┤├───────────┤  │  └───┘    ┌─┴─┐    └───────────┘»
 q0_2: ─┤ Ry(y[2]) ├┤ Rz(y[18]) ├──┼───────────┤ X ├──────────■──────»
        ├──────────┤├───────────┤  │           └───┘        ┌─┴─┐    »
 q0_3: ─┤ Ry(y[3]) ├┤ Rz(y[19]) ├──┼────────────────────────┤ X ├────»
        ├──────────┤├───────────┤  │                        └───┘    »
 q0_4: ─┤ Ry(y[4]) ├┤ Rz(y[20]) ├──┼─────────────────────────────────»
        ├──────────┤├───────────┤  │                                 »
 q0_5: ─┤ Ry(y[5]) ├┤ Rz(y[21]) ├──┼─────────────────────────────────»
        ├──────────┤├───────────┤  │                                 »
 q0_6: ─┤ Ry(y[6]) ├┤ Rz(y[22]) ├──┼─────────────────────────────────»
        ├──────────┤├───────────┤  │                                 »
 q0_7: ─┤ Ry(y[7]) ├┤ Rz(y[23]) ├──┼─────────────────────────────────»
        ├──────────┤├───────────┤  │                                 »
 q0_8: ─┤ Ry(y[8]) ├┤ Rz(y[24]) ├──┼─────────────────────────────────»
        ├──────────┤├───────────┤  │                                 »
 q0_9: ─┤ Ry(y[9]) ├┤ Rz(y[25]) ├──┼─────────────────────────────────»
       ┌┴──────────┤├───────────┤  │                                 »
q0_10: ┤ Ry(y[10]) ├┤ Rz(y[26]) ├──┼─────────────────────────────────»
       ├───────────┤├───────────┤  │                                 »
q0_11: ┤ Ry(y[11]) ├┤ Rz(y[27]) ├──┼─────────────────────────────────»
       ├───────────┤├───────────┤  │                                 »
q0_12: ┤ Ry(y[12]) ├┤ Rz(y[28]) ├──┼─────────────────────────────────»
       ├───────────┤├───────────┤  │                                 »
q0_13: ┤ Ry(y[13]) ├┤ Rz(y[29]) ├──┼─────────────────────────────────»
       ├───────────┤├───────────┤  │                                 »
q0_14: ┤ Ry(y[14]) ├┤ Rz(y[30]) ├──┼─────────────────────────────────»
       ├───────────┤├───────────┤  │                                 »
q0_15: ┤ Ry(y[15]) ├┤ Rz(y[31]) ├──■─────────────────────────────────»
       └───────────┘└───────────┘                                    »
c0: 16/══════════════════════════════════════════════════════════════»
                                                                     »
«                                                                        »
« q0_0: ─────────────────────────────────────────────────────────────────»
«       ┌───────────┐                                                    »
« q0_1: ┤ Rz(y[49]) ├────────────────────────────────────────────────────»
«       ├───────────┤┌───────────┐                                       »
« q0_2: ┤ Ry(y[34]) ├┤ Rz(y[50]) ├───────────────────────────────────────»
«       └───────────┘├───────────┤┌───────────┐                          »
« q0_3: ──────■──────┤ Ry(y[35]) ├┤ Rz(y[51]) ├──────────────────────────»
«           ┌─┴─┐    └───────────┘├───────────┤┌───────────┐             »
« q0_4: ────┤ X ├──────────■──────┤ Ry(y[36]) ├┤ Rz(y[52]) ├─────────────»
«           └───┘        ┌─┴─┐    └───────────┘├───────────┤┌───────────┐»
« q0_5: ─────────────────┤ X ├──────────■──────┤ Ry(y[37]) ├┤ Rz(y[53]) ├»
«                        └───┘        ┌─┴─┐    └───────────┘├───────────┤»
« q0_6: ──────────────────────────────┤ X ├──────────■──────┤ Ry(y[38]) ├»
«                                     └───┘        ┌─┴─┐    └───────────┘»
« q0_7: ───────────────────────────────────────────┤ X ├──────────■──────»
«                                                  └───┘        ┌─┴─┐    »
« q0_8: ────────────────────────────────────────────────────────┤ X ├────»
«                                                               └───┘    »
« q0_9: ─────────────────────────────────────────────────────────────────»
«                                                                        »
«q0_10: ─────────────────────────────────────────────────────────────────»
«                                                                        »
«q0_11: ─────────────────────────────────────────────────────────────────»
«                                                                        »
«q0_12: ─────────────────────────────────────────────────────────────────»
«                                                                        »
«q0_13: ─────────────────────────────────────────────────────────────────»
«                                                                        »
«q0_14: ─────────────────────────────────────────────────────────────────»
«                                                                        »
«q0_15: ─────────────────────────────────────────────────────────────────»
«                                                                        »
«c0: 16/═════════════════════════════════════════════════════════════════»
«                                                                        »
«                                                                        »
« q0_0: ─────────────────────────────────────────────────────────────────»
«                                                                        »
« q0_1: ─────────────────────────────────────────────────────────────────»
«                                                                        »
« q0_2: ─────────────────────────────────────────────────────────────────»
«                                                                        »
« q0_3: ─────────────────────────────────────────────────────────────────»
«                                                                        »
« q0_4: ─────────────────────────────────────────────────────────────────»
«                                                                        »
« q0_5: ─────────────────────────────────────────────────────────────────»
«       ┌───────────┐                                                    »
« q0_6: ┤ Rz(y[54]) ├────────────────────────────────────────────────────»
«       ├───────────┤┌───────────┐                                       »
« q0_7: ┤ Ry(y[39]) ├┤ Rz(y[55]) ├───────────────────────────────────────»
«       └───────────┘├───────────┤┌───────────┐                          »
« q0_8: ──────■──────┤ Ry(y[40]) ├┤ Rz(y[56]) ├──────────────────────────»
«           ┌─┴─┐    └───────────┘├───────────┤┌───────────┐             »
« q0_9: ────┤ X ├──────────■──────┤ Ry(y[41]) ├┤ Rz(y[57]) ├─────────────»
«           └───┘        ┌─┴─┐    └───────────┘├───────────┤┌───────────┐»
«q0_10: ─────────────────┤ X ├──────────■──────┤ Ry(y[42]) ├┤ Rz(y[58]) ├»
«                        └───┘        ┌─┴─┐    └───────────┘├───────────┤»
«q0_11: ──────────────────────────────┤ X ├──────────■──────┤ Ry(y[43]) ├»
«                                     └───┘        ┌─┴─┐    └───────────┘»
«q0_12: ───────────────────────────────────────────┤ X ├──────────■──────»
«                                                  └───┘        ┌─┴─┐    »
«q0_13: ────────────────────────────────────────────────────────┤ X ├────»
«                                                               └───┘    »
«q0_14: ─────────────────────────────────────────────────────────────────»
«                                                                        »
«q0_15: ─────────────────────────────────────────────────────────────────»
«                                                                        »
«c0: 16/═════════════════════════════════════════════════════════════════»
«                                                                        »
«                                                           ┌───┐     »
« q0_0: ────────────────────────────────────────────────────┤ X ├──■──»
«                                                           └─┬─┘┌─┴─┐»
« q0_1: ──────────────────────────────────────────────────────┼──┤ X ├»
«                                                             │  └───┘»
« q0_2: ──────────────────────────────────────────────────────┼───────»
«                                                             │       »
« q0_3: ──────────────────────────────────────────────────────┼───────»
«                                                             │       »
« q0_4: ──────────────────────────────────────────────────────┼───────»
«                                                             │       »
« q0_5: ──────────────────────────────────────────────────────┼───────»
«                                                             │       »
« q0_6: ──────────────────────────────────────────────────────┼───────»
«                                                             │       »
« q0_7: ──────────────────────────────────────────────────────┼───────»
«                                                             │       »
« q0_8: ──────────────────────────────────────────────────────┼───────»
«                                                             │       »
« q0_9: ──────────────────────────────────────────────────────┼───────»
«                                                             │       »
«q0_10: ──────────────────────────────────────────────────────┼───────»
«       ┌───────────┐                                         │       »
«q0_11: ┤ Rz(y[59]) ├─────────────────────────────────────────┼───────»
«       ├───────────┤┌───────────┐                            │       »
«q0_12: ┤ Ry(y[44]) ├┤ Rz(y[60]) ├────────────────────────────┼───────»
«       └───────────┘├───────────┤┌───────────┐               │       »
«q0_13: ──────■──────┤ Ry(y[45]) ├┤ Rz(y[61]) ├───────────────┼───────»
«           ┌─┴─┐    └───────────┘├───────────┤┌───────────┐  │       »
«q0_14: ────┤ X ├──────────■──────┤ Ry(y[46]) ├┤ Rz(y[62]) ├──┼───────»
«           └───┘        ┌─┴─┐    ├───────────┤├───────────┤  │       »
«q0_15: ─────────────────┤ X ├────┤ Ry(y[47]) ├┤ Rz(y[63]) ├──■───────»
«                        └───┘    └───────────┘└───────────┘          »
«c0: 16/══════════════════════════════════════════════════════════════»
«                                                                     »
«       ┌───────────┐┌───────────┐                                       »
« q0_0: ┤ Ry(y[64]) ├┤ Rz(y[80]) ├───────────────────────────────────────»
«       └───────────┘├───────────┤┌───────────┐                          »
« q0_1: ──────■──────┤ Ry(y[65]) ├┤ Rz(y[81]) ├──────────────────────────»
«           ┌─┴─┐    └───────────┘├───────────┤┌───────────┐             »
« q0_2: ────┤ X ├──────────■──────┤ Ry(y[66]) ├┤ Rz(y[82]) ├─────────────»
«           └───┘        ┌─┴─┐    └───────────┘├───────────┤┌───────────┐»
« q0_3: ─────────────────┤ X ├──────────■──────┤ Ry(y[67]) ├┤ Rz(y[83]) ├»
«                        └───┘        ┌─┴─┐    └───────────┘├───────────┤»
« q0_4: ──────────────────────────────┤ X ├──────────■──────┤ Ry(y[68]) ├»
«                                     └───┘        ┌─┴─┐    └───────────┘»
« q0_5: ───────────────────────────────────────────┤ X ├──────────■──────»
«                                                  └───┘        ┌─┴─┐    »
« q0_6: ────────────────────────────────────────────────────────┤ X ├────»
«                                                               └───┘    »
« q0_7: ─────────────────────────────────────────────────────────────────»
«                                                                        »
« q0_8: ─────────────────────────────────────────────────────────────────»
«                                                                        »
« q0_9: ─────────────────────────────────────────────────────────────────»
«                                                                        »
«q0_10: ─────────────────────────────────────────────────────────────────»
«                                                                        »
«q0_11: ─────────────────────────────────────────────────────────────────»
«                                                                        »
«q0_12: ─────────────────────────────────────────────────────────────────»
«                                                                        »
«q0_13: ─────────────────────────────────────────────────────────────────»
«                                                                        »
«q0_14: ─────────────────────────────────────────────────────────────────»
«                                                                        »
«q0_15: ─────────────────────────────────────────────────────────────────»
«                                                                        »
«c0: 16/═════════════════════════════════════════════════════════════════»
«                                                                        »
«                                                                        »
« q0_0: ─────────────────────────────────────────────────────────────────»
«                                                                        »
« q0_1: ─────────────────────────────────────────────────────────────────»
«                                                                        »
« q0_2: ─────────────────────────────────────────────────────────────────»
«                                                                        »
« q0_3: ─────────────────────────────────────────────────────────────────»
«       ┌───────────┐                                                    »
« q0_4: ┤ Rz(y[84]) ├────────────────────────────────────────────────────»
«       ├───────────┤┌───────────┐                                       »
« q0_5: ┤ Ry(y[69]) ├┤ Rz(y[85]) ├───────────────────────────────────────»
«       └───────────┘├───────────┤┌───────────┐                          »
« q0_6: ──────■──────┤ Ry(y[70]) ├┤ Rz(y[86]) ├──────────────────────────»
«           ┌─┴─┐    └───────────┘├───────────┤┌───────────┐             »
« q0_7: ────┤ X ├──────────■──────┤ Ry(y[71]) ├┤ Rz(y[87]) ├─────────────»
«           └───┘        ┌─┴─┐    └───────────┘├───────────┤┌───────────┐»
« q0_8: ─────────────────┤ X ├──────────■──────┤ Ry(y[72]) ├┤ Rz(y[88]) ├»
«                        └───┘        ┌─┴─┐    └───────────┘├───────────┤»
« q0_9: ──────────────────────────────┤ X ├──────────■──────┤ Ry(y[73]) ├»
«                                     └───┘        ┌─┴─┐    └───────────┘»
«q0_10: ───────────────────────────────────────────┤ X ├──────────■──────»
«                                                  └───┘        ┌─┴─┐    »
«q0_11: ────────────────────────────────────────────────────────┤ X ├────»
«                                                               └───┘    »
«q0_12: ─────────────────────────────────────────────────────────────────»
«                                                                        »
«q0_13: ─────────────────────────────────────────────────────────────────»
«                                                                        »
«q0_14: ─────────────────────────────────────────────────────────────────»
«                                                                        »
«q0_15: ─────────────────────────────────────────────────────────────────»
«                                                                        »
«c0: 16/═════════════════════════════════════════════════════════════════»
«                                                                        »
«                                                                        »
« q0_0: ─────────────────────────────────────────────────────────────────»
«                                                                        »
« q0_1: ─────────────────────────────────────────────────────────────────»
«                                                                        »
« q0_2: ─────────────────────────────────────────────────────────────────»
«                                                                        »
« q0_3: ─────────────────────────────────────────────────────────────────»
«                                                                        »
« q0_4: ─────────────────────────────────────────────────────────────────»
«                                                                        »
« q0_5: ─────────────────────────────────────────────────────────────────»
«                                                                        »
« q0_6: ─────────────────────────────────────────────────────────────────»
«                                                                        »
« q0_7: ─────────────────────────────────────────────────────────────────»
«                                                                        »
« q0_8: ─────────────────────────────────────────────────────────────────»
«       ┌───────────┐                                                    »
« q0_9: ┤ Rz(y[89]) ├────────────────────────────────────────────────────»
«       ├───────────┤┌───────────┐                                       »
«q0_10: ┤ Ry(y[74]) ├┤ Rz(y[90]) ├───────────────────────────────────────»
«       └───────────┘├───────────┤┌───────────┐                          »
«q0_11: ──────■──────┤ Ry(y[75]) ├┤ Rz(y[91]) ├──────────────────────────»
«           ┌─┴─┐    └───────────┘├───────────┤┌───────────┐             »
«q0_12: ────┤ X ├──────────■──────┤ Ry(y[76]) ├┤ Rz(y[92]) ├─────────────»
«           └───┘        ┌─┴─┐    └───────────┘├───────────┤┌───────────┐»
«q0_13: ─────────────────┤ X ├──────────■──────┤ Ry(y[77]) ├┤ Rz(y[93]) ├»
«                        └───┘        ┌─┴─┐    └───────────┘├───────────┤»
«q0_14: ──────────────────────────────┤ X ├──────────■──────┤ Ry(y[78]) ├»
«                                     └───┘        ┌─┴─┐    ├───────────┤»
«q0_15: ───────────────────────────────────────────┤ X ├────┤ Ry(y[79]) ├»
«                                                  └───┘    └───────────┘»
«c0: 16/═════════════════════════════════════════════════════════════════»
«                                                                        »
«                    
« q0_0: ─────────────
«                    
« q0_1: ─────────────
«                    
« q0_2: ─────────────
«                    
« q0_3: ─────────────
«                    
« q0_4: ─────────────
«                    
« q0_5: ─────────────
«                    
« q0_6: ─────────────
«                    
« q0_7: ─────────────
«                    
« q0_8: ─────────────
«                    
« q0_9: ─────────────
«                    
«q0_10: ─────────────
«                    
«q0_11: ─────────────
«                    
«q0_12: ─────────────
«                    
«q0_13: ─────────────
«       ┌───────────┐
«q0_14: ┤ Rz(y[94]) ├
«       ├───────────┤
«q0_15: ┤ Rz(y[95]) ├
«       └───────────┘
«c0: 16/═════════════
«                    
ansatz-state is written to ansatz.txt
building constraints...
number of constraints= 256
unique pauliops 496
graphclique-cliquecover: 496 with commutationmode disjointqubits
strategy largest_first 286
strategy random_sequential 290
strategy smallest_last 286
strategy independent_set 295
strategy connected_sequential_bfs 286
strategy connected_sequential_dfs 286
strategy saturation_largest_first 286
number of cliques 286
clique 0 ['IZXXXXXXXXXXXXXX']
clique 1 ['IZXXXXXXXXXXXXXY']
clique 2 ['ZXXXXXXXXXXXXXXX']
clique 3 ['IYXXXXXXXXXXXXXY']
clique 4 ['IYXXXXXXXXXXXXXX']
clique 5 ['ZXXXXXXXXXXXXXXY']
clique 6 ['IZXXXXXXXXXXXXXZ']
clique 7 ['ZXXXXXXXXXXXXXXZ']
clique 8 ['IYXXXXXXXXXXXXXZ']
clique 9 ['IIZXXXXXXXXXXXXX', 'IXIIIIIIIIIIIIII']
clique 10 ['IIZXXXXXXXXXXXXY', 'ZYIIIIIIIIIIIIII']
clique 11 ['IIYXXXXXXXXXXXXY', 'ZZIIIIIIIIIIIIII']
clique 12 ['IIYXXXXXXXXXXXXX']
clique 13 ['IIZXXXXXXXXXXXXZ']
clique 14 ['IIIIIIIIIIIIIIIZ', 'IZXXXXXXXXXXXXYI']
clique 15 ['IIYXXXXXXXXXXXXZ']
clique 16 ['IIIIIIIIIIIIIIIX', 'IYXXXXXXXXXXXXYI']
clique 17 ['IIIIIIIIIIIIIIIY', 'ZXXXXXXXXXXXXXYI']
clique 18 ['IZXXXXXXXXXXXXZI']
clique 19 ['ZXXXXXXXXXXXXXZI']
clique 20 ['IYXXXXXXXXXXXXZI']
clique 21 ['IIZXXXXXXXXXXXYI']
clique 22 ['IIYXXXXXXXXXXXYI']
clique 23 ['IIZXXXXXXXXXXXZI']
clique 24 ['IIYXXXXXXXXXXXZI']
clique 25 ['IIIZXXXXXXXXXXXX', 'IZYIIIIIIIIIIIII']
clique 26 ['IIIZXXXXXXXXXXXY', 'IYYIIIIIIIIIIIII']
clique 27 ['IIIYXXXXXXXXXXXY', 'ZXYIIIIIIIIIIIII']
clique 28 ['IIIYXXXXXXXXXXXX', 'IZZIIIIIIIIIIIII']
clique 29 ['IIIZXXXXXXXXXXXZ', 'ZXZIIIIIIIIIIIII']
clique 30 ['IIIYXXXXXXXXXXXZ', 'IYZIIIIIIIIIIIII']
clique 31 ['IIIIIIIIIIIIIIZX', 'IZXXXXXXXXXXXYII']
clique 32 ['IIIIIIIIIIIIIIZY', 'IYXXXXXXXXXXXYII']
clique 33 ['IIIIIIIIIIIIIIYY', 'ZXXXXXXXXXXXXYII']
clique 34 ['IIIIIIIIIIIIIIYX', 'IZXXXXXXXXXXXZII']
clique 35 ['IIIIIIIIIIIIIIZZ', 'ZXXXXXXXXXXXXZII']
clique 36 ['IIIIIIIIIIIIIIYZ', 'IYXXXXXXXXXXXZII']
clique 37 ['IIIZXXXXXXXXXXYI', 'IIXIIIIIIIIIIIII']
clique 38 ['IIIYXXXXXXXXXXYI']
clique 39 ['IIIZXXXXXXXXXXZI']
clique 40 ['IIIIIIIIIIIIIIXI', 'IIZXXXXXXXXXXYII']
clique 41 ['IIIYXXXXXXXXXXZI']
clique 42 ['IIYXXXXXXXXXXYII']
clique 43 ['IIZXXXXXXXXXXZII']
clique 44 ['IIYXXXXXXXXXXZII']
clique 45 ['IIIZXXXXXXXXXYII']
clique 46 ['IIIYXXXXXXXXXYII']
clique 47 ['IIIZXXXXXXXXXZII']
clique 48 ['IIIYXXXXXXXXXZII']
clique 49 ['IIIIZXXXXXXXXXXX', 'IZXYIIIIIIIIIIII']
clique 50 ['IIIIZXXXXXXXXXXY', 'IYXYIIIIIIIIIIII']
clique 51 ['IIIIYXXXXXXXXXXY', 'ZXXYIIIIIIIIIIII']
clique 52 ['IIIIYXXXXXXXXXXX', 'IZXZIIIIIIIIIIII']
clique 53 ['IIIIZXXXXXXXXXXZ', 'ZXXZIIIIIIIIIIII']
clique 54 ['IIIIYXXXXXXXXXXZ', 'IYXZIIIIIIIIIIII']
clique 55 ['IIIIIIIIIIIIIZXX', 'IZXXXXXXXXXXYIII']
clique 56 ['IIIIIIIIIIIIIZXY', 'IYXXXXXXXXXXYIII']
clique 57 ['IIIIIIIIIIIIIYXY', 'ZXXXXXXXXXXXYIII']
clique 58 ['IIIIIIIIIIIIIYXX', 'IZXXXXXXXXXXZIII']
clique 59 ['IIIIIIIIIIIIIZXZ', 'ZXXXXXXXXXXXZIII']
clique 60 ['IIIIIIIIIIIIIYXZ', 'IYXXXXXXXXXXZIII']
clique 61 ['IIIIZXXXXXXXXXYI', 'IIZYIIIIIIIIIIII']
clique 62 ['IIIIYXXXXXXXXXYI', 'IIYYIIIIIIIIIIII']
clique 63 ['IIIIZXXXXXXXXXZI', 'IIZZIIIIIIIIIIII']
clique 64 ['IIIIYXXXXXXXXXZI', 'IIYZIIIIIIIIIIII']
clique 65 ['IIIIIIIIIIIIIZYI', 'IIZXXXXXXXXXYIII']
clique 66 ['IIIIIIIIIIIIIYYI', 'IIYXXXXXXXXXYIII']
clique 67 ['IIIIIIIIIIIIIZZI', 'IIZXXXXXXXXXZIII']
clique 68 ['IIIIIIIIIIIIIYZI', 'IIYXXXXXXXXXZIII']
clique 69 ['IIIIZXXXXXXXXYII', 'IIIXIIIIIIIIIIII']
clique 70 ['IIIIYXXXXXXXXYII']
clique 71 ['IIIIZXXXXXXXXZII']
clique 72 ['IIIIIIIIIIIIIXII', 'IIIZXXXXXXXXYIII']
clique 73 ['IIIIYXXXXXXXXZII']
clique 74 ['IIIYXXXXXXXXYIII']
clique 75 ['IIIZXXXXXXXXZIII']
clique 76 ['IIIYXXXXXXXXZIII']
clique 77 ['IIIIIZXXXXXXXXXX', 'IZXXYIIIIIIIIIII']
clique 78 ['IIIIIZXXXXXXXXXY', 'IYXXYIIIIIIIIIII']
clique 79 ['IIIIIYXXXXXXXXXY', 'ZXXXYIIIIIIIIIII']
clique 80 ['IIIIIYXXXXXXXXXX', 'IZXXZIIIIIIIIIII']
clique 81 ['IIIIIZXXXXXXXXXZ', 'ZXXXZIIIIIIIIIII']
clique 82 ['IIIIIYXXXXXXXXXZ', 'IYXXZIIIIIIIIIII']
clique 83 ['IIIIIIIIIIIIZXXX', 'IZXXXXXXXXXYIIII']
clique 84 ['IIIIIIIIIIIIZXXY', 'IYXXXXXXXXXYIIII']
clique 85 ['IIIIIIIIIIIIYXXY', 'ZXXXXXXXXXXYIIII']
clique 86 ['IIIIIIIIIIIIYXXX', 'IZXXXXXXXXXZIIII']
clique 87 ['IIIIIIIIIIIIZXXZ', 'ZXXXXXXXXXXZIIII']
clique 88 ['IIIIIIIIIIIIYXXZ', 'IYXXXXXXXXXZIIII']
clique 89 ['IIIIIZXXXXXXXXYI', 'IIZXYIIIIIIIIIII']
clique 90 ['IIIIIYXXXXXXXXYI', 'IIYXYIIIIIIIIIII']
clique 91 ['IIIIIZXXXXXXXXZI', 'IIZXZIIIIIIIIIII']
clique 92 ['IIIIIYXXXXXXXXZI', 'IIYXZIIIIIIIIIII']
clique 93 ['IIIIIIIIIIIIZXYI', 'IIZXXXXXXXXYIIII']
clique 94 ['IIIIIIIIIIIIYXYI', 'IIYXXXXXXXXYIIII']
clique 95 ['IIIIIIIIIIIIZXZI', 'IIZXXXXXXXXZIIII']
clique 96 ['IIIIIIIIIIIIYXZI', 'IIYXXXXXXXXZIIII']
clique 97 ['IIIIZXXXXXXXYIII']
clique 98 ['IIIIYXXXXXXXYIII']
clique 99 ['IIIIZXXXXXXXZIII']
clique 100 ['IIIIYXXXXXXXZIII']
clique 101 ['IIIIIZXXXXXXXYII', 'IIIZYIIIIIIIIIII']
clique 102 ['IIIIIYXXXXXXXYII', 'IIIYYIIIIIIIIIII']
clique 103 ['IIIIIZXXXXXXXZII', 'IIIZZIIIIIIIIIII']
clique 104 ['IIIIIYXXXXXXXZII', 'IIIYZIIIIIIIIIII']
clique 105 ['IIIIIIIIIIIIZYII', 'IIIZXXXXXXXYIIII']
clique 106 ['IIIIIIIIIIIIYYII', 'IIIYXXXXXXXYIIII']
clique 107 ['IIIIIIIIIIIIZZII', 'IIIZXXXXXXXZIIII']
clique 108 ['IIIIIIIIIIIIYZII', 'IIIYXXXXXXXZIIII']
clique 109 ['IIIIIIZXXXXXXXXX', 'IZXXXYIIIIIIIIII']
clique 110 ['IIIIIIZXXXXXXXXY', 'IYXXXYIIIIIIIIII']
clique 111 ['IIIIIIYXXXXXXXXY', 'ZXXXXYIIIIIIIIII']
clique 112 ['IIIIIIYXXXXXXXXX', 'IZXXXZIIIIIIIIII']
clique 113 ['IIIIIIZXXXXXXXXZ', 'ZXXXXZIIIIIIIIII']
clique 114 ['IIIIIIYXXXXXXXXZ', 'IYXXXZIIIIIIIIII']
clique 115 ['IIIIIIIIIIIZXXXX', 'IZXXXXXXXXYIIIII']
clique 116 ['IIIIIIIIIIIZXXXY', 'IYXXXXXXXXYIIIII']
clique 117 ['IIIIIIIIIIIYXXXY', 'ZXXXXXXXXXYIIIII']
clique 118 ['IIIIIIIIIIIYXXXX', 'IZXXXXXXXXZIIIII']
clique 119 ['IIIIIIIIIIIZXXXZ', 'ZXXXXXXXXXZIIIII']
clique 120 ['IIIIIIIIIIIYXXXZ', 'IYXXXXXXXXZIIIII']
clique 121 ['IIIIIZXXXXXXYIII', 'IIIIXIIIIIIIIIII']
clique 122 ['IIIIIYXXXXXXYIII']
clique 123 ['IIIIIZXXXXXXZIII']
clique 124 ['IIIIIIIIIIIIXIII', 'IIIIZXXXXXXYIIII']
clique 125 ['IIIIIYXXXXXXZIII']
clique 126 ['IIIIYXXXXXXYIIII']
clique 127 ['IIIIZXXXXXXZIIII']
clique 128 ['IIIIYXXXXXXZIIII']
clique 129 ['IIIIIIZXXXXXXXYI', 'IIZXXYIIIIIIIIII']
clique 130 ['IIIIIIYXXXXXXXYI', 'IIYXXYIIIIIIIIII']
clique 131 ['IIIIIIZXXXXXXXZI', 'IIZXXZIIIIIIIIII']
clique 132 ['IIIIIIYXXXXXXXZI', 'IIYXXZIIIIIIIIII']
clique 133 ['IIIIIIIIIIIZXXYI', 'IIZXXXXXXXYIIIII']
clique 134 ['IIIIIIIIIIIYXXYI', 'IIYXXXXXXXYIIIII']
clique 135 ['IIIIIIIIIIIZXXZI', 'IIZXXXXXXXZIIIII']
clique 136 ['IIIIIIIIIIIYXXZI', 'IIYXXXXXXXZIIIII']
clique 137 ['IIIIIIZXXXXXXYII', 'IIIZXYIIIIIIIIII']
clique 138 ['IIIIIIYXXXXXXYII', 'IIIYXYIIIIIIIIII']
clique 139 ['IIIIIIZXXXXXXZII', 'IIIZXZIIIIIIIIII']
clique 140 ['IIIIIIYXXXXXXZII', 'IIIYXZIIIIIIIIII']
clique 141 ['IIIIIIIIIIIZXYII', 'IIIZXXXXXXYIIIII']
clique 142 ['IIIIIIIIIIIYXYII', 'IIIYXXXXXXYIIIII']
clique 143 ['IIIIIIIIIIIZXZII', 'IIIZXXXXXXZIIIII']
clique 144 ['IIIIIIIIIIIYXZII', 'IIIYXXXXXXZIIIII']
clique 145 ['IIIIIZXXXXXYIIII']
clique 146 ['IIIIIYXXXXXYIIII']
clique 147 ['IIIIIZXXXXXZIIII']
clique 148 ['IIIIIYXXXXXZIIII']
clique 149 ['IIIIIIZXXXXXYIII', 'IIIIZYIIIIIIIIII']
clique 150 ['IIIIIIYXXXXXYIII', 'IIIIYYIIIIIIIIII']
clique 151 ['IIIIIIZXXXXXZIII', 'IIIIZZIIIIIIIIII']
clique 152 ['IIIIIIYXXXXXZIII', 'IIIIYZIIIIIIIIII']
clique 153 ['IIIIIIIIIIIZYIII', 'IIIIZXXXXXYIIIII']
clique 154 ['IIIIIIIIIIIYYIII', 'IIIIYXXXXXYIIIII']
clique 155 ['IIIIIIIIIIIZZIII', 'IIIIZXXXXXZIIIII']
clique 156 ['IIIIIIIIIIIYZIII', 'IIIIYXXXXXZIIIII']
clique 157 ['IIIIIIIZXXXXXXXX', 'IZXXXXYIIIIIIIII']
clique 158 ['IIIIIIIZXXXXXXXY', 'IYXXXXYIIIIIIIII']
clique 159 ['IIIIIIIYXXXXXXXY', 'ZXXXXXYIIIIIIIII']
clique 160 ['IIIIIIIYXXXXXXXX', 'IZXXXXZIIIIIIIII']
clique 161 ['IIIIIIIZXXXXXXXZ', 'ZXXXXXZIIIIIIIII']
clique 162 ['IIIIIIIYXXXXXXXZ', 'IYXXXXZIIIIIIIII']
clique 163 ['IIIIIIIIIIZXXXXX', 'IZXXXXXXXYIIIIII']
clique 164 ['IIIIIIIIIIZXXXXY', 'IYXXXXXXXYIIIIII']
clique 165 ['IIIIIIIIIIYXXXXY', 'ZXXXXXXXXYIIIIII']
clique 166 ['IIIIIIIIIIYXXXXX', 'IZXXXXXXXZIIIIII']
clique 167 ['IIIIIIIIIIZXXXXZ', 'ZXXXXXXXXZIIIIII']
clique 168 ['IIIIIIIIIIYXXXXZ', 'IYXXXXXXXZIIIIII']
clique 169 ['IIIIIIIZXXXXXXYI', 'IIZXXXYIIIIIIIII']
clique 170 ['IIIIIIIYXXXXXXYI', 'IIYXXXYIIIIIIIII']
clique 171 ['IIIIIIIZXXXXXXZI', 'IIZXXXZIIIIIIIII']
clique 172 ['IIIIIIIYXXXXXXZI', 'IIYXXXZIIIIIIIII']
clique 173 ['IIIIIIIIIIZXXXYI', 'IIZXXXXXXYIIIIII']
clique 174 ['IIIIIIIIIIYXXXYI', 'IIYXXXXXXYIIIIII']
clique 175 ['IIIIIIIIIIZXXXZI', 'IIZXXXXXXZIIIIII']
clique 176 ['IIIIIIIIIIYXXXZI', 'IIYXXXXXXZIIIIII']
clique 177 ['IIIIIIIZXXXXXYII', 'IIIZXXYIIIIIIIII']
clique 178 ['IIIIIIIYXXXXXYII', 'IIIYXXYIIIIIIIII']
clique 179 ['IIIIIIIZXXXXXZII', 'IIIZXXZIIIIIIIII']
clique 180 ['IIIIIIIYXXXXXZII', 'IIIYXXZIIIIIIIII']
clique 181 ['IIIIIIIIIIZXXYII', 'IIIZXXXXXYIIIIII']
clique 182 ['IIIIIIIIIIYXXYII', 'IIIYXXXXXYIIIIII']
clique 183 ['IIIIIIIIIIZXXZII', 'IIIZXXXXXZIIIIII']
clique 184 ['IIIIIIIIIIYXXZII', 'IIIYXXXXXZIIIIII']
clique 185 ['IIIIIIZXXXXYIIII', 'IIIIIXIIIIIIIIII']
clique 186 ['IIIIIIYXXXXYIIII']
clique 187 ['IIIIIIZXXXXZIIII']
clique 188 ['IIIIIIIIIIIXIIII', 'IIIIIZXXXXYIIIII']
clique 189 ['IIIIIIYXXXXZIIII']
clique 190 ['IIIIIYXXXXYIIIII']
clique 191 ['IIIIIZXXXXZIIIII']
clique 192 ['IIIIIYXXXXZIIIII']
clique 193 ['IIIIIIIZXXXXYIII', 'IIIIZXYIIIIIIIII']
clique 194 ['IIIIIIIYXXXXYIII', 'IIIIYXYIIIIIIIII']
clique 195 ['IIIIIIIZXXXXZIII', 'IIIIZXZIIIIIIIII']
clique 196 ['IIIIIIIYXXXXZIII', 'IIIIYXZIIIIIIIII']
clique 197 ['IIIIIIIIIIZXYIII', 'IIIIZXXXXYIIIIII']
clique 198 ['IIIIIIIIIIYXYIII', 'IIIIYXXXXYIIIIII']
clique 199 ['IIIIIIIIIIZXZIII', 'IIIIZXXXXZIIIIII']
clique 200 ['IIIIIIIIIIYXZIII', 'IIIIYXXXXZIIIIII']
clique 201 ['IIIIIIIIZXXXXXXX', 'IZXXXXXYIIIIIIII']
clique 202 ['IIIIIIIIZXXXXXXY', 'IYXXXXXYIIIIIIII']
clique 203 ['IIIIIIIIYXXXXXXY', 'ZXXXXXXYIIIIIIII']
clique 204 ['IIIIIIIIYXXXXXXX', 'IZXXXXXZIIIIIIII']
clique 205 ['IIIIIIIIZXXXXXXZ', 'ZXXXXXXZIIIIIIII']
clique 206 ['IIIIIIIIYXXXXXXZ', 'IYXXXXXZIIIIIIII']
clique 207 ['IIIIIIIIIZXXXXXX', 'IZXXXXXXYIIIIIII']
clique 208 ['IIIIIIIIIZXXXXXY', 'IYXXXXXXYIIIIIII']
clique 209 ['IIIIIIIIIYXXXXXY', 'ZXXXXXXXYIIIIIII']
clique 210 ['IIIIIIIIIYXXXXXX', 'IZXXXXXXZIIIIIII']
clique 211 ['IIIIIIIIIZXXXXXZ', 'ZXXXXXXXZIIIIIII']
clique 212 ['IIIIIIIIIYXXXXXZ', 'IYXXXXXXZIIIIIII']
clique 213 ['IIIIIIIIZXXXXXYI', 'IIZXXXXYIIIIIIII']
clique 214 ['IIIIIIIIYXXXXXYI', 'IIYXXXXYIIIIIIII']
clique 215 ['IIIIIIIIZXXXXXZI', 'IIZXXXXZIIIIIIII']
clique 216 ['IIIIIIIIYXXXXXZI', 'IIYXXXXZIIIIIIII']
clique 217 ['IIIIIIIIIZXXXXYI', 'IIZXXXXXYIIIIIII']
clique 218 ['IIIIIIIIIYXXXXYI', 'IIYXXXXXYIIIIIII']
clique 219 ['IIIIIIIIIZXXXXZI', 'IIZXXXXXZIIIIIII']
clique 220 ['IIIIIIIIIYXXXXZI', 'IIYXXXXXZIIIIIII']
clique 221 ['IIIIIIZXXXYIIIII']
clique 222 ['IIIIIIYXXXYIIIII']
clique 223 ['IIIIIIZXXXZIIIII']
clique 224 ['IIIIIIYXXXZIIIII']
clique 225 ['IIIIIIIZXXXYIIII', 'IIIIIZYIIIIIIIII']
clique 226 ['IIIIIIIYXXXYIIII', 'IIIIIYYIIIIIIIII']
clique 227 ['IIIIIIIZXXXZIIII', 'IIIIIZZIIIIIIIII']
clique 228 ['IIIIIIIYXXXZIIII', 'IIIIIYZIIIIIIIII']
clique 229 ['IIIIIIIIIIZYIIII', 'IIIIIZXXXYIIIIII']
clique 230 ['IIIIIIIIIIYYIIII', 'IIIIIYXXXYIIIIII']
clique 231 ['IIIIIIIIIIZZIIII', 'IIIIIZXXXZIIIIII']
clique 232 ['IIIIIIIIIIYZIIII', 'IIIIIYXXXZIIIIII']
clique 233 ['IIIIIIIIZXXXXYII', 'IIIZXXXYIIIIIIII']
clique 234 ['IIIIIIIIYXXXXYII', 'IIIYXXXYIIIIIIII']
clique 235 ['IIIIIIIIZXXXXZII', 'IIIZXXXZIIIIIIII']
clique 236 ['IIIIIIIIYXXXXZII', 'IIIYXXXZIIIIIIII']
clique 237 ['IIIIIIIIIZXXXYII', 'IIIZXXXXYIIIIIII']
clique 238 ['IIIIIIIIIYXXXYII', 'IIIYXXXXYIIIIIII']
clique 239 ['IIIIIIIIIZXXXZII', 'IIIZXXXXZIIIIIII']
clique 240 ['IIIIIIIIIYXXXZII', 'IIIYXXXXZIIIIIII']
clique 241 ['IIIIIIIIZXXXYIII', 'IIIIZXXYIIIIIIII']
clique 242 ['IIIIIIIIYXXXYIII', 'IIIIYXXYIIIIIIII']
clique 243 ['IIIIIIIIZXXXZIII', 'IIIIZXXZIIIIIIII']
clique 244 ['IIIIIIIIYXXXZIII', 'IIIIYXXZIIIIIIII']
clique 245 ['IIIIIIIIIZXXYIII', 'IIIIZXXXYIIIIIII']
clique 246 ['IIIIIIIIIYXXYIII', 'IIIIYXXXYIIIIIII']
clique 247 ['IIIIIIIIIZXXZIII', 'IIIIZXXXZIIIIIII']
clique 248 ['IIIIIIIIIYXXZIII', 'IIIIYXXXZIIIIIII']
clique 249 ['IIIIIIIZXXYIIIII', 'IIIIIIXIIIIIIIII']
clique 250 ['IIIIIIIYXXYIIIII']
clique 251 ['IIIIIIIZXXZIIIII']
clique 252 ['IIIIIIIIIIXIIIII', 'IIIIIIZXXYIIIIII']
clique 253 ['IIIIIIIYXXZIIIII']
clique 254 ['IIIIIIYXXYIIIIII']
clique 255 ['IIIIIIZXXZIIIIII']
clique 256 ['IIIIIIYXXZIIIIII']
clique 257 ['IIIIIIIIZXXYIIII', 'IIIIIZXYIIIIIIII']
clique 258 ['IIIIIIIIYXXYIIII', 'IIIIIYXYIIIIIIII']
clique 259 ['IIIIIIIIZXXZIIII', 'IIIIIZXZIIIIIIII']
clique 260 ['IIIIIIIIYXXZIIII', 'IIIIIYXZIIIIIIII']
clique 261 ['IIIIIIIIIZXYIIII', 'IIIIIZXXYIIIIIII']
clique 262 ['IIIIIIIIIYXYIIII', 'IIIIIYXXYIIIIIII']
clique 263 ['IIIIIIIIIZXZIIII', 'IIIIIZXXZIIIIIII']
clique 264 ['IIIIIIIIIYXZIIII', 'IIIIIYXXZIIIIIII']
clique 265 ['IIIIIIIZXYIIIIII']
clique 266 ['IIIIIIIYXYIIIIII']
clique 267 ['IIIIIIIZXZIIIIII']
clique 268 ['IIIIIIIYXZIIIIII']
clique 269 ['IIIIIIIIZXYIIIII', 'IIIIIIZYIIIIIIII']
clique 270 ['IIIIIIIIYXYIIIII', 'IIIIIIYYIIIIIIII']
clique 271 ['IIIIIIIIZXZIIIII', 'IIIIIIZZIIIIIIII']
clique 272 ['IIIIIIIIYXZIIIII', 'IIIIIIYZIIIIIIII']
clique 273 ['IIIIIIIIIZYIIIII', 'IIIIIIZXYIIIIIII']
clique 274 ['IIIIIIIIIYYIIIII', 'IIIIIIYXYIIIIIII']
clique 275 ['IIIIIIIIIZZIIIII', 'IIIIIIZXZIIIIIII']
clique 276 ['IIIIIIIIIYZIIIII', 'IIIIIIYXZIIIIIII']
clique 277 ['IIIIIIIIZYIIIIII', 'IIIIIIIXIIIIIIII']
clique 278 ['IIIIIIIIYYIIIIII']
clique 279 ['IIIIIIIIZZIIIIII']
clique 280 ['IIIIIIIIIXIIIIII', 'IIIIIIIZYIIIIIII']
clique 281 ['IIIIIIIIYZIIIIII']
clique 282 ['IIIIIIIYYIIIIIII']
clique 283 ['IIIIIIIZZIIIIIII']
clique 284 ['IIIIIIIYZIIIIIII']
clique 285 ['IIIIIIIIXIIIIIII']
