GS energy with  DMRG -13.110654654822751
N= 9.000000000000002
E= -13.110654654822751
D= [[ 3.90326316e-01+0.j  5.38932805e-02+0.j  4.05184604e-01+0.j
   6.06045710e-09+0.j  8.82632878e-02+0.j -4.33722873e-02+0.j
  -1.40617336e-01+0.j -2.77220292e-09+0.j -8.06809519e-02+0.j
   3.96463448e-02+0.j  6.98466379e-02+0.j -2.37838113e-07+0.j
   7.58445623e-02+0.j -3.72709702e-02+0.j -3.02115301e-02+0.j
  -1.61054411e-06+0.j -7.17759458e-02+0.j  3.52687695e-02+0.j]
 [ 5.38932805e-02+0.j  6.09673701e-01+0.j  6.06069798e-09+0.j
   4.05184599e-01+0.j -4.33722864e-02+0.j -8.82632959e-02+0.j
  -6.54035087e-09+0.j -1.40617335e-01+0.j  3.96463524e-02+0.j
   8.06809372e-02+0.j  1.55609382e-08+0.j  6.98469666e-02+0.j
  -3.72698164e-02+0.j -7.58447772e-02+0.j  1.53136899e-08+0.j
  -3.02100089e-02+0.j  3.52704327e-02+0.j  7.17759393e-02+0.j]
 [ 4.05184604e-01+0.j  6.06069799e-09+0.j  5.20789067e-01+0.j
  -1.02156816e-02+0.j  2.60853307e-01+0.j  2.00350308e-09+0.j
  -6.48029671e-03+0.j  3.18438984e-03+0.j -6.97722870e-02+0.j
  -3.60584293e-09+0.j  3.03896818e-03+0.j -1.49293082e-03+0.j
   3.95486003e-02+0.j  1.13397336e-06+0.j -1.24841034e-03+0.j
   6.15948011e-04+0.j -3.02100307e-02+0.j  1.64555911e-06+0.j]
 [ 6.06045713e-09+0.j  4.05184599e-01+0.j -1.02156816e-02+0.j
   4.79210943e-01+0.j  1.44380959e-09+0.j  2.60853301e-01+0.j
   3.18439340e-03+0.j  6.48027952e-03+0.j -8.65160640e-10+0.j
  -6.97722650e-02+0.j -1.49334038e-03+0.j -3.03890456e-03+0.j
  -5.69361800e-09+0.j  3.95475845e-02+0.j  6.13339014e-04+0.j
   1.24841249e-03+0.j -2.18576009e-08+0.j -3.02115705e-02+0.j]
 [ 8.82632878e-02+0.j -4.33722864e-02+0.j  2.60853307e-01+0.j
   1.44380957e-09+0.j  3.93104962e-01+0.j  5.25278614e-02+0.j
   3.36227171e-01+0.j  3.54289925e-09+0.j  8.73122087e-02+0.j
  -4.29049408e-02+0.j -1.01914145e-01+0.j -2.15177893e-07+0.j
  -8.05589811e-02+0.j  3.95854880e-02+0.j  3.95475975e-02+0.j
  -1.18293881e-06+0.j  7.58448050e-02+0.j -3.72710503e-02+0.j]
 [-4.33722873e-02+0.j -8.82632959e-02+0.j  2.00350310e-09+0.j
   2.60853301e-01+0.j  5.25278614e-02+0.j  6.06895046e-01+0.j
   4.87194622e-09+0.j  3.36227157e-01+0.j -4.29049362e-02+0.j
  -8.73122289e-02+0.j  5.12533388e-09+0.j -1.01913871e-01+0.j
   3.95863952e-02+0.j  8.05589772e-02+0.j  1.18894484e-08+0.j
   3.95486535e-02+0.j -3.72698396e-02+0.j -7.58445974e-02+0.j]
 [-1.40617336e-01+0.j -6.54035086e-09+0.j -6.48029671e-03+0.j
   3.18439340e-03+0.j  3.36227171e-01+0.j  4.87194626e-09+0.j
   5.24746026e-01+0.j -1.21601231e-02+0.j  3.02826784e-01+0.j
   2.93891818e-09+0.j -7.97030520e-03+0.j  3.91670705e-03+0.j
  -1.01913881e-01+0.j  2.53253677e-07+0.j  3.03888580e-03+0.j
  -1.49283892e-03+0.j  6.98469909e-02+0.j  2.98378894e-07+0.j]
 [-2.77220295e-09+0.j -1.40617335e-01+0.j  3.18438984e-03+0.j
   6.48027952e-03+0.j  3.54289928e-09+0.j  3.36227157e-01+0.j
  -1.21601231e-02+0.j  4.75253976e-01+0.j  2.44888250e-09+0.j
   3.02826771e-01+0.j  3.91658389e-03+0.j  7.97030559e-03+0.j
  -8.78714605e-09+0.j -1.01914189e-01+0.j -1.49333366e-03+0.j
  -3.03895294e-03+0.j -1.52226410e-08+0.j  6.98466098e-02+0.j]
 [-8.06809519e-02+0.j  3.96463524e-02+0.j -6.97722870e-02+0.j
  -8.65160646e-10+0.j  8.73122087e-02+0.j -4.29049362e-02+0.j
   3.02826784e-01+0.j  2.44888251e-09+0.j  3.93320057e-01+0.j
   5.24221702e-02+0.j  3.02826775e-01+0.j -1.19582314e-08+0.j
   8.73122323e-02+0.j -4.29049716e-02+0.j -6.97722924e-02+0.j
  -2.87963067e-08+0.j -8.06809211e-02+0.j  3.96463063e-02+0.j]
 [ 3.96463448e-02+0.j  8.06809372e-02+0.j -3.60584292e-09+0.j
  -6.97722650e-02+0.j -4.29049408e-02+0.j -8.73122289e-02+0.j
   2.93891814e-09+0.j  3.02826771e-01+0.j  5.24221702e-02+0.j
   6.06679941e-01+0.j  1.52756555e-09+0.j  3.02826795e-01+0.j
  -4.29049400e-02+0.j -8.73122125e-02+0.j  1.23566425e-09+0.j
  -6.97722843e-02+0.j  3.96463493e-02+0.j  8.06809397e-02+0.j]
 [ 6.98466379e-02+0.j  1.55609382e-08+0.j  3.03896818e-03+0.j
  -1.49334038e-03+0.j -1.01914145e-01+0.j  5.12533385e-09+0.j
  -7.97030520e-03+0.j  3.91658389e-03+0.j  3.02826775e-01+0.j
   1.52756552e-09+0.j  5.24746022e-01+0.j -1.21601209e-02+0.j
   3.36227166e-01+0.j -3.94701888e-09+0.j -6.48028127e-03+0.j
   3.18439926e-03+0.j -1.40617322e-01+0.j  1.10742233e-08+0.j]
 [-2.37838113e-07+0.j  6.98469666e-02+0.j -1.49293082e-03+0.j
  -3.03890456e-03+0.j -2.15177893e-07+0.j -1.01913871e-01+0.j
   3.91670705e-03+0.j  7.97030559e-03+0.j -1.19582314e-08+0.j
   3.02826795e-01+0.j -1.21601209e-02+0.j  4.75253976e-01+0.j
  -1.02196772e-09+0.j  3.36227171e-01+0.j  3.18439377e-03+0.j
   6.48029880e-03+0.j  2.61490158e-09+0.j -1.40617331e-01+0.j]
 [ 7.58445623e-02+0.j -3.72698164e-02+0.j  3.95486003e-02+0.j
  -5.69361803e-09+0.j -8.05589811e-02+0.j  3.95863952e-02+0.j
  -1.01913881e-01+0.j -8.78714614e-09+0.j  8.73122323e-02+0.j
  -4.29049400e-02+0.j  3.36227166e-01+0.j -1.02196770e-09+0.j
   3.93104961e-01+0.j  5.25278669e-02+0.j  2.60853300e-01+0.j
  -1.56101526e-09+0.j  8.82632927e-02+0.j -4.33722911e-02+0.j]
 [-3.72709702e-02+0.j -7.58447772e-02+0.j  1.13397336e-06+0.j
   3.95475845e-02+0.j  3.95854880e-02+0.j  8.05589772e-02+0.j
   2.53253677e-07+0.j -1.01914189e-01+0.j -4.29049716e-02+0.j
  -8.73122125e-02+0.j -3.94701885e-09+0.j  3.36227171e-01+0.j
   5.25278669e-02+0.j  6.06895034e-01+0.j -5.07573063e-10+0.j
   2.60853305e-01+0.j -4.33722905e-02+0.j -8.82632855e-02+0.j]
 [-3.02115301e-02+0.j  1.53136899e-08+0.j -1.24841034e-03+0.j
   6.13339014e-04+0.j  3.95475975e-02+0.j  1.18894483e-08+0.j
   3.03888580e-03+0.j -1.49333366e-03+0.j -6.97722924e-02+0.j
   1.23566423e-09+0.j -6.48028127e-03+0.j  3.18439377e-03+0.j
   2.60853300e-01+0.j -5.07573094e-10+0.j  5.20789054e-01+0.j
  -1.02156826e-02+0.j  4.05184597e-01+0.j -7.91837245e-09+0.j]
 [-1.61054411e-06+0.j -3.02100089e-02+0.j  6.15948011e-04+0.j
   1.24841249e-03+0.j -1.18293881e-06+0.j  3.95486535e-02+0.j
  -1.49283892e-03+0.j -3.03895294e-03+0.j -2.87963067e-08+0.j
  -6.97722843e-02+0.j  3.18439926e-03+0.j  6.48029880e-03+0.j
  -1.56101525e-09+0.j  2.60853305e-01+0.j -1.02156826e-02+0.j
   4.79210935e-01+0.j -3.55408828e-09+0.j  4.05184602e-01+0.j]
 [-7.17759458e-02+0.j  3.52704327e-02+0.j -3.02100307e-02+0.j
  -2.18576009e-08+0.j  7.58448050e-02+0.j -3.72698396e-02+0.j
   6.98469909e-02+0.j -1.52226410e-08+0.j -8.06809211e-02+0.j
   3.96463493e-02+0.j -1.40617322e-01+0.j  2.61490161e-09+0.j
   8.82632927e-02+0.j -4.33722905e-02+0.j  4.05184597e-01+0.j
  -3.55408830e-09+0.j  3.90326303e-01+0.j  5.38932874e-02+0.j]
 [ 3.52687695e-02+0.j  7.17759393e-02+0.j  1.64555911e-06+0.j
  -3.02115705e-02+0.j -3.72710503e-02+0.j -7.58445974e-02+0.j
   2.98378894e-07+0.j  6.98466098e-02+0.j  3.96463063e-02+0.j
   8.06809397e-02+0.j  1.10742233e-08+0.j -1.40617331e-01+0.j
  -4.33722911e-02+0.j -8.82632855e-02+0.j -7.91837249e-09+0.j
   4.05184602e-01+0.j  5.38932874e-02+0.j  6.09673680e-01+0.j]]
W= [0.18433397+0.j 0.21111726+0.j 0.20320057+0.j 0.21392756+0.j
 0.20492146+0.j 0.21392756+0.j 0.20320056+0.j 0.21111725+0.j
 0.18433396+0.j]
local approximation with  1 sites
local interactions on sites [[0], [1], [2], [3], [4], [5], [6], [7], [8]]
Functional for interaction on sites [0]
aca-directory for images already exists
aca-directory for images already exists
aca-directory for images already exists
interacting orbitals: [0, 1]
mapping: [0, 1, 2, 3, 4, 5, 6, 7, 8, 9, 10, 11, 12, 13, 14, 15, 16, 17]
aca-directory for images already exists
aca-directory for images already exists
aca-directory for images already exists
orbinteractaca= [0, 1]
aca-directory for images already exists
aca-directory for images already exists
aca-directory for images already exists
aca-directory for images already exists
aca-directory for images already exists
aca-directory for images already exists
aca-directory for images already exists
aca-directory for images already exists
aca-directory for images already exists
aca-directory for images already exists
aca-directory for images already exists
aca-directory for images already exists
aca-directory for images already exists
aca-directory for images already exists
aca-directory for images already exists
aca-directory for images already exists
aca-directory for images already exists
aca-directory for images already exists
aca-directory for images already exists
aca-directory for images already exists
aca-directory for images already exists
aca-directory for images already exists
aca-directory for images already exists
aca-directory for images already exists
aca-directory for images already exists
aca-directory for images already exists
aca-directory for images already exists
aca-directory for images already exists
aca-directory for images already exists
aca-directory for images already exists
aca-directory for images already exists
aca-directory for images already exists
aca-directory for images already exists
aca-directory for images already exists
aca-directory for images already exists
aca-directory for images already exists
aca-directory for images already exists
aca-directory for images already exists
aca-directory for images already exists
aca-directory for images already exists
aca-directory for images already exists
aca-directory for images already exists
aca-directory for images already exists
aca-directory for images already exists
aca-directory for images already exists
aca-directory for images already exists
aca-directory for images already exists
aca-directory for images already exists
aca-directory for images already exists
aca-directory for images already exists
aca-directory for images already exists
aca: level 8  norb= 18
Daca= [[ 3.90326316e-01+0.j  5.38932805e-02+0.j -4.70137315e-01+0.j
   3.86360556e-18+0.j  2.32944209e-17+0.j -6.98953936e-18+0.j
   1.99286689e-17+0.j -5.35679567e-19+0.j  2.34255924e-19+0.j
   8.93134401e-18+0.j -2.59909424e-18+0.j  8.09872698e-21+0.j
   1.54390039e-17+0.j  4.43947475e-18+0.j  3.16902363e-18+0.j
   1.57381191e-19+0.j -7.65886699e-18+0.j  9.07040060e-18+0.j]
 [ 5.38932805e-02+0.j  6.09673701e-01+0.j -2.98341975e-08+0.j
  -4.70137328e-01+0.j  6.21630029e-18+0.j -1.52761450e-18+0.j
  -2.89538438e-20+0.j  4.81539992e-18+0.j  4.82832549e-18+0.j
  -2.46766117e-18+0.j  2.19956606e-19+0.j -1.74858910e-17+0.j
  -4.32815164e-18+0.j -3.33316304e-17+0.j -4.59632337e-21+0.j
  -1.12809997e-18+0.j -2.97477358e-18+0.j -1.25918765e-18+0.j]
 [-4.70137315e-01+0.j -2.98341975e-08+0.j  6.08158861e-01+0.j
  -5.31489235e-02+0.j  8.89433179e-03+0.j -4.85055549e-20+0.j
   1.13724704e-19+0.j -1.32191978e-19+0.j -1.29907579e-18+0.j
   1.10957120e-20+0.j -6.22260653e-19+0.j -3.43968196e-19+0.j
   1.50356698e-19+0.j  5.63933689e-21+0.j  7.55406918e-19+0.j
   1.88211120e-19+0.j -2.15304260e-20+0.j  1.01785013e-21+0.j]
 [-3.60350344e-17+0.j -4.70137328e-01+0.j -5.31489235e-02+0.j
   3.91841096e-01+0.j -1.22746508e-07+0.j  8.89434935e-03+0.j
   1.44179655e-19+0.j  2.14838837e-19+0.j  1.54637571e-21+0.j
  -4.50168804e-19+0.j -1.22200714e-19+0.j  1.93386387e-19+0.j
  -4.85533091e-22+0.j  8.43161979e-20+0.j  2.19524117e-19+0.j
  -5.66225773e-19+0.j  2.03604552e-22+0.j -1.55143950e-20+0.j]
 [ 5.29666488e-18+0.j  1.30068035e-16+0.j  8.89433179e-03+0.j
  -1.22746508e-07+0.j  5.28261874e-01+0.j -1.38863661e-02+0.j
   4.86266808e-01+0.j -7.85319022e-19+0.j  1.53374480e-17+0.j
   2.01361372e-18+0.j -2.07055785e-17+0.j -2.04808423e-18+0.j
  -2.18302576e-17+0.j  8.94430125e-18+0.j -2.76012144e-18+0.j
  -1.59014007e-18+0.j  4.00480740e-17+0.j  2.59795965e-17+0.j]
 [-2.32525720e-17+0.j  4.17204068e-17+0.j -5.37389111e-18+0.j
   8.89434935e-03+0.j -1.38863661e-02+0.j  4.71740908e-01+0.j
   1.45426628e-07+0.j  4.86266871e-01+0.j -7.85497735e-18+0.j
  -2.50100386e-17+0.j  2.86930012e-18+0.j -4.30351556e-17+0.j
   1.53448921e-17+0.j  8.33904479e-18+0.j -1.60367773e-18+0.j
   1.55472284e-17+0.j -4.78101213e-17+0.j -4.56824523e-17+0.j]
 [ 2.43707997e-16+0.j  2.02548590e-17+0.j  2.93028717e-17+0.j
  -2.53831541e-17+0.j  4.86266808e-01+0.j  1.45426628e-07+0.j
   4.68278380e-01+0.j  1.55864408e-02+0.j  6.30513250e-03+0.j
   1.37021575e-19+0.j -2.16590703e-19+0.j  1.04303477e-19+0.j
   3.40984479e-20+0.j -1.29004929e-20+0.j  7.18477598e-19+0.j
  -3.40060423e-19+0.j -5.22247146e-19+0.j -3.06240218e-20+0.j]
 [-1.35461056e-17+0.j  1.28878338e-16+0.j -1.11899058e-16+0.j
  -2.24548541e-17+0.j -4.39400498e-17+0.j  4.86266871e-01+0.j
   1.55864408e-02+0.j  5.31718908e-01+0.j  1.86504929e-07+0.j
   6.30510373e-03+0.j -6.41419482e-21+0.j  7.03217272e-19+0.j
   1.20295554e-19+0.j  2.68386895e-19+0.j -3.51402491e-19+0.j
  -7.18958372e-19+0.j -6.69546479e-20+0.j -6.15043382e-19+0.j]
 [-2.75213197e-17+0.j -3.63329586e-17+0.j -2.39114122e-16+0.j
  -1.18696903e-17+0.j  2.58475080e-16+0.j -7.12412024e-17+0.j
   6.30513250e-03+0.j  1.86504929e-07+0.j  3.83282852e-01+0.j
   5.73565138e-02+0.j  4.72362959e-01+0.j -3.35123483e-17+0.j
   3.31185131e-17+0.j  1.58062477e-18+0.j -1.59187732e-17+0.j
  -1.31272301e-18+0.j -4.99749709e-17+0.j  4.04085355e-17+0.j]
 [-1.25358590e-17+0.j -2.91567166e-16+0.j -1.05036449e-17+0.j
  -5.37339614e-17+0.j -6.12347058e-17+0.j -3.75147831e-16+0.j
  -4.55792494e-17+0.j  6.30510373e-03+0.j  5.73565138e-02+0.j
   6.16710443e-01+0.j  6.55054569e-07+0.j  4.72364787e-01+0.j
   8.60101864e-18+0.j  1.15633273e-17+0.j  3.22213236e-18+0.j
   4.34501747e-18+0.j  3.86039235e-17+0.j -2.26184723e-17+0.j]
 [-2.81593467e-18+0.j  2.02741797e-17+0.j -5.17976634e-17+0.j
  -7.50058235e-18+0.j -2.06218128e-16+0.j  1.71585382e-17+0.j
  -3.03688851e-16+0.j  1.59832999e-16+0.j  4.72362959e-01+0.j
   6.55054569e-07+0.j  6.17844047e-01+0.j -5.79105416e-02+0.j
   2.04248113e-03+0.j  1.54975215e-19+0.j -1.05408581e-19+0.j
   9.38571470e-20+0.j  1.58922989e-19+0.j -3.58326411e-21+0.j]
 [ 3.63830816e-17+0.j -7.38772731e-17+0.j  6.76374151e-17+0.j
   4.25056745e-17+0.j  2.25081959e-17+0.j -2.36243579e-16+0.j
   1.25679193e-16+0.j  8.95653284e-17+0.j  3.78301575e-17+0.j
   4.72364787e-01+0.j -5.79105416e-02+0.j  3.82162486e-01+0.j
  -1.58040777e-07+0.j  2.04263426e-03+0.j -6.21567708e-20+0.j
   1.66512991e-19+0.j -1.24616556e-21+0.j -1.82299811e-19+0.j]
 [ 7.05164743e-17+0.j  6.45020887e-17+0.j  4.82140245e-17+0.j
  -1.88081651e-17+0.j  9.38374038e-18+0.j  9.27616583e-18+0.j
   8.75348805e-17+0.j  1.10291694e-16+0.j  4.53408827e-17+0.j
   8.24487391e-17+0.j  2.04248113e-03+0.j -1.58040777e-07+0.j
   3.02512110e-01+0.j  9.70209191e-02+0.j -4.42069167e-01+0.j
   2.88920485e-17+0.j -2.65080605e-18+0.j -2.70120961e-17+0.j]
 [-2.28824200e-17+0.j  1.05685231e-16+0.j -2.08855650e-17+0.j
  -1.55260963e-16+0.j -5.80355379e-18+0.j  4.64921393e-17+0.j
  -3.25635008e-17+0.j  4.28005871e-17+0.j  6.65122504e-17+0.j
   2.47485720e-16+0.j -2.01436788e-17+0.j  2.04263426e-03+0.j
   9.70209191e-02+0.j  6.97478128e-01+0.j -2.42879487e-06+0.j
  -4.42073363e-01+0.j -3.79139987e-17+0.j -9.94420796e-18+0.j]
 [-1.75934480e-17+0.j -2.34508069e-18+0.j  2.03587320e-18+0.j
   8.49857267e-18+0.j  3.10131498e-17+0.j -1.74315351e-17+0.j
   1.85951998e-16+0.j -4.76497982e-18+0.j  6.91204689e-17+0.j
   3.79166019e-17+0.j -1.41629620e-16+0.j -2.66526606e-17+0.j
  -4.42069167e-01+0.j -2.42879487e-06+0.j  6.96484465e-01+0.j
  -9.65292134e-02+0.j  1.02425115e-03+0.j -7.26292049e-23+0.j]
 [-4.53179321e-18+0.j  3.01889635e-17+0.j -4.16175392e-17+0.j
  -8.28111327e-18+0.j  2.08211318e-17+0.j  8.04780141e-18+0.j
  -6.55350256e-17+0.j -5.71853741e-17+0.j -1.52970991e-17+0.j
   5.29172748e-17+0.j  3.33238192e-17+0.j -7.30615411e-17+0.j
   5.09578053e-17+0.j -4.42073363e-01+0.j -9.65292134e-02+0.j
   3.03525452e-01+0.j  5.65901771e-07+0.j -1.02390803e-03+0.j]
 [-2.15366548e-17+0.j -7.20401905e-17+0.j  4.70761160e-18+0.j
   5.13518742e-18+0.j -4.27317194e-17+0.j  2.83974148e-17+0.j
   8.85772264e-17+0.j -6.92407793e-17+0.j -2.77981815e-16+0.j
   8.86432419e-17+0.j -4.37690275e-17+0.j  1.22959483e-16+0.j
  -7.15500154e-18+0.j  4.65418970e-17+0.j  1.02425115e-03+0.j
   5.65901770e-07+0.j  5.62179709e-02+0.j -2.18362809e-01+0.j]
 [ 9.07040060e-18+0.j -9.88350662e-17+0.j -2.19459429e-18+0.j
   5.27125672e-17+0.j -3.63490436e-17+0.j -4.51968322e-17+0.j
   4.22325354e-17+0.j -6.99178259e-17+0.j  1.81189305e-16+0.j
   3.28926790e-17+0.j  1.89101693e-16+0.j  5.71207029e-17+0.j
  -4.69299033e-17+0.j  3.14145860e-16+0.j  5.59170173e-17+0.j
  -1.02390803e-03+0.j -2.18362809e-01+0.j  9.43782001e-01+0.j]]
Naca= (4.051366877413292, 4.948633122586711)
nq= 18
variational state:
        ┌──────────┐┌───────────┐┌───┐     ┌───────────┐┌───────────┐»
 q0_0: ─┤ Ry(y[0]) ├┤ Rz(y[18]) ├┤ X ├──■──┤ Ry(y[36]) ├┤ Rz(y[54]) ├»
        ├──────────┤├───────────┤└─┬─┘┌─┴─┐└───────────┘├───────────┤»
 q0_1: ─┤ Ry(y[1]) ├┤ Rz(y[19]) ├──┼──┤ X ├──────■──────┤ Ry(y[37]) ├»
        ├──────────┤├───────────┤  │  └───┘    ┌─┴─┐    └───────────┘»
 q0_2: ─┤ Ry(y[2]) ├┤ Rz(y[20]) ├──┼───────────┤ X ├──────────■──────»
        ├──────────┤├───────────┤  │           └───┘        ┌─┴─┐    »
 q0_3: ─┤ Ry(y[3]) ├┤ Rz(y[21]) ├──┼────────────────────────┤ X ├────»
        ├──────────┤├───────────┤  │                        └───┘    »
 q0_4: ─┤ Ry(y[4]) ├┤ Rz(y[22]) ├──┼─────────────────────────────────»
        ├──────────┤├───────────┤  │                                 »
 q0_5: ─┤ Ry(y[5]) ├┤ Rz(y[23]) ├──┼─────────────────────────────────»
        ├──────────┤├───────────┤  │                                 »
 q0_6: ─┤ Ry(y[6]) ├┤ Rz(y[24]) ├──┼─────────────────────────────────»
        ├──────────┤├───────────┤  │                                 »
 q0_7: ─┤ Ry(y[7]) ├┤ Rz(y[25]) ├──┼─────────────────────────────────»
        ├──────────┤├───────────┤  │                                 »
 q0_8: ─┤ Ry(y[8]) ├┤ Rz(y[26]) ├──┼─────────────────────────────────»
        ├──────────┤├───────────┤  │                                 »
 q0_9: ─┤ Ry(y[9]) ├┤ Rz(y[27]) ├──┼─────────────────────────────────»
       ┌┴──────────┤├───────────┤  │                                 »
q0_10: ┤ Ry(y[10]) ├┤ Rz(y[28]) ├──┼─────────────────────────────────»
       ├───────────┤├───────────┤  │                                 »
q0_11: ┤ Ry(y[11]) ├┤ Rz(y[29]) ├──┼─────────────────────────────────»
       ├───────────┤├───────────┤  │                                 »
q0_12: ┤ Ry(y[12]) ├┤ Rz(y[30]) ├──┼─────────────────────────────────»
       ├───────────┤├───────────┤  │                                 »
q0_13: ┤ Ry(y[13]) ├┤ Rz(y[31]) ├──┼─────────────────────────────────»
       ├───────────┤├───────────┤  │                                 »
q0_14: ┤ Ry(y[14]) ├┤ Rz(y[32]) ├──┼─────────────────────────────────»
       ├───────────┤├───────────┤  │                                 »
q0_15: ┤ Ry(y[15]) ├┤ Rz(y[33]) ├──┼─────────────────────────────────»
       ├───────────┤├───────────┤  │                                 »
q0_16: ┤ Ry(y[16]) ├┤ Rz(y[34]) ├──┼─────────────────────────────────»
       ├───────────┤├───────────┤  │                                 »
q0_17: ┤ Ry(y[17]) ├┤ Rz(y[35]) ├──■─────────────────────────────────»
       └───────────┘└───────────┘                                    »
c0: 18/══════════════════════════════════════════════════════════════»
                                                                     »
«                                                                        »
« q0_0: ─────────────────────────────────────────────────────────────────»
«       ┌───────────┐                                                    »
« q0_1: ┤ Rz(y[55]) ├────────────────────────────────────────────────────»
«       ├───────────┤┌───────────┐                                       »
« q0_2: ┤ Ry(y[38]) ├┤ Rz(y[56]) ├───────────────────────────────────────»
«       └───────────┘├───────────┤┌───────────┐                          »
« q0_3: ──────■──────┤ Ry(y[39]) ├┤ Rz(y[57]) ├──────────────────────────»
«           ┌─┴─┐    └───────────┘├───────────┤┌───────────┐             »
« q0_4: ────┤ X ├──────────■──────┤ Ry(y[40]) ├┤ Rz(y[58]) ├─────────────»
«           └───┘        ┌─┴─┐    └───────────┘├───────────┤┌───────────┐»
« q0_5: ─────────────────┤ X ├──────────■──────┤ Ry(y[41]) ├┤ Rz(y[59]) ├»
«                        └───┘        ┌─┴─┐    └───────────┘├───────────┤»
« q0_6: ──────────────────────────────┤ X ├──────────■──────┤ Ry(y[42]) ├»
«                                     └───┘        ┌─┴─┐    └───────────┘»
« q0_7: ───────────────────────────────────────────┤ X ├──────────■──────»
«                                                  └───┘        ┌─┴─┐    »
« q0_8: ────────────────────────────────────────────────────────┤ X ├────»
«                                                               └───┘    »
« q0_9: ─────────────────────────────────────────────────────────────────»
«                                                                        »
«q0_10: ─────────────────────────────────────────────────────────────────»
«                                                                        »
«q0_11: ─────────────────────────────────────────────────────────────────»
«                                                                        »
«q0_12: ─────────────────────────────────────────────────────────────────»
«                                                                        »
«q0_13: ─────────────────────────────────────────────────────────────────»
«                                                                        »
«q0_14: ─────────────────────────────────────────────────────────────────»
«                                                                        »
«q0_15: ─────────────────────────────────────────────────────────────────»
«                                                                        »
«q0_16: ─────────────────────────────────────────────────────────────────»
«                                                                        »
«q0_17: ─────────────────────────────────────────────────────────────────»
«                                                                        »
«c0: 18/═════════════════════════════════════════════════════════════════»
«                                                                        »
«                                                                        »
« q0_0: ─────────────────────────────────────────────────────────────────»
«                                                                        »
« q0_1: ─────────────────────────────────────────────────────────────────»
«                                                                        »
« q0_2: ─────────────────────────────────────────────────────────────────»
«                                                                        »
« q0_3: ─────────────────────────────────────────────────────────────────»
«                                                                        »
« q0_4: ─────────────────────────────────────────────────────────────────»
«                                                                        »
« q0_5: ─────────────────────────────────────────────────────────────────»
«       ┌───────────┐                                                    »
« q0_6: ┤ Rz(y[60]) ├────────────────────────────────────────────────────»
«       ├───────────┤┌───────────┐                                       »
« q0_7: ┤ Ry(y[43]) ├┤ Rz(y[61]) ├───────────────────────────────────────»
«       └───────────┘├───────────┤┌───────────┐                          »
« q0_8: ──────■──────┤ Ry(y[44]) ├┤ Rz(y[62]) ├──────────────────────────»
«           ┌─┴─┐    └───────────┘├───────────┤┌───────────┐             »
« q0_9: ────┤ X ├──────────■──────┤ Ry(y[45]) ├┤ Rz(y[63]) ├─────────────»
«           └───┘        ┌─┴─┐    └───────────┘├───────────┤┌───────────┐»
«q0_10: ─────────────────┤ X ├──────────■──────┤ Ry(y[46]) ├┤ Rz(y[64]) ├»
«                        └───┘        ┌─┴─┐    └───────────┘├───────────┤»
«q0_11: ──────────────────────────────┤ X ├──────────■──────┤ Ry(y[47]) ├»
«                                     └───┘        ┌─┴─┐    └───────────┘»
«q0_12: ───────────────────────────────────────────┤ X ├──────────■──────»
«                                                  └───┘        ┌─┴─┐    »
«q0_13: ────────────────────────────────────────────────────────┤ X ├────»
«                                                               └───┘    »
«q0_14: ─────────────────────────────────────────────────────────────────»
«                                                                        »
«q0_15: ─────────────────────────────────────────────────────────────────»
«                                                                        »
«q0_16: ─────────────────────────────────────────────────────────────────»
«                                                                        »
«q0_17: ─────────────────────────────────────────────────────────────────»
«                                                                        »
«c0: 18/═════════════════════════════════════════════════════════════════»
«                                                                        »
«                                                                        »
« q0_0: ─────────────────────────────────────────────────────────────────»
«                                                                        »
« q0_1: ─────────────────────────────────────────────────────────────────»
«                                                                        »
« q0_2: ─────────────────────────────────────────────────────────────────»
«                                                                        »
« q0_3: ─────────────────────────────────────────────────────────────────»
«                                                                        »
« q0_4: ─────────────────────────────────────────────────────────────────»
«                                                                        »
« q0_5: ─────────────────────────────────────────────────────────────────»
«                                                                        »
« q0_6: ─────────────────────────────────────────────────────────────────»
«                                                                        »
« q0_7: ─────────────────────────────────────────────────────────────────»
«                                                                        »
« q0_8: ─────────────────────────────────────────────────────────────────»
«                                                                        »
« q0_9: ─────────────────────────────────────────────────────────────────»
«                                                                        »
«q0_10: ─────────────────────────────────────────────────────────────────»
«       ┌───────────┐                                                    »
«q0_11: ┤ Rz(y[65]) ├────────────────────────────────────────────────────»
«       ├───────────┤┌───────────┐                                       »
«q0_12: ┤ Ry(y[48]) ├┤ Rz(y[66]) ├───────────────────────────────────────»
«       └───────────┘├───────────┤┌───────────┐                          »
«q0_13: ──────■──────┤ Ry(y[49]) ├┤ Rz(y[67]) ├──────────────────────────»
«           ┌─┴─┐    └───────────┘├───────────┤┌───────────┐             »
«q0_14: ────┤ X ├──────────■──────┤ Ry(y[50]) ├┤ Rz(y[68]) ├─────────────»
«           └───┘        ┌─┴─┐    └───────────┘├───────────┤┌───────────┐»
«q0_15: ─────────────────┤ X ├──────────■──────┤ Ry(y[51]) ├┤ Rz(y[69]) ├»
«                        └───┘        ┌─┴─┐    └───────────┘├───────────┤»
«q0_16: ──────────────────────────────┤ X ├──────────■──────┤ Ry(y[52]) ├»
«                                     └───┘        ┌─┴─┐    ├───────────┤»
«q0_17: ───────────────────────────────────────────┤ X ├────┤ Ry(y[53]) ├»
«                                                  └───┘    └───────────┘»
«c0: 18/═════════════════════════════════════════════════════════════════»
«                                                                        »
«                    ┌───┐     ┌───────────┐┌───────────┐             »
« q0_0: ─────────────┤ X ├──■──┤ Ry(y[72]) ├┤ Rz(y[90]) ├─────────────»
«                    └─┬─┘┌─┴─┐└───────────┘├───────────┤┌───────────┐»
« q0_1: ───────────────┼──┤ X ├──────■──────┤ Ry(y[73]) ├┤ Rz(y[91]) ├»
«                      │  └───┘    ┌─┴─┐    └───────────┘├───────────┤»
« q0_2: ───────────────┼───────────┤ X ├──────────■──────┤ Ry(y[74]) ├»
«                      │           └───┘        ┌─┴─┐    └───────────┘»
« q0_3: ───────────────┼────────────────────────┤ X ├──────────■──────»
«                      │                        └───┘        ┌─┴─┐    »
« q0_4: ───────────────┼─────────────────────────────────────┤ X ├────»
«                      │                                     └───┘    »
« q0_5: ───────────────┼──────────────────────────────────────────────»
«                      │                                              »
« q0_6: ───────────────┼──────────────────────────────────────────────»
«                      │                                              »
« q0_7: ───────────────┼──────────────────────────────────────────────»
«                      │                                              »
« q0_8: ───────────────┼──────────────────────────────────────────────»
«                      │                                              »
« q0_9: ───────────────┼──────────────────────────────────────────────»
«                      │                                              »
«q0_10: ───────────────┼──────────────────────────────────────────────»
«                      │                                              »
«q0_11: ───────────────┼──────────────────────────────────────────────»
«                      │                                              »
«q0_12: ───────────────┼──────────────────────────────────────────────»
«                      │                                              »
«q0_13: ───────────────┼──────────────────────────────────────────────»
«                      │                                              »
«q0_14: ───────────────┼──────────────────────────────────────────────»
«                      │                                              »
«q0_15: ───────────────┼──────────────────────────────────────────────»
«       ┌───────────┐  │                                              »
«q0_16: ┤ Rz(y[70]) ├──┼──────────────────────────────────────────────»
«       ├───────────┤  │                                              »
«q0_17: ┤ Rz(y[71]) ├──■──────────────────────────────────────────────»
«       └───────────┘                                                 »
«c0: 18/══════════════════════════════════════════════════════════════»
«                                                                     »
«                                                                        »
« q0_0: ─────────────────────────────────────────────────────────────────»
«                                                                        »
« q0_1: ─────────────────────────────────────────────────────────────────»
«       ┌───────────┐                                                    »
« q0_2: ┤ Rz(y[92]) ├────────────────────────────────────────────────────»
«       ├───────────┤┌───────────┐                                       »
« q0_3: ┤ Ry(y[75]) ├┤ Rz(y[93]) ├───────────────────────────────────────»
«       └───────────┘├───────────┤┌───────────┐                          »
« q0_4: ──────■──────┤ Ry(y[76]) ├┤ Rz(y[94]) ├──────────────────────────»
«           ┌─┴─┐    └───────────┘├───────────┤┌───────────┐             »
« q0_5: ────┤ X ├──────────■──────┤ Ry(y[77]) ├┤ Rz(y[95]) ├─────────────»
«           └───┘        ┌─┴─┐    └───────────┘├───────────┤┌───────────┐»
« q0_6: ─────────────────┤ X ├──────────■──────┤ Ry(y[78]) ├┤ Rz(y[96]) ├»
«                        └───┘        ┌─┴─┐    └───────────┘├───────────┤»
« q0_7: ──────────────────────────────┤ X ├──────────■──────┤ Ry(y[79]) ├»
«                                     └───┘        ┌─┴─┐    └───────────┘»
« q0_8: ───────────────────────────────────────────┤ X ├──────────■──────»
«                                                  └───┘        ┌─┴─┐    »
« q0_9: ────────────────────────────────────────────────────────┤ X ├────»
«                                                               └───┘    »
«q0_10: ─────────────────────────────────────────────────────────────────»
«                                                                        »
«q0_11: ─────────────────────────────────────────────────────────────────»
«                                                                        »
«q0_12: ─────────────────────────────────────────────────────────────────»
«                                                                        »
«q0_13: ─────────────────────────────────────────────────────────────────»
«                                                                        »
«q0_14: ─────────────────────────────────────────────────────────────────»
«                                                                        »
«q0_15: ─────────────────────────────────────────────────────────────────»
«                                                                        »
«q0_16: ─────────────────────────────────────────────────────────────────»
«                                                                        »
«q0_17: ─────────────────────────────────────────────────────────────────»
«                                                                        »
«c0: 18/═════════════════════════════════════════════════════════════════»
«                                                                        »
«                                                                          »
« q0_0: ───────────────────────────────────────────────────────────────────»
«                                                                          »
« q0_1: ───────────────────────────────────────────────────────────────────»
«                                                                          »
« q0_2: ───────────────────────────────────────────────────────────────────»
«                                                                          »
« q0_3: ───────────────────────────────────────────────────────────────────»
«                                                                          »
« q0_4: ───────────────────────────────────────────────────────────────────»
«                                                                          »
« q0_5: ───────────────────────────────────────────────────────────────────»
«                                                                          »
« q0_6: ───────────────────────────────────────────────────────────────────»
«       ┌───────────┐                                                      »
« q0_7: ┤ Rz(y[97]) ├──────────────────────────────────────────────────────»
«       ├───────────┤┌───────────┐                                         »
« q0_8: ┤ Ry(y[80]) ├┤ Rz(y[98]) ├─────────────────────────────────────────»
«       └───────────┘├───────────┤┌───────────┐                            »
« q0_9: ──────■──────┤ Ry(y[81]) ├┤ Rz(y[99]) ├────────────────────────────»
«           ┌─┴─┐    └───────────┘├───────────┤┌────────────┐              »
«q0_10: ────┤ X ├──────────■──────┤ Ry(y[82]) ├┤ Rz(y[100]) ├──────────────»
«           └───┘        ┌─┴─┐    └───────────┘├───────────┬┘┌────────────┐»
«q0_11: ─────────────────┤ X ├──────────■──────┤ Ry(y[83]) ├─┤ Rz(y[101]) ├»
«                        └───┘        ┌─┴─┐    └───────────┘ ├───────────┬┘»
«q0_12: ──────────────────────────────┤ X ├──────────■───────┤ Ry(y[84]) ├─»
«                                     └───┘        ┌─┴─┐     └───────────┘ »
«q0_13: ───────────────────────────────────────────┤ X ├───────────■───────»
«                                                  └───┘         ┌─┴─┐     »
«q0_14: ─────────────────────────────────────────────────────────┤ X ├─────»
«                                                                └───┘     »
«q0_15: ───────────────────────────────────────────────────────────────────»
«                                                                          »
«q0_16: ───────────────────────────────────────────────────────────────────»
«                                                                          »
«q0_17: ───────────────────────────────────────────────────────────────────»
«                                                                          »
«c0: 18/═══════════════════════════════════════════════════════════════════»
«                                                                          »
«                                                                             
« q0_0: ──────────────────────────────────────────────────────────────────────
«                                                                             
« q0_1: ──────────────────────────────────────────────────────────────────────
«                                                                             
« q0_2: ──────────────────────────────────────────────────────────────────────
«                                                                             
« q0_3: ──────────────────────────────────────────────────────────────────────
«                                                                             
« q0_4: ──────────────────────────────────────────────────────────────────────
«                                                                             
« q0_5: ──────────────────────────────────────────────────────────────────────
«                                                                             
« q0_6: ──────────────────────────────────────────────────────────────────────
«                                                                             
« q0_7: ──────────────────────────────────────────────────────────────────────
«                                                                             
« q0_8: ──────────────────────────────────────────────────────────────────────
«                                                                             
« q0_9: ──────────────────────────────────────────────────────────────────────
«                                                                             
«q0_10: ──────────────────────────────────────────────────────────────────────
«                                                                             
«q0_11: ──────────────────────────────────────────────────────────────────────
«       ┌────────────┐                                                        
«q0_12: ┤ Rz(y[102]) ├────────────────────────────────────────────────────────
«       ├───────────┬┘┌────────────┐                                          
«q0_13: ┤ Ry(y[85]) ├─┤ Rz(y[103]) ├──────────────────────────────────────────
«       └───────────┘ ├───────────┬┘┌────────────┐                            
«q0_14: ──────■───────┤ Ry(y[86]) ├─┤ Rz(y[104]) ├────────────────────────────
«           ┌─┴─┐     └───────────┘ ├───────────┬┘┌────────────┐              
«q0_15: ────┤ X ├───────────■───────┤ Ry(y[87]) ├─┤ Rz(y[105]) ├──────────────
«           └───┘         ┌─┴─┐     └───────────┘ ├───────────┬┘┌────────────┐
«q0_16: ──────────────────┤ X ├───────────■───────┤ Ry(y[88]) ├─┤ Rz(y[106]) ├
«                         └───┘         ┌─┴─┐     ├───────────┤ ├────────────┤
«q0_17: ────────────────────────────────┤ X ├─────┤ Ry(y[89]) ├─┤ Rz(y[107]) ├
«                                       └───┘     └───────────┘ └────────────┘
«c0: 18/══════════════════════════════════════════════════════════════════════
«                                                                             
ansatz-state is written to ansatz.txt
building constraints...
number of constraints= 324
unique pauliops 630
graphclique-cliquecover: 630 with commutationmode disjointqubits
strategy largest_first 410
strategy random_sequential 410
strategy smallest_last 410
strategy independent_set 444
strategy connected_sequential_bfs 410
strategy connected_sequential_dfs 425
strategy saturation_largest_first 410
number of cliques 410
clique 0 ['IIIIIIXIXYYIIIXIXX', 'IIIIIIIIIIIIIIIZII', 'IIIIIIIIIIIYYXIIII', 'IIIIIIIZIIIIIIIIII', 'IIIYYXIIIIIIIIIIII', 'XXXIIIIIIIIIIIIIII']
clique 1 ['IIIIIIXIXXYIIIXIXY', 'IIIIIIIIIIIIIIIXII', 'IIIIIIIIIIIXYYIIII', 'IIIIIIIXIIIIIIIIII', 'IIIXYYIIIIIIIIIIII', 'XYXIIIIIIIIIIIIIII']
clique 2 ['IIIIIIXIXXYIIIXIXX', 'IIIIIIIIIIIIIIIYII', 'IIIIIIIIIIIXYXIIII', 'IIIIIIIYIIIIIIIIII', 'IIIXYXIIIIIIIIIIII', 'XZXIIIIIIIIIIIIIII']
clique 3 ['IIIIIIXIXYYIIIXIXY', 'IIIIIIIIIIIYYYIIII', 'IIIYYYIIIIIIIIIIII', 'YIXIIIIIIIIIIIIIII', 'IZIIIIIIIIIIIIIIII']
clique 4 ['IIIIIIXIXZYIIIXIXY', 'IIIIIIIIIIIZYYIIII', 'IIIZYYIIIIIIIIIIII', 'ZXIIIIIIIIIIIIIIII']
clique 5 ['IIIIIIXIXZYIIIXIXX', 'IIIIIIIIIIIZYXIIII', 'IIIZYXIIIIIIIIIIII', 'ZYIIIIIIIIIIIIIIII']
clique 6 ['IIIIIIXYZIYIIIXIXX', 'IIIIIIIIIIIYYZIIII', 'IIIIIIIIIZIIIIIIII', 'IIIYYZIIIIIIIIIIII', 'ZZIIIIIIIIIIIIIIII']
clique 7 ['IIIIIIXXZIYIIIXIXY', 'IIIIIIIIIIIXYZIIII', 'IIIIIIIIIXIIIIIIII', 'IIIXYZIIIIIIIIIIII', 'IXIIIIIIIIIIIIIIII']
clique 8 ['IIIIIIXXZIYIIIXIXX', 'IIIIIIIIIIIZYZIIII', 'IIIIIIIIIYIIIIIIII', 'IIIZYZIIIIIIIIIIII', 'IYIIIIIIIIIIIIIIII']
clique 9 ['IIIIIIXYZIYIIIXIXY', 'IIIIIIIIIIIIZXIIII', 'IIIIIIIIIIIZIIIIII', 'IIIIZXIIIIIIIIIIII', 'IIIZIIIIIIIIIIIIII']
clique 10 ['IIIIIIXZZIYIIIXIXY', 'IIIIIIIIIIIIZYIIII', 'IIIIIIIIIIIXIIIIII', 'IIIIZYIIIIIIIIIIII', 'IIIXIIIIIIIIIIIIII']
clique 11 ['IIIIIIXZZIYIIIXIXX', 'IIIIIIIIIIIIZZIIII', 'IIIIIIIIIIIYIIIIII', 'IIIIZZIIIIIIIIIIII', 'IIIYIIIIIIIIIIIIII']
clique 12 ['IIIIXYZIIIYIIIXIXX', 'IIIIIIIIIIIIIZIIII', 'IIIIIIIIIIIXXIIIII', 'IIIIIIIYYXIIIIIIII']
clique 13 ['IIIIXXZIIIYIIIXIXY', 'IIIIIIIIIIIIIXIIII', 'IIIIIIIIIIIYXIIIII', 'IIIIIIIXYYIIIIIIII']
clique 14 ['IIIIXXZIIIYIIIXIXX', 'IIIIIIIIIIIIIYIIII', 'IIIIIIIIIIIZXIIIII', 'IIIIIIIXYXIIIIIIII']
clique 15 ['IIIIXYZIIIYIIIXIXY', 'IIIIIIIYYYIIIIIIII']
clique 16 ['IIIIXZZIIIYIIIXIXY', 'IIIIIIIZYYIIIIIIII']
clique 17 ['IIIIXZZIIIYIIIXIXX', 'IIIIIIIZYXIIIIIIII']
clique 18 ['IIIYZIZIIIYIIIXIXX', 'IIIIIIIYYZIIIIIIII', 'IIIIIZIIIIIIIIIIII']
clique 19 ['IIIXZIZIIIYIIIXIXY', 'IIIIIIIXYZIIIIIIII', 'IIIIIXIIIIIIIIIIII']
clique 20 ['IIIXZIZIIIYIIIXIXX', 'IIIIIIIZYZIIIIIIII', 'IIIIIYIIIIIIIIIIII']
clique 21 ['IIIYZIZIIIYIIIXIXY', 'IIIIIIIIZXIIIIIIII']
clique 22 ['IIIZZIZIIIYIIIXIXY', 'IIIIIIIIZYIIIIIIII']
clique 23 ['IIIZZIZIIIYIIIXIXX', 'IIIIIIIIZZIIIIIIII']
clique 24 ['IIIIIIXIXYYIIIXIXZ', 'IIIXXIIIIIIIIIIIII']
clique 25 ['IIIIIIXIXXYIIIXIXZ', 'IIIYXIIIIIIIIIIIII']
clique 26 ['IIIIIIXIXZYIIIXIXZ', 'IIIZXIIIIIIIIIIIII']
clique 27 ['IIIIIIXYZIYIIIXIXZ']
clique 28 ['IIIIIIXXZIYIIIXIXZ']
clique 29 ['IIIIIIXZZIYIIIXIXZ']
clique 30 ['IIIIXYZIIIYIIIXIXZ', 'IIIIIIIXXIIIIIIIII']
clique 31 ['IIIIXXZIIIYIIIXIXZ', 'IIIIIIIYXIIIIIIIII']
clique 32 ['IIIIXZZIIIYIIIXIXZ', 'IIIIIIIZXIIIIIIIII']
clique 33 ['IIIYZIZIIIYIIIXIXZ']
clique 34 ['IIIXZIZIIIYIIIXIXZ']
clique 35 ['IIIZZIZIIIYIIIXIXZ']
clique 36 ['IIIIIIIIIIIIIIIIIZ', 'IIIIIIXIXYYIIIXXZI']
clique 37 ['IIIIIIIIIIIIIIIIIX', 'IIIIIIXIXXYIIIXYZI']
clique 38 ['IIIIIIIIIIIIIIIIIY', 'IIIIIIXIXXYIIIXXZI']
clique 39 ['IIIIIIXIXYYIIIXYZI']
clique 40 ['IIIIIIXIXZYIIIXYZI']
clique 41 ['IIIIIIXIXZYIIIXXZI']
clique 42 ['IIIIIIXYZIYIIIXXZI']
clique 43 ['IIIIIIXXZIYIIIXYZI']
clique 44 ['IIIIIIXXZIYIIIXXZI']
clique 45 ['IIIIIIXYZIYIIIXYZI']
clique 46 ['IIIIIIXZZIYIIIXYZI']
clique 47 ['IIIIIIXZZIYIIIXXZI']
clique 48 ['IIIIXYZIIIYIIIXXZI']
clique 49 ['IIIIXXZIIIYIIIXYZI']
clique 50 ['IIIIXXZIIIYIIIXXZI']
clique 51 ['IIIIXYZIIIYIIIXYZI']
clique 52 ['IIIIXZZIIIYIIIXYZI']
clique 53 ['IIIIXZZIIIYIIIXXZI']
clique 54 ['IIIYZIZIIIYIIIXXZI']
clique 55 ['IIIXZIZIIIYIIIXYZI']
clique 56 ['IIIXZIZIIIYIIIXXZI']
clique 57 ['IIIYZIZIIIYIIIXYZI']
clique 58 ['IIIZZIZIIIYIIIXYZI']
clique 59 ['IIIZZIZIIIYIIIXXZI']
clique 60 ['IIIIIIXIXYYIIIXZZI']
clique 61 ['IIIIIIXIXXYIIIXZZI']
clique 62 ['IIIIIIXIXZYIIIXZZI']
clique 63 ['IIIIIIXYZIYIIIXZZI']
clique 64 ['IIIIIIXXZIYIIIXZZI']
clique 65 ['IIIIIIXZZIYIIIXZZI']
clique 66 ['IIIIXYZIIIYIIIXZZI']
clique 67 ['IIIIXXZIIIYIIIXZZI']
clique 68 ['IIIIXZZIIIYIIIXZZI']
clique 69 ['IIIYZIZIIIYIIIXZZI']
clique 70 ['IIIXZIZIIIYIIIXZZI']
clique 71 ['IIIZZIZIIIYIIIXZZI']
clique 72 ['IIIIIIIIIIIIIIIYYX', 'IIIIIIXIXYYIXXZIII']
clique 73 ['IIIIIIIIIIIIIIIXYY', 'IIIIIIXIXXYIXYZIII']
clique 74 ['IIIIIIIIIIIIIIIXYX', 'IIIIIIXIXXYIXXZIII']
clique 75 ['IIIIIIIIIIIIIIIYYY', 'IIIIIIXIXYYIXYZIII']
clique 76 ['IIIIIIIIIIIIIIIZYY', 'IIIIIIXIXZYIXYZIII']
clique 77 ['IIIIIIIIIIIIIIIZYX', 'IIIIIIXIXZYIXXZIII']
clique 78 ['IIIIIIIIIIIIIIIYYZ', 'IIIIIIXYZIYIXXZIII']
clique 79 ['IIIIIIIIIIIIIIIXYZ', 'IIIIIIXXZIYIXYZIII']
clique 80 ['IIIIIIIIIIIIIIIZYZ', 'IIIIIIXXZIYIXXZIII']
clique 81 ['IIIIIIIIIIIIIIIIZX', 'IIIIIIXYZIYIXYZIII']
clique 82 ['IIIIIIIIIIIIIIIIZY', 'IIIIIIXZZIYIXYZIII']
clique 83 ['IIIIIIIIIIIIIIIIZZ', 'IIIIIIXZZIYIXXZIII']
clique 84 ['IIIIIIIIIIIIIIIXXI', 'IIIIXYZIIIYIXXZIII']
clique 85 ['IIIIIIIIIIIIIIIYXI', 'IIIIXXZIIIYIXYZIII']
clique 86 ['IIIIIIIIIIIIIIIZXI', 'IIIIXXZIIIYIXXZIII']
clique 87 ['IIIIXYZIIIYIXYZIII']
clique 88 ['IIIIXZZIIIYIXYZIII']
clique 89 ['IIIIXZZIIIYIXXZIII']
clique 90 ['IIIYZIZIIIYIXXZIII']
clique 91 ['IIIXZIZIIIYIXYZIII']
clique 92 ['IIIXZIZIIIYIXXZIII']
clique 93 ['IIIYZIZIIIYIXYZIII']
clique 94 ['IIIZZIZIIIYIXYZIII']
clique 95 ['IIIZZIZIIIYIXXZIII']
clique 96 ['IIIIIIXIXYYIXZZIII']
clique 97 ['IIIIIIXIXXYIXZZIII']
clique 98 ['IIIIIIXIXZYIXZZIII']
clique 99 ['IIIIIIXYZIYIXZZIII']
clique 100 ['IIIIIIXXZIYIXZZIII']
clique 101 ['IIIIIIXZZIYIXZZIII']
clique 102 ['IIIIXYZIIIYIXZZIII']
clique 103 ['IIIIXXZIIIYIXZZIII']
clique 104 ['IIIIXZZIIIYIXZZIII']
clique 105 ['IIIYZIZIIIYIXZZIII']
clique 106 ['IIIXZIZIIIYIXZZIII']
clique 107 ['IIIZZIZIIIYIXZZIII']
clique 108 ['IIIIIIXIXYYXZIZIII']
clique 109 ['IIIIIIXIXXYYZIZIII']
clique 110 ['IIIIIIXIXXYXZIZIII']
clique 111 ['IIIIIIXIXYYYZIZIII']
clique 112 ['IIIIIIXIXZYYZIZIII']
clique 113 ['IIIIIIXIXZYXZIZIII']
clique 114 ['IIIIIIXYZIYXZIZIII']
clique 115 ['IIIIIIXXZIYYZIZIII']
clique 116 ['IIIIIIXXZIYXZIZIII']
clique 117 ['IIIIIIXYZIYYZIZIII']
clique 118 ['IIIIIIXZZIYYZIZIII']
clique 119 ['IIIIIIXZZIYXZIZIII']
clique 120 ['IIIIXYZIIIYXZIZIII']
clique 121 ['IIIIXXZIIIYYZIZIII']
clique 122 ['IIIIXXZIIIYXZIZIII']
clique 123 ['IIIIXYZIIIYYZIZIII']
clique 124 ['IIIIXZZIIIYYZIZIII']
clique 125 ['IIIIXZZIIIYXZIZIII']
clique 126 ['IIIYZIZIIIYXZIZIII']
clique 127 ['IIIXZIZIIIYYZIZIII']
clique 128 ['IIIXZIZIIIYXZIZIII']
clique 129 ['IIIYZIZIIIYYZIZIII']
clique 130 ['IIIZZIZIIIYYZIZIII']
clique 131 ['IIIZZIZIIIYXZIZIII']
clique 132 ['IIIIIIXIXYYZZIZIII']
clique 133 ['IIIIIIXIXXYZZIZIII']
clique 134 ['IIIIIIXIXZYZZIZIII']
clique 135 ['IIIIIIXYZIYZZIZIII']
clique 136 ['IIIIIIXXZIYZZIZIII']
clique 137 ['IIIIIIXZZIYZZIZIII']
clique 138 ['IIIIXYZIIIYZZIZIII']
clique 139 ['IIIIXXZIIIYZZIZIII']
clique 140 ['IIIIXZZIIIYZZIZIII']
clique 141 ['IIIYZIZIIIYZZIZIII']
clique 142 ['IIIXZIZIIIYZZIZIII']
clique 143 ['IIIZZIZIIIYZZIZIII']
clique 144 ['IIIIIIXIYIYIIIXIXX']
clique 145 ['IIIIIIXIYIYIIIXIXY']
clique 146 ['IIIIYIZIIIYIIIXIXX']
clique 147 ['IIIIYIZIIIYIIIXIXY']
clique 148 ['IIIIIIXIXXYIIIXIYI']
clique 149 ['IIIIIIXIXYYIIIXIYI']
clique 150 ['IIIIIIXIXZYIIIXIYI']
clique 151 ['IIIIIIXIYIYIIIXIXZ']
clique 152 ['IIIIIIXXZIYIIIXIYI']
clique 153 ['IIIIIIXYZIYIIIXIYI']
clique 154 ['IIIIIIXZZIYIIIXIYI']
clique 155 ['IIIIXXZIIIYIIIXIYI']
clique 156 ['IIIIXYZIIIYIIIXIYI']
clique 157 ['IIIIXZZIIIYIIIXIYI']
clique 158 ['IIIIYIZIIIYIIIXIXZ']
clique 159 ['IIIXZIZIIIYIIIXIYI']
clique 160 ['IIIYZIZIIIYIIIXIYI']
clique 161 ['IIIZZIZIIIYIIIXIYI']
clique 162 ['IIIIIIXIYIYIIIXXZI']
clique 163 ['IIIIIIXIYIYIIIXYZI']
clique 164 ['IIIIYIZIIIYIIIXXZI']
clique 165 ['IIIIYIZIIIYIIIXYZI']
clique 166 ['IIIIIIXIYIYIIIXZZI']
clique 167 ['IIIIYIZIIIYIIIXZZI']
clique 168 ['IIIIIIXIYIYIXXZIII']
clique 169 ['IIIIIIXIYIYIXYZIII']
clique 170 ['IIIIYIZIIIYIXXZIII']
clique 171 ['IIIIYIZIIIYIXYZIII']
clique 172 ['IIIIIIXIXXYIYIZIII']
clique 173 ['IIIIIIXIXYYIYIZIII']
clique 174 ['IIIIIIXIXZYIYIZIII']
clique 175 ['IIIIIIXIYIYIXZZIII']
clique 176 ['IIIIIIXXZIYIYIZIII']
clique 177 ['IIIIIIXYZIYIYIZIII']
clique 178 ['IIIIIIXZZIYIYIZIII']
clique 179 ['IIIIXXZIIIYIYIZIII']
clique 180 ['IIIIXYZIIIYIYIZIII']
clique 181 ['IIIIXZZIIIYIYIZIII']
clique 182 ['IIIIYIZIIIYIXZZIII']
clique 183 ['IIIXZIZIIIYIYIZIII']
clique 184 ['IIIYZIZIIIYIYIZIII']
clique 185 ['IIIZZIZIIIYIYIZIII']
clique 186 ['IIIIIIXIYIYXZIZIII']
clique 187 ['IIIIIIXIYIYYZIZIII']
clique 188 ['IIIIYIZIIIYXZIZIII']
clique 189 ['IIIIYIZIIIYYZIZIII']
clique 190 ['IIIIIIXIYIYZZIZIII']
clique 191 ['IIIIYIZIIIYZZIZIII']
clique 192 ['IIIIIIXIYIYIIIXIYI']
clique 193 ['IIIIYIZIIIYIIIXIYI']
clique 194 ['IIIIIIXIYIYIYIZIII']
clique 195 ['IIIIYIZIIIYIYIZIII']
clique 196 ['IIIIIIYIIIYIIIXIXX']
clique 197 ['IIIIIIYIIIYIIIXIXY']
clique 198 ['IIIIIIYIIIYIIIXIXZ']
clique 199 ['IIIIIIYIIIYIIIXXZI']
clique 200 ['IIIIIIYIIIYIIIXYZI']
clique 201 ['IIIIIIXIXXYIIIYIII']
clique 202 ['IIIIIIXIXYYIIIYIII']
clique 203 ['IIIIIIXIXZYIIIYIII']
clique 204 ['IIIIIIXXZIYIIIYIII']
clique 205 ['IIIIIIXYZIYIIIYIII']
clique 206 ['IIIIIIXZZIYIIIYIII']
clique 207 ['IIIIIIYIIIYIIIXZZI']
clique 208 ['IIIIXXZIIIYIIIYIII']
clique 209 ['IIIIXYZIIIYIIIYIII']
clique 210 ['IIIIXZZIIIYIIIYIII']
clique 211 ['IIIXZIZIIIYIIIYIII']
clique 212 ['IIIYZIZIIIYIIIYIII']
clique 213 ['IIIZZIZIIIYIIIYIII']
clique 214 ['IIIIIIYIIIYIXXZIII']
clique 215 ['IIIIIIYIIIYIXYZIII']
clique 216 ['IIIIIIYIIIYIXZZIII']
clique 217 ['IIIIIIYIIIYXZIZIII']
clique 218 ['IIIIIIYIIIYYZIZIII']
clique 219 ['IIIIIIYIIIYZZIZIII']
clique 220 ['IIIIIIYIIIYIIIXIYI']
clique 221 ['IIIIIIXIYIYIIIYIII']
clique 222 ['IIIIYIZIIIYIIIYIII']
clique 223 ['IIIIIIYIIIYIYIZIII']
clique 224 ['IIIIIIYIIIYIIIYIII']
clique 225 ['XYYIIIIIIIXIIIXIXX', 'IIIIXYYIXXIIIIIIII']
clique 226 ['XXYIIIIIIIXIIIXIXY', 'IIIIXXYIXYIIIIIIII']
clique 227 ['XXYIIIIIIIXIIIXIXX', 'IIIIXXYIXXIIIIIIII']
clique 228 ['XYYIIIIIIIXIIIXIXY', 'IIIIXYYIXYIIIIIIII']
clique 229 ['XZYIIIIIIIXIIIXIXY', 'IIIIXZYIXYIIIIIIII']
clique 230 ['XZYIIIIIIIXIIIXIXX', 'IIIIXZYIXXIIIIIIII']
clique 231 ['XYYIIIIIIIXIIIXIXZ', 'IIIYZIYIXXIIIIIIII']
clique 232 ['XXYIIIIIIIXIIIXIXZ', 'IIIXZIYIXYIIIIIIII']
clique 233 ['XZYIIIIIIIXIIIXIXZ', 'IIIXZIYIXXIIIIIIII']
clique 234 ['XYYIIIIIIIXIIIXXZI', 'IIIYZIYIXYIIIIIIII']
clique 235 ['XXYIIIIIIIXIIIXYZI', 'IIIZZIYIXYIIIIIIII']
clique 236 ['XXYIIIIIIIXIIIXXZI', 'IIIZZIYIXXIIIIIIII']
clique 237 ['XYYIIIIIIIXIIIXYZI', 'IIIIXYYIXZIIIIIIII']
clique 238 ['XZYIIIIIIIXIIIXYZI', 'IIIIXXYIXZIIIIIIII']
clique 239 ['XZYIIIIIIIXIIIXXZI', 'IIIIXZYIXZIIIIIIII']
clique 240 ['XYYIIIIIIIXIIIXZZI', 'IIIYZIYIXZIIIIIIII']
clique 241 ['XXYIIIIIIIXIIIXZZI', 'IIIXZIYIXZIIIIIIII']
clique 242 ['XZYIIIIIIIXIIIXZZI', 'IIIZZIYIXZIIIIIIII']
clique 243 ['XYYIIIIIIIXIXXZIII', 'IIIIXYYXZIIIIIIIII']
clique 244 ['XXYIIIIIIIXIXYZIII', 'IIIIXXYYZIIIIIIIII']
clique 245 ['XXYIIIIIIIXIXXZIII', 'IIIIXXYXZIIIIIIIII']
clique 246 ['XYYIIIIIIIXIXYZIII', 'IIIIXYYYZIIIIIIIII']
clique 247 ['XZYIIIIIIIXIXYZIII', 'IIIIXZYYZIIIIIIIII']
clique 248 ['XZYIIIIIIIXIXXZIII', 'IIIIXZYXZIIIIIIIII']
clique 249 ['XYYIIIIIIIXIXZZIII', 'IIIYZIYXZIIIIIIIII']
clique 250 ['XXYIIIIIIIXIXZZIII', 'IIIXZIYYZIIIIIIIII']
clique 251 ['XZYIIIIIIIXIXZZIII', 'IIIXZIYXZIIIIIIIII']
clique 252 ['XYYIIIIIIIXXZIZIII', 'IIIYZIYYZIIIIIIIII']
clique 253 ['XXYIIIIIIIXYZIZIII', 'IIIZZIYYZIIIIIIIII']
clique 254 ['XXYIIIIIIIXXZIZIII', 'IIIZZIYXZIIIIIIIII']
clique 255 ['XYYIIIIIIIXYZIZIII', 'IIIIXYYZZIIIIIIIII']
clique 256 ['XZYIIIIIIIXYZIZIII', 'IIIIXXYZZIIIIIIIII']
clique 257 ['XZYIIIIIIIXXZIZIII', 'IIIIXZYZZIIIIIIIII']
clique 258 ['XYYIIIIIIIXZZIZIII', 'IIIYZIYZZIIIIIIIII']
clique 259 ['XXYIIIIIIIXZZIZIII', 'IIIXZIYZZIIIIIIIII']
clique 260 ['XZYIIIIIIIXZZIZIII', 'IIIZZIYZZIIIIIIIII']
clique 261 ['IIIIIIIIIIIIXYYIXX', 'XYYIIIXIXXZIIIIIII']
clique 262 ['IIIIIIIIIIIIXXYIXY', 'XXYIIIXIXYZIIIIIII']
clique 263 ['IIIIIIIIIIIIXXYIXX', 'XXYIIIXIXXZIIIIIII']
clique 264 ['IIIIIIIIIIIIXYYIXY', 'XYYIIIXIXYZIIIIIII']
clique 265 ['IIIIIIIIIIIIXZYIXY', 'XZYIIIXIXYZIIIIIII']
clique 266 ['IIIIIIIIIIIIXZYIXX', 'XZYIIIXIXXZIIIIIII']
clique 267 ['IIIIIIIIIIIYZIYIXX', 'XYYIIIXIXZZIIIIIII']
clique 268 ['IIIIIIIIIIIXZIYIXY', 'XXYIIIXIXZZIIIIIII']
clique 269 ['IIIIIIIIIIIXZIYIXX', 'XZYIIIXIXZZIIIIIII']
clique 270 ['IIIIIIIIIIIYZIYIXY', 'XYYIIIXXZIZIIIIIII']
clique 271 ['IIIIIIIIIIIZZIYIXY', 'XXYIIIXYZIZIIIIIII']
clique 272 ['IIIIIIIIIIIZZIYIXX', 'XXYIIIXXZIZIIIIIII']
clique 273 ['IIIIIIIIIIIIXYYIXZ', 'XYYIIIXYZIZIIIIIII']
clique 274 ['IIIIIIIIIIIIXXYIXZ', 'XZYIIIXYZIZIIIIIII']
clique 275 ['IIIIIIIIIIIIXZYIXZ', 'XZYIIIXXZIZIIIIIII']
clique 276 ['IIIIIIIIIIIYZIYIXZ', 'XYYIIIXZZIZIIIIIII']
clique 277 ['IIIIIIIIIIIXZIYIXZ', 'XXYIIIXZZIZIIIIIII']
clique 278 ['IIIIIIIIIIIZZIYIXZ', 'XZYIIIXZZIZIIIIIII']
clique 279 ['IIIIIIIIIIIIXYYXZI', 'XYYIXXZIIIZIIIIIII']
clique 280 ['IIIIIIIIIIIIXXYYZI', 'XXYIXYZIIIZIIIIIII']
clique 281 ['IIIIIIIIIIIIXXYXZI', 'XXYIXXZIIIZIIIIIII']
clique 282 ['IIIIIIIIIIIIXYYYZI', 'XYYIXYZIIIZIIIIIII']
clique 283 ['IIIIIIIIIIIIXZYYZI', 'XZYIXYZIIIZIIIIIII']
clique 284 ['IIIIIIIIIIIIXZYXZI', 'XZYIXXZIIIZIIIIIII']
clique 285 ['IIIIIIIIIIIYZIYXZI', 'XYYIXZZIIIZIIIIIII']
clique 286 ['IIIIIIIIIIIXZIYYZI', 'XXYIXZZIIIZIIIIIII']
clique 287 ['IIIIIIIIIIIXZIYXZI', 'XZYIXZZIIIZIIIIIII']
clique 288 ['IIIIIIIIIIIYZIYYZI', 'XYYXZIZIIIZIIIIIII']
clique 289 ['IIIIIIIIIIIZZIYYZI', 'XXYYZIZIIIZIIIIIII']
clique 290 ['IIIIIIIIIIIZZIYXZI', 'XXYXZIZIIIZIIIIIII']
clique 291 ['IIIIIIIIIIIIXYYZZI', 'XYYYZIZIIIZIIIIIII']
clique 292 ['IIIIIIIIIIIIXXYZZI', 'XZYYZIZIIIZIIIIIII']
clique 293 ['IIIIIIIIIIIIXZYZZI', 'XZYXZIZIIIZIIIIIII']
clique 294 ['IIIIIIIIIIIYZIYZZI', 'XYYZZIZIIIZIIIIIII']
clique 295 ['IIIIIIIIIIIXZIYZZI', 'XXYZZIZIIIZIIIIIII']
clique 296 ['IIIIIIIIIIIZZIYZZI', 'XZYZZIZIIIZIIIIIII']
clique 297 ['YIYIIIIIIIXIIIXIXX', 'IIIIYIYIXXIIIIIIII']
clique 298 ['YIYIIIIIIIXIIIXIXY', 'IIIIYIYIXYIIIIIIII']
clique 299 ['XXYIIIIIIIXIIIXIYI', 'IIIIXXYIYIIIIIIIII']
clique 300 ['XYYIIIIIIIXIIIXIYI', 'IIIIXYYIYIIIIIIIII']
clique 301 ['XZYIIIIIIIXIIIXIYI', 'IIIIXZYIYIIIIIIIII']
clique 302 ['YIYIIIIIIIXIIIXIXZ', 'IIIIYIYIXZIIIIIIII']
clique 303 ['YIYIIIIIIIXIIIXXZI', 'IIIXZIYIYIIIIIIIII']
clique 304 ['YIYIIIIIIIXIIIXYZI', 'IIIYZIYIYIIIIIIIII']
clique 305 ['YIYIIIIIIIXIIIXZZI', 'IIIZZIYIYIIIIIIIII']
clique 306 ['YIYIIIIIIIXIXXZIII', 'IIIIYIYXZIIIIIIIII']
clique 307 ['YIYIIIIIIIXIXYZIII', 'IIIIYIYYZIIIIIIIII']
clique 308 ['XXYIIIIIIIXIYIZIII', 'IIIIYIYZZIIIIIIIII']
clique 309 ['XYYIIIIIIIXIYIZIII', 'IIIIYIYIYIIIIIIIII']
clique 310 ['XZYIIIIIIIXIYIZIII', 'IIIIIIZIXXIIIIIIII']
clique 311 ['YIYIIIIIIIXIXZZIII', 'IIIIIIZIXYIIIIIIII']
clique 312 ['YIYIIIIIIIXXZIZIII', 'IIIIIIZIXZIIIIIIII']
clique 313 ['YIYIIIIIIIXYZIZIII', 'IIIIIIZXZIIIIIIIII']
clique 314 ['YIYIIIIIIIXZZIZIII', 'IIIIIIZYZIIIIIIIII']
clique 315 ['IIIIIIIIIIIIYIYIXX', 'YIYIIIXIXXZIIIIIII']
clique 316 ['IIIIIIIIIIIIYIYIXY', 'YIYIIIXIXYZIIIIIII']
clique 317 ['IIIIIIIIIIIIXXYIYI', 'XXYIIIXIYIZIIIIIII']
clique 318 ['IIIIIIIIIIIIXYYIYI', 'XYYIIIXIYIZIIIIIII']
clique 319 ['IIIIIIIIIIIIXZYIYI', 'XZYIIIXIYIZIIIIIII']
clique 320 ['IIIIIIIIIIIIYIYIXZ', 'YIYIIIXIXZZIIIIIII']
clique 321 ['IIIIIIIIIIIXZIYIYI', 'YIYIIIXXZIZIIIIIII']
clique 322 ['IIIIIIIIIIIYZIYIYI', 'YIYIIIXYZIZIIIIIII']
clique 323 ['IIIIIIIIIIIZZIYIYI', 'YIYIIIXZZIZIIIIIII']
clique 324 ['IIIIIIIIIIIIYIYXZI', 'YIYIXXZIIIZIIIIIII']
clique 325 ['IIIIIIIIIIIIYIYYZI', 'YIYIXYZIIIZIIIIIII']
clique 326 ['IIIIIIIIIIIIYIYZZI', 'XXYIYIZIIIZIIIIIII']
clique 327 ['IIIIIIIIIIIIYIYIYI', 'XYYIYIZIIIZIIIIIII']
clique 328 ['IIIIIIIIIIIIIIZIXX', 'XZYIYIZIIIZIIIIIII']
clique 329 ['IIIIIIIIIIIIIIZIXY', 'YIYIXZZIIIZIIIIIII']
clique 330 ['IIIIIIIIIIIIIIZIXZ', 'YIYXZIZIIIZIIIIIII']
clique 331 ['IIIIIIIIIIIIIIZXZI', 'YIYYZIZIIIZIIIIIII']
clique 332 ['IIIIIIIIIIIIIIZYZI', 'YIYZZIZIIIZIIIIIII']
clique 333 ['IIZIIIIIIIXIIIXIXX', 'IIIIIIZZZIIIIIIIII']
clique 334 ['IIZIIIIIIIXIIIXIXY', 'IIIIXXXIIIIIIIIIII']
clique 335 ['IIZIIIIIIIXIIIXIXZ', 'IIIIXYXIIIIIIIIIII']
clique 336 ['YIYIIIIIIIXIIIXIYI', 'IIIIXZXIIIIIIIIIII']
clique 337 ['IIZIIIIIIIXIIIXXZI', 'IIIXZIXIIIIIIIIIII']
clique 338 ['IIZIIIIIIIXIIIXYZI', 'IIIYZIXIIIIIIIIIII']
clique 339 ['IIZIIIIIIIXIIIXZZI', 'IIIZZIXIIIIIIIIIII']
clique 340 ['IIZIIIIIIIXIXXZIII', 'IIIIIIZIYIIIIIIIII']
clique 341 ['IIZIIIIIIIXIXYZIII', 'IIIIYIXIIIIIIIIIII']
clique 342 ['IIZIIIIIIIXIXZZIII']
clique 343 ['YIYIIIIIIIXIYIZIII']
clique 344 ['IIZIIIIIIIXXZIZIII']
clique 345 ['IIZIIIIIIIXYZIZIII']
clique 346 ['IIZIIIIIIIXZZIZIII']
clique 347 ['IIIIIIIIIIIIIIZZZI', 'IIZIIIXIXXZIIIIIII']
clique 348 ['IIIIIIIIIIIIXXXIII', 'IIZIIIXIXYZIIIIIII']
clique 349 ['IIIIIIIIIIIIXYXIII', 'IIZIIIXIXZZIIIIIII']
clique 350 ['IIIIIIIIIIIIXZXIII', 'YIYIIIXIYIZIIIIIII']
clique 351 ['IIIIIIIIIIIXZIXIII', 'IIZIIIXXZIZIIIIIII']
clique 352 ['IIIIIIIIIIIYZIXIII', 'IIZIIIXYZIZIIIIIII']
clique 353 ['IIIIIIIIIIIZZIXIII', 'IIZIIIXZZIZIIIIIII']
clique 354 ['IIIIIIIIIIIIIIZIYI', 'IIZIXXZIIIZIIIIIII']
clique 355 ['IIIIIIIIIIIIYIXIII', 'IIZIXYZIIIZIIIIIII']
clique 356 ['IIZIXZZIIIZIIIIIII']
clique 357 ['YIYIYIZIIIZIIIIIII']
clique 358 ['IIZXZIZIIIZIIIIIII']
clique 359 ['IIZYZIZIIIZIIIIIII']
clique 360 ['IIZZZIZIIIZIIIIIII']
clique 361 ['IIZIIIIIIIXIIIXIYI']
clique 362 ['IIZIIIIIIIXIYIZIII']
clique 363 ['IIZIIIXIYIZIIIIIII']
clique 364 ['IIZIYIZIIIZIIIIIII']
clique 365 ['IIIIIIIIIIZIIIXIXX']
clique 366 ['IIIIIIIIIIZIIIXIXY']
clique 367 ['IIIIIIIIIIZIIIXIXZ']
clique 368 ['IIIIIIIIIIZIIIXXZI']
clique 369 ['IIIIIIIIIIZIIIXYZI']
clique 370 ['IIIIIIIIIIZIIIXZZI']
clique 371 ['IIIIIIIIIIZIXXZIII']
clique 372 ['IIIIIIIIIIZIXYZIII']
clique 373 ['IIIIIIIIIIZIXZZIII']
clique 374 ['IIIIIIIIIIZXZIZIII']
clique 375 ['IIIIIIIIIIZYZIZIII']
clique 376 ['IIIIIIIIIIZZZIZIII']
clique 377 ['IIIIIIXIXXXIIIIIII']
clique 378 ['IIIIIIXIXYXIIIIIII']
clique 379 ['IIIIIIXIXZXIIIIIII']
clique 380 ['IIIIIIXXZIXIIIIIII']
clique 381 ['IIIIIIXYZIXIIIIIII']
clique 382 ['IIIIIIXZZIXIIIIIII']
clique 383 ['IIIIXXZIIIXIIIIIII']
clique 384 ['IIIIXYZIIIXIIIIIII']
clique 385 ['IIIIXZZIIIXIIIIIII']
clique 386 ['IIIXZIZIIIXIIIIIII']
clique 387 ['IIIYZIZIIIXIIIIIII']
clique 388 ['IIIZZIZIIIXIIIIIII']
clique 389 ['IIIIIIIIIIZIIIXIYI']
clique 390 ['IIIIIIIIIIZIYIZIII']
clique 391 ['IIIIIIXIYIXIIIIIII']
clique 392 ['IIIIYIZIIIXIIIIIII']
clique 393 ['XXYIIIIIIIXIIIYIII']
clique 394 ['XYYIIIIIIIXIIIYIII']
clique 395 ['XZYIIIIIIIXIIIYIII']
clique 396 ['XXYIIIYIIIZIIIIIII']
clique 397 ['XYYIIIYIIIZIIIIIII']
clique 398 ['XZYIIIYIIIZIIIIIII']
clique 399 ['YIYIIIIIIIXIIIYIII']
clique 400 ['YIYIIIYIIIZIIIIIII']
clique 401 ['IIZIIIIIIIXIIIYIII']
clique 402 ['IIZIIIYIIIZIIIIIII']
clique 403 ['IIIIIIIIIIZIIIYIII']
clique 404 ['IIIIIIYIIIXIIIIIII']
clique 405 ['XXYIIIIIIIYIIIIIII']
clique 406 ['XYYIIIIIIIYIIIIIII']
clique 407 ['XZYIIIIIIIYIIIIIII']
clique 408 ['YIYIIIIIIIYIIIIIII']
clique 409 ['IIZIIIIIIIYIIIIIII']
