GS energy with  DMRG -6.902303420391808
N= 5.0
E= -6.902303420391808
D= [[ 6.62714723e-01+0.j  9.96620165e-02+0.j  3.85769267e-01+0.j
   5.99907277e-13+0.j -1.31263743e-01+0.j -8.03984366e-02+0.j
  -1.00173361e-01+0.j -5.35724243e-13+0.j  1.20182533e-01+0.j
   7.36112461e-02+0.j]
 [ 9.96620165e-02+0.j  3.37285277e-01+0.j -3.16722343e-13+0.j
   3.85769267e-01+0.j -8.03984366e-02+0.j  1.31263743e-01+0.j
   3.34517136e-13+0.j -1.00173361e-01+0.j  7.36112461e-02+0.j
  -1.20182533e-01+0.j]
 [ 3.85769267e-01+0.j -3.16730583e-13+0.j  4.70943443e-01+0.j
  -1.77970071e-02+0.j  2.83873028e-01+0.j -4.94599587e-13+0.j
   6.66111394e-03+0.j  4.07990153e-03+0.j -1.00173361e-01+0.j
   1.83422455e-12+0.j]
 [ 5.99928093e-13+0.j  3.85769267e-01+0.j -1.77970071e-02+0.j
   5.29056557e-01+0.j  2.89774281e-13+0.j  2.83873028e-01+0.j
   4.07990153e-03+0.j -6.66111394e-03+0.j -8.13799549e-13+0.j
  -1.00173361e-01+0.j]
 [-1.31263743e-01+0.j -8.03984366e-02+0.j  2.83873028e-01+0.j
   2.89837598e-13+0.j  6.59061753e-01+0.j  9.74245889e-02+0.j
   2.83873028e-01+0.j -1.36154976e-13+0.j -1.31263743e-01+0.j
  -8.03984366e-02+0.j]
 [-8.03984366e-02+0.j  1.31263743e-01+0.j -4.94581156e-13+0.j
   2.83873028e-01+0.j  9.74245889e-02+0.j  3.40938247e-01+0.j
  -6.99704183e-13+0.j  2.83873028e-01+0.j -8.03984366e-02+0.j
   1.31263743e-01+0.j]
 [-1.00173361e-01+0.j  3.34531014e-13+0.j  6.66111394e-03+0.j
   4.07990153e-03+0.j  2.83873028e-01+0.j -6.99686836e-13+0.j
   4.70943443e-01+0.j -1.77970071e-02+0.j  3.85769267e-01+0.j
  -3.22141257e-12+0.j]
 [-5.35731182e-13+0.j -1.00173361e-01+0.j  4.07990153e-03+0.j
  -6.66111394e-03+0.j -1.36168854e-13+0.j  2.83873028e-01+0.j
  -1.77970071e-02+0.j  5.29056557e-01+0.j  3.87610777e-12+0.j
   3.85769267e-01+0.j]
 [ 1.20182533e-01+0.j  7.36112461e-02+0.j -1.00173361e-01+0.j
  -8.13804753e-13+0.j -1.31263743e-01+0.j -8.03984366e-02+0.j
   3.85769267e-01+0.j  3.87613552e-12+0.j  6.62714723e-01+0.j
   9.96620165e-02+0.j]
 [ 7.36112461e-02+0.j -1.20182533e-01+0.j  1.83422400e-12+0.j
  -1.00173361e-01+0.j -8.03984366e-02+0.j  1.31263743e-01+0.j
  -3.22140867e-12+0.j  3.85769267e-01+0.j  9.96620165e-02+0.j
   3.37285277e-01+0.j]]
W= [0.17132938+0.j 0.21187054+0.j 0.18843509+0.j 0.21187054+0.j
 0.17132938+0.j]
local approximation with  1 sites
local interactions on sites [[0], [1], [2], [3], [4]]
Functional for interaction on sites [0]
interacting orbitals: [0, 1]
mapping: [0, 1, 2, 3, 4, 5, 6, 7, 8, 9]
orbinteractaca= [0, 1]
aca: level 4  norb= 10
Daca= [[ 6.62714723e-01+0.j  9.96620165e-02+0.j -4.49899061e-01+0.j
  -2.53405941e-18+0.j -5.00670124e-17+0.j  8.65768570e-18+0.j
  -1.84579317e-17+0.j  6.06827506e-19+0.j  2.57062170e-17+0.j
   2.64124917e-17+0.j]
 [ 9.96620165e-02+0.j  3.37285277e-01+0.j -3.53019113e-13+0.j
  -4.49899061e-01+0.j -5.66375392e-18+0.j -1.70452309e-17+0.j
  -6.47865061e-20+0.j -1.81633959e-17+0.j -7.26160459e-18+0.j
  -1.02369249e-17+0.j]
 [-4.49899061e-01+0.j -3.53003218e-13+0.j  3.40443526e-01+0.j
  -9.77276033e-02+0.j  5.66264163e-03+0.j  8.50035240e-20+0.j
   2.03080654e-19+0.j  1.45276232e-19+0.j  4.75879956e-20+0.j
   7.58417421e-23+0.j]
 [-9.71071055e-18+0.j -4.49899061e-01+0.j -9.77276033e-02+0.j
   6.59556474e-01+0.j -8.88644917e-14+0.j  5.66264163e-03+0.j
   3.89261135e-19+0.j  3.42273365e-20+0.j  6.12321447e-21+0.j
   1.92014540e-21+0.j]
 [-9.44356452e-17+0.j -1.00272775e-16+0.j  5.66264163e-03+0.j
  -8.88665310e-14+0.j  4.90075983e-01+0.j -6.07841438e-03+0.j
   4.90288074e-01+0.j  3.61739372e-17+0.j  8.61707267e-17+0.j
   2.52865178e-17+0.j]
 [-1.00563301e-16+0.j  1.13525174e-16+0.j  1.24425023e-17+0.j
   5.66264163e-03+0.j -6.07841438e-03+0.j  5.09924017e-01+0.j
  -1.88345569e-13+0.j  4.90288074e-01+0.j  3.82845478e-17+0.j
   1.01472985e-17+0.j]
 [ 8.15809503e-18+0.j  1.06066486e-17+0.j  2.21766806e-17+0.j
  -6.20444820e-17+0.j  4.90288074e-01+0.j -1.88317814e-13+0.j
   5.11121993e-01+0.j  6.81216944e-03+0.j  2.52566123e-03+0.j
   0.00000000e+00+0.j]
 [-3.28559064e-18+0.j -1.24773922e-16+0.j  5.19137183e-18+0.j
  -3.61126013e-17+0.j  2.94541916e-17+0.j  4.90288074e-01+0.j
   6.81216944e-03+0.j  4.88878007e-01+0.j -2.71712491e-13+0.j
  -2.52566123e-03+0.j]
 [ 1.07506606e-16+0.j  7.52719531e-17+0.j  2.46108741e-17+0.j
   1.90429175e-17+0.j -7.57411644e-17+0.j -3.22597819e-17+0.j
   2.52566123e-03+0.j -2.71677265e-13+0.j  9.22021859e-01+0.j
  -2.58486439e-01+0.j]
 [ 5.49012365e-17+0.j -1.99393770e-16+0.j  2.62671690e-18+0.j
   9.95584381e-17+0.j -1.31366718e-18+0.j  1.76680752e-16+0.j
   6.66510268e-17+0.j -2.52566123e-03+0.j -2.58486439e-01+0.j
   7.79781414e-02+0.j]]
Naca= (2.926378084475124, 2.0736219155248747)
nq= 10
interact= NNIIIIIIII * (1+0j)
variational state:
       ┌──────────┐┌───────────┐┌───────────┐             ┌───────────┐»
 q0_0: ┤ Ry(y[0]) ├┤ Rz(y[10]) ├┤ Rx(y[20]) ├──────■──────┤ Ry(y[30]) ├»
       ├──────────┤├───────────┤└─────┬─────┘┌─────┴─────┐└───────────┘»
 q0_1: ┤ Ry(y[1]) ├┤ Rz(y[11]) ├──────┼──────┤ Rx(y[21]) ├──────■──────»
       ├──────────┤├───────────┤      │      └───────────┘┌─────┴─────┐»
 q0_2: ┤ Ry(y[2]) ├┤ Rz(y[12]) ├──────┼───────────────────┤ Rx(y[22]) ├»
       ├──────────┤├───────────┤      │                   └───────────┘»
 q0_3: ┤ Ry(y[3]) ├┤ Rz(y[13]) ├──────┼────────────────────────────────»
       ├──────────┤├───────────┤      │                                »
 q0_4: ┤ Ry(y[4]) ├┤ Rz(y[14]) ├──────┼────────────────────────────────»
       ├──────────┤├───────────┤      │                                »
 q0_5: ┤ Ry(y[5]) ├┤ Rz(y[15]) ├──────┼────────────────────────────────»
       ├──────────┤├───────────┤      │                                »
 q0_6: ┤ Ry(y[6]) ├┤ Rz(y[16]) ├──────┼────────────────────────────────»
       ├──────────┤├───────────┤      │                                »
 q0_7: ┤ Ry(y[7]) ├┤ Rz(y[17]) ├──────┼────────────────────────────────»
       ├──────────┤├───────────┤      │                                »
 q0_8: ┤ Ry(y[8]) ├┤ Rz(y[18]) ├──────┼────────────────────────────────»
       ├──────────┤├───────────┤      │                                »
 q0_9: ┤ Ry(y[9]) ├┤ Rz(y[19]) ├──────■────────────────────────────────»
       └──────────┘└───────────┘                                       »
c0: 10/════════════════════════════════════════════════════════════════»
                                                                       »
«       ┌───────────┐                                                    »
« q0_0: ┤ Rz(y[40]) ├────────────────────────────────────────────────────»
«       ├───────────┤┌───────────┐                                       »
« q0_1: ┤ Ry(y[31]) ├┤ Rz(y[41]) ├───────────────────────────────────────»
«       └───────────┘├───────────┤┌───────────┐                          »
« q0_2: ──────■──────┤ Ry(y[32]) ├┤ Rz(y[42]) ├──────────────────────────»
«       ┌─────┴─────┐└───────────┘├───────────┤┌───────────┐             »
« q0_3: ┤ Rx(y[23]) ├──────■──────┤ Ry(y[33]) ├┤ Rz(y[43]) ├─────────────»
«       └───────────┘┌─────┴─────┐└───────────┘├───────────┤┌───────────┐»
« q0_4: ─────────────┤ Rx(y[24]) ├──────■──────┤ Ry(y[34]) ├┤ Rz(y[44]) ├»
«                    └───────────┘┌─────┴─────┐└───────────┘├───────────┤»
« q0_5: ──────────────────────────┤ Rx(y[25]) ├──────■──────┤ Ry(y[35]) ├»
«                                 └───────────┘┌─────┴─────┐└───────────┘»
« q0_6: ───────────────────────────────────────┤ Rx(y[26]) ├──────■──────»
«                                              └───────────┘┌─────┴─────┐»
« q0_7: ────────────────────────────────────────────────────┤ Rx(y[27]) ├»
«                                                           └───────────┘»
« q0_8: ─────────────────────────────────────────────────────────────────»
«                                                                        »
« q0_9: ─────────────────────────────────────────────────────────────────»
«                                                                        »
«c0: 10/═════════════════════════════════════════════════════════════════»
«                                                                        »
«                                                           ┌───────────┐»
« q0_0: ────────────────────────────────────────────────────┤ Rx(y[50]) ├»
«                                                           └─────┬─────┘»
« q0_1: ──────────────────────────────────────────────────────────┼──────»
«                                                                 │      »
« q0_2: ──────────────────────────────────────────────────────────┼──────»
«                                                                 │      »
« q0_3: ──────────────────────────────────────────────────────────┼──────»
«                                                                 │      »
« q0_4: ──────────────────────────────────────────────────────────┼──────»
«       ┌───────────┐                                             │      »
« q0_5: ┤ Rz(y[45]) ├─────────────────────────────────────────────┼──────»
«       ├───────────┤┌───────────┐                                │      »
« q0_6: ┤ Ry(y[36]) ├┤ Rz(y[46]) ├────────────────────────────────┼──────»
«       └───────────┘├───────────┤┌───────────┐                   │      »
« q0_7: ──────■──────┤ Ry(y[37]) ├┤ Rz(y[47]) ├───────────────────┼──────»
«       ┌─────┴─────┐└───────────┘├───────────┤┌───────────┐      │      »
« q0_8: ┤ Rx(y[28]) ├──────■──────┤ Ry(y[38]) ├┤ Rz(y[48]) ├──────┼──────»
«       └───────────┘┌─────┴─────┐├───────────┤├───────────┤      │      »
« q0_9: ─────────────┤ Rx(y[29]) ├┤ Ry(y[39]) ├┤ Rz(y[49]) ├──────■──────»
«                    └───────────┘└───────────┘└───────────┘             »
«c0: 10/═════════════════════════════════════════════════════════════════»
«                                                                        »
«                    ┌───────────┐┌───────────┐                          »
« q0_0: ──────■──────┤ Ry(y[60]) ├┤ Rz(y[70]) ├──────────────────────────»
«       ┌─────┴─────┐└───────────┘├───────────┤┌───────────┐             »
« q0_1: ┤ Rx(y[51]) ├──────■──────┤ Ry(y[61]) ├┤ Rz(y[71]) ├─────────────»
«       └───────────┘┌─────┴─────┐└───────────┘├───────────┤┌───────────┐»
« q0_2: ─────────────┤ Rx(y[52]) ├──────■──────┤ Ry(y[62]) ├┤ Rz(y[72]) ├»
«                    └───────────┘┌─────┴─────┐└───────────┘├───────────┤»
« q0_3: ──────────────────────────┤ Rx(y[53]) ├──────■──────┤ Ry(y[63]) ├»
«                                 └───────────┘┌─────┴─────┐└───────────┘»
« q0_4: ───────────────────────────────────────┤ Rx(y[54]) ├──────■──────»
«                                              └───────────┘┌─────┴─────┐»
« q0_5: ────────────────────────────────────────────────────┤ Rx(y[55]) ├»
«                                                           └───────────┘»
« q0_6: ─────────────────────────────────────────────────────────────────»
«                                                                        »
« q0_7: ─────────────────────────────────────────────────────────────────»
«                                                                        »
« q0_8: ─────────────────────────────────────────────────────────────────»
«                                                                        »
« q0_9: ─────────────────────────────────────────────────────────────────»
«                                                                        »
«c0: 10/═════════════════════════════════════════════════════════════════»
«                                                                        »
«                                                                        »
« q0_0: ─────────────────────────────────────────────────────────────────»
«                                                                        »
« q0_1: ─────────────────────────────────────────────────────────────────»
«                                                                        »
« q0_2: ─────────────────────────────────────────────────────────────────»
«       ┌───────────┐                                                    »
« q0_3: ┤ Rz(y[73]) ├────────────────────────────────────────────────────»
«       ├───────────┤┌───────────┐                                       »
« q0_4: ┤ Ry(y[64]) ├┤ Rz(y[74]) ├───────────────────────────────────────»
«       └───────────┘├───────────┤┌───────────┐                          »
« q0_5: ──────■──────┤ Ry(y[65]) ├┤ Rz(y[75]) ├──────────────────────────»
«       ┌─────┴─────┐└───────────┘├───────────┤┌───────────┐             »
« q0_6: ┤ Rx(y[56]) ├──────■──────┤ Ry(y[66]) ├┤ Rz(y[76]) ├─────────────»
«       └───────────┘┌─────┴─────┐└───────────┘├───────────┤┌───────────┐»
« q0_7: ─────────────┤ Rx(y[57]) ├──────■──────┤ Ry(y[67]) ├┤ Rz(y[77]) ├»
«                    └───────────┘┌─────┴─────┐└───────────┘├───────────┤»
« q0_8: ──────────────────────────┤ Rx(y[58]) ├──────■──────┤ Ry(y[68]) ├»
«                                 └───────────┘┌─────┴─────┐├───────────┤»
« q0_9: ───────────────────────────────────────┤ Rx(y[59]) ├┤ Ry(y[69]) ├»
«                                              └───────────┘└───────────┘»
«c0: 10/═════════════════════════════════════════════════════════════════»
«                                                                        »
«                    ┌───────────┐             ┌───────────┐┌────────────┐»
« q0_0: ─────────────┤ Rx(y[80]) ├──────■──────┤ Ry(y[90]) ├┤ Rz(y[100]) ├»
«                    └─────┬─────┘┌─────┴─────┐└───────────┘├───────────┬┘»
« q0_1: ───────────────────┼──────┤ Rx(y[81]) ├──────■──────┤ Ry(y[91]) ├─»
«                          │      └───────────┘┌─────┴─────┐└───────────┘ »
« q0_2: ───────────────────┼───────────────────┤ Rx(y[82]) ├──────■───────»
«                          │                   └───────────┘┌─────┴─────┐ »
« q0_3: ───────────────────┼────────────────────────────────┤ Rx(y[83]) ├─»
«                          │                                └───────────┘ »
« q0_4: ───────────────────┼──────────────────────────────────────────────»
«                          │                                              »
« q0_5: ───────────────────┼──────────────────────────────────────────────»
«                          │                                              »
« q0_6: ───────────────────┼──────────────────────────────────────────────»
«                          │                                              »
« q0_7: ───────────────────┼──────────────────────────────────────────────»
«       ┌───────────┐      │                                              »
« q0_8: ┤ Rz(y[78]) ├──────┼──────────────────────────────────────────────»
«       ├───────────┤      │                                              »
« q0_9: ┤ Rz(y[79]) ├──────■──────────────────────────────────────────────»
«       └───────────┘                                                     »
«c0: 10/══════════════════════════════════════════════════════════════════»
«                                                                         »
«                                                                             »
« q0_0: ──────────────────────────────────────────────────────────────────────»
«       ┌────────────┐                                                        »
« q0_1: ┤ Rz(y[101]) ├────────────────────────────────────────────────────────»
«       ├───────────┬┘┌────────────┐                                          »
« q0_2: ┤ Ry(y[92]) ├─┤ Rz(y[102]) ├──────────────────────────────────────────»
«       └───────────┘ ├───────────┬┘┌────────────┐                            »
« q0_3: ──────■───────┤ Ry(y[93]) ├─┤ Rz(y[103]) ├────────────────────────────»
«       ┌─────┴─────┐ └───────────┘ ├───────────┬┘┌────────────┐              »
« q0_4: ┤ Rx(y[84]) ├───────■───────┤ Ry(y[94]) ├─┤ Rz(y[104]) ├──────────────»
«       └───────────┘ ┌─────┴─────┐ └───────────┘ ├───────────┬┘┌────────────┐»
« q0_5: ──────────────┤ Rx(y[85]) ├───────■───────┤ Ry(y[95]) ├─┤ Rz(y[105]) ├»
«                     └───────────┘ ┌─────┴─────┐ └───────────┘ ├───────────┬┘»
« q0_6: ────────────────────────────┤ Rx(y[86]) ├───────■───────┤ Ry(y[96]) ├─»
«                                   └───────────┘ ┌─────┴─────┐ └───────────┘ »
« q0_7: ──────────────────────────────────────────┤ Rx(y[87]) ├───────■───────»
«                                                 └───────────┘ ┌─────┴─────┐ »
« q0_8: ────────────────────────────────────────────────────────┤ Rx(y[88]) ├─»
«                                                               └───────────┘ »
« q0_9: ──────────────────────────────────────────────────────────────────────»
«                                                                             »
«c0: 10/══════════════════════════════════════════════════════════════════════»
«                                                                             »
«                                                 
« q0_0: ──────────────────────────────────────────
«                                                 
« q0_1: ──────────────────────────────────────────
«                                                 
« q0_2: ──────────────────────────────────────────
«                                                 
« q0_3: ──────────────────────────────────────────
«                                                 
« q0_4: ──────────────────────────────────────────
«                                                 
« q0_5: ──────────────────────────────────────────
«       ┌────────────┐                            
« q0_6: ┤ Rz(y[106]) ├────────────────────────────
«       ├───────────┬┘┌────────────┐              
« q0_7: ┤ Ry(y[97]) ├─┤ Rz(y[107]) ├──────────────
«       └───────────┘ ├───────────┬┘┌────────────┐
« q0_8: ──────■───────┤ Ry(y[98]) ├─┤ Rz(y[108]) ├
«       ┌─────┴─────┐ ├───────────┤ ├────────────┤
« q0_9: ┤ Rx(y[89]) ├─┤ Ry(y[99]) ├─┤ Rz(y[109]) ├
«       └───────────┘ └───────────┘ └────────────┘
«c0: 10/══════════════════════════════════════════
«                                                 
building constraints...
number of constraints= 100
plain pauliops= 190
['IIIIIIIIIZ', 'IIIIIIIIIX', 'IIIIIIIIZX', 'IIIIIIIIIY', 'IIIIIIIIZY', 'IIIIIIIYYX', 'IIIIIIIXYY', 'IIIIIIIXYX', 'IIIIIIIYYY', 'IIIIIIZIXX', 'IIIIIIIZYY', 'IIIIIIIZYX', 'IIIIIIZIXY', 'IIIIXYYIXX', 'IIIIXXYIXY', 'IIIIXXYIXX', 'IIIIXYYIXY', 'IIIIYIYIXX', 'IIIIXZYIXY', 'IIIIXZYIXX', 'IIIIYIYIXY', 'IIIYZIYIXX', 'IIIXZIYIXY', 'IIIXZIYIXX', 'IIIYZIYIXY', 'IIZIIIXIXX', 'IIIZZIYIXY', 'IIIZZIYIXX', 'IIZIIIXIXY', 'XYYIIIXIXX', 'XXYIIIXIXY', 'XXYIIIXIXX', 'XYYIIIXIXY', 'YIYIIIXIXX', 'XZYIIIXIXY', 'XZYIIIXIXX', 'YIYIIIXIXY', 'IIIIIIIIZZ', 'IIIIIIIXXI', 'IIIIIIIYYZ', 'IIIIIIIYXI', 'IIIIIIIXYZ', 'IIIIIIIZXI', 'IIIIIIZIXZ', 'IIIIIIZIYI', 'IIIIIIIZYZ', 'IIIIXXYIYI', 'IIIIXYYIXZ', 'IIIIXYYIYI', 'IIIIXXYIXZ', 'IIIIXZYIYI', 'IIIIYIYIXZ', 'IIIIYIYIYI', 'IIIIXZYIXZ', 'IIIXZIYIYI', 'IIIYZIYIXZ', 'IIIYZIYIYI', 'IIIXZIYIXZ', 'IIIZZIYIYI', 'IIZIIIXIXZ', 'IIZIIIXIYI', 'IIIZZIYIXZ', 'XXYIIIXIYI', 'XYYIIIXIXZ', 'XYYIIIXIYI', 'XXYIIIXIXZ', 'XZYIIIXIYI', 'YIYIIIXIXZ', 'YIYIIIXIYI', 'XZYIIIXIXZ', 'IIIIIIIZII', 'IIIIIIIXII', 'IIIIIIZXZI', 'IIIIIIIYII', 'IIIIIIZYZI', 'IIIIXYYXZI', 'IIIIXXYYZI', 'IIIIXXYXZI', 'IIIIXYYYZI', 'IIIIYIYXZI', 'IIIIXZYYZI', 'IIIIXZYXZI', 'IIIIYIYYZI', 'IIIYZIYXZI', 'IIIXZIYYZI', 'IIIXZIYXZI', 'IIIYZIYYZI', 'IIZIIIXXZI', 'IIIZZIYYZI', 'IIIZZIYXZI', 'IIZIIIXYZI', 'XYYIIIXXZI', 'XXYIIIXYZI', 'XXYIIIXXZI', 'XYYIIIXYZI', 'YIYIIIXXZI', 'XZYIIIXYZI', 'XZYIIIXXZI', 'YIYIIIXYZI', 'IIIIIIZZZI', 'IIIIXXXIII', 'IIIIXYYZZI', 'IIIIXYXIII', 'IIIIXXYZZI', 'IIIIXZXIII', 'IIIIYIYZZI', 'IIIIYIXIII', 'IIIIXZYZZI', 'IIIXZIXIII', 'IIIYZIYZZI', 'IIIYZIXIII', 'IIIXZIYZZI', 'IIIZZIXIII', 'IIZIIIXZZI', 'IIZIIIYIII', 'IIIZZIYZZI', 'XXYIIIYIII', 'XYYIIIXZZI', 'XYYIIIYIII', 'XXYIIIXZZI', 'XZYIIIYIII', 'YIYIIIXZZI', 'YIYIIIYIII', 'XZYIIIXZZI', 'IIIIIZIIII', 'IIIIIXIIII', 'IIIIZXIIII', 'IIIIIYIIII', 'IIIIZYIIII', 'IIIYYXIIII', 'IIIXYYIIII', 'IIIXYXIIII', 'IIIYYYIIII', 'IIIZYYIIII', 'IIZIXXZIII', 'IIIZYXIIII', 'IIZIXYZIII', 'XYYIXXZIII', 'XXYIXYZIII', 'XXYIXXZIII', 'XYYIXYZIII', 'YIYIXXZIII', 'XZYIXYZIII', 'XZYIXXZIII', 'YIYIXYZIII', 'IIIIZZIIII', 'IIIXXIIIII', 'IIIYYZIIII', 'IIIYXIIIII', 'IIIXYZIIII', 'IIIZXIIIII', 'IIZIXZZIII', 'IIIZYZIIII', 'IIZIYIZIII', 'XXYIYIZIII', 'XYYIXZZIII', 'XYYIYIZIII', 'XXYIXZZIII', 'XZYIYIZIII', 'YIYIXZZIII', 'YIYIYIZIII', 'XZYIXZZIII', 'IIIZIIIIII', 'IIIXIIIIII', 'IIZXZIZIII', 'IIIYIIIIII', 'IIZYZIZIII', 'XYYXZIZIII', 'XXYYZIZIII', 'XXYXZIZIII', 'XYYYZIZIII', 'YIYXZIZIII', 'XZYYZIZIII', 'XZYXZIZIII', 'YIYYZIZIII', 'IIZZZIZIII', 'XXXIIIIIII', 'XYYZZIZIII', 'XYXIIIIIII', 'XXYZZIZIII', 'XZXIIIIIII', 'YIYZZIZIII', 'YIXIIIIIII', 'XZYZZIZIII', 'IZIIIIIIII', 'IXIIIIIIII', 'ZXIIIIIIII', 'IYIIIIIIII', 'ZYIIIIIIII', 'ZZIIIIIIII']
unique pauliops= 190
commutation mode= disjointqubits
graphclique-cliquecover: 190 with commutationmode disjointqubits
strategy largest_first 138
strategy random_sequential 138
strategy smallest_last 138
strategy independent_set 142
strategy connected_sequential_bfs 138
strategy connected_sequential_dfs 138
strategy saturation_largest_first 138
clique 0 ['IIIIXYYIXX', 'IIIIIIIZII', 'IIIZIIIIII', 'XXXIIIIIII']
clique 1 ['IIIIXXYIXY', 'IIIIIIIXII', 'IIIXIIIIII', 'XYXIIIIIII']
clique 2 ['IIIIXXYIXX', 'IIIIIIIYII', 'IIIYIIIIII', 'XZXIIIIIII']
clique 3 ['IIIIXYYIXY', 'YIXIIIIIII', 'IZIIIIIIII']
clique 4 ['IIIIXZYIXY', 'ZXIIIIIIII']
clique 5 ['IIIIXZYIXX', 'ZYIIIIIIII']
clique 6 ['IIIYZIYIXX', 'IIIIIZIIII', 'ZZIIIIIIII']
clique 7 ['IIIXZIYIXY', 'IIIIIXIIII', 'IXIIIIIIII']
clique 8 ['IIIXZIYIXX', 'IIIIIYIIII', 'IYIIIIIIII']
clique 9 ['IIIYZIYIXY']
clique 10 ['IIIZZIYIXY']
clique 11 ['IIIZZIYIXX']
clique 12 ['IIIIXYYIXZ']
clique 13 ['IIIIXXYIXZ']
clique 14 ['IIIIXZYIXZ']
clique 15 ['IIIYZIYIXZ']
clique 16 ['IIIXZIYIXZ']
clique 17 ['IIIZZIYIXZ']
clique 18 ['IIIIIIIIIZ', 'IIIIXYYXZI']
clique 19 ['IIIIIIIIIX', 'IIIIXXYYZI']
clique 20 ['IIIIIIIIIY', 'IIIIXXYXZI']
clique 21 ['IIIIXYYYZI']
clique 22 ['IIIIXZYYZI']
clique 23 ['IIIIXZYXZI']
clique 24 ['IIIYZIYXZI']
clique 25 ['IIIXZIYYZI']
clique 26 ['IIIXZIYXZI']
clique 27 ['IIIYZIYYZI']
clique 28 ['IIIZZIYYZI']
clique 29 ['IIIZZIYXZI']
clique 30 ['IIIIXYYZZI']
clique 31 ['IIIIXXYZZI']
clique 32 ['IIIIXZYZZI']
clique 33 ['IIIYZIYZZI']
clique 34 ['IIIXZIYZZI']
clique 35 ['IIIZZIYZZI']
clique 36 ['IIIIYIYIXX']
clique 37 ['IIIIYIYIXY']
clique 38 ['IIIIXXYIYI']
clique 39 ['IIIIXYYIYI']
clique 40 ['IIIIXZYIYI']
clique 41 ['IIIIYIYIXZ']
clique 42 ['IIIXZIYIYI']
clique 43 ['IIIYZIYIYI']
clique 44 ['IIIZZIYIYI']
clique 45 ['IIIIYIYXZI']
clique 46 ['IIIIYIYYZI']
clique 47 ['IIIIYIYZZI']
clique 48 ['IIIIYIYIYI']
clique 49 ['XYYIIIXIXX', 'IIIYYXIIII']
clique 50 ['XXYIIIXIXY', 'IIIXYYIIII']
clique 51 ['XXYIIIXIXX', 'IIIXYXIIII']
clique 52 ['XYYIIIXIXY', 'IIIYYYIIII']
clique 53 ['XZYIIIXIXY', 'IIIZYYIIII']
clique 54 ['XZYIIIXIXX', 'IIIZYXIIII']
clique 55 ['XYYIIIXIXZ', 'IIIYYZIIII']
clique 56 ['XXYIIIXIXZ', 'IIIXYZIIII']
clique 57 ['XZYIIIXIXZ', 'IIIZYZIIII']
clique 58 ['XYYIIIXXZI', 'IIIIZXIIII']
clique 59 ['XXYIIIXYZI', 'IIIIZYIIII']
clique 60 ['XXYIIIXXZI', 'IIIIZZIIII']
clique 61 ['XYYIIIXYZI', 'IIIXXIIIII']
clique 62 ['XZYIIIXYZI', 'IIIYXIIIII']
clique 63 ['XZYIIIXXZI', 'IIIZXIIIII']
clique 64 ['XYYIIIXZZI']
clique 65 ['XXYIIIXZZI']
clique 66 ['XZYIIIXZZI']
clique 67 ['IIIIIIIYYX', 'XYYIXXZIII']
clique 68 ['IIIIIIIXYY', 'XXYIXYZIII']
clique 69 ['IIIIIIIXYX', 'XXYIXXZIII']
clique 70 ['IIIIIIIYYY', 'XYYIXYZIII']
clique 71 ['IIIIIIIZYY', 'XZYIXYZIII']
clique 72 ['IIIIIIIZYX', 'XZYIXXZIII']
clique 73 ['IIIIIIIYYZ', 'XYYIXZZIII']
clique 74 ['IIIIIIIXYZ', 'XXYIXZZIII']
clique 75 ['IIIIIIIZYZ', 'XZYIXZZIII']
clique 76 ['IIIIIIIIZX', 'XYYXZIZIII']
clique 77 ['IIIIIIIIZY', 'XXYYZIZIII']
clique 78 ['IIIIIIIIZZ', 'XXYXZIZIII']
clique 79 ['IIIIIIIXXI', 'XYYYZIZIII']
clique 80 ['IIIIIIIYXI', 'XZYYZIZIII']
clique 81 ['IIIIIIIZXI', 'XZYXZIZIII']
clique 82 ['XYYZZIZIII']
clique 83 ['XXYZZIZIII']
clique 84 ['XZYZZIZIII']
clique 85 ['YIYIIIXIXX']
clique 86 ['YIYIIIXIXY']
clique 87 ['XXYIIIXIYI']
clique 88 ['XYYIIIXIYI']
clique 89 ['XZYIIIXIYI']
clique 90 ['YIYIIIXIXZ']
clique 91 ['YIYIIIXXZI']
clique 92 ['YIYIIIXYZI']
clique 93 ['YIYIIIXZZI']
clique 94 ['YIYIXXZIII']
clique 95 ['YIYIXYZIII']
clique 96 ['XXYIYIZIII']
clique 97 ['XYYIYIZIII']
clique 98 ['XZYIYIZIII']
clique 99 ['YIYIXZZIII']
clique 100 ['YIYXZIZIII']
clique 101 ['YIYYZIZIII']
clique 102 ['YIYZZIZIII']
clique 103 ['IIZIIIXIXX']
clique 104 ['IIZIIIXIXY']
clique 105 ['IIZIIIXIXZ']
clique 106 ['YIYIIIXIYI']
clique 107 ['IIZIIIXXZI']
clique 108 ['IIZIIIXYZI']
clique 109 ['IIZIIIXZZI']
clique 110 ['IIZIXXZIII']
clique 111 ['IIZIXYZIII']
clique 112 ['IIZIXZZIII']
clique 113 ['YIYIYIZIII']
clique 114 ['IIZXZIZIII']
clique 115 ['IIZYZIZIII']
clique 116 ['IIZZZIZIII']
clique 117 ['IIZIIIXIYI']
clique 118 ['IIZIYIZIII']
clique 119 ['IIIIIIZIXX']
clique 120 ['IIIIIIZIXY']
clique 121 ['IIIIIIZIXZ']
clique 122 ['IIIIIIZXZI']
clique 123 ['IIIIIIZYZI']
clique 124 ['IIIIIIZZZI']
clique 125 ['IIIIXXXIII']
clique 126 ['IIIIXYXIII']
clique 127 ['IIIIXZXIII']
clique 128 ['IIIXZIXIII']
clique 129 ['IIIYZIXIII']
clique 130 ['IIIZZIXIII']
clique 131 ['IIIIIIZIYI']
clique 132 ['IIIIYIXIII']
clique 133 ['XXYIIIYIII']
clique 134 ['XYYIIIYIII']
clique 135 ['XZYIIIYIII']
clique 136 ['YIYIIIYIII']
clique 137 ['IIZIIIYIII']
groups with own implementation disjointqubits 138
