GS energy with  DMRG -13.110654662224558
N= 8.99999999999563
E= -13.110654662224558
D= [[ 6.19024907e-01+0.j -2.76744322e-02+0.j  4.05184598e-01+0.j
   9.52926643e-09+0.j -9.57889721e-02+0.j  2.22718665e-02+0.j
  -1.40617331e-01+0.j -7.24597155e-09+0.j  8.75601327e-02+0.j
  -2.03585817e-02+0.j  6.98466300e-02+0.j -3.82814739e-07+0.j
  -8.23113279e-02+0.j  1.91398328e-02+0.j -3.02114125e-02+0.j
  -2.71250187e-06+0.j  7.78959448e-02+0.j -1.81091648e-02+0.j]
 [-2.76744322e-02+0.j  3.80975081e-01+0.j  9.50749403e-09+0.j
   4.05184594e-01+0.j  2.22718614e-02+0.j  9.57889750e-02+0.j
  -9.54858377e-09+0.j -1.40617333e-01+0.j -2.03585835e-02+0.j
  -8.75601151e-02+0.j  1.74133087e-08+0.j  6.98468991e-02+0.j
   1.91382424e-02+0.j  8.23115495e-02+0.j  7.17347470e-08+0.j
  -3.02102383e-02+0.j -1.81114905e-02+0.j -7.78959397e-02+0.j]
 [ 4.05184598e-01+0.j  9.50749403e-09+0.j  4.77438377e-01+0.j
   5.24580530e-03+0.j  2.60853308e-01+0.j  4.95345776e-09+0.j
   7.03283004e-03+0.j -1.63520164e-03+0.j -6.97722797e-02+0.j
  -7.84907985e-10+0.j -3.29808432e-03+0.j  7.66277692e-04+0.j
   3.95485436e-02+0.j  1.91214849e-06+0.j  1.35479888e-03+0.j
  -3.18520409e-04+0.j -3.02102615e-02+0.j  2.75373955e-06+0.j]
 [ 9.52926641e-09+0.j  4.05184594e-01+0.j  5.24580530e-03+0.j
   5.22561613e-01+0.j  1.84872630e-09+0.j  2.60853305e-01+0.j
  -1.63520244e-03+0.j -7.03281253e-03+0.j  1.47669927e-09+0.j
  -6.97722606e-02+0.j  7.66832912e-04+0.j  3.29801184e-03+0.j
  -5.43272747e-08+0.j  3.95477271e-02+0.j -3.14992502e-04+0.j
  -1.35480261e-03+0.j -7.94584419e-08+0.j -3.02114485e-02+0.j]
 [-9.57889721e-02+0.j  2.22718614e-02+0.j  2.60853308e-01+0.j
   1.84872629e-09+0.j  6.16009339e-01+0.j -2.69732880e-02+0.j
   3.36227169e-01+0.j  7.50139006e-09+0.j -9.47568025e-02+0.j
   2.20318923e-02+0.j -1.01914141e-01+0.j -3.81769448e-07+0.j
   8.74277932e-02+0.j -2.03265005e-02+0.j  3.95477431e-02+0.j
  -1.97019024e-06+0.j -8.23115754e-02+0.j  1.91399099e-02+0.j]
 [ 2.22718665e-02+0.j  9.57889750e-02+0.j  4.95345776e-09+0.j
   2.60853305e-01+0.j -2.69732880e-02+0.j  3.83990658e-01+0.j
   7.37658889e-09+0.j  3.36227159e-01+0.j  2.20318785e-02+0.j
   9.47568178e-02+0.j  6.49717410e-09+0.j -1.01913914e-01+0.j
  -2.03277816e-02+0.j -8.74277822e-02+0.j  6.35393628e-08+0.j
   3.95485908e-02+0.j  1.91382566e-02+0.j  8.23113688e-02+0.j]
 [-1.40617331e-01+0.j -9.54858377e-09+0.j  7.03283004e-03+0.j
  -1.63520244e-03+0.j  3.36227169e-01+0.j  7.37658884e-09+0.j
   4.73144031e-01+0.j  6.24429001e-03+0.j  3.02826788e-01+0.j
   6.31670251e-09+0.j  8.64988229e-03+0.j -2.01136414e-03+0.j
  -1.01913926e-01+0.j  4.34478219e-07+0.j -3.29799394e-03+0.j
   7.66180348e-04+0.j  6.98469139e-02+0.j  4.52293637e-07+0.j]
 [-7.24597155e-09+0.j -1.40617333e-01+0.j -1.63520164e-03+0.j
  -7.03281253e-03+0.j  7.50139001e-09+0.j  3.36227159e-01+0.j
   6.24429001e-03+0.j  5.26855969e-01+0.j  6.71023253e-09+0.j
   3.02826776e-01+0.j -2.01118877e-03+0.j -8.64988403e-03+0.j
  -1.89619215e-08+0.j -1.01914175e-01+0.j  7.66826706e-04+0.j
   3.29805675e-03+0.j -9.25805596e-09+0.j  6.98466151e-02+0.j]
 [ 8.75601327e-02+0.j -2.03585835e-02+0.j -6.97722797e-02+0.j
   1.47669929e-09+0.j -9.47568025e-02+0.j  2.20318785e-02+0.j
   3.02826788e-01+0.j  6.71023257e-09+0.j  6.15775905e-01+0.j
  -2.69190257e-02+0.j  3.02826780e-01+0.j -2.35479768e-08+0.j
  -9.47568228e-02+0.j  2.20319288e-02+0.j -6.97722847e-02+0.j
  -4.19990090e-08+0.j  8.75600973e-02+0.j -2.03585444e-02+0.j]
 [-2.03585817e-02+0.j -8.75601151e-02+0.j -7.84907987e-10+0.j
  -6.97722606e-02+0.j  2.20318923e-02+0.j  9.47568178e-02+0.j
   6.31670252e-09+0.j  3.02826776e-01+0.j -2.69190257e-02+0.j
   3.84224099e-01+0.j  6.74558911e-09+0.j  3.02826798e-01+0.j
   2.20318904e-02+0.j  9.47568063e-02+0.j -3.85972146e-09+0.j
  -6.97722868e-02+0.j -2.03585899e-02+0.j -8.75601157e-02+0.j]
 [ 6.98466300e-02+0.j  1.74133087e-08+0.j -3.29808432e-03+0.j
   7.66832912e-04+0.j -1.01914141e-01+0.j  6.49717402e-09+0.j
   8.64988229e-03+0.j -2.01118877e-03+0.j  3.02826780e-01+0.j
   6.74558918e-09+0.j  4.73144032e-01+0.j  6.24428814e-03+0.j
   3.36227168e-01+0.j -1.44758672e-08+0.j  7.03281715e-03+0.j
  -1.63520909e-03+0.j -1.40617318e-01+0.j  2.31815724e-08+0.j]
 [-3.82814739e-07+0.j  6.98468991e-02+0.j  7.66277692e-04+0.j
   3.29801184e-03+0.j -3.81769448e-07+0.j -1.01913914e-01+0.j
  -2.01136414e-03+0.j -8.64988403e-03+0.j -2.35479768e-08+0.j
   3.02826798e-01+0.j  6.24428814e-03+0.j  5.26855968e-01+0.j
   1.16440697e-09+0.j  3.36227172e-01+0.j -1.63520215e-03+0.j
  -7.03283214e-03+0.j  7.03642601e-10+0.j -1.40617319e-01+0.j]
 [-8.23113279e-02+0.j  1.91382424e-02+0.j  3.95485436e-02+0.j
  -5.43272747e-08+0.j  8.74277932e-02+0.j -2.03277816e-02+0.j
  -1.01913926e-01+0.j -1.89619214e-08+0.j -9.47568228e-02+0.j
   2.20318904e-02+0.j  3.36227168e-01+0.j  1.16440698e-09+0.j
   6.16009334e-01+0.j -2.69733084e-02+0.j  2.60853300e-01+0.j
  -2.22799145e-09+0.j -9.57889734e-02+0.j  2.22718769e-02+0.j]
 [ 1.91398328e-02+0.j  8.23115495e-02+0.j  1.91214849e-06+0.j
   3.95477271e-02+0.j -2.03265005e-02+0.j -8.74277822e-02+0.j
   4.34478219e-07+0.j -1.01914175e-01+0.j  2.20319288e-02+0.j
   9.47568063e-02+0.j -1.44758671e-08+0.j  3.36227172e-01+0.j
  -2.69733084e-02+0.j  3.83990666e-01+0.j  1.45858257e-09+0.j
   2.60853304e-01+0.j  2.22718767e-02+0.j  9.57889692e-02+0.j]
 [-3.02114125e-02+0.j  7.17347470e-08+0.j  1.35479888e-03+0.j
  -3.14992502e-04+0.j  3.95477431e-02+0.j  6.35393628e-08+0.j
  -3.29799394e-03+0.j  7.66826706e-04+0.j -6.97722847e-02+0.j
  -3.85972147e-09+0.j  7.03281715e-03+0.j -1.63520215e-03+0.j
   2.60853300e-01+0.j  1.45858255e-09+0.j  4.77438393e-01+0.j
   5.24580881e-03+0.j  4.05184594e-01+0.j -1.51809748e-08+0.j]
 [-2.71250187e-06+0.j -3.02102383e-02+0.j -3.18520409e-04+0.j
  -1.35480261e-03+0.j -1.97019024e-06+0.j  3.95485908e-02+0.j
   7.66180348e-04+0.j  3.29805675e-03+0.j -4.19990090e-08+0.j
  -6.97722868e-02+0.j -1.63520909e-03+0.j -7.03283214e-03+0.j
  -2.22799146e-09+0.j  2.60853304e-01+0.j  5.24580881e-03+0.j
   5.22561619e-01+0.j -7.11194676e-09+0.j  4.05184598e-01+0.j]
 [ 7.78959448e-02+0.j -1.81114905e-02+0.j -3.02102615e-02+0.j
  -7.94584419e-08+0.j -8.23115754e-02+0.j  1.91382566e-02+0.j
   6.98469139e-02+0.j -9.25805599e-09+0.j  8.75600973e-02+0.j
  -2.03585899e-02+0.j -1.40617318e-01+0.j  7.03642624e-10+0.j
  -9.57889734e-02+0.j  2.22718767e-02+0.j  4.05184594e-01+0.j
  -7.11194677e-09+0.j  6.19024911e-01+0.j -2.76744493e-02+0.j]
 [-1.81091648e-02+0.j -7.78959397e-02+0.j  2.75373955e-06+0.j
  -3.02114485e-02+0.j  1.91399099e-02+0.j  8.23113688e-02+0.j
   4.52293637e-07+0.j  6.98466151e-02+0.j -2.03585444e-02+0.j
  -8.75601157e-02+0.j  2.31815724e-08+0.j -1.40617319e-01+0.j
   2.22718769e-02+0.j  9.57889692e-02+0.j -1.51809748e-08+0.j
   4.05184598e-01+0.j -2.76744493e-02+0.j  3.80975098e-01+0.j]]
W= [0.18433396+0.j 0.21111725+0.j 0.20320056+0.j 0.21392756+0.j
 0.20492146+0.j 0.21392756+0.j 0.20320056+0.j 0.21111726+0.j
 0.18433397+0.j]
local approximation with  1 sites
local interactions on sites [[0], [1], [2], [3], [4], [5], [6], [7], [8]]
Functional for interaction on sites [0]
aca-directory for images already exists
aca-directory for images already exists
aca-directory for images already exists
interacting orbitals: [0, 1]
mapping: [0, 1, 2, 3, 4, 5, 6, 7, 8, 9, 10, 11, 12, 13, 14, 15, 16, 17]
aca-directory for images already exists
aca-directory for images already exists
aca-directory for images already exists
orbinteractaca= [0, 1]
aca-directory for images already exists
aca-directory for images already exists
aca-directory for images already exists
aca-directory for images already exists
aca-directory for images already exists
aca-directory for images already exists
aca-directory for images already exists
aca-directory for images already exists
aca-directory for images already exists
aca-directory for images already exists
aca-directory for images already exists
aca-directory for images already exists
aca-directory for images already exists
aca-directory for images already exists
aca-directory for images already exists
aca-directory for images already exists
aca-directory for images already exists
aca-directory for images already exists
aca-directory for images already exists
aca-directory for images already exists
aca-directory for images already exists
aca-directory for images already exists
aca-directory for images already exists
aca-directory for images already exists
aca-directory for images already exists
aca-directory for images already exists
aca-directory for images already exists
aca-directory for images already exists
aca-directory for images already exists
aca-directory for images already exists
aca-directory for images already exists
aca-directory for images already exists
aca-directory for images already exists
aca-directory for images already exists
aca-directory for images already exists
aca-directory for images already exists
aca-directory for images already exists
aca-directory for images already exists
aca-directory for images already exists
aca-directory for images already exists
aca-directory for images already exists
aca-directory for images already exists
aca-directory for images already exists
aca-directory for images already exists
aca-directory for images already exists
aca-directory for images already exists
aca-directory for images already exists
aca-directory for images already exists
aca-directory for images already exists
aca-directory for images already exists
aca-directory for images already exists
aca: level 8  norb= 18
Daca= [[ 6.19024907e-01+0.j -2.76744322e-02+0.j -4.70137314e-01+0.j
   3.18306661e-18+0.j  2.04475788e-17+0.j -6.63291689e-18+0.j
  -6.21348055e-18+0.j  3.76559177e-19+0.j -2.92659334e-17+0.j
   3.86141255e-19+0.j -2.71028801e-17+0.j  2.03511666e-19+0.j
   2.81518117e-17+0.j -3.66950619e-18+0.j  3.53980418e-18+0.j
   1.93286599e-20+0.j -5.51856331e-17+0.j  3.36080104e-19+0.j]
 [-2.76744322e-02+0.j  3.80975081e-01+0.j -3.88563838e-08+0.j
  -4.70137335e-01+0.j  7.15406694e-20+0.j  1.07900690e-17+0.j
  -3.16163879e-20+0.j  1.53633943e-17+0.j -3.31274479e-18+0.j
  -5.95865872e-18+0.j  8.50374954e-20+0.j  1.59929530e-17+0.j
   5.08207811e-18+0.j  1.46688500e-17+0.j -1.04963621e-20+0.j
   2.43843005e-18+0.j -4.47875644e-18+0.j -1.52315789e-17+0.j]
 [-4.70137314e-01+0.j -3.88563838e-08+0.j  3.82619054e-01+0.j
   2.72922254e-02+0.j  8.89432416e-03+0.j  2.00758217e-20+0.j
  -1.53130098e-19+0.j  5.96818023e-21+0.j -3.02338914e-19+0.j
  -7.91816532e-21+0.j  6.10377831e-19+0.j -8.31937415e-20+0.j
   1.56254422e-19+0.j  2.78722643e-21+0.j -2.01765127e-19+0.j
   5.82538334e-20+0.j -2.52307066e-20+0.j -4.20792173e-22+0.j]
 [ 4.30511359e-17+0.j -4.70137335e-01+0.j  2.72922254e-02+0.j
   6.17380964e-01+0.j -1.52789831e-07+0.j  8.89431934e-03+0.j
   1.89327315e-20+0.j -4.24316155e-20+0.j  9.18335229e-21+0.j
  -1.90117864e-19+0.j  3.00147100e-20+0.j  7.50821026e-19+0.j
  -1.81128027e-21+0.j -4.33006472e-20+0.j -8.45302411e-20+0.j
  -1.42274423e-19+0.j  5.53409064e-22+0.j -8.95072080e-21+0.j]
 [-3.56172962e-17+0.j  7.47072423e-17+0.j  8.89432416e-03+0.j
  -1.52789831e-07+0.j  4.69330543e-01+0.j  7.12861002e-03+0.j
   4.86266958e-01+0.j -3.55155375e-18+0.j  1.42055468e-17+0.j
   6.16692490e-18+0.j -5.82511167e-18+0.j  1.12237247e-18+0.j
   9.78931732e-18+0.j -6.24507590e-18+0.j  4.85643913e-18+0.j
  -5.73768874e-19+0.j -7.56898281e-17+0.j  1.40483806e-17+0.j]
 [ 3.13146128e-17+0.j  1.86961279e-16+0.j  1.66763736e-17+0.j
   8.89431934e-03+0.j  7.12861002e-03+0.j  5.30668032e-01+0.j
   1.21921004e-07+0.j  4.86266958e-01+0.j  6.60075209e-18+0.j
  -1.73978123e-17+0.j  2.23396886e-18+0.j -1.13017762e-17+0.j
  -1.05069091e-17+0.j -8.10632649e-17+0.j -1.75875549e-18+0.j
   3.64837470e-17+0.j -1.91047031e-18+0.j  1.34703060e-17+0.j]
 [ 1.99022508e-16+0.j  2.84525275e-19+0.j -1.47175412e-16+0.j
   9.09613523e-17+0.j  4.86266958e-01+0.j  1.21921005e-07+0.j
   5.34424199e-01+0.j -8.00154576e-03+0.j  6.30514621e-03+0.j
   1.03772326e-19+0.j  7.67508339e-19+0.j -2.32429040e-20+0.j
   4.86994001e-19+0.j -1.13986194e-20+0.j -4.39617309e-19+0.j
   6.73682876e-20+0.j -2.05336193e-19+0.j -1.97608383e-20+0.j]
 [-6.36346295e-18+0.j  2.75700504e-16+0.j  1.59362125e-17+0.j
   1.42006748e-16+0.j  8.90910710e-18+0.j  4.86266958e-01+0.j
  -8.00154576e-03+0.j  4.65577191e-01+0.j  2.05310543e-07+0.j
   6.30516265e-03+0.j -1.39229659e-19+0.j -5.73165284e-19+0.j
  -2.52309426e-20+0.j  3.80299479e-19+0.j  2.00699070e-19+0.j
   1.40778084e-18+0.j  1.03751067e-20+0.j -3.64755919e-19+0.j]
 [-7.33357683e-17+0.j -3.19869087e-17+0.j -1.14962731e-16+0.j
  -2.04264111e-17+0.j  8.57434435e-17+0.j -5.61170042e-18+0.j
   6.30514621e-03+0.j  2.05310543e-07+0.j  6.26664523e-01+0.j
  -2.94547611e-02+0.j  4.72364204e-01+0.j  5.82390289e-18+0.j
   4.98912533e-17+0.j -1.37564157e-17+0.j  5.11606564e-17+0.j
   1.23495662e-18+0.j -1.81078262e-16+0.j  3.60954701e-17+0.j]
 [ 5.65986259e-17+0.j -1.61918138e-16+0.j -3.67722768e-18+0.j
  -9.75370206e-17+0.j  2.73827505e-17+0.j -4.88991305e-17+0.j
   1.98659986e-17+0.j  6.30516265e-03+0.j -2.94547611e-02+0.j
   3.73340159e-01+0.j  8.77291055e-08+0.j  4.72365588e-01+0.j
  -8.88048412e-18+0.j -1.14404526e-17+0.j -3.74458358e-18+0.j
   1.56929917e-17+0.j  4.50445904e-17+0.j  1.69970749e-16+0.j]
 [-1.47960789e-17+0.j -4.51882650e-18+0.j  1.50376442e-17+0.j
  -1.27781248e-17+0.j -9.20895378e-17+0.j  7.19274427e-17+0.j
   2.25382862e-16+0.j -4.99649978e-17+0.j  4.72364204e-01+0.j
   8.77291055e-08+0.j  3.72112433e-01+0.j  2.97391922e-02+0.j
   2.04246427e-03+0.j  5.28948349e-20+0.j -1.44642852e-19+0.j
  -4.15667037e-20+0.j -9.95322264e-20+0.j -2.69243342e-21+0.j]
 [-1.86824567e-17+0.j -1.18731677e-16+0.j  1.26715358e-18+0.j
   4.78569967e-17+0.j -1.07261868e-17+0.j  1.02076566e-16+0.j
  -1.09021463e-17+0.j -4.96165148e-17+0.j -2.29051408e-17+0.j
   4.72365588e-01+0.j  2.97391922e-02+0.j  6.27883028e-01+0.j
  -1.64386432e-07+0.j  2.04255411e-03+0.j -5.77693730e-20+0.j
  -4.37146235e-19+0.j -3.71319145e-21+0.j  3.95424481e-20+0.j]
 [-3.94802449e-17+0.j -7.96040246e-18+0.j -4.16098307e-17+0.j
   5.11902656e-17+0.j  1.01712845e-16+0.j -9.62821979e-19+0.j
  -1.13391225e-17+0.j -5.01027641e-17+0.j  2.05856389e-16+0.j
  -6.39783084e-17+0.j  2.04246427e-03+0.j -1.64386432e-07+0.j
   7.14330648e-01+0.j -4.98179803e-02+0.j -4.42063637e-01+0.j
   1.47547768e-17+0.j  7.92774456e-17+0.j -1.10125273e-17+0.j]
 [-4.74463622e-17+0.j -5.23127005e-17+0.j  3.58342184e-18+0.j
   2.61960314e-19+0.j  1.50066432e-17+0.j  1.51400533e-16+0.j
   3.19777842e-17+0.j -8.33173308e-17+0.j -9.04979271e-17+0.j
  -1.76319192e-16+0.j -1.88273765e-18+0.j  2.04255411e-03+0.j
  -4.98179803e-02+0.j  2.85681347e-01+0.j -1.70559939e-06+0.j
  -4.42069341e-01+0.j  3.94309267e-17+0.j  1.86477723e-16+0.j]
 [ 4.86519244e-17+0.j  2.16166588e-18+0.j -6.04239790e-17+0.j
   3.97839549e-17+0.j -7.52310968e-18+0.j -1.66610574e-17+0.j
   1.40279965e-16+0.j -6.81787189e-17+0.j  1.46128280e-16+0.j
  -6.61606823e-17+0.j -2.37850693e-16+0.j  2.11604171e-17+0.j
  -4.42063637e-01+0.j -1.70559939e-06+0.j  2.86757955e-01+0.j
   4.95657001e-02+0.j  1.02423687e-03+0.j  2.15018418e-23+0.j]
 [ 7.79610043e-18+0.j  1.95727332e-17+0.j  6.48953757e-18+0.j
   2.81946503e-17+0.j  7.08252308e-18+0.j  1.09979088e-17+0.j
  -8.81053509e-18+0.j -1.13684105e-16+0.j -8.21990116e-17+0.j
  -1.01599239e-16+0.j  1.10993970e-17+0.j -1.17078305e-17+0.j
  -5.42736646e-17+0.j -4.42069341e-01+0.j  4.95657001e-02+0.j
   7.13229915e-01+0.j  7.39874214e-07+0.j -1.02401277e-03+0.j]
 [-2.78614443e-17+0.j  1.24370881e-17+0.j -2.45126431e-17+0.j
  -3.74583332e-17+0.j -1.44350293e-16+0.j  1.18447026e-17+0.j
   2.04037190e-16+0.j -1.71477689e-17+0.j -9.97649591e-17+0.j
  -4.36729777e-17+0.j  9.17716133e-17+0.j -8.89274187e-17+0.j
   2.11285220e-16+0.j  4.41447412e-17+0.j  1.02423687e-03+0.j
   7.39874214e-07+0.j  9.81630770e-01+0.j  1.12501337e-01+0.j]
 [ 3.80147085e-17+0.j -1.78515825e-18+0.j -4.22284710e-18+0.j
  -4.55144593e-17+0.j  1.05182531e-17+0.j  1.29848611e-17+0.j
  -4.15220477e-17+0.j  6.55940328e-17+0.j  7.45037324e-17+0.j
   2.32765939e-17+0.j -6.18637541e-17+0.j  2.43978737e-18+0.j
   6.56642373e-18+0.j  2.73598661e-16+0.j -4.37775506e-17+0.j
  -1.02401277e-03+0.j  1.12501337e-01+0.j  1.83692517e-02+0.j]]
Naca= (4.986895032119203, 4.013104967876424)
nq= 18
variational state:
        ┌──────────┐┌───────────┐┌───┐     ┌───────────┐┌───────────┐»
 q0_0: ─┤ Ry(y[0]) ├┤ Rz(y[18]) ├┤ X ├──■──┤ Ry(y[36]) ├┤ Rz(y[54]) ├»
        ├──────────┤├───────────┤└─┬─┘┌─┴─┐└───────────┘├───────────┤»
 q0_1: ─┤ Ry(y[1]) ├┤ Rz(y[19]) ├──┼──┤ X ├──────■──────┤ Ry(y[37]) ├»
        ├──────────┤├───────────┤  │  └───┘    ┌─┴─┐    └───────────┘»
 q0_2: ─┤ Ry(y[2]) ├┤ Rz(y[20]) ├──┼───────────┤ X ├──────────■──────»
        ├──────────┤├───────────┤  │           └───┘        ┌─┴─┐    »
 q0_3: ─┤ Ry(y[3]) ├┤ Rz(y[21]) ├──┼────────────────────────┤ X ├────»
        ├──────────┤├───────────┤  │                        └───┘    »
 q0_4: ─┤ Ry(y[4]) ├┤ Rz(y[22]) ├──┼─────────────────────────────────»
        ├──────────┤├───────────┤  │                                 »
 q0_5: ─┤ Ry(y[5]) ├┤ Rz(y[23]) ├──┼─────────────────────────────────»
        ├──────────┤├───────────┤  │                                 »
 q0_6: ─┤ Ry(y[6]) ├┤ Rz(y[24]) ├──┼─────────────────────────────────»
        ├──────────┤├───────────┤  │                                 »
 q0_7: ─┤ Ry(y[7]) ├┤ Rz(y[25]) ├──┼─────────────────────────────────»
        ├──────────┤├───────────┤  │                                 »
 q0_8: ─┤ Ry(y[8]) ├┤ Rz(y[26]) ├──┼─────────────────────────────────»
        ├──────────┤├───────────┤  │                                 »
 q0_9: ─┤ Ry(y[9]) ├┤ Rz(y[27]) ├──┼─────────────────────────────────»
       ┌┴──────────┤├───────────┤  │                                 »
q0_10: ┤ Ry(y[10]) ├┤ Rz(y[28]) ├──┼─────────────────────────────────»
       ├───────────┤├───────────┤  │                                 »
q0_11: ┤ Ry(y[11]) ├┤ Rz(y[29]) ├──┼─────────────────────────────────»
       ├───────────┤├───────────┤  │                                 »
q0_12: ┤ Ry(y[12]) ├┤ Rz(y[30]) ├──┼─────────────────────────────────»
       ├───────────┤├───────────┤  │                                 »
q0_13: ┤ Ry(y[13]) ├┤ Rz(y[31]) ├──┼─────────────────────────────────»
       ├───────────┤├───────────┤  │                                 »
q0_14: ┤ Ry(y[14]) ├┤ Rz(y[32]) ├──┼─────────────────────────────────»
       ├───────────┤├───────────┤  │                                 »
q0_15: ┤ Ry(y[15]) ├┤ Rz(y[33]) ├──┼─────────────────────────────────»
       ├───────────┤├───────────┤  │                                 »
q0_16: ┤ Ry(y[16]) ├┤ Rz(y[34]) ├──┼─────────────────────────────────»
       ├───────────┤├───────────┤  │                                 »
q0_17: ┤ Ry(y[17]) ├┤ Rz(y[35]) ├──■─────────────────────────────────»
       └───────────┘└───────────┘                                    »
c0: 18/══════════════════════════════════════════════════════════════»
                                                                     »
«                                                                        »
« q0_0: ─────────────────────────────────────────────────────────────────»
«       ┌───────────┐                                                    »
« q0_1: ┤ Rz(y[55]) ├────────────────────────────────────────────────────»
«       ├───────────┤┌───────────┐                                       »
« q0_2: ┤ Ry(y[38]) ├┤ Rz(y[56]) ├───────────────────────────────────────»
«       └───────────┘├───────────┤┌───────────┐                          »
« q0_3: ──────■──────┤ Ry(y[39]) ├┤ Rz(y[57]) ├──────────────────────────»
«           ┌─┴─┐    └───────────┘├───────────┤┌───────────┐             »
« q0_4: ────┤ X ├──────────■──────┤ Ry(y[40]) ├┤ Rz(y[58]) ├─────────────»
«           └───┘        ┌─┴─┐    └───────────┘├───────────┤┌───────────┐»
« q0_5: ─────────────────┤ X ├──────────■──────┤ Ry(y[41]) ├┤ Rz(y[59]) ├»
«                        └───┘        ┌─┴─┐    └───────────┘├───────────┤»
« q0_6: ──────────────────────────────┤ X ├──────────■──────┤ Ry(y[42]) ├»
«                                     └───┘        ┌─┴─┐    └───────────┘»
« q0_7: ───────────────────────────────────────────┤ X ├──────────■──────»
«                                                  └───┘        ┌─┴─┐    »
« q0_8: ────────────────────────────────────────────────────────┤ X ├────»
«                                                               └───┘    »
« q0_9: ─────────────────────────────────────────────────────────────────»
«                                                                        »
«q0_10: ─────────────────────────────────────────────────────────────────»
«                                                                        »
«q0_11: ─────────────────────────────────────────────────────────────────»
«                                                                        »
«q0_12: ─────────────────────────────────────────────────────────────────»
«                                                                        »
«q0_13: ─────────────────────────────────────────────────────────────────»
«                                                                        »
«q0_14: ─────────────────────────────────────────────────────────────────»
«                                                                        »
«q0_15: ─────────────────────────────────────────────────────────────────»
«                                                                        »
«q0_16: ─────────────────────────────────────────────────────────────────»
«                                                                        »
«q0_17: ─────────────────────────────────────────────────────────────────»
«                                                                        »
«c0: 18/═════════════════════════════════════════════════════════════════»
«                                                                        »
«                                                                        »
« q0_0: ─────────────────────────────────────────────────────────────────»
«                                                                        »
« q0_1: ─────────────────────────────────────────────────────────────────»
«                                                                        »
« q0_2: ─────────────────────────────────────────────────────────────────»
«                                                                        »
« q0_3: ─────────────────────────────────────────────────────────────────»
«                                                                        »
« q0_4: ─────────────────────────────────────────────────────────────────»
«                                                                        »
« q0_5: ─────────────────────────────────────────────────────────────────»
«       ┌───────────┐                                                    »
« q0_6: ┤ Rz(y[60]) ├────────────────────────────────────────────────────»
«       ├───────────┤┌───────────┐                                       »
« q0_7: ┤ Ry(y[43]) ├┤ Rz(y[61]) ├───────────────────────────────────────»
«       └───────────┘├───────────┤┌───────────┐                          »
« q0_8: ──────■──────┤ Ry(y[44]) ├┤ Rz(y[62]) ├──────────────────────────»
«           ┌─┴─┐    └───────────┘├───────────┤┌───────────┐             »
« q0_9: ────┤ X ├──────────■──────┤ Ry(y[45]) ├┤ Rz(y[63]) ├─────────────»
«           └───┘        ┌─┴─┐    └───────────┘├───────────┤┌───────────┐»
«q0_10: ─────────────────┤ X ├──────────■──────┤ Ry(y[46]) ├┤ Rz(y[64]) ├»
«                        └───┘        ┌─┴─┐    └───────────┘├───────────┤»
«q0_11: ──────────────────────────────┤ X ├──────────■──────┤ Ry(y[47]) ├»
«                                     └───┘        ┌─┴─┐    └───────────┘»
«q0_12: ───────────────────────────────────────────┤ X ├──────────■──────»
«                                                  └───┘        ┌─┴─┐    »
«q0_13: ────────────────────────────────────────────────────────┤ X ├────»
«                                                               └───┘    »
«q0_14: ─────────────────────────────────────────────────────────────────»
«                                                                        »
«q0_15: ─────────────────────────────────────────────────────────────────»
«                                                                        »
«q0_16: ─────────────────────────────────────────────────────────────────»
«                                                                        »
«q0_17: ─────────────────────────────────────────────────────────────────»
«                                                                        »
«c0: 18/═════════════════════════════════════════════════════════════════»
«                                                                        »
«                                                                        »
« q0_0: ─────────────────────────────────────────────────────────────────»
«                                                                        »
« q0_1: ─────────────────────────────────────────────────────────────────»
«                                                                        »
« q0_2: ─────────────────────────────────────────────────────────────────»
«                                                                        »
« q0_3: ─────────────────────────────────────────────────────────────────»
«                                                                        »
« q0_4: ─────────────────────────────────────────────────────────────────»
«                                                                        »
« q0_5: ─────────────────────────────────────────────────────────────────»
«                                                                        »
« q0_6: ─────────────────────────────────────────────────────────────────»
«                                                                        »
« q0_7: ─────────────────────────────────────────────────────────────────»
«                                                                        »
« q0_8: ─────────────────────────────────────────────────────────────────»
«                                                                        »
« q0_9: ─────────────────────────────────────────────────────────────────»
«                                                                        »
«q0_10: ─────────────────────────────────────────────────────────────────»
«       ┌───────────┐                                                    »
«q0_11: ┤ Rz(y[65]) ├────────────────────────────────────────────────────»
«       ├───────────┤┌───────────┐                                       »
«q0_12: ┤ Ry(y[48]) ├┤ Rz(y[66]) ├───────────────────────────────────────»
«       └───────────┘├───────────┤┌───────────┐                          »
«q0_13: ──────■──────┤ Ry(y[49]) ├┤ Rz(y[67]) ├──────────────────────────»
«           ┌─┴─┐    └───────────┘├───────────┤┌───────────┐             »
«q0_14: ────┤ X ├──────────■──────┤ Ry(y[50]) ├┤ Rz(y[68]) ├─────────────»
«           └───┘        ┌─┴─┐    └───────────┘├───────────┤┌───────────┐»
«q0_15: ─────────────────┤ X ├──────────■──────┤ Ry(y[51]) ├┤ Rz(y[69]) ├»
«                        └───┘        ┌─┴─┐    └───────────┘├───────────┤»
«q0_16: ──────────────────────────────┤ X ├──────────■──────┤ Ry(y[52]) ├»
«                                     └───┘        ┌─┴─┐    ├───────────┤»
«q0_17: ───────────────────────────────────────────┤ X ├────┤ Ry(y[53]) ├»
«                                                  └───┘    └───────────┘»
«c0: 18/═════════════════════════════════════════════════════════════════»
«                                                                        »
«                    ┌───┐     ┌───────────┐┌───────────┐             »
« q0_0: ─────────────┤ X ├──■──┤ Ry(y[72]) ├┤ Rz(y[90]) ├─────────────»
«                    └─┬─┘┌─┴─┐└───────────┘├───────────┤┌───────────┐»
« q0_1: ───────────────┼──┤ X ├──────■──────┤ Ry(y[73]) ├┤ Rz(y[91]) ├»
«                      │  └───┘    ┌─┴─┐    └───────────┘├───────────┤»
« q0_2: ───────────────┼───────────┤ X ├──────────■──────┤ Ry(y[74]) ├»
«                      │           └───┘        ┌─┴─┐    └───────────┘»
« q0_3: ───────────────┼────────────────────────┤ X ├──────────■──────»
«                      │                        └───┘        ┌─┴─┐    »
« q0_4: ───────────────┼─────────────────────────────────────┤ X ├────»
«                      │                                     └───┘    »
« q0_5: ───────────────┼──────────────────────────────────────────────»
«                      │                                              »
« q0_6: ───────────────┼──────────────────────────────────────────────»
«                      │                                              »
« q0_7: ───────────────┼──────────────────────────────────────────────»
«                      │                                              »
« q0_8: ───────────────┼──────────────────────────────────────────────»
«                      │                                              »
« q0_9: ───────────────┼──────────────────────────────────────────────»
«                      │                                              »
«q0_10: ───────────────┼──────────────────────────────────────────────»
«                      │                                              »
«q0_11: ───────────────┼──────────────────────────────────────────────»
«                      │                                              »
«q0_12: ───────────────┼──────────────────────────────────────────────»
«                      │                                              »
«q0_13: ───────────────┼──────────────────────────────────────────────»
«                      │                                              »
«q0_14: ───────────────┼──────────────────────────────────────────────»
«                      │                                              »
«q0_15: ───────────────┼──────────────────────────────────────────────»
«       ┌───────────┐  │                                              »
«q0_16: ┤ Rz(y[70]) ├──┼──────────────────────────────────────────────»
«       ├───────────┤  │                                              »
«q0_17: ┤ Rz(y[71]) ├──■──────────────────────────────────────────────»
«       └───────────┘                                                 »
«c0: 18/══════════════════════════════════════════════════════════════»
«                                                                     »
«                                                                        »
« q0_0: ─────────────────────────────────────────────────────────────────»
«                                                                        »
« q0_1: ─────────────────────────────────────────────────────────────────»
«       ┌───────────┐                                                    »
« q0_2: ┤ Rz(y[92]) ├────────────────────────────────────────────────────»
«       ├───────────┤┌───────────┐                                       »
« q0_3: ┤ Ry(y[75]) ├┤ Rz(y[93]) ├───────────────────────────────────────»
«       └───────────┘├───────────┤┌───────────┐                          »
« q0_4: ──────■──────┤ Ry(y[76]) ├┤ Rz(y[94]) ├──────────────────────────»
«           ┌─┴─┐    └───────────┘├───────────┤┌───────────┐             »
« q0_5: ────┤ X ├──────────■──────┤ Ry(y[77]) ├┤ Rz(y[95]) ├─────────────»
«           └───┘        ┌─┴─┐    └───────────┘├───────────┤┌───────────┐»
« q0_6: ─────────────────┤ X ├──────────■──────┤ Ry(y[78]) ├┤ Rz(y[96]) ├»
«                        └───┘        ┌─┴─┐    └───────────┘├───────────┤»
« q0_7: ──────────────────────────────┤ X ├──────────■──────┤ Ry(y[79]) ├»
«                                     └───┘        ┌─┴─┐    └───────────┘»
« q0_8: ───────────────────────────────────────────┤ X ├──────────■──────»
«                                                  └───┘        ┌─┴─┐    »
« q0_9: ────────────────────────────────────────────────────────┤ X ├────»
«                                                               └───┘    »
«q0_10: ─────────────────────────────────────────────────────────────────»
«                                                                        »
«q0_11: ─────────────────────────────────────────────────────────────────»
«                                                                        »
«q0_12: ─────────────────────────────────────────────────────────────────»
«                                                                        »
«q0_13: ─────────────────────────────────────────────────────────────────»
«                                                                        »
«q0_14: ─────────────────────────────────────────────────────────────────»
«                                                                        »
«q0_15: ─────────────────────────────────────────────────────────────────»
«                                                                        »
«q0_16: ─────────────────────────────────────────────────────────────────»
«                                                                        »
«q0_17: ─────────────────────────────────────────────────────────────────»
«                                                                        »
«c0: 18/═════════════════════════════════════════════════════════════════»
«                                                                        »
«                                                                          »
« q0_0: ───────────────────────────────────────────────────────────────────»
«                                                                          »
« q0_1: ───────────────────────────────────────────────────────────────────»
«                                                                          »
« q0_2: ───────────────────────────────────────────────────────────────────»
«                                                                          »
« q0_3: ───────────────────────────────────────────────────────────────────»
«                                                                          »
« q0_4: ───────────────────────────────────────────────────────────────────»
«                                                                          »
« q0_5: ───────────────────────────────────────────────────────────────────»
«                                                                          »
« q0_6: ───────────────────────────────────────────────────────────────────»
«       ┌───────────┐                                                      »
« q0_7: ┤ Rz(y[97]) ├──────────────────────────────────────────────────────»
«       ├───────────┤┌───────────┐                                         »
« q0_8: ┤ Ry(y[80]) ├┤ Rz(y[98]) ├─────────────────────────────────────────»
«       └───────────┘├───────────┤┌───────────┐                            »
« q0_9: ──────■──────┤ Ry(y[81]) ├┤ Rz(y[99]) ├────────────────────────────»
«           ┌─┴─┐    └───────────┘├───────────┤┌────────────┐              »
«q0_10: ────┤ X ├──────────■──────┤ Ry(y[82]) ├┤ Rz(y[100]) ├──────────────»
«           └───┘        ┌─┴─┐    └───────────┘├───────────┬┘┌────────────┐»
«q0_11: ─────────────────┤ X ├──────────■──────┤ Ry(y[83]) ├─┤ Rz(y[101]) ├»
«                        └───┘        ┌─┴─┐    └───────────┘ ├───────────┬┘»
«q0_12: ──────────────────────────────┤ X ├──────────■───────┤ Ry(y[84]) ├─»
«                                     └───┘        ┌─┴─┐     └───────────┘ »
«q0_13: ───────────────────────────────────────────┤ X ├───────────■───────»
«                                                  └───┘         ┌─┴─┐     »
«q0_14: ─────────────────────────────────────────────────────────┤ X ├─────»
«                                                                └───┘     »
«q0_15: ───────────────────────────────────────────────────────────────────»
«                                                                          »
«q0_16: ───────────────────────────────────────────────────────────────────»
«                                                                          »
«q0_17: ───────────────────────────────────────────────────────────────────»
«                                                                          »
«c0: 18/═══════════════════════════════════════════════════════════════════»
«                                                                          »
«                                                                             
« q0_0: ──────────────────────────────────────────────────────────────────────
«                                                                             
« q0_1: ──────────────────────────────────────────────────────────────────────
«                                                                             
« q0_2: ──────────────────────────────────────────────────────────────────────
«                                                                             
« q0_3: ──────────────────────────────────────────────────────────────────────
«                                                                             
« q0_4: ──────────────────────────────────────────────────────────────────────
«                                                                             
« q0_5: ──────────────────────────────────────────────────────────────────────
«                                                                             
« q0_6: ──────────────────────────────────────────────────────────────────────
«                                                                             
« q0_7: ──────────────────────────────────────────────────────────────────────
«                                                                             
« q0_8: ──────────────────────────────────────────────────────────────────────
«                                                                             
« q0_9: ──────────────────────────────────────────────────────────────────────
«                                                                             
«q0_10: ──────────────────────────────────────────────────────────────────────
«                                                                             
«q0_11: ──────────────────────────────────────────────────────────────────────
«       ┌────────────┐                                                        
«q0_12: ┤ Rz(y[102]) ├────────────────────────────────────────────────────────
«       ├───────────┬┘┌────────────┐                                          
«q0_13: ┤ Ry(y[85]) ├─┤ Rz(y[103]) ├──────────────────────────────────────────
«       └───────────┘ ├───────────┬┘┌────────────┐                            
«q0_14: ──────■───────┤ Ry(y[86]) ├─┤ Rz(y[104]) ├────────────────────────────
«           ┌─┴─┐     └───────────┘ ├───────────┬┘┌────────────┐              
«q0_15: ────┤ X ├───────────■───────┤ Ry(y[87]) ├─┤ Rz(y[105]) ├──────────────
«           └───┘         ┌─┴─┐     └───────────┘ ├───────────┬┘┌────────────┐
«q0_16: ──────────────────┤ X ├───────────■───────┤ Ry(y[88]) ├─┤ Rz(y[106]) ├
«                         └───┘         ┌─┴─┐     ├───────────┤ ├────────────┤
«q0_17: ────────────────────────────────┤ X ├─────┤ Ry(y[89]) ├─┤ Rz(y[107]) ├
«                                       └───┘     └───────────┘ └────────────┘
«c0: 18/══════════════════════════════════════════════════════════════════════
«                                                                             
ansatz-state is written to ansatz.txt
building constraints...
number of constraints= 324
unique pauliops 630
graphclique-cliquecover: 630 with commutationmode disjointqubits
strategy largest_first 358
strategy random_sequential 358
strategy smallest_last 358
strategy independent_set 377
strategy connected_sequential_bfs 358
strategy connected_sequential_dfs 358
strategy saturation_largest_first 358
number of cliques 358
clique 0 ['IZXXXXXXXXXXXXXXXX']
clique 1 ['IZXXXXXXXXXXXXXXXY']
clique 2 ['ZXXXXXXXXXXXXXXXXX']
clique 3 ['IYXXXXXXXXXXXXXXXY']
clique 4 ['IYXXXXXXXXXXXXXXXX']
clique 5 ['ZXXXXXXXXXXXXXXXXY']
clique 6 ['IZXXXXXXXXXXXXXXXZ']
clique 7 ['ZXXXXXXXXXXXXXXXXZ']
clique 8 ['IYXXXXXXXXXXXXXXXZ']
clique 9 ['IIZXXXXXXXXXXXXXXX', 'IXIIIIIIIIIIIIIIII']
clique 10 ['IIZXXXXXXXXXXXXXXY', 'ZYIIIIIIIIIIIIIIII']
clique 11 ['IIYXXXXXXXXXXXXXXY', 'ZZIIIIIIIIIIIIIIII']
clique 12 ['IIYXXXXXXXXXXXXXXX']
clique 13 ['IIZXXXXXXXXXXXXXXZ']
clique 14 ['IIIIIIIIIIIIIIIIIZ', 'IZXXXXXXXXXXXXXXYI']
clique 15 ['IIYXXXXXXXXXXXXXXZ']
clique 16 ['IIIIIIIIIIIIIIIIIX', 'IYXXXXXXXXXXXXXXYI']
clique 17 ['IIIIIIIIIIIIIIIIIY', 'ZXXXXXXXXXXXXXXXYI']
clique 18 ['IZXXXXXXXXXXXXXXZI']
clique 19 ['ZXXXXXXXXXXXXXXXZI']
clique 20 ['IYXXXXXXXXXXXXXXZI']
clique 21 ['IIZXXXXXXXXXXXXXYI']
clique 22 ['IIYXXXXXXXXXXXXXYI']
clique 23 ['IIZXXXXXXXXXXXXXZI']
clique 24 ['IIYXXXXXXXXXXXXXZI']
clique 25 ['IIIZXXXXXXXXXXXXXX', 'IZYIIIIIIIIIIIIIII']
clique 26 ['IIIZXXXXXXXXXXXXXY', 'IYYIIIIIIIIIIIIIII']
clique 27 ['IIIYXXXXXXXXXXXXXY', 'ZXYIIIIIIIIIIIIIII']
clique 28 ['IIIYXXXXXXXXXXXXXX', 'IZZIIIIIIIIIIIIIII']
clique 29 ['IIIZXXXXXXXXXXXXXZ', 'ZXZIIIIIIIIIIIIIII']
clique 30 ['IIIYXXXXXXXXXXXXXZ', 'IYZIIIIIIIIIIIIIII']
clique 31 ['IIIIIIIIIIIIIIIIZX', 'IZXXXXXXXXXXXXXYII']
clique 32 ['IIIIIIIIIIIIIIIIZY', 'IYXXXXXXXXXXXXXYII']
clique 33 ['IIIIIIIIIIIIIIIIYY', 'ZXXXXXXXXXXXXXXYII']
clique 34 ['IIIIIIIIIIIIIIIIYX', 'IZXXXXXXXXXXXXXZII']
clique 35 ['IIIIIIIIIIIIIIIIZZ', 'ZXXXXXXXXXXXXXXZII']
clique 36 ['IIIIIIIIIIIIIIIIYZ', 'IYXXXXXXXXXXXXXZII']
clique 37 ['IIIZXXXXXXXXXXXXYI', 'IIXIIIIIIIIIIIIIII']
clique 38 ['IIIYXXXXXXXXXXXXYI']
clique 39 ['IIIZXXXXXXXXXXXXZI']
clique 40 ['IIIIIIIIIIIIIIIIXI', 'IIZXXXXXXXXXXXXYII']
clique 41 ['IIIYXXXXXXXXXXXXZI']
clique 42 ['IIYXXXXXXXXXXXXYII']
clique 43 ['IIZXXXXXXXXXXXXZII']
clique 44 ['IIYXXXXXXXXXXXXZII']
clique 45 ['IIIZXXXXXXXXXXXYII']
clique 46 ['IIIYXXXXXXXXXXXYII']
clique 47 ['IIIZXXXXXXXXXXXZII']
clique 48 ['IIIYXXXXXXXXXXXZII']
clique 49 ['IIIIZXXXXXXXXXXXXX', 'IZXYIIIIIIIIIIIIII']
clique 50 ['IIIIZXXXXXXXXXXXXY', 'IYXYIIIIIIIIIIIIII']
clique 51 ['IIIIYXXXXXXXXXXXXY', 'ZXXYIIIIIIIIIIIIII']
clique 52 ['IIIIYXXXXXXXXXXXXX', 'IZXZIIIIIIIIIIIIII']
clique 53 ['IIIIZXXXXXXXXXXXXZ', 'ZXXZIIIIIIIIIIIIII']
clique 54 ['IIIIYXXXXXXXXXXXXZ', 'IYXZIIIIIIIIIIIIII']
clique 55 ['IIIIIIIIIIIIIIIZXX', 'IZXXXXXXXXXXXXYIII']
clique 56 ['IIIIIIIIIIIIIIIZXY', 'IYXXXXXXXXXXXXYIII']
clique 57 ['IIIIIIIIIIIIIIIYXY', 'ZXXXXXXXXXXXXXYIII']
clique 58 ['IIIIIIIIIIIIIIIYXX', 'IZXXXXXXXXXXXXZIII']
clique 59 ['IIIIIIIIIIIIIIIZXZ', 'ZXXXXXXXXXXXXXZIII']
clique 60 ['IIIIIIIIIIIIIIIYXZ', 'IYXXXXXXXXXXXXZIII']
clique 61 ['IIIIZXXXXXXXXXXXYI', 'IIZYIIIIIIIIIIIIII']
clique 62 ['IIIIYXXXXXXXXXXXYI', 'IIYYIIIIIIIIIIIIII']
clique 63 ['IIIIZXXXXXXXXXXXZI', 'IIZZIIIIIIIIIIIIII']
clique 64 ['IIIIYXXXXXXXXXXXZI', 'IIYZIIIIIIIIIIIIII']
clique 65 ['IIIIIIIIIIIIIIIZYI', 'IIZXXXXXXXXXXXYIII']
clique 66 ['IIIIIIIIIIIIIIIYYI', 'IIYXXXXXXXXXXXYIII']
clique 67 ['IIIIIIIIIIIIIIIZZI', 'IIZXXXXXXXXXXXZIII']
clique 68 ['IIIIIIIIIIIIIIIYZI', 'IIYXXXXXXXXXXXZIII']
clique 69 ['IIIIZXXXXXXXXXXYII', 'IIIXIIIIIIIIIIIIII']
clique 70 ['IIIIYXXXXXXXXXXYII']
clique 71 ['IIIIZXXXXXXXXXXZII']
clique 72 ['IIIIIIIIIIIIIIIXII', 'IIIZXXXXXXXXXXYIII']
clique 73 ['IIIIYXXXXXXXXXXZII']
clique 74 ['IIIYXXXXXXXXXXYIII']
clique 75 ['IIIZXXXXXXXXXXZIII']
clique 76 ['IIIYXXXXXXXXXXZIII']
clique 77 ['IIIIIZXXXXXXXXXXXX', 'IZXXYIIIIIIIIIIIII']
clique 78 ['IIIIIZXXXXXXXXXXXY', 'IYXXYIIIIIIIIIIIII']
clique 79 ['IIIIIYXXXXXXXXXXXY', 'ZXXXYIIIIIIIIIIIII']
clique 80 ['IIIIIYXXXXXXXXXXXX', 'IZXXZIIIIIIIIIIIII']
clique 81 ['IIIIIZXXXXXXXXXXXZ', 'ZXXXZIIIIIIIIIIIII']
clique 82 ['IIIIIYXXXXXXXXXXXZ', 'IYXXZIIIIIIIIIIIII']
clique 83 ['IIIIIIIIIIIIIIZXXX', 'IZXXXXXXXXXXXYIIII']
clique 84 ['IIIIIIIIIIIIIIZXXY', 'IYXXXXXXXXXXXYIIII']
clique 85 ['IIIIIIIIIIIIIIYXXY', 'ZXXXXXXXXXXXXYIIII']
clique 86 ['IIIIIIIIIIIIIIYXXX', 'IZXXXXXXXXXXXZIIII']
clique 87 ['IIIIIIIIIIIIIIZXXZ', 'ZXXXXXXXXXXXXZIIII']
clique 88 ['IIIIIIIIIIIIIIYXXZ', 'IYXXXXXXXXXXXZIIII']
clique 89 ['IIIIIZXXXXXXXXXXYI', 'IIZXYIIIIIIIIIIIII']
clique 90 ['IIIIIYXXXXXXXXXXYI', 'IIYXYIIIIIIIIIIIII']
clique 91 ['IIIIIZXXXXXXXXXXZI', 'IIZXZIIIIIIIIIIIII']
clique 92 ['IIIIIYXXXXXXXXXXZI', 'IIYXZIIIIIIIIIIIII']
clique 93 ['IIIIIIIIIIIIIIZXYI', 'IIZXXXXXXXXXXYIIII']
clique 94 ['IIIIIIIIIIIIIIYXYI', 'IIYXXXXXXXXXXYIIII']
clique 95 ['IIIIIIIIIIIIIIZXZI', 'IIZXXXXXXXXXXZIIII']
clique 96 ['IIIIIIIIIIIIIIYXZI', 'IIYXXXXXXXXXXZIIII']
clique 97 ['IIIIZXXXXXXXXXYIII']
clique 98 ['IIIIYXXXXXXXXXYIII']
clique 99 ['IIIIZXXXXXXXXXZIII']
clique 100 ['IIIIYXXXXXXXXXZIII']
clique 101 ['IIIIIZXXXXXXXXXYII', 'IIIZYIIIIIIIIIIIII']
clique 102 ['IIIIIYXXXXXXXXXYII', 'IIIYYIIIIIIIIIIIII']
clique 103 ['IIIIIZXXXXXXXXXZII', 'IIIZZIIIIIIIIIIIII']
clique 104 ['IIIIIYXXXXXXXXXZII', 'IIIYZIIIIIIIIIIIII']
clique 105 ['IIIIIIIIIIIIIIZYII', 'IIIZXXXXXXXXXYIIII']
clique 106 ['IIIIIIIIIIIIIIYYII', 'IIIYXXXXXXXXXYIIII']
clique 107 ['IIIIIIIIIIIIIIZZII', 'IIIZXXXXXXXXXZIIII']
clique 108 ['IIIIIIIIIIIIIIYZII', 'IIIYXXXXXXXXXZIIII']
clique 109 ['IIIIIIZXXXXXXXXXXX', 'IZXXXYIIIIIIIIIIII']
clique 110 ['IIIIIIZXXXXXXXXXXY', 'IYXXXYIIIIIIIIIIII']
clique 111 ['IIIIIIYXXXXXXXXXXY', 'ZXXXXYIIIIIIIIIIII']
clique 112 ['IIIIIIYXXXXXXXXXXX', 'IZXXXZIIIIIIIIIIII']
clique 113 ['IIIIIIZXXXXXXXXXXZ', 'ZXXXXZIIIIIIIIIIII']
clique 114 ['IIIIIIYXXXXXXXXXXZ', 'IYXXXZIIIIIIIIIIII']
clique 115 ['IIIIIIIIIIIIIZXXXX', 'IZXXXXXXXXXXYIIIII']
clique 116 ['IIIIIIIIIIIIIZXXXY', 'IYXXXXXXXXXXYIIIII']
clique 117 ['IIIIIIIIIIIIIYXXXY', 'ZXXXXXXXXXXXYIIIII']
clique 118 ['IIIIIIIIIIIIIYXXXX', 'IZXXXXXXXXXXZIIIII']
clique 119 ['IIIIIIIIIIIIIZXXXZ', 'ZXXXXXXXXXXXZIIIII']
clique 120 ['IIIIIIIIIIIIIYXXXZ', 'IYXXXXXXXXXXZIIIII']
clique 121 ['IIIIIZXXXXXXXXYIII', 'IIIIXIIIIIIIIIIIII']
clique 122 ['IIIIIYXXXXXXXXYIII']
clique 123 ['IIIIIZXXXXXXXXZIII']
clique 124 ['IIIIIIIIIIIIIIXIII', 'IIIIZXXXXXXXXYIIII']
clique 125 ['IIIIIYXXXXXXXXZIII']
clique 126 ['IIIIYXXXXXXXXYIIII']
clique 127 ['IIIIZXXXXXXXXZIIII']
clique 128 ['IIIIYXXXXXXXXZIIII']
clique 129 ['IIIIIIZXXXXXXXXXYI', 'IIZXXYIIIIIIIIIIII']
clique 130 ['IIIIIIYXXXXXXXXXYI', 'IIYXXYIIIIIIIIIIII']
clique 131 ['IIIIIIZXXXXXXXXXZI', 'IIZXXZIIIIIIIIIIII']
clique 132 ['IIIIIIYXXXXXXXXXZI', 'IIYXXZIIIIIIIIIIII']
clique 133 ['IIIIIIIIIIIIIZXXYI', 'IIZXXXXXXXXXYIIIII']
clique 134 ['IIIIIIIIIIIIIYXXYI', 'IIYXXXXXXXXXYIIIII']
clique 135 ['IIIIIIIIIIIIIZXXZI', 'IIZXXXXXXXXXZIIIII']
clique 136 ['IIIIIIIIIIIIIYXXZI', 'IIYXXXXXXXXXZIIIII']
clique 137 ['IIIIIIZXXXXXXXXYII', 'IIIZXYIIIIIIIIIIII']
clique 138 ['IIIIIIYXXXXXXXXYII', 'IIIYXYIIIIIIIIIIII']
clique 139 ['IIIIIIZXXXXXXXXZII', 'IIIZXZIIIIIIIIIIII']
clique 140 ['IIIIIIYXXXXXXXXZII', 'IIIYXZIIIIIIIIIIII']
clique 141 ['IIIIIIIIIIIIIZXYII', 'IIIZXXXXXXXXYIIIII']
clique 142 ['IIIIIIIIIIIIIYXYII', 'IIIYXXXXXXXXYIIIII']
clique 143 ['IIIIIIIIIIIIIZXZII', 'IIIZXXXXXXXXZIIIII']
clique 144 ['IIIIIIIIIIIIIYXZII', 'IIIYXXXXXXXXZIIIII']
clique 145 ['IIIIIZXXXXXXXYIIII']
clique 146 ['IIIIIYXXXXXXXYIIII']
clique 147 ['IIIIIZXXXXXXXZIIII']
clique 148 ['IIIIIYXXXXXXXZIIII']
clique 149 ['IIIIIIZXXXXXXXYIII', 'IIIIZYIIIIIIIIIIII']
clique 150 ['IIIIIIYXXXXXXXYIII', 'IIIIYYIIIIIIIIIIII']
clique 151 ['IIIIIIZXXXXXXXZIII', 'IIIIZZIIIIIIIIIIII']
clique 152 ['IIIIIIYXXXXXXXZIII', 'IIIIYZIIIIIIIIIIII']
clique 153 ['IIIIIIIIIIIIIZYIII', 'IIIIZXXXXXXXYIIIII']
clique 154 ['IIIIIIIIIIIIIYYIII', 'IIIIYXXXXXXXYIIIII']
clique 155 ['IIIIIIIIIIIIIZZIII', 'IIIIZXXXXXXXZIIIII']
clique 156 ['IIIIIIIIIIIIIYZIII', 'IIIIYXXXXXXXZIIIII']
clique 157 ['IIIIIIIZXXXXXXXXXX', 'IZXXXXYIIIIIIIIIII']
clique 158 ['IIIIIIIZXXXXXXXXXY', 'IYXXXXYIIIIIIIIIII']
clique 159 ['IIIIIIIYXXXXXXXXXY', 'ZXXXXXYIIIIIIIIIII']
clique 160 ['IIIIIIIYXXXXXXXXXX', 'IZXXXXZIIIIIIIIIII']
clique 161 ['IIIIIIIZXXXXXXXXXZ', 'ZXXXXXZIIIIIIIIIII']
clique 162 ['IIIIIIIYXXXXXXXXXZ', 'IYXXXXZIIIIIIIIIII']
clique 163 ['IIIIIIIIIIIIZXXXXX', 'IZXXXXXXXXXYIIIIII']
clique 164 ['IIIIIIIIIIIIZXXXXY', 'IYXXXXXXXXXYIIIIII']
clique 165 ['IIIIIIIIIIIIYXXXXY', 'ZXXXXXXXXXXYIIIIII']
clique 166 ['IIIIIIIIIIIIYXXXXX', 'IZXXXXXXXXXZIIIIII']
clique 167 ['IIIIIIIIIIIIZXXXXZ', 'ZXXXXXXXXXXZIIIIII']
clique 168 ['IIIIIIIIIIIIYXXXXZ', 'IYXXXXXXXXXZIIIIII']
clique 169 ['IIIIIIIZXXXXXXXXYI', 'IIZXXXYIIIIIIIIIII']
clique 170 ['IIIIIIIYXXXXXXXXYI', 'IIYXXXYIIIIIIIIIII']
clique 171 ['IIIIIIIZXXXXXXXXZI', 'IIZXXXZIIIIIIIIIII']
clique 172 ['IIIIIIIYXXXXXXXXZI', 'IIYXXXZIIIIIIIIIII']
clique 173 ['IIIIIIIIIIIIZXXXYI', 'IIZXXXXXXXXYIIIIII']
clique 174 ['IIIIIIIIIIIIYXXXYI', 'IIYXXXXXXXXYIIIIII']
clique 175 ['IIIIIIIIIIIIZXXXZI', 'IIZXXXXXXXXZIIIIII']
clique 176 ['IIIIIIIIIIIIYXXXZI', 'IIYXXXXXXXXZIIIIII']
clique 177 ['IIIIIIIZXXXXXXXYII', 'IIIZXXYIIIIIIIIIII']
clique 178 ['IIIIIIIYXXXXXXXYII', 'IIIYXXYIIIIIIIIIII']
clique 179 ['IIIIIIIZXXXXXXXZII', 'IIIZXXZIIIIIIIIIII']
clique 180 ['IIIIIIIYXXXXXXXZII', 'IIIYXXZIIIIIIIIIII']
clique 181 ['IIIIIIIIIIIIZXXYII', 'IIIZXXXXXXXYIIIIII']
clique 182 ['IIIIIIIIIIIIYXXYII', 'IIIYXXXXXXXYIIIIII']
clique 183 ['IIIIIIIIIIIIZXXZII', 'IIIZXXXXXXXZIIIIII']
clique 184 ['IIIIIIIIIIIIYXXZII', 'IIIYXXXXXXXZIIIIII']
clique 185 ['IIIIIIZXXXXXXYIIII', 'IIIIIXIIIIIIIIIIII']
clique 186 ['IIIIIIYXXXXXXYIIII']
clique 187 ['IIIIIIZXXXXXXZIIII']
clique 188 ['IIIIIIIIIIIIIXIIII', 'IIIIIZXXXXXXYIIIII']
clique 189 ['IIIIIIYXXXXXXZIIII']
clique 190 ['IIIIIYXXXXXXYIIIII']
clique 191 ['IIIIIZXXXXXXZIIIII']
clique 192 ['IIIIIYXXXXXXZIIIII']
clique 193 ['IIIIIIIZXXXXXXYIII', 'IIIIZXYIIIIIIIIIII']
clique 194 ['IIIIIIIYXXXXXXYIII', 'IIIIYXYIIIIIIIIIII']
clique 195 ['IIIIIIIZXXXXXXZIII', 'IIIIZXZIIIIIIIIIII']
clique 196 ['IIIIIIIYXXXXXXZIII', 'IIIIYXZIIIIIIIIIII']
clique 197 ['IIIIIIIIIIIIZXYIII', 'IIIIZXXXXXXYIIIIII']
clique 198 ['IIIIIIIIIIIIYXYIII', 'IIIIYXXXXXXYIIIIII']
clique 199 ['IIIIIIIIIIIIZXZIII', 'IIIIZXXXXXXZIIIIII']
clique 200 ['IIIIIIIIIIIIYXZIII', 'IIIIYXXXXXXZIIIIII']
clique 201 ['IIIIIIIIZXXXXXXXXX', 'IZXXXXXYIIIIIIIIII']
clique 202 ['IIIIIIIIZXXXXXXXXY', 'IYXXXXXYIIIIIIIIII']
clique 203 ['IIIIIIIIYXXXXXXXXY', 'ZXXXXXXYIIIIIIIIII']
clique 204 ['IIIIIIIIYXXXXXXXXX', 'IZXXXXXZIIIIIIIIII']
clique 205 ['IIIIIIIIZXXXXXXXXZ', 'ZXXXXXXZIIIIIIIIII']
clique 206 ['IIIIIIIIYXXXXXXXXZ', 'IYXXXXXZIIIIIIIIII']
clique 207 ['IIIIIIIIIIIZXXXXXX', 'IZXXXXXXXXYIIIIIII']
clique 208 ['IIIIIIIIIIIZXXXXXY', 'IYXXXXXXXXYIIIIIII']
clique 209 ['IIIIIIIIIIIYXXXXXY', 'ZXXXXXXXXXYIIIIIII']
clique 210 ['IIIIIIIIIIIYXXXXXX', 'IZXXXXXXXXZIIIIIII']
clique 211 ['IIIIIIIIIIIZXXXXXZ', 'ZXXXXXXXXXZIIIIIII']
clique 212 ['IIIIIIIIIIIYXXXXXZ', 'IYXXXXXXXXZIIIIIII']
clique 213 ['IIIIIIIIZXXXXXXXYI', 'IIZXXXXYIIIIIIIIII']
clique 214 ['IIIIIIIIYXXXXXXXYI', 'IIYXXXXYIIIIIIIIII']
clique 215 ['IIIIIIIIZXXXXXXXZI', 'IIZXXXXZIIIIIIIIII']
clique 216 ['IIIIIIIIYXXXXXXXZI', 'IIYXXXXZIIIIIIIIII']
clique 217 ['IIIIIIIIIIIZXXXXYI', 'IIZXXXXXXXYIIIIIII']
clique 218 ['IIIIIIIIIIIYXXXXYI', 'IIYXXXXXXXYIIIIIII']
clique 219 ['IIIIIIIIIIIZXXXXZI', 'IIZXXXXXXXZIIIIIII']
clique 220 ['IIIIIIIIIIIYXXXXZI', 'IIYXXXXXXXZIIIIIII']
clique 221 ['IIIIIIZXXXXXYIIIII']
clique 222 ['IIIIIIYXXXXXYIIIII']
clique 223 ['IIIIIIZXXXXXZIIIII']
clique 224 ['IIIIIIYXXXXXZIIIII']
clique 225 ['IIIIIIIZXXXXXYIIII', 'IIIIIZYIIIIIIIIIII']
clique 226 ['IIIIIIIYXXXXXYIIII', 'IIIIIYYIIIIIIIIIII']
clique 227 ['IIIIIIIZXXXXXZIIII', 'IIIIIZZIIIIIIIIIII']
clique 228 ['IIIIIIIYXXXXXZIIII', 'IIIIIYZIIIIIIIIIII']
clique 229 ['IIIIIIIIIIIIZYIIII', 'IIIIIZXXXXXYIIIIII']
clique 230 ['IIIIIIIIIIIIYYIIII', 'IIIIIYXXXXXYIIIIII']
clique 231 ['IIIIIIIIIIIIZZIIII', 'IIIIIZXXXXXZIIIIII']
clique 232 ['IIIIIIIIIIIIYZIIII', 'IIIIIYXXXXXZIIIIII']
clique 233 ['IIIIIIIIZXXXXXXYII', 'IIIZXXXYIIIIIIIIII']
clique 234 ['IIIIIIIIYXXXXXXYII', 'IIIYXXXYIIIIIIIIII']
clique 235 ['IIIIIIIIZXXXXXXZII', 'IIIZXXXZIIIIIIIIII']
clique 236 ['IIIIIIIIYXXXXXXZII', 'IIIYXXXZIIIIIIIIII']
clique 237 ['IIIIIIIIIIIZXXXYII', 'IIIZXXXXXXYIIIIIII']
clique 238 ['IIIIIIIIIIIYXXXYII', 'IIIYXXXXXXYIIIIIII']
clique 239 ['IIIIIIIIIIIZXXXZII', 'IIIZXXXXXXZIIIIIII']
clique 240 ['IIIIIIIIIIIYXXXZII', 'IIIYXXXXXXZIIIIIII']
clique 241 ['IIIIIIIIZXXXXXYIII', 'IIIIZXXYIIIIIIIIII']
clique 242 ['IIIIIIIIYXXXXXYIII', 'IIIIYXXYIIIIIIIIII']
clique 243 ['IIIIIIIIZXXXXXZIII', 'IIIIZXXZIIIIIIIIII']
clique 244 ['IIIIIIIIYXXXXXZIII', 'IIIIYXXZIIIIIIIIII']
clique 245 ['IIIIIIIIIIIZXXYIII', 'IIIIZXXXXXYIIIIIII']
clique 246 ['IIIIIIIIIIIYXXYIII', 'IIIIYXXXXXYIIIIIII']
clique 247 ['IIIIIIIIIIIZXXZIII', 'IIIIZXXXXXZIIIIIII']
clique 248 ['IIIIIIIIIIIYXXZIII', 'IIIIYXXXXXZIIIIIII']
clique 249 ['IIIIIIIZXXXXYIIIII', 'IIIIIIXIIIIIIIIIII']
clique 250 ['IIIIIIIYXXXXYIIIII']
clique 251 ['IIIIIIIZXXXXZIIIII']
clique 252 ['IIIIIIIIIIIIXIIIII', 'IIIIIIZXXXXYIIIIII']
clique 253 ['IIIIIIIYXXXXZIIIII']
clique 254 ['IIIIIIYXXXXYIIIIII']
clique 255 ['IIIIIIZXXXXZIIIIII']
clique 256 ['IIIIIIYXXXXZIIIIII']
clique 257 ['IIIIIIIIIZXXXXXXXX', 'IZXXXXXXYIIIIIIIII']
clique 258 ['IIIIIIIIIZXXXXXXXY', 'IYXXXXXXYIIIIIIIII']
clique 259 ['IIIIIIIIIYXXXXXXXY', 'ZXXXXXXXYIIIIIIIII']
clique 260 ['IIIIIIIIIYXXXXXXXX', 'IZXXXXXXZIIIIIIIII']
clique 261 ['IIIIIIIIIZXXXXXXXZ', 'ZXXXXXXXZIIIIIIIII']
clique 262 ['IIIIIIIIIYXXXXXXXZ', 'IYXXXXXXZIIIIIIIII']
clique 263 ['IIIIIIIIIIZXXXXXXX', 'IZXXXXXXXYIIIIIIII']
clique 264 ['IIIIIIIIIIZXXXXXXY', 'IYXXXXXXXYIIIIIIII']
clique 265 ['IIIIIIIIIIYXXXXXXY', 'ZXXXXXXXXYIIIIIIII']
clique 266 ['IIIIIIIIIIYXXXXXXX', 'IZXXXXXXXZIIIIIIII']
clique 267 ['IIIIIIIIIIZXXXXXXZ', 'ZXXXXXXXXZIIIIIIII']
clique 268 ['IIIIIIIIIIYXXXXXXZ', 'IYXXXXXXXZIIIIIIII']
clique 269 ['IIIIIIIIIZXXXXXXYI', 'IIZXXXXXYIIIIIIIII']
clique 270 ['IIIIIIIIIYXXXXXXYI', 'IIYXXXXXYIIIIIIIII']
clique 271 ['IIIIIIIIIZXXXXXXZI', 'IIZXXXXXZIIIIIIIII']
clique 272 ['IIIIIIIIIYXXXXXXZI', 'IIYXXXXXZIIIIIIIII']
clique 273 ['IIIIIIIIIIZXXXXXYI', 'IIZXXXXXXYIIIIIIII']
clique 274 ['IIIIIIIIIIYXXXXXYI', 'IIYXXXXXXYIIIIIIII']
clique 275 ['IIIIIIIIIIZXXXXXZI', 'IIZXXXXXXZIIIIIIII']
clique 276 ['IIIIIIIIIIYXXXXXZI', 'IIYXXXXXXZIIIIIIII']
clique 277 ['IIIIIIIIZXXXXYIIII', 'IIIIIZXYIIIIIIIIII']
clique 278 ['IIIIIIIIYXXXXYIIII', 'IIIIIYXYIIIIIIIIII']
clique 279 ['IIIIIIIIZXXXXZIIII', 'IIIIIZXZIIIIIIIIII']
clique 280 ['IIIIIIIIYXXXXZIIII', 'IIIIIYXZIIIIIIIIII']
clique 281 ['IIIIIIIIIIIZXYIIII', 'IIIIIZXXXXYIIIIIII']
clique 282 ['IIIIIIIIIIIYXYIIII', 'IIIIIYXXXXYIIIIIII']
clique 283 ['IIIIIIIIIIIZXZIIII', 'IIIIIZXXXXZIIIIIII']
clique 284 ['IIIIIIIIIIIYXZIIII', 'IIIIIYXXXXZIIIIIII']
clique 285 ['IIIIIIIIIZXXXXXYII', 'IIIZXXXXYIIIIIIIII']
clique 286 ['IIIIIIIIIYXXXXXYII', 'IIIYXXXXYIIIIIIIII']
clique 287 ['IIIIIIIIIZXXXXXZII', 'IIIZXXXXZIIIIIIIII']
clique 288 ['IIIIIIIIIYXXXXXZII', 'IIIYXXXXZIIIIIIIII']
clique 289 ['IIIIIIIIIIZXXXXYII', 'IIIZXXXXXYIIIIIIII']
clique 290 ['IIIIIIIIIIYXXXXYII', 'IIIYXXXXXYIIIIIIII']
clique 291 ['IIIIIIIIIIZXXXXZII', 'IIIZXXXXXZIIIIIIII']
clique 292 ['IIIIIIIIIIYXXXXZII', 'IIIYXXXXXZIIIIIIII']
clique 293 ['IIIIIIIZXXXYIIIIII']
clique 294 ['IIIIIIIYXXXYIIIIII']
clique 295 ['IIIIIIIZXXXZIIIIII']
clique 296 ['IIIIIIIYXXXZIIIIII']
clique 297 ['IIIIIIIIIZXXXXYIII', 'IIIIZXXXYIIIIIIIII']
clique 298 ['IIIIIIIIIYXXXXYIII', 'IIIIYXXXYIIIIIIIII']
clique 299 ['IIIIIIIIIZXXXXZIII', 'IIIIZXXXZIIIIIIIII']
clique 300 ['IIIIIIIIIYXXXXZIII', 'IIIIYXXXZIIIIIIIII']
clique 301 ['IIIIIIIIIIZXXXYIII', 'IIIIZXXXXYIIIIIIII']
clique 302 ['IIIIIIIIIIYXXXYIII', 'IIIIYXXXXYIIIIIIII']
clique 303 ['IIIIIIIIIIZXXXZIII', 'IIIIZXXXXZIIIIIIII']
clique 304 ['IIIIIIIIIIYXXXZIII', 'IIIIYXXXXZIIIIIIII']
clique 305 ['IIIIIIIIZXXXYIIIII', 'IIIIIIZYIIIIIIIIII']
clique 306 ['IIIIIIIIYXXXYIIIII', 'IIIIIIYYIIIIIIIIII']
clique 307 ['IIIIIIIIZXXXZIIIII', 'IIIIIIZZIIIIIIIIII']
clique 308 ['IIIIIIIIYXXXZIIIII', 'IIIIIIYZIIIIIIIIII']
clique 309 ['IIIIIIIIIIIZYIIIII', 'IIIIIIZXXXYIIIIIII']
clique 310 ['IIIIIIIIIIIYYIIIII', 'IIIIIIYXXXYIIIIIII']
clique 311 ['IIIIIIIIIIIZZIIIII', 'IIIIIIZXXXZIIIIIII']
clique 312 ['IIIIIIIIIIIYZIIIII', 'IIIIIIYXXXZIIIIIII']
clique 313 ['IIIIIIIIIZXXXYIIII', 'IIIIIZXXYIIIIIIIII']
clique 314 ['IIIIIIIIIYXXXYIIII', 'IIIIIYXXYIIIIIIIII']
clique 315 ['IIIIIIIIIZXXXZIIII', 'IIIIIZXXZIIIIIIIII']
clique 316 ['IIIIIIIIIYXXXZIIII', 'IIIIIYXXZIIIIIIIII']
clique 317 ['IIIIIIIIIIZXXYIIII', 'IIIIIZXXXYIIIIIIII']
clique 318 ['IIIIIIIIIIYXXYIIII', 'IIIIIYXXXYIIIIIIII']
clique 319 ['IIIIIIIIIIZXXZIIII', 'IIIIIZXXXZIIIIIIII']
clique 320 ['IIIIIIIIIIYXXZIIII', 'IIIIIYXXXZIIIIIIII']
clique 321 ['IIIIIIIIZXXYIIIIII', 'IIIIIIIXIIIIIIIIII']
clique 322 ['IIIIIIIIYXXYIIIIII']
clique 323 ['IIIIIIIIZXXZIIIIII']
clique 324 ['IIIIIIIIIIIXIIIIII', 'IIIIIIIZXXYIIIIIII']
clique 325 ['IIIIIIIIYXXZIIIIII']
clique 326 ['IIIIIIIYXXYIIIIIII']
clique 327 ['IIIIIIIZXXZIIIIIII']
clique 328 ['IIIIIIIYXXZIIIIIII']
clique 329 ['IIIIIIIIIZXXYIIIII', 'IIIIIIZXYIIIIIIIII']
clique 330 ['IIIIIIIIIYXXYIIIII', 'IIIIIIYXYIIIIIIIII']
clique 331 ['IIIIIIIIIZXXZIIIII', 'IIIIIIZXZIIIIIIIII']
clique 332 ['IIIIIIIIIYXXZIIIII', 'IIIIIIYXZIIIIIIIII']
clique 333 ['IIIIIIIIIIZXYIIIII', 'IIIIIIZXXYIIIIIIII']
clique 334 ['IIIIIIIIIIYXYIIIII', 'IIIIIIYXXYIIIIIIII']
clique 335 ['IIIIIIIIIIZXZIIIII', 'IIIIIIZXXZIIIIIIII']
clique 336 ['IIIIIIIIIIYXZIIIII', 'IIIIIIYXXZIIIIIIII']
clique 337 ['IIIIIIIIZXYIIIIIII']
clique 338 ['IIIIIIIIYXYIIIIIII']
clique 339 ['IIIIIIIIZXZIIIIIII']
clique 340 ['IIIIIIIIYXZIIIIIII']
clique 341 ['IIIIIIIIIZXYIIIIII', 'IIIIIIIZYIIIIIIIII']
clique 342 ['IIIIIIIIIYXYIIIIII', 'IIIIIIIYYIIIIIIIII']
clique 343 ['IIIIIIIIIZXZIIIIII', 'IIIIIIIZZIIIIIIIII']
clique 344 ['IIIIIIIIIYXZIIIIII', 'IIIIIIIYZIIIIIIIII']
clique 345 ['IIIIIIIIIIZYIIIIII', 'IIIIIIIZXYIIIIIIII']
clique 346 ['IIIIIIIIIIYYIIIIII', 'IIIIIIIYXYIIIIIIII']
clique 347 ['IIIIIIIIIIZZIIIIII', 'IIIIIIIZXZIIIIIIII']
clique 348 ['IIIIIIIIIIYZIIIIII', 'IIIIIIIYXZIIIIIIII']
clique 349 ['IIIIIIIIIZYIIIIIII', 'IIIIIIIIXIIIIIIIII']
clique 350 ['IIIIIIIIIYYIIIIIII']
clique 351 ['IIIIIIIIIZZIIIIIII']
clique 352 ['IIIIIIIIIIXIIIIIII', 'IIIIIIIIZYIIIIIIII']
clique 353 ['IIIIIIIIIYZIIIIIII']
clique 354 ['IIIIIIIIYYIIIIIIII']
clique 355 ['IIIIIIIIZZIIIIIIII']
clique 356 ['IIIIIIIIYZIIIIIIII']
clique 357 ['IIIIIIIIIXIIIIIIII']
