GS energy with  DMRG -14.766274429638852
N= 10.000000000001
E= -14.766274429638852
D= [[ 5.00000005e-01+0.j  1.53225962e-13+0.j  4.20049760e-01+0.j
  -5.49102820e-13+0.j -5.79992814e-09+0.j  1.43076792e-14+0.j
  -1.69644924e-01+0.j  2.27962372e-13+0.j  5.55703373e-09+0.j
  -7.16144194e-14+0.j  1.13612487e-01+0.j -4.35364506e-13+0.j
  -1.75933502e-08+0.j -7.65264815e-13+0.j -9.02595800e-02+0.j
   1.22363489e-12+0.j -6.37569890e-09+0.j -1.96303944e-12+0.j
   7.90946866e-02+0.j  9.85656948e-13+0.j]
 [ 1.53225947e-13+0.j  5.00000008e-01+0.j  4.56180236e-13+0.j
   4.20049758e-01+0.j  4.76275465e-15+0.j -4.06569427e-09+0.j
  -1.68908959e-13+0.j -1.69644914e-01+0.j -3.12995657e-14+0.j
  -1.59758981e-09+0.j  2.69472929e-13+0.j  1.13612716e-01+0.j
  -1.57525821e-13+0.j -1.20896977e-07+0.j  5.08810193e-12+0.j
  -9.02587580e-02+0.j  4.81801496e-13+0.j  4.61766651e-08+0.j
   5.87045274e-12+0.j  7.90960989e-02+0.j]
 [ 4.20049760e-01+0.j  4.56180236e-13+0.j  5.00000001e-01+0.j
  -1.21604438e-13+0.j  2.44638152e-01+0.j -1.79061580e-14+0.j
  -8.05223114e-10+0.j  1.86554746e-14+0.j -5.25418558e-02+0.j
   1.33845555e-13+0.j  9.27965821e-10+0.j  4.41492486e-13+0.j
   2.04338508e-02+0.j -5.66488663e-13+0.j -8.80800500e-09+0.j
   2.06070343e-12+0.j -7.78846487e-03+0.j -4.33797046e-12+0.j
  -1.08343589e-08+0.j  1.18634694e-12+0.j]
 [-5.49102820e-13+0.j  4.20049758e-01+0.j -1.21604436e-13+0.j
   5.00000005e-01+0.j -1.88930216e-14+0.j  2.44638153e-01+0.j
   5.28254973e-14+0.j -6.74674059e-09+0.j  8.50266059e-14+0.j
  -5.25418244e-02+0.j  1.02302462e-13+0.j  7.12989785e-08+0.j
  -2.82394283e-12+0.j  2.04335358e-02+0.j  1.32473384e-12+0.j
   8.53020895e-08+0.j -1.12952559e-11+0.j -7.79075623e-03+0.j
   6.33828463e-13+0.j -9.67028793e-08+0.j]
 [-5.79992818e-09+0.j  4.76275581e-15+0.j  2.44638152e-01+0.j
  -1.88930214e-14+0.j  5.00000007e-01+0.j -1.82658215e-14+0.j
   3.68901822e-01+0.j  8.84921755e-14+0.j -5.78851305e-09+0.j
   8.34590625e-15+0.j -1.50691574e-01+0.j -2.79658122e-13+0.j
   1.76555787e-08+0.j -1.05257484e-12+0.j  1.06793425e-01+0.j
   1.94101125e-12+0.j -5.79858666e-09+0.j -2.87500602e-12+0.j
  -9.02600451e-02+0.j  2.18541900e-12+0.j]
 [ 1.43076837e-14+0.j -4.06569400e-09+0.j -1.79061584e-14+0.j
   2.44638153e-01+0.j -1.82658171e-14+0.j  5.00000000e-01+0.j
   8.52720837e-14+0.j  3.68901799e-01+0.j  1.24031496e-14+0.j
  -9.27241445e-09+0.j  6.63860185e-14+0.j -1.50691406e-01+0.j
  -6.43365899e-13+0.j -7.10037394e-08+0.j  5.83799184e-12+0.j
   1.06794477e-01+0.j -2.40307030e-12+0.j  1.84548757e-08+0.j
   6.49745576e-12+0.j -9.02585826e-02+0.j]
 [-1.69644924e-01+0.j -1.68908962e-13+0.j -8.05223083e-10+0.j
   5.28254987e-14+0.j  3.68901822e-01+0.j  8.52720933e-14+0.j
   5.00000002e-01+0.j -5.73798779e-15+0.j  2.65843997e-01+0.j
   3.43846192e-14+0.j -5.68321594e-09+0.j  1.74925330e-13+0.j
  -6.05992177e-02+0.j -3.89931398e-13+0.j -2.09252226e-08+0.j
   1.60127655e-12+0.j  2.04341811e-02+0.j -2.19279661e-12+0.j
   1.41594392e-08+0.j  1.35304386e-12+0.j]
 [ 2.27962364e-13+0.j -1.69644914e-01+0.j  1.86554762e-14+0.j
  -6.74674069e-09+0.j  8.84921735e-14+0.j  3.68901799e-01+0.j
  -5.73799728e-15+0.j  4.99999999e-01+0.j  2.37438560e-14+0.j
   2.65843993e-01+0.j  3.03865716e-14+0.j  1.10040251e-08+0.j
  -9.35302770e-13+0.j -6.05994380e-02+0.j  1.33134048e-12+0.j
   6.25027153e-09+0.j -4.42314579e-12+0.j  2.04334174e-02+0.j
   1.66682406e-12+0.j  2.65390544e-09+0.j]
 [ 5.55703379e-09+0.j -3.12995565e-14+0.j -5.25418558e-02+0.j
   8.50266058e-14+0.j -5.78851308e-09+0.j  1.24031439e-14+0.j
   2.65843997e-01+0.j  2.37438630e-14+0.j  5.00000002e-01+0.j
   1.34093075e-15+0.j  3.60953125e-01+0.j  3.60161840e-14+0.j
   7.27857987e-09+0.j -1.55994058e-13+0.j -1.50691495e-01+0.j
   6.71575716e-13+0.j -1.14916786e-09+0.j -6.72723138e-13+0.j
   1.13612649e-01+0.j  7.69179541e-13+0.j]
 [-7.16144181e-14+0.j -1.59758991e-09+0.j  1.33845557e-13+0.j
  -5.25418244e-02+0.j  8.34590455e-15+0.j -9.27241464e-09+0.j
   3.43846192e-14+0.j  2.65843993e-01+0.j  1.34093261e-15+0.j
   5.00000000e-01+0.j  4.93706203e-15+0.j  3.60953132e-01+0.j
  -1.26584586e-13+0.j  2.84299441e-09+0.j  7.45610818e-13+0.j
  -1.50691573e-01+0.j -7.21613911e-13+0.j -2.60579643e-09+0.j
   7.85554379e-13+0.j  1.13612422e-01+0.j]
 [ 1.13612487e-01+0.j  2.69472926e-13+0.j  9.27965792e-10+0.j
   1.02302463e-13+0.j -1.50691574e-01+0.j  6.63860232e-14+0.j
  -5.68321595e-09+0.j  3.03865642e-14+0.j  3.60953125e-01+0.j
   4.93705070e-15+0.j  4.99999997e-01+0.j -1.33901019e-14+0.j
   2.65843990e-01+0.j -3.61353389e-14+0.j  4.97779380e-09+0.j
   6.84719376e-14+0.j -5.25418457e-02+0.j -7.85965415e-14+0.j
  -5.57905814e-09+0.j  1.72798781e-13+0.j]
 [-4.35364511e-13+0.j  1.13612716e-01+0.j  4.41492488e-13+0.j
   7.12989786e-08+0.j -2.79658116e-13+0.j -1.50691406e-01+0.j
   1.74925334e-13+0.j  1.10040250e-08+0.j  3.60161940e-14+0.j
   3.60953132e-01+0.j -1.33901064e-14+0.j  5.00000001e-01+0.j
  -5.22964189e-14+0.j  2.65844024e-01+0.j -1.30052397e-13+0.j
   2.33447083e-09+0.j  1.17652917e-13+0.j -5.25418590e-02+0.j
  -1.80308332e-13+0.j -4.38959982e-09+0.j]
 [-1.75933502e-08+0.j -1.57525814e-13+0.j  2.04338508e-02+0.j
  -2.82394282e-12+0.j  1.76555787e-08+0.j -6.43365897e-13+0.j
  -6.05992177e-02+0.j -9.35302770e-13+0.j  7.27857992e-09+0.j
  -1.26584580e-13+0.j  2.65843990e-01+0.j -5.22964196e-14+0.j
   4.99999998e-01+0.j -5.16174339e-15+0.j  3.68901805e-01+0.j
  -6.15070908e-14+0.j  6.33968631e-10+0.j -6.56815053e-14+0.j
  -1.69644917e-01+0.j -7.15900040e-14+0.j]
 [-7.65264813e-13+0.j -1.20896977e-07+0.j -5.66488665e-13+0.j
   2.04335358e-02+0.j -1.05257485e-12+0.j -7.10037394e-08+0.j
  -3.89931392e-13+0.j -6.05994380e-02+0.j -1.55994052e-13+0.j
   2.84299433e-09+0.j -3.61353362e-14+0.j  2.65844024e-01+0.j
  -5.16173408e-15+0.j  4.99999997e-01+0.j  3.11564649e-14+0.j
   3.68901825e-01+0.j  1.13599500e-13+0.j  1.32454897e-09+0.j
   1.47606010e-14+0.j -1.69644888e-01+0.j]
 [-9.02595800e-02+0.j  5.08810192e-12+0.j -8.80800498e-09+0.j
   1.32473384e-12+0.j  1.06793425e-01+0.j  5.83799184e-12+0.j
  -2.09252226e-08+0.j  1.33134049e-12+0.j -1.50691495e-01+0.j
   7.45610819e-13+0.j  4.97779376e-09+0.j -1.30052376e-13+0.j
   3.68901805e-01+0.j  3.11564549e-14+0.j  4.99999994e-01+0.j
   1.87375811e-13+0.j  2.44638142e-01+0.j -3.22173720e-14+0.j
   6.04406001e-09+0.j -1.11009277e-13+0.j]
 [ 1.22363490e-12+0.j -9.02587580e-02+0.j  2.06070342e-12+0.j
   8.53020895e-08+0.j  1.94101125e-12+0.j  1.06794477e-01+0.j
   1.60127654e-12+0.j  6.25027165e-09+0.j  6.71575709e-13+0.j
  -1.50691573e-01+0.j  6.84719656e-14+0.j  2.33447083e-09+0.j
  -6.15070923e-14+0.j  3.68901825e-01+0.j  1.87375808e-13+0.j
   4.99999996e-01+0.j -1.13896425e-13+0.j  2.44638159e-01+0.j
   1.13309588e-13+0.j  5.37185790e-09+0.j]
 [-6.37569897e-09+0.j  4.81801504e-13+0.j -7.78846487e-03+0.j
  -1.12952558e-11+0.j -5.79858664e-09+0.j -2.40307031e-12+0.j
   2.04341811e-02+0.j -4.42314578e-12+0.j -1.14916783e-09+0.j
  -7.21613943e-13+0.j -5.25418457e-02+0.j  1.17652893e-13+0.j
   6.33968574e-10+0.j  1.13599505e-13+0.j  2.44638142e-01+0.j
  -1.13896407e-13+0.j  4.99999999e-01+0.j -1.88242706e-14+0.j
   4.20049774e-01+0.j  1.35193576e-13+0.j]
 [-1.96303944e-12+0.j  4.61766651e-08+0.j -4.33797047e-12+0.j
  -7.79075623e-03+0.j -2.87500602e-12+0.j  1.84548756e-08+0.j
  -2.19279661e-12+0.j  2.04334174e-02+0.j -6.72723152e-13+0.j
  -2.60579644e-09+0.j -7.85965410e-14+0.j -5.25418590e-02+0.j
  -6.56814989e-14+0.j  1.32454891e-09+0.j -3.22173882e-14+0.j
   2.44638159e-01+0.j -1.88242808e-14+0.j  4.99999999e-01+0.j
   1.32445570e-14+0.j  4.20049732e-01+0.j]
 [ 7.90946866e-02+0.j  5.87045274e-12+0.j -1.08343589e-08+0.j
   6.33828464e-13+0.j -9.02600451e-02+0.j  6.49745575e-12+0.j
   1.41594391e-08+0.j  1.66682406e-12+0.j  1.13612649e-01+0.j
   7.85554366e-13+0.j -5.57905807e-09+0.j -1.80308300e-13+0.j
  -1.69644917e-01+0.j  1.47605943e-14+0.j  6.04405998e-09+0.j
   1.13309596e-13+0.j  4.20049774e-01+0.j  1.32445294e-14+0.j
   4.99999995e-01+0.j -1.58490290e-13+0.j]
 [ 9.85656948e-13+0.j  7.90960989e-02+0.j  1.18634694e-12+0.j
  -9.67028793e-08+0.j  2.18541900e-12+0.j -9.02585826e-02+0.j
   1.35304385e-12+0.j  2.65390533e-09+0.j  7.69179566e-13+0.j
   1.13612422e-01+0.j  1.72798808e-13+0.j -4.38959983e-09+0.j
  -7.15900038e-14+0.j -1.69644888e-01+0.j -1.11009276e-13+0.j
   5.37185789e-09+0.j  1.35193562e-13+0.j  4.20049732e-01+0.j
  -1.58490291e-13+0.j  4.99999995e-01+0.j]]
W= [0.19162834+0.j 0.20984444+0.j 0.21024955+0.j 0.21239985+0.j
 0.21238177+0.j 0.21238176+0.j 0.21239984+0.j 0.21024954+0.j
 0.20984443+0.j 0.19162833+0.j]
local approximation with  1 sites
local interactions on sites [[0], [1], [2], [3], [4], [5], [6], [7], [8], [9]]
Functional for interaction on sites [0]
aca-directory for images already exists
aca-directory for images already exists
aca-directory for images already exists
interacting orbitals: [0, 1]
mapping: [0, 1, 2, 3, 4, 5, 6, 7, 8, 9, 10, 11, 12, 13, 14, 15, 16, 17, 18, 19]
aca-directory for images already exists
aca-directory for images already exists
aca-directory for images already exists
orbinteractaca= [0, 1]
aca-directory for images already exists
aca-directory for images already exists
aca-directory for images already exists
aca-directory for images already exists
aca-directory for images already exists
aca-directory for images already exists
aca-directory for images already exists
aca-directory for images already exists
aca-directory for images already exists
aca-directory for images already exists
aca-directory for images already exists
aca-directory for images already exists
aca-directory for images already exists
aca-directory for images already exists
aca-directory for images already exists
aca-directory for images already exists
aca-directory for images already exists
aca-directory for images already exists
aca-directory for images already exists
aca-directory for images already exists
aca-directory for images already exists
aca-directory for images already exists
aca-directory for images already exists
aca-directory for images already exists
aca-directory for images already exists
aca-directory for images already exists
aca-directory for images already exists
aca-directory for images already exists
aca-directory for images already exists
aca-directory for images already exists
aca-directory for images already exists
aca-directory for images already exists
aca-directory for images already exists
aca-directory for images already exists
aca-directory for images already exists
aca-directory for images already exists
aca-directory for images already exists
aca-directory for images already exists
aca-directory for images already exists
aca-directory for images already exists
aca-directory for images already exists
aca-directory for images already exists
aca-directory for images already exists
aca-directory for images already exists
aca-directory for images already exists
aca-directory for images already exists
aca-directory for images already exists
aca-directory for images already exists
aca-directory for images already exists
aca-directory for images already exists
aca-directory for images already exists
aca-directory for images already exists
aca-directory for images already exists
aca-directory for images already exists
aca-directory for images already exists
aca-directory for images already exists
aca-directory for images already exists
aca: level 9  norb= 20
Daca= [[ 5.00000005e-01+0.j  1.53225962e-13+0.j -4.82215470e-01+0.j
   3.23500894e-28+0.j -9.14775325e-25+0.j  1.56044142e-30+0.j
  -2.73213839e-17+0.j -1.80037725e-29+0.j  3.74431967e-25+0.j
  -9.05968548e-30+0.j -1.49393373e-17+0.j -1.93687664e-29+0.j
  -6.44159381e-24+0.j  2.25252319e-30+0.j -5.20132461e-18+0.j
   3.79885428e-28+0.j  1.33979320e-25+0.j -7.50125118e-28+0.j
   7.63567536e-18+0.j  1.56227857e-28+0.j]
 [ 1.53225947e-13+0.j  5.00000008e-01+0.j  1.97646373e-13+0.j
  -4.82215596e-01+0.j  2.54422371e-31+0.j -9.28793391e-25+0.j
  -4.28016935e-29+0.j -1.35246408e-17+0.j  6.03946750e-31+0.j
  -2.35502865e-25+0.j  3.83399450e-29+0.j  1.78748080e-17+0.j
  -3.26141320e-29+0.j -2.05154307e-23+0.j  1.85017351e-27+0.j
  -2.30870214e-17+0.j  5.25357547e-29+0.j  1.23289022e-23+0.j
   2.72522395e-27+0.j  2.06495175e-17+0.j]
 [-4.82215470e-01+0.j  1.97646372e-13+0.j  4.99999995e-01+0.j
  -2.86722017e-13+0.j  1.60866087e-02+0.j  8.15337239e-29+0.j
  -8.76896894e-25+0.j -2.00697355e-30+0.j  1.94885158e-18+0.j
  -1.90189129e-29+0.j  5.72757272e-25+0.j -4.09792192e-29+0.j
  -1.38174478e-18+0.j  4.57879201e-29+0.j  1.09121633e-23+0.j
   5.11327342e-29+0.j  8.04638786e-19+0.j  2.43894627e-28+0.j
   4.90178494e-24+0.j  2.48327024e-28+0.j]
 [-4.46007774e-22+0.j -4.82215596e-01+0.j -2.86722018e-13+0.j
   4.99999976e-01+0.j  4.71777874e-13+0.j  1.60864840e-02+0.j
   8.71744438e-30+0.j -3.40290927e-25+0.j -3.69304134e-29+0.j
   1.62481117e-18+0.j  1.74490791e-30+0.j -7.44202336e-25+0.j
   2.28808134e-29+0.j  1.08899345e-19+0.j -7.14654499e-29+0.j
   1.16661909e-25+0.j  4.22956176e-29+0.j -3.00901733e-19+0.j
  -1.86566662e-29+0.j  8.61230136e-26+0.j]
 [-3.98986396e-17+0.j  1.15513996e-21+0.j  1.60866087e-02+0.j
   4.71777879e-13+0.j  5.00000094e-01+0.j  9.75391014e-12+0.j
   4.80797733e-01+0.j -4.27897691e-27+0.j -1.71306644e-24+0.j
   6.07501127e-29+0.j  1.09766458e-18+0.j  2.21934946e-27+0.j
  -3.12347778e-23+0.j -8.41645186e-30+0.j -4.71497974e-18+0.j
   2.08834420e-28+0.j -1.72779655e-23+0.j -5.29150689e-27+0.j
  -1.90318086e-17+0.j -2.00574179e-27+0.j]
 [ 4.55099264e-21+0.j  2.72351592e-16+0.j -3.54709543e-21+0.j
   1.60864840e-02+0.j  9.75391014e-12+0.j  5.00000375e-01+0.j
   1.91158024e-14+0.j  4.80797552e-01+0.j  2.80746288e-28+0.j
   1.99210758e-23+0.j -3.88125075e-27+0.j -2.68703109e-17+0.j
  -1.59573852e-27+0.j -1.06297736e-24+0.j  2.06721236e-27+0.j
  -4.20926409e-17+0.j  3.34739746e-27+0.j  1.03446482e-23+0.j
  -3.08709307e-27+0.j  2.27321091e-17+0.j]
 [-2.37645222e-16+0.j -2.52641575e-21+0.j -5.26696013e-17+0.j
   2.96378925e-21+0.j  4.80797733e-01+0.j  1.91157963e-14+0.j
   4.99999902e-01+0.j -9.65535380e-12+0.j  8.42234312e-03+0.j
   2.82110556e-29+0.j -1.04884277e-24+0.j  1.47314241e-28+0.j
  -1.75620046e-18+0.j -3.80519498e-28+0.j -1.43096172e-23+0.j
  -4.40955810e-28+0.j  1.23094535e-18+0.j -3.95285963e-28+0.j
  -1.02544937e-23+0.j -3.55033009e-28+0.j]
 [-7.80329540e-21+0.j -7.16833491e-17+0.j -7.79002394e-21+0.j
  -8.23196639e-17+0.j  9.38007410e-21+0.j  4.80797552e-01+0.j
  -9.65535381e-12+0.j  4.99999642e-01+0.j -9.92014618e-13+0.j
   8.42242805e-03+0.j  7.77537025e-30+0.j -7.50567094e-26+0.j
   1.90168762e-29+0.j  7.17198087e-19+0.j  8.49616591e-29+0.j
  -1.55635730e-25+0.j  5.35690064e-29+0.j  6.89312447e-19+0.j
   2.45340509e-31+0.j  1.17245729e-25+0.j]
 [ 6.33174057e-17+0.j  9.19742450e-21+0.j -2.89639659e-16+0.j
   9.73345584e-21+0.j  6.12563938e-17+0.j  8.57152700e-21+0.j
   8.42234312e-03+0.j -9.92014598e-13+0.j  4.99999556e-01+0.j
  -2.87274270e-11+0.j  4.88995503e-01+0.j -1.99283397e-26+0.j
  -4.63421101e-23+0.j -3.92216017e-27+0.j -6.21312503e-17+0.j
  -1.64256175e-26+0.j -2.73921015e-22+0.j  1.05882560e-26+0.j
   7.68612256e-17+0.j -2.78363089e-26+0.j]
 [ 1.31994440e-21+0.j -1.00613959e-16+0.j -6.97657483e-21+0.j
  -5.02576656e-16+0.j  1.12620036e-20+0.j  1.54396597e-16+0.j
  -1.94193789e-20+0.j  8.42242805e-03+0.j -2.87274269e-11+0.j
   5.00000209e-01+0.j  8.79784599e-13+0.j  4.88995567e-01+0.j
   4.03216554e-27+0.j  8.62536734e-24+0.j -1.58527280e-26+0.j
  -1.50527511e-17+0.j  4.46829020e-27+0.j  8.99419810e-24+0.j
  -1.13851345e-26+0.j  4.82876770e-17+0.j]
 [-5.44815621e-17+0.j -3.68055294e-21+0.j  5.10292152e-17+0.j
  -5.37200752e-21+0.j -2.95859923e-17+0.j -7.84391448e-21+0.j
  -9.90886043e-17+0.j -8.26028520e-22+0.j  4.88995503e-01+0.j
   8.79784591e-13+0.j  5.00000460e-01+0.j  2.89567990e-11+0.j
   3.20464596e-03+0.j  3.01190041e-29+0.j  8.06657175e-24+0.j
   2.98976327e-29+0.j  4.22244058e-20+0.j  3.51436953e-28+0.j
   5.92040223e-25+0.j -9.45269992e-30+0.j]
 [-4.46831067e-21+0.j -2.20774332e-16+0.j  2.10890843e-21+0.j
  -9.02522256e-17+0.j -3.26838257e-22+0.j -2.48914916e-16+0.j
  -7.18357880e-21+0.j  8.84442801e-17+0.j -8.04952049e-21+0.j
   4.88995567e-01+0.j  2.89567989e-11+0.j  4.99999784e-01+0.j
   7.32693816e-13+0.j  3.20485443e-03+0.j  7.81866951e-30+0.j
  -6.89905973e-25+0.j -9.57527467e-29+0.j -2.99404742e-19+0.j
  -2.39021342e-29+0.j  6.85497062e-25+0.j]
 [-1.56125113e-17+0.j  7.77200548e-21+0.j -1.44605166e-17+0.j
  -6.92599019e-22+0.j  2.28126320e-17+0.j  2.54356102e-21+0.j
   3.28781733e-16+0.j -2.04026059e-20+0.j  3.32424878e-17+0.j
  -3.84654097e-21+0.j  3.20464596e-03+0.j  7.32693795e-13+0.j
   5.00001352e-01+0.j  3.29220278e-11+0.j -4.92294354e-01+0.j
   6.48735809e-27+0.j -5.31314603e-22+0.j -2.07439949e-27+0.j
  -2.36780131e-17+0.j  3.39056571e-26+0.j]
 [ 2.15072811e-21+0.j -7.45929398e-17+0.j  4.39141623e-21+0.j
   1.00269815e-16+0.j  4.58279746e-21+0.j  9.20326337e-18+0.j
   1.22213287e-20+0.j  2.68054774e-16+0.j -3.44127643e-21+0.j
   4.04673704e-17+0.j -5.79240178e-21+0.j  3.20485443e-03+0.j
   3.29220278e-11+0.j  4.99998623e-01+0.j  1.79287576e-12+0.j
  -4.92294508e-01+0.j  6.56826277e-27+0.j -4.11819867e-22+0.j
   8.21080850e-27+0.j -7.03684039e-17+0.j]
 [ 4.94207222e-17+0.j -7.22148154e-21+0.j -2.19377764e-17+0.j
  -1.89328789e-21+0.j -6.49545877e-17+0.j  9.70928250e-21+0.j
   1.20943952e-17+0.j  7.61595608e-21+0.j  1.72104311e-16+0.j
  -2.07467845e-21+0.j  2.01512810e-17+0.j  9.68284558e-21+0.j
  -4.92294354e-01+0.j  1.79287577e-12+0.j  4.99998611e-01+0.j
  -3.31011951e-11+0.j -1.29277111e-03+0.j  6.10391575e-30+0.j
  -4.24722956e-25+0.j  2.43762629e-30+0.j]
 [ 9.81242856e-21+0.j  2.21027750e-17+0.j -6.54817308e-21+0.j
   7.92978658e-17+0.j -1.62550589e-21+0.j  1.45257495e-16+0.j
   6.04216179e-21+0.j -8.83771772e-17+0.j -1.25082738e-21+0.j
   2.37477807e-16+0.j  2.08685417e-20+0.j  6.25459653e-17+0.j
   1.58891047e-20+0.j -4.92294508e-01+0.j -3.31011951e-11+0.j
   5.00001376e-01+0.j  1.23465017e-12+0.j -1.29276062e-03+0.j
  -5.35346861e-30+0.j  6.20071193e-27+0.j]
 [-6.59194903e-17+0.j  7.26792778e-21+0.j -6.53489024e-17+0.j
   1.00519269e-20+0.j  3.72288041e-17+0.j -4.68751609e-21+0.j
   2.12458541e-16+0.j -3.05692282e-21+0.j -4.33809621e-17+0.j
   1.44860827e-20+0.j -2.86628123e-17+0.j -1.25700711e-20+0.j
   6.54259126e-17+0.j  1.68339669e-20+0.j -1.29277111e-03+0.j
   1.23465018e-12+0.j  4.99989852e-01+0.j  1.06542789e-10+0.j
  -4.93673432e-01+0.j  0.00000000e+00+0.j]
 [-2.19904184e-21+0.j  2.08166137e-17+0.j -6.06423959e-21+0.j
  -3.33289168e-17+0.j -1.29070101e-20+0.j  3.08348617e-17+0.j
   1.34451448e-20+0.j -2.43763222e-16+0.j  2.28205784e-20+0.j
  -8.87130410e-17+0.j -1.68916619e-20+0.j  3.74163899e-18+0.j
   1.26124562e-21+0.j  1.81431682e-17+0.j  5.46236446e-21+0.j
  -1.29276062e-03+0.j  1.06542789e-10+0.j  4.99996077e-01+0.j
  -1.13035057e-12+0.j  4.93673272e-01+0.j]
 [-1.97208115e-17+0.j -4.34078291e-21+0.j  2.25738532e-17+0.j
  -6.58611924e-21+0.j -3.31916093e-17+0.j -9.72365206e-22+0.j
   2.72763730e-17+0.j  5.64171433e-21+0.j  4.29466510e-16+0.j
   9.81102262e-21+0.j  1.14441387e-17+0.j -3.92077423e-21+0.j
  -4.53015849e-16+0.j -1.17400315e-20+0.j -3.19624534e-18+0.j
  -2.99237013e-20+0.j -4.93673432e-01+0.j -1.13035056e-12+0.j
   5.00010173e-01+0.j  1.06557506e-10+0.j]
 [-1.89104285e-22+0.j -8.70246953e-18+0.j -8.29323816e-21+0.j
  -5.72968240e-17+0.j -1.90639907e-21+0.j -2.54823647e-16+0.j
   1.81022048e-20+0.j  1.22062423e-16+0.j  7.13614946e-21+0.j
  -2.08354883e-17+0.j -4.64988329e-21+0.j -3.58075768e-17+0.j
   9.99792399e-21+0.j -3.00560941e-16+0.j -3.20632741e-20+0.j
  -4.50877819e-18+0.j -3.01259179e-21+0.j  4.93673272e-01+0.j
   1.06557506e-10+0.j  5.00003929e-01+0.j]]
rounding Naca1 to integer
rounding Naca2 to integer
Naca= (5, 5)
nq= 20
variational state:
        ┌──────────┐┌───────────┐┌───┐     ┌───────────┐┌───────────┐»
 q0_0: ─┤ Ry(y[0]) ├┤ Rz(y[20]) ├┤ X ├──■──┤ Ry(y[40]) ├┤ Rz(y[60]) ├»
        ├──────────┤├───────────┤└─┬─┘┌─┴─┐└───────────┘├───────────┤»
 q0_1: ─┤ Ry(y[1]) ├┤ Rz(y[21]) ├──┼──┤ X ├──────■──────┤ Ry(y[41]) ├»
        ├──────────┤├───────────┤  │  └───┘    ┌─┴─┐    └───────────┘»
 q0_2: ─┤ Ry(y[2]) ├┤ Rz(y[22]) ├──┼───────────┤ X ├──────────■──────»
        ├──────────┤├───────────┤  │           └───┘        ┌─┴─┐    »
 q0_3: ─┤ Ry(y[3]) ├┤ Rz(y[23]) ├──┼────────────────────────┤ X ├────»
        ├──────────┤├───────────┤  │                        └───┘    »
 q0_4: ─┤ Ry(y[4]) ├┤ Rz(y[24]) ├──┼─────────────────────────────────»
        ├──────────┤├───────────┤  │                                 »
 q0_5: ─┤ Ry(y[5]) ├┤ Rz(y[25]) ├──┼─────────────────────────────────»
        ├──────────┤├───────────┤  │                                 »
 q0_6: ─┤ Ry(y[6]) ├┤ Rz(y[26]) ├──┼─────────────────────────────────»
        ├──────────┤├───────────┤  │                                 »
 q0_7: ─┤ Ry(y[7]) ├┤ Rz(y[27]) ├──┼─────────────────────────────────»
        ├──────────┤├───────────┤  │                                 »
 q0_8: ─┤ Ry(y[8]) ├┤ Rz(y[28]) ├──┼─────────────────────────────────»
        ├──────────┤├───────────┤  │                                 »
 q0_9: ─┤ Ry(y[9]) ├┤ Rz(y[29]) ├──┼─────────────────────────────────»
       ┌┴──────────┤├───────────┤  │                                 »
q0_10: ┤ Ry(y[10]) ├┤ Rz(y[30]) ├──┼─────────────────────────────────»
       ├───────────┤├───────────┤  │                                 »
q0_11: ┤ Ry(y[11]) ├┤ Rz(y[31]) ├──┼─────────────────────────────────»
       ├───────────┤├───────────┤  │                                 »
q0_12: ┤ Ry(y[12]) ├┤ Rz(y[32]) ├──┼─────────────────────────────────»
       ├───────────┤├───────────┤  │                                 »
q0_13: ┤ Ry(y[13]) ├┤ Rz(y[33]) ├──┼─────────────────────────────────»
       ├───────────┤├───────────┤  │                                 »
q0_14: ┤ Ry(y[14]) ├┤ Rz(y[34]) ├──┼─────────────────────────────────»
       ├───────────┤├───────────┤  │                                 »
q0_15: ┤ Ry(y[15]) ├┤ Rz(y[35]) ├──┼─────────────────────────────────»
       ├───────────┤├───────────┤  │                                 »
q0_16: ┤ Ry(y[16]) ├┤ Rz(y[36]) ├──┼─────────────────────────────────»
       ├───────────┤├───────────┤  │                                 »
q0_17: ┤ Ry(y[17]) ├┤ Rz(y[37]) ├──┼─────────────────────────────────»
       ├───────────┤├───────────┤  │                                 »
q0_18: ┤ Ry(y[18]) ├┤ Rz(y[38]) ├──┼─────────────────────────────────»
       ├───────────┤├───────────┤  │                                 »
q0_19: ┤ Ry(y[19]) ├┤ Rz(y[39]) ├──■─────────────────────────────────»
       └───────────┘└───────────┘                                    »
c0: 20/══════════════════════════════════════════════════════════════»
                                                                     »
«                                                                        »
« q0_0: ─────────────────────────────────────────────────────────────────»
«       ┌───────────┐                                                    »
« q0_1: ┤ Rz(y[61]) ├────────────────────────────────────────────────────»
«       ├───────────┤┌───────────┐                                       »
« q0_2: ┤ Ry(y[42]) ├┤ Rz(y[62]) ├───────────────────────────────────────»
«       └───────────┘├───────────┤┌───────────┐                          »
« q0_3: ──────■──────┤ Ry(y[43]) ├┤ Rz(y[63]) ├──────────────────────────»
«           ┌─┴─┐    └───────────┘├───────────┤┌───────────┐             »
« q0_4: ────┤ X ├──────────■──────┤ Ry(y[44]) ├┤ Rz(y[64]) ├─────────────»
«           └───┘        ┌─┴─┐    └───────────┘├───────────┤┌───────────┐»
« q0_5: ─────────────────┤ X ├──────────■──────┤ Ry(y[45]) ├┤ Rz(y[65]) ├»
«                        └───┘        ┌─┴─┐    └───────────┘├───────────┤»
« q0_6: ──────────────────────────────┤ X ├──────────■──────┤ Ry(y[46]) ├»
«                                     └───┘        ┌─┴─┐    └───────────┘»
« q0_7: ───────────────────────────────────────────┤ X ├──────────■──────»
«                                                  └───┘        ┌─┴─┐    »
« q0_8: ────────────────────────────────────────────────────────┤ X ├────»
«                                                               └───┘    »
« q0_9: ─────────────────────────────────────────────────────────────────»
«                                                                        »
«q0_10: ─────────────────────────────────────────────────────────────────»
«                                                                        »
«q0_11: ─────────────────────────────────────────────────────────────────»
«                                                                        »
«q0_12: ─────────────────────────────────────────────────────────────────»
«                                                                        »
«q0_13: ─────────────────────────────────────────────────────────────────»
«                                                                        »
«q0_14: ─────────────────────────────────────────────────────────────────»
«                                                                        »
«q0_15: ─────────────────────────────────────────────────────────────────»
«                                                                        »
«q0_16: ─────────────────────────────────────────────────────────────────»
«                                                                        »
«q0_17: ─────────────────────────────────────────────────────────────────»
«                                                                        »
«q0_18: ─────────────────────────────────────────────────────────────────»
«                                                                        »
«q0_19: ─────────────────────────────────────────────────────────────────»
«                                                                        »
«c0: 20/═════════════════════════════════════════════════════════════════»
«                                                                        »
«                                                                        »
« q0_0: ─────────────────────────────────────────────────────────────────»
«                                                                        »
« q0_1: ─────────────────────────────────────────────────────────────────»
«                                                                        »
« q0_2: ─────────────────────────────────────────────────────────────────»
«                                                                        »
« q0_3: ─────────────────────────────────────────────────────────────────»
«                                                                        »
« q0_4: ─────────────────────────────────────────────────────────────────»
«                                                                        »
« q0_5: ─────────────────────────────────────────────────────────────────»
«       ┌───────────┐                                                    »
« q0_6: ┤ Rz(y[66]) ├────────────────────────────────────────────────────»
«       ├───────────┤┌───────────┐                                       »
« q0_7: ┤ Ry(y[47]) ├┤ Rz(y[67]) ├───────────────────────────────────────»
«       └───────────┘├───────────┤┌───────────┐                          »
« q0_8: ──────■──────┤ Ry(y[48]) ├┤ Rz(y[68]) ├──────────────────────────»
«           ┌─┴─┐    └───────────┘├───────────┤┌───────────┐             »
« q0_9: ────┤ X ├──────────■──────┤ Ry(y[49]) ├┤ Rz(y[69]) ├─────────────»
«           └───┘        ┌─┴─┐    └───────────┘├───────────┤┌───────────┐»
«q0_10: ─────────────────┤ X ├──────────■──────┤ Ry(y[50]) ├┤ Rz(y[70]) ├»
«                        └───┘        ┌─┴─┐    └───────────┘├───────────┤»
«q0_11: ──────────────────────────────┤ X ├──────────■──────┤ Ry(y[51]) ├»
«                                     └───┘        ┌─┴─┐    └───────────┘»
«q0_12: ───────────────────────────────────────────┤ X ├──────────■──────»
«                                                  └───┘        ┌─┴─┐    »
«q0_13: ────────────────────────────────────────────────────────┤ X ├────»
«                                                               └───┘    »
«q0_14: ─────────────────────────────────────────────────────────────────»
«                                                                        »
«q0_15: ─────────────────────────────────────────────────────────────────»
«                                                                        »
«q0_16: ─────────────────────────────────────────────────────────────────»
«                                                                        »
«q0_17: ─────────────────────────────────────────────────────────────────»
«                                                                        »
«q0_18: ─────────────────────────────────────────────────────────────────»
«                                                                        »
«q0_19: ─────────────────────────────────────────────────────────────────»
«                                                                        »
«c0: 20/═════════════════════════════════════════════════════════════════»
«                                                                        »
«                                                                        »
« q0_0: ─────────────────────────────────────────────────────────────────»
«                                                                        »
« q0_1: ─────────────────────────────────────────────────────────────────»
«                                                                        »
« q0_2: ─────────────────────────────────────────────────────────────────»
«                                                                        »
« q0_3: ─────────────────────────────────────────────────────────────────»
«                                                                        »
« q0_4: ─────────────────────────────────────────────────────────────────»
«                                                                        »
« q0_5: ─────────────────────────────────────────────────────────────────»
«                                                                        »
« q0_6: ─────────────────────────────────────────────────────────────────»
«                                                                        »
« q0_7: ─────────────────────────────────────────────────────────────────»
«                                                                        »
« q0_8: ─────────────────────────────────────────────────────────────────»
«                                                                        »
« q0_9: ─────────────────────────────────────────────────────────────────»
«                                                                        »
«q0_10: ─────────────────────────────────────────────────────────────────»
«       ┌───────────┐                                                    »
«q0_11: ┤ Rz(y[71]) ├────────────────────────────────────────────────────»
«       ├───────────┤┌───────────┐                                       »
«q0_12: ┤ Ry(y[52]) ├┤ Rz(y[72]) ├───────────────────────────────────────»
«       └───────────┘├───────────┤┌───────────┐                          »
«q0_13: ──────■──────┤ Ry(y[53]) ├┤ Rz(y[73]) ├──────────────────────────»
«           ┌─┴─┐    └───────────┘├───────────┤┌───────────┐             »
«q0_14: ────┤ X ├──────────■──────┤ Ry(y[54]) ├┤ Rz(y[74]) ├─────────────»
«           └───┘        ┌─┴─┐    └───────────┘├───────────┤┌───────────┐»
«q0_15: ─────────────────┤ X ├──────────■──────┤ Ry(y[55]) ├┤ Rz(y[75]) ├»
«                        └───┘        ┌─┴─┐    └───────────┘├───────────┤»
«q0_16: ──────────────────────────────┤ X ├──────────■──────┤ Ry(y[56]) ├»
«                                     └───┘        ┌─┴─┐    └───────────┘»
«q0_17: ───────────────────────────────────────────┤ X ├──────────■──────»
«                                                  └───┘        ┌─┴─┐    »
«q0_18: ────────────────────────────────────────────────────────┤ X ├────»
«                                                               └───┘    »
«q0_19: ─────────────────────────────────────────────────────────────────»
«                                                                        »
«c0: 20/═════════════════════════════════════════════════════════════════»
«                                                                        »
«                                              ┌───┐     ┌───────────┐»
« q0_0: ───────────────────────────────────────┤ X ├──■──┤ Ry(y[80]) ├»
«                                              └─┬─┘┌─┴─┐└───────────┘»
« q0_1: ─────────────────────────────────────────┼──┤ X ├──────■──────»
«                                                │  └───┘    ┌─┴─┐    »
« q0_2: ─────────────────────────────────────────┼───────────┤ X ├────»
«                                                │           └───┘    »
« q0_3: ─────────────────────────────────────────┼────────────────────»
«                                                │                    »
« q0_4: ─────────────────────────────────────────┼────────────────────»
«                                                │                    »
« q0_5: ─────────────────────────────────────────┼────────────────────»
«                                                │                    »
« q0_6: ─────────────────────────────────────────┼────────────────────»
«                                                │                    »
« q0_7: ─────────────────────────────────────────┼────────────────────»
«                                                │                    »
« q0_8: ─────────────────────────────────────────┼────────────────────»
«                                                │                    »
« q0_9: ─────────────────────────────────────────┼────────────────────»
«                                                │                    »
«q0_10: ─────────────────────────────────────────┼────────────────────»
«                                                │                    »
«q0_11: ─────────────────────────────────────────┼────────────────────»
«                                                │                    »
«q0_12: ─────────────────────────────────────────┼────────────────────»
«                                                │                    »
«q0_13: ─────────────────────────────────────────┼────────────────────»
«                                                │                    »
«q0_14: ─────────────────────────────────────────┼────────────────────»
«                                                │                    »
«q0_15: ─────────────────────────────────────────┼────────────────────»
«       ┌───────────┐                            │                    »
«q0_16: ┤ Rz(y[76]) ├────────────────────────────┼────────────────────»
«       ├───────────┤┌───────────┐               │                    »
«q0_17: ┤ Ry(y[57]) ├┤ Rz(y[77]) ├───────────────┼────────────────────»
«       └───────────┘├───────────┤┌───────────┐  │                    »
«q0_18: ──────■──────┤ Ry(y[58]) ├┤ Rz(y[78]) ├──┼────────────────────»
«           ┌─┴─┐    ├───────────┤├───────────┤  │                    »
«q0_19: ────┤ X ├────┤ Ry(y[59]) ├┤ Rz(y[79]) ├──■────────────────────»
«           └───┘    └───────────┘└───────────┘                       »
«c0: 20/══════════════════════════════════════════════════════════════»
«                                                                     »
«       ┌────────────┐                                                        »
« q0_0: ┤ Rz(y[100]) ├────────────────────────────────────────────────────────»
«       ├───────────┬┘┌────────────┐                                          »
« q0_1: ┤ Ry(y[81]) ├─┤ Rz(y[101]) ├──────────────────────────────────────────»
«       └───────────┘ ├───────────┬┘┌────────────┐                            »
« q0_2: ──────■───────┤ Ry(y[82]) ├─┤ Rz(y[102]) ├────────────────────────────»
«           ┌─┴─┐     └───────────┘ ├───────────┬┘┌────────────┐              »
« q0_3: ────┤ X ├───────────■───────┤ Ry(y[83]) ├─┤ Rz(y[103]) ├──────────────»
«           └───┘         ┌─┴─┐     └───────────┘ ├───────────┬┘┌────────────┐»
« q0_4: ──────────────────┤ X ├───────────■───────┤ Ry(y[84]) ├─┤ Rz(y[104]) ├»
«                         └───┘         ┌─┴─┐     └───────────┘ ├───────────┬┘»
« q0_5: ────────────────────────────────┤ X ├───────────■───────┤ Ry(y[85]) ├─»
«                                       └───┘         ┌─┴─┐     └───────────┘ »
« q0_6: ──────────────────────────────────────────────┤ X ├───────────■───────»
«                                                     └───┘         ┌─┴─┐     »
« q0_7: ────────────────────────────────────────────────────────────┤ X ├─────»
«                                                                   └───┘     »
« q0_8: ──────────────────────────────────────────────────────────────────────»
«                                                                             »
« q0_9: ──────────────────────────────────────────────────────────────────────»
«                                                                             »
«q0_10: ──────────────────────────────────────────────────────────────────────»
«                                                                             »
«q0_11: ──────────────────────────────────────────────────────────────────────»
«                                                                             »
«q0_12: ──────────────────────────────────────────────────────────────────────»
«                                                                             »
«q0_13: ──────────────────────────────────────────────────────────────────────»
«                                                                             »
«q0_14: ──────────────────────────────────────────────────────────────────────»
«                                                                             »
«q0_15: ──────────────────────────────────────────────────────────────────────»
«                                                                             »
«q0_16: ──────────────────────────────────────────────────────────────────────»
«                                                                             »
«q0_17: ──────────────────────────────────────────────────────────────────────»
«                                                                             »
«q0_18: ──────────────────────────────────────────────────────────────────────»
«                                                                             »
«q0_19: ──────────────────────────────────────────────────────────────────────»
«                                                                             »
«c0: 20/══════════════════════════════════════════════════════════════════════»
«                                                                             »
«                                                                             »
« q0_0: ──────────────────────────────────────────────────────────────────────»
«                                                                             »
« q0_1: ──────────────────────────────────────────────────────────────────────»
«                                                                             »
« q0_2: ──────────────────────────────────────────────────────────────────────»
«                                                                             »
« q0_3: ──────────────────────────────────────────────────────────────────────»
«                                                                             »
« q0_4: ──────────────────────────────────────────────────────────────────────»
«       ┌────────────┐                                                        »
« q0_5: ┤ Rz(y[105]) ├────────────────────────────────────────────────────────»
«       ├───────────┬┘┌────────────┐                                          »
« q0_6: ┤ Ry(y[86]) ├─┤ Rz(y[106]) ├──────────────────────────────────────────»
«       └───────────┘ ├───────────┬┘┌────────────┐                            »
« q0_7: ──────■───────┤ Ry(y[87]) ├─┤ Rz(y[107]) ├────────────────────────────»
«           ┌─┴─┐     └───────────┘ ├───────────┬┘┌────────────┐              »
« q0_8: ────┤ X ├───────────■───────┤ Ry(y[88]) ├─┤ Rz(y[108]) ├──────────────»
«           └───┘         ┌─┴─┐     └───────────┘ ├───────────┬┘┌────────────┐»
« q0_9: ──────────────────┤ X ├───────────■───────┤ Ry(y[89]) ├─┤ Rz(y[109]) ├»
«                         └───┘         ┌─┴─┐     └───────────┘ ├───────────┬┘»
«q0_10: ────────────────────────────────┤ X ├───────────■───────┤ Ry(y[90]) ├─»
«                                       └───┘         ┌─┴─┐     └───────────┘ »
«q0_11: ──────────────────────────────────────────────┤ X ├───────────■───────»
«                                                     └───┘         ┌─┴─┐     »
«q0_12: ────────────────────────────────────────────────────────────┤ X ├─────»
«                                                                   └───┘     »
«q0_13: ──────────────────────────────────────────────────────────────────────»
«                                                                             »
«q0_14: ──────────────────────────────────────────────────────────────────────»
«                                                                             »
«q0_15: ──────────────────────────────────────────────────────────────────────»
«                                                                             »
«q0_16: ──────────────────────────────────────────────────────────────────────»
«                                                                             »
«q0_17: ──────────────────────────────────────────────────────────────────────»
«                                                                             »
«q0_18: ──────────────────────────────────────────────────────────────────────»
«                                                                             »
«q0_19: ──────────────────────────────────────────────────────────────────────»
«                                                                             »
«c0: 20/══════════════════════════════════════════════════════════════════════»
«                                                                             »
«                                                                             »
« q0_0: ──────────────────────────────────────────────────────────────────────»
«                                                                             »
« q0_1: ──────────────────────────────────────────────────────────────────────»
«                                                                             »
« q0_2: ──────────────────────────────────────────────────────────────────────»
«                                                                             »
« q0_3: ──────────────────────────────────────────────────────────────────────»
«                                                                             »
« q0_4: ──────────────────────────────────────────────────────────────────────»
«                                                                             »
« q0_5: ──────────────────────────────────────────────────────────────────────»
«                                                                             »
« q0_6: ──────────────────────────────────────────────────────────────────────»
«                                                                             »
« q0_7: ──────────────────────────────────────────────────────────────────────»
«                                                                             »
« q0_8: ──────────────────────────────────────────────────────────────────────»
«                                                                             »
« q0_9: ──────────────────────────────────────────────────────────────────────»
«       ┌────────────┐                                                        »
«q0_10: ┤ Rz(y[110]) ├────────────────────────────────────────────────────────»
«       ├───────────┬┘┌────────────┐                                          »
«q0_11: ┤ Ry(y[91]) ├─┤ Rz(y[111]) ├──────────────────────────────────────────»
«       └───────────┘ ├───────────┬┘┌────────────┐                            »
«q0_12: ──────■───────┤ Ry(y[92]) ├─┤ Rz(y[112]) ├────────────────────────────»
«           ┌─┴─┐     └───────────┘ ├───────────┬┘┌────────────┐              »
«q0_13: ────┤ X ├───────────■───────┤ Ry(y[93]) ├─┤ Rz(y[113]) ├──────────────»
«           └───┘         ┌─┴─┐     └───────────┘ ├───────────┬┘┌────────────┐»
«q0_14: ──────────────────┤ X ├───────────■───────┤ Ry(y[94]) ├─┤ Rz(y[114]) ├»
«                         └───┘         ┌─┴─┐     └───────────┘ ├───────────┬┘»
«q0_15: ────────────────────────────────┤ X ├───────────■───────┤ Ry(y[95]) ├─»
«                                       └───┘         ┌─┴─┐     └───────────┘ »
«q0_16: ──────────────────────────────────────────────┤ X ├───────────■───────»
«                                                     └───┘         ┌─┴─┐     »
«q0_17: ────────────────────────────────────────────────────────────┤ X ├─────»
«                                                                   └───┘     »
«q0_18: ──────────────────────────────────────────────────────────────────────»
«                                                                             »
«q0_19: ──────────────────────────────────────────────────────────────────────»
«                                                                             »
«c0: 20/══════════════════════════════════════════════════════════════════════»
«                                                                             »
«                                                               
« q0_0: ────────────────────────────────────────────────────────
«                                                               
« q0_1: ────────────────────────────────────────────────────────
«                                                               
« q0_2: ────────────────────────────────────────────────────────
«                                                               
« q0_3: ────────────────────────────────────────────────────────
«                                                               
« q0_4: ────────────────────────────────────────────────────────
«                                                               
« q0_5: ────────────────────────────────────────────────────────
«                                                               
« q0_6: ────────────────────────────────────────────────────────
«                                                               
« q0_7: ────────────────────────────────────────────────────────
«                                                               
« q0_8: ────────────────────────────────────────────────────────
«                                                               
« q0_9: ────────────────────────────────────────────────────────
«                                                               
«q0_10: ────────────────────────────────────────────────────────
«                                                               
«q0_11: ────────────────────────────────────────────────────────
«                                                               
«q0_12: ────────────────────────────────────────────────────────
«                                                               
«q0_13: ────────────────────────────────────────────────────────
«                                                               
«q0_14: ────────────────────────────────────────────────────────
«       ┌────────────┐                                          
«q0_15: ┤ Rz(y[115]) ├──────────────────────────────────────────
«       ├───────────┬┘┌────────────┐                            
«q0_16: ┤ Ry(y[96]) ├─┤ Rz(y[116]) ├────────────────────────────
«       └───────────┘ ├───────────┬┘┌────────────┐              
«q0_17: ──────■───────┤ Ry(y[97]) ├─┤ Rz(y[117]) ├──────────────
«           ┌─┴─┐     └───────────┘ ├───────────┬┘┌────────────┐
«q0_18: ────┤ X ├───────────■───────┤ Ry(y[98]) ├─┤ Rz(y[118]) ├
«           └───┘         ┌─┴─┐     ├───────────┤ ├────────────┤
«q0_19: ──────────────────┤ X ├─────┤ Ry(y[99]) ├─┤ Rz(y[119]) ├
«                         └───┘     └───────────┘ └────────────┘
«c0: 20/════════════════════════════════════════════════════════
«                                                               
ansatz-state is written to ansatz.txt
building constraints...
number of constraints= 400
unique pauliops 780
graphclique-cliquecover: 780 with commutationmode qubitwise
strategy largest_first 399
strategy random_sequential 406
strategy smallest_last 399
strategy independent_set 418
strategy connected_sequential_bfs 401
strategy connected_sequential_dfs 401
strategy saturation_largest_first 399
number of cliques 399
clique 0 ['IIIIIIIIIIIIIIIIIIIX', 'IZXXXXXXXXXXXXXXXXXX', 'IIIIIIIIIIIIIIIIIIXI', 'IIIIIIIIIIIIIIIIIXII', 'IIIIIIIIIIIIIIIIXIII', 'IIIIIIIIIIIIIIIXIIII', 'IIIIIIIIIIIIIIXIIIII', 'IIIIIIIIIIIIIXIIIIII', 'IIIIIIIIIIIIXIIIIIII', 'IIIIIIIIIIIXIIIIIIII', 'IIIIIIIIIIXIIIIIIIII', 'IIIIIIIIIXIIIIIIIIII', 'IIIIIIIIXIIIIIIIIIII', 'IIIIIIIXIIIIIIIIIIII', 'IIIIIIXIIIIIIIIIIIII', 'IIIIIXIIIIIIIIIIIIII', 'IIIIXIIIIIIIIIIIIIII', 'IIIXIIIIIIIIIIIIIIII', 'IIXIIIIIIIIIIIIIIIII', 'ZZIIIIIIIIIIIIIIIIII']
clique 1 ['IIIIIIIIIIIIIIIIIIIY', 'IZXXXXXXXXXXXXXXXXXY']
clique 2 ['ZXXXXXXXXXXXXXXXXXXX', 'IXIIIIIIIIIIIIIIIIII']
clique 3 ['IYXXXXXXXXXXXXXXXXXY', 'ZYIIIIIIIIIIIIIIIIII']
clique 4 ['IYXXXXXXXXXXXXXXXXXX']
clique 5 ['ZXXXXXXXXXXXXXXXXXXY']
clique 6 ['IIIIIIIIIIIIIIIIIIIZ', 'IZXXXXXXXXXXXXXXXXXZ']
clique 7 ['ZXXXXXXXXXXXXXXXXXXZ']
clique 8 ['IYXXXXXXXXXXXXXXXXXZ']
clique 9 ['IIZXXXXXXXXXXXXXXXXX', 'IZZIIIIIIIIIIIIIIIII']
clique 10 ['IIZXXXXXXXXXXXXXXXXY', 'ZXZIIIIIIIIIIIIIIIII']
clique 11 ['IIYXXXXXXXXXXXXXXXXY', 'IZYIIIIIIIIIIIIIIIII']
clique 12 ['IIYXXXXXXXXXXXXXXXXX', 'IYYIIIIIIIIIIIIIIIII']
clique 13 ['IIZXXXXXXXXXXXXXXXXZ', 'IYZIIIIIIIIIIIIIIIII']
clique 14 ['IIIIIIIIIIIIIIIIIIYY', 'IZXXXXXXXXXXXXXXXXYI']
clique 15 ['IIYXXXXXXXXXXXXXXXXZ', 'ZXYIIIIIIIIIIIIIIIII']
clique 16 ['IIIIIIIIIIIIIIIIIIYX', 'IYXXXXXXXXXXXXXXXXYI']
clique 17 ['IIIIIIIIIIIIIIIIIIYZ', 'ZXXXXXXXXXXXXXXXXXYI']
clique 18 ['IIIIIIIIIIIIIIIIIIZX', 'IZXXXXXXXXXXXXXXXXZI']
clique 19 ['IIIIIIIIIIIIIIIIIIZY', 'ZXXXXXXXXXXXXXXXXXZI']
clique 20 ['IIIIIIIIIIIIIIIIIIZZ', 'IYXXXXXXXXXXXXXXXXZI']
clique 21 ['IIZXXXXXXXXXXXXXXXYI']
clique 22 ['IIYXXXXXXXXXXXXXXXYI']
clique 23 ['IIZXXXXXXXXXXXXXXXZI']
clique 24 ['IIYXXXXXXXXXXXXXXXZI']
clique 25 ['IIIZXXXXXXXXXXXXXXXX', 'IZXZIIIIIIIIIIIIIIII']
clique 26 ['IIIZXXXXXXXXXXXXXXXY', 'ZXXZIIIIIIIIIIIIIIII']
clique 27 ['IIIYXXXXXXXXXXXXXXXY', 'IZXYIIIIIIIIIIIIIIII']
clique 28 ['IIIYXXXXXXXXXXXXXXXX', 'IYXYIIIIIIIIIIIIIIII']
clique 29 ['IIIZXXXXXXXXXXXXXXXZ', 'IYXZIIIIIIIIIIIIIIII']
clique 30 ['IIIYXXXXXXXXXXXXXXXZ', 'ZXXYIIIIIIIIIIIIIIII']
clique 31 ['IIIIIIIIIIIIIIIIIYXY', 'IZXXXXXXXXXXXXXXXYII']
clique 32 ['IIIIIIIIIIIIIIIIIYXX', 'IYXXXXXXXXXXXXXXXYII']
clique 33 ['IIIIIIIIIIIIIIIIIYXZ', 'ZXXXXXXXXXXXXXXXXYII']
clique 34 ['IIIIIIIIIIIIIIIIIZXX', 'IZXXXXXXXXXXXXXXXZII']
clique 35 ['IIIIIIIIIIIIIIIIIZXY', 'ZXXXXXXXXXXXXXXXXZII']
clique 36 ['IIIIIIIIIIIIIIIIIZXZ', 'IYXXXXXXXXXXXXXXXZII']
clique 37 ['IIIZXXXXXXXXXXXXXXYI', 'IIZZIIIIIIIIIIIIIIII']
clique 38 ['IIIYXXXXXXXXXXXXXXYI', 'IIZYIIIIIIIIIIIIIIII']
clique 39 ['IIIZXXXXXXXXXXXXXXZI', 'IIYZIIIIIIIIIIIIIIII']
clique 40 ['IIIIIIIIIIIIIIIIIYYI', 'IIZXXXXXXXXXXXXXXYII']
clique 41 ['IIIYXXXXXXXXXXXXXXZI', 'IIYYIIIIIIIIIIIIIIII']
clique 42 ['IIIIIIIIIIIIIIIIIYZI', 'IIYXXXXXXXXXXXXXXYII']
clique 43 ['IIIIIIIIIIIIIIIIIZYI', 'IIZXXXXXXXXXXXXXXZII']
clique 44 ['IIIIIIIIIIIIIIIIIZZI', 'IIYXXXXXXXXXXXXXXZII']
clique 45 ['IIIIZXXXXXXXXXXXXXXX', 'IZXXZIIIIIIIIIIIIIII']
clique 46 ['IIIIZXXXXXXXXXXXXXXY', 'ZXXXZIIIIIIIIIIIIIII']
clique 47 ['IIIIYXXXXXXXXXXXXXXY', 'IZXXYIIIIIIIIIIIIIII']
clique 48 ['IIIIYXXXXXXXXXXXXXXX', 'IYXXYIIIIIIIIIIIIIII']
clique 49 ['IIIIZXXXXXXXXXXXXXXZ', 'IYXXZIIIIIIIIIIIIIII']
clique 50 ['IIIIYXXXXXXXXXXXXXXZ', 'ZXXXYIIIIIIIIIIIIIII']
clique 51 ['IIIZXXXXXXXXXXXXXYII']
clique 52 ['IIIYXXXXXXXXXXXXXYII']
clique 53 ['IIIZXXXXXXXXXXXXXZII']
clique 54 ['IIIYXXXXXXXXXXXXXZII']
clique 55 ['IIIIIIIIIIIIIIIIYXXY', 'IZXXXXXXXXXXXXXXYIII']
clique 56 ['IIIIIIIIIIIIIIIIYXXX', 'IYXXXXXXXXXXXXXXYIII']
clique 57 ['IIIIIIIIIIIIIIIIYXXZ', 'ZXXXXXXXXXXXXXXXYIII']
clique 58 ['IIIIIIIIIIIIIIIIZXXX', 'IZXXXXXXXXXXXXXXZIII']
clique 59 ['IIIIIIIIIIIIIIIIZXXY', 'ZXXXXXXXXXXXXXXXZIII']
clique 60 ['IIIIIIIIIIIIIIIIZXXZ', 'IYXXXXXXXXXXXXXXZIII']
clique 61 ['IIIIZXXXXXXXXXXXXXYI', 'IIZXZIIIIIIIIIIIIIII']
clique 62 ['IIIIYXXXXXXXXXXXXXYI', 'IIZXYIIIIIIIIIIIIIII']
clique 63 ['IIIIZXXXXXXXXXXXXXZI', 'IIYXZIIIIIIIIIIIIIII']
clique 64 ['IIIIYXXXXXXXXXXXXXZI', 'IIYXYIIIIIIIIIIIIIII']
clique 65 ['IIIIIIIIIIIIIIIIYXYI', 'IIZXXXXXXXXXXXXXYIII']
clique 66 ['IIIIIIIIIIIIIIIIYXZI', 'IIYXXXXXXXXXXXXXYIII']
clique 67 ['IIIIIIIIIIIIIIIIZXYI', 'IIZXXXXXXXXXXXXXZIII']
clique 68 ['IIIIIIIIIIIIIIIIZXZI', 'IIYXXXXXXXXXXXXXZIII']
clique 69 ['IIIIZXXXXXXXXXXXXYII', 'IIIZZIIIIIIIIIIIIIII']
clique 70 ['IIIIYXXXXXXXXXXXXYII', 'IIIZYIIIIIIIIIIIIIII']
clique 71 ['IIIIZXXXXXXXXXXXXZII', 'IIIYZIIIIIIIIIIIIIII']
clique 72 ['IIIIIIIIIIIIIIIIYYII', 'IIIZXXXXXXXXXXXXYIII']
clique 73 ['IIIIYXXXXXXXXXXXXZII', 'IIIYYIIIIIIIIIIIIIII']
clique 74 ['IIIIIIIIIIIIIIIIYZII', 'IIIYXXXXXXXXXXXXYIII']
clique 75 ['IIIIIIIIIIIIIIIIZYII', 'IIIZXXXXXXXXXXXXZIII']
clique 76 ['IIIIIIIIIIIIIIIIZZII', 'IIIYXXXXXXXXXXXXZIII']
clique 77 ['IIIIIZXXXXXXXXXXXXXX', 'IZXXXZIIIIIIIIIIIIII']
clique 78 ['IIIIIZXXXXXXXXXXXXXY', 'ZXXXXZIIIIIIIIIIIIII']
clique 79 ['IIIIIYXXXXXXXXXXXXXY', 'IZXXXYIIIIIIIIIIIIII']
clique 80 ['IIIIIYXXXXXXXXXXXXXX', 'IYXXXYIIIIIIIIIIIIII']
clique 81 ['IIIIIZXXXXXXXXXXXXXZ', 'IYXXXZIIIIIIIIIIIIII']
clique 82 ['IIIIIYXXXXXXXXXXXXXZ', 'ZXXXXYIIIIIIIIIIIIII']
clique 83 ['IIIIIIIIIIIIIIIYXXXY', 'IZXXXXXXXXXXXXXYIIII']
clique 84 ['IIIIIIIIIIIIIIIYXXXX', 'IYXXXXXXXXXXXXXYIIII']
clique 85 ['IIIIIIIIIIIIIIIYXXXZ', 'ZXXXXXXXXXXXXXXYIIII']
clique 86 ['IIIIIIIIIIIIIIIZXXXX', 'IZXXXXXXXXXXXXXZIIII']
clique 87 ['IIIIIIIIIIIIIIIZXXXY', 'ZXXXXXXXXXXXXXXZIIII']
clique 88 ['IIIIIIIIIIIIIIIZXXXZ', 'IYXXXXXXXXXXXXXZIIII']
clique 89 ['IIIIIZXXXXXXXXXXXXYI', 'IIZXXZIIIIIIIIIIIIII']
clique 90 ['IIIIIYXXXXXXXXXXXXYI', 'IIZXXYIIIIIIIIIIIIII']
clique 91 ['IIIIIZXXXXXXXXXXXXZI', 'IIYXXZIIIIIIIIIIIIII']
clique 92 ['IIIIIYXXXXXXXXXXXXZI', 'IIYXXYIIIIIIIIIIIIII']
clique 93 ['IIIIIIIIIIIIIIIYXXYI', 'IIZXXXXXXXXXXXXYIIII']
clique 94 ['IIIIIIIIIIIIIIIYXXZI', 'IIYXXXXXXXXXXXXYIIII']
clique 95 ['IIIIIIIIIIIIIIIZXXYI', 'IIZXXXXXXXXXXXXZIIII']
clique 96 ['IIIIIIIIIIIIIIIZXXZI', 'IIYXXXXXXXXXXXXZIIII']
clique 97 ['IIIIZXXXXXXXXXXXYIII']
clique 98 ['IIIIYXXXXXXXXXXXYIII']
clique 99 ['IIIIZXXXXXXXXXXXZIII']
clique 100 ['IIIIYXXXXXXXXXXXZIII']
clique 101 ['IIIIIZXXXXXXXXXXXYII', 'IIIZXZIIIIIIIIIIIIII']
clique 102 ['IIIIIYXXXXXXXXXXXYII', 'IIIZXYIIIIIIIIIIIIII']
clique 103 ['IIIIIZXXXXXXXXXXXZII', 'IIIYXZIIIIIIIIIIIIII']
clique 104 ['IIIIIYXXXXXXXXXXXZII', 'IIIYXYIIIIIIIIIIIIII']
clique 105 ['IIIIIIIIIIIIIIIYXYII', 'IIIZXXXXXXXXXXXYIIII']
clique 106 ['IIIIIIIIIIIIIIIYXZII', 'IIIYXXXXXXXXXXXYIIII']
clique 107 ['IIIIIIIIIIIIIIIZXYII', 'IIIZXXXXXXXXXXXZIIII']
clique 108 ['IIIIIIIIIIIIIIIZXZII', 'IIIYXXXXXXXXXXXZIIII']
clique 109 ['IIIIIIZXXXXXXXXXXXXX', 'IZXXXXZIIIIIIIIIIIII']
clique 110 ['IIIIIIZXXXXXXXXXXXXY', 'ZXXXXXZIIIIIIIIIIIII']
clique 111 ['IIIIIIYXXXXXXXXXXXXY', 'IZXXXXYIIIIIIIIIIIII']
clique 112 ['IIIIIIYXXXXXXXXXXXXX', 'IYXXXXYIIIIIIIIIIIII']
clique 113 ['IIIIIIZXXXXXXXXXXXXZ', 'IYXXXXZIIIIIIIIIIIII']
clique 114 ['IIIIIIYXXXXXXXXXXXXZ', 'ZXXXXXYIIIIIIIIIIIII']
clique 115 ['IIIIIIIIIIIIIIYXXXXY', 'IZXXXXXXXXXXXXYIIIII']
clique 116 ['IIIIIIIIIIIIIIYXXXXX', 'IYXXXXXXXXXXXXYIIIII']
clique 117 ['IIIIIIIIIIIIIIYXXXXZ', 'ZXXXXXXXXXXXXXYIIIII']
clique 118 ['IIIIIIIIIIIIIIZXXXXX', 'IZXXXXXXXXXXXXZIIIII']
clique 119 ['IIIIIIIIIIIIIIZXXXXY', 'ZXXXXXXXXXXXXXZIIIII']
clique 120 ['IIIIIIIIIIIIIIZXXXXZ', 'IYXXXXXXXXXXXXZIIIII']
clique 121 ['IIIIIIZXXXXXXXXXXXYI', 'IIZXXXZIIIIIIIIIIIII']
clique 122 ['IIIIIIYXXXXXXXXXXXYI', 'IIZXXXYIIIIIIIIIIIII']
clique 123 ['IIIIIIZXXXXXXXXXXXZI', 'IIYXXXZIIIIIIIIIIIII']
clique 124 ['IIIIIIYXXXXXXXXXXXZI', 'IIYXXXYIIIIIIIIIIIII']
clique 125 ['IIIIIZXXXXXXXXXXYIII', 'IIIIZZIIIIIIIIIIIIII']
clique 126 ['IIIIIYXXXXXXXXXXYIII', 'IIIIZYIIIIIIIIIIIIII']
clique 127 ['IIIIIZXXXXXXXXXXZIII', 'IIIIYZIIIIIIIIIIIIII']
clique 128 ['IIIIIIIIIIIIIIIYYIII', 'IIIIZXXXXXXXXXXYIIII']
clique 129 ['IIIIIYXXXXXXXXXXZIII', 'IIIIYYIIIIIIIIIIIIII']
clique 130 ['IIIIIIIIIIIIIIIYZIII', 'IIIIYXXXXXXXXXXYIIII']
clique 131 ['IIIIIIIIIIIIIIIZYIII', 'IIIIZXXXXXXXXXXZIIII']
clique 132 ['IIIIIIIIIIIIIIIZZIII', 'IIIIYXXXXXXXXXXZIIII']
clique 133 ['IIIIIIIIIIIIIIYXXXYI', 'IIZXXXXXXXXXXXYIIIII']
clique 134 ['IIIIIIIIIIIIIIYXXXZI', 'IIYXXXXXXXXXXXYIIIII']
clique 135 ['IIIIIIIIIIIIIIZXXXYI', 'IIZXXXXXXXXXXXZIIIII']
clique 136 ['IIIIIIIIIIIIIIZXXXZI', 'IIYXXXXXXXXXXXZIIIII']
clique 137 ['IIIIIIZXXXXXXXXXXYII', 'IIIZXXZIIIIIIIIIIIII']
clique 138 ['IIIIIIYXXXXXXXXXXYII', 'IIIZXXYIIIIIIIIIIIII']
clique 139 ['IIIIIIZXXXXXXXXXXZII', 'IIIYXXZIIIIIIIIIIIII']
clique 140 ['IIIIIIYXXXXXXXXXXZII', 'IIIYXXYIIIIIIIIIIIII']
clique 141 ['IIIIIIIIIIIIIIYXXYII', 'IIIZXXXXXXXXXXYIIIII']
clique 142 ['IIIIIIIIIIIIIIYXXZII', 'IIIYXXXXXXXXXXYIIIII']
clique 143 ['IIIIIIIIIIIIIIZXXYII', 'IIIZXXXXXXXXXXZIIIII']
clique 144 ['IIIIIIIIIIIIIIZXXZII', 'IIIYXXXXXXXXXXZIIIII']
clique 145 ['IIIIIZXXXXXXXXXYIIII']
clique 146 ['IIIIIYXXXXXXXXXYIIII']
clique 147 ['IIIIIZXXXXXXXXXZIIII']
clique 148 ['IIIIIYXXXXXXXXXZIIII']
clique 149 ['IIIIIIIZXXXXXXXXXXXX', 'IZXXXXXZIIIIIIIIIIII']
clique 150 ['IIIIIIIZXXXXXXXXXXXY', 'ZXXXXXXZIIIIIIIIIIII']
clique 151 ['IIIIIIIYXXXXXXXXXXXY', 'IZXXXXXYIIIIIIIIIIII']
clique 152 ['IIIIIIIYXXXXXXXXXXXX', 'IYXXXXXYIIIIIIIIIIII']
clique 153 ['IIIIIIIZXXXXXXXXXXXZ', 'IYXXXXXZIIIIIIIIIIII']
clique 154 ['IIIIIIIYXXXXXXXXXXXZ', 'ZXXXXXXYIIIIIIIIIIII']
clique 155 ['IIIIIIZXXXXXXXXXYIII', 'IIIIZXZIIIIIIIIIIIII']
clique 156 ['IIIIIIYXXXXXXXXXYIII', 'IIIIZXYIIIIIIIIIIIII']
clique 157 ['IIIIIIZXXXXXXXXXZIII', 'IIIIYXZIIIIIIIIIIIII']
clique 158 ['IIIIIIYXXXXXXXXXZIII', 'IIIIYXYIIIIIIIIIIIII']
clique 159 ['IIIIIIIIIIIIIIYXYIII', 'IIIIZXXXXXXXXXYIIIII']
clique 160 ['IIIIIIIIIIIIIIYXZIII', 'IIIIYXXXXXXXXXYIIIII']
clique 161 ['IIIIIIIIIIIIIIZXYIII', 'IIIIZXXXXXXXXXZIIIII']
clique 162 ['IIIIIIIIIIIIIIZXZIII', 'IIIIYXXXXXXXXXZIIIII']
clique 163 ['IIIIIIIIIIIIIYXXXXXY', 'IZXXXXXXXXXXXYIIIIII']
clique 164 ['IIIIIIIIIIIIIYXXXXXX', 'IYXXXXXXXXXXXYIIIIII']
clique 165 ['IIIIIIIIIIIIIYXXXXXZ', 'ZXXXXXXXXXXXXYIIIIII']
clique 166 ['IIIIIIIIIIIIIZXXXXXX', 'IZXXXXXXXXXXXZIIIIII']
clique 167 ['IIIIIIIIIIIIIZXXXXXY', 'ZXXXXXXXXXXXXZIIIIII']
clique 168 ['IIIIIIIIIIIIIZXXXXXZ', 'IYXXXXXXXXXXXZIIIIII']
clique 169 ['IIIIIIIZXXXXXXXXXXYI', 'IIZXXXXZIIIIIIIIIIII']
clique 170 ['IIIIIIIYXXXXXXXXXXYI', 'IIZXXXXYIIIIIIIIIIII']
clique 171 ['IIIIIIIZXXXXXXXXXXZI', 'IIYXXXXZIIIIIIIIIIII']
clique 172 ['IIIIIIIYXXXXXXXXXXZI', 'IIYXXXXYIIIIIIIIIIII']
clique 173 ['IIIIIIIIIIIIIYXXXXYI', 'IIZXXXXXXXXXXYIIIIII']
clique 174 ['IIIIIIIIIIIIIYXXXXZI', 'IIYXXXXXXXXXXYIIIIII']
clique 175 ['IIIIIIIIIIIIIZXXXXYI', 'IIZXXXXXXXXXXZIIIIII']
clique 176 ['IIIIIIIIIIIIIZXXXXZI', 'IIYXXXXXXXXXXZIIIIII']
clique 177 ['IIIIIIIZXXXXXXXXXYII', 'IIIZXXXZIIIIIIIIIIII']
clique 178 ['IIIIIIIYXXXXXXXXXYII', 'IIIZXXXYIIIIIIIIIIII']
clique 179 ['IIIIIIIZXXXXXXXXXZII', 'IIIYXXXZIIIIIIIIIIII']
clique 180 ['IIIIIIIYXXXXXXXXXZII', 'IIIYXXXYIIIIIIIIIIII']
clique 181 ['IIIIIIIIIIIIIYXXXYII', 'IIIZXXXXXXXXXYIIIIII']
clique 182 ['IIIIIIIIIIIIIYXXXZII', 'IIIYXXXXXXXXXYIIIIII']
clique 183 ['IIIIIIIIIIIIIZXXXYII', 'IIIZXXXXXXXXXZIIIIII']
clique 184 ['IIIIIIIIIIIIIZXXXZII', 'IIIYXXXXXXXXXZIIIIII']
clique 185 ['IIIIIIZXXXXXXXXYIIII', 'IIIIIZZIIIIIIIIIIIII']
clique 186 ['IIIIIIYXXXXXXXXYIIII', 'IIIIIZYIIIIIIIIIIIII']
clique 187 ['IIIIIIZXXXXXXXXZIIII', 'IIIIIYZIIIIIIIIIIIII']
clique 188 ['IIIIIIIIIIIIIIYYIIII', 'IIIIIZXXXXXXXXYIIIII']
clique 189 ['IIIIIIYXXXXXXXXZIIII', 'IIIIIYYIIIIIIIIIIIII']
clique 190 ['IIIIIIIIIIIIIIYZIIII', 'IIIIIYXXXXXXXXYIIIII']
clique 191 ['IIIIIIIIIIIIIIZYIIII', 'IIIIIZXXXXXXXXZIIIII']
clique 192 ['IIIIIIIIIIIIIIZZIIII', 'IIIIIYXXXXXXXXZIIIII']
clique 193 ['IIIIIIIZXXXXXXXXYIII', 'IIIIZXXZIIIIIIIIIIII']
clique 194 ['IIIIIIIYXXXXXXXXYIII', 'IIIIZXXYIIIIIIIIIIII']
clique 195 ['IIIIIIIZXXXXXXXXZIII', 'IIIIYXXZIIIIIIIIIIII']
clique 196 ['IIIIIIIYXXXXXXXXZIII', 'IIIIYXXYIIIIIIIIIIII']
clique 197 ['IIIIIIIIIIIIIYXXYIII', 'IIIIZXXXXXXXXYIIIIII']
clique 198 ['IIIIIIIIIIIIIYXXZIII', 'IIIIYXXXXXXXXYIIIIII']
clique 199 ['IIIIIIIIIIIIIZXXYIII', 'IIIIZXXXXXXXXZIIIIII']
clique 200 ['IIIIIIIIIIIIIZXXZIII', 'IIIIYXXXXXXXXZIIIIII']
clique 201 ['IIIIIIIIZXXXXXXXXXXX', 'IZXXXXXXZIIIIIIIIIII']
clique 202 ['IIIIIIIIZXXXXXXXXXXY', 'ZXXXXXXXZIIIIIIIIIII']
clique 203 ['IIIIIIIIYXXXXXXXXXXY', 'IZXXXXXXYIIIIIIIIIII']
clique 204 ['IIIIIIIIYXXXXXXXXXXX', 'IYXXXXXXYIIIIIIIIIII']
clique 205 ['IIIIIIIIZXXXXXXXXXXZ', 'IYXXXXXXZIIIIIIIIIII']
clique 206 ['IIIIIIIIYXXXXXXXXXXZ', 'ZXXXXXXXYIIIIIIIIIII']
clique 207 ['IIIIIIIIIIIIYXXXXXXY', 'IZXXXXXXXXXXYIIIIIII']
clique 208 ['IIIIIIIIIIIIYXXXXXXX', 'IYXXXXXXXXXXYIIIIIII']
clique 209 ['IIIIIIIIIIIIYXXXXXXZ', 'ZXXXXXXXXXXXYIIIIIII']
clique 210 ['IIIIIIIIIIIIZXXXXXXX', 'IZXXXXXXXXXXZIIIIIII']
clique 211 ['IIIIIIIIIIIIZXXXXXXY', 'ZXXXXXXXXXXXZIIIIIII']
clique 212 ['IIIIIIIIIIIIZXXXXXXZ', 'IYXXXXXXXXXXZIIIIIII']
clique 213 ['IIIIIIIIZXXXXXXXXXYI', 'IIZXXXXXZIIIIIIIIIII']
clique 214 ['IIIIIIIIYXXXXXXXXXYI', 'IIZXXXXXYIIIIIIIIIII']
clique 215 ['IIIIIIIIZXXXXXXXXXZI', 'IIYXXXXXZIIIIIIIIIII']
clique 216 ['IIIIIIIIYXXXXXXXXXZI', 'IIYXXXXXYIIIIIIIIIII']
clique 217 ['IIIIIIIIIIIIYXXXXXYI', 'IIZXXXXXXXXXYIIIIIII']
clique 218 ['IIIIIIIIIIIIYXXXXXZI', 'IIYXXXXXXXXXYIIIIIII']
clique 219 ['IIIIIIIIIIIIZXXXXXYI', 'IIZXXXXXXXXXZIIIIIII']
clique 220 ['IIIIIIIIIIIIZXXXXXZI', 'IIYXXXXXXXXXZIIIIIII']
clique 221 ['IIIIIIZXXXXXXXYIIIII']
clique 222 ['IIIIIIYXXXXXXXYIIIII']
clique 223 ['IIIIIIZXXXXXXXZIIIII']
clique 224 ['IIIIIIYXXXXXXXZIIIII']
clique 225 ['IIIIIIIIZXXXXXXXXYII', 'IIIZXXXXZIIIIIIIIIII']
clique 226 ['IIIIIIIIYXXXXXXXXYII', 'IIIZXXXXYIIIIIIIIIII']
clique 227 ['IIIIIIIIZXXXXXXXXZII', 'IIIYXXXXZIIIIIIIIIII']
clique 228 ['IIIIIIIIYXXXXXXXXZII', 'IIIYXXXXYIIIIIIIIIII']
clique 229 ['IIIIIIIZXXXXXXXYIIII', 'IIIIIZXZIIIIIIIIIIII']
clique 230 ['IIIIIIIYXXXXXXXYIIII', 'IIIIIZXYIIIIIIIIIIII']
clique 231 ['IIIIIIIZXXXXXXXZIIII', 'IIIIIYXZIIIIIIIIIIII']
clique 232 ['IIIIIIIYXXXXXXXZIIII', 'IIIIIYXYIIIIIIIIIIII']
clique 233 ['IIIIIIIIIIIIIYXYIIII', 'IIIIIZXXXXXXXYIIIIII']
clique 234 ['IIIIIIIIIIIIIYXZIIII', 'IIIIIYXXXXXXXYIIIIII']
clique 235 ['IIIIIIIIIIIIIZXYIIII', 'IIIIIZXXXXXXXZIIIIII']
clique 236 ['IIIIIIIIIIIIIZXZIIII', 'IIIIIYXXXXXXXZIIIIII']
clique 237 ['IIIIIIIIIIIIYXXXXYII', 'IIIZXXXXXXXXYIIIIIII']
clique 238 ['IIIIIIIIIIIIYXXXXZII', 'IIIYXXXXXXXXYIIIIIII']
clique 239 ['IIIIIIIIIIIIZXXXXYII', 'IIIZXXXXXXXXZIIIIIII']
clique 240 ['IIIIIIIIIIIIZXXXXZII', 'IIIYXXXXXXXXZIIIIIII']
clique 241 ['IIIIIIIIZXXXXXXXYIII', 'IIIIZXXXZIIIIIIIIIII']
clique 242 ['IIIIIIIIYXXXXXXXYIII', 'IIIIZXXXYIIIIIIIIIII']
clique 243 ['IIIIIIIIZXXXXXXXZIII', 'IIIIYXXXZIIIIIIIIIII']
clique 244 ['IIIIIIIIYXXXXXXXZIII', 'IIIIYXXXYIIIIIIIIIII']
clique 245 ['IIIIIIIIIIIIYXXXYIII', 'IIIIZXXXXXXXYIIIIIII']
clique 246 ['IIIIIIIIIIIIYXXXZIII', 'IIIIYXXXXXXXYIIIIIII']
clique 247 ['IIIIIIIIIIIIZXXXYIII', 'IIIIZXXXXXXXZIIIIIII']
clique 248 ['IIIIIIIIIIIIZXXXZIII', 'IIIIYXXXXXXXZIIIIIII']
clique 249 ['IIIIIIIIIZXXXXXXXXXX', 'IZXXXXXXXZIIIIIIIIII']
clique 250 ['IIIIIIIIIZXXXXXXXXXY', 'ZXXXXXXXXZIIIIIIIIII']
clique 251 ['IIIIIIIIIYXXXXXXXXXY', 'IZXXXXXXXYIIIIIIIIII']
clique 252 ['IIIIIIIIIYXXXXXXXXXX', 'IYXXXXXXXYIIIIIIIIII']
clique 253 ['IIIIIIIIIZXXXXXXXXXZ', 'IYXXXXXXXZIIIIIIIIII']
clique 254 ['IIIIIIIIIYXXXXXXXXXZ', 'ZXXXXXXXXYIIIIIIIIII']
clique 255 ['IIIIIIIZXXXXXXYIIIII', 'IIIIIIZZIIIIIIIIIIII']
clique 256 ['IIIIIIIYXXXXXXYIIIII', 'IIIIIIZYIIIIIIIIIIII']
clique 257 ['IIIIIIIZXXXXXXZIIIII', 'IIIIIIYZIIIIIIIIIIII']
clique 258 ['IIIIIIIIIIIIIYYIIIII', 'IIIIIIZXXXXXXYIIIIII']
clique 259 ['IIIIIIIYXXXXXXZIIIII', 'IIIIIIYYIIIIIIIIIIII']
clique 260 ['IIIIIIIIIIIIIYZIIIII', 'IIIIIIYXXXXXXYIIIIII']
clique 261 ['IIIIIIIIIIIIIZYIIIII', 'IIIIIIZXXXXXXZIIIIII']
clique 262 ['IIIIIIIIIIIIIZZIIIII', 'IIIIIIYXXXXXXZIIIIII']
clique 263 ['IIIIIIIIIIIYXXXXXXXY', 'IZXXXXXXXXXYIIIIIIII']
clique 264 ['IIIIIIIIIIIYXXXXXXXX', 'IYXXXXXXXXXYIIIIIIII']
clique 265 ['IIIIIIIIIIIYXXXXXXXZ', 'ZXXXXXXXXXXYIIIIIIII']
clique 266 ['IIIIIIIIIIIZXXXXXXXX', 'IZXXXXXXXXXZIIIIIIII']
clique 267 ['IIIIIIIIIIIZXXXXXXXY', 'ZXXXXXXXXXXZIIIIIIII']
clique 268 ['IIIIIIIIIIIZXXXXXXXZ', 'IYXXXXXXXXXZIIIIIIII']
clique 269 ['IIIIIIIIIZXXXXXXXXYI', 'IIZXXXXXXZIIIIIIIIII']
clique 270 ['IIIIIIIIIYXXXXXXXXYI', 'IIZXXXXXXYIIIIIIIIII']
clique 271 ['IIIIIIIIIZXXXXXXXXZI', 'IIYXXXXXXZIIIIIIIIII']
clique 272 ['IIIIIIIIIYXXXXXXXXZI', 'IIYXXXXXXYIIIIIIIIII']
clique 273 ['IIIIIIIIIIIYXXXXXXYI', 'IIZXXXXXXXXYIIIIIIII']
clique 274 ['IIIIIIIIIIIYXXXXXXZI', 'IIYXXXXXXXXYIIIIIIII']
clique 275 ['IIIIIIIIIIIZXXXXXXYI', 'IIZXXXXXXXXZIIIIIIII']
clique 276 ['IIIIIIIIIIIZXXXXXXZI', 'IIYXXXXXXXXZIIIIIIII']
clique 277 ['IIIIIIIIZXXXXXXYIIII', 'IIIIIZXXZIIIIIIIIIII']
clique 278 ['IIIIIIIIYXXXXXXYIIII', 'IIIIIZXXYIIIIIIIIIII']
clique 279 ['IIIIIIIIZXXXXXXZIIII', 'IIIIIYXXZIIIIIIIIIII']
clique 280 ['IIIIIIIIYXXXXXXZIIII', 'IIIIIYXXYIIIIIIIIIII']
clique 281 ['IIIIIIIIIIIIYXXYIIII', 'IIIIIZXXXXXXYIIIIIII']
clique 282 ['IIIIIIIIIIIIYXXZIIII', 'IIIIIYXXXXXXYIIIIIII']
clique 283 ['IIIIIIIIIIIIZXXYIIII', 'IIIIIZXXXXXXZIIIIIII']
clique 284 ['IIIIIIIIIIIIZXXZIIII', 'IIIIIYXXXXXXZIIIIIII']
clique 285 ['IIIIIIIIIZXXXXXXXYII', 'IIIZXXXXXZIIIIIIIIII']
clique 286 ['IIIIIIIIIYXXXXXXXYII', 'IIIZXXXXXYIIIIIIIIII']
clique 287 ['IIIIIIIIIZXXXXXXXZII', 'IIIYXXXXXZIIIIIIIIII']
clique 288 ['IIIIIIIIIYXXXXXXXZII', 'IIIYXXXXXYIIIIIIIIII']
clique 289 ['IIIIIIIIIIIYXXXXXYII', 'IIIZXXXXXXXYIIIIIIII']
clique 290 ['IIIIIIIIIIIYXXXXXZII', 'IIIYXXXXXXXYIIIIIIII']
clique 291 ['IIIIIIIIIIIZXXXXXYII', 'IIIZXXXXXXXZIIIIIIII']
clique 292 ['IIIIIIIIIIIZXXXXXZII', 'IIIYXXXXXXXZIIIIIIII']
clique 293 ['IIIIIIIIIZXXXXXXYIII', 'IIIIZXXXXZIIIIIIIIII']
clique 294 ['IIIIIIIIIYXXXXXXYIII', 'IIIIZXXXXYIIIIIIIIII']
clique 295 ['IIIIIIIIIZXXXXXXZIII', 'IIIIYXXXXZIIIIIIIIII']
clique 296 ['IIIIIIIIIYXXXXXXZIII', 'IIIIYXXXXYIIIIIIIIII']
clique 297 ['IIIIIIIZXXXXXYIIIIII']
clique 298 ['IIIIIIIYXXXXXYIIIIII']
clique 299 ['IIIIIIIZXXXXXZIIIIII']
clique 300 ['IIIIIIIYXXXXXZIIIIII']
clique 301 ['IIIIIIIIIIIYXXXXYIII', 'IIIIZXXXXXXYIIIIIIII']
clique 302 ['IIIIIIIIIIIYXXXXZIII', 'IIIIYXXXXXXYIIIIIIII']
clique 303 ['IIIIIIIIIIIZXXXXYIII', 'IIIIZXXXXXXZIIIIIIII']
clique 304 ['IIIIIIIIIIIZXXXXZIII', 'IIIIYXXXXXXZIIIIIIII']
clique 305 ['IIIIIIIIZXXXXXYIIIII', 'IIIIIIZXZIIIIIIIIIII']
clique 306 ['IIIIIIIIYXXXXXYIIIII', 'IIIIIIZXYIIIIIIIIIII']
clique 307 ['IIIIIIIIZXXXXXZIIIII', 'IIIIIIYXZIIIIIIIIIII']
clique 308 ['IIIIIIIIYXXXXXZIIIII', 'IIIIIIYXYIIIIIIIIIII']
clique 309 ['IIIIIIIIIIIIYXYIIIII', 'IIIIIIZXXXXXYIIIIIII']
clique 310 ['IIIIIIIIIIIIYXZIIIII', 'IIIIIIYXXXXXYIIIIIII']
clique 311 ['IIIIIIIIIIIIZXYIIIII', 'IIIIIIZXXXXXZIIIIIII']
clique 312 ['IIIIIIIIIIIIZXZIIIII', 'IIIIIIYXXXXXZIIIIIII']
clique 313 ['IIIIIIIIIIZXXXXXXXXX', 'IZXXXXXXXXZIIIIIIIII']
clique 314 ['IIIIIIIIIIZXXXXXXXXY', 'ZXXXXXXXXXZIIIIIIIII']
clique 315 ['IIIIIIIIIIYXXXXXXXXY', 'IZXXXXXXXXYIIIIIIIII']
clique 316 ['IIIIIIIIIIYXXXXXXXXX', 'IYXXXXXXXXYIIIIIIIII']
clique 317 ['IIIIIIIIIIZXXXXXXXXZ', 'IYXXXXXXXXZIIIIIIIII']
clique 318 ['IIIIIIIIIIYXXXXXXXXZ', 'ZXXXXXXXXXYIIIIIIIII']
clique 319 ['IIIIIIIIIIZXXXXXXXYI', 'IIZXXXXXXXZIIIIIIIII']
clique 320 ['IIIIIIIIIIYXXXXXXXYI', 'IIZXXXXXXXYIIIIIIIII']
clique 321 ['IIIIIIIIIIZXXXXXXXZI', 'IIYXXXXXXXZIIIIIIIII']
clique 322 ['IIIIIIIIIIYXXXXXXXZI', 'IIYXXXXXXXYIIIIIIIII']
clique 323 ['IIIIIIIIIZXXXXXYIIII', 'IIIIIZXXXZIIIIIIIIII']
clique 324 ['IIIIIIIIIYXXXXXYIIII', 'IIIIIZXXXYIIIIIIIIII']
clique 325 ['IIIIIIIIIZXXXXXZIIII', 'IIIIIYXXXZIIIIIIIIII']
clique 326 ['IIIIIIIIIYXXXXXZIIII', 'IIIIIYXXXYIIIIIIIIII']
clique 327 ['IIIIIIIIIIIYXXXYIIII', 'IIIIIZXXXXXYIIIIIIII']
clique 328 ['IIIIIIIIIIIYXXXZIIII', 'IIIIIYXXXXXYIIIIIIII']
clique 329 ['IIIIIIIIIIIZXXXYIIII', 'IIIIIZXXXXXZIIIIIIII']
clique 330 ['IIIIIIIIIIIZXXXZIIII', 'IIIIIYXXXXXZIIIIIIII']
clique 331 ['IIIIIIIIIIZXXXXXXYII', 'IIIZXXXXXXZIIIIIIIII']
clique 332 ['IIIIIIIIIIYXXXXXXYII', 'IIIZXXXXXXYIIIIIIIII']
clique 333 ['IIIIIIIIIIZXXXXXXZII', 'IIIYXXXXXXZIIIIIIIII']
clique 334 ['IIIIIIIIIIYXXXXXXZII', 'IIIYXXXXXXYIIIIIIIII']
clique 335 ['IIIIIIIIZXXXXYIIIIII', 'IIIIIIIZZIIIIIIIIIII']
clique 336 ['IIIIIIIIYXXXXYIIIIII', 'IIIIIIIZYIIIIIIIIIII']
clique 337 ['IIIIIIIIZXXXXZIIIIII', 'IIIIIIIYZIIIIIIIIIII']
clique 338 ['IIIIIIIIIIIIYYIIIIII', 'IIIIIIIZXXXXYIIIIIII']
clique 339 ['IIIIIIIIYXXXXZIIIIII', 'IIIIIIIYYIIIIIIIIIII']
clique 340 ['IIIIIIIIIIIIYZIIIIII', 'IIIIIIIYXXXXYIIIIIII']
clique 341 ['IIIIIIIIIIIIZYIIIIII', 'IIIIIIIZXXXXZIIIIIII']
clique 342 ['IIIIIIIIIIIIZZIIIIII', 'IIIIIIIYXXXXZIIIIIII']
clique 343 ['IIIIIIIIIIZXXXXXYIII', 'IIIIZXXXXXZIIIIIIIII']
clique 344 ['IIIIIIIIIIYXXXXXYIII', 'IIIIZXXXXXYIIIIIIIII']
clique 345 ['IIIIIIIIIIZXXXXXZIII', 'IIIIYXXXXXZIIIIIIIII']
clique 346 ['IIIIIIIIIIYXXXXXZIII', 'IIIIYXXXXXYIIIIIIIII']
clique 347 ['IIIIIIIIIZXXXXYIIIII', 'IIIIIIZXXZIIIIIIIIII']
clique 348 ['IIIIIIIIIYXXXXYIIIII', 'IIIIIIZXXYIIIIIIIIII']
clique 349 ['IIIIIIIIIZXXXXZIIIII', 'IIIIIIYXXZIIIIIIIIII']
clique 350 ['IIIIIIIIIYXXXXZIIIII', 'IIIIIIYXXYIIIIIIIIII']
clique 351 ['IIIIIIIIIIIYXXYIIIII', 'IIIIIIZXXXXYIIIIIIII']
clique 352 ['IIIIIIIIIIIYXXZIIIII', 'IIIIIIYXXXXYIIIIIIII']
clique 353 ['IIIIIIIIIIIZXXYIIIII', 'IIIIIIZXXXXZIIIIIIII']
clique 354 ['IIIIIIIIIIIZXXZIIIII', 'IIIIIIYXXXXZIIIIIIII']
clique 355 ['IIIIIIIIIIZXXXXYIIII', 'IIIIIZXXXXZIIIIIIIII']
clique 356 ['IIIIIIIIIIYXXXXYIIII', 'IIIIIZXXXXYIIIIIIIII']
clique 357 ['IIIIIIIIIIZXXXXZIIII', 'IIIIIYXXXXZIIIIIIIII']
clique 358 ['IIIIIIIIIIYXXXXZIIII', 'IIIIIYXXXXYIIIIIIIII']
clique 359 ['IIIIIIIIZXXXYIIIIIII']
clique 360 ['IIIIIIIIYXXXYIIIIIII']
clique 361 ['IIIIIIIIZXXXZIIIIIII']
clique 362 ['IIIIIIIIYXXXZIIIIIII']
clique 363 ['IIIIIIIIIZXXXYIIIIII', 'IIIIIIIZXZIIIIIIIIII']
clique 364 ['IIIIIIIIIYXXXYIIIIII', 'IIIIIIIZXYIIIIIIIIII']
clique 365 ['IIIIIIIIIZXXXZIIIIII', 'IIIIIIIYXZIIIIIIIIII']
clique 366 ['IIIIIIIIIYXXXZIIIIII', 'IIIIIIIYXYIIIIIIIIII']
clique 367 ['IIIIIIIIIIIYXYIIIIII', 'IIIIIIIZXXXYIIIIIIII']
clique 368 ['IIIIIIIIIIIYXZIIIIII', 'IIIIIIIYXXXYIIIIIIII']
clique 369 ['IIIIIIIIIIIZXYIIIIII', 'IIIIIIIZXXXZIIIIIIII']
clique 370 ['IIIIIIIIIIIZXZIIIIII', 'IIIIIIIYXXXZIIIIIIII']
clique 371 ['IIIIIIIIIIZXXXYIIIII', 'IIIIIIZXXXZIIIIIIIII']
clique 372 ['IIIIIIIIIIYXXXYIIIII', 'IIIIIIZXXXYIIIIIIIII']
clique 373 ['IIIIIIIIIIZXXXZIIIII', 'IIIIIIYXXXZIIIIIIIII']
clique 374 ['IIIIIIIIIIYXXXZIIIII', 'IIIIIIYXXXYIIIIIIIII']
clique 375 ['IIIIIIIIIZXXYIIIIIII', 'IIIIIIIIZZIIIIIIIIII']
clique 376 ['IIIIIIIIIYXXYIIIIIII', 'IIIIIIIIZYIIIIIIIIII']
clique 377 ['IIIIIIIIIZXXZIIIIIII', 'IIIIIIIIYZIIIIIIIIII']
clique 378 ['IIIIIIIIIIIYYIIIIIII', 'IIIIIIIIZXXYIIIIIIII']
clique 379 ['IIIIIIIIIYXXZIIIIIII', 'IIIIIIIIYYIIIIIIIIII']
clique 380 ['IIIIIIIIIIIYZIIIIIII', 'IIIIIIIIYXXYIIIIIIII']
clique 381 ['IIIIIIIIIIIZYIIIIIII', 'IIIIIIIIZXXZIIIIIIII']
clique 382 ['IIIIIIIIIIIZZIIIIIII', 'IIIIIIIIYXXZIIIIIIII']
clique 383 ['IIIIIIIIIIZXXYIIIIII', 'IIIIIIIZXXZIIIIIIIII']
clique 384 ['IIIIIIIIIIYXXYIIIIII', 'IIIIIIIZXXYIIIIIIIII']
clique 385 ['IIIIIIIIIIZXXZIIIIII', 'IIIIIIIYXXZIIIIIIIII']
clique 386 ['IIIIIIIIIIYXXZIIIIII', 'IIIIIIIYXXYIIIIIIIII']
clique 387 ['IIIIIIIIIZXYIIIIIIII']
clique 388 ['IIIIIIIIIYXYIIIIIIII']
clique 389 ['IIIIIIIIIZXZIIIIIIII']
clique 390 ['IIIIIIIIIYXZIIIIIIII']
clique 391 ['IIIIIIIIIIZXYIIIIIII', 'IIIIIIIIZXZIIIIIIIII']
clique 392 ['IIIIIIIIIIYXYIIIIIII', 'IIIIIIIIZXYIIIIIIIII']
clique 393 ['IIIIIIIIIIZXZIIIIIII', 'IIIIIIIIYXZIIIIIIIII']
clique 394 ['IIIIIIIIIIYXZIIIIIII', 'IIIIIIIIYXYIIIIIIIII']
clique 395 ['IIIIIIIIIIZYIIIIIIII', 'IIIIIIIIIZZIIIIIIIII']
clique 396 ['IIIIIIIIIIYYIIIIIIII', 'IIIIIIIIIZYIIIIIIIII']
clique 397 ['IIIIIIIIIIZZIIIIIIII', 'IIIIIIIIIYZIIIIIIIII']
clique 398 ['IIIIIIIIIIYZIIIIIIII', 'IIIIIIIIIYYIIIIIIIII']
