GS energy with  DMRG -0.5
N= 1.0
E= -0.5
D= [[0.00430888+0.j 0.06550048+0.j]
 [0.06550048+0.j 0.99569112+0.j]]
W= [5.73901212e-34+0.j]
local approximation with  1 sites
local interactions on sites [[0]]
Functional for interaction on sites [0]
aca-directory for images already exists
aca-directory for images already exists
aca-directory for images already exists
interacting orbitals: [0, 1]
mapping: [0, 1]
aca-directory for images already exists
aca-directory for images already exists
aca-directory for images already exists
orbinteractaca= [0, 1]
aca-directory for images already exists
aca-directory for images already exists
aca-directory for images already exists
aca: level 0  norb= 2
Daca= [[0.00430888+0.j 0.06550048+0.j]
 [0.06550048+0.j 0.99569112+0.j]]
Naca= (0.004308879842961723, 0.9956911201570383)
nq= 2
variational state:
      ┌──────────┐┌──────────┐     ┌──────────┐┌──────────┐     ┌──────────┐»
q0_0: ┤ Ry(y[0]) ├┤ Rz(y[2]) ├──■──┤ Ry(y[4]) ├┤ Rz(y[6]) ├──■──┤ Ry(y[8]) ├»
      ├──────────┤├──────────┤┌─┴─┐├──────────┤├──────────┤┌─┴─┐├──────────┤»
q0_1: ┤ Ry(y[1]) ├┤ Rz(y[3]) ├┤ X ├┤ Ry(y[5]) ├┤ Rz(y[7]) ├┤ X ├┤ Ry(y[9]) ├»
      └──────────┘└──────────┘└───┘└──────────┘└──────────┘└───┘└──────────┘»
c0: 2/══════════════════════════════════════════════════════════════════════»
                                                                            »
«      ┌───────────┐
«q0_0: ┤ Rz(y[10]) ├
«      ├───────────┤
«q0_1: ┤ Rz(y[11]) ├
«      └───────────┘
«c0: 2/═════════════
«                   
ansatz-state is written to ansatz.txt
building constraints...
number of constraints= 4
unique pauliops 6
graphclique-cliquecover: 6 with commutationmode commute
strategy largest_first 3
strategy random_sequential 3
strategy smallest_last 3
strategy independent_set 3
strategy connected_sequential_bfs 3
strategy connected_sequential_dfs 3
strategy saturation_largest_first 3
number of cliques 3
clique 0 ['IZ', 'ZI']
clique 1 ['XX', 'YY']
clique 2 ['YX', 'XY']
