GS energy with  DMRG -5.57536562044748
N= 4.000000000000001
E= -5.57536562044748
D= [[ 5.00000000e-01+0.j  3.94179459e-13+0.j  4.36579417e-01+0.j
  -5.21125801e-13+0.j  5.26585719e-13+0.j  1.80560354e-12+0.j
  -2.07712319e-01+0.j  1.06474622e-12+0.j]
 [ 3.94179975e-13+0.j  5.00000000e-01+0.j  3.27144769e-13+0.j
   4.36579417e-01+0.j  2.01255154e-12+0.j -2.39991360e-12+0.j
  -1.34847080e-12+0.j -2.07712319e-01+0.j]
 [ 4.36579417e-01+0.j  3.27139736e-13+0.j  5.00000000e-01+0.j
  -1.16482178e-12+0.j  2.19444409e-01+0.j -2.06822118e-13+0.j
   8.42929893e-13+0.j  6.93129588e-13+0.j]
 [-5.21116709e-13+0.j  4.36579417e-01+0.j -1.16482325e-12+0.j
   5.00000000e-01+0.j  4.84221997e-13+0.j  2.19444409e-01+0.j
   1.57975452e-13+0.j  7.48408028e-13+0.j]
 [ 5.26549290e-13+0.j  2.01255452e-12+0.j  2.19444409e-01+0.j
   4.84216841e-13+0.j  5.00000000e-01+0.j -3.56268542e-12+0.j
   4.36579417e-01+0.j -1.30590398e-12+0.j]
 [ 1.80559965e-12+0.j -2.39988585e-12+0.j -2.06823386e-13+0.j
   2.19444409e-01+0.j -3.56262479e-12+0.j  5.00000000e-01+0.j
   1.24574648e-12+0.j  4.36579417e-01+0.j]
 [-2.07712319e-01+0.j -1.34847610e-12+0.j  8.42994077e-13+0.j
   1.57962319e-13+0.j  4.36579417e-01+0.j  1.24571763e-12+0.j
   5.00000000e-01+0.j  4.33333942e-12+0.j]
 [ 1.06472069e-12+0.j -2.07712319e-01+0.j  6.93135657e-13+0.j
   7.48423129e-13+0.j -1.30583718e-12+0.j  4.36579417e-01+0.j
   4.33331767e-12+0.j  5.00000000e-01+0.j]]
W= [0.19104713+0.j 0.20647655+0.j 0.20647655+0.j 0.19104713+0.j]
local approximation with  1 sites
local interactions on sites [[0], [1], [2], [3]]
Functional for interaction on sites [0]
aca-directory for images already exists
aca-directory for images already exists
aca-directory for images already exists
interacting orbitals: [0, 1]
mapping: [0, 1, 2, 3, 4, 5, 6, 7]
aca-directory for images already exists
aca-directory for images already exists
aca-directory for images already exists
orbinteractaca= [0, 1]
aca-directory for images already exists
aca-directory for images already exists
aca-directory for images already exists
aca-directory for images already exists
aca-directory for images already exists
aca-directory for images already exists
aca-directory for images already exists
aca-directory for images already exists
aca-directory for images already exists
aca-directory for images already exists
aca-directory for images already exists
aca-directory for images already exists
aca-directory for images already exists
aca-directory for images already exists
aca-directory for images already exists
aca-directory for images already exists
aca-directory for images already exists
aca-directory for images already exists
aca-directory for images already exists
aca-directory for images already exists
aca-directory for images already exists
aca: level 3  norb= 8
Daca= [[ 5.00000000e-01+0.j  3.94179459e-13+0.j -4.83472849e-01+0.j
  -5.76271699e-29+0.j  9.67656716e-29+0.j  2.97805761e-28+0.j
   2.58801299e-17+0.j -1.22808822e-28+0.j]
 [ 3.94179975e-13+0.j  5.00000000e-01+0.j  5.32709055e-14+0.j
  -4.83472849e-01+0.j  9.63125776e-29+0.j  8.32680663e-29+0.j
   2.46203632e-29+0.j -4.46188580e-19+0.j]
 [-4.83472849e-01+0.j  5.32731739e-14+0.j  5.00000000e-01+0.j
  -3.96500800e-13+0.j  1.05941599e-02+0.j  1.02785551e-31+0.j
   2.16505036e-35+0.j  0.00000000e+00+0.j]
 [-1.91799769e-17+0.j -4.83472849e-01+0.j -3.96513459e-13+0.j
   5.00000000e-01+0.j -6.67614639e-14+0.j  1.05941599e-02+0.j
  -3.56214250e-36+0.j  0.00000000e+00+0.j]
 [-3.64291930e-17+0.j  2.98124021e-18+0.j  1.05941599e-02+0.j
  -6.67374178e-14+0.j  5.00000000e-01+0.j  2.29310715e-12+0.j
   4.88513255e-01+0.j  0.00000000e+00+0.j]
 [-3.89263123e-18+0.j  2.77555756e-17+0.j -1.35380341e-17+0.j
   1.05941599e-02+0.j  2.29316779e-12+0.j  5.00000000e-01+0.j
   7.22929938e-14+0.j -4.88513255e-01+0.j]
 [ 5.09436119e-17+0.j -6.94661939e-18+0.j -4.46203157e-17+0.j
   1.74566855e-17+0.j  4.88513255e-01+0.j  7.22674893e-14+0.j
   5.00000000e-01+0.j  2.29077414e-12+0.j]
 [-1.91503556e-17+0.j -5.86494334e-17+0.j -1.03927964e-17+0.j
   1.53693315e-18+0.j -6.25432266e-17+0.j -4.88513255e-01+0.j
   2.29078470e-12+0.j  5.00000000e-01+0.j]]
rounding Naca1 to integer
rounding Naca2 to integer
Naca= (2, 2)
nq= 8
variational state:
      ┌──────────┐ ┌──────────┐┌───┐     ┌───────────┐┌───────────┐»
q0_0: ┤ Ry(y[0]) ├─┤ Rz(y[8]) ├┤ X ├──■──┤ Ry(y[16]) ├┤ Rz(y[24]) ├»
      ├──────────┤ ├──────────┤└─┬─┘┌─┴─┐└───────────┘├───────────┤»
q0_1: ┤ Ry(y[1]) ├─┤ Rz(y[9]) ├──┼──┤ X ├──────■──────┤ Ry(y[17]) ├»
      ├──────────┤┌┴──────────┤  │  └───┘    ┌─┴─┐    └───────────┘»
q0_2: ┤ Ry(y[2]) ├┤ Rz(y[10]) ├──┼───────────┤ X ├──────────■──────»
      ├──────────┤├───────────┤  │           └───┘        ┌─┴─┐    »
q0_3: ┤ Ry(y[3]) ├┤ Rz(y[11]) ├──┼────────────────────────┤ X ├────»
      ├──────────┤├───────────┤  │                        └───┘    »
q0_4: ┤ Ry(y[4]) ├┤ Rz(y[12]) ├──┼─────────────────────────────────»
      ├──────────┤├───────────┤  │                                 »
q0_5: ┤ Ry(y[5]) ├┤ Rz(y[13]) ├──┼─────────────────────────────────»
      ├──────────┤├───────────┤  │                                 »
q0_6: ┤ Ry(y[6]) ├┤ Rz(y[14]) ├──┼─────────────────────────────────»
      ├──────────┤├───────────┤  │                                 »
q0_7: ┤ Ry(y[7]) ├┤ Rz(y[15]) ├──■─────────────────────────────────»
      └──────────┘└───────────┘                                    »
c0: 8/═════════════════════════════════════════════════════════════»
                                                                   »
«                                                                       »
«q0_0: ─────────────────────────────────────────────────────────────────»
«      ┌───────────┐                                                    »
«q0_1: ┤ Rz(y[25]) ├────────────────────────────────────────────────────»
«      ├───────────┤┌───────────┐                                       »
«q0_2: ┤ Ry(y[18]) ├┤ Rz(y[26]) ├───────────────────────────────────────»
«      └───────────┘├───────────┤┌───────────┐                          »
«q0_3: ──────■──────┤ Ry(y[19]) ├┤ Rz(y[27]) ├──────────────────────────»
«          ┌─┴─┐    └───────────┘├───────────┤┌───────────┐             »
«q0_4: ────┤ X ├──────────■──────┤ Ry(y[20]) ├┤ Rz(y[28]) ├─────────────»
«          └───┘        ┌─┴─┐    └───────────┘├───────────┤┌───────────┐»
«q0_5: ─────────────────┤ X ├──────────■──────┤ Ry(y[21]) ├┤ Rz(y[29]) ├»
«                       └───┘        ┌─┴─┐    └───────────┘├───────────┤»
«q0_6: ──────────────────────────────┤ X ├──────────■──────┤ Ry(y[22]) ├»
«                                    └───┘        ┌─┴─┐    ├───────────┤»
«q0_7: ───────────────────────────────────────────┤ X ├────┤ Ry(y[23]) ├»
«                                                 └───┘    └───────────┘»
«c0: 8/═════════════════════════════════════════════════════════════════»
«                                                                       »
«                   ┌───┐     ┌───────────┐┌───────────┐             »
«q0_0: ─────────────┤ X ├──■──┤ Ry(y[32]) ├┤ Rz(y[40]) ├─────────────»
«                   └─┬─┘┌─┴─┐└───────────┘├───────────┤┌───────────┐»
«q0_1: ───────────────┼──┤ X ├──────■──────┤ Ry(y[33]) ├┤ Rz(y[41]) ├»
«                     │  └───┘    ┌─┴─┐    └───────────┘├───────────┤»
«q0_2: ───────────────┼───────────┤ X ├──────────■──────┤ Ry(y[34]) ├»
«                     │           └───┘        ┌─┴─┐    └───────────┘»
«q0_3: ───────────────┼────────────────────────┤ X ├──────────■──────»
«                     │                        └───┘        ┌─┴─┐    »
«q0_4: ───────────────┼─────────────────────────────────────┤ X ├────»
«                     │                                     └───┘    »
«q0_5: ───────────────┼──────────────────────────────────────────────»
«      ┌───────────┐  │                                              »
«q0_6: ┤ Rz(y[30]) ├──┼──────────────────────────────────────────────»
«      ├───────────┤  │                                              »
«q0_7: ┤ Rz(y[31]) ├──■──────────────────────────────────────────────»
«      └───────────┘                                                 »
«c0: 8/══════════════════════════════════════════════════════════════»
«                                                                    »
«                                                                       
«q0_0: ─────────────────────────────────────────────────────────────────
«                                                                       
«q0_1: ─────────────────────────────────────────────────────────────────
«      ┌───────────┐                                                    
«q0_2: ┤ Rz(y[42]) ├────────────────────────────────────────────────────
«      ├───────────┤┌───────────┐                                       
«q0_3: ┤ Ry(y[35]) ├┤ Rz(y[43]) ├───────────────────────────────────────
«      └───────────┘├───────────┤┌───────────┐                          
«q0_4: ──────■──────┤ Ry(y[36]) ├┤ Rz(y[44]) ├──────────────────────────
«          ┌─┴─┐    └───────────┘├───────────┤┌───────────┐             
«q0_5: ────┤ X ├──────────■──────┤ Ry(y[37]) ├┤ Rz(y[45]) ├─────────────
«          └───┘        ┌─┴─┐    └───────────┘├───────────┤┌───────────┐
«q0_6: ─────────────────┤ X ├──────────■──────┤ Ry(y[38]) ├┤ Rz(y[46]) ├
«                       └───┘        ┌─┴─┐    ├───────────┤├───────────┤
«q0_7: ──────────────────────────────┤ X ├────┤ Ry(y[39]) ├┤ Rz(y[47]) ├
«                                    └───┘    └───────────┘└───────────┘
«c0: 8/═════════════════════════════════════════════════════════════════
«                                                                       
ansatz-state is written to ansatz.txt
building constraints...
number of constraints= 64
unique pauliops 120
graphclique-cliquecover: 120 with commutationmode commute
strategy largest_first 15
strategy random_sequential 17
strategy smallest_last 20
strategy independent_set 15
strategy connected_sequential_bfs 15
strategy connected_sequential_dfs 20
strategy saturation_largest_first 16
number of cliques 15
clique 0 ['IIIIIIIZ', 'IIIIIIZZ', 'IIIIIZZI', 'IIIIZZII', 'IIIZZIII', 'IIZZIIII', 'IZZIIIII', 'ZZIIIIII']
clique 1 ['IIIIIIIX', 'IIIIIIZX', 'IIIIIXII', 'IIIIZXZI', 'IIIXIIII', 'IIZXZIII', 'IXIIIIII', 'ZXZIIIII']
clique 2 ['IIIIIIIY', 'IIIIIIZY', 'IIIIZYII', 'IIIIIYZI', 'IIZYIIII', 'IIIYZIII', 'ZYIIIIII', 'IYZIIIII']
clique 3 ['IIIIIZXX', 'IIIIIIYY', 'IIIIIYYI', 'IIIIZXXZ', 'IIYYIIII', 'IZXXZIII', 'IYYIIIII', 'ZXXZIIII']
clique 4 ['IIIIIIYX', 'IIIIIZXY', 'IIIIZXYI', 'IIIIIYXZ', 'IZXYIIII', 'IIYXZIII', 'ZXYIIIII', 'IYXZIIII']
clique 5 ['IIIIZXXX', 'IIIIIYXY', 'IIIIIIXI', 'IIIIIZXZ', 'IYXYIIII', 'ZXXXZIII', 'IIXIIIII', 'IZXZIIII']
clique 6 ['IIIIIYXX', 'IIIIZXXY', 'IIIIIZYI', 'IIIIIIYZ', 'ZXXYIIII', 'IYXXZIII', 'IZYIIIII', 'IIYZIIII']
clique 7 ['IIIZXXXX', 'IIIIYXXY', 'IIIYXXYI', 'IIZXXXXZ', 'IIYXXYII', 'IZXXXXZI', 'IYXXYIII', 'ZXXXXZII']
clique 8 ['IIIIYXXX', 'IIIZXXXY', 'IIZXXXYI', 'IIIYXXXZ', 'IZXXXYII', 'IIYXXXZI', 'ZXXXYIII', 'IYXXXZII']
clique 9 ['IIZXXXXX', 'IIIYXXXY', 'IIIIYXYI', 'IIIZXXXZ', 'IYXXXYII', 'ZXXXXXZI', 'IIYXYIII', 'IZXXXZII']
clique 10 ['IIIYXXXX', 'IIZXXXXY', 'IIIZXXYI', 'IIIIYXXZ', 'ZXXXXYII', 'IYXXXXZI', 'IZXXYIII', 'IIYXXZII']
clique 11 ['IZXXXXXX', 'IIYXXXXY', 'IYXXXXYI', 'ZXXXXXXZ', 'IIIIYYII', 'IIIZXXZI', 'IIIYYIII', 'IIZXXZII']
clique 12 ['IIYXXXXX', 'IZXXXXXY', 'ZXXXXXYI', 'IYXXXXXZ', 'IIIZXYII', 'IIIIYXZI', 'IIZXYIII', 'IIIYXZII']
clique 13 ['ZXXXXXXX', 'IYXXXXXY', 'IIYXXXYI', 'IZXXXXXZ', 'IIIYXYII', 'IIZXXXZI', 'IIIIXIII', 'IIIZXZII']
clique 14 ['IYXXXXXX', 'ZXXXXXXY', 'IZXXXXYI', 'IIYXXXXZ', 'IIZXXYII', 'IIIYXXZI', 'IIIZYIII', 'IIIIYZII']
