GS energy with  DMRG -16.20331705943662
N= 10.999999999848034
E= -16.20331705943662
D= [[ 4.43816396e-01+0.j  8.77028912e-02+0.j  4.08501003e-01+0.j
   5.02031503e-08+0.j  4.52052218e-02+0.j -7.05655911e-02+0.j
  -1.47178343e-01+0.j -6.57802754e-08+0.j -4.13198424e-02+0.j
   6.45005129e-02+0.j  7.99662484e-02+0.j -6.57089052e-08+0.j
   3.88779981e-02+0.j -6.06895184e-02+0.j -4.46147323e-02+0.j
   6.69285403e-07+0.j -3.69870081e-02+0.j  5.77471462e-02+0.j
   2.01825008e-02+0.j  8.41945962e-06+0.j  3.51515655e-02+0.j
  -5.48565540e-02+0.j]
 [ 8.77028912e-02+0.j  5.56183544e-01+0.j  5.02021494e-08+0.j
   4.08500963e-01+0.j -7.05655878e-02+0.j -4.52051699e-02+0.j
  -7.15263993e-08+0.j -1.47178262e-01+0.j  6.45005117e-02+0.j
   4.13198258e-02+0.j  1.30204190e-09+0.j  7.99668836e-02+0.j
  -6.06887736e-02+0.j -3.88783376e-02+0.j -4.10326025e-07+0.j
  -4.46191435e-02+0.j  5.77350493e-02+0.j  3.69861218e-02+0.j
   2.85619599e-06+0.j  2.01578047e-02+0.j -5.48747261e-02+0.j
  -3.51514827e-02+0.j]
 [ 4.08501003e-01+0.j  5.02021494e-08+0.j  5.10764404e-01+0.j
  -1.68033313e-02+0.j  2.57213357e-01+0.j -1.53321686e-08+0.j
  -3.50066611e-03+0.j  5.46458300e-03+0.j -6.58087929e-02+0.j
  -4.01335607e-08+0.j  1.80643898e-03+0.j -2.81929878e-03+0.j
   3.49484364e-02+0.j  8.13419459e-08+0.j -9.62823614e-04+0.j
   1.49974493e-03+0.j -2.44321208e-02+0.j -5.70597665e-06+0.j
   4.30955295e-04+0.j -6.95685900e-04+0.j  2.01576655e-02+0.j
  -8.50720055e-06+0.j]
 [ 5.02031503e-08+0.j  4.08500963e-01+0.j -1.68033313e-02+0.j
   4.89235576e-01+0.j -1.67632099e-08+0.j  2.57213372e-01+0.j
   5.46458672e-03+0.j  3.50068788e-03+0.j -2.04292326e-08+0.j
  -6.58088130e-02+0.j -2.82003702e-03+0.j -1.80641053e-03+0.j
   2.50630942e-07+0.j  3.49480024e-02+0.j  1.50290666e-03+0.j
   9.63561298e-04+0.j -8.24709857e-07+0.j -2.44125091e-02+0.j
  -6.69105416e-04+0.j -4.31066222e-04+0.j -2.85805611e-06+0.j
   2.01825468e-02+0.j]
 [ 4.52052218e-02+0.j -7.05655878e-02+0.j  2.57213357e-01+0.j
  -1.67632099e-08+0.j  4.45233301e-01+0.j  8.54911256e-02+0.j
   3.43747392e-01+0.j  2.73141400e-08+0.j  4.46990609e-02+0.j
  -6.97755369e-02+0.j -1.13491214e-01+0.j -1.08255133e-07+0.j
  -4.12447273e-02+0.j  6.43830673e-02+0.j  5.63051439e-02+0.j
   1.50118002e-06+0.j  3.89741263e-02+0.j -6.08285204e-02+0.j
  -2.44125280e-02+0.j  5.87668543e-06+0.j -3.69863692e-02+0.j
   5.77479295e-02+0.j]
 [-7.05655911e-02+0.j -4.52051699e-02+0.j -1.53321686e-08+0.j
   2.57213372e-01+0.j  8.54911256e-02+0.j  5.54766653e-01+0.j
   2.93945006e-08+0.j  3.43747243e-01+0.j -6.97755253e-02+0.j
  -4.46990083e-02+0.j -5.17331151e-08+0.j -1.13490326e-01+0.j
   6.43832762e-02+0.j  4.12444258e-02+0.j -2.62495891e-07+0.j
   5.63000907e-02+0.j -6.08390722e-02+0.j -3.89740871e-02+0.j
   8.19471747e-07+0.j -2.44324515e-02+0.j  5.77355426e-02+0.j
   3.69873960e-02+0.j]
 [-1.47178343e-01+0.j -7.15263993e-08+0.j -3.50066611e-03+0.j
   5.46458672e-03+0.j  3.43747392e-01+0.j  2.93945006e-08+0.j
   5.13120495e-01+0.j -2.04812841e-02+0.j  2.94084426e-01+0.j
   7.70513663e-10+0.j -4.64954431e-03+0.j  7.25834163e-03+0.j
  -9.15824309e-02+0.j -1.96845158e-07+0.j  2.29239782e-03+0.j
  -3.58043177e-03+0.j  5.63002705e-02+0.j -1.63579684e-06+0.j
  -9.63326859e-04+0.j  1.49900255e-03+0.j -4.46194938e-02+0.j
  -8.43307940e-07+0.j]
 [-6.57802754e-08+0.j -1.47178262e-01+0.j  5.46458300e-03+0.j
   3.50068788e-03+0.j  2.73141399e-08+0.j  3.43747243e-01+0.j
  -2.04812841e-02+0.j  4.86879478e-01+0.j -1.07094824e-09+0.j
   2.94084363e-01+0.j  7.25802455e-03+0.j  4.64960196e-03+0.j
   7.50747666e-08+0.j -9.15821857e-02+0.j -3.57862388e-03+0.j
  -2.29240148e-03+0.j  2.90248072e-07+0.j  5.63054489e-02+0.j
   1.50255911e-03+0.j  9.62547533e-04+0.j  4.34341845e-07+0.j
  -4.46147916e-02+0.j]
 [-4.13198424e-02+0.j  6.45005117e-02+0.j -6.58087929e-02+0.j
  -2.04292326e-08+0.j  4.46990609e-02+0.j -6.97755253e-02+0.j
   2.94084426e-01+0.j -1.07094829e-09+0.j  4.45327292e-01+0.j
   8.53444371e-02+0.j  3.17328364e-01+0.j  2.55415160e-08+0.j
   4.46273849e-02+0.j -6.96634242e-02+0.j -9.15822280e-02+0.j
   2.90401989e-07+0.j -4.12445112e-02+0.j  6.43833183e-02+0.j
   3.49483589e-02+0.j  9.90114747e-08+0.j  3.88782446e-02+0.j
  -6.06892878e-02+0.j]
 [ 6.45005129e-02+0.j  4.13198258e-02+0.j -4.01335606e-08+0.j
  -6.58088130e-02+0.j -6.97755369e-02+0.j -4.46990083e-02+0.j
   7.70513806e-10+0.j  2.94084363e-01+0.j  8.53444371e-02+0.j
   5.54672705e-01+0.j  1.67478771e-08+0.j  3.17328267e-01+0.j
  -6.96636677e-02+0.j -4.46273953e-02+0.j -8.28813039e-08+0.j
  -9.15826230e-02+0.j  6.43834126e-02+0.j  4.12447867e-02+0.j
  -3.09859289e-07+0.j  3.49485802e-02+0.j -6.06886266e-02+0.j
  -3.88779109e-02+0.j]
 [ 7.99662484e-02+0.j  1.30204184e-09+0.j  1.80643898e-03+0.j
  -2.82003702e-03+0.j -1.13491214e-01+0.j -5.17331149e-08+0.j
  -4.64954431e-03+0.j  7.25802455e-03+0.j  3.17328364e-01+0.j
   1.67478770e-08+0.j  5.13766192e-01+0.j -2.14892198e-02+0.j
   3.17328287e-01+0.j -5.44515362e-08+0.j -4.64960520e-03+0.j
   7.25831528e-03+0.j -1.13490508e-01+0.j  4.28273398e-08+0.j
   1.80639583e-03+0.j -2.81920397e-03+0.j  7.99667292e-02+0.j
   4.07455798e-08+0.j]
 [-6.57089052e-08+0.j  7.99668836e-02+0.j -2.81929878e-03+0.j
  -1.80641053e-03+0.j -1.08255133e-07+0.j -1.13490326e-01+0.j
   7.25834163e-03+0.j  4.64960196e-03+0.j  2.55415156e-08+0.j
   3.17328267e-01+0.j -2.14892198e-02+0.j  4.86233820e-01+0.j
  -3.97338582e-10+0.j  3.17328397e-01+0.j  7.25802332e-03+0.j
   4.64955331e-03+0.j  6.14618813e-08+0.j -1.13491382e-01+0.j
  -2.82003114e-03+0.j -1.80642478e-03+0.j  2.74539638e-08+0.j
   7.99660670e-02+0.j]
 [ 3.88779981e-02+0.j -6.06887736e-02+0.j  3.49484364e-02+0.j
   2.50630942e-07+0.j -4.12447273e-02+0.j  6.43832762e-02+0.j
  -9.15824309e-02+0.j  7.50747667e-08+0.j  4.46273849e-02+0.j
  -6.96636677e-02+0.j  3.17328287e-01+0.j -3.97338569e-10+0.j
   4.45327312e-01+0.j  8.53444317e-02+0.j  2.94084423e-01+0.j
   6.76862011e-09+0.j  4.46990229e-02+0.j -6.97755960e-02+0.j
  -6.58088158e-02+0.j  4.48803959e-08+0.j -4.13197760e-02+0.j
   6.45004169e-02+0.j]
 [-6.06895184e-02+0.j -3.88783376e-02+0.j  8.13419459e-08+0.j
   3.49480024e-02+0.j  6.43830673e-02+0.j  4.12444258e-02+0.j
  -1.96845158e-07+0.j -9.15821857e-02+0.j -6.96634242e-02+0.j
  -4.46273953e-02+0.j -5.44515360e-08+0.j  3.17328397e-01+0.j
   8.53444317e-02+0.j  5.54672685e-01+0.j  4.74633297e-09+0.j
   2.94084489e-01+0.j -6.97755452e-02+0.j -4.46990580e-02+0.j
   2.27226204e-08+0.j -6.58087763e-02+0.j  6.45004494e-02+0.j
   4.13198103e-02+0.j]
 [-4.46147323e-02+0.j -4.10326025e-07+0.j -9.62823614e-04+0.j
   1.50290666e-03+0.j  5.63051439e-02+0.j -2.62495891e-07+0.j
   2.29239782e-03+0.j -3.57862388e-03+0.j -9.15822280e-02+0.j
  -8.28813039e-08+0.j -4.64960520e-03+0.j  7.25802332e-03+0.j
   2.94084423e-01+0.j  4.74633306e-09+0.j  5.13120517e-01+0.j
  -2.04812822e-02+0.j  3.43747257e-01+0.j -2.10863968e-08+0.j
  -3.50069927e-03+0.j  5.46459502e-03+0.j -1.47178188e-01+0.j
   7.41806751e-08+0.j]
 [ 6.69285403e-07+0.j -4.46191435e-02+0.j  1.49974493e-03+0.j
   9.63561298e-04+0.j  1.50118002e-06+0.j  5.63000907e-02+0.j
  -3.58043177e-03+0.j -2.29240148e-03+0.j  2.90401989e-07+0.j
  -9.15826230e-02+0.j  7.25831528e-03+0.j  4.64955331e-03+0.j
   6.76862004e-09+0.j  2.94084489e-01+0.j -2.04812822e-02+0.j
   4.86879502e-01+0.j -3.27233721e-08+0.j  3.43747384e-01+0.j
   5.46459112e-03+0.j  3.50067948e-03+0.j  6.65784493e-08+0.j
  -1.47178286e-01+0.j]
 [-3.69870081e-02+0.j  5.77350493e-02+0.j -2.44321208e-02+0.j
  -8.24709857e-07+0.j  3.89741263e-02+0.j -6.08390722e-02+0.j
   5.63002705e-02+0.j  2.90248073e-07+0.j -4.12445112e-02+0.j
   6.43834126e-02+0.j -1.13490508e-01+0.j  6.14618812e-08+0.j
   4.46990229e-02+0.j -6.97755452e-02+0.j  3.43747257e-01+0.j
  -3.27233720e-08+0.j  4.45233362e-01+0.j  8.54911365e-02+0.j
   2.57213357e-01+0.j  1.47422303e-08+0.j  4.52051632e-02+0.j
  -7.05656048e-02+0.j]
 [ 5.77471462e-02+0.j  3.69861218e-02+0.j -5.70597665e-06+0.j
  -2.44125091e-02+0.j -6.08285204e-02+0.j -3.89740871e-02+0.j
  -1.63579684e-06+0.j  5.63054489e-02+0.j  6.43833183e-02+0.j
   4.12447867e-02+0.j  4.28273397e-08+0.j -1.13491382e-01+0.j
  -6.97755960e-02+0.j -4.46990580e-02+0.j -2.10863967e-08+0.j
   3.43747384e-01+0.j  8.54911365e-02+0.j  5.54766670e-01+0.j
   8.06026139e-09+0.j  2.57213374e-01+0.j -7.05655871e-02+0.j
  -4.52052195e-02+0.j]
 [ 2.01825008e-02+0.j  2.85619599e-06+0.j  4.30955295e-04+0.j
  -6.69105416e-04+0.j -2.44125280e-02+0.j  8.19471747e-07+0.j
  -9.63326859e-04+0.j  1.50255911e-03+0.j  3.49483589e-02+0.j
  -3.09859289e-07+0.j  1.80639583e-03+0.j -2.82003114e-03+0.j
  -6.58088158e-02+0.j  2.27226204e-08+0.j -3.50069927e-03+0.j
   5.46459112e-03+0.j  2.57213357e-01+0.j  8.06026138e-09+0.j
   5.10764419e-01+0.j -1.68033167e-02+0.j  4.08500942e-01+0.j
  -5.34703685e-08+0.j]
 [ 8.41945962e-06+0.j  2.01578047e-02+0.j -6.95685900e-04+0.j
  -4.31066222e-04+0.j  5.87668543e-06+0.j -2.44324515e-02+0.j
   1.49900255e-03+0.j  9.62547533e-04+0.j  9.90114747e-08+0.j
   3.49485802e-02+0.j -2.81920397e-03+0.j -1.80642478e-03+0.j
   4.48803959e-08+0.j -6.58087763e-02+0.j  5.46459502e-03+0.j
   3.50067948e-03+0.j  1.47422304e-08+0.j  2.57213374e-01+0.j
  -1.68033167e-02+0.j  4.89235598e-01+0.j -3.61560892e-08+0.j
   4.08500954e-01+0.j]
 [ 3.51515655e-02+0.j -5.48747261e-02+0.j  2.01576655e-02+0.j
  -2.85805611e-06+0.j -3.69863692e-02+0.j  5.77355426e-02+0.j
  -4.46194938e-02+0.j  4.34341845e-07+0.j  3.88782446e-02+0.j
  -6.06886266e-02+0.j  7.99667292e-02+0.j  2.74539639e-08+0.j
  -4.13197760e-02+0.j  6.45004494e-02+0.j -1.47178188e-01+0.j
   6.65784492e-08+0.j  4.52051632e-02+0.j -7.05655871e-02+0.j
   4.08500942e-01+0.j -3.61560892e-08+0.j  4.43816451e-01+0.j
   8.77029054e-02+0.j]
 [-5.48565540e-02+0.j -3.51514827e-02+0.j -8.50720055e-06+0.j
   2.01825468e-02+0.j  5.77479295e-02+0.j  3.69873960e-02+0.j
  -8.43307940e-07+0.j -4.46147916e-02+0.j -6.06892878e-02+0.j
  -3.88779109e-02+0.j  4.07455799e-08+0.j  7.99660670e-02+0.j
   6.45004169e-02+0.j  4.13198103e-02+0.j  7.41806751e-08+0.j
  -1.47178286e-01+0.j -7.05656048e-02+0.j -4.52052195e-02+0.j
  -5.34703685e-08+0.j  4.08500954e-01+0.j  8.77029054e-02+0.j
   5.56183630e-01+0.j]]
W= [0.18657238+0.j 0.21094085+0.j 0.20553645+0.j 0.21388701+0.j
 0.20770575+0.j 0.21439315+0.j 0.20770575+0.j 0.21388702+0.j
 0.20553649+0.j 0.21094086+0.j 0.18657245+0.j]
local approximation with  1 sites
local interactions on sites [[0], [1], [2], [3], [4], [5], [6], [7], [8], [9], [10]]
Functional for interaction on sites [0]
aca-directory for images already exists
aca-directory for images already exists
aca-directory for images already exists
interacting orbitals: [0, 1]
mapping: [0, 1, 2, 3, 4, 5, 6, 7, 8, 9, 10, 11, 12, 13, 14, 15, 16, 17, 18, 19, 20, 21]
aca-directory for images already exists
aca-directory for images already exists
aca-directory for images already exists
orbinteractaca= [0, 1]
aca-directory for images already exists
aca-directory for images already exists
aca-directory for images already exists
aca-directory for images already exists
aca-directory for images already exists
aca-directory for images already exists
aca-directory for images already exists
aca-directory for images already exists
aca-directory for images already exists
aca-directory for images already exists
aca-directory for images already exists
aca-directory for images already exists
aca-directory for images already exists
aca-directory for images already exists
aca-directory for images already exists
aca-directory for images already exists
aca-directory for images already exists
aca-directory for images already exists
aca-directory for images already exists
aca-directory for images already exists
aca-directory for images already exists
aca-directory for images already exists
aca-directory for images already exists
aca-directory for images already exists
aca-directory for images already exists
aca-directory for images already exists
aca-directory for images already exists
aca-directory for images already exists
aca-directory for images already exists
aca-directory for images already exists
aca-directory for images already exists
aca-directory for images already exists
aca-directory for images already exists
aca-directory for images already exists
aca-directory for images already exists
aca-directory for images already exists
aca-directory for images already exists
aca-directory for images already exists
aca-directory for images already exists
aca-directory for images already exists
aca-directory for images already exists
aca-directory for images already exists
aca-directory for images already exists
aca-directory for images already exists
aca-directory for images already exists
aca-directory for images already exists
aca-directory for images already exists
aca-directory for images already exists
aca-directory for images already exists
aca-directory for images already exists
aca-directory for images already exists
aca-directory for images already exists
aca-directory for images already exists
aca-directory for images already exists
aca-directory for images already exists
aca-directory for images already exists
aca-directory for images already exists
aca-directory for images already exists
aca-directory for images already exists
aca-directory for images already exists
aca-directory for images already exists
aca-directory for images already exists
aca-directory for images already exists
aca: level 10  norb= 22
Daca= [[ 4.43816396e-01+0.j  8.77028912e-02+0.j -4.73666513e-01+0.j
   3.41900441e-18+0.j  1.18829818e-17+0.j -1.09043685e-17+0.j
  -1.85394769e-17+0.j  1.30858204e-19+0.j -1.96612141e-17+0.j
   1.20733415e-17+0.j  5.88239082e-18+0.j  5.53955688e-19+0.j
  -1.84812337e-18+0.j -1.52951061e-17+0.j -8.56109783e-18+0.j
  -1.83104654e-19+0.j  3.74721628e-18+0.j -1.23255745e-17+0.j
   3.91756094e-18+0.j -1.09832928e-19+0.j  1.18519901e-17+0.j
  -1.55202561e-17+0.j]
 [ 8.77028912e-02+0.j  5.56183544e-01+0.j -1.47431885e-07+0.j
  -4.73666404e-01+0.j -1.21026736e-17+0.j  6.04422178e-19+0.j
  -6.25214434e-19+0.j -9.99707063e-18+0.j -8.91855020e-18+0.j
   7.73823589e-19+0.j  3.88574521e-19+0.j -3.50247519e-18+0.j
  -1.11208194e-17+0.j  2.46532525e-18+0.j -3.01246981e-19+0.j
  -4.85793031e-19+0.j  4.99490799e-18+0.j  4.30638905e-18+0.j
   1.07983939e-19+0.j  1.69736495e-19+0.j  1.60106674e-17+0.j
  -1.51860450e-17+0.j]
 [-4.73666513e-01+0.j -1.47431885e-07+0.j  5.55555341e-01+0.j
  -8.67221975e-02+0.j  1.00921542e-02+0.j  1.39218561e-19+0.j
   1.08293365e-19+0.j  2.48757060e-19+0.j  7.63593443e-19+0.j
  -6.90379915e-21+0.j  4.31183344e-20+0.j -3.86809742e-19+0.j
   6.59753064e-20+0.j  7.99725116e-22+0.j -1.47910381e-19+0.j
   3.27972489e-19+0.j  4.61657201e-20+0.j  3.80159046e-21+0.j
   2.11546434e-19+0.j -4.60045756e-19+0.j -8.68517121e-22+0.j
   1.04796358e-22+0.j]
 [-6.80297158e-17+0.j -4.73666404e-01+0.j -8.67221975e-02+0.j
   4.44444919e-01+0.j -5.56647349e-07+0.j  1.00928812e-02+0.j
   2.94080231e-19+0.j  9.94258741e-20+0.j -9.84295488e-22+0.j
   1.77790975e-19+0.j -5.52285642e-19+0.j -2.75219972e-19+0.j
  -7.81647772e-22+0.j -2.20559799e-19+0.j  2.32441033e-19+0.j
   3.94865674e-19+0.j  8.97268665e-22+0.j  3.02798459e-20+0.j
  -2.19355089e-19+0.j  9.89210359e-20+0.j -1.00020970e-22+0.j
  -3.75602637e-21+0.j]
 [ 4.09386263e-17+0.j  2.42501358e-16+0.j  1.00921542e-02+0.j
  -5.56647349e-07+0.j  5.08672884e-01+0.j -1.35383869e-02+0.j
   4.85997108e-01+0.j  3.79824725e-18+0.j -1.04571799e-17+0.j
   2.36275682e-17+0.j -4.36888728e-17+0.j -1.73370693e-18+0.j
  -2.89222455e-19+0.j  1.43822031e-17+0.j  5.85917041e-18+0.j
   1.13009464e-18+0.j -1.27233042e-17+0.j  5.69693716e-17+0.j
   1.18139351e-17+0.j  3.00743129e-19+0.j -1.36739090e-17+0.j
   4.80062063e-18+0.j]
 [-1.85206661e-16+0.j -5.24327296e-17+0.j -1.79714676e-17+0.j
   1.00928812e-02+0.j -1.35383869e-02+0.j  4.91317503e-01+0.j
   1.94366784e-07+0.j  4.85996067e-01+0.j -3.89092420e-17+0.j
  -1.17814478e-17+0.j  4.31159296e-18+0.j -8.96678489e-17+0.j
   3.23170758e-17+0.j  2.92203151e-17+0.j -8.37705454e-19+0.j
   3.40515927e-17+0.j -4.58506597e-17+0.j -1.92530562e-17+0.j
   9.34325678e-19+0.j -9.82121486e-18+0.j  6.70665569e-17+0.j
   7.67592943e-18+0.j]
 [ 2.06860343e-16+0.j -4.71573277e-17+0.j -2.14007437e-16+0.j
   1.22750152e-16+0.j  4.85997108e-01+0.j  1.94366784e-07+0.j
   4.88969358e-01+0.j  1.72183145e-02+0.j  7.31246310e-03+0.j
   2.73991248e-20+0.j -6.62506417e-20+0.j -3.28458416e-20+0.j
   2.92728671e-19+0.j  5.11318028e-21+0.j  1.07546146e-19+0.j
  -5.18062101e-19+0.j -7.74445715e-20+0.j -4.16938028e-20+0.j
  -1.55881943e-19+0.j -6.42837310e-19+0.j -2.82529269e-19+0.j
  -3.68790089e-20+0.j]
 [-1.98000742e-17+0.j  9.45622845e-16+0.j  2.02217634e-16+0.j
   1.85370515e-16+0.j -4.38045376e-17+0.j  4.85996067e-01+0.j
   1.72183145e-02+0.j  5.11040034e-01+0.j  6.21900785e-07+0.j
   7.31172449e-03+0.j  6.29364451e-19+0.j  4.92238401e-19+0.j
   2.13485429e-20+0.j  4.47417393e-19+0.j -9.28338572e-19+0.j
  -3.50884418e-19+0.j -3.53421485e-20+0.j -3.14622782e-19+0.j
   4.85252134e-19+0.j  1.14162528e-18+0.j -4.25206528e-21+0.j
   3.40166723e-19+0.j]
 [-9.49272400e-17+0.j -1.49635294e-16+0.j  2.52419999e-16+0.j
  -1.72187783e-16+0.j  1.14528674e-16+0.j -8.78266566e-17+0.j
   7.31246310e-03+0.j  6.21900785e-07+0.j  4.71305893e-01+0.j
   4.48003977e-02+0.j -4.85542045e-01+0.j  2.20022721e-17+0.j
  -1.91119758e-18+0.j -4.78373551e-18+0.j -3.44211290e-18+0.j
  -1.23147196e-18+0.j -6.70967780e-18+0.j  2.81101691e-17+0.j
   8.50711208e-18+0.j -4.81106439e-18+0.j  2.75969392e-17+0.j
  -3.67092695e-17+0.j]
 [ 1.44773443e-16+0.j -1.60357919e-16+0.j  1.33477518e-17+0.j
   1.58038204e-16+0.j -5.10511841e-17+0.j -2.01294521e-16+0.j
   1.01008566e-16+0.j  7.31172449e-03+0.j  4.48003977e-02+0.j
   5.28700451e-01+0.j  1.60424038e-06+0.j -4.85543303e-01+0.j
   8.70818320e-18+0.j  3.44346689e-18+0.j  2.06444234e-18+0.j
   8.96982609e-18+0.j -1.01834716e-16+0.j -5.34695532e-17+0.j
  -6.88128631e-19+0.j -1.76523396e-17+0.j  1.03226970e-16+0.j
   9.52890990e-17+0.j]
 [-1.08033378e-16+0.j -6.29440765e-17+0.j -7.76192386e-18+0.j
   1.57795901e-16+0.j -5.22314202e-16+0.j -9.20411704e-17+0.j
   5.09072912e-17+0.j -4.06180630e-16+0.j -4.85542045e-01+0.j
   1.60424038e-06+0.j  5.29644700e-01+0.j -4.62840525e-02+0.j
  -3.18742326e-03+0.j -6.73087108e-20+0.j  4.52937618e-19+0.j
  -3.94638599e-19+0.j -6.86269878e-20+0.j -7.73795255e-21+0.j
  -1.99340135e-19+0.j  1.05558699e-19+0.j -3.36970368e-21+0.j
  -1.23927299e-20+0.j]
 [ 4.22174443e-17+0.j -4.11959090e-16+0.j -1.66298251e-17+0.j
  -6.25572229e-17+0.j -1.77331337e-17+0.j -4.12526269e-16+0.j
   7.57535821e-18+0.j  8.10642757e-17+0.j -3.21763818e-17+0.j
  -4.85543303e-01+0.j -4.62840525e-02+0.j  4.70349000e-01+0.j
   2.04593041e-07+0.j -3.18787706e-03+0.j  2.07638848e-19+0.j
  -5.55162551e-21+0.j -2.17235219e-20+0.j  5.39007820e-21+0.j
  -6.76309560e-20+0.j  8.79345418e-20+0.j -1.31869937e-20+0.j
  -1.84636999e-20+0.j]
 [-4.40406880e-17+0.j  2.56269937e-16+0.j -1.12196501e-16+0.j
   1.26456354e-16+0.j -6.53700929e-17+0.j  1.43454400e-16+0.j
  -3.66062070e-17+0.j  7.12330282e-17+0.j -6.61867321e-17+0.j
   2.24165770e-16+0.j -3.18742326e-03+0.j  2.04593041e-07+0.j
   4.19428270e-01+0.j  1.25775993e-01+0.j -4.69703107e-01+0.j
  -1.92889047e-18+0.j -2.66445991e-17+0.j -3.44226127e-17+0.j
   1.05708467e-17+0.j  1.36862618e-18+0.j -1.86666489e-17+0.j
  -1.38356906e-17+0.j]
 [-1.84986089e-16+0.j  1.25023954e-16+0.j  4.26407524e-17+0.j
   1.01341630e-16+0.j  3.11915610e-16+0.j  4.75765654e-17+0.j
   9.14400239e-17+0.j -3.52995086e-16+0.j -8.79301835e-17+0.j
   1.35342591e-16+0.j -1.61486261e-16+0.j -3.18787706e-03+0.j
   1.25775993e-01+0.j  5.80615030e-01+0.j  1.09274400e-05+0.j
  -4.69694342e-01+0.j -2.46061004e-17+0.j  2.02734553e-17+0.j
  -5.77787587e-19+0.j  2.20906423e-17+0.j -3.86311446e-17+0.j
   1.50357396e-17+0.j]
 [-4.93813717e-17+0.j  4.30804700e-17+0.j -3.09786152e-17+0.j
   3.21569880e-17+0.j  3.58119731e-17+0.j  5.17817932e-17+0.j
   2.10579026e-17+0.j  2.02291736e-16+0.j  1.03733583e-16+0.j
   8.34078657e-17+0.j -1.72983048e-16+0.j  5.79616547e-17+0.j
  -4.69703107e-01+0.j  1.09274400e-05+0.j  5.79959692e-01+0.j
  -1.24814584e-01+0.j -1.53947303e-03+0.j  4.34953598e-22+0.j
   5.20760083e-20+0.j  1.94914219e-19+0.j -1.94246324e-19+0.j
   3.48732007e-20+0.j]
 [ 7.05026360e-17+0.j  2.06249757e-16+0.j  5.55850641e-17+0.j
   2.24401971e-17+0.j -2.66649544e-18+0.j  2.02418778e-16+0.j
   3.79320570e-17+0.j -4.31514345e-17+0.j -1.50833399e-17+0.j
  -1.02039516e-16+0.j  8.18475445e-17+0.j  3.51683357e-17+0.j
   3.46748720e-16+0.j -4.69694342e-01+0.j -1.24814584e-01+0.j
   4.19996804e-01+0.j  2.56331216e-07+0.j -1.53927441e-03+0.j
   3.58895005e-20+0.j  1.17615936e-19+0.j  3.96754448e-21+0.j
   1.39038350e-19+0.j]
 [-2.86067929e-18+0.j -1.81111054e-16+0.j -9.06847139e-17+0.j
  -2.76744051e-17+0.j  2.75368781e-16+0.j -3.30859453e-16+0.j
   1.52978406e-16+0.j -8.08400158e-17+0.j -1.46853677e-16+0.j
   1.46569496e-17+0.j  1.07060181e-16+0.j -8.24820589e-17+0.j
   7.81043135e-17+0.j -2.31800338e-16+0.j -1.53947303e-03+0.j
   2.56331215e-07+0.j  3.59344940e-01+0.j  2.19291030e-01+0.j
   4.19366449e-01+0.j  5.89005454e-18+0.j  1.43663246e-17+0.j
   5.09446386e-17+0.j]
 [ 2.82520689e-17+0.j -1.47165152e-16+0.j -3.43709011e-17+0.j
   9.32475121e-17+0.j -2.86633524e-16+0.j -7.88718911e-17+0.j
  -1.25319926e-17+0.j -9.02299051e-17+0.j  1.22438187e-16+0.j
  -1.86716785e-16+0.j  3.08882035e-17+0.j -1.20212116e-18+0.j
  -2.67381309e-17+0.j  8.78579510e-18+0.j -2.88172243e-17+0.j
  -1.53927441e-03+0.j  2.19291030e-01+0.j  6.40587046e-01+0.j
   3.49541967e-05+0.j  4.19390183e-01+0.j  8.06252334e-18+0.j
   3.13813111e-18+0.j]
 [-3.08504563e-17+0.j -3.34510063e-17+0.j  2.79815594e-17+0.j
   1.85059369e-17+0.j -8.12334445e-17+0.j -1.93460007e-17+0.j
  -1.65243157e-16+0.j -1.68157927e-16+0.j  4.76741838e-17+0.j
  -3.14115736e-17+0.j -6.07283616e-17+0.j  1.73702589e-16+0.j
  -6.39636680e-17+0.j -8.23450526e-17+0.j  1.86428448e-16+0.j
  -2.73035256e-16+0.j  4.19366449e-01+0.j  3.49541967e-05+0.j
   6.40382911e-01+0.j -2.18907128e-01+0.j  1.07001857e-03+0.j
  -1.74591051e-23+0.j]
 [-2.28467702e-18+0.j -1.00209171e-16+0.j -4.34448407e-17+0.j
   2.76797285e-17+0.j -1.42866352e-17+0.j -1.61688025e-16+0.j
   1.26890871e-16+0.j  6.90776309e-17+0.j -3.18972974e-18+0.j
   9.17917990e-18+0.j -1.52227529e-16+0.j -1.66300113e-17+0.j
  -1.41492657e-16+0.j  2.24547150e-17+0.j  7.96921171e-17+0.j
   3.55906407e-17+0.j  9.15655806e-18+0.j  4.19390183e-01+0.j
  -2.18907128e-01+0.j  3.59685048e-01+0.j -6.93090934e-07+0.j
  -1.07093938e-03+0.j]
 [ 1.85793532e-17+0.j  1.95857666e-16+0.j  4.08802096e-17+0.j
  -1.34618855e-17+0.j -2.54807742e-16+0.j  2.82211306e-16+0.j
   1.71748282e-17+0.j  8.07578373e-17+0.j -6.42978570e-17+0.j
   1.37766336e-16+0.j  9.14302963e-17+0.j  2.41745800e-17+0.j
   1.88549259e-17+0.j -1.33507730e-16+0.j  7.72752549e-17+0.j
  -3.23776175e-17+0.j  1.00812667e-16+0.j -5.69054365e-17+0.j
   1.07001857e-03+0.j -6.93090934e-07+0.j  2.32541002e-01+0.j
  -4.16067074e-01+0.j]
 [-1.36050627e-18+0.j  1.09361593e-16+0.j  3.24436820e-17+0.j
  -5.31566126e-17+0.j  3.43076434e-16+0.j  1.58620549e-16+0.j
   1.75761408e-19+0.j  4.51401312e-17+0.j -3.35155194e-16+0.j
   1.61171848e-16+0.j  6.80151659e-17+0.j -2.55075163e-16+0.j
  -3.45195301e-16+0.j -9.16556313e-17+0.j -1.12634864e-16+0.j
   2.05858628e-16+0.j -3.88161149e-17+0.j -1.19693585e-16+0.j
  -1.39628453e-16+0.j -1.07093938e-03+0.j -4.16067074e-01+0.j
   7.67459234e-01+0.j]]
Naca= (5.229621388684822, 5.770378611163213)
nq= 22
variational state:
        ┌──────────┐┌───────────┐┌───┐     ┌───────────┐┌───────────┐»
 q0_0: ─┤ Ry(y[0]) ├┤ Rz(y[22]) ├┤ X ├──■──┤ Ry(y[44]) ├┤ Rz(y[66]) ├»
        ├──────────┤├───────────┤└─┬─┘┌─┴─┐└───────────┘├───────────┤»
 q0_1: ─┤ Ry(y[1]) ├┤ Rz(y[23]) ├──┼──┤ X ├──────■──────┤ Ry(y[45]) ├»
        ├──────────┤├───────────┤  │  └───┘    ┌─┴─┐    └───────────┘»
 q0_2: ─┤ Ry(y[2]) ├┤ Rz(y[24]) ├──┼───────────┤ X ├──────────■──────»
        ├──────────┤├───────────┤  │           └───┘        ┌─┴─┐    »
 q0_3: ─┤ Ry(y[3]) ├┤ Rz(y[25]) ├──┼────────────────────────┤ X ├────»
        ├──────────┤├───────────┤  │                        └───┘    »
 q0_4: ─┤ Ry(y[4]) ├┤ Rz(y[26]) ├──┼─────────────────────────────────»
        ├──────────┤├───────────┤  │                                 »
 q0_5: ─┤ Ry(y[5]) ├┤ Rz(y[27]) ├──┼─────────────────────────────────»
        ├──────────┤├───────────┤  │                                 »
 q0_6: ─┤ Ry(y[6]) ├┤ Rz(y[28]) ├──┼─────────────────────────────────»
        ├──────────┤├───────────┤  │                                 »
 q0_7: ─┤ Ry(y[7]) ├┤ Rz(y[29]) ├──┼─────────────────────────────────»
        ├──────────┤├───────────┤  │                                 »
 q0_8: ─┤ Ry(y[8]) ├┤ Rz(y[30]) ├──┼─────────────────────────────────»
        ├──────────┤├───────────┤  │                                 »
 q0_9: ─┤ Ry(y[9]) ├┤ Rz(y[31]) ├──┼─────────────────────────────────»
       ┌┴──────────┤├───────────┤  │                                 »
q0_10: ┤ Ry(y[10]) ├┤ Rz(y[32]) ├──┼─────────────────────────────────»
       ├───────────┤├───────────┤  │                                 »
q0_11: ┤ Ry(y[11]) ├┤ Rz(y[33]) ├──┼─────────────────────────────────»
       ├───────────┤├───────────┤  │                                 »
q0_12: ┤ Ry(y[12]) ├┤ Rz(y[34]) ├──┼─────────────────────────────────»
       ├───────────┤├───────────┤  │                                 »
q0_13: ┤ Ry(y[13]) ├┤ Rz(y[35]) ├──┼─────────────────────────────────»
       ├───────────┤├───────────┤  │                                 »
q0_14: ┤ Ry(y[14]) ├┤ Rz(y[36]) ├──┼─────────────────────────────────»
       ├───────────┤├───────────┤  │                                 »
q0_15: ┤ Ry(y[15]) ├┤ Rz(y[37]) ├──┼─────────────────────────────────»
       ├───────────┤├───────────┤  │                                 »
q0_16: ┤ Ry(y[16]) ├┤ Rz(y[38]) ├──┼─────────────────────────────────»
       ├───────────┤├───────────┤  │                                 »
q0_17: ┤ Ry(y[17]) ├┤ Rz(y[39]) ├──┼─────────────────────────────────»
       ├───────────┤├───────────┤  │                                 »
q0_18: ┤ Ry(y[18]) ├┤ Rz(y[40]) ├──┼─────────────────────────────────»
       ├───────────┤├───────────┤  │                                 »
q0_19: ┤ Ry(y[19]) ├┤ Rz(y[41]) ├──┼─────────────────────────────────»
       ├───────────┤├───────────┤  │                                 »
q0_20: ┤ Ry(y[20]) ├┤ Rz(y[42]) ├──┼─────────────────────────────────»
       ├───────────┤├───────────┤  │                                 »
q0_21: ┤ Ry(y[21]) ├┤ Rz(y[43]) ├──■─────────────────────────────────»
       └───────────┘└───────────┘                                    »
c0: 22/══════════════════════════════════════════════════════════════»
                                                                     »
«                                                                        »
« q0_0: ─────────────────────────────────────────────────────────────────»
«       ┌───────────┐                                                    »
« q0_1: ┤ Rz(y[67]) ├────────────────────────────────────────────────────»
«       ├───────────┤┌───────────┐                                       »
« q0_2: ┤ Ry(y[46]) ├┤ Rz(y[68]) ├───────────────────────────────────────»
«       └───────────┘├───────────┤┌───────────┐                          »
« q0_3: ──────■──────┤ Ry(y[47]) ├┤ Rz(y[69]) ├──────────────────────────»
«           ┌─┴─┐    └───────────┘├───────────┤┌───────────┐             »
« q0_4: ────┤ X ├──────────■──────┤ Ry(y[48]) ├┤ Rz(y[70]) ├─────────────»
«           └───┘        ┌─┴─┐    └───────────┘├───────────┤┌───────────┐»
« q0_5: ─────────────────┤ X ├──────────■──────┤ Ry(y[49]) ├┤ Rz(y[71]) ├»
«                        └───┘        ┌─┴─┐    └───────────┘├───────────┤»
« q0_6: ──────────────────────────────┤ X ├──────────■──────┤ Ry(y[50]) ├»
«                                     └───┘        ┌─┴─┐    └───────────┘»
« q0_7: ───────────────────────────────────────────┤ X ├──────────■──────»
«                                                  └───┘        ┌─┴─┐    »
« q0_8: ────────────────────────────────────────────────────────┤ X ├────»
«                                                               └───┘    »
« q0_9: ─────────────────────────────────────────────────────────────────»
«                                                                        »
«q0_10: ─────────────────────────────────────────────────────────────────»
«                                                                        »
«q0_11: ─────────────────────────────────────────────────────────────────»
«                                                                        »
«q0_12: ─────────────────────────────────────────────────────────────────»
«                                                                        »
«q0_13: ─────────────────────────────────────────────────────────────────»
«                                                                        »
«q0_14: ─────────────────────────────────────────────────────────────────»
«                                                                        »
«q0_15: ─────────────────────────────────────────────────────────────────»
«                                                                        »
«q0_16: ─────────────────────────────────────────────────────────────────»
«                                                                        »
«q0_17: ─────────────────────────────────────────────────────────────────»
«                                                                        »
«q0_18: ─────────────────────────────────────────────────────────────────»
«                                                                        »
«q0_19: ─────────────────────────────────────────────────────────────────»
«                                                                        »
«q0_20: ─────────────────────────────────────────────────────────────────»
«                                                                        »
«q0_21: ─────────────────────────────────────────────────────────────────»
«                                                                        »
«c0: 22/═════════════════════════════════════════════════════════════════»
«                                                                        »
«                                                                        »
« q0_0: ─────────────────────────────────────────────────────────────────»
«                                                                        »
« q0_1: ─────────────────────────────────────────────────────────────────»
«                                                                        »
« q0_2: ─────────────────────────────────────────────────────────────────»
«                                                                        »
« q0_3: ─────────────────────────────────────────────────────────────────»
«                                                                        »
« q0_4: ─────────────────────────────────────────────────────────────────»
«                                                                        »
« q0_5: ─────────────────────────────────────────────────────────────────»
«       ┌───────────┐                                                    »
« q0_6: ┤ Rz(y[72]) ├────────────────────────────────────────────────────»
«       ├───────────┤┌───────────┐                                       »
« q0_7: ┤ Ry(y[51]) ├┤ Rz(y[73]) ├───────────────────────────────────────»
«       └───────────┘├───────────┤┌───────────┐                          »
« q0_8: ──────■──────┤ Ry(y[52]) ├┤ Rz(y[74]) ├──────────────────────────»
«           ┌─┴─┐    └───────────┘├───────────┤┌───────────┐             »
« q0_9: ────┤ X ├──────────■──────┤ Ry(y[53]) ├┤ Rz(y[75]) ├─────────────»
«           └───┘        ┌─┴─┐    └───────────┘├───────────┤┌───────────┐»
«q0_10: ─────────────────┤ X ├──────────■──────┤ Ry(y[54]) ├┤ Rz(y[76]) ├»
«                        └───┘        ┌─┴─┐    └───────────┘├───────────┤»
«q0_11: ──────────────────────────────┤ X ├──────────■──────┤ Ry(y[55]) ├»
«                                     └───┘        ┌─┴─┐    └───────────┘»
«q0_12: ───────────────────────────────────────────┤ X ├──────────■──────»
«                                                  └───┘        ┌─┴─┐    »
«q0_13: ────────────────────────────────────────────────────────┤ X ├────»
«                                                               └───┘    »
«q0_14: ─────────────────────────────────────────────────────────────────»
«                                                                        »
«q0_15: ─────────────────────────────────────────────────────────────────»
«                                                                        »
«q0_16: ─────────────────────────────────────────────────────────────────»
«                                                                        »
«q0_17: ─────────────────────────────────────────────────────────────────»
«                                                                        »
«q0_18: ─────────────────────────────────────────────────────────────────»
«                                                                        »
«q0_19: ─────────────────────────────────────────────────────────────────»
«                                                                        »
«q0_20: ─────────────────────────────────────────────────────────────────»
«                                                                        »
«q0_21: ─────────────────────────────────────────────────────────────────»
«                                                                        »
«c0: 22/═════════════════════════════════════════════════════════════════»
«                                                                        »
«                                                                        »
« q0_0: ─────────────────────────────────────────────────────────────────»
«                                                                        »
« q0_1: ─────────────────────────────────────────────────────────────────»
«                                                                        »
« q0_2: ─────────────────────────────────────────────────────────────────»
«                                                                        »
« q0_3: ─────────────────────────────────────────────────────────────────»
«                                                                        »
« q0_4: ─────────────────────────────────────────────────────────────────»
«                                                                        »
« q0_5: ─────────────────────────────────────────────────────────────────»
«                                                                        »
« q0_6: ─────────────────────────────────────────────────────────────────»
«                                                                        »
« q0_7: ─────────────────────────────────────────────────────────────────»
«                                                                        »
« q0_8: ─────────────────────────────────────────────────────────────────»
«                                                                        »
« q0_9: ─────────────────────────────────────────────────────────────────»
«                                                                        »
«q0_10: ─────────────────────────────────────────────────────────────────»
«       ┌───────────┐                                                    »
«q0_11: ┤ Rz(y[77]) ├────────────────────────────────────────────────────»
«       ├───────────┤┌───────────┐                                       »
«q0_12: ┤ Ry(y[56]) ├┤ Rz(y[78]) ├───────────────────────────────────────»
«       └───────────┘├───────────┤┌───────────┐                          »
«q0_13: ──────■──────┤ Ry(y[57]) ├┤ Rz(y[79]) ├──────────────────────────»
«           ┌─┴─┐    └───────────┘├───────────┤┌───────────┐             »
«q0_14: ────┤ X ├──────────■──────┤ Ry(y[58]) ├┤ Rz(y[80]) ├─────────────»
«           └───┘        ┌─┴─┐    └───────────┘├───────────┤┌───────────┐»
«q0_15: ─────────────────┤ X ├──────────■──────┤ Ry(y[59]) ├┤ Rz(y[81]) ├»
«                        └───┘        ┌─┴─┐    └───────────┘├───────────┤»
«q0_16: ──────────────────────────────┤ X ├──────────■──────┤ Ry(y[60]) ├»
«                                     └───┘        ┌─┴─┐    └───────────┘»
«q0_17: ───────────────────────────────────────────┤ X ├──────────■──────»
«                                                  └───┘        ┌─┴─┐    »
«q0_18: ────────────────────────────────────────────────────────┤ X ├────»
«                                                               └───┘    »
«q0_19: ─────────────────────────────────────────────────────────────────»
«                                                                        »
«q0_20: ─────────────────────────────────────────────────────────────────»
«                                                                        »
«q0_21: ─────────────────────────────────────────────────────────────────»
«                                                                        »
«c0: 22/═════════════════════════════════════════════════════════════════»
«                                                                        »
«                                                                        ┌───┐»
« q0_0: ─────────────────────────────────────────────────────────────────┤ X ├»
«                                                                        └─┬─┘»
« q0_1: ───────────────────────────────────────────────────────────────────┼──»
«                                                                          │  »
« q0_2: ───────────────────────────────────────────────────────────────────┼──»
«                                                                          │  »
« q0_3: ───────────────────────────────────────────────────────────────────┼──»
«                                                                          │  »
« q0_4: ───────────────────────────────────────────────────────────────────┼──»
«                                                                          │  »
« q0_5: ───────────────────────────────────────────────────────────────────┼──»
«                                                                          │  »
« q0_6: ───────────────────────────────────────────────────────────────────┼──»
«                                                                          │  »
« q0_7: ───────────────────────────────────────────────────────────────────┼──»
«                                                                          │  »
« q0_8: ───────────────────────────────────────────────────────────────────┼──»
«                                                                          │  »
« q0_9: ───────────────────────────────────────────────────────────────────┼──»
«                                                                          │  »
«q0_10: ───────────────────────────────────────────────────────────────────┼──»
«                                                                          │  »
«q0_11: ───────────────────────────────────────────────────────────────────┼──»
«                                                                          │  »
«q0_12: ───────────────────────────────────────────────────────────────────┼──»
«                                                                          │  »
«q0_13: ───────────────────────────────────────────────────────────────────┼──»
«                                                                          │  »
«q0_14: ───────────────────────────────────────────────────────────────────┼──»
«                                                                          │  »
«q0_15: ───────────────────────────────────────────────────────────────────┼──»
«       ┌───────────┐                                                      │  »
«q0_16: ┤ Rz(y[82]) ├──────────────────────────────────────────────────────┼──»
«       ├───────────┤┌───────────┐                                         │  »
«q0_17: ┤ Ry(y[61]) ├┤ Rz(y[83]) ├─────────────────────────────────────────┼──»
«       └───────────┘├───────────┤┌───────────┐                            │  »
«q0_18: ──────■──────┤ Ry(y[62]) ├┤ Rz(y[84]) ├────────────────────────────┼──»
«           ┌─┴─┐    └───────────┘├───────────┤┌───────────┐               │  »
«q0_19: ────┤ X ├──────────■──────┤ Ry(y[63]) ├┤ Rz(y[85]) ├───────────────┼──»
«           └───┘        ┌─┴─┐    └───────────┘├───────────┤┌───────────┐  │  »
«q0_20: ─────────────────┤ X ├──────────■──────┤ Ry(y[64]) ├┤ Rz(y[86]) ├──┼──»
«                        └───┘        ┌─┴─┐    ├───────────┤├───────────┤  │  »
«q0_21: ──────────────────────────────┤ X ├────┤ Ry(y[65]) ├┤ Rz(y[87]) ├──■──»
«                                     └───┘    └───────────┘└───────────┘     »
«c0: 22/══════════════════════════════════════════════════════════════════════»
«                                                                             »
«            ┌───────────┐┌────────────┐                            »
« q0_0: ──■──┤ Ry(y[88]) ├┤ Rz(y[110]) ├────────────────────────────»
«       ┌─┴─┐└───────────┘├───────────┬┘┌────────────┐              »
« q0_1: ┤ X ├──────■──────┤ Ry(y[89]) ├─┤ Rz(y[111]) ├──────────────»
«       └───┘    ┌─┴─┐    └───────────┘ ├───────────┬┘┌────────────┐»
« q0_2: ─────────┤ X ├──────────■───────┤ Ry(y[90]) ├─┤ Rz(y[112]) ├»
«                └───┘        ┌─┴─┐     └───────────┘ ├───────────┬┘»
« q0_3: ──────────────────────┤ X ├───────────■───────┤ Ry(y[91]) ├─»
«                             └───┘         ┌─┴─┐     └───────────┘ »
« q0_4: ────────────────────────────────────┤ X ├───────────■───────»
«                                           └───┘         ┌─┴─┐     »
« q0_5: ──────────────────────────────────────────────────┤ X ├─────»
«                                                         └───┘     »
« q0_6: ────────────────────────────────────────────────────────────»
«                                                                   »
« q0_7: ────────────────────────────────────────────────────────────»
«                                                                   »
« q0_8: ────────────────────────────────────────────────────────────»
«                                                                   »
« q0_9: ────────────────────────────────────────────────────────────»
«                                                                   »
«q0_10: ────────────────────────────────────────────────────────────»
«                                                                   »
«q0_11: ────────────────────────────────────────────────────────────»
«                                                                   »
«q0_12: ────────────────────────────────────────────────────────────»
«                                                                   »
«q0_13: ────────────────────────────────────────────────────────────»
«                                                                   »
«q0_14: ────────────────────────────────────────────────────────────»
«                                                                   »
«q0_15: ────────────────────────────────────────────────────────────»
«                                                                   »
«q0_16: ────────────────────────────────────────────────────────────»
«                                                                   »
«q0_17: ────────────────────────────────────────────────────────────»
«                                                                   »
«q0_18: ────────────────────────────────────────────────────────────»
«                                                                   »
«q0_19: ────────────────────────────────────────────────────────────»
«                                                                   »
«q0_20: ────────────────────────────────────────────────────────────»
«                                                                   »
«q0_21: ────────────────────────────────────────────────────────────»
«                                                                   »
«c0: 22/════════════════════════════════════════════════════════════»
«                                                                   »
«                                                                             »
« q0_0: ──────────────────────────────────────────────────────────────────────»
«                                                                             »
« q0_1: ──────────────────────────────────────────────────────────────────────»
«                                                                             »
« q0_2: ──────────────────────────────────────────────────────────────────────»
«       ┌────────────┐                                                        »
« q0_3: ┤ Rz(y[113]) ├────────────────────────────────────────────────────────»
«       ├───────────┬┘┌────────────┐                                          »
« q0_4: ┤ Ry(y[92]) ├─┤ Rz(y[114]) ├──────────────────────────────────────────»
«       └───────────┘ ├───────────┬┘┌────────────┐                            »
« q0_5: ──────■───────┤ Ry(y[93]) ├─┤ Rz(y[115]) ├────────────────────────────»
«           ┌─┴─┐     └───────────┘ ├───────────┬┘┌────────────┐              »
« q0_6: ────┤ X ├───────────■───────┤ Ry(y[94]) ├─┤ Rz(y[116]) ├──────────────»
«           └───┘         ┌─┴─┐     └───────────┘ ├───────────┬┘┌────────────┐»
« q0_7: ──────────────────┤ X ├───────────■───────┤ Ry(y[95]) ├─┤ Rz(y[117]) ├»
«                         └───┘         ┌─┴─┐     └───────────┘ ├───────────┬┘»
« q0_8: ────────────────────────────────┤ X ├───────────■───────┤ Ry(y[96]) ├─»
«                                       └───┘         ┌─┴─┐     └───────────┘ »
« q0_9: ──────────────────────────────────────────────┤ X ├───────────■───────»
«                                                     └───┘         ┌─┴─┐     »
«q0_10: ────────────────────────────────────────────────────────────┤ X ├─────»
«                                                                   └───┘     »
«q0_11: ──────────────────────────────────────────────────────────────────────»
«                                                                             »
«q0_12: ──────────────────────────────────────────────────────────────────────»
«                                                                             »
«q0_13: ──────────────────────────────────────────────────────────────────────»
«                                                                             »
«q0_14: ──────────────────────────────────────────────────────────────────────»
«                                                                             »
«q0_15: ──────────────────────────────────────────────────────────────────────»
«                                                                             »
«q0_16: ──────────────────────────────────────────────────────────────────────»
«                                                                             »
«q0_17: ──────────────────────────────────────────────────────────────────────»
«                                                                             »
«q0_18: ──────────────────────────────────────────────────────────────────────»
«                                                                             »
«q0_19: ──────────────────────────────────────────────────────────────────────»
«                                                                             »
«q0_20: ──────────────────────────────────────────────────────────────────────»
«                                                                             »
«q0_21: ──────────────────────────────────────────────────────────────────────»
«                                                                             »
«c0: 22/══════════════════════════════════════════════════════════════════════»
«                                                                             »
«                                                                             »
« q0_0: ──────────────────────────────────────────────────────────────────────»
«                                                                             »
« q0_1: ──────────────────────────────────────────────────────────────────────»
«                                                                             »
« q0_2: ──────────────────────────────────────────────────────────────────────»
«                                                                             »
« q0_3: ──────────────────────────────────────────────────────────────────────»
«                                                                             »
« q0_4: ──────────────────────────────────────────────────────────────────────»
«                                                                             »
« q0_5: ──────────────────────────────────────────────────────────────────────»
«                                                                             »
« q0_6: ──────────────────────────────────────────────────────────────────────»
«                                                                             »
« q0_7: ──────────────────────────────────────────────────────────────────────»
«       ┌────────────┐                                                        »
« q0_8: ┤ Rz(y[118]) ├────────────────────────────────────────────────────────»
«       ├───────────┬┘┌────────────┐                                          »
« q0_9: ┤ Ry(y[97]) ├─┤ Rz(y[119]) ├──────────────────────────────────────────»
«       └───────────┘ ├───────────┬┘┌────────────┐                            »
«q0_10: ──────■───────┤ Ry(y[98]) ├─┤ Rz(y[120]) ├────────────────────────────»
«           ┌─┴─┐     └───────────┘ ├───────────┬┘┌────────────┐              »
«q0_11: ────┤ X ├───────────■───────┤ Ry(y[99]) ├─┤ Rz(y[121]) ├──────────────»
«           └───┘         ┌─┴─┐     └───────────┘ ├────────────┤┌────────────┐»
«q0_12: ──────────────────┤ X ├───────────■───────┤ Ry(y[100]) ├┤ Rz(y[122]) ├»
«                         └───┘         ┌─┴─┐     └────────────┘├────────────┤»
«q0_13: ────────────────────────────────┤ X ├───────────■───────┤ Ry(y[101]) ├»
«                                       └───┘         ┌─┴─┐     └────────────┘»
«q0_14: ──────────────────────────────────────────────┤ X ├───────────■───────»
«                                                     └───┘         ┌─┴─┐     »
«q0_15: ────────────────────────────────────────────────────────────┤ X ├─────»
«                                                                   └───┘     »
«q0_16: ──────────────────────────────────────────────────────────────────────»
«                                                                             »
«q0_17: ──────────────────────────────────────────────────────────────────────»
«                                                                             »
«q0_18: ──────────────────────────────────────────────────────────────────────»
«                                                                             »
«q0_19: ──────────────────────────────────────────────────────────────────────»
«                                                                             »
«q0_20: ──────────────────────────────────────────────────────────────────────»
«                                                                             »
«q0_21: ──────────────────────────────────────────────────────────────────────»
«                                                                             »
«c0: 22/══════════════════════════════════════════════════════════════════════»
«                                                                             »
«                                                                             »
« q0_0: ──────────────────────────────────────────────────────────────────────»
«                                                                             »
« q0_1: ──────────────────────────────────────────────────────────────────────»
«                                                                             »
« q0_2: ──────────────────────────────────────────────────────────────────────»
«                                                                             »
« q0_3: ──────────────────────────────────────────────────────────────────────»
«                                                                             »
« q0_4: ──────────────────────────────────────────────────────────────────────»
«                                                                             »
« q0_5: ──────────────────────────────────────────────────────────────────────»
«                                                                             »
« q0_6: ──────────────────────────────────────────────────────────────────────»
«                                                                             »
« q0_7: ──────────────────────────────────────────────────────────────────────»
«                                                                             »
« q0_8: ──────────────────────────────────────────────────────────────────────»
«                                                                             »
« q0_9: ──────────────────────────────────────────────────────────────────────»
«                                                                             »
«q0_10: ──────────────────────────────────────────────────────────────────────»
«                                                                             »
«q0_11: ──────────────────────────────────────────────────────────────────────»
«                                                                             »
«q0_12: ──────────────────────────────────────────────────────────────────────»
«       ┌────────────┐                                                        »
«q0_13: ┤ Rz(y[123]) ├────────────────────────────────────────────────────────»
«       ├────────────┤┌────────────┐                                          »
«q0_14: ┤ Ry(y[102]) ├┤ Rz(y[124]) ├──────────────────────────────────────────»
«       └────────────┘├────────────┤┌────────────┐                            »
«q0_15: ──────■───────┤ Ry(y[103]) ├┤ Rz(y[125]) ├────────────────────────────»
«           ┌─┴─┐     └────────────┘├────────────┤┌────────────┐              »
«q0_16: ────┤ X ├───────────■───────┤ Ry(y[104]) ├┤ Rz(y[126]) ├──────────────»
«           └───┘         ┌─┴─┐     └────────────┘├────────────┤┌────────────┐»
«q0_17: ──────────────────┤ X ├───────────■───────┤ Ry(y[105]) ├┤ Rz(y[127]) ├»
«                         └───┘         ┌─┴─┐     └────────────┘├────────────┤»
«q0_18: ────────────────────────────────┤ X ├───────────■───────┤ Ry(y[106]) ├»
«                                       └───┘         ┌─┴─┐     └────────────┘»
«q0_19: ──────────────────────────────────────────────┤ X ├───────────■───────»
«                                                     └───┘         ┌─┴─┐     »
«q0_20: ────────────────────────────────────────────────────────────┤ X ├─────»
«                                                                   └───┘     »
«q0_21: ──────────────────────────────────────────────────────────────────────»
«                                                                             »
«c0: 22/══════════════════════════════════════════════════════════════════════»
«                                                                             »
«                                                 
« q0_0: ──────────────────────────────────────────
«                                                 
« q0_1: ──────────────────────────────────────────
«                                                 
« q0_2: ──────────────────────────────────────────
«                                                 
« q0_3: ──────────────────────────────────────────
«                                                 
« q0_4: ──────────────────────────────────────────
«                                                 
« q0_5: ──────────────────────────────────────────
«                                                 
« q0_6: ──────────────────────────────────────────
«                                                 
« q0_7: ──────────────────────────────────────────
«                                                 
« q0_8: ──────────────────────────────────────────
«                                                 
« q0_9: ──────────────────────────────────────────
«                                                 
«q0_10: ──────────────────────────────────────────
«                                                 
«q0_11: ──────────────────────────────────────────
«                                                 
«q0_12: ──────────────────────────────────────────
«                                                 
«q0_13: ──────────────────────────────────────────
«                                                 
«q0_14: ──────────────────────────────────────────
«                                                 
«q0_15: ──────────────────────────────────────────
«                                                 
«q0_16: ──────────────────────────────────────────
«                                                 
«q0_17: ──────────────────────────────────────────
«       ┌────────────┐                            
«q0_18: ┤ Rz(y[128]) ├────────────────────────────
«       ├────────────┤┌────────────┐              
«q0_19: ┤ Ry(y[107]) ├┤ Rz(y[129]) ├──────────────
«       └────────────┘├────────────┤┌────────────┐
«q0_20: ──────■───────┤ Ry(y[108]) ├┤ Rz(y[130]) ├
«           ┌─┴─┐     ├────────────┤├────────────┤
«q0_21: ────┤ X ├─────┤ Ry(y[109]) ├┤ Rz(y[131]) ├
«           └───┘     └────────────┘└────────────┘
«c0: 22/══════════════════════════════════════════
«                                                 
ansatz-state is written to ansatz.txt
building constraints...
number of constraints= 484
unique pauliops 946
graphclique-cliquecover: 946 with commutationmode qubitwise
strategy largest_first 483
strategy random_sequential 486
strategy smallest_last 483
strategy independent_set 505
strategy connected_sequential_bfs 485
strategy connected_sequential_dfs 485
strategy saturation_largest_first 483
number of cliques 483
clique 0 ['IIIIIIIIIIIIIIIIIIIIIX', 'IZXXXXXXXXXXXXXXXXXXXX', 'IIIIIIIIIIIIIIIIIIIIXI', 'IIIIIIIIIIIIIIIIIIIXII', 'IIIIIIIIIIIIIIIIIIXIII', 'IIIIIIIIIIIIIIIIIXIIII', 'IIIIIIIIIIIIIIIIXIIIII', 'IIIIIIIIIIIIIIIXIIIIII', 'IIIIIIIIIIIIIIXIIIIIII', 'IIIIIIIIIIIIIXIIIIIIII', 'IIIIIIIIIIIIXIIIIIIIII', 'IIIIIIIIIIIXIIIIIIIIII', 'IIIIIIIIIIXIIIIIIIIIII', 'IIIIIIIIIXIIIIIIIIIIII', 'IIIIIIIIXIIIIIIIIIIIII', 'IIIIIIIXIIIIIIIIIIIIII', 'IIIIIIXIIIIIIIIIIIIIII', 'IIIIIXIIIIIIIIIIIIIIII', 'IIIIXIIIIIIIIIIIIIIIII', 'IIIXIIIIIIIIIIIIIIIIII', 'IIXIIIIIIIIIIIIIIIIIII', 'ZZIIIIIIIIIIIIIIIIIIII']
clique 1 ['IIIIIIIIIIIIIIIIIIIIIY', 'IZXXXXXXXXXXXXXXXXXXXY']
clique 2 ['ZXXXXXXXXXXXXXXXXXXXXX', 'IXIIIIIIIIIIIIIIIIIIII']
clique 3 ['IYXXXXXXXXXXXXXXXXXXXY', 'ZYIIIIIIIIIIIIIIIIIIII']
clique 4 ['IYXXXXXXXXXXXXXXXXXXXX']
clique 5 ['ZXXXXXXXXXXXXXXXXXXXXY']
clique 6 ['IIIIIIIIIIIIIIIIIIIIIZ', 'IZXXXXXXXXXXXXXXXXXXXZ']
clique 7 ['ZXXXXXXXXXXXXXXXXXXXXZ']
clique 8 ['IYXXXXXXXXXXXXXXXXXXXZ']
clique 9 ['IIZXXXXXXXXXXXXXXXXXXX', 'IZZIIIIIIIIIIIIIIIIIII']
clique 10 ['IIZXXXXXXXXXXXXXXXXXXY', 'ZXZIIIIIIIIIIIIIIIIIII']
clique 11 ['IIYXXXXXXXXXXXXXXXXXXY', 'IZYIIIIIIIIIIIIIIIIIII']
clique 12 ['IIYXXXXXXXXXXXXXXXXXXX', 'IYYIIIIIIIIIIIIIIIIIII']
clique 13 ['IIZXXXXXXXXXXXXXXXXXXZ', 'IYZIIIIIIIIIIIIIIIIIII']
clique 14 ['IIIIIIIIIIIIIIIIIIIIYY', 'IZXXXXXXXXXXXXXXXXXXYI']
clique 15 ['IIYXXXXXXXXXXXXXXXXXXZ', 'ZXYIIIIIIIIIIIIIIIIIII']
clique 16 ['IIIIIIIIIIIIIIIIIIIIYX', 'IYXXXXXXXXXXXXXXXXXXYI']
clique 17 ['IIIIIIIIIIIIIIIIIIIIYZ', 'ZXXXXXXXXXXXXXXXXXXXYI']
clique 18 ['IIIIIIIIIIIIIIIIIIIIZX', 'IZXXXXXXXXXXXXXXXXXXZI']
clique 19 ['IIIIIIIIIIIIIIIIIIIIZY', 'ZXXXXXXXXXXXXXXXXXXXZI']
clique 20 ['IIIIIIIIIIIIIIIIIIIIZZ', 'IYXXXXXXXXXXXXXXXXXXZI']
clique 21 ['IIZXXXXXXXXXXXXXXXXXYI']
clique 22 ['IIYXXXXXXXXXXXXXXXXXYI']
clique 23 ['IIZXXXXXXXXXXXXXXXXXZI']
clique 24 ['IIYXXXXXXXXXXXXXXXXXZI']
clique 25 ['IIIZXXXXXXXXXXXXXXXXXX', 'IZXZIIIIIIIIIIIIIIIIII']
clique 26 ['IIIZXXXXXXXXXXXXXXXXXY', 'ZXXZIIIIIIIIIIIIIIIIII']
clique 27 ['IIIYXXXXXXXXXXXXXXXXXY', 'IZXYIIIIIIIIIIIIIIIIII']
clique 28 ['IIIYXXXXXXXXXXXXXXXXXX', 'IYXYIIIIIIIIIIIIIIIIII']
clique 29 ['IIIZXXXXXXXXXXXXXXXXXZ', 'IYXZIIIIIIIIIIIIIIIIII']
clique 30 ['IIIYXXXXXXXXXXXXXXXXXZ', 'ZXXYIIIIIIIIIIIIIIIIII']
clique 31 ['IIIIIIIIIIIIIIIIIIIYXY', 'IZXXXXXXXXXXXXXXXXXYII']
clique 32 ['IIIIIIIIIIIIIIIIIIIYXX', 'IYXXXXXXXXXXXXXXXXXYII']
clique 33 ['IIIIIIIIIIIIIIIIIIIYXZ', 'ZXXXXXXXXXXXXXXXXXXYII']
clique 34 ['IIIIIIIIIIIIIIIIIIIZXX', 'IZXXXXXXXXXXXXXXXXXZII']
clique 35 ['IIIIIIIIIIIIIIIIIIIZXY', 'ZXXXXXXXXXXXXXXXXXXZII']
clique 36 ['IIIIIIIIIIIIIIIIIIIZXZ', 'IYXXXXXXXXXXXXXXXXXZII']
clique 37 ['IIIZXXXXXXXXXXXXXXXXYI', 'IIZZIIIIIIIIIIIIIIIIII']
clique 38 ['IIIYXXXXXXXXXXXXXXXXYI', 'IIZYIIIIIIIIIIIIIIIIII']
clique 39 ['IIIZXXXXXXXXXXXXXXXXZI', 'IIYZIIIIIIIIIIIIIIIIII']
clique 40 ['IIIIIIIIIIIIIIIIIIIYYI', 'IIZXXXXXXXXXXXXXXXXYII']
clique 41 ['IIIYXXXXXXXXXXXXXXXXZI', 'IIYYIIIIIIIIIIIIIIIIII']
clique 42 ['IIIIIIIIIIIIIIIIIIIYZI', 'IIYXXXXXXXXXXXXXXXXYII']
clique 43 ['IIIIIIIIIIIIIIIIIIIZYI', 'IIZXXXXXXXXXXXXXXXXZII']
clique 44 ['IIIIIIIIIIIIIIIIIIIZZI', 'IIYXXXXXXXXXXXXXXXXZII']
clique 45 ['IIIIZXXXXXXXXXXXXXXXXX', 'IZXXZIIIIIIIIIIIIIIIII']
clique 46 ['IIIIZXXXXXXXXXXXXXXXXY', 'ZXXXZIIIIIIIIIIIIIIIII']
clique 47 ['IIIIYXXXXXXXXXXXXXXXXY', 'IZXXYIIIIIIIIIIIIIIIII']
clique 48 ['IIIIYXXXXXXXXXXXXXXXXX', 'IYXXYIIIIIIIIIIIIIIIII']
clique 49 ['IIIIZXXXXXXXXXXXXXXXXZ', 'IYXXZIIIIIIIIIIIIIIIII']
clique 50 ['IIIIYXXXXXXXXXXXXXXXXZ', 'ZXXXYIIIIIIIIIIIIIIIII']
clique 51 ['IIIZXXXXXXXXXXXXXXXYII']
clique 52 ['IIIYXXXXXXXXXXXXXXXYII']
clique 53 ['IIIZXXXXXXXXXXXXXXXZII']
clique 54 ['IIIYXXXXXXXXXXXXXXXZII']
clique 55 ['IIIIIIIIIIIIIIIIIIYXXY', 'IZXXXXXXXXXXXXXXXXYIII']
clique 56 ['IIIIIIIIIIIIIIIIIIYXXX', 'IYXXXXXXXXXXXXXXXXYIII']
clique 57 ['IIIIIIIIIIIIIIIIIIYXXZ', 'ZXXXXXXXXXXXXXXXXXYIII']
clique 58 ['IIIIIIIIIIIIIIIIIIZXXX', 'IZXXXXXXXXXXXXXXXXZIII']
clique 59 ['IIIIIIIIIIIIIIIIIIZXXY', 'ZXXXXXXXXXXXXXXXXXZIII']
clique 60 ['IIIIIIIIIIIIIIIIIIZXXZ', 'IYXXXXXXXXXXXXXXXXZIII']
clique 61 ['IIIIZXXXXXXXXXXXXXXXYI', 'IIZXZIIIIIIIIIIIIIIIII']
clique 62 ['IIIIYXXXXXXXXXXXXXXXYI', 'IIZXYIIIIIIIIIIIIIIIII']
clique 63 ['IIIIZXXXXXXXXXXXXXXXZI', 'IIYXZIIIIIIIIIIIIIIIII']
clique 64 ['IIIIYXXXXXXXXXXXXXXXZI', 'IIYXYIIIIIIIIIIIIIIIII']
clique 65 ['IIIIIIIIIIIIIIIIIIYXYI', 'IIZXXXXXXXXXXXXXXXYIII']
clique 66 ['IIIIIIIIIIIIIIIIIIYXZI', 'IIYXXXXXXXXXXXXXXXYIII']
clique 67 ['IIIIIIIIIIIIIIIIIIZXYI', 'IIZXXXXXXXXXXXXXXXZIII']
clique 68 ['IIIIIIIIIIIIIIIIIIZXZI', 'IIYXXXXXXXXXXXXXXXZIII']
clique 69 ['IIIIZXXXXXXXXXXXXXXYII', 'IIIZZIIIIIIIIIIIIIIIII']
clique 70 ['IIIIYXXXXXXXXXXXXXXYII', 'IIIZYIIIIIIIIIIIIIIIII']
clique 71 ['IIIIZXXXXXXXXXXXXXXZII', 'IIIYZIIIIIIIIIIIIIIIII']
clique 72 ['IIIIIIIIIIIIIIIIIIYYII', 'IIIZXXXXXXXXXXXXXXYIII']
clique 73 ['IIIIYXXXXXXXXXXXXXXZII', 'IIIYYIIIIIIIIIIIIIIIII']
clique 74 ['IIIIIIIIIIIIIIIIIIYZII', 'IIIYXXXXXXXXXXXXXXYIII']
clique 75 ['IIIIIIIIIIIIIIIIIIZYII', 'IIIZXXXXXXXXXXXXXXZIII']
clique 76 ['IIIIIIIIIIIIIIIIIIZZII', 'IIIYXXXXXXXXXXXXXXZIII']
clique 77 ['IIIIIZXXXXXXXXXXXXXXXX', 'IZXXXZIIIIIIIIIIIIIIII']
clique 78 ['IIIIIZXXXXXXXXXXXXXXXY', 'ZXXXXZIIIIIIIIIIIIIIII']
clique 79 ['IIIIIYXXXXXXXXXXXXXXXY', 'IZXXXYIIIIIIIIIIIIIIII']
clique 80 ['IIIIIYXXXXXXXXXXXXXXXX', 'IYXXXYIIIIIIIIIIIIIIII']
clique 81 ['IIIIIZXXXXXXXXXXXXXXXZ', 'IYXXXZIIIIIIIIIIIIIIII']
clique 82 ['IIIIIYXXXXXXXXXXXXXXXZ', 'ZXXXXYIIIIIIIIIIIIIIII']
clique 83 ['IIIIIIIIIIIIIIIIIYXXXY', 'IZXXXXXXXXXXXXXXXYIIII']
clique 84 ['IIIIIIIIIIIIIIIIIYXXXX', 'IYXXXXXXXXXXXXXXXYIIII']
clique 85 ['IIIIIIIIIIIIIIIIIYXXXZ', 'ZXXXXXXXXXXXXXXXXYIIII']
clique 86 ['IIIIIIIIIIIIIIIIIZXXXX', 'IZXXXXXXXXXXXXXXXZIIII']
clique 87 ['IIIIIIIIIIIIIIIIIZXXXY', 'ZXXXXXXXXXXXXXXXXZIIII']
clique 88 ['IIIIIIIIIIIIIIIIIZXXXZ', 'IYXXXXXXXXXXXXXXXZIIII']
clique 89 ['IIIIIZXXXXXXXXXXXXXXYI', 'IIZXXZIIIIIIIIIIIIIIII']
clique 90 ['IIIIIYXXXXXXXXXXXXXXYI', 'IIZXXYIIIIIIIIIIIIIIII']
clique 91 ['IIIIIZXXXXXXXXXXXXXXZI', 'IIYXXZIIIIIIIIIIIIIIII']
clique 92 ['IIIIIYXXXXXXXXXXXXXXZI', 'IIYXXYIIIIIIIIIIIIIIII']
clique 93 ['IIIIIIIIIIIIIIIIIYXXYI', 'IIZXXXXXXXXXXXXXXYIIII']
clique 94 ['IIIIIIIIIIIIIIIIIYXXZI', 'IIYXXXXXXXXXXXXXXYIIII']
clique 95 ['IIIIIIIIIIIIIIIIIZXXYI', 'IIZXXXXXXXXXXXXXXZIIII']
clique 96 ['IIIIIIIIIIIIIIIIIZXXZI', 'IIYXXXXXXXXXXXXXXZIIII']
clique 97 ['IIIIZXXXXXXXXXXXXXYIII']
clique 98 ['IIIIYXXXXXXXXXXXXXYIII']
clique 99 ['IIIIZXXXXXXXXXXXXXZIII']
clique 100 ['IIIIYXXXXXXXXXXXXXZIII']
clique 101 ['IIIIIZXXXXXXXXXXXXXYII', 'IIIZXZIIIIIIIIIIIIIIII']
clique 102 ['IIIIIYXXXXXXXXXXXXXYII', 'IIIZXYIIIIIIIIIIIIIIII']
clique 103 ['IIIIIZXXXXXXXXXXXXXZII', 'IIIYXZIIIIIIIIIIIIIIII']
clique 104 ['IIIIIYXXXXXXXXXXXXXZII', 'IIIYXYIIIIIIIIIIIIIIII']
clique 105 ['IIIIIIIIIIIIIIIIIYXYII', 'IIIZXXXXXXXXXXXXXYIIII']
clique 106 ['IIIIIIIIIIIIIIIIIYXZII', 'IIIYXXXXXXXXXXXXXYIIII']
clique 107 ['IIIIIIIIIIIIIIIIIZXYII', 'IIIZXXXXXXXXXXXXXZIIII']
clique 108 ['IIIIIIIIIIIIIIIIIZXZII', 'IIIYXXXXXXXXXXXXXZIIII']
clique 109 ['IIIIIIZXXXXXXXXXXXXXXX', 'IZXXXXZIIIIIIIIIIIIIII']
clique 110 ['IIIIIIZXXXXXXXXXXXXXXY', 'ZXXXXXZIIIIIIIIIIIIIII']
clique 111 ['IIIIIIYXXXXXXXXXXXXXXY', 'IZXXXXYIIIIIIIIIIIIIII']
clique 112 ['IIIIIIYXXXXXXXXXXXXXXX', 'IYXXXXYIIIIIIIIIIIIIII']
clique 113 ['IIIIIIZXXXXXXXXXXXXXXZ', 'IYXXXXZIIIIIIIIIIIIIII']
clique 114 ['IIIIIIYXXXXXXXXXXXXXXZ', 'ZXXXXXYIIIIIIIIIIIIIII']
clique 115 ['IIIIIIIIIIIIIIIIYXXXXY', 'IZXXXXXXXXXXXXXXYIIIII']
clique 116 ['IIIIIIIIIIIIIIIIYXXXXX', 'IYXXXXXXXXXXXXXXYIIIII']
clique 117 ['IIIIIIIIIIIIIIIIYXXXXZ', 'ZXXXXXXXXXXXXXXXYIIIII']
clique 118 ['IIIIIIIIIIIIIIIIZXXXXX', 'IZXXXXXXXXXXXXXXZIIIII']
clique 119 ['IIIIIIIIIIIIIIIIZXXXXY', 'ZXXXXXXXXXXXXXXXZIIIII']
clique 120 ['IIIIIIIIIIIIIIIIZXXXXZ', 'IYXXXXXXXXXXXXXXZIIIII']
clique 121 ['IIIIIIZXXXXXXXXXXXXXYI', 'IIZXXXZIIIIIIIIIIIIIII']
clique 122 ['IIIIIIYXXXXXXXXXXXXXYI', 'IIZXXXYIIIIIIIIIIIIIII']
clique 123 ['IIIIIIZXXXXXXXXXXXXXZI', 'IIYXXXZIIIIIIIIIIIIIII']
clique 124 ['IIIIIIYXXXXXXXXXXXXXZI', 'IIYXXXYIIIIIIIIIIIIIII']
clique 125 ['IIIIIZXXXXXXXXXXXXYIII', 'IIIIZZIIIIIIIIIIIIIIII']
clique 126 ['IIIIIYXXXXXXXXXXXXYIII', 'IIIIZYIIIIIIIIIIIIIIII']
clique 127 ['IIIIIZXXXXXXXXXXXXZIII', 'IIIIYZIIIIIIIIIIIIIIII']
clique 128 ['IIIIIIIIIIIIIIIIIYYIII', 'IIIIZXXXXXXXXXXXXYIIII']
clique 129 ['IIIIIYXXXXXXXXXXXXZIII', 'IIIIYYIIIIIIIIIIIIIIII']
clique 130 ['IIIIIIIIIIIIIIIIIYZIII', 'IIIIYXXXXXXXXXXXXYIIII']
clique 131 ['IIIIIIIIIIIIIIIIIZYIII', 'IIIIZXXXXXXXXXXXXZIIII']
clique 132 ['IIIIIIIIIIIIIIIIIZZIII', 'IIIIYXXXXXXXXXXXXZIIII']
clique 133 ['IIIIIIIIIIIIIIIIYXXXYI', 'IIZXXXXXXXXXXXXXYIIIII']
clique 134 ['IIIIIIIIIIIIIIIIYXXXZI', 'IIYXXXXXXXXXXXXXYIIIII']
clique 135 ['IIIIIIIIIIIIIIIIZXXXYI', 'IIZXXXXXXXXXXXXXZIIIII']
clique 136 ['IIIIIIIIIIIIIIIIZXXXZI', 'IIYXXXXXXXXXXXXXZIIIII']
clique 137 ['IIIIIIZXXXXXXXXXXXXYII', 'IIIZXXZIIIIIIIIIIIIIII']
clique 138 ['IIIIIIYXXXXXXXXXXXXYII', 'IIIZXXYIIIIIIIIIIIIIII']
clique 139 ['IIIIIIZXXXXXXXXXXXXZII', 'IIIYXXZIIIIIIIIIIIIIII']
clique 140 ['IIIIIIYXXXXXXXXXXXXZII', 'IIIYXXYIIIIIIIIIIIIIII']
clique 141 ['IIIIIIIIIIIIIIIIYXXYII', 'IIIZXXXXXXXXXXXXYIIIII']
clique 142 ['IIIIIIIIIIIIIIIIYXXZII', 'IIIYXXXXXXXXXXXXYIIIII']
clique 143 ['IIIIIIIIIIIIIIIIZXXYII', 'IIIZXXXXXXXXXXXXZIIIII']
clique 144 ['IIIIIIIIIIIIIIIIZXXZII', 'IIIYXXXXXXXXXXXXZIIIII']
clique 145 ['IIIIIZXXXXXXXXXXXYIIII']
clique 146 ['IIIIIYXXXXXXXXXXXYIIII']
clique 147 ['IIIIIZXXXXXXXXXXXZIIII']
clique 148 ['IIIIIYXXXXXXXXXXXZIIII']
clique 149 ['IIIIIIIZXXXXXXXXXXXXXX', 'IZXXXXXZIIIIIIIIIIIIII']
clique 150 ['IIIIIIIZXXXXXXXXXXXXXY', 'ZXXXXXXZIIIIIIIIIIIIII']
clique 151 ['IIIIIIIYXXXXXXXXXXXXXY', 'IZXXXXXYIIIIIIIIIIIIII']
clique 152 ['IIIIIIIYXXXXXXXXXXXXXX', 'IYXXXXXYIIIIIIIIIIIIII']
clique 153 ['IIIIIIIZXXXXXXXXXXXXXZ', 'IYXXXXXZIIIIIIIIIIIIII']
clique 154 ['IIIIIIIYXXXXXXXXXXXXXZ', 'ZXXXXXXYIIIIIIIIIIIIII']
clique 155 ['IIIIIIZXXXXXXXXXXXYIII', 'IIIIZXZIIIIIIIIIIIIIII']
clique 156 ['IIIIIIYXXXXXXXXXXXYIII', 'IIIIZXYIIIIIIIIIIIIIII']
clique 157 ['IIIIIIZXXXXXXXXXXXZIII', 'IIIIYXZIIIIIIIIIIIIIII']
clique 158 ['IIIIIIYXXXXXXXXXXXZIII', 'IIIIYXYIIIIIIIIIIIIIII']
clique 159 ['IIIIIIIIIIIIIIIIYXYIII', 'IIIIZXXXXXXXXXXXYIIIII']
clique 160 ['IIIIIIIIIIIIIIIIYXZIII', 'IIIIYXXXXXXXXXXXYIIIII']
clique 161 ['IIIIIIIIIIIIIIIIZXYIII', 'IIIIZXXXXXXXXXXXZIIIII']
clique 162 ['IIIIIIIIIIIIIIIIZXZIII', 'IIIIYXXXXXXXXXXXZIIIII']
clique 163 ['IIIIIIIIIIIIIIIYXXXXXY', 'IZXXXXXXXXXXXXXYIIIIII']
clique 164 ['IIIIIIIIIIIIIIIYXXXXXX', 'IYXXXXXXXXXXXXXYIIIIII']
clique 165 ['IIIIIIIIIIIIIIIYXXXXXZ', 'ZXXXXXXXXXXXXXXYIIIIII']
clique 166 ['IIIIIIIIIIIIIIIZXXXXXX', 'IZXXXXXXXXXXXXXZIIIIII']
clique 167 ['IIIIIIIIIIIIIIIZXXXXXY', 'ZXXXXXXXXXXXXXXZIIIIII']
clique 168 ['IIIIIIIIIIIIIIIZXXXXXZ', 'IYXXXXXXXXXXXXXZIIIIII']
clique 169 ['IIIIIIIZXXXXXXXXXXXXYI', 'IIZXXXXZIIIIIIIIIIIIII']
clique 170 ['IIIIIIIYXXXXXXXXXXXXYI', 'IIZXXXXYIIIIIIIIIIIIII']
clique 171 ['IIIIIIIZXXXXXXXXXXXXZI', 'IIYXXXXZIIIIIIIIIIIIII']
clique 172 ['IIIIIIIYXXXXXXXXXXXXZI', 'IIYXXXXYIIIIIIIIIIIIII']
clique 173 ['IIIIIIIIIIIIIIIYXXXXYI', 'IIZXXXXXXXXXXXXYIIIIII']
clique 174 ['IIIIIIIIIIIIIIIYXXXXZI', 'IIYXXXXXXXXXXXXYIIIIII']
clique 175 ['IIIIIIIIIIIIIIIZXXXXYI', 'IIZXXXXXXXXXXXXZIIIIII']
clique 176 ['IIIIIIIIIIIIIIIZXXXXZI', 'IIYXXXXXXXXXXXXZIIIIII']
clique 177 ['IIIIIIIZXXXXXXXXXXXYII', 'IIIZXXXZIIIIIIIIIIIIII']
clique 178 ['IIIIIIIYXXXXXXXXXXXYII', 'IIIZXXXYIIIIIIIIIIIIII']
clique 179 ['IIIIIIIZXXXXXXXXXXXZII', 'IIIYXXXZIIIIIIIIIIIIII']
clique 180 ['IIIIIIIYXXXXXXXXXXXZII', 'IIIYXXXYIIIIIIIIIIIIII']
clique 181 ['IIIIIIIIIIIIIIIYXXXYII', 'IIIZXXXXXXXXXXXYIIIIII']
clique 182 ['IIIIIIIIIIIIIIIYXXXZII', 'IIIYXXXXXXXXXXXYIIIIII']
clique 183 ['IIIIIIIIIIIIIIIZXXXYII', 'IIIZXXXXXXXXXXXZIIIIII']
clique 184 ['IIIIIIIIIIIIIIIZXXXZII', 'IIIYXXXXXXXXXXXZIIIIII']
clique 185 ['IIIIIIZXXXXXXXXXXYIIII', 'IIIIIZZIIIIIIIIIIIIIII']
clique 186 ['IIIIIIYXXXXXXXXXXYIIII', 'IIIIIZYIIIIIIIIIIIIIII']
clique 187 ['IIIIIIZXXXXXXXXXXZIIII', 'IIIIIYZIIIIIIIIIIIIIII']
clique 188 ['IIIIIIIIIIIIIIIIYYIIII', 'IIIIIZXXXXXXXXXXYIIIII']
clique 189 ['IIIIIIYXXXXXXXXXXZIIII', 'IIIIIYYIIIIIIIIIIIIIII']
clique 190 ['IIIIIIIIIIIIIIIIYZIIII', 'IIIIIYXXXXXXXXXXYIIIII']
clique 191 ['IIIIIIIIIIIIIIIIZYIIII', 'IIIIIZXXXXXXXXXXZIIIII']
clique 192 ['IIIIIIIIIIIIIIIIZZIIII', 'IIIIIYXXXXXXXXXXZIIIII']
clique 193 ['IIIIIIIZXXXXXXXXXXYIII', 'IIIIZXXZIIIIIIIIIIIIII']
clique 194 ['IIIIIIIYXXXXXXXXXXYIII', 'IIIIZXXYIIIIIIIIIIIIII']
clique 195 ['IIIIIIIZXXXXXXXXXXZIII', 'IIIIYXXZIIIIIIIIIIIIII']
clique 196 ['IIIIIIIYXXXXXXXXXXZIII', 'IIIIYXXYIIIIIIIIIIIIII']
clique 197 ['IIIIIIIIIIIIIIIYXXYIII', 'IIIIZXXXXXXXXXXYIIIIII']
clique 198 ['IIIIIIIIIIIIIIIYXXZIII', 'IIIIYXXXXXXXXXXYIIIIII']
clique 199 ['IIIIIIIIIIIIIIIZXXYIII', 'IIIIZXXXXXXXXXXZIIIIII']
clique 200 ['IIIIIIIIIIIIIIIZXXZIII', 'IIIIYXXXXXXXXXXZIIIIII']
clique 201 ['IIIIIIIIZXXXXXXXXXXXXX', 'IZXXXXXXZIIIIIIIIIIIII']
clique 202 ['IIIIIIIIZXXXXXXXXXXXXY', 'ZXXXXXXXZIIIIIIIIIIIII']
clique 203 ['IIIIIIIIYXXXXXXXXXXXXY', 'IZXXXXXXYIIIIIIIIIIIII']
clique 204 ['IIIIIIIIYXXXXXXXXXXXXX', 'IYXXXXXXYIIIIIIIIIIIII']
clique 205 ['IIIIIIIIZXXXXXXXXXXXXZ', 'IYXXXXXXZIIIIIIIIIIIII']
clique 206 ['IIIIIIIIYXXXXXXXXXXXXZ', 'ZXXXXXXXYIIIIIIIIIIIII']
clique 207 ['IIIIIIIIIIIIIIYXXXXXXY', 'IZXXXXXXXXXXXXYIIIIIII']
clique 208 ['IIIIIIIIIIIIIIYXXXXXXX', 'IYXXXXXXXXXXXXYIIIIIII']
clique 209 ['IIIIIIIIIIIIIIYXXXXXXZ', 'ZXXXXXXXXXXXXXYIIIIIII']
clique 210 ['IIIIIIIIIIIIIIZXXXXXXX', 'IZXXXXXXXXXXXXZIIIIIII']
clique 211 ['IIIIIIIIIIIIIIZXXXXXXY', 'ZXXXXXXXXXXXXXZIIIIIII']
clique 212 ['IIIIIIIIIIIIIIZXXXXXXZ', 'IYXXXXXXXXXXXXZIIIIIII']
clique 213 ['IIIIIIIIZXXXXXXXXXXXYI', 'IIZXXXXXZIIIIIIIIIIIII']
clique 214 ['IIIIIIIIYXXXXXXXXXXXYI', 'IIZXXXXXYIIIIIIIIIIIII']
clique 215 ['IIIIIIIIZXXXXXXXXXXXZI', 'IIYXXXXXZIIIIIIIIIIIII']
clique 216 ['IIIIIIIIYXXXXXXXXXXXZI', 'IIYXXXXXYIIIIIIIIIIIII']
clique 217 ['IIIIIIIIIIIIIIYXXXXXYI', 'IIZXXXXXXXXXXXYIIIIIII']
clique 218 ['IIIIIIIIIIIIIIYXXXXXZI', 'IIYXXXXXXXXXXXYIIIIIII']
clique 219 ['IIIIIIIIIIIIIIZXXXXXYI', 'IIZXXXXXXXXXXXZIIIIIII']
clique 220 ['IIIIIIIIIIIIIIZXXXXXZI', 'IIYXXXXXXXXXXXZIIIIIII']
clique 221 ['IIIIIIZXXXXXXXXXYIIIII']
clique 222 ['IIIIIIYXXXXXXXXXYIIIII']
clique 223 ['IIIIIIZXXXXXXXXXZIIIII']
clique 224 ['IIIIIIYXXXXXXXXXZIIIII']
clique 225 ['IIIIIIIIZXXXXXXXXXXYII', 'IIIZXXXXZIIIIIIIIIIIII']
clique 226 ['IIIIIIIIYXXXXXXXXXXYII', 'IIIZXXXXYIIIIIIIIIIIII']
clique 227 ['IIIIIIIIZXXXXXXXXXXZII', 'IIIYXXXXZIIIIIIIIIIIII']
clique 228 ['IIIIIIIIYXXXXXXXXXXZII', 'IIIYXXXXYIIIIIIIIIIIII']
clique 229 ['IIIIIIIZXXXXXXXXXYIIII', 'IIIIIZXZIIIIIIIIIIIIII']
clique 230 ['IIIIIIIYXXXXXXXXXYIIII', 'IIIIIZXYIIIIIIIIIIIIII']
clique 231 ['IIIIIIIZXXXXXXXXXZIIII', 'IIIIIYXZIIIIIIIIIIIIII']
clique 232 ['IIIIIIIYXXXXXXXXXZIIII', 'IIIIIYXYIIIIIIIIIIIIII']
clique 233 ['IIIIIIIIIIIIIIIYXYIIII', 'IIIIIZXXXXXXXXXYIIIIII']
clique 234 ['IIIIIIIIIIIIIIIYXZIIII', 'IIIIIYXXXXXXXXXYIIIIII']
clique 235 ['IIIIIIIIIIIIIIIZXYIIII', 'IIIIIZXXXXXXXXXZIIIIII']
clique 236 ['IIIIIIIIIIIIIIIZXZIIII', 'IIIIIYXXXXXXXXXZIIIIII']
clique 237 ['IIIIIIIIIIIIIIYXXXXYII', 'IIIZXXXXXXXXXXYIIIIIII']
clique 238 ['IIIIIIIIIIIIIIYXXXXZII', 'IIIYXXXXXXXXXXYIIIIIII']
clique 239 ['IIIIIIIIIIIIIIZXXXXYII', 'IIIZXXXXXXXXXXZIIIIIII']
clique 240 ['IIIIIIIIIIIIIIZXXXXZII', 'IIIYXXXXXXXXXXZIIIIIII']
clique 241 ['IIIIIIIIZXXXXXXXXXYIII', 'IIIIZXXXZIIIIIIIIIIIII']
clique 242 ['IIIIIIIIYXXXXXXXXXYIII', 'IIIIZXXXYIIIIIIIIIIIII']
clique 243 ['IIIIIIIIZXXXXXXXXXZIII', 'IIIIYXXXZIIIIIIIIIIIII']
clique 244 ['IIIIIIIIYXXXXXXXXXZIII', 'IIIIYXXXYIIIIIIIIIIIII']
clique 245 ['IIIIIIIIIIIIIIYXXXYIII', 'IIIIZXXXXXXXXXYIIIIIII']
clique 246 ['IIIIIIIIIIIIIIYXXXZIII', 'IIIIYXXXXXXXXXYIIIIIII']
clique 247 ['IIIIIIIIIIIIIIZXXXYIII', 'IIIIZXXXXXXXXXZIIIIIII']
clique 248 ['IIIIIIIIIIIIIIZXXXZIII', 'IIIIYXXXXXXXXXZIIIIIII']
clique 249 ['IIIIIIIIIZXXXXXXXXXXXX', 'IZXXXXXXXZIIIIIIIIIIII']
clique 250 ['IIIIIIIIIZXXXXXXXXXXXY', 'ZXXXXXXXXZIIIIIIIIIIII']
clique 251 ['IIIIIIIIIYXXXXXXXXXXXY', 'IZXXXXXXXYIIIIIIIIIIII']
clique 252 ['IIIIIIIIIYXXXXXXXXXXXX', 'IYXXXXXXXYIIIIIIIIIIII']
clique 253 ['IIIIIIIIIZXXXXXXXXXXXZ', 'IYXXXXXXXZIIIIIIIIIIII']
clique 254 ['IIIIIIIIIYXXXXXXXXXXXZ', 'ZXXXXXXXXYIIIIIIIIIIII']
clique 255 ['IIIIIIIZXXXXXXXXYIIIII', 'IIIIIIZZIIIIIIIIIIIIII']
clique 256 ['IIIIIIIYXXXXXXXXYIIIII', 'IIIIIIZYIIIIIIIIIIIIII']
clique 257 ['IIIIIIIZXXXXXXXXZIIIII', 'IIIIIIYZIIIIIIIIIIIIII']
clique 258 ['IIIIIIIIIIIIIIIYYIIIII', 'IIIIIIZXXXXXXXXYIIIIII']
clique 259 ['IIIIIIIYXXXXXXXXZIIIII', 'IIIIIIYYIIIIIIIIIIIIII']
clique 260 ['IIIIIIIIIIIIIIIYZIIIII', 'IIIIIIYXXXXXXXXYIIIIII']
clique 261 ['IIIIIIIIIIIIIIIZYIIIII', 'IIIIIIZXXXXXXXXZIIIIII']
clique 262 ['IIIIIIIIIIIIIIIZZIIIII', 'IIIIIIYXXXXXXXXZIIIIII']
clique 263 ['IIIIIIIIIIIIIYXXXXXXXY', 'IZXXXXXXXXXXXYIIIIIIII']
clique 264 ['IIIIIIIIIIIIIYXXXXXXXX', 'IYXXXXXXXXXXXYIIIIIIII']
clique 265 ['IIIIIIIIIIIIIYXXXXXXXZ', 'ZXXXXXXXXXXXXYIIIIIIII']
clique 266 ['IIIIIIIIIIIIIZXXXXXXXX', 'IZXXXXXXXXXXXZIIIIIIII']
clique 267 ['IIIIIIIIIIIIIZXXXXXXXY', 'ZXXXXXXXXXXXXZIIIIIIII']
clique 268 ['IIIIIIIIIIIIIZXXXXXXXZ', 'IYXXXXXXXXXXXZIIIIIIII']
clique 269 ['IIIIIIIIIZXXXXXXXXXXYI', 'IIZXXXXXXZIIIIIIIIIIII']
clique 270 ['IIIIIIIIIYXXXXXXXXXXYI', 'IIZXXXXXXYIIIIIIIIIIII']
clique 271 ['IIIIIIIIIZXXXXXXXXXXZI', 'IIYXXXXXXZIIIIIIIIIIII']
clique 272 ['IIIIIIIIIYXXXXXXXXXXZI', 'IIYXXXXXXYIIIIIIIIIIII']
clique 273 ['IIIIIIIIIIIIIYXXXXXXYI', 'IIZXXXXXXXXXXYIIIIIIII']
clique 274 ['IIIIIIIIIIIIIYXXXXXXZI', 'IIYXXXXXXXXXXYIIIIIIII']
clique 275 ['IIIIIIIIIIIIIZXXXXXXYI', 'IIZXXXXXXXXXXZIIIIIIII']
clique 276 ['IIIIIIIIIIIIIZXXXXXXZI', 'IIYXXXXXXXXXXZIIIIIIII']
clique 277 ['IIIIIIIIZXXXXXXXXYIIII', 'IIIIIZXXZIIIIIIIIIIIII']
clique 278 ['IIIIIIIIYXXXXXXXXYIIII', 'IIIIIZXXYIIIIIIIIIIIII']
clique 279 ['IIIIIIIIZXXXXXXXXZIIII', 'IIIIIYXXZIIIIIIIIIIIII']
clique 280 ['IIIIIIIIYXXXXXXXXZIIII', 'IIIIIYXXYIIIIIIIIIIIII']
clique 281 ['IIIIIIIIIIIIIIYXXYIIII', 'IIIIIZXXXXXXXXYIIIIIII']
clique 282 ['IIIIIIIIIIIIIIYXXZIIII', 'IIIIIYXXXXXXXXYIIIIIII']
clique 283 ['IIIIIIIIIIIIIIZXXYIIII', 'IIIIIZXXXXXXXXZIIIIIII']
clique 284 ['IIIIIIIIIIIIIIZXXZIIII', 'IIIIIYXXXXXXXXZIIIIIII']
clique 285 ['IIIIIIIIIZXXXXXXXXXYII', 'IIIZXXXXXZIIIIIIIIIIII']
clique 286 ['IIIIIIIIIYXXXXXXXXXYII', 'IIIZXXXXXYIIIIIIIIIIII']
clique 287 ['IIIIIIIIIZXXXXXXXXXZII', 'IIIYXXXXXZIIIIIIIIIIII']
clique 288 ['IIIIIIIIIYXXXXXXXXXZII', 'IIIYXXXXXYIIIIIIIIIIII']
clique 289 ['IIIIIIIIIIIIIYXXXXXYII', 'IIIZXXXXXXXXXYIIIIIIII']
clique 290 ['IIIIIIIIIIIIIYXXXXXZII', 'IIIYXXXXXXXXXYIIIIIIII']
clique 291 ['IIIIIIIIIIIIIZXXXXXYII', 'IIIZXXXXXXXXXZIIIIIIII']
clique 292 ['IIIIIIIIIIIIIZXXXXXZII', 'IIIYXXXXXXXXXZIIIIIIII']
clique 293 ['IIIIIIIIIZXXXXXXXXYIII', 'IIIIZXXXXZIIIIIIIIIIII']
clique 294 ['IIIIIIIIIYXXXXXXXXYIII', 'IIIIZXXXXYIIIIIIIIIIII']
clique 295 ['IIIIIIIIIZXXXXXXXXZIII', 'IIIIYXXXXZIIIIIIIIIIII']
clique 296 ['IIIIIIIIIYXXXXXXXXZIII', 'IIIIYXXXXYIIIIIIIIIIII']
clique 297 ['IIIIIIIZXXXXXXXYIIIIII']
clique 298 ['IIIIIIIYXXXXXXXYIIIIII']
clique 299 ['IIIIIIIZXXXXXXXZIIIIII']
clique 300 ['IIIIIIIYXXXXXXXZIIIIII']
clique 301 ['IIIIIIIIIIIIIYXXXXYIII', 'IIIIZXXXXXXXXYIIIIIIII']
clique 302 ['IIIIIIIIIIIIIYXXXXZIII', 'IIIIYXXXXXXXXYIIIIIIII']
clique 303 ['IIIIIIIIIIIIIZXXXXYIII', 'IIIIZXXXXXXXXZIIIIIIII']
clique 304 ['IIIIIIIIIIIIIZXXXXZIII', 'IIIIYXXXXXXXXZIIIIIIII']
clique 305 ['IIIIIIIIZXXXXXXXYIIIII', 'IIIIIIZXZIIIIIIIIIIIII']
clique 306 ['IIIIIIIIYXXXXXXXYIIIII', 'IIIIIIZXYIIIIIIIIIIIII']
clique 307 ['IIIIIIIIZXXXXXXXZIIIII', 'IIIIIIYXZIIIIIIIIIIIII']
clique 308 ['IIIIIIIIYXXXXXXXZIIIII', 'IIIIIIYXYIIIIIIIIIIIII']
clique 309 ['IIIIIIIIIIIIIIYXYIIIII', 'IIIIIIZXXXXXXXYIIIIIII']
clique 310 ['IIIIIIIIIIIIIIYXZIIIII', 'IIIIIIYXXXXXXXYIIIIIII']
clique 311 ['IIIIIIIIIIIIIIZXYIIIII', 'IIIIIIZXXXXXXXZIIIIIII']
clique 312 ['IIIIIIIIIIIIIIZXZIIIII', 'IIIIIIYXXXXXXXZIIIIIII']
clique 313 ['IIIIIIIIIIZXXXXXXXXXXX', 'IZXXXXXXXXZIIIIIIIIIII']
clique 314 ['IIIIIIIIIIZXXXXXXXXXXY', 'ZXXXXXXXXXZIIIIIIIIIII']
clique 315 ['IIIIIIIIIIYXXXXXXXXXXY', 'IZXXXXXXXXYIIIIIIIIIII']
clique 316 ['IIIIIIIIIIYXXXXXXXXXXX', 'IYXXXXXXXXYIIIIIIIIIII']
clique 317 ['IIIIIIIIIIZXXXXXXXXXXZ', 'IYXXXXXXXXZIIIIIIIIIII']
clique 318 ['IIIIIIIIIIYXXXXXXXXXXZ', 'ZXXXXXXXXXYIIIIIIIIIII']
clique 319 ['IIIIIIIIIIIIYXXXXXXXXY', 'IZXXXXXXXXXXYIIIIIIIII']
clique 320 ['IIIIIIIIIIIIYXXXXXXXXX', 'IYXXXXXXXXXXYIIIIIIIII']
clique 321 ['IIIIIIIIIIIIYXXXXXXXXZ', 'ZXXXXXXXXXXXYIIIIIIIII']
clique 322 ['IIIIIIIIIIIIZXXXXXXXXX', 'IZXXXXXXXXXXZIIIIIIIII']
clique 323 ['IIIIIIIIIIIIZXXXXXXXXY', 'ZXXXXXXXXXXXZIIIIIIIII']
clique 324 ['IIIIIIIIIIIIZXXXXXXXXZ', 'IYXXXXXXXXXXZIIIIIIIII']
clique 325 ['IIIIIIIIIIZXXXXXXXXXYI', 'IIZXXXXXXXZIIIIIIIIIII']
clique 326 ['IIIIIIIIIIYXXXXXXXXXYI', 'IIZXXXXXXXYIIIIIIIIIII']
clique 327 ['IIIIIIIIIIZXXXXXXXXXZI', 'IIYXXXXXXXZIIIIIIIIIII']
clique 328 ['IIIIIIIIIIYXXXXXXXXXZI', 'IIYXXXXXXXYIIIIIIIIIII']
clique 329 ['IIIIIIIIIZXXXXXXXYIIII', 'IIIIIZXXXZIIIIIIIIIIII']
clique 330 ['IIIIIIIIIYXXXXXXXYIIII', 'IIIIIZXXXYIIIIIIIIIIII']
clique 331 ['IIIIIIIIIZXXXXXXXZIIII', 'IIIIIYXXXZIIIIIIIIIIII']
clique 332 ['IIIIIIIIIYXXXXXXXZIIII', 'IIIIIYXXXYIIIIIIIIIIII']
clique 333 ['IIIIIIIIIIIIIYXXXYIIII', 'IIIIIZXXXXXXXYIIIIIIII']
clique 334 ['IIIIIIIIIIIIIYXXXZIIII', 'IIIIIYXXXXXXXYIIIIIIII']
clique 335 ['IIIIIIIIIIIIIZXXXYIIII', 'IIIIIZXXXXXXXZIIIIIIII']
clique 336 ['IIIIIIIIIIIIIZXXXZIIII', 'IIIIIYXXXXXXXZIIIIIIII']
clique 337 ['IIIIIIIIIIIIYXXXXXXXYI', 'IIZXXXXXXXXXYIIIIIIIII']
clique 338 ['IIIIIIIIIIIIYXXXXXXXZI', 'IIYXXXXXXXXXYIIIIIIIII']
clique 339 ['IIIIIIIIIIIIZXXXXXXXYI', 'IIZXXXXXXXXXZIIIIIIIII']
clique 340 ['IIIIIIIIIIIIZXXXXXXXZI', 'IIYXXXXXXXXXZIIIIIIIII']
clique 341 ['IIIIIIIIIIZXXXXXXXXYII', 'IIIZXXXXXXZIIIIIIIIIII']
clique 342 ['IIIIIIIIIIYXXXXXXXXYII', 'IIIZXXXXXXYIIIIIIIIIII']
clique 343 ['IIIIIIIIIIZXXXXXXXXZII', 'IIIYXXXXXXZIIIIIIIIIII']
clique 344 ['IIIIIIIIIIYXXXXXXXXZII', 'IIIYXXXXXXYIIIIIIIIIII']
clique 345 ['IIIIIIIIIIIIYXXXXXXYII', 'IIIZXXXXXXXXYIIIIIIIII']
clique 346 ['IIIIIIIIIIIIYXXXXXXZII', 'IIIYXXXXXXXXYIIIIIIIII']
clique 347 ['IIIIIIIIIIIIZXXXXXXYII', 'IIIZXXXXXXXXZIIIIIIIII']
clique 348 ['IIIIIIIIIIIIZXXXXXXZII', 'IIIYXXXXXXXXZIIIIIIIII']
clique 349 ['IIIIIIIIZXXXXXXYIIIIII', 'IIIIIIIZZIIIIIIIIIIIII']
clique 350 ['IIIIIIIIYXXXXXXYIIIIII', 'IIIIIIIZYIIIIIIIIIIIII']
clique 351 ['IIIIIIIIZXXXXXXZIIIIII', 'IIIIIIIYZIIIIIIIIIIIII']
clique 352 ['IIIIIIIIIIIIIIYYIIIIII', 'IIIIIIIZXXXXXXYIIIIIII']
clique 353 ['IIIIIIIIYXXXXXXZIIIIII', 'IIIIIIIYYIIIIIIIIIIIII']
clique 354 ['IIIIIIIIIIIIIIYZIIIIII', 'IIIIIIIYXXXXXXYIIIIIII']
clique 355 ['IIIIIIIIIIIIIIZYIIIIII', 'IIIIIIIZXXXXXXZIIIIIII']
clique 356 ['IIIIIIIIIIIIIIZZIIIIII', 'IIIIIIIYXXXXXXZIIIIIII']
clique 357 ['IIIIIIIIIIZXXXXXXXYIII', 'IIIIZXXXXXZIIIIIIIIIII']
clique 358 ['IIIIIIIIIIYXXXXXXXYIII', 'IIIIZXXXXXYIIIIIIIIIII']
clique 359 ['IIIIIIIIIIZXXXXXXXZIII', 'IIIIYXXXXXZIIIIIIIIIII']
clique 360 ['IIIIIIIIIIYXXXXXXXZIII', 'IIIIYXXXXXYIIIIIIIIIII']
clique 361 ['IIIIIIIIIZXXXXXXYIIIII', 'IIIIIIZXXZIIIIIIIIIIII']
clique 362 ['IIIIIIIIIYXXXXXXYIIIII', 'IIIIIIZXXYIIIIIIIIIIII']
clique 363 ['IIIIIIIIIZXXXXXXZIIIII', 'IIIIIIYXXZIIIIIIIIIIII']
clique 364 ['IIIIIIIIIYXXXXXXZIIIII', 'IIIIIIYXXYIIIIIIIIIIII']
clique 365 ['IIIIIIIIIIIIIYXXYIIIII', 'IIIIIIZXXXXXXYIIIIIIII']
clique 366 ['IIIIIIIIIIIIIYXXZIIIII', 'IIIIIIYXXXXXXYIIIIIIII']
clique 367 ['IIIIIIIIIIIIIZXXYIIIII', 'IIIIIIZXXXXXXZIIIIIIII']
clique 368 ['IIIIIIIIIIIIIZXXZIIIII', 'IIIIIIYXXXXXXZIIIIIIII']
clique 369 ['IIIIIIIIIIIIYXXXXXYIII', 'IIIIZXXXXXXXYIIIIIIIII']
clique 370 ['IIIIIIIIIIIIYXXXXXZIII', 'IIIIYXXXXXXXYIIIIIIIII']
clique 371 ['IIIIIIIIIIIIZXXXXXYIII', 'IIIIZXXXXXXXZIIIIIIIII']
clique 372 ['IIIIIIIIIIIIZXXXXXZIII', 'IIIIYXXXXXXXZIIIIIIIII']
clique 373 ['IIIIIIIIIIIZXXXXXXXXXX', 'IZXXXXXXXXXZIIIIIIIIII']
clique 374 ['IIIIIIIIIIIZXXXXXXXXXY', 'ZXXXXXXXXXXZIIIIIIIIII']
clique 375 ['IIIIIIIIIIIYXXXXXXXXXY', 'IZXXXXXXXXXYIIIIIIIIII']
clique 376 ['IIIIIIIIIIIYXXXXXXXXXX', 'IYXXXXXXXXXYIIIIIIIIII']
clique 377 ['IIIIIIIIIIIZXXXXXXXXXZ', 'IYXXXXXXXXXZIIIIIIIIII']
clique 378 ['IIIIIIIIIIIYXXXXXXXXXZ', 'ZXXXXXXXXXXYIIIIIIIIII']
clique 379 ['IIIIIIIIIIZXXXXXXYIIII', 'IIIIIZXXXXZIIIIIIIIIII']
clique 380 ['IIIIIIIIIIYXXXXXXYIIII', 'IIIIIZXXXXYIIIIIIIIIII']
clique 381 ['IIIIIIIIIIZXXXXXXZIIII', 'IIIIIYXXXXZIIIIIIIIIII']
clique 382 ['IIIIIIIIIIYXXXXXXZIIII', 'IIIIIYXXXXYIIIIIIIIIII']
clique 383 ['IIIIIIIIIIIIYXXXXYIIII', 'IIIIIZXXXXXXYIIIIIIIII']
clique 384 ['IIIIIIIIIIIIYXXXXZIIII', 'IIIIIYXXXXXXYIIIIIIIII']
clique 385 ['IIIIIIIIIIIIZXXXXYIIII', 'IIIIIZXXXXXXZIIIIIIIII']
clique 386 ['IIIIIIIIIIIIZXXXXZIIII', 'IIIIIYXXXXXXZIIIIIIIII']
clique 387 ['IIIIIIIIIIIZXXXXXXXXYI', 'IIZXXXXXXXXZIIIIIIIIII']
clique 388 ['IIIIIIIIIIIYXXXXXXXXYI', 'IIZXXXXXXXXYIIIIIIIIII']
clique 389 ['IIIIIIIIIIIZXXXXXXXXZI', 'IIYXXXXXXXXZIIIIIIIIII']
clique 390 ['IIIIIIIIIIIYXXXXXXXXZI', 'IIYXXXXXXXXYIIIIIIIIII']
clique 391 ['IIIIIIIIZXXXXXYIIIIIII']
clique 392 ['IIIIIIIIYXXXXXYIIIIIII']
clique 393 ['IIIIIIIIZXXXXXZIIIIIII']
clique 394 ['IIIIIIIIYXXXXXZIIIIIII']
clique 395 ['IIIIIIIIIZXXXXXYIIIIII', 'IIIIIIIZXZIIIIIIIIIIII']
clique 396 ['IIIIIIIIIYXXXXXYIIIIII', 'IIIIIIIZXYIIIIIIIIIIII']
clique 397 ['IIIIIIIIIZXXXXXZIIIIII', 'IIIIIIIYXZIIIIIIIIIIII']
clique 398 ['IIIIIIIIIYXXXXXZIIIIII', 'IIIIIIIYXYIIIIIIIIIIII']
clique 399 ['IIIIIIIIIIIIIYXYIIIIII', 'IIIIIIIZXXXXXYIIIIIIII']
clique 400 ['IIIIIIIIIIIIIYXZIIIIII', 'IIIIIIIYXXXXXYIIIIIIII']
clique 401 ['IIIIIIIIIIIIIZXYIIIIII', 'IIIIIIIZXXXXXZIIIIIIII']
clique 402 ['IIIIIIIIIIIIIZXZIIIIII', 'IIIIIIIYXXXXXZIIIIIIII']
clique 403 ['IIIIIIIIIIIZXXXXXXXYII', 'IIIZXXXXXXXZIIIIIIIIII']
clique 404 ['IIIIIIIIIIIYXXXXXXXYII', 'IIIZXXXXXXXYIIIIIIIIII']
clique 405 ['IIIIIIIIIIIZXXXXXXXZII', 'IIIYXXXXXXXZIIIIIIIIII']
clique 406 ['IIIIIIIIIIIYXXXXXXXZII', 'IIIYXXXXXXXYIIIIIIIIII']
clique 407 ['IIIIIIIIIIZXXXXXYIIIII', 'IIIIIIZXXXZIIIIIIIIIII']
clique 408 ['IIIIIIIIIIYXXXXXYIIIII', 'IIIIIIZXXXYIIIIIIIIIII']
clique 409 ['IIIIIIIIIIZXXXXXZIIIII', 'IIIIIIYXXXZIIIIIIIIIII']
clique 410 ['IIIIIIIIIIYXXXXXZIIIII', 'IIIIIIYXXXYIIIIIIIIIII']
clique 411 ['IIIIIIIIIIIIYXXXYIIIII', 'IIIIIIZXXXXXYIIIIIIIII']
clique 412 ['IIIIIIIIIIIIYXXXZIIIII', 'IIIIIIYXXXXXYIIIIIIIII']
clique 413 ['IIIIIIIIIIIIZXXXYIIIII', 'IIIIIIZXXXXXZIIIIIIIII']
clique 414 ['IIIIIIIIIIIIZXXXZIIIII', 'IIIIIIYXXXXXZIIIIIIIII']
clique 415 ['IIIIIIIIIIIZXXXXXXYIII', 'IIIIZXXXXXXZIIIIIIIIII']
clique 416 ['IIIIIIIIIIIYXXXXXXYIII', 'IIIIZXXXXXXYIIIIIIIIII']
clique 417 ['IIIIIIIIIIIZXXXXXXZIII', 'IIIIYXXXXXXZIIIIIIIIII']
clique 418 ['IIIIIIIIIIIYXXXXXXZIII', 'IIIIYXXXXXXYIIIIIIIIII']
clique 419 ['IIIIIIIIIZXXXXYIIIIIII', 'IIIIIIIIZZIIIIIIIIIIII']
clique 420 ['IIIIIIIIIYXXXXYIIIIIII', 'IIIIIIIIZYIIIIIIIIIIII']
clique 421 ['IIIIIIIIIZXXXXZIIIIIII', 'IIIIIIIIYZIIIIIIIIIIII']
clique 422 ['IIIIIIIIIIIIIYYIIIIIII', 'IIIIIIIIZXXXXYIIIIIIII']
clique 423 ['IIIIIIIIIYXXXXZIIIIIII', 'IIIIIIIIYYIIIIIIIIIIII']
clique 424 ['IIIIIIIIIIIIIYZIIIIIII', 'IIIIIIIIYXXXXYIIIIIIII']
clique 425 ['IIIIIIIIIIIIIZYIIIIIII', 'IIIIIIIIZXXXXZIIIIIIII']
clique 426 ['IIIIIIIIIIIIIZZIIIIIII', 'IIIIIIIIYXXXXZIIIIIIII']
clique 427 ['IIIIIIIIIIIZXXXXXYIIII', 'IIIIIZXXXXXZIIIIIIIIII']
clique 428 ['IIIIIIIIIIIYXXXXXYIIII', 'IIIIIZXXXXXYIIIIIIIIII']
clique 429 ['IIIIIIIIIIIZXXXXXZIIII', 'IIIIIYXXXXXZIIIIIIIIII']
clique 430 ['IIIIIIIIIIIYXXXXXZIIII', 'IIIIIYXXXXXYIIIIIIIIII']
clique 431 ['IIIIIIIIIIZXXXXYIIIIII', 'IIIIIIIZXXZIIIIIIIIIII']
clique 432 ['IIIIIIIIIIYXXXXYIIIIII', 'IIIIIIIZXXYIIIIIIIIIII']
clique 433 ['IIIIIIIIIIZXXXXZIIIIII', 'IIIIIIIYXXZIIIIIIIIIII']
clique 434 ['IIIIIIIIIIYXXXXZIIIIII', 'IIIIIIIYXXYIIIIIIIIIII']
clique 435 ['IIIIIIIIIIIIYXXYIIIIII', 'IIIIIIIZXXXXYIIIIIIIII']
clique 436 ['IIIIIIIIIIIIYXXZIIIIII', 'IIIIIIIYXXXXYIIIIIIIII']
clique 437 ['IIIIIIIIIIIIZXXYIIIIII', 'IIIIIIIZXXXXZIIIIIIIII']
clique 438 ['IIIIIIIIIIIIZXXZIIIIII', 'IIIIIIIYXXXXZIIIIIIIII']
clique 439 ['IIIIIIIIIIIZXXXXYIIIII', 'IIIIIIZXXXXZIIIIIIIIII']
clique 440 ['IIIIIIIIIIIYXXXXYIIIII', 'IIIIIIZXXXXYIIIIIIIIII']
clique 441 ['IIIIIIIIIIIZXXXXZIIIII', 'IIIIIIYXXXXZIIIIIIIIII']
clique 442 ['IIIIIIIIIIIYXXXXZIIIII', 'IIIIIIYXXXXYIIIIIIIIII']
clique 443 ['IIIIIIIIIZXXXYIIIIIIII']
clique 444 ['IIIIIIIIIYXXXYIIIIIIII']
clique 445 ['IIIIIIIIIZXXXZIIIIIIII']
clique 446 ['IIIIIIIIIYXXXZIIIIIIII']
clique 447 ['IIIIIIIIIIZXXXYIIIIIII', 'IIIIIIIIZXZIIIIIIIIIII']
clique 448 ['IIIIIIIIIIYXXXYIIIIIII', 'IIIIIIIIZXYIIIIIIIIIII']
clique 449 ['IIIIIIIIIIZXXXZIIIIIII', 'IIIIIIIIYXZIIIIIIIIIII']
clique 450 ['IIIIIIIIIIYXXXZIIIIIII', 'IIIIIIIIYXYIIIIIIIIIII']
clique 451 ['IIIIIIIIIIIIYXYIIIIIII', 'IIIIIIIIZXXXYIIIIIIIII']
clique 452 ['IIIIIIIIIIIIYXZIIIIIII', 'IIIIIIIIYXXXYIIIIIIIII']
clique 453 ['IIIIIIIIIIIIZXYIIIIIII', 'IIIIIIIIZXXXZIIIIIIIII']
clique 454 ['IIIIIIIIIIIIZXZIIIIIII', 'IIIIIIIIYXXXZIIIIIIIII']
clique 455 ['IIIIIIIIIIIZXXXYIIIIII', 'IIIIIIIZXXXZIIIIIIIIII']
clique 456 ['IIIIIIIIIIIYXXXYIIIIII', 'IIIIIIIZXXXYIIIIIIIIII']
clique 457 ['IIIIIIIIIIIZXXXZIIIIII', 'IIIIIIIYXXXZIIIIIIIIII']
clique 458 ['IIIIIIIIIIIYXXXZIIIIII', 'IIIIIIIYXXXYIIIIIIIIII']
clique 459 ['IIIIIIIIIIZXXYIIIIIIII', 'IIIIIIIIIZZIIIIIIIIIII']
clique 460 ['IIIIIIIIIIYXXYIIIIIIII', 'IIIIIIIIIZYIIIIIIIIIII']
clique 461 ['IIIIIIIIIIZXXZIIIIIIII', 'IIIIIIIIIYZIIIIIIIIIII']
clique 462 ['IIIIIIIIIIIIYYIIIIIIII', 'IIIIIIIIIZXXYIIIIIIIII']
clique 463 ['IIIIIIIIIIYXXZIIIIIIII', 'IIIIIIIIIYYIIIIIIIIIII']
clique 464 ['IIIIIIIIIIIIYZIIIIIIII', 'IIIIIIIIIYXXYIIIIIIIII']
clique 465 ['IIIIIIIIIIIIZYIIIIIIII', 'IIIIIIIIIZXXZIIIIIIIII']
clique 466 ['IIIIIIIIIIIIZZIIIIIIII', 'IIIIIIIIIYXXZIIIIIIIII']
clique 467 ['IIIIIIIIIIIZXXYIIIIIII', 'IIIIIIIIZXXZIIIIIIIIII']
clique 468 ['IIIIIIIIIIIYXXYIIIIIII', 'IIIIIIIIZXXYIIIIIIIIII']
clique 469 ['IIIIIIIIIIIZXXZIIIIIII', 'IIIIIIIIYXXZIIIIIIIIII']
clique 470 ['IIIIIIIIIIIYXXZIIIIIII', 'IIIIIIIIYXXYIIIIIIIIII']
clique 471 ['IIIIIIIIIIZXYIIIIIIIII']
clique 472 ['IIIIIIIIIIYXYIIIIIIIII']
clique 473 ['IIIIIIIIIIZXZIIIIIIIII']
clique 474 ['IIIIIIIIIIYXZIIIIIIIII']
clique 475 ['IIIIIIIIIIIZXYIIIIIIII', 'IIIIIIIIIZXZIIIIIIIIII']
clique 476 ['IIIIIIIIIIIYXYIIIIIIII', 'IIIIIIIIIZXYIIIIIIIIII']
clique 477 ['IIIIIIIIIIIZXZIIIIIIII', 'IIIIIIIIIYXZIIIIIIIIII']
clique 478 ['IIIIIIIIIIIYXZIIIIIIII', 'IIIIIIIIIYXYIIIIIIIIII']
clique 479 ['IIIIIIIIIIIZYIIIIIIIII', 'IIIIIIIIIIZZIIIIIIIIII']
clique 480 ['IIIIIIIIIIIYYIIIIIIIII', 'IIIIIIIIIIZYIIIIIIIIII']
clique 481 ['IIIIIIIIIIIZZIIIIIIIII', 'IIIIIIIIIIYZIIIIIIIIII']
clique 482 ['IIIIIIIIIIIYZIIIIIIIII', 'IIIIIIIIIIYYIIIIIIIIII']
