GS energy with  DMRG -8.628893198968271
N= 6.000000000000002
E= -8.628893198968271
D= [[ 5.00000000e-01+0.j  2.07789963e-12+0.j  4.26078583e-01+0.j
  -3.76033261e-12+0.j  8.18132020e-13+0.j  2.69772227e-13+0.j
  -1.82350788e-01+0.j  1.65348198e-12+0.j  4.32778813e-14+0.j
   2.00139216e-13+0.j  1.35379476e-01+0.j -1.12478825e-12+0.j]
 [ 2.07784814e-12+0.j  5.00000000e-01+0.j  3.65150220e-12+0.j
   4.26078583e-01+0.j -1.03567388e-12+0.j  1.17969870e-13+0.j
  -1.87263689e-12+0.j -1.82350788e-01+0.j  9.59905380e-14+0.j
   5.29114946e-13+0.j  1.16345060e-12+0.j  1.35379476e-01+0.j]
 [ 4.26078583e-01+0.j  3.65154066e-12+0.j  5.00000000e-01+0.j
  -1.34252639e-12+0.j  2.36764811e-01+0.j -5.47632267e-15+0.j
  -6.05927851e-13+0.j  3.90829683e-13+0.j -4.10333437e-02+0.j
  -6.20643222e-14+0.j  4.11297081e-13+0.j -4.27748885e-13+0.j]
 [-3.76030765e-12+0.j  4.26078583e-01+0.j -1.34250814e-12+0.j
   5.00000000e-01+0.j  1.33526710e-13+0.j  2.36764811e-01+0.j
   1.24642426e-12+0.j  6.81645495e-14+0.j  4.36085090e-14+0.j
  -4.10333437e-02+0.j -9.51553088e-13+0.j -3.00855776e-13+0.j]
 [ 8.18125949e-13+0.j -1.03567231e-12+0.j  2.36764811e-01+0.j
   1.33528659e-13+0.j  5.00000000e-01+0.j -7.51388828e-14+0.j
   3.86226351e-01+0.j -1.21841722e-13+0.j -1.44335932e-13+0.j
  -2.25287038e-13+0.j -1.82350788e-01+0.j  6.90096056e-14+0.j]
 [ 2.69761128e-13+0.j  1.18025381e-13+0.j -5.49661020e-15+0.j
   2.36764811e-01+0.j -7.52330117e-14+0.j  5.00000000e-01+0.j
   1.35208144e-13+0.j  3.86226351e-01+0.j  2.36606066e-13+0.j
  -7.13804016e-13+0.j  1.17213630e-13+0.j -1.82350788e-01+0.j]
 [-1.82350788e-01+0.j -1.87265294e-12+0.j -6.05895759e-13+0.j
   1.24644579e-12+0.j  3.86226351e-01+0.j  1.35098999e-13+0.j
   5.00000000e-01+0.j -4.00774450e-13+0.j  2.36764811e-01+0.j
   1.44448677e-13+0.j -5.87721495e-13+0.j  6.53611062e-13+0.j]
 [ 1.65345856e-12+0.j -1.82350788e-01+0.j  3.90850437e-13+0.j
   6.81468228e-14+0.j -1.21696426e-13+0.j  3.86226351e-01+0.j
  -4.00751618e-13+0.j  5.00000000e-01+0.j -2.00887454e-13+0.j
   2.36764811e-01+0.j -5.62233607e-14+0.j  7.04159377e-13+0.j]
 [ 4.32119618e-14+0.j  9.60168665e-14+0.j -4.10333437e-02+0.j
   4.36059811e-14+0.j -1.44335932e-13+0.j  2.36601884e-13+0.j
   2.36764811e-01+0.j -2.00887152e-13+0.j  5.00000000e-01+0.j
   4.52184683e-14+0.j  4.26078583e-01+0.j -1.81875393e-13+0.j]
 [ 2.00138198e-13+0.j  5.29059435e-13+0.j -6.20651387e-14+0.j
  -4.10333437e-02+0.j -2.25274882e-13+0.j -7.13810955e-13+0.j
   1.44429740e-13+0.j  2.36764811e-01+0.j  4.52034972e-14+0.j
   5.00000000e-01+0.j  2.14485656e-13+0.j  4.26078583e-01+0.j]
 [ 1.35379476e-01+0.j  1.16348285e-12+0.j  4.11276265e-13+0.j
  -9.51571702e-13+0.j -1.82350788e-01+0.j  1.17240414e-13+0.j
  -5.87799340e-13+0.j -5.62015254e-14+0.j  4.26078583e-01+0.j
   2.14462922e-13+0.j  5.00000000e-01+0.j -3.04491266e-13+0.j]
 [-1.12475882e-12+0.j  1.35379476e-01+0.j -4.27752928e-13+0.j
  -3.00864328e-13+0.j  6.89451087e-14+0.j -1.82350788e-01+0.j
   6.53608213e-13+0.j  7.04186474e-13+0.j -1.81870281e-13+0.j
   4.26078583e-01+0.j -3.04525066e-13+0.j  5.00000000e-01+0.j]]
W= [0.19143493+0.j 0.20874443+0.j 0.20920033+0.j 0.20920033+0.j
 0.20874443+0.j 0.19143493+0.j]
local approximation with  1 sites
local interactions on sites [[0], [1], [2], [3], [4], [5]]
Functional for interaction on sites [0]
aca-directory for images already exists
aca-directory for images already exists
aca-directory for images already exists
interacting orbitals: [0, 1]
mapping: [0, 1, 2, 3, 4, 5, 6, 7, 8, 9, 10, 11]
aca-directory for images already exists
aca-directory for images already exists
aca-directory for images already exists
orbinteractaca= [0, 1]
aca-directory for images already exists
aca-directory for images already exists
aca-directory for images already exists
aca-directory for images already exists
aca-directory for images already exists
aca-directory for images already exists
aca-directory for images already exists
aca-directory for images already exists
aca-directory for images already exists
aca-directory for images already exists
aca-directory for images already exists
aca-directory for images already exists
aca-directory for images already exists
aca-directory for images already exists
aca-directory for images already exists
aca-directory for images already exists
aca-directory for images already exists
aca-directory for images already exists
aca-directory for images already exists
aca-directory for images already exists
aca-directory for images already exists
aca-directory for images already exists
aca-directory for images already exists
aca-directory for images already exists
aca-directory for images already exists
aca-directory for images already exists
aca-directory for images already exists
aca-directory for images already exists
aca-directory for images already exists
aca-directory for images already exists
aca-directory for images already exists
aca-directory for images already exists
aca-directory for images already exists
aca: level 5  norb= 12
Daca= [[ 5.00000000e-01+0.j  2.07789963e-12+0.j -4.82827476e-01+0.j
   1.70342236e-28+0.j -3.53527172e-29+0.j -1.53662100e-29+0.j
   2.04977976e-17+0.j  3.92195644e-29+0.j -5.04674188e-30+0.j
  -2.58665166e-32+0.j -8.06844601e-18+0.j  9.02297942e-29+0.j]
 [ 2.07784814e-12+0.j  5.00000000e-01+0.j  2.42974487e-15+0.j
  -4.82827476e-01+0.j  1.08218223e-28+0.j -1.69355189e-29+0.j
   1.76552896e-28+0.j  3.31840637e-17+0.j -2.68284521e-29+0.j
   4.07204203e-29+0.j -4.08226699e-29+0.j -1.98727834e-17+0.j]
 [-4.82827476e-01+0.j  2.38069537e-15+0.j  5.00000000e-01+0.j
  -2.09953972e-12+0.j  1.34368867e-02+0.j  1.84822722e-29+0.j
   4.63820764e-30+0.j -1.22270266e-30+0.j  2.23286035e-19+0.j
   3.20167229e-30+0.j -2.46215375e-36+0.j  6.31088724e-30+0.j]
 [-3.91205702e-17+0.j -4.82827476e-01+0.j -2.09951842e-12+0.j
   5.00000000e-01+0.j -5.09080351e-14+0.j  1.34368867e-02+0.j
  -3.83250118e-30+0.j  2.69346040e-30+0.j  2.58469240e-29+0.j
   4.72104440e-19+0.j  3.58096208e-36+0.j -2.52435490e-29+0.j]
 [-6.07153217e-18+0.j  1.56783153e-18+0.j  1.34368867e-02+0.j
  -5.08399408e-14+0.j  5.00000000e-01+0.j -6.70235605e-12+0.j
   4.84954492e-01+0.j -8.82858763e-28+0.j -1.66475925e-28+0.j
   4.29078111e-28+0.j  9.72344530e-17+0.j -1.80378319e-28+0.j]
 [-1.10985406e-17+0.j  5.55111512e-17+0.j -6.50860460e-17+0.j
   1.34368867e-02+0.j -6.70244019e-12+0.j  5.00000000e-01+0.j
  -5.89280423e-14+0.j  4.84954492e-01+0.j -4.97878949e-29+0.j
  -3.15715630e-29+0.j -1.24143963e-27+0.j -5.21294928e-17+0.j]
 [-1.74311843e-16+0.j  1.50597817e-18+0.j -7.43782374e-17+0.j
  -2.27149405e-17+0.j  4.84954492e-01+0.j -5.89978564e-14+0.j
   5.00000000e-01+0.j  6.72077404e-12+0.j  4.14311348e-03+0.j
  -4.77454898e-30+0.j -1.57772624e-30+0.j  0.00000000e+00+0.j]
 [-1.05575699e-17+0.j -4.81745643e-17+0.j -1.37510128e-17+0.j
   4.40768326e-17+0.j  1.07027380e-16+0.j  4.84954492e-01+0.j
   6.72076858e-12+0.j  5.00000000e-01+0.j -3.42903549e-14+0.j
   4.14311348e-03+0.j  2.52435466e-29+0.j  0.00000000e+00+0.j]
 [-6.59194921e-17+0.j  2.63284031e-17+0.j  6.87248770e-17+0.j
  -3.08917648e-17+0.j  2.83451602e-17+0.j -3.15148208e-17+0.j
   4.14311348e-03+0.j -3.43424139e-14+0.j  5.00000000e-01+0.j
  -1.38643410e-11+0.j  4.92327001e-01+0.j  0.00000000e+00+0.j]
 [-1.01829609e-18+0.j -5.55111512e-17+0.j  1.91800125e-17+0.j
   2.66901450e-17+0.j  2.35404923e-17+0.j  5.85211323e-17+0.j
   6.03032470e-18+0.j  4.14311348e-03+0.j -1.38643660e-11+0.j
   5.00000000e-01+0.j  6.54169390e-14+0.j -4.92327001e-01+0.j]
 [ 4.97610334e-17+0.j  1.92125312e-17+0.j  2.97488267e-17+0.j
   1.09606210e-17+0.j -5.99507674e-17+0.j  5.94984345e-17+0.j
   8.29767063e-17+0.j  1.97640572e-17+0.j  4.92327001e-01+0.j
   6.53875592e-14+0.j  5.00000000e-01+0.j -1.38677503e-11+0.j]
 [ 1.98925794e-17+0.j -4.64691950e-17+0.j  1.95276339e-17+0.j
   5.03979157e-17+0.j -6.46681578e-17+0.j  1.37485420e-16+0.j
  -3.98173042e-17+0.j -4.98857991e-17+0.j -3.69978749e-17+0.j
  -4.92327001e-01+0.j -1.38677417e-11+0.j  5.00000000e-01+0.j]]
rounding Naca1 to integer
rounding Naca2 to integer
Naca= (3, 3)
nq= 12
variational state:
        ┌──────────┐┌───────────┐┌───┐     ┌───────────┐┌───────────┐»
 q0_0: ─┤ Ry(y[0]) ├┤ Rz(y[12]) ├┤ X ├──■──┤ Ry(y[24]) ├┤ Rz(y[36]) ├»
        ├──────────┤├───────────┤└─┬─┘┌─┴─┐└───────────┘├───────────┤»
 q0_1: ─┤ Ry(y[1]) ├┤ Rz(y[13]) ├──┼──┤ X ├──────■──────┤ Ry(y[25]) ├»
        ├──────────┤├───────────┤  │  └───┘    ┌─┴─┐    └───────────┘»
 q0_2: ─┤ Ry(y[2]) ├┤ Rz(y[14]) ├──┼───────────┤ X ├──────────■──────»
        ├──────────┤├───────────┤  │           └───┘        ┌─┴─┐    »
 q0_3: ─┤ Ry(y[3]) ├┤ Rz(y[15]) ├──┼────────────────────────┤ X ├────»
        ├──────────┤├───────────┤  │                        └───┘    »
 q0_4: ─┤ Ry(y[4]) ├┤ Rz(y[16]) ├──┼─────────────────────────────────»
        ├──────────┤├───────────┤  │                                 »
 q0_5: ─┤ Ry(y[5]) ├┤ Rz(y[17]) ├──┼─────────────────────────────────»
        ├──────────┤├───────────┤  │                                 »
 q0_6: ─┤ Ry(y[6]) ├┤ Rz(y[18]) ├──┼─────────────────────────────────»
        ├──────────┤├───────────┤  │                                 »
 q0_7: ─┤ Ry(y[7]) ├┤ Rz(y[19]) ├──┼─────────────────────────────────»
        ├──────────┤├───────────┤  │                                 »
 q0_8: ─┤ Ry(y[8]) ├┤ Rz(y[20]) ├──┼─────────────────────────────────»
        ├──────────┤├───────────┤  │                                 »
 q0_9: ─┤ Ry(y[9]) ├┤ Rz(y[21]) ├──┼─────────────────────────────────»
       ┌┴──────────┤├───────────┤  │                                 »
q0_10: ┤ Ry(y[10]) ├┤ Rz(y[22]) ├──┼─────────────────────────────────»
       ├───────────┤├───────────┤  │                                 »
q0_11: ┤ Ry(y[11]) ├┤ Rz(y[23]) ├──■─────────────────────────────────»
       └───────────┘└───────────┘                                    »
c0: 12/══════════════════════════════════════════════════════════════»
                                                                     »
«                                                                        »
« q0_0: ─────────────────────────────────────────────────────────────────»
«       ┌───────────┐                                                    »
« q0_1: ┤ Rz(y[37]) ├────────────────────────────────────────────────────»
«       ├───────────┤┌───────────┐                                       »
« q0_2: ┤ Ry(y[26]) ├┤ Rz(y[38]) ├───────────────────────────────────────»
«       └───────────┘├───────────┤┌───────────┐                          »
« q0_3: ──────■──────┤ Ry(y[27]) ├┤ Rz(y[39]) ├──────────────────────────»
«           ┌─┴─┐    └───────────┘├───────────┤┌───────────┐             »
« q0_4: ────┤ X ├──────────■──────┤ Ry(y[28]) ├┤ Rz(y[40]) ├─────────────»
«           └───┘        ┌─┴─┐    └───────────┘├───────────┤┌───────────┐»
« q0_5: ─────────────────┤ X ├──────────■──────┤ Ry(y[29]) ├┤ Rz(y[41]) ├»
«                        └───┘        ┌─┴─┐    └───────────┘├───────────┤»
« q0_6: ──────────────────────────────┤ X ├──────────■──────┤ Ry(y[30]) ├»
«                                     └───┘        ┌─┴─┐    └───────────┘»
« q0_7: ───────────────────────────────────────────┤ X ├──────────■──────»
«                                                  └───┘        ┌─┴─┐    »
« q0_8: ────────────────────────────────────────────────────────┤ X ├────»
«                                                               └───┘    »
« q0_9: ─────────────────────────────────────────────────────────────────»
«                                                                        »
«q0_10: ─────────────────────────────────────────────────────────────────»
«                                                                        »
«q0_11: ─────────────────────────────────────────────────────────────────»
«                                                                        »
«c0: 12/═════════════════════════════════════════════════════════════════»
«                                                                        »
«                                                                        ┌───┐»
« q0_0: ─────────────────────────────────────────────────────────────────┤ X ├»
«                                                                        └─┬─┘»
« q0_1: ───────────────────────────────────────────────────────────────────┼──»
«                                                                          │  »
« q0_2: ───────────────────────────────────────────────────────────────────┼──»
«                                                                          │  »
« q0_3: ───────────────────────────────────────────────────────────────────┼──»
«                                                                          │  »
« q0_4: ───────────────────────────────────────────────────────────────────┼──»
«                                                                          │  »
« q0_5: ───────────────────────────────────────────────────────────────────┼──»
«       ┌───────────┐                                                      │  »
« q0_6: ┤ Rz(y[42]) ├──────────────────────────────────────────────────────┼──»
«       ├───────────┤┌───────────┐                                         │  »
« q0_7: ┤ Ry(y[31]) ├┤ Rz(y[43]) ├─────────────────────────────────────────┼──»
«       └───────────┘├───────────┤┌───────────┐                            │  »
« q0_8: ──────■──────┤ Ry(y[32]) ├┤ Rz(y[44]) ├────────────────────────────┼──»
«           ┌─┴─┐    └───────────┘├───────────┤┌───────────┐               │  »
« q0_9: ────┤ X ├──────────■──────┤ Ry(y[33]) ├┤ Rz(y[45]) ├───────────────┼──»
«           └───┘        ┌─┴─┐    └───────────┘├───────────┤┌───────────┐  │  »
«q0_10: ─────────────────┤ X ├──────────■──────┤ Ry(y[34]) ├┤ Rz(y[46]) ├──┼──»
«                        └───┘        ┌─┴─┐    ├───────────┤├───────────┤  │  »
«q0_11: ──────────────────────────────┤ X ├────┤ Ry(y[35]) ├┤ Rz(y[47]) ├──■──»
«                                     └───┘    └───────────┘└───────────┘     »
«c0: 12/══════════════════════════════════════════════════════════════════════»
«                                                                             »
«            ┌───────────┐┌───────────┐                                       »
« q0_0: ──■──┤ Ry(y[48]) ├┤ Rz(y[60]) ├───────────────────────────────────────»
«       ┌─┴─┐└───────────┘├───────────┤┌───────────┐                          »
« q0_1: ┤ X ├──────■──────┤ Ry(y[49]) ├┤ Rz(y[61]) ├──────────────────────────»
«       └───┘    ┌─┴─┐    └───────────┘├───────────┤┌───────────┐             »
« q0_2: ─────────┤ X ├──────────■──────┤ Ry(y[50]) ├┤ Rz(y[62]) ├─────────────»
«                └───┘        ┌─┴─┐    └───────────┘├───────────┤┌───────────┐»
« q0_3: ──────────────────────┤ X ├──────────■──────┤ Ry(y[51]) ├┤ Rz(y[63]) ├»
«                             └───┘        ┌─┴─┐    └───────────┘├───────────┤»
« q0_4: ───────────────────────────────────┤ X ├──────────■──────┤ Ry(y[52]) ├»
«                                          └───┘        ┌─┴─┐    └───────────┘»
« q0_5: ────────────────────────────────────────────────┤ X ├──────────■──────»
«                                                       └───┘        ┌─┴─┐    »
« q0_6: ─────────────────────────────────────────────────────────────┤ X ├────»
«                                                                    └───┘    »
« q0_7: ──────────────────────────────────────────────────────────────────────»
«                                                                             »
« q0_8: ──────────────────────────────────────────────────────────────────────»
«                                                                             »
« q0_9: ──────────────────────────────────────────────────────────────────────»
«                                                                             »
«q0_10: ──────────────────────────────────────────────────────────────────────»
«                                                                             »
«q0_11: ──────────────────────────────────────────────────────────────────────»
«                                                                             »
«c0: 12/══════════════════════════════════════════════════════════════════════»
«                                                                             »
«                                                                        »
« q0_0: ─────────────────────────────────────────────────────────────────»
«                                                                        »
« q0_1: ─────────────────────────────────────────────────────────────────»
«                                                                        »
« q0_2: ─────────────────────────────────────────────────────────────────»
«                                                                        »
« q0_3: ─────────────────────────────────────────────────────────────────»
«       ┌───────────┐                                                    »
« q0_4: ┤ Rz(y[64]) ├────────────────────────────────────────────────────»
«       ├───────────┤┌───────────┐                                       »
« q0_5: ┤ Ry(y[53]) ├┤ Rz(y[65]) ├───────────────────────────────────────»
«       └───────────┘├───────────┤┌───────────┐                          »
« q0_6: ──────■──────┤ Ry(y[54]) ├┤ Rz(y[66]) ├──────────────────────────»
«           ┌─┴─┐    └───────────┘├───────────┤┌───────────┐             »
« q0_7: ────┤ X ├──────────■──────┤ Ry(y[55]) ├┤ Rz(y[67]) ├─────────────»
«           └───┘        ┌─┴─┐    └───────────┘├───────────┤┌───────────┐»
« q0_8: ─────────────────┤ X ├──────────■──────┤ Ry(y[56]) ├┤ Rz(y[68]) ├»
«                        └───┘        ┌─┴─┐    └───────────┘├───────────┤»
« q0_9: ──────────────────────────────┤ X ├──────────■──────┤ Ry(y[57]) ├»
«                                     └───┘        ┌─┴─┐    └───────────┘»
«q0_10: ───────────────────────────────────────────┤ X ├──────────■──────»
«                                                  └───┘        ┌─┴─┐    »
«q0_11: ────────────────────────────────────────────────────────┤ X ├────»
«                                                               └───┘    »
«c0: 12/═════════════════════════════════════════════════════════════════»
«                                                                        »
«                                 
« q0_0: ──────────────────────────
«                                 
« q0_1: ──────────────────────────
«                                 
« q0_2: ──────────────────────────
«                                 
« q0_3: ──────────────────────────
«                                 
« q0_4: ──────────────────────────
«                                 
« q0_5: ──────────────────────────
«                                 
« q0_6: ──────────────────────────
«                                 
« q0_7: ──────────────────────────
«                                 
« q0_8: ──────────────────────────
«       ┌───────────┐             
« q0_9: ┤ Rz(y[69]) ├─────────────
«       ├───────────┤┌───────────┐
«q0_10: ┤ Ry(y[58]) ├┤ Rz(y[70]) ├
«       ├───────────┤├───────────┤
«q0_11: ┤ Ry(y[59]) ├┤ Rz(y[71]) ├
«       └───────────┘└───────────┘
«c0: 12/══════════════════════════
«                                 
ansatz-state is written to ansatz.txt
building constraints...
number of constraints= 144
unique pauliops 276
graphclique-cliquecover: 276 with commutationmode qubitwise
strategy largest_first 143
strategy random_sequential 147
strategy smallest_last 143
strategy independent_set 151
strategy connected_sequential_bfs 144
strategy connected_sequential_dfs 144
strategy saturation_largest_first 143
number of cliques 143
clique 0 ['IIIIIIIIIIIX', 'IZXXXXXXXXXX', 'IIIIIIIIIIXI', 'IIIIIIIIIXII', 'IIIIIIIIXIII', 'IIIIIIIXIIII', 'IIIIIIXIIIII', 'IIIIIXIIIIII', 'IIIIXIIIIIII', 'IIIXIIIIIIII', 'IIXIIIIIIIII', 'ZZIIIIIIIIII']
clique 1 ['IIIIIIIIIIIY', 'IZXXXXXXXXXY']
clique 2 ['ZXXXXXXXXXXX', 'IXIIIIIIIIII']
clique 3 ['IYXXXXXXXXXY', 'ZYIIIIIIIIII']
clique 4 ['IYXXXXXXXXXX']
clique 5 ['ZXXXXXXXXXXY']
clique 6 ['IIIIIIIIIIIZ', 'IZXXXXXXXXXZ']
clique 7 ['ZXXXXXXXXXXZ']
clique 8 ['IYXXXXXXXXXZ']
clique 9 ['IIZXXXXXXXXX', 'IZZIIIIIIIII']
clique 10 ['IIZXXXXXXXXY', 'ZXZIIIIIIIII']
clique 11 ['IIYXXXXXXXXY', 'IZYIIIIIIIII']
clique 12 ['IIYXXXXXXXXX', 'IYYIIIIIIIII']
clique 13 ['IIZXXXXXXXXZ', 'IYZIIIIIIIII']
clique 14 ['IIIIIIIIIIYY', 'IZXXXXXXXXYI']
clique 15 ['IIYXXXXXXXXZ', 'ZXYIIIIIIIII']
clique 16 ['IIIIIIIIIIYX', 'IYXXXXXXXXYI']
clique 17 ['IIIIIIIIIIYZ', 'ZXXXXXXXXXYI']
clique 18 ['IIIIIIIIIIZX', 'IZXXXXXXXXZI']
clique 19 ['IIIIIIIIIIZY', 'ZXXXXXXXXXZI']
clique 20 ['IIIIIIIIIIZZ', 'IYXXXXXXXXZI']
clique 21 ['IIZXXXXXXXYI']
clique 22 ['IIYXXXXXXXYI']
clique 23 ['IIZXXXXXXXZI']
clique 24 ['IIYXXXXXXXZI']
clique 25 ['IIIZXXXXXXXX', 'IZXZIIIIIIII']
clique 26 ['IIIZXXXXXXXY', 'ZXXZIIIIIIII']
clique 27 ['IIIYXXXXXXXY', 'IZXYIIIIIIII']
clique 28 ['IIIYXXXXXXXX', 'IYXYIIIIIIII']
clique 29 ['IIIZXXXXXXXZ', 'IYXZIIIIIIII']
clique 30 ['IIIYXXXXXXXZ', 'ZXXYIIIIIIII']
clique 31 ['IIIIIIIIIYXY', 'IZXXXXXXXYII']
clique 32 ['IIIIIIIIIYXX', 'IYXXXXXXXYII']
clique 33 ['IIIIIIIIIYXZ', 'ZXXXXXXXXYII']
clique 34 ['IIIIIIIIIZXX', 'IZXXXXXXXZII']
clique 35 ['IIIIIIIIIZXY', 'ZXXXXXXXXZII']
clique 36 ['IIIIIIIIIZXZ', 'IYXXXXXXXZII']
clique 37 ['IIIZXXXXXXYI', 'IIZZIIIIIIII']
clique 38 ['IIIYXXXXXXYI', 'IIZYIIIIIIII']
clique 39 ['IIIZXXXXXXZI', 'IIYZIIIIIIII']
clique 40 ['IIIIIIIIIYYI', 'IIZXXXXXXYII']
clique 41 ['IIIYXXXXXXZI', 'IIYYIIIIIIII']
clique 42 ['IIIIIIIIIYZI', 'IIYXXXXXXYII']
clique 43 ['IIIIIIIIIZYI', 'IIZXXXXXXZII']
clique 44 ['IIIIIIIIIZZI', 'IIYXXXXXXZII']
clique 45 ['IIIIZXXXXXXX', 'IZXXZIIIIIII']
clique 46 ['IIIIZXXXXXXY', 'ZXXXZIIIIIII']
clique 47 ['IIIIYXXXXXXY', 'IZXXYIIIIIII']
clique 48 ['IIIIYXXXXXXX', 'IYXXYIIIIIII']
clique 49 ['IIIIZXXXXXXZ', 'IYXXZIIIIIII']
clique 50 ['IIIIYXXXXXXZ', 'ZXXXYIIIIIII']
clique 51 ['IIIZXXXXXYII']
clique 52 ['IIIYXXXXXYII']
clique 53 ['IIIZXXXXXZII']
clique 54 ['IIIYXXXXXZII']
clique 55 ['IIIIIIIIYXXY', 'IZXXXXXXYIII']
clique 56 ['IIIIIIIIYXXX', 'IYXXXXXXYIII']
clique 57 ['IIIIIIIIYXXZ', 'ZXXXXXXXYIII']
clique 58 ['IIIIIIIIZXXX', 'IZXXXXXXZIII']
clique 59 ['IIIIIIIIZXXY', 'ZXXXXXXXZIII']
clique 60 ['IIIIIIIIZXXZ', 'IYXXXXXXZIII']
clique 61 ['IIIIZXXXXXYI', 'IIZXZIIIIIII']
clique 62 ['IIIIYXXXXXYI', 'IIZXYIIIIIII']
clique 63 ['IIIIZXXXXXZI', 'IIYXZIIIIIII']
clique 64 ['IIIIYXXXXXZI', 'IIYXYIIIIIII']
clique 65 ['IIIIIIIIYXYI', 'IIZXXXXXYIII']
clique 66 ['IIIIIIIIYXZI', 'IIYXXXXXYIII']
clique 67 ['IIIIIIIIZXYI', 'IIZXXXXXZIII']
clique 68 ['IIIIIIIIZXZI', 'IIYXXXXXZIII']
clique 69 ['IIIIZXXXXYII', 'IIIZZIIIIIII']
clique 70 ['IIIIYXXXXYII', 'IIIZYIIIIIII']
clique 71 ['IIIIZXXXXZII', 'IIIYZIIIIIII']
clique 72 ['IIIIIIIIYYII', 'IIIZXXXXYIII']
clique 73 ['IIIIYXXXXZII', 'IIIYYIIIIIII']
clique 74 ['IIIIIIIIYZII', 'IIIYXXXXYIII']
clique 75 ['IIIIIIIIZYII', 'IIIZXXXXZIII']
clique 76 ['IIIIIIIIZZII', 'IIIYXXXXZIII']
clique 77 ['IIIIIZXXXXXX', 'IZXXXZIIIIII']
clique 78 ['IIIIIZXXXXXY', 'ZXXXXZIIIIII']
clique 79 ['IIIIIYXXXXXY', 'IZXXXYIIIIII']
clique 80 ['IIIIIYXXXXXX', 'IYXXXYIIIIII']
clique 81 ['IIIIIZXXXXXZ', 'IYXXXZIIIIII']
clique 82 ['IIIIIYXXXXXZ', 'ZXXXXYIIIIII']
clique 83 ['IIIIIIIYXXXY', 'IZXXXXXYIIII']
clique 84 ['IIIIIIIYXXXX', 'IYXXXXXYIIII']
clique 85 ['IIIIIIIYXXXZ', 'ZXXXXXXYIIII']
clique 86 ['IIIIIIIZXXXX', 'IZXXXXXZIIII']
clique 87 ['IIIIIIIZXXXY', 'ZXXXXXXZIIII']
clique 88 ['IIIIIIIZXXXZ', 'IYXXXXXZIIII']
clique 89 ['IIIIIZXXXXYI', 'IIZXXZIIIIII']
clique 90 ['IIIIIYXXXXYI', 'IIZXXYIIIIII']
clique 91 ['IIIIIZXXXXZI', 'IIYXXZIIIIII']
clique 92 ['IIIIIYXXXXZI', 'IIYXXYIIIIII']
clique 93 ['IIIIIIIYXXYI', 'IIZXXXXYIIII']
clique 94 ['IIIIIIIYXXZI', 'IIYXXXXYIIII']
clique 95 ['IIIIIIIZXXYI', 'IIZXXXXZIIII']
clique 96 ['IIIIIIIZXXZI', 'IIYXXXXZIIII']
clique 97 ['IIIIZXXXYIII']
clique 98 ['IIIIYXXXYIII']
clique 99 ['IIIIZXXXZIII']
clique 100 ['IIIIYXXXZIII']
clique 101 ['IIIIIZXXXYII', 'IIIZXZIIIIII']
clique 102 ['IIIIIYXXXYII', 'IIIZXYIIIIII']
clique 103 ['IIIIIZXXXZII', 'IIIYXZIIIIII']
clique 104 ['IIIIIYXXXZII', 'IIIYXYIIIIII']
clique 105 ['IIIIIIIYXYII', 'IIIZXXXYIIII']
clique 106 ['IIIIIIIYXZII', 'IIIYXXXYIIII']
clique 107 ['IIIIIIIZXYII', 'IIIZXXXZIIII']
clique 108 ['IIIIIIIZXZII', 'IIIYXXXZIIII']
clique 109 ['IIIIIIZXXXXX', 'IZXXXXZIIIII']
clique 110 ['IIIIIIZXXXXY', 'ZXXXXXZIIIII']
clique 111 ['IIIIIIYXXXXY', 'IZXXXXYIIIII']
clique 112 ['IIIIIIYXXXXX', 'IYXXXXYIIIII']
clique 113 ['IIIIIIZXXXXZ', 'IYXXXXZIIIII']
clique 114 ['IIIIIIYXXXXZ', 'ZXXXXXYIIIII']
clique 115 ['IIIIIIZXXXYI', 'IIZXXXZIIIII']
clique 116 ['IIIIIIYXXXYI', 'IIZXXXYIIIII']
clique 117 ['IIIIIIZXXXZI', 'IIYXXXZIIIII']
clique 118 ['IIIIIIYXXXZI', 'IIYXXXYIIIII']
clique 119 ['IIIIIZXXYIII', 'IIIIZZIIIIII']
clique 120 ['IIIIIYXXYIII', 'IIIIZYIIIIII']
clique 121 ['IIIIIZXXZIII', 'IIIIYZIIIIII']
clique 122 ['IIIIIIIYYIII', 'IIIIZXXYIIII']
clique 123 ['IIIIIYXXZIII', 'IIIIYYIIIIII']
clique 124 ['IIIIIIIYZIII', 'IIIIYXXYIIII']
clique 125 ['IIIIIIIZYIII', 'IIIIZXXZIIII']
clique 126 ['IIIIIIIZZIII', 'IIIIYXXZIIII']
clique 127 ['IIIIIIZXXYII', 'IIIZXXZIIIII']
clique 128 ['IIIIIIYXXYII', 'IIIZXXYIIIII']
clique 129 ['IIIIIIZXXZII', 'IIIYXXZIIIII']
clique 130 ['IIIIIIYXXZII', 'IIIYXXYIIIII']
clique 131 ['IIIIIZXYIIII']
clique 132 ['IIIIIYXYIIII']
clique 133 ['IIIIIZXZIIII']
clique 134 ['IIIIIYXZIIII']
clique 135 ['IIIIIIZXYIII', 'IIIIZXZIIIII']
clique 136 ['IIIIIIYXYIII', 'IIIIZXYIIIII']
clique 137 ['IIIIIIZXZIII', 'IIIIYXZIIIII']
clique 138 ['IIIIIIYXZIII', 'IIIIYXYIIIII']
clique 139 ['IIIIIIZYIIII', 'IIIIIZZIIIII']
clique 140 ['IIIIIIYYIIII', 'IIIIIZYIIIII']
clique 141 ['IIIIIIZZIIII', 'IIIIIYZIIIII']
clique 142 ['IIIIIIYZIIII', 'IIIIIYYIIIII']
