GS energy with  DMRG -10.012219392891264
N= 6.999999999999999
E= -10.012219392891264
D= [[ 5.74405785e-01+0.j  1.28526023e-01+0.j  3.99080036e-01+0.j
  -1.72808660e-11+0.j -5.99158347e-02+0.j -1.03496575e-01+0.j
  -1.28300267e-01+0.j  2.72845548e-11+0.j  5.47868636e-02+0.j
   9.46369657e-02+0.j  5.01058463e-02+0.j -6.22797196e-10+0.j
  -5.13649949e-02+0.j -8.87261440e-02+0.j]
 [ 1.28526023e-01+0.j  4.25594215e-01+0.j -3.37117834e-12+0.j
   3.99080036e-01+0.j -1.03496575e-01+0.j  5.99158347e-02+0.j
  -4.94958241e-13+0.j -1.28300267e-01+0.j  9.46369652e-02+0.j
  -5.47868637e-02+0.j -2.31569536e-09+0.j  5.01058414e-02+0.j
  -8.87261378e-02+0.j  5.13649949e-02+0.j]
 [ 3.99080036e-01+0.j -3.37118918e-12+0.j  4.86163217e-01+0.j
  -2.39011888e-02+0.j  2.67754119e-01+0.j -1.27087800e-11+0.j
   3.96735919e-03+0.j  6.85308132e-03+0.j -7.78107078e-02+0.j
   4.07616417e-10+0.j -1.45113406e-03+0.j -2.50664237e-03+0.j
   5.01058412e-02+0.j  5.77188495e-10+0.j]
 [-1.72808738e-11+0.j  3.99080036e-01+0.j -2.39011888e-02+0.j
   5.13836783e-01+0.j  1.56675974e-12+0.j  2.67754119e-01+0.j
   6.85308139e-03+0.j -3.96735917e-03+0.j -1.20103786e-10+0.j
  -7.78107071e-02+0.j -2.50664527e-03+0.j  1.45113404e-03+0.j
   2.79371006e-09+0.j  5.01058468e-02+0.j]
 [-5.99158347e-02+0.j -1.03496575e-01+0.j  2.67754119e-01+0.j
   1.56675280e-12+0.j  5.72544347e-01+0.j  1.25310638e-01+0.j
   3.21512566e-01+0.j -3.66840933e-11+0.j -5.93794179e-02+0.j
  -1.02569987e-01+0.j -7.78107072e-02+0.j -4.31872982e-10+0.j
   5.47868636e-02+0.j  9.46369658e-02+0.j]
 [-1.03496575e-01+0.j  5.99158347e-02+0.j -1.27087793e-11+0.j
   2.67754119e-01+0.j  1.25310638e-01+0.j  4.27455653e-01+0.j
  -8.62151583e-12+0.j  3.21512566e-01+0.j -1.02569987e-01+0.j
   5.93794179e-02+0.j  8.26907778e-11+0.j -7.78107079e-02+0.j
   9.46369652e-02+0.j -5.47868636e-02+0.j]
 [-1.28300267e-01+0.j -4.94882781e-13+0.j  3.96735919e-03+0.j
   6.85308139e-03+0.j  3.21512566e-01+0.j -8.62153404e-12+0.j
   4.84281307e-01+0.j -2.71519363e-02+0.j  3.21512566e-01+0.j
   4.43023118e-11+0.j  3.96735917e-03+0.j  6.85308129e-03+0.j
  -1.28300267e-01+0.j -9.93482900e-12+0.j]
 [ 2.72845687e-11+0.j -1.28300267e-01+0.j  6.85308132e-03+0.j
  -3.96735917e-03+0.j -3.66840794e-11+0.j  3.21512566e-01+0.j
  -2.71519363e-02+0.j  5.15718693e-01+0.j  5.61511948e-12+0.j
   3.21512566e-01+0.j  6.85308138e-03+0.j -3.96735919e-03+0.j
   1.56641193e-12+0.j -1.28300267e-01+0.j]
 [ 5.47868636e-02+0.j  9.46369652e-02+0.j -7.78107078e-02+0.j
  -1.20103711e-10+0.j -5.93794179e-02+0.j -1.02569987e-01+0.j
   3.21512566e-01+0.j  5.61526520e-12+0.j  5.72544347e-01+0.j
   1.25310638e-01+0.j  2.67754119e-01+0.j  4.73113909e-12+0.j
  -5.99158347e-02+0.j -1.03496575e-01+0.j]
 [ 9.46369657e-02+0.j -5.47868637e-02+0.j  4.07616437e-10+0.j
  -7.78107071e-02+0.j -1.02569987e-01+0.j  5.93794179e-02+0.j
   4.43023326e-11+0.j  3.21512566e-01+0.j  1.25310638e-01+0.j
   4.27455653e-01+0.j -2.13901813e-12+0.j  2.67754119e-01+0.j
  -1.03496575e-01+0.j  5.99158347e-02+0.j]
 [ 5.01058463e-02+0.j -2.31569539e-09+0.j -1.45113406e-03+0.j
  -2.50664527e-03+0.j -7.78107072e-02+0.j  8.26908264e-11+0.j
   3.96735917e-03+0.j  6.85308138e-03+0.j  2.67754119e-01+0.j
  -2.13901466e-12+0.j  4.86163217e-01+0.j -2.39011888e-02+0.j
   3.99080036e-01+0.j  1.57367383e-11+0.j]
 [-6.22797196e-10+0.j  5.01058414e-02+0.j -2.50664237e-03+0.j
   1.45113404e-03+0.j -4.31872926e-10+0.j -7.78107079e-02+0.j
   6.85308129e-03+0.j -3.96735919e-03+0.j  4.73113215e-12+0.j
   2.67754119e-01+0.j -2.39011888e-02+0.j  5.13836783e-01+0.j
   6.85452389e-12+0.j  3.99080036e-01+0.j]
 [-5.13649949e-02+0.j -8.87261378e-02+0.j  5.01058412e-02+0.j
   2.79371004e-09+0.j  5.47868636e-02+0.j  9.46369652e-02+0.j
  -1.28300267e-01+0.j  1.56640499e-12+0.j -5.99158347e-02+0.j
  -1.03496575e-01+0.j  3.99080036e-01+0.j  6.85448920e-12+0.j
   5.74405785e-01+0.j  1.28526023e-01+0.j]
 [-8.87261440e-02+0.j  5.13649949e-02+0.j  5.77188496e-10+0.j
   5.01058468e-02+0.j  9.46369658e-02+0.j -5.47868636e-02+0.j
  -9.93481339e-12+0.j -1.28300267e-01+0.j -1.03496575e-01+0.j
   5.99158347e-02+0.j  1.57367591e-11+0.j  3.99080036e-01+0.j
   1.28526023e-01+0.j  4.25594215e-01+0.j]]
W= [0.18021854+0.j 0.21140498+0.j 0.19877305+0.j 0.21376124+0.j
 0.19877305+0.j 0.21140498+0.j 0.18021854+0.j]
local approximation with  1 sites
local interactions on sites [[0], [1], [2], [3], [4], [5], [6]]
Functional for interaction on sites [0]
aca-directory for images already exists
aca-directory for images already exists
aca-directory for images already exists
interacting orbitals: [0, 1]
mapping: [0, 1, 2, 3, 4, 5, 6, 7, 8, 9, 10, 11, 12, 13]
aca-directory for images already exists
aca-directory for images already exists
aca-directory for images already exists
orbinteractaca= [0, 1]
aca-directory for images already exists
aca-directory for images already exists
aca-directory for images already exists
aca-directory for images already exists
aca-directory for images already exists
aca-directory for images already exists
aca-directory for images already exists
aca-directory for images already exists
aca-directory for images already exists
aca-directory for images already exists
aca-directory for images already exists
aca-directory for images already exists
aca-directory for images already exists
aca-directory for images already exists
aca-directory for images already exists
aca-directory for images already exists
aca-directory for images already exists
aca-directory for images already exists
aca-directory for images already exists
aca-directory for images already exists
aca-directory for images already exists
aca-directory for images already exists
aca-directory for images already exists
aca-directory for images already exists
aca-directory for images already exists
aca-directory for images already exists
aca-directory for images already exists
aca-directory for images already exists
aca-directory for images already exists
aca-directory for images already exists
aca-directory for images already exists
aca-directory for images already exists
aca-directory for images already exists
aca-directory for images already exists
aca-directory for images already exists
aca-directory for images already exists
aca-directory for images already exists
aca-directory for images already exists
aca-directory for images already exists
aca: level 6  norb= 14
Daca= [[ 5.74405785e-01+0.j  1.28526023e-01+0.j -4.63687745e-01+0.j
   5.77508291e-19+0.j  4.75526813e-18+0.j -5.80085075e-18+0.j
   2.86865953e-17+0.j  2.22740427e-19+0.j -1.54503483e-18+0.j
   1.82889988e-17+0.j -8.68613634e-18+0.j  4.01766716e-19+0.j
   7.19933237e-18+0.j  2.58749498e-17+0.j]
 [ 1.28526023e-01+0.j  4.25594215e-01+0.j  1.10612400e-09+0.j
  -4.63687743e-01+0.j  1.45487358e-17+0.j -5.68455200e-18+0.j
   2.20527589e-19+0.j -6.74403158e-18+0.j -1.31886237e-17+0.j
  -9.25588372e-18+0.j  5.39603809e-20+0.j -6.41584338e-18+0.j
  -1.00933193e-17+0.j  8.65013263e-18+0.j]
 [-4.63687745e-01+0.j  1.10612403e-09+0.j  4.26830452e-01+0.j
  -1.26390591e-01+0.j  7.44921730e-03+0.j -1.84233424e-19+0.j
   1.96396568e-19+0.j  2.41969786e-19+0.j -2.96500138e-19+0.j
   1.03057745e-20+0.j -2.24994448e-20+0.j  3.43731687e-20+0.j
   2.55562943e-20+0.j  1.97223230e-22+0.j]
 [ 3.52719778e-17+0.j -4.63687743e-01+0.j -1.26390591e-01+0.j
   5.73169548e-01+0.j  2.95781314e-09+0.j  7.44922238e-03+0.j
   6.29089352e-20+0.j -1.36532918e-19+0.j -2.65516445e-20+0.j
   3.85485663e-19+0.j  2.83310907e-19+0.j  1.88658110e-19+0.j
   1.65040493e-21+0.j  3.33041930e-20+0.j]
 [ 3.10138861e-17+0.j  9.56470583e-17+0.j  7.44921730e-03+0.j
   2.95781316e-09+0.j  4.78207561e-01+0.j -3.76434811e-02+0.j
   4.86605849e-01+0.j  6.18325591e-18+0.j -2.31763929e-17+0.j
  -3.41885992e-17+0.j -5.68032762e-17+0.j -1.18656092e-18+0.j
   1.53729592e-17+0.j  7.31656602e-18+0.j]
 [ 1.11127031e-17+0.j -1.69361415e-16+0.j  8.80035440e-17+0.j
   7.44922238e-03+0.j -3.76434811e-02+0.j  5.21792447e-01+0.j
  -9.79636275e-10+0.j  4.86605845e-01+0.j  1.48794663e-17+0.j
   2.17265154e-18+0.j  5.28693157e-18+0.j  1.70015441e-17+0.j
   3.94295225e-17+0.j -4.23034347e-18+0.j]
 [ 3.96678581e-18+0.j  6.84829676e-17+0.j -1.79133277e-17+0.j
   5.15239159e-17+0.j  4.86605849e-01+0.j -9.79636238e-10+0.j
   5.23232592e-01+0.j  4.01311540e-02+0.j  4.87589965e-03+0.j
  -1.59745330e-19+0.j  1.66386030e-19+0.j  1.60032753e-19+0.j
   8.02242416e-20+0.j -2.96259358e-20+0.j]
 [ 8.02899607e-18+0.j  1.59083444e-16+0.j -3.66981739e-17+0.j
   5.81804600e-17+0.j -5.62856812e-19+0.j  4.86605845e-01+0.j
   4.01311540e-02+0.j  4.76767400e-01+0.j -1.49981718e-09+0.j
   4.87589713e-03+0.j -1.36435119e-19+0.j  5.62367967e-20+0.j
  -4.19693756e-20+0.j  2.86987797e-20+0.j]
 [-8.88268345e-17+0.j -1.09465777e-16+0.j  4.66665366e-18+0.j
  -2.28694371e-17+0.j -8.35382166e-17+0.j -9.61428374e-17+0.j
   4.87589965e-03+0.j -1.49981713e-09+0.j  6.25314922e-01+0.j
   2.16464605e-01+0.j  4.23673705e-01+0.j -9.77746730e-18+0.j
   5.67562659e-17+0.j  1.94665253e-16+0.j]
 [-6.45440471e-17+0.j -2.61540980e-17+0.j -1.52442397e-17+0.j
  -2.57464748e-16+0.j -5.08288381e-17+0.j -6.85446376e-18+0.j
   7.81442803e-18+0.j  4.87589713e-03+0.j  2.16464605e-01+0.j
   3.74685081e-01+0.j -1.56390896e-10+0.j  4.23673709e-01+0.j
  -1.37601946e-17+0.j  4.22457234e-17+0.j]
 [-9.13023419e-17+0.j -2.67907848e-17+0.j  1.07064021e-16+0.j
   4.44752522e-17+0.j -1.60339192e-16+0.j  1.26443829e-16+0.j
  -9.73781403e-18+0.j  2.03181586e-17+0.j  4.23673705e-01+0.j
  -1.56390841e-10+0.j  3.74548039e-01+0.j -2.16701324e-01+0.j
   9.96037408e-04+0.j -1.63416188e-25+0.j]
 [ 2.78701150e-18+0.j -1.17623067e-16+0.j  9.53701171e-17+0.j
  -3.34391263e-17+0.j  4.76163393e-17+0.j  3.59681809e-17+0.j
  -2.80708114e-17+0.j -1.55373342e-16+0.j -6.31255365e-17+0.j
   4.23673709e-01+0.j -2.16701324e-01+0.j  6.25451957e-01+0.j
  -2.06438884e-09+0.j -9.96033914e-04+0.j]
 [ 7.56767393e-17+0.j  7.31734075e-17+0.j  2.58663992e-17+0.j
   2.49241145e-17+0.j  1.50433566e-16+0.j  2.61474131e-16+0.j
  -5.67091302e-17+0.j -5.87490108e-19+0.j -6.72245859e-17+0.j
   3.15499404e-17+0.j  9.96037408e-04+0.j -2.06438889e-09+0.j
   7.47969386e-01+0.j -4.28332198e-01+0.j]
 [ 8.13861011e-17+0.j  7.00937474e-18+0.j  1.33137519e-17+0.j
   2.02356580e-16+0.j  2.21926636e-16+0.j -4.21464393e-17+0.j
   7.13207488e-17+0.j -2.21701968e-17+0.j -9.82471766e-18+0.j
   1.44901478e-17+0.j  3.64601170e-17+0.j -9.96033914e-04+0.j
  -4.28332198e-01+0.j  2.52030614e-01+0.j]]
Naca= (3.750508737826088, 3.2494912621739114)
nq= 14
variational state:
        ┌──────────┐┌───────────┐┌───┐     ┌───────────┐┌───────────┐»
 q0_0: ─┤ Ry(y[0]) ├┤ Rz(y[14]) ├┤ X ├──■──┤ Ry(y[28]) ├┤ Rz(y[42]) ├»
        ├──────────┤├───────────┤└─┬─┘┌─┴─┐└───────────┘├───────────┤»
 q0_1: ─┤ Ry(y[1]) ├┤ Rz(y[15]) ├──┼──┤ X ├──────■──────┤ Ry(y[29]) ├»
        ├──────────┤├───────────┤  │  └───┘    ┌─┴─┐    └───────────┘»
 q0_2: ─┤ Ry(y[2]) ├┤ Rz(y[16]) ├──┼───────────┤ X ├──────────■──────»
        ├──────────┤├───────────┤  │           └───┘        ┌─┴─┐    »
 q0_3: ─┤ Ry(y[3]) ├┤ Rz(y[17]) ├──┼────────────────────────┤ X ├────»
        ├──────────┤├───────────┤  │                        └───┘    »
 q0_4: ─┤ Ry(y[4]) ├┤ Rz(y[18]) ├──┼─────────────────────────────────»
        ├──────────┤├───────────┤  │                                 »
 q0_5: ─┤ Ry(y[5]) ├┤ Rz(y[19]) ├──┼─────────────────────────────────»
        ├──────────┤├───────────┤  │                                 »
 q0_6: ─┤ Ry(y[6]) ├┤ Rz(y[20]) ├──┼─────────────────────────────────»
        ├──────────┤├───────────┤  │                                 »
 q0_7: ─┤ Ry(y[7]) ├┤ Rz(y[21]) ├──┼─────────────────────────────────»
        ├──────────┤├───────────┤  │                                 »
 q0_8: ─┤ Ry(y[8]) ├┤ Rz(y[22]) ├──┼─────────────────────────────────»
        ├──────────┤├───────────┤  │                                 »
 q0_9: ─┤ Ry(y[9]) ├┤ Rz(y[23]) ├──┼─────────────────────────────────»
       ┌┴──────────┤├───────────┤  │                                 »
q0_10: ┤ Ry(y[10]) ├┤ Rz(y[24]) ├──┼─────────────────────────────────»
       ├───────────┤├───────────┤  │                                 »
q0_11: ┤ Ry(y[11]) ├┤ Rz(y[25]) ├──┼─────────────────────────────────»
       ├───────────┤├───────────┤  │                                 »
q0_12: ┤ Ry(y[12]) ├┤ Rz(y[26]) ├──┼─────────────────────────────────»
       ├───────────┤├───────────┤  │                                 »
q0_13: ┤ Ry(y[13]) ├┤ Rz(y[27]) ├──■─────────────────────────────────»
       └───────────┘└───────────┘                                    »
c0: 14/══════════════════════════════════════════════════════════════»
                                                                     »
«                                                                        »
« q0_0: ─────────────────────────────────────────────────────────────────»
«       ┌───────────┐                                                    »
« q0_1: ┤ Rz(y[43]) ├────────────────────────────────────────────────────»
«       ├───────────┤┌───────────┐                                       »
« q0_2: ┤ Ry(y[30]) ├┤ Rz(y[44]) ├───────────────────────────────────────»
«       └───────────┘├───────────┤┌───────────┐                          »
« q0_3: ──────■──────┤ Ry(y[31]) ├┤ Rz(y[45]) ├──────────────────────────»
«           ┌─┴─┐    └───────────┘├───────────┤┌───────────┐             »
« q0_4: ────┤ X ├──────────■──────┤ Ry(y[32]) ├┤ Rz(y[46]) ├─────────────»
«           └───┘        ┌─┴─┐    └───────────┘├───────────┤┌───────────┐»
« q0_5: ─────────────────┤ X ├──────────■──────┤ Ry(y[33]) ├┤ Rz(y[47]) ├»
«                        └───┘        ┌─┴─┐    └───────────┘├───────────┤»
« q0_6: ──────────────────────────────┤ X ├──────────■──────┤ Ry(y[34]) ├»
«                                     └───┘        ┌─┴─┐    └───────────┘»
« q0_7: ───────────────────────────────────────────┤ X ├──────────■──────»
«                                                  └───┘        ┌─┴─┐    »
« q0_8: ────────────────────────────────────────────────────────┤ X ├────»
«                                                               └───┘    »
« q0_9: ─────────────────────────────────────────────────────────────────»
«                                                                        »
«q0_10: ─────────────────────────────────────────────────────────────────»
«                                                                        »
«q0_11: ─────────────────────────────────────────────────────────────────»
«                                                                        »
«q0_12: ─────────────────────────────────────────────────────────────────»
«                                                                        »
«q0_13: ─────────────────────────────────────────────────────────────────»
«                                                                        »
«c0: 14/═════════════════════════════════════════════════════════════════»
«                                                                        »
«                                                                        »
« q0_0: ─────────────────────────────────────────────────────────────────»
«                                                                        »
« q0_1: ─────────────────────────────────────────────────────────────────»
«                                                                        »
« q0_2: ─────────────────────────────────────────────────────────────────»
«                                                                        »
« q0_3: ─────────────────────────────────────────────────────────────────»
«                                                                        »
« q0_4: ─────────────────────────────────────────────────────────────────»
«                                                                        »
« q0_5: ─────────────────────────────────────────────────────────────────»
«       ┌───────────┐                                                    »
« q0_6: ┤ Rz(y[48]) ├────────────────────────────────────────────────────»
«       ├───────────┤┌───────────┐                                       »
« q0_7: ┤ Ry(y[35]) ├┤ Rz(y[49]) ├───────────────────────────────────────»
«       └───────────┘├───────────┤┌───────────┐                          »
« q0_8: ──────■──────┤ Ry(y[36]) ├┤ Rz(y[50]) ├──────────────────────────»
«           ┌─┴─┐    └───────────┘├───────────┤┌───────────┐             »
« q0_9: ────┤ X ├──────────■──────┤ Ry(y[37]) ├┤ Rz(y[51]) ├─────────────»
«           └───┘        ┌─┴─┐    └───────────┘├───────────┤┌───────────┐»
«q0_10: ─────────────────┤ X ├──────────■──────┤ Ry(y[38]) ├┤ Rz(y[52]) ├»
«                        └───┘        ┌─┴─┐    └───────────┘├───────────┤»
«q0_11: ──────────────────────────────┤ X ├──────────■──────┤ Ry(y[39]) ├»
«                                     └───┘        ┌─┴─┐    └───────────┘»
«q0_12: ───────────────────────────────────────────┤ X ├──────────■──────»
«                                                  └───┘        ┌─┴─┐    »
«q0_13: ────────────────────────────────────────────────────────┤ X ├────»
«                                                               └───┘    »
«c0: 14/═════════════════════════════════════════════════════════════════»
«                                                                        »
«                                 ┌───┐     ┌───────────┐┌───────────┐»
« q0_0: ──────────────────────────┤ X ├──■──┤ Ry(y[56]) ├┤ Rz(y[70]) ├»
«                                 └─┬─┘┌─┴─┐└───────────┘├───────────┤»
« q0_1: ────────────────────────────┼──┤ X ├──────■──────┤ Ry(y[57]) ├»
«                                   │  └───┘    ┌─┴─┐    └───────────┘»
« q0_2: ────────────────────────────┼───────────┤ X ├──────────■──────»
«                                   │           └───┘        ┌─┴─┐    »
« q0_3: ────────────────────────────┼────────────────────────┤ X ├────»
«                                   │                        └───┘    »
« q0_4: ────────────────────────────┼─────────────────────────────────»
«                                   │                                 »
« q0_5: ────────────────────────────┼─────────────────────────────────»
«                                   │                                 »
« q0_6: ────────────────────────────┼─────────────────────────────────»
«                                   │                                 »
« q0_7: ────────────────────────────┼─────────────────────────────────»
«                                   │                                 »
« q0_8: ────────────────────────────┼─────────────────────────────────»
«                                   │                                 »
« q0_9: ────────────────────────────┼─────────────────────────────────»
«                                   │                                 »
«q0_10: ────────────────────────────┼─────────────────────────────────»
«       ┌───────────┐               │                                 »
«q0_11: ┤ Rz(y[53]) ├───────────────┼─────────────────────────────────»
«       ├───────────┤┌───────────┐  │                                 »
«q0_12: ┤ Ry(y[40]) ├┤ Rz(y[54]) ├──┼─────────────────────────────────»
«       ├───────────┤├───────────┤  │                                 »
«q0_13: ┤ Ry(y[41]) ├┤ Rz(y[55]) ├──■─────────────────────────────────»
«       └───────────┘└───────────┘                                    »
«c0: 14/══════════════════════════════════════════════════════════════»
«                                                                     »
«                                                                        »
« q0_0: ─────────────────────────────────────────────────────────────────»
«       ┌───────────┐                                                    »
« q0_1: ┤ Rz(y[71]) ├────────────────────────────────────────────────────»
«       ├───────────┤┌───────────┐                                       »
« q0_2: ┤ Ry(y[58]) ├┤ Rz(y[72]) ├───────────────────────────────────────»
«       └───────────┘├───────────┤┌───────────┐                          »
« q0_3: ──────■──────┤ Ry(y[59]) ├┤ Rz(y[73]) ├──────────────────────────»
«           ┌─┴─┐    └───────────┘├───────────┤┌───────────┐             »
« q0_4: ────┤ X ├──────────■──────┤ Ry(y[60]) ├┤ Rz(y[74]) ├─────────────»
«           └───┘        ┌─┴─┐    └───────────┘├───────────┤┌───────────┐»
« q0_5: ─────────────────┤ X ├──────────■──────┤ Ry(y[61]) ├┤ Rz(y[75]) ├»
«                        └───┘        ┌─┴─┐    └───────────┘├───────────┤»
« q0_6: ──────────────────────────────┤ X ├──────────■──────┤ Ry(y[62]) ├»
«                                     └───┘        ┌─┴─┐    └───────────┘»
« q0_7: ───────────────────────────────────────────┤ X ├──────────■──────»
«                                                  └───┘        ┌─┴─┐    »
« q0_8: ────────────────────────────────────────────────────────┤ X ├────»
«                                                               └───┘    »
« q0_9: ─────────────────────────────────────────────────────────────────»
«                                                                        »
«q0_10: ─────────────────────────────────────────────────────────────────»
«                                                                        »
«q0_11: ─────────────────────────────────────────────────────────────────»
«                                                                        »
«q0_12: ─────────────────────────────────────────────────────────────────»
«                                                                        »
«q0_13: ─────────────────────────────────────────────────────────────────»
«                                                                        »
«c0: 14/═════════════════════════════════════════════════════════════════»
«                                                                        »
«                                                                        »
« q0_0: ─────────────────────────────────────────────────────────────────»
«                                                                        »
« q0_1: ─────────────────────────────────────────────────────────────────»
«                                                                        »
« q0_2: ─────────────────────────────────────────────────────────────────»
«                                                                        »
« q0_3: ─────────────────────────────────────────────────────────────────»
«                                                                        »
« q0_4: ─────────────────────────────────────────────────────────────────»
«                                                                        »
« q0_5: ─────────────────────────────────────────────────────────────────»
«       ┌───────────┐                                                    »
« q0_6: ┤ Rz(y[76]) ├────────────────────────────────────────────────────»
«       ├───────────┤┌───────────┐                                       »
« q0_7: ┤ Ry(y[63]) ├┤ Rz(y[77]) ├───────────────────────────────────────»
«       └───────────┘├───────────┤┌───────────┐                          »
« q0_8: ──────■──────┤ Ry(y[64]) ├┤ Rz(y[78]) ├──────────────────────────»
«           ┌─┴─┐    └───────────┘├───────────┤┌───────────┐             »
« q0_9: ────┤ X ├──────────■──────┤ Ry(y[65]) ├┤ Rz(y[79]) ├─────────────»
«           └───┘        ┌─┴─┐    └───────────┘├───────────┤┌───────────┐»
«q0_10: ─────────────────┤ X ├──────────■──────┤ Ry(y[66]) ├┤ Rz(y[80]) ├»
«                        └───┘        ┌─┴─┐    └───────────┘├───────────┤»
«q0_11: ──────────────────────────────┤ X ├──────────■──────┤ Ry(y[67]) ├»
«                                     └───┘        ┌─┴─┐    └───────────┘»
«q0_12: ───────────────────────────────────────────┤ X ├──────────■──────»
«                                                  └───┘        ┌─┴─┐    »
«q0_13: ────────────────────────────────────────────────────────┤ X ├────»
«                                                               └───┘    »
«c0: 14/═════════════════════════════════════════════════════════════════»
«                                                                        »
«                                 
« q0_0: ──────────────────────────
«                                 
« q0_1: ──────────────────────────
«                                 
« q0_2: ──────────────────────────
«                                 
« q0_3: ──────────────────────────
«                                 
« q0_4: ──────────────────────────
«                                 
« q0_5: ──────────────────────────
«                                 
« q0_6: ──────────────────────────
«                                 
« q0_7: ──────────────────────────
«                                 
« q0_8: ──────────────────────────
«                                 
« q0_9: ──────────────────────────
«                                 
«q0_10: ──────────────────────────
«       ┌───────────┐             
«q0_11: ┤ Rz(y[81]) ├─────────────
«       ├───────────┤┌───────────┐
«q0_12: ┤ Ry(y[68]) ├┤ Rz(y[82]) ├
«       ├───────────┤├───────────┤
«q0_13: ┤ Ry(y[69]) ├┤ Rz(y[83]) ├
«       └───────────┘└───────────┘
«c0: 14/══════════════════════════
«                                 
ansatz-state is written to ansatz.txt
building constraints...
number of constraints= 196
unique pauliops 378
graphclique-cliquecover: 378 with commutationmode disjointqubits
strategy largest_first 258
strategy random_sequential 258
strategy smallest_last 258
strategy independent_set 260
strategy connected_sequential_bfs 258
strategy connected_sequential_dfs 258
strategy saturation_largest_first 258
number of cliques 258
clique 0 ['IIXIXYYIIIXIXX', 'IIIIIIIIIIIZII', 'IIIIIIIYYXIIII', 'IIIZIIIIIIIIII', 'ZXIIIIIIIIIIII']
clique 1 ['IIXIXXYIIIXIXY', 'IIIIIIIIIIIXII', 'IIIIIIIXYYIIII', 'IIIXIIIIIIIIII', 'ZYIIIIIIIIIIII']
clique 2 ['IIXIXXYIIIXIXX', 'IIIIIIIIIIIYII', 'IIIIIIIXYXIIII', 'IIIYIIIIIIIIII', 'ZZIIIIIIIIIIII']
clique 3 ['IIXIXYYIIIXIXY', 'IIIIIIIYYYIIII', 'IZIIIIIIIIIIII']
clique 4 ['IIXIXZYIIIXIXY', 'IIIIIIIZYYIIII', 'IXIIIIIIIIIIII']
clique 5 ['IIXIXZYIIIXIXX', 'IIIIIIIZYXIIII', 'IYIIIIIIIIIIII']
clique 6 ['IIXYZIYIIIXIXX', 'IIIIIIIYYZIIII', 'IIIIIZIIIIIIII']
clique 7 ['IIXXZIYIIIXIXY', 'IIIIIIIXYZIIII', 'IIIIIXIIIIIIII']
clique 8 ['IIXXZIYIIIXIXX', 'IIIIIIIZYZIIII', 'IIIIIYIIIIIIII']
clique 9 ['IIXYZIYIIIXIXY', 'IIIIIIIIZXIIII', 'IIIIIIIZIIIIII']
clique 10 ['IIXZZIYIIIXIXY', 'IIIIIIIIZYIIII', 'IIIIIIIXIIIIII']
clique 11 ['IIXZZIYIIIXIXX', 'IIIIIIIIZZIIII', 'IIIIIIIYIIIIII']
clique 12 ['IIXIXYYIIIXIXZ', 'IIIIIIIIIZIIII', 'IIIIIIIXXIIIII']
clique 13 ['IIXIXXYIIIXIXZ', 'IIIIIIIIIXIIII', 'IIIIIIIYXIIIII']
clique 14 ['IIXIXZYIIIXIXZ', 'IIIIIIIIIYIIII', 'IIIIIIIZXIIIII']
clique 15 ['IIXYZIYIIIXIXZ']
clique 16 ['IIXXZIYIIIXIXZ']
clique 17 ['IIXZZIYIIIXIXZ']
clique 18 ['IIIIIIIIIIIIIZ', 'IIXIXYYIIIXXZI']
clique 19 ['IIIIIIIIIIIIIX', 'IIXIXXYIIIXYZI']
clique 20 ['IIIIIIIIIIIIIY', 'IIXIXXYIIIXXZI']
clique 21 ['IIXIXYYIIIXYZI']
clique 22 ['IIXIXZYIIIXYZI']
clique 23 ['IIXIXZYIIIXXZI']
clique 24 ['IIXYZIYIIIXXZI']
clique 25 ['IIXXZIYIIIXYZI']
clique 26 ['IIXXZIYIIIXXZI']
clique 27 ['IIXYZIYIIIXYZI']
clique 28 ['IIXZZIYIIIXYZI']
clique 29 ['IIXZZIYIIIXXZI']
clique 30 ['IIXIXYYIIIXZZI']
clique 31 ['IIXIXXYIIIXZZI']
clique 32 ['IIXIXZYIIIXZZI']
clique 33 ['IIXYZIYIIIXZZI']
clique 34 ['IIXXZIYIIIXZZI']
clique 35 ['IIXZZIYIIIXZZI']
clique 36 ['IIIIIIIIIIIYYX', 'IIXIXYYIXXZIII']
clique 37 ['IIIIIIIIIIIXYY', 'IIXIXXYIXYZIII']
clique 38 ['IIIIIIIIIIIXYX', 'IIXIXXYIXXZIII']
clique 39 ['IIIIIIIIIIIYYY', 'IIXIXYYIXYZIII']
clique 40 ['IIIIIIIIIIIZYY', 'IIXIXZYIXYZIII']
clique 41 ['IIIIIIIIIIIZYX', 'IIXIXZYIXXZIII']
clique 42 ['IIIIIIIIIIIYYZ', 'IIXYZIYIXXZIII']
clique 43 ['IIIIIIIIIIIXYZ', 'IIXXZIYIXYZIII']
clique 44 ['IIIIIIIIIIIZYZ', 'IIXXZIYIXXZIII']
clique 45 ['IIIIIIIIIIIIZX', 'IIXYZIYIXYZIII']
clique 46 ['IIIIIIIIIIIIZY', 'IIXZZIYIXYZIII']
clique 47 ['IIIIIIIIIIIIZZ', 'IIXZZIYIXXZIII']
clique 48 ['IIIIIIIIIIIXXI', 'IIXIXYYIXZZIII']
clique 49 ['IIIIIIIIIIIYXI', 'IIXIXXYIXZZIII']
clique 50 ['IIIIIIIIIIIZXI', 'IIXIXZYIXZZIII']
clique 51 ['IIXYZIYIXZZIII']
clique 52 ['IIXXZIYIXZZIII']
clique 53 ['IIXZZIYIXZZIII']
clique 54 ['IIXIXYYXZIZIII']
clique 55 ['IIXIXXYYZIZIII']
clique 56 ['IIXIXXYXZIZIII']
clique 57 ['IIXIXYYYZIZIII']
clique 58 ['IIXIXZYYZIZIII']
clique 59 ['IIXIXZYXZIZIII']
clique 60 ['IIXYZIYXZIZIII']
clique 61 ['IIXXZIYYZIZIII']
clique 62 ['IIXXZIYXZIZIII']
clique 63 ['IIXYZIYYZIZIII']
clique 64 ['IIXZZIYYZIZIII']
clique 65 ['IIXZZIYXZIZIII']
clique 66 ['IIXIXYYZZIZIII']
clique 67 ['IIXIXXYZZIZIII']
clique 68 ['IIXIXZYZZIZIII']
clique 69 ['IIXYZIYZZIZIII']
clique 70 ['IIXXZIYZZIZIII']
clique 71 ['IIXZZIYZZIZIII']
clique 72 ['IIXIYIYIIIXIXX']
clique 73 ['IIXIYIYIIIXIXY']
clique 74 ['IIXIXXYIIIXIYI']
clique 75 ['IIXIXYYIIIXIYI']
clique 76 ['IIXIXZYIIIXIYI']
clique 77 ['IIXIYIYIIIXIXZ']
clique 78 ['IIXXZIYIIIXIYI']
clique 79 ['IIXYZIYIIIXIYI']
clique 80 ['IIXZZIYIIIXIYI']
clique 81 ['IIXIYIYIIIXXZI']
clique 82 ['IIXIYIYIIIXYZI']
clique 83 ['IIXIYIYIIIXZZI']
clique 84 ['IIXIYIYIXXZIII']
clique 85 ['IIXIYIYIXYZIII']
clique 86 ['IIXIXXYIYIZIII']
clique 87 ['IIXIXYYIYIZIII']
clique 88 ['IIXIXZYIYIZIII']
clique 89 ['IIXIYIYIXZZIII']
clique 90 ['IIXXZIYIYIZIII']
clique 91 ['IIXYZIYIYIZIII']
clique 92 ['IIXZZIYIYIZIII']
clique 93 ['IIXIYIYXZIZIII']
clique 94 ['IIXIYIYYZIZIII']
clique 95 ['IIXIYIYZZIZIII']
clique 96 ['IIXIYIYIIIXIYI']
clique 97 ['IIXIYIYIYIZIII']
clique 98 ['XYZIIIYIIIXIXX', 'IIIYYXIIIIIIII']
clique 99 ['XXZIIIYIIIXIXY', 'IIIXYYIIIIIIII']
clique 100 ['XXZIIIYIIIXIXX', 'IIIXYXIIIIIIII']
clique 101 ['XYZIIIYIIIXIXY', 'IIIYYYIIIIIIII']
clique 102 ['XZZIIIYIIIXIXY', 'IIIZYYIIIIIIII']
clique 103 ['XZZIIIYIIIXIXX', 'IIIZYXIIIIIIII']
clique 104 ['XYZIIIYIIIXIXZ', 'IIIYYZIIIIIIII']
clique 105 ['XXZIIIYIIIXIXZ', 'IIIXYZIIIIIIII']
clique 106 ['XZZIIIYIIIXIXZ', 'IIIZYZIIIIIIII']
clique 107 ['XYZIIIYIIIXXZI', 'IIIIZXIIIIIIII']
clique 108 ['XXZIIIYIIIXYZI', 'IIIIZYIIIIIIII']
clique 109 ['XXZIIIYIIIXXZI', 'IIIIZZIIIIIIII']
clique 110 ['XYZIIIYIIIXYZI', 'IIIXXIIIIIIIII']
clique 111 ['XZZIIIYIIIXYZI', 'IIIYXIIIIIIIII']
clique 112 ['XZZIIIYIIIXXZI', 'IIIZXIIIIIIIII']
clique 113 ['XYZIIIYIIIXZZI']
clique 114 ['XXZIIIYIIIXZZI']
clique 115 ['XZZIIIYIIIXZZI']
clique 116 ['XYZIIIYIXXZIII']
clique 117 ['XXZIIIYIXYZIII']
clique 118 ['XXZIIIYIXXZIII']
clique 119 ['XYZIIIYIXYZIII']
clique 120 ['XZZIIIYIXYZIII']
clique 121 ['XZZIIIYIXXZIII']
clique 122 ['XYZIIIYIXZZIII']
clique 123 ['XXZIIIYIXZZIII']
clique 124 ['XZZIIIYIXZZIII']
clique 125 ['XYZIIIYXZIZIII']
clique 126 ['XXZIIIYYZIZIII']
clique 127 ['XXZIIIYXZIZIII']
clique 128 ['XYZIIIYYZIZIII']
clique 129 ['XZZIIIYYZIZIII']
clique 130 ['XZZIIIYXZIZIII']
clique 131 ['XYZIIIYZZIZIII']
clique 132 ['XXZIIIYZZIZIII']
clique 133 ['XZZIIIYZZIZIII']
clique 134 ['YIZIIIYIIIXIXX']
clique 135 ['YIZIIIYIIIXIXY']
clique 136 ['XXZIIIYIIIXIYI']
clique 137 ['XYZIIIYIIIXIYI']
clique 138 ['XZZIIIYIIIXIYI']
clique 139 ['YIZIIIYIIIXIXZ']
clique 140 ['YIZIIIYIIIXXZI']
clique 141 ['YIZIIIYIIIXYZI']
clique 142 ['YIZIIIYIIIXZZI']
clique 143 ['YIZIIIYIXXZIII']
clique 144 ['YIZIIIYIXYZIII']
clique 145 ['XXZIIIYIYIZIII']
clique 146 ['XYZIIIYIYIZIII']
clique 147 ['XZZIIIYIYIZIII']
clique 148 ['YIZIIIYIXZZIII']
clique 149 ['YIZIIIYXZIZIII']
clique 150 ['YIZIIIYYZIZIII']
clique 151 ['YIZIIIYZZIZIII']
clique 152 ['IIYIIIYIIIXIXX']
clique 153 ['IIYIIIYIIIXIXY']
clique 154 ['IIYIIIYIIIXIXZ']
clique 155 ['YIZIIIYIIIXIYI']
clique 156 ['IIYIIIYIIIXXZI']
clique 157 ['IIYIIIYIIIXYZI']
clique 158 ['IIXIXXYIIIYIII']
clique 159 ['IIXIXYYIIIYIII']
clique 160 ['IIXIXZYIIIYIII']
clique 161 ['IIXXZIYIIIYIII']
clique 162 ['IIXYZIYIIIYIII']
clique 163 ['IIXZZIYIIIYIII']
clique 164 ['IIYIIIYIIIXZZI']
clique 165 ['IIYIIIYIXXZIII']
clique 166 ['IIYIIIYIXYZIII']
clique 167 ['IIYIIIYIXZZIII']
clique 168 ['YIZIIIYIYIZIII']
clique 169 ['IIYIIIYXZIZIII']
clique 170 ['IIYIIIYYZIZIII']
clique 171 ['IIYIIIYZZIZIII']
clique 172 ['IIYIIIYIIIXIYI']
clique 173 ['IIXIYIYIIIYIII']
clique 174 ['IIYIIIYIYIZIII']
clique 175 ['XXZIIIYIIIYIII']
clique 176 ['XYZIIIYIIIYIII']
clique 177 ['XZZIIIYIIIYIII']
clique 178 ['YIZIIIYIIIYIII']
clique 179 ['IIYIIIYIIIYIII']
clique 180 ['IIIIIIIIXYYIXX', 'IIXIXXXIIIIIII']
clique 181 ['IIIIIIIIXXYIXY', 'IIXIXYXIIIIIII']
clique 182 ['IIIIIIIIXXYIXX', 'IIXIXZXIIIIIII']
clique 183 ['IIIIIIIIXYYIXY', 'IIXXZIXIIIIIII']
clique 184 ['IIIIIIIIXZYIXY', 'IIXYZIXIIIIIII']
clique 185 ['IIIIIIIIXZYIXX', 'IIXZZIXIIIIIII']
clique 186 ['IIIIIIIYZIYIXX', 'IIXIYIXIIIIIII']
clique 187 ['IIIIIIIXZIYIXY', 'XYYIXXIIIIIIII']
clique 188 ['IIIIIIIXZIYIXX', 'XXYIXYIIIIIIII']
clique 189 ['IIIIIIIYZIYIXY', 'XXYIXXIIIIIIII']
clique 190 ['IIIIIIIZZIYIXY', 'XYYIXYIIIIIIII']
clique 191 ['IIIIIIIZZIYIXX', 'XZYIXYIIIIIIII']
clique 192 ['IIIIIIIIXYYIXZ', 'XZYIXXIIIIIIII']
clique 193 ['IIIIIIIIXXYIXZ', 'XYYIXZIIIIIIII']
clique 194 ['IIIIIIIIXZYIXZ', 'XXYIXZIIIIIIII']
clique 195 ['IIIIIIIYZIYIXZ', 'XZYIXZIIIIIIII']
clique 196 ['IIIIIIIXZIYIXZ', 'XYYXZIIIIIIIII']
clique 197 ['IIIIIIIZZIYIXZ', 'XXYYZIIIIIIIII']
clique 198 ['IIIIIIIIXYYXZI', 'XXYXZIIIIIIIII']
clique 199 ['IIIIIIIIXXYYZI', 'XYYYZIIIIIIIII']
clique 200 ['IIIIIIIIXXYXZI', 'XZYYZIIIIIIIII']
clique 201 ['IIIIIIIIXYYYZI', 'XZYXZIIIIIIIII']
clique 202 ['IIIIIIIIXZYYZI', 'XYYZZIIIIIIIII']
clique 203 ['IIIIIIIIXZYXZI', 'XXYZZIIIIIIIII']
clique 204 ['IIIIIIIYZIYXZI', 'XZYZZIIIIIIIII']
clique 205 ['IIIIIIIXZIYYZI', 'XXZIIIXIIIIIII']
clique 206 ['IIIIIIIXZIYXZI', 'XYZIIIXIIIIIII']
clique 207 ['IIIIIIIYZIYYZI', 'XZZIIIXIIIIIII']
clique 208 ['IIIIIIIZZIYYZI', 'YIYIXXIIIIIIII']
clique 209 ['IIIIIIIZZIYXZI', 'YIYIXYIIIIIIII']
clique 210 ['IIIIIIIIXYYZZI', 'XXYIYIIIIIIIII']
clique 211 ['IIIIIIIIXXYZZI', 'XYYIYIIIIIIIII']
clique 212 ['IIIIIIIIXZYZZI', 'XZYIYIIIIIIIII']
clique 213 ['IIIIIIIYZIYZZI', 'YIYIXZIIIIIIII']
clique 214 ['IIIIIIIXZIYZZI', 'YIYXZIIIIIIIII']
clique 215 ['IIIIIIIZZIYZZI', 'YIYYZIIIIIIIII']
clique 216 ['IIIIIIIIYIYIXX', 'YIYZZIIIIIIIII']
clique 217 ['IIIIIIIIYIYIXY', 'YIZIIIXIIIIIII']
clique 218 ['IIIIIIIIXXYIYI', 'IIZIXXIIIIIIII']
clique 219 ['IIIIIIIIXYYIYI', 'IIZIXYIIIIIIII']
clique 220 ['IIIIIIIIXZYIYI', 'IIZIXZIIIIIIII']
clique 221 ['IIIIIIIIYIYIXZ', 'YIYIYIIIIIIIII']
clique 222 ['IIIIIIIXZIYIYI', 'IIZXZIIIIIIIII']
clique 223 ['IIIIIIIYZIYIYI', 'IIZYZIIIIIIIII']
clique 224 ['IIIIIIIZZIYIYI', 'IIZZZIIIIIIIII']
clique 225 ['IIIIIIIIYIYXZI', 'IIYIIIXIIIIIII']
clique 226 ['IIIIIIIIYIYYZI', 'IIZIYIIIIIIIII']
clique 227 ['IIIIIIIIYIYZZI', 'XXXIIIIIIIIIII']
clique 228 ['IIIIIIZIIIXIXX', 'XYXIIIIIIIIIII']
clique 229 ['IIIIIIZIIIXIXY', 'XZXIIIIIIIIIII']
clique 230 ['IIIIIIIIYIYIYI', 'YIXIIIIIIIIIII']
clique 231 ['IIIIIIZIIIXIXZ']
clique 232 ['IIIIIIZIIIXXZI']
clique 233 ['IIIIIIZIIIXYZI']
clique 234 ['IIIIIIZIIIXZZI']
clique 235 ['IIIIIIZIXXZIII']
clique 236 ['IIIIIIZIXYZIII']
clique 237 ['IIIIIIZIXZZIII']
clique 238 ['IIIIIIZXZIZIII']
clique 239 ['IIIIIIZYZIZIII']
clique 240 ['IIIIIIZZZIZIII']
clique 241 ['IIIIIIZIIIXIYI']
clique 242 ['IIIIIIZIYIZIII']
clique 243 ['IIIIIIIIIIZIXX']
clique 244 ['IIIIIIIIIIZIXY']
clique 245 ['IIIIIIIIIIZIXZ']
clique 246 ['IIIIIIIIIIZXZI']
clique 247 ['IIIIIIIIIIZYZI']
clique 248 ['IIIIIIIIIIZZZI']
clique 249 ['IIIIIIIIXXXIII']
clique 250 ['IIIIIIIIXYXIII']
clique 251 ['IIIIIIIIXZXIII']
clique 252 ['IIIIIIIXZIXIII']
clique 253 ['IIIIIIIYZIXIII']
clique 254 ['IIIIIIIZZIXIII']
clique 255 ['IIIIIIIIIIZIYI']
clique 256 ['IIIIIIIIYIXIII']
clique 257 ['IIIIIIZIIIYIII']
