GS energy with  DMRG -3.76354284740998
N= 3.0000000000000004
E= -3.76354284740998
D= [[ 2.29189822e-01+0.j  1.89031102e-02+0.j  3.45886277e-01+0.j
  -2.25224960e-12+0.j  2.20226338e-01+0.j -1.53722536e-02+0.j]
 [ 1.89031102e-02+0.j  7.70810178e-01+0.j -2.21063185e-13+0.j
   3.45886277e-01+0.j -1.53722536e-02+0.j -2.20226338e-01+0.j]
 [ 3.45886277e-01+0.j -2.21079665e-13+0.j  5.42834005e-01+0.j
  -2.98990207e-03+0.j  3.45886277e-01+0.j -1.94307071e-12+0.j]
 [-2.25226782e-12+0.j  3.45886277e-01+0.j -2.98990207e-03+0.j
   4.57165995e-01+0.j  4.58704168e-12+0.j  3.45886277e-01+0.j]
 [ 2.20226338e-01+0.j -1.53722536e-02+0.j  3.45886277e-01+0.j
   4.58704342e-12+0.j  2.29189822e-01+0.j  1.89031102e-02+0.j]
 [-1.53722536e-02+0.j -2.20226338e-01+0.j -1.94308025e-12+0.j
   3.45886277e-01+0.j  1.89031102e-02+0.j  7.70810178e-01+0.j]]
W= [0.14578878+0.j 0.21196981+0.j 0.14578878+0.j]
local approximation with  1 sites
local interactions on sites [[0], [1], [2]]
Functional for interaction on sites [0]
aca-directory for images already exists
aca-directory for images already exists
aca-directory for images already exists
interacting orbitals: [0, 1]
mapping: [0, 1, 2, 3, 4, 5]
aca-directory for images already exists
aca-directory for images already exists
aca-directory for images already exists
orbinteractaca= [0, 1]
aca-directory for images already exists
aca-directory for images already exists
aca-directory for images already exists
aca-directory for images already exists
aca-directory for images already exists
aca-directory for images already exists
aca-directory for images already exists
aca-directory for images already exists
aca-directory for images already exists
aca-directory for images already exists
aca-directory for images already exists
aca-directory for images already exists
aca-directory for images already exists
aca-directory for images already exists
aca-directory for images already exists
aca: level 2  norb= 6
Daca= [[ 2.29189822e-01+0.j  1.89031102e-02+0.j -4.10333112e-01+0.j
   5.73587663e-19+0.j -3.23341718e-17+0.j  6.82440426e-19+0.j]
 [ 1.89031102e-02+0.j  7.70810178e-01+0.j  2.33598516e-13+0.j
  -4.10333112e-01+0.j  1.27590902e-18+0.j  7.36938179e-18+0.j]
 [-4.10333112e-01+0.j  2.33603376e-13+0.j  7.65011978e-01+0.j
  -1.84983839e-02+0.j  3.06522849e-03+0.j  5.04870979e-29+0.j]
 [ 1.89791843e-17+0.j -4.10333112e-01+0.j -1.84983839e-02+0.j
   2.34988022e-01+0.j  2.82767848e-13+0.j -3.06522849e-03+0.j]
 [-8.93788125e-18+0.j  2.01854035e-17+0.j  3.06522849e-03+0.j
   2.82777042e-13+0.j  7.01184865e-03+0.j -3.44115921e-02+0.j]
 [-5.33909595e-18+0.j -3.94231994e-17+0.j  1.27059243e-17+0.j
  -3.06522849e-03+0.j -3.44115921e-02+0.j  9.92988151e-01+0.j]]
Naca= (1.0012136489699852, 1.9987863510300157)
nq= 6
variational state:
      ┌──────────┐ ┌──────────┐┌───┐     ┌───────────┐┌───────────┐»
q0_0: ┤ Ry(y[0]) ├─┤ Rz(y[6]) ├┤ X ├──■──┤ Ry(y[12]) ├┤ Rz(y[18]) ├»
      ├──────────┤ ├──────────┤└─┬─┘┌─┴─┐└───────────┘├───────────┤»
q0_1: ┤ Ry(y[1]) ├─┤ Rz(y[7]) ├──┼──┤ X ├──────■──────┤ Ry(y[13]) ├»
      ├──────────┤ ├──────────┤  │  └───┘    ┌─┴─┐    └───────────┘»
q0_2: ┤ Ry(y[2]) ├─┤ Rz(y[8]) ├──┼───────────┤ X ├──────────■──────»
      ├──────────┤ ├──────────┤  │           └───┘        ┌─┴─┐    »
q0_3: ┤ Ry(y[3]) ├─┤ Rz(y[9]) ├──┼────────────────────────┤ X ├────»
      ├──────────┤┌┴──────────┤  │                        └───┘    »
q0_4: ┤ Ry(y[4]) ├┤ Rz(y[10]) ├──┼─────────────────────────────────»
      ├──────────┤├───────────┤  │                                 »
q0_5: ┤ Ry(y[5]) ├┤ Rz(y[11]) ├──■─────────────────────────────────»
      └──────────┘└───────────┘                                    »
c0: 6/═════════════════════════════════════════════════════════════»
                                                                   »
«                                                          ┌───┐     »
«q0_0: ────────────────────────────────────────────────────┤ X ├──■──»
«      ┌───────────┐                                       └─┬─┘┌─┴─┐»
«q0_1: ┤ Rz(y[19]) ├─────────────────────────────────────────┼──┤ X ├»
«      ├───────────┤┌───────────┐                            │  └───┘»
«q0_2: ┤ Ry(y[14]) ├┤ Rz(y[20]) ├────────────────────────────┼───────»
«      └───────────┘├───────────┤┌───────────┐               │       »
«q0_3: ──────■──────┤ Ry(y[15]) ├┤ Rz(y[21]) ├───────────────┼───────»
«          ┌─┴─┐    └───────────┘├───────────┤┌───────────┐  │       »
«q0_4: ────┤ X ├──────────■──────┤ Ry(y[16]) ├┤ Rz(y[22]) ├──┼───────»
«          └───┘        ┌─┴─┐    ├───────────┤├───────────┤  │       »
«q0_5: ─────────────────┤ X ├────┤ Ry(y[17]) ├┤ Rz(y[23]) ├──■───────»
«                       └───┘    └───────────┘└───────────┘          »
«c0: 6/══════════════════════════════════════════════════════════════»
«                                                                    »
«      ┌───────────┐┌───────────┐                                       »
«q0_0: ┤ Ry(y[24]) ├┤ Rz(y[30]) ├───────────────────────────────────────»
«      └───────────┘├───────────┤┌───────────┐                          »
«q0_1: ──────■──────┤ Ry(y[25]) ├┤ Rz(y[31]) ├──────────────────────────»
«          ┌─┴─┐    └───────────┘├───────────┤┌───────────┐             »
«q0_2: ────┤ X ├──────────■──────┤ Ry(y[26]) ├┤ Rz(y[32]) ├─────────────»
«          └───┘        ┌─┴─┐    └───────────┘├───────────┤┌───────────┐»
«q0_3: ─────────────────┤ X ├──────────■──────┤ Ry(y[27]) ├┤ Rz(y[33]) ├»
«                       └───┘        ┌─┴─┐    └───────────┘├───────────┤»
«q0_4: ──────────────────────────────┤ X ├──────────■──────┤ Ry(y[28]) ├»
«                                    └───┘        ┌─┴─┐    ├───────────┤»
«q0_5: ───────────────────────────────────────────┤ X ├────┤ Ry(y[29]) ├»
«                                                 └───┘    └───────────┘»
«c0: 6/═════════════════════════════════════════════════════════════════»
«                                                                       »
«                   
«q0_0: ─────────────
«                   
«q0_1: ─────────────
«                   
«q0_2: ─────────────
«                   
«q0_3: ─────────────
«      ┌───────────┐
«q0_4: ┤ Rz(y[34]) ├
«      ├───────────┤
«q0_5: ┤ Rz(y[35]) ├
«      └───────────┘
«c0: 6/═════════════
«                   
ansatz-state is written to ansatz.txt
building constraints...
number of constraints= 36
unique pauliops 66
graphclique-cliquecover: 66 with commutationmode commute
strategy largest_first 15
strategy random_sequential 13
strategy smallest_last 16
strategy independent_set 11
strategy connected_sequential_bfs 15
strategy connected_sequential_dfs 15
strategy saturation_largest_first 12
number of cliques 11
clique 0 ['IIIIIZ', 'IIIIZI', 'IIIZII', 'IIZIII', 'IZIIII', 'ZIIIII']
clique 1 ['IIIIXX', 'IIIIYY', 'IIXXII', 'IIYYII', 'XXIIII', 'YYIIII']
clique 2 ['IIIIYX', 'IIIIXY', 'IIYXII', 'IIXYII', 'YXIIII', 'XYIIII']
clique 3 ['IIIXZX', 'IYZZZY', 'IIXZXI', 'YZZZYI', 'IXZXII', 'XZXIII']
clique 4 ['IIIYZY', 'XZZZZX', 'IIIXXI', 'IXZZYI', 'IYXIII', 'YZYIII']
clique 5 ['IIIYZX', 'IIIXZY', 'IXZZXI', 'IYZZYI', 'YZXIII', 'XZYIII']
clique 6 ['IIXZZX', 'IXZZZY', 'IIYZYI', 'XZZZXI', 'IYZYII', 'YZZXII']
clique 7 ['IIYZZY', 'IXZZZX', 'IIIYYI', 'YZZZXI', 'XZZYII', 'IYYIII']
clique 8 ['IIYZZX', 'YZZZZY', 'IIIXYI', 'IYZZXI', 'XZZXII', 'IXYIII']
clique 9 ['IIXZZY', 'YZZZZX', 'IIYZXI', 'XZZZYI', 'IYZXII', 'IXZYII']
clique 10 ['IYZZZX', 'XZZZZY', 'IIIYXI', 'IIXZYI', 'YZZYII', 'IXXIII']
