GS energy with  DMRG -13.11065464802095
N= 8.999999999999998
E= -13.11065464802095
D= [[ 4.12734698e-01+0.j  8.55428034e-02+0.j  4.05184613e-01+0.j
   5.37877150e-09+0.j  7.02294483e-02+0.j -6.88432214e-02+0.j
  -1.40617348e-01+0.j -6.81383445e-09+0.j -6.41963201e-02+0.j
   6.29291729e-02+0.j  6.98466597e-02+0.j -1.77909082e-07+0.j
   6.03480927e-02+0.j -5.91580687e-02+0.j -3.02116187e-02+0.j
  -1.31562630e-06+0.j -5.71107934e-02+0.j  5.59818583e-02+0.j]
 [ 8.55428034e-02+0.j  5.87265314e-01+0.j  5.34400672e-09+0.j
   4.05184600e-01+0.j -6.88432200e-02+0.j -7.02294501e-02+0.j
  -8.75894308e-09+0.j -1.40617338e-01+0.j  6.29291866e-02+0.j
   6.41963041e-02+0.j  3.32741354e-08+0.j  6.98470147e-02+0.j
  -5.91570597e-02+0.j -6.03482852e-02+0.j  1.94130738e-07+0.j
  -3.02097877e-02+0.j  5.59833669e-02+0.j  5.71107922e-02+0.j]
 [ 4.05184613e-01+0.j  5.34400672e-09+0.j  5.16541470e-01+0.j
  -1.62149713e-02+0.j  2.60853304e-01+0.j  5.71207478e-10+0.j
  -5.15624972e-03+0.j  5.05447138e-03+0.j -6.97722869e-02+0.j
  -3.52006847e-09+0.j  2.41805357e-03+0.j -2.36995303e-03+0.j
   3.95486609e-02+0.j  9.20626451e-07+0.j -9.93279500e-04+0.j
   9.76133426e-04+0.j -3.02098057e-02+0.j  1.35247823e-06+0.j]
 [ 5.37877148e-09+0.j  4.05184600e-01+0.j -1.62149713e-02+0.j
   4.83458541e-01+0.j -1.36702460e-09+0.j  2.60853301e-01+0.j
   5.05447260e-03+0.j  5.15623090e-03+0.j  6.67864442e-09+0.j
  -6.97722547e-02+0.j -2.37033020e-03+0.j -2.41797002e-03+0.j
  -1.32408312e-07+0.j  3.95474995e-02+0.j  9.73542800e-04+0.j
   9.93284175e-04+0.j -2.02561175e-07+0.j -3.02116699e-02+0.j]
 [ 7.02294483e-02+0.j -6.88432200e-02+0.j  2.60853304e-01+0.j
  -1.36702459e-09+0.j  4.14945620e-01+0.j  8.33755308e-02+0.j
   3.36227173e-01+0.j  5.88288881e-09+0.j  6.94726861e-02+0.j
  -6.81014205e-02+0.j -1.01914145e-01+0.j -2.10260475e-07+0.j
  -6.40992549e-02+0.j  6.28331668e-02+0.j  3.95475155e-02+0.j
  -9.71307586e-07+0.j  6.03483063e-02+0.j -5.91581702e-02+0.j]
 [-6.88432214e-02+0.j -7.02294501e-02+0.j  5.71207495e-10+0.j
   2.60853301e-01+0.j  8.33755308e-02+0.j  5.85054382e-01+0.j
   6.95835205e-09+0.j  3.36227156e-01+0.j -6.81014147e-02+0.j
  -6.94727029e-02+0.j  2.21127293e-08+0.j -1.01913838e-01+0.j
   6.28339983e-02+0.j  6.40992522e-02+0.j  1.38522809e-07+0.j
   3.95487211e-02+0.j -5.91570928e-02+0.j -6.03481216e-02+0.j]
 [-1.40617348e-01+0.j -8.75894306e-09+0.j -5.15624972e-03+0.j
   5.05447260e-03+0.j  3.36227173e-01+0.j  6.95835221e-09+0.j
   5.19689946e-01+0.j -1.93013141e-02+0.j  3.02826779e-01+0.j
   5.82908600e-09+0.j -6.34182267e-03+0.j  6.21678468e-03+0.j
  -1.01913848e-01+0.j  2.49031920e-07+0.j  2.41795970e-03+0.j
  -2.36984698e-03+0.j  6.98470487e-02+0.j  2.29790306e-07+0.j]
 [-6.81383443e-09+0.j -1.40617338e-01+0.j  5.05447138e-03+0.j
   5.15623090e-03+0.j  5.88288880e-09+0.j  3.36227156e-01+0.j
  -1.93013141e-02+0.j  4.80310055e-01+0.j  5.08860812e-09+0.j
   3.02826764e-01+0.j  6.21665062e-03+0.j  6.34182109e-03+0.j
  -3.03170310e-08+0.j -1.01914196e-01+0.j -2.37032661e-03+0.j
  -2.41803930e-03+0.j -2.66882717e-08+0.j  6.98466289e-02+0.j]
 [-6.41963201e-02+0.j  6.29291866e-02+0.j -6.97722869e-02+0.j
   6.67864446e-09+0.j  6.94726861e-02+0.j -6.81014147e-02+0.j
   3.02826779e-01+0.j  5.08860825e-09+0.j  4.15116775e-01+0.j
   8.32077699e-02+0.j  3.02826770e-01+0.j -1.84033047e-08+0.j
   6.94727033e-02+0.j -6.81014545e-02+0.j -6.97722846e-02+0.j
  -1.74294879e-08+0.j -6.41962887e-02+0.j  6.29291358e-02+0.j]
 [ 6.29291729e-02+0.j  6.41963041e-02+0.j -3.52006848e-09+0.j
  -6.97722547e-02+0.j -6.81014205e-02+0.j -6.94727029e-02+0.j
   5.82908599e-09+0.j  3.02826764e-01+0.j  8.32077699e-02+0.j
   5.84883223e-01+0.j  4.69271253e-09+0.j  3.02826793e-01+0.j
  -6.81014213e-02+0.j -6.94726874e-02+0.j -5.97875357e-09+0.j
  -6.97722893e-02+0.j  6.29291803e-02+0.j  6.41963048e-02+0.j]
 [ 6.98466597e-02+0.j  3.32741355e-08+0.j  2.41805357e-03+0.j
  -2.37033020e-03+0.j -1.01914145e-01+0.j  2.21127293e-08+0.j
  -6.34182267e-03+0.j  6.21665062e-03+0.j  3.02826770e-01+0.j
   4.69271251e-09+0.j  5.19689944e-01+0.j -1.93013112e-02+0.j
   3.36227166e-01+0.j -1.54060730e-08+0.j -5.15623443e-03+0.j
   5.05447607e-03+0.j -1.40617322e-01+0.j  1.18543135e-08+0.j]
 [-1.77909082e-07+0.j  6.98470147e-02+0.j -2.36995303e-03+0.j
  -2.41797002e-03+0.j -2.10260475e-07+0.j -1.01913838e-01+0.j
   6.21678468e-03+0.j  6.34182109e-03+0.j -1.84033047e-08+0.j
   3.02826793e-01+0.j -1.93013112e-02+0.j  4.80310060e-01+0.j
   7.39212941e-10+0.j  3.36227173e-01+0.j  5.05447580e-03+0.j
   5.15625359e-03+0.j  2.29758278e-11+0.j -1.40617342e-01+0.j]
 [ 6.03480927e-02+0.j -5.91570597e-02+0.j  3.95486609e-02+0.j
  -1.32408312e-07+0.j -6.40992549e-02+0.j  6.28339983e-02+0.j
  -1.01913848e-01+0.j -3.03170311e-08+0.j  6.94727033e-02+0.j
  -6.81014213e-02+0.j  3.36227166e-01+0.j  7.39212786e-10+0.j
   4.14945630e-01+0.j  8.33755393e-02+0.j  2.60853299e-01+0.j
   3.20950425e-09+0.j  7.02294414e-02+0.j -6.88432287e-02+0.j]
 [-5.91580687e-02+0.j -6.03482852e-02+0.j  9.20626451e-07+0.j
   3.95474995e-02+0.j  6.28331668e-02+0.j  6.40992522e-02+0.j
   2.49031920e-07+0.j -1.01914196e-01+0.j -6.81014545e-02+0.j
  -6.94726874e-02+0.j -1.54060731e-08+0.j  3.36227173e-01+0.j
   8.33755393e-02+0.j  5.85054367e-01+0.j  2.42646270e-09+0.j
   2.60853308e-01+0.j -6.88432287e-02+0.j -7.02294391e-02+0.j]
 [-3.02116187e-02+0.j  1.94130738e-07+0.j -9.93279500e-04+0.j
   9.73542800e-04+0.j  3.95475155e-02+0.j  1.38522809e-07+0.j
   2.41795970e-03+0.j -2.37032661e-03+0.j -6.97722846e-02+0.j
  -5.97875357e-09+0.j -5.15623443e-03+0.j  5.05447580e-03+0.j
   2.60853299e-01+0.j  2.42646272e-09+0.j  5.16541459e-01+0.j
  -1.62149697e-02+0.j  4.05184599e-01+0.j -9.95010702e-09+0.j]
 [-1.31562630e-06+0.j -3.02097877e-02+0.j  9.76133426e-04+0.j
   9.93284175e-04+0.j -9.71307586e-07+0.j  3.95487211e-02+0.j
  -2.36984698e-03+0.j -2.41803930e-03+0.j -1.74294879e-08+0.j
  -6.97722893e-02+0.j  5.05447607e-03+0.j  5.15625359e-03+0.j
   3.20950424e-09+0.j  2.60853308e-01+0.j -1.62149697e-02+0.j
   4.83458531e-01+0.j  9.02739342e-11+0.j  4.05184605e-01+0.j]
 [-5.71107934e-02+0.j  5.59833669e-02+0.j -3.02098057e-02+0.j
  -2.02561175e-07+0.j  6.03483063e-02+0.j -5.91570928e-02+0.j
   6.98470487e-02+0.j -2.66882716e-08+0.j -6.41962887e-02+0.j
   6.29291803e-02+0.j -1.40617322e-01+0.j  2.29759389e-11+0.j
   7.02294414e-02+0.j -6.88432287e-02+0.j  4.05184599e-01+0.j
   9.02739133e-11+0.j  4.12734694e-01+0.j  8.55428139e-02+0.j]
 [ 5.59818583e-02+0.j  5.71107922e-02+0.j  1.35247823e-06+0.j
  -3.02116699e-02+0.j -5.91581702e-02+0.j -6.03481216e-02+0.j
   2.29790306e-07+0.j  6.98466289e-02+0.j  6.29291358e-02+0.j
   6.41963048e-02+0.j  1.18543136e-08+0.j -1.40617342e-01+0.j
  -6.88432287e-02+0.j -7.02294391e-02+0.j -9.95010700e-09+0.j
   4.05184605e-01+0.j  8.55428139e-02+0.j  5.87265291e-01+0.j]]
W= [0.18433397+0.j 0.21111726+0.j 0.20320056+0.j 0.21392756+0.j
 0.20492146+0.j 0.21392756+0.j 0.20320056+0.j 0.21111725+0.j
 0.18433396+0.j]
local approximation with  1 sites
local interactions on sites [[0], [1], [2], [3], [4], [5], [6], [7], [8]]
Functional for interaction on sites [0]
aca-directory for images already exists
aca-directory for images already exists
aca-directory for images already exists
interacting orbitals: [0, 1]
mapping: [0, 1, 2, 3, 4, 5, 6, 7, 8, 9, 10, 11, 12, 13, 14, 15, 16, 17]
aca-directory for images already exists
aca-directory for images already exists
aca-directory for images already exists
orbinteractaca= [0, 1]
aca-directory for images already exists
aca-directory for images already exists
aca-directory for images already exists
aca-directory for images already exists
aca-directory for images already exists
aca-directory for images already exists
aca-directory for images already exists
aca-directory for images already exists
aca-directory for images already exists
aca-directory for images already exists
aca-directory for images already exists
aca-directory for images already exists
aca-directory for images already exists
aca-directory for images already exists
aca-directory for images already exists
aca-directory for images already exists
aca-directory for images already exists
aca-directory for images already exists
aca-directory for images already exists
aca-directory for images already exists
aca-directory for images already exists
aca-directory for images already exists
aca-directory for images already exists
aca-directory for images already exists
aca-directory for images already exists
aca-directory for images already exists
aca-directory for images already exists
aca-directory for images already exists
aca-directory for images already exists
aca-directory for images already exists
aca-directory for images already exists
aca-directory for images already exists
aca-directory for images already exists
aca-directory for images already exists
aca-directory for images already exists
aca-directory for images already exists
aca-directory for images already exists
aca-directory for images already exists
aca-directory for images already exists
aca-directory for images already exists
aca-directory for images already exists
aca-directory for images already exists
aca-directory for images already exists
aca-directory for images already exists
aca-directory for images already exists
aca-directory for images already exists
aca-directory for images already exists
aca-directory for images already exists
aca-directory for images already exists
aca-directory for images already exists
aca-directory for images already exists
aca: level 8  norb= 18
Daca= [[ 4.12734698e-01+0.j  8.55428034e-02+0.j -4.70137321e-01+0.j
   1.10812414e-18+0.j  1.25943181e-17+0.j -7.42795720e-18+0.j
  -3.47390114e-17+0.j  2.91841135e-19+0.j  3.63981377e-18+0.j
   1.49121547e-17+0.j -1.47734750e-17+0.j  2.56675629e-19+0.j
   4.73036784e-18+0.j -1.47537123e-17+0.j  6.99786079e-18+0.j
   1.81261392e-20+0.j -1.11875200e-17+0.j -6.28048172e-18+0.j]
 [ 8.55428034e-02+0.j  5.87265314e-01+0.j -3.12713626e-08+0.j
  -4.70137319e-01+0.j -7.94947507e-18+0.j -4.70532572e-18+0.j
   5.63675420e-19+0.j -9.16517970e-18+0.j -2.83716521e-18+0.j
  -7.10724075e-18+0.j -3.92081895e-19+0.j  1.84931836e-17+0.j
   5.14890797e-18+0.j -1.69202756e-17+0.j  8.84970930e-20+0.j
  -5.81733878e-18+0.j -3.54354945e-18+0.j  2.63545757e-19+0.j]
 [-4.70137321e-01+0.j -3.12713627e-08+0.j  5.86059969e-01+0.j
  -8.43613049e-02+0.j  8.89430787e-03+0.j  2.21893621e-21+0.j
  -2.21128381e-19+0.j  1.97838273e-19+0.j  5.90072208e-19+0.j
  -7.06353798e-21+0.j  9.73380149e-20+0.j -4.12792801e-19+0.j
  -9.04228065e-20+0.j -7.32531768e-21+0.j -3.65761139e-19+0.j
   3.35949831e-19+0.j  6.41809590e-21+0.j -1.59535695e-21+0.j]
 [ 1.75879972e-17+0.j -4.70137319e-01+0.j -8.43613049e-02+0.j
   4.13939999e-01+0.j -1.49758600e-07+0.j  8.89441189e-03+0.j
  -3.68523790e-19+0.j -3.12500441e-19+0.j  3.99127624e-20+0.j
  -7.16993592e-19+0.j  8.62942636e-21+0.j  1.26709018e-20+0.j
  -8.63323250e-21+0.j  8.57200118e-21+0.j  2.86745790e-19+0.j
  -1.22500486e-19+0.j  1.14782268e-21+0.j -3.21489858e-20+0.j]
 [-7.76364093e-17+0.j  4.91763491e-17+0.j  8.89430787e-03+0.j
  -1.49758600e-07+0.j  5.22489428e-01+0.j -2.20424269e-02+0.j
   4.86266734e-01+0.j -2.00459236e-17+0.j  1.75139602e-17+0.j
   1.97450508e-18+0.j -3.35338711e-17+0.j -1.77848530e-18+0.j
  -3.08272234e-17+0.j -1.85074099e-17+0.j  9.21588310e-18+0.j
   6.39416723e-20+0.j  6.35393866e-19+0.j -3.49894561e-17+0.j]
 [-4.88444802e-17+0.j  1.78103706e-16+0.j  1.40939526e-16+0.j
   8.89441189e-03+0.j -2.20424269e-02+0.j  4.77513091e-01+0.j
   2.02191270e-07+0.j  4.86266700e-01+0.j -8.49969990e-18+0.j
  -8.24882760e-18+0.j -4.15291388e-18+0.j -6.60426314e-18+0.j
   2.55779090e-17+0.j -1.26217085e-17+0.j  3.70030260e-18+0.j
   1.59115650e-17+0.j -6.78237627e-18+0.j -5.61323058e-17+0.j]
 [-1.85443113e-16+0.j  2.26945511e-17+0.j -5.48811988e-17+0.j
  -9.11414688e-17+0.j  4.86266734e-01+0.j  2.02191270e-07+0.j
   4.74757702e-01+0.j  2.47409345e-02+0.j  6.30515656e-03+0.j
   3.85306380e-20+0.j  1.22338307e-20+0.j -3.14741010e-19+0.j
   2.07454110e-19+0.j -6.82292468e-20+0.j  1.54109718e-19+0.j
   2.95478092e-19+0.j  5.19518747e-20+0.j  6.11616316e-20+0.j]
 [ 1.46033098e-17+0.j -1.88964643e-17+0.j -1.87801738e-17+0.j
   9.02364234e-17+0.j -6.16792871e-17+0.j  4.86266700e-01+0.j
   2.47409345e-02+0.j  5.25239832e-01+0.j  2.38184486e-07+0.j
   6.30498767e-03+0.j  6.16030853e-19+0.j  6.19079685e-19+0.j
  -4.62404318e-21+0.j  9.93406040e-19+0.j -9.56032997e-19+0.j
  -7.85807969e-19+0.j  3.88403536e-20+0.j -5.06010300e-19+0.j]
 [ 1.50435408e-17+0.j -1.17788411e-17+0.j -4.84212738e-17+0.j
   2.99684355e-17+0.j  1.40445132e-17+0.j -1.89432714e-16+0.j
   6.30515656e-03+0.j  2.38184486e-07+0.j  4.07126477e-01+0.j
   9.10421540e-02+0.j  4.72361338e-01+0.j -4.34783590e-17+0.j
  -1.34777341e-17+0.j  1.39173545e-17+0.j  1.40378735e-17+0.j
  -8.42097930e-19+0.j  4.11553047e-17+0.j -1.61853510e-17+0.j]
 [ 6.82549016e-17+0.j  6.96986893e-17+0.j -1.05418708e-17+0.j
  -6.89671223e-17+0.j -2.92505175e-17+0.j -2.37232326e-16+0.j
  -1.11736054e-16+0.j  6.30498767e-03+0.j  9.10421540e-02+0.j
   5.92867164e-01+0.j  1.01121635e-06+0.j  4.72362894e-01+0.j
   2.84325254e-18+0.j  9.85559430e-18+0.j -5.73924260e-20+0.j
  -1.57913071e-17+0.j -3.37230448e-18+0.j -3.72518961e-17+0.j]
 [ 1.20751797e-16+0.j  1.01084846e-16+0.j  3.39826466e-17+0.j
   3.38381995e-18+0.j -1.27171894e-17+0.j -3.88473834e-17+0.j
  -3.11155293e-17+0.j  6.39418207e-17+0.j  4.72361338e-01+0.j
   1.01121635e-06+0.j  5.93770075e-01+0.j -9.19215289e-02+0.j
   2.04248178e-03+0.j  5.08147279e-20+0.j  1.98398026e-19+0.j
  -7.25726669e-20+0.j -1.22384779e-19+0.j  4.62602107e-20+0.j]
 [-1.61147772e-17+0.j -1.08997391e-17+0.j -8.21408028e-18+0.j
   4.14266287e-17+0.j -5.72896365e-17+0.j -1.69668270e-16+0.j
   1.34251179e-17+0.j -1.47639510e-16+0.j  1.20327922e-17+0.j
   4.72362894e-01+0.j -9.19215289e-02+0.j  4.06236150e-01+0.j
  -2.01837546e-07+0.j  2.04278143e-03+0.j -4.55870313e-20+0.j
   1.84359732e-20+0.j  2.51757484e-20+0.j  2.58499664e-20+0.j]
 [ 7.15702820e-17+0.j  4.07328903e-17+0.j -2.65841748e-17+0.j
  -2.54689171e-17+0.j  1.14889549e-16+0.j  1.42658297e-16+0.j
   2.14212344e-17+0.j  6.47873946e-17+0.j -9.34393384e-17+0.j
   4.49063191e-18+0.j  2.04248178e-03+0.j -2.01837546e-07+0.j
   3.42871773e-01+0.j  1.53987535e-01+0.j -4.42083977e-01+0.j
  -9.27533026e-19+0.j -7.03379594e-18+0.j -8.17983625e-18+0.j]
 [-2.16926062e-17+0.j  1.22724405e-17+0.j  2.17911370e-17+0.j
   5.62610676e-17+0.j  2.31259536e-17+0.j  1.19217276e-16+0.j
  -1.32623439e-16+0.j -7.16937618e-17+0.j  1.39173545e-17+0.j
   9.80860022e-17+0.j  2.22350867e-17+0.j  2.04278143e-03+0.j
   1.53987535e-01+0.j  6.57127735e-01+0.j -5.33554523e-07+0.j
  -4.42083800e-01+0.j -3.82492358e-17+0.j -6.41901842e-17+0.j]
 [ 1.42349103e-17+0.j -1.18035580e-17+0.j -5.95376144e-17+0.j
   4.16673039e-17+0.j -4.62952681e-17+0.j -4.14025078e-17+0.j
  -3.37735874e-18+0.j -7.55876740e-17+0.j -1.14331664e-16+0.j
   3.21157009e-17+0.j  5.49797914e-17+0.j  1.11508329e-16+0.j
  -4.42083977e-01+0.j -5.33554523e-07+0.j  6.56329982e-01+0.j
  -1.53205517e-01+0.j  1.02438073e-03+0.j  1.52488288e-25+0.j]
 [ 1.26761865e-17+0.j  2.91310138e-17+0.j -1.35663619e-17+0.j
   8.75716711e-18+0.j  7.00283558e-18+0.j  1.44281102e-16+0.j
  -1.02090907e-16+0.j -8.07351333e-17+0.j -4.94143553e-17+0.j
   1.27071539e-16+0.j -7.52290557e-17+0.j  1.46822285e-16+0.j
  -2.07776531e-17+0.j -4.42083800e-01+0.j -1.53205517e-01+0.j
   3.43670647e-01+0.j  6.72035083e-07+0.j -1.02365773e-03+0.j]
 [-8.64369245e-17+0.j -3.17305037e-17+0.j -5.76636188e-18+0.j
   3.22376786e-17+0.j  6.35393866e-19+0.j -1.65766649e-16+0.j
   9.53226470e-17+0.j -3.91057281e-17+0.j  1.71034255e-16+0.j
   6.50331468e-17+0.j  1.50539814e-16+0.j  1.33904462e-16+0.j
   2.45747590e-16+0.j -1.37765326e-16+0.j  1.02438073e-03+0.j
   6.72035083e-07+0.j  1.46973292e-01+0.j -3.46405798e-01+0.j]
 [-6.28048172e-18+0.j -2.80312297e-17+0.j  4.74526388e-17+0.j
   2.92204622e-18+0.j -7.23388052e-18+0.j -2.50421335e-16+0.j
   2.20201513e-17+0.j -3.10198673e-17+0.j -2.03535486e-16+0.j
  -1.16512664e-16+0.j  6.85767422e-17+0.j  5.38955828e-18+0.j
  -1.86402869e-16+0.j -1.89530557e-16+0.j -6.53395360e-17+0.j
  -1.02365773e-03+0.j -3.46405798e-01+0.j  8.53026673e-01+0.j]]
Naca= (4.143113395244198, 4.856886604755802)
nq= 18
variational state:
        ┌──────────┐┌───────────┐┌───┐     ┌───────────┐┌───────────┐»
 q0_0: ─┤ Ry(y[0]) ├┤ Rz(y[18]) ├┤ X ├──■──┤ Ry(y[36]) ├┤ Rz(y[54]) ├»
        ├──────────┤├───────────┤└─┬─┘┌─┴─┐└───────────┘├───────────┤»
 q0_1: ─┤ Ry(y[1]) ├┤ Rz(y[19]) ├──┼──┤ X ├──────■──────┤ Ry(y[37]) ├»
        ├──────────┤├───────────┤  │  └───┘    ┌─┴─┐    └───────────┘»
 q0_2: ─┤ Ry(y[2]) ├┤ Rz(y[20]) ├──┼───────────┤ X ├──────────■──────»
        ├──────────┤├───────────┤  │           └───┘        ┌─┴─┐    »
 q0_3: ─┤ Ry(y[3]) ├┤ Rz(y[21]) ├──┼────────────────────────┤ X ├────»
        ├──────────┤├───────────┤  │                        └───┘    »
 q0_4: ─┤ Ry(y[4]) ├┤ Rz(y[22]) ├──┼─────────────────────────────────»
        ├──────────┤├───────────┤  │                                 »
 q0_5: ─┤ Ry(y[5]) ├┤ Rz(y[23]) ├──┼─────────────────────────────────»
        ├──────────┤├───────────┤  │                                 »
 q0_6: ─┤ Ry(y[6]) ├┤ Rz(y[24]) ├──┼─────────────────────────────────»
        ├──────────┤├───────────┤  │                                 »
 q0_7: ─┤ Ry(y[7]) ├┤ Rz(y[25]) ├──┼─────────────────────────────────»
        ├──────────┤├───────────┤  │                                 »
 q0_8: ─┤ Ry(y[8]) ├┤ Rz(y[26]) ├──┼─────────────────────────────────»
        ├──────────┤├───────────┤  │                                 »
 q0_9: ─┤ Ry(y[9]) ├┤ Rz(y[27]) ├──┼─────────────────────────────────»
       ┌┴──────────┤├───────────┤  │                                 »
q0_10: ┤ Ry(y[10]) ├┤ Rz(y[28]) ├──┼─────────────────────────────────»
       ├───────────┤├───────────┤  │                                 »
q0_11: ┤ Ry(y[11]) ├┤ Rz(y[29]) ├──┼─────────────────────────────────»
       ├───────────┤├───────────┤  │                                 »
q0_12: ┤ Ry(y[12]) ├┤ Rz(y[30]) ├──┼─────────────────────────────────»
       ├───────────┤├───────────┤  │                                 »
q0_13: ┤ Ry(y[13]) ├┤ Rz(y[31]) ├──┼─────────────────────────────────»
       ├───────────┤├───────────┤  │                                 »
q0_14: ┤ Ry(y[14]) ├┤ Rz(y[32]) ├──┼─────────────────────────────────»
       ├───────────┤├───────────┤  │                                 »
q0_15: ┤ Ry(y[15]) ├┤ Rz(y[33]) ├──┼─────────────────────────────────»
       ├───────────┤├───────────┤  │                                 »
q0_16: ┤ Ry(y[16]) ├┤ Rz(y[34]) ├──┼─────────────────────────────────»
       ├───────────┤├───────────┤  │                                 »
q0_17: ┤ Ry(y[17]) ├┤ Rz(y[35]) ├──■─────────────────────────────────»
       └───────────┘└───────────┘                                    »
c0: 18/══════════════════════════════════════════════════════════════»
                                                                     »
«                                                                        »
« q0_0: ─────────────────────────────────────────────────────────────────»
«       ┌───────────┐                                                    »
« q0_1: ┤ Rz(y[55]) ├────────────────────────────────────────────────────»
«       ├───────────┤┌───────────┐                                       »
« q0_2: ┤ Ry(y[38]) ├┤ Rz(y[56]) ├───────────────────────────────────────»
«       └───────────┘├───────────┤┌───────────┐                          »
« q0_3: ──────■──────┤ Ry(y[39]) ├┤ Rz(y[57]) ├──────────────────────────»
«           ┌─┴─┐    └───────────┘├───────────┤┌───────────┐             »
« q0_4: ────┤ X ├──────────■──────┤ Ry(y[40]) ├┤ Rz(y[58]) ├─────────────»
«           └───┘        ┌─┴─┐    └───────────┘├───────────┤┌───────────┐»
« q0_5: ─────────────────┤ X ├──────────■──────┤ Ry(y[41]) ├┤ Rz(y[59]) ├»
«                        └───┘        ┌─┴─┐    └───────────┘├───────────┤»
« q0_6: ──────────────────────────────┤ X ├──────────■──────┤ Ry(y[42]) ├»
«                                     └───┘        ┌─┴─┐    └───────────┘»
« q0_7: ───────────────────────────────────────────┤ X ├──────────■──────»
«                                                  └───┘        ┌─┴─┐    »
« q0_8: ────────────────────────────────────────────────────────┤ X ├────»
«                                                               └───┘    »
« q0_9: ─────────────────────────────────────────────────────────────────»
«                                                                        »
«q0_10: ─────────────────────────────────────────────────────────────────»
«                                                                        »
«q0_11: ─────────────────────────────────────────────────────────────────»
«                                                                        »
«q0_12: ─────────────────────────────────────────────────────────────────»
«                                                                        »
«q0_13: ─────────────────────────────────────────────────────────────────»
«                                                                        »
«q0_14: ─────────────────────────────────────────────────────────────────»
«                                                                        »
«q0_15: ─────────────────────────────────────────────────────────────────»
«                                                                        »
«q0_16: ─────────────────────────────────────────────────────────────────»
«                                                                        »
«q0_17: ─────────────────────────────────────────────────────────────────»
«                                                                        »
«c0: 18/═════════════════════════════════════════════════════════════════»
«                                                                        »
«                                                                        »
« q0_0: ─────────────────────────────────────────────────────────────────»
«                                                                        »
« q0_1: ─────────────────────────────────────────────────────────────────»
«                                                                        »
« q0_2: ─────────────────────────────────────────────────────────────────»
«                                                                        »
« q0_3: ─────────────────────────────────────────────────────────────────»
«                                                                        »
« q0_4: ─────────────────────────────────────────────────────────────────»
«                                                                        »
« q0_5: ─────────────────────────────────────────────────────────────────»
«       ┌───────────┐                                                    »
« q0_6: ┤ Rz(y[60]) ├────────────────────────────────────────────────────»
«       ├───────────┤┌───────────┐                                       »
« q0_7: ┤ Ry(y[43]) ├┤ Rz(y[61]) ├───────────────────────────────────────»
«       └───────────┘├───────────┤┌───────────┐                          »
« q0_8: ──────■──────┤ Ry(y[44]) ├┤ Rz(y[62]) ├──────────────────────────»
«           ┌─┴─┐    └───────────┘├───────────┤┌───────────┐             »
« q0_9: ────┤ X ├──────────■──────┤ Ry(y[45]) ├┤ Rz(y[63]) ├─────────────»
«           └───┘        ┌─┴─┐    └───────────┘├───────────┤┌───────────┐»
«q0_10: ─────────────────┤ X ├──────────■──────┤ Ry(y[46]) ├┤ Rz(y[64]) ├»
«                        └───┘        ┌─┴─┐    └───────────┘├───────────┤»
«q0_11: ──────────────────────────────┤ X ├──────────■──────┤ Ry(y[47]) ├»
«                                     └───┘        ┌─┴─┐    └───────────┘»
«q0_12: ───────────────────────────────────────────┤ X ├──────────■──────»
«                                                  └───┘        ┌─┴─┐    »
«q0_13: ────────────────────────────────────────────────────────┤ X ├────»
«                                                               └───┘    »
«q0_14: ─────────────────────────────────────────────────────────────────»
«                                                                        »
«q0_15: ─────────────────────────────────────────────────────────────────»
«                                                                        »
«q0_16: ─────────────────────────────────────────────────────────────────»
«                                                                        »
«q0_17: ─────────────────────────────────────────────────────────────────»
«                                                                        »
«c0: 18/═════════════════════════════════════════════════════════════════»
«                                                                        »
«                                                                        »
« q0_0: ─────────────────────────────────────────────────────────────────»
«                                                                        »
« q0_1: ─────────────────────────────────────────────────────────────────»
«                                                                        »
« q0_2: ─────────────────────────────────────────────────────────────────»
«                                                                        »
« q0_3: ─────────────────────────────────────────────────────────────────»
«                                                                        »
« q0_4: ─────────────────────────────────────────────────────────────────»
«                                                                        »
« q0_5: ─────────────────────────────────────────────────────────────────»
«                                                                        »
« q0_6: ─────────────────────────────────────────────────────────────────»
«                                                                        »
« q0_7: ─────────────────────────────────────────────────────────────────»
«                                                                        »
« q0_8: ─────────────────────────────────────────────────────────────────»
«                                                                        »
« q0_9: ─────────────────────────────────────────────────────────────────»
«                                                                        »
«q0_10: ─────────────────────────────────────────────────────────────────»
«       ┌───────────┐                                                    »
«q0_11: ┤ Rz(y[65]) ├────────────────────────────────────────────────────»
«       ├───────────┤┌───────────┐                                       »
«q0_12: ┤ Ry(y[48]) ├┤ Rz(y[66]) ├───────────────────────────────────────»
«       └───────────┘├───────────┤┌───────────┐                          »
«q0_13: ──────■──────┤ Ry(y[49]) ├┤ Rz(y[67]) ├──────────────────────────»
«           ┌─┴─┐    └───────────┘├───────────┤┌───────────┐             »
«q0_14: ────┤ X ├──────────■──────┤ Ry(y[50]) ├┤ Rz(y[68]) ├─────────────»
«           └───┘        ┌─┴─┐    └───────────┘├───────────┤┌───────────┐»
«q0_15: ─────────────────┤ X ├──────────■──────┤ Ry(y[51]) ├┤ Rz(y[69]) ├»
«                        └───┘        ┌─┴─┐    └───────────┘├───────────┤»
«q0_16: ──────────────────────────────┤ X ├──────────■──────┤ Ry(y[52]) ├»
«                                     └───┘        ┌─┴─┐    ├───────────┤»
«q0_17: ───────────────────────────────────────────┤ X ├────┤ Ry(y[53]) ├»
«                                                  └───┘    └───────────┘»
«c0: 18/═════════════════════════════════════════════════════════════════»
«                                                                        »
«                    ┌───┐     ┌───────────┐┌───────────┐             »
« q0_0: ─────────────┤ X ├──■──┤ Ry(y[72]) ├┤ Rz(y[90]) ├─────────────»
«                    └─┬─┘┌─┴─┐└───────────┘├───────────┤┌───────────┐»
« q0_1: ───────────────┼──┤ X ├──────■──────┤ Ry(y[73]) ├┤ Rz(y[91]) ├»
«                      │  └───┘    ┌─┴─┐    └───────────┘├───────────┤»
« q0_2: ───────────────┼───────────┤ X ├──────────■──────┤ Ry(y[74]) ├»
«                      │           └───┘        ┌─┴─┐    └───────────┘»
« q0_3: ───────────────┼────────────────────────┤ X ├──────────■──────»
«                      │                        └───┘        ┌─┴─┐    »
« q0_4: ───────────────┼─────────────────────────────────────┤ X ├────»
«                      │                                     └───┘    »
« q0_5: ───────────────┼──────────────────────────────────────────────»
«                      │                                              »
« q0_6: ───────────────┼──────────────────────────────────────────────»
«                      │                                              »
« q0_7: ───────────────┼──────────────────────────────────────────────»
«                      │                                              »
« q0_8: ───────────────┼──────────────────────────────────────────────»
«                      │                                              »
« q0_9: ───────────────┼──────────────────────────────────────────────»
«                      │                                              »
«q0_10: ───────────────┼──────────────────────────────────────────────»
«                      │                                              »
«q0_11: ───────────────┼──────────────────────────────────────────────»
«                      │                                              »
«q0_12: ───────────────┼──────────────────────────────────────────────»
«                      │                                              »
«q0_13: ───────────────┼──────────────────────────────────────────────»
«                      │                                              »
«q0_14: ───────────────┼──────────────────────────────────────────────»
«                      │                                              »
«q0_15: ───────────────┼──────────────────────────────────────────────»
«       ┌───────────┐  │                                              »
«q0_16: ┤ Rz(y[70]) ├──┼──────────────────────────────────────────────»
«       ├───────────┤  │                                              »
«q0_17: ┤ Rz(y[71]) ├──■──────────────────────────────────────────────»
«       └───────────┘                                                 »
«c0: 18/══════════════════════════════════════════════════════════════»
«                                                                     »
«                                                                        »
« q0_0: ─────────────────────────────────────────────────────────────────»
«                                                                        »
« q0_1: ─────────────────────────────────────────────────────────────────»
«       ┌───────────┐                                                    »
« q0_2: ┤ Rz(y[92]) ├────────────────────────────────────────────────────»
«       ├───────────┤┌───────────┐                                       »
« q0_3: ┤ Ry(y[75]) ├┤ Rz(y[93]) ├───────────────────────────────────────»
«       └───────────┘├───────────┤┌───────────┐                          »
« q0_4: ──────■──────┤ Ry(y[76]) ├┤ Rz(y[94]) ├──────────────────────────»
«           ┌─┴─┐    └───────────┘├───────────┤┌───────────┐             »
« q0_5: ────┤ X ├──────────■──────┤ Ry(y[77]) ├┤ Rz(y[95]) ├─────────────»
«           └───┘        ┌─┴─┐    └───────────┘├───────────┤┌───────────┐»
« q0_6: ─────────────────┤ X ├──────────■──────┤ Ry(y[78]) ├┤ Rz(y[96]) ├»
«                        └───┘        ┌─┴─┐    └───────────┘├───────────┤»
« q0_7: ──────────────────────────────┤ X ├──────────■──────┤ Ry(y[79]) ├»
«                                     └───┘        ┌─┴─┐    └───────────┘»
« q0_8: ───────────────────────────────────────────┤ X ├──────────■──────»
«                                                  └───┘        ┌─┴─┐    »
« q0_9: ────────────────────────────────────────────────────────┤ X ├────»
«                                                               └───┘    »
«q0_10: ─────────────────────────────────────────────────────────────────»
«                                                                        »
«q0_11: ─────────────────────────────────────────────────────────────────»
«                                                                        »
«q0_12: ─────────────────────────────────────────────────────────────────»
«                                                                        »
«q0_13: ─────────────────────────────────────────────────────────────────»
«                                                                        »
«q0_14: ─────────────────────────────────────────────────────────────────»
«                                                                        »
«q0_15: ─────────────────────────────────────────────────────────────────»
«                                                                        »
«q0_16: ─────────────────────────────────────────────────────────────────»
«                                                                        »
«q0_17: ─────────────────────────────────────────────────────────────────»
«                                                                        »
«c0: 18/═════════════════════════════════════════════════════════════════»
«                                                                        »
«                                                                          »
« q0_0: ───────────────────────────────────────────────────────────────────»
«                                                                          »
« q0_1: ───────────────────────────────────────────────────────────────────»
«                                                                          »
« q0_2: ───────────────────────────────────────────────────────────────────»
«                                                                          »
« q0_3: ───────────────────────────────────────────────────────────────────»
«                                                                          »
« q0_4: ───────────────────────────────────────────────────────────────────»
«                                                                          »
« q0_5: ───────────────────────────────────────────────────────────────────»
«                                                                          »
« q0_6: ───────────────────────────────────────────────────────────────────»
«       ┌───────────┐                                                      »
« q0_7: ┤ Rz(y[97]) ├──────────────────────────────────────────────────────»
«       ├───────────┤┌───────────┐                                         »
« q0_8: ┤ Ry(y[80]) ├┤ Rz(y[98]) ├─────────────────────────────────────────»
«       └───────────┘├───────────┤┌───────────┐                            »
« q0_9: ──────■──────┤ Ry(y[81]) ├┤ Rz(y[99]) ├────────────────────────────»
«           ┌─┴─┐    └───────────┘├───────────┤┌────────────┐              »
«q0_10: ────┤ X ├──────────■──────┤ Ry(y[82]) ├┤ Rz(y[100]) ├──────────────»
«           └───┘        ┌─┴─┐    └───────────┘├───────────┬┘┌────────────┐»
«q0_11: ─────────────────┤ X ├──────────■──────┤ Ry(y[83]) ├─┤ Rz(y[101]) ├»
«                        └───┘        ┌─┴─┐    └───────────┘ ├───────────┬┘»
«q0_12: ──────────────────────────────┤ X ├──────────■───────┤ Ry(y[84]) ├─»
«                                     └───┘        ┌─┴─┐     └───────────┘ »
«q0_13: ───────────────────────────────────────────┤ X ├───────────■───────»
«                                                  └───┘         ┌─┴─┐     »
«q0_14: ─────────────────────────────────────────────────────────┤ X ├─────»
«                                                                └───┘     »
«q0_15: ───────────────────────────────────────────────────────────────────»
«                                                                          »
«q0_16: ───────────────────────────────────────────────────────────────────»
«                                                                          »
«q0_17: ───────────────────────────────────────────────────────────────────»
«                                                                          »
«c0: 18/═══════════════════════════════════════════════════════════════════»
«                                                                          »
«                                                                             
« q0_0: ──────────────────────────────────────────────────────────────────────
«                                                                             
« q0_1: ──────────────────────────────────────────────────────────────────────
«                                                                             
« q0_2: ──────────────────────────────────────────────────────────────────────
«                                                                             
« q0_3: ──────────────────────────────────────────────────────────────────────
«                                                                             
« q0_4: ──────────────────────────────────────────────────────────────────────
«                                                                             
« q0_5: ──────────────────────────────────────────────────────────────────────
«                                                                             
« q0_6: ──────────────────────────────────────────────────────────────────────
«                                                                             
« q0_7: ──────────────────────────────────────────────────────────────────────
«                                                                             
« q0_8: ──────────────────────────────────────────────────────────────────────
«                                                                             
« q0_9: ──────────────────────────────────────────────────────────────────────
«                                                                             
«q0_10: ──────────────────────────────────────────────────────────────────────
«                                                                             
«q0_11: ──────────────────────────────────────────────────────────────────────
«       ┌────────────┐                                                        
«q0_12: ┤ Rz(y[102]) ├────────────────────────────────────────────────────────
«       ├───────────┬┘┌────────────┐                                          
«q0_13: ┤ Ry(y[85]) ├─┤ Rz(y[103]) ├──────────────────────────────────────────
«       └───────────┘ ├───────────┬┘┌────────────┐                            
«q0_14: ──────■───────┤ Ry(y[86]) ├─┤ Rz(y[104]) ├────────────────────────────
«           ┌─┴─┐     └───────────┘ ├───────────┬┘┌────────────┐              
«q0_15: ────┤ X ├───────────■───────┤ Ry(y[87]) ├─┤ Rz(y[105]) ├──────────────
«           └───┘         ┌─┴─┐     └───────────┘ ├───────────┬┘┌────────────┐
«q0_16: ──────────────────┤ X ├───────────■───────┤ Ry(y[88]) ├─┤ Rz(y[106]) ├
«                         └───┘         ┌─┴─┐     ├───────────┤ ├────────────┤
«q0_17: ────────────────────────────────┤ X ├─────┤ Ry(y[89]) ├─┤ Rz(y[107]) ├
«                                       └───┘     └───────────┘ └────────────┘
«c0: 18/══════════════════════════════════════════════════════════════════════
«                                                                             
ansatz-state is written to ansatz.txt
building constraints...
number of constraints= 324
unique pauliops 630
graphclique-cliquecover: 630 with commutationmode commute
strategy largest_first 63
strategy random_sequential 40
strategy smallest_last 49
strategy independent_set 35
strategy connected_sequential_bfs 63
strategy connected_sequential_dfs 50
strategy saturation_largest_first 37
number of cliques 35
clique 0 ['IIIIIIIIIIIIIIIIIZ', 'IIIIIIIIIIIIIIIIZZ', 'IIIIIIIIIIIIIIIZZI', 'IIIIIIIIIIIIIIZZII', 'IIIIIIIIIIIIIZZIII', 'IIIIIIIIIIIIZZIIII', 'IIIIIIIIIIIZZIIIII', 'IIIIIIIIIIZZIIIIII', 'IIIIIIIIIZZIIIIIII', 'IIIIIIIIZZIIIIIIII', 'IIIIIIIZZIIIIIIIII', 'IIIIIIZZIIIIIIIIII', 'IIIIIZZIIIIIIIIIII', 'IIIIZZIIIIIIIIIIII', 'IIIZZIIIIIIIIIIIII', 'IIZZIIIIIIIIIIIIII', 'IZZIIIIIIIIIIIIIII', 'ZZIIIIIIIIIIIIIIII']
clique 1 ['IIIIIIIIIIIIIIIIIX', 'IIIIIIIIIIIIIIIIZX', 'IIIIIIIIIIIIIIIXII', 'IIIIIIIIIIIIIIZXZI', 'IIIIIIIIIIIIIXIIII', 'IIIIIIIIIIIIZXZIII', 'IIIIIIIIIIIXIIIIII', 'IIIIIIIIIIZXZIIIII', 'IIIIIIIIIXIIIIIIII', 'IIIIIIIIZXZIIIIIII', 'IIIIIIIXIIIIIIIIII', 'IIIIIIZXZIIIIIIIII', 'IIIIIXIIIIIIIIIIII', 'IIIIZXZIIIIIIIIIII', 'IIIXIIIIIIIIIIIIII', 'IIZXZIIIIIIIIIIIII', 'IXIIIIIIIIIIIIIIII', 'ZXZIIIIIIIIIIIIIII']
clique 2 ['IIIIIIIIIIIIIIIIIY', 'IIIIIIIIIIIIIIIIZY', 'IIIIIIIIIIIIIIZYII', 'IIIIIIIIIIIIIIIYZI', 'IIIIIIIIIIIIZYIIII', 'IIIIIIIIIIIIIYZIII', 'IIIIIIIIIIZYIIIIII', 'IIIIIIIIIIIYZIIIII', 'IIIIIIIIZYIIIIIIII', 'IIIIIIIIIYZIIIIIII', 'IIIIIIZYIIIIIIIIII', 'IIIIIIIYZIIIIIIIII', 'IIIIZYIIIIIIIIIIII', 'IIIIIYZIIIIIIIIIII', 'IIZYIIIIIIIIIIIIII', 'IIIYZIIIIIIIIIIIII', 'ZYIIIIIIIIIIIIIIII', 'IYZIIIIIIIIIIIIIII']
clique 3 ['IIIIIIIIIIIIIIIZXX', 'IIYXXXXXXXXXXXXXXY', 'IIIIIIIIIIIIIIIYYI', 'IIIIIIIIIIIIIIZXXZ', 'IIIIIIIIIIIIIIYXZI', 'IIIIIIIIIIIIYYIIII', 'IIIIIIIIIIIYYIIIII', 'IIIIIIIIIIZXXZIIII', 'IIIIIIIIIIYYIIIIII', 'IIIIIIIIYYIIIIIIII', 'IIIIIIIYYIIIIIIIII', 'ZXXXXXXXXZIIIIIIII', 'IIIIIIYYIIIIIIIIII', 'IYXXXXYIIIIIIIIIII', 'IIIIYYIIIIIIIIIIII', 'IIIYYIIIIIIIIIIIII', 'IIZXXZIIIIIIIIIIII', 'IZXYIIIIIIIIIIIIII']
clique 4 ['IIIIIIIIIIIIIIIIYY', 'ZXXXXXXXXXXXXXXXXX', 'IIIIIIIIIIIIIIIYXZ', 'IIIYXXXXXXXXXXXXYI', 'IIYXXXXXXXXXXXXYII', 'IIIIIIIIIIIIIYYIII', 'IIIIIIIIIIIZXYIIII', 'IIIIIIIIIIIIYXZIII', 'IIIIIIIIIIZXYIIIII', 'IIIIIIIIZXXZIIIIII', 'IIIIIIIZXYIIIIIIII', 'IIIIIIIIYXZIIIIIII', 'IYXXXXXXXZIIIIIIII', 'IIIIIYYIIIIIIIIIII', 'IZXXXXXZIIIIIIIIII', 'IIIZXYIIIIIIIIIIII', 'IIIIYXZIIIIIIIIIII', 'IIZXYIIIIIIIIIIIII']
clique 5 ['IIIIIIIIIIIIIIIIYX', 'IIIIIIIYXXXXXXXXXY', 'IZXXXXXXXXXXXXXXXZ', 'IYXXXXXXXXXXXXXXYI', 'IIIIIIIIIIIZXXXYII', 'IIIIIIIIZXXXXXYIII', 'IIYXXXXXXXXXXXXZII', 'IIIIIIIIIIIYXYIIII', 'IIIIIIIIIIZXXXZIII', 'IIIIIIIIIZXXYIIIII', 'IIIIIIIIIYXXXZIIII', 'IIIIIIYXXXXXZIIIII', 'IIIIIIIZXXZIIIIIII', 'IIIIIYXXZIIIIIIIII', 'IIZXXXYIIIIIIIIIII', 'IIIYXYIIIIIIIIIIII', 'IIIIXIIIIIIIIIIIII', 'ZXXYIIIIIIIIIIIIII']
clique 6 ['IIIIIIIIIIIIIIIZXY', 'IIIIIIIIIIIIIIIYXX', 'IIIIIIIIIIIIIIZXYI', 'ZXXXXXXXXXXXXXXXXZ', 'IIIIIIIIIIIIIYXXZI', 'IIIIIIIIIIZXXYIIII', 'IZXXXXXXXXXXXXZIII', 'IIYXXXXXXXXXYIIIII', 'IIIIIIIIZXXXZIIIII', 'IIIIYXXXXXXYIIIIII', 'IIIIIIIIIYXZIIIIII', 'IIIIIIZXXXZIIIIIII', 'IIIIZXXXXYIIIIIIII', 'IIIIIZXXZIIIIIIIII', 'IIIIIYXYIIIIIIIIII', 'IIZXXXXZIIIIIIIIII', 'IIIZXXZIIIIIIIIIII', 'IYXZIIIIIIIIIIIIII']
clique 7 ['IIIIIIIIIIIIIIZXXX', 'IIIIIIIIIIIIIIIYXY', 'IIIIIIZXXXXXXXXXXZ', 'IZXXXXXXXXXXXXXXYI', 'IIIIIIIIIIIIZXXXZI', 'IIIIIIIIIIZXXXXYII', 'IIIIIIIIIIIZXXZIII', 'IIIIIIIIIYXXXYIIII', 'IIIIIZXXXXXXXZIIII', 'IIIIZXXXXXXXZIIIII', 'IIYXXXXXXXXZIIIIII', 'IIIIIIIYXYIIIIIIII', 'IIIIIYXXXXZIIIIIII', 'IIIIIIIIXIIIIIIIII', 'IIIIYXXYIIIIIIIIII', 'IIIYXXZIIIIIIIIIII', 'IYXYIIIIIIIIIIIIII', 'ZXYIIIIIIIIIIIIIII']
clique 8 ['IIIIIIIIIIIIIIZXXY', 'IIIIIIIZXXXXXXXXXX', 'IIIIIZXXXXXXXXXXYI', 'IIIIIYXXXXXXXXXXXZ', 'IIIIIIIIIIIIIZXYII', 'IIIIIIIIIIIIYXXXZI', 'IIZXXXXXXXXXXXXZII', 'IIIIIIIIIIIYXXZIII', 'IIIIIIIIIIIZYIIIII', 'IIIZXXXXXXXXXZIIII', 'IIYXXXXXXXYIIIIIII', 'IIIIIIZXXYIIIIIIII', 'IIIIYXXXXXZIIIIIII', 'IIIIIIIIYZIIIIIIII', 'IIIIZXXXYIIIIIIIII', 'IYXXXXXZIIIIIIIIII', 'ZXXXXXZIIIIIIIIIII', 'IZXZIIIIIIIIIIIIII']
clique 9 ['IIIIIIIIIIIIIZXXXX', 'IIIIIIIIYXXXXXXXXY', 'IIIIIIIIIIIIIIIIYZ', 'IIIZXXXXXXXXXXXXYI', 'IIIYXXXXXXXXXXXYII', 'IIIIIIIIIIIIIYXZII', 'IYXXXXXXXXXXXXYIII', 'IIIIIIIIIZXXXXZIII', 'IIIIIIIIIIIIXIIIII', 'IIIIIIIIIYXYIIIIII', 'IIIIIIIZXXXZIIIIII', 'IIIIZXXXXXYIIIIIII', 'IIIIIIIYXXZIIIIIII', 'IIIIIYXXYIIIIIIIII', 'IZXXXXYIIIIIIIIIII', 'IIZXXXZIIIIIIIIIII', 'IIYXXYIIIIIIIIIIII', 'ZXXXZIIIIIIIIIIIII']
clique 10 ['IIIIIIIIIIIIIIYXXY', 'IIIIIIIIIIIIZXXXXX', 'IIIIIIIIZXXXXXXXXZ', 'IIIIYXXXXXXXXXXXYI', 'IIIIIIIZXXXXXXXYII', 'IIIZXXXXXXXXXXXXZI', 'IIIIIIIIIIIZXXYIII', 'IIIIIIIIIZXXXXXZII', 'IIYXXXXXXXXXXYIIII', 'IIIIIIIIIIIIYZIIII', 'IIIIIIIIYXXZIIIIII', 'IIIIIIYXXXYIIIIIII', 'IIIIIZXXXXZIIIIIII', 'IZXXXXXXXZIIIIIIII', 'IIIIZXYIIIIIIIIIII', 'IIIIIYXZIIIIIIIIII', 'IYYIIIIIIIIIIIIIII', 'ZXXZIIIIIIIIIIIIII']
clique 11 ['IIIIIIIIIIIIIIYXXX', 'IIIIIIIIIIZXXXXXXY', 'IIIIIIIIYXXXXXXXXZ', 'IIYXXXXXXXXXXXXXYI', 'IIIIIIIIIIIYXXXXZI', 'IIIIIIZXXXXXXXXYII', 'IIIIIIIZXXXXXXXZII', 'ZXXXXXXXXXXXXXYIII', 'IIIIIZXXXXXXXYIIII', 'IIIIIIIIIYXXYIIIII', 'IIIIIIIIZXXXXZIIII', 'IIZXXXXXXXXYIIIIII', 'IZXXXXXXXXXXZIIIII', 'IIIIIIYXXXZIIIIIII', 'IIIIIYXXXYIIIIIIII', 'IIIYXXXZIIIIIIIIII', 'IIIZYIIIIIIIIIIIII', 'IYXXZIIIIIIIIIIIII']
clique 12 ['IIIIIIIIIIIIIZXXXY', 'IZXXXXXXXXXXXXXXXX', 'IIZXXXXXXXXXXXXXYI', 'IYXXXXXXXXXXXXXXXZ', 'IIIIIIIIIIYXXXXYII', 'IIIIIIIIYXXXXXXXZI', 'IIIIIIIIIIIIYXYIII', 'IIIIIIIYXXXXXXXZII', 'IIIZXXXXXXXXXXZIII', 'IIIIIIIIIIIZXZIIII', 'ZXXXXXXXXXXXYIIIII', 'IIIIIZXXXXYIIIIIII', 'IIIIZXXXXXXZIIIIII', 'IIIIIIYXXYIIIIIIII', 'IIIIIIIZYIIIIIIIII', 'IIIIIYXXXZIIIIIIII', 'IIIIYXYIIIIIIIIIII', 'IIYZIIIIIIIIIIIIII']
clique 13 ['IIIIIIIIIIIIIYXXXY', 'IIZXXXXXXXXXXXXXXX', 'IIIIIIIIIIIZXXXXYI', 'IIIIIIIIIIYXXXXXXZ', 'IIIIIIYXXXXXXXXXZI', 'IIIIIYXXXXXXXXXYII', 'IIIIIIIIIIIIIZYIII', 'IIIZXXXXXXXXXXXZII', 'IIIIIIZXXXXXXXZIII', 'IYXXXXXXXXXXYIIIII', 'IIIIIZXXXXXXZIIIII', 'IIIIIIIIIZXZIIIIII', 'IIIIIIIIZXYIIIIIII', 'IIIIIIIYXZIIIIIIII', 'IIIYXXXXZIIIIIIIII', 'ZXXXXXXYIIIIIIIIII', 'IIYXYIIIIIIIIIIIII', 'IZXXZIIIIIIIIIIIII']
clique 14 ['IIIIIIIIIIIIIYXXXX', 'IIIIIIIIIIIIYXXXXY', 'IIIIZXXXXXXXXXXXXZ', 'ZXXXXXXXXXXXXXXXYI', 'IIIIIIIIIIIIZXXYII', 'IYXXXXXXXXXXXXXXZI', 'IIIIIIIIIIIIIIXIII', 'IIIIIIIIIIIIIZXZII', 'IIIIIIIIZXXYIIIIII', 'IIIIIIIIIZYIIIIIII', 'IIIIIIIIIIYZIIIIII', 'IIIIIIIZXZIIIIIIII', 'IIIIYXXXZIIIIIIIII', 'IIIYXXYIIIIIIIIIII', 'IIYXXXXZIIIIIIIIII', 'IIZXXYIIIIIIIIIIII', 'IZXXXXZIIIIIIIIIII', 'IIIZXZIIIIIIIIIIII']
clique 15 ['IIIIIIIIIIIIZXXXXY', 'IIIIIIZXXXXXXXXXXX', 'IIIIIIIIIIIIIIIZXZ', 'IIIIIIIIIYXXXXXXYI', 'IIIIIIIIIIIZXXXXZI', 'IIIIIIIIYXXXXXYIII', 'IZXXXXXXXXXXXXXZII', 'IIIIIIYXXXXXXXZIII', 'IIIYXXXXXXXXXYIIII', 'IIIIIIIIIIIYXZIIII', 'IIYXXXXXXXXXZIIIII', 'IIZXXXXXXXYIIIIIII', 'IIIIZXXXXXZIIIIIII', 'IYXXXXXXXYIIIIIIII', 'IIIIIZXXYIIIIIIIII', 'IIIZXXXYIIIIIIIIII', 'IIIIYXXZIIIIIIIIII', 'ZXXXXZIIIIIIIIIIII']
clique 16 ['IIIIIIIIIIIZXXXXXX', 'IIIZXXXXXXXXXXXXXY', 'IIIIIIIIIIIYXXXXXZ', 'IIIIIIIIIIYXXXXXYI', 'IIIIIIIIIIIIYXXYII', 'IIIIZXXXXXXXXXXXZI', 'IIIIIIIIIIIIZXXZII', 'IIIIIIIYXXXXXXYIII', 'IIIIIIIZXXXXXYIIII', 'ZXXXXXXXXXXXXXZIII', 'IIIIIIIIYXXXXZIIII', 'IIIIIYXXXXYIIIIIII', 'IIIIIZXXXYIIIIIIII', 'IIIYXXXXXZIIIIIIII', 'IYXXXXXXYIIIIIIIII', 'IIIIIIXIIIIIIIIIII', 'IIYXZIIIIIIIIIIIII', 'IZYIIIIIIIIIIIIIII']
clique 17 ['IIIIIIIIIIIIYXXXXX', 'IIIIIIZXXXXXXXXXXY', 'IIIIIIIIIYXXXXXXXZ', 'IIIIIYXXXXXXXXXXYI', 'IIIIIIYXXXXXXXXYII', 'IIZXXXXXXXXXXXXXZI', 'IIIYXXXXXXXXXXYIII', 'ZXXXXXXXXXXXXXXZII', 'IIIIIIIZXXXXXXZIII', 'IZXXXXXXXXXXXYIIII', 'IIIIIIIIZXXXYIIIII', 'IIIIIIIYXXXXXZIIII', 'IIIIIIIIYXXYIIIIII', 'IIIIIZXXXXXZIIIIII', 'IIIZXXXXXXYIIIIIII', 'IIIIYXXXXYIIIIIIII', 'IIYXXXXXXXZIIIIIII', 'IYXXYIIIIIIIIIIIII']
clique 18 ['IIIIIIIIIIIZXXXXXY', 'IIIIIIIIIIZXXXXXXX', 'IIIIIIIIIIIIIYXXXZ', 'IIIIIIYXXXXXXXXXYI', 'IIIIIIIIIIIYXXXYII', 'IIYXXXXXXXXXXXXXZI', 'IIIIIIIIIIIIZXYIII', 'IYXXXXXXXXXXXXXZII', 'IIIIIIIIIIYXXXZIII', 'IIIIIIIIZXXXXYIIII', 'IIIIIIIIYXXXZIIIII', 'IIZXXXXXXYIIIIIIII', 'IIIIYXXXXZIIIIIIII', 'IIIIIZXYIIIIIIIIII', 'IIIZXXXZIIIIIIIIII', 'ZXXXXXYIIIIIIIIIII', 'IIIYXZIIIIIIIIIIII', 'IZXXYIIIIIIIIIIIII']
clique 19 ['IIIIYXXXXXXXXXXXXY', 'IIYXXXXXXXXXXXXXXX', 'IIIIIIIIIIIIZXXXYI', 'IIIIIIIIIIIZXXXXXZ', 'IIIIIIIIIIZXXXXXZI', 'IIIIIIIIZXXXXXXYII', 'IIIIIIIIIIIYXXYIII', 'IIIIZXXXXXXXXXXZII', 'IIIIIIIIIIYXXYIIII', 'IIZXXXXXXXXXXXZIII', 'IIIIIIZXXXXXXZIIII', 'IIIIIIIIIZXXZIIIII', 'IIIZXXXXXZIIIIIIII', 'IIIIIIYXZIIIIIIIII', 'IIIYXXXYIIIIIIIIII', 'ZXXXXXXZIIIIIIIIII', 'IZXXXYIIIIIIIIIIII', 'IYXXXZIIIIIIIIIIII']
clique 20 ['IIIIIIIIIZXXXXXXXY', 'IIIIIZXXXXXXXXXXXX', 'IIIIIIIIIIIIIIIZYI', 'IIIIIIIZXXXXXXXXXZ', 'IIIIIIIIIYXXXXXXZI', 'IIIIIIIIIIIYXXXZII', 'IIYXXXXXXXXXXXYIII', 'IIIIIIIYXXXXXXZIII', 'IYXXXXXXXXXXXYIIII', 'IIIIIIYXXXXXXZIIII', 'IZXXXXXXXXXXYIIIII', 'IIIIIIZXXXXXZIIIII', 'IIIYXXXXXXXYIIIIII', 'ZXXXXXXXXXYIIIIIII', 'IIZXXXXXXXZIIIIIII', 'IIIZXXXXYIIIIIIIII', 'IIIIZXXXZIIIIIIIII', 'IIIIYZIIIIIIIIIIII']
clique 21 ['IIIYXXXXXXXXXXXXXX', 'IIZXXXXXXXXXXXXXXY', 'IIIIIIIIIIIIIYXXYI', 'IIIIIIIIIIIIZXXXXZ', 'IIIIIIIIIZXXXXXXZI', 'IIIIIIIIIYXXXXXYII', 'IIIIIIIIIIIZXXXZII', 'IZXXXXXXXXXXXXYIII', 'IIIIIZXXXXXXXXZIII', 'IIIIYXXXXXXXXYIIII', 'ZXXXXXXXXXXXZIIIII', 'IIIIIIIIIIXIIIIIII', 'IIIZXXXXXXXZIIIIII', 'IIIIIIZXYIIIIIIIII', 'IIIIZXXYIIIIIIIIII', 'IYXXXXXXZIIIIIIIII', 'IIIIIIYZIIIIIIIIII', 'IIYXXZIIIIIIIIIIII']
clique 22 ['IIIIIIIIIIIYXXXXXY', 'IIIIIIIIIZXXXXXXXX', 'IIIIIIIIIIIIIZXXXZ', 'IIIIIIIIZXXXXXXXYI', 'IIZXXXXXXXXXXXXYII', 'ZXXXXXXXXXXXXXXXZI', 'IIIIIIIIIYXXXXYIII', 'IIIIIIZXXXXXXXXZII', 'IIIIZXXXXXXXXXZIII', 'IIIIIIIYXXXXYIIIII', 'IIIYXXXXXXXXXZIIII', 'IIIIIIIZXXXXZIIIII', 'IIIIIZXXXXXYIIIIII', 'IIIIYXXXXXYIIIIIII', 'IYXXXXXXXXZIIIIIII', 'IIIZXXXXZIIIIIIIII', 'IIYXXXZIIIIIIIIIII', 'IZXXXZIIIIIIIIIIII']
clique 23 ['IIIIIIIIIIIYXXXXXX', 'IYXXXXXXXXXXXXXXXY', 'IIIIIIIYXXXXXXXXYI', 'IIIIIZXXXXXXXXXXXZ', 'IIIIIIIIIZXXXXXYII', 'IIIIIIIIIIYXXXXXZI', 'IIIIIIIIIIIIIIYZII', 'IIIIIIIIIIZXXXYIII', 'IIIIZXXXXXXXXYIIII', 'IIIIIYXXXXXXYIIIII', 'IZXXXXXXXXXXXZIIII', 'IIIIYXXXXXXXZIIIII', 'ZXXXXXXXXXXYIIIIII', 'IIIIIIYXXZIIIIIIII', 'IIIYXXXXYIIIIIIIII', 'IIZXXXXXZIIIIIIIII', 'IIYXXXXYIIIIIIIIII', 'IIIZXXYIIIIIIIIIII']
clique 24 ['IIIIIIIIIYXXXXXXXY', 'IIIIIIYXXXXXXXXXXX', 'IIIIIIIIIIIIIIIIXI', 'IIIIIIIIIZXXXXXXXZ', 'IIIIIIIIYXXXXXXYII', 'IIIZXXXXXXXXXXYIII', 'IIIIYXXXXXXXXXXZII', 'IIIIIIIIZXXXXXZIII', 'IIIIIIZXXXXXXYIIII', 'IIIIIIIIIIYXYIIIII', 'IIYXXXXXXXXXXZIIII', 'IIIIIYXXXXXYIIIIII', 'IIIYXXXXXXXXZIIIII', 'IIIIIIIYXXYIIIIIII', 'IZXXXXXXXXXZIIIIII', 'IIZXXXXYIIIIIIIIII', 'IYXXXYIIIIIIIIIIII', 'ZXXXYIIIIIIIIIIIII']
clique 25 ['IIIIIIIIIIYXXXXXXY', 'IIIIIIIIZXXXXXXXXX', 'IIIIIIIIIIZXXXXXYI', 'IIIIYXXXXXXXXXXXXZ', 'IIIIIIIIIIIIIIYYII', 'IIIIIIIYXXXXXXXXZI', 'IIIIIIIIIYXXXXXZII', 'IIIIIYXXXXXXXXYIII', 'ZXXXXXXXXXXXXYIIII', 'IIIIIIIIIZXXXZIIII', 'IIIIIIYXXXXXYIIIII', 'IIIIZXXXXXXYIIIIII', 'IIZXXXXXXXXXZIIIII', 'IIIYXXXXXXXZIIIIII', 'IZXXXXXXZIIIIIIIII', 'IYXXXXXYIIIIIIIIII', 'IIIIIZYIIIIIIIIIII', 'IIYYIIIIIIIIIIIIII']
clique 26 ['IIIIIIIIZXXXXXXXXY', 'IIIIIYXXXXXXXXXXXX', 'IIIIIIIIIIIIYXXXYI', 'IIZXXXXXXXXXXXXXXZ', 'IIIIIZXXXXXXXXXXZI', 'ZXXXXXXXXXXXXXXYII', 'IIIIIIIIIIYXXXYIII', 'IIIYXXXXXXXXXXXZII', 'IIIIIIIIIYXXXXZIII', 'IIIIIIIYXXXXXYIIII', 'IIIIZXXXXXXXYIIIII', 'IIIIYXXXXXXXXZIIII', 'IIIZXXXXXXXYIIIIII', 'IIIIIIIIYXYIIIIIII', 'IIIIIIZXXXXZIIIIII', 'IIYXXXXXXYIIIIIIII', 'IZXXXXXYIIIIIIIIII', 'IYXXXXZIIIIIIIIIII']
clique 27 ['IIIIIIYXXXXXXXXXXY', 'IYXXXXXXXXXXXXXXXX', 'IIIIIIIIIIIIIIYXYI', 'IIIYXXXXXXXXXXXXXZ', 'IIIIIIIIIIIIIYXYII', 'IIIIIIZXXXXXXXXXZI', 'IIIIIIIIZXXXXXXZII', 'IIIIYXXXXXXXXXYIII', 'IIIIIIIIIZXXXYIIII', 'IIIZXXXXXXXXYIIIII', 'IIIIIIIIIIYXZIIIII', 'IIIIIIIZXXXYIIIIII', 'IIIIIYXXXXXZIIIIII', 'IZXXXXXXXXYIIIIIII', 'IIZXXXXXXZIIIIIIII', 'IIYXXXXXZIIIIIIIII', 'IIIIZXXZIIIIIIIIII', 'ZXXXXYIIIIIIIIIIII']
clique 28 ['IIIIIIIIIIYXXXXXXX', 'IIIIIIIZXXXXXXXXXY', 'IIIIIIIIIIIIYXXXXZ', 'IIIIIIIIIZXXXXXXYI', 'IIIIIYXXXXXXXXXXZI', 'IZXXXXXXXXXXXXXYII', 'IIIIIZXXXXXXXXYIII', 'IIIIIIYXXXXXXXXZII', 'IIIZXXXXXXXXXYIIII', 'IIIYXXXXXXXXXXZIII', 'IIIIZXXXXXXXXZIIII', 'IIIIYXXXXXXXYIIIII', 'IYXXXXXXXXXYIIIIII', 'IIIIIIIIIYYIIIIIII', 'IIIIIIIYXXXZIIIIII', 'IIZXXXXXYIIIIIIIII', 'ZXXXXXXXZIIIIIIIII', 'IIYXXXYIIIIIIIIIII']
clique 29 ['IIIIIIIIIYXXXXXXXX', 'IIIIIYXXXXXXXXXXXY', 'IIIIIIIIIIZXXXXXXZ', 'IIIIIIIIYXXXXXXXYI', 'IIIIIIIIZXXXXXXXZI', 'IIIIZXXXXXXXXXXYII', 'IIIIIIIIIIYXXXXZII', 'IIIIIIIZXXXXXXYIII', 'IIIIIIYXXXXXXYIIII', 'IYXXXXXXXXXXXXZIII', 'IIIIIIZXXXXXYIIIII', 'ZXXXXXXXXXXXXZIIII', 'IIIZXXXXXXXXZIIIII', 'IZXXXXXXXXXYIIIIII', 'IIIIYXXXXXXZIIIIII', 'IIIYXXXXXYIIIIIIII', 'IIIIIZXZIIIIIIIIII', 'IIXIIIIIIIIIIIIIII']
clique 30 ['IIIIIIIIYXXXXXXXXX', 'IIIIZXXXXXXXXXXXXY', 'IIIIIIZXXXXXXXXXYI', 'IIIIIIIYXXXXXXXXXZ', 'IIIZXXXXXXXXXXXYII', 'IZXXXXXXXXXXXXXXZI', 'IIIIIIIIIIZXXXXZII', 'IIIIIIIIIZXXXXYIII', 'IIIIYXXXXXXXXXZIII', 'IIZXXXXXXXXXXYIIII', 'IIIIIIIZXXXXXZIIII', 'IIIYXXXXXXXXYIIIII', 'IIIIIYXXXXXXZIIIII', 'IIYXXXXXXXXYIIIIII', 'IYXXXXXXXXXZIIIIII', 'ZXXXXXXXXXZIIIIIII', 'IIIIIIYXYIIIIIIIII', 'IIIIIZXXXZIIIIIIII']
clique 31 ['IIIZXXXXXXXXXXXXXX', 'IIIYXXXXXXXXXXXXXY', 'IIIIZXXXXXXXXXXXYI', 'IIYXXXXXXXXXXXXXXZ', 'IIIIIIIZXXXXXXXXZI', 'IIIIIIIYXXXXXXXYII', 'IIIIIIIIIIIIYXXZII', 'IIZXXXXXXXXXXXYIII', 'IIIIIIIIYXXXXXZIII', 'IIIIIYXXXXXXXYIIII', 'IIIIIIIIIIYXXZIIII', 'IIIIIZXXXXXXYIIIII', 'IIIIIIYXXXXYIIIIII', 'IYXXXXXXXXYIIIIIII', 'ZXXXXXXXXXXZIIIIII', 'IZXXXXXXXYIIIIIIII', 'IIIIIIZXXZIIIIIIII', 'IIIIYXXXYIIIIIIIII']
clique 32 ['IIIIZXXXXXXXXXXXXX', 'IZXXXXXXXXXXXXXXXY', 'IIIIIIIZXXXXXXXXYI', 'IIIIIIYXXXXXXXXXXZ', 'IIIIIIIIIIIIIZXXZI', 'IIIIYXXXXXXXXXXYII', 'IIIIIIZXXXXXXXYIII', 'IIIIIZXXXXXXXXXZII', 'IIIIIYXXXXXXXXZIII', 'IIIIIIIIYXXXYIIIII', 'IYXXXXXXXXXXXZIIII', 'IIIIIIIIIYXXZIIIII', 'IIIIIIIYXXXYIIIIII', 'IIIYXXXXXXYIIIIIII', 'IIZXXXXXXXXZIIIIII', 'IIIZXXXXXXZIIIIIII', 'ZXXXXXXXXYIIIIIIII', 'IIYXXXXXYIIIIIIIII']
clique 33 ['IIIIIIIYXXXXXXXXXX', 'ZXXXXXXXXXXXXXXXXY', 'IIIIIIIIIIIYXXXXYI', 'IIIZXXXXXXXXXXXXXZ', 'IIIIIZXXXXXXXXXYII', 'IIIIYXXXXXXXXXXXZI', 'IIIIIIYXXXXXXXYIII', 'IIIIIYXXXXXXXXXZII', 'IIIIIIIIYXXXXYIIII', 'IIYXXXXXXXXXXXZIII', 'IIIIIIIZXXXXYIIIII', 'IIZXXXXXXXXXXZIIII', 'IIIIIIIIIZXYIIIIII', 'IYXXXXXXXXXXZIIIII', 'IIIIIIZXXXYIIIIIII', 'IIIYXXXXXXZIIIIIII', 'IIIIZXXXXZIIIIIIII', 'IZXXXXXXYIIIIIIIII']
clique 34 ['IIIIIZXXXXXXXXXXXY', 'IIIIYXXXXXXXXXXXXX', 'IIIIIIIIIIIIIZXXYI', 'IIIIIIIIIIIIIIYXXZ', 'IIIYXXXXXXXXXXXXZI', 'IYXXXXXXXXXXXXXYII', 'IIIIIIIIYXXXXXXZII', 'IIIIZXXXXXXXXXYIII', 'IIIIIYXXXXXXXZIIII', 'IIZXXXXXXXXXYIIIII', 'IIIIIIZXXXXYIIIIII', 'IIIIIIIYXXXXZIIIII', 'IIIIIIIZXXYIIIIIII', 'IIIIIIYXXXXZIIIIII', 'IIIZXXXXXYIIIIIIII', 'IZXXXXXXXXZIIIIIII', 'IIYXXXXXXZIIIIIIII', 'ZXXXXXXXYIIIIIIIII']
