GS energy with  DMRG -3.7635428474099797
N= 3.000000000000001
E= -3.7635428474099797
D= [[ 2.39982417e-01+0.j -7.80149761e-02+0.j  3.45886277e-01+0.j
   1.92551530e-12+0.j  2.11449660e-01+0.j  6.34427871e-02+0.j]
 [-7.80149761e-02+0.j  7.60017583e-01+0.j -9.95146673e-13+0.j
   3.45886277e-01+0.j  6.34427871e-02+0.j -2.11449660e-01+0.j]
 [ 3.45886277e-01+0.j -9.95127591e-13+0.j  5.41126942e-01+0.j
   1.23396170e-02+0.j  3.45886277e-01+0.j  3.10134557e-12+0.j]
 [ 1.92549449e-12+0.j  3.45886277e-01+0.j  1.23396170e-02+0.j
   4.58873058e-01+0.j -3.69243178e-12+0.j  3.45886277e-01+0.j]
 [ 2.11449660e-01+0.j  6.34427871e-02+0.j  3.45886277e-01+0.j
  -3.69242484e-12+0.j  2.39982417e-01+0.j -7.80149761e-02+0.j]
 [ 6.34427871e-02+0.j -2.11449660e-01+0.j  3.10131781e-12+0.j
   3.45886277e-01+0.j -7.80149761e-02+0.j  7.60017583e-01+0.j]]
W= [0.14578878+0.j 0.21196981+0.j 0.14578878+0.j]
local approximation with  1 sites
local interactions on sites [[0], [1], [2]]
Functional for interaction on sites [0]
aca-directory for images already exists
aca-directory for images already exists
aca-directory for images already exists
interacting orbitals: [0, 1]
mapping: [0, 1, 2, 3, 4, 5]
aca-directory for images already exists
aca-directory for images already exists
aca-directory for images already exists
orbinteractaca= [0, 1]
aca-directory for images already exists
aca-directory for images already exists
aca-directory for images already exists
aca-directory for images already exists
aca-directory for images already exists
aca-directory for images already exists
aca-directory for images already exists
aca-directory for images already exists
aca-directory for images already exists
aca-directory for images already exists
aca-directory for images already exists
aca-directory for images already exists
aca-directory for images already exists
aca-directory for images already exists
aca-directory for images already exists
aca: level 2  norb= 6
Daca= [[ 2.39982417e-01+0.j -7.80149761e-02+0.j -4.10333112e-01+0.j
   2.92988218e-19+0.j -6.36534704e-19+0.j  7.31327770e-18+0.j]
 [-7.80149761e-02+0.j  7.60017583e-01+0.j -1.33589865e-12+0.j
  -4.10333112e-01+0.j  5.89380103e-18+0.j  1.13502597e-17+0.j]
 [-4.10333112e-01+0.j -1.33594457e-12+0.j  7.54450459e-01+0.j
   7.63446311e-02+0.j  3.06522849e-03+0.j  0.00000000e+00+0.j]
 [ 1.41707760e-17+0.j -4.10333112e-01+0.j  7.63446311e-02+0.j
   2.45549541e-01+0.j  1.07685129e-13+0.j -3.06522849e-03+0.j]
 [-3.27513954e-17+0.j  3.88085944e-17+0.j  3.06522849e-03+0.j
   1.07729026e-13+0.j  2.66588995e-02+0.j  1.42019990e-01+0.j]
 [-1.35034040e-17+0.j  3.47465503e-17+0.j  2.45015604e-17+0.j
  -3.06522849e-03+0.j  1.42019990e-01+0.j  9.73341100e-01+0.j]]
Naca= (1.0210917754183713, 1.9789082245816298)
nq= 6
variational state:
      ┌──────────┐ ┌──────────┐┌───┐     ┌───────────┐┌───────────┐»
q0_0: ┤ Ry(y[0]) ├─┤ Rz(y[6]) ├┤ X ├──■──┤ Ry(y[12]) ├┤ Rz(y[18]) ├»
      ├──────────┤ ├──────────┤└─┬─┘┌─┴─┐└───────────┘├───────────┤»
q0_1: ┤ Ry(y[1]) ├─┤ Rz(y[7]) ├──┼──┤ X ├──────■──────┤ Ry(y[13]) ├»
      ├──────────┤ ├──────────┤  │  └───┘    ┌─┴─┐    └───────────┘»
q0_2: ┤ Ry(y[2]) ├─┤ Rz(y[8]) ├──┼───────────┤ X ├──────────■──────»
      ├──────────┤ ├──────────┤  │           └───┘        ┌─┴─┐    »
q0_3: ┤ Ry(y[3]) ├─┤ Rz(y[9]) ├──┼────────────────────────┤ X ├────»
      ├──────────┤┌┴──────────┤  │                        └───┘    »
q0_4: ┤ Ry(y[4]) ├┤ Rz(y[10]) ├──┼─────────────────────────────────»
      ├──────────┤├───────────┤  │                                 »
q0_5: ┤ Ry(y[5]) ├┤ Rz(y[11]) ├──■─────────────────────────────────»
      └──────────┘└───────────┘                                    »
c0: 6/═════════════════════════════════════════════════════════════»
                                                                   »
«                                                          ┌───┐     »
«q0_0: ────────────────────────────────────────────────────┤ X ├──■──»
«      ┌───────────┐                                       └─┬─┘┌─┴─┐»
«q0_1: ┤ Rz(y[19]) ├─────────────────────────────────────────┼──┤ X ├»
«      ├───────────┤┌───────────┐                            │  └───┘»
«q0_2: ┤ Ry(y[14]) ├┤ Rz(y[20]) ├────────────────────────────┼───────»
«      └───────────┘├───────────┤┌───────────┐               │       »
«q0_3: ──────■──────┤ Ry(y[15]) ├┤ Rz(y[21]) ├───────────────┼───────»
«          ┌─┴─┐    └───────────┘├───────────┤┌───────────┐  │       »
«q0_4: ────┤ X ├──────────■──────┤ Ry(y[16]) ├┤ Rz(y[22]) ├──┼───────»
«          └───┘        ┌─┴─┐    ├───────────┤├───────────┤  │       »
«q0_5: ─────────────────┤ X ├────┤ Ry(y[17]) ├┤ Rz(y[23]) ├──■───────»
«                       └───┘    └───────────┘└───────────┘          »
«c0: 6/══════════════════════════════════════════════════════════════»
«                                                                    »
«      ┌───────────┐┌───────────┐                                       »
«q0_0: ┤ Ry(y[24]) ├┤ Rz(y[30]) ├───────────────────────────────────────»
«      └───────────┘├───────────┤┌───────────┐                          »
«q0_1: ──────■──────┤ Ry(y[25]) ├┤ Rz(y[31]) ├──────────────────────────»
«          ┌─┴─┐    └───────────┘├───────────┤┌───────────┐             »
«q0_2: ────┤ X ├──────────■──────┤ Ry(y[26]) ├┤ Rz(y[32]) ├─────────────»
«          └───┘        ┌─┴─┐    └───────────┘├───────────┤┌───────────┐»
«q0_3: ─────────────────┤ X ├──────────■──────┤ Ry(y[27]) ├┤ Rz(y[33]) ├»
«                       └───┘        ┌─┴─┐    └───────────┘├───────────┤»
«q0_4: ──────────────────────────────┤ X ├──────────■──────┤ Ry(y[28]) ├»
«                                    └───┘        ┌─┴─┐    ├───────────┤»
«q0_5: ───────────────────────────────────────────┤ X ├────┤ Ry(y[29]) ├»
«                                                 └───┘    └───────────┘»
«c0: 6/═════════════════════════════════════════════════════════════════»
«                                                                       »
«                   
«q0_0: ─────────────
«                   
«q0_1: ─────────────
«                   
«q0_2: ─────────────
«                   
«q0_3: ─────────────
«      ┌───────────┐
«q0_4: ┤ Rz(y[34]) ├
«      ├───────────┤
«q0_5: ┤ Rz(y[35]) ├
«      └───────────┘
«c0: 6/═════════════
«                   
ansatz-state is written to ansatz.txt
building constraints...
number of constraints= 36
unique pauliops 66
graphclique-cliquecover: 66 with commutationmode qubitwise
strategy largest_first 36
strategy random_sequential 36
strategy smallest_last 36
strategy independent_set 37
strategy connected_sequential_bfs 37
strategy connected_sequential_dfs 36
strategy saturation_largest_first 36
number of cliques 36
clique 0 ['XZZZZX', 'IIIIZI', 'IIIZII', 'IIZIII', 'IZIIII']
clique 1 ['YZZZZY']
clique 2 ['YZZZZX']
clique 3 ['XZZZZY']
clique 4 ['IXZZZX', 'XXIIII']
clique 5 ['IYZZZY', 'YYIIII']
clique 6 ['IYZZZX', 'XYIIII']
clique 7 ['IXZZZY', 'YXIIII']
clique 8 ['IIIIXX', 'XZZZXI']
clique 9 ['IIIIYY', 'YZZZYI']
clique 10 ['IIIIXY', 'YZZZXI']
clique 11 ['IIIIYX', 'XZZZYI']
clique 12 ['IIIIIZ', 'IXZZXI', 'ZIIIII']
clique 13 ['IYZZYI']
clique 14 ['IYZZXI']
clique 15 ['IXZZYI']
clique 16 ['IIXZZX', 'XZXIII']
clique 17 ['IIYZZY', 'YZYIII']
clique 18 ['IIYZZX', 'XZYIII']
clique 19 ['IIXZZY', 'YZXIII']
clique 20 ['IIIXZX', 'XZZXII']
clique 21 ['IIIYZY', 'YZZYII']
clique 22 ['IIIXZY', 'YZZXII']
clique 23 ['IIIYZX', 'XZZYII']
clique 24 ['IIXZXI', 'IXXIII']
clique 25 ['IIYZYI', 'IYYIII']
clique 26 ['IIYZXI', 'IXYIII']
clique 27 ['IIXZYI', 'IYXIII']
clique 28 ['IIIXXI', 'IXZXII']
clique 29 ['IIIYYI', 'IYZYII']
clique 30 ['IIIXYI', 'IYZXII']
clique 31 ['IIIYXI', 'IXZYII']
clique 32 ['IIXXII']
clique 33 ['IIYYII']
clique 34 ['IIYXII']
clique 35 ['IIXYII']
