GS energy with  DMRG -0.5
N= 1.0
E= -0.5
D= [[0.09841144+0.j 0.29787015+0.j]
 [0.29787015+0.j 0.90158856+0.j]]
W= [3.52918199e-32+0.j]
local approximation with  1 sites
local interactions on sites [[0]]
Functional for interaction on sites [0]
aca-directory for images already exists
aca-directory for images already exists
aca-directory for images already exists
interacting orbitals: [0, 1]
mapping: [0, 1]
aca-directory for images already exists
aca-directory for images already exists
aca-directory for images already exists
orbinteractaca= [0, 1]
aca-directory for images already exists
aca-directory for images already exists
aca-directory for images already exists
aca: level 0  norb= 2
Daca= [[0.09841144+0.j 0.29787015+0.j]
 [0.29787015+0.j 0.90158856+0.j]]
Naca= (0.0984114402452331, 0.9015885597547669)
nq= 2
variational state:
      ┌──────────┐┌──────────┐     ┌──────────┐┌──────────┐     ┌──────────┐»
q0_0: ┤ Ry(y[0]) ├┤ Rz(y[2]) ├──■──┤ Ry(y[4]) ├┤ Rz(y[6]) ├──■──┤ Ry(y[8]) ├»
      ├──────────┤├──────────┤┌─┴─┐├──────────┤├──────────┤┌─┴─┐├──────────┤»
q0_1: ┤ Ry(y[1]) ├┤ Rz(y[3]) ├┤ X ├┤ Ry(y[5]) ├┤ Rz(y[7]) ├┤ X ├┤ Ry(y[9]) ├»
      └──────────┘└──────────┘└───┘└──────────┘└──────────┘└───┘└──────────┘»
c0: 2/══════════════════════════════════════════════════════════════════════»
                                                                            »
«      ┌───────────┐
«q0_0: ┤ Rz(y[10]) ├
«      ├───────────┤
«q0_1: ┤ Rz(y[11]) ├
«      └───────────┘
«c0: 2/═════════════
«                   
ansatz-state is written to ansatz.txt
building constraints...
number of constraints= 4
unique pauliops 6
graphclique-cliquecover: 6 with commutationmode disjointqubits
strategy largest_first 5
strategy random_sequential 5
strategy smallest_last 5
strategy independent_set 5
strategy connected_sequential_bfs 5
strategy connected_sequential_dfs 5
strategy saturation_largest_first 5
number of cliques 5
clique 0 ['XX']
clique 1 ['YY']
clique 2 ['YX']
clique 3 ['XY']
clique 4 ['IZ', 'ZI']
