GS energy with  DMRG -16.2033171399004
N= 11.000000000000007
E= -16.2033171399004
D= [[ 5.80531748e-01+0.j -6.60532106e-02+0.j  4.08500970e-01+0.j
   4.13178527e-08+0.j -6.47956659e-02+0.j  5.31463201e-02+0.j
  -1.47178292e-01+0.j -5.73923161e-08+0.j  5.92264722e-02+0.j
  -4.85784523e-02+0.j  7.99661655e-02+0.j -2.70974802e-07+0.j
  -5.57261291e-02+0.j  4.57085109e-02+0.j -4.46153605e-02+0.j
   1.32154831e-06+0.j  5.30150939e-02+0.j -4.34949210e-02+0.j
   2.01792326e-02+0.j  1.57257658e-05+0.j -5.03869504e-02+0.j
   4.13103028e-02+0.j]
 [-6.60532106e-02+0.j  4.19468229e-01+0.j  4.11375250e-08+0.j
   4.08500923e-01+0.j  5.31463034e-02+0.j  6.47956684e-02+0.j
  -6.52675200e-08+0.j -1.47178239e-01+0.j -4.85784361e-02+0.j
  -5.92264337e-02+0.j  6.72028330e-08+0.j  7.99667623e-02+0.j
   4.57076320e-02+0.j  5.57268008e-02+0.j  4.72793387e-07+0.j
  -4.46174196e-02+0.j -4.34827164e-02+0.j -5.30148276e-02+0.j
   1.45270762e-06+0.j  2.01622497e-02+0.j  4.13290830e-02+0.j
   5.03869148e-02+0.j]
 [ 4.08500970e-01+0.j  4.11375250e-08+0.j  4.84570664e-01+0.j
   1.26554023e-02+0.j  2.57213364e-01+0.j -6.30901338e-09+0.j
   5.01773405e-03+0.j -4.11566076e-03+0.j -6.58087662e-02+0.j
  -2.38458147e-08+0.j -2.58932375e-03+0.j  2.12323146e-03+0.j
   3.49483666e-02+0.j  6.82206417e-07+0.j  1.37985076e-03+0.j
  -1.12872709e-03+0.j -2.44291146e-02+0.j -1.07456291e-05+0.j
  -6.16098534e-04+0.j  5.29579040e-04+0.j  2.01621937e-02+0.j
  -1.58542619e-05+0.j]
 [ 4.13178528e-08+0.j  4.08500923e-01+0.j  1.26554023e-02+0.j
   5.15429313e-01+0.j -1.64783825e-08+0.j  2.57213391e-01+0.j
  -4.11565764e-03+0.j -5.01769620e-03+0.j  1.02578365e-08+0.j
  -6.58087898e-02+0.j  2.12389214e-03+0.j  2.58902630e-03+0.j
  -2.82711350e-07+0.j  3.49474612e-02+0.j -1.13227205e-03+0.j
  -1.38039627e-03+0.j -1.10090513e-06+0.j -2.44168254e-02+0.j
   5.03246191e-04+0.j  6.16161688e-04+0.j -1.46958830e-06+0.j
   2.01793279e-02+0.j]
 [-6.47956659e-02+0.j  5.31463034e-02+0.j  2.57213364e-01+0.j
  -1.64783826e-08+0.j  5.78500768e-01+0.j -6.43874565e-02+0.j
   3.43747367e-01+0.j  4.24088302e-08+0.j -6.40701533e-02+0.j
   5.25513343e-02+0.j -1.13491116e-01+0.j -4.20851479e-07+0.j
   5.91188524e-02+0.j -4.84901395e-02+0.j  5.63043573e-02+0.j
   2.69947850e-06+0.j -5.58639529e-02+0.j  4.58102062e-02+0.j
  -2.44168791e-02+0.j  1.09502482e-05+0.j  5.30151949e-02+0.j
  -4.34955526e-02+0.j]
 [ 5.31463201e-02+0.j  6.47956684e-02+0.j -6.30901343e-09+0.j
   2.57213391e-01+0.j -6.43874565e-02+0.j  4.21499241e-01+0.j
   3.60973247e-08+0.j  3.43747254e-01+0.j  5.25513016e-02+0.j
   6.40701517e-02+0.j -7.06946860e-09+0.j -1.13490378e-01+0.j
  -4.84901437e-02+0.j -5.91186025e-02+0.j  3.33702043e-07+0.j
   5.63017529e-02+0.j  4.58213272e-02+0.j  5.58638950e-02+0.j
   1.11585781e-06+0.j -2.44293960e-02+0.j -4.34830299e-02+0.j
  -5.30155861e-02+0.j]
 [-1.47178292e-01+0.j -6.52675200e-08+0.j  5.01773405e-03+0.j
  -4.11565764e-03+0.j  3.43747367e-01+0.j  3.60973247e-08+0.j
   4.81193507e-01+0.j  1.54254902e-02+0.j  2.94084446e-01+0.j
   1.85379790e-08+0.j  6.66451717e-03+0.j -5.46662854e-03+0.j
  -9.15825447e-02+0.j -2.88735138e-07+0.j -3.28590525e-03+0.j
   2.69745989e-03+0.j  5.63019307e-02+0.j -2.84569504e-06+0.j
   1.38005631e-03+0.j -1.12816057e-03+0.j -4.46176969e-02+0.j
  -1.43904079e-06+0.j]
 [-5.73923161e-08+0.j -1.47178239e-01+0.j -4.11566076e-03+0.j
  -5.01769620e-03+0.j  4.24088303e-08+0.j  3.43747254e-01+0.j
   1.54254902e-02+0.j  5.18806491e-01+0.j  2.75352323e-08+0.j
   2.94084381e-01+0.j -5.46638897e-03+0.j -6.66453246e-03+0.j
  -2.80434310e-08+0.j -9.15823965e-02+0.j  2.69519884e-03+0.j
   3.28592217e-03+0.j -2.84870242e-07+0.j  5.63045888e-02+0.j
  -1.13205268e-03+0.j -1.37947322e-03+0.j -5.60079196e-07+0.j
  -4.46154852e-02+0.j]
 [ 5.92264722e-02+0.j -4.85784361e-02+0.j -6.58087662e-02+0.j
   1.02578364e-08+0.j -6.40701533e-02+0.j  5.25513016e-02+0.j
   2.94084446e-01+0.j  2.75352323e-08+0.j  5.78366057e-01+0.j
  -6.42770320e-02+0.j  3.17328383e-01+0.j  2.28003133e-08+0.j
  -6.39674018e-02+0.j  5.24667031e-02+0.j -9.15824561e-02+0.j
   4.15850405e-07+0.j  5.91186955e-02+0.j -4.84903459e-02+0.j
   3.49477615e-02+0.j -6.05498629e-07+0.j -5.57266622e-02+0.j
   4.57084018e-02+0.j]
 [-4.85784523e-02+0.j -5.92264337e-02+0.j -2.38458147e-08+0.j
  -6.58087898e-02+0.j  5.25513343e-02+0.j  6.40701517e-02+0.j
   1.85379790e-08+0.j  2.94084381e-01+0.j -6.42770320e-02+0.j
   4.21633972e-01+0.j  5.82590750e-08+0.j  3.17328299e-01+0.j
   5.24670924e-02+0.j  6.39674012e-02+0.j -1.86591094e-08+0.j
  -9.15827066e-02+0.j -4.84902705e-02+0.j -5.91189520e-02+0.j
   3.10123110e-07+0.j  3.49485780e-02+0.j  4.57075495e-02+0.j
   5.57259852e-02+0.j]
 [ 7.99661655e-02+0.j  6.72028329e-08+0.j -2.58932375e-03+0.j
   2.12389214e-03+0.j -1.13491116e-01+0.j -7.06946861e-09+0.j
   6.66451717e-03+0.j -5.46638897e-03+0.j  3.17328383e-01+0.j
   5.82590749e-08+0.j  4.80268008e-01+0.j  1.61846098e-02+0.j
   3.17328325e-01+0.j -1.17536980e-07+0.j  6.66455058e-03+0.j
  -5.46659351e-03+0.j -1.13490544e-01+0.j  4.66589821e-07+0.j
  -2.58900283e-03+0.j  2.12309648e-03+0.j  7.99666341e-02+0.j
   2.85732629e-07+0.j]
 [-2.70974802e-07+0.j  7.99667623e-02+0.j  2.12323146e-03+0.j
   2.58902630e-03+0.j -4.20851479e-07+0.j -1.13490378e-01+0.j
  -5.46662854e-03+0.j -6.66453246e-03+0.j  2.28003134e-08+0.j
   3.17328299e-01+0.j  1.61846098e-02+0.j  5.19731957e-01+0.j
   9.82426714e-09+0.j  3.17328413e-01+0.j -5.46639599e-03+0.j
  -6.66451493e-03+0.j -7.02057565e-08+0.j -1.13491312e-01+0.j
   2.12389115e-03+0.j  2.58930885e-03+0.j -4.03726306e-11+0.j
   7.99659878e-02+0.j]
 [-5.57261291e-02+0.j  4.57076320e-02+0.j  3.49483666e-02+0.j
  -2.82711350e-07+0.j  5.91188524e-02+0.j -4.84901437e-02+0.j
  -9.15825447e-02+0.j -2.80434310e-08+0.j -6.39674018e-02+0.j
   5.24670924e-02+0.j  3.17328325e-01+0.j  9.82426698e-09+0.j
   5.78365980e-01+0.j -6.42770501e-02+0.j  2.94084441e-01+0.j
  -4.76855473e-08+0.j -6.40701421e-02+0.j  5.25514316e-02+0.j
  -6.58087930e-02+0.j  1.15205778e-08+0.j  5.92263367e-02+0.j
  -4.85784008e-02+0.j]
 [ 4.57085109e-02+0.j  5.57268008e-02+0.j  6.82206417e-07+0.j
   3.49474612e-02+0.j -4.84901395e-02+0.j -5.91186025e-02+0.j
  -2.88735138e-07+0.j -9.15823965e-02+0.j  5.24667031e-02+0.j
   6.39674012e-02+0.j -1.17536979e-07+0.j  3.17328413e-01+0.j
  -6.42770501e-02+0.j  4.21634039e-01+0.j  4.68347098e-08+0.j
   2.94084523e-01+0.j  5.25513815e-02+0.j  6.40701069e-02+0.j
  -1.35740786e-08+0.j -6.58087546e-02+0.j -4.85784505e-02+0.j
  -5.92263870e-02+0.j]
 [-4.46153605e-02+0.j  4.72793387e-07+0.j  1.37985076e-03+0.j
  -1.13227205e-03+0.j  5.63043573e-02+0.j  3.33702043e-07+0.j
  -3.28590525e-03+0.j  2.69519884e-03+0.j -9.15824561e-02+0.j
  -1.86591094e-08+0.j  6.66455058e-03+0.j -5.46639599e-03+0.j
   2.94084441e-01+0.j  4.68347098e-08+0.j  4.81193529e-01+0.j
   1.54254702e-02+0.j  3.43747266e-01+0.j -9.44711069e-08+0.j
   5.01770459e-03+0.j -4.11566239e-03+0.j -1.47178160e-01+0.j
   9.96782643e-08+0.j]
 [ 1.32154831e-06+0.j -4.46174196e-02+0.j -1.12872709e-03+0.j
  -1.38039627e-03+0.j  2.69947850e-06+0.j  5.63017529e-02+0.j
   2.69745989e-03+0.j  3.28592217e-03+0.j  4.15850405e-07+0.j
  -9.15827066e-02+0.j -5.46659351e-03+0.j -6.66451493e-03+0.j
  -4.76855474e-08+0.j  2.94084523e-01+0.j  1.54254702e-02+0.j
   5.18806471e-01+0.j -1.33161709e-08+0.j  3.43747352e-01+0.j
  -4.11565455e-03+0.j -5.01773152e-03+0.j  2.08406101e-08+0.j
  -1.47178229e-01+0.j]
 [ 5.30150939e-02+0.j -4.34827164e-02+0.j -2.44291146e-02+0.j
  -1.10090513e-06+0.j -5.58639529e-02+0.j  4.58213272e-02+0.j
   5.63019307e-02+0.j -2.84870242e-07+0.j  5.91186955e-02+0.j
  -4.84902705e-02+0.j -1.13490544e-01+0.j -7.02057564e-08+0.j
  -6.40701421e-02+0.j  5.25513815e-02+0.j  3.43747266e-01+0.j
  -1.33161708e-08+0.j  5.78500691e-01+0.j -6.43875418e-02+0.j
   2.57213362e-01+0.j  9.55344715e-09+0.j -6.47956036e-02+0.j
   5.31463911e-02+0.j]
 [-4.34949210e-02+0.j -5.30148276e-02+0.j -1.07456291e-05+0.j
  -2.44168254e-02+0.j  4.58102062e-02+0.j  5.58638950e-02+0.j
  -2.84569504e-06+0.j  5.63045888e-02+0.j -4.84903459e-02+0.j
  -5.91189520e-02+0.j  4.66589821e-07+0.j -1.13491312e-01+0.j
   5.25514316e-02+0.j  6.40701069e-02+0.j -9.44711069e-08+0.j
   3.43747352e-01+0.j -6.43875418e-02+0.j  4.21499314e-01+0.j
   3.07956025e-08+0.j  2.57213377e-01+0.j  5.31463650e-02+0.j
   6.47956082e-02+0.j]
 [ 2.01792326e-02+0.j  1.45270762e-06+0.j -6.16098534e-04+0.j
   5.03246191e-04+0.j -2.44168791e-02+0.j  1.11585781e-06+0.j
   1.38005631e-03+0.j -1.13205268e-03+0.j  3.49477615e-02+0.j
   3.10123110e-07+0.j -2.58900283e-03+0.j  2.12389115e-03+0.j
  -6.58087930e-02+0.j -1.35740785e-08+0.j  5.01770459e-03+0.j
  -4.11565455e-03+0.j  2.57213362e-01+0.j  3.07956024e-08+0.j
   4.84570703e-01+0.j  1.26553993e-02+0.j  4.08500917e-01+0.j
  -7.10484293e-08+0.j]
 [ 1.57257658e-05+0.j  2.01622497e-02+0.j  5.29579040e-04+0.j
   6.16161688e-04+0.j  1.09502482e-05+0.j -2.44293960e-02+0.j
  -1.12816057e-03+0.j -1.37947322e-03+0.j -6.05498629e-07+0.j
   3.49485780e-02+0.j  2.12309648e-03+0.j  2.58930885e-03+0.j
   1.15205778e-08+0.j -6.58087546e-02+0.j -4.11566239e-03+0.j
  -5.01773152e-03+0.j  9.55344716e-09+0.j  2.57213377e-01+0.j
   1.26553993e-02+0.j  5.15429310e-01+0.j -1.31179846e-08+0.j
   4.08500927e-01+0.j]
 [-5.03869504e-02+0.j  4.13290830e-02+0.j  2.01621937e-02+0.j
  -1.46958830e-06+0.j  5.30151949e-02+0.j -4.34830299e-02+0.j
  -4.46176969e-02+0.j -5.60079196e-07+0.j -5.57266622e-02+0.j
   4.57075495e-02+0.j  7.99666341e-02+0.j -4.03727182e-11+0.j
   5.92263367e-02+0.j -4.85784505e-02+0.j -1.47178160e-01+0.j
   2.08406100e-08+0.j -6.47956036e-02+0.j  5.31463650e-02+0.j
   4.08500917e-01+0.j -1.31179846e-08+0.j  5.80531695e-01+0.j
  -6.60532921e-02+0.j]
 [ 4.13103028e-02+0.j  5.03869148e-02+0.j -1.58542619e-05+0.j
   2.01793279e-02+0.j -4.34955526e-02+0.j -5.30155861e-02+0.j
  -1.43904079e-06+0.j -4.46154852e-02+0.j  4.57084018e-02+0.j
   5.57259852e-02+0.j  2.85732629e-07+0.j  7.99659878e-02+0.j
  -4.85784008e-02+0.j -5.92263870e-02+0.j  9.96782642e-08+0.j
  -1.47178229e-01+0.j  5.31463911e-02+0.j  6.47956082e-02+0.j
  -7.10484293e-08+0.j  4.08500927e-01+0.j -6.60532921e-02+0.j
   4.19468313e-01+0.j]]
W= [0.1865724 +0.j 0.21094085+0.j 0.20553649+0.j 0.21388703+0.j
 0.20770578+0.j 0.21439311+0.j 0.20770577+0.j 0.21388703+0.j
 0.20553648+0.j 0.21094086+0.j 0.18657243+0.j]
local approximation with  1 sites
local interactions on sites [[0], [1], [2], [3], [4], [5], [6], [7], [8], [9], [10]]
Functional for interaction on sites [0]
aca-directory for images already exists
aca-directory for images already exists
aca-directory for images already exists
interacting orbitals: [0, 1]
mapping: [0, 1, 2, 3, 4, 5, 6, 7, 8, 9, 10, 11, 12, 13, 14, 15, 16, 17, 18, 19, 20, 21]
aca-directory for images already exists
aca-directory for images already exists
aca-directory for images already exists
orbinteractaca= [0, 1]
aca-directory for images already exists
aca-directory for images already exists
aca-directory for images already exists
aca-directory for images already exists
aca-directory for images already exists
aca-directory for images already exists
aca-directory for images already exists
aca-directory for images already exists
aca-directory for images already exists
aca-directory for images already exists
aca-directory for images already exists
aca-directory for images already exists
aca-directory for images already exists
aca-directory for images already exists
aca-directory for images already exists
aca-directory for images already exists
aca-directory for images already exists
aca-directory for images already exists
aca-directory for images already exists
aca-directory for images already exists
aca-directory for images already exists
aca-directory for images already exists
aca-directory for images already exists
aca-directory for images already exists
aca-directory for images already exists
aca-directory for images already exists
aca-directory for images already exists
aca-directory for images already exists
aca-directory for images already exists
aca-directory for images already exists
aca-directory for images already exists
aca-directory for images already exists
aca-directory for images already exists
aca-directory for images already exists
aca-directory for images already exists
aca-directory for images already exists
aca-directory for images already exists
aca-directory for images already exists
aca-directory for images already exists
aca-directory for images already exists
aca-directory for images already exists
aca-directory for images already exists
aca-directory for images already exists
aca-directory for images already exists
aca-directory for images already exists
aca-directory for images already exists
aca-directory for images already exists
aca-directory for images already exists
aca-directory for images already exists
aca-directory for images already exists
aca-directory for images already exists
aca-directory for images already exists
aca-directory for images already exists
aca-directory for images already exists
aca-directory for images already exists
aca-directory for images already exists
aca-directory for images already exists
aca-directory for images already exists
aca-directory for images already exists
aca-directory for images already exists
aca-directory for images already exists
aca-directory for images already exists
aca-directory for images already exists
aca: level 10  norb= 22
Daca= [[ 5.80531748e-01+0.j -6.60532106e-02+0.j -4.73666472e-01+0.j
  -8.62364981e-19+0.j  2.35500401e-17+0.j  2.99641082e-18+0.j
  -3.85787981e-17+0.j  1.63180100e-19+0.j -1.11223702e-17+0.j
   8.45286214e-18+0.j -1.50538569e-18+0.j  2.91382370e-19+0.j
  -2.51370266e-19+0.j -1.29260233e-17+0.j  3.26742509e-18+0.j
   1.30635444e-19+0.j  1.91748824e-18+0.j  1.13655234e-17+0.j
  -5.21274368e-19+0.j -1.41886844e-19+0.j  1.33340944e-17+0.j
  -3.50809298e-19+0.j]
 [-6.60532106e-02+0.j  4.19468229e-01+0.j -1.46604435e-07+0.j
  -4.73666456e-01+0.j -1.19696503e-18+0.j  9.79929032e-18+0.j
  -1.83405601e-19+0.j  1.94171205e-17+0.j -8.02116599e-18+0.j
   6.73882488e-18+0.j -4.42272449e-20+0.j -4.86259447e-18+0.j
   1.46303196e-17+0.j  8.99037290e-18+0.j -6.04377809e-20+0.j
   5.25488038e-18+0.j -9.16095717e-18+0.j -7.46925548e-18+0.j
   5.07749232e-20+0.j  3.50039847e-19+0.j -9.71598662e-18+0.j
   1.05689075e-17+0.j]
 [-4.73666472e-01+0.j -1.46604435e-07+0.j  4.20368833e-01+0.j
   6.53146634e-02+0.j  1.00924062e-02+0.j  5.00103665e-20+0.j
  -3.04329757e-19+0.j  1.08697162e-20+0.j -4.06404171e-19+0.j
  -3.15079851e-20+0.j  2.00044960e-19+0.j -2.54319900e-19+0.j
   5.45413600e-20+0.j  2.25907017e-21+0.j  5.09052143e-20+0.j
   5.25630572e-19+0.j -8.64947986e-20+0.j -1.01228400e-22+0.j
  -1.28136955e-19+0.j  9.11135616e-20+0.j  7.46279974e-22+0.j
  -5.39632214e-23+0.j]
 [ 2.72808935e-17+0.j -4.73666456e-01+0.j  6.53146634e-02+0.j
   5.79631055e-01+0.j -5.07204267e-07+0.j  1.00926734e-02+0.j
   1.02315680e-19+0.j -1.79893568e-19+0.j  1.43279509e-21+0.j
   6.07010135e-19+0.j -1.67111019e-19+0.j  2.31471519e-19+0.j
   1.58034210e-21+0.j -4.02853002e-19+0.j -7.39593640e-19+0.j
  -2.80643250e-19+0.j -1.51321740e-21+0.j  1.10656586e-19+0.j
   5.66663238e-20+0.j  6.30027997e-19+0.j  2.55161298e-23+0.j
   6.11048967e-21+0.j]
 [ 3.96514042e-17+0.j -1.49914175e-16+0.j  1.00924062e-02+0.j
  -5.07204267e-07+0.j  4.87571134e-01+0.j  1.01888153e-02+0.j
   4.85997112e-01+0.j  1.46744092e-17+0.j  1.04194823e-17+0.j
  -1.42904672e-17+0.j  2.11417685e-17+0.j  2.69982808e-18+0.j
  -2.27581380e-17+0.j  1.93933557e-17+0.j  2.00378418e-18+0.j
  -1.62853605e-18+0.j  4.05354679e-17+0.j -2.99451512e-17+0.j
   1.83808131e-17+0.j  6.51895994e-19+0.j -8.51907002e-17+0.j
   1.42321453e-17+0.j]
 [-1.83216286e-16+0.j -6.35726966e-18+0.j -7.17064601e-17+0.j
   1.00926734e-02+0.j  1.01888153e-02+0.j  5.12438802e-01+0.j
   1.19525799e-07+0.j  4.85996427e-01+0.j  7.13317239e-18+0.j
  -1.92476024e-17+0.j  8.66230635e-19+0.j  3.49776561e-17+0.j
   1.97177959e-17+0.j  9.88737141e-18+0.j  5.91887671e-19+0.j
  -1.64331015e-17+0.j  1.04584004e-17+0.j -6.30302282e-18+0.j
   7.15476883e-19+0.j  3.94222213e-18+0.j -8.54956887e-17+0.j
  -2.36043951e-17+0.j]
 [ 4.17956370e-16+0.j  2.41664092e-17+0.j  7.86559747e-17+0.j
  -1.73673206e-16+0.j  4.85997112e-01+0.j  1.19525799e-07+0.j
   5.15808002e-01+0.j -1.29601777e-02+0.j  7.31224733e-03+0.j
   5.89212979e-20+0.j  1.91649202e-19+0.j -1.12113761e-19+0.j
  -1.62962754e-19+0.j -5.14564390e-20+0.j  1.62126586e-19+0.j
   2.33009473e-19+0.j  3.93860533e-19+0.j -7.75641538e-20+0.j
  -2.94913291e-19+0.j  5.61084949e-20+0.j  2.06134127e-19+0.j
   1.68930712e-20+0.j]
 [ 1.38683114e-17+0.j  3.71003833e-16+0.j -5.33738022e-17+0.j
  -1.25363698e-16+0.j -1.56233839e-17+0.j  4.85996427e-01+0.j
  -1.29601777e-02+0.j  4.84182198e-01+0.j  6.17150844e-07+0.j
   7.31197949e-03+0.j  1.42478987e-19+0.j -2.32917366e-19+0.j
   5.35384372e-21+0.j -2.34430491e-19+0.j -2.28495306e-19+0.j
  -6.12367049e-19+0.j -4.99160035e-20+0.j  4.87595987e-20+0.j
   1.02475688e-19+0.j  1.50065363e-20+0.j  2.01494712e-20+0.j
  -2.98128860e-20+0.j]
 [-8.07599403e-17+0.j  8.30008613e-17+0.j  1.13834428e-16+0.j
   5.98818537e-17+0.j  4.64192120e-17+0.j -1.61048837e-16+0.j
   7.31224733e-03+0.j  6.17150844e-07+0.j  5.41131601e-01+0.j
  -3.37411577e-02+0.j -4.85542727e-01+0.j -2.28303876e-17+0.j
  -3.52073573e-18+0.j  5.45534844e-18+0.j -7.93557738e-18+0.j
   1.72444266e-18+0.j  1.35428846e-17+0.j -1.13896565e-18+0.j
  -2.04907829e-18+0.j  1.44049686e-18+0.j  6.88168295e-18+0.j
   3.08384412e-17+0.j]
 [ 1.25470080e-16+0.j  1.24438367e-16+0.j  3.91654319e-17+0.j
  -1.37378069e-16+0.j  2.09574645e-16+0.j  6.58396321e-17+0.j
  -1.37671440e-16+0.j  7.31197949e-03+0.j -3.37411577e-02+0.j
   4.58855490e-01+0.j  1.78832708e-06+0.j -4.85542359e-01+0.j
   9.65807565e-19+0.j  1.64339259e-18+0.j -4.00841462e-18+0.j
  -2.77242843e-17+0.j -7.48988000e-18+0.j -5.33654964e-17+0.j
   1.14145760e-18+0.j  1.01667919e-17+0.j  5.83624979e-17+0.j
   1.22116466e-16+0.j]
 [-4.31948997e-17+0.j -1.49016780e-17+0.j -2.24725820e-17+0.j
   5.50212995e-17+0.j  4.46686508e-17+0.j -2.24444209e-17+0.j
  -1.43000005e-16+0.j  3.22215443e-17+0.j -4.85542727e-01+0.j
   1.78832708e-06+0.j  4.57506205e-01+0.j  3.48583276e-02+0.j
  -3.18751344e-03+0.j -6.59468334e-20+0.j  6.63225060e-20+0.j
   2.61443969e-19+0.j -4.73121950e-20+0.j  7.47648637e-20+0.j
   2.90247748e-19+0.j  6.97328201e-20+0.j  2.69620565e-20+0.j
   3.89228202e-21+0.j]
 [-3.43300540e-18+0.j -1.44475615e-16+0.j -1.68540233e-17+0.j
  -1.79051788e-17+0.j  3.43532180e-17+0.j  1.80587888e-17+0.j
  -4.89639266e-17+0.j  8.09114132e-17+0.j  8.81919149e-17+0.j
  -4.85542359e-01+0.j  3.48583276e-02+0.j  5.42506756e-01+0.j
   2.24736226e-07+0.j -3.18770040e-03+0.j -4.98484915e-19+0.j
  -3.24726122e-19+0.j -4.12893515e-20+0.j  2.07571142e-19+0.j
   5.41455901e-19+0.j  6.48975709e-19+0.j  1.62807327e-21+0.j
   7.49473421e-20+0.j]
 [ 1.58492930e-16+0.j  2.67799278e-17+0.j  1.60375996e-16+0.j
  -1.60691177e-17+0.j  6.32547725e-17+0.j -1.52916098e-16+0.j
  -2.65092654e-16+0.j  4.79501419e-17+0.j -4.85030557e-17+0.j
   2.81930841e-16+0.j -3.18751344e-03+0.j  2.24736226e-07+0.j
   6.15516586e-01+0.j -9.47295581e-02+0.j -4.69695779e-01+0.j
   2.78855513e-18+0.j -1.34154139e-17+0.j -1.81543061e-17+0.j
   1.65876758e-17+0.j -1.88285937e-18+0.j -3.89088961e-17+0.j
   2.41636536e-17+0.j]
 [-1.51070492e-16+0.j -1.02716676e-16+0.j  3.19362369e-17+0.j
   4.49594803e-18+0.j -8.73206190e-17+0.j  1.07262522e-17+0.j
  -4.89577476e-17+0.j -2.32530027e-16+0.j  9.91304161e-17+0.j
  -2.97019382e-17+0.j  1.23988660e-16+0.j -3.18770040e-03+0.j
  -9.47295581e-02+0.j  3.84507637e-01+0.j -5.42883526e-06+0.j
  -4.69701277e-01+0.j -3.25877346e-17+0.j -4.58106580e-17+0.j
   2.35539574e-18+0.j  2.21791860e-17+0.j  4.95352726e-17+0.j
   5.19960269e-17+0.j]
 [ 1.07578176e-16+0.j  2.72282513e-17+0.j  7.65060825e-17+0.j
  -4.48811097e-17+0.j  6.61087637e-17+0.j  4.04107385e-17+0.j
  -6.21092277e-17+0.j  1.74611205e-18+0.j  3.71672330e-17+0.j
   8.68452697e-18+0.j  1.41089154e-16+0.j  7.87854043e-17+0.j
  -4.69695779e-01+0.j -5.42883526e-06+0.j  3.85365737e-01+0.j
   9.40082900e-02+0.j -1.53947377e-03+0.j -2.66592045e-20+0.j
   4.96994884e-19+0.j -2.46900004e-19+0.j  3.06290830e-19+0.j
   1.02925227e-20+0.j]
 [ 1.84301221e-17+0.j  2.02240203e-17+0.j  4.62204767e-17+0.j
   4.13128833e-17+0.j  1.42670696e-17+0.j -1.44519544e-16+0.j
  -1.10809927e-16+0.j -9.83355713e-17+0.j  2.94800183e-17+0.j
   4.91083439e-17+0.j -6.08668387e-17+0.j  9.65680098e-17+0.j
   5.05840526e-17+0.j -4.69701277e-01+0.j  9.40082900e-02+0.j
   6.14610073e-01+0.j  3.74816806e-08+0.j -1.53941376e-03+0.j
   1.72349858e-19+0.j  2.31566799e-19+0.j -5.53075394e-22+0.j
  -8.83305170e-20+0.j]
 [-5.39246497e-17+0.j  4.67697362e-17+0.j  7.40449237e-17+0.j
   1.29732111e-18+0.j -1.21462086e-17+0.j -5.88022520e-17+0.j
  -6.85526658e-17+0.j  2.08485788e-17+0.j -1.55796260e-16+0.j
   1.25751634e-16+0.j  5.09330040e-17+0.j -6.26650223e-17+0.j
   1.71380324e-17+0.j -2.05885045e-17+0.j -1.53947377e-03+0.j
   3.74816807e-08+0.j  7.01515344e-01+0.j -1.65289392e-01+0.j
   4.19299605e-01+0.j  2.35865818e-17+0.j  5.34119859e-17+0.j
  -2.26454317e-18+0.j]
 [ 1.89064777e-17+0.j -6.26513464e-18+0.j -2.08235336e-17+0.j
   8.03374301e-17+0.j  1.54063289e-16+0.j  7.63622774e-19+0.j
   1.43453029e-17+0.j -1.01486554e-16+0.j  6.82499734e-17+0.j
  -6.44338940e-17+0.j -4.56100829e-17+0.j -1.05053345e-16+0.j
   5.78840036e-17+0.j -3.60288122e-17+0.j -6.31400405e-17+0.j
  -1.53941376e-03+0.j -1.65289392e-01+0.j  2.98497720e-01+0.j
   4.86836019e-06+0.j  4.19306067e-01+0.j  1.45066833e-16+0.j
   1.17017755e-16+0.j]
 [ 2.01725596e-17+0.j -2.32613218e-17+0.j -2.26714951e-17+0.j
   1.53181613e-17+0.j -3.10251190e-17+0.j  2.76373777e-17+0.j
   7.19368127e-17+0.j  5.37102521e-17+0.j  1.15912118e-16+0.j
   7.12482628e-18+0.j -2.44234887e-16+0.j -1.61976154e-17+0.j
   7.58387996e-17+0.j -1.36666515e-16+0.j -1.54969881e-16+0.j
   6.52219298e-17+0.j  4.19299605e-01+0.j  4.86836019e-06+0.j
   2.98850023e-01+0.j  1.64993604e-01+0.j  1.07070841e-03+0.j
  -1.33911667e-24+0.j]
 [-3.22829624e-18+0.j  1.94543107e-19+0.j -2.43796094e-17+0.j
   2.18800019e-18+0.j -1.68448609e-17+0.j  1.59357643e-17+0.j
   4.12844101e-17+0.j  4.53936663e-17+0.j  3.96044133e-17+0.j
   1.39960385e-17+0.j  1.03047765e-16+0.j -8.52519486e-17+0.j
  -1.29750221e-16+0.j  1.10733779e-16+0.j  2.95138952e-17+0.j
   6.51532576e-17+0.j -3.09538943e-17+0.j  4.19306067e-01+0.j
   1.64993604e-01+0.j  7.01136854e-01+0.j -1.67648269e-07+0.j
  -1.07073390e-03+0.j]
 [ 4.82401030e-17+0.j -4.45515945e-17+0.j -3.15799365e-17+0.j
   1.88753500e-17+0.j -3.62240777e-18+0.j -9.07076158e-17+0.j
   5.91759475e-17+0.j -7.18203017e-17+0.j -1.25011511e-16+0.j
  -5.95312358e-19+0.j  1.13702271e-16+0.j -6.59372083e-17+0.j
   1.14967586e-16+0.j  4.77782842e-17+0.j  1.65968589e-16+0.j
   2.65191801e-17+0.j  1.44759484e-16+0.j -9.89481507e-17+0.j
   1.07070841e-03+0.j -1.67648269e-07+0.j  8.82474288e-01+0.j
   3.13623147e-01+0.j]
 [-2.83178821e-17+0.j -2.45485563e-17+0.j  1.35362133e-17+0.j
  -6.92132176e-17+0.j -1.85267139e-16+0.j -1.05907488e-18+0.j
   3.65335138e-17+0.j  1.85132485e-16+0.j  1.55738531e-16+0.j
   1.01362345e-16+0.j -2.40410648e-16+0.j -2.99499814e-17+0.j
  -1.04233456e-16+0.j  1.39305846e-16+0.j -8.99252943e-17+0.j
  -9.27442000e-17+0.j  3.18888283e-17+0.j  2.73413417e-16+0.j
   8.36592789e-17+0.j -1.07073390e-03+0.j  3.13623147e-01+0.j
   1.17525684e-01+0.j]]
Naca= (5.886639500701447, 5.113360499298561)
nq= 22
variational state:
        ┌──────────┐┌───────────┐┌───┐     ┌───────────┐┌───────────┐»
 q0_0: ─┤ Ry(y[0]) ├┤ Rz(y[22]) ├┤ X ├──■──┤ Ry(y[44]) ├┤ Rz(y[66]) ├»
        ├──────────┤├───────────┤└─┬─┘┌─┴─┐└───────────┘├───────────┤»
 q0_1: ─┤ Ry(y[1]) ├┤ Rz(y[23]) ├──┼──┤ X ├──────■──────┤ Ry(y[45]) ├»
        ├──────────┤├───────────┤  │  └───┘    ┌─┴─┐    └───────────┘»
 q0_2: ─┤ Ry(y[2]) ├┤ Rz(y[24]) ├──┼───────────┤ X ├──────────■──────»
        ├──────────┤├───────────┤  │           └───┘        ┌─┴─┐    »
 q0_3: ─┤ Ry(y[3]) ├┤ Rz(y[25]) ├──┼────────────────────────┤ X ├────»
        ├──────────┤├───────────┤  │                        └───┘    »
 q0_4: ─┤ Ry(y[4]) ├┤ Rz(y[26]) ├──┼─────────────────────────────────»
        ├──────────┤├───────────┤  │                                 »
 q0_5: ─┤ Ry(y[5]) ├┤ Rz(y[27]) ├──┼─────────────────────────────────»
        ├──────────┤├───────────┤  │                                 »
 q0_6: ─┤ Ry(y[6]) ├┤ Rz(y[28]) ├──┼─────────────────────────────────»
        ├──────────┤├───────────┤  │                                 »
 q0_7: ─┤ Ry(y[7]) ├┤ Rz(y[29]) ├──┼─────────────────────────────────»
        ├──────────┤├───────────┤  │                                 »
 q0_8: ─┤ Ry(y[8]) ├┤ Rz(y[30]) ├──┼─────────────────────────────────»
        ├──────────┤├───────────┤  │                                 »
 q0_9: ─┤ Ry(y[9]) ├┤ Rz(y[31]) ├──┼─────────────────────────────────»
       ┌┴──────────┤├───────────┤  │                                 »
q0_10: ┤ Ry(y[10]) ├┤ Rz(y[32]) ├──┼─────────────────────────────────»
       ├───────────┤├───────────┤  │                                 »
q0_11: ┤ Ry(y[11]) ├┤ Rz(y[33]) ├──┼─────────────────────────────────»
       ├───────────┤├───────────┤  │                                 »
q0_12: ┤ Ry(y[12]) ├┤ Rz(y[34]) ├──┼─────────────────────────────────»
       ├───────────┤├───────────┤  │                                 »
q0_13: ┤ Ry(y[13]) ├┤ Rz(y[35]) ├──┼─────────────────────────────────»
       ├───────────┤├───────────┤  │                                 »
q0_14: ┤ Ry(y[14]) ├┤ Rz(y[36]) ├──┼─────────────────────────────────»
       ├───────────┤├───────────┤  │                                 »
q0_15: ┤ Ry(y[15]) ├┤ Rz(y[37]) ├──┼─────────────────────────────────»
       ├───────────┤├───────────┤  │                                 »
q0_16: ┤ Ry(y[16]) ├┤ Rz(y[38]) ├──┼─────────────────────────────────»
       ├───────────┤├───────────┤  │                                 »
q0_17: ┤ Ry(y[17]) ├┤ Rz(y[39]) ├──┼─────────────────────────────────»
       ├───────────┤├───────────┤  │                                 »
q0_18: ┤ Ry(y[18]) ├┤ Rz(y[40]) ├──┼─────────────────────────────────»
       ├───────────┤├───────────┤  │                                 »
q0_19: ┤ Ry(y[19]) ├┤ Rz(y[41]) ├──┼─────────────────────────────────»
       ├───────────┤├───────────┤  │                                 »
q0_20: ┤ Ry(y[20]) ├┤ Rz(y[42]) ├──┼─────────────────────────────────»
       ├───────────┤├───────────┤  │                                 »
q0_21: ┤ Ry(y[21]) ├┤ Rz(y[43]) ├──■─────────────────────────────────»
       └───────────┘└───────────┘                                    »
c0: 22/══════════════════════════════════════════════════════════════»
                                                                     »
«                                                                        »
« q0_0: ─────────────────────────────────────────────────────────────────»
«       ┌───────────┐                                                    »
« q0_1: ┤ Rz(y[67]) ├────────────────────────────────────────────────────»
«       ├───────────┤┌───────────┐                                       »
« q0_2: ┤ Ry(y[46]) ├┤ Rz(y[68]) ├───────────────────────────────────────»
«       └───────────┘├───────────┤┌───────────┐                          »
« q0_3: ──────■──────┤ Ry(y[47]) ├┤ Rz(y[69]) ├──────────────────────────»
«           ┌─┴─┐    └───────────┘├───────────┤┌───────────┐             »
« q0_4: ────┤ X ├──────────■──────┤ Ry(y[48]) ├┤ Rz(y[70]) ├─────────────»
«           └───┘        ┌─┴─┐    └───────────┘├───────────┤┌───────────┐»
« q0_5: ─────────────────┤ X ├──────────■──────┤ Ry(y[49]) ├┤ Rz(y[71]) ├»
«                        └───┘        ┌─┴─┐    └───────────┘├───────────┤»
« q0_6: ──────────────────────────────┤ X ├──────────■──────┤ Ry(y[50]) ├»
«                                     └───┘        ┌─┴─┐    └───────────┘»
« q0_7: ───────────────────────────────────────────┤ X ├──────────■──────»
«                                                  └───┘        ┌─┴─┐    »
« q0_8: ────────────────────────────────────────────────────────┤ X ├────»
«                                                               └───┘    »
« q0_9: ─────────────────────────────────────────────────────────────────»
«                                                                        »
«q0_10: ─────────────────────────────────────────────────────────────────»
«                                                                        »
«q0_11: ─────────────────────────────────────────────────────────────────»
«                                                                        »
«q0_12: ─────────────────────────────────────────────────────────────────»
«                                                                        »
«q0_13: ─────────────────────────────────────────────────────────────────»
«                                                                        »
«q0_14: ─────────────────────────────────────────────────────────────────»
«                                                                        »
«q0_15: ─────────────────────────────────────────────────────────────────»
«                                                                        »
«q0_16: ─────────────────────────────────────────────────────────────────»
«                                                                        »
«q0_17: ─────────────────────────────────────────────────────────────────»
«                                                                        »
«q0_18: ─────────────────────────────────────────────────────────────────»
«                                                                        »
«q0_19: ─────────────────────────────────────────────────────────────────»
«                                                                        »
«q0_20: ─────────────────────────────────────────────────────────────────»
«                                                                        »
«q0_21: ─────────────────────────────────────────────────────────────────»
«                                                                        »
«c0: 22/═════════════════════════════════════════════════════════════════»
«                                                                        »
«                                                                        »
« q0_0: ─────────────────────────────────────────────────────────────────»
«                                                                        »
« q0_1: ─────────────────────────────────────────────────────────────────»
«                                                                        »
« q0_2: ─────────────────────────────────────────────────────────────────»
«                                                                        »
« q0_3: ─────────────────────────────────────────────────────────────────»
«                                                                        »
« q0_4: ─────────────────────────────────────────────────────────────────»
«                                                                        »
« q0_5: ─────────────────────────────────────────────────────────────────»
«       ┌───────────┐                                                    »
« q0_6: ┤ Rz(y[72]) ├────────────────────────────────────────────────────»
«       ├───────────┤┌───────────┐                                       »
« q0_7: ┤ Ry(y[51]) ├┤ Rz(y[73]) ├───────────────────────────────────────»
«       └───────────┘├───────────┤┌───────────┐                          »
« q0_8: ──────■──────┤ Ry(y[52]) ├┤ Rz(y[74]) ├──────────────────────────»
«           ┌─┴─┐    └───────────┘├───────────┤┌───────────┐             »
« q0_9: ────┤ X ├──────────■──────┤ Ry(y[53]) ├┤ Rz(y[75]) ├─────────────»
«           └───┘        ┌─┴─┐    └───────────┘├───────────┤┌───────────┐»
«q0_10: ─────────────────┤ X ├──────────■──────┤ Ry(y[54]) ├┤ Rz(y[76]) ├»
«                        └───┘        ┌─┴─┐    └───────────┘├───────────┤»
«q0_11: ──────────────────────────────┤ X ├──────────■──────┤ Ry(y[55]) ├»
«                                     └───┘        ┌─┴─┐    └───────────┘»
«q0_12: ───────────────────────────────────────────┤ X ├──────────■──────»
«                                                  └───┘        ┌─┴─┐    »
«q0_13: ────────────────────────────────────────────────────────┤ X ├────»
«                                                               └───┘    »
«q0_14: ─────────────────────────────────────────────────────────────────»
«                                                                        »
«q0_15: ─────────────────────────────────────────────────────────────────»
«                                                                        »
«q0_16: ─────────────────────────────────────────────────────────────────»
«                                                                        »
«q0_17: ─────────────────────────────────────────────────────────────────»
«                                                                        »
«q0_18: ─────────────────────────────────────────────────────────────────»
«                                                                        »
«q0_19: ─────────────────────────────────────────────────────────────────»
«                                                                        »
«q0_20: ─────────────────────────────────────────────────────────────────»
«                                                                        »
«q0_21: ─────────────────────────────────────────────────────────────────»
«                                                                        »
«c0: 22/═════════════════════════════════════════════════════════════════»
«                                                                        »
«                                                                        »
« q0_0: ─────────────────────────────────────────────────────────────────»
«                                                                        »
« q0_1: ─────────────────────────────────────────────────────────────────»
«                                                                        »
« q0_2: ─────────────────────────────────────────────────────────────────»
«                                                                        »
« q0_3: ─────────────────────────────────────────────────────────────────»
«                                                                        »
« q0_4: ─────────────────────────────────────────────────────────────────»
«                                                                        »
« q0_5: ─────────────────────────────────────────────────────────────────»
«                                                                        »
« q0_6: ─────────────────────────────────────────────────────────────────»
«                                                                        »
« q0_7: ─────────────────────────────────────────────────────────────────»
«                                                                        »
« q0_8: ─────────────────────────────────────────────────────────────────»
«                                                                        »
« q0_9: ─────────────────────────────────────────────────────────────────»
«                                                                        »
«q0_10: ─────────────────────────────────────────────────────────────────»
«       ┌───────────┐                                                    »
«q0_11: ┤ Rz(y[77]) ├────────────────────────────────────────────────────»
«       ├───────────┤┌───────────┐                                       »
«q0_12: ┤ Ry(y[56]) ├┤ Rz(y[78]) ├───────────────────────────────────────»
«       └───────────┘├───────────┤┌───────────┐                          »
«q0_13: ──────■──────┤ Ry(y[57]) ├┤ Rz(y[79]) ├──────────────────────────»
«           ┌─┴─┐    └───────────┘├───────────┤┌───────────┐             »
«q0_14: ────┤ X ├──────────■──────┤ Ry(y[58]) ├┤ Rz(y[80]) ├─────────────»
«           └───┘        ┌─┴─┐    └───────────┘├───────────┤┌───────────┐»
«q0_15: ─────────────────┤ X ├──────────■──────┤ Ry(y[59]) ├┤ Rz(y[81]) ├»
«                        └───┘        ┌─┴─┐    └───────────┘├───────────┤»
«q0_16: ──────────────────────────────┤ X ├──────────■──────┤ Ry(y[60]) ├»
«                                     └───┘        ┌─┴─┐    └───────────┘»
«q0_17: ───────────────────────────────────────────┤ X ├──────────■──────»
«                                                  └───┘        ┌─┴─┐    »
«q0_18: ────────────────────────────────────────────────────────┤ X ├────»
«                                                               └───┘    »
«q0_19: ─────────────────────────────────────────────────────────────────»
«                                                                        »
«q0_20: ─────────────────────────────────────────────────────────────────»
«                                                                        »
«q0_21: ─────────────────────────────────────────────────────────────────»
«                                                                        »
«c0: 22/═════════════════════════════════════════════════════════════════»
«                                                                        »
«                                                                        ┌───┐»
« q0_0: ─────────────────────────────────────────────────────────────────┤ X ├»
«                                                                        └─┬─┘»
« q0_1: ───────────────────────────────────────────────────────────────────┼──»
«                                                                          │  »
« q0_2: ───────────────────────────────────────────────────────────────────┼──»
«                                                                          │  »
« q0_3: ───────────────────────────────────────────────────────────────────┼──»
«                                                                          │  »
« q0_4: ───────────────────────────────────────────────────────────────────┼──»
«                                                                          │  »
« q0_5: ───────────────────────────────────────────────────────────────────┼──»
«                                                                          │  »
« q0_6: ───────────────────────────────────────────────────────────────────┼──»
«                                                                          │  »
« q0_7: ───────────────────────────────────────────────────────────────────┼──»
«                                                                          │  »
« q0_8: ───────────────────────────────────────────────────────────────────┼──»
«                                                                          │  »
« q0_9: ───────────────────────────────────────────────────────────────────┼──»
«                                                                          │  »
«q0_10: ───────────────────────────────────────────────────────────────────┼──»
«                                                                          │  »
«q0_11: ───────────────────────────────────────────────────────────────────┼──»
«                                                                          │  »
«q0_12: ───────────────────────────────────────────────────────────────────┼──»
«                                                                          │  »
«q0_13: ───────────────────────────────────────────────────────────────────┼──»
«                                                                          │  »
«q0_14: ───────────────────────────────────────────────────────────────────┼──»
«                                                                          │  »
«q0_15: ───────────────────────────────────────────────────────────────────┼──»
«       ┌───────────┐                                                      │  »
«q0_16: ┤ Rz(y[82]) ├──────────────────────────────────────────────────────┼──»
«       ├───────────┤┌───────────┐                                         │  »
«q0_17: ┤ Ry(y[61]) ├┤ Rz(y[83]) ├─────────────────────────────────────────┼──»
«       └───────────┘├───────────┤┌───────────┐                            │  »
«q0_18: ──────■──────┤ Ry(y[62]) ├┤ Rz(y[84]) ├────────────────────────────┼──»
«           ┌─┴─┐    └───────────┘├───────────┤┌───────────┐               │  »
«q0_19: ────┤ X ├──────────■──────┤ Ry(y[63]) ├┤ Rz(y[85]) ├───────────────┼──»
«           └───┘        ┌─┴─┐    └───────────┘├───────────┤┌───────────┐  │  »
«q0_20: ─────────────────┤ X ├──────────■──────┤ Ry(y[64]) ├┤ Rz(y[86]) ├──┼──»
«                        └───┘        ┌─┴─┐    ├───────────┤├───────────┤  │  »
«q0_21: ──────────────────────────────┤ X ├────┤ Ry(y[65]) ├┤ Rz(y[87]) ├──■──»
«                                     └───┘    └───────────┘└───────────┘     »
«c0: 22/══════════════════════════════════════════════════════════════════════»
«                                                                             »
«            ┌───────────┐┌────────────┐                            »
« q0_0: ──■──┤ Ry(y[88]) ├┤ Rz(y[110]) ├────────────────────────────»
«       ┌─┴─┐└───────────┘├───────────┬┘┌────────────┐              »
« q0_1: ┤ X ├──────■──────┤ Ry(y[89]) ├─┤ Rz(y[111]) ├──────────────»
«       └───┘    ┌─┴─┐    └───────────┘ ├───────────┬┘┌────────────┐»
« q0_2: ─────────┤ X ├──────────■───────┤ Ry(y[90]) ├─┤ Rz(y[112]) ├»
«                └───┘        ┌─┴─┐     └───────────┘ ├───────────┬┘»
« q0_3: ──────────────────────┤ X ├───────────■───────┤ Ry(y[91]) ├─»
«                             └───┘         ┌─┴─┐     └───────────┘ »
« q0_4: ────────────────────────────────────┤ X ├───────────■───────»
«                                           └───┘         ┌─┴─┐     »
« q0_5: ──────────────────────────────────────────────────┤ X ├─────»
«                                                         └───┘     »
« q0_6: ────────────────────────────────────────────────────────────»
«                                                                   »
« q0_7: ────────────────────────────────────────────────────────────»
«                                                                   »
« q0_8: ────────────────────────────────────────────────────────────»
«                                                                   »
« q0_9: ────────────────────────────────────────────────────────────»
«                                                                   »
«q0_10: ────────────────────────────────────────────────────────────»
«                                                                   »
«q0_11: ────────────────────────────────────────────────────────────»
«                                                                   »
«q0_12: ────────────────────────────────────────────────────────────»
«                                                                   »
«q0_13: ────────────────────────────────────────────────────────────»
«                                                                   »
«q0_14: ────────────────────────────────────────────────────────────»
«                                                                   »
«q0_15: ────────────────────────────────────────────────────────────»
«                                                                   »
«q0_16: ────────────────────────────────────────────────────────────»
«                                                                   »
«q0_17: ────────────────────────────────────────────────────────────»
«                                                                   »
«q0_18: ────────────────────────────────────────────────────────────»
«                                                                   »
«q0_19: ────────────────────────────────────────────────────────────»
«                                                                   »
«q0_20: ────────────────────────────────────────────────────────────»
«                                                                   »
«q0_21: ────────────────────────────────────────────────────────────»
«                                                                   »
«c0: 22/════════════════════════════════════════════════════════════»
«                                                                   »
«                                                                             »
« q0_0: ──────────────────────────────────────────────────────────────────────»
«                                                                             »
« q0_1: ──────────────────────────────────────────────────────────────────────»
«                                                                             »
« q0_2: ──────────────────────────────────────────────────────────────────────»
«       ┌────────────┐                                                        »
« q0_3: ┤ Rz(y[113]) ├────────────────────────────────────────────────────────»
«       ├───────────┬┘┌────────────┐                                          »
« q0_4: ┤ Ry(y[92]) ├─┤ Rz(y[114]) ├──────────────────────────────────────────»
«       └───────────┘ ├───────────┬┘┌────────────┐                            »
« q0_5: ──────■───────┤ Ry(y[93]) ├─┤ Rz(y[115]) ├────────────────────────────»
«           ┌─┴─┐     └───────────┘ ├───────────┬┘┌────────────┐              »
« q0_6: ────┤ X ├───────────■───────┤ Ry(y[94]) ├─┤ Rz(y[116]) ├──────────────»
«           └───┘         ┌─┴─┐     └───────────┘ ├───────────┬┘┌────────────┐»
« q0_7: ──────────────────┤ X ├───────────■───────┤ Ry(y[95]) ├─┤ Rz(y[117]) ├»
«                         └───┘         ┌─┴─┐     └───────────┘ ├───────────┬┘»
« q0_8: ────────────────────────────────┤ X ├───────────■───────┤ Ry(y[96]) ├─»
«                                       └───┘         ┌─┴─┐     └───────────┘ »
« q0_9: ──────────────────────────────────────────────┤ X ├───────────■───────»
«                                                     └───┘         ┌─┴─┐     »
«q0_10: ────────────────────────────────────────────────────────────┤ X ├─────»
«                                                                   └───┘     »
«q0_11: ──────────────────────────────────────────────────────────────────────»
«                                                                             »
«q0_12: ──────────────────────────────────────────────────────────────────────»
«                                                                             »
«q0_13: ──────────────────────────────────────────────────────────────────────»
«                                                                             »
«q0_14: ──────────────────────────────────────────────────────────────────────»
«                                                                             »
«q0_15: ──────────────────────────────────────────────────────────────────────»
«                                                                             »
«q0_16: ──────────────────────────────────────────────────────────────────────»
«                                                                             »
«q0_17: ──────────────────────────────────────────────────────────────────────»
«                                                                             »
«q0_18: ──────────────────────────────────────────────────────────────────────»
«                                                                             »
«q0_19: ──────────────────────────────────────────────────────────────────────»
«                                                                             »
«q0_20: ──────────────────────────────────────────────────────────────────────»
«                                                                             »
«q0_21: ──────────────────────────────────────────────────────────────────────»
«                                                                             »
«c0: 22/══════════════════════════════════════════════════════════════════════»
«                                                                             »
«                                                                             »
« q0_0: ──────────────────────────────────────────────────────────────────────»
«                                                                             »
« q0_1: ──────────────────────────────────────────────────────────────────────»
«                                                                             »
« q0_2: ──────────────────────────────────────────────────────────────────────»
«                                                                             »
« q0_3: ──────────────────────────────────────────────────────────────────────»
«                                                                             »
« q0_4: ──────────────────────────────────────────────────────────────────────»
«                                                                             »
« q0_5: ──────────────────────────────────────────────────────────────────────»
«                                                                             »
« q0_6: ──────────────────────────────────────────────────────────────────────»
«                                                                             »
« q0_7: ──────────────────────────────────────────────────────────────────────»
«       ┌────────────┐                                                        »
« q0_8: ┤ Rz(y[118]) ├────────────────────────────────────────────────────────»
«       ├───────────┬┘┌────────────┐                                          »
« q0_9: ┤ Ry(y[97]) ├─┤ Rz(y[119]) ├──────────────────────────────────────────»
«       └───────────┘ ├───────────┬┘┌────────────┐                            »
«q0_10: ──────■───────┤ Ry(y[98]) ├─┤ Rz(y[120]) ├────────────────────────────»
«           ┌─┴─┐     └───────────┘ ├───────────┬┘┌────────────┐              »
«q0_11: ────┤ X ├───────────■───────┤ Ry(y[99]) ├─┤ Rz(y[121]) ├──────────────»
«           └───┘         ┌─┴─┐     └───────────┘ ├────────────┤┌────────────┐»
«q0_12: ──────────────────┤ X ├───────────■───────┤ Ry(y[100]) ├┤ Rz(y[122]) ├»
«                         └───┘         ┌─┴─┐     └────────────┘├────────────┤»
«q0_13: ────────────────────────────────┤ X ├───────────■───────┤ Ry(y[101]) ├»
«                                       └───┘         ┌─┴─┐     └────────────┘»
«q0_14: ──────────────────────────────────────────────┤ X ├───────────■───────»
«                                                     └───┘         ┌─┴─┐     »
«q0_15: ────────────────────────────────────────────────────────────┤ X ├─────»
«                                                                   └───┘     »
«q0_16: ──────────────────────────────────────────────────────────────────────»
«                                                                             »
«q0_17: ──────────────────────────────────────────────────────────────────────»
«                                                                             »
«q0_18: ──────────────────────────────────────────────────────────────────────»
«                                                                             »
«q0_19: ──────────────────────────────────────────────────────────────────────»
«                                                                             »
«q0_20: ──────────────────────────────────────────────────────────────────────»
«                                                                             »
«q0_21: ──────────────────────────────────────────────────────────────────────»
«                                                                             »
«c0: 22/══════════════════════════════════════════════════════════════════════»
«                                                                             »
«                                                                             »
« q0_0: ──────────────────────────────────────────────────────────────────────»
«                                                                             »
« q0_1: ──────────────────────────────────────────────────────────────────────»
«                                                                             »
« q0_2: ──────────────────────────────────────────────────────────────────────»
«                                                                             »
« q0_3: ──────────────────────────────────────────────────────────────────────»
«                                                                             »
« q0_4: ──────────────────────────────────────────────────────────────────────»
«                                                                             »
« q0_5: ──────────────────────────────────────────────────────────────────────»
«                                                                             »
« q0_6: ──────────────────────────────────────────────────────────────────────»
«                                                                             »
« q0_7: ──────────────────────────────────────────────────────────────────────»
«                                                                             »
« q0_8: ──────────────────────────────────────────────────────────────────────»
«                                                                             »
« q0_9: ──────────────────────────────────────────────────────────────────────»
«                                                                             »
«q0_10: ──────────────────────────────────────────────────────────────────────»
«                                                                             »
«q0_11: ──────────────────────────────────────────────────────────────────────»
«                                                                             »
«q0_12: ──────────────────────────────────────────────────────────────────────»
«       ┌────────────┐                                                        »
«q0_13: ┤ Rz(y[123]) ├────────────────────────────────────────────────────────»
«       ├────────────┤┌────────────┐                                          »
«q0_14: ┤ Ry(y[102]) ├┤ Rz(y[124]) ├──────────────────────────────────────────»
«       └────────────┘├────────────┤┌────────────┐                            »
«q0_15: ──────■───────┤ Ry(y[103]) ├┤ Rz(y[125]) ├────────────────────────────»
«           ┌─┴─┐     └────────────┘├────────────┤┌────────────┐              »
«q0_16: ────┤ X ├───────────■───────┤ Ry(y[104]) ├┤ Rz(y[126]) ├──────────────»
«           └───┘         ┌─┴─┐     └────────────┘├────────────┤┌────────────┐»
«q0_17: ──────────────────┤ X ├───────────■───────┤ Ry(y[105]) ├┤ Rz(y[127]) ├»
«                         └───┘         ┌─┴─┐     └────────────┘├────────────┤»
«q0_18: ────────────────────────────────┤ X ├───────────■───────┤ Ry(y[106]) ├»
«                                       └───┘         ┌─┴─┐     └────────────┘»
«q0_19: ──────────────────────────────────────────────┤ X ├───────────■───────»
«                                                     └───┘         ┌─┴─┐     »
«q0_20: ────────────────────────────────────────────────────────────┤ X ├─────»
«                                                                   └───┘     »
«q0_21: ──────────────────────────────────────────────────────────────────────»
«                                                                             »
«c0: 22/══════════════════════════════════════════════════════════════════════»
«                                                                             »
«                                                 
« q0_0: ──────────────────────────────────────────
«                                                 
« q0_1: ──────────────────────────────────────────
«                                                 
« q0_2: ──────────────────────────────────────────
«                                                 
« q0_3: ──────────────────────────────────────────
«                                                 
« q0_4: ──────────────────────────────────────────
«                                                 
« q0_5: ──────────────────────────────────────────
«                                                 
« q0_6: ──────────────────────────────────────────
«                                                 
« q0_7: ──────────────────────────────────────────
«                                                 
« q0_8: ──────────────────────────────────────────
«                                                 
« q0_9: ──────────────────────────────────────────
«                                                 
«q0_10: ──────────────────────────────────────────
«                                                 
«q0_11: ──────────────────────────────────────────
«                                                 
«q0_12: ──────────────────────────────────────────
«                                                 
«q0_13: ──────────────────────────────────────────
«                                                 
«q0_14: ──────────────────────────────────────────
«                                                 
«q0_15: ──────────────────────────────────────────
«                                                 
«q0_16: ──────────────────────────────────────────
«                                                 
«q0_17: ──────────────────────────────────────────
«       ┌────────────┐                            
«q0_18: ┤ Rz(y[128]) ├────────────────────────────
«       ├────────────┤┌────────────┐              
«q0_19: ┤ Ry(y[107]) ├┤ Rz(y[129]) ├──────────────
«       └────────────┘├────────────┤┌────────────┐
«q0_20: ──────■───────┤ Ry(y[108]) ├┤ Rz(y[130]) ├
«           ┌─┴─┐     ├────────────┤├────────────┤
«q0_21: ────┤ X ├─────┤ Ry(y[109]) ├┤ Rz(y[131]) ├
«           └───┘     └────────────┘└────────────┘
«c0: 22/══════════════════════════════════════════
«                                                 
ansatz-state is written to ansatz.txt
building constraints...
number of constraints= 484
unique pauliops 946
graphclique-cliquecover: 946 with commutationmode disjointqubits
strategy largest_first 658
strategy random_sequential 658
strategy smallest_last 658
strategy independent_set 684
strategy connected_sequential_bfs 658
strategy connected_sequential_dfs 658
strategy saturation_largest_first 658
number of cliques 658
clique 0 ['IIIIIIIIIIXIXYYIIIXIXX', 'IIIIIIIIIIIIIIIIIIIZII', 'IIIIIIIIIIIIIIIYYXIIII', 'IIIIIIIIIIIZIIIIIIIIII', 'IIIIIIIYYXIIIIIIIIIIII', 'IIXIXXXIIIIIIIIIIIIIII', 'IIIZIIIIIIIIIIIIIIIIII', 'ZXIIIIIIIIIIIIIIIIIIII']
clique 1 ['IIIIIIIIIIXIXXYIIIXIXY', 'IIIIIIIIIIIIIIIIIIIXII', 'IIIIIIIIIIIIIIIXYYIIII', 'IIIIIIIIIIIXIIIIIIIIII', 'IIIIIIIXYYIIIIIIIIIIII', 'IIXIXYXIIIIIIIIIIIIIII', 'IIIXIIIIIIIIIIIIIIIIII', 'ZYIIIIIIIIIIIIIIIIIIII']
clique 2 ['IIIIIIIIIIXIXXYIIIXIXX', 'IIIIIIIIIIIIIIIIIIIYII', 'IIIIIIIIIIIIIIIXYXIIII', 'IIIIIIIIIIIYIIIIIIIIII', 'IIIIIIIXYXIIIIIIIIIIII', 'IIXIXZXIIIIIIIIIIIIIII', 'IIIYIIIIIIIIIIIIIIIIII', 'ZZIIIIIIIIIIIIIIIIIIII']
clique 3 ['IIIIIIIIIIXIXYYIIIXIXY', 'IIIIIIIIIIIIIIIYYYIIII', 'IIIIIIIYYYIIIIIIIIIIII', 'IIXXZIXIIIIIIIIIIIIIII', 'IIIIIZIIIIIIIIIIIIIIII', 'IZIIIIIIIIIIIIIIIIIIII']
clique 4 ['IIIIIIIIIIXIXZYIIIXIXY', 'IIIIIIIIIIIIIIIZYYIIII', 'IIIIIIIZYYIIIIIIIIIIII', 'IIXYZIXIIIIIIIIIIIIIII', 'IIIIIXIIIIIIIIIIIIIIII', 'IXIIIIIIIIIIIIIIIIIIII']
clique 5 ['IIIIIIIIIIXIXZYIIIXIXX', 'IIIIIIIIIIIIIIIZYXIIII', 'IIIIIIIZYXIIIIIIIIIIII', 'IIXZZIXIIIIIIIIIIIIIII', 'IIIIIYIIIIIIIIIIIIIIII', 'IYIIIIIIIIIIIIIIIIIIII']
clique 6 ['IIIIIIIIIIXYZIYIIIXIXX', 'IIIIIIIIIIIIIIIYYZIIII', 'IIIIIIIIIIIIIZIIIIIIII', 'IIIIIIIYYZIIIIIIIIIIII', 'IIXIYIXIIIIIIIIIIIIIII']
clique 7 ['IIIIIIIIIIXXZIYIIIXIXY', 'IIIIIIIIIIIIIIIXYZIIII', 'IIIIIIIIIIIIIXIIIIIIII', 'IIIIIIIXYZIIIIIIIIIIII', 'XXZIIIXIIIIIIIIIIIIIII', 'IIIYYXIIIIIIIIIIIIIIII']
clique 8 ['IIIIIIIIIIXXZIYIIIXIXX', 'IIIIIIIIIIIIIIIZYZIIII', 'IIIIIIIIIIIIIYIIIIIIII', 'IIIIIIIZYZIIIIIIIIIIII', 'XYZIIIXIIIIIIIIIIIIIII', 'IIIXYYIIIIIIIIIIIIIIII']
clique 9 ['IIIIIIIIIIXYZIYIIIXIXY', 'IIIIIIIIIIIIIIIIZXIIII', 'IIIIIIIIIIIIIIIZIIIIII', 'IIIIIIIIZXIIIIIIIIIIII', 'IIIIIIIZIIIIIIIIIIIIII', 'XZZIIIXIIIIIIIIIIIIIII', 'IIIXYXIIIIIIIIIIIIIIII']
clique 10 ['IIIIIIIIIIXZZIYIIIXIXY', 'IIIIIIIIIIIIIIIIZYIIII', 'IIIIIIIIIIIIIIIXIIIIII', 'IIIIIIIIZYIIIIIIIIIIII', 'IIIIIIIXIIIIIIIIIIIIII', 'YIZIIIXIIIIIIIIIIIIIII', 'IIIYYYIIIIIIIIIIIIIIII']
clique 11 ['IIIIIIIIIIXZZIYIIIXIXX', 'IIIIIIIIIIIIIIIIZZIIII', 'IIIIIIIIIIIIIIIYIIIIII', 'IIIIIIIIZZIIIIIIIIIIII', 'IIIIIIIYIIIIIIIIIIIIII', 'IIYIIIXIIIIIIIIIIIIIII', 'IIIZYYIIIIIIIIIIIIIIII']
clique 12 ['IIIIIIIIXYZIIIYIIIXIXX', 'IIIIIIIIIIIIIIIIIZIIII', 'IIIIIIIIIIIIIIIXXIIIII', 'IIIIIIIIIIIYYXIIIIIIII', 'XYYIXXIIIIIIIIIIIIIIII']
clique 13 ['IIIIIIIIXXZIIIYIIIXIXY', 'IIIIIIIIIIIIIIIIIXIIII', 'IIIIIIIIIIIIIIIYXIIIII', 'IIIIIIIIIIIXYYIIIIIIII', 'XXYIXYIIIIIIIIIIIIIIII']
clique 14 ['IIIIIIIIXXZIIIYIIIXIXX', 'IIIIIIIIIIIIIIIIIYIIII', 'IIIIIIIIIIIIIIIZXIIIII', 'IIIIIIIIIIIXYXIIIIIIII', 'XXYIXXIIIIIIIIIIIIIIII']
clique 15 ['IIIIIIIIXYZIIIYIIIXIXY', 'IIIIIIIIIIIYYYIIIIIIII', 'XYYIXYIIIIIIIIIIIIIIII']
clique 16 ['IIIIIIIIXZZIIIYIIIXIXY', 'IIIIIIIIIIIZYYIIIIIIII', 'XZYIXYIIIIIIIIIIIIIIII']
clique 17 ['IIIIIIIIXZZIIIYIIIXIXX', 'IIIIIIIIIIIZYXIIIIIIII', 'XZYIXXIIIIIIIIIIIIIIII']
clique 18 ['IIIIIIIYZIZIIIYIIIXIXX', 'IIIIIIIIIIIYYZIIIIIIII', 'IIIIIIIIIZIIIIIIIIIIII', 'XYYIXZIIIIIIIIIIIIIIII']
clique 19 ['IIIIIIIXZIZIIIYIIIXIXY', 'IIIIIIIIIIIXYZIIIIIIII', 'IIIIIIIIIXIIIIIIIIIIII', 'XXYIXZIIIIIIIIIIIIIIII']
clique 20 ['IIIIIIIXZIZIIIYIIIXIXX', 'IIIIIIIIIIIZYZIIIIIIII', 'IIIIIIIIIYIIIIIIIIIIII', 'XZYIXZIIIIIIIIIIIIIIII']
clique 21 ['IIIIIIIYZIZIIIYIIIXIXY', 'IIIIIIIIIIIIZXIIIIIIII', 'XYYXZIIIIIIIIIIIIIIIII']
clique 22 ['IIIIIIIZZIZIIIYIIIXIXY', 'IIIIIIIIIIIIZYIIIIIIII', 'XXYYZIIIIIIIIIIIIIIIII']
clique 23 ['IIIIIIIZZIZIIIYIIIXIXX', 'IIIIIIIIIIIIZZIIIIIIII', 'XXYXZIIIIIIIIIIIIIIIII']
clique 24 ['IIIIIIIIIIXIXYYIIIXIXZ', 'IIIIIIIXXIIIIIIIIIIIII', 'XYYYZIIIIIIIIIIIIIIIII']
clique 25 ['IIIIIIIIIIXIXXYIIIXIXZ', 'IIIIIIIYXIIIIIIIIIIIII', 'XZYYZIIIIIIIIIIIIIIIII']
clique 26 ['IIIIIIIIIIXIXZYIIIXIXZ', 'IIIIIIIZXIIIIIIIIIIIII', 'XZYXZIIIIIIIIIIIIIIIII']
clique 27 ['IIIIIIIIIIXYZIYIIIXIXZ', 'XYYZZIIIIIIIIIIIIIIIII']
clique 28 ['IIIIIIIIIIXXZIYIIIXIXZ', 'XXYZZIIIIIIIIIIIIIIIII']
clique 29 ['IIIIIIIIIIXZZIYIIIXIXZ', 'XZYZZIIIIIIIIIIIIIIIII']
clique 30 ['IIIIIIIIXYZIIIYIIIXIXZ', 'IIIIIIIIIIIXXIIIIIIIII', 'YIYIXXIIIIIIIIIIIIIIII']
clique 31 ['IIIIIIIIXXZIIIYIIIXIXZ', 'IIIIIIIIIIIYXIIIIIIIII', 'YIYIXYIIIIIIIIIIIIIIII']
clique 32 ['IIIIIIIIXZZIIIYIIIXIXZ', 'IIIIIIIIIIIZXIIIIIIIII', 'XXYIYIIIIIIIIIIIIIIIII']
clique 33 ['IIIIIIIYZIZIIIYIIIXIXZ', 'XYYIYIIIIIIIIIIIIIIIII']
clique 34 ['IIIIIIIXZIZIIIYIIIXIXZ', 'XZYIYIIIIIIIIIIIIIIIII']
clique 35 ['IIIIIIIZZIZIIIYIIIXIXZ', 'YIYIXZIIIIIIIIIIIIIIII']
clique 36 ['IIIIIIIIIIIIIIIIIIIIIZ', 'IIIIIIIIIIXIXYYIIIXXZI', 'YIYXZIIIIIIIIIIIIIIIII']
clique 37 ['IIIIIIIIIIIIIIIIIIIIIX', 'IIIIIIIIIIXIXXYIIIXYZI', 'YIYYZIIIIIIIIIIIIIIIII']
clique 38 ['IIIIIIIIIIIIIIIIIIIIIY', 'IIIIIIIIIIXIXXYIIIXXZI', 'YIYZZIIIIIIIIIIIIIIIII']
clique 39 ['IIIIIIIIIIXIXYYIIIXYZI', 'IIZIXXIIIIIIIIIIIIIIII']
clique 40 ['IIIIIIIIIIXIXZYIIIXYZI', 'IIZIXYIIIIIIIIIIIIIIII']
clique 41 ['IIIIIIIIIIXIXZYIIIXXZI', 'IIZIXZIIIIIIIIIIIIIIII']
clique 42 ['IIIIIIIIIIXYZIYIIIXXZI', 'YIYIYIIIIIIIIIIIIIIIII']
clique 43 ['IIIIIIIIIIXXZIYIIIXYZI', 'IIZXZIIIIIIIIIIIIIIIII']
clique 44 ['IIIIIIIIIIXXZIYIIIXXZI', 'IIZYZIIIIIIIIIIIIIIIII']
clique 45 ['IIIIIIIIIIXYZIYIIIXYZI', 'IIZZZIIIIIIIIIIIIIIIII']
clique 46 ['IIIIIIIIIIXZZIYIIIXYZI', 'IIZIYIIIIIIIIIIIIIIIII']
clique 47 ['IIIIIIIIIIXZZIYIIIXXZI', 'IIIZYXIIIIIIIIIIIIIIII', 'XXXIIIIIIIIIIIIIIIIIII']
clique 48 ['IIIIIIIIXYZIIIYIIIXXZI', 'IIIYYZIIIIIIIIIIIIIIII', 'XYXIIIIIIIIIIIIIIIIIII']
clique 49 ['IIIIIIIIXXZIIIYIIIXYZI', 'IIIXYZIIIIIIIIIIIIIIII', 'XZXIIIIIIIIIIIIIIIIIII']
clique 50 ['IIIIIIIIXXZIIIYIIIXXZI', 'IIIZYZIIIIIIIIIIIIIIII', 'YIXIIIIIIIIIIIIIIIIIII']
clique 51 ['IIIIIIIIXYZIIIYIIIXYZI', 'IIIIZXIIIIIIIIIIIIIIII']
clique 52 ['IIIIIIIIXZZIIIYIIIXYZI', 'IIIIZYIIIIIIIIIIIIIIII']
clique 53 ['IIIIIIIIXZZIIIYIIIXXZI', 'IIIIZZIIIIIIIIIIIIIIII']
clique 54 ['IIIIIIIYZIZIIIYIIIXXZI', 'IIIXXIIIIIIIIIIIIIIIII']
clique 55 ['IIIIIIIXZIZIIIYIIIXYZI', 'IIIYXIIIIIIIIIIIIIIIII']
clique 56 ['IIIIIIIXZIZIIIYIIIXXZI', 'IIIZXIIIIIIIIIIIIIIIII']
clique 57 ['IIIIIIIYZIZIIIYIIIXYZI']
clique 58 ['IIIIIIIZZIZIIIYIIIXYZI']
clique 59 ['IIIIIIIZZIZIIIYIIIXXZI']
clique 60 ['IIIIIIIIIIXIXYYIIIXZZI']
clique 61 ['IIIIIIIIIIXIXXYIIIXZZI']
clique 62 ['IIIIIIIIIIXIXZYIIIXZZI']
clique 63 ['IIIIIIIIIIXYZIYIIIXZZI']
clique 64 ['IIIIIIIIIIXXZIYIIIXZZI']
clique 65 ['IIIIIIIIIIXZZIYIIIXZZI']
clique 66 ['IIIIIIIIXYZIIIYIIIXZZI']
clique 67 ['IIIIIIIIXXZIIIYIIIXZZI']
clique 68 ['IIIIIIIIXZZIIIYIIIXZZI']
clique 69 ['IIIIIIIYZIZIIIYIIIXZZI']
clique 70 ['IIIIIIIXZIZIIIYIIIXZZI']
clique 71 ['IIIIIIIZZIZIIIYIIIXZZI']
clique 72 ['IIIIIIIIIIIIIIIIIIIYYX', 'IIIIIIIIIIXIXYYIXXZIII']
clique 73 ['IIIIIIIIIIIIIIIIIIIXYY', 'IIIIIIIIIIXIXXYIXYZIII']
clique 74 ['IIIIIIIIIIIIIIIIIIIXYX', 'IIIIIIIIIIXIXXYIXXZIII']
clique 75 ['IIIIIIIIIIIIIIIIIIIYYY', 'IIIIIIIIIIXIXYYIXYZIII']
clique 76 ['IIIIIIIIIIIIIIIIIIIZYY', 'IIIIIIIIIIXIXZYIXYZIII']
clique 77 ['IIIIIIIIIIIIIIIIIIIZYX', 'IIIIIIIIIIXIXZYIXXZIII']
clique 78 ['IIIIIIIIIIIIIIIIIIIYYZ', 'IIIIIIIIIIXYZIYIXXZIII']
clique 79 ['IIIIIIIIIIIIIIIIIIIXYZ', 'IIIIIIIIIIXXZIYIXYZIII']
clique 80 ['IIIIIIIIIIIIIIIIIIIZYZ', 'IIIIIIIIIIXXZIYIXXZIII']
clique 81 ['IIIIIIIIIIIIIIIIIIIIZX', 'IIIIIIIIIIXYZIYIXYZIII']
clique 82 ['IIIIIIIIIIIIIIIIIIIIZY', 'IIIIIIIIIIXZZIYIXYZIII']
clique 83 ['IIIIIIIIIIIIIIIIIIIIZZ', 'IIIIIIIIIIXZZIYIXXZIII']
clique 84 ['IIIIIIIIIIIIIIIIIIIXXI', 'IIIIIIIIXYZIIIYIXXZIII']
clique 85 ['IIIIIIIIIIIIIIIIIIIYXI', 'IIIIIIIIXXZIIIYIXYZIII']
clique 86 ['IIIIIIIIIIIIIIIIIIIZXI', 'IIIIIIIIXXZIIIYIXXZIII']
clique 87 ['IIIIIIIIXYZIIIYIXYZIII']
clique 88 ['IIIIIIIIXZZIIIYIXYZIII']
clique 89 ['IIIIIIIIXZZIIIYIXXZIII']
clique 90 ['IIIIIIIYZIZIIIYIXXZIII']
clique 91 ['IIIIIIIXZIZIIIYIXYZIII']
clique 92 ['IIIIIIIXZIZIIIYIXXZIII']
clique 93 ['IIIIIIIYZIZIIIYIXYZIII']
clique 94 ['IIIIIIIZZIZIIIYIXYZIII']
clique 95 ['IIIIIIIZZIZIIIYIXXZIII']
clique 96 ['IIIIIIIIIIXIXYYIXZZIII']
clique 97 ['IIIIIIIIIIXIXXYIXZZIII']
clique 98 ['IIIIIIIIIIXIXZYIXZZIII']
clique 99 ['IIIIIIIIIIXYZIYIXZZIII']
clique 100 ['IIIIIIIIIIXXZIYIXZZIII']
clique 101 ['IIIIIIIIIIXZZIYIXZZIII']
clique 102 ['IIIIIIIIXYZIIIYIXZZIII']
clique 103 ['IIIIIIIIXXZIIIYIXZZIII']
clique 104 ['IIIIIIIIXZZIIIYIXZZIII']
clique 105 ['IIIIIIIYZIZIIIYIXZZIII']
clique 106 ['IIIIIIIXZIZIIIYIXZZIII']
clique 107 ['IIIIIIIZZIZIIIYIXZZIII']
clique 108 ['IIIIIIIIIIXIXYYXZIZIII']
clique 109 ['IIIIIIIIIIXIXXYYZIZIII']
clique 110 ['IIIIIIIIIIXIXXYXZIZIII']
clique 111 ['IIIIIIIIIIXIXYYYZIZIII']
clique 112 ['IIIIIIIIIIXIXZYYZIZIII']
clique 113 ['IIIIIIIIIIXIXZYXZIZIII']
clique 114 ['IIIIIIIIIIXYZIYXZIZIII']
clique 115 ['IIIIIIIIIIXXZIYYZIZIII']
clique 116 ['IIIIIIIIIIXXZIYXZIZIII']
clique 117 ['IIIIIIIIIIXYZIYYZIZIII']
clique 118 ['IIIIIIIIIIXZZIYYZIZIII']
clique 119 ['IIIIIIIIIIXZZIYXZIZIII']
clique 120 ['IIIIIIIIXYZIIIYXZIZIII']
clique 121 ['IIIIIIIIXXZIIIYYZIZIII']
clique 122 ['IIIIIIIIXXZIIIYXZIZIII']
clique 123 ['IIIIIIIIXYZIIIYYZIZIII']
clique 124 ['IIIIIIIIXZZIIIYYZIZIII']
clique 125 ['IIIIIIIIXZZIIIYXZIZIII']
clique 126 ['IIIIIIIYZIZIIIYXZIZIII']
clique 127 ['IIIIIIIXZIZIIIYYZIZIII']
clique 128 ['IIIIIIIXZIZIIIYXZIZIII']
clique 129 ['IIIIIIIYZIZIIIYYZIZIII']
clique 130 ['IIIIIIIZZIZIIIYYZIZIII']
clique 131 ['IIIIIIIZZIZIIIYXZIZIII']
clique 132 ['IIIIIIIIIIXIXYYZZIZIII']
clique 133 ['IIIIIIIIIIXIXXYZZIZIII']
clique 134 ['IIIIIIIIIIXIXZYZZIZIII']
clique 135 ['IIIIIIIIIIXYZIYZZIZIII']
clique 136 ['IIIIIIIIIIXXZIYZZIZIII']
clique 137 ['IIIIIIIIIIXZZIYZZIZIII']
clique 138 ['IIIIIIIIXYZIIIYZZIZIII']
clique 139 ['IIIIIIIIXXZIIIYZZIZIII']
clique 140 ['IIIIIIIIXZZIIIYZZIZIII']
clique 141 ['IIIIIIIYZIZIIIYZZIZIII']
clique 142 ['IIIIIIIXZIZIIIYZZIZIII']
clique 143 ['IIIIIIIZZIZIIIYZZIZIII']
clique 144 ['IIIIIIIIIIXIYIYIIIXIXX']
clique 145 ['IIIIIIIIIIXIYIYIIIXIXY']
clique 146 ['IIIIIIIIYIZIIIYIIIXIXX']
clique 147 ['IIIIIIIIYIZIIIYIIIXIXY']
clique 148 ['IIIIIIIIIIXIXXYIIIXIYI']
clique 149 ['IIIIIIIIIIXIXYYIIIXIYI']
clique 150 ['IIIIIIIIIIXIXZYIIIXIYI']
clique 151 ['IIIIIIIIIIXIYIYIIIXIXZ']
clique 152 ['IIIIIIIIIIXXZIYIIIXIYI']
clique 153 ['IIIIIIIIIIXYZIYIIIXIYI']
clique 154 ['IIIIIIIIIIXZZIYIIIXIYI']
clique 155 ['IIIIIIIIXXZIIIYIIIXIYI']
clique 156 ['IIIIIIIIXYZIIIYIIIXIYI']
clique 157 ['IIIIIIIIXZZIIIYIIIXIYI']
clique 158 ['IIIIIIIIYIZIIIYIIIXIXZ']
clique 159 ['IIIIIIIXZIZIIIYIIIXIYI']
clique 160 ['IIIIIIIYZIZIIIYIIIXIYI']
clique 161 ['IIIIIIIZZIZIIIYIIIXIYI']
clique 162 ['IIIIIIIIIIXIYIYIIIXXZI']
clique 163 ['IIIIIIIIIIXIYIYIIIXYZI']
clique 164 ['IIIIIIIIYIZIIIYIIIXXZI']
clique 165 ['IIIIIIIIYIZIIIYIIIXYZI']
clique 166 ['IIIIIIIIIIXIYIYIIIXZZI']
clique 167 ['IIIIIIIIYIZIIIYIIIXZZI']
clique 168 ['IIIIIIIIIIXIYIYIXXZIII']
clique 169 ['IIIIIIIIIIXIYIYIXYZIII']
clique 170 ['IIIIIIIIYIZIIIYIXXZIII']
clique 171 ['IIIIIIIIYIZIIIYIXYZIII']
clique 172 ['IIIIIIIIIIXIXXYIYIZIII']
clique 173 ['IIIIIIIIIIXIXYYIYIZIII']
clique 174 ['IIIIIIIIIIXIXZYIYIZIII']
clique 175 ['IIIIIIIIIIXIYIYIXZZIII']
clique 176 ['IIIIIIIIIIXXZIYIYIZIII']
clique 177 ['IIIIIIIIIIXYZIYIYIZIII']
clique 178 ['IIIIIIIIIIXZZIYIYIZIII']
clique 179 ['IIIIIIIIXXZIIIYIYIZIII']
clique 180 ['IIIIIIIIXYZIIIYIYIZIII']
clique 181 ['IIIIIIIIXZZIIIYIYIZIII']
clique 182 ['IIIIIIIIYIZIIIYIXZZIII']
clique 183 ['IIIIIIIXZIZIIIYIYIZIII']
clique 184 ['IIIIIIIYZIZIIIYIYIZIII']
clique 185 ['IIIIIIIZZIZIIIYIYIZIII']
clique 186 ['IIIIIIIIIIXIYIYXZIZIII']
clique 187 ['IIIIIIIIIIXIYIYYZIZIII']
clique 188 ['IIIIIIIIYIZIIIYXZIZIII']
clique 189 ['IIIIIIIIYIZIIIYYZIZIII']
clique 190 ['IIIIIIIIIIXIYIYZZIZIII']
clique 191 ['IIIIIIIIYIZIIIYZZIZIII']
clique 192 ['IIIIIIIIIIXIYIYIIIXIYI']
clique 193 ['IIIIIIIIYIZIIIYIIIXIYI']
clique 194 ['IIIIIIIIIIXIYIYIYIZIII']
clique 195 ['IIIIIIIIYIZIIIYIYIZIII']
clique 196 ['IIXIXYYIIIIIIIXIIIXIXX', 'IIIIIIIIXYYIXXIIIIIIII']
clique 197 ['IIXIXXYIIIIIIIXIIIXIXY', 'IIIIIIIIXXYIXYIIIIIIII']
clique 198 ['IIXIXXYIIIIIIIXIIIXIXX', 'IIIIIIIIXXYIXXIIIIIIII']
clique 199 ['IIXIXYYIIIIIIIXIIIXIXY', 'IIIIIIIIXYYIXYIIIIIIII']
clique 200 ['IIXIXZYIIIIIIIXIIIXIXY', 'IIIIIIIIXZYIXYIIIIIIII']
clique 201 ['IIXIXZYIIIIIIIXIIIXIXX', 'IIIIIIIIXZYIXXIIIIIIII']
clique 202 ['IIXYZIYIIIIIIIXIIIXIXX', 'IIIIIIIYZIYIXXIIIIIIII']
clique 203 ['IIXXZIYIIIIIIIXIIIXIXY', 'IIIIIIIXZIYIXYIIIIIIII']
clique 204 ['IIXXZIYIIIIIIIXIIIXIXX', 'IIIIIIIXZIYIXXIIIIIIII']
clique 205 ['IIXYZIYIIIIIIIXIIIXIXY', 'IIIIIIIYZIYIXYIIIIIIII']
clique 206 ['IIXZZIYIIIIIIIXIIIXIXY', 'IIIIIIIZZIYIXYIIIIIIII']
clique 207 ['IIXZZIYIIIIIIIXIIIXIXX', 'IIIIIIIZZIYIXXIIIIIIII']
clique 208 ['IIXIXYYIIIIIIIXIIIXIXZ', 'IIIIIIIIXYYIXZIIIIIIII']
clique 209 ['IIXIXXYIIIIIIIXIIIXIXZ', 'IIIIIIIIXXYIXZIIIIIIII']
clique 210 ['IIXIXZYIIIIIIIXIIIXIXZ', 'IIIIIIIIXZYIXZIIIIIIII']
clique 211 ['IIXYZIYIIIIIIIXIIIXIXZ', 'IIIIIIIYZIYIXZIIIIIIII']
clique 212 ['IIXXZIYIIIIIIIXIIIXIXZ', 'IIIIIIIXZIYIXZIIIIIIII']
clique 213 ['IIXZZIYIIIIIIIXIIIXIXZ', 'IIIIIIIZZIYIXZIIIIIIII']
clique 214 ['IIXIXYYIIIIIIIXIIIXXZI', 'IIIIIIIIXYYXZIIIIIIIII']
clique 215 ['IIXIXXYIIIIIIIXIIIXYZI', 'IIIIIIIIXXYYZIIIIIIIII']
clique 216 ['IIXIXXYIIIIIIIXIIIXXZI', 'IIIIIIIIXXYXZIIIIIIIII']
clique 217 ['IIXIXYYIIIIIIIXIIIXYZI', 'IIIIIIIIXYYYZIIIIIIIII']
clique 218 ['IIXIXZYIIIIIIIXIIIXYZI', 'IIIIIIIIXZYYZIIIIIIIII']
clique 219 ['IIXIXZYIIIIIIIXIIIXXZI', 'IIIIIIIIXZYXZIIIIIIIII']
clique 220 ['IIXYZIYIIIIIIIXIIIXXZI', 'IIIIIIIYZIYXZIIIIIIIII']
clique 221 ['IIXXZIYIIIIIIIXIIIXYZI', 'IIIIIIIXZIYYZIIIIIIIII']
clique 222 ['IIXXZIYIIIIIIIXIIIXXZI', 'IIIIIIIXZIYXZIIIIIIIII']
clique 223 ['IIXYZIYIIIIIIIXIIIXYZI', 'IIIIIIIYZIYYZIIIIIIIII']
clique 224 ['IIXZZIYIIIIIIIXIIIXYZI', 'IIIIIIIZZIYYZIIIIIIIII']
clique 225 ['IIXZZIYIIIIIIIXIIIXXZI', 'IIIIIIIZZIYXZIIIIIIIII']
clique 226 ['IIXIXYYIIIIIIIXIIIXZZI', 'IIIIIIIIXYYZZIIIIIIIII']
clique 227 ['IIXIXXYIIIIIIIXIIIXZZI', 'IIIIIIIIXXYZZIIIIIIIII']
clique 228 ['IIXIXZYIIIIIIIXIIIXZZI', 'IIIIIIIIXZYZZIIIIIIIII']
clique 229 ['IIXYZIYIIIIIIIXIIIXZZI', 'IIIIIIIYZIYZZIIIIIIIII']
clique 230 ['IIXXZIYIIIIIIIXIIIXZZI', 'IIIIIIIXZIYZZIIIIIIIII']
clique 231 ['IIXZZIYIIIIIIIXIIIXZZI', 'IIIIIIIZZIYZZIIIIIIIII']
clique 232 ['IIXIXYYIIIIIIIXIXXZIII', 'IIIIIIIIYIYIXXIIIIIIII']
clique 233 ['IIXIXXYIIIIIIIXIXYZIII', 'IIIIIIIIYIYIXYIIIIIIII']
clique 234 ['IIXIXXYIIIIIIIXIXXZIII', 'IIIIIIIIXXYIYIIIIIIIII']
clique 235 ['IIXIXYYIIIIIIIXIXYZIII', 'IIIIIIIIXYYIYIIIIIIIII']
clique 236 ['IIXIXZYIIIIIIIXIXYZIII', 'IIIIIIIIXZYIYIIIIIIIII']
clique 237 ['IIXIXZYIIIIIIIXIXXZIII', 'IIIIIIIIYIYIXZIIIIIIII']
clique 238 ['IIXYZIYIIIIIIIXIXXZIII', 'IIIIIIIXZIYIYIIIIIIIII']
clique 239 ['IIXXZIYIIIIIIIXIXYZIII', 'IIIIIIIYZIYIYIIIIIIIII']
clique 240 ['IIXXZIYIIIIIIIXIXXZIII', 'IIIIIIIZZIYIYIIIIIIIII']
clique 241 ['IIXYZIYIIIIIIIXIXYZIII', 'IIIIIIIIYIYXZIIIIIIIII']
clique 242 ['IIXZZIYIIIIIIIXIXYZIII', 'IIIIIIIIYIYYZIIIIIIIII']
clique 243 ['IIXZZIYIIIIIIIXIXXZIII', 'IIIIIIIIYIYZZIIIIIIIII']
clique 244 ['IIXIXYYIIIIIIIXIXZZIII', 'IIIIIIIIYIYIYIIIIIIIII']
clique 245 ['IIXIXXYIIIIIIIXIXZZIII', 'IIIIIIIIIIZIXXIIIIIIII']
clique 246 ['IIXIXZYIIIIIIIXIXZZIII', 'IIIIIIIIIIZIXYIIIIIIII']
clique 247 ['IIXYZIYIIIIIIIXIXZZIII', 'IIIIIIIIIIZIXZIIIIIIII']
clique 248 ['IIXXZIYIIIIIIIXIXZZIII', 'IIIIIIIIIIZXZIIIIIIIII']
clique 249 ['IIXZZIYIIIIIIIXIXZZIII', 'IIIIIIIIIIZYZIIIIIIIII']
clique 250 ['IIXIXYYIIIIIIIXXZIZIII', 'IIIIIIIIIIZZZIIIIIIIII']
clique 251 ['IIXIXXYIIIIIIIXYZIZIII', 'IIIIIIIIXXXIIIIIIIIIII']
clique 252 ['IIXIXXYIIIIIIIXXZIZIII', 'IIIIIIIIXYXIIIIIIIIIII']
clique 253 ['IIXIXYYIIIIIIIXYZIZIII', 'IIIIIIIIXZXIIIIIIIIIII']
clique 254 ['IIXIXZYIIIIIIIXYZIZIII', 'IIIIIIIXZIXIIIIIIIIIII']
clique 255 ['IIXIXZYIIIIIIIXXZIZIII', 'IIIIIIIYZIXIIIIIIIIIII']
clique 256 ['IIXYZIYIIIIIIIXXZIZIII', 'IIIIIIIZZIXIIIIIIIIIII']
clique 257 ['IIXXZIYIIIIIIIXYZIZIII', 'IIIIIIIIIIZIYIIIIIIIII']
clique 258 ['IIXXZIYIIIIIIIXXZIZIII', 'IIIIIIIIYIXIIIIIIIIIII']
clique 259 ['IIXYZIYIIIIIIIXYZIZIII']
clique 260 ['IIXZZIYIIIIIIIXYZIZIII']
clique 261 ['IIXZZIYIIIIIIIXXZIZIII']
clique 262 ['IIXIXYYIIIIIIIXZZIZIII']
clique 263 ['IIXIXXYIIIIIIIXZZIZIII']
clique 264 ['IIXIXZYIIIIIIIXZZIZIII']
clique 265 ['IIXYZIYIIIIIIIXZZIZIII']
clique 266 ['IIXXZIYIIIIIIIXZZIZIII']
clique 267 ['IIXZZIYIIIIIIIXZZIZIII']
clique 268 ['IIIIIIIIIIIIIIIIXYYIXX', 'IIXIXYYIIIXIXXZIIIIIII']
clique 269 ['IIIIIIIIIIIIIIIIXXYIXY', 'IIXIXXYIIIXIXYZIIIIIII']
clique 270 ['IIIIIIIIIIIIIIIIXXYIXX', 'IIXIXXYIIIXIXXZIIIIIII']
clique 271 ['IIIIIIIIIIIIIIIIXYYIXY', 'IIXIXYYIIIXIXYZIIIIIII']
clique 272 ['IIIIIIIIIIIIIIIIXZYIXY', 'IIXIXZYIIIXIXYZIIIIIII']
clique 273 ['IIIIIIIIIIIIIIIIXZYIXX', 'IIXIXZYIIIXIXXZIIIIIII']
clique 274 ['IIIIIIIIIIIIIIIYZIYIXX', 'IIXYZIYIIIXIXXZIIIIIII']
clique 275 ['IIIIIIIIIIIIIIIXZIYIXY', 'IIXXZIYIIIXIXYZIIIIIII']
clique 276 ['IIIIIIIIIIIIIIIXZIYIXX', 'IIXXZIYIIIXIXXZIIIIIII']
clique 277 ['IIIIIIIIIIIIIIIYZIYIXY', 'IIXYZIYIIIXIXYZIIIIIII']
clique 278 ['IIIIIIIIIIIIIIIZZIYIXY', 'IIXZZIYIIIXIXYZIIIIIII']
clique 279 ['IIIIIIIIIIIIIIIZZIYIXX', 'IIXZZIYIIIXIXXZIIIIIII']
clique 280 ['IIIIIIIIIIIIIIIIXYYIXZ', 'IIXIXYYIIIXIXZZIIIIIII']
clique 281 ['IIIIIIIIIIIIIIIIXXYIXZ', 'IIXIXXYIIIXIXZZIIIIIII']
clique 282 ['IIIIIIIIIIIIIIIIXZYIXZ', 'IIXIXZYIIIXIXZZIIIIIII']
clique 283 ['IIIIIIIIIIIIIIIYZIYIXZ', 'IIXYZIYIIIXIXZZIIIIIII']
clique 284 ['IIIIIIIIIIIIIIIXZIYIXZ', 'IIXXZIYIIIXIXZZIIIIIII']
clique 285 ['IIIIIIIIIIIIIIIZZIYIXZ', 'IIXZZIYIIIXIXZZIIIIIII']
clique 286 ['IIIIIIIIIIIIIIIIXYYXZI', 'IIXIXYYIIIXXZIZIIIIIII']
clique 287 ['IIIIIIIIIIIIIIIIXXYYZI', 'IIXIXXYIIIXYZIZIIIIIII']
clique 288 ['IIIIIIIIIIIIIIIIXXYXZI', 'IIXIXXYIIIXXZIZIIIIIII']
clique 289 ['IIIIIIIIIIIIIIIIXYYYZI', 'IIXIXYYIIIXYZIZIIIIIII']
clique 290 ['IIIIIIIIIIIIIIIIXZYYZI', 'IIXIXZYIIIXYZIZIIIIIII']
clique 291 ['IIIIIIIIIIIIIIIIXZYXZI', 'IIXIXZYIIIXXZIZIIIIIII']
clique 292 ['IIIIIIIIIIIIIIIYZIYXZI', 'IIXYZIYIIIXXZIZIIIIIII']
clique 293 ['IIIIIIIIIIIIIIIXZIYYZI', 'IIXXZIYIIIXYZIZIIIIIII']
clique 294 ['IIIIIIIIIIIIIIIXZIYXZI', 'IIXXZIYIIIXXZIZIIIIIII']
clique 295 ['IIIIIIIIIIIIIIIYZIYYZI', 'IIXYZIYIIIXYZIZIIIIIII']
clique 296 ['IIIIIIIIIIIIIIIZZIYYZI', 'IIXZZIYIIIXYZIZIIIIIII']
clique 297 ['IIIIIIIIIIIIIIIZZIYXZI', 'IIXZZIYIIIXXZIZIIIIIII']
clique 298 ['IIIIIIIIIIIIIIIIXYYZZI', 'IIXIXYYIIIXZZIZIIIIIII']
clique 299 ['IIIIIIIIIIIIIIIIXXYZZI', 'IIXIXXYIIIXZZIZIIIIIII']
clique 300 ['IIIIIIIIIIIIIIIIXZYZZI', 'IIXIXZYIIIXZZIZIIIIIII']
clique 301 ['IIIIIIIIIIIIIIIYZIYZZI', 'IIXYZIYIIIXZZIZIIIIIII']
clique 302 ['IIIIIIIIIIIIIIIXZIYZZI', 'IIXXZIYIIIXZZIZIIIIIII']
clique 303 ['IIIIIIIIIIIIIIIZZIYZZI', 'IIXZZIYIIIXZZIZIIIIIII']
clique 304 ['IIIIIIIIIIIIIIIIYIYIXX', 'IIXIXYYIXXZIIIZIIIIIII']
clique 305 ['IIIIIIIIIIIIIIIIYIYIXY', 'IIXIXXYIXYZIIIZIIIIIII']
clique 306 ['IIIIIIIIIIIIIIIIXXYIYI', 'IIXIXXYIXXZIIIZIIIIIII']
clique 307 ['IIIIIIIIIIIIIIIIXYYIYI', 'IIXIXYYIXYZIIIZIIIIIII']
clique 308 ['IIIIIIIIIIIIIIIIXZYIYI', 'IIXIXZYIXYZIIIZIIIIIII']
clique 309 ['IIIIIIIIIIIIIIIIYIYIXZ', 'IIXIXZYIXXZIIIZIIIIIII']
clique 310 ['IIIIIIIIIIIIIIIXZIYIYI', 'IIXYZIYIXXZIIIZIIIIIII']
clique 311 ['IIIIIIIIIIIIIIIYZIYIYI', 'IIXXZIYIXYZIIIZIIIIIII']
clique 312 ['IIIIIIIIIIIIIIIZZIYIYI', 'IIXXZIYIXXZIIIZIIIIIII']
clique 313 ['IIIIIIIIIIIIIIIIYIYXZI', 'IIXYZIYIXYZIIIZIIIIIII']
clique 314 ['IIIIIIIIIIIIIIIIYIYYZI', 'IIXZZIYIXYZIIIZIIIIIII']
clique 315 ['IIIIIIIIIIIIIIIIYIYZZI', 'IIXZZIYIXXZIIIZIIIIIII']
clique 316 ['IIIIIIIIIIIIIIIIYIYIYI', 'IIXIXYYIXZZIIIZIIIIIII']
clique 317 ['IIIIIIIIIIIIIIIIIIZIXX', 'IIXIXXYIXZZIIIZIIIIIII']
clique 318 ['IIIIIIIIIIIIIIIIIIZIXY', 'IIXIXZYIXZZIIIZIIIIIII']
clique 319 ['IIIIIIIIIIIIIIIIIIZIXZ', 'IIXYZIYIXZZIIIZIIIIIII']
clique 320 ['IIIIIIIIIIIIIIIIIIZXZI', 'IIXXZIYIXZZIIIZIIIIIII']
clique 321 ['IIIIIIIIIIIIIIIIIIZYZI', 'IIXZZIYIXZZIIIZIIIIIII']
clique 322 ['IIIIIIIIIIIIIIIIIIZZZI', 'IIXIXYYXZIZIIIZIIIIIII']
clique 323 ['IIIIIIIIIIIIIIIIXXXIII', 'IIXIXXYYZIZIIIZIIIIIII']
clique 324 ['IIIIIIIIIIIIIIIIXYXIII', 'IIXIXXYXZIZIIIZIIIIIII']
clique 325 ['IIIIIIIIIIIIIIIIXZXIII', 'IIXIXYYYZIZIIIZIIIIIII']
clique 326 ['IIIIIIIIIIIIIIIXZIXIII', 'IIXIXZYYZIZIIIZIIIIIII']
clique 327 ['IIIIIIIIIIIIIIIYZIXIII', 'IIXIXZYXZIZIIIZIIIIIII']
clique 328 ['IIIIIIIIIIIIIIIZZIXIII', 'IIXYZIYXZIZIIIZIIIIIII']
clique 329 ['IIIIIIIIIIIIIIIIIIZIYI', 'IIXXZIYYZIZIIIZIIIIIII']
clique 330 ['IIIIIIIIIIIIIIIIYIXIII', 'IIXXZIYXZIZIIIZIIIIIII']
clique 331 ['IIXYZIYYZIZIIIZIIIIIII']
clique 332 ['IIXZZIYYZIZIIIZIIIIIII']
clique 333 ['IIXZZIYXZIZIIIZIIIIIII']
clique 334 ['IIXIXYYZZIZIIIZIIIIIII']
clique 335 ['IIXIXXYZZIZIIIZIIIIIII']
clique 336 ['IIXIXZYZZIZIIIZIIIIIII']
clique 337 ['IIXYZIYZZIZIIIZIIIIIII']
clique 338 ['IIXXZIYZZIZIIIZIIIIIII']
clique 339 ['IIXZZIYZZIZIIIZIIIIIII']
clique 340 ['IIXIYIYIIIIIIIXIIIXIXX']
clique 341 ['IIXIYIYIIIIIIIXIIIXIXY']
clique 342 ['IIXIXXYIIIIIIIXIIIXIYI']
clique 343 ['IIXIXYYIIIIIIIXIIIXIYI']
clique 344 ['IIXIXZYIIIIIIIXIIIXIYI']
clique 345 ['IIXIYIYIIIIIIIXIIIXIXZ']
clique 346 ['IIXXZIYIIIIIIIXIIIXIYI']
clique 347 ['IIXYZIYIIIIIIIXIIIXIYI']
clique 348 ['IIXZZIYIIIIIIIXIIIXIYI']
clique 349 ['IIXIYIYIIIIIIIXIIIXXZI']
clique 350 ['IIXIYIYIIIIIIIXIIIXYZI']
clique 351 ['IIXIYIYIIIIIIIXIIIXZZI']
clique 352 ['IIXIYIYIIIIIIIXIXXZIII']
clique 353 ['IIXIYIYIIIIIIIXIXYZIII']
clique 354 ['IIXIXXYIIIIIIIXIYIZIII']
clique 355 ['IIXIXYYIIIIIIIXIYIZIII']
clique 356 ['IIXIXZYIIIIIIIXIYIZIII']
clique 357 ['IIXIYIYIIIIIIIXIXZZIII']
clique 358 ['IIXXZIYIIIIIIIXIYIZIII']
clique 359 ['IIXYZIYIIIIIIIXIYIZIII']
clique 360 ['IIXZZIYIIIIIIIXIYIZIII']
clique 361 ['IIXIYIYIIIIIIIXXZIZIII']
clique 362 ['IIXIYIYIIIIIIIXYZIZIII']
clique 363 ['IIXIYIYIIIIIIIXZZIZIII']
clique 364 ['IIXIYIYIIIXIXXZIIIIIII']
clique 365 ['IIXIYIYIIIXIXYZIIIIIII']
clique 366 ['IIXIXXYIIIXIYIZIIIIIII']
clique 367 ['IIXIXYYIIIXIYIZIIIIIII']
clique 368 ['IIXIXZYIIIXIYIZIIIIIII']
clique 369 ['IIXIYIYIIIXIXZZIIIIIII']
clique 370 ['IIXXZIYIIIXIYIZIIIIIII']
clique 371 ['IIXYZIYIIIXIYIZIIIIIII']
clique 372 ['IIXZZIYIIIXIYIZIIIIIII']
clique 373 ['IIXIYIYIIIXXZIZIIIIIII']
clique 374 ['IIXIYIYIIIXYZIZIIIIIII']
clique 375 ['IIXIYIYIIIXZZIZIIIIIII']
clique 376 ['IIXIYIYIXXZIIIZIIIIIII']
clique 377 ['IIXIYIYIXYZIIIZIIIIIII']
clique 378 ['IIXIXXYIYIZIIIZIIIIIII']
clique 379 ['IIXIXYYIYIZIIIZIIIIIII']
clique 380 ['IIXIXZYIYIZIIIZIIIIIII']
clique 381 ['IIXIYIYIXZZIIIZIIIIIII']
clique 382 ['IIXXZIYIYIZIIIZIIIIIII']
clique 383 ['IIXYZIYIYIZIIIZIIIIIII']
clique 384 ['IIXZZIYIYIZIIIZIIIIIII']
clique 385 ['IIXIYIYXZIZIIIZIIIIIII']
clique 386 ['IIXIYIYYZIZIIIZIIIIIII']
clique 387 ['IIXIYIYZZIZIIIZIIIIIII']
clique 388 ['IIIIIIIIIIYIIIYIIIXIXX']
clique 389 ['IIIIIIIIIIYIIIYIIIXIXY']
clique 390 ['IIIIIIIIIIYIIIYIIIXIXZ']
clique 391 ['IIXIYIYIIIIIIIXIIIXIYI']
clique 392 ['IIIIIIIIIIYIIIYIIIXXZI']
clique 393 ['IIIIIIIIIIYIIIYIIIXYZI']
clique 394 ['IIIIIIIIIIXIXXYIIIYIII']
clique 395 ['IIIIIIIIIIXIXYYIIIYIII']
clique 396 ['IIIIIIIIIIXIXZYIIIYIII']
clique 397 ['IIIIIIIIIIXXZIYIIIYIII']
clique 398 ['IIIIIIIIIIXYZIYIIIYIII']
clique 399 ['IIIIIIIIIIXZZIYIIIYIII']
clique 400 ['IIIIIIIIIIYIIIYIIIXZZI']
clique 401 ['IIIIIIIIXXZIIIYIIIYIII']
clique 402 ['IIIIIIIIXYZIIIYIIIYIII']
clique 403 ['IIIIIIIIXZZIIIYIIIYIII']
clique 404 ['IIIIIIIXZIZIIIYIIIYIII']
clique 405 ['IIIIIIIYZIZIIIYIIIYIII']
clique 406 ['IIIIIIIZZIZIIIYIIIYIII']
clique 407 ['IIIIIIIIIIYIIIYIXXZIII']
clique 408 ['IIIIIIIIIIYIIIYIXYZIII']
clique 409 ['IIIIIIIIIIYIIIYIXZZIII']
clique 410 ['IIXIYIYIIIIIIIXIYIZIII']
clique 411 ['IIIIIIIIIIYIIIYXZIZIII']
clique 412 ['IIIIIIIIIIYIIIYYZIZIII']
clique 413 ['IIIIIIIIIIYIIIYZZIZIII']
clique 414 ['IIXIYIYIIIXIYIZIIIIIII']
clique 415 ['IIXIYIYIYIZIIIZIIIIIII']
clique 416 ['IIIIIIIIIIYIIIYIIIXIYI']
clique 417 ['IIIIIIIIIIXIYIYIIIYIII']
clique 418 ['IIIIIIIIYIZIIIYIIIYIII']
clique 419 ['IIIIIIIIIIYIIIYIYIZIII']
clique 420 ['XYZIIIYIIIIIIIXIIIXIXX']
clique 421 ['XXZIIIYIIIIIIIXIIIXIXY']
clique 422 ['XXZIIIYIIIIIIIXIIIXIXX']
clique 423 ['XYZIIIYIIIIIIIXIIIXIXY']
clique 424 ['XZZIIIYIIIIIIIXIIIXIXY']
clique 425 ['XZZIIIYIIIIIIIXIIIXIXX']
clique 426 ['XYZIIIYIIIIIIIXIIIXIXZ']
clique 427 ['XXZIIIYIIIIIIIXIIIXIXZ']
clique 428 ['XZZIIIYIIIIIIIXIIIXIXZ']
clique 429 ['XYZIIIYIIIIIIIXIIIXXZI']
clique 430 ['XXZIIIYIIIIIIIXIIIXYZI']
clique 431 ['XXZIIIYIIIIIIIXIIIXXZI']
clique 432 ['XYZIIIYIIIIIIIXIIIXYZI']
clique 433 ['XZZIIIYIIIIIIIXIIIXYZI']
clique 434 ['XZZIIIYIIIIIIIXIIIXXZI']
clique 435 ['XYZIIIYIIIIIIIXIIIXZZI']
clique 436 ['XXZIIIYIIIIIIIXIIIXZZI']
clique 437 ['XZZIIIYIIIIIIIXIIIXZZI']
clique 438 ['XYZIIIYIIIIIIIXIXXZIII']
clique 439 ['XXZIIIYIIIIIIIXIXYZIII']
clique 440 ['XXZIIIYIIIIIIIXIXXZIII']
clique 441 ['XYZIIIYIIIIIIIXIXYZIII']
clique 442 ['XZZIIIYIIIIIIIXIXYZIII']
clique 443 ['XZZIIIYIIIIIIIXIXXZIII']
clique 444 ['XYZIIIYIIIIIIIXIXZZIII']
clique 445 ['XXZIIIYIIIIIIIXIXZZIII']
clique 446 ['XZZIIIYIIIIIIIXIXZZIII']
clique 447 ['XYZIIIYIIIIIIIXXZIZIII']
clique 448 ['XXZIIIYIIIIIIIXYZIZIII']
clique 449 ['XXZIIIYIIIIIIIXXZIZIII']
clique 450 ['XYZIIIYIIIIIIIXYZIZIII']
clique 451 ['XZZIIIYIIIIIIIXYZIZIII']
clique 452 ['XZZIIIYIIIIIIIXXZIZIII']
clique 453 ['XYZIIIYIIIIIIIXZZIZIII']
clique 454 ['XXZIIIYIIIIIIIXZZIZIII']
clique 455 ['XZZIIIYIIIIIIIXZZIZIII']
clique 456 ['XYZIIIYIIIXIXXZIIIIIII']
clique 457 ['XXZIIIYIIIXIXYZIIIIIII']
clique 458 ['XXZIIIYIIIXIXXZIIIIIII']
clique 459 ['XYZIIIYIIIXIXYZIIIIIII']
clique 460 ['XZZIIIYIIIXIXYZIIIIIII']
clique 461 ['XZZIIIYIIIXIXXZIIIIIII']
clique 462 ['XYZIIIYIIIXIXZZIIIIIII']
clique 463 ['XXZIIIYIIIXIXZZIIIIIII']
clique 464 ['XZZIIIYIIIXIXZZIIIIIII']
clique 465 ['XYZIIIYIIIXXZIZIIIIIII']
clique 466 ['XXZIIIYIIIXYZIZIIIIIII']
clique 467 ['XXZIIIYIIIXXZIZIIIIIII']
clique 468 ['XYZIIIYIIIXYZIZIIIIIII']
clique 469 ['XZZIIIYIIIXYZIZIIIIIII']
clique 470 ['XZZIIIYIIIXXZIZIIIIIII']
clique 471 ['XYZIIIYIIIXZZIZIIIIIII']
clique 472 ['XXZIIIYIIIXZZIZIIIIIII']
clique 473 ['XZZIIIYIIIXZZIZIIIIIII']
clique 474 ['XYZIIIYIXXZIIIZIIIIIII']
clique 475 ['XXZIIIYIXYZIIIZIIIIIII']
clique 476 ['XXZIIIYIXXZIIIZIIIIIII']
clique 477 ['XYZIIIYIXYZIIIZIIIIIII']
clique 478 ['XZZIIIYIXYZIIIZIIIIIII']
clique 479 ['XZZIIIYIXXZIIIZIIIIIII']
clique 480 ['XYZIIIYIXZZIIIZIIIIIII']
clique 481 ['XXZIIIYIXZZIIIZIIIIIII']
clique 482 ['XZZIIIYIXZZIIIZIIIIIII']
clique 483 ['XYZIIIYXZIZIIIZIIIIIII']
clique 484 ['XXZIIIYYZIZIIIZIIIIIII']
clique 485 ['XXZIIIYXZIZIIIZIIIIIII']
clique 486 ['XYZIIIYYZIZIIIZIIIIIII']
clique 487 ['XZZIIIYYZIZIIIZIIIIIII']
clique 488 ['XZZIIIYXZIZIIIZIIIIIII']
clique 489 ['XYZIIIYZZIZIIIZIIIIIII']
clique 490 ['XXZIIIYZZIZIIIZIIIIIII']
clique 491 ['XZZIIIYZZIZIIIZIIIIIII']
clique 492 ['YIZIIIYIIIIIIIXIIIXIXX']
clique 493 ['YIZIIIYIIIIIIIXIIIXIXY']
clique 494 ['XXZIIIYIIIIIIIXIIIXIYI']
clique 495 ['XYZIIIYIIIIIIIXIIIXIYI']
clique 496 ['XZZIIIYIIIIIIIXIIIXIYI']
clique 497 ['YIZIIIYIIIIIIIXIIIXIXZ']
clique 498 ['YIZIIIYIIIIIIIXIIIXXZI']
clique 499 ['YIZIIIYIIIIIIIXIIIXYZI']
clique 500 ['YIZIIIYIIIIIIIXIIIXZZI']
clique 501 ['YIZIIIYIIIIIIIXIXXZIII']
clique 502 ['YIZIIIYIIIIIIIXIXYZIII']
clique 503 ['XXZIIIYIIIIIIIXIYIZIII']
clique 504 ['XYZIIIYIIIIIIIXIYIZIII']
clique 505 ['XZZIIIYIIIIIIIXIYIZIII']
clique 506 ['YIZIIIYIIIIIIIXIXZZIII']
clique 507 ['YIZIIIYIIIIIIIXXZIZIII']
clique 508 ['YIZIIIYIIIIIIIXYZIZIII']
clique 509 ['YIZIIIYIIIIIIIXZZIZIII']
clique 510 ['YIZIIIYIIIXIXXZIIIIIII']
clique 511 ['YIZIIIYIIIXIXYZIIIIIII']
clique 512 ['XXZIIIYIIIXIYIZIIIIIII']
clique 513 ['XYZIIIYIIIXIYIZIIIIIII']
clique 514 ['XZZIIIYIIIXIYIZIIIIIII']
clique 515 ['YIZIIIYIIIXIXZZIIIIIII']
clique 516 ['YIZIIIYIIIXXZIZIIIIIII']
clique 517 ['YIZIIIYIIIXYZIZIIIIIII']
clique 518 ['YIZIIIYIIIXZZIZIIIIIII']
clique 519 ['YIZIIIYIXXZIIIZIIIIIII']
clique 520 ['YIZIIIYIXYZIIIZIIIIIII']
clique 521 ['XXZIIIYIYIZIIIZIIIIIII']
clique 522 ['XYZIIIYIYIZIIIZIIIIIII']
clique 523 ['XZZIIIYIYIZIIIZIIIIIII']
clique 524 ['YIZIIIYIXZZIIIZIIIIIII']
clique 525 ['YIZIIIYXZIZIIIZIIIIIII']
clique 526 ['YIZIIIYYZIZIIIZIIIIIII']
clique 527 ['YIZIIIYZZIZIIIZIIIIIII']
clique 528 ['IIYIIIYIIIIIIIXIIIXIXX']
clique 529 ['IIYIIIYIIIIIIIXIIIXIXY']
clique 530 ['IIYIIIYIIIIIIIXIIIXIXZ']
clique 531 ['YIZIIIYIIIIIIIXIIIXIYI']
clique 532 ['IIYIIIYIIIIIIIXIIIXXZI']
clique 533 ['IIYIIIYIIIIIIIXIIIXYZI']
clique 534 ['IIXIXXYIIIIIIIXIIIYIII']
clique 535 ['IIXIXYYIIIIIIIXIIIYIII']
clique 536 ['IIXIXZYIIIIIIIXIIIYIII']
clique 537 ['IIXXZIYIIIIIIIXIIIYIII']
clique 538 ['IIXYZIYIIIIIIIXIIIYIII']
clique 539 ['IIXZZIYIIIIIIIXIIIYIII']
clique 540 ['IIYIIIYIIIIIIIXIIIXZZI']
clique 541 ['IIYIIIYIIIIIIIXIXXZIII']
clique 542 ['IIYIIIYIIIIIIIXIXYZIII']
clique 543 ['IIYIIIYIIIIIIIXIXZZIII']
clique 544 ['YIZIIIYIIIIIIIXIYIZIII']
clique 545 ['IIYIIIYIIIIIIIXXZIZIII']
clique 546 ['IIYIIIYIIIIIIIXYZIZIII']
clique 547 ['IIYIIIYIIIIIIIXZZIZIII']
clique 548 ['IIYIIIYIIIXIXXZIIIIIII']
clique 549 ['IIYIIIYIIIXIXYZIIIIIII']
clique 550 ['IIYIIIYIIIXIXZZIIIIIII']
clique 551 ['YIZIIIYIIIXIYIZIIIIIII']
clique 552 ['IIYIIIYIIIXXZIZIIIIIII']
clique 553 ['IIYIIIYIIIXYZIZIIIIIII']
clique 554 ['IIXIXXYIIIYIIIZIIIIIII']
clique 555 ['IIXIXYYIIIYIIIZIIIIIII']
clique 556 ['IIXIXZYIIIYIIIZIIIIIII']
clique 557 ['IIXXZIYIIIYIIIZIIIIIII']
clique 558 ['IIXYZIYIIIYIIIZIIIIIII']
clique 559 ['IIXZZIYIIIYIIIZIIIIIII']
clique 560 ['IIYIIIYIIIXZZIZIIIIIII']
clique 561 ['IIYIIIYIXXZIIIZIIIIIII']
clique 562 ['IIYIIIYIXYZIIIZIIIIIII']
clique 563 ['IIYIIIYIXZZIIIZIIIIIII']
clique 564 ['YIZIIIYIYIZIIIZIIIIIII']
clique 565 ['IIYIIIYXZIZIIIZIIIIIII']
clique 566 ['IIYIIIYYZIZIIIZIIIIIII']
clique 567 ['IIYIIIYZZIZIIIZIIIIIII']
clique 568 ['IIYIIIYIIIIIIIXIIIXIYI']
clique 569 ['IIXIYIYIIIIIIIXIIIYIII']
clique 570 ['IIYIIIYIIIIIIIXIYIZIII']
clique 571 ['IIYIIIYIIIXIYIZIIIIIII']
clique 572 ['IIXIYIYIIIYIIIZIIIIIII']
clique 573 ['IIYIIIYIYIZIIIZIIIIIII']
clique 574 ['IIIIIIIIIIYIIIYIIIYIII']
clique 575 ['XXZIIIYIIIIIIIXIIIYIII']
clique 576 ['XYZIIIYIIIIIIIXIIIYIII']
clique 577 ['XZZIIIYIIIIIIIXIIIYIII']
clique 578 ['XXZIIIYIIIYIIIZIIIIIII']
clique 579 ['XYZIIIYIIIYIIIZIIIIIII']
clique 580 ['XZZIIIYIIIYIIIZIIIIIII']
clique 581 ['YIZIIIYIIIIIIIXIIIYIII']
clique 582 ['YIZIIIYIIIYIIIZIIIIIII']
clique 583 ['IIYIIIYIIIIIIIXIIIYIII']
clique 584 ['IIYIIIYIIIYIIIZIIIIIII']
clique 585 ['IIIIIIZIIIIIIIXIIIXIXX']
clique 586 ['IIIIIIZIIIIIIIXIIIXIXY']
clique 587 ['IIIIIIZIIIIIIIXIIIXIXZ']
clique 588 ['IIIIIIZIIIIIIIXIIIXXZI']
clique 589 ['IIIIIIZIIIIIIIXIIIXYZI']
clique 590 ['IIIIIIZIIIIIIIXIIIXZZI']
clique 591 ['IIIIIIZIIIIIIIXIXXZIII']
clique 592 ['IIIIIIZIIIIIIIXIXYZIII']
clique 593 ['IIIIIIZIIIIIIIXIXZZIII']
clique 594 ['IIIIIIZIIIIIIIXXZIZIII']
clique 595 ['IIIIIIZIIIIIIIXYZIZIII']
clique 596 ['IIIIIIZIIIIIIIXZZIZIII']
clique 597 ['IIIIIIZIIIXIXXZIIIIIII']
clique 598 ['IIIIIIZIIIXIXYZIIIIIII']
clique 599 ['IIIIIIZIIIXIXZZIIIIIII']
clique 600 ['IIIIIIZIIIXXZIZIIIIIII']
clique 601 ['IIIIIIZIIIXYZIZIIIIIII']
clique 602 ['IIIIIIZIIIXZZIZIIIIIII']
clique 603 ['IIIIIIZIXXZIIIZIIIIIII']
clique 604 ['IIIIIIZIXYZIIIZIIIIIII']
clique 605 ['IIIIIIZIXZZIIIZIIIIIII']
clique 606 ['IIIIIIZXZIZIIIZIIIIIII']
clique 607 ['IIIIIIZYZIZIIIZIIIIIII']
clique 608 ['IIIIIIZZZIZIIIZIIIIIII']
clique 609 ['IIIIIIZIIIIIIIXIIIXIYI']
clique 610 ['IIIIIIZIIIIIIIXIYIZIII']
clique 611 ['IIIIIIZIIIXIYIZIIIIIII']
clique 612 ['IIIIIIZIYIZIIIZIIIIIII']
clique 613 ['IIIIIIIIIIIIIIZIIIXIXX']
clique 614 ['IIIIIIIIIIIIIIZIIIXIXY']
clique 615 ['IIIIIIIIIIIIIIZIIIXIXZ']
clique 616 ['IIIIIIIIIIIIIIZIIIXXZI']
clique 617 ['IIIIIIIIIIIIIIZIIIXYZI']
clique 618 ['IIIIIIIIIIIIIIZIIIXZZI']
clique 619 ['IIIIIIIIIIIIIIZIXXZIII']
clique 620 ['IIIIIIIIIIIIIIZIXYZIII']
clique 621 ['IIIIIIIIIIIIIIZIXZZIII']
clique 622 ['IIIIIIIIIIIIIIZXZIZIII']
clique 623 ['IIIIIIIIIIIIIIZYZIZIII']
clique 624 ['IIIIIIIIIIIIIIZZZIZIII']
clique 625 ['IIIIIIIIIIXIXXXIIIIIII']
clique 626 ['IIIIIIIIIIXIXYXIIIIIII']
clique 627 ['IIIIIIIIIIXIXZXIIIIIII']
clique 628 ['IIIIIIIIIIXXZIXIIIIIII']
clique 629 ['IIIIIIIIIIXYZIXIIIIIII']
clique 630 ['IIIIIIIIIIXZZIXIIIIIII']
clique 631 ['IIIIIIIIXXZIIIXIIIIIII']
clique 632 ['IIIIIIIIXYZIIIXIIIIIII']
clique 633 ['IIIIIIIIXZZIIIXIIIIIII']
clique 634 ['IIIIIIIXZIZIIIXIIIIIII']
clique 635 ['IIIIIIIYZIZIIIXIIIIIII']
clique 636 ['IIIIIIIZZIZIIIXIIIIIII']
clique 637 ['IIIIIIIIIIIIIIZIIIXIYI']
clique 638 ['IIIIIIIIIIIIIIZIYIZIII']
clique 639 ['IIIIIIIIIIXIYIXIIIIIII']
clique 640 ['IIIIIIIIYIZIIIXIIIIIII']
clique 641 ['IIIIIIZIIIIIIIXIIIYIII']
clique 642 ['IIIIIIZIIIYIIIZIIIIIII']
clique 643 ['IIXIXXYIIIIIIIYIIIIIII']
clique 644 ['IIXIXYYIIIIIIIYIIIIIII']
clique 645 ['IIXIXZYIIIIIIIYIIIIIII']
clique 646 ['IIXXZIYIIIIIIIYIIIIIII']
clique 647 ['IIXYZIYIIIIIIIYIIIIIII']
clique 648 ['IIXZZIYIIIIIIIYIIIIIII']
clique 649 ['IIXIYIYIIIIIIIYIIIIIII']
clique 650 ['IIIIIIIIIIIIIIZIIIYIII']
clique 651 ['IIIIIIIIIIYIIIXIIIIIII']
clique 652 ['XXZIIIYIIIIIIIYIIIIIII']
clique 653 ['XYZIIIYIIIIIIIYIIIIIII']
clique 654 ['XZZIIIYIIIIIIIYIIIIIII']
clique 655 ['YIZIIIYIIIIIIIYIIIIIII']
clique 656 ['IIYIIIYIIIIIIIYIIIIIII']
clique 657 ['IIIIIIZIIIIIIIYIIIIIII']
