GS energy with  DMRG -5.575365620447474
N= 3.9999999999999996
E= -5.575365620447474
D= [[ 5.00000000e-01+0.j  1.97290459e-12+0.j  4.36579417e-01+0.j
  -1.63017129e-12+0.j  2.54631559e-12+0.j -1.10319719e-12+0.j
  -2.07712319e-01+0.j  2.19792143e-12+0.j]
 [ 1.97289855e-12+0.j  5.00000000e-01+0.j  1.31150010e-12+0.j
   4.36579417e-01+0.j -1.35680067e-13+0.j -2.15368695e-12+0.j
  -2.82867996e-12+0.j -2.07712319e-01+0.j]
 [ 4.36579417e-01+0.j  1.31149402e-12+0.j  5.00000000e-01+0.j
  -9.44314783e-13+0.j  2.19444409e-01+0.j -4.00681085e-13+0.j
  -2.58643714e-12+0.j  1.87493602e-12+0.j]
 [-1.63018026e-12+0.j  4.36579417e-01+0.j -9.44317884e-13+0.j
   5.00000000e-01+0.j  1.03832897e-12+0.j  2.19444409e-01+0.j
   1.00186263e-12+0.j  1.30318312e-12+0.j]
 [ 2.54635289e-12+0.j -1.35665555e-13+0.j  2.19444409e-01+0.j
   1.03834049e-12+0.j  5.00000000e-01+0.j -6.40875255e-13+0.j
   4.36579417e-01+0.j -2.40234271e-12+0.j]
 [-1.10319142e-12+0.j -2.15365226e-12+0.j -4.00673316e-13+0.j
   2.19444409e-01+0.j -6.40871922e-13+0.j  5.00000000e-01+0.j
   2.10557226e-12+0.j  4.36579417e-01+0.j]
 [-2.07712319e-01+0.j -2.82867011e-12+0.j -2.58648766e-12+0.j
   1.00186443e-12+0.j  4.36579417e-01+0.j  2.10557008e-12+0.j
   5.00000000e-01+0.j -3.87720051e-13+0.j]
 [ 2.19792287e-12+0.j -2.07712319e-01+0.j  1.87494334e-12+0.j
   1.30316189e-12+0.j -2.40232914e-12+0.j  4.36579417e-01+0.j
  -3.87715585e-13+0.j  5.00000000e-01+0.j]]
W= [0.19104713+0.j 0.20647655+0.j 0.20647655+0.j 0.19104713+0.j]
local approximation with  1 sites
local interactions on sites [[0], [1], [2], [3]]
Functional for interaction on sites [0]
aca-directory for images already exists
aca-directory for images already exists
aca-directory for images already exists
interacting orbitals: [0, 1]
mapping: [0, 1, 2, 3, 4, 5, 6, 7]
aca-directory for images already exists
aca-directory for images already exists
aca-directory for images already exists
orbinteractaca= [0, 1]
aca-directory for images already exists
aca-directory for images already exists
aca-directory for images already exists
aca-directory for images already exists
aca-directory for images already exists
aca-directory for images already exists
aca-directory for images already exists
aca-directory for images already exists
aca-directory for images already exists
aca-directory for images already exists
aca-directory for images already exists
aca-directory for images already exists
aca-directory for images already exists
aca-directory for images already exists
aca-directory for images already exists
aca-directory for images already exists
aca-directory for images already exists
aca-directory for images already exists
aca-directory for images already exists
aca-directory for images already exists
aca-directory for images already exists
aca: level 3  norb= 8
Daca= [[ 5.00000000e-01+0.j  1.97290459e-12+0.j -4.83472849e-01+0.j
  -2.38870886e-29+0.j -1.86298378e-28+0.j -1.72362384e-28+0.j
  -8.79579728e-18+0.j  3.51112677e-28+0.j]
 [ 1.97289855e-12+0.j  5.00000000e-01+0.j  1.67723326e-14+0.j
  -4.83472849e-01+0.j  5.27358211e-30+0.j  8.42661900e-29+0.j
  -4.86980762e-28+0.j  2.73904962e-17+0.j]
 [-4.83472849e-01+0.j  1.67820614e-14+0.j  5.00000000e-01+0.j
  -1.98479567e-12+0.j  1.05941599e-02+0.j -2.15991040e-30+0.j
  -3.54670346e-37+0.j -1.57772181e-30+0.j]
 [ 8.70942555e-18+0.j -4.83472849e-01+0.j -1.98479951e-12+0.j
   5.00000000e-01+0.j -1.05583166e-14+0.j  1.05941599e-02+0.j
   1.70288838e-36+0.j  0.00000000e+00+0.j]
 [ 3.72965547e-17+0.j  1.45124118e-17+0.j  1.05941599e-02+0.j
  -1.05420867e-14+0.j  5.00000000e-01+0.j  5.43357763e-12+0.j
   4.88513255e-01+0.j  0.00000000e+00+0.j]
 [ 5.76670826e-18+0.j  3.46944695e-17+0.j  6.07977187e-18+0.j
   1.05941599e-02+0.j  5.43358096e-12+0.j  5.00000000e-01+0.j
   2.14533491e-14+0.j -4.88513255e-01+0.j]
 [-8.39862432e-17+0.j  6.28409927e-18+0.j  4.92997356e-17+0.j
  -5.76099729e-18+0.j  4.88513255e-01+0.j  2.14480455e-14+0.j
   5.00000000e-01+0.j  5.42169205e-12+0.j]
 [-2.55101848e-18+0.j  5.51460718e-17+0.j -3.37064457e-18+0.j
  -1.18532486e-17+0.j -7.30974981e-18+0.j -4.88513255e-01+0.j
   5.42168684e-12+0.j  5.00000000e-01+0.j]]
rounding Naca1 to integer
rounding Naca2 to integer
Naca= (2, 2)
nq= 8
variational state:
      ┌──────────┐ ┌──────────┐┌───┐     ┌───────────┐┌───────────┐»
q0_0: ┤ Ry(y[0]) ├─┤ Rz(y[8]) ├┤ X ├──■──┤ Ry(y[16]) ├┤ Rz(y[24]) ├»
      ├──────────┤ ├──────────┤└─┬─┘┌─┴─┐└───────────┘├───────────┤»
q0_1: ┤ Ry(y[1]) ├─┤ Rz(y[9]) ├──┼──┤ X ├──────■──────┤ Ry(y[17]) ├»
      ├──────────┤┌┴──────────┤  │  └───┘    ┌─┴─┐    └───────────┘»
q0_2: ┤ Ry(y[2]) ├┤ Rz(y[10]) ├──┼───────────┤ X ├──────────■──────»
      ├──────────┤├───────────┤  │           └───┘        ┌─┴─┐    »
q0_3: ┤ Ry(y[3]) ├┤ Rz(y[11]) ├──┼────────────────────────┤ X ├────»
      ├──────────┤├───────────┤  │                        └───┘    »
q0_4: ┤ Ry(y[4]) ├┤ Rz(y[12]) ├──┼─────────────────────────────────»
      ├──────────┤├───────────┤  │                                 »
q0_5: ┤ Ry(y[5]) ├┤ Rz(y[13]) ├──┼─────────────────────────────────»
      ├──────────┤├───────────┤  │                                 »
q0_6: ┤ Ry(y[6]) ├┤ Rz(y[14]) ├──┼─────────────────────────────────»
      ├──────────┤├───────────┤  │                                 »
q0_7: ┤ Ry(y[7]) ├┤ Rz(y[15]) ├──■─────────────────────────────────»
      └──────────┘└───────────┘                                    »
c0: 8/═════════════════════════════════════════════════════════════»
                                                                   »
«                                                                       »
«q0_0: ─────────────────────────────────────────────────────────────────»
«      ┌───────────┐                                                    »
«q0_1: ┤ Rz(y[25]) ├────────────────────────────────────────────────────»
«      ├───────────┤┌───────────┐                                       »
«q0_2: ┤ Ry(y[18]) ├┤ Rz(y[26]) ├───────────────────────────────────────»
«      └───────────┘├───────────┤┌───────────┐                          »
«q0_3: ──────■──────┤ Ry(y[19]) ├┤ Rz(y[27]) ├──────────────────────────»
«          ┌─┴─┐    └───────────┘├───────────┤┌───────────┐             »
«q0_4: ────┤ X ├──────────■──────┤ Ry(y[20]) ├┤ Rz(y[28]) ├─────────────»
«          └───┘        ┌─┴─┐    └───────────┘├───────────┤┌───────────┐»
«q0_5: ─────────────────┤ X ├──────────■──────┤ Ry(y[21]) ├┤ Rz(y[29]) ├»
«                       └───┘        ┌─┴─┐    └───────────┘├───────────┤»
«q0_6: ──────────────────────────────┤ X ├──────────■──────┤ Ry(y[22]) ├»
«                                    └───┘        ┌─┴─┐    ├───────────┤»
«q0_7: ───────────────────────────────────────────┤ X ├────┤ Ry(y[23]) ├»
«                                                 └───┘    └───────────┘»
«c0: 8/═════════════════════════════════════════════════════════════════»
«                                                                       »
«                   ┌───┐     ┌───────────┐┌───────────┐             »
«q0_0: ─────────────┤ X ├──■──┤ Ry(y[32]) ├┤ Rz(y[40]) ├─────────────»
«                   └─┬─┘┌─┴─┐└───────────┘├───────────┤┌───────────┐»
«q0_1: ───────────────┼──┤ X ├──────■──────┤ Ry(y[33]) ├┤ Rz(y[41]) ├»
«                     │  └───┘    ┌─┴─┐    └───────────┘├───────────┤»
«q0_2: ───────────────┼───────────┤ X ├──────────■──────┤ Ry(y[34]) ├»
«                     │           └───┘        ┌─┴─┐    └───────────┘»
«q0_3: ───────────────┼────────────────────────┤ X ├──────────■──────»
«                     │                        └───┘        ┌─┴─┐    »
«q0_4: ───────────────┼─────────────────────────────────────┤ X ├────»
«                     │                                     └───┘    »
«q0_5: ───────────────┼──────────────────────────────────────────────»
«      ┌───────────┐  │                                              »
«q0_6: ┤ Rz(y[30]) ├──┼──────────────────────────────────────────────»
«      ├───────────┤  │                                              »
«q0_7: ┤ Rz(y[31]) ├──■──────────────────────────────────────────────»
«      └───────────┘                                                 »
«c0: 8/══════════════════════════════════════════════════════════════»
«                                                                    »
«                                                                       
«q0_0: ─────────────────────────────────────────────────────────────────
«                                                                       
«q0_1: ─────────────────────────────────────────────────────────────────
«      ┌───────────┐                                                    
«q0_2: ┤ Rz(y[42]) ├────────────────────────────────────────────────────
«      ├───────────┤┌───────────┐                                       
«q0_3: ┤ Ry(y[35]) ├┤ Rz(y[43]) ├───────────────────────────────────────
«      └───────────┘├───────────┤┌───────────┐                          
«q0_4: ──────■──────┤ Ry(y[36]) ├┤ Rz(y[44]) ├──────────────────────────
«          ┌─┴─┐    └───────────┘├───────────┤┌───────────┐             
«q0_5: ────┤ X ├──────────■──────┤ Ry(y[37]) ├┤ Rz(y[45]) ├─────────────
«          └───┘        ┌─┴─┐    └───────────┘├───────────┤┌───────────┐
«q0_6: ─────────────────┤ X ├──────────■──────┤ Ry(y[38]) ├┤ Rz(y[46]) ├
«                       └───┘        ┌─┴─┐    ├───────────┤├───────────┤
«q0_7: ──────────────────────────────┤ X ├────┤ Ry(y[39]) ├┤ Rz(y[47]) ├
«                                    └───┘    └───────────┘└───────────┘
«c0: 8/═════════════════════════════════════════════════════════════════
«                                                                       
ansatz-state is written to ansatz.txt
building constraints...
number of constraints= 64
unique pauliops 120
graphclique-cliquecover: 120 with commutationmode disjointqubits
strategy largest_first 78
strategy random_sequential 79
strategy smallest_last 78
strategy independent_set 79
strategy connected_sequential_bfs 78
strategy connected_sequential_dfs 78
strategy saturation_largest_first 78
number of cliques 78
clique 0 ['IZXXXXXX']
clique 1 ['IZXXXXXY']
clique 2 ['ZXXXXXXX']
clique 3 ['IYXXXXXY']
clique 4 ['IYXXXXXX']
clique 5 ['ZXXXXXXY']
clique 6 ['IZXXXXXZ']
clique 7 ['ZXXXXXXZ']
clique 8 ['IYXXXXXZ']
clique 9 ['IIZXXXXX', 'IXIIIIII']
clique 10 ['IIZXXXXY', 'ZYIIIIII']
clique 11 ['IIYXXXXY', 'ZZIIIIII']
clique 12 ['IIYXXXXX']
clique 13 ['IIZXXXXZ']
clique 14 ['IIIIIIIZ', 'IZXXXXYI']
clique 15 ['IIYXXXXZ']
clique 16 ['IIIIIIIX', 'IYXXXXYI']
clique 17 ['IIIIIIIY', 'ZXXXXXYI']
clique 18 ['IZXXXXZI']
clique 19 ['ZXXXXXZI']
clique 20 ['IYXXXXZI']
clique 21 ['IIZXXXYI']
clique 22 ['IIYXXXYI']
clique 23 ['IIZXXXZI']
clique 24 ['IIYXXXZI']
clique 25 ['IIIZXXXX', 'IZYIIIII']
clique 26 ['IIIZXXXY', 'IYYIIIII']
clique 27 ['IIIYXXXY', 'ZXYIIIII']
clique 28 ['IIIYXXXX', 'IZZIIIII']
clique 29 ['IIIZXXXZ', 'ZXZIIIII']
clique 30 ['IIIYXXXZ', 'IYZIIIII']
clique 31 ['IIIIIIZX', 'IZXXXYII']
clique 32 ['IIIIIIZY', 'IYXXXYII']
clique 33 ['IIIIIIYY', 'ZXXXXYII']
clique 34 ['IIIIIIYX', 'IZXXXZII']
clique 35 ['IIIIIIZZ', 'ZXXXXZII']
clique 36 ['IIIIIIYZ', 'IYXXXZII']
clique 37 ['IIIZXXYI', 'IIXIIIII']
clique 38 ['IIIYXXYI']
clique 39 ['IIIZXXZI']
clique 40 ['IIIIIIXI', 'IIZXXYII']
clique 41 ['IIIYXXZI']
clique 42 ['IIYXXYII']
clique 43 ['IIZXXZII']
clique 44 ['IIYXXZII']
clique 45 ['IIIZXYII']
clique 46 ['IIIYXYII']
clique 47 ['IIIZXZII']
clique 48 ['IIIYXZII']
clique 49 ['IIIIZXXX', 'IZXYIIII']
clique 50 ['IIIIZXXY', 'IYXYIIII']
clique 51 ['IIIIYXXY', 'ZXXYIIII']
clique 52 ['IIIIYXXX', 'IZXZIIII']
clique 53 ['IIIIZXXZ', 'ZXXZIIII']
clique 54 ['IIIIYXXZ', 'IYXZIIII']
clique 55 ['IIIIIZXX', 'IZXXYIII']
clique 56 ['IIIIIZXY', 'IYXXYIII']
clique 57 ['IIIIIYXY', 'ZXXXYIII']
clique 58 ['IIIIIYXX', 'IZXXZIII']
clique 59 ['IIIIIZXZ', 'ZXXXZIII']
clique 60 ['IIIIIYXZ', 'IYXXZIII']
clique 61 ['IIIIZXYI', 'IIZYIIII']
clique 62 ['IIIIYXYI', 'IIYYIIII']
clique 63 ['IIIIZXZI', 'IIZZIIII']
clique 64 ['IIIIYXZI', 'IIYZIIII']
clique 65 ['IIIIIZYI', 'IIZXYIII']
clique 66 ['IIIIIYYI', 'IIYXYIII']
clique 67 ['IIIIIZZI', 'IIZXZIII']
clique 68 ['IIIIIYZI', 'IIYXZIII']
clique 69 ['IIIIZYII', 'IIIXIIII']
clique 70 ['IIIIYYII']
clique 71 ['IIIIZZII']
clique 72 ['IIIIIXII', 'IIIZYIII']
clique 73 ['IIIIYZII']
clique 74 ['IIIYYIII']
clique 75 ['IIIZZIII']
clique 76 ['IIIYZIII']
clique 77 ['IIIIXIII']
