GS energy with  DMRG -3.763542847409982
N= 3.0
E= -3.763542847409982
D= [[ 7.70843389e-01+0.j -1.84211493e-02+0.j  3.45886277e-01+0.j
  -6.51616348e-12+0.j -2.20253345e-01+0.j  1.49803168e-02+0.j]
 [-1.84211493e-02+0.j  2.29156611e-01+0.j  5.45904901e-12+0.j
   3.45886277e-01+0.j  1.49803168e-02+0.j  2.20253345e-01+0.j]
 [ 3.45886277e-01+0.j  5.45903600e-12+0.j  4.57160742e-01+0.j
   2.91367040e-03+0.j  3.45886277e-01+0.j -3.29779780e-12+0.j]
 [-6.51615567e-12+0.j  3.45886277e-01+0.j  2.91367040e-03+0.j
   5.42839258e-01+0.j  4.39150626e-12+0.j  3.45886277e-01+0.j]
 [-2.20253345e-01+0.j  1.49803168e-02+0.j  3.45886277e-01+0.j
   4.39150799e-12+0.j  7.70843389e-01+0.j -1.84211493e-02+0.j]
 [ 1.49803168e-02+0.j  2.20253345e-01+0.j -3.29778826e-12+0.j
   3.45886277e-01+0.j -1.84211493e-02+0.j  2.29156611e-01+0.j]]
W= [0.14578878+0.j 0.21196981+0.j 0.14578878+0.j]
local approximation with  1 sites
local interactions on sites [[0], [1], [2]]
Functional for interaction on sites [0]
aca-directory for images already exists
aca-directory for images already exists
aca-directory for images already exists
interacting orbitals: [0, 1]
mapping: [0, 1, 2, 3, 4, 5]
aca-directory for images already exists
aca-directory for images already exists
aca-directory for images already exists
orbinteractaca= [0, 1]
aca-directory for images already exists
aca-directory for images already exists
aca-directory for images already exists
aca-directory for images already exists
aca-directory for images already exists
aca-directory for images already exists
aca-directory for images already exists
aca-directory for images already exists
aca-directory for images already exists
aca-directory for images already exists
aca-directory for images already exists
aca-directory for images already exists
aca-directory for images already exists
aca-directory for images already exists
aca-directory for images already exists
aca: level 2  norb= 6
Daca= [[ 7.70843389e-01+0.j -1.84211493e-02+0.j -4.10333112e-01+0.j
   2.30434175e-18+0.j  2.31896796e-17+0.j -3.87566554e-19+0.j]
 [-1.84211493e-02+0.j  2.29156611e-01+0.j  4.48307276e-13+0.j
  -4.10333112e-01+0.j -1.25644101e-18+0.j -4.62583609e-18+0.j]
 [-4.10333112e-01+0.j  4.48299324e-13+0.j  2.34955522e-01+0.j
   1.80267420e-02+0.j  3.06522849e-03+0.j  0.00000000e+00+0.j]
 [-3.70340953e-18+0.j -4.10333112e-01+0.j  1.80267420e-02+0.j
   7.65044478e-01+0.j  7.60585327e-14+0.j -3.06522849e-03+0.j]
 [-4.56589601e-18+0.j -3.42437065e-17+0.j  3.06522849e-03+0.j
   7.60741715e-14+0.j  9.93048609e-01+0.j  3.35342209e-02+0.j]
 [-3.58455819e-18+0.j  4.65260301e-17+0.j -1.77401735e-17+0.j
  -3.06522849e-03+0.j  3.35342209e-02+0.j  6.95139076e-03+0.j]]
Naca= (1.9988475199786542, 1.0011524800213458)
nq= 6
variational state:
      ┌──────────┐ ┌──────────┐┌───┐     ┌───────────┐┌───────────┐»
q0_0: ┤ Ry(y[0]) ├─┤ Rz(y[6]) ├┤ X ├──■──┤ Ry(y[12]) ├┤ Rz(y[18]) ├»
      ├──────────┤ ├──────────┤└─┬─┘┌─┴─┐└───────────┘├───────────┤»
q0_1: ┤ Ry(y[1]) ├─┤ Rz(y[7]) ├──┼──┤ X ├──────■──────┤ Ry(y[13]) ├»
      ├──────────┤ ├──────────┤  │  └───┘    ┌─┴─┐    └───────────┘»
q0_2: ┤ Ry(y[2]) ├─┤ Rz(y[8]) ├──┼───────────┤ X ├──────────■──────»
      ├──────────┤ ├──────────┤  │           └───┘        ┌─┴─┐    »
q0_3: ┤ Ry(y[3]) ├─┤ Rz(y[9]) ├──┼────────────────────────┤ X ├────»
      ├──────────┤┌┴──────────┤  │                        └───┘    »
q0_4: ┤ Ry(y[4]) ├┤ Rz(y[10]) ├──┼─────────────────────────────────»
      ├──────────┤├───────────┤  │                                 »
q0_5: ┤ Ry(y[5]) ├┤ Rz(y[11]) ├──■─────────────────────────────────»
      └──────────┘└───────────┘                                    »
c0: 6/═════════════════════════════════════════════════════════════»
                                                                   »
«                                                          ┌───┐     »
«q0_0: ────────────────────────────────────────────────────┤ X ├──■──»
«      ┌───────────┐                                       └─┬─┘┌─┴─┐»
«q0_1: ┤ Rz(y[19]) ├─────────────────────────────────────────┼──┤ X ├»
«      ├───────────┤┌───────────┐                            │  └───┘»
«q0_2: ┤ Ry(y[14]) ├┤ Rz(y[20]) ├────────────────────────────┼───────»
«      └───────────┘├───────────┤┌───────────┐               │       »
«q0_3: ──────■──────┤ Ry(y[15]) ├┤ Rz(y[21]) ├───────────────┼───────»
«          ┌─┴─┐    └───────────┘├───────────┤┌───────────┐  │       »
«q0_4: ────┤ X ├──────────■──────┤ Ry(y[16]) ├┤ Rz(y[22]) ├──┼───────»
«          └───┘        ┌─┴─┐    ├───────────┤├───────────┤  │       »
«q0_5: ─────────────────┤ X ├────┤ Ry(y[17]) ├┤ Rz(y[23]) ├──■───────»
«                       └───┘    └───────────┘└───────────┘          »
«c0: 6/══════════════════════════════════════════════════════════════»
«                                                                    »
«      ┌───────────┐┌───────────┐                                       »
«q0_0: ┤ Ry(y[24]) ├┤ Rz(y[30]) ├───────────────────────────────────────»
«      └───────────┘├───────────┤┌───────────┐                          »
«q0_1: ──────■──────┤ Ry(y[25]) ├┤ Rz(y[31]) ├──────────────────────────»
«          ┌─┴─┐    └───────────┘├───────────┤┌───────────┐             »
«q0_2: ────┤ X ├──────────■──────┤ Ry(y[26]) ├┤ Rz(y[32]) ├─────────────»
«          └───┘        ┌─┴─┐    └───────────┘├───────────┤┌───────────┐»
«q0_3: ─────────────────┤ X ├──────────■──────┤ Ry(y[27]) ├┤ Rz(y[33]) ├»
«                       └───┘        ┌─┴─┐    └───────────┘├───────────┤»
«q0_4: ──────────────────────────────┤ X ├──────────■──────┤ Ry(y[28]) ├»
«                                    └───┘        ┌─┴─┐    ├───────────┤»
«q0_5: ───────────────────────────────────────────┤ X ├────┤ Ry(y[29]) ├»
«                                                 └───┘    └───────────┘»
«c0: 6/═════════════════════════════════════════════════════════════════»
«                                                                       »
«                   
«q0_0: ─────────────
«                   
«q0_1: ─────────────
«                   
«q0_2: ─────────────
«                   
«q0_3: ─────────────
«      ┌───────────┐
«q0_4: ┤ Rz(y[34]) ├
«      ├───────────┤
«q0_5: ┤ Rz(y[35]) ├
«      └───────────┘
«c0: 6/═════════════
«                   
ansatz-state is written to ansatz.txt
building constraints...
number of constraints= 36
unique pauliops 66
graphclique-cliquecover: 66 with commutationmode commute
strategy largest_first 15
strategy random_sequential 12
strategy smallest_last 15
strategy independent_set 11
strategy connected_sequential_bfs 15
strategy connected_sequential_dfs 14
strategy saturation_largest_first 11
number of cliques 11
clique 0 ['IIIIIZ', 'IIIIZZ', 'IIIZII', 'IIZZZI', 'IZIIII', 'ZZIIII']
clique 1 ['IIIIIX', 'IIIIZX', 'IIIXII', 'IIZXZI', 'IXIIII', 'ZXIIII']
clique 2 ['IIIIIY', 'IIIIZY', 'IIIYII', 'IIZYZI', 'IYIIII', 'ZYIIII']
clique 3 ['IIIYYX', 'XXYIXY', 'IIIZXI', 'YIYIXZ', 'XYYXZI', 'XZXIII']
clique 4 ['IIIXYY', 'YIYIXX', 'IIIYYZ', 'XYYIYI', 'XXXIII', 'XZYZZI']
clique 5 ['IIIXYX', 'IIIZYY', 'XXYIYI', 'XZYIXZ', 'XYYYZI', 'YIXIII']
clique 6 ['IIIYYY', 'IIZIXX', 'XYYIXZ', 'XZYIYI', 'YIYXZI', 'XXYZZI']
clique 7 ['IIIZYX', 'XYYIXY', 'IIZIXZ', 'YIYIYI', 'XXYYZI', 'XZYXZI']
clique 8 ['IIZIXY', 'XYYIXX', 'IIIXXI', 'XXYIXZ', 'XZYYZI', 'YIYZZI']
clique 9 ['XZYIXX', 'YIYIXY', 'IIIYXI', 'IIIZYZ', 'XXYXZI', 'XYXIII']
clique 10 ['XXYIXX', 'XZYIXY', 'IIIXYZ', 'IIZIYI', 'YIYYZI', 'XYYZZI']
