GS energy with  DMRG -0.5
N= 1.0
E= -0.5
D= [[0.00836891+0.j 0.09109814+0.j]
 [0.09109814+0.j 0.99163109+0.j]]
W= [1.19181319e-33+0.j]
local approximation with  1 sites
local interactions on sites [[0]]
Functional for interaction on sites [0]
interacting orbitals: [0, 1]
mapping: [0, 1]
orbinteractaca= [0, 1]
aca: level 0  norb= 2
Daca= [[0.00836891+0.j 0.09109814+0.j]
 [0.09109814+0.j 0.99163109+0.j]]
Naca= (0.008368910137210181, 0.9916310898627898)
nq= 2
interact= NN * (1+0j)
variational state:
      ┌──────────┐┌──────────┐            ┌──────────┐┌──────────┐            »
q0_0: ┤ Ry(y[0]) ├┤ Rz(y[2]) ├─────■──────┤ Ry(y[5]) ├┤ Rz(y[7]) ├─────■──────»
      ├──────────┤├──────────┤┌────┴─────┐├──────────┤├──────────┤┌────┴─────┐»
q0_1: ┤ Ry(y[1]) ├┤ Rz(y[3]) ├┤ Rx(y[4]) ├┤ Ry(y[6]) ├┤ Rz(y[8]) ├┤ Rx(y[9]) ├»
      └──────────┘└──────────┘└──────────┘└──────────┘└──────────┘└──────────┘»
c0: 2/════════════════════════════════════════════════════════════════════════»
                                                                              »
«      ┌───────────┐┌───────────┐             ┌───────────┐┌───────────┐
«q0_0: ┤ Ry(y[10]) ├┤ Rz(y[12]) ├──────■──────┤ Ry(y[15]) ├┤ Rz(y[17]) ├
«      ├───────────┤├───────────┤┌─────┴─────┐├───────────┤├───────────┤
«q0_1: ┤ Ry(y[11]) ├┤ Rz(y[13]) ├┤ Rx(y[14]) ├┤ Ry(y[16]) ├┤ Rz(y[18]) ├
«      └───────────┘└───────────┘└───────────┘└───────────┘└───────────┘
«c0: 2/═════════════════════════════════════════════════════════════════
«                                                                       
building constraints...
number of constraints= 4
plain pauliops= 6
['IZ', 'IX', 'ZX', 'IY', 'ZY', 'ZZ']
unique pauliops= 6
commutation mode= commute
graphclique-cliquecover: 6 with commutationmode commute
strategy largest_first 3
strategy random_sequential 3
strategy smallest_last 3
strategy independent_set 3
strategy connected_sequential_bfs 3
strategy connected_sequential_dfs 3
strategy saturation_largest_first 3
clique 0 ['IZ', 'ZZ']
clique 1 ['IX', 'ZX']
clique 2 ['IY', 'ZY']
groups with own implementation commute 3
