GS energy with  DMRG -16.20331723393658
N= 11.000000000028425
E= -16.20331723393658
D= [[ 6.03525554e-01+0.j  1.14384461e-02+0.j  4.08500876e-01+0.j
  -2.08661812e-08+0.j -8.32964427e-02+0.j -9.20336582e-03+0.j
  -1.47178163e-01+0.j  2.62445177e-08+0.j  7.61371444e-02+0.j
   8.41235625e-03+0.j  7.99660408e-02+0.j  1.59495078e-07+0.j
  -7.16375854e-02+0.j -7.91601371e-03+0.j -4.46158584e-02+0.j
   3.99750713e-07+0.j  6.81528301e-02+0.j  7.53131285e-03+0.j
   2.01734602e-02+0.j -4.24123802e-06+0.j -6.47716183e-02+0.j
  -7.15303711e-03+0.j]
 [ 1.14384461e-02+0.j  3.96474407e-01+0.j -2.08293400e-08+0.j
   4.08500910e-01+0.j -9.20335899e-03+0.j  8.32964842e-02+0.j
   3.53606742e-08+0.j -1.47178195e-01+0.j  8.41235149e-03+0.j
  -7.61371536e-02+0.j -3.11350203e-08+0.j  7.99663125e-02+0.j
  -7.91522163e-03+0.j  7.16387601e-02+0.j -1.66426327e-08+0.j
  -4.46172860e-02+0.j  7.53035855e-03+0.j -6.81523900e-02+0.j
  -3.99000534e-08+0.j  2.01692898e-02+0.j -7.15626044e-03+0.j
   6.47715583e-02+0.j]
 [ 4.08500876e-01+0.j -2.08293400e-08+0.j  4.80165186e-01+0.j
  -2.19154616e-03+0.j  2.57213410e-01+0.j  7.51260171e-09+0.j
   6.45043203e-03+0.j  7.12711467e-04+0.j -6.58087644e-02+0.j
  -3.50377015e-09+0.j -3.32871391e-03+0.j -3.67496566e-04+0.j
   3.49479526e-02+0.j -6.02048430e-07+0.j  1.77364276e-03+0.j
   1.96737491e-04+0.j -2.44254474e-02+0.j  2.22459072e-06+0.j
  -7.93561101e-04+0.j -9.14424317e-05+0.j  2.01694132e-02+0.j
   4.27411441e-06+0.j]
 [-2.08661812e-08+0.j  4.08500910e-01+0.j -2.19154616e-03+0.j
   5.19834795e-01+0.j  1.08078086e-08+0.j  2.57213405e-01+0.j
   7.12713770e-04+0.j -6.45040339e-03+0.j -7.09805938e-09+0.j
  -6.58088017e-02+0.j -3.67789947e-04+0.j  3.32838570e-03+0.j
   3.15090127e-08+0.j  3.49478485e-02+0.j  1.95997437e-04+0.j
  -1.77437983e-03+0.j -2.36843230e-07+0.j -2.44211091e-02+0.j
  -8.77129648e-05+0.j  7.93651443e-04+0.j  3.45477891e-08+0.j
   2.01736366e-02+0.j]
 [-8.32964427e-02+0.j -9.20335899e-03+0.j  2.57213410e-01+0.j
   1.08078086e-08+0.j  6.00914714e-01+0.j  1.11499922e-02+0.j
   3.43747290e-01+0.j -2.11240296e-08+0.j -8.23637896e-02+0.j
  -9.10034443e-03+0.j -1.13490989e-01+0.j  2.06962699e-07+0.j
   7.59989003e-02+0.j  8.39661231e-03+0.j  5.63040101e-02+0.j
  -2.32259740e-07+0.j -7.18141898e-02+0.j -7.93407032e-03+0.j
  -2.44211952e-02+0.j -2.27037396e-06+0.j  6.81526501e-02+0.j
   7.53138328e-03+0.j]
 [-9.20336582e-03+0.j  8.32964842e-02+0.j  7.51260172e-09+0.j
   2.57213405e-01+0.j  1.11499922e-02+0.j  3.99085262e-01+0.j
  -2.60739151e-08+0.j  3.43747252e-01+0.j -9.10032974e-03+0.j
   8.23638389e-02+0.j  1.60441386e-08+0.j -1.13490606e-01+0.j
   8.39705242e-03+0.j -7.59985666e-02+0.j  5.85295402e-08+0.j
   5.63027942e-02+0.j -7.93467261e-03+0.j  7.18140753e-02+0.j
   2.46332553e-07+0.j -2.44256538e-02+0.j  7.53043386e-03+0.j
  -6.81532702e-02+0.j]
 [-1.47178163e-01+0.j  3.53606742e-08+0.j  6.45043203e-03+0.j
   7.12713770e-04+0.j  3.43747290e-01+0.j -2.60739151e-08+0.j
   4.75823768e-01+0.j -2.67124031e-03+0.j  2.94084508e-01+0.j
  -3.44494782e-09+0.j  8.56741702e-03+0.j  9.46715897e-04+0.j
  -9.15826959e-02+0.j  2.59441248e-08+0.j -4.22429904e-03+0.j
  -4.66785536e-04+0.j  5.63028862e-02+0.j  2.62581880e-07+0.j
   1.77421533e-03+0.j  1.96696385e-04+0.j -4.46174916e-02+0.j
  -3.82250758e-07+0.j]
 [ 2.62445177e-08+0.j -1.47178195e-01+0.j  7.12711467e-04+0.j
  -6.45040339e-03+0.j -2.11240296e-08+0.j  3.43747252e-01+0.j
  -2.67124031e-03+0.j  5.24176214e-01+0.j -2.58531031e-09+0.j
   2.94084421e-01+0.j  9.46614160e-04+0.j -8.56741430e-03+0.j
  -7.90896341e-09+0.j -9.15825911e-02+0.j -4.66698620e-04+0.j
   4.22434650e-03+0.j -8.14444123e-08+0.j  5.63041618e-02+0.j
   1.95951193e-04+0.j -1.77331387e-03+0.j  2.05966824e-08+0.j
  -4.46159383e-02+0.j]
 [ 7.61371444e-02+0.j  8.41235149e-03+0.j -6.58087644e-02+0.j
  -7.09805938e-09+0.j -8.23637896e-02+0.j -9.10032974e-03+0.j
   2.94084508e-01+0.j -2.58531036e-09+0.j  6.00741576e-01+0.j
   1.11308754e-02+0.j  3.17328394e-01+0.j -1.59522269e-08+0.j
  -8.22317772e-02+0.j -9.08567301e-03+0.j -9.15826048e-02+0.j
  -5.04666084e-08+0.j  7.59985792e-02+0.j  8.39662201e-03+0.j
   3.49481681e-02+0.j  5.92861579e-07+0.j -7.16387659e-02+0.j
  -7.91602879e-03+0.j]
 [ 8.41235625e-03+0.j -7.61371536e-02+0.j -3.50377015e-09+0.j
  -6.58088017e-02+0.j -9.10034443e-03+0.j  8.23638389e-02+0.j
  -3.44494785e-09+0.j  2.94084421e-01+0.j  1.11308754e-02+0.j
   3.99258420e-01+0.j -1.66191609e-08+0.j  3.17328363e-01+0.j
  -9.08575735e-03+0.j  8.22317747e-02+0.j  1.97487331e-08+0.j
  -9.15828113e-02+0.j  8.39706904e-03+0.j -7.59989609e-02+0.j
  -2.71048657e-08+0.j  3.49480710e-02+0.j -7.91520902e-03+0.j
   7.16375152e-02+0.j]
 [ 7.99660408e-02+0.j -3.11350203e-08+0.j -3.32871391e-03+0.j
  -3.67789947e-04+0.j -1.13490989e-01+0.j  1.60441387e-08+0.j
   8.56741702e-03+0.j  9.46614160e-04+0.j  3.17328394e-01+0.j
  -1.66191610e-08+0.j  4.74634013e-01+0.j -2.80270804e-03+0.j
   3.17328377e-01+0.j  3.35780024e-08+0.j  8.56743096e-03+0.j
   9.46717174e-04+0.j -1.13490778e-01+0.j -2.29586319e-07+0.j
  -3.32827225e-03+0.j -3.67443686e-04+0.j  7.99660979e-02+0.j
  -1.79369477e-07+0.j]
 [ 1.59495078e-07+0.j  7.99663125e-02+0.j -3.67496566e-04+0.j
   3.32838570e-03+0.j  2.06962699e-07+0.j -1.13490606e-01+0.j
   9.46715897e-04+0.j -8.56741430e-03+0.j -1.59522269e-08+0.j
   3.17328363e-01+0.j -2.80270804e-03+0.j  5.25365980e-01+0.j
   2.63299805e-09+0.j  3.17328415e-01+0.j  9.46619953e-04+0.j
  -8.56743520e-03+0.j -1.69859783e-09+0.j -1.13491101e-01+0.j
  -3.67783504e-04+0.j  3.32864264e-03+0.j  1.82436798e-08+0.j
   7.99659156e-02+0.j]
 [-7.16375854e-02+0.j -7.91522163e-03+0.j  3.49479526e-02+0.j
   3.15090127e-08+0.j  7.59989003e-02+0.j  8.39705242e-03+0.j
  -9.15826959e-02+0.j -7.90896338e-09+0.j -8.22317772e-02+0.j
  -9.08575735e-03+0.j  3.17328377e-01+0.j  2.63299805e-09+0.j
   6.00741573e-01+0.j  1.11308854e-02+0.j  2.94084462e-01+0.j
   1.26411796e-08+0.j -8.23638718e-02+0.j -9.10037177e-03+0.j
  -6.58087775e-02+0.j  2.11368827e-08+0.j  7.61370528e-02+0.j
   8.41233389e-03+0.j]
 [-7.91601371e-03+0.j  7.16387601e-02+0.j -6.02048430e-07+0.j
   3.49478485e-02+0.j  8.39661231e-03+0.j -7.59985666e-02+0.j
   2.59441248e-08+0.j -9.15825911e-02+0.j -9.08567301e-03+0.j
   8.22317747e-02+0.j  3.35780024e-08+0.j  3.17328415e-01+0.j
   1.11308854e-02+0.j  3.99258441e-01+0.j -1.06772681e-08+0.j
   2.94084547e-01+0.j -9.10035113e-03+0.j  8.23638125e-02+0.j
   7.14669304e-09+0.j -6.58087596e-02+0.j  8.41235389e-03+0.j
  -7.61370791e-02+0.j]
 [-4.46158584e-02+0.j -1.66426327e-08+0.j  1.77364276e-03+0.j
   1.95997437e-04+0.j  5.63040101e-02+0.j  5.85295402e-08+0.j
  -4.22429904e-03+0.j -4.66698620e-04+0.j -9.15826048e-02+0.j
   1.97487331e-08+0.j  8.56743096e-03+0.j  9.46619953e-04+0.j
   2.94084462e-01+0.j -1.06772681e-08+0.j  4.75823772e-01+0.j
  -2.67125018e-03+0.j  3.43747264e-01+0.j  3.57644291e-08+0.j
   6.45041036e-03+0.j  7.12719720e-04+0.j -1.47178137e-01+0.j
  -4.57491143e-08+0.j]
 [ 3.99750713e-07+0.j -4.46172860e-02+0.j  1.96737491e-04+0.j
  -1.77437983e-03+0.j -2.32259740e-07+0.j  5.63027942e-02+0.j
  -4.66785536e-04+0.j  4.22434650e-03+0.j -5.04666084e-08+0.j
  -9.15828113e-02+0.j  9.46717174e-04+0.j -8.56743520e-03+0.j
   1.26411796e-08+0.j  2.94084547e-01+0.j -2.67125018e-03+0.j
   5.24176239e-01+0.j  1.35730211e-08+0.j  3.43747287e-01+0.j
   7.12717659e-04+0.j -6.45041727e-03+0.j -1.76916230e-08+0.j
  -1.47178122e-01+0.j]
 [ 6.81528301e-02+0.j  7.53035855e-03+0.j -2.44254474e-02+0.j
  -2.36843230e-07+0.j -7.18141898e-02+0.j -7.93467261e-03+0.j
   5.63028862e-02+0.j -8.14444123e-08+0.j  7.59985792e-02+0.j
   8.39706904e-03+0.j -1.13490778e-01+0.j -1.69859783e-09+0.j
  -8.23638718e-02+0.j -9.10035113e-03+0.j  3.43747264e-01+0.j
   1.35730211e-08+0.j  6.00914751e-01+0.j  1.11500262e-02+0.j
   2.57213379e-01+0.j -7.30400600e-09+0.j -8.32964777e-02+0.j
  -9.20339131e-03+0.j]
 [ 7.53131285e-03+0.j -6.81523900e-02+0.j  2.22459072e-06+0.j
  -2.44211091e-02+0.j -7.93407032e-03+0.j  7.18140753e-02+0.j
   2.62581880e-07+0.j  5.63041618e-02+0.j  8.39662201e-03+0.j
  -7.59989609e-02+0.j -2.29586319e-07+0.j -1.13491101e-01+0.j
  -9.10037177e-03+0.j  8.23638125e-02+0.j  3.57644291e-08+0.j
   3.43747287e-01+0.j  1.11500262e-02+0.j  3.99085273e-01+0.j
  -1.57664171e-08+0.j  2.57213403e-01+0.j -9.20338296e-03+0.j
   8.32964355e-02+0.j]
 [ 2.01734602e-02+0.j -3.99000534e-08+0.j -7.93561101e-04+0.j
  -8.77129648e-05+0.j -2.44211952e-02+0.j  2.46332553e-07+0.j
   1.77421533e-03+0.j  1.95951193e-04+0.j  3.49481681e-02+0.j
  -2.71048657e-08+0.j -3.32827225e-03+0.j -3.67783504e-04+0.j
  -6.58087775e-02+0.j  7.14669304e-09+0.j  6.45041036e-03+0.j
   7.12717659e-04+0.j  2.57213379e-01+0.j -1.57664170e-08+0.j
   4.80165216e-01+0.j -2.19155238e-03+0.j  4.08500908e-01+0.j
   3.23678879e-08+0.j]
 [-4.24123802e-06+0.j  2.01692898e-02+0.j -9.14424317e-05+0.j
   7.93651443e-04+0.j -2.27037396e-06+0.j -2.44256538e-02+0.j
   1.96696385e-04+0.j -1.77331387e-03+0.j  5.92861579e-07+0.j
   3.49480710e-02+0.j -3.67443686e-04+0.j  3.32864264e-03+0.j
   2.11368827e-08+0.j -6.58087596e-02+0.j  7.12719720e-04+0.j
  -6.45041727e-03+0.j -7.30400600e-09+0.j  2.57213403e-01+0.j
  -2.19155238e-03+0.j  5.19834781e-01+0.j  1.13106400e-08+0.j
   4.08500864e-01+0.j]
 [-6.47716183e-02+0.j -7.15626044e-03+0.j  2.01694132e-02+0.j
   3.45477891e-08+0.j  6.81526501e-02+0.j  7.53043386e-03+0.j
  -4.46174916e-02+0.j  2.05966824e-08+0.j -7.16387659e-02+0.j
  -7.91520902e-03+0.j  7.99660979e-02+0.j  1.82436798e-08+0.j
   7.61370528e-02+0.j  8.41235389e-03+0.j -1.47178137e-01+0.j
  -1.76916231e-08+0.j -8.32964777e-02+0.j -9.20338296e-03+0.j
   4.08500908e-01+0.j  1.13106401e-08+0.j  6.03525578e-01+0.j
   1.14384776e-02+0.j]
 [-7.15303711e-03+0.j  6.47715583e-02+0.j  4.27411441e-06+0.j
   2.01736366e-02+0.j  7.53138328e-03+0.j -6.81532702e-02+0.j
  -3.82250758e-07+0.j -4.46159383e-02+0.j -7.91602879e-03+0.j
   7.16375152e-02+0.j -1.79369477e-07+0.j  7.99659156e-02+0.j
   8.41233389e-03+0.j -7.61370791e-02+0.j -4.57491143e-08+0.j
  -1.47178122e-01+0.j -9.20339131e-03+0.j  8.32964355e-02+0.j
   3.23678879e-08+0.j  4.08500864e-01+0.j  1.14384776e-02+0.j
   3.96474488e-01+0.j]]
W= [0.18657239+0.j 0.21094085+0.j 0.20553647+0.j 0.21388703+0.j
 0.20770577+0.j 0.21439313+0.j 0.20770577+0.j 0.21388703+0.j
 0.20553649+0.j 0.21094086+0.j 0.18657245+0.j]
local approximation with  1 sites
local interactions on sites [[0], [1], [2], [3], [4], [5], [6], [7], [8], [9], [10]]
Functional for interaction on sites [0]
aca-directory for images already exists
aca-directory for images already exists
aca-directory for images already exists
interacting orbitals: [0, 1]
mapping: [0, 1, 2, 3, 4, 5, 6, 7, 8, 9, 10, 11, 12, 13, 14, 15, 16, 17, 18, 19, 20, 21]
aca-directory for images already exists
aca-directory for images already exists
aca-directory for images already exists
orbinteractaca= [0, 1]
aca-directory for images already exists
aca-directory for images already exists
aca-directory for images already exists
aca-directory for images already exists
aca-directory for images already exists
aca-directory for images already exists
aca-directory for images already exists
aca-directory for images already exists
aca-directory for images already exists
aca-directory for images already exists
aca-directory for images already exists
aca-directory for images already exists
aca-directory for images already exists
aca-directory for images already exists
aca-directory for images already exists
aca-directory for images already exists
aca-directory for images already exists
aca-directory for images already exists
aca-directory for images already exists
aca-directory for images already exists
aca-directory for images already exists
aca-directory for images already exists
aca-directory for images already exists
aca-directory for images already exists
aca-directory for images already exists
aca-directory for images already exists
aca-directory for images already exists
aca-directory for images already exists
aca-directory for images already exists
aca-directory for images already exists
aca-directory for images already exists
aca-directory for images already exists
aca-directory for images already exists
aca-directory for images already exists
aca-directory for images already exists
aca-directory for images already exists
aca-directory for images already exists
aca-directory for images already exists
aca-directory for images already exists
aca-directory for images already exists
aca-directory for images already exists
aca-directory for images already exists
aca-directory for images already exists
aca-directory for images already exists
aca-directory for images already exists
aca-directory for images already exists
aca-directory for images already exists
aca-directory for images already exists
aca-directory for images already exists
aca-directory for images already exists
aca-directory for images already exists
aca-directory for images already exists
aca-directory for images already exists
aca-directory for images already exists
aca-directory for images already exists
aca-directory for images already exists
aca-directory for images already exists
aca-directory for images already exists
aca-directory for images already exists
aca-directory for images already exists
aca-directory for images already exists
aca-directory for images already exists
aca-directory for images already exists
aca: level 10  norb= 22
Daca= [[ 6.03525554e-01+0.j  1.14384461e-02+0.j -4.73666321e-01+0.j
   1.26343270e-18+0.j  5.35335253e-18+0.j -2.53076605e-18+0.j
   6.94216271e-17+0.j  1.34395707e-19+0.j -2.89526470e-18+0.j
  -5.46546962e-18+0.j -2.99728515e-17+0.j  1.27431440e-20+0.j
  -9.18917911e-19+0.j  4.64209001e-20+0.j  9.63404730e-18+0.j
  -5.46624941e-20+0.j -1.79946660e-17+0.j -5.14737924e-18+0.j
  -7.95137152e-18+0.j  4.09275570e-21+0.j  7.15034997e-18+0.j
   1.17547602e-18+0.j]
 [ 1.14384461e-02+0.j  3.96474407e-01+0.j  8.28034139e-08+0.j
  -4.73666498e-01+0.j  1.73096377e-18+0.j -4.24246836e-18+0.j
  -5.44196260e-20+0.j  3.57323292e-17+0.j -1.40848959e-18+0.j
   2.21368835e-17+0.j  4.62848521e-20+0.j  7.00306223e-18+0.j
  -2.29199504e-19+0.j  1.00150729e-18+0.j -2.68527170e-20+0.j
   5.01040818e-18+0.j -1.65193506e-18+0.j  2.30101331e-17+0.j
   1.47680816e-21+0.j -8.99167537e-18+0.j -6.86599805e-20+0.j
  -1.31716302e-18+0.j]
 [-4.73666321e-01+0.j  8.28034139e-08+0.j  3.97631977e-01+0.j
  -1.13106116e-02+0.j  1.00929087e-02+0.j -2.02305802e-20+0.j
  -9.83714611e-20+0.j -3.55999610e-20+0.j -8.18897421e-19+0.j
  -1.71439340e-21+0.j  6.65213209e-19+0.j  8.94322524e-20+0.j
   3.00824804e-19+0.j -2.88585158e-22+0.j -9.08530119e-19+0.j
  -2.03186865e-21+0.j  8.24517511e-20+0.j  2.78855641e-22+0.j
  -5.04312592e-19+0.j -8.99051176e-21+0.j  7.56440465e-21+0.j
   8.31784113e-25+0.j]
 [ 6.63059868e-18+0.j -4.73666498e-01+0.j -1.13106116e-02+0.j
   6.02367884e-01+0.j  2.76949510e-07+0.j  1.00926842e-02+0.j
  -8.56370813e-22+0.j -1.47931147e-19+0.j  2.92094989e-21+0.j
  -1.29479440e-19+0.j -2.47900359e-21+0.j  2.03394870e-19+0.j
  -6.09582358e-22+0.j  4.35853695e-19+0.j  1.85379322e-20+0.j
  -3.49966734e-19+0.j  2.58459762e-22+0.j -3.60778030e-20+0.j
   3.70772225e-20+0.j  7.15490839e-19+0.j -4.43745888e-24+0.j
  -2.14855979e-21+0.j]
 [ 1.39656599e-16+0.j  1.25579998e-17+0.j  1.00929087e-02+0.j
   2.76949510e-07+0.j  4.84057145e-01+0.j -1.75795190e-03+0.j
   4.85997857e-01+0.j  1.91099895e-18+0.j  2.01269781e-17+0.j
   2.18062150e-18+0.j  1.15796305e-17+0.j  1.22978767e-19+0.j
  -1.75159932e-17+0.j -2.56504937e-18+0.j -1.18382295e-17+0.j
   1.09106112e-18+0.j  4.64437316e-17+0.j -1.49386906e-18+0.j
   7.65517699e-18+0.j -5.40183463e-20+0.j -3.05351571e-17+0.j
  -7.91388211e-18+0.j]
 [-3.23546873e-17+0.j -1.45407612e-16+0.j  1.31387704e-17+0.j
   1.00926842e-02+0.j -1.75795190e-03+0.j  5.15960590e-01+0.j
  -1.25051825e-07+0.j  4.85996980e-01+0.j  1.48989386e-18+0.j
  -4.19899159e-18+0.j -6.60548450e-20+0.j  1.38637038e-17+0.j
  -3.21961323e-18+0.j  3.25880577e-17+0.j -2.96677632e-19+0.j
  -5.23412680e-17+0.j  3.29683276e-18+0.j -5.28328249e-17+0.j
   3.26114984e-19+0.j -8.45392268e-18+0.j -4.40045162e-19+0.j
   6.35057631e-17+0.j]
 [-1.39665678e-16+0.j -7.82730304e-19+0.j  7.36272275e-18+0.j
   1.44317484e-17+0.j  4.85997857e-01+0.j -1.25051825e-07+0.j
   5.20285848e-01+0.j  2.23773259e-03+0.j  7.31217625e-03+0.j
  -2.80361041e-20+0.j -3.34692873e-19+0.j -8.01598575e-20+0.j
   3.05034683e-19+0.j -1.57378623e-20+0.j  4.55832737e-19+0.j
   8.16720448e-20+0.j  2.65788794e-19+0.j -7.80942064e-21+0.j
  -1.45274378e-19+0.j -4.39437471e-20+0.j -3.03374198e-19+0.j
  -3.90275175e-21+0.j]
 [-1.98875886e-17+0.j -2.65593407e-16+0.j -1.89046624e-17+0.j
   5.83502759e-17+0.j -5.54938793e-18+0.j  4.85996980e-01+0.j
   2.23773259e-03+0.j  4.79696561e-01+0.j -2.69891723e-07+0.j
   7.31254801e-03+0.j  3.79928225e-20+0.j  4.25523207e-19+0.j
  -2.41769030e-22+0.j -6.89309515e-20+0.j -1.08605236e-20+0.j
   1.11586444e-19+0.j  3.71606119e-22+0.j  3.66201522e-19+0.j
   7.85814204e-21+0.j  3.57305399e-19+0.j  1.32685548e-21+0.j
   1.75694732e-19+0.j]
 [-2.73543674e-16+0.j -1.81665802e-17+0.j -2.01427463e-16+0.j
  -1.14753070e-17+0.j -1.05630830e-16+0.j -5.29360616e-17+0.j
   7.31217625e-03+0.j -2.69891722e-07+0.j  5.52913325e-01+0.j
   5.84039908e-03+0.j -4.85539682e-01+0.j  2.76433059e-18+0.j
  -1.63238175e-17+0.j -6.31037472e-19+0.j -1.68522908e-17+0.j
  -8.58700311e-20+0.j  8.33348716e-17+0.j  6.76882973e-18+0.j
   1.39376626e-17+0.j  8.82001876e-19+0.j -3.72094154e-17+0.j
  -1.01407326e-17+0.j]
 [-9.94095805e-18+0.j -1.64824318e-16+0.j  5.50817163e-17+0.j
  -3.71265592e-16+0.j -6.74896005e-17+0.j  1.71711723e-16+0.j
   1.25466354e-16+0.j  7.31254801e-03+0.j  5.84039908e-03+0.j
   4.47060985e-01+0.j -7.15803588e-07+0.j -4.85536934e-01+0.j
   9.88660706e-19+0.j  6.35611022e-18+0.j  1.63306645e-19+0.j
  -6.03958889e-18+0.j  6.66058127e-19+0.j -3.58339223e-17+0.j
   6.56922337e-19+0.j -2.08131987e-18+0.j  1.96850984e-18+0.j
  -3.09212126e-17+0.j]
 [ 1.27341133e-16+0.j -3.62039432e-17+0.j -9.17321961e-17+0.j
  -8.62879405e-17+0.j -2.01302109e-16+0.j -3.99429812e-17+0.j
   3.92037538e-16+0.j  1.18985260e-16+0.j -4.85539682e-01+0.j
  -7.15803588e-07+0.j  4.45336812e-01+0.j -6.03368620e-03+0.j
  -3.18726158e-03+0.j -1.65718857e-21+0.j  5.19265468e-19+0.j
   1.30293667e-20+0.j -1.11576573e-19+0.j -3.99495471e-21+0.j
  -1.99613864e-19+0.j -8.71830377e-20+0.j -4.04523232e-20+0.j
  -1.88625201e-22+0.j]
 [-7.72679260e-17+0.j  1.95788691e-16+0.j  1.30629869e-17+0.j
  -4.55677478e-16+0.j -3.16391236e-17+0.j -2.02896390e-16+0.j
  -9.34023069e-18+0.j  4.77913469e-16+0.j -2.63897998e-17+0.j
  -4.85536934e-01+0.j -6.03368620e-03+0.j  5.54688965e-01+0.j
  -5.54288752e-09+0.j -3.18724176e-03+0.j  2.11931389e-20+0.j
   5.64945251e-20+0.j  3.97168203e-21+0.j  7.03769095e-20+0.j
  -1.98664786e-20+0.j -3.24197483e-20+0.j  2.22830231e-21+0.j
   1.05655037e-20+0.j]
 [ 2.80907218e-16+0.j  5.34614386e-17+0.j  2.01198572e-16+0.j
  -3.01920788e-17+0.j -5.08565680e-18+0.j -7.99824688e-17+0.j
   2.64720274e-17+0.j -1.76394650e-18+0.j  1.22693002e-16+0.j
   1.07703479e-16+0.j -3.18726158e-03+0.j -5.54288750e-09+0.j
   6.48497126e-01+0.j  1.64211915e-02+0.j -4.69691988e-01+0.j
   2.65931606e-18+0.j  5.55889432e-17+0.j -1.41843903e-18+0.j
   2.58317661e-17+0.j -1.16035105e-19+0.j -7.00425958e-17+0.j
  -4.33103171e-18+0.j]
 [-6.83135077e-18+0.j  4.05405977e-17+0.j -3.07668590e-17+0.j
   4.08305171e-17+0.j -4.04910557e-17+0.j  4.66606042e-16+0.j
   4.58790255e-18+0.j  3.60643010e-16+0.j -1.01579452e-17+0.j
  -2.48126268e-17+0.j  8.36287842e-17+0.j -3.18724176e-03+0.j
   1.64211915e-02+0.j  3.51554097e-01+0.j  1.97763581e-06+0.j
  -4.69708001e-01+0.j -2.06197110e-18+0.j  2.26706438e-17+0.j
   1.55365779e-19+0.j -1.16880952e-17+0.j  1.25959980e-17+0.j
  -2.67910766e-17+0.j]
 [-1.25408828e-16+0.j -2.72314674e-17+0.j -3.30424508e-16+0.j
  -1.67300014e-18+0.j  1.56536507e-16+0.j -2.63473118e-17+0.j
   1.04423016e-16+0.j  6.32333683e-17+0.j  1.37904427e-16+0.j
   6.39911102e-18+0.j -4.47749971e-17+0.j -2.66017888e-17+0.j
  -4.69691988e-01+0.j  1.97763581e-06+0.j  3.52635026e-01+0.j
  -1.62968009e-02+0.j -1.53965098e-03+0.j  8.31441749e-21+0.j
   6.65387210e-20+0.j  5.77312819e-21+0.j  8.88520040e-20+0.j
  -7.34424489e-21+0.j]
 [ 1.71559339e-17+0.j -7.05958014e-17+0.j -9.73148134e-18+0.j
   2.49061992e-16+0.j  2.99373088e-17+0.j  3.10289768e-17+0.j
  -1.20367228e-16+0.j -1.04976679e-16+0.j  7.52314322e-17+0.j
   8.35933558e-17+0.j -1.08351422e-18+0.j -1.36594378e-16+0.j
  -6.99500161e-17+0.j -4.69708001e-01+0.j -1.62968009e-02+0.j
   6.47314099e-01+0.j -1.91825090e-07+0.j -1.53931343e-03+0.j
  -1.42722001e-20+0.j  2.19903289e-19+0.j -4.91500187e-22+0.j
  -2.36023798e-20+0.j]
 [ 4.74166122e-17+0.j  2.38665306e-18+0.j  1.12997157e-16+0.j
   2.87174687e-17+0.j -3.15663777e-16+0.j  2.49801881e-17+0.j
  -2.57464584e-16+0.j -3.42126789e-17+0.j -5.56112544e-18+0.j
  -1.04465710e-17+0.j -1.49890908e-16+0.j -1.41399954e-17+0.j
  -7.94398899e-17+0.j  7.59760464e-17+0.j -1.53965098e-03+0.j
  -1.91825090e-07+0.j  7.59030935e-01+0.j  2.85241770e-02+0.j
   4.19321218e-01+0.j -7.11352193e-18+0.j  1.25052967e-16+0.j
  -8.33440486e-19+0.j]
 [-7.19313169e-18+0.j -3.86656569e-18+0.j  1.03413012e-17+0.j
  -8.91465120e-17+0.j -6.36088493e-18+0.j  9.82784201e-17+0.j
  -8.41807106e-18+0.j  2.23230981e-16+0.j  3.93764563e-17+0.j
  -3.49492626e-16+0.j -3.23010295e-18+0.j  1.24618436e-17+0.j
  -4.30843732e-17+0.j  2.08055236e-16+0.j -2.92208922e-17+0.j
  -1.53931343e-03+0.j  2.85241770e-02+0.j  2.41087046e-01+0.j
  -7.52043926e-06+0.j  4.19393945e-01+0.j -5.08077746e-18+0.j
   5.83436690e-17+0.j]
 [ 5.39513564e-17+0.j  2.26519632e-17+0.j  2.10094728e-16+0.j
   1.88331112e-17+0.j -1.51234381e-16+0.j  1.16061412e-17+0.j
   1.13665723e-16+0.j -5.44824472e-17+0.j  1.20070593e-17+0.j
  -5.76444831e-18+0.j  2.08125695e-16+0.j  6.12290983e-17+0.j
   2.79070599e-16+0.j -1.39595075e-16+0.j -7.41845855e-17+0.j
   3.31855648e-18+0.j  4.19321218e-01+0.j -7.52043926e-06+0.j
   2.41436615e-01+0.j -2.84771446e-02+0.j  1.06990102e-03+0.j
   4.01704693e-23+0.j]
 [-4.64508058e-18+0.j -5.70660611e-18+0.j  2.40477348e-17+0.j
  -1.70322625e-16+0.j  4.92428156e-19+0.j -4.65483125e-17+0.j
   9.43511340e-17+0.j  2.02175679e-16+0.j -5.84040834e-17+0.j
   1.59760739e-16+0.j -8.66890197e-18+0.j -4.90880268e-17+0.j
  -1.96129681e-17+0.j  1.12420193e-17+0.j -1.42657353e-18+0.j
  -1.75321891e-16+0.j -1.45623032e-17+0.j  4.19393945e-01+0.j
  -2.84771446e-02+0.j  7.58445292e-01+0.j  9.62836235e-07+0.j
  -1.06974159e-03+0.j]
 [ 8.56072156e-18+0.j -1.81157548e-17+0.j -9.19121518e-17+0.j
  -8.08408552e-18+0.j  1.88114410e-16+0.j -1.43249938e-17+0.j
   1.80946035e-16+0.j  1.80762851e-17+0.j  3.65139471e-16+0.j
  -3.10065721e-17+0.j -8.44043011e-17+0.j -4.27564613e-18+0.j
   1.67284671e-17+0.j -1.29387073e-16+0.j -1.38930698e-16+0.j
  -7.00074591e-17+0.j -8.09279482e-17+0.j  2.52813373e-17+0.j
   1.06990102e-03+0.j  9.62836235e-07+0.j  9.91670414e-01+0.j
  -5.39151259e-02+0.j]
 [ 2.18387370e-18+0.j  3.98930926e-17+0.j -9.32476203e-18+0.j
  -9.27881724e-18+0.j  1.33422848e-17+0.j  1.50263749e-17+0.j
   6.84763819e-18+0.j  1.79439995e-16+0.j -3.53013918e-17+0.j
   1.04358543e-16+0.j -1.70602766e-17+0.j -1.99592500e-17+0.j
   9.10811475e-18+0.j  1.90680511e-16+0.j -3.51937272e-17+0.j
   3.14950764e-16+0.j -3.95201173e-17+0.j  2.62328403e-16+0.j
   1.92735321e-17+0.j -1.06974159e-03+0.j -5.39151259e-02+0.j
   8.32929593e-03+0.j]]
Naca= (5.997020778534732, 5.002979221493695)
nq= 22
variational state:
        ┌──────────┐┌───────────┐┌───┐     ┌───────────┐┌───────────┐»
 q0_0: ─┤ Ry(y[0]) ├┤ Rz(y[22]) ├┤ X ├──■──┤ Ry(y[44]) ├┤ Rz(y[66]) ├»
        ├──────────┤├───────────┤└─┬─┘┌─┴─┐└───────────┘├───────────┤»
 q0_1: ─┤ Ry(y[1]) ├┤ Rz(y[23]) ├──┼──┤ X ├──────■──────┤ Ry(y[45]) ├»
        ├──────────┤├───────────┤  │  └───┘    ┌─┴─┐    └───────────┘»
 q0_2: ─┤ Ry(y[2]) ├┤ Rz(y[24]) ├──┼───────────┤ X ├──────────■──────»
        ├──────────┤├───────────┤  │           └───┘        ┌─┴─┐    »
 q0_3: ─┤ Ry(y[3]) ├┤ Rz(y[25]) ├──┼────────────────────────┤ X ├────»
        ├──────────┤├───────────┤  │                        └───┘    »
 q0_4: ─┤ Ry(y[4]) ├┤ Rz(y[26]) ├──┼─────────────────────────────────»
        ├──────────┤├───────────┤  │                                 »
 q0_5: ─┤ Ry(y[5]) ├┤ Rz(y[27]) ├──┼─────────────────────────────────»
        ├──────────┤├───────────┤  │                                 »
 q0_6: ─┤ Ry(y[6]) ├┤ Rz(y[28]) ├──┼─────────────────────────────────»
        ├──────────┤├───────────┤  │                                 »
 q0_7: ─┤ Ry(y[7]) ├┤ Rz(y[29]) ├──┼─────────────────────────────────»
        ├──────────┤├───────────┤  │                                 »
 q0_8: ─┤ Ry(y[8]) ├┤ Rz(y[30]) ├──┼─────────────────────────────────»
        ├──────────┤├───────────┤  │                                 »
 q0_9: ─┤ Ry(y[9]) ├┤ Rz(y[31]) ├──┼─────────────────────────────────»
       ┌┴──────────┤├───────────┤  │                                 »
q0_10: ┤ Ry(y[10]) ├┤ Rz(y[32]) ├──┼─────────────────────────────────»
       ├───────────┤├───────────┤  │                                 »
q0_11: ┤ Ry(y[11]) ├┤ Rz(y[33]) ├──┼─────────────────────────────────»
       ├───────────┤├───────────┤  │                                 »
q0_12: ┤ Ry(y[12]) ├┤ Rz(y[34]) ├──┼─────────────────────────────────»
       ├───────────┤├───────────┤  │                                 »
q0_13: ┤ Ry(y[13]) ├┤ Rz(y[35]) ├──┼─────────────────────────────────»
       ├───────────┤├───────────┤  │                                 »
q0_14: ┤ Ry(y[14]) ├┤ Rz(y[36]) ├──┼─────────────────────────────────»
       ├───────────┤├───────────┤  │                                 »
q0_15: ┤ Ry(y[15]) ├┤ Rz(y[37]) ├──┼─────────────────────────────────»
       ├───────────┤├───────────┤  │                                 »
q0_16: ┤ Ry(y[16]) ├┤ Rz(y[38]) ├──┼─────────────────────────────────»
       ├───────────┤├───────────┤  │                                 »
q0_17: ┤ Ry(y[17]) ├┤ Rz(y[39]) ├──┼─────────────────────────────────»
       ├───────────┤├───────────┤  │                                 »
q0_18: ┤ Ry(y[18]) ├┤ Rz(y[40]) ├──┼─────────────────────────────────»
       ├───────────┤├───────────┤  │                                 »
q0_19: ┤ Ry(y[19]) ├┤ Rz(y[41]) ├──┼─────────────────────────────────»
       ├───────────┤├───────────┤  │                                 »
q0_20: ┤ Ry(y[20]) ├┤ Rz(y[42]) ├──┼─────────────────────────────────»
       ├───────────┤├───────────┤  │                                 »
q0_21: ┤ Ry(y[21]) ├┤ Rz(y[43]) ├──■─────────────────────────────────»
       └───────────┘└───────────┘                                    »
c0: 22/══════════════════════════════════════════════════════════════»
                                                                     »
«                                                                        »
« q0_0: ─────────────────────────────────────────────────────────────────»
«       ┌───────────┐                                                    »
« q0_1: ┤ Rz(y[67]) ├────────────────────────────────────────────────────»
«       ├───────────┤┌───────────┐                                       »
« q0_2: ┤ Ry(y[46]) ├┤ Rz(y[68]) ├───────────────────────────────────────»
«       └───────────┘├───────────┤┌───────────┐                          »
« q0_3: ──────■──────┤ Ry(y[47]) ├┤ Rz(y[69]) ├──────────────────────────»
«           ┌─┴─┐    └───────────┘├───────────┤┌───────────┐             »
« q0_4: ────┤ X ├──────────■──────┤ Ry(y[48]) ├┤ Rz(y[70]) ├─────────────»
«           └───┘        ┌─┴─┐    └───────────┘├───────────┤┌───────────┐»
« q0_5: ─────────────────┤ X ├──────────■──────┤ Ry(y[49]) ├┤ Rz(y[71]) ├»
«                        └───┘        ┌─┴─┐    └───────────┘├───────────┤»
« q0_6: ──────────────────────────────┤ X ├──────────■──────┤ Ry(y[50]) ├»
«                                     └───┘        ┌─┴─┐    └───────────┘»
« q0_7: ───────────────────────────────────────────┤ X ├──────────■──────»
«                                                  └───┘        ┌─┴─┐    »
« q0_8: ────────────────────────────────────────────────────────┤ X ├────»
«                                                               └───┘    »
« q0_9: ─────────────────────────────────────────────────────────────────»
«                                                                        »
«q0_10: ─────────────────────────────────────────────────────────────────»
«                                                                        »
«q0_11: ─────────────────────────────────────────────────────────────────»
«                                                                        »
«q0_12: ─────────────────────────────────────────────────────────────────»
«                                                                        »
«q0_13: ─────────────────────────────────────────────────────────────────»
«                                                                        »
«q0_14: ─────────────────────────────────────────────────────────────────»
«                                                                        »
«q0_15: ─────────────────────────────────────────────────────────────────»
«                                                                        »
«q0_16: ─────────────────────────────────────────────────────────────────»
«                                                                        »
«q0_17: ─────────────────────────────────────────────────────────────────»
«                                                                        »
«q0_18: ─────────────────────────────────────────────────────────────────»
«                                                                        »
«q0_19: ─────────────────────────────────────────────────────────────────»
«                                                                        »
«q0_20: ─────────────────────────────────────────────────────────────────»
«                                                                        »
«q0_21: ─────────────────────────────────────────────────────────────────»
«                                                                        »
«c0: 22/═════════════════════════════════════════════════════════════════»
«                                                                        »
«                                                                        »
« q0_0: ─────────────────────────────────────────────────────────────────»
«                                                                        »
« q0_1: ─────────────────────────────────────────────────────────────────»
«                                                                        »
« q0_2: ─────────────────────────────────────────────────────────────────»
«                                                                        »
« q0_3: ─────────────────────────────────────────────────────────────────»
«                                                                        »
« q0_4: ─────────────────────────────────────────────────────────────────»
«                                                                        »
« q0_5: ─────────────────────────────────────────────────────────────────»
«       ┌───────────┐                                                    »
« q0_6: ┤ Rz(y[72]) ├────────────────────────────────────────────────────»
«       ├───────────┤┌───────────┐                                       »
« q0_7: ┤ Ry(y[51]) ├┤ Rz(y[73]) ├───────────────────────────────────────»
«       └───────────┘├───────────┤┌───────────┐                          »
« q0_8: ──────■──────┤ Ry(y[52]) ├┤ Rz(y[74]) ├──────────────────────────»
«           ┌─┴─┐    └───────────┘├───────────┤┌───────────┐             »
« q0_9: ────┤ X ├──────────■──────┤ Ry(y[53]) ├┤ Rz(y[75]) ├─────────────»
«           └───┘        ┌─┴─┐    └───────────┘├───────────┤┌───────────┐»
«q0_10: ─────────────────┤ X ├──────────■──────┤ Ry(y[54]) ├┤ Rz(y[76]) ├»
«                        └───┘        ┌─┴─┐    └───────────┘├───────────┤»
«q0_11: ──────────────────────────────┤ X ├──────────■──────┤ Ry(y[55]) ├»
«                                     └───┘        ┌─┴─┐    └───────────┘»
«q0_12: ───────────────────────────────────────────┤ X ├──────────■──────»
«                                                  └───┘        ┌─┴─┐    »
«q0_13: ────────────────────────────────────────────────────────┤ X ├────»
«                                                               └───┘    »
«q0_14: ─────────────────────────────────────────────────────────────────»
«                                                                        »
«q0_15: ─────────────────────────────────────────────────────────────────»
«                                                                        »
«q0_16: ─────────────────────────────────────────────────────────────────»
«                                                                        »
«q0_17: ─────────────────────────────────────────────────────────────────»
«                                                                        »
«q0_18: ─────────────────────────────────────────────────────────────────»
«                                                                        »
«q0_19: ─────────────────────────────────────────────────────────────────»
«                                                                        »
«q0_20: ─────────────────────────────────────────────────────────────────»
«                                                                        »
«q0_21: ─────────────────────────────────────────────────────────────────»
«                                                                        »
«c0: 22/═════════════════════════════════════════════════════════════════»
«                                                                        »
«                                                                        »
« q0_0: ─────────────────────────────────────────────────────────────────»
«                                                                        »
« q0_1: ─────────────────────────────────────────────────────────────────»
«                                                                        »
« q0_2: ─────────────────────────────────────────────────────────────────»
«                                                                        »
« q0_3: ─────────────────────────────────────────────────────────────────»
«                                                                        »
« q0_4: ─────────────────────────────────────────────────────────────────»
«                                                                        »
« q0_5: ─────────────────────────────────────────────────────────────────»
«                                                                        »
« q0_6: ─────────────────────────────────────────────────────────────────»
«                                                                        »
« q0_7: ─────────────────────────────────────────────────────────────────»
«                                                                        »
« q0_8: ─────────────────────────────────────────────────────────────────»
«                                                                        »
« q0_9: ─────────────────────────────────────────────────────────────────»
«                                                                        »
«q0_10: ─────────────────────────────────────────────────────────────────»
«       ┌───────────┐                                                    »
«q0_11: ┤ Rz(y[77]) ├────────────────────────────────────────────────────»
«       ├───────────┤┌───────────┐                                       »
«q0_12: ┤ Ry(y[56]) ├┤ Rz(y[78]) ├───────────────────────────────────────»
«       └───────────┘├───────────┤┌───────────┐                          »
«q0_13: ──────■──────┤ Ry(y[57]) ├┤ Rz(y[79]) ├──────────────────────────»
«           ┌─┴─┐    └───────────┘├───────────┤┌───────────┐             »
«q0_14: ────┤ X ├──────────■──────┤ Ry(y[58]) ├┤ Rz(y[80]) ├─────────────»
«           └───┘        ┌─┴─┐    └───────────┘├───────────┤┌───────────┐»
«q0_15: ─────────────────┤ X ├──────────■──────┤ Ry(y[59]) ├┤ Rz(y[81]) ├»
«                        └───┘        ┌─┴─┐    └───────────┘├───────────┤»
«q0_16: ──────────────────────────────┤ X ├──────────■──────┤ Ry(y[60]) ├»
«                                     └───┘        ┌─┴─┐    └───────────┘»
«q0_17: ───────────────────────────────────────────┤ X ├──────────■──────»
«                                                  └───┘        ┌─┴─┐    »
«q0_18: ────────────────────────────────────────────────────────┤ X ├────»
«                                                               └───┘    »
«q0_19: ─────────────────────────────────────────────────────────────────»
«                                                                        »
«q0_20: ─────────────────────────────────────────────────────────────────»
«                                                                        »
«q0_21: ─────────────────────────────────────────────────────────────────»
«                                                                        »
«c0: 22/═════════════════════════════════════════════════════════════════»
«                                                                        »
«                                                                        ┌───┐»
« q0_0: ─────────────────────────────────────────────────────────────────┤ X ├»
«                                                                        └─┬─┘»
« q0_1: ───────────────────────────────────────────────────────────────────┼──»
«                                                                          │  »
« q0_2: ───────────────────────────────────────────────────────────────────┼──»
«                                                                          │  »
« q0_3: ───────────────────────────────────────────────────────────────────┼──»
«                                                                          │  »
« q0_4: ───────────────────────────────────────────────────────────────────┼──»
«                                                                          │  »
« q0_5: ───────────────────────────────────────────────────────────────────┼──»
«                                                                          │  »
« q0_6: ───────────────────────────────────────────────────────────────────┼──»
«                                                                          │  »
« q0_7: ───────────────────────────────────────────────────────────────────┼──»
«                                                                          │  »
« q0_8: ───────────────────────────────────────────────────────────────────┼──»
«                                                                          │  »
« q0_9: ───────────────────────────────────────────────────────────────────┼──»
«                                                                          │  »
«q0_10: ───────────────────────────────────────────────────────────────────┼──»
«                                                                          │  »
«q0_11: ───────────────────────────────────────────────────────────────────┼──»
«                                                                          │  »
«q0_12: ───────────────────────────────────────────────────────────────────┼──»
«                                                                          │  »
«q0_13: ───────────────────────────────────────────────────────────────────┼──»
«                                                                          │  »
«q0_14: ───────────────────────────────────────────────────────────────────┼──»
«                                                                          │  »
«q0_15: ───────────────────────────────────────────────────────────────────┼──»
«       ┌───────────┐                                                      │  »
«q0_16: ┤ Rz(y[82]) ├──────────────────────────────────────────────────────┼──»
«       ├───────────┤┌───────────┐                                         │  »
«q0_17: ┤ Ry(y[61]) ├┤ Rz(y[83]) ├─────────────────────────────────────────┼──»
«       └───────────┘├───────────┤┌───────────┐                            │  »
«q0_18: ──────■──────┤ Ry(y[62]) ├┤ Rz(y[84]) ├────────────────────────────┼──»
«           ┌─┴─┐    └───────────┘├───────────┤┌───────────┐               │  »
«q0_19: ────┤ X ├──────────■──────┤ Ry(y[63]) ├┤ Rz(y[85]) ├───────────────┼──»
«           └───┘        ┌─┴─┐    └───────────┘├───────────┤┌───────────┐  │  »
«q0_20: ─────────────────┤ X ├──────────■──────┤ Ry(y[64]) ├┤ Rz(y[86]) ├──┼──»
«                        └───┘        ┌─┴─┐    ├───────────┤├───────────┤  │  »
«q0_21: ──────────────────────────────┤ X ├────┤ Ry(y[65]) ├┤ Rz(y[87]) ├──■──»
«                                     └───┘    └───────────┘└───────────┘     »
«c0: 22/══════════════════════════════════════════════════════════════════════»
«                                                                             »
«            ┌───────────┐┌────────────┐                            »
« q0_0: ──■──┤ Ry(y[88]) ├┤ Rz(y[110]) ├────────────────────────────»
«       ┌─┴─┐└───────────┘├───────────┬┘┌────────────┐              »
« q0_1: ┤ X ├──────■──────┤ Ry(y[89]) ├─┤ Rz(y[111]) ├──────────────»
«       └───┘    ┌─┴─┐    └───────────┘ ├───────────┬┘┌────────────┐»
« q0_2: ─────────┤ X ├──────────■───────┤ Ry(y[90]) ├─┤ Rz(y[112]) ├»
«                └───┘        ┌─┴─┐     └───────────┘ ├───────────┬┘»
« q0_3: ──────────────────────┤ X ├───────────■───────┤ Ry(y[91]) ├─»
«                             └───┘         ┌─┴─┐     └───────────┘ »
« q0_4: ────────────────────────────────────┤ X ├───────────■───────»
«                                           └───┘         ┌─┴─┐     »
« q0_5: ──────────────────────────────────────────────────┤ X ├─────»
«                                                         └───┘     »
« q0_6: ────────────────────────────────────────────────────────────»
«                                                                   »
« q0_7: ────────────────────────────────────────────────────────────»
«                                                                   »
« q0_8: ────────────────────────────────────────────────────────────»
«                                                                   »
« q0_9: ────────────────────────────────────────────────────────────»
«                                                                   »
«q0_10: ────────────────────────────────────────────────────────────»
«                                                                   »
«q0_11: ────────────────────────────────────────────────────────────»
«                                                                   »
«q0_12: ────────────────────────────────────────────────────────────»
«                                                                   »
«q0_13: ────────────────────────────────────────────────────────────»
«                                                                   »
«q0_14: ────────────────────────────────────────────────────────────»
«                                                                   »
«q0_15: ────────────────────────────────────────────────────────────»
«                                                                   »
«q0_16: ────────────────────────────────────────────────────────────»
«                                                                   »
«q0_17: ────────────────────────────────────────────────────────────»
«                                                                   »
«q0_18: ────────────────────────────────────────────────────────────»
«                                                                   »
«q0_19: ────────────────────────────────────────────────────────────»
«                                                                   »
«q0_20: ────────────────────────────────────────────────────────────»
«                                                                   »
«q0_21: ────────────────────────────────────────────────────────────»
«                                                                   »
«c0: 22/════════════════════════════════════════════════════════════»
«                                                                   »
«                                                                             »
« q0_0: ──────────────────────────────────────────────────────────────────────»
«                                                                             »
« q0_1: ──────────────────────────────────────────────────────────────────────»
«                                                                             »
« q0_2: ──────────────────────────────────────────────────────────────────────»
«       ┌────────────┐                                                        »
« q0_3: ┤ Rz(y[113]) ├────────────────────────────────────────────────────────»
«       ├───────────┬┘┌────────────┐                                          »
« q0_4: ┤ Ry(y[92]) ├─┤ Rz(y[114]) ├──────────────────────────────────────────»
«       └───────────┘ ├───────────┬┘┌────────────┐                            »
« q0_5: ──────■───────┤ Ry(y[93]) ├─┤ Rz(y[115]) ├────────────────────────────»
«           ┌─┴─┐     └───────────┘ ├───────────┬┘┌────────────┐              »
« q0_6: ────┤ X ├───────────■───────┤ Ry(y[94]) ├─┤ Rz(y[116]) ├──────────────»
«           └───┘         ┌─┴─┐     └───────────┘ ├───────────┬┘┌────────────┐»
« q0_7: ──────────────────┤ X ├───────────■───────┤ Ry(y[95]) ├─┤ Rz(y[117]) ├»
«                         └───┘         ┌─┴─┐     └───────────┘ ├───────────┬┘»
« q0_8: ────────────────────────────────┤ X ├───────────■───────┤ Ry(y[96]) ├─»
«                                       └───┘         ┌─┴─┐     └───────────┘ »
« q0_9: ──────────────────────────────────────────────┤ X ├───────────■───────»
«                                                     └───┘         ┌─┴─┐     »
«q0_10: ────────────────────────────────────────────────────────────┤ X ├─────»
«                                                                   └───┘     »
«q0_11: ──────────────────────────────────────────────────────────────────────»
«                                                                             »
«q0_12: ──────────────────────────────────────────────────────────────────────»
«                                                                             »
«q0_13: ──────────────────────────────────────────────────────────────────────»
«                                                                             »
«q0_14: ──────────────────────────────────────────────────────────────────────»
«                                                                             »
«q0_15: ──────────────────────────────────────────────────────────────────────»
«                                                                             »
«q0_16: ──────────────────────────────────────────────────────────────────────»
«                                                                             »
«q0_17: ──────────────────────────────────────────────────────────────────────»
«                                                                             »
«q0_18: ──────────────────────────────────────────────────────────────────────»
«                                                                             »
«q0_19: ──────────────────────────────────────────────────────────────────────»
«                                                                             »
«q0_20: ──────────────────────────────────────────────────────────────────────»
«                                                                             »
«q0_21: ──────────────────────────────────────────────────────────────────────»
«                                                                             »
«c0: 22/══════════════════════════════════════════════════════════════════════»
«                                                                             »
«                                                                             »
« q0_0: ──────────────────────────────────────────────────────────────────────»
«                                                                             »
« q0_1: ──────────────────────────────────────────────────────────────────────»
«                                                                             »
« q0_2: ──────────────────────────────────────────────────────────────────────»
«                                                                             »
« q0_3: ──────────────────────────────────────────────────────────────────────»
«                                                                             »
« q0_4: ──────────────────────────────────────────────────────────────────────»
«                                                                             »
« q0_5: ──────────────────────────────────────────────────────────────────────»
«                                                                             »
« q0_6: ──────────────────────────────────────────────────────────────────────»
«                                                                             »
« q0_7: ──────────────────────────────────────────────────────────────────────»
«       ┌────────────┐                                                        »
« q0_8: ┤ Rz(y[118]) ├────────────────────────────────────────────────────────»
«       ├───────────┬┘┌────────────┐                                          »
« q0_9: ┤ Ry(y[97]) ├─┤ Rz(y[119]) ├──────────────────────────────────────────»
«       └───────────┘ ├───────────┬┘┌────────────┐                            »
«q0_10: ──────■───────┤ Ry(y[98]) ├─┤ Rz(y[120]) ├────────────────────────────»
«           ┌─┴─┐     └───────────┘ ├───────────┬┘┌────────────┐              »
«q0_11: ────┤ X ├───────────■───────┤ Ry(y[99]) ├─┤ Rz(y[121]) ├──────────────»
«           └───┘         ┌─┴─┐     └───────────┘ ├────────────┤┌────────────┐»
«q0_12: ──────────────────┤ X ├───────────■───────┤ Ry(y[100]) ├┤ Rz(y[122]) ├»
«                         └───┘         ┌─┴─┐     └────────────┘├────────────┤»
«q0_13: ────────────────────────────────┤ X ├───────────■───────┤ Ry(y[101]) ├»
«                                       └───┘         ┌─┴─┐     └────────────┘»
«q0_14: ──────────────────────────────────────────────┤ X ├───────────■───────»
«                                                     └───┘         ┌─┴─┐     »
«q0_15: ────────────────────────────────────────────────────────────┤ X ├─────»
«                                                                   └───┘     »
«q0_16: ──────────────────────────────────────────────────────────────────────»
«                                                                             »
«q0_17: ──────────────────────────────────────────────────────────────────────»
«                                                                             »
«q0_18: ──────────────────────────────────────────────────────────────────────»
«                                                                             »
«q0_19: ──────────────────────────────────────────────────────────────────────»
«                                                                             »
«q0_20: ──────────────────────────────────────────────────────────────────────»
«                                                                             »
«q0_21: ──────────────────────────────────────────────────────────────────────»
«                                                                             »
«c0: 22/══════════════════════════════════════════════════════════════════════»
«                                                                             »
«                                                                             »
« q0_0: ──────────────────────────────────────────────────────────────────────»
«                                                                             »
« q0_1: ──────────────────────────────────────────────────────────────────────»
«                                                                             »
« q0_2: ──────────────────────────────────────────────────────────────────────»
«                                                                             »
« q0_3: ──────────────────────────────────────────────────────────────────────»
«                                                                             »
« q0_4: ──────────────────────────────────────────────────────────────────────»
«                                                                             »
« q0_5: ──────────────────────────────────────────────────────────────────────»
«                                                                             »
« q0_6: ──────────────────────────────────────────────────────────────────────»
«                                                                             »
« q0_7: ──────────────────────────────────────────────────────────────────────»
«                                                                             »
« q0_8: ──────────────────────────────────────────────────────────────────────»
«                                                                             »
« q0_9: ──────────────────────────────────────────────────────────────────────»
«                                                                             »
«q0_10: ──────────────────────────────────────────────────────────────────────»
«                                                                             »
«q0_11: ──────────────────────────────────────────────────────────────────────»
«                                                                             »
«q0_12: ──────────────────────────────────────────────────────────────────────»
«       ┌────────────┐                                                        »
«q0_13: ┤ Rz(y[123]) ├────────────────────────────────────────────────────────»
«       ├────────────┤┌────────────┐                                          »
«q0_14: ┤ Ry(y[102]) ├┤ Rz(y[124]) ├──────────────────────────────────────────»
«       └────────────┘├────────────┤┌────────────┐                            »
«q0_15: ──────■───────┤ Ry(y[103]) ├┤ Rz(y[125]) ├────────────────────────────»
«           ┌─┴─┐     └────────────┘├────────────┤┌────────────┐              »
«q0_16: ────┤ X ├───────────■───────┤ Ry(y[104]) ├┤ Rz(y[126]) ├──────────────»
«           └───┘         ┌─┴─┐     └────────────┘├────────────┤┌────────────┐»
«q0_17: ──────────────────┤ X ├───────────■───────┤ Ry(y[105]) ├┤ Rz(y[127]) ├»
«                         └───┘         ┌─┴─┐     └────────────┘├────────────┤»
«q0_18: ────────────────────────────────┤ X ├───────────■───────┤ Ry(y[106]) ├»
«                                       └───┘         ┌─┴─┐     └────────────┘»
«q0_19: ──────────────────────────────────────────────┤ X ├───────────■───────»
«                                                     └───┘         ┌─┴─┐     »
«q0_20: ────────────────────────────────────────────────────────────┤ X ├─────»
«                                                                   └───┘     »
«q0_21: ──────────────────────────────────────────────────────────────────────»
«                                                                             »
«c0: 22/══════════════════════════════════════════════════════════════════════»
«                                                                             »
«                                                 
« q0_0: ──────────────────────────────────────────
«                                                 
« q0_1: ──────────────────────────────────────────
«                                                 
« q0_2: ──────────────────────────────────────────
«                                                 
« q0_3: ──────────────────────────────────────────
«                                                 
« q0_4: ──────────────────────────────────────────
«                                                 
« q0_5: ──────────────────────────────────────────
«                                                 
« q0_6: ──────────────────────────────────────────
«                                                 
« q0_7: ──────────────────────────────────────────
«                                                 
« q0_8: ──────────────────────────────────────────
«                                                 
« q0_9: ──────────────────────────────────────────
«                                                 
«q0_10: ──────────────────────────────────────────
«                                                 
«q0_11: ──────────────────────────────────────────
«                                                 
«q0_12: ──────────────────────────────────────────
«                                                 
«q0_13: ──────────────────────────────────────────
«                                                 
«q0_14: ──────────────────────────────────────────
«                                                 
«q0_15: ──────────────────────────────────────────
«                                                 
«q0_16: ──────────────────────────────────────────
«                                                 
«q0_17: ──────────────────────────────────────────
«       ┌────────────┐                            
«q0_18: ┤ Rz(y[128]) ├────────────────────────────
«       ├────────────┤┌────────────┐              
«q0_19: ┤ Ry(y[107]) ├┤ Rz(y[129]) ├──────────────
«       └────────────┘├────────────┤┌────────────┐
«q0_20: ──────■───────┤ Ry(y[108]) ├┤ Rz(y[130]) ├
«           ┌─┴─┐     ├────────────┤├────────────┤
«q0_21: ────┤ X ├─────┤ Ry(y[109]) ├┤ Rz(y[131]) ├
«           └───┘     └────────────┘└────────────┘
«c0: 22/══════════════════════════════════════════
«                                                 
ansatz-state is written to ansatz.txt
building constraints...
number of constraints= 484
unique pauliops 946
graphclique-cliquecover: 946 with commutationmode commute
strategy largest_first 63
strategy random_sequential 48
strategy smallest_last 63
strategy independent_set 44
strategy connected_sequential_bfs 63
strategy connected_sequential_dfs 58
strategy saturation_largest_first 45
number of cliques 44
clique 0 ['IIIIIIIIIIIIIIIIIIIIIZ', 'IIIIIIIIIIIIIIIIIIIIZZ', 'IIIIIIIIIIIIIIIIIIIZII', 'IIIIIIIIIIIIIIIIIIZZZI', 'IIIIIIIIIIIIIIIIIZIIII', 'IIIIIIIIIIIIIIIIZZIIII', 'IIIIIIIIIIIIIIIZIIIIII', 'IIIIIIIIIIIIIIZZZIZIII', 'IIIIIIIIIIIIIZIIIIIIII', 'IIIIIIIIIIIIZZIIIIIIII', 'IIIIIIIIIIIZIIIIIIIIII', 'IIIIIIIIIIZZZIIIIIIIII', 'IIIIIIIIIZIIIIIIIIIIII', 'IIIIIIIIZZIIIIIIIIIIII', 'IIIIIIIZIIIIIIIIIIIIII', 'IIIIIIZZZIZIIIZIIIIIII', 'IIIIIZIIIIIIIIIIIIIIII', 'IIIIZZIIIIIIIIIIIIIIII', 'IIIZIIIIIIIIIIIIIIIIII', 'IIZZZIIIIIIIIIIIIIIIII', 'IZIIIIIIIIIIIIIIIIIIII', 'ZZIIIIIIIIIIIIIIIIIIII']
clique 1 ['IIIIIIIIIIIIIIIIIIIIIX', 'IIIIIIIIIIIIIIIIIIIIZX', 'IIIIIIIIIIIIIIIIIIIXII', 'IIIIIIIIIIIIIIIIIIZXZI', 'IIIIIIIIIIIIIIIIIXIIII', 'IIIIIIIIIIIIIIIIZXIIII', 'IIIIIIIIIIIIIIIXIIIIII', 'IIIIIIIIIIIIIIZXZIZIII', 'IIIIIIIIIIIIIXIIIIIIII', 'IIIIIIIIIIIIZXIIIIIIII', 'IIIIIIIIIIIXIIIIIIIIII', 'IIIIIIIIIIZXZIIIIIIIII', 'IIIIIIIIIXIIIIIIIIIIII', 'IIIIIIIIZXIIIIIIIIIIII', 'IIIIIIIXIIIIIIIIIIIIII', 'IIIIIIZXZIZIIIZIIIIIII', 'IIIIIXIIIIIIIIIIIIIIII', 'IIIIZXIIIIIIIIIIIIIIII', 'IIIXIIIIIIIIIIIIIIIIII', 'IIZXZIIIIIIIIIIIIIIIII', 'IXIIIIIIIIIIIIIIIIIIII', 'ZXIIIIIIIIIIIIIIIIIIII']
clique 2 ['IIIIIIIIIIIIIIIIIIIIIY', 'IIIIIIIIIIIIIIIIIIIIZY', 'IIIIIIIIIIIIIIIIIIIYII', 'IIIIIIIIIIIIIIIIIIZYZI', 'IIIIIIIIIIIIIIIIIYIIII', 'IIIIIIIIIIIIIIIIZYIIII', 'IIIIIIIIIIIIIIIYIIIIII', 'IIIIIIIIIIIIIIZYZIZIII', 'IIIIIIIIIIIIIYIIIIIIII', 'IIIIIIIIIIIIZYIIIIIIII', 'IIIIIIIIIIIYIIIIIIIIII', 'IIIIIIIIIIZYZIIIIIIIII', 'IIIIIIIIIYIIIIIIIIIIII', 'IIIIIIIIZYIIIIIIIIIIII', 'IIIIIIIYIIIIIIIIIIIIII', 'IIIIIIZYZIZIIIZIIIIIII', 'IIIIIYIIIIIIIIIIIIIIII', 'IIIIZYIIIIIIIIIIIIIIII', 'IIIYIIIIIIIIIIIIIIIIII', 'IIZYZIIIIIIIIIIIIIIIII', 'IYIIIIIIIIIIIIIIIIIIII', 'ZYIIIIIIIIIIIIIIIIIIII']
clique 3 ['IIIIIIIIIIIIIIIIIIIYYX', 'XXZIIIYIIIIIIIXIIIXIXY', 'IIIIIIIIIIIIIIIIIIIZXI', 'YIZIIIYIIIIIIIXIIIXIXZ', 'IIIIIIIIIIIIIIIIXYYXZI', 'IIIIIIIIIIIIIIIIXZXIII', 'IIIIIIIIIIIIIIIYYXIIII', 'IIIIIIIIIIIIIIIZXIIIII', 'IIIIIIIIIIXIXYYXZIZIII', 'IIIIIIIIIIXIXZXIIIIIII', 'IIIIIIIIIIIYYXIIIIIIII', 'IIIIIIIIIIIZXIIIIIIIII', 'IIIIIIIIXYYXZIIIIIIIII', 'IIIIIIIIXZXIIIIIIIIIII', 'IIIIIIIYYXIIIIIIIIIIII', 'IIIIIIIZXIIIIIIIIIIIII', 'IIXIXYYXZIZIIIZIIIIIII', 'IIXIXZXIIIIIIIIIIIIIII', 'IIIYYXIIIIIIIIIIIIIIII', 'IIIZXIIIIIIIIIIIIIIIII', 'XYYXZIIIIIIIIIIIIIIIII', 'XZXIIIIIIIIIIIIIIIIIII']
clique 4 ['IIIIIIIIIIIIIIIIIIIXYY', 'YIZIIIYIIIIIIIXIIIXIXX', 'XXZIIIYIIIIIIIXIIIXIYI', 'XYZIIIYIIIIIIIXIIIXIXZ', 'IIIIIIIIIIIIIIIIXZYYZI', 'IIIIIIIIIIIIIIIIYIYZZI', 'IIYIIIYIIIIIIIXIIIYIII', 'IIIIIIIIIIIIIIIXYXIIII', 'IIIIIIIIIIIIIIIYYYIIII', 'IIIIIIIIIIXIYIXIIIIIII', 'IIIIIIIIIIXIXZYZZIZIII', 'IIIIIIIIIIIXYXIIIIIIII', 'IIIIIIIIIIIYYYIIIIIIII', 'IIIIIIIIYIXIIIIIIIIIII', 'IIIIIIIIXZYZZIIIIIIIII', 'IIIIIIIXYXIIIIIIIIIIII', 'IIIIIIIYYYIIIIIIIIIIII', 'IIXIYIXIIIIIIIIIIIIIII', 'IIXIXZYZZIZIIIZIIIIIII', 'IIIXYXIIIIIIIIIIIIIIII', 'IIIYYYIIIIIIIIIIIIIIII', 'XZYZZIIIIIIIIIIIIIIIII']
clique 5 ['IIIIIIIIIIIIIIIIIIIXYX', 'XYZIIIYIIIIIIIXIIIXIXY', 'IIIIIIIIIIIIIIIIIIIYXI', 'XXZIIIYIIIIIIIXIIIXIXZ', 'IIIIIIIIIIIIIIIIYIXIII', 'IIIIIIIIIIIIIIIIXZYZZI', 'IIIIIIIIIIIIIIZIXXZIII', 'IIIIIIIZZIZIIIYIXYZIII', 'IIIIIIIIIIXIYIYXZIZIII', 'IIXZZIYIIIIIIIXYZIZIII', 'IIIIIIIIIIYIIIYZZIZIII', 'IIIIIIIIIIIXYYIIIIIIII', 'IIIIIIIYZIYIXXIIIIIIII', 'IIIIIIIIXYYIXZIIIIIIII', 'IIIIIIIIXZYYZIIIIIIIII', 'IIIIIIIIYIYZZIIIIIIIII', 'IIIIIIZIXXZIIIZIIIIIII', 'IIXIYIYXZIZIIIZIIIIIII', 'IIIXYYIIIIIIIIIIIIIIII', 'XZYIXXIIIIIIIIIIIIIIII', 'IIIYYZIIIIIIIIIIIIIIII', 'YIXIIIIIIIIIIIIIIIIIII']
clique 6 ['IIIIIIIIIIIIIIIIIIIYYY', 'IIIIIIIIXXZIIIYIIIXIXX', 'IIIIIIIIIIIIIIIIIIIZYZ', 'XZZIIIYIIIIIIIXIIIXIYI', 'IIIIIIIIIIIIIIIIXZYXZI', 'IIIIIIIIIIIIIIIIXXXIII', 'IIIIIIIIIIIIIIIXYYIIII', 'IIIIIIIIIIXIXYYIYIZIII', 'IIIIIIIIIIXIXZYYZIZIII', 'IIIIIIIIIIXYZIYZZIZIII', 'IIIIIIIIIIXZZIXIIIIIII', 'IIIIIIIIIIZIXXIIIIIIII', 'IIXIXZYIIIXIYIZIIIIIII', 'IIIIIIIIXZYXZIIIIIIIII', 'IIIIIIIXYYIIIIIIIIIIII', 'IIXXZIYIYIZIIIZIIIIIII', 'IIXIYIYYZIZIIIZIIIIIII', 'IIXZZIXIIIIIIIIIIIIIII', 'XYZIIIYZZIZIIIZIIIIIII', 'IIZIXXIIIIIIIIIIIIIIII', 'XXYIXYIIIIIIIIIIIIIIII', 'YIYYZIIIIIIIIIIIIIIIII']
clique 7 ['IIIIIIIIIIIIIIIIIIZIXX', 'IIIIIIIIIIIIIIZIIIXIXY', 'IIIIIIIIIIXIXXYIIIXIYI', 'IIXYZIYIIIIIIIXIIIXIXZ', 'IIIIIIIIIIIIIIIIYIYXZI', 'IIIIIIIIIIXXZIYIIIXYZI', 'IIIIIIIIIIIIIIIIXXYZZI', 'IIIIIIIIIIIIIIIZYYIIII', 'IIXIXZYIIIIIIIXIXZZIII', 'IIIIIIIIIIXIXZYXZIZIII', 'IIIIIIIIIIXIYIYYZIZIII', 'IIIIIIIIIIIZYYIIIIIIII', 'XXZIIIYIIIXYZIZIIIIIII', 'IIIIIIIIXXXIIIIIIIIIII', 'IIIIIIZIXYZIIIZIIIIIII', 'IIIIIIIXXIIIIIIIIIIIII', 'YIZIIIYIXZZIIIZIIIIIII', 'IIYIIIYYZIZIIIZIIIIIII', 'IIXIYIYZZIZIIIZIIIIIII', 'IIIZYYIIIIIIIIIIIIIIII', 'XYYIXXIIIIIIIIIIIIIIII', 'XZYXZIIIIIIIIIIIIIIIII']
clique 8 ['IIIIIIIIIIIIIIIIIIIZYY', 'IIIIIIIIIIIIIIIIYIYIXX', 'IIIIIIIIIIIIIIIIXXYIXZ', 'IIIIIIIIIIIIIIIIXZYIYI', 'IIIIIIIIIIYIIIYIIIXXZI', 'XXZIIIYIIIIIIIXIIIXYZI', 'YIZIIIYIIIIIIIXIIIYIII', 'IIIIIIIIIIXIXXYIXYZIII', 'IIIIIIIIXXZIIIYXZIZIII', 'IIIIIIIIXZZIIIYYZIZIII', 'IIIIIIIZZIZIIIYZZIZIII', 'IIXIXYYIIIIIIIYIIIIIII', 'IIIIIIIXZIYIXYIIIIIIII', 'IIIIIIIIIIIXXIIIIIIIII', 'IIIIIIIIIIIYYZIIIIIIII', 'IIIIIIIIXYYZZIIIIIIIII', 'IIXIYIYIYIZIIIZIIIIIII', 'XZZIIIYYZIZIIIZIIIIIII', 'IIXYZIXIIIIIIIIIIIIIII', 'IIIZYXIIIIIIIIIIIIIIII', 'IIIXYZIIIIIIIIIIIIIIII', 'XYXIIIIIIIIIIIIIIIIIII']
clique 9 ['IIIIIIIIIIIIIIIIIIIZYX', 'IIXIYIYIIIIIIIXIIIXIXY', 'IIIIIIIIIIIIIIIIYIYIXZ', 'XYZIIIYIIIIIIIXIIIXIYI', 'IIIIIIIIIIIIIIIIXXYYZI', 'IIIIIIIIIIXYZIYIIIXXZI', 'IIIIIIIIXZZIIIYIIIYIII', 'IIIIIIIIIIIIIIZIXYZIII', 'IIIIIIIIIIIIIIIYYZIIII', 'IIIIIIIIYIZIIIYXZIZIII', 'IIXYZIYIIIIIIIXZZIZIII', 'IIIIIIIIIIZIXYIIIIIIII', 'YIZIIIYIIIXIXXZIIIIIII', 'IIIIIIIIIIIZYZIIIIIIII', 'IIIIIIIXZIYIYIIIIIIIII', 'IIYIIIYIIIXXZIZIIIIIII', 'IIIIIIIZYXIIIIIIIIIIII', 'IIXIXXYIXYZIIIZIIIIIII', 'XXZIIIYYZIZIIIZIIIIIII', 'IIXXZIXIIIIIIIIIIIIIII', 'XZYIXYIIIIIIIIIIIIIIII', 'IIIZYZIIIIIIIIIIIIIIII']
clique 10 ['IIIIIIIIIIIIIIIIIIZIXY', 'XXZIIIYIIIIIIIXIIIXIXX', 'IIIIIIIIIIIIIIIYZIYIXZ', 'IIIIIIIIYIZIIIYIIIXIYI', 'IIIIIIIIIIIIIIIZZIYYZI', 'IIXIXXYIIIIIIIXIIIXXZI', 'IIIIIIIIIIXIXXYIIIXZZI', 'IIIIIIIIIIXIXYYIXYZIII', 'IIIIIIIIIIXZZIYIXXZIII', 'IIIIIIIIIIIIIIIXXIIIII', 'IIIIIIIIIIXIXZYIXZZIII', 'IIXXZIYIIIIIIIYIIIIIII', 'IIIIIIIYZIYIYIIIIIIIII', 'IIIIIIIIXYYYZIIIIIIIII', 'IIIIIIIXZIYXZIIIIIIIII', 'IIIIIIIZZIXIIIIIIIIIII', 'IIXIXYYIXXZIIIZIIIIIII', 'IIXIYIYIXZZIIIZIIIIIII', 'YIZIIIXIIIIIIIIIIIIIII', 'IIZIXZIIIIIIIIIIIIIIII', 'XZYYZIIIIIIIIIIIIIIIII', 'XYYZZIIIIIIIIIIIIIIIII']
clique 11 ['IIIIIIIIIIIIIIIIXYYIXX', 'IIIIIIIIIIIIIIIIXXYIXY', 'IIIIIIIIIIXIXYYIIIXIXZ', 'YIZIIIYIIIIIIIXIIIXIYI', 'IIIIIIIIIIIIIIIXZIYXZI', 'IIIIIIIZZIZIIIYIIIXYZI', 'IIIIIIIIIIIIIIIYZIYZZI', 'IIXIXZYIIIIIIIXIIIYIII', 'IIIIIIIIIIIIIIIZYZIIII', 'XXZIIIYIIIIIIIXIYIZIII', 'IIIIIIIXZIZIIIXIIIIIII', 'XZZIIIYIIIXIXXZIIIIIII', 'IIIIIIIIIIIYXIIIIIIIII', 'IIIIIIIIIIIXYZIIIIIIII', 'IIIIIIIYZIYZZIIIIIIIII', 'IIXXZIYIIIYIIIZIIIIIII', 'IIXIYIYIXXZIIIZIIIIIII', 'IIXZZIYIXYZIIIZIIIIIII', 'IIIIIIZIYIZIIIZIIIIIII', 'IIXIXXYIXZZIIIZIIIIIII', 'IIZIXYIIIIIIIIIIIIIIII', 'XYYYZIIIIIIIIIIIIIIIII']
clique 12 ['IIIIIIIIIIIIIIIIXXYIXX', 'YIZIIIYIIIIIIIXIIIXIXY', 'IIIIIIIIIIIIIIIIIIZIXZ', 'IIIIIIIIIIIIIIZIIIXIYI', 'IIXIXXYIIIIIIIXIIIXYZI', 'XYZIIIYIIIIIIIXIIIXXZI', 'IIIIIIZIIIIIIIXIIIXZZI', 'IIIIIIIIIIXIXZYIXYZIII', 'IIXXZIYIIIIIIIXIYIZIII', 'IIXYZIYIIIIIIIXIXZZIII', 'IIIIIIIIIIXZZIYXZIZIII', 'IIXIXZYIIIIIIIXYZIZIII', 'IIIIIIIIIIXIXYYZZIZIII', 'IIIIIIIIYIYIXXIIIIIIII', 'IIIIIIIIXXYIYIIIIIIIII', 'IIIIIIIYZIYXZIIIIIIIII', 'IIXZZIYIIIXYZIZIIIIIII', 'IIXIYIYIIIYIIIZIIIIIII', 'IIXIXYYIXYZIIIZIIIIIII', 'IIIIIIIZYZIIIIIIIIIIII', 'XZZIIIYXZIZIIIZIIIIIII', 'XXXIIIIIIIIIIIIIIIIIII']
clique 13 ['IIIIIIIIIIIIIIIIXYYIXY', 'IIIIIIIIIIIIIIIXZIYIXX', 'IIIIIIIIIIIIIIIIIIZIYI', 'IIIIIIIZZIZIIIYIIIXIXZ', 'IIIIIIIIIIIIIIIZZIYXZI', 'IIXIXYYIIIIIIIXIIIXYZI', 'IIIIIIIIIIXIXZYIIIXZZI', 'IIIIIIIIXXZIIIYIXXZIII', 'IIIIIIIIIIIIIIIYXIIIII', 'IIIIIIIIIIIIIIZIXZZIII', 'IIXIYIYIIIXIXXZIIIIIII', 'IIYIIIYIIIXIXYZIIIIIII', 'IIIIIIIIIIZIYIIIIIIIII', 'IIIIIIIIYIYYZIIIIIIIII', 'IIXIXZYIIIXXZIZIIIIIII', 'IIIIIIIXZIYZZIIIIIIIII', 'IIXYZIYIXYZIIIZIIIIIII', 'XZZIIIYIXZZIIIZIIIIIII', 'IIXIXXYYZIZIIIZIIIIIII', 'XYZIIIXIIIIIIIIIIIIIII', 'XXYXZIIIIIIIIIIIIIIIII', 'YIYZZIIIIIIIIIIIIIIIII']
clique 14 ['IIIIIIIIIIIIIIIIXZYIXY', 'IIXXZIYIIIIIIIXIIIXIXX', 'IIIIIIIIIIIIIIIZZIYIXZ', 'IIXIXXYIIIIIIIXIIIXIYI', 'IIIIIIIIIIIIIIIIXXYXZI', 'IIIIIIIIIIIIIIIIYIYYZI', 'IIXIXYYIIIIIIIXIIIYIII', 'XZZIIIYIIIIIIIXIIIXZZI', 'IIIIIIIIIIYIIIYIXYZIII', 'IIIIIIIIIIXIXXYXZIZIII', 'IIYIIIYIIIIIIIXYZIZIII', 'XYZIIIYIIIIIIIYIIIIIII', 'IIXZZIYIIIXIXYZIIIIIII', 'IIIIIIIIXXYIXZIIIIIIII', 'IIIIIIIIXZYIYIIIIIIIII', 'IIIIIIIXZIYYZIIIIIIIII', 'IIXIYIYIIIXXZIZIIIIIII', 'IIIIIIZIIIXZZIZIIIIIII', 'IIIIIIIZYYIIIIIIIIIIII', 'IIIIIIIYXIIIIIIIIIIIII', 'YIYIXZIIIIIIIIIIIIIIII', 'XXYYZIIIIIIIIIIIIIIIII']
clique 15 ['IIIIIIIIIIIIIIIIXZYIXX', 'IIIIIIIIIIXIXYYIIIXIXY', 'IIIIIIIIIIIIIIIIXXYIYI', 'IIIIIIIIIIIIIIIXZIYIXZ', 'IIIIIIIYZIZIIIYIIIXYZI', 'XXZIIIYIIIIIIIXIIIXXZI', 'IIIIIIIIIIIIIIIZZIXIII', 'YIZIIIYIIIIIIIXIIIXZZI', 'IIYIIIYIIIIIIIXIXYZIII', 'IIXYZIYIIIIIIIXIYIZIII', 'IIXIXXYIIIIIIIXYZIZIII', 'IIIIIIIIYIZIIIXIIIIIII', 'IIIIIIIIIIIZYXIIIIIIII', 'IIIIIIIIXZYIXZIIIIIIII', 'IIXZZIYIIIXIYIZIIIIIII', 'IIIIIIZIIIXXZIZIIIIIII', 'IIXIYIYIIIXYZIZIIIIIII', 'IIIIIIIXZIXIIIIIIIIIII', 'IIXXZIYIXYZIIIZIIIIIII', 'XZZIIIYIXXZIIIZIIIIIII', 'IIXIXYYZZIZIIIZIIIIIII', 'XYYIXZIIIIIIIIIIIIIIII']
clique 16 ['IIIIIIIIIIIIIIIIYIYIXY', 'IIIIIIIIXZZIIIYIIIXIXX', 'IIIIIIIIIIIIIIIXZIYIYI', 'IIIIIIZIIIIIIIXIIIXIXZ', 'IIIIIIIIIIXIXZYIIIXXZI', 'XZZIIIYIIIIIIIXIIIXYZI', 'IIIIIIIIIIIIIIIIXYYZZI', 'IIIIIIIIIIXXZIYIIIYIII', 'IIXIXYYIIIIIIIXIXXZIII', 'YIZIIIYIIIIIIIXIXZZIII', 'IIIIIIIIYIZIIIYYZIZIII', 'IIIIIIIYZIZIIIYZZIZIII', 'IIXIXZYIIIIIIIYIIIIIII', 'IIIIIIIIXYYIXXIIIIIIII', 'XYZIIIYIIIXIXYZIIIIIII', 'IIXIYIYIIIXIYIZIIIIIII', 'IIXYZIYIIIXYZIZIIIIIII', 'IIIIIIIIXXYZZIIIIIIIII', 'IIYIIIYIIIYIIIZIIIIIII', 'IIXZZIYXZIZIIIZIIIIIII', 'IIXXZIYZZIZIIIZIIIIIII', 'XXYIXXIIIIIIIIIIIIIIII']
clique 17 ['IIIIIIIIIIIIIIIYZIYIXX', 'IIIIIIIIIIIIIIIZZIYIXY', 'IIIIIIIIIIXIYIYIIIXIYI', 'IIXIXXYIIIIIIIXIIIXIXZ', 'IIIIIIIIIIIIIIIIXYYYZI', 'IIIIIIIIIIIIIIZIIIXXZI', 'IIIIIIIZZIZIIIYIIIYIII', 'IIXIXZYIIIIIIIXIIIXZZI', 'IIIIIIIIIIXIXZYIXXZIII', 'IIIIIIIIIIXXZIYIXZZIII', 'IIIIIIIIXXZIIIYIYIZIII', 'IIIIIIIIIIYIIIYXZIZIII', 'IIIIIIIIXYYIXYIIIIIIII', 'IIXXZIYIIIXIXXZIIIIIII', 'YIZIIIYIIIXYZIZIIIIIII', 'IIXYZIYIIIXZZIZIIIIIII', 'IIIIIIIYYZIIIIIIIIIIII', 'IIXIXYYIYIZIIIZIIIIIII', 'XYZIIIYXZIZIIIZIIIIIII', 'IIYIIIXIIIIIIIIIIIIIII', 'XZYIYIIIIIIIIIIIIIIIII', 'XXYZZIIIIIIIIIIIIIIIII']
clique 18 ['IIIIIIIIIIIIIIIXZIYIXY', 'IIIIIIIIIIIIIIZIIIXIXX', 'IIIIIIIIIIIIIIIIXYYIXZ', 'IIXZZIYIIIIIIIXIIIXIYI', 'IIIIIIIIIIXZZIYIIIXXZI', 'IIXIXZYIIIIIIIXIIIXYZI', 'IIXIXYYIIIIIIIXIIIXZZI', 'XXZIIIYIIIIIIIXIIIYIII', 'IIIIIIIIIIXIXYYIXXZIII', 'IIXXZIYIIIIIIIXIXZZIII', 'XZZIIIYIIIIIIIXIYIZIII', 'IIIIIIIXZIZIIIYYZIZIII', 'IIYIIIYIIIIIIIXZZIZIII', 'IIXYZIYIIIXIXXZIIIIIII', 'IIIIIIIIIIZIXZIIIIIIII', 'IIIIIIIIYIYIYIIIIIIIII', 'IIIIIIIIXXYXZIIIIIIIII', 'IIIIIIIYZIYYZIIIIIIIII', 'IIXIYIYIXYZIIIZIIIIIII', 'XYZIIIYIXZZIIIZIIIIIII', 'IIXIXXXIIIIIIIIIIIIIII', 'YIZIIIYZZIZIIIZIIIIIII']
clique 19 ['IIIIIIIIIIIIIIIYZIYIXY', 'IIXZZIYIIIIIIIXIIIXIXX', 'IIXIXZYIIIIIIIXIIIXIYI', 'IIXXZIYIIIIIIIXIIIXIXZ', 'IIIIIIIIIIXYZIYIIIXYZI', 'IIYIIIYIIIIIIIXIIIXXZI', 'IIXIYIYIIIIIIIXIIIYIII', 'XYZIIIYIIIIIIIXIIIXZZI', 'IIIIIIIIIIIIIIIZYXIIII', 'IIIIIIIIIIXZZIYIXYZIII', 'IIIIIIIIIIIIIIZIYIZIII', 'IIXIXYYIIIIIIIXIXZZIII', 'IIIIIIIYZIZIIIYXZIZIII', 'IIIIIIIIXXYIXXIIIIIIII', 'IIIIIIZIIIXIXYZIIIIIII', 'IIXYZIYIIIXIXZZIIIIIII', 'XXZIIIYIIIXIYIZIIIIIII', 'IIIIIIIIYIYXZIIIIIIIII', 'IIIIIIIIXYXIIIIIIIIIII', 'IIIIIIIXYZIIIIIIIIIIII', 'XZZIIIYZZIZIIIZIIIIIII', 'YIYIXXIIIIIIIIIIIIIIII']
clique 20 ['IIIIIIIIIIIIIIIZZIYIXX', 'IIYIIIYIIIIIIIXIIIXIXY', 'IIIIIIIIIIXYZIYIIIXIXZ', 'IIIIIIIYZIZIIIYIIIXIYI', 'IIIIIIIIIIIIIIIYZIYXZI', 'IIIIIIIIIIIIIIZIIIXYZI', 'IIIIIIIIIIYIIIYIIIYIII', 'IIIIIIIZZIZIIIYIIIXZZI', 'IIIIIIIIXYZIIIYIXXZIII', 'IIXIXYYIIIIIIIXIXYZIII', 'IIIIIIIIIIIIIIIXYZIIII', 'IIIIIIIIIIXIXZYIYIZIII', 'IIIIIIIXZIYIXXIIIIIIII', 'IIXIYIYIIIXIXYZIIIIIII', 'XZZIIIYIIIXIYIZIIIIIII', 'XYZIIIYIIIXXZIZIIIIIII', 'IIXZZIYIIIXZZIZIIIIIII', 'IIXYZIYIXXZIIIZIIIIIII', 'IIIIIIZIXZZIIIZIIIIIII', 'IIXIXXYIYIZIIIZIIIIIII', 'XXYIXZIIIIIIIIIIIIIIII', 'YIYXZIIIIIIIIIIIIIIIII']
clique 21 ['IIIIIIIIIIXIXYYIIIXIXX', 'IIIIIIIIIIYIIIYIIIXIXY', 'IIIIIIIIIIXIXZYIIIXIXZ', 'IIIIIIIXZIZIIIYIIIXIYI', 'IIIIIIIIXZZIIIYIIIXYZI', 'XZZIIIYIIIIIIIXIIIXXZI', 'IIIIIIIIIIIIIIIIXYXIII', 'IIXXZIYIIIIIIIXIIIXZZI', 'IIXYZIYIIIIIIIXIXXZIII', 'IIIIIIIIIIXXZIYIYIZIII', 'IIIIIIZIIIIIIIXIXZZIII', 'IIIIIIIIXYZIIIYXZIZIII', 'XXZIIIYIIIIIIIXYZIZIII', 'IIIIIIIIIIXZZIYZZIZIII', 'IIIIIIIZZIZIIIXIIIIIII', 'IIXZZIYIIIXIXXZIIIIIII', 'IIYIIIYIIIXIYIZIIIIIII', 'IIXIXXYIIIXYZIZIIIIIII', 'XYZIIIYIXXZIIIZIIIIIII', 'IIXIXZYIYIZIIIZIIIIIII', 'IIXIXYYYZIZIIIZIIIIIII', 'YIYIYIIIIIIIIIIIIIIIII']
clique 22 ['IIIIIIIIIIXIXXYIIIXIXY', 'IIIIIIIXZIZIIIYIIIXIXX', 'IIIIIIIIIIIIIIIIIIIXYZ', 'IIYIIIYIIIIIIIXIIIXIYI', 'IIIIIIIIIIIIIIIXZIYYZI', 'IIIIIIIIXXZIIIYIIIYIII', 'IIXZZIYIIIIIIIXIIIXZZI', 'IIXIYIYIIIIIIIXIXYZIII', 'XYZIIIYIIIIIIIXIXXZIII', 'IIIIIIIIIIXYZIYIXZZIII', 'IIXIXZYIIIIIIIXIYIZIII', 'IIIIIIIIIIXIXYYYZIZIII', 'IIIIIIZIIIIIIIXZZIZIII', 'YIZIIIYIIIIIIIYIIIIIII', 'IIIIIIIIXYYIYIIIIIIIII', 'IIIIIIIZZIYIXZIIIIIIII', 'IIXYZIYIIIXXZIZIIIIIII', 'IIXIXXYIIIXZZIZIIIIIII', 'XZZIIIYIIIYIIIZIIIIIII', 'IIXIXYYIXZZIIIZIIIIIII', 'XXZIIIYIYIZIIIZIIIIIII', 'IIXXZIYYZIZIIIZIIIIIII']
clique 23 ['IIIIIIIIIIXIXXYIIIXIXX', 'IIIIIIIIIIXXZIYIIIXIXY', 'IIIIIIIIIIXYZIYIIIXIYI', 'XZZIIIYIIIIIIIXIIIXIXZ', 'IIIIIIIIIIXIYIYIIIXXZI', 'IIXIYIYIIIIIIIXIIIXYZI', 'IIIIIIIIIIXZZIYIIIYIII', 'IIIIIIIIYIZIIIYIIIXZZI', 'IIIIIIIYZIZIIIYIXYZIII', 'YIZIIIYIIIIIIIXIXXZIII', 'IIIIIIIIXXZIIIYIXZZIII', 'IIIIIIIZZIZIIIYIYIZIII', 'IIXXZIYIIIIIIIXXZIZIII', 'XYZIIIYIIIIIIIXYZIZIII', 'IIIIIIIIIIXIXYXIIIIIII', 'IIXZZIYIIIIIIIXZZIZIII', 'IIYIIIYIIIXIXZZIIIIIII', 'IIXYZIYIIIYIIIZIIIIIII', 'IIXIXZYIXYZIIIZIIIIIII', 'XXZIIIYIXZZIIIZIIIIIII', 'IIXIXXYXZIZIIIZIIIIIII', 'IIXIXYXIIIIIIIIIIIIIII']
clique 24 ['IIIIIIIIIIXIYIYIIIXIXX', 'IIXYZIYIIIIIIIXIIIXIXY', 'IIIIIIIIIIXIXZYIIIXIYI', 'IIYIIIYIIIIIIIXIIIXIXZ', 'IIIIIIIIYIZIIIYIIIXXZI', 'IIIIIIIXZIZIIIYIIIXYZI', 'IIIIIIIIIIIIIIIXZIXIII', 'IIIIIIIYZIZIIIYIIIXZZI', 'IIIIIIIIIIXXZIYIXXZIII', 'XZZIIIYIIIIIIIXIXYZIII', 'IIIIIIIIIIYIIIYIYIZIII', 'IIIIIIIIIIXZZIYIXZZIII', 'IIXXZIYIIIIIIIXYZIZIII', 'IIIIIIIIXYZIIIXIIIIIII', 'YIZIIIYIIIIIIIXZZIZIII', 'IIXIXYYIIIXIXYZIIIIIII', 'XYZIIIYIIIXIXXZIIIIIII', 'IIIIIIZIIIXYZIZIIIIIII', 'IIXIXZYIXXZIIIZIIIIIII', 'IIXZZIYIXZZIIIZIIIIIII', 'IIXIXXYZZIZIIIZIIIIIII', 'XXYIYIIIIIIIIIIIIIIIII']
clique 25 ['IIIIIIIIIIXIXZYIIIXIXY', 'XYZIIIYIIIIIIIXIIIXIXX', 'IIIIIIIIXYZIIIYIIIXIXZ', 'IIXYZIYIIIIIIIXIIIXIYI', 'IIIIIIIIIIXIXYYIIIXXZI', 'IIIIIIIIIIYIIIYIIIXYZI', 'IIIIIIIIIIIIIIIZZIYZZI', 'IIIIIIIYZIZIIIYIIIYIII', 'IIIIIIIIXZZIIIYIXYZIII', 'IIXIXZYIIIIIIIXIXXZIII', 'YIZIIIYIIIIIIIXIYIZIII', 'XZZIIIYIIIIIIIXIXZZIII', 'IIIIIIIIIIXXZIYXZIZIII', 'IIIIIIZIIIIIIIXYZIZIII', 'IIXIXXYIIIIIIIYIIIIIII', 'IIIIIIIZZIYIXXIIIIIIII', 'IIXIXYYIIIXIYIZIIIIIII', 'IIXXZIYIIIXYZIZIIIIIII', 'IIXIYIYIIIXZZIZIIIIIII', 'XXZIIIYIXXZIIIZIIIIIII', 'IIXZZIYIYIZIIIZIIIIIII', 'IIYIIIYXZIZIIIZIIIIIII']
clique 26 ['IIIIIIIIIIXIXZYIIIXIXX', 'IIIIIIIIIIXYZIYIIIXIXY', 'IIIIIIIIXXZIIIYIIIXIXZ', 'IIXIYIYIIIIIIIXIIIXIYI', 'IIIIIIIIIIXXZIYIIIXXZI', 'IIIIIIIIXYZIIIYIIIXYZI', 'IIIIIIIIXZZIIIYIIIXZZI', 'IIIIIIZIIIIIIIXIIIYIII', 'IIIIIIIIIIXIYIYIXYZIII', 'IIXIXXYIIIIIIIXIXXZIII', 'IIIIIIIIIIXIXYYIXZZIII', 'XYZIIIYIIIIIIIXIYIZIII', 'XXZIIIYIIIIIIIXXZIZIII', 'YIZIIIYIIIIIIIXYZIZIII', 'IIIIIIIIIIYIIIXIIIIIII', 'IIXXZIYIIIIIIIXZZIZIII', 'IIXIXYYIIIXIXXZIIIIIII', 'IIYIIIYIIIXZZIZIIIIIII', 'XZZIIIYIYIZIIIZIIIIIII', 'IIXIXZYXZIZIIIZIIIIIII', 'IIXZZIYYZIZIIIZIIIIIII', 'IIXYZIYZZIZIIIZIIIIIII']
clique 27 ['IIIIIIIIIIXIYIYIIIXIXY', 'XZZIIIYIIIIIIIXIIIXIXX', 'IIIIIIIIIIIIIIIYZIYIYI', 'IIIIIIIIYIZIIIYIIIXIXZ', 'IIIIIIZIIIIIIIXIIIXYZI', 'IIXIYIYIIIIIIIXIIIXXZI', 'IIXIXXYIIIIIIIXIIIXZZI', 'IIXZZIYIIIIIIIXIIIYIII', 'IIXXZIYIIIIIIIXIXXZIII', 'YIZIIIYIIIIIIIXIXYZIII', 'IIIIIIIXZIZIIIYIXZZIII', 'IIYIIIYIIIIIIIXIYIZIII', 'XYZIIIYIIIIIIIXXZIZIII', 'IIIIIIIIXYZIIIYZZIZIII', 'IIXYZIYIIIIIIIYIIIIIII', 'IIIIIIIIXXYIXYIIIIIIII', 'IIIIIIIIXZYIXXIIIIIIII', 'IIIIIIIYZIYIXZIIIIIIII', 'IIIIIIIZZIYXZIIIIIIIII', 'IIXIXZYIIIXYZIZIIIIIII', 'IIXIXYYIIIXZZIZIIIIIII', 'XXZIIIYIIIYIIIZIIIIIII']
clique 28 ['IIIIIIIIIIXYZIYIIIXIXX', 'IIXXZIYIIIIIIIXIIIXIXY', 'IIIIIIIIIIXZZIYIIIXIXZ', 'IIXIXYYIIIIIIIXIIIXIYI', 'IIIIIIIIXZZIIIYIIIXXZI', 'IIXZZIYIIIIIIIXIIIXYZI', 'IIIIIIIIIIIIIIIXZIYZZI', 'IIIIIIIIXYZIIIYIIIYIII', 'IIIIIIZIIIIIIIXIXYZIII', 'IIXIYIYIIIIIIIXIXXZIII', 'IIIIIIIIIIXIYIYIXZZIII', 'IIIIIIIIYIZIIIYIYIZIII', 'IIXYZIYIIIIIIIXYZIZIII', 'IIIIIIIIXXZIIIXIIIIIII', 'XYZIIIYIIIIIIIXZZIZIII', 'IIXIXZYIIIXIXYZIIIIIII', 'XXZIIIYIIIXIXXZIIIIIII', 'IIIIIIIXZIYIXZIIIIIIII', 'XZZIIIYIIIXXZIZIIIIIII', 'IIXIXXYIIIYIIIZIIIIIII', 'YIZIIIYYZIZIIIZIIIIIII', 'IIYIIIYZZIZIIIZIIIIIII']
clique 29 ['IIIIIIIIIIXXZIYIIIXIXX', 'IIIIIIIIIIXZZIYIIIXIXY', 'IIIIIIIIIIIIIIIIIIIXXI', 'IIXIXYYIIIIIIIXIIIXIXZ', 'IIIIIIIIYIZIIIYIIIXYZI', 'IIIIIIIIIIXIXXYIIIYIII', 'IIXIYIYIIIIIIIXIIIXZZI', 'IIIIIIIIXZZIIIYIXXZIII', 'XYZIIIYIIIIIIIXIXYZIII', 'IIIIIIIIIIXIYIYIYIZIII', 'IIIIIIIIXYZIIIYIXZZIII', 'IIIIIIIIIIYIIIYYZIZIII', 'IIIIIIZIIIIIIIXXZIZIII', 'IIYIIIYIIIIIIIYIIIIIII', 'XXZIIIYIIIIIIIXZZIZIII', 'IIXIXXYIIIXIXYZIIIIIII', 'IIXXZIYIIIXIXZZIIIIIII', 'XZZIIIYIIIXYZIZIIIIIII', 'YIZIIIYIXXZIIIZIIIIIII', 'IIXIXZYYZIZIIIZIIIIIII', 'IIXYZIYXZIZIIIZIIIIIII', 'IIXZZIYZZIZIIIZIIIIIII']
clique 30 ['IIXIXYYIIIIIIIXIIIXIXY', 'IIYIIIYIIIIIIIXIIIXIXX', 'IIIIIIIIIIIIIIIIIIIYYZ', 'IIIIIIIIXYZIIIYIIIXIYI', 'IIIIIIIIXXZIIIYIIIXXZI', 'IIIIIIIIIIXXZIYIIIXZZI', 'IIXIXXYIIIIIIIXIIIYIII', 'IIIIIIIIIIYIIIYIXXZIII', 'IIXXZIYIIIIIIIXIXYZIII', 'IIIIIIIIIIXYZIYIYIZIII', 'IIXZZIYIIIIIIIXIXZZIII', 'IIIIIIIIXZZIIIYXZIZIII', 'XZZIIIYIIIIIIIXYZIZIII', 'IIIIIIIIIIXIXXXIIIIIII', 'IIXIXZYIIIIIIIXZZIZIII', 'IIIIIIIZZIYIXYIIIIIIII', 'IIIIIIZIIIXIYIZIIIIIII', 'IIXIYIYIIIXIXZZIIIIIII', 'YIZIIIYIIIXZZIZIIIIIII', 'IIXYZIYIYIZIIIZIIIIIII', 'XXZIIIYXZIZIIIZIIIIIII', 'XYZIIIYYZIZIIIZIIIIIII']
clique 31 ['IIIIIIIIIIYIIIYIIIXIXX', 'IIIIIIIIXYZIIIYIIIXIXY', 'IIIIIIIIIIIIIIIIXZYIXZ', 'IIIIIIIIIIXZZIYIIIXIYI', 'IIIIIIIIIIXIXZYIIIXYZI', 'IIXIXYYIIIIIIIXIIIXXZI', 'IIIIIIIIIIXIXYYIIIXZZI', 'XZZIIIYIIIIIIIXIIIYIII', 'IIIIIIIIIIXYZIYIXYZIII', 'IIIIIIZIIIIIIIXIXXZIII', 'IIIIIIIYZIZIIIYIYIZIII', 'IIIIIIIIXXZIIIYYZIZIII', 'IIXYZIYIIIIIIIXXZIZIII', 'IIIIIIIIIIXIXXYZZIZIII', 'IIXZZIYIIIIIIIYIIIIIII', 'IIXIXXYIIIXIYIZIIIIIII', 'IIXXZIYIIIXXZIZIIIIIII', 'IIXIXZYIXZZIIIZIIIIIII', 'XYZIIIYIYIZIIIZIIIIIII', 'YIZIIIYXZIZIIIZIIIIIII', 'XXZIIIYZZIZIIIZIIIIIII', 'IIZIYIIIIIIIIIIIIIIIII']
clique 32 ['IIIIIIIYZIZIIIYIIIXIXX', 'IIXZZIYIIIIIIIXIIIXIXY', 'IIIIIIIIIIXXZIYIIIXIYI', 'IIIIIIIIXZZIIIYIIIXIXZ', 'IIIIIIIIIIIIIIIYZIYYZI', 'IIIIIIIXZIZIIIYIIIXXZI', 'IIIIIIIIXXZIIIYIIIXZZI', 'IIXYZIYIIIIIIIXIIIYIII', 'IIIIIIIIIIXIXXYIXXZIII', 'IIXIXXYIIIIIIIXIXYZIII', 'IIIIIIZIIIIIIIXIYIZIII', 'IIYIIIYIIIIIIIXIXZZIII', 'XZZIIIYIIIIIIIXXZIZIII', 'IIIIIIIIIIXIYIYZZIZIII', 'IIXIYIYIIIIIIIYIIIIIII', 'IIXXZIYIIIXIXYZIIIIIII', 'IIXIXZYIIIXIXZZIIIIIII', 'XYZIIIYIIIXYZIZIIIIIII', 'IIIIIIIZZIYZZIIIIIIIII', 'IIXIXYYIIIYIIIZIIIIIII', 'XXZIIIYIXYZIIIZIIIIIII', 'YIZIIIYIYIZIIIZIIIIIII']
clique 33 ['IIIIIIIIXYZIIIYIIIXIXX', 'XZZIIIYIIIIIIIXIIIXIXY', 'IIIIIIIIIIIIIIIIXYYIYI', 'IIIIIIIYZIZIIIYIIIXIXZ', 'IIIIIIZIIIIIIIXIIIXXZI', 'IIXYZIYIIIIIIIXIIIXYZI', 'IIIIIIIIIIXYZIYIIIXZZI', 'IIXXZIYIIIIIIIXIIIYIII', 'IIIIIIIIYIZIIIYIXXZIII', 'IIXIXYYIIIIIIIXIYIZIII', 'XXZIIIYIIIIIIIXIXZZIII', 'IIIIIIIXZIZIIIYXZIZIII', 'IIXIYIYIIIIIIIXYZIZIII', 'IIIIIIIIIIXXZIXIIIIIII', 'IIIIIIIIXZZIIIYZZIZIII', 'IIXIXZYIIIXIXXZIIIIIII', 'YIZIIIYIIIXIXYZIIIIIII', 'IIIIIIIZZIYIYIIIIIIIII', 'IIXIXXYIIIXIXZZIIIIIII', 'IIXZZIYIIIYIIIZIIIIIII', 'XYZIIIYIIIXZZIZIIIIIII', 'IIYIIIYIXXZIIIZIIIIIII']
clique 34 ['IIIIIIIIYIZIIIYIIIXIXY', 'IIIIIIZIIIIIIIXIIIXIXX', 'IIIIIIIIIIYIIIYIIIXIYI', 'IIXIYIYIIIIIIIXIIIXIXZ', 'IIIIIIIIIIXIXXYIIIXXZI', 'IIIIIIIIIIXIYIYIIIXYZI', 'IIIIIIIIIIIIIIIYZIXIII', 'XXZIIIYIIIIIIIXIIIXZZI', 'IIIIIIIXZIZIIIYIXYZIII', 'IIYIIIYIIIIIIIXIXXZIII', 'IIIIIIIZZIZIIIYIXZZIII', 'IIXIXXYIIIIIIIXIYIZIII', 'IIXZZIYIIIIIIIXXZIZIII', 'IIIIIIIIIIXYZIXIIIIIII', 'IIIIIIIIIIXXZIYZZIZIII', 'IIIIIIIYZIYIXYIIIIIIII', 'XZZIIIYIIIXIXZZIIIIIII', 'IIXIXZYIIIXZZIZIIIIIII', 'IIXXZIYIXXZIIIZIIIIIII', 'XYZIIIYIXYZIIIZIIIIIII', 'IIXYZIYIXZZIIIZIIIIIII', 'YIYIXYIIIIIIIIIIIIIIII']
clique 35 ['IIIIIIIIIIXZZIYIIIXIXX', 'IIXIXXYIIIIIIIXIIIXIXY', 'IIIIIIIIIIYIIIYIIIXIXZ', 'IIIIIIIIXZZIIIYIIIXIYI', 'IIIIIIIIIIXIXYYIIIXYZI', 'IIIIIIIZZIZIIIYIIIXXZI', 'IIIIIIIIIIIIIIZIIIYIII', 'IIXYZIYIIIIIIIXIIIXZZI', 'IIIIIIIYZIZIIIYIXXZIII', 'IIXIXZYIIIIIIIXIXYZIII', 'IIIIIIIIIIXIXXYIXZZIII', 'IIXIYIYIIIIIIIXIYIZIII', 'IIIIIIIIIIXYZIYXZIZIII', 'IIXIXYYIIIIIIIXYZIZIII', 'IIIIIIIIXXZIIIYZZIZIII', 'XYZIIIYIIIXIYIZIIIIIII', 'XXZIIIYIIIXIXZZIIIIIII', 'IIXZZIYIIIXXZIZIIIIIII', 'YIZIIIYIXYZIIIZIIIIIII', 'IIYIIIYIYIZIIIZIIIIIII', 'IIXXZIYXZIZIIIZIIIIIII', 'XZZIIIXIIIIIIIIIIIIIII']
clique 36 ['IIIIIIIYZIZIIIYIIIXIXY', 'IIXIYIYIIIIIIIXIIIXIXX', 'IIIIIIIIXXZIIIYIIIXIYI', 'IIXIXZYIIIIIIIXIIIXIXZ', 'IIXZZIYIIIIIIIXIIIXXZI', 'IIYIIIYIIIIIIIXIIIXYZI', 'IIIIIIIIIIXZZIYIIIXZZI', 'IIIIIIIXZIZIIIYIIIYIII', 'IIIIIIIZZIZIIIYIXXZIII', 'IIXYZIYIIIIIIIXIXYZIII', 'IIIIIIIIIIXIXXYIYIZIII', 'XYZIIIYIIIIIIIXIXZZIII', 'IIIIIIIIIIXYZIYYZIZIII', 'YIZIIIYIIIIIIIXXZIZIII', 'IIIIIIIIXZZIIIXIIIIIII', 'IIXIXYYIIIIIIIXZZIZIII', 'XXZIIIYIIIXIXYZIIIIIII', 'IIIIIIIIYIYIXZIIIIIIII', 'IIXXZIYIIIXIYIZIIIIIII', 'IIXIXXYIIIXXZIZIIIIIII', 'IIIIIIZIIIYIIIZIIIIIII', 'XZZIIIYIXYZIIIZIIIIIII']
clique 37 ['IIIIIIIIXXZIIIYIIIXIXY', 'IIXIXXYIIIIIIIXIIIXIXX', 'IIIIIIIIIIXXZIYIIIXIXZ', 'IIIIIIIZZIZIIIYIIIXIYI', 'IIIIIIIIIIXZZIYIIIXYZI', 'IIIIIIIYZIZIIIYIIIXXZI', 'IIIIIIIIIIYIIIYIIIXZZI', 'XYZIIIYIIIIIIIXIIIYIII', 'IIXZZIYIIIIIIIXIXYZIII', 'XXZIIIYIIIIIIIXIXXZIII', 'IIIIIIIXZIZIIIYIYIZIII', 'IIXIYIYIIIIIIIXIXZZIII', 'IIIIIIIIXYZIIIYYZIZIII', 'IIXIXZYIIIIIIIXXZIZIII', 'IIIIIIIIYIZIIIYZZIZIII', 'XZZIIIYIIIIIIIYIIIIIII', 'IIIIIIZIIIXIXXZIIIIIII', 'IIXYZIYIIIXIXYZIIIIIII', 'IIXIXYYIIIXIXZZIIIIIII', 'YIZIIIYIIIXIYIZIIIIIII', 'IIYIIIYIIIXYZIZIIIIIII', 'IIXXZIYIXZZIIIZIIIIIII']
clique 38 ['IIIIIIIIYIZIIIYIIIXIXX', 'IIIIIIIZZIZIIIYIIIXIXY', 'IIIIIIIIIIIIIIIIYIYIYI', 'IIXZZIYIIIIIIIXIIIXIXZ', 'IIIIIIIIXXZIIIYIIIXYZI', 'YIZIIIYIIIIIIIXIIIXXZI', 'IIIIIIIIIIXIXZYIIIYIII', 'IIIIIIIIXYZIIIYIIIXZZI', 'IIIIIIIIIIXXZIYIXYZIII', 'IIIIIIIXZIZIIIYIXXZIII', 'IIIIIIIIXZZIIIYIXZZIII', 'IIIIIIIIIIXZZIYYZIZIII', 'IIIIIIIYZIZIIIXIIIIIII', 'IIXIXXYIIIIIIIXZZIZIII', 'IIYIIIYIIIXIXXZIIIIIII', 'XZZIIIYIIIXIXYZIIIIIII', 'IIXYZIYIIIXIYIZIIIIIII', 'IIXIXYYIIIXYZIZIIIIIII', 'IIXIXZYIIIYIIIZIIIIIII', 'XXZIIIXIIIIIIIIIIIIIII', 'IIIXXIIIIIIIIIIIIIIIII']
clique 39 ['IIIIIIIIXZZIIIYIIIXIXY', 'IIIIIIIZZIZIIIYIIIXIXX', 'IIIIIIIIIIXIXYYIIIXIYI', 'IIIIIIIIIIXIYIYIIIXIXZ', 'IIXXZIYIIIIIIIXIIIXXZI', 'XYZIIIYIIIIIIIXIIIXYZI', 'IIIIIIIIYIZIIIYIIIYIII', 'IIYIIIYIIIIIIIXIIIXZZI', 'IIIIIIIIIIXYZIYIXXZIII', 'IIIIIIIIXXZIIIYIXYZIII', 'IIIIIIIIIIYIIIYIXZZIII', 'IIIIIIIIXYZIIIYIYIZIII', 'IIIIIIIYZIZIIIYYZIZIII', 'IIXIXYYIIIIIIIXXZIZIII', 'IIIIIIIXZIZIIIYZZIZIII', 'IIIIIIZIIIIIIIYIIIIIII', 'IIXIXXYIIIXIXXZIIIIIII', 'IIXZZIYIIIXIXZZIIIIIII', 'YIZIIIYIIIXXZIZIIIIIII', 'XXZIIIYIIIXZZIZIIIIIII', 'IIIYXIIIIIIIIIIIIIIIII', 'XZYIXZIIIIIIIIIIIIIIII']
clique 40 ['IIIIIIZIIIIIIIXIIIXIXY', 'IIXIXZYIIIIIIIXIIIXIXX', 'IIIIIIIXZIZIIIYIIIXIXZ', 'IIXXZIYIIIIIIIXIIIXIYI', 'IIIIIIIIIIXIXXYIIIXYZI', 'IIXYZIYIIIIIIIXIIIXXZI', 'IIIIIIIIIIIIIIZIIIXZZI', 'IIIIIIIIIIXIYIYIIIYIII', 'IIIIIIIIYIZIIIYIXYZIII', 'IIXZZIYIIIIIIIXIXXZIII', 'IIIIIIIIIIXZZIYIYIZIII', 'IIXIXXYIIIIIIIXIXZZIII', 'IIIIIIIZZIZIIIYYZIZIII', 'IIXIYIYIIIIIIIXXZIZIII', 'XZZIIIYIIIIIIIXZZIZIII', 'IIIIIIIIXZYIXYIIIIIIII', 'YIZIIIYIIIXIXZZIIIIIII', 'IIIIIIIIXXYYZIIIIIIIII', 'XXZIIIYIIIXXZIZIIIIIII', 'IIIIIIIYZIXIIIIIIIIIII', 'IIYIIIYIXYZIIIZIIIIIII', 'XYYIXYIIIIIIIIIIIIIIII']
clique 41 ['IIXIXZYIIIIIIIXIIIXIXY', 'IIXYZIYIIIIIIIXIIIXIXX', 'IIIIIIIIIIIIIIIZZIYIYI', 'IIIIIIIIIIIIIIZIIIXIXZ', 'IIIIIIIIXYZIIIYIIIXXZI', 'IIXXZIYIIIIIIIXIIIXYZI', 'IIIIIIIIIIXYZIYIIIYIII', 'IIIIIIIXZIZIIIYIIIXZZI', 'IIIIIIIIIIXIYIYIXXZIII', 'XXZIIIYIIIIIIIXIXYZIII', 'IIIIIIIYZIZIIIYIXZZIII', 'IIXZZIYIIIIIIIXIYIZIII', 'IIIIIIIIIIXIXXYYZIZIII', 'IIIIIIIZZIZIIIYXZIZIII', 'IIIIIIIIYIYIXYIIIIIIII', 'IIIIIIZIIIXIXZZIIIIIII', 'IIXIXYYIIIXXZIZIIIIIII', 'YIZIIIYIIIYIIIZIIIIIII', 'XZZIIIYIIIXZZIZIIIIIII', 'IIXIXXYIXXZIIIZIIIIIII', 'IIYIIIYIXZZIIIZIIIIIII', 'XYYIYIIIIIIIIIIIIIIIII']
clique 42 ['IIIIIIIXZIZIIIYIIIXIXY', 'IIXIXYYIIIIIIIXIIIXIXX', 'IIIIIIIIIIXIXXYIIIXIXZ', 'IIIIIIZIIIIIIIXIIIXIYI', 'IIXIXZYIIIIIIIXIIIXXZI', 'YIZIIIYIIIIIIIXIIIXYZI', 'IIIIIIIIIIXIXYYIIIYIII', 'IIIIIIIIIIXIYIYIIIXZZI', 'IIIIIIIIXYZIIIYIXYZIII', 'XZZIIIYIIIIIIIXIXXZIII', 'IIIIIIIIXZZIIIYIYIZIII', 'IIIIIIIIYIZIIIYIXZZIII', 'IIIIIIIIIIXXZIYYZIZIII', 'IIXIXXYIIIIIIIXXZIZIII', 'IIXIYIYIIIIIIIXZZIZIII', 'XXZIIIYIIIIIIIYIIIIIII', 'XYZIIIYIIIXIXZZIIIIIII', 'IIIIIIIZZIYYZIIIIIIIII', 'IIXXZIYIIIXZZIZIIIIIII', 'IIXZZIYIXXZIIIZIIIIIII', 'IIXYZIYYZIZIIIZIIIIIII']
clique 43 ['IIYIIIYIIIIIIIXXZIZIII', 'XYZIIIYIIIYIIIZIIIIIII']
