GS energy with  DMRG -16.203317222955157
N= 10.99999999985563
E= -16.203317222955157
D= [[ 3.98731240e-01+0.j -2.43519694e-02+0.j  4.08500889e-01+0.j
  -3.38850481e-08+0.j  8.14806260e-02+0.j  1.95935799e-02+0.j
  -1.47178185e-01+0.j  4.06562137e-08+0.j -7.44773852e-02+0.j
  -1.79095428e-02+0.j  7.99660398e-02+0.j  4.32236623e-07+0.j
   7.00758164e-02+0.j  1.68530110e-02+0.j -4.46160533e-02+0.j
   9.30415642e-07+0.j -6.66673834e-02+0.j -1.60339685e-02+0.j
   2.01738713e-02+0.j -9.56668361e-06+0.j  6.33597484e-02+0.j
   1.52281876e-02+0.j]
 [-2.43519694e-02+0.j  6.01268788e-01+0.j -3.38304188e-08+0.j
   4.08500906e-01+0.j  1.95935654e-02+0.j -8.14806575e-02+0.j
   5.02047970e-08+0.j -1.47178202e-01+0.j -1.79095339e-02+0.j
   7.44773894e-02+0.j -5.42174755e-08+0.j  7.99663980e-02+0.j
   1.68511906e-02+0.j -7.00768971e-02+0.j -7.54122641e-08+0.j
  -4.46171741e-02+0.j -1.60316878e-02+0.j  6.66669002e-02+0.j
   5.76732467e-08+0.j  2.01685649e-02+0.j  1.52353383e-02+0.j
  -6.33596757e-02+0.j]
 [ 4.08500889e-01+0.j -3.38304188e-08+0.j  5.19402417e-01+0.j
   4.66570925e-03+0.j  2.57213404e-01+0.j  4.41442086e-09+0.j
  -6.30981056e-03+0.j -1.51733309e-03+0.j -6.58087597e-02+0.j
  -4.46889791e-09+0.j  3.25616005e-03+0.j  7.82297901e-04+0.j
   3.49480498e-02+0.j -1.58064270e-06+0.j -1.73464187e-03+0.j
  -4.19174425e-04+0.j -2.44255762e-02+0.j  4.76680790e-06+0.j
   7.76567674e-04+0.j  1.94874093e-04+0.j  2.01686789e-02+0.j
   9.63420394e-06+0.j]
 [-3.38850481e-08+0.j  4.08500906e-01+0.j  4.66570925e-03+0.j
   4.80597598e-01+0.j  1.11441788e-08+0.j  2.57213410e-01+0.j
  -1.51733375e-03+0.j  6.30978773e-03+0.j -8.61577523e-09+0.j
  -6.58088010e-02+0.j  7.83010257e-04+0.j -3.25582285e-03+0.j
   5.44009022e-08+0.j  3.49477701e-02+0.j -4.17442989e-04+0.j
   1.73549861e-03+0.j -2.28569469e-07+0.j -2.44207672e-02+0.j
   1.86731754e-04+0.j -7.76675250e-04+0.j -8.07671712e-08+0.j
   2.01740405e-02+0.j]
 [ 8.14806260e-02+0.j  1.95935654e-02+0.j  2.57213404e-01+0.j
   1.11441789e-08+0.j  4.01285173e-01+0.j -2.37378653e-02+0.j
   3.43747302e-01+0.j -3.53391314e-08+0.j  8.05683098e-02+0.j
   1.93742469e-02+0.j -1.13491010e-01+0.j  5.03699891e-07+0.j
  -7.43422460e-02+0.j -1.78757153e-02+0.j  5.63038694e-02+0.j
   2.49635057e-08+0.j  7.02483607e-02+0.j  1.68918648e-02+0.j
  -2.44208717e-02+0.j -4.85612830e-06+0.j -6.66671629e-02+0.j
  -1.60341099e-02+0.j]
 [ 1.95935799e-02+0.j -8.14806575e-02+0.j  4.41442088e-09+0.j
   2.57213410e-01+0.j -2.37378653e-02+0.j  5.98714840e-01+0.j
  -3.27206993e-08+0.j  3.43747246e-01+0.j  1.93742083e-02+0.j
  -8.05683423e-02+0.j  1.81067505e-08+0.j -1.13490556e-01+0.j
  -1.78769418e-02+0.j  7.43418742e-02+0.j -3.69532728e-08+0.j
   5.63027650e-02+0.j  1.68929661e-02+0.j -7.02482492e-02+0.j
   2.71044269e-07+0.j -2.44257842e-02+0.j -1.60318507e-02+0.j
   6.66678291e-02+0.j]
 [-1.47178185e-01+0.j  5.02047971e-08+0.j -6.30981056e-03+0.j
  -1.51733375e-03+0.j  3.43747302e-01+0.j -3.27206994e-08+0.j
   5.23649203e-01+0.j  5.68696183e-03+0.j  2.94084493e-01+0.j
  -1.34414300e-08+0.j -8.38064575e-03+0.j -2.01555451e-03+0.j
  -9.15826554e-02+0.j -1.30548200e-07+0.j  4.13225214e-03+0.j
   9.93247709e-04+0.j  5.63028694e-02+0.j  1.95227179e-08+0.j
  -1.73532558e-03+0.j -4.19114601e-04+0.j -4.46173819e-02+0.j
  -8.99523111e-07+0.j]
 [ 4.06562137e-08+0.j -1.47178202e-01+0.j -1.51733309e-03+0.j
   6.30978773e-03+0.j -3.53391314e-08+0.j  3.43747246e-01+0.j
   5.68696183e-03+0.j  4.76350806e-01+0.j -1.48538199e-08+0.j
   2.94084416e-01+0.j -2.01530742e-03+0.j  8.38065662e-03+0.j
  -1.84195255e-09+0.j -9.15825836e-02+0.j  9.93482507e-04+0.j
  -4.13230606e-03+0.j -2.70461474e-08+0.j  5.63040244e-02+0.j
  -4.17342242e-04+0.j  1.73431233e-03+0.j  6.77303273e-08+0.j
  -4.46161554e-02+0.j]
 [-7.44773852e-02+0.j -1.79095339e-02+0.j -6.58087597e-02+0.j
  -8.61577520e-09+0.j  8.05683098e-02+0.j  1.93742083e-02+0.j
   2.94084493e-01+0.j -1.48538200e-08+0.j  4.01454532e-01+0.j
  -2.36971723e-02+0.j  3.17328393e-01+0.j -1.33816263e-08+0.j
   8.04391747e-02+0.j  1.93431431e-02+0.j -9.15826115e-02+0.j
   9.77514567e-08+0.j -7.43418998e-02+0.j -1.78756934e-02+0.j
   3.49480794e-02+0.j  1.59224399e-06+0.j  7.00768783e-02+0.j
   1.68530618e-02+0.j]
 [-1.79095428e-02+0.j  7.44773894e-02+0.j -4.46889792e-09+0.j
  -6.58088010e-02+0.j  1.93742469e-02+0.j -8.05683423e-02+0.j
  -1.34414299e-08+0.j  2.94084416e-01+0.j -2.36971723e-02+0.j
   5.98545465e-01+0.j -3.38144010e-08+0.j  3.17328357e-01+0.j
   1.93432024e-02+0.j -8.04391725e-02+0.j  4.58467444e-08+0.j
  -9.15827766e-02+0.j -1.78770052e-02+0.j  7.43423155e-02+0.j
  -2.17655598e-08+0.j  3.49481982e-02+0.j  1.68511603e-02+0.j
  -7.00757439e-02+0.j]
 [ 7.99660398e-02+0.j -5.42174755e-08+0.j  3.25616005e-03+0.j
   7.83010257e-04+0.j -1.13491010e-01+0.j  1.81067504e-08+0.j
  -8.38064575e-03+0.j -2.01530742e-03+0.j  3.17328393e-01+0.j
  -3.38144010e-08+0.j  5.24813016e-01+0.j  5.96683640e-03+0.j
   3.17328376e-01+0.j  4.86319435e-08+0.j -8.38067426e-03+0.j
  -2.01557783e-03+0.j -1.13490726e-01+0.j -5.79684309e-07+0.j
   3.25573036e-03+0.j  7.82159952e-04+0.j  7.99661993e-02+0.j
  -4.84110395e-07+0.j]
 [ 4.32236623e-07+0.j  7.99663980e-02+0.j  7.82297901e-04+0.j
  -3.25582285e-03+0.j  5.03699891e-07+0.j -1.13490556e-01+0.j
  -2.01555451e-03+0.j  8.38065662e-03+0.j -1.33816262e-08+0.j
   3.17328357e-01+0.j  5.96683640e-03+0.j  4.75186997e-01+0.j
   3.33832987e-09+0.j  3.17328415e-01+0.j -2.01532090e-03+0.j
   8.38065607e-03+0.j  1.28771870e-08+0.j -1.13491145e-01+0.j
   7.82998001e-04+0.j -3.25609839e-03+0.j  1.74427835e-08+0.j
   7.99659056e-02+0.j]
 [ 7.00758164e-02+0.j  1.68511906e-02+0.j  3.49480498e-02+0.j
   5.44009022e-08+0.j -7.43422460e-02+0.j -1.78769418e-02+0.j
  -9.15826554e-02+0.j -1.84195250e-09+0.j  8.04391747e-02+0.j
   1.93432024e-02+0.j  3.17328376e-01+0.j  3.33832996e-09+0.j
   4.01454554e-01+0.j -2.36971847e-02+0.j  2.94084463e-01+0.j
   4.53894018e-08+0.j  8.05683695e-02+0.j  1.93743210e-02+0.j
  -6.58087790e-02+0.j  5.05204974e-08+0.j -7.44772874e-02+0.j
  -1.79094959e-02+0.j]
 [ 1.68530110e-02+0.j -7.00768971e-02+0.j -1.58064270e-06+0.j
   3.49477701e-02+0.j -1.78757153e-02+0.j  7.43418742e-02+0.j
  -1.30548200e-07+0.j -9.15825836e-02+0.j  1.93431431e-02+0.j
  -8.04391725e-02+0.j  4.86319435e-08+0.j  3.17328415e-01+0.j
  -2.36971847e-02+0.j  5.98545430e-01+0.j -2.84977883e-08+0.j
   2.94084545e-01+0.j  1.93742659e-02+0.j -8.05683195e-02+0.j
   1.09392356e-08+0.j -6.58087541e-02+0.j -1.79095539e-02+0.j
   7.44773152e-02+0.j]
 [-4.46160533e-02+0.j -7.54122640e-08+0.j -1.73464187e-03+0.j
  -4.17442989e-04+0.j  5.63038694e-02+0.j -3.69532727e-08+0.j
   4.13225214e-03+0.j  9.93482507e-04+0.j -9.15826115e-02+0.j
   4.58467444e-08+0.j -8.38067426e-03+0.j -2.01532090e-03+0.j
   2.94084463e-01+0.j -2.84977882e-08+0.j  5.23649198e-01+0.j
   5.68696239e-03+0.j  3.43747255e-01+0.j  5.40506804e-08+0.j
  -6.30979577e-03+0.j -1.51734824e-03+0.j -1.47178137e-01+0.j
  -7.73349537e-08+0.j]
 [ 9.30415642e-07+0.j -4.46171741e-02+0.j -4.19174425e-04+0.j
   1.73549861e-03+0.j  2.49635056e-08+0.j  5.63027650e-02+0.j
   9.93247709e-04+0.j -4.13230606e-03+0.j  9.77514567e-08+0.j
  -9.15827766e-02+0.j -2.01557783e-03+0.j  8.38065607e-03+0.j
   4.53894019e-08+0.j  2.94084545e-01+0.j  5.68696239e-03+0.j
   4.76350801e-01+0.j  2.56598161e-08+0.j  3.43747297e-01+0.j
  -1.51733447e-03+0.j  6.30979191e-03+0.j -2.45327073e-08+0.j
  -1.47178136e-01+0.j]
 [-6.66673834e-02+0.j -1.60316878e-02+0.j -2.44255762e-02+0.j
  -2.28569469e-07+0.j  7.02483607e-02+0.j  1.68929661e-02+0.j
   5.63028694e-02+0.j -2.70461475e-08+0.j -7.43418998e-02+0.j
  -1.78770052e-02+0.j -1.13490726e-01+0.j  1.28771869e-08+0.j
   8.05683695e-02+0.j  1.93742659e-02+0.j  3.43747255e-01+0.j
   2.56598161e-08+0.j  4.01285159e-01+0.j -2.37379256e-02+0.j
   2.57213381e-01+0.j -6.01513672e-09+0.j  8.14806433e-02+0.j
   1.95936304e-02+0.j]
 [-1.60339685e-02+0.j  6.66669002e-02+0.j  4.76680790e-06+0.j
  -2.44207672e-02+0.j  1.68918648e-02+0.j -7.02482492e-02+0.j
   1.95227180e-08+0.j  5.63040244e-02+0.j -1.78756934e-02+0.j
   7.43423155e-02+0.j -5.79684309e-07+0.j -1.13491145e-01+0.j
   1.93743210e-02+0.j -8.05683195e-02+0.j  5.40506805e-08+0.j
   3.43747297e-01+0.j -2.37379256e-02+0.j  5.98714825e-01+0.j
  -2.26364428e-08+0.j  2.57213394e-01+0.j  1.95936086e-02+0.j
  -8.14806090e-02+0.j]
 [ 2.01738713e-02+0.j  5.76732467e-08+0.j  7.76567674e-04+0.j
   1.86731754e-04+0.j -2.44208717e-02+0.j  2.71044269e-07+0.j
  -1.73532558e-03+0.j -4.17342242e-04+0.j  3.49480794e-02+0.j
  -2.17655598e-08+0.j  3.25573036e-03+0.j  7.82998001e-04+0.j
  -6.58087790e-02+0.j  1.09392355e-08+0.j -6.30979577e-03+0.j
  -1.51733447e-03+0.j  2.57213381e-01+0.j -2.26364428e-08+0.j
   5.19402388e-01+0.j  4.66571582e-03+0.j  4.08500905e-01+0.j
   6.13678926e-08+0.j]
 [-9.56668361e-06+0.j  2.01685649e-02+0.j  1.94874093e-04+0.j
  -7.76675250e-04+0.j -4.85612830e-06+0.j -2.44257842e-02+0.j
  -4.19114601e-04+0.j  1.73431233e-03+0.j  1.59224399e-06+0.j
   3.49481982e-02+0.j  7.82159952e-04+0.j -3.25609839e-03+0.j
   5.05204974e-08+0.j -6.58087541e-02+0.j -1.51734824e-03+0.j
   6.30979191e-03+0.j -6.01513669e-09+0.j  2.57213394e-01+0.j
   4.66571582e-03+0.j  4.80597620e-01+0.j  1.24608911e-08+0.j
   4.08500875e-01+0.j]
 [ 6.33597484e-02+0.j  1.52353383e-02+0.j  2.01686789e-02+0.j
  -8.07671712e-08+0.j -6.66671629e-02+0.j -1.60318507e-02+0.j
  -4.46173819e-02+0.j  6.77303273e-08+0.j  7.00768783e-02+0.j
   1.68511603e-02+0.j  7.99661993e-02+0.j  1.74427836e-08+0.j
  -7.44772874e-02+0.j -1.79095539e-02+0.j -1.47178137e-01+0.j
  -2.45327073e-08+0.j  8.14806433e-02+0.j  1.95936086e-02+0.j
   4.08500905e-01+0.j  1.24608911e-08+0.j  3.98731238e-01+0.j
  -2.43520291e-02+0.j]
 [ 1.52281876e-02+0.j -6.33596757e-02+0.j  9.63420394e-06+0.j
   2.01740405e-02+0.j -1.60341099e-02+0.j  6.66678291e-02+0.j
  -8.99523111e-07+0.j -4.46161554e-02+0.j  1.68530618e-02+0.j
  -7.00757439e-02+0.j -4.84110395e-07+0.j  7.99659056e-02+0.j
  -1.79094959e-02+0.j  7.44773152e-02+0.j -7.73349538e-08+0.j
  -1.47178136e-01+0.j  1.95936304e-02+0.j -8.14806090e-02+0.j
   6.13678926e-08+0.j  4.08500875e-01+0.j -2.43520291e-02+0.j
   6.01268710e-01+0.j]]
W= [0.18657242+0.j 0.21094087+0.j 0.20553649+0.j 0.21388704+0.j
 0.20770577+0.j 0.21439314+0.j 0.20770576+0.j 0.21388702+0.j
 0.20553647+0.j 0.21094087+0.j 0.18657239+0.j]
local approximation with  1 sites
local interactions on sites [[0], [1], [2], [3], [4], [5], [6], [7], [8], [9], [10]]
Functional for interaction on sites [0]
aca-directory for images already exists
aca-directory for images already exists
aca-directory for images already exists
interacting orbitals: [0, 1]
mapping: [0, 1, 2, 3, 4, 5, 6, 7, 8, 9, 10, 11, 12, 13, 14, 15, 16, 17, 18, 19, 20, 21]
aca-directory for images already exists
aca-directory for images already exists
aca-directory for images already exists
orbinteractaca= [0, 1]
aca-directory for images already exists
aca-directory for images already exists
aca-directory for images already exists
aca-directory for images already exists
aca-directory for images already exists
aca-directory for images already exists
aca-directory for images already exists
aca-directory for images already exists
aca-directory for images already exists
aca-directory for images already exists
aca-directory for images already exists
aca-directory for images already exists
aca-directory for images already exists
aca-directory for images already exists
aca-directory for images already exists
aca-directory for images already exists
aca-directory for images already exists
aca-directory for images already exists
aca-directory for images already exists
aca-directory for images already exists
aca-directory for images already exists
aca-directory for images already exists
aca-directory for images already exists
aca-directory for images already exists
aca-directory for images already exists
aca-directory for images already exists
aca-directory for images already exists
aca-directory for images already exists
aca-directory for images already exists
aca-directory for images already exists
aca-directory for images already exists
aca-directory for images already exists
aca-directory for images already exists
aca-directory for images already exists
aca-directory for images already exists
aca-directory for images already exists
aca-directory for images already exists
aca-directory for images already exists
aca-directory for images already exists
aca-directory for images already exists
aca-directory for images already exists
aca-directory for images already exists
aca-directory for images already exists
aca-directory for images already exists
aca-directory for images already exists
aca-directory for images already exists
aca-directory for images already exists
aca-directory for images already exists
aca-directory for images already exists
aca-directory for images already exists
aca-directory for images already exists
aca-directory for images already exists
aca-directory for images already exists
aca-directory for images already exists
aca-directory for images already exists
aca-directory for images already exists
aca-directory for images already exists
aca-directory for images already exists
aca-directory for images already exists
aca-directory for images already exists
aca-directory for images already exists
aca-directory for images already exists
aca-directory for images already exists
aca: level 10  norb= 22
Daca= [[ 3.98731240e-01+0.j -2.43519694e-02+0.j -4.73666339e-01+0.j
   2.88269562e-18+0.j  1.68469405e-17+0.j  4.79711397e-18+0.j
  -5.24023548e-19+0.j -2.17796036e-19+0.j -1.76560730e-17+0.j
   3.74422596e-19+0.j  1.23822522e-17+0.j -2.53472933e-20+0.j
  -2.24959139e-17+0.j  9.53543393e-19+0.j -7.76407838e-19+0.j
   1.08806782e-19+0.j -5.20557426e-18+0.j -2.18693867e-18+0.j
  -6.16572541e-18+0.j -4.01157780e-20+0.j  1.30743098e-17+0.j
  -3.73433966e-18+0.j]
 [-2.43519694e-02+0.j  6.01268788e-01+0.j  1.67194447e-07+0.j
  -4.73666474e-01+0.j  1.61092845e-18+0.j  1.06346770e-17+0.j
  -5.01118751e-19+0.j -4.59180346e-17+0.j -1.71314676e-18+0.j
   5.32565039e-18+0.j  3.10577434e-19+0.j -1.23567133e-18+0.j
   3.60977156e-18+0.j -1.87451981e-17+0.j -1.80181775e-19+0.j
  -2.04165213e-17+0.j -2.63001636e-18+0.j  1.96411635e-18+0.j
   8.06920200e-20+0.j -2.36423688e-18+0.j  4.96999110e-18+0.j
  -1.41534590e-17+0.j]
 [-4.73666339e-01+0.j  1.67194447e-07+0.j  6.00136422e-01+0.j
   2.40797758e-02+0.j  1.00928247e-02+0.j -3.39817534e-20+0.j
  -6.52562087e-19+0.j  1.55010341e-20+0.j  5.16434172e-20+0.j
   1.38658296e-21+0.j  4.07324528e-19+0.j  1.45463866e-19+0.j
  -1.04175831e-19+0.j -1.82965878e-21+0.j -4.96861586e-19+0.j
  -7.48381465e-20+0.j  6.77126362e-20+0.j -3.11846425e-22+0.j
  -2.70438502e-19+0.j  2.06321888e-20+0.j -5.96605091e-21+0.j
   1.15392891e-22+0.j]
 [-1.14783732e-17+0.j -4.73666474e-01+0.j  2.40797758e-02+0.j
   3.99863718e-01+0.j  4.94103645e-07+0.j  1.00927119e-02+0.j
  -1.57497338e-20+0.j  5.65790339e-19+0.j -5.07132794e-21+0.j
   4.96742594e-19+0.j  1.14161258e-19+0.j -5.39281706e-19+0.j
   1.77677975e-21+0.j -3.54105162e-19+0.j -1.13027633e-19+0.j
   1.30247002e-18+0.j -7.64957223e-22+0.j  3.99815041e-20+0.j
   1.15249500e-19+0.j  2.34075400e-19+0.j  6.04348201e-23+0.j
  -1.14472746e-20+0.j]
 [-1.68522207e-16+0.j  1.21569931e-16+0.j  1.00928247e-02+0.j
   4.94103645e-07+0.j  5.15600389e-01+0.j  3.74493466e-03+0.j
   4.85997775e-01+0.j -1.98805127e-18+0.j  1.17530443e-17+0.j
   1.75831694e-18+0.j -5.49322067e-17+0.j -2.40534405e-20+0.j
  -3.94871498e-17+0.j -2.03673689e-18+0.j -7.92633889e-19+0.j
  -7.40120560e-19+0.j -2.33601707e-17+0.j  3.23151892e-18+0.j
  -1.90908917e-17+0.j  1.15456216e-19+0.j -5.09670227e-17+0.j
  -1.65929047e-19+0.j]
 [-5.06110555e-17+0.j -2.21995620e-16+0.j  2.93434914e-17+0.j
   1.00927119e-02+0.j  3.74493466e-03+0.j  4.84382715e-01+0.j
  -1.71897312e-07+0.j  4.85996898e-01+0.j  6.40002337e-18+0.j
  -1.79757140e-17+0.j -2.55550911e-18+0.j -1.28129373e-17+0.j
   4.23137160e-19+0.j  1.52392828e-17+0.j  2.65589605e-19+0.j
  -2.70489127e-18+0.j  3.23722635e-18+0.j -1.87309467e-17+0.j
  -3.00660151e-20+0.j -1.04007601e-17+0.j -9.96260145e-18+0.j
   2.89154425e-17+0.j]
 [ 2.60505133e-16+0.j  2.44428171e-17+0.j  4.82979065e-16+0.j
   1.61645946e-16+0.j  4.85997775e-01+0.j -1.71897312e-07+0.j
   4.80151159e-01+0.j -4.76639785e-03+0.j  7.31223210e-03+0.j
  -1.27869932e-19+0.j -4.87956288e-19+0.j -1.67169336e-20+0.j
  -2.14600595e-19+0.j -2.95488695e-21+0.j  3.73617675e-19+0.j
   3.53809503e-19+0.j -6.14666032e-20+0.j -8.70914557e-21+0.j
  -6.31713326e-19+0.j  7.49237204e-20+0.j -4.55377927e-20+0.j
   4.11845800e-21+0.j]
 [ 8.74237912e-19+0.j -1.56042316e-16+0.j  3.11314046e-17+0.j
   2.84555110e-16+0.j -1.02790716e-16+0.j  4.85996898e-01+0.j
  -4.76639785e-03+0.j  5.19865593e-01+0.j -4.99685974e-07+0.j
   7.31247761e-03+0.j -1.25076327e-19+0.j  4.03266576e-19+0.j
  -3.60666560e-20+0.j  3.40219756e-19+0.j -2.98987423e-20+0.j
  -7.98522161e-19+0.j  1.44149730e-20+0.j -1.25581833e-19+0.j
  -5.65263672e-20+0.j  2.07175165e-19+0.j -1.79970708e-20+0.j
   5.57793726e-20+0.j]
 [-2.15276723e-17+0.j  3.25520925e-18+0.j -3.09388534e-16+0.j
  -1.65878935e-17+0.j -5.12119107e-17+0.j -8.17287631e-18+0.j
   7.31223210e-03+0.j -4.99685974e-07+0.j  4.48245142e-01+0.j
  -1.24357152e-02+0.j -4.85540293e-01+0.j -2.38870501e-18+0.j
   1.30035784e-17+0.j  1.77429640e-18+0.j -7.38856020e-18+0.j
   9.16706126e-19+0.j -3.91438658e-17+0.j -1.56465023e-17+0.j
   1.49265327e-17+0.j -2.61243731e-19+0.j  1.35242017e-16+0.j
   4.28698358e-17+0.j]
 [ 1.23117554e-17+0.j -1.49026284e-16+0.j  8.84198585e-17+0.j
   1.98627963e-16+0.j -2.02896115e-16+0.j  1.98435338e-16+0.j
   3.08509508e-18+0.j  7.31247761e-03+0.j -1.24357152e-02+0.j
   5.51780326e-01+0.j -1.36819102e-06+0.j -4.85537743e-01+0.j
   7.49367590e-19+0.j -4.06612038e-18+0.j  6.36995937e-19+0.j
   1.47824776e-17+0.j  1.44686890e-17+0.j -2.12335450e-18+0.j
  -9.50479104e-19+0.j  1.24721147e-18+0.j -5.87457925e-18+0.j
   7.29836464e-18+0.j]
 [ 1.82817434e-16+0.j -2.39088578e-17+0.j -3.60387333e-16+0.j
   6.60131131e-17+0.j  5.85154731e-16+0.j  1.11329123e-16+0.j
  -2.25228355e-18+0.j -1.96097332e-16+0.j -4.85540293e-01+0.j
  -1.36819102e-06+0.j  5.53466736e-01+0.j  1.28472676e-02+0.j
  -3.18730000e-03+0.j -2.71236412e-20+0.j  1.88576138e-19+0.j
   2.74551346e-20+0.j -1.04129515e-19+0.j  5.07899818e-21+0.j
  -1.76623396e-19+0.j  8.33163583e-20+0.j -6.18524703e-20+0.j
   3.26298758e-21+0.j]
 [-3.57894830e-17+0.j -1.45625408e-16+0.j  1.13996644e-16+0.j
  -6.43508169e-18+0.j  4.00521032e-17+0.j -4.41330079e-16+0.j
  -3.32336706e-16+0.j  1.69190678e-16+0.j  4.59269558e-17+0.j
  -4.85537743e-01+0.j  1.28472676e-02+0.j  4.46507710e-01+0.j
   2.89833611e-08+0.j -3.18726950e-03+0.j  1.24512830e-19+0.j
  -2.84096954e-19+0.j -1.74664738e-20+0.j -1.59102638e-19+0.j
  -7.68495503e-20+0.j  1.02122573e-20+0.j  1.26196648e-21+0.j
  -7.44922471e-20+0.j]
 [-1.38872782e-16+0.j  3.86042362e-17+0.j  1.15030568e-16+0.j
  -8.19543141e-17+0.j  3.89161971e-16+0.j  2.89876445e-17+0.j
   1.70024150e-16+0.j  4.82579151e-17+0.j  3.49897452e-16+0.j
   1.12040797e-17+0.j -3.18730000e-03+0.j  2.89833611e-08+0.j
   3.54744524e-01+0.j -3.49620663e-02+0.j -4.69691516e-01+0.j
   4.29221627e-18+0.j  5.35946791e-17+0.j  1.65318585e-18+0.j
  -8.87506670e-18+0.j -2.71627052e-19+0.j  5.39195671e-18+0.j
  -3.88002337e-18+0.j]
 [-3.40096184e-17+0.j -4.82003793e-16+0.j -6.09884466e-17+0.j
  -3.00544447e-17+0.j  1.28487132e-16+0.j  1.22065502e-16+0.j
   5.71291960e-17+0.j  2.65073512e-16+0.j -9.44436459e-18+0.j
  -4.23724522e-18+0.j -4.69424936e-18+0.j -3.18726950e-03+0.j
  -3.49620663e-02+0.j  6.45198783e-01+0.j  4.49837852e-06+0.j
  -4.69708947e-01+0.j  6.31824375e-18+0.j -7.58911572e-17+0.j
   2.94680519e-19+0.j -3.38499872e-17+0.j  2.40455682e-18+0.j
   1.73168719e-17+0.j]
 [-1.14949139e-16+0.j  2.03068352e-17+0.j  2.66575826e-17+0.j
   6.50847122e-17+0.j -5.15483595e-16+0.j  6.84327236e-19+0.j
   5.64542040e-16+0.j -5.89421939e-17+0.j -1.00433727e-16+0.j
  -5.58964955e-17+0.j -8.83697399e-17+0.j  3.06409413e-17+0.j
  -4.69691516e-01+0.j  4.49837852e-06+0.j  6.44147654e-01+0.j
   3.46972714e-02+0.j -1.53946176e-03+0.j -2.03789118e-20+0.j
  -6.71306283e-20+0.j -3.51750106e-20+0.j  2.20963610e-19+0.j
   1.17134876e-20+0.j]
 [-5.50906380e-18+0.j -1.43275075e-16+0.j  3.65209120e-17+0.j
  -1.52025616e-16+0.j  4.13594767e-17+0.j  4.46744742e-17+0.j
   1.06935207e-16+0.j  5.76487301e-16+0.j  9.00993599e-17+0.j
  -1.05313988e-16+0.j  6.81605187e-17+0.j -2.63267605e-16+0.j
  -1.52736062e-17+0.j -4.69708947e-01+0.j  3.46972714e-02+0.j
   3.55908823e-01+0.j -3.54954707e-07+0.j -1.53938815e-03+0.j
   4.54902760e-20+0.j -2.78692422e-19+0.j  2.37070667e-20+0.j
  -1.10778169e-19+0.j]
 [-2.50052321e-16+0.j -1.00453694e-17+0.j  8.76573711e-17+0.j
   7.23827693e-17+0.j -4.47403554e-16+0.j  2.62632699e-18+0.j
  -2.09094727e-16+0.j  4.07126930e-17+0.j -1.72488465e-16+0.j
   4.29087084e-17+0.j -6.77629828e-18+0.j -3.82616751e-17+0.j
   1.82033691e-16+0.j -4.25785950e-17+0.j -1.53946176e-03+0.j
  -3.54954707e-07+0.j  2.46590524e-01+0.j -6.07483889e-02+0.j
   4.19325808e-01+0.j  6.68216169e-18+0.j  1.28286977e-16+0.j
   1.96346378e-17+0.j]
 [-1.82026234e-18+0.j  2.62840115e-16+0.j  2.51434877e-17+0.j
   9.61803114e-17+0.j -1.65839745e-16+0.j -1.13048759e-16+0.j
   7.49971005e-17+0.j -1.68257759e-16+0.j -3.09324925e-17+0.j
  -1.15859944e-16+0.j  7.06170249e-18+0.j  9.60204004e-18+0.j
  -5.95514696e-17+0.j  2.08247520e-16+0.j  2.70191715e-17+0.j
  -1.53938815e-03+0.j -6.07483889e-02+0.j  7.53342036e-01+0.j
  -8.81705720e-06+0.j  4.19366626e-01+0.j  1.10745140e-17+0.j
  -5.24976371e-17+0.j]
 [ 2.80369884e-17+0.j -1.53588314e-17+0.j -1.37246303e-16+0.j
  -3.62292788e-17+0.j  1.28965992e-16+0.j -2.58164291e-17+0.j
  -2.41548268e-16+0.j  7.31235064e-17+0.j  1.18341609e-16+0.j
  -2.84860890e-18+0.j  2.39269008e-16+0.j -3.05659239e-17+0.j
  -1.25753707e-17+0.j -2.84717187e-17+0.j  4.18984197e-16+0.j
  -3.07259847e-17+0.j  4.19325808e-01+0.j -8.81705720e-06+0.j
   7.52951406e-01+0.j  6.06438917e-02+0.j  1.06983467e-03+0.j
   1.31999975e-22+0.j]
 [ 4.78873666e-18+0.j  5.29075806e-17+0.j -2.84990955e-17+0.j
   1.26153950e-16+0.j -2.87356454e-17+0.j -2.54663524e-17+0.j
  -1.08258154e-16+0.j -4.26196913e-16+0.j -6.33263781e-17+0.j
  -3.33367137e-17+0.j -2.18983363e-17+0.j  1.45281847e-16+0.j
   7.62933454e-17+0.j -2.68745850e-16+0.j  3.75219329e-17+0.j
   4.01140205e-16+0.j  5.21246196e-17+0.j  4.19366626e-01+0.j
   6.06438917e-02+0.j  2.47116186e-01+0.j  1.95305332e-06+0.j
  -1.07007044e-03+0.j]
 [ 9.49306813e-17+0.j -3.45688394e-18+0.j -9.56695609e-17+0.j
  -5.18563702e-17+0.j  7.57459970e-16+0.j -3.42693390e-17+0.j
   1.43272434e-16+0.j -9.98051419e-17+0.j  4.05696642e-16+0.j
  -8.13463955e-17+0.j  1.88320860e-16+0.j  1.63053357e-16+0.j
  -3.38734078e-16+0.j  3.91164203e-17+0.j  1.10397069e-16+0.j
   9.78914296e-18+0.j -5.52398389e-17+0.j -1.45804018e-16+0.j
   1.06983467e-03+0.j  1.95305332e-06+0.j  1.88615737e-02+0.j
   1.14684269e-01+0.j]
 [ 4.74536127e-18+0.j -1.52226186e-16+0.j -3.72316886e-18+0.j
  -1.12039669e-16+0.j  2.19272902e-16+0.j  2.21506632e-16+0.j
  -7.93992879e-17+0.j  4.18268279e-16+0.j  2.02434733e-16+0.j
   3.09229239e-16+0.j  3.43041542e-17+0.j -1.96905219e-16+0.j
   5.74245982e-17+0.j -3.06494973e-17+0.j  6.58745783e-17+0.j
  -3.25125471e-16+0.j  9.73424246e-17+0.j  1.17268750e-16+0.j
  -4.04937363e-17+0.j -1.07007044e-03+0.j  1.14684269e-01+0.j
   9.81138550e-01+0.j]]
Naca= (5.01362677153766, 5.986373228317969)
nq= 22
variational state:
        ┌──────────┐┌───────────┐┌───┐     ┌───────────┐┌───────────┐»
 q0_0: ─┤ Ry(y[0]) ├┤ Rz(y[22]) ├┤ X ├──■──┤ Ry(y[44]) ├┤ Rz(y[66]) ├»
        ├──────────┤├───────────┤└─┬─┘┌─┴─┐└───────────┘├───────────┤»
 q0_1: ─┤ Ry(y[1]) ├┤ Rz(y[23]) ├──┼──┤ X ├──────■──────┤ Ry(y[45]) ├»
        ├──────────┤├───────────┤  │  └───┘    ┌─┴─┐    └───────────┘»
 q0_2: ─┤ Ry(y[2]) ├┤ Rz(y[24]) ├──┼───────────┤ X ├──────────■──────»
        ├──────────┤├───────────┤  │           └───┘        ┌─┴─┐    »
 q0_3: ─┤ Ry(y[3]) ├┤ Rz(y[25]) ├──┼────────────────────────┤ X ├────»
        ├──────────┤├───────────┤  │                        └───┘    »
 q0_4: ─┤ Ry(y[4]) ├┤ Rz(y[26]) ├──┼─────────────────────────────────»
        ├──────────┤├───────────┤  │                                 »
 q0_5: ─┤ Ry(y[5]) ├┤ Rz(y[27]) ├──┼─────────────────────────────────»
        ├──────────┤├───────────┤  │                                 »
 q0_6: ─┤ Ry(y[6]) ├┤ Rz(y[28]) ├──┼─────────────────────────────────»
        ├──────────┤├───────────┤  │                                 »
 q0_7: ─┤ Ry(y[7]) ├┤ Rz(y[29]) ├──┼─────────────────────────────────»
        ├──────────┤├───────────┤  │                                 »
 q0_8: ─┤ Ry(y[8]) ├┤ Rz(y[30]) ├──┼─────────────────────────────────»
        ├──────────┤├───────────┤  │                                 »
 q0_9: ─┤ Ry(y[9]) ├┤ Rz(y[31]) ├──┼─────────────────────────────────»
       ┌┴──────────┤├───────────┤  │                                 »
q0_10: ┤ Ry(y[10]) ├┤ Rz(y[32]) ├──┼─────────────────────────────────»
       ├───────────┤├───────────┤  │                                 »
q0_11: ┤ Ry(y[11]) ├┤ Rz(y[33]) ├──┼─────────────────────────────────»
       ├───────────┤├───────────┤  │                                 »
q0_12: ┤ Ry(y[12]) ├┤ Rz(y[34]) ├──┼─────────────────────────────────»
       ├───────────┤├───────────┤  │                                 »
q0_13: ┤ Ry(y[13]) ├┤ Rz(y[35]) ├──┼─────────────────────────────────»
       ├───────────┤├───────────┤  │                                 »
q0_14: ┤ Ry(y[14]) ├┤ Rz(y[36]) ├──┼─────────────────────────────────»
       ├───────────┤├───────────┤  │                                 »
q0_15: ┤ Ry(y[15]) ├┤ Rz(y[37]) ├──┼─────────────────────────────────»
       ├───────────┤├───────────┤  │                                 »
q0_16: ┤ Ry(y[16]) ├┤ Rz(y[38]) ├──┼─────────────────────────────────»
       ├───────────┤├───────────┤  │                                 »
q0_17: ┤ Ry(y[17]) ├┤ Rz(y[39]) ├──┼─────────────────────────────────»
       ├───────────┤├───────────┤  │                                 »
q0_18: ┤ Ry(y[18]) ├┤ Rz(y[40]) ├──┼─────────────────────────────────»
       ├───────────┤├───────────┤  │                                 »
q0_19: ┤ Ry(y[19]) ├┤ Rz(y[41]) ├──┼─────────────────────────────────»
       ├───────────┤├───────────┤  │                                 »
q0_20: ┤ Ry(y[20]) ├┤ Rz(y[42]) ├──┼─────────────────────────────────»
       ├───────────┤├───────────┤  │                                 »
q0_21: ┤ Ry(y[21]) ├┤ Rz(y[43]) ├──■─────────────────────────────────»
       └───────────┘└───────────┘                                    »
c0: 22/══════════════════════════════════════════════════════════════»
                                                                     »
«                                                                        »
« q0_0: ─────────────────────────────────────────────────────────────────»
«       ┌───────────┐                                                    »
« q0_1: ┤ Rz(y[67]) ├────────────────────────────────────────────────────»
«       ├───────────┤┌───────────┐                                       »
« q0_2: ┤ Ry(y[46]) ├┤ Rz(y[68]) ├───────────────────────────────────────»
«       └───────────┘├───────────┤┌───────────┐                          »
« q0_3: ──────■──────┤ Ry(y[47]) ├┤ Rz(y[69]) ├──────────────────────────»
«           ┌─┴─┐    └───────────┘├───────────┤┌───────────┐             »
« q0_4: ────┤ X ├──────────■──────┤ Ry(y[48]) ├┤ Rz(y[70]) ├─────────────»
«           └───┘        ┌─┴─┐    └───────────┘├───────────┤┌───────────┐»
« q0_5: ─────────────────┤ X ├──────────■──────┤ Ry(y[49]) ├┤ Rz(y[71]) ├»
«                        └───┘        ┌─┴─┐    └───────────┘├───────────┤»
« q0_6: ──────────────────────────────┤ X ├──────────■──────┤ Ry(y[50]) ├»
«                                     └───┘        ┌─┴─┐    └───────────┘»
« q0_7: ───────────────────────────────────────────┤ X ├──────────■──────»
«                                                  └───┘        ┌─┴─┐    »
« q0_8: ────────────────────────────────────────────────────────┤ X ├────»
«                                                               └───┘    »
« q0_9: ─────────────────────────────────────────────────────────────────»
«                                                                        »
«q0_10: ─────────────────────────────────────────────────────────────────»
«                                                                        »
«q0_11: ─────────────────────────────────────────────────────────────────»
«                                                                        »
«q0_12: ─────────────────────────────────────────────────────────────────»
«                                                                        »
«q0_13: ─────────────────────────────────────────────────────────────────»
«                                                                        »
«q0_14: ─────────────────────────────────────────────────────────────────»
«                                                                        »
«q0_15: ─────────────────────────────────────────────────────────────────»
«                                                                        »
«q0_16: ─────────────────────────────────────────────────────────────────»
«                                                                        »
«q0_17: ─────────────────────────────────────────────────────────────────»
«                                                                        »
«q0_18: ─────────────────────────────────────────────────────────────────»
«                                                                        »
«q0_19: ─────────────────────────────────────────────────────────────────»
«                                                                        »
«q0_20: ─────────────────────────────────────────────────────────────────»
«                                                                        »
«q0_21: ─────────────────────────────────────────────────────────────────»
«                                                                        »
«c0: 22/═════════════════════════════════════════════════════════════════»
«                                                                        »
«                                                                        »
« q0_0: ─────────────────────────────────────────────────────────────────»
«                                                                        »
« q0_1: ─────────────────────────────────────────────────────────────────»
«                                                                        »
« q0_2: ─────────────────────────────────────────────────────────────────»
«                                                                        »
« q0_3: ─────────────────────────────────────────────────────────────────»
«                                                                        »
« q0_4: ─────────────────────────────────────────────────────────────────»
«                                                                        »
« q0_5: ─────────────────────────────────────────────────────────────────»
«       ┌───────────┐                                                    »
« q0_6: ┤ Rz(y[72]) ├────────────────────────────────────────────────────»
«       ├───────────┤┌───────────┐                                       »
« q0_7: ┤ Ry(y[51]) ├┤ Rz(y[73]) ├───────────────────────────────────────»
«       └───────────┘├───────────┤┌───────────┐                          »
« q0_8: ──────■──────┤ Ry(y[52]) ├┤ Rz(y[74]) ├──────────────────────────»
«           ┌─┴─┐    └───────────┘├───────────┤┌───────────┐             »
« q0_9: ────┤ X ├──────────■──────┤ Ry(y[53]) ├┤ Rz(y[75]) ├─────────────»
«           └───┘        ┌─┴─┐    └───────────┘├───────────┤┌───────────┐»
«q0_10: ─────────────────┤ X ├──────────■──────┤ Ry(y[54]) ├┤ Rz(y[76]) ├»
«                        └───┘        ┌─┴─┐    └───────────┘├───────────┤»
«q0_11: ──────────────────────────────┤ X ├──────────■──────┤ Ry(y[55]) ├»
«                                     └───┘        ┌─┴─┐    └───────────┘»
«q0_12: ───────────────────────────────────────────┤ X ├──────────■──────»
«                                                  └───┘        ┌─┴─┐    »
«q0_13: ────────────────────────────────────────────────────────┤ X ├────»
«                                                               └───┘    »
«q0_14: ─────────────────────────────────────────────────────────────────»
«                                                                        »
«q0_15: ─────────────────────────────────────────────────────────────────»
«                                                                        »
«q0_16: ─────────────────────────────────────────────────────────────────»
«                                                                        »
«q0_17: ─────────────────────────────────────────────────────────────────»
«                                                                        »
«q0_18: ─────────────────────────────────────────────────────────────────»
«                                                                        »
«q0_19: ─────────────────────────────────────────────────────────────────»
«                                                                        »
«q0_20: ─────────────────────────────────────────────────────────────────»
«                                                                        »
«q0_21: ─────────────────────────────────────────────────────────────────»
«                                                                        »
«c0: 22/═════════════════════════════════════════════════════════════════»
«                                                                        »
«                                                                        »
« q0_0: ─────────────────────────────────────────────────────────────────»
«                                                                        »
« q0_1: ─────────────────────────────────────────────────────────────────»
«                                                                        »
« q0_2: ─────────────────────────────────────────────────────────────────»
«                                                                        »
« q0_3: ─────────────────────────────────────────────────────────────────»
«                                                                        »
« q0_4: ─────────────────────────────────────────────────────────────────»
«                                                                        »
« q0_5: ─────────────────────────────────────────────────────────────────»
«                                                                        »
« q0_6: ─────────────────────────────────────────────────────────────────»
«                                                                        »
« q0_7: ─────────────────────────────────────────────────────────────────»
«                                                                        »
« q0_8: ─────────────────────────────────────────────────────────────────»
«                                                                        »
« q0_9: ─────────────────────────────────────────────────────────────────»
«                                                                        »
«q0_10: ─────────────────────────────────────────────────────────────────»
«       ┌───────────┐                                                    »
«q0_11: ┤ Rz(y[77]) ├────────────────────────────────────────────────────»
«       ├───────────┤┌───────────┐                                       »
«q0_12: ┤ Ry(y[56]) ├┤ Rz(y[78]) ├───────────────────────────────────────»
«       └───────────┘├───────────┤┌───────────┐                          »
«q0_13: ──────■──────┤ Ry(y[57]) ├┤ Rz(y[79]) ├──────────────────────────»
«           ┌─┴─┐    └───────────┘├───────────┤┌───────────┐             »
«q0_14: ────┤ X ├──────────■──────┤ Ry(y[58]) ├┤ Rz(y[80]) ├─────────────»
«           └───┘        ┌─┴─┐    └───────────┘├───────────┤┌───────────┐»
«q0_15: ─────────────────┤ X ├──────────■──────┤ Ry(y[59]) ├┤ Rz(y[81]) ├»
«                        └───┘        ┌─┴─┐    └───────────┘├───────────┤»
«q0_16: ──────────────────────────────┤ X ├──────────■──────┤ Ry(y[60]) ├»
«                                     └───┘        ┌─┴─┐    └───────────┘»
«q0_17: ───────────────────────────────────────────┤ X ├──────────■──────»
«                                                  └───┘        ┌─┴─┐    »
«q0_18: ────────────────────────────────────────────────────────┤ X ├────»
«                                                               └───┘    »
«q0_19: ─────────────────────────────────────────────────────────────────»
«                                                                        »
«q0_20: ─────────────────────────────────────────────────────────────────»
«                                                                        »
«q0_21: ─────────────────────────────────────────────────────────────────»
«                                                                        »
«c0: 22/═════════════════════════════════════════════════════════════════»
«                                                                        »
«                                                                        ┌───┐»
« q0_0: ─────────────────────────────────────────────────────────────────┤ X ├»
«                                                                        └─┬─┘»
« q0_1: ───────────────────────────────────────────────────────────────────┼──»
«                                                                          │  »
« q0_2: ───────────────────────────────────────────────────────────────────┼──»
«                                                                          │  »
« q0_3: ───────────────────────────────────────────────────────────────────┼──»
«                                                                          │  »
« q0_4: ───────────────────────────────────────────────────────────────────┼──»
«                                                                          │  »
« q0_5: ───────────────────────────────────────────────────────────────────┼──»
«                                                                          │  »
« q0_6: ───────────────────────────────────────────────────────────────────┼──»
«                                                                          │  »
« q0_7: ───────────────────────────────────────────────────────────────────┼──»
«                                                                          │  »
« q0_8: ───────────────────────────────────────────────────────────────────┼──»
«                                                                          │  »
« q0_9: ───────────────────────────────────────────────────────────────────┼──»
«                                                                          │  »
«q0_10: ───────────────────────────────────────────────────────────────────┼──»
«                                                                          │  »
«q0_11: ───────────────────────────────────────────────────────────────────┼──»
«                                                                          │  »
«q0_12: ───────────────────────────────────────────────────────────────────┼──»
«                                                                          │  »
«q0_13: ───────────────────────────────────────────────────────────────────┼──»
«                                                                          │  »
«q0_14: ───────────────────────────────────────────────────────────────────┼──»
«                                                                          │  »
«q0_15: ───────────────────────────────────────────────────────────────────┼──»
«       ┌───────────┐                                                      │  »
«q0_16: ┤ Rz(y[82]) ├──────────────────────────────────────────────────────┼──»
«       ├───────────┤┌───────────┐                                         │  »
«q0_17: ┤ Ry(y[61]) ├┤ Rz(y[83]) ├─────────────────────────────────────────┼──»
«       └───────────┘├───────────┤┌───────────┐                            │  »
«q0_18: ──────■──────┤ Ry(y[62]) ├┤ Rz(y[84]) ├────────────────────────────┼──»
«           ┌─┴─┐    └───────────┘├───────────┤┌───────────┐               │  »
«q0_19: ────┤ X ├──────────■──────┤ Ry(y[63]) ├┤ Rz(y[85]) ├───────────────┼──»
«           └───┘        ┌─┴─┐    └───────────┘├───────────┤┌───────────┐  │  »
«q0_20: ─────────────────┤ X ├──────────■──────┤ Ry(y[64]) ├┤ Rz(y[86]) ├──┼──»
«                        └───┘        ┌─┴─┐    ├───────────┤├───────────┤  │  »
«q0_21: ──────────────────────────────┤ X ├────┤ Ry(y[65]) ├┤ Rz(y[87]) ├──■──»
«                                     └───┘    └───────────┘└───────────┘     »
«c0: 22/══════════════════════════════════════════════════════════════════════»
«                                                                             »
«            ┌───────────┐┌────────────┐                            »
« q0_0: ──■──┤ Ry(y[88]) ├┤ Rz(y[110]) ├────────────────────────────»
«       ┌─┴─┐└───────────┘├───────────┬┘┌────────────┐              »
« q0_1: ┤ X ├──────■──────┤ Ry(y[89]) ├─┤ Rz(y[111]) ├──────────────»
«       └───┘    ┌─┴─┐    └───────────┘ ├───────────┬┘┌────────────┐»
« q0_2: ─────────┤ X ├──────────■───────┤ Ry(y[90]) ├─┤ Rz(y[112]) ├»
«                └───┘        ┌─┴─┐     └───────────┘ ├───────────┬┘»
« q0_3: ──────────────────────┤ X ├───────────■───────┤ Ry(y[91]) ├─»
«                             └───┘         ┌─┴─┐     └───────────┘ »
« q0_4: ────────────────────────────────────┤ X ├───────────■───────»
«                                           └───┘         ┌─┴─┐     »
« q0_5: ──────────────────────────────────────────────────┤ X ├─────»
«                                                         └───┘     »
« q0_6: ────────────────────────────────────────────────────────────»
«                                                                   »
« q0_7: ────────────────────────────────────────────────────────────»
«                                                                   »
« q0_8: ────────────────────────────────────────────────────────────»
«                                                                   »
« q0_9: ────────────────────────────────────────────────────────────»
«                                                                   »
«q0_10: ────────────────────────────────────────────────────────────»
«                                                                   »
«q0_11: ────────────────────────────────────────────────────────────»
«                                                                   »
«q0_12: ────────────────────────────────────────────────────────────»
«                                                                   »
«q0_13: ────────────────────────────────────────────────────────────»
«                                                                   »
«q0_14: ────────────────────────────────────────────────────────────»
«                                                                   »
«q0_15: ────────────────────────────────────────────────────────────»
«                                                                   »
«q0_16: ────────────────────────────────────────────────────────────»
«                                                                   »
«q0_17: ────────────────────────────────────────────────────────────»
«                                                                   »
«q0_18: ────────────────────────────────────────────────────────────»
«                                                                   »
«q0_19: ────────────────────────────────────────────────────────────»
«                                                                   »
«q0_20: ────────────────────────────────────────────────────────────»
«                                                                   »
«q0_21: ────────────────────────────────────────────────────────────»
«                                                                   »
«c0: 22/════════════════════════════════════════════════════════════»
«                                                                   »
«                                                                             »
« q0_0: ──────────────────────────────────────────────────────────────────────»
«                                                                             »
« q0_1: ──────────────────────────────────────────────────────────────────────»
«                                                                             »
« q0_2: ──────────────────────────────────────────────────────────────────────»
«       ┌────────────┐                                                        »
« q0_3: ┤ Rz(y[113]) ├────────────────────────────────────────────────────────»
«       ├───────────┬┘┌────────────┐                                          »
« q0_4: ┤ Ry(y[92]) ├─┤ Rz(y[114]) ├──────────────────────────────────────────»
«       └───────────┘ ├───────────┬┘┌────────────┐                            »
« q0_5: ──────■───────┤ Ry(y[93]) ├─┤ Rz(y[115]) ├────────────────────────────»
«           ┌─┴─┐     └───────────┘ ├───────────┬┘┌────────────┐              »
« q0_6: ────┤ X ├───────────■───────┤ Ry(y[94]) ├─┤ Rz(y[116]) ├──────────────»
«           └───┘         ┌─┴─┐     └───────────┘ ├───────────┬┘┌────────────┐»
« q0_7: ──────────────────┤ X ├───────────■───────┤ Ry(y[95]) ├─┤ Rz(y[117]) ├»
«                         └───┘         ┌─┴─┐     └───────────┘ ├───────────┬┘»
« q0_8: ────────────────────────────────┤ X ├───────────■───────┤ Ry(y[96]) ├─»
«                                       └───┘         ┌─┴─┐     └───────────┘ »
« q0_9: ──────────────────────────────────────────────┤ X ├───────────■───────»
«                                                     └───┘         ┌─┴─┐     »
«q0_10: ────────────────────────────────────────────────────────────┤ X ├─────»
«                                                                   └───┘     »
«q0_11: ──────────────────────────────────────────────────────────────────────»
«                                                                             »
«q0_12: ──────────────────────────────────────────────────────────────────────»
«                                                                             »
«q0_13: ──────────────────────────────────────────────────────────────────────»
«                                                                             »
«q0_14: ──────────────────────────────────────────────────────────────────────»
«                                                                             »
«q0_15: ──────────────────────────────────────────────────────────────────────»
«                                                                             »
«q0_16: ──────────────────────────────────────────────────────────────────────»
«                                                                             »
«q0_17: ──────────────────────────────────────────────────────────────────────»
«                                                                             »
«q0_18: ──────────────────────────────────────────────────────────────────────»
«                                                                             »
«q0_19: ──────────────────────────────────────────────────────────────────────»
«                                                                             »
«q0_20: ──────────────────────────────────────────────────────────────────────»
«                                                                             »
«q0_21: ──────────────────────────────────────────────────────────────────────»
«                                                                             »
«c0: 22/══════════════════════════════════════════════════════════════════════»
«                                                                             »
«                                                                             »
« q0_0: ──────────────────────────────────────────────────────────────────────»
«                                                                             »
« q0_1: ──────────────────────────────────────────────────────────────────────»
«                                                                             »
« q0_2: ──────────────────────────────────────────────────────────────────────»
«                                                                             »
« q0_3: ──────────────────────────────────────────────────────────────────────»
«                                                                             »
« q0_4: ──────────────────────────────────────────────────────────────────────»
«                                                                             »
« q0_5: ──────────────────────────────────────────────────────────────────────»
«                                                                             »
« q0_6: ──────────────────────────────────────────────────────────────────────»
«                                                                             »
« q0_7: ──────────────────────────────────────────────────────────────────────»
«       ┌────────────┐                                                        »
« q0_8: ┤ Rz(y[118]) ├────────────────────────────────────────────────────────»
«       ├───────────┬┘┌────────────┐                                          »
« q0_9: ┤ Ry(y[97]) ├─┤ Rz(y[119]) ├──────────────────────────────────────────»
«       └───────────┘ ├───────────┬┘┌────────────┐                            »
«q0_10: ──────■───────┤ Ry(y[98]) ├─┤ Rz(y[120]) ├────────────────────────────»
«           ┌─┴─┐     └───────────┘ ├───────────┬┘┌────────────┐              »
«q0_11: ────┤ X ├───────────■───────┤ Ry(y[99]) ├─┤ Rz(y[121]) ├──────────────»
«           └───┘         ┌─┴─┐     └───────────┘ ├────────────┤┌────────────┐»
«q0_12: ──────────────────┤ X ├───────────■───────┤ Ry(y[100]) ├┤ Rz(y[122]) ├»
«                         └───┘         ┌─┴─┐     └────────────┘├────────────┤»
«q0_13: ────────────────────────────────┤ X ├───────────■───────┤ Ry(y[101]) ├»
«                                       └───┘         ┌─┴─┐     └────────────┘»
«q0_14: ──────────────────────────────────────────────┤ X ├───────────■───────»
«                                                     └───┘         ┌─┴─┐     »
«q0_15: ────────────────────────────────────────────────────────────┤ X ├─────»
«                                                                   └───┘     »
«q0_16: ──────────────────────────────────────────────────────────────────────»
«                                                                             »
«q0_17: ──────────────────────────────────────────────────────────────────────»
«                                                                             »
«q0_18: ──────────────────────────────────────────────────────────────────────»
«                                                                             »
«q0_19: ──────────────────────────────────────────────────────────────────────»
«                                                                             »
«q0_20: ──────────────────────────────────────────────────────────────────────»
«                                                                             »
«q0_21: ──────────────────────────────────────────────────────────────────────»
«                                                                             »
«c0: 22/══════════════════════════════════════════════════════════════════════»
«                                                                             »
«                                                                             »
« q0_0: ──────────────────────────────────────────────────────────────────────»
«                                                                             »
« q0_1: ──────────────────────────────────────────────────────────────────────»
«                                                                             »
« q0_2: ──────────────────────────────────────────────────────────────────────»
«                                                                             »
« q0_3: ──────────────────────────────────────────────────────────────────────»
«                                                                             »
« q0_4: ──────────────────────────────────────────────────────────────────────»
«                                                                             »
« q0_5: ──────────────────────────────────────────────────────────────────────»
«                                                                             »
« q0_6: ──────────────────────────────────────────────────────────────────────»
«                                                                             »
« q0_7: ──────────────────────────────────────────────────────────────────────»
«                                                                             »
« q0_8: ──────────────────────────────────────────────────────────────────────»
«                                                                             »
« q0_9: ──────────────────────────────────────────────────────────────────────»
«                                                                             »
«q0_10: ──────────────────────────────────────────────────────────────────────»
«                                                                             »
«q0_11: ──────────────────────────────────────────────────────────────────────»
«                                                                             »
«q0_12: ──────────────────────────────────────────────────────────────────────»
«       ┌────────────┐                                                        »
«q0_13: ┤ Rz(y[123]) ├────────────────────────────────────────────────────────»
«       ├────────────┤┌────────────┐                                          »
«q0_14: ┤ Ry(y[102]) ├┤ Rz(y[124]) ├──────────────────────────────────────────»
«       └────────────┘├────────────┤┌────────────┐                            »
«q0_15: ──────■───────┤ Ry(y[103]) ├┤ Rz(y[125]) ├────────────────────────────»
«           ┌─┴─┐     └────────────┘├────────────┤┌────────────┐              »
«q0_16: ────┤ X ├───────────■───────┤ Ry(y[104]) ├┤ Rz(y[126]) ├──────────────»
«           └───┘         ┌─┴─┐     └────────────┘├────────────┤┌────────────┐»
«q0_17: ──────────────────┤ X ├───────────■───────┤ Ry(y[105]) ├┤ Rz(y[127]) ├»
«                         └───┘         ┌─┴─┐     └────────────┘├────────────┤»
«q0_18: ────────────────────────────────┤ X ├───────────■───────┤ Ry(y[106]) ├»
«                                       └───┘         ┌─┴─┐     └────────────┘»
«q0_19: ──────────────────────────────────────────────┤ X ├───────────■───────»
«                                                     └───┘         ┌─┴─┐     »
«q0_20: ────────────────────────────────────────────────────────────┤ X ├─────»
«                                                                   └───┘     »
«q0_21: ──────────────────────────────────────────────────────────────────────»
«                                                                             »
«c0: 22/══════════════════════════════════════════════════════════════════════»
«                                                                             »
«                                                 
« q0_0: ──────────────────────────────────────────
«                                                 
« q0_1: ──────────────────────────────────────────
«                                                 
« q0_2: ──────────────────────────────────────────
«                                                 
« q0_3: ──────────────────────────────────────────
«                                                 
« q0_4: ──────────────────────────────────────────
«                                                 
« q0_5: ──────────────────────────────────────────
«                                                 
« q0_6: ──────────────────────────────────────────
«                                                 
« q0_7: ──────────────────────────────────────────
«                                                 
« q0_8: ──────────────────────────────────────────
«                                                 
« q0_9: ──────────────────────────────────────────
«                                                 
«q0_10: ──────────────────────────────────────────
«                                                 
«q0_11: ──────────────────────────────────────────
«                                                 
«q0_12: ──────────────────────────────────────────
«                                                 
«q0_13: ──────────────────────────────────────────
«                                                 
«q0_14: ──────────────────────────────────────────
«                                                 
«q0_15: ──────────────────────────────────────────
«                                                 
«q0_16: ──────────────────────────────────────────
«                                                 
«q0_17: ──────────────────────────────────────────
«       ┌────────────┐                            
«q0_18: ┤ Rz(y[128]) ├────────────────────────────
«       ├────────────┤┌────────────┐              
«q0_19: ┤ Ry(y[107]) ├┤ Rz(y[129]) ├──────────────
«       └────────────┘├────────────┤┌────────────┐
«q0_20: ──────■───────┤ Ry(y[108]) ├┤ Rz(y[130]) ├
«           ┌─┴─┐     ├────────────┤├────────────┤
«q0_21: ────┤ X ├─────┤ Ry(y[109]) ├┤ Rz(y[131]) ├
«           └───┘     └────────────┘└────────────┘
«c0: 22/══════════════════════════════════════════
«                                                 
ansatz-state is written to ansatz.txt
building constraints...
number of constraints= 484
unique pauliops 946
graphclique-cliquecover: 946 with commutationmode commute
strategy largest_first 63
strategy random_sequential 48
strategy smallest_last 62
strategy independent_set 44
strategy connected_sequential_bfs 63
strategy connected_sequential_dfs 60
strategy saturation_largest_first 45
number of cliques 44
clique 0 ['IIIIIIIIIIIIIIIIIIIIIZ', 'IIIIIIIIIIIIIIIIIIIIZZ', 'IIIIIIIIIIIIIIIIIIIZZI', 'IIIIIIIIIIIIIIIIIIZZII', 'IIIIIIIIIIIIIIIIIZZIII', 'IIIIIIIIIIIIIIIIZZIIII', 'IIIIIIIIIIIIIIIZZIIIII', 'IIIIIIIIIIIIIIZZIIIIII', 'IIIIIIIIIIIIIZZIIIIIII', 'IIIIIIIIIIIIZZIIIIIIII', 'IIIIIIIIIIIZZIIIIIIIII', 'IIIIIIIIIIZZIIIIIIIIII', 'IIIIIIIIIZZIIIIIIIIIII', 'IIIIIIIIZZIIIIIIIIIIII', 'IIIIIIIZZIIIIIIIIIIIII', 'IIIIIIZZIIIIIIIIIIIIII', 'IIIIIZZIIIIIIIIIIIIIII', 'IIIIZZIIIIIIIIIIIIIIII', 'IIIZZIIIIIIIIIIIIIIIII', 'IIZZIIIIIIIIIIIIIIIIII', 'IZZIIIIIIIIIIIIIIIIIII', 'ZZIIIIIIIIIIIIIIIIIIII']
clique 1 ['IIIIIIIIIIIIIIIIIIIIIX', 'IIIIIIIIIIIIIIIIIIIIZX', 'IIIIIIIIIIIIIIIIIIIXII', 'IIIIIIIIIIIIIIIIIIZXZI', 'IIIIIIIIIIIIIIIIIXIIII', 'IIIIIIIIIIIIIIIIZXZIII', 'IIIIIIIIIIIIIIIXIIIIII', 'IIIIIIIIIIIIIIZXZIIIII', 'IIIIIIIIIIIIIXIIIIIIII', 'IIIIIIIIIIIIZXZIIIIIII', 'IIIIIIIIIIIXIIIIIIIIII', 'IIIIIIIIIIZXZIIIIIIIII', 'IIIIIIIIIXIIIIIIIIIIII', 'IIIIIIIIZXZIIIIIIIIIII', 'IIIIIIIXIIIIIIIIIIIIII', 'IIIIIIZXZIIIIIIIIIIIII', 'IIIIIXIIIIIIIIIIIIIIII', 'IIIIZXZIIIIIIIIIIIIIII', 'IIIXIIIIIIIIIIIIIIIIII', 'IIZXZIIIIIIIIIIIIIIIII', 'IXIIIIIIIIIIIIIIIIIIII', 'ZXZIIIIIIIIIIIIIIIIIII']
clique 2 ['IIIIIIIIIIIIIIIIIIIIIY', 'IIIIIIIIIIIIIIIIIIIIZY', 'IIIIIIIIIIIIIIIIIIZYII', 'IIIIIIIIIIIIIIIIIIIYZI', 'IIIIIIIIIIIIIIIIZYIIII', 'IIIIIIIIIIIIIIIIIYZIII', 'IIIIIIIIIIIIIIZYIIIIII', 'IIIIIIIIIIIIIIIYZIIIII', 'IIIIIIIIIIIIZYIIIIIIII', 'IIIIIIIIIIIIIYZIIIIIII', 'IIIIIIIIIIZYIIIIIIIIII', 'IIIIIIIIIIIYZIIIIIIIII', 'IIIIIIIIZYIIIIIIIIIIII', 'IIIIIIIIIYZIIIIIIIIIII', 'IIIIIIZYIIIIIIIIIIIIII', 'IIIIIIIYZIIIIIIIIIIIII', 'IIIIZYIIIIIIIIIIIIIIII', 'IIIIIYZIIIIIIIIIIIIIII', 'IIZYIIIIIIIIIIIIIIIIII', 'IIIYZIIIIIIIIIIIIIIIII', 'ZYIIIIIIIIIIIIIIIIIIII', 'IYZIIIIIIIIIIIIIIIIIII']
clique 3 ['IIIIIIIIIIIIIIIIIIIZXX', 'IIYXXXXXXXXXXXXXXXXXXY', 'IIIIIIIIIIIIIIIIIIIYYI', 'ZXXXXXXXXXXXXXXXXXXXXZ', 'IIIIIIIIIIIIIIIIIIYXZI', 'IIIIIIIIIIIIIIIIIYYIII', 'IIIIIIIIIIIIIIIIYYIIII', 'IIIIIIIIIIIIIIIYYIIIII', 'IIIIIIIIIIIIIIYYIIIIII', 'IIIIIIIIIIIIIYYIIIIIII', 'IIIIIIIIIIIIYYIIIIIIII', 'IIIIIIIIIIIYYIIIIIIIII', 'IIIIIIIIIIYYIIIIIIIIII', 'IIIIIIIIIYYIIIIIIIIIII', 'IIIIIIIIYYIIIIIIIIIIII', 'IIIIIIIYYIIIIIIIIIIIII', 'IIIIIIYYIIIIIIIIIIIIII', 'IIIIIYYIIIIIIIIIIIIIII', 'IIIIYYIIIIIIIIIIIIIIII', 'IIIYYIIIIIIIIIIIIIIIII', 'IZXYIIIIIIIIIIIIIIIIII', 'IYYIIIIIIIIIIIIIIIIIII']
clique 4 ['IIIIIIIIIIIIIIIIIIIIYY', 'ZXXXXXXXXXXXXXXXXXXXXX', 'IIYXXXXXXXXXXXXXXXXXYI', 'IZXXXXXXXXXXXXXXXXXXXZ', 'IIIIIIIIIIIIIIIIIYXYII', 'IIIIIIIIIIIIIIIIZXXZII', 'IIZXXXXXXXXXXXXXXXYIII', 'IIIIIIIIIIIIIIIZXYIIII', 'IIIIIIIIIIIIIIIIYXZIII', 'IIIIIIIIIIIIZXYIIIIIII', 'IIIIIIIIIIIIIYXZIIIIII', 'IIIIIIIIIIIZXYIIIIIIII', 'IIIIIIIIIIIIYXZIIIIIII', 'IIIIIIIIZXYIIIIIIIIIII', 'IIIIIIIIIYXZIIIIIIIIII', 'IIIIIIIZXYIIIIIIIIIIII', 'IIIIIIIIYXZIIIIIIIIIII', 'IIIIZXYIIIIIIIIIIIIIII', 'IIIIIYXZIIIIIIIIIIIIII', 'IIIZXYIIIIIIIIIIIIIIII', 'IIIIYXZIIIIIIIIIIIIIII', 'IYXZIIIIIIIIIIIIIIIIII']
clique 5 ['IIIIIIIIIIIIIIIIIIIIYX', 'IIIIIIIIIIIIIIIIIIYXXY', 'IZXXXXXXXXXXXXXXXXXXYI', 'IIYXXXXXXXXXXXXXXXXXXZ', 'IIIIIIIIIIIIIIIIZXXYII', 'IIIIIIIIIIIIIIIIIYXZII', 'IYXXXXXXXXXXXXXXXXYIII', 'IIIIIIIIIIIIIIIYXYIIII', 'IIIIIIIIIIIIIYXYIIIIII', 'IIIIIIIIIIIIZXXXZIIIII', 'IIIIIIIIIIIYXXYIIIIIII', 'IIIIIIIIIIIZXXZIIIIIII', 'IIIIIIIIIIZXXYIIIIIIII', 'IIIIIIIIIYXXZIIIIIIIII', 'IIIIIIIYXYIIIIIIIIIIII', 'IIIIIZXXXXZIIIIIIIIIII', 'IIIIIIIIXIIIIIIIIIIIII', 'IIIIIYXYIIIIIIIIIIIIII', 'IIIYXXYIIIIIIIIIIIIIII', 'IIIZXXZIIIIIIIIIIIIIII', 'IIIIXIIIIIIIIIIIIIIIII', 'ZXYIIIIIIIIIIIIIIIIIII']
clique 6 ['IIIIIIIIIIIIIIIIIIIZXY', 'IZXXXXXXXXXXXXXXXXXXXX', 'IIIIIIIIIIIIIIIIIIZXXZ', 'IYXXXXXXXXXXXXXXXXXXYI', 'IIIIIIIIIIIIIIIIZXXXZI', 'IIIIIIIIIIIIIIIIIIYZII', 'IIIIIIIIIIIIIIZXXYIIII', 'IIIIIIZXXXXXXXXXXZIIII', 'IIIIIIIIIIIIIZXXZIIIII', 'IIIIIIYXXXXXXXXYIIIIII', 'IIIIIIIIIIIIZXXZIIIIII', 'IIIIIIIIIIZXXXZIIIIIII', 'IIIIIIIIIZXXXZIIIIIIII', 'IIIIIIIIIYXYIIIIIIIIII', 'IIIIIIIIZXXXZIIIIIIIII', 'IIIIYXXXXXXZIIIIIIIIII', 'IIIIIIIZXXZIIIIIIIIIII', 'IIIIIYXXZIIIIIIIIIIIII', 'ZXXXXXXZIIIIIIIIIIIIII', 'IIIYXYIIIIIIIIIIIIIIII', 'IIIZYIIIIIIIIIIIIIIIII', 'IIXIIIIIIIIIIIIIIIIIII']
clique 7 ['IIIIIIIIIIIIIIIIIIZXXX', 'IIIIIIIIIIIIIIIIIIIYXY', 'IIIIIYXXXXXXXXXXXXXXYI', 'IYXXXXXXXXXXXXXXXXXXXZ', 'IIIIIZXXXXXXXXXXXXXXZI', 'ZXXXXXXXXXXXXXXXXXXYII', 'IIIIIIIIIIIIIIIZXXZIII', 'IIIIIIIIIIIIZXXXXYIIII', 'IIIIIIIIIIIIIIIIYZIIII', 'IIIIIIIIIZXXXXXXYIIIII', 'IIIIIIIIIIIIIIXIIIIIII', 'IIIYXXXXXXXXXXXZIIIIII', 'IIIIIIIIIIIYXYIIIIIIII', 'IIIIIIIIIYXXXZIIIIIIII', 'IIIIIIIZXXXXZIIIIIIIII', 'IIIIIIYXXXXYIIIIIIIIII', 'IIIIIIIIYXYIIIIIIIIIII', 'IIIIIIZXXXZIIIIIIIIIII', 'IIIIYXXXYIIIIIIIIIIIII', 'IIIIZXXZIIIIIIIIIIIIII', 'IIYYIIIIIIIIIIIIIIIIII', 'IZYIIIIIIIIIIIIIIIIIII']
clique 8 ['IIIIIIIIIIIIIIIIIIIYXX', 'IIIIIIIIIIIIIIIIIIZXXY', 'IIIIIIIIYXXXXXXXXXXXYI', 'IIZXXXXXXXXXXXXXXXXXXZ', 'IIIIIIIIIIIIIIZXXXXXZI', 'IIIIIZXXXXXXXXXXXXXYII', 'IIIIIIIIIIIIIIYXXYIIII', 'IIIIIIIIIIIIIZXXXXZIII', 'IIIIIIIIIIIIIIIZYIIIII', 'IIIIIIIIIIIIIYXXXZIIII', 'IIIIIIIIZXXXXXXXZIIIII', 'IIYXXXXXXXXXXXXZIIIIII', 'IIIIIIIIIIZXYIIIIIIIII', 'IIIIIIIYXXXXZIIIIIIIII', 'IIIZXXXXXXXYIIIIIIIIII', 'IIIIIIIIIZXZIIIIIIIIII', 'IIIIIYXXXXZIIIIIIIIIII', 'IIIIIIIZXZIIIIIIIIIIII', 'IIIIIIXIIIIIIIIIIIIIII', 'IYXXYIIIIIIIIIIIIIIIII', 'IZXXZIIIIIIIIIIIIIIIII', 'ZXXZIIIIIIIIIIIIIIIIII']
clique 9 ['IIIIIIIIIIIIIIIIIZXXXX', 'IZXXXXXXXXXXXXXXXXXXXY', 'IIIIIIIIIIIIIIYXXXXXXZ', 'IIIIIIIIIIIYXXXXXXXXYI', 'IIIIIIIIIIIIIIIIIYXXZI', 'IIZXXXXXXXXXXXXXXXXYII', 'IIIIIIIIIIIIIIIIIIXIII', 'IIIIIZXXXXXXXXXXXXXZII', 'IIIIIIIIIIIIIIIIXIIIII', 'IIIIIIIIIIZXXXXYIIIIII', 'IIIIIIIIIYXXXXYIIIIIII', 'IYXXXXXXXXXXXXXZIIIIII', 'IIIIIIIIIIYXXYIIIIIIII', 'IIIIIIIIIIIIXIIIIIIIII', 'IIIIIIIIZXXXXZIIIIIIII', 'IIIIIIIIYXXYIIIIIIIIII', 'IIIIIYXXXYIIIIIIIIIIII', 'IIIIZXXYIIIIIIIIIIIIII', 'IIIIIIYZIIIIIIIIIIIIII', 'IIIIYXYIIIIIIIIIIIIIII', 'ZXXYIIIIIIIIIIIIIIIIII', 'IIYZIIIIIIIIIIIIIIIIII']
clique 10 ['IIIIIIIIIIIIIIIIIIYXXX', 'IIIIIIIIIIIIIIIIYXXXXY', 'IIIIIIIIIIIIIIIIIZXXYI', 'IIIYXXXXXXXXXXXXXXXXXZ', 'IIIIIIIIIIIZXXXXXXXXZI', 'IYXXXXXXXXXXXXXXXXXYII', 'IIIIIIIIIIIIIIZXXXXZII', 'IZXXXXXXXXXXXXXXXXYIII', 'IIIIIIIIIIZXXXXXXZIIII', 'IIYXXXXXXXXXXXXXYIIIII', 'IIIIIIIIIIIIZXXYIIIIII', 'IIIIIIIIIIIIIIYZIIIIII', 'IIIIIZXXXXXXXYIIIIIIII', 'IIIIIYXXXXXXXZIIIIIIII', 'IIIIIIIIIZXXZIIIIIIIII', 'IIIIIIIIIIYZIIIIIIIIII', 'IIIIIIIIYZIIIIIIIIIIII', 'IIIIIIZXYIIIIIIIIIIIII', 'IIIIYXXYIIIIIIIIIIIIII', 'IIIZXXXZIIIIIIIIIIIIII', 'IIZXXXZIIIIIIIIIIIIIII', 'ZXXXYIIIIIIIIIIIIIIIII']
clique 11 ['IIIIIIIIIIIIIIIIIZXXXY', 'IIIIIIYXXXXXXXXXXXXXXX', 'IIIIIIIIIIIIIIIIIIIYXZ', 'IIIIIIIIIIIIIIIIIIYXYI', 'IIYXXXXXXXXXXXXXXXXYII', 'IYXXXXXXXXXXXXXXXXXXZI', 'IIIIIIIIIIIIIIIIYXYIII', 'IIIIIIIIIIIIIYXXYIIIII', 'ZXXXXXXXXXXXXXXXXZIIII', 'IIIIIIIIIYXXXXXYIIIIII', 'IIIIIIIIIIIZXXYIIIIIII', 'IIIIIIIIIIIIYXXZIIIIII', 'IIIIIIIIIZXXXYIIIIIIII', 'IIIIZXXXXXXXXXZIIIIIII', 'IIIIIIIIYXXXYIIIIIIIII', 'IIIIIIIIZXXZIIIIIIIIII', 'IIIIIIIYXXYIIIIIIIIIII', 'IIZXXXXXXXZIIIIIIIIIII', 'IIIIIZXYIIIIIIIIIIIIII', 'IIIZXXYIIIIIIIIIIIIIII', 'IIIIYZIIIIIIIIIIIIIIII', 'IZXZIIIIIIIIIIIIIIIIII']
clique 12 ['IIIIIIIIIIIIIIIIZXXXXX', 'IIIIIIIIIIIIIIIIIYXXXY', 'IIIIIIIIIZXXXXXXXXXXXZ', 'IIIIIIIYXXXXXXXXXXXXYI', 'IIIIIIIIIIIIIIIIIZXXZI', 'IIIIIIYXXXXXXXXXXXXYII', 'IIIYXXXXXXXXXXXXXXYIII', 'ZXXXXXXXXXXXXXXXXXXZII', 'IIIIIIZXXXXXXXXXXXZIII', 'IIIIIIIIIIIIIYXXZIIIII', 'IIIIIYXXXXXXXXXYIIIIII', 'IIIIIIIIIIIIIZYIIIIIII', 'IIIIIIIIIIIZXXXZIIIIII', 'IIZXXXXXXXXXXXZIIIIIII', 'IIIIIIIIIYXXYIIIIIIIII', 'IIIIIZXXXXXXZIIIIIIIII', 'IIIIIIIIIIXIIIIIIIIIII', 'IIIIIIIIYXXZIIIIIIIIII', 'IIIIIIIZYIIIIIIIIIIIII', 'IZXXYIIIIIIIIIIIIIIIII', 'IIYXZIIIIIIIIIIIIIIIII', 'IYXYIIIIIIIIIIIIIIIIII']
clique 13 ['IIIIIIIIIIIIIIIIIYXXXX', 'IIIIIIIIIIIZXXXXXXXXXY', 'IIIIIYXXXXXXXXXXXXXXXZ', 'IIZXXXXXXXXXXXXXXXXXYI', 'IIIIIIIIIIIIIIIYXXXXZI', 'IIIYXXXXXXXXXXXXXXXYII', 'IIIIIIIIIIIYXXXXXXXZII', 'IIIIIIIIYXXXXXXXXXYIII', 'IIIIYXXXXXXXXXXXXXZIII', 'IIYXXXXXXXXXXXXXXYIIII', 'IIIIIIIIIIIIYXXXYIIIII', 'IIIIIIIIIIIIIZXYIIIIII', 'IIIIIIIIIIIIIIYXZIIIII', 'IIIIIIIIIIZXXXYIIIIIII', 'IIIIIIIZXXXXYIIIIIIIII', 'IIIIIIYXXXXXXZIIIIIIII', 'IIIZXXXXXYIIIIIIIIIIII', 'ZXXXXXXXXXZIIIIIIIIIII', 'IIIIIIZXXZIIIIIIIIIIII', 'IIIIZXXXYIIIIIIIIIIIII', 'IZXXXXXZIIIIIIIIIIIIII', 'IYXXXYIIIIIIIIIIIIIIII']
clique 14 ['IIIIIIIIIIIIIIIIZXXXXY', 'IIIIIIIIIIIIZXXXXXXXXX', 'IIIIIIIIIIIIIIIIIIIZXZ', 'IIIIIIIIIYXXXXXXXXXXYI', 'IIIIIIIIIIIIIIIIYXXXZI', 'IIIIIIIIIIIIIIIIIZXZII', 'IIIIIIIIIIIIIZXXXXYIII', 'IIIIIYXXXXXXXXXXXXZIII', 'IIIYXXXXXXXXXXXXXZIIII', 'IIIZXXXXXXXXXXXYIIIIII', 'IIIIIIIIIIYXXXYIIIIIII', 'IIIIIIIIZXXXXXXZIIIIII', 'IYXXXXXXXXXXXXZIIIIIII', 'IZXXXXXXXXXXXZIIIIIIII', 'IIIIIIIIYXXXZIIIIIIIII', 'IIYXXXXXXXXYIIIIIIIIII', 'IIIIIIIZXXXZIIIIIIIIII', 'IIIIIIZXXXYIIIIIIIIIII', 'IIIIIIYXXYIIIIIIIIIIII', 'IIIIYXXZIIIIIIIIIIIIII', 'ZXXXXYIIIIIIIIIIIIIIII', 'IIZXYIIIIIIIIIIIIIIIII']
clique 15 ['IIIIIIIIIIIIIIIZXXXXXX', 'IIIIIIIIIIIIYXXXXXXXXY', 'IIIIIIIIIIIIIIIIIIIIXI', 'IIIIIIIIIIIIIIIIIZXXXZ', 'IIIIIIIIIIYXXXXXXXXYII', 'IIIIIIIYXXXXXXXXXXXZII', 'IIIZXXXXXXXXXXXXXXYIII', 'IIIIIIIIIIIIIIYXXXZIII', 'ZXXXXXXXXXXXXXXXYIIIII', 'IYXXXXXXXXXXXXXXXZIIII', 'IIZXXXXXXXXXXXXXZIIIII', 'IIIIIIIIZXXXXXYIIIIIII', 'IIIIIIIIIYXXXXXZIIIIII', 'IIIIIIYXXXXXXYIIIIIIII', 'IIIIIIIZXXXXXZIIIIIIII', 'IIYXXXXXXXXXYIIIIIIIII', 'IIIIIIIIIZXYIIIIIIIIII', 'IIIIZXXXXXYIIIIIIIIIII', 'IIIYXXXXXXXZIIIIIIIIII', 'IIIIYXXXZIIIIIIIIIIIII', 'IIIIIZYIIIIIIIIIIIIIII', 'IZXXXZIIIIIIIIIIIIIIII']
clique 16 ['IIIIIIIIIIIIIIIIYXXXXX', 'IIIIIYXXXXXXXXXXXXXXXY', 'IIIIIIIIIIIIIIIIIIIIYZ', 'IIIIIIIIIIIIIIIZXXXXYI', 'IIIIIIIZXXXXXXXXXXXYII', 'IIIIIIIIIIIIIIIIZXYIII', 'IIIIIIIIIIIIIYXXXXXZII', 'IIIIIIIIIIIIIZXXXYIIII', 'IIIIIIIIIIZXXXXXXXZIII', 'IIIIIIIIIIIIIIZXXZIIII', 'IIZXXXXXXXXXXXXZIIIIII', 'IIIIYXXXXXXXXXZIIIIIII', 'IIIIIIIIIIIZYIIIIIIIII', 'IIIIIIIIIIYXZIIIIIIIII', 'IIIIIIIYXXXZIIIIIIIIII', 'IZXXXXXXXYIIIIIIIIIIII', 'IIIIIZXXYIIIIIIIIIIIII', 'IYXXXXXXXZIIIIIIIIIIII', 'IIIZXXXXZIIIIIIIIIIIII', 'ZXXXXXYIIIIIIIIIIIIIII', 'IIIYXXZIIIIIIIIIIIIIII', 'IIYXYIIIIIIIIIIIIIIIII']
clique 17 ['IIIIIIIIIIIIIIIZXXXXXY', 'IIIIIIIIIIIIIYXXXXXXXX', 'IIIIIIIIIIIIZXXXXXXXXZ', 'IIIIYXXXXXXXXXXXXXXXYI', 'IIIIZXXXXXXXXXXXXXXYII', 'IIZXXXXXXXXXXXXXXXXXZI', 'IIIIIIIIIIIZXXXXXXXZII', 'IIIIIIIYXXXXXXXXXXYIII', 'IIIIIIIIIIIIIIIYXXZIII', 'IIIIIIIIIYXXXXXXXYIIII', 'IIIIIIIIIIIIIZXXYIIIII', 'IIIIIIIIIIYXXXXXXZIIII', 'IIIIIIIIIIZXXXXXZIIIII', 'IIIIIIIIYXXXXXYIIIIIII', 'IIIIIIIIIZXXXXZIIIIIII', 'ZXXXXXXXXXXXZIIIIIIIII', 'IIIIIIZXXXXZIIIIIIIIII', 'IIIZXXXXYIIIIIIIIIIIII', 'IIIYXXXYIIIIIIIIIIIIII', 'IIYXXYIIIIIIIIIIIIIIII', 'IZXXXXZIIIIIIIIIIIIIII', 'IYXXXZIIIIIIIIIIIIIIII']
clique 18 ['IIIIIIIIIIIIIIZXXXXXXX', 'IIIIIIIIZXXXXXXXXXXXXY', 'IIIIIIIIIIIIIIIIIIYXXZ', 'IIIIIIIIIZXXXXXXXXXXYI', 'IIIIIIIIIIIIIIIZXXXYII', 'ZXXXXXXXXXXXXXXXXXXXZI', 'IIYXXXXXXXXXXXXXXXYIII', 'IZXXXXXXXXXXXXXXXXXZII', 'IIIIIIIIIIYXXXXXXYIIII', 'IIIIIIIIIIIYXXXXYIIIII', 'IIIZXXXXXXXXXXXXXZIIII', 'IIIIZXXXXXXXXXXXZIIIII', 'IIIIIIIZXXXXXXXZIIIIII', 'IIIIIIIIIYXXXYIIIIIIII', 'IIIIIYXXXXXXXXZIIIIIII', 'IIIIIZXXXXXXYIIIIIIIII', 'IYXXXXXXXXXXXZIIIIIIII', 'IIIIIIZXXXXXZIIIIIIIII', 'IIIIYXXXXXXYIIIIIIIIII', 'IIZXXXXXXXYIIIIIIIIIII', 'IIIIIIYXZIIIIIIIIIIIII', 'IIIYXXXZIIIIIIIIIIIIII']
clique 19 ['IIIIIIIIIIIIIIIYXXXXXY', 'IIIIZXXXXXXXXXXXXXXXXX', 'IIIIIIIIIIIIIIIIIYXXXZ', 'IIIIIIIIIIZXXXXXXXXXYI', 'IIIIIIIIIIIIIIIIIIYYII', 'IIIIIIIIIIIIIIYXXXXXZI', 'IIIIIIIIIYXXXXXXXXXZII', 'ZXXXXXXXXXXXXXXXXXYIII', 'IIIIIIIIIZXXXXXXXYIIII', 'IIIIIIIIIIIIZXXXYIIIII', 'IIIIIIIIIIIZXXXYIIIIII', 'IIIZXXXXXXXXXXXXZIIIII', 'IIIIIIIZXXXXXXYIIIIIII', 'IIIIIIIIYXXXXYIIIIIIII', 'IIIIIIZXXXXXXZIIIIIIII', 'IZXXXXXXXXXXZIIIIIIIII', 'IIIIIZXXXXXZIIIIIIIIII', 'IIIIIIYXXXZIIIIIIIIIII', 'IIIYXXXXYIIIIIIIIIIIII', 'IIZXXXXZIIIIIIIIIIIIII', 'IIYXXZIIIIIIIIIIIIIIII', 'IYXXZIIIIIIIIIIIIIIIII']
clique 20 ['IIIIIIIIIIIIIIIYXXXXXX', 'IIIIYXXXXXXXXXXXXXXXXY', 'IIIIIIIIIIIIIIIIZXXXYI', 'IIIIIIIIIIYXXXXXXXXXXZ', 'IIIIIIIIIIIYXXXXXXXYII', 'IIIIIIIIIIZXXXXXXXXXZI', 'IIIIIYXXXXXXXXXXXXYIII', 'IIZXXXXXXXXXXXXXXXXZII', 'IIIIIIIIIIIIYXXXXYIIII', 'IIIIIIIZXXXXXXXXXXZIII', 'IIYXXXXXXXXXXXXXXZIIII', 'IIIIIIIIIIIZXXXXZIIIII', 'IIIIIIIIZXXXXXXYIIIIII', 'IIIYXXXXXXXXXXYIIIIIII', 'IIIIIIIYXXXXXYIIIIIIII', 'IIIIIZXXXXXXXXZIIIIIII', 'IIIIIIIIIZXXYIIIIIIIII', 'IIIZXXXXXXXXXZIIIIIIII', 'IIIIZXXXXZIIIIIIIIIIII', 'IZXXXXXXZIIIIIIIIIIIII', 'IYXXXXYIIIIIIIIIIIIIII', 'ZXXXXXZIIIIIIIIIIIIIII']
clique 21 ['IIIIIIIIIIIIIIZXXXXXXY', 'IIIIIIIIIIIIIZXXXXXXXX', 'IIIIIIIIIIIIIIIIYXXXYI', 'IIIIZXXXXXXXXXXXXXXXXZ', 'IIIIIIIIIIIIIIYXXXXYII', 'IIIIIIIIIYXXXXXXXXXXZI', 'IIIIIIIIIIIIIIIZXXYIII', 'IIYXXXXXXXXXXXXXXXXZII', 'IIIIIIIYXXXXXXXXXYIIII', 'IYXXXXXXXXXXXXXXXXZIII', 'IIIIIIIIIIIZXXXXYIIIII', 'IIIIIIYXXXXXXXXXXZIIII', 'IIIIIIIIIIZXXXXZIIIIII', 'IIIIIIIIZXXXYIIIIIIIII', 'IIIIIIIIYXXXXZIIIIIIII', 'IIIZXXXXXXXXZIIIIIIIII', 'ZXXXXXXXXXXZIIIIIIIIII', 'IIIIIIZXXYIIIIIIIIIIII', 'IIIIYXXXXXZIIIIIIIIIII', 'IZXXXXXYIIIIIIIIIIIIII', 'IIZXXYIIIIIIIIIIIIIIII', 'IIIYXZIIIIIIIIIIIIIIII']
clique 22 ['IIIIIIIIIIIIIIYXXXXXXY', 'IIIZXXXXXXXXXXXXXXXXXX', 'IIIIIIIIIIIIIIIIIIIZYI', 'IIIIIIIIIIIIIIIIZXXXXZ', 'IIIYXXXXXXXXXXXXXXXXZI', 'IIIIIIIIIYXXXXXXXXYIII', 'IIIIIIIIYXXXXXXXXXXZII', 'IIIIIZXXXXXXXXXXXYIIII', 'IIYXXXXXXXXXXXXXXXZIII', 'IIIIIIIIIIIIIIIYXZIIII', 'IIIIIIIIIIIIYXXXZIIIII', 'IIIIZXXXXXXXXXXYIIIIII', 'IIIIIIZXXXXXXXYIIIIIII', 'ZXXXXXXXXXXXXYIIIIIIII', 'IIIIIYXXXXXXYIIIIIIIII', 'IIZXXXXXXXXXXZIIIIIIII', 'IIIIIIIYXXXYIIIIIIIIII', 'IIIIIIIZXXYIIIIIIIIIII', 'IIIIIIYXXXXZIIIIIIIIII', 'IIIIYXXXXYIIIIIIIIIIII', 'IZXXXXXXXXZIIIIIIIIIII', 'IYXXXXXXYIIIIIIIIIIIII']
clique 23 ['IIIIIIIIIIIIIIYXXXXXXX', 'IIIIIIIIIZXXXXXXXXXXXY', 'IIIIIIIIZXXXXXXXXXXXXZ', 'IIIIIIYXXXXXXXXXXXXXYI', 'IIIIIIIIIIIIIIIIIZXYII', 'IIIIIIIIIIIIIIIZXXXXZI', 'IIIIIIIIIIIIIIIYXXYIII', 'IIIYXXXXXXXXXXXXXXXZII', 'IIIIIZXXXXXXXXXXXXZIII', 'IIIIIIIIIIIIZXXXXZIIII', 'IIIIIIZXXXXXXXXXYIIIII', 'IIIIIIIIYXXXXXXXZIIIII', 'IIIZXXXXXXXXXXYIIIIIII', 'IIZXXXXXXXXXXYIIIIIIII', 'IIIIIIIIIIZXXZIIIIIIII', 'IIIIIYXXXXXYIIIIIIIIII', 'IIIIZXXXXXXXZIIIIIIIII', 'IIYXXXXXXXXZIIIIIIIIII', 'IIIIIIIYXXZIIIIIIIIIII', 'IZXXXXXXXZIIIIIIIIIIII', 'IYXXXXXYIIIIIIIIIIIIII', 'ZXXXZIIIIIIIIIIIIIIIII']
clique 24 ['IIIIIIIIIIIIIZXXXXXXXY', 'IIIIIIIIIZXXXXXXXXXXXX', 'IIIIIIIIIIIIIIIIIYXXYI', 'IIIIIZXXXXXXXXXXXXXXXZ', 'IIIIIYXXXXXXXXXXXXXYII', 'IIIIZXXXXXXXXXXXXXXXZI', 'IIIIIIIIIIIIIIIYXXXZII', 'IIIIIIIIIIIYXXXXXXYIII', 'IIIIIIIIIIIZXXXXXYIIII', 'IIZXXXXXXXXXXXXXXXZIII', 'IYXXXXXXXXXXXXXXYIIIII', 'IIIIIIIIIIIIYXXYIIIIII', 'IIIIIIIIIYXXXXXXZIIIII', 'IIIIIIYXXXXXXXYIIIIIII', 'IIIIIIZXXXXXXXZIIIIIII', 'IIIIIIIIIIYXYIIIIIIIII', 'ZXXXXXXXXXXXXZIIIIIIII', 'IIIIYXXXXXYIIIIIIIIIII', 'IZXXXXXXYIIIIIIIIIIIII', 'IIIZXXXYIIIIIIIIIIIIII', 'IIIYXXXXZIIIIIIIIIIIII', 'IIYXXXXZIIIIIIIIIIIIII']
clique 25 ['IIIIIIIIIIIIIYXXXXXXXY', 'IIIIIIIIIIZXXXXXXXXXXX', 'IIIIIIIIIIIIIIIZXXXXXZ', 'IIIZXXXXXXXXXXXXXXXXYI', 'IIIIIIIIIIIIIIIYXXXYII', 'IIIIIIIIIIIIYXXXXXXXZI', 'IIIIIIIIIIIIIIIIIZYIII', 'IIIIIIIIZXXXXXXXXXXZII', 'IIIIIIIIIIYXXXXXXXZIII', 'IIIIIIIIIYXXXXXXYIIIII', 'IIIIYXXXXXXXXXXXXZIIII', 'IIIIIIIIIZXXXXXXZIIIII', 'IIIIIIIYXXXXXXYIIIIIII', 'IIIIIIYXXXXXXXZIIIIIII', 'IYXXXXXXXXXXXYIIIIIIII', 'IIIYXXXXXXXXYIIIIIIIII', 'IIIIIIIZXXXYIIIIIIIIII', 'IIIIZXXXXXXZIIIIIIIIII', 'ZXXXXXXXZIIIIIIIIIIIII', 'IIYXXXYIIIIIIIIIIIIIII', 'IZXXXYIIIIIIIIIIIIIIII', 'IIZXXZIIIIIIIIIIIIIIII']
clique 26 ['IIIIIIIIIIIIZXXXXXXXXY', 'IIIIIIIIIIIZXXXXXXXXXX', 'IIIIIIIIIIIIIIIYXXXXXZ', 'IIIYXXXXXXXXXXXXXXXXYI', 'IIIIIIIYXXXXXXXXXXXXZI', 'IIIIYXXXXXXXXXXXXXXYII', 'IIIIIIIIIIIIIYXXXXYIII', 'IIIIIIIIIIZXXXXXXXXZII', 'IIIIIIIIIZXXXXXXXXZIII', 'IIIIIIIIYXXXXXXXXYIIII', 'IIIIIIIZXXXXXXXXXZIIII', 'IIIIIIYXXXXXXXXXYIIIII', 'IIIIIZXXXXXXXXXXZIIIII', 'IZXXXXXXXXXXXXXYIIIIII', 'IIIIIIIIIIIIYXYIIIIIII', 'IIIZXXXXXXXXXYIIIIIIII', 'IIYXXXXXXXXXXXZIIIIIII', 'IYXXXXXXXXXZIIIIIIIIII', 'IIIIZXXXXXZIIIIIIIIIII', 'IIIIIYXXXZIIIIIIIIIIII', 'ZXXXXXXXYIIIIIIIIIIIII', 'IIZXXXYIIIIIIIIIIIIIII']
clique 27 ['IIIIIIIIIIIIYXXXXXXXXX', 'IIIYXXXXXXXXXXXXXXXXXY', 'IIIIIIIIZXXXXXXXXXXXYI', 'IIIIYXXXXXXXXXXXXXXXXZ', 'IIIIIIIIIYXXXXXXXXXYII', 'IIIIIYXXXXXXXXXXXXXXZI', 'IIIIIIIIIIIIIIIIYXXZII', 'IIIIIZXXXXXXXXXXXXYIII', 'IIIZXXXXXXXXXXXXXYIIII', 'IZXXXXXXXXXXXXXXXXZIII', 'IIIIIIIIIIIIIIYXXZIIII', 'IIIIIIIIYXXXXXXXYIIIII', 'IIIIIIZXXXXXXXXYIIIIII', 'IIIIIIYXXXXXXXXZIIIIII', 'IIZXXXXXXXXXXXYIIIIIII', 'IIIIIIIZXXXXXYIIIIIIII', 'IIIIIIIIIIIYXZIIIIIIII', 'IIIIIIIYXXXXYIIIIIIIII', 'IIIIZXXXXXXYIIIIIIIIII', 'IYXXXXXXXXYIIIIIIIIIII', 'IIYXXXXXXXZIIIIIIIIIII', 'ZXXXXXXXXYIIIIIIIIIIII']
clique 28 ['IIIIIIIIIIIYXXXXXXXXXY', 'IIZXXXXXXXXXXXXXXXXXXX', 'IIIIIIIIIIIIYXXXXXXXYI', 'IIIIIIIIIIIZXXXXXXXXXZ', 'IIIIIIIIIIIIIIZXXXXYII', 'IIIIIIIIIIIIZXXXXXXXZI', 'IIIIIIIIIZXXXXXXXXYIII', 'IIIIZXXXXXXXXXXXXXXZII', 'IIIIIIIIZXXXXXXXXXZIII', 'IIIIIIIZXXXXXXXXXYIIII', 'IIIIIZXXXXXXXXXXXZIIII', 'IIIIIYXXXXXXXXXXYIIIII', 'IIIIIIIIIIYXXXXXZIIIII', 'IIIIIIIIYXXXXXXYIIIIII', 'IIIZXXXXXXXXXXXZIIIIII', 'IIIIYXXXXXXXXYIIIIIIII', 'ZXXXXXXXXXXXXXZIIIIIII', 'IIYXXXXXXXXXXZIIIIIIII', 'IIIYXXXXXXYIIIIIIIIIII', 'IIIIIIIYXZIIIIIIIIIIII', 'IZXXXXYIIIIIIIIIIIIIII', 'IYXXXXZIIIIIIIIIIIIIII']
clique 29 ['IIIIIIIIIIIYXXXXXXXXXX', 'IIIIIIIIIIZXXXXXXXXXXY', 'IIIIIIIIIIIIIIZXXXXXYI', 'IIIIIIIYXXXXXXXXXXXXXZ', 'IIIIIIIIIIIIIIIIYXXYII', 'IIIIIIZXXXXXXXXXXXXXZI', 'IIIIZXXXXXXXXXXXXXYIII', 'IIIIYXXXXXXXXXXXXXXZII', 'IIIIIYXXXXXXXXXXXYIIII', 'IIIZXXXXXXXXXXXXXXZIII', 'IIIIIIIIZXXXXXXXXZIIII', 'IIIIIZXXXXXXXXXXYIIIII', 'IIZXXXXXXXXXXXXYIIIIII', 'IIIIIIIIYXXXXXXZIIIIII', 'IIIIIIIZXXXXXXZIIIIIII', 'IIIYXXXXXXXXXYIIIIIIII', 'IIIIIIIIIIYXXZIIIIIIII', 'IIIIIIYXXXXXYIIIIIIIII', 'IZXXXXXXXXXYIIIIIIIIII', 'IYXXXXXXXXXXZIIIIIIIII', 'IIYXXXXXXYIIIIIIIIIIII', 'ZXXXXXXXXZIIIIIIIIIIII']
clique 30 ['IIIIIIIYXXXXXXXXXXXXXY', 'IIIIYXXXXXXXXXXXXXXXXX', 'IIIIIIIIIIIIIIIIYXXXXZ', 'IIIIIIZXXXXXXXXXXXXXYI', 'IIIIIIIIZXXXXXXXXXXXZI', 'IZXXXXXXXXXXXXXXXXXYII', 'IIIIIIIIIIIIYXXXXXXZII', 'IIIIIIIZXXXXXXXXXXYIII', 'IYXXXXXXXXXXXXXXXYIIII', 'ZXXXXXXXXXXXXXXXXXZIII', 'IIIIIIIIIIIIIIYXYIIIII', 'IIIIIIIIIZXXXXXXXZIIII', 'IIIIIIIIIIIYXXXYIIIIII', 'IIIIIIIIIIIIIZXZIIIIII', 'IIIIIZXXXXXXXXYIIIIIII', 'IIIIIIIIIIIZXZIIIIIIII', 'IIIIZXXXXXXXYIIIIIIIII', 'IIIIIYXXXXYIIIIIIIIIII', 'IIIYXXXXXXZIIIIIIIIIII', 'IIIZXXXXXZIIIIIIIIIIII', 'IIZXXXXXZIIIIIIIIIIIII', 'IIYXXXZIIIIIIIIIIIIIII']
clique 31 ['IIZXXXXXXXXXXXXXXXXXXY', 'IIYXXXXXXXXXXXXXXXXXXX', 'IIIIIIIIIIYXXXXXXXXXYI', 'IIIIIIYXXXXXXXXXXXXXXZ', 'IIIIIIIIZXXXXXXXXXXYII', 'IIIZXXXXXXXXXXXXXXXXZI', 'IIIIIIIIIIIIZXXXXXXZII', 'IIIIIIZXXXXXXXXXXXYIII', 'IIIIIIIIIIZXXXXXXYIIII', 'IIIIIIIIIYXXXXXXXXZIII', 'IIIIIIIIIIIIIIIZXZIIII', 'IIIIYXXXXXXXXXXXYIIIII', 'IIIIIIIZXXXXXXXXZIIIII', 'IIIIIIIIIIIYXXXZIIIIII', 'IIIIIIIIIZXXXXYIIIIIII', 'IIIIIYXXXXXXXYIIIIIIII', 'IZXXXXXXXXXXXXZIIIIIII', 'IIIIZXXXXXXXXZIIIIIIII', 'IIIYXXXXXXXXZIIIIIIIII', 'ZXXXXXXXXXXYIIIIIIIIII', 'IIIIIZXXZIIIIIIIIIIIII', 'IYXXXXXZIIIIIIIIIIIIII']
clique 32 ['IIIIZXXXXXXXXXXXXXXXXY', 'IYXXXXXXXXXXXXXXXXXXXX', 'IIIIIIIIYXXXXXXXXXXXXZ', 'IIIIIZXXXXXXXXXXXXXXYI', 'IIIIIIIIIIIIIYXXXXXXZI', 'IIIIIIZXXXXXXXXXXXXYII', 'IIIIIIIIIIIIYXXXXXYIII', 'IIIIIIIIIIYXXXXXXXXZII', 'IIIIIIYXXXXXXXXXXYIIII', 'IIIYXXXXXXXXXXXXXXZIII', 'IIIIIIIIIIIIIIZXYIIIII', 'IIZXXXXXXXXXXXXXXZIIII', 'IIIIIIIIIIIYXXXXZIIIII', 'IIIIIIIZXXXXXXXYIIIIII', 'IIIIIIIIIZXXXXXZIIIIII', 'IIIIIIIYXXXXXXZIIIIIII', 'IIYXXXXXXXXXXYIIIIIIII', 'IZXXXXXXXXXXYIIIIIIIII', 'IIIIIIIIZXXYIIIIIIIIII', 'ZXXXXXXXXXYIIIIIIIIIII', 'IIIIYXXXXZIIIIIIIIIIII', 'IIIZXZIIIIIIIIIIIIIIII']
clique 33 ['IIIIIIZXXXXXXXXXXXXXXX', 'IIIIIZXXXXXXXXXXXXXXXY', 'IIIIIIIIIIIIIYXXXXXXXZ', 'IIIIIIIZXXXXXXXXXXXXYI', 'IIIIIIIIYXXXXXXXXXXYII', 'IIIIYXXXXXXXXXXXXXXXZI', 'IIIIIIIIZXXXXXXXXXYIII', 'IIIIIYXXXXXXXXXXXXXZII', 'IIIIIIIIIIIIYXXXXXZIII', 'IZXXXXXXXXXXXXXXXYIIII', 'IIIIIIIIIIIYXXXXXZIIII', 'IIZXXXXXXXXXXXXXYIIIII', 'IIIIIIIYXXXXXXXYIIIIII', 'ZXXXXXXXXXXXXXXXZIIIII', 'IIIIIIIIIIYXXXXZIIIIII', 'IIYXXXXXXXXXXXYIIIIIII', 'IIIIIIIIIYXXXXZIIIIIII', 'IIIIZXXXXXXXXYIIIIIIII', 'IIIZXXXXXXXXYIIIIIIIII', 'IYXXXXXXXXXYIIIIIIIIII', 'IIIIIIYXXXYIIIIIIIIIII', 'IIIYXXXXXYIIIIIIIIIIII']
clique 34 ['IIIIIIIIZXXXXXXXXXXXXX', 'ZXXXXXXXXXXXXXXXXXXXXY', 'IIIIIIIIIIIIZXXXXXXXYI', 'IIIIIIIIIIIYXXXXXXXXXZ', 'IIIIIIIZXXXXXXXXXXXXZI', 'IIIIIIIYXXXXXXXXXXXYII', 'IIIIIIIIIIIIIIIZXXXZII', 'IIIIIIIIIIIZXXXXXXYIII', 'IIIIIIIIIIIIIYXXXYIIII', 'IIIIZXXXXXXXXXXXXXZIII', 'IIIIIYXXXXXXXXXXXZIIII', 'IIIZXXXXXXXXXXXXYIIIII', 'IIIYXXXXXXXXXXXXZIIIII', 'IIIIIIZXXXXXXXXZIIIIII', 'IIIIYXXXXXXXXXYIIIIIII', 'IIIIIIIIYXXXXXZIIIIIII', 'IZXXXXXXXXXXXYIIIIIIII', 'IIIIIIYXXXXXZIIIIIIIII', 'IIYXXXXXXXYIIIIIIIIIII', 'IIIIIZXXXYIIIIIIIIIIII', 'IYXXXXXXXXZIIIIIIIIIII', 'IIZXXXXXXZIIIIIIIIIIII']
clique 35 ['IIIIIZXXXXXXXXXXXXXXXX', 'IYXXXXXXXXXXXXXXXXXXXY', 'IIIIIIIIIIIIIYXXXXXXYI', 'IIIIIIIIIIZXXXXXXXXXXZ', 'IIIIIIIIIIYXXXXXXXXXZI', 'IIIZXXXXXXXXXXXXXXXYII', 'IIIIIIIIIIIIZXXXXXYIII', 'IIIIIIIIIZXXXXXXXXXZII', 'IIIIIIIIIIIIIIZXXXZIII', 'IIIIIIIIIIIYXXXXXYIIII', 'IIIIIIIIIYXXXXXXXZIIII', 'IZXXXXXXXXXXXXXXYIIIII', 'IIIIIIYXXXXXXXXXZIIIII', 'IIIIYXXXXXXXXXXYIIIIII', 'IIIIIIIYXXXXXXXZIIIIII', 'IIIIIIIIZXXXXXZIIIIIII', 'IIIIIIZXXXXXXYIIIIIIII', 'IIIYXXXXXXXYIIIIIIIIII', 'IIZXXXXXXXXXZIIIIIIIII', 'IIIIZXXXZIIIIIIIIIIIII', 'IIYXXXXYIIIIIIIIIIIIII', 'ZXXXXZIIIIIIIIIIIIIIII']
clique 36 ['IIIIIIIIIIYXXXXXXXXXXY', 'IIIYXXXXXXXXXXXXXXXXXX', 'IIIIIIIIIIIZXXXXXXXXYI', 'IIIIIIIIIIIIYXXXXXXXXZ', 'IIIIIIIIIIIIIZXXXXXYII', 'IIIIIIIIIZXXXXXXXXXXZI', 'IIIIIIIIIIZXXXXXXXYIII', 'IIIIIIIZXXXXXXXXXXXZII', 'IIIIIIIYXXXXXXXXXXZIII', 'IIZXXXXXXXXXXXXXXYIIII', 'IIIIIIIIZXXXXXXXYIIIII', 'IIIIZXXXXXXXXXXXXZIIII', 'IIIIIIZXXXXXXXXXZIIIII', 'ZXXXXXXXXXXXXXXYIIIIII', 'IIIIIZXXXXXXXXXZIIIIII', 'IZXXXXXXXXXXXXYIIIIIII', 'IIIZXXXXXXXXXXZIIIIIII', 'IIIIYXXXXXXXXZIIIIIIII', 'IYXXXXXXXXXXYIIIIIIIII', 'IIIIIYXXXXXZIIIIIIIIII', 'IIIIIIYXXZIIIIIIIIIIII', 'IIYXXXXXZIIIIIIIIIIIII']
clique 37 ['IIIIIIIIIIYXXXXXXXXXXX', 'IIIIIIZXXXXXXXXXXXXXXY', 'IIIIIIIIIIIIIZXXXXXXXZ', 'ZXXXXXXXXXXXXXXXXXXXYI', 'IIIIIIIIIIZXXXXXXXXYII', 'IIIIIIIIIIIYXXXXXXXXZI', 'IIIIIIIIIIIIIIYXXXYIII', 'IIIZXXXXXXXXXXXXXXXZII', 'IIIIIIIIYXXXXXXXXXZIII', 'IIIIYXXXXXXXXXXXXYIIII', 'IIIIIIIIIIIZXXXXXZIIII', 'IIIIIIIZXXXXXXXXYIIIII', 'IIIIIZXXXXXXXXXYIIIIII', 'IZXXXXXXXXXXXXXXZIIIII', 'IIIIIYXXXXXXXXYIIIIIII', 'IIIIZXXXXXXXXXXZIIIIII', 'IIIIIIIYXXXXXZIIIIIIII', 'IIZXXXXXXXXXYIIIIIIIII', 'IIYXXXXXXXXXZIIIIIIIII', 'IYXXXXXXXYIIIIIIIIIIII', 'IIIIIIYXYIIIIIIIIIIIII', 'IIIYXXXXXZIIIIIIIIIIII']
clique 38 ['IIIIIIIIIYXXXXXXXXXXXY', 'IIIIIIIIYXXXXXXXXXXXXX', 'IIIIIIIIIIIIIIIIIIZXYI', 'IIIIIIIZXXXXXXXXXXXXXZ', 'IIIIIIIIIIIIIYXXXXXYII', 'IIYXXXXXXXXXXXXXXXXXZI', 'IIIIIIYXXXXXXXXXXXXZII', 'IIIIIIZXXXXXXXXXXYIIII', 'IIIIIIIYXXXXXXXXXZIIII', 'IIIYXXXXXXXXXXXXYIIIII', 'IIIIIIIIIZXXXXXYIIIIII', 'IYXXXXXXXXXXXXXXZIIIII', 'IIIIZXXXXXXXXXYIIIIIII', 'IIIIYXXXXXXXXXXZIIIIII', 'IIIIIIIIIIYXXXZIIIIIII', 'IIIIIIIIZXXXXYIIIIIIII', 'ZXXXXXXXXXXXYIIIIIIIII', 'IIIIIZXXXXXYIIIIIIIIII', 'IIIIIYXXXXXXZIIIIIIIII', 'IIIZXXXXXXYIIIIIIIIIII', 'IIZXXXXXXXXZIIIIIIIIII']
clique 39 ['IIIIIIIIIYXXXXXXXXXXXX', 'IIIZXXXXXXXXXXXXXXXXXY', 'IIIIIIIIIIIIIZXXXXXXYI', 'IIIIIIZXXXXXXXXXXXXXXZ', 'IIIIIIIIIIIIZXXXXXXYII', 'IIIIIIIIYXXXXXXXXXXXZI', 'IIIIIIIIIIIIIIZXXXYIII', 'IYXXXXXXXXXXXXXXXXXZII', 'IIIIIIYXXXXXXXXXXXZIII', 'IIIIZXXXXXXXXXXXXYIIII', 'IIIIIIIIIIYXXXXXYIIIII', 'IZXXXXXXXXXXXXXXXZIIII', 'IIIIIIIYXXXXXXXXZIIIII', 'IIIYXXXXXXXXXXXYIIIIII', 'IIIIIYXXXXXXXXXZIIIIII', 'IIIIIIIIIIIYXXZIIIIIII', 'IIIIIZXXXXXXXZIIIIIIII', 'IIIIYXXXXXXXZIIIIIIIII', 'IIZXXXXXXXXYIIIIIIIIII', 'IIIIIIIIIZYIIIIIIIIIII', 'IIYXXXXXYIIIIIIIIIIIII', 'ZXXXXXXYIIIIIIIIIIIIII']
clique 40 ['IIIIIIIZXXXXXXXXXXXXXX', 'IIIIIIIIYXXXXXXXXXXXXY', 'IIIIIIIIIIIIIIIYXXXXYI', 'IIIZXXXXXXXXXXXXXXXXXZ', 'IIIIIIIIIIIZXXXXXXXYII', 'IIIIIIYXXXXXXXXXXXXXZI', 'IIIIIIIIIIIIIZXXXXXZII', 'IIIIYXXXXXXXXXXXXXYIII', 'IIIIIIIIIIIIIYXXXXZIII', 'ZXXXXXXXXXXXXXXXXYIIII', 'IIIIIIIIIIIIYXXXXZIIII', 'IIIIIIIYXXXXXXXXYIIIII', 'IIIIIIIIIIYXXXXYIIIIII', 'IIIIIYXXXXXXXXXXZIIIII', 'IYXXXXXXXXXXXXYIIIIIII', 'IIIYXXXXXXXXXXZIIIIIII', 'IIIIIIZXXXXXYIIIIIIIII', 'IIIIIZXXXXYIIIIIIIIIII', 'IZXXXXXXXXXZIIIIIIIIII', 'IIIIZXXXXYIIIIIIIIIIII', 'IIZXXXXXYIIIIIIIIIIIII', 'IIYXXXXXXZIIIIIIIIIIII']
clique 41 ['IIIIIIIZXXXXXXXXXXXXXY', 'IIIIIYXXXXXXXXXXXXXXXX', 'IIIIIIIIIYXXXXXXXXXXXZ', 'IIIIZXXXXXXXXXXXXXXXYI', 'IIIIIIIIIIIIIZXXXXXXZI', 'IIIIIIIIIIIIYXXXXXXYII', 'IIIIIIIIIIIIIIYXXXXZII', 'IIIIIIYXXXXXXXXXXXYIII', 'IIIIIIIIIIIYXXXXXXZIII', 'IIIIIIIIZXXXXXXXXYIIII', 'IIIIIIIIIIZXXXXXYIIIII', 'IIIIIIIIYXXXXXXXXZIIII', 'IIYXXXXXXXXXXXXXZIIIII', 'IYXXXXXXXXXXXXXYIIIIII', 'IZXXXXXXXXXXXXXZIIIIII', 'ZXXXXXXXXXXXXXYIIIIIII', 'IIIIYXXXXXXXYIIIIIIIII', 'IIIYXXXXXXXXXZIIIIIIII', 'IIIIIIZXXXXYIIIIIIIIII', 'IIIZXXXXXXZIIIIIIIIIII', 'IIZXXXXXXYIIIIIIIIIIII', 'IIIIIZXZIIIIIIIIIIIIII']
clique 42 ['IIIIIIIYXXXXXXXXXXXXXX', 'IIIIIIYXXXXXXXXXXXXXXY', 'IIIIIIIIIIIIIIZXXXXXXZ', 'IIIIIIIIIIIIIIYXXXXXYI', 'IIIIIIIIIZXXXXXXXXXYII', 'IZXXXXXXXXXXXXXXXXXXZI', 'IIIIIIIIIIYXXXXXXXYIII', 'IIIIIIZXXXXXXXXXXXXZII', 'IIIIIIIIIIIIZXXXXXZIII', 'IIIYXXXXXXXXXXXXXYIIII', 'IIIIIIIIIIIIIZXXXZIIII', 'IIIIZXXXXXXXXXXXYIIIII', 'IIIIYXXXXXXXXXXXZIIIII', 'IIYXXXXXXXXXXXXYIIIIII', 'ZXXXXXXXXXXXXXXZIIIIII', 'IIIIIIIIIIIIYZIIIIIIII', 'IIIZXXXXXXXZIIIIIIIIII', 'IIIIIZXXXZIIIIIIIIIIII', 'IIIIIYXXYIIIIIIIIIIIII', 'IIZXXXXYIIIIIIIIIIIIII', 'IYXXXXXXZIIIIIIIIIIIII']
clique 43 ['IIIIIIIIIIIZXXXXXXZIII', 'IZXXXXXXXXYIIIIIIIIIII']
