E_dimer= 2.5615528128088303
rho12_dimer= 0.48507125007266594
GS energy with  DMRG -2.56155281280883
N= 1.9999999999999996
E= -2.56155281280883
D= [[ 5.00000000e-01+0.j  5.16781037e-13+0.j  4.85071250e-01+0.j
   6.87766892e-14+0.j]
 [ 5.16744025e-13+0.j  5.00000000e-01+0.j -6.87542270e-14+0.j
   4.85071250e-01+0.j]
 [ 4.85071250e-01+0.j -6.87748522e-14+0.j  5.00000000e-01+0.j
  -5.16757356e-13+0.j]
 [ 6.87584732e-14+0.j  4.85071250e-01+0.j -5.16752865e-13+0.j
   5.00000000e-01+0.j]]
W= [0.18936609+0.j 0.18936609+0.j]
local approximation with  1 sites
local interactions on sites [[0], [1]]
Functional for interaction on sites [0]
interacting orbitals: [0, 1]
mapping: [0, 1, 2, 3]
orbinteractaca= [0, 1]
aca: level 1  norb= 4
Daca= [[ 5.00000000e-01+0.j  5.16781037e-13+0.j -4.85071250e-01+0.j
   0.00000000e+00+0.j]
 [ 5.16744025e-13+0.j  5.00000000e-01+0.j -2.24621481e-17+0.j
   4.85071250e-01+0.j]
 [-4.85071250e-01+0.j -1.83698568e-18+0.j  5.00000000e-01+0.j
   5.16757356e-13+0.j]
 [-1.82160253e-17+0.j  4.85071250e-01+0.j  5.16752865e-13+0.j
   5.00000000e-01+0.j]]
Naca= (1, 0.9999999999999998)
nq= 4
interact= NNII * (1+0j)
variational state:
      ┌──────────┐┌──────────┐┌──────────┐            ┌───────────┐»
q0_0: ┤ Ry(y[0]) ├┤ Rz(y[4]) ├┤ Rx(y[8]) ├─────■──────┤ Ry(y[12]) ├»
      ├──────────┤├──────────┤└────┬─────┘┌────┴─────┐└───────────┘»
q0_1: ┤ Ry(y[1]) ├┤ Rz(y[5]) ├─────┼──────┤ Rx(y[9]) ├──────■──────»
      ├──────────┤├──────────┤     │      └──────────┘┌─────┴─────┐»
q0_2: ┤ Ry(y[2]) ├┤ Rz(y[6]) ├─────┼──────────────────┤ Rx(y[10]) ├»
      ├──────────┤├──────────┤     │                  └───────────┘»
q0_3: ┤ Ry(y[3]) ├┤ Rz(y[7]) ├─────■───────────────────────────────»
      └──────────┘└──────────┘                                     »
c0: 4/═════════════════════════════════════════════════════════════»
                                                                   »
«      ┌───────────┐                          ┌───────────┐             »
«q0_0: ┤ Rz(y[16]) ├──────────────────────────┤ Rx(y[20]) ├──────■──────»
«      ├───────────┤┌───────────┐             └─────┬─────┘┌─────┴─────┐»
«q0_1: ┤ Ry(y[13]) ├┤ Rz(y[17]) ├───────────────────┼──────┤ Rx(y[21]) ├»
«      └───────────┘├───────────┤┌───────────┐      │      └───────────┘»
«q0_2: ──────■──────┤ Ry(y[14]) ├┤ Rz(y[18]) ├──────┼───────────────────»
«      ┌─────┴─────┐├───────────┤├───────────┤      │                   »
«q0_3: ┤ Rx(y[11]) ├┤ Ry(y[15]) ├┤ Rz(y[19]) ├──────■───────────────────»
«      └───────────┘└───────────┘└───────────┘                          »
«c0: 4/═════════════════════════════════════════════════════════════════»
«                                                                       »
«      ┌───────────┐┌───────────┐                          ┌───────────┐»
«q0_0: ┤ Ry(y[24]) ├┤ Rz(y[28]) ├──────────────────────────┤ Rx(y[32]) ├»
«      └───────────┘├───────────┤┌───────────┐             └─────┬─────┘»
«q0_1: ──────■──────┤ Ry(y[25]) ├┤ Rz(y[29]) ├───────────────────┼──────»
«      ┌─────┴─────┐└───────────┘├───────────┤┌───────────┐      │      »
«q0_2: ┤ Rx(y[22]) ├──────■──────┤ Ry(y[26]) ├┤ Rz(y[30]) ├──────┼──────»
«      └───────────┘┌─────┴─────┐├───────────┤├───────────┤      │      »
«q0_3: ─────────────┤ Rx(y[23]) ├┤ Ry(y[27]) ├┤ Rz(y[31]) ├──────■──────»
«                   └───────────┘└───────────┘└───────────┘             »
«c0: 4/═════════════════════════════════════════════════════════════════»
«                                                                       »
«                   ┌───────────┐┌───────────┐                          
«q0_0: ──────■──────┤ Ry(y[36]) ├┤ Rz(y[40]) ├──────────────────────────
«      ┌─────┴─────┐└───────────┘├───────────┤┌───────────┐             
«q0_1: ┤ Rx(y[33]) ├──────■──────┤ Ry(y[37]) ├┤ Rz(y[41]) ├─────────────
«      └───────────┘┌─────┴─────┐└───────────┘├───────────┤┌───────────┐
«q0_2: ─────────────┤ Rx(y[34]) ├──────■──────┤ Ry(y[38]) ├┤ Rz(y[42]) ├
«                   └───────────┘┌─────┴─────┐├───────────┤├───────────┤
«q0_3: ──────────────────────────┤ Rx(y[35]) ├┤ Ry(y[39]) ├┤ Rz(y[43]) ├
«                                └───────────┘└───────────┘└───────────┘
«c0: 4/═════════════════════════════════════════════════════════════════
«                                                                       
building constraints...
number of constraints= 16
plain pauliops= 28
['IIIZ', 'IIIX', 'IIZX', 'IIIY', 'IIZY', 'IZXX', 'IIYY', 'IIYX', 'IZXY', 'ZXXX', 'IYXY', 'IYXX', 'ZXXY', 'IIZZ', 'IIXI', 'IZXZ', 'IZYI', 'IIYZ', 'IYYI', 'ZXXZ', 'ZXYI', 'IYXZ', 'IZZI', 'IXII', 'ZXZI', 'ZYII', 'IYZI', 'ZZII']
unique pauliops= 28
commutation mode= commute
graphclique-cliquecover: 28 with commutationmode commute
strategy largest_first 7
strategy random_sequential 8
strategy smallest_last 7
strategy independent_set 7
strategy connected_sequential_bfs 7
strategy connected_sequential_dfs 9
strategy saturation_largest_first 7
clique 0 ['IIIZ', 'IIZZ', 'IZZI', 'ZZII']
clique 1 ['IIIX', 'IIZX', 'IXII', 'ZXZI']
clique 2 ['IIIY', 'IIZY', 'ZYII', 'IYZI']
clique 3 ['IZXX', 'IIYY', 'IYYI', 'ZXXZ']
clique 4 ['IIYX', 'IZXY', 'ZXYI', 'IYXZ']
clique 5 ['ZXXX', 'IYXY', 'IIXI', 'IZXZ']
clique 6 ['IYXX', 'ZXXY', 'IZYI', 'IIYZ']
groups with own implementation commute 7
