GS energy with  DMRG -13.110654659817751
N= 8.999999999999998
E= -13.110654659817751
D= [[ 6.17732356e-01+0.j -3.27398149e-02+0.j  4.05184599e-01+0.j
   8.50787195e-09+0.j -9.47487523e-02+0.j  2.63483870e-02+0.j
  -1.40617331e-01+0.j -6.66411602e-09+0.j  8.66092741e-02+0.j
  -2.40849045e-02+0.j  6.98466398e-02+0.j -3.14987951e-07+0.j
  -8.14174872e-02+0.j  2.26425034e-02+0.j -3.02113967e-02+0.j
  -2.22658052e-06+0.j  7.70500014e-02+0.j -2.14246060e-02+0.j]
 [-3.27398149e-02+0.j  3.82267635e-01+0.j  8.49517985e-09+0.j
   4.05184597e-01+0.j  2.63483835e-02+0.j  9.47487536e-02+0.j
  -1.00527902e-08+0.j -1.40617335e-01+0.j -2.40849085e-02+0.j
  -8.66092576e-02+0.j  1.66794893e-08+0.j  6.98469149e-02+0.j
   2.26411966e-02+0.j  8.14176833e-02+0.j  6.57524422e-08+0.j
  -3.02102263e-02+0.j -2.14265300e-02+0.j -7.70499953e-02+0.j]
 [ 4.05184599e-01+0.j  8.49517986e-09+0.j  4.77683385e-01+0.j
   6.20596564e-03+0.j  2.60853308e-01+0.j  2.91498484e-09+0.j
   6.95645719e-03+0.j -1.93449881e-03+0.j -6.97722818e-02+0.j
  -1.70482243e-09+0.j -3.26226292e-03+0.j  9.06730490e-04+0.j
   3.95485406e-02+0.j  1.56550414e-06+0.j  1.34009089e-03+0.j
  -3.75584037e-04+0.j -3.02102469e-02+0.j  2.26697549e-06+0.j]
 [ 8.50787194e-09+0.j  4.05184597e-01+0.j  6.20596564e-03+0.j
   5.22316607e-01+0.j  3.46326291e-10+0.j  2.60853304e-01+0.j
  -1.93450055e-03+0.j -6.95644232e-03+0.j  2.50659732e-09+0.j
  -6.97722637e-02+0.j  9.07188725e-04+0.j  3.26221281e-03+0.j
  -4.77927087e-08+0.j  3.95477072e-02+0.j -3.72654509e-04+0.j
  -1.34009564e-03+0.j -7.22737769e-08+0.j -3.02114320e-02+0.j]
 [-9.47487523e-02+0.j  2.63483835e-02+0.j  2.60853308e-01+0.j
   3.46326291e-10+0.j  6.14749537e-01+0.j -3.19103349e-02+0.j
   3.36227170e-01+0.j  7.21388629e-09+0.j -9.37277913e-02+0.j
   2.60644840e-02+0.j -1.01914137e-01+0.j -3.18855964e-07+0.j
   8.64783715e-02+0.j -2.40474131e-02+0.j  3.95477234e-02+0.j
  -1.62255011e-06+0.j -8.14177088e-02+0.j  2.26425808e-02+0.j]
 [ 2.63483870e-02+0.j  9.47487536e-02+0.j  2.91498483e-09+0.j
   2.60853304e-01+0.j -3.19103349e-02+0.j  3.85250462e-01+0.j
   8.72625946e-09+0.j  3.36227159e-01+0.j  2.60644750e-02+0.j
   9.37278036e-02+0.j  3.10886736e-09+0.j -1.01913903e-01+0.j
  -2.40484748e-02+0.j -8.64783588e-02+0.j  5.55426392e-08+0.j
   3.95485828e-02+0.j  2.26412102e-02+0.j  8.14175298e-02+0.j]
 [-1.40617331e-01+0.j -1.00527902e-08+0.j  6.95645719e-03+0.j
  -1.93450055e-03+0.j  3.36227170e-01+0.j  8.72625953e-09+0.j
   4.73435673e-01+0.j  7.38720408e-03+0.j  3.02826786e-01+0.j
   4.23361071e-09+0.j  8.55594946e-03+0.j -2.37945477e-03+0.j
  -1.01913913e-01+0.j  3.67208829e-07+0.j -3.26219671e-03+0.j
   9.06635499e-04+0.j  6.98469317e-02+0.j  3.82518320e-07+0.j]
 [-6.66411605e-09+0.j -1.40617335e-01+0.j -1.93449881e-03+0.j
  -6.95644232e-03+0.j  7.21388631e-09+0.j  3.36227159e-01+0.j
   7.38720408e-03+0.j  5.26564328e-01+0.j  3.97068432e-09+0.j
   3.02826773e-01+0.j -2.37930300e-03+0.j -8.55595172e-03+0.j
  -1.15550692e-08+0.j -1.01914171e-01+0.j  9.07183306e-04+0.j
   3.26223337e-03+0.j -1.11049471e-08+0.j  6.98466265e-02+0.j]
 [ 8.66092741e-02+0.j -2.40849085e-02+0.j -6.97722818e-02+0.j
   2.50659735e-09+0.j -9.37277913e-02+0.j  2.60644750e-02+0.j
   3.02826786e-01+0.j  3.97068431e-09+0.j  6.14518636e-01+0.j
  -3.18461354e-02+0.j  3.02826778e-01+0.j -1.82487176e-08+0.j
  -9.37278072e-02+0.j  2.60645161e-02+0.j -6.97722882e-02+0.j
  -3.56460951e-08+0.j  8.66092411e-02+0.j -2.40848709e-02+0.j]
 [-2.40849045e-02+0.j -8.66092576e-02+0.j -1.70482243e-09+0.j
  -6.97722637e-02+0.j  2.60644840e-02+0.j  9.37278036e-02+0.j
   4.23361069e-09+0.j  3.02826773e-01+0.j -3.18461354e-02+0.j
   3.85481366e-01+0.j  5.15193561e-09+0.j  3.02826796e-01+0.j
   2.60644828e-02+0.j  9.37277958e-02+0.j -4.06390856e-09+0.j
  -6.97722879e-02+0.j -2.40849108e-02+0.j -8.66092570e-02+0.j]
 [ 6.98466398e-02+0.j  1.66794893e-08+0.j -3.26226292e-03+0.j
   9.07188725e-04+0.j -1.01914137e-01+0.j  3.10886733e-09+0.j
   8.55594946e-03+0.j -2.37930300e-03+0.j  3.02826778e-01+0.j
   5.15193563e-09+0.j  4.73435674e-01+0.j  7.38720404e-03+0.j
   3.36227168e-01+0.j -1.45623561e-08+0.j  6.95644647e-03+0.j
  -1.93450097e-03+0.j -1.40617321e-01+0.j  1.54988461e-08+0.j]
 [-3.14987951e-07+0.j  6.98469149e-02+0.j  9.06730490e-04+0.j
   3.26221281e-03+0.j -3.18855964e-07+0.j -1.01913903e-01+0.j
  -2.37945477e-03+0.j -8.55595172e-03+0.j -1.82487176e-08+0.j
   3.02826796e-01+0.j  7.38720404e-03+0.j  5.26564326e-01+0.j
  -8.10999323e-11+0.j  3.36227173e-01+0.j -1.93450112e-03+0.j
  -6.95645833e-03+0.j  2.48524285e-09+0.j -1.40617322e-01+0.j]
 [-8.14174872e-02+0.j  2.26411966e-02+0.j  3.95485406e-02+0.j
  -4.77927087e-08+0.j  8.64783715e-02+0.j -2.40484748e-02+0.j
  -1.01913913e-01+0.j -1.15550691e-08+0.j -9.37278072e-02+0.j
   2.60644828e-02+0.j  3.36227168e-01+0.j -8.10999128e-11+0.j
   6.14749530e-01+0.j -3.19103528e-02+0.j  2.60853300e-01+0.j
   2.23907068e-09+0.j -9.47487525e-02+0.j  2.63483920e-02+0.j]
 [ 2.26425034e-02+0.j  8.14176833e-02+0.j  1.56550414e-06+0.j
   3.95477072e-02+0.j -2.40474131e-02+0.j -8.64783588e-02+0.j
   3.67208829e-07+0.j -1.01914171e-01+0.j  2.60645161e-02+0.j
   9.37277958e-02+0.j -1.45623561e-08+0.j  3.36227173e-01+0.j
  -3.19103528e-02+0.j  3.85250466e-01+0.j  1.87316446e-09+0.j
   2.60853304e-01+0.j  2.63483969e-02+0.j  9.47487487e-02+0.j]
 [-3.02113967e-02+0.j  6.57524422e-08+0.j  1.34009089e-03+0.j
  -3.72654509e-04+0.j  3.95477234e-02+0.j  5.55426392e-08+0.j
  -3.26219671e-03+0.j  9.07183306e-04+0.j -6.97722882e-02+0.j
  -4.06390855e-09+0.j  6.95644647e-03+0.j -1.93450112e-03+0.j
   2.60853300e-01+0.j  1.87316447e-09+0.j  4.77683399e-01+0.j
   6.20596683e-03+0.j  4.05184597e-01+0.j -1.13916469e-08+0.j]
 [-2.22658052e-06+0.j -3.02102263e-02+0.j -3.75584037e-04+0.j
  -1.34009564e-03+0.j -1.62255011e-06+0.j  3.95485828e-02+0.j
   9.06635499e-04+0.j  3.26223337e-03+0.j -3.56460951e-08+0.j
  -6.97722879e-02+0.j -1.93450097e-03+0.j -6.95645833e-03+0.j
   2.23907066e-09+0.j  2.60853304e-01+0.j  6.20596683e-03+0.j
   5.22316612e-01+0.j -8.68769140e-09+0.j  4.05184598e-01+0.j]
 [ 7.70500014e-02+0.j -2.14265300e-02+0.j -3.02102469e-02+0.j
  -7.22737769e-08+0.j -8.14177088e-02+0.j  2.26412102e-02+0.j
   6.98469317e-02+0.j -1.11049471e-08+0.j  8.66092411e-02+0.j
  -2.40849108e-02+0.j -1.40617321e-01+0.j  2.48524285e-09+0.j
  -9.47487525e-02+0.j  2.63483969e-02+0.j  4.05184597e-01+0.j
  -8.68769140e-09+0.j  6.17732358e-01+0.j -3.27398251e-02+0.j]
 [-2.14246060e-02+0.j -7.70499953e-02+0.j  2.26697549e-06+0.j
  -3.02114320e-02+0.j  2.26425808e-02+0.j  8.14175298e-02+0.j
   3.82518320e-07+0.j  6.98466265e-02+0.j -2.40848709e-02+0.j
  -8.66092570e-02+0.j  1.54988461e-08+0.j -1.40617322e-01+0.j
   2.63483920e-02+0.j  9.47487487e-02+0.j -1.13916469e-08+0.j
   4.05184598e-01+0.j -3.27398251e-02+0.j  3.82267651e-01+0.j]]
W= [0.18433396+0.j 0.21111725+0.j 0.20320056+0.j 0.21392756+0.j
 0.20492146+0.j 0.21392756+0.j 0.20320056+0.j 0.21111726+0.j
 0.18433397+0.j]
local approximation with  1 sites
local interactions on sites [[0], [1], [2], [3], [4], [5], [6], [7], [8]]
Functional for interaction on sites [0]
aca-directory for images already exists
aca-directory for images already exists
aca-directory for images already exists
interacting orbitals: [0, 1]
mapping: [0, 1, 2, 3, 4, 5, 6, 7, 8, 9, 10, 11, 12, 13, 14, 15, 16, 17]
aca-directory for images already exists
aca-directory for images already exists
aca-directory for images already exists
orbinteractaca= [0, 1]
aca-directory for images already exists
aca-directory for images already exists
aca-directory for images already exists
aca-directory for images already exists
aca-directory for images already exists
aca-directory for images already exists
aca-directory for images already exists
aca-directory for images already exists
aca-directory for images already exists
aca-directory for images already exists
aca-directory for images already exists
aca-directory for images already exists
aca-directory for images already exists
aca-directory for images already exists
aca-directory for images already exists
aca-directory for images already exists
aca-directory for images already exists
aca-directory for images already exists
aca-directory for images already exists
aca-directory for images already exists
aca-directory for images already exists
aca-directory for images already exists
aca-directory for images already exists
aca-directory for images already exists
aca-directory for images already exists
aca-directory for images already exists
aca-directory for images already exists
aca-directory for images already exists
aca-directory for images already exists
aca-directory for images already exists
aca-directory for images already exists
aca-directory for images already exists
aca-directory for images already exists
aca-directory for images already exists
aca-directory for images already exists
aca-directory for images already exists
aca-directory for images already exists
aca-directory for images already exists
aca-directory for images already exists
aca-directory for images already exists
aca-directory for images already exists
aca-directory for images already exists
aca-directory for images already exists
aca-directory for images already exists
aca-directory for images already exists
aca-directory for images already exists
aca-directory for images already exists
aca-directory for images already exists
aca-directory for images already exists
aca-directory for images already exists
aca-directory for images already exists
aca: level 8  norb= 18
Daca= [[ 6.17732356e-01+0.j -3.27398149e-02+0.j -4.70137314e-01+0.j
  -4.17801572e-19+0.j  8.85431833e-18+0.j  3.11717760e-20+0.j
   3.85195744e-17+0.j -1.34233207e-19+0.j  2.76377346e-19+0.j
   9.17627205e-18+0.j -1.00181972e-17+0.j  6.59881877e-20+0.j
  -4.88738012e-17+0.j -2.46235788e-18+0.j  5.19027312e-19+0.j
  -3.71671939e-21+0.j  7.35240058e-18+0.j  2.68019871e-18+0.j]
 [-3.27398149e-02+0.j  3.82267635e-01+0.j -3.35479895e-08+0.j
  -4.70137334e-01+0.j  2.91876666e-18+0.j -2.08156041e-17+0.j
   5.95561045e-20+0.j -2.61649516e-17+0.j -2.68586059e-18+0.j
  -8.01956604e-18+0.j  1.08332679e-19+0.j  3.27771017e-19+0.j
   3.64257718e-18+0.j -2.92427871e-19+0.j -1.23118581e-20+0.j
   1.58058680e-18+0.j -3.25355695e-18+0.j  3.73176548e-17+0.j]
 [-4.70137314e-01+0.j -3.35479894e-08+0.j  3.83893757e-01+0.j
   3.22876383e-02+0.j  8.89433008e-03+0.j -3.46756900e-20+0.j
  -4.74456019e-19+0.j  2.00537344e-19+0.j -2.29652422e-19+0.j
   6.37297052e-21+0.j  1.12673538e-18+0.j -2.32062809e-19+0.j
   4.20494001e-20+0.j -1.81713986e-21+0.j -1.13721661e-20+0.j
   1.93916441e-19+0.j -1.90119038e-20+0.j  5.04646310e-22+0.j]
 [ 2.29431283e-17+0.j -4.70137334e-01+0.j  3.22876383e-02+0.j
   6.16106261e-01+0.j -1.33170826e-07+0.j  8.89432747e-03+0.j
  -4.03753231e-20+0.j  5.78845147e-20+0.j -7.87571260e-22+0.j
   1.77425223e-19+0.j  5.37939030e-20+0.j  5.83838517e-19+0.j
   4.38850921e-22+0.j  2.08143476e-19+0.j -9.69210885e-20+0.j
  -4.53519165e-19+0.j  3.66542851e-22+0.j  2.01734268e-20+0.j]
 [ 1.52878707e-17+0.j  3.99321678e-17+0.j  8.89433008e-03+0.j
  -1.33170826e-07+0.j  4.69663204e-01+0.j  8.43438417e-03+0.j
   4.86266921e-01+0.j -8.02738504e-19+0.j -9.76937673e-18+0.j
   3.21028882e-18+0.j -3.96003186e-17+0.j -1.51724965e-18+0.j
   2.67281478e-17+0.j -5.76882061e-20+0.j -8.12975790e-19+0.j
   2.54392227e-19+0.j -1.07596843e-18+0.j  9.23127751e-18+0.j]
 [-4.11501384e-17+0.j -1.59208190e-16+0.j  5.96995358e-17+0.j
   8.89432747e-03+0.j  8.43438417e-03+0.j  5.30335157e-01+0.j
   1.13577373e-07+0.j  4.86266937e-01+0.j  9.08665025e-18+0.j
   3.45814395e-17+0.j -2.33805597e-18+0.j -5.84946022e-17+0.j
  -1.97291486e-17+0.j -4.81396915e-17+0.j -1.45595440e-18+0.j
   3.13902840e-17+0.j  9.46778763e-18+0.j  8.59032726e-17+0.j]
 [ 9.75646181e-17+0.j -9.23049403e-19+0.j  2.69007509e-17+0.j
   1.05409174e-17+0.j  4.86266921e-01+0.j  1.13577373e-07+0.j
   5.34050761e-01+0.j -9.46712230e-03+0.j  6.30513565e-03+0.j
   3.40788462e-21+0.j  2.22866754e-19+0.j -1.50317784e-19+0.j
   1.13711823e-19+0.j -3.52788464e-20+0.j -5.00122752e-19+0.j
   4.11637788e-20+0.j  1.94439880e-19+0.j  2.34078092e-20+0.j]
 [-2.78957707e-17+0.j -2.40648528e-17+0.j -1.10385242e-16+0.j
   4.79677324e-17+0.j  8.51168003e-17+0.j  4.86266937e-01+0.j
  -9.46712230e-03+0.j  4.65950840e-01+0.j  1.83514780e-07+0.j
   6.30514886e-03+0.j -6.76762516e-20+0.j -5.52488316e-19+0.j
   2.48072645e-20+0.j  2.48691103e-19+0.j  7.02763579e-20+0.j
   8.51850079e-19+0.j  1.96386479e-20+0.j -7.96017603e-19+0.j]
 [-1.08220664e-16+0.j  2.82745163e-17+0.j  2.09549343e-16+0.j
  -4.90919318e-17+0.j  1.46632025e-16+0.j -4.74990682e-17+0.j
   6.30513565e-03+0.j  1.83514780e-07+0.j  6.25290334e-01+0.j
  -3.48452782e-02+0.j  4.72363816e-01+0.j  4.07532140e-19+0.j
   3.70476147e-19+0.j  2.38376821e-18+0.j  9.40330641e-19+0.j
   3.85602574e-18+0.j -2.29149404e-17+0.j  1.39303529e-17+0.j]
 [ 1.07641700e-17+0.j  2.17131770e-17+0.j -2.30974451e-17+0.j
  -1.58802649e-16+0.j  1.10856230e-17+0.j -6.60325222e-17+0.j
  -6.49968900e-17+0.j  6.30514886e-03+0.j -3.48452782e-02+0.j
   3.74714482e-01+0.j  1.78227956e-07+0.j  4.72365224e-01+0.j
  -9.84247253e-18+0.j -2.41812226e-17+0.j -3.76538412e-18+0.j
   9.13278148e-18+0.j  1.36646021e-17+0.j  7.05593530e-17+0.j]
 [-3.78064962e-17+0.j -3.27934577e-17+0.j -1.41065105e-16+0.j
  -5.88180511e-17+0.j  1.41863088e-16+0.j -2.14200142e-17+0.j
  -9.18914216e-17+0.j  6.67251673e-17+0.j  4.72363816e-01+0.j
   1.78227956e-07+0.j  3.73499902e-01+0.j  3.51817867e-02+0.j
   2.04248017e-03+0.j -4.29046760e-20+0.j -3.38835545e-19+0.j
   1.49658060e-19+0.j -3.38523492e-19+0.j  1.69469960e-20+0.j]
 [-3.60367633e-17+0.j  4.00449234e-17+0.j -5.21657963e-17+0.j
  -1.78001387e-16+0.j -3.27468733e-19+0.j  4.55888064e-17+0.j
   1.30369659e-16+0.j  1.13604236e-17+0.j -2.62344254e-17+0.j
   4.72365224e-01+0.j  3.51817867e-02+0.j  6.26495423e-01+0.j
  -1.58227496e-07+0.j  2.04256962e-03+0.j -3.35287754e-20+0.j
   1.80485181e-19+0.j  1.78230079e-20+0.j  2.44876795e-20+0.j]
 [-6.18510042e-17+0.j -3.08378236e-17+0.j  2.72141196e-17+0.j
   3.43656559e-18+0.j -1.43286020e-16+0.j -9.34464260e-17+0.j
  -1.51349364e-16+0.j -1.19762767e-17+0.j  1.11392671e-16+0.j
  -1.77681423e-17+0.j  2.04248017e-03+0.j -1.58227496e-07+0.j
   7.12001364e-01+0.j -5.89375831e-02+0.j -4.42065029e-01+0.j
  -1.07153553e-17+0.j  4.66378832e-17+0.j -1.29343763e-17+0.j]
 [-1.55645965e-17+0.j  3.98119807e-17+0.j -3.29564732e-20+0.j
   8.49325224e-17+0.j  2.16236442e-17+0.j  6.28826109e-17+0.j
   8.17979873e-17+0.j  1.24338203e-16+0.j -4.14148213e-18+0.j
  -1.10757098e-16+0.j -8.38952369e-18+0.j  2.04256962e-03+0.j
  -5.89375831e-02+0.j  2.88010949e-01+0.j -1.94577024e-06+0.j
  -4.42070813e-01+0.j -3.09573177e-17+0.j -1.36658305e-16+0.j]
 [-6.16181699e-17+0.j  7.40919566e-18+0.j  2.74601023e-17+0.j
   5.18119806e-17+0.j -1.15829354e-16+0.j  1.06871099e-17+0.j
   9.03704783e-17+0.j -3.78339198e-17+0.j -1.78947798e-16+0.j
  -5.99919917e-17+0.j -2.33393355e-16+0.j  9.35031922e-17+0.j
  -4.42065029e-01+0.j -1.94577024e-06+0.j  2.89075497e-01+0.j
   5.86391045e-02+0.j  1.02423560e-03+0.j -1.39213837e-23+0.j]
 [-1.21921966e-18+0.j -2.94575167e-17+0.j  1.26289637e-19+0.j
   1.55942464e-16+0.j -2.06984703e-18+0.j  5.56764126e-17+0.j
  -5.18616338e-17+0.j -4.95693087e-18+0.j  5.73732157e-18+0.j
  -1.79389933e-16+0.j  6.08814218e-17+0.j  1.17218144e-16+0.j
   4.53030741e-17+0.j -4.42070813e-01+0.j  5.86391045e-02+0.j
   7.10912066e-01+0.j  6.34190101e-07+0.j -1.02400757e-03+0.j]
 [ 6.22164856e-17+0.j -3.19962970e-18+0.j  1.46845452e-17+0.j
   9.49178803e-18+0.j  1.10432537e-16+0.j  4.37976095e-17+0.j
   1.28695892e-16+0.j -4.44490607e-18+0.j  3.95348625e-17+0.j
  -1.67661472e-18+0.j -1.66008420e-17+0.j  1.17713187e-17+0.j
   1.11195609e-16+0.j -7.70742290e-17+0.j  1.02423560e-03+0.j
   6.34190101e-07+0.j  9.76400651e-01+0.j  1.32917914e-01+0.j]
 [ 1.27650144e-17+0.j  9.77776265e-18+0.j -6.77704411e-18+0.j
   4.15269914e-18+0.j -3.22806892e-17+0.j  1.41414424e-16+0.j
  -5.41903461e-17+0.j -4.54645637e-17+0.j  3.97068301e-17+0.j
   3.43131215e-16+0.j  2.83794186e-17+0.j  8.99654126e-18+0.j
  -5.79095553e-18+0.j  7.75246835e-18+0.j  7.80901740e-17+0.j
  -1.02400757e-03+0.j  1.32917914e-01+0.j  2.35993624e-02+0.j]]
Naca= (4.981607825048857, 4.018392174951139)
nq= 18
variational state:
        ┌──────────┐┌───────────┐┌───┐     ┌───────────┐┌───────────┐»
 q0_0: ─┤ Ry(y[0]) ├┤ Rz(y[18]) ├┤ X ├──■──┤ Ry(y[36]) ├┤ Rz(y[54]) ├»
        ├──────────┤├───────────┤└─┬─┘┌─┴─┐└───────────┘├───────────┤»
 q0_1: ─┤ Ry(y[1]) ├┤ Rz(y[19]) ├──┼──┤ X ├──────■──────┤ Ry(y[37]) ├»
        ├──────────┤├───────────┤  │  └───┘    ┌─┴─┐    └───────────┘»
 q0_2: ─┤ Ry(y[2]) ├┤ Rz(y[20]) ├──┼───────────┤ X ├──────────■──────»
        ├──────────┤├───────────┤  │           └───┘        ┌─┴─┐    »
 q0_3: ─┤ Ry(y[3]) ├┤ Rz(y[21]) ├──┼────────────────────────┤ X ├────»
        ├──────────┤├───────────┤  │                        └───┘    »
 q0_4: ─┤ Ry(y[4]) ├┤ Rz(y[22]) ├──┼─────────────────────────────────»
        ├──────────┤├───────────┤  │                                 »
 q0_5: ─┤ Ry(y[5]) ├┤ Rz(y[23]) ├──┼─────────────────────────────────»
        ├──────────┤├───────────┤  │                                 »
 q0_6: ─┤ Ry(y[6]) ├┤ Rz(y[24]) ├──┼─────────────────────────────────»
        ├──────────┤├───────────┤  │                                 »
 q0_7: ─┤ Ry(y[7]) ├┤ Rz(y[25]) ├──┼─────────────────────────────────»
        ├──────────┤├───────────┤  │                                 »
 q0_8: ─┤ Ry(y[8]) ├┤ Rz(y[26]) ├──┼─────────────────────────────────»
        ├──────────┤├───────────┤  │                                 »
 q0_9: ─┤ Ry(y[9]) ├┤ Rz(y[27]) ├──┼─────────────────────────────────»
       ┌┴──────────┤├───────────┤  │                                 »
q0_10: ┤ Ry(y[10]) ├┤ Rz(y[28]) ├──┼─────────────────────────────────»
       ├───────────┤├───────────┤  │                                 »
q0_11: ┤ Ry(y[11]) ├┤ Rz(y[29]) ├──┼─────────────────────────────────»
       ├───────────┤├───────────┤  │                                 »
q0_12: ┤ Ry(y[12]) ├┤ Rz(y[30]) ├──┼─────────────────────────────────»
       ├───────────┤├───────────┤  │                                 »
q0_13: ┤ Ry(y[13]) ├┤ Rz(y[31]) ├──┼─────────────────────────────────»
       ├───────────┤├───────────┤  │                                 »
q0_14: ┤ Ry(y[14]) ├┤ Rz(y[32]) ├──┼─────────────────────────────────»
       ├───────────┤├───────────┤  │                                 »
q0_15: ┤ Ry(y[15]) ├┤ Rz(y[33]) ├──┼─────────────────────────────────»
       ├───────────┤├───────────┤  │                                 »
q0_16: ┤ Ry(y[16]) ├┤ Rz(y[34]) ├──┼─────────────────────────────────»
       ├───────────┤├───────────┤  │                                 »
q0_17: ┤ Ry(y[17]) ├┤ Rz(y[35]) ├──■─────────────────────────────────»
       └───────────┘└───────────┘                                    »
c0: 18/══════════════════════════════════════════════════════════════»
                                                                     »
«                                                                        »
« q0_0: ─────────────────────────────────────────────────────────────────»
«       ┌───────────┐                                                    »
« q0_1: ┤ Rz(y[55]) ├────────────────────────────────────────────────────»
«       ├───────────┤┌───────────┐                                       »
« q0_2: ┤ Ry(y[38]) ├┤ Rz(y[56]) ├───────────────────────────────────────»
«       └───────────┘├───────────┤┌───────────┐                          »
« q0_3: ──────■──────┤ Ry(y[39]) ├┤ Rz(y[57]) ├──────────────────────────»
«           ┌─┴─┐    └───────────┘├───────────┤┌───────────┐             »
« q0_4: ────┤ X ├──────────■──────┤ Ry(y[40]) ├┤ Rz(y[58]) ├─────────────»
«           └───┘        ┌─┴─┐    └───────────┘├───────────┤┌───────────┐»
« q0_5: ─────────────────┤ X ├──────────■──────┤ Ry(y[41]) ├┤ Rz(y[59]) ├»
«                        └───┘        ┌─┴─┐    └───────────┘├───────────┤»
« q0_6: ──────────────────────────────┤ X ├──────────■──────┤ Ry(y[42]) ├»
«                                     └───┘        ┌─┴─┐    └───────────┘»
« q0_7: ───────────────────────────────────────────┤ X ├──────────■──────»
«                                                  └───┘        ┌─┴─┐    »
« q0_8: ────────────────────────────────────────────────────────┤ X ├────»
«                                                               └───┘    »
« q0_9: ─────────────────────────────────────────────────────────────────»
«                                                                        »
«q0_10: ─────────────────────────────────────────────────────────────────»
«                                                                        »
«q0_11: ─────────────────────────────────────────────────────────────────»
«                                                                        »
«q0_12: ─────────────────────────────────────────────────────────────────»
«                                                                        »
«q0_13: ─────────────────────────────────────────────────────────────────»
«                                                                        »
«q0_14: ─────────────────────────────────────────────────────────────────»
«                                                                        »
«q0_15: ─────────────────────────────────────────────────────────────────»
«                                                                        »
«q0_16: ─────────────────────────────────────────────────────────────────»
«                                                                        »
«q0_17: ─────────────────────────────────────────────────────────────────»
«                                                                        »
«c0: 18/═════════════════════════════════════════════════════════════════»
«                                                                        »
«                                                                        »
« q0_0: ─────────────────────────────────────────────────────────────────»
«                                                                        »
« q0_1: ─────────────────────────────────────────────────────────────────»
«                                                                        »
« q0_2: ─────────────────────────────────────────────────────────────────»
«                                                                        »
« q0_3: ─────────────────────────────────────────────────────────────────»
«                                                                        »
« q0_4: ─────────────────────────────────────────────────────────────────»
«                                                                        »
« q0_5: ─────────────────────────────────────────────────────────────────»
«       ┌───────────┐                                                    »
« q0_6: ┤ Rz(y[60]) ├────────────────────────────────────────────────────»
«       ├───────────┤┌───────────┐                                       »
« q0_7: ┤ Ry(y[43]) ├┤ Rz(y[61]) ├───────────────────────────────────────»
«       └───────────┘├───────────┤┌───────────┐                          »
« q0_8: ──────■──────┤ Ry(y[44]) ├┤ Rz(y[62]) ├──────────────────────────»
«           ┌─┴─┐    └───────────┘├───────────┤┌───────────┐             »
« q0_9: ────┤ X ├──────────■──────┤ Ry(y[45]) ├┤ Rz(y[63]) ├─────────────»
«           └───┘        ┌─┴─┐    └───────────┘├───────────┤┌───────────┐»
«q0_10: ─────────────────┤ X ├──────────■──────┤ Ry(y[46]) ├┤ Rz(y[64]) ├»
«                        └───┘        ┌─┴─┐    └───────────┘├───────────┤»
«q0_11: ──────────────────────────────┤ X ├──────────■──────┤ Ry(y[47]) ├»
«                                     └───┘        ┌─┴─┐    └───────────┘»
«q0_12: ───────────────────────────────────────────┤ X ├──────────■──────»
«                                                  └───┘        ┌─┴─┐    »
«q0_13: ────────────────────────────────────────────────────────┤ X ├────»
«                                                               └───┘    »
«q0_14: ─────────────────────────────────────────────────────────────────»
«                                                                        »
«q0_15: ─────────────────────────────────────────────────────────────────»
«                                                                        »
«q0_16: ─────────────────────────────────────────────────────────────────»
«                                                                        »
«q0_17: ─────────────────────────────────────────────────────────────────»
«                                                                        »
«c0: 18/═════════════════════════════════════════════════════════════════»
«                                                                        »
«                                                                        »
« q0_0: ─────────────────────────────────────────────────────────────────»
«                                                                        »
« q0_1: ─────────────────────────────────────────────────────────────────»
«                                                                        »
« q0_2: ─────────────────────────────────────────────────────────────────»
«                                                                        »
« q0_3: ─────────────────────────────────────────────────────────────────»
«                                                                        »
« q0_4: ─────────────────────────────────────────────────────────────────»
«                                                                        »
« q0_5: ─────────────────────────────────────────────────────────────────»
«                                                                        »
« q0_6: ─────────────────────────────────────────────────────────────────»
«                                                                        »
« q0_7: ─────────────────────────────────────────────────────────────────»
«                                                                        »
« q0_8: ─────────────────────────────────────────────────────────────────»
«                                                                        »
« q0_9: ─────────────────────────────────────────────────────────────────»
«                                                                        »
«q0_10: ─────────────────────────────────────────────────────────────────»
«       ┌───────────┐                                                    »
«q0_11: ┤ Rz(y[65]) ├────────────────────────────────────────────────────»
«       ├───────────┤┌───────────┐                                       »
«q0_12: ┤ Ry(y[48]) ├┤ Rz(y[66]) ├───────────────────────────────────────»
«       └───────────┘├───────────┤┌───────────┐                          »
«q0_13: ──────■──────┤ Ry(y[49]) ├┤ Rz(y[67]) ├──────────────────────────»
«           ┌─┴─┐    └───────────┘├───────────┤┌───────────┐             »
«q0_14: ────┤ X ├──────────■──────┤ Ry(y[50]) ├┤ Rz(y[68]) ├─────────────»
«           └───┘        ┌─┴─┐    └───────────┘├───────────┤┌───────────┐»
«q0_15: ─────────────────┤ X ├──────────■──────┤ Ry(y[51]) ├┤ Rz(y[69]) ├»
«                        └───┘        ┌─┴─┐    └───────────┘├───────────┤»
«q0_16: ──────────────────────────────┤ X ├──────────■──────┤ Ry(y[52]) ├»
«                                     └───┘        ┌─┴─┐    ├───────────┤»
«q0_17: ───────────────────────────────────────────┤ X ├────┤ Ry(y[53]) ├»
«                                                  └───┘    └───────────┘»
«c0: 18/═════════════════════════════════════════════════════════════════»
«                                                                        »
«                    ┌───┐     ┌───────────┐┌───────────┐             »
« q0_0: ─────────────┤ X ├──■──┤ Ry(y[72]) ├┤ Rz(y[90]) ├─────────────»
«                    └─┬─┘┌─┴─┐└───────────┘├───────────┤┌───────────┐»
« q0_1: ───────────────┼──┤ X ├──────■──────┤ Ry(y[73]) ├┤ Rz(y[91]) ├»
«                      │  └───┘    ┌─┴─┐    └───────────┘├───────────┤»
« q0_2: ───────────────┼───────────┤ X ├──────────■──────┤ Ry(y[74]) ├»
«                      │           └───┘        ┌─┴─┐    └───────────┘»
« q0_3: ───────────────┼────────────────────────┤ X ├──────────■──────»
«                      │                        └───┘        ┌─┴─┐    »
« q0_4: ───────────────┼─────────────────────────────────────┤ X ├────»
«                      │                                     └───┘    »
« q0_5: ───────────────┼──────────────────────────────────────────────»
«                      │                                              »
« q0_6: ───────────────┼──────────────────────────────────────────────»
«                      │                                              »
« q0_7: ───────────────┼──────────────────────────────────────────────»
«                      │                                              »
« q0_8: ───────────────┼──────────────────────────────────────────────»
«                      │                                              »
« q0_9: ───────────────┼──────────────────────────────────────────────»
«                      │                                              »
«q0_10: ───────────────┼──────────────────────────────────────────────»
«                      │                                              »
«q0_11: ───────────────┼──────────────────────────────────────────────»
«                      │                                              »
«q0_12: ───────────────┼──────────────────────────────────────────────»
«                      │                                              »
«q0_13: ───────────────┼──────────────────────────────────────────────»
«                      │                                              »
«q0_14: ───────────────┼──────────────────────────────────────────────»
«                      │                                              »
«q0_15: ───────────────┼──────────────────────────────────────────────»
«       ┌───────────┐  │                                              »
«q0_16: ┤ Rz(y[70]) ├──┼──────────────────────────────────────────────»
«       ├───────────┤  │                                              »
«q0_17: ┤ Rz(y[71]) ├──■──────────────────────────────────────────────»
«       └───────────┘                                                 »
«c0: 18/══════════════════════════════════════════════════════════════»
«                                                                     »
«                                                                        »
« q0_0: ─────────────────────────────────────────────────────────────────»
«                                                                        »
« q0_1: ─────────────────────────────────────────────────────────────────»
«       ┌───────────┐                                                    »
« q0_2: ┤ Rz(y[92]) ├────────────────────────────────────────────────────»
«       ├───────────┤┌───────────┐                                       »
« q0_3: ┤ Ry(y[75]) ├┤ Rz(y[93]) ├───────────────────────────────────────»
«       └───────────┘├───────────┤┌───────────┐                          »
« q0_4: ──────■──────┤ Ry(y[76]) ├┤ Rz(y[94]) ├──────────────────────────»
«           ┌─┴─┐    └───────────┘├───────────┤┌───────────┐             »
« q0_5: ────┤ X ├──────────■──────┤ Ry(y[77]) ├┤ Rz(y[95]) ├─────────────»
«           └───┘        ┌─┴─┐    └───────────┘├───────────┤┌───────────┐»
« q0_6: ─────────────────┤ X ├──────────■──────┤ Ry(y[78]) ├┤ Rz(y[96]) ├»
«                        └───┘        ┌─┴─┐    └───────────┘├───────────┤»
« q0_7: ──────────────────────────────┤ X ├──────────■──────┤ Ry(y[79]) ├»
«                                     └───┘        ┌─┴─┐    └───────────┘»
« q0_8: ───────────────────────────────────────────┤ X ├──────────■──────»
«                                                  └───┘        ┌─┴─┐    »
« q0_9: ────────────────────────────────────────────────────────┤ X ├────»
«                                                               └───┘    »
«q0_10: ─────────────────────────────────────────────────────────────────»
«                                                                        »
«q0_11: ─────────────────────────────────────────────────────────────────»
«                                                                        »
«q0_12: ─────────────────────────────────────────────────────────────────»
«                                                                        »
«q0_13: ─────────────────────────────────────────────────────────────────»
«                                                                        »
«q0_14: ─────────────────────────────────────────────────────────────────»
«                                                                        »
«q0_15: ─────────────────────────────────────────────────────────────────»
«                                                                        »
«q0_16: ─────────────────────────────────────────────────────────────────»
«                                                                        »
«q0_17: ─────────────────────────────────────────────────────────────────»
«                                                                        »
«c0: 18/═════════════════════════════════════════════════════════════════»
«                                                                        »
«                                                                          »
« q0_0: ───────────────────────────────────────────────────────────────────»
«                                                                          »
« q0_1: ───────────────────────────────────────────────────────────────────»
«                                                                          »
« q0_2: ───────────────────────────────────────────────────────────────────»
«                                                                          »
« q0_3: ───────────────────────────────────────────────────────────────────»
«                                                                          »
« q0_4: ───────────────────────────────────────────────────────────────────»
«                                                                          »
« q0_5: ───────────────────────────────────────────────────────────────────»
«                                                                          »
« q0_6: ───────────────────────────────────────────────────────────────────»
«       ┌───────────┐                                                      »
« q0_7: ┤ Rz(y[97]) ├──────────────────────────────────────────────────────»
«       ├───────────┤┌───────────┐                                         »
« q0_8: ┤ Ry(y[80]) ├┤ Rz(y[98]) ├─────────────────────────────────────────»
«       └───────────┘├───────────┤┌───────────┐                            »
« q0_9: ──────■──────┤ Ry(y[81]) ├┤ Rz(y[99]) ├────────────────────────────»
«           ┌─┴─┐    └───────────┘├───────────┤┌────────────┐              »
«q0_10: ────┤ X ├──────────■──────┤ Ry(y[82]) ├┤ Rz(y[100]) ├──────────────»
«           └───┘        ┌─┴─┐    └───────────┘├───────────┬┘┌────────────┐»
«q0_11: ─────────────────┤ X ├──────────■──────┤ Ry(y[83]) ├─┤ Rz(y[101]) ├»
«                        └───┘        ┌─┴─┐    └───────────┘ ├───────────┬┘»
«q0_12: ──────────────────────────────┤ X ├──────────■───────┤ Ry(y[84]) ├─»
«                                     └───┘        ┌─┴─┐     └───────────┘ »
«q0_13: ───────────────────────────────────────────┤ X ├───────────■───────»
«                                                  └───┘         ┌─┴─┐     »
«q0_14: ─────────────────────────────────────────────────────────┤ X ├─────»
«                                                                └───┘     »
«q0_15: ───────────────────────────────────────────────────────────────────»
«                                                                          »
«q0_16: ───────────────────────────────────────────────────────────────────»
«                                                                          »
«q0_17: ───────────────────────────────────────────────────────────────────»
«                                                                          »
«c0: 18/═══════════════════════════════════════════════════════════════════»
«                                                                          »
«                                                                             
« q0_0: ──────────────────────────────────────────────────────────────────────
«                                                                             
« q0_1: ──────────────────────────────────────────────────────────────────────
«                                                                             
« q0_2: ──────────────────────────────────────────────────────────────────────
«                                                                             
« q0_3: ──────────────────────────────────────────────────────────────────────
«                                                                             
« q0_4: ──────────────────────────────────────────────────────────────────────
«                                                                             
« q0_5: ──────────────────────────────────────────────────────────────────────
«                                                                             
« q0_6: ──────────────────────────────────────────────────────────────────────
«                                                                             
« q0_7: ──────────────────────────────────────────────────────────────────────
«                                                                             
« q0_8: ──────────────────────────────────────────────────────────────────────
«                                                                             
« q0_9: ──────────────────────────────────────────────────────────────────────
«                                                                             
«q0_10: ──────────────────────────────────────────────────────────────────────
«                                                                             
«q0_11: ──────────────────────────────────────────────────────────────────────
«       ┌────────────┐                                                        
«q0_12: ┤ Rz(y[102]) ├────────────────────────────────────────────────────────
«       ├───────────┬┘┌────────────┐                                          
«q0_13: ┤ Ry(y[85]) ├─┤ Rz(y[103]) ├──────────────────────────────────────────
«       └───────────┘ ├───────────┬┘┌────────────┐                            
«q0_14: ──────■───────┤ Ry(y[86]) ├─┤ Rz(y[104]) ├────────────────────────────
«           ┌─┴─┐     └───────────┘ ├───────────┬┘┌────────────┐              
«q0_15: ────┤ X ├───────────■───────┤ Ry(y[87]) ├─┤ Rz(y[105]) ├──────────────
«           └───┘         ┌─┴─┐     └───────────┘ ├───────────┬┘┌────────────┐
«q0_16: ──────────────────┤ X ├───────────■───────┤ Ry(y[88]) ├─┤ Rz(y[106]) ├
«                         └───┘         ┌─┴─┐     ├───────────┤ ├────────────┤
«q0_17: ────────────────────────────────┤ X ├─────┤ Ry(y[89]) ├─┤ Rz(y[107]) ├
«                                       └───┘     └───────────┘ └────────────┘
«c0: 18/══════════════════════════════════════════════════════════════════════
«                                                                             
ansatz-state is written to ansatz.txt
building constraints...
number of constraints= 324
unique pauliops 630
graphclique-cliquecover: 630 with commutationmode qubitwise
strategy largest_first 324
strategy random_sequential 332
strategy smallest_last 324
strategy independent_set 337
strategy connected_sequential_bfs 325
strategy connected_sequential_dfs 324
strategy saturation_largest_first 324
number of cliques 324
clique 0 ['XZZZZZZZZZZZZZZZZX', 'IIIIIIIIIIIIIIIIZI', 'IIIIIIIIIIIIIIIZII', 'IIIIIIIIIIIIIIZIII', 'IIIIIIIIIIIIIZIIII', 'IIIIIIIIIIIIZIIIII', 'IIIIIIIIIIIZIIIIII', 'IIIIIIIIIIZIIIIIII', 'IIIIIIIIIZIIIIIIII', 'IIIIIIIIZIIIIIIIII', 'IIIIIIIZIIIIIIIIII', 'IIIIIIZIIIIIIIIIII', 'IIIIIZIIIIIIIIIIII', 'IIIIZIIIIIIIIIIIII', 'IIIZIIIIIIIIIIIIII', 'IIZIIIIIIIIIIIIIII', 'IZIIIIIIIIIIIIIIII']
clique 1 ['YZZZZZZZZZZZZZZZZY']
clique 2 ['YZZZZZZZZZZZZZZZZX']
clique 3 ['XZZZZZZZZZZZZZZZZY']
clique 4 ['IXZZZZZZZZZZZZZZZX', 'XXIIIIIIIIIIIIIIII']
clique 5 ['IYZZZZZZZZZZZZZZZY', 'YYIIIIIIIIIIIIIIII']
clique 6 ['IYZZZZZZZZZZZZZZZX', 'XYIIIIIIIIIIIIIIII']
clique 7 ['IXZZZZZZZZZZZZZZZY', 'YXIIIIIIIIIIIIIIII']
clique 8 ['IIIIIIIIIIIIIIIIXX', 'XZZZZZZZZZZZZZZZXI']
clique 9 ['IIIIIIIIIIIIIIIIYY', 'YZZZZZZZZZZZZZZZYI']
clique 10 ['IIIIIIIIIIIIIIIIXY', 'YZZZZZZZZZZZZZZZXI']
clique 11 ['IIIIIIIIIIIIIIIIYX', 'XZZZZZZZZZZZZZZZYI']
clique 12 ['IIIIIIIIIIIIIIIIIZ', 'IXZZZZZZZZZZZZZZXI', 'ZIIIIIIIIIIIIIIIII']
clique 13 ['IYZZZZZZZZZZZZZZYI']
clique 14 ['IYZZZZZZZZZZZZZZXI']
clique 15 ['IXZZZZZZZZZZZZZZYI']
clique 16 ['IIXZZZZZZZZZZZZZZX', 'XZXIIIIIIIIIIIIIII']
clique 17 ['IIYZZZZZZZZZZZZZZY', 'YZYIIIIIIIIIIIIIII']
clique 18 ['IIYZZZZZZZZZZZZZZX', 'XZYIIIIIIIIIIIIIII']
clique 19 ['IIXZZZZZZZZZZZZZZY', 'YZXIIIIIIIIIIIIIII']
clique 20 ['IIIIIIIIIIIIIIIXZX', 'XZZZZZZZZZZZZZZXII']
clique 21 ['IIIIIIIIIIIIIIIYZY', 'YZZZZZZZZZZZZZZYII']
clique 22 ['IIIIIIIIIIIIIIIXZY', 'YZZZZZZZZZZZZZZXII']
clique 23 ['IIIIIIIIIIIIIIIYZX', 'XZZZZZZZZZZZZZZYII']
clique 24 ['IIXZZZZZZZZZZZZZXI', 'IXXIIIIIIIIIIIIIII']
clique 25 ['IIYZZZZZZZZZZZZZYI', 'IYYIIIIIIIIIIIIIII']
clique 26 ['IIYZZZZZZZZZZZZZXI', 'IXYIIIIIIIIIIIIIII']
clique 27 ['IIXZZZZZZZZZZZZZYI', 'IYXIIIIIIIIIIIIIII']
clique 28 ['IIIIIIIIIIIIIIIXXI', 'IXZZZZZZZZZZZZZXII']
clique 29 ['IIIIIIIIIIIIIIIYYI', 'IYZZZZZZZZZZZZZYII']
clique 30 ['IIIIIIIIIIIIIIIXYI', 'IYZZZZZZZZZZZZZXII']
clique 31 ['IIIIIIIIIIIIIIIYXI', 'IXZZZZZZZZZZZZZYII']
clique 32 ['IIXZZZZZZZZZZZZXII']
clique 33 ['IIYZZZZZZZZZZZZYII']
clique 34 ['IIYZZZZZZZZZZZZXII']
clique 35 ['IIXZZZZZZZZZZZZYII']
clique 36 ['IIIXZZZZZZZZZZZZZX', 'XZZXIIIIIIIIIIIIII']
clique 37 ['IIIYZZZZZZZZZZZZZY', 'YZZYIIIIIIIIIIIIII']
clique 38 ['IIIYZZZZZZZZZZZZZX', 'XZZYIIIIIIIIIIIIII']
clique 39 ['IIIXZZZZZZZZZZZZZY', 'YZZXIIIIIIIIIIIIII']
clique 40 ['IIIIIIIIIIIIIIXZZX', 'XZZZZZZZZZZZZZXIII']
clique 41 ['IIIIIIIIIIIIIIYZZY', 'YZZZZZZZZZZZZZYIII']
clique 42 ['IIIIIIIIIIIIIIXZZY', 'YZZZZZZZZZZZZZXIII']
clique 43 ['IIIIIIIIIIIIIIYZZX', 'XZZZZZZZZZZZZZYIII']
clique 44 ['IIIXZZZZZZZZZZZZXI', 'IXZXIIIIIIIIIIIIII']
clique 45 ['IIIYZZZZZZZZZZZZYI', 'IYZYIIIIIIIIIIIIII']
clique 46 ['IIIYZZZZZZZZZZZZXI', 'IXZYIIIIIIIIIIIIII']
clique 47 ['IIIXZZZZZZZZZZZZYI', 'IYZXIIIIIIIIIIIIII']
clique 48 ['IIIIIIIIIIIIIIXZXI', 'IXZZZZZZZZZZZZXIII']
clique 49 ['IIIIIIIIIIIIIIYZYI', 'IYZZZZZZZZZZZZYIII']
clique 50 ['IIIIIIIIIIIIIIXZYI', 'IYZZZZZZZZZZZZXIII']
clique 51 ['IIIIIIIIIIIIIIYZXI', 'IXZZZZZZZZZZZZYIII']
clique 52 ['IIIXZZZZZZZZZZZXII', 'IIXXIIIIIIIIIIIIII']
clique 53 ['IIIYZZZZZZZZZZZYII', 'IIYYIIIIIIIIIIIIII']
clique 54 ['IIIYZZZZZZZZZZZXII', 'IIXYIIIIIIIIIIIIII']
clique 55 ['IIIXZZZZZZZZZZZYII', 'IIYXIIIIIIIIIIIIII']
clique 56 ['IIIIIIIIIIIIIIXXII', 'IIXZZZZZZZZZZZXIII']
clique 57 ['IIIIIIIIIIIIIIYYII', 'IIYZZZZZZZZZZZYIII']
clique 58 ['IIIIIIIIIIIIIIXYII', 'IIYZZZZZZZZZZZXIII']
clique 59 ['IIIIIIIIIIIIIIYXII', 'IIXZZZZZZZZZZZYIII']
clique 60 ['IIIIXZZZZZZZZZZZZX', 'XZZZXIIIIIIIIIIIII']
clique 61 ['IIIIYZZZZZZZZZZZZY', 'YZZZYIIIIIIIIIIIII']
clique 62 ['IIIIYZZZZZZZZZZZZX', 'XZZZYIIIIIIIIIIIII']
clique 63 ['IIIIXZZZZZZZZZZZZY', 'YZZZXIIIIIIIIIIIII']
clique 64 ['IIIIIIIIIIIIIXZZZX', 'XZZZZZZZZZZZZXIIII']
clique 65 ['IIIIIIIIIIIIIYZZZY', 'YZZZZZZZZZZZZYIIII']
clique 66 ['IIIIIIIIIIIIIXZZZY', 'YZZZZZZZZZZZZXIIII']
clique 67 ['IIIIIIIIIIIIIYZZZX', 'XZZZZZZZZZZZZYIIII']
clique 68 ['IIIIXZZZZZZZZZZZXI', 'IXZZXIIIIIIIIIIIII']
clique 69 ['IIIIYZZZZZZZZZZZYI', 'IYZZYIIIIIIIIIIIII']
clique 70 ['IIIIYZZZZZZZZZZZXI', 'IXZZYIIIIIIIIIIIII']
clique 71 ['IIIIXZZZZZZZZZZZYI', 'IYZZXIIIIIIIIIIIII']
clique 72 ['IIIIIIIIIIIIIXZZXI', 'IXZZZZZZZZZZZXIIII']
clique 73 ['IIIIIIIIIIIIIYZZYI', 'IYZZZZZZZZZZZYIIII']
clique 74 ['IIIIIIIIIIIIIXZZYI', 'IYZZZZZZZZZZZXIIII']
clique 75 ['IIIIIIIIIIIIIYZZXI', 'IXZZZZZZZZZZZYIIII']
clique 76 ['IIIXZZZZZZZZZZXIII']
clique 77 ['IIIYZZZZZZZZZZYIII']
clique 78 ['IIIYZZZZZZZZZZXIII']
clique 79 ['IIIXZZZZZZZZZZYIII']
clique 80 ['IIIIXZZZZZZZZZZXII', 'IIXZXIIIIIIIIIIIII']
clique 81 ['IIIIYZZZZZZZZZZYII', 'IIYZYIIIIIIIIIIIII']
clique 82 ['IIIIYZZZZZZZZZZXII', 'IIXZYIIIIIIIIIIIII']
clique 83 ['IIIIXZZZZZZZZZZYII', 'IIYZXIIIIIIIIIIIII']
clique 84 ['IIIIIIIIIIIIIXZXII', 'IIXZZZZZZZZZZXIIII']
clique 85 ['IIIIIIIIIIIIIYZYII', 'IIYZZZZZZZZZZYIIII']
clique 86 ['IIIIIIIIIIIIIXZYII', 'IIYZZZZZZZZZZXIIII']
clique 87 ['IIIIIIIIIIIIIYZXII', 'IIXZZZZZZZZZZYIIII']
clique 88 ['IIIIIXZZZZZZZZZZZX', 'XZZZZXIIIIIIIIIIII']
clique 89 ['IIIIIYZZZZZZZZZZZY', 'YZZZZYIIIIIIIIIIII']
clique 90 ['IIIIIYZZZZZZZZZZZX', 'XZZZZYIIIIIIIIIIII']
clique 91 ['IIIIIXZZZZZZZZZZZY', 'YZZZZXIIIIIIIIIIII']
clique 92 ['IIIIXZZZZZZZZZXIII', 'IIIXXIIIIIIIIIIIII']
clique 93 ['IIIIYZZZZZZZZZYIII', 'IIIYYIIIIIIIIIIIII']
clique 94 ['IIIIYZZZZZZZZZXIII', 'IIIXYIIIIIIIIIIIII']
clique 95 ['IIIIXZZZZZZZZZYIII', 'IIIYXIIIIIIIIIIIII']
clique 96 ['IIIIIIIIIIIIIXXIII', 'IIIXZZZZZZZZZXIIII']
clique 97 ['IIIIIIIIIIIIIYYIII', 'IIIYZZZZZZZZZYIIII']
clique 98 ['IIIIIIIIIIIIIXYIII', 'IIIYZZZZZZZZZXIIII']
clique 99 ['IIIIIIIIIIIIIYXIII', 'IIIXZZZZZZZZZYIIII']
clique 100 ['IIIIIIIIIIIIXZZZZX', 'XZZZZZZZZZZZXIIIII']
clique 101 ['IIIIIIIIIIIIYZZZZY', 'YZZZZZZZZZZZYIIIII']
clique 102 ['IIIIIIIIIIIIXZZZZY', 'YZZZZZZZZZZZXIIIII']
clique 103 ['IIIIIIIIIIIIYZZZZX', 'XZZZZZZZZZZZYIIIII']
clique 104 ['IIIIIXZZZZZZZZZZXI', 'IXZZZXIIIIIIIIIIII']
clique 105 ['IIIIIYZZZZZZZZZZYI', 'IYZZZYIIIIIIIIIIII']
clique 106 ['IIIIIYZZZZZZZZZZXI', 'IXZZZYIIIIIIIIIIII']
clique 107 ['IIIIIXZZZZZZZZZZYI', 'IYZZZXIIIIIIIIIIII']
clique 108 ['IIIIIIIIIIIIXZZZXI', 'IXZZZZZZZZZZXIIIII']
clique 109 ['IIIIIIIIIIIIYZZZYI', 'IYZZZZZZZZZZYIIIII']
clique 110 ['IIIIIIIIIIIIXZZZYI', 'IYZZZZZZZZZZXIIIII']
clique 111 ['IIIIIIIIIIIIYZZZXI', 'IXZZZZZZZZZZYIIIII']
clique 112 ['IIIIIXZZZZZZZZZXII', 'IIXZZXIIIIIIIIIIII']
clique 113 ['IIIIIYZZZZZZZZZYII', 'IIYZZYIIIIIIIIIIII']
clique 114 ['IIIIIYZZZZZZZZZXII', 'IIXZZYIIIIIIIIIIII']
clique 115 ['IIIIIXZZZZZZZZZYII', 'IIYZZXIIIIIIIIIIII']
clique 116 ['IIIIIIIIIIIIXZZXII', 'IIXZZZZZZZZZXIIIII']
clique 117 ['IIIIIIIIIIIIYZZYII', 'IIYZZZZZZZZZYIIIII']
clique 118 ['IIIIIIIIIIIIXZZYII', 'IIYZZZZZZZZZXIIIII']
clique 119 ['IIIIIIIIIIIIYZZXII', 'IIXZZZZZZZZZYIIIII']
clique 120 ['IIIIXZZZZZZZZXIIII']
clique 121 ['IIIIYZZZZZZZZYIIII']
clique 122 ['IIIIYZZZZZZZZXIIII']
clique 123 ['IIIIXZZZZZZZZYIIII']
clique 124 ['IIIIIXZZZZZZZZXIII', 'IIIXZXIIIIIIIIIIII']
clique 125 ['IIIIIYZZZZZZZZYIII', 'IIIYZYIIIIIIIIIIII']
clique 126 ['IIIIIYZZZZZZZZXIII', 'IIIXZYIIIIIIIIIIII']
clique 127 ['IIIIIXZZZZZZZZYIII', 'IIIYZXIIIIIIIIIIII']
clique 128 ['IIIIIIIIIIIIXZXIII', 'IIIXZZZZZZZZXIIIII']
clique 129 ['IIIIIIIIIIIIYZYIII', 'IIIYZZZZZZZZYIIIII']
clique 130 ['IIIIIIIIIIIIXZYIII', 'IIIYZZZZZZZZXIIIII']
clique 131 ['IIIIIIIIIIIIYZXIII', 'IIIXZZZZZZZZYIIIII']
clique 132 ['IIIIIIXZZZZZZZZZZX', 'XZZZZZXIIIIIIIIIII']
clique 133 ['IIIIIIYZZZZZZZZZZY', 'YZZZZZYIIIIIIIIIII']
clique 134 ['IIIIIIYZZZZZZZZZZX', 'XZZZZZYIIIIIIIIIII']
clique 135 ['IIIIIIXZZZZZZZZZZY', 'YZZZZZXIIIIIIIIIII']
clique 136 ['IIIIIIIIIIIXZZZZZX', 'XZZZZZZZZZZXIIIIII']
clique 137 ['IIIIIIIIIIIYZZZZZY', 'YZZZZZZZZZZYIIIIII']
clique 138 ['IIIIIIIIIIIXZZZZZY', 'YZZZZZZZZZZXIIIIII']
clique 139 ['IIIIIIIIIIIYZZZZZX', 'XZZZZZZZZZZYIIIIII']
clique 140 ['IIIIIIXZZZZZZZZZXI', 'IXZZZZXIIIIIIIIIII']
clique 141 ['IIIIIIYZZZZZZZZZYI', 'IYZZZZYIIIIIIIIIII']
clique 142 ['IIIIIIYZZZZZZZZZXI', 'IXZZZZYIIIIIIIIIII']
clique 143 ['IIIIIIXZZZZZZZZZYI', 'IYZZZZXIIIIIIIIIII']
clique 144 ['IIIIIIIIIIIXZZZZXI', 'IXZZZZZZZZZXIIIIII']
clique 145 ['IIIIIIIIIIIYZZZZYI', 'IYZZZZZZZZZYIIIIII']
clique 146 ['IIIIIIIIIIIXZZZZYI', 'IYZZZZZZZZZXIIIIII']
clique 147 ['IIIIIIIIIIIYZZZZXI', 'IXZZZZZZZZZYIIIIII']
clique 148 ['IIIIIIXZZZZZZZZXII', 'IIXZZZXIIIIIIIIIII']
clique 149 ['IIIIIIYZZZZZZZZYII', 'IIYZZZYIIIIIIIIIII']
clique 150 ['IIIIIIYZZZZZZZZXII', 'IIXZZZYIIIIIIIIIII']
clique 151 ['IIIIIIXZZZZZZZZYII', 'IIYZZZXIIIIIIIIIII']
clique 152 ['IIIIIIIIIIIXZZZXII', 'IIXZZZZZZZZXIIIIII']
clique 153 ['IIIIIIIIIIIYZZZYII', 'IIYZZZZZZZZYIIIIII']
clique 154 ['IIIIIIIIIIIXZZZYII', 'IIYZZZZZZZZXIIIIII']
clique 155 ['IIIIIIIIIIIYZZZXII', 'IIXZZZZZZZZYIIIIII']
clique 156 ['IIIIIXZZZZZZZXIIII', 'IIIIXXIIIIIIIIIIII']
clique 157 ['IIIIIYZZZZZZZYIIII', 'IIIIYYIIIIIIIIIIII']
clique 158 ['IIIIIYZZZZZZZXIIII', 'IIIIXYIIIIIIIIIIII']
clique 159 ['IIIIIXZZZZZZZYIIII', 'IIIIYXIIIIIIIIIIII']
clique 160 ['IIIIIIIIIIIIXXIIII', 'IIIIXZZZZZZZXIIIII']
clique 161 ['IIIIIIIIIIIIYYIIII', 'IIIIYZZZZZZZYIIIII']
clique 162 ['IIIIIIIIIIIIXYIIII', 'IIIIYZZZZZZZXIIIII']
clique 163 ['IIIIIIIIIIIIYXIIII', 'IIIIXZZZZZZZYIIIII']
clique 164 ['IIIIIIXZZZZZZZXIII', 'IIIXZZXIIIIIIIIIII']
clique 165 ['IIIIIIYZZZZZZZYIII', 'IIIYZZYIIIIIIIIIII']
clique 166 ['IIIIIIYZZZZZZZXIII', 'IIIXZZYIIIIIIIIIII']
clique 167 ['IIIIIIXZZZZZZZYIII', 'IIIYZZXIIIIIIIIIII']
clique 168 ['IIIIIIIIIIIXZZXIII', 'IIIXZZZZZZZXIIIIII']
clique 169 ['IIIIIIIIIIIYZZYIII', 'IIIYZZZZZZZYIIIIII']
clique 170 ['IIIIIIIIIIIXZZYIII', 'IIIYZZZZZZZXIIIIII']
clique 171 ['IIIIIIIIIIIYZZXIII', 'IIIXZZZZZZZYIIIIII']
clique 172 ['IIIIIIIXZZZZZZZZZX', 'XZZZZZZXIIIIIIIIII']
clique 173 ['IIIIIIIYZZZZZZZZZY', 'YZZZZZZYIIIIIIIIII']
clique 174 ['IIIIIIIYZZZZZZZZZX', 'XZZZZZZYIIIIIIIIII']
clique 175 ['IIIIIIIXZZZZZZZZZY', 'YZZZZZZXIIIIIIIIII']
clique 176 ['IIIIIIIIIIXZZZZZZX', 'XZZZZZZZZZXIIIIIII']
clique 177 ['IIIIIIIIIIYZZZZZZY', 'YZZZZZZZZZYIIIIIII']
clique 178 ['IIIIIIIIIIXZZZZZZY', 'YZZZZZZZZZXIIIIIII']
clique 179 ['IIIIIIIIIIYZZZZZZX', 'XZZZZZZZZZYIIIIIII']
clique 180 ['IIIIIIIXZZZZZZZZXI', 'IXZZZZZXIIIIIIIIII']
clique 181 ['IIIIIIIYZZZZZZZZYI', 'IYZZZZZYIIIIIIIIII']
clique 182 ['IIIIIIIYZZZZZZZZXI', 'IXZZZZZYIIIIIIIIII']
clique 183 ['IIIIIIIXZZZZZZZZYI', 'IYZZZZZXIIIIIIIIII']
clique 184 ['IIIIIXZZZZZZXIIIII']
clique 185 ['IIIIIYZZZZZZYIIIII']
clique 186 ['IIIIIYZZZZZZXIIIII']
clique 187 ['IIIIIXZZZZZZYIIIII']
clique 188 ['IIIIIIIIIIXZZZZZXI', 'IXZZZZZZZZXIIIIIII']
clique 189 ['IIIIIIIIIIYZZZZZYI', 'IYZZZZZZZZYIIIIIII']
clique 190 ['IIIIIIIIIIXZZZZZYI', 'IYZZZZZZZZXIIIIIII']
clique 191 ['IIIIIIIIIIYZZZZZXI', 'IXZZZZZZZZYIIIIIII']
clique 192 ['IIIIIIXZZZZZZXIIII', 'IIIIXZXIIIIIIIIIII']
clique 193 ['IIIIIIYZZZZZZYIIII', 'IIIIYZYIIIIIIIIIII']
clique 194 ['IIIIIIYZZZZZZXIIII', 'IIIIXZYIIIIIIIIIII']
clique 195 ['IIIIIIXZZZZZZYIIII', 'IIIIYZXIIIIIIIIIII']
clique 196 ['IIIIIIIIIIIXZXIIII', 'IIIIXZZZZZZXIIIIII']
clique 197 ['IIIIIIIIIIIYZYIIII', 'IIIIYZZZZZZYIIIIII']
clique 198 ['IIIIIIIIIIIXZYIIII', 'IIIIYZZZZZZXIIIIII']
clique 199 ['IIIIIIIIIIIYZXIIII', 'IIIIXZZZZZZYIIIIII']
clique 200 ['IIIIIIIXZZZZZZZXII', 'IIXZZZZXIIIIIIIIII']
clique 201 ['IIIIIIIYZZZZZZZYII', 'IIYZZZZYIIIIIIIIII']
clique 202 ['IIIIIIIYZZZZZZZXII', 'IIXZZZZYIIIIIIIIII']
clique 203 ['IIIIIIIXZZZZZZZYII', 'IIYZZZZXIIIIIIIIII']
clique 204 ['IIIIIIIIIIXZZZZXII', 'IIXZZZZZZZXIIIIIII']
clique 205 ['IIIIIIIIIIYZZZZYII', 'IIYZZZZZZZYIIIIIII']
clique 206 ['IIIIIIIIIIXZZZZYII', 'IIYZZZZZZZXIIIIIII']
clique 207 ['IIIIIIIIIIYZZZZXII', 'IIXZZZZZZZYIIIIIII']
clique 208 ['IIIIIIIXZZZZZZXIII', 'IIIXZZZXIIIIIIIIII']
clique 209 ['IIIIIIIYZZZZZZYIII', 'IIIYZZZYIIIIIIIIII']
clique 210 ['IIIIIIIYZZZZZZXIII', 'IIIXZZZYIIIIIIIIII']
clique 211 ['IIIIIIIXZZZZZZYIII', 'IIIYZZZXIIIIIIIIII']
clique 212 ['IIIIIIIIIIXZZZXIII', 'IIIXZZZZZZXIIIIIII']
clique 213 ['IIIIIIIIIIYZZZYIII', 'IIIYZZZZZZYIIIIIII']
clique 214 ['IIIIIIIIIIXZZZYIII', 'IIIYZZZZZZXIIIIIII']
clique 215 ['IIIIIIIIIIYZZZXIII', 'IIIXZZZZZZYIIIIIII']
clique 216 ['IIIIIIXZZZZZXIIIII', 'IIIIIXXIIIIIIIIIII']
clique 217 ['IIIIIIYZZZZZYIIIII', 'IIIIIYYIIIIIIIIIII']
clique 218 ['IIIIIIYZZZZZXIIIII', 'IIIIIXYIIIIIIIIIII']
clique 219 ['IIIIIIXZZZZZYIIIII', 'IIIIIYXIIIIIIIIIII']
clique 220 ['IIIIIIIIIIIXXIIIII', 'IIIIIXZZZZZXIIIIII']
clique 221 ['IIIIIIIIIIIYYIIIII', 'IIIIIYZZZZZYIIIIII']
clique 222 ['IIIIIIIIIIIXYIIIII', 'IIIIIYZZZZZXIIIIII']
clique 223 ['IIIIIIIIIIIYXIIIII', 'IIIIIXZZZZZYIIIIII']
clique 224 ['IIIIIIIIXZZZZZZZZX', 'XZZZZZZZXIIIIIIIII']
clique 225 ['IIIIIIIIYZZZZZZZZY', 'YZZZZZZZYIIIIIIIII']
clique 226 ['IIIIIIIIYZZZZZZZZX', 'XZZZZZZZYIIIIIIIII']
clique 227 ['IIIIIIIIXZZZZZZZZY', 'YZZZZZZZXIIIIIIIII']
clique 228 ['IIIIIIIIIXZZZZZZZX', 'XZZZZZZZZXIIIIIIII']
clique 229 ['IIIIIIIIIYZZZZZZZY', 'YZZZZZZZZYIIIIIIII']
clique 230 ['IIIIIIIIIXZZZZZZZY', 'YZZZZZZZZXIIIIIIII']
clique 231 ['IIIIIIIIIYZZZZZZZX', 'XZZZZZZZZYIIIIIIII']
clique 232 ['IIIIIIIIXZZZZZZZXI', 'IXZZZZZZXIIIIIIIII']
clique 233 ['IIIIIIIIYZZZZZZZYI', 'IYZZZZZZYIIIIIIIII']
clique 234 ['IIIIIIIIYZZZZZZZXI', 'IXZZZZZZYIIIIIIIII']
clique 235 ['IIIIIIIIXZZZZZZZYI', 'IYZZZZZZXIIIIIIIII']
clique 236 ['IIIIIIIXZZZZZXIIII', 'IIIIXZZXIIIIIIIIII']
clique 237 ['IIIIIIIYZZZZZYIIII', 'IIIIYZZYIIIIIIIIII']
clique 238 ['IIIIIIIYZZZZZXIIII', 'IIIIXZZYIIIIIIIIII']
clique 239 ['IIIIIIIXZZZZZYIIII', 'IIIIYZZXIIIIIIIIII']
clique 240 ['IIIIIIIIIIXZZXIIII', 'IIIIXZZZZZXIIIIIII']
clique 241 ['IIIIIIIIIIYZZYIIII', 'IIIIYZZZZZYIIIIIII']
clique 242 ['IIIIIIIIIIXZZYIIII', 'IIIIYZZZZZXIIIIIII']
clique 243 ['IIIIIIIIIIYZZXIIII', 'IIIIXZZZZZYIIIIIII']
clique 244 ['IIIIIIIIIXZZZZZZXI', 'IXZZZZZZZXIIIIIIII']
clique 245 ['IIIIIIIIIYZZZZZZYI', 'IYZZZZZZZYIIIIIIII']
clique 246 ['IIIIIIIIIXZZZZZZYI', 'IYZZZZZZZXIIIIIIII']
clique 247 ['IIIIIIIIIYZZZZZZXI', 'IXZZZZZZZYIIIIIIII']
clique 248 ['IIIIIIIIXZZZZZZXII', 'IIXZZZZZXIIIIIIIII']
clique 249 ['IIIIIIIIYZZZZZZYII', 'IIYZZZZZYIIIIIIIII']
clique 250 ['IIIIIIIIYZZZZZZXII', 'IIXZZZZZYIIIIIIIII']
clique 251 ['IIIIIIIIXZZZZZZYII', 'IIYZZZZZXIIIIIIIII']
clique 252 ['IIIIIIIIIXZZZZZXII', 'IIXZZZZZZXIIIIIIII']
clique 253 ['IIIIIIIIIYZZZZZYII', 'IIYZZZZZZYIIIIIIII']
clique 254 ['IIIIIIIIIXZZZZZYII', 'IIYZZZZZZXIIIIIIII']
clique 255 ['IIIIIIIIIYZZZZZXII', 'IIXZZZZZZYIIIIIIII']
clique 256 ['IIIIIIXZZZZXIIIIII']
clique 257 ['IIIIIIYZZZZYIIIIII']
clique 258 ['IIIIIIYZZZZXIIIIII']
clique 259 ['IIIIIIXZZZZYIIIIII']
clique 260 ['IIIIIIIIXZZZZZXIII', 'IIIXZZZZXIIIIIIIII']
clique 261 ['IIIIIIIIYZZZZZYIII', 'IIIYZZZZYIIIIIIIII']
clique 262 ['IIIIIIIIYZZZZZXIII', 'IIIXZZZZYIIIIIIIII']
clique 263 ['IIIIIIIIXZZZZZYIII', 'IIIYZZZZXIIIIIIIII']
clique 264 ['IIIIIIIIIXZZZZXIII', 'IIIXZZZZZXIIIIIIII']
clique 265 ['IIIIIIIIIYZZZZYIII', 'IIIYZZZZZYIIIIIIII']
clique 266 ['IIIIIIIIIXZZZZYIII', 'IIIYZZZZZXIIIIIIII']
clique 267 ['IIIIIIIIIYZZZZXIII', 'IIIXZZZZZYIIIIIIII']
clique 268 ['IIIIIIIXZZZZXIIIII', 'IIIIIXZXIIIIIIIIII']
clique 269 ['IIIIIIIYZZZZYIIIII', 'IIIIIYZYIIIIIIIIII']
clique 270 ['IIIIIIIYZZZZXIIIII', 'IIIIIXZYIIIIIIIIII']
clique 271 ['IIIIIIIXZZZZYIIIII', 'IIIIIYZXIIIIIIIIII']
clique 272 ['IIIIIIIIIIXZXIIIII', 'IIIIIXZZZZXIIIIIII']
clique 273 ['IIIIIIIIIIYZYIIIII', 'IIIIIYZZZZYIIIIIII']
clique 274 ['IIIIIIIIIIXZYIIIII', 'IIIIIYZZZZXIIIIIII']
clique 275 ['IIIIIIIIIIYZXIIIII', 'IIIIIXZZZZYIIIIIII']
clique 276 ['IIIIIIIIXZZZZXIIII', 'IIIIXZZZXIIIIIIIII']
clique 277 ['IIIIIIIIYZZZZYIIII', 'IIIIYZZZYIIIIIIIII']
clique 278 ['IIIIIIIIYZZZZXIIII', 'IIIIXZZZYIIIIIIIII']
clique 279 ['IIIIIIIIXZZZZYIIII', 'IIIIYZZZXIIIIIIIII']
clique 280 ['IIIIIIIIIXZZZXIIII', 'IIIIXZZZZXIIIIIIII']
clique 281 ['IIIIIIIIIYZZZYIIII', 'IIIIYZZZZYIIIIIIII']
clique 282 ['IIIIIIIIIXZZZYIIII', 'IIIIYZZZZXIIIIIIII']
clique 283 ['IIIIIIIIIYZZZXIIII', 'IIIIXZZZZYIIIIIIII']
clique 284 ['IIIIIIIXZZZXIIIIII', 'IIIIIIXXIIIIIIIIII']
clique 285 ['IIIIIIIYZZZYIIIIII', 'IIIIIIYYIIIIIIIIII']
clique 286 ['IIIIIIIYZZZXIIIIII', 'IIIIIIXYIIIIIIIIII']
clique 287 ['IIIIIIIXZZZYIIIIII', 'IIIIIIYXIIIIIIIIII']
clique 288 ['IIIIIIIIIIXXIIIIII', 'IIIIIIXZZZXIIIIIII']
clique 289 ['IIIIIIIIIIYYIIIIII', 'IIIIIIYZZZYIIIIIII']
clique 290 ['IIIIIIIIIIXYIIIIII', 'IIIIIIYZZZXIIIIIII']
clique 291 ['IIIIIIIIIIYXIIIIII', 'IIIIIIXZZZYIIIIIII']
clique 292 ['IIIIIIIIXZZZXIIIII', 'IIIIIXZZXIIIIIIIII']
clique 293 ['IIIIIIIIYZZZYIIIII', 'IIIIIYZZYIIIIIIIII']
clique 294 ['IIIIIIIIYZZZXIIIII', 'IIIIIXZZYIIIIIIIII']
clique 295 ['IIIIIIIIXZZZYIIIII', 'IIIIIYZZXIIIIIIIII']
clique 296 ['IIIIIIIIIXZZXIIIII', 'IIIIIXZZZXIIIIIIII']
clique 297 ['IIIIIIIIIYZZYIIIII', 'IIIIIYZZZYIIIIIIII']
clique 298 ['IIIIIIIIIXZZYIIIII', 'IIIIIYZZZXIIIIIIII']
clique 299 ['IIIIIIIIIYZZXIIIII', 'IIIIIXZZZYIIIIIIII']
clique 300 ['IIIIIIIXZZXIIIIIII']
clique 301 ['IIIIIIIYZZYIIIIIII']
clique 302 ['IIIIIIIYZZXIIIIIII']
clique 303 ['IIIIIIIXZZYIIIIIII']
clique 304 ['IIIIIIIIXZZXIIIIII', 'IIIIIIXZXIIIIIIIII']
clique 305 ['IIIIIIIIYZZYIIIIII', 'IIIIIIYZYIIIIIIIII']
clique 306 ['IIIIIIIIYZZXIIIIII', 'IIIIIIXZYIIIIIIIII']
clique 307 ['IIIIIIIIXZZYIIIIII', 'IIIIIIYZXIIIIIIIII']
clique 308 ['IIIIIIIIIXZXIIIIII', 'IIIIIIXZZXIIIIIIII']
clique 309 ['IIIIIIIIIYZYIIIIII', 'IIIIIIYZZYIIIIIIII']
clique 310 ['IIIIIIIIIXZYIIIIII', 'IIIIIIYZZXIIIIIIII']
clique 311 ['IIIIIIIIIYZXIIIIII', 'IIIIIIXZZYIIIIIIII']
clique 312 ['IIIIIIIIXZXIIIIIII', 'IIIIIIIXXIIIIIIIII']
clique 313 ['IIIIIIIIYZYIIIIIII', 'IIIIIIIYYIIIIIIIII']
clique 314 ['IIIIIIIIYZXIIIIIII', 'IIIIIIIXYIIIIIIIII']
clique 315 ['IIIIIIIIXZYIIIIIII', 'IIIIIIIYXIIIIIIIII']
clique 316 ['IIIIIIIIIXXIIIIIII', 'IIIIIIIXZXIIIIIIII']
clique 317 ['IIIIIIIIIYYIIIIIII', 'IIIIIIIYZYIIIIIIII']
clique 318 ['IIIIIIIIIXYIIIIIII', 'IIIIIIIYZXIIIIIIII']
clique 319 ['IIIIIIIIIYXIIIIIII', 'IIIIIIIXZYIIIIIIII']
clique 320 ['IIIIIIIIXXIIIIIIII']
clique 321 ['IIIIIIIIYYIIIIIIII']
clique 322 ['IIIIIIIIYXIIIIIIII']
clique 323 ['IIIIIIIIXYIIIIIIII']
