GS energy with  DMRG -14.766274431157523
N= 9.999999999990708
E= -14.766274431157523
D= [[ 4.99999991e-01+0.j  7.81393310e-13+0.j  4.20049757e-01+0.j
   2.39597149e-12+0.j  1.01056811e-08+0.j  1.95446643e-14+0.j
  -1.69644917e-01+0.j -9.73603025e-13+0.j -8.99693952e-09+0.j
   1.81881477e-14+0.j  1.13612492e-01+0.j  2.10949673e-13+0.j
   1.92518971e-08+0.j -1.51675388e-12+0.j -9.02593664e-02+0.j
   2.38940124e-12+0.j -8.96215954e-08+0.j -3.89592116e-12+0.j
   7.90949680e-02+0.j  9.58531242e-13+0.j]
 [ 7.81393248e-13+0.j  4.99999987e-01+0.j -2.31631242e-12+0.j
   4.20049765e-01+0.j  2.61971815e-14+0.j  9.65994197e-09+0.j
   8.87076868e-13+0.j -1.69644919e-01+0.j  1.24037358e-14+0.j
  -4.16865728e-09+0.j -5.01814008e-13+0.j  1.13612695e-01+0.j
  -1.06362803e-12+0.j  1.18123950e-07+0.j -6.45731468e-12+0.j
  -9.02592424e-02+0.j -3.58681679e-12+0.j -6.17410586e-08+0.j
  -4.82350826e-12+0.j  7.90956657e-02+0.j]
 [ 4.20049757e-01+0.j -2.31631244e-12+0.j  4.99999998e-01+0.j
  -6.62831708e-13+0.j  2.44638155e-01+0.j  2.24426503e-15+0.j
   2.18152403e-09+0.j  2.77407284e-13+0.j -5.25418597e-02+0.j
  -3.72132392e-14+0.j -3.93352206e-09+0.j -5.36100653e-14+0.j
   2.04337523e-02+0.j  2.26324606e-12+0.j  2.43742141e-08+0.j
   2.30952937e-12+0.j -7.78886323e-03+0.j  3.26881741e-12+0.j
   5.29704194e-08+0.j  4.21677973e-12+0.j]
 [ 2.39597151e-12+0.j  4.20049765e-01+0.j -6.62831807e-13+0.j
   4.99999994e-01+0.j  9.47837551e-15+0.j  2.44638152e-01+0.j
   2.79520452e-13+0.j  7.14531677e-09+0.j -3.34816831e-14+0.j
  -5.25418314e-02+0.j -7.06979604e-14+0.j -6.63360438e-08+0.j
   3.43822695e-12+0.j  2.04337698e-02+0.j  3.37193425e-12+0.j
  -7.73473303e-08+0.j  9.88001497e-12+0.j -7.78992788e-03+0.j
   3.82388165e-12+0.j  9.37764241e-08+0.j]
 [ 1.01056811e-08+0.j  2.61978660e-14+0.j  2.44638155e-01+0.j
   9.47836992e-15+0.j  4.99999990e-01+0.j  2.06489105e-14+0.j
   3.68901815e-01+0.j -1.30520722e-14+0.j  7.54923926e-09+0.j
   4.02860061e-14+0.j -1.50691547e-01+0.j -9.30912564e-13+0.j
  -1.15671243e-08+0.j -1.93307010e-12+0.j  1.06793540e-01+0.j
  -7.83090401e-13+0.j  9.00268525e-08+0.j -2.16338314e-12+0.j
  -9.02599826e-02+0.j -3.64853736e-12+0.j]
 [ 1.95445835e-14+0.j  9.65994194e-09+0.j  2.24428973e-15+0.j
   2.44638152e-01+0.j  2.06490687e-14+0.j  4.99999994e-01+0.j
   3.68666154e-14+0.j  3.68901797e-01+0.j  2.36960412e-14+0.j
   1.33346924e-08+0.j -4.18473043e-14+0.j -1.50691432e-01+0.j
  -7.48612137e-13+0.j  4.26073275e-08+0.j -5.25656461e-12+0.j
   1.06794036e-01+0.j -3.07279677e-12+0.j -3.16263602e-08+0.j
  -2.18353222e-12+0.j -9.02590037e-02+0.j]
 [-1.69644917e-01+0.j  8.87076898e-13+0.j  2.18152399e-09+0.j
   2.79520445e-13+0.j  3.68901815e-01+0.j  3.68668051e-14+0.j
   4.99999994e-01+0.j -1.47305587e-13+0.j  2.65844003e-01+0.j
  -9.27433426e-14+0.j  1.00707765e-08+0.j  2.68241110e-13+0.j
  -6.05992602e-02+0.j  1.14354585e-12+0.j -5.48670847e-08+0.j
  -7.04062846e-14+0.j  2.04342146e-02+0.j  1.23684070e-12+0.j
  -1.40103055e-07+0.j  9.77504702e-13+0.j]
 [-9.73602814e-13+0.j -1.69644919e-01+0.j  2.77407292e-13+0.j
   7.14531679e-09+0.j -1.30521774e-14+0.j  3.68901797e-01+0.j
  -1.47305553e-13+0.j  4.99999999e-01+0.j -4.56304834e-14+0.j
   2.65843993e-01+0.j  8.80936272e-14+0.j -3.35797914e-09+0.j
   1.50929393e-12+0.j -6.05993683e-02+0.j  9.46768368e-13+0.j
   1.43852067e-08+0.j  4.12825817e-12+0.j  2.04336325e-02+0.j
   1.37264430e-12+0.j -1.73464868e-08+0.j]
 [-8.99693964e-09+0.j  1.24038244e-14+0.j -5.25418597e-02+0.j
  -3.34815116e-14+0.j  7.54923921e-09+0.j  2.36954779e-14+0.j
   2.65844003e-01+0.j -4.56305751e-14+0.j  4.99999997e-01+0.j
  -2.00796031e-14+0.j  3.60953124e-01+0.j  1.03628783e-13+0.j
   3.10118677e-09+0.j -2.12314058e-13+0.j -1.50691521e-01+0.j
   5.46565346e-13+0.j  7.35155960e-08+0.j  5.68032220e-13+0.j
   1.13612597e-01+0.j -8.55813810e-13+0.j]
 [ 1.81882923e-14+0.j -4.16865730e-09+0.j -3.72132180e-14+0.j
  -5.25418314e-02+0.j  4.02869355e-14+0.j  1.33346922e-08+0.j
  -9.27433023e-14+0.j  2.65843993e-01+0.j -2.00794540e-14+0.j
   4.99999998e-01+0.j  2.29049846e-14+0.j  3.60953128e-01+0.j
  -4.56036864e-14+0.j -8.62154905e-09+0.j -1.23247698e-12+0.j
  -1.50691591e-01+0.j  1.31598244e-14+0.j  3.53105033e-09+0.j
  -1.49617055e-12+0.j  1.13612413e-01+0.j]
 [ 1.13612492e-01+0.j -5.01813171e-13+0.j -3.93352202e-09+0.j
  -7.06979319e-14+0.j -1.50691547e-01+0.j -4.18477881e-14+0.j
   1.00707762e-08+0.j  8.80935993e-14+0.j  3.60953124e-01+0.j
   2.29056800e-14+0.j  5.00000004e-01+0.j  8.25616099e-14+0.j
   2.65844003e-01+0.j -3.11639503e-13+0.j -1.47170961e-08+0.j
  -7.09721938e-14+0.j -5.25418491e-02+0.j  4.32091416e-14+0.j
   1.98291678e-09+0.j -3.89425377e-13+0.j]
 [ 2.10949990e-13+0.j  1.13612695e-01+0.j -5.36100810e-14+0.j
  -6.63360438e-08+0.j -9.30912801e-13+0.j -1.50691432e-01+0.j
   2.68241026e-13+0.j -3.35797915e-09+0.j  1.03629325e-13+0.j
   3.60953128e-01+0.j  8.25605140e-14+0.j  5.00000002e-01+0.j
  -2.59782325e-13+0.j  2.65844023e-01+0.j  1.04928602e-13+0.j
  -7.40449012e-09+0.j  7.86884961e-13+0.j -5.25418666e-02+0.j
  -4.67604147e-13+0.j  8.81952287e-09+0.j]
 [ 1.92518970e-08+0.j -1.06362874e-12+0.j  2.04337523e-02+0.j
   3.43822692e-12+0.j -1.15671242e-08+0.j -7.48614731e-13+0.j
  -6.05992602e-02+0.j  1.50929458e-12+0.j  3.10118672e-09+0.j
  -4.56088886e-14+0.j  2.65844003e-01+0.j -2.59783485e-13+0.j
   5.00000001e-01+0.j -3.95421439e-13+0.j  3.68901801e-01+0.j
  -1.07061628e-13+0.j -6.80776864e-09+0.j  1.16910951e-13+0.j
  -1.69644904e-01+0.j  6.97270017e-13+0.j]
 [-1.51675098e-12+0.j  1.18123950e-07+0.j  2.26324603e-12+0.j
   2.04337698e-02+0.j -1.93306896e-12+0.j  4.26073275e-08+0.j
   1.14354413e-12+0.j -6.05993683e-02+0.j -2.12315771e-13+0.j
  -8.62154910e-09+0.j -3.11638602e-13+0.j  2.65844023e-01+0.j
  -3.95421309e-13+0.j  5.00000005e-01+0.j  7.53146151e-13+0.j
   3.68901822e-01+0.j  3.28205652e-13+0.j -2.34941067e-09+0.j
  -3.98456803e-13+0.j -1.69644893e-01+0.j]
 [-9.02593664e-02+0.j -6.45731529e-12+0.j  2.43742140e-08+0.j
   3.37193405e-12+0.j  1.06793540e-01+0.j -5.25656573e-12+0.j
  -5.48670844e-08+0.j  9.46768293e-13+0.j -1.50691521e-01+0.j
  -1.23248111e-12+0.j -1.47170962e-08+0.j  1.04926813e-13+0.j
   3.68901801e-01+0.j  7.53146070e-13+0.j  5.00000006e-01+0.j
   1.35232443e-13+0.j  2.44638151e-01+0.j -5.93997088e-13+0.j
  -9.56088657e-09+0.j -7.04219964e-14+0.j]
 [ 2.38940328e-12+0.j -9.02592424e-02+0.j  2.30952933e-12+0.j
  -7.73473303e-08+0.j -7.83089491e-13+0.j  1.06794036e-01+0.j
  -7.04076088e-14+0.j  1.43852067e-08+0.j  5.46564455e-13+0.j
  -1.50691591e-01+0.j -7.09715572e-14+0.j -7.40449021e-09+0.j
  -1.07061517e-13+0.j  3.68901822e-01+0.j  1.35232546e-13+0.j
   5.00000010e-01+0.j -5.62236482e-13+0.j  2.44638159e-01+0.j
  -1.89671843e-13+0.j -1.04714269e-08+0.j]
 [-8.96215954e-08+0.j -3.58681660e-12+0.j -7.78886323e-03+0.j
   9.88001500e-12+0.j  9.00268525e-08+0.j -3.07279634e-12+0.j
   2.04342146e-02+0.j  4.12825809e-12+0.j  7.35155959e-08+0.j
   1.31609854e-14+0.j -5.25418491e-02+0.j  7.86885271e-13+0.j
  -6.80776866e-09+0.j  3.28205746e-13+0.j  2.44638151e-01+0.j
  -5.62236389e-13+0.j  5.00000006e-01+0.j -1.71104519e-13+0.j
   4.20049764e-01+0.j  3.72058825e-13+0.j]
 [-3.89592169e-12+0.j -6.17410586e-08+0.j  3.26881741e-12+0.j
  -7.78992788e-03+0.j -2.16338343e-12+0.j -3.16263602e-08+0.j
   1.23684103e-12+0.j  2.04336325e-02+0.j  5.68032579e-13+0.j
   3.53105026e-09+0.j  4.32089448e-14+0.j -5.25418666e-02+0.j
   1.16910821e-13+0.j -2.34941058e-09+0.j -5.93997183e-13+0.j
   2.44638159e-01+0.j -1.71104547e-13+0.j  5.00000002e-01+0.j
   4.26296386e-13+0.j  4.20049739e-01+0.j]
 [ 7.90949680e-02+0.j -4.82350784e-12+0.j  5.29704194e-08+0.j
   3.82388179e-12+0.j -9.02599826e-02+0.j -2.18353116e-12+0.j
  -1.40103055e-07+0.j  1.37264429e-12+0.j  1.13612597e-01+0.j
  -1.49616731e-12+0.j  1.98291694e-09+0.j -4.67602789e-13+0.j
  -1.69644904e-01+0.j -3.98456695e-13+0.j -9.56088662e-09+0.j
  -1.89671760e-13+0.j  4.20049764e-01+0.j  4.26296340e-13+0.j
   5.00000013e-01+0.j  3.78447125e-13+0.j]
 [ 9.58529535e-13+0.j  7.90956657e-02+0.j  4.21677976e-12+0.j
   9.37764241e-08+0.j -3.64853803e-12+0.j -9.02590037e-02+0.j
   9.77505773e-13+0.j -1.73464868e-08+0.j -8.55813133e-13+0.j
   1.13612413e-01+0.j -3.89425874e-13+0.j  8.81952294e-09+0.j
   6.97270040e-13+0.j -1.69644893e-01+0.j -7.04219949e-14+0.j
  -1.04714269e-08+0.j  3.72058896e-13+0.j  4.20049739e-01+0.j
   3.78447167e-13+0.j  5.00000009e-01+0.j]]
W= [0.19162833+0.j 0.20984444+0.j 0.21024954+0.j 0.21239984+0.j
 0.21238177+0.j 0.21238177+0.j 0.21239984+0.j 0.21024956+0.j
 0.20984444+0.j 0.19162835+0.j]
local approximation with  1 sites
local interactions on sites [[0], [1], [2], [3], [4], [5], [6], [7], [8], [9]]
Functional for interaction on sites [0]
aca-directory for images already exists
aca-directory for images already exists
aca-directory for images already exists
interacting orbitals: [0, 1]
mapping: [0, 1, 2, 3, 4, 5, 6, 7, 8, 9, 10, 11, 12, 13, 14, 15, 16, 17, 18, 19]
aca-directory for images already exists
aca-directory for images already exists
aca-directory for images already exists
orbinteractaca= [0, 1]
aca-directory for images already exists
aca-directory for images already exists
aca-directory for images already exists
aca-directory for images already exists
aca-directory for images already exists
aca-directory for images already exists
aca-directory for images already exists
aca-directory for images already exists
aca-directory for images already exists
aca-directory for images already exists
aca-directory for images already exists
aca-directory for images already exists
aca-directory for images already exists
aca-directory for images already exists
aca-directory for images already exists
aca-directory for images already exists
aca-directory for images already exists
aca-directory for images already exists
aca-directory for images already exists
aca-directory for images already exists
aca-directory for images already exists
aca-directory for images already exists
aca-directory for images already exists
aca-directory for images already exists
aca-directory for images already exists
aca-directory for images already exists
aca-directory for images already exists
aca-directory for images already exists
aca-directory for images already exists
aca-directory for images already exists
aca-directory for images already exists
aca-directory for images already exists
aca-directory for images already exists
aca-directory for images already exists
aca-directory for images already exists
aca-directory for images already exists
aca-directory for images already exists
aca-directory for images already exists
aca-directory for images already exists
aca-directory for images already exists
aca-directory for images already exists
aca-directory for images already exists
aca-directory for images already exists
aca-directory for images already exists
aca-directory for images already exists
aca-directory for images already exists
aca-directory for images already exists
aca-directory for images already exists
aca-directory for images already exists
aca-directory for images already exists
aca-directory for images already exists
aca-directory for images already exists
aca-directory for images already exists
aca-directory for images already exists
aca-directory for images already exists
aca-directory for images already exists
aca-directory for images already exists
aca: level 9  norb= 20
Daca= [[ 4.99999991e-01+0.j  7.81393310e-13+0.j -4.82215472e-01+0.j
  -1.60230553e-28+0.j -1.87478800e-26+0.j -3.81378691e-31+0.j
   7.40325913e-18+0.j  4.11917977e-29+0.j -1.51786829e-24+0.j
  -6.70966187e-31+0.j -4.66615250e-18+0.j  8.35730681e-29+0.j
   4.54340845e-24+0.j -3.16279972e-28+0.j  2.17275788e-17+0.j
   4.10101501e-28+0.j  1.98853468e-24+0.j  1.69813488e-27+0.j
   2.18296452e-17+0.j  4.92182670e-28+0.j]
 [ 7.81393248e-13+0.j  4.99999987e-01+0.j -1.58771602e-13+0.j
  -4.82215619e-01+0.j -7.45788178e-31+0.j  4.90702865e-25+0.j
   1.06898342e-28+0.j -1.70398231e-17+0.j -1.58299945e-30+0.j
   1.51444766e-25+0.j -7.45711918e-29+0.j  4.43114385e-18+0.j
  -2.01884571e-28+0.j -1.29607029e-23+0.j  1.34021037e-27+0.j
  -7.16732319e-18+0.j -3.13295798e-28+0.j  3.92210754e-24+0.j
  -7.04447361e-28+0.j -1.83733386e-18+0.j]
 [-4.82215472e-01+0.j -1.58771952e-13+0.j  5.00000015e-01+0.j
  -5.84409890e-13+0.j  1.60866099e-02+0.j  2.27766308e-28+0.j
  -2.96964655e-25+0.j -2.80534362e-29+0.j -7.88616470e-19+0.j
   1.28649277e-28+0.j  5.53486363e-25+0.j  7.22003009e-29+0.j
   1.00331449e-18+0.j  1.88886420e-28+0.j -3.58586700e-24+0.j
   1.55734465e-28+0.j  5.39898816e-20+0.j  1.20297176e-27+0.j
   2.16938613e-24+0.j -1.58351789e-28+0.j]
 [ 6.42473806e-19+0.j -4.82215619e-01+0.j -5.84410390e-13+0.j
   5.00000027e-01+0.j -4.33208911e-13+0.j  1.60864418e-02+0.j
  -6.70583450e-29+0.j -2.98671914e-25+0.j  3.28082132e-29+0.j
   4.53814670e-19+0.j -7.13366476e-30+0.j -1.14510937e-25+0.j
  -1.21733195e-28+0.j -7.73646698e-19+0.j -1.16903406e-29+0.j
   3.69315618e-24+0.j  2.17306275e-29+0.j  9.04518624e-19+0.j
  -4.42140100e-29+0.j -3.78122808e-25+0.j]
 [ 7.37257496e-17+0.j  6.84531115e-19+0.j  1.60866099e-02+0.j
  -4.33208743e-13+0.j  4.99999705e-01+0.j -1.88398500e-11+0.j
   4.80797738e-01+0.j -6.27651572e-27+0.j  4.75217746e-25+0.j
   5.87532726e-28+0.j -3.28981253e-17+0.j -7.51865545e-28+0.j
  -2.76364999e-23+0.j -1.01364331e-26+0.j  6.42867539e-18+0.j
   3.31009025e-26+0.j -2.83053304e-23+0.j  1.13539914e-27+0.j
   3.41353956e-17+0.j  2.41688103e-27+0.j]
 [-8.08341895e-20+0.j -2.51534981e-17+0.j  7.84932887e-19+0.j
   1.60864418e-02+0.j -1.88398500e-11+0.j  4.99999695e-01+0.j
   6.90686029e-13+0.j  4.80797556e-01+0.j -3.84851249e-29+0.j
  -4.43456807e-24+0.j -7.07882076e-27+0.j  3.49086476e-17+0.j
   8.95497347e-28+0.j -1.31582622e-23+0.j  1.73978674e-26+0.j
  -1.64645007e-17+0.j -2.28565671e-28+0.j  8.57571799e-23+0.j
  -8.72192005e-27+0.j  6.95808689e-17+0.j]
 [ 3.05507060e-18+0.j  9.21262957e-20+0.j -1.22607786e-16+0.j
   2.88281907e-19+0.j  4.80797738e-01+0.j  6.90687473e-13+0.j
   5.00000290e-01+0.j  1.84775502e-11+0.j  8.42232168e-03+0.j
  -4.75103010e-28+0.j -9.76218668e-25+0.j  7.63165976e-28+0.j
   1.42091938e-18+0.j -1.60002936e-27+0.j -6.72740118e-24+0.j
   7.95627453e-29+0.j  1.51499142e-19+0.j -1.58739795e-27+0.j
  -8.23676759e-24+0.j -2.66314729e-28+0.j]
 [ 9.38462826e-20+0.j -2.10050555e-16+0.j  1.32970277e-19+0.j
   6.02975164e-17+0.j  9.67688592e-19+0.j  4.80797556e-01+0.j
   1.84775489e-11+0.j  5.00000289e-01+0.j  7.92609309e-13+0.j
   8.42246087e-03+0.j  1.99686905e-29+0.j -2.76131212e-25+0.j
  -2.91239506e-28+0.j -3.80891888e-19+0.j -7.21482777e-30+0.j
  -3.96413708e-25+0.j  7.88932531e-29+0.j  1.19231682e-19+0.j
  -1.57777391e-29+0.j  5.79019323e-24+0.j]
 [-1.13624391e-16+0.j  8.86187122e-20+0.j  6.49446383e-16+0.j
   1.06421260e-19+0.j  6.58903434e-17+0.j -1.58266041e-19+0.j
   8.42232168e-03+0.j  7.92608874e-13+0.j  5.00000879e-01+0.j
   6.43162793e-11+0.j  4.88995511e-01+0.j -5.77282860e-26+0.j
  -6.99209253e-22+0.j  3.16559996e-26+0.j  1.10619521e-16+0.j
  -2.17034540e-25+0.j -7.72943450e-22+0.j  9.14479939e-27+0.j
  -2.25517490e-16+0.j -2.52773240e-26+0.j]
 [ 1.44587877e-19+0.j -2.08166781e-17+0.j  1.31193639e-18+0.j
  -8.63346593e-17+0.j -2.70264967e-18+0.j  1.64338208e-16+0.j
   2.60649943e-18+0.j  8.42246087e-03+0.j  6.43162775e-11+0.j
   4.99999364e-01+0.j -2.02245291e-12+0.j  4.88995554e-01+0.j
  -2.19613747e-27+0.j  1.14274666e-22+0.j  3.39282827e-27+0.j
   4.73832596e-17+0.j -8.45571822e-28+0.j  4.89825636e-22+0.j
  -7.44518552e-27+0.j -9.79811377e-17+0.j]
 [ 3.66107938e-17+0.j  7.95908924e-19+0.j -9.27396846e-17+0.j
  -4.20449750e-19+0.j  4.29079692e-16+0.j  2.36956181e-19+0.j
   4.19212949e-17+0.j  1.38260075e-19+0.j  4.88995511e-01+0.j
  -2.02245229e-12+0.j  4.99999102e-01+0.j -6.41523929e-11+0.j
   3.20467855e-03+0.j  8.89712037e-29+0.j  2.64181097e-24+0.j
  -5.23440352e-29+0.j  2.60433596e-19+0.j  2.82803011e-29+0.j
   1.59977184e-26+0.j -1.07675810e-28+0.j]
 [ 3.95299182e-19+0.j -5.54791407e-17+0.j  7.17240394e-19+0.j
   6.71998788e-17+0.j -1.88567410e-19+0.j  2.21130802e-17+0.j
  -1.49000195e-18+0.j -4.63537972e-17+0.j  3.46741463e-19+0.j
   4.88995554e-01+0.j -6.41523919e-11+0.j  5.00000651e-01+0.j
  -9.10935153e-13+0.j  3.20484860e-03+0.j -3.47365382e-29+0.j
  -1.89229547e-24+0.j  4.26503235e-29+0.j  1.93100120e-19+0.j
  -9.41762566e-30+0.j -3.01443758e-25+0.j]
 [-7.67615026e-17+0.j -7.06213015e-19+0.j  9.37706339e-17+0.j
   5.86558694e-19+0.j -8.43445930e-17+0.j -2.60781530e-19+0.j
  -6.64475214e-16+0.j -1.01761482e-18+0.j -1.15619325e-16+0.j
   3.27747836e-18+0.j  3.20467855e-03+0.j -9.10935145e-13+0.j
   4.99999562e-01+0.j -1.28340187e-10+0.j -4.92294325e-01+0.j
  -8.36447294e-26+0.j -1.84459160e-22+0.j  8.70933984e-26+0.j
   1.17381287e-16+0.j  2.87069875e-25+0.j]
 [ 2.90698850e-18+0.j  8.15318945e-17+0.j -6.55527311e-19+0.j
  -2.78314053e-17+0.j -1.63579101e-18+0.j -2.62779137e-17+0.j
  -1.93726473e-18+0.j  2.57243905e-16+0.j  2.03046949e-18+0.j
   7.93609303e-17+0.j -2.61266831e-18+0.j  3.20484860e-03+0.j
  -1.28340185e-10+0.j  5.00002846e-01+0.j -4.34516042e-12+0.j
  -4.92294488e-01+0.j -2.58185002e-28+0.j  3.79954715e-22+0.j
   1.29262933e-25+0.j  6.51100566e-17+0.j]
 [ 3.56271098e-17+0.j -5.76024052e-19+0.j  1.85416241e-16+0.j
   4.94807179e-19+0.j  1.40478089e-16+0.j -1.37362032e-19+0.j
  -2.44063810e-16+0.j  3.32206050e-19+0.j -1.08050636e-16+0.j
   8.82499318e-19+0.j -3.65620860e-17+0.j -1.81533923e-19+0.j
  -4.92294325e-01+0.j -4.34516067e-12+0.j  5.00000476e-01+0.j
   1.27506858e-10+0.j -1.29272486e-03+0.j -2.05629758e-28+0.j
  -2.24902583e-25+0.j -2.02724760e-28+0.j]
 [ 1.97559184e-18+0.j -4.73858559e-18+0.j -4.89061664e-19+0.j
   4.27707254e-17+0.j -9.72843563e-19+0.j -1.36943617e-16+0.j
   1.21949770e-19+0.j -1.09810456e-16+0.j  2.85859440e-19+0.j
   1.15088376e-16+0.j  1.03038941e-18+0.j  4.63616587e-17+0.j
  -4.34094826e-19+0.j -4.92294488e-01+0.j  1.27506858e-10+0.j
   4.99997124e-01+0.j -4.80707100e-12+0.j -1.29273232e-03+0.j
   5.59582435e-29+0.j  8.56680176e-25+0.j]
 [-4.77051359e-18+0.j  1.93126364e-19+0.j  2.01295114e-16+0.j
  -1.45960070e-19+0.j -7.36748627e-18+0.j  1.91694040e-19+0.j
  -1.60044255e-16+0.j  3.16967711e-19+0.j  7.71119097e-17+0.j
  -5.66364337e-19+0.j  2.14828146e-16+0.j -3.15001471e-19+0.j
   7.80088949e-17+0.j  2.70976533e-18+0.j -1.29272486e-03+0.j
  -4.80707070e-12+0.j  5.00002554e-01+0.j -5.49180731e-10+0.j
  -4.93673454e-01+0.j  0.00000000e+00+0.j]
 [-5.37534787e-19+0.j  2.77556331e-17+0.j  7.11242770e-20+0.j
   2.51321284e-17+0.j  3.46380905e-19+0.j -7.88032600e-17+0.j
   2.19944015e-18+0.j -2.43263874e-16+0.j -1.62842067e-18+0.j
   1.10295127e-16+0.j  1.67162197e-18+0.j  2.79177277e-16+0.j
  -3.97359995e-21+0.j  7.57823114e-17+0.j  2.20422707e-19+0.j
  -1.29273232e-03+0.j -5.49180731e-10+0.j  4.99993504e-01+0.j
   3.22385708e-12+0.j  4.93673292e-01+0.j]
 [ 6.30639171e-17+0.j  3.87037233e-19+0.j -1.50362747e-16+0.j
  -3.71527241e-19+0.j -3.55355313e-17+0.j -3.29137693e-19+0.j
   3.28402335e-16+0.j -5.96978266e-19+0.j -3.06226329e-16+0.j
  -3.36708210e-19+0.j -1.22485125e-16+0.j -2.84736058e-19+0.j
   4.56860594e-16+0.j -1.66334509e-18+0.j  5.49824585e-17+0.j
   2.72096479e-19+0.j -4.93673454e-01+0.j  3.22385778e-12+0.j
   4.99997427e-01+0.j -5.50017220e-10+0.j]
 [-1.65273052e-18+0.j -1.65133186e-17+0.j  4.03178970e-19+0.j
   4.41147825e-17+0.j  5.96432542e-19+0.j  3.74328432e-16+0.j
   5.55976598e-21+0.j -8.19490893e-18+0.j -3.11715594e-19+0.j
  -2.31101757e-16+0.j -8.34138787e-19+0.j -6.88829226e-18+0.j
   1.92248217e-19+0.j -3.95276290e-16+0.j  5.11866003e-19+0.j
   2.22874858e-17+0.j  3.16127957e-19+0.j  4.93673292e-01+0.j
  -5.50017220e-10+0.j  5.00006513e-01+0.j]]
rounding Naca1 to integer
rounding Naca2 to integer
Naca= (5, 5)
nq= 20
variational state:
        ┌──────────┐┌───────────┐┌───┐     ┌───────────┐┌───────────┐»
 q0_0: ─┤ Ry(y[0]) ├┤ Rz(y[20]) ├┤ X ├──■──┤ Ry(y[40]) ├┤ Rz(y[60]) ├»
        ├──────────┤├───────────┤└─┬─┘┌─┴─┐└───────────┘├───────────┤»
 q0_1: ─┤ Ry(y[1]) ├┤ Rz(y[21]) ├──┼──┤ X ├──────■──────┤ Ry(y[41]) ├»
        ├──────────┤├───────────┤  │  └───┘    ┌─┴─┐    └───────────┘»
 q0_2: ─┤ Ry(y[2]) ├┤ Rz(y[22]) ├──┼───────────┤ X ├──────────■──────»
        ├──────────┤├───────────┤  │           └───┘        ┌─┴─┐    »
 q0_3: ─┤ Ry(y[3]) ├┤ Rz(y[23]) ├──┼────────────────────────┤ X ├────»
        ├──────────┤├───────────┤  │                        └───┘    »
 q0_4: ─┤ Ry(y[4]) ├┤ Rz(y[24]) ├──┼─────────────────────────────────»
        ├──────────┤├───────────┤  │                                 »
 q0_5: ─┤ Ry(y[5]) ├┤ Rz(y[25]) ├──┼─────────────────────────────────»
        ├──────────┤├───────────┤  │                                 »
 q0_6: ─┤ Ry(y[6]) ├┤ Rz(y[26]) ├──┼─────────────────────────────────»
        ├──────────┤├───────────┤  │                                 »
 q0_7: ─┤ Ry(y[7]) ├┤ Rz(y[27]) ├──┼─────────────────────────────────»
        ├──────────┤├───────────┤  │                                 »
 q0_8: ─┤ Ry(y[8]) ├┤ Rz(y[28]) ├──┼─────────────────────────────────»
        ├──────────┤├───────────┤  │                                 »
 q0_9: ─┤ Ry(y[9]) ├┤ Rz(y[29]) ├──┼─────────────────────────────────»
       ┌┴──────────┤├───────────┤  │                                 »
q0_10: ┤ Ry(y[10]) ├┤ Rz(y[30]) ├──┼─────────────────────────────────»
       ├───────────┤├───────────┤  │                                 »
q0_11: ┤ Ry(y[11]) ├┤ Rz(y[31]) ├──┼─────────────────────────────────»
       ├───────────┤├───────────┤  │                                 »
q0_12: ┤ Ry(y[12]) ├┤ Rz(y[32]) ├──┼─────────────────────────────────»
       ├───────────┤├───────────┤  │                                 »
q0_13: ┤ Ry(y[13]) ├┤ Rz(y[33]) ├──┼─────────────────────────────────»
       ├───────────┤├───────────┤  │                                 »
q0_14: ┤ Ry(y[14]) ├┤ Rz(y[34]) ├──┼─────────────────────────────────»
       ├───────────┤├───────────┤  │                                 »
q0_15: ┤ Ry(y[15]) ├┤ Rz(y[35]) ├──┼─────────────────────────────────»
       ├───────────┤├───────────┤  │                                 »
q0_16: ┤ Ry(y[16]) ├┤ Rz(y[36]) ├──┼─────────────────────────────────»
       ├───────────┤├───────────┤  │                                 »
q0_17: ┤ Ry(y[17]) ├┤ Rz(y[37]) ├──┼─────────────────────────────────»
       ├───────────┤├───────────┤  │                                 »
q0_18: ┤ Ry(y[18]) ├┤ Rz(y[38]) ├──┼─────────────────────────────────»
       ├───────────┤├───────────┤  │                                 »
q0_19: ┤ Ry(y[19]) ├┤ Rz(y[39]) ├──■─────────────────────────────────»
       └───────────┘└───────────┘                                    »
c0: 20/══════════════════════════════════════════════════════════════»
                                                                     »
«                                                                        »
« q0_0: ─────────────────────────────────────────────────────────────────»
«       ┌───────────┐                                                    »
« q0_1: ┤ Rz(y[61]) ├────────────────────────────────────────────────────»
«       ├───────────┤┌───────────┐                                       »
« q0_2: ┤ Ry(y[42]) ├┤ Rz(y[62]) ├───────────────────────────────────────»
«       └───────────┘├───────────┤┌───────────┐                          »
« q0_3: ──────■──────┤ Ry(y[43]) ├┤ Rz(y[63]) ├──────────────────────────»
«           ┌─┴─┐    └───────────┘├───────────┤┌───────────┐             »
« q0_4: ────┤ X ├──────────■──────┤ Ry(y[44]) ├┤ Rz(y[64]) ├─────────────»
«           └───┘        ┌─┴─┐    └───────────┘├───────────┤┌───────────┐»
« q0_5: ─────────────────┤ X ├──────────■──────┤ Ry(y[45]) ├┤ Rz(y[65]) ├»
«                        └───┘        ┌─┴─┐    └───────────┘├───────────┤»
« q0_6: ──────────────────────────────┤ X ├──────────■──────┤ Ry(y[46]) ├»
«                                     └───┘        ┌─┴─┐    └───────────┘»
« q0_7: ───────────────────────────────────────────┤ X ├──────────■──────»
«                                                  └───┘        ┌─┴─┐    »
« q0_8: ────────────────────────────────────────────────────────┤ X ├────»
«                                                               └───┘    »
« q0_9: ─────────────────────────────────────────────────────────────────»
«                                                                        »
«q0_10: ─────────────────────────────────────────────────────────────────»
«                                                                        »
«q0_11: ─────────────────────────────────────────────────────────────────»
«                                                                        »
«q0_12: ─────────────────────────────────────────────────────────────────»
«                                                                        »
«q0_13: ─────────────────────────────────────────────────────────────────»
«                                                                        »
«q0_14: ─────────────────────────────────────────────────────────────────»
«                                                                        »
«q0_15: ─────────────────────────────────────────────────────────────────»
«                                                                        »
«q0_16: ─────────────────────────────────────────────────────────────────»
«                                                                        »
«q0_17: ─────────────────────────────────────────────────────────────────»
«                                                                        »
«q0_18: ─────────────────────────────────────────────────────────────────»
«                                                                        »
«q0_19: ─────────────────────────────────────────────────────────────────»
«                                                                        »
«c0: 20/═════════════════════════════════════════════════════════════════»
«                                                                        »
«                                                                        »
« q0_0: ─────────────────────────────────────────────────────────────────»
«                                                                        »
« q0_1: ─────────────────────────────────────────────────────────────────»
«                                                                        »
« q0_2: ─────────────────────────────────────────────────────────────────»
«                                                                        »
« q0_3: ─────────────────────────────────────────────────────────────────»
«                                                                        »
« q0_4: ─────────────────────────────────────────────────────────────────»
«                                                                        »
« q0_5: ─────────────────────────────────────────────────────────────────»
«       ┌───────────┐                                                    »
« q0_6: ┤ Rz(y[66]) ├────────────────────────────────────────────────────»
«       ├───────────┤┌───────────┐                                       »
« q0_7: ┤ Ry(y[47]) ├┤ Rz(y[67]) ├───────────────────────────────────────»
«       └───────────┘├───────────┤┌───────────┐                          »
« q0_8: ──────■──────┤ Ry(y[48]) ├┤ Rz(y[68]) ├──────────────────────────»
«           ┌─┴─┐    └───────────┘├───────────┤┌───────────┐             »
« q0_9: ────┤ X ├──────────■──────┤ Ry(y[49]) ├┤ Rz(y[69]) ├─────────────»
«           └───┘        ┌─┴─┐    └───────────┘├───────────┤┌───────────┐»
«q0_10: ─────────────────┤ X ├──────────■──────┤ Ry(y[50]) ├┤ Rz(y[70]) ├»
«                        └───┘        ┌─┴─┐    └───────────┘├───────────┤»
«q0_11: ──────────────────────────────┤ X ├──────────■──────┤ Ry(y[51]) ├»
«                                     └───┘        ┌─┴─┐    └───────────┘»
«q0_12: ───────────────────────────────────────────┤ X ├──────────■──────»
«                                                  └───┘        ┌─┴─┐    »
«q0_13: ────────────────────────────────────────────────────────┤ X ├────»
«                                                               └───┘    »
«q0_14: ─────────────────────────────────────────────────────────────────»
«                                                                        »
«q0_15: ─────────────────────────────────────────────────────────────────»
«                                                                        »
«q0_16: ─────────────────────────────────────────────────────────────────»
«                                                                        »
«q0_17: ─────────────────────────────────────────────────────────────────»
«                                                                        »
«q0_18: ─────────────────────────────────────────────────────────────────»
«                                                                        »
«q0_19: ─────────────────────────────────────────────────────────────────»
«                                                                        »
«c0: 20/═════════════════════════════════════════════════════════════════»
«                                                                        »
«                                                                        »
« q0_0: ─────────────────────────────────────────────────────────────────»
«                                                                        »
« q0_1: ─────────────────────────────────────────────────────────────────»
«                                                                        »
« q0_2: ─────────────────────────────────────────────────────────────────»
«                                                                        »
« q0_3: ─────────────────────────────────────────────────────────────────»
«                                                                        »
« q0_4: ─────────────────────────────────────────────────────────────────»
«                                                                        »
« q0_5: ─────────────────────────────────────────────────────────────────»
«                                                                        »
« q0_6: ─────────────────────────────────────────────────────────────────»
«                                                                        »
« q0_7: ─────────────────────────────────────────────────────────────────»
«                                                                        »
« q0_8: ─────────────────────────────────────────────────────────────────»
«                                                                        »
« q0_9: ─────────────────────────────────────────────────────────────────»
«                                                                        »
«q0_10: ─────────────────────────────────────────────────────────────────»
«       ┌───────────┐                                                    »
«q0_11: ┤ Rz(y[71]) ├────────────────────────────────────────────────────»
«       ├───────────┤┌───────────┐                                       »
«q0_12: ┤ Ry(y[52]) ├┤ Rz(y[72]) ├───────────────────────────────────────»
«       └───────────┘├───────────┤┌───────────┐                          »
«q0_13: ──────■──────┤ Ry(y[53]) ├┤ Rz(y[73]) ├──────────────────────────»
«           ┌─┴─┐    └───────────┘├───────────┤┌───────────┐             »
«q0_14: ────┤ X ├──────────■──────┤ Ry(y[54]) ├┤ Rz(y[74]) ├─────────────»
«           └───┘        ┌─┴─┐    └───────────┘├───────────┤┌───────────┐»
«q0_15: ─────────────────┤ X ├──────────■──────┤ Ry(y[55]) ├┤ Rz(y[75]) ├»
«                        └───┘        ┌─┴─┐    └───────────┘├───────────┤»
«q0_16: ──────────────────────────────┤ X ├──────────■──────┤ Ry(y[56]) ├»
«                                     └───┘        ┌─┴─┐    └───────────┘»
«q0_17: ───────────────────────────────────────────┤ X ├──────────■──────»
«                                                  └───┘        ┌─┴─┐    »
«q0_18: ────────────────────────────────────────────────────────┤ X ├────»
«                                                               └───┘    »
«q0_19: ─────────────────────────────────────────────────────────────────»
«                                                                        »
«c0: 20/═════════════════════════════════════════════════════════════════»
«                                                                        »
«                                              ┌───┐     ┌───────────┐»
« q0_0: ───────────────────────────────────────┤ X ├──■──┤ Ry(y[80]) ├»
«                                              └─┬─┘┌─┴─┐└───────────┘»
« q0_1: ─────────────────────────────────────────┼──┤ X ├──────■──────»
«                                                │  └───┘    ┌─┴─┐    »
« q0_2: ─────────────────────────────────────────┼───────────┤ X ├────»
«                                                │           └───┘    »
« q0_3: ─────────────────────────────────────────┼────────────────────»
«                                                │                    »
« q0_4: ─────────────────────────────────────────┼────────────────────»
«                                                │                    »
« q0_5: ─────────────────────────────────────────┼────────────────────»
«                                                │                    »
« q0_6: ─────────────────────────────────────────┼────────────────────»
«                                                │                    »
« q0_7: ─────────────────────────────────────────┼────────────────────»
«                                                │                    »
« q0_8: ─────────────────────────────────────────┼────────────────────»
«                                                │                    »
« q0_9: ─────────────────────────────────────────┼────────────────────»
«                                                │                    »
«q0_10: ─────────────────────────────────────────┼────────────────────»
«                                                │                    »
«q0_11: ─────────────────────────────────────────┼────────────────────»
«                                                │                    »
«q0_12: ─────────────────────────────────────────┼────────────────────»
«                                                │                    »
«q0_13: ─────────────────────────────────────────┼────────────────────»
«                                                │                    »
«q0_14: ─────────────────────────────────────────┼────────────────────»
«                                                │                    »
«q0_15: ─────────────────────────────────────────┼────────────────────»
«       ┌───────────┐                            │                    »
«q0_16: ┤ Rz(y[76]) ├────────────────────────────┼────────────────────»
«       ├───────────┤┌───────────┐               │                    »
«q0_17: ┤ Ry(y[57]) ├┤ Rz(y[77]) ├───────────────┼────────────────────»
«       └───────────┘├───────────┤┌───────────┐  │                    »
«q0_18: ──────■──────┤ Ry(y[58]) ├┤ Rz(y[78]) ├──┼────────────────────»
«           ┌─┴─┐    ├───────────┤├───────────┤  │                    »
«q0_19: ────┤ X ├────┤ Ry(y[59]) ├┤ Rz(y[79]) ├──■────────────────────»
«           └───┘    └───────────┘└───────────┘                       »
«c0: 20/══════════════════════════════════════════════════════════════»
«                                                                     »
«       ┌────────────┐                                                        »
« q0_0: ┤ Rz(y[100]) ├────────────────────────────────────────────────────────»
«       ├───────────┬┘┌────────────┐                                          »
« q0_1: ┤ Ry(y[81]) ├─┤ Rz(y[101]) ├──────────────────────────────────────────»
«       └───────────┘ ├───────────┬┘┌────────────┐                            »
« q0_2: ──────■───────┤ Ry(y[82]) ├─┤ Rz(y[102]) ├────────────────────────────»
«           ┌─┴─┐     └───────────┘ ├───────────┬┘┌────────────┐              »
« q0_3: ────┤ X ├───────────■───────┤ Ry(y[83]) ├─┤ Rz(y[103]) ├──────────────»
«           └───┘         ┌─┴─┐     └───────────┘ ├───────────┬┘┌────────────┐»
« q0_4: ──────────────────┤ X ├───────────■───────┤ Ry(y[84]) ├─┤ Rz(y[104]) ├»
«                         └───┘         ┌─┴─┐     └───────────┘ ├───────────┬┘»
« q0_5: ────────────────────────────────┤ X ├───────────■───────┤ Ry(y[85]) ├─»
«                                       └───┘         ┌─┴─┐     └───────────┘ »
« q0_6: ──────────────────────────────────────────────┤ X ├───────────■───────»
«                                                     └───┘         ┌─┴─┐     »
« q0_7: ────────────────────────────────────────────────────────────┤ X ├─────»
«                                                                   └───┘     »
« q0_8: ──────────────────────────────────────────────────────────────────────»
«                                                                             »
« q0_9: ──────────────────────────────────────────────────────────────────────»
«                                                                             »
«q0_10: ──────────────────────────────────────────────────────────────────────»
«                                                                             »
«q0_11: ──────────────────────────────────────────────────────────────────────»
«                                                                             »
«q0_12: ──────────────────────────────────────────────────────────────────────»
«                                                                             »
«q0_13: ──────────────────────────────────────────────────────────────────────»
«                                                                             »
«q0_14: ──────────────────────────────────────────────────────────────────────»
«                                                                             »
«q0_15: ──────────────────────────────────────────────────────────────────────»
«                                                                             »
«q0_16: ──────────────────────────────────────────────────────────────────────»
«                                                                             »
«q0_17: ──────────────────────────────────────────────────────────────────────»
«                                                                             »
«q0_18: ──────────────────────────────────────────────────────────────────────»
«                                                                             »
«q0_19: ──────────────────────────────────────────────────────────────────────»
«                                                                             »
«c0: 20/══════════════════════════════════════════════════════════════════════»
«                                                                             »
«                                                                             »
« q0_0: ──────────────────────────────────────────────────────────────────────»
«                                                                             »
« q0_1: ──────────────────────────────────────────────────────────────────────»
«                                                                             »
« q0_2: ──────────────────────────────────────────────────────────────────────»
«                                                                             »
« q0_3: ──────────────────────────────────────────────────────────────────────»
«                                                                             »
« q0_4: ──────────────────────────────────────────────────────────────────────»
«       ┌────────────┐                                                        »
« q0_5: ┤ Rz(y[105]) ├────────────────────────────────────────────────────────»
«       ├───────────┬┘┌────────────┐                                          »
« q0_6: ┤ Ry(y[86]) ├─┤ Rz(y[106]) ├──────────────────────────────────────────»
«       └───────────┘ ├───────────┬┘┌────────────┐                            »
« q0_7: ──────■───────┤ Ry(y[87]) ├─┤ Rz(y[107]) ├────────────────────────────»
«           ┌─┴─┐     └───────────┘ ├───────────┬┘┌────────────┐              »
« q0_8: ────┤ X ├───────────■───────┤ Ry(y[88]) ├─┤ Rz(y[108]) ├──────────────»
«           └───┘         ┌─┴─┐     └───────────┘ ├───────────┬┘┌────────────┐»
« q0_9: ──────────────────┤ X ├───────────■───────┤ Ry(y[89]) ├─┤ Rz(y[109]) ├»
«                         └───┘         ┌─┴─┐     └───────────┘ ├───────────┬┘»
«q0_10: ────────────────────────────────┤ X ├───────────■───────┤ Ry(y[90]) ├─»
«                                       └───┘         ┌─┴─┐     └───────────┘ »
«q0_11: ──────────────────────────────────────────────┤ X ├───────────■───────»
«                                                     └───┘         ┌─┴─┐     »
«q0_12: ────────────────────────────────────────────────────────────┤ X ├─────»
«                                                                   └───┘     »
«q0_13: ──────────────────────────────────────────────────────────────────────»
«                                                                             »
«q0_14: ──────────────────────────────────────────────────────────────────────»
«                                                                             »
«q0_15: ──────────────────────────────────────────────────────────────────────»
«                                                                             »
«q0_16: ──────────────────────────────────────────────────────────────────────»
«                                                                             »
«q0_17: ──────────────────────────────────────────────────────────────────────»
«                                                                             »
«q0_18: ──────────────────────────────────────────────────────────────────────»
«                                                                             »
«q0_19: ──────────────────────────────────────────────────────────────────────»
«                                                                             »
«c0: 20/══════════════════════════════════════════════════════════════════════»
«                                                                             »
«                                                                             »
« q0_0: ──────────────────────────────────────────────────────────────────────»
«                                                                             »
« q0_1: ──────────────────────────────────────────────────────────────────────»
«                                                                             »
« q0_2: ──────────────────────────────────────────────────────────────────────»
«                                                                             »
« q0_3: ──────────────────────────────────────────────────────────────────────»
«                                                                             »
« q0_4: ──────────────────────────────────────────────────────────────────────»
«                                                                             »
« q0_5: ──────────────────────────────────────────────────────────────────────»
«                                                                             »
« q0_6: ──────────────────────────────────────────────────────────────────────»
«                                                                             »
« q0_7: ──────────────────────────────────────────────────────────────────────»
«                                                                             »
« q0_8: ──────────────────────────────────────────────────────────────────────»
«                                                                             »
« q0_9: ──────────────────────────────────────────────────────────────────────»
«       ┌────────────┐                                                        »
«q0_10: ┤ Rz(y[110]) ├────────────────────────────────────────────────────────»
«       ├───────────┬┘┌────────────┐                                          »
«q0_11: ┤ Ry(y[91]) ├─┤ Rz(y[111]) ├──────────────────────────────────────────»
«       └───────────┘ ├───────────┬┘┌────────────┐                            »
«q0_12: ──────■───────┤ Ry(y[92]) ├─┤ Rz(y[112]) ├────────────────────────────»
«           ┌─┴─┐     └───────────┘ ├───────────┬┘┌────────────┐              »
«q0_13: ────┤ X ├───────────■───────┤ Ry(y[93]) ├─┤ Rz(y[113]) ├──────────────»
«           └───┘         ┌─┴─┐     └───────────┘ ├───────────┬┘┌────────────┐»
«q0_14: ──────────────────┤ X ├───────────■───────┤ Ry(y[94]) ├─┤ Rz(y[114]) ├»
«                         └───┘         ┌─┴─┐     └───────────┘ ├───────────┬┘»
«q0_15: ────────────────────────────────┤ X ├───────────■───────┤ Ry(y[95]) ├─»
«                                       └───┘         ┌─┴─┐     └───────────┘ »
«q0_16: ──────────────────────────────────────────────┤ X ├───────────■───────»
«                                                     └───┘         ┌─┴─┐     »
«q0_17: ────────────────────────────────────────────────────────────┤ X ├─────»
«                                                                   └───┘     »
«q0_18: ──────────────────────────────────────────────────────────────────────»
«                                                                             »
«q0_19: ──────────────────────────────────────────────────────────────────────»
«                                                                             »
«c0: 20/══════════════════════════════════════════════════════════════════════»
«                                                                             »
«                                                               
« q0_0: ────────────────────────────────────────────────────────
«                                                               
« q0_1: ────────────────────────────────────────────────────────
«                                                               
« q0_2: ────────────────────────────────────────────────────────
«                                                               
« q0_3: ────────────────────────────────────────────────────────
«                                                               
« q0_4: ────────────────────────────────────────────────────────
«                                                               
« q0_5: ────────────────────────────────────────────────────────
«                                                               
« q0_6: ────────────────────────────────────────────────────────
«                                                               
« q0_7: ────────────────────────────────────────────────────────
«                                                               
« q0_8: ────────────────────────────────────────────────────────
«                                                               
« q0_9: ────────────────────────────────────────────────────────
«                                                               
«q0_10: ────────────────────────────────────────────────────────
«                                                               
«q0_11: ────────────────────────────────────────────────────────
«                                                               
«q0_12: ────────────────────────────────────────────────────────
«                                                               
«q0_13: ────────────────────────────────────────────────────────
«                                                               
«q0_14: ────────────────────────────────────────────────────────
«       ┌────────────┐                                          
«q0_15: ┤ Rz(y[115]) ├──────────────────────────────────────────
«       ├───────────┬┘┌────────────┐                            
«q0_16: ┤ Ry(y[96]) ├─┤ Rz(y[116]) ├────────────────────────────
«       └───────────┘ ├───────────┬┘┌────────────┐              
«q0_17: ──────■───────┤ Ry(y[97]) ├─┤ Rz(y[117]) ├──────────────
«           ┌─┴─┐     └───────────┘ ├───────────┬┘┌────────────┐
«q0_18: ────┤ X ├───────────■───────┤ Ry(y[98]) ├─┤ Rz(y[118]) ├
«           └───┘         ┌─┴─┐     ├───────────┤ ├────────────┤
«q0_19: ──────────────────┤ X ├─────┤ Ry(y[99]) ├─┤ Rz(y[119]) ├
«                         └───┘     └───────────┘ └────────────┘
«c0: 20/════════════════════════════════════════════════════════
«                                                               
ansatz-state is written to ansatz.txt
building constraints...
number of constraints= 400
unique pauliops 780
graphclique-cliquecover: 780 with commutationmode disjointqubits
strategy largest_first 437
strategy random_sequential 441
strategy smallest_last 437
strategy independent_set 449
strategy connected_sequential_bfs 437
strategy connected_sequential_dfs 437
strategy saturation_largest_first 437
number of cliques 437
clique 0 ['XZZZZZZZZZZZZZZZZZZX']
clique 1 ['YZZZZZZZZZZZZZZZZZZY']
clique 2 ['YZZZZZZZZZZZZZZZZZZX']
clique 3 ['XZZZZZZZZZZZZZZZZZZY']
clique 4 ['IXZZZZZZZZZZZZZZZZZX', 'ZIIIIIIIIIIIIIIIIIII']
clique 5 ['IYZZZZZZZZZZZZZZZZZY']
clique 6 ['IYZZZZZZZZZZZZZZZZZX']
clique 7 ['IXZZZZZZZZZZZZZZZZZY']
clique 8 ['IIIIIIIIIIIIIIIIIIIZ', 'XZZZZZZZZZZZZZZZZZXI']
clique 9 ['YZZZZZZZZZZZZZZZZZYI']
clique 10 ['YZZZZZZZZZZZZZZZZZXI']
clique 11 ['XZZZZZZZZZZZZZZZZZYI']
clique 12 ['IXZZZZZZZZZZZZZZZZXI']
clique 13 ['IYZZZZZZZZZZZZZZZZYI']
clique 14 ['IYZZZZZZZZZZZZZZZZXI']
clique 15 ['IXZZZZZZZZZZZZZZZZYI']
clique 16 ['IIXZZZZZZZZZZZZZZZZX', 'XXIIIIIIIIIIIIIIIIII']
clique 17 ['IIYZZZZZZZZZZZZZZZZY', 'YYIIIIIIIIIIIIIIIIII']
clique 18 ['IIYZZZZZZZZZZZZZZZZX', 'YXIIIIIIIIIIIIIIIIII']
clique 19 ['IIXZZZZZZZZZZZZZZZZY', 'XYIIIIIIIIIIIIIIIIII']
clique 20 ['IIIIIIIIIIIIIIIIIIXX', 'XZZZZZZZZZZZZZZZZXII']
clique 21 ['IIIIIIIIIIIIIIIIIIYY', 'YZZZZZZZZZZZZZZZZYII']
clique 22 ['IIIIIIIIIIIIIIIIIIYX', 'YZZZZZZZZZZZZZZZZXII']
clique 23 ['IIIIIIIIIIIIIIIIIIXY', 'XZZZZZZZZZZZZZZZZYII']
clique 24 ['IIXZZZZZZZZZZZZZZZXI', 'IZIIIIIIIIIIIIIIIIII']
clique 25 ['IIYZZZZZZZZZZZZZZZYI']
clique 26 ['IIYZZZZZZZZZZZZZZZXI']
clique 27 ['IIXZZZZZZZZZZZZZZZYI']
clique 28 ['IIIIIIIIIIIIIIIIIIZI', 'IXZZZZZZZZZZZZZZZXII']
clique 29 ['IYZZZZZZZZZZZZZZZYII']
clique 30 ['IYZZZZZZZZZZZZZZZXII']
clique 31 ['IXZZZZZZZZZZZZZZZYII']
clique 32 ['IIXZZZZZZZZZZZZZZXII']
clique 33 ['IIYZZZZZZZZZZZZZZYII']
clique 34 ['IIYZZZZZZZZZZZZZZXII']
clique 35 ['IIXZZZZZZZZZZZZZZYII']
clique 36 ['IIIXZZZZZZZZZZZZZZZX', 'XZXIIIIIIIIIIIIIIIII']
clique 37 ['IIIYZZZZZZZZZZZZZZZY', 'YZYIIIIIIIIIIIIIIIII']
clique 38 ['IIIYZZZZZZZZZZZZZZZX', 'YZXIIIIIIIIIIIIIIIII']
clique 39 ['IIIXZZZZZZZZZZZZZZZY', 'XZYIIIIIIIIIIIIIIIII']
clique 40 ['IIIIIIIIIIIIIIIIIXZX', 'XZZZZZZZZZZZZZZZXIII']
clique 41 ['IIIIIIIIIIIIIIIIIYZY', 'YZZZZZZZZZZZZZZZYIII']
clique 42 ['IIIIIIIIIIIIIIIIIYZX', 'YZZZZZZZZZZZZZZZXIII']
clique 43 ['IIIIIIIIIIIIIIIIIXZY', 'XZZZZZZZZZZZZZZZYIII']
clique 44 ['IIIXZZZZZZZZZZZZZZXI', 'IXXIIIIIIIIIIIIIIIII']
clique 45 ['IIIYZZZZZZZZZZZZZZYI', 'IYYIIIIIIIIIIIIIIIII']
clique 46 ['IIIYZZZZZZZZZZZZZZXI', 'IYXIIIIIIIIIIIIIIIII']
clique 47 ['IIIXZZZZZZZZZZZZZZYI', 'IXYIIIIIIIIIIIIIIIII']
clique 48 ['IIIIIIIIIIIIIIIIIXXI', 'IXZZZZZZZZZZZZZZXIII']
clique 49 ['IIIIIIIIIIIIIIIIIYYI', 'IYZZZZZZZZZZZZZZYIII']
clique 50 ['IIIIIIIIIIIIIIIIIYXI', 'IYZZZZZZZZZZZZZZXIII']
clique 51 ['IIIIIIIIIIIIIIIIIXYI', 'IXZZZZZZZZZZZZZZYIII']
clique 52 ['IIIXZZZZZZZZZZZZZXII', 'IIZIIIIIIIIIIIIIIIII']
clique 53 ['IIIYZZZZZZZZZZZZZYII']
clique 54 ['IIIYZZZZZZZZZZZZZXII']
clique 55 ['IIIXZZZZZZZZZZZZZYII']
clique 56 ['IIIIIIIIIIIIIIIIIZII', 'IIXZZZZZZZZZZZZZXIII']
clique 57 ['IIYZZZZZZZZZZZZZYIII']
clique 58 ['IIYZZZZZZZZZZZZZXIII']
clique 59 ['IIXZZZZZZZZZZZZZYIII']
clique 60 ['IIIIXZZZZZZZZZZZZZZX', 'XZZXIIIIIIIIIIIIIIII']
clique 61 ['IIIIYZZZZZZZZZZZZZZY', 'YZZYIIIIIIIIIIIIIIII']
clique 62 ['IIIIYZZZZZZZZZZZZZZX', 'YZZXIIIIIIIIIIIIIIII']
clique 63 ['IIIIXZZZZZZZZZZZZZZY', 'XZZYIIIIIIIIIIIIIIII']
clique 64 ['IIIIIIIIIIIIIIIIXZZX', 'XZZZZZZZZZZZZZZXIIII']
clique 65 ['IIIIIIIIIIIIIIIIYZZY', 'YZZZZZZZZZZZZZZYIIII']
clique 66 ['IIIIIIIIIIIIIIIIYZZX', 'YZZZZZZZZZZZZZZXIIII']
clique 67 ['IIIIIIIIIIIIIIIIXZZY', 'XZZZZZZZZZZZZZZYIIII']
clique 68 ['IIIIXZZZZZZZZZZZZZXI', 'IXZXIIIIIIIIIIIIIIII']
clique 69 ['IIIIYZZZZZZZZZZZZZYI', 'IYZYIIIIIIIIIIIIIIII']
clique 70 ['IIIIYZZZZZZZZZZZZZXI', 'IYZXIIIIIIIIIIIIIIII']
clique 71 ['IIIIXZZZZZZZZZZZZZYI', 'IXZYIIIIIIIIIIIIIIII']
clique 72 ['IIIIIIIIIIIIIIIIXZXI', 'IXZZZZZZZZZZZZZXIIII']
clique 73 ['IIIIIIIIIIIIIIIIYZYI', 'IYZZZZZZZZZZZZZYIIII']
clique 74 ['IIIIIIIIIIIIIIIIYZXI', 'IYZZZZZZZZZZZZZXIIII']
clique 75 ['IIIIIIIIIIIIIIIIXZYI', 'IXZZZZZZZZZZZZZYIIII']
clique 76 ['IIIXZZZZZZZZZZZZXIII']
clique 77 ['IIIYZZZZZZZZZZZZYIII']
clique 78 ['IIIYZZZZZZZZZZZZXIII']
clique 79 ['IIIXZZZZZZZZZZZZYIII']
clique 80 ['IIIIXZZZZZZZZZZZZXII', 'IIXXIIIIIIIIIIIIIIII']
clique 81 ['IIIIYZZZZZZZZZZZZYII', 'IIYYIIIIIIIIIIIIIIII']
clique 82 ['IIIIYZZZZZZZZZZZZXII', 'IIYXIIIIIIIIIIIIIIII']
clique 83 ['IIIIXZZZZZZZZZZZZYII', 'IIXYIIIIIIIIIIIIIIII']
clique 84 ['IIIIIIIIIIIIIIIIXXII', 'IIXZZZZZZZZZZZZXIIII']
clique 85 ['IIIIIIIIIIIIIIIIYYII', 'IIYZZZZZZZZZZZZYIIII']
clique 86 ['IIIIIIIIIIIIIIIIYXII', 'IIYZZZZZZZZZZZZXIIII']
clique 87 ['IIIIIIIIIIIIIIIIXYII', 'IIXZZZZZZZZZZZZYIIII']
clique 88 ['IIIIXZZZZZZZZZZZXIII', 'IIIZIIIIIIIIIIIIIIII']
clique 89 ['IIIIYZZZZZZZZZZZYIII']
clique 90 ['IIIIYZZZZZZZZZZZXIII']
clique 91 ['IIIIXZZZZZZZZZZZYIII']
clique 92 ['IIIIIIIIIIIIIIIIZIII', 'IIIXZZZZZZZZZZZXIIII']
clique 93 ['IIIYZZZZZZZZZZZYIIII']
clique 94 ['IIIYZZZZZZZZZZZXIIII']
clique 95 ['IIIXZZZZZZZZZZZYIIII']
clique 96 ['IIIIIXZZZZZZZZZZZZZX', 'XZZZXIIIIIIIIIIIIIII']
clique 97 ['IIIIIYZZZZZZZZZZZZZY', 'YZZZYIIIIIIIIIIIIIII']
clique 98 ['IIIIIYZZZZZZZZZZZZZX', 'YZZZXIIIIIIIIIIIIIII']
clique 99 ['IIIIIXZZZZZZZZZZZZZY', 'XZZZYIIIIIIIIIIIIIII']
clique 100 ['IIIIIIIIIIIIIIIXZZZX', 'XZZZZZZZZZZZZZXIIIII']
clique 101 ['IIIIIIIIIIIIIIIYZZZY', 'YZZZZZZZZZZZZZYIIIII']
clique 102 ['IIIIIIIIIIIIIIIYZZZX', 'YZZZZZZZZZZZZZXIIIII']
clique 103 ['IIIIIIIIIIIIIIIXZZZY', 'XZZZZZZZZZZZZZYIIIII']
clique 104 ['IIIIIXZZZZZZZZZZZZXI', 'IXZZXIIIIIIIIIIIIIII']
clique 105 ['IIIIIYZZZZZZZZZZZZYI', 'IYZZYIIIIIIIIIIIIIII']
clique 106 ['IIIIIYZZZZZZZZZZZZXI', 'IYZZXIIIIIIIIIIIIIII']
clique 107 ['IIIIIXZZZZZZZZZZZZYI', 'IXZZYIIIIIIIIIIIIIII']
clique 108 ['IIIIIIIIIIIIIIIXZZXI', 'IXZZZZZZZZZZZZXIIIII']
clique 109 ['IIIIIIIIIIIIIIIYZZYI', 'IYZZZZZZZZZZZZYIIIII']
clique 110 ['IIIIIIIIIIIIIIIYZZXI', 'IYZZZZZZZZZZZZXIIIII']
clique 111 ['IIIIIIIIIIIIIIIXZZYI', 'IXZZZZZZZZZZZZYIIIII']
clique 112 ['IIIIIXZZZZZZZZZZZXII', 'IIXZXIIIIIIIIIIIIIII']
clique 113 ['IIIIIYZZZZZZZZZZZYII', 'IIYZYIIIIIIIIIIIIIII']
clique 114 ['IIIIIYZZZZZZZZZZZXII', 'IIYZXIIIIIIIIIIIIIII']
clique 115 ['IIIIIXZZZZZZZZZZZYII', 'IIXZYIIIIIIIIIIIIIII']
clique 116 ['IIIIIIIIIIIIIIIXZXII', 'IIXZZZZZZZZZZZXIIIII']
clique 117 ['IIIIIIIIIIIIIIIYZYII', 'IIYZZZZZZZZZZZYIIIII']
clique 118 ['IIIIIIIIIIIIIIIYZXII', 'IIYZZZZZZZZZZZXIIIII']
clique 119 ['IIIIIIIIIIIIIIIXZYII', 'IIXZZZZZZZZZZZYIIIII']
clique 120 ['IIIIXZZZZZZZZZZXIIII']
clique 121 ['IIIIYZZZZZZZZZZYIIII']
clique 122 ['IIIIYZZZZZZZZZZXIIII']
clique 123 ['IIIIXZZZZZZZZZZYIIII']
clique 124 ['IIIIIXZZZZZZZZZZXIII', 'IIIXXIIIIIIIIIIIIIII']
clique 125 ['IIIIIYZZZZZZZZZZYIII', 'IIIYYIIIIIIIIIIIIIII']
clique 126 ['IIIIIYZZZZZZZZZZXIII', 'IIIYXIIIIIIIIIIIIIII']
clique 127 ['IIIIIXZZZZZZZZZZYIII', 'IIIXYIIIIIIIIIIIIIII']
clique 128 ['IIIIIIIIIIIIIIIXXIII', 'IIIXZZZZZZZZZZXIIIII']
clique 129 ['IIIIIIIIIIIIIIIYYIII', 'IIIYZZZZZZZZZZYIIIII']
clique 130 ['IIIIIIIIIIIIIIIYXIII', 'IIIYZZZZZZZZZZXIIIII']
clique 131 ['IIIIIIIIIIIIIIIXYIII', 'IIIXZZZZZZZZZZYIIIII']
clique 132 ['IIIIIIXZZZZZZZZZZZZX', 'XZZZZXIIIIIIIIIIIIII']
clique 133 ['IIIIIIYZZZZZZZZZZZZY', 'YZZZZYIIIIIIIIIIIIII']
clique 134 ['IIIIIIYZZZZZZZZZZZZX', 'YZZZZXIIIIIIIIIIIIII']
clique 135 ['IIIIIIXZZZZZZZZZZZZY', 'XZZZZYIIIIIIIIIIIIII']
clique 136 ['IIIIIIIIIIIIIIXZZZZX', 'XZZZZZZZZZZZZXIIIIII']
clique 137 ['IIIIIIIIIIIIIIYZZZZY', 'YZZZZZZZZZZZZYIIIIII']
clique 138 ['IIIIIIIIIIIIIIYZZZZX', 'YZZZZZZZZZZZZXIIIIII']
clique 139 ['IIIIIIIIIIIIIIXZZZZY', 'XZZZZZZZZZZZZYIIIIII']
clique 140 ['IIIIIIXZZZZZZZZZZZXI', 'IXZZZXIIIIIIIIIIIIII']
clique 141 ['IIIIIIYZZZZZZZZZZZYI', 'IYZZZYIIIIIIIIIIIIII']
clique 142 ['IIIIIIYZZZZZZZZZZZXI', 'IYZZZXIIIIIIIIIIIIII']
clique 143 ['IIIIIIXZZZZZZZZZZZYI', 'IXZZZYIIIIIIIIIIIIII']
clique 144 ['IIIIIIIIIIIIIIXZZZXI', 'IXZZZZZZZZZZZXIIIIII']
clique 145 ['IIIIIIIIIIIIIIYZZZYI', 'IYZZZZZZZZZZZYIIIIII']
clique 146 ['IIIIIIIIIIIIIIYZZZXI', 'IYZZZZZZZZZZZXIIIIII']
clique 147 ['IIIIIIIIIIIIIIXZZZYI', 'IXZZZZZZZZZZZYIIIIII']
clique 148 ['IIIIIIXZZZZZZZZZZXII', 'IIXZZXIIIIIIIIIIIIII']
clique 149 ['IIIIIIYZZZZZZZZZZYII', 'IIYZZYIIIIIIIIIIIIII']
clique 150 ['IIIIIIYZZZZZZZZZZXII', 'IIYZZXIIIIIIIIIIIIII']
clique 151 ['IIIIIIXZZZZZZZZZZYII', 'IIXZZYIIIIIIIIIIIIII']
clique 152 ['IIIIIIIIIIIIIIXZZXII', 'IIXZZZZZZZZZZXIIIIII']
clique 153 ['IIIIIIIIIIIIIIYZZYII', 'IIYZZZZZZZZZZYIIIIII']
clique 154 ['IIIIIIIIIIIIIIYZZXII', 'IIYZZZZZZZZZZXIIIIII']
clique 155 ['IIIIIIIIIIIIIIXZZYII', 'IIXZZZZZZZZZZYIIIIII']
clique 156 ['IIIIIXZZZZZZZZZXIIII', 'IIIIZIIIIIIIIIIIIIII']
clique 157 ['IIIIIYZZZZZZZZZYIIII']
clique 158 ['IIIIIYZZZZZZZZZXIIII']
clique 159 ['IIIIIXZZZZZZZZZYIIII']
clique 160 ['IIIIIIIIIIIIIIIZIIII', 'IIIIXZZZZZZZZZXIIIII']
clique 161 ['IIIIYZZZZZZZZZYIIIII']
clique 162 ['IIIIYZZZZZZZZZXIIIII']
clique 163 ['IIIIXZZZZZZZZZYIIIII']
clique 164 ['IIIIIIXZZZZZZZZZXIII', 'IIIXZXIIIIIIIIIIIIII']
clique 165 ['IIIIIIYZZZZZZZZZYIII', 'IIIYZYIIIIIIIIIIIIII']
clique 166 ['IIIIIIYZZZZZZZZZXIII', 'IIIYZXIIIIIIIIIIIIII']
clique 167 ['IIIIIIXZZZZZZZZZYIII', 'IIIXZYIIIIIIIIIIIIII']
clique 168 ['IIIIIIIIIIIIIIXZXIII', 'IIIXZZZZZZZZZXIIIIII']
clique 169 ['IIIIIIIIIIIIIIYZYIII', 'IIIYZZZZZZZZZYIIIIII']
clique 170 ['IIIIIIIIIIIIIIYZXIII', 'IIIYZZZZZZZZZXIIIIII']
clique 171 ['IIIIIIIIIIIIIIXZYIII', 'IIIXZZZZZZZZZYIIIIII']
clique 172 ['IIIIIXZZZZZZZZXIIIII']
clique 173 ['IIIIIYZZZZZZZZYIIIII']
clique 174 ['IIIIIYZZZZZZZZXIIIII']
clique 175 ['IIIIIXZZZZZZZZYIIIII']
clique 176 ['IIIIIIIXZZZZZZZZZZZX', 'XZZZZZXIIIIIIIIIIIII']
clique 177 ['IIIIIIIYZZZZZZZZZZZY', 'YZZZZZYIIIIIIIIIIIII']
clique 178 ['IIIIIIIYZZZZZZZZZZZX', 'YZZZZZXIIIIIIIIIIIII']
clique 179 ['IIIIIIIXZZZZZZZZZZZY', 'XZZZZZYIIIIIIIIIIIII']
clique 180 ['IIIIIIIIIIIIIXZZZZZX', 'XZZZZZZZZZZZXIIIIIII']
clique 181 ['IIIIIIIIIIIIIYZZZZZY', 'YZZZZZZZZZZZYIIIIIII']
clique 182 ['IIIIIIIIIIIIIYZZZZZX', 'YZZZZZZZZZZZXIIIIIII']
clique 183 ['IIIIIIIIIIIIIXZZZZZY', 'XZZZZZZZZZZZYIIIIIII']
clique 184 ['IIIIIIIXZZZZZZZZZZXI', 'IXZZZZXIIIIIIIIIIIII']
clique 185 ['IIIIIIIYZZZZZZZZZZYI', 'IYZZZZYIIIIIIIIIIIII']
clique 186 ['IIIIIIIYZZZZZZZZZZXI', 'IYZZZZXIIIIIIIIIIIII']
clique 187 ['IIIIIIIXZZZZZZZZZZYI', 'IXZZZZYIIIIIIIIIIIII']
clique 188 ['IIIIIIIIIIIIIXZZZZXI', 'IXZZZZZZZZZZXIIIIIII']
clique 189 ['IIIIIIIIIIIIIYZZZZYI', 'IYZZZZZZZZZZYIIIIIII']
clique 190 ['IIIIIIIIIIIIIYZZZZXI', 'IYZZZZZZZZZZXIIIIIII']
clique 191 ['IIIIIIIIIIIIIXZZZZYI', 'IXZZZZZZZZZZYIIIIIII']
clique 192 ['IIIIIIXZZZZZZZZXIIII', 'IIIIXXIIIIIIIIIIIIII']
clique 193 ['IIIIIIYZZZZZZZZYIIII', 'IIIIYYIIIIIIIIIIIIII']
clique 194 ['IIIIIIYZZZZZZZZXIIII', 'IIIIYXIIIIIIIIIIIIII']
clique 195 ['IIIIIIXZZZZZZZZYIIII', 'IIIIXYIIIIIIIIIIIIII']
clique 196 ['IIIIIIIIIIIIIIXXIIII', 'IIIIXZZZZZZZZXIIIIII']
clique 197 ['IIIIIIIIIIIIIIYYIIII', 'IIIIYZZZZZZZZYIIIIII']
clique 198 ['IIIIIIIIIIIIIIYXIIII', 'IIIIYZZZZZZZZXIIIIII']
clique 199 ['IIIIIIIIIIIIIIXYIIII', 'IIIIXZZZZZZZZYIIIIII']
clique 200 ['IIIIIIIXZZZZZZZZZXII', 'IIXZZZXIIIIIIIIIIIII']
clique 201 ['IIIIIIIYZZZZZZZZZYII', 'IIYZZZYIIIIIIIIIIIII']
clique 202 ['IIIIIIIYZZZZZZZZZXII', 'IIYZZZXIIIIIIIIIIIII']
clique 203 ['IIIIIIIXZZZZZZZZZYII', 'IIXZZZYIIIIIIIIIIIII']
clique 204 ['IIIIIIIIIIIIIXZZZXII', 'IIXZZZZZZZZZXIIIIIII']
clique 205 ['IIIIIIIIIIIIIYZZZYII', 'IIYZZZZZZZZZYIIIIIII']
clique 206 ['IIIIIIIIIIIIIYZZZXII', 'IIYZZZZZZZZZXIIIIIII']
clique 207 ['IIIIIIIIIIIIIXZZZYII', 'IIXZZZZZZZZZYIIIIIII']
clique 208 ['IIIIIIIXZZZZZZZZXIII', 'IIIXZZXIIIIIIIIIIIII']
clique 209 ['IIIIIIIYZZZZZZZZYIII', 'IIIYZZYIIIIIIIIIIIII']
clique 210 ['IIIIIIIYZZZZZZZZXIII', 'IIIYZZXIIIIIIIIIIIII']
clique 211 ['IIIIIIIXZZZZZZZZYIII', 'IIIXZZYIIIIIIIIIIIII']
clique 212 ['IIIIIIIIIIIIIXZZXIII', 'IIIXZZZZZZZZXIIIIIII']
clique 213 ['IIIIIIIIIIIIIYZZYIII', 'IIIYZZZZZZZZYIIIIIII']
clique 214 ['IIIIIIIIIIIIIYZZXIII', 'IIIYZZZZZZZZXIIIIIII']
clique 215 ['IIIIIIIIIIIIIXZZYIII', 'IIIXZZZZZZZZYIIIIIII']
clique 216 ['IIIIIIXZZZZZZZXIIIII', 'IIIIIZIIIIIIIIIIIIII']
clique 217 ['IIIIIIYZZZZZZZYIIIII']
clique 218 ['IIIIIIYZZZZZZZXIIIII']
clique 219 ['IIIIIIXZZZZZZZYIIIII']
clique 220 ['IIIIIIIIIIIIIIZIIIII', 'IIIIIXZZZZZZZXIIIIII']
clique 221 ['IIIIIYZZZZZZZYIIIIII']
clique 222 ['IIIIIYZZZZZZZXIIIIII']
clique 223 ['IIIIIXZZZZZZZYIIIIII']
clique 224 ['IIIIIIIXZZZZZZZXIIII', 'IIIIXZXIIIIIIIIIIIII']
clique 225 ['IIIIIIIYZZZZZZZYIIII', 'IIIIYZYIIIIIIIIIIIII']
clique 226 ['IIIIIIIYZZZZZZZXIIII', 'IIIIYZXIIIIIIIIIIIII']
clique 227 ['IIIIIIIXZZZZZZZYIIII', 'IIIIXZYIIIIIIIIIIIII']
clique 228 ['IIIIIIIIIIIIIXZXIIII', 'IIIIXZZZZZZZXIIIIIII']
clique 229 ['IIIIIIIIIIIIIYZYIIII', 'IIIIYZZZZZZZYIIIIIII']
clique 230 ['IIIIIIIIIIIIIYZXIIII', 'IIIIYZZZZZZZXIIIIIII']
clique 231 ['IIIIIIIIIIIIIXZYIIII', 'IIIIXZZZZZZZYIIIIIII']
clique 232 ['IIIIIIIIXZZZZZZZZZZX', 'XZZZZZZXIIIIIIIIIIII']
clique 233 ['IIIIIIIIYZZZZZZZZZZY', 'YZZZZZZYIIIIIIIIIIII']
clique 234 ['IIIIIIIIYZZZZZZZZZZX', 'YZZZZZZXIIIIIIIIIIII']
clique 235 ['IIIIIIIIXZZZZZZZZZZY', 'XZZZZZZYIIIIIIIIIIII']
clique 236 ['IIIIIIIIIIIIXZZZZZZX', 'XZZZZZZZZZZXIIIIIIII']
clique 237 ['IIIIIIIIIIIIYZZZZZZY', 'YZZZZZZZZZZYIIIIIIII']
clique 238 ['IIIIIIIIIIIIYZZZZZZX', 'YZZZZZZZZZZXIIIIIIII']
clique 239 ['IIIIIIIIIIIIXZZZZZZY', 'XZZZZZZZZZZYIIIIIIII']
clique 240 ['IIIIIIIIXZZZZZZZZZXI', 'IXZZZZZXIIIIIIIIIIII']
clique 241 ['IIIIIIIIYZZZZZZZZZYI', 'IYZZZZZYIIIIIIIIIIII']
clique 242 ['IIIIIIIIYZZZZZZZZZXI', 'IYZZZZZXIIIIIIIIIIII']
clique 243 ['IIIIIIIIXZZZZZZZZZYI', 'IXZZZZZYIIIIIIIIIIII']
clique 244 ['IIIIIIIIIIIIXZZZZZXI', 'IXZZZZZZZZZXIIIIIIII']
clique 245 ['IIIIIIIIIIIIYZZZZZYI', 'IYZZZZZZZZZYIIIIIIII']
clique 246 ['IIIIIIIIIIIIYZZZZZXI', 'IYZZZZZZZZZXIIIIIIII']
clique 247 ['IIIIIIIIIIIIXZZZZZYI', 'IXZZZZZZZZZYIIIIIIII']
clique 248 ['IIIIIIIIXZZZZZZZZXII', 'IIXZZZZXIIIIIIIIIIII']
clique 249 ['IIIIIIIIYZZZZZZZZYII', 'IIYZZZZYIIIIIIIIIIII']
clique 250 ['IIIIIIIIYZZZZZZZZXII', 'IIYZZZZXIIIIIIIIIIII']
clique 251 ['IIIIIIIIXZZZZZZZZYII', 'IIXZZZZYIIIIIIIIIIII']
clique 252 ['IIIIIIIIIIIIXZZZZXII', 'IIXZZZZZZZZXIIIIIIII']
clique 253 ['IIIIIIIIIIIIYZZZZYII', 'IIYZZZZZZZZYIIIIIIII']
clique 254 ['IIIIIIIIIIIIYZZZZXII', 'IIYZZZZZZZZXIIIIIIII']
clique 255 ['IIIIIIIIIIIIXZZZZYII', 'IIXZZZZZZZZYIIIIIIII']
clique 256 ['IIIIIIXZZZZZZXIIIIII']
clique 257 ['IIIIIIYZZZZZZYIIIIII']
clique 258 ['IIIIIIYZZZZZZXIIIIII']
clique 259 ['IIIIIIXZZZZZZYIIIIII']
clique 260 ['IIIIIIIIXZZZZZZZXIII', 'IIIXZZZXIIIIIIIIIIII']
clique 261 ['IIIIIIIIYZZZZZZZYIII', 'IIIYZZZYIIIIIIIIIIII']
clique 262 ['IIIIIIIIYZZZZZZZXIII', 'IIIYZZZXIIIIIIIIIIII']
clique 263 ['IIIIIIIIXZZZZZZZYIII', 'IIIXZZZYIIIIIIIIIIII']
clique 264 ['IIIIIIIIIIIIXZZZXIII', 'IIIXZZZZZZZXIIIIIIII']
clique 265 ['IIIIIIIIIIIIYZZZYIII', 'IIIYZZZZZZZYIIIIIIII']
clique 266 ['IIIIIIIIIIIIYZZZXIII', 'IIIYZZZZZZZXIIIIIIII']
clique 267 ['IIIIIIIIIIIIXZZZYIII', 'IIIXZZZZZZZYIIIIIIII']
clique 268 ['IIIIIIIXZZZZZZXIIIII', 'IIIIIXXIIIIIIIIIIIII']
clique 269 ['IIIIIIIYZZZZZZYIIIII', 'IIIIIYYIIIIIIIIIIIII']
clique 270 ['IIIIIIIYZZZZZZXIIIII', 'IIIIIYXIIIIIIIIIIIII']
clique 271 ['IIIIIIIXZZZZZZYIIIII', 'IIIIIXYIIIIIIIIIIIII']
clique 272 ['IIIIIIIIIIIIIXXIIIII', 'IIIIIXZZZZZZXIIIIIII']
clique 273 ['IIIIIIIIIIIIIYYIIIII', 'IIIIIYZZZZZZYIIIIIII']
clique 274 ['IIIIIIIIIIIIIYXIIIII', 'IIIIIYZZZZZZXIIIIIII']
clique 275 ['IIIIIIIIIIIIIXYIIIII', 'IIIIIXZZZZZZYIIIIIII']
clique 276 ['IIIIIIIIXZZZZZZXIIII', 'IIIIXZZXIIIIIIIIIIII']
clique 277 ['IIIIIIIIYZZZZZZYIIII', 'IIIIYZZYIIIIIIIIIIII']
clique 278 ['IIIIIIIIYZZZZZZXIIII', 'IIIIYZZXIIIIIIIIIIII']
clique 279 ['IIIIIIIIXZZZZZZYIIII', 'IIIIXZZYIIIIIIIIIIII']
clique 280 ['IIIIIIIIIIIIXZZXIIII', 'IIIIXZZZZZZXIIIIIIII']
clique 281 ['IIIIIIIIIIIIYZZYIIII', 'IIIIYZZZZZZYIIIIIIII']
clique 282 ['IIIIIIIIIIIIYZZXIIII', 'IIIIYZZZZZZXIIIIIIII']
clique 283 ['IIIIIIIIIIIIXZZYIIII', 'IIIIXZZZZZZYIIIIIIII']
clique 284 ['IIIIIIIIIXZZZZZZZZZX', 'XZZZZZZZXIIIIIIIIIII']
clique 285 ['IIIIIIIIIYZZZZZZZZZY', 'YZZZZZZZYIIIIIIIIIII']
clique 286 ['IIIIIIIIIYZZZZZZZZZX', 'YZZZZZZZXIIIIIIIIIII']
clique 287 ['IIIIIIIIIXZZZZZZZZZY', 'XZZZZZZZYIIIIIIIIIII']
clique 288 ['IIIIIIIIIIIXZZZZZZZX', 'XZZZZZZZZZXIIIIIIIII']
clique 289 ['IIIIIIIIIIIYZZZZZZZY', 'YZZZZZZZZZYIIIIIIIII']
clique 290 ['IIIIIIIIIIIYZZZZZZZX', 'YZZZZZZZZZXIIIIIIIII']
clique 291 ['IIIIIIIIIIIXZZZZZZZY', 'XZZZZZZZZZYIIIIIIIII']
clique 292 ['IIIIIIIIIXZZZZZZZZXI', 'IXZZZZZZXIIIIIIIIIII']
clique 293 ['IIIIIIIIIYZZZZZZZZYI', 'IYZZZZZZYIIIIIIIIIII']
clique 294 ['IIIIIIIIIYZZZZZZZZXI', 'IYZZZZZZXIIIIIIIIIII']
clique 295 ['IIIIIIIIIXZZZZZZZZYI', 'IXZZZZZZYIIIIIIIIIII']
clique 296 ['IIIIIIIIIIIXZZZZZZXI', 'IXZZZZZZZZXIIIIIIIII']
clique 297 ['IIIIIIIIIIIYZZZZZZYI', 'IYZZZZZZZZYIIIIIIIII']
clique 298 ['IIIIIIIIIIIYZZZZZZXI', 'IYZZZZZZZZXIIIIIIIII']
clique 299 ['IIIIIIIIIIIXZZZZZZYI', 'IXZZZZZZZZYIIIIIIIII']
clique 300 ['IIIIIIIXZZZZZXIIIIII', 'IIIIIIZIIIIIIIIIIIII']
clique 301 ['IIIIIIIYZZZZZYIIIIII']
clique 302 ['IIIIIIIYZZZZZXIIIIII']
clique 303 ['IIIIIIIXZZZZZYIIIIII']
clique 304 ['IIIIIIIIIIIIIZIIIIII', 'IIIIIIXZZZZZXIIIIIII']
clique 305 ['IIIIIIYZZZZZYIIIIIII']
clique 306 ['IIIIIIYZZZZZXIIIIIII']
clique 307 ['IIIIIIXZZZZZYIIIIIII']
clique 308 ['IIIIIIIIIXZZZZZZZXII', 'IIXZZZZZXIIIIIIIIIII']
clique 309 ['IIIIIIIIIYZZZZZZZYII', 'IIYZZZZZYIIIIIIIIIII']
clique 310 ['IIIIIIIIIYZZZZZZZXII', 'IIYZZZZZXIIIIIIIIIII']
clique 311 ['IIIIIIIIIXZZZZZZZYII', 'IIXZZZZZYIIIIIIIIIII']
clique 312 ['IIIIIIIIIIIXZZZZZXII', 'IIXZZZZZZZXIIIIIIIII']
clique 313 ['IIIIIIIIIIIYZZZZZYII', 'IIYZZZZZZZYIIIIIIIII']
clique 314 ['IIIIIIIIIIIYZZZZZXII', 'IIYZZZZZZZXIIIIIIIII']
clique 315 ['IIIIIIIIIIIXZZZZZYII', 'IIXZZZZZZZYIIIIIIIII']
clique 316 ['IIIIIIIIXZZZZZXIIIII', 'IIIIIXZXIIIIIIIIIIII']
clique 317 ['IIIIIIIIYZZZZZYIIIII', 'IIIIIYZYIIIIIIIIIIII']
clique 318 ['IIIIIIIIYZZZZZXIIIII', 'IIIIIYZXIIIIIIIIIIII']
clique 319 ['IIIIIIIIXZZZZZYIIIII', 'IIIIIXZYIIIIIIIIIIII']
clique 320 ['IIIIIIIIIIIIXZXIIIII', 'IIIIIXZZZZZXIIIIIIII']
clique 321 ['IIIIIIIIIIIIYZYIIIII', 'IIIIIYZZZZZYIIIIIIII']
clique 322 ['IIIIIIIIIIIIYZXIIIII', 'IIIIIYZZZZZXIIIIIIII']
clique 323 ['IIIIIIIIIIIIXZYIIIII', 'IIIIIXZZZZZYIIIIIIII']
clique 324 ['IIIIIIIIIXZZZZZZXIII', 'IIIXZZZZXIIIIIIIIIII']
clique 325 ['IIIIIIIIIYZZZZZZYIII', 'IIIYZZZZYIIIIIIIIIII']
clique 326 ['IIIIIIIIIYZZZZZZXIII', 'IIIYZZZZXIIIIIIIIIII']
clique 327 ['IIIIIIIIIXZZZZZZYIII', 'IIIXZZZZYIIIIIIIIIII']
clique 328 ['IIIIIIIIIIIXZZZZXIII', 'IIIXZZZZZZXIIIIIIIII']
clique 329 ['IIIIIIIIIIIYZZZZYIII', 'IIIYZZZZZZYIIIIIIIII']
clique 330 ['IIIIIIIIIIIYZZZZXIII', 'IIIYZZZZZZXIIIIIIIII']
clique 331 ['IIIIIIIIIIIXZZZZYIII', 'IIIXZZZZZZYIIIIIIIII']
clique 332 ['IIIIIIIIIXZZZZZXIIII', 'IIIIXZZZXIIIIIIIIIII']
clique 333 ['IIIIIIIIIYZZZZZYIIII', 'IIIIYZZZYIIIIIIIIIII']
clique 334 ['IIIIIIIIIYZZZZZXIIII', 'IIIIYZZZXIIIIIIIIIII']
clique 335 ['IIIIIIIIIXZZZZZYIIII', 'IIIIXZZZYIIIIIIIIIII']
clique 336 ['IIIIIIIIIIIXZZZXIIII', 'IIIIXZZZZZXIIIIIIIII']
clique 337 ['IIIIIIIIIIIYZZZYIIII', 'IIIIYZZZZZYIIIIIIIII']
clique 338 ['IIIIIIIIIIIYZZZXIIII', 'IIIIYZZZZZXIIIIIIIII']
clique 339 ['IIIIIIIIIIIXZZZYIIII', 'IIIIXZZZZZYIIIIIIIII']
clique 340 ['IIIIIIIXZZZZXIIIIIII']
clique 341 ['IIIIIIIYZZZZYIIIIIII']
clique 342 ['IIIIIIIYZZZZXIIIIIII']
clique 343 ['IIIIIIIXZZZZYIIIIIII']
clique 344 ['IIIIIIIIXZZZZXIIIIII', 'IIIIIIXXIIIIIIIIIIII']
clique 345 ['IIIIIIIIYZZZZYIIIIII', 'IIIIIIYYIIIIIIIIIIII']
clique 346 ['IIIIIIIIYZZZZXIIIIII', 'IIIIIIYXIIIIIIIIIIII']
clique 347 ['IIIIIIIIXZZZZYIIIIII', 'IIIIIIXYIIIIIIIIIIII']
clique 348 ['IIIIIIIIIIIIXXIIIIII', 'IIIIIIXZZZZXIIIIIIII']
clique 349 ['IIIIIIIIIIIIYYIIIIII', 'IIIIIIYZZZZYIIIIIIII']
clique 350 ['IIIIIIIIIIIIYXIIIIII', 'IIIIIIYZZZZXIIIIIIII']
clique 351 ['IIIIIIIIIIIIXYIIIIII', 'IIIIIIXZZZZYIIIIIIII']
clique 352 ['IIIIIIIIIIXZZZZZZZZX', 'XZZZZZZZZXIIIIIIIIII']
clique 353 ['IIIIIIIIIIYZZZZZZZZY', 'YZZZZZZZZYIIIIIIIIII']
clique 354 ['IIIIIIIIIIYZZZZZZZZX', 'YZZZZZZZZXIIIIIIIIII']
clique 355 ['IIIIIIIIIIXZZZZZZZZY', 'XZZZZZZZZYIIIIIIIIII']
clique 356 ['IIIIIIIIIIXZZZZZZZXI', 'IXZZZZZZZXIIIIIIIIII']
clique 357 ['IIIIIIIIIIYZZZZZZZYI', 'IYZZZZZZZYIIIIIIIIII']
clique 358 ['IIIIIIIIIIYZZZZZZZXI', 'IYZZZZZZZXIIIIIIIIII']
clique 359 ['IIIIIIIIIIXZZZZZZZYI', 'IXZZZZZZZYIIIIIIIIII']
clique 360 ['IIIIIIIIIIXZZZZZZXII', 'IIXZZZZZZXIIIIIIIIII']
clique 361 ['IIIIIIIIIIYZZZZZZYII', 'IIYZZZZZZYIIIIIIIIII']
clique 362 ['IIIIIIIIIIYZZZZZZXII', 'IIYZZZZZZXIIIIIIIIII']
clique 363 ['IIIIIIIIIIXZZZZZZYII', 'IIXZZZZZZYIIIIIIIIII']
clique 364 ['IIIIIIIIIXZZZZXIIIII', 'IIIIIXZZXIIIIIIIIIII']
clique 365 ['IIIIIIIIIYZZZZYIIIII', 'IIIIIYZZYIIIIIIIIIII']
clique 366 ['IIIIIIIIIYZZZZXIIIII', 'IIIIIYZZXIIIIIIIIIII']
clique 367 ['IIIIIIIIIXZZZZYIIIII', 'IIIIIXZZYIIIIIIIIIII']
clique 368 ['IIIIIIIIIIIXZZXIIIII', 'IIIIIXZZZZXIIIIIIIII']
clique 369 ['IIIIIIIIIIIYZZYIIIII', 'IIIIIYZZZZYIIIIIIIII']
clique 370 ['IIIIIIIIIIIYZZXIIIII', 'IIIIIYZZZZXIIIIIIIII']
clique 371 ['IIIIIIIIIIIXZZYIIIII', 'IIIIIXZZZZYIIIIIIIII']
clique 372 ['IIIIIIIIIIXZZZZZXIII', 'IIIXZZZZZXIIIIIIIIII']
clique 373 ['IIIIIIIIIIYZZZZZYIII', 'IIIYZZZZZYIIIIIIIIII']
clique 374 ['IIIIIIIIIIYZZZZZXIII', 'IIIYZZZZZXIIIIIIIIII']
clique 375 ['IIIIIIIIIIXZZZZZYIII', 'IIIXZZZZZYIIIIIIIIII']
clique 376 ['IIIIIIIIXZZZXIIIIIII', 'IIIIIIIZIIIIIIIIIIII']
clique 377 ['IIIIIIIIYZZZYIIIIIII']
clique 378 ['IIIIIIIIYZZZXIIIIIII']
clique 379 ['IIIIIIIIXZZZYIIIIIII']
clique 380 ['IIIIIIIIIIIIZIIIIIII', 'IIIIIIIXZZZXIIIIIIII']
clique 381 ['IIIIIIIYZZZYIIIIIIII']
clique 382 ['IIIIIIIYZZZXIIIIIIII']
clique 383 ['IIIIIIIXZZZYIIIIIIII']
clique 384 ['IIIIIIIIIIXZZZZXIIII', 'IIIIXZZZZXIIIIIIIIII']
clique 385 ['IIIIIIIIIIYZZZZYIIII', 'IIIIYZZZZYIIIIIIIIII']
clique 386 ['IIIIIIIIIIYZZZZXIIII', 'IIIIYZZZZXIIIIIIIIII']
clique 387 ['IIIIIIIIIIXZZZZYIIII', 'IIIIXZZZZYIIIIIIIIII']
clique 388 ['IIIIIIIIIXZZZXIIIIII', 'IIIIIIXZXIIIIIIIIIII']
clique 389 ['IIIIIIIIIYZZZYIIIIII', 'IIIIIIYZYIIIIIIIIIII']
clique 390 ['IIIIIIIIIYZZZXIIIIII', 'IIIIIIYZXIIIIIIIIIII']
clique 391 ['IIIIIIIIIXZZZYIIIIII', 'IIIIIIXZYIIIIIIIIIII']
clique 392 ['IIIIIIIIIIIXZXIIIIII', 'IIIIIIXZZZXIIIIIIIII']
clique 393 ['IIIIIIIIIIIYZYIIIIII', 'IIIIIIYZZZYIIIIIIIII']
clique 394 ['IIIIIIIIIIIYZXIIIIII', 'IIIIIIYZZZXIIIIIIIII']
clique 395 ['IIIIIIIIIIIXZYIIIIII', 'IIIIIIXZZZYIIIIIIIII']
clique 396 ['IIIIIIIIIIXZZZXIIIII', 'IIIIIXZZZXIIIIIIIIII']
clique 397 ['IIIIIIIIIIYZZZYIIIII', 'IIIIIYZZZYIIIIIIIIII']
clique 398 ['IIIIIIIIIIYZZZXIIIII', 'IIIIIYZZZXIIIIIIIIII']
clique 399 ['IIIIIIIIIIXZZZYIIIII', 'IIIIIXZZZYIIIIIIIIII']
clique 400 ['IIIIIIIIXZZXIIIIIIII']
clique 401 ['IIIIIIIIYZZYIIIIIIII']
clique 402 ['IIIIIIIIYZZXIIIIIIII']
clique 403 ['IIIIIIIIXZZYIIIIIIII']
clique 404 ['IIIIIIIIIXZZXIIIIIII', 'IIIIIIIXXIIIIIIIIIII']
clique 405 ['IIIIIIIIIYZZYIIIIIII', 'IIIIIIIYYIIIIIIIIIII']
clique 406 ['IIIIIIIIIYZZXIIIIIII', 'IIIIIIIYXIIIIIIIIIII']
clique 407 ['IIIIIIIIIXZZYIIIIIII', 'IIIIIIIXYIIIIIIIIIII']
clique 408 ['IIIIIIIIIIIXXIIIIIII', 'IIIIIIIXZZXIIIIIIIII']
clique 409 ['IIIIIIIIIIIYYIIIIIII', 'IIIIIIIYZZYIIIIIIIII']
clique 410 ['IIIIIIIIIIIYXIIIIIII', 'IIIIIIIYZZXIIIIIIIII']
clique 411 ['IIIIIIIIIIIXYIIIIIII', 'IIIIIIIXZZYIIIIIIIII']
clique 412 ['IIIIIIIIIIXZZXIIIIII', 'IIIIIIXZZXIIIIIIIIII']
clique 413 ['IIIIIIIIIIYZZYIIIIII', 'IIIIIIYZZYIIIIIIIIII']
clique 414 ['IIIIIIIIIIYZZXIIIIII', 'IIIIIIYZZXIIIIIIIIII']
clique 415 ['IIIIIIIIIIXZZYIIIIII', 'IIIIIIXZZYIIIIIIIIII']
clique 416 ['IIIIIIIIIXZXIIIIIIII', 'IIIIIIIIZIIIIIIIIIII']
clique 417 ['IIIIIIIIIYZYIIIIIIII']
clique 418 ['IIIIIIIIIYZXIIIIIIII']
clique 419 ['IIIIIIIIIXZYIIIIIIII']
clique 420 ['IIIIIIIIIIIZIIIIIIII', 'IIIIIIIIXZXIIIIIIIII']
clique 421 ['IIIIIIIIYZYIIIIIIIII']
clique 422 ['IIIIIIIIYZXIIIIIIIII']
clique 423 ['IIIIIIIIXZYIIIIIIIII']
clique 424 ['IIIIIIIIIIXZXIIIIIII', 'IIIIIIIXZXIIIIIIIIII']
clique 425 ['IIIIIIIIIIYZYIIIIIII', 'IIIIIIIYZYIIIIIIIIII']
clique 426 ['IIIIIIIIIIYZXIIIIIII', 'IIIIIIIYZXIIIIIIIIII']
clique 427 ['IIIIIIIIIIXZYIIIIIII', 'IIIIIIIXZYIIIIIIIIII']
clique 428 ['IIIIIIIIIXXIIIIIIIII']
clique 429 ['IIIIIIIIIYYIIIIIIIII']
clique 430 ['IIIIIIIIIYXIIIIIIIII']
clique 431 ['IIIIIIIIIXYIIIIIIIII']
clique 432 ['IIIIIIIIIIXXIIIIIIII', 'IIIIIIIIXXIIIIIIIIII']
clique 433 ['IIIIIIIIIIYYIIIIIIII', 'IIIIIIIIYYIIIIIIIIII']
clique 434 ['IIIIIIIIIIYXIIIIIIII', 'IIIIIIIIYXIIIIIIIIII']
clique 435 ['IIIIIIIIIIXYIIIIIIII', 'IIIIIIIIXYIIIIIIIIII']
clique 436 ['IIIIIIIIIIZIIIIIIIII', 'IIIIIIIIIZIIIIIIIIII']
