GS energy with  DMRG -16.203317233533433
N= 10.999999999995774
E= -16.203317233533433
D= [[ 3.96610530e-01+0.j  1.26093651e-02+0.j  4.08500877e-01+0.j
   2.26528993e-08+0.j  8.31869495e-02+0.j -1.01454869e-02+0.j
  -1.47178164e-01+0.j -2.88883253e-08+0.j -7.60370616e-02+0.j
   9.27350358e-03+0.j  7.99660394e-02+0.j -1.79368570e-07+0.j
   7.15434089e-02+0.j -8.72636429e-03+0.j -4.46158525e-02+0.j
  -4.40408342e-07+0.j -6.80632991e-02+0.j  8.30225281e-03+0.j
   2.01735695e-02+0.j  4.72077706e-06+0.j  6.46864343e-02+0.j
  -7.88526550e-03+0.j]
 [ 1.26093651e-02+0.j  6.03389508e-01+0.j  2.26172666e-08+0.j
   4.08500909e-01+0.j -1.01454791e-02+0.j -8.31869889e-02+0.j
  -3.82113974e-08+0.j -1.47178196e-01+0.j  9.27349825e-03+0.j
   7.60370683e-02+0.j  3.44614283e-08+0.j  7.99663184e-02+0.j
  -8.72548031e-03+0.j -7.15445591e-02+0.j  1.94009515e-08+0.j
  -4.46172994e-02+0.j  8.30122755e-03+0.j  6.80629031e-02+0.j
  -4.07337234e-09+0.j  2.01691577e-02+0.j -7.88879783e-03+0.j
  -6.46863723e-02+0.j]
 [ 4.08500877e-01+0.j  2.26172666e-08+0.j  5.19808741e-01+0.j
  -2.41588819e-03+0.j  2.57213410e-01+0.j -8.02110495e-09+0.j
  -6.44195299e-03+0.j  7.85669691e-04+0.j -6.58087645e-02+0.j
   4.24117477e-09+0.j  3.32433889e-03+0.j -4.05112047e-04+0.j
   3.49479595e-02+0.j  6.72232123e-07+0.j -1.77126857e-03+0.j
   2.16906339e-04+0.j -2.44255235e-02+0.j -2.47994503e-06+0.j
   7.92650950e-04+0.j -1.00778905e-04+0.j  2.01692777e-02+0.j
  -4.75682528e-06+0.j]
 [ 2.26528993e-08+0.j  4.08500909e-01+0.j -2.41588819e-03+0.j
   4.80191279e-01+0.j -1.17156336e-08+0.j  2.57213406e-01+0.j
   7.85672031e-04+0.j  6.44192341e-03+0.j  8.03988648e-09+0.j
  -6.58088012e-02+0.j -4.05439364e-04+0.j -3.32401139e-03+0.j
  -3.80772604e-08+0.j  3.49478462e-02+0.j  2.16066919e-04+0.j
   1.77196608e-03+0.j  2.70736292e-07+0.j -2.44210200e-02+0.j
  -9.67240649e-05+0.j -7.92744941e-04+0.j  1.00431352e-08+0.j
   2.01737425e-02+0.j]
 [ 8.31869495e-02+0.j -1.01454791e-02+0.j  2.57213410e-01+0.j
  -1.17156336e-08+0.j  3.99217939e-01+0.j  1.22913835e-02+0.j
   3.43747291e-01+0.j  2.36673400e-08+0.j  8.22555222e-02+0.j
  -1.00319190e-02+0.j -1.13490990e-01+0.j -2.31705867e-07+0.j
  -7.58990063e-02+0.j  9.25613330e-03+0.j  5.63040144e-02+0.j
   2.49863523e-07+0.j  7.17197022e-02+0.j -8.74629970e-03+0.j
  -2.44211075e-02+0.j  2.52987549e-06+0.j -6.80631630e-02+0.j
   8.30233063e-03+0.j]
 [-1.01454869e-02+0.j -8.31869889e-02+0.j -8.02110496e-09+0.j
   2.57213406e-01+0.j  1.22913835e-02+0.j  6.00782084e-01+0.j
   2.81172418e-08+0.j  3.43747252e-01+0.j -1.00319025e-02+0.j
  -8.22555706e-02+0.j -1.72533233e-08+0.j -1.13490603e-01+0.j
   9.25663173e-03+0.j  7.58986822e-02+0.j -5.46005921e-08+0.j
   5.63027834e-02+0.j -8.74693133e-03+0.j -7.17195886e-02+0.j
  -2.80885489e-07+0.j -2.44257277e-02+0.j  8.30130903e-03+0.j
   6.80637431e-02+0.j]
 [-1.47178164e-01+0.j -3.82113974e-08+0.j -6.44195299e-03+0.j
   7.85672031e-04+0.j  3.43747291e-01+0.j  2.81172418e-08+0.j
   5.24144452e-01+0.j -2.94468727e-03+0.j  2.94084507e-01+0.j
   4.03371295e-09+0.j -8.55615511e-03+0.j  1.04362945e-03+0.j
  -9.15826931e-02+0.j -2.35072345e-08+0.j  4.21876356e-03+0.j
  -5.14549547e-04+0.j  5.63028771e-02+0.j -2.82036203e-07+0.j
  -1.77179696e-03+0.j  2.16861601e-04+0.j -4.46175020e-02+0.j
   4.21534428e-07+0.j]
 [-2.88883253e-08+0.j -1.47178196e-01+0.j  7.85669691e-04+0.j
   6.44192341e-03+0.j  2.36673400e-08+0.j  3.43747252e-01+0.j
  -2.94468727e-03+0.j  4.75855565e-01+0.j  3.02477004e-09+0.j
   2.94084420e-01+0.j  1.04351615e-03+0.j  8.55615237e-03+0.j
   6.86778943e-09+0.j -9.15825913e-02+0.j -5.14468259e-04+0.j
  -4.21880946e-03+0.j  7.98625975e-08+0.j  5.63041653e-02+0.j
   2.16017079e-04+0.j  1.77093734e-03+0.j -2.51180646e-08+0.j
  -4.46159346e-02+0.j]
 [-7.60370616e-02+0.j  9.27349825e-03+0.j -6.58087645e-02+0.j
   8.03988650e-09+0.j  8.22555222e-02+0.j -1.00319025e-02+0.j
   2.94084507e-01+0.j  3.02477008e-09+0.j  3.99390849e-01+0.j
   1.22703095e-02+0.j  3.17328394e-01+0.j  1.70086695e-08+0.j
   8.21236831e-02+0.j -1.00157486e-02+0.j -9.15826063e-02+0.j
   4.95450542e-08+0.j -7.58986996e-02+0.j  9.25614267e-03+0.j
   3.49481619e-02+0.j -6.63790243e-07+0.j  7.15445610e-02+0.j
  -8.72638132e-03+0.j]
 [ 9.27350358e-03+0.j  7.60370683e-02+0.j  4.24117482e-09+0.j
  -6.58088012e-02+0.j -1.00319190e-02+0.j -8.22555706e-02+0.j
   4.03371299e-09+0.j  2.94084420e-01+0.j  1.22703095e-02+0.j
   6.00609154e-01+0.j  1.84517625e-08+0.j  3.17328364e-01+0.j
  -1.00158392e-02+0.j -8.21236806e-02+0.j -2.01045357e-08+0.j
  -9.15828085e-02+0.j  9.25665018e-03+0.j  7.58990685e-02+0.j
   3.40595255e-08+0.j  3.49480791e-02+0.j -8.72546742e-03+0.j
  -7.15433380e-02+0.j]
 [ 7.99660394e-02+0.j  3.44614282e-08+0.j  3.32433889e-03+0.j
  -4.05439364e-04+0.j -1.13490990e-01+0.j -1.72533233e-08+0.j
  -8.55615511e-03+0.j  1.04351615e-03+0.j  3.17328394e-01+0.j
   1.84517625e-08+0.j  5.25332643e-01+0.j -3.08961251e-03+0.j
   3.17328377e-01+0.j -3.63622579e-08+0.j -8.55616846e-03+0.j
   1.04363135e-03+0.j -1.13490774e-01+0.j  2.57896950e-07+0.j
   3.32390179e-03+0.j -4.05052973e-04+0.j  7.99661051e-02+0.j
   2.02030948e-07+0.j]
 [-1.79368570e-07+0.j  7.99663184e-02+0.j -4.05112047e-04+0.j
  -3.32401139e-03+0.j -2.31705867e-07+0.j -1.13490603e-01+0.j
   1.04362945e-03+0.j  8.55615237e-03+0.j  1.70086695e-08+0.j
   3.17328364e-01+0.j -3.08961251e-03+0.j  4.74667365e-01+0.j
  -2.95420539e-09+0.j  3.17328415e-01+0.j  1.04352245e-03+0.j
   8.55617200e-03+0.j  1.24285952e-09+0.j -1.13491103e-01+0.j
  -4.05432207e-04+0.j -3.32426907e-03+0.j -2.00892414e-08+0.j
   7.99659142e-02+0.j]
 [ 7.15434089e-02+0.j -8.72548031e-03+0.j  3.49479595e-02+0.j
  -3.80772604e-08+0.j -7.58990063e-02+0.j  9.25663173e-03+0.j
  -9.15826931e-02+0.j  6.86778935e-09+0.j  8.21236831e-02+0.j
  -1.00158392e-02+0.j  3.17328377e-01+0.j -2.95420533e-09+0.j
   3.99390853e-01+0.j  1.22703204e-02+0.j  2.94084463e-01+0.j
  -1.44027715e-08+0.j  8.22556029e-02+0.j -1.00319494e-02+0.j
  -6.58087771e-02+0.j -2.42376699e-08+0.j -7.60369684e-02+0.j
   9.27347879e-03+0.j]
 [-8.72636429e-03+0.j -7.15445591e-02+0.j  6.72232123e-07+0.j
   3.49478462e-02+0.j  9.25613330e-03+0.j  7.58986822e-02+0.j
  -2.35072345e-08+0.j -9.15825913e-02+0.j -1.00157486e-02+0.j
  -8.21236806e-02+0.j -3.63622580e-08+0.j  3.17328415e-01+0.j
   1.22703204e-02+0.j  6.00609133e-01+0.j  1.19269731e-08+0.j
   2.94084547e-01+0.j -1.00319263e-02+0.j -8.22555442e-02+0.j
  -8.81102312e-09+0.j -6.58087600e-02+0.j  9.27350161e-03+0.j
   7.60369961e-02+0.j]
 [-4.46158525e-02+0.j  1.94009516e-08+0.j -1.77126857e-03+0.j
   2.16066919e-04+0.j  5.63040144e-02+0.j -5.46005921e-08+0.j
   4.21876356e-03+0.j -5.14468259e-04+0.j -9.15826063e-02+0.j
  -2.01045357e-08+0.j -8.55616846e-03+0.j  1.04352245e-03+0.j
   2.94084463e-01+0.j  1.19269731e-08+0.j  5.24144448e-01+0.j
  -2.94469752e-03+0.j  3.43747263e-01+0.j -3.93576003e-08+0.j
  -6.44193040e-03+0.j  7.85678621e-04+0.j -1.47178137e-01+0.j
   5.04819102e-08+0.j]
 [-4.40408342e-07+0.j -4.46172994e-02+0.j  2.16906339e-04+0.j
   1.77196608e-03+0.j  2.49863523e-07+0.j  5.63027834e-02+0.j
  -5.14549547e-04+0.j -4.21880946e-03+0.j  4.95450542e-08+0.j
  -9.15828085e-02+0.j  1.04363135e-03+0.j  8.55617200e-03+0.j
  -1.44027715e-08+0.j  2.94084547e-01+0.j -2.94469752e-03+0.j
   4.75855542e-01+0.j -1.47710860e-08+0.j  3.43747287e-01+0.j
   7.85676464e-04+0.j  6.44193805e-03+0.j  1.94508046e-08+0.j
  -1.47178123e-01+0.j]
 [-6.80632991e-02+0.j  8.30122755e-03+0.j -2.44255235e-02+0.j
   2.70736292e-07+0.j  7.17197022e-02+0.j -8.74693133e-03+0.j
   5.63028771e-02+0.j  7.98625975e-08+0.j -7.58986996e-02+0.j
   9.25665018e-03+0.j -1.13490774e-01+0.j  1.24285945e-09+0.j
   8.22556029e-02+0.j -1.00319263e-02+0.j  3.43747263e-01+0.j
  -1.47710860e-08+0.j  3.99217904e-01+0.j  1.22914202e-02+0.j
   2.57213379e-01+0.j  7.57340698e-09+0.j  8.31869822e-02+0.j
  -1.01455145e-02+0.j]
 [ 8.30225281e-03+0.j  6.80629031e-02+0.j -2.47994503e-06+0.j
  -2.44210200e-02+0.j -8.74629970e-03+0.j -7.17195886e-02+0.j
  -2.82036203e-07+0.j  5.63041653e-02+0.j  9.25614267e-03+0.j
   7.58990685e-02+0.j  2.57896950e-07+0.j -1.13491103e-01+0.j
  -1.00319494e-02+0.j -8.22555442e-02+0.j -3.93576004e-08+0.j
   3.43747287e-01+0.j  1.22914202e-02+0.j  6.00782073e-01+0.j
   1.73984995e-08+0.j  2.57213403e-01+0.j -1.01455057e-02+0.j
  -8.31869419e-02+0.j]
 [ 2.01735695e-02+0.j -4.07337235e-09+0.j  7.92650950e-04+0.j
  -9.67240649e-05+0.j -2.44211075e-02+0.j -2.80885489e-07+0.j
  -1.77179696e-03+0.j  2.16017079e-04+0.j  3.49481619e-02+0.j
   3.40595255e-08+0.j  3.32390179e-03+0.j -4.05432207e-04+0.j
  -6.58087771e-02+0.j -8.81102313e-09+0.j -6.44193040e-03+0.j
   7.85676464e-04+0.j  2.57213379e-01+0.j  1.73984995e-08+0.j
   5.19808710e-01+0.j -2.41589510e-03+0.j  4.08500908e-01+0.j
  -3.55542015e-08+0.j]
 [ 4.72077706e-06+0.j  2.01691577e-02+0.j -1.00778905e-04+0.j
  -7.92744941e-04+0.j  2.52987549e-06+0.j -2.44257277e-02+0.j
   2.16861601e-04+0.j  1.77093734e-03+0.j -6.63790243e-07+0.j
   3.49480791e-02+0.j -4.05052973e-04+0.j -3.32426907e-03+0.j
  -2.42376699e-08+0.j -6.58087600e-02+0.j  7.85678621e-04+0.j
   6.44193805e-03+0.j  7.57340699e-09+0.j  2.57213403e-01+0.j
  -2.41589510e-03+0.j  4.80191292e-01+0.j -1.20510991e-08+0.j
   4.08500865e-01+0.j]
 [ 6.46864343e-02+0.j -7.88879783e-03+0.j  2.01692777e-02+0.j
   1.00431352e-08+0.j -6.80631630e-02+0.j  8.30130903e-03+0.j
  -4.46175020e-02+0.j -2.51180646e-08+0.j  7.15445610e-02+0.j
  -8.72546742e-03+0.j  7.99661051e-02+0.j -2.00892414e-08+0.j
  -7.60369684e-02+0.j  9.27350161e-03+0.j -1.47178137e-01+0.j
   1.94508046e-08+0.j  8.31869822e-02+0.j -1.01455057e-02+0.j
   4.08500908e-01+0.j -1.20510991e-08+0.j  3.96610507e-01+0.j
   1.26094004e-02+0.j]
 [-7.88526550e-03+0.j -6.46863723e-02+0.j -4.75682528e-06+0.j
   2.01737425e-02+0.j  8.30233063e-03+0.j  6.80637431e-02+0.j
   4.21534428e-07+0.j -4.46159346e-02+0.j -8.72638132e-03+0.j
  -7.15433380e-02+0.j  2.02030948e-07+0.j  7.99659142e-02+0.j
   9.27347879e-03+0.j  7.60369961e-02+0.j  5.04819102e-08+0.j
  -1.47178123e-01+0.j -1.01455145e-02+0.j -8.31869419e-02+0.j
  -3.55542015e-08+0.j  4.08500865e-01+0.j  1.26094004e-02+0.j
   6.03389428e-01+0.j]]
W= [0.18657243+0.j 0.21094087+0.j 0.20553649+0.j 0.21388705+0.j
 0.20770577+0.j 0.21439314+0.j 0.20770575+0.j 0.21388702+0.j
 0.20553647+0.j 0.21094087+0.j 0.18657239+0.j]
local approximation with  1 sites
local interactions on sites [[0], [1], [2], [3], [4], [5], [6], [7], [8], [9], [10]]
Functional for interaction on sites [0]
aca-directory for images already exists
aca-directory for images already exists
aca-directory for images already exists
interacting orbitals: [0, 1]
mapping: [0, 1, 2, 3, 4, 5, 6, 7, 8, 9, 10, 11, 12, 13, 14, 15, 16, 17, 18, 19, 20, 21]
aca-directory for images already exists
aca-directory for images already exists
aca-directory for images already exists
orbinteractaca= [0, 1]
aca-directory for images already exists
aca-directory for images already exists
aca-directory for images already exists
aca-directory for images already exists
aca-directory for images already exists
aca-directory for images already exists
aca-directory for images already exists
aca-directory for images already exists
aca-directory for images already exists
aca-directory for images already exists
aca-directory for images already exists
aca-directory for images already exists
aca-directory for images already exists
aca-directory for images already exists
aca-directory for images already exists
aca-directory for images already exists
aca-directory for images already exists
aca-directory for images already exists
aca-directory for images already exists
aca-directory for images already exists
aca-directory for images already exists
aca-directory for images already exists
aca-directory for images already exists
aca-directory for images already exists
aca-directory for images already exists
aca-directory for images already exists
aca-directory for images already exists
aca-directory for images already exists
aca-directory for images already exists
aca-directory for images already exists
aca-directory for images already exists
aca-directory for images already exists
aca-directory for images already exists
aca-directory for images already exists
aca-directory for images already exists
aca-directory for images already exists
aca-directory for images already exists
aca-directory for images already exists
aca-directory for images already exists
aca-directory for images already exists
aca-directory for images already exists
aca-directory for images already exists
aca-directory for images already exists
aca-directory for images already exists
aca-directory for images already exists
aca-directory for images already exists
aca-directory for images already exists
aca-directory for images already exists
aca-directory for images already exists
aca-directory for images already exists
aca-directory for images already exists
aca-directory for images already exists
aca-directory for images already exists
aca-directory for images already exists
aca-directory for images already exists
aca-directory for images already exists
aca-directory for images already exists
aca-directory for images already exists
aca-directory for images already exists
aca-directory for images already exists
aca-directory for images already exists
aca-directory for images already exists
aca-directory for images already exists
aca: level 10  norb= 22
Daca= [[ 3.96610530e-01+0.j  1.26093651e-02+0.j -4.73666323e-01+0.j
   9.85318781e-19+0.j  4.97320826e-18+0.j  2.12208796e-18+0.j
   2.10149002e-17+0.j -3.41938701e-19+0.j -6.42593301e-19+0.j
  -3.30052607e-18+0.j  1.99862160e-17+0.j -1.05074650e-19+0.j
  -2.43532573e-17+0.j  9.78133956e-19+0.j  1.07477535e-17+0.j
  -2.63608821e-20+0.j  1.56397001e-17+0.j -1.98858013e-18+0.j
  -4.25902438e-18+0.j  1.25389896e-20+0.j -2.74476589e-17+0.j
   3.31486603e-19+0.j]
 [ 1.26093651e-02+0.j  6.03389508e-01+0.j -9.07833032e-08+0.j
  -4.73666497e-01+0.j -8.48862535e-19+0.j  3.44997695e-18+0.j
  -2.02838132e-20+0.j -2.65327415e-17+0.j  2.35316368e-18+0.j
   1.72702076e-18+0.j -2.93371053e-21+0.j  1.77017914e-17+0.j
   7.82839279e-19+0.j -2.63933835e-18+0.j  1.38419545e-21+0.j
  -4.38077909e-18+0.j  1.11044071e-18+0.j  2.08079192e-17+0.j
   1.26613131e-20+0.j -1.09254866e-18+0.j  2.70928042e-19+0.j
   1.10190511e-18+0.j]
 [-4.73666323e-01+0.j -9.07833032e-08+0.j  6.02233458e-01+0.j
  -1.24684420e-02+0.j  1.00928996e-02+0.j  4.75785564e-20+0.j
   1.03538009e-19+0.j -1.50195879e-20+0.j -6.16298471e-19+0.j
  -3.10345961e-21+0.j -5.17761959e-19+0.j  4.86976041e-20+0.j
  -1.66341082e-19+0.j -4.89089587e-22+0.j -4.31642877e-19+0.j
   5.18206062e-20+0.j  1.79856978e-21+0.j  7.08696710e-22+0.j
  -3.54624889e-19+0.j -1.61682269e-20+0.j -3.96060963e-21+0.j
  -3.08209432e-23+0.j]
 [-2.42445748e-17+0.j -4.73666497e-01+0.j -1.24684420e-02+0.j
   3.97766683e-01+0.j -2.99721779e-07+0.j  1.00926827e-02+0.j
  -3.49665402e-20+0.j -4.52363076e-19+0.j  3.32104017e-21+0.j
  -1.00564736e-18+0.j  2.79976104e-20+0.j  3.05787578e-19+0.j
  -1.42177994e-21+0.j  1.21130641e-19+0.j -8.34211241e-20+0.j
  -4.22480790e-19+0.j  6.16177575e-22+0.j  3.02898879e-20+0.j
   8.98644122e-20+0.j  8.18814129e-19+0.j -5.54807575e-23+0.j
   1.74414217e-21+0.j]
 [-1.79707968e-16+0.j -4.84292316e-18+0.j  1.00928996e-02+0.j
  -2.99721779e-07+0.j  5.15922254e-01+0.j -1.93804825e-03+0.j
   4.85997854e-01+0.j -6.22148912e-18+0.j  4.14405452e-18+0.j
  -8.40062040e-19+0.j -4.36284436e-17+0.j -8.02806272e-19+0.j
   2.04424066e-18+0.j  2.42058114e-18+0.j  2.05500416e-17+0.j
   9.64837813e-21+0.j  6.97668677e-17+0.j -1.70389746e-18+0.j
  -8.84371273e-18+0.j  2.82479332e-20+0.j  2.93659186e-17+0.j
   6.65231127e-19+0.j]
 [-4.44540194e-17+0.j  4.90871807e-16+0.j -1.92140407e-17+0.j
   1.00926827e-02+0.j -1.93804825e-03+0.j  4.84059954e-01+0.j
   1.31916866e-07+0.j  4.85996975e-01+0.j  1.01415862e-19+0.j
  -3.32619831e-18+0.j -3.05239533e-19+0.j  2.99102762e-17+0.j
  -5.87211206e-19+0.j  8.84043046e-18+0.j  2.78419232e-19+0.j
   1.27001108e-17+0.j -1.22283543e-18+0.j  4.79024735e-18+0.j
   4.60716739e-20+0.j  9.07132951e-18+0.j  3.54423095e-18+0.j
   9.86152857e-18+0.j]
 [ 7.54044144e-16+0.j  1.24594801e-17+0.j  3.07385302e-16+0.j
  -8.01344828e-19+0.j  4.85997854e-01+0.j  1.31916866e-07+0.j
   4.79740449e-01+0.j  2.46694418e-03+0.j  7.31218181e-03+0.j
   1.45626237e-20+0.j  8.15407454e-19+0.j  4.02633960e-22+0.j
  -8.06223965e-19+0.j  2.91540785e-21+0.j -6.74919008e-19+0.j
   1.57618191e-20+0.j  6.90476795e-20+0.j  4.89216548e-21+0.j
   1.75568449e-18+0.j -9.31830635e-20+0.j -3.98806933e-19+0.j
  -7.71435937e-22+0.j]
 [ 2.86819558e-17+0.j  1.60266226e-16+0.j  3.17024992e-17+0.j
  -8.11120891e-17+0.j -2.35687239e-17+0.j  4.85996975e-01+0.j
   2.46694418e-03+0.j  5.20277197e-01+0.j  2.91893451e-07+0.j
   7.31254423e-03+0.j -8.06720924e-20+0.j -1.71388144e-19+0.j
  -1.55344457e-20+0.j -3.32121930e-19+0.j  1.83382496e-21+0.j
   1.33638804e-20+0.j  5.95557614e-21+0.j  1.31807015e-19+0.j
  -9.58060070e-20+0.j -4.35566170e-19+0.j  2.19665363e-21+0.j
   1.03194333e-19+0.j]
 [ 1.67108735e-16+0.j -5.02211158e-17+0.j  4.37932619e-17+0.j
   6.92715140e-18+0.j  4.92468649e-17+0.j  1.60488948e-17+0.j
   7.31218181e-03+0.j  2.91893451e-07+0.j  4.47157102e-01+0.j
   6.43824726e-03+0.j -4.85539780e-01+0.j -1.18216637e-18+0.j
   1.17016022e-17+0.j  1.51603151e-18+0.j -4.15678122e-18+0.j
   6.41601605e-19+0.j -2.01722728e-18+0.j -4.29386255e-18+0.j
  -3.98865529e-18+0.j  2.17014895e-19+0.j  2.07120256e-17+0.j
   4.34112238e-18+0.j]
 [ 5.43750131e-17+0.j  3.24609982e-17+0.j -3.79308629e-17+0.j
  -5.97071645e-16+0.j -1.38504881e-17+0.j  2.77870842e-16+0.j
   2.16377528e-18+0.j  7.31254423e-03+0.j  6.43824726e-03+0.j
   5.52868740e-01+0.j  7.80524441e-07+0.j -4.85537025e-01+0.j
  -4.80340664e-19+0.j  2.23406166e-19+0.j  3.59601234e-19+0.j
  -3.97272864e-18+0.j -5.51977964e-18+0.j  8.11061821e-20+0.j
   1.17951985e-18+0.j  8.05940143e-18+0.j  1.53269715e-18+0.j
   9.26893245e-20+0.j]
 [-3.56178038e-16+0.j -4.40966941e-17+0.j  2.90542062e-17+0.j
   4.45251385e-17+0.j  2.47805100e-16+0.j -1.49655885e-17+0.j
  -3.67225208e-16+0.j -3.99996364e-18+0.j -4.85539780e-01+0.j
   7.80524441e-07+0.j  5.54590473e-01+0.j -6.65132262e-03+0.j
  -3.18726126e-03+0.j  2.23137917e-20+0.j  3.26221184e-19+0.j
   7.43626186e-21+0.j -1.82881509e-19+0.j -1.15142690e-21+0.j
   8.41760863e-20+0.j  3.35663404e-20+0.j -1.06783782e-20+0.j
  -1.83218181e-21+0.j]
 [ 2.35453301e-17+0.j -1.02491186e-16+0.j  6.93056561e-17+0.j
   2.45784608e-17+0.j -1.32641790e-16+0.j -1.91263881e-16+0.j
  -1.05352113e-16+0.j  3.33544377e-16+0.j  3.54988689e-17+0.j
  -4.85537025e-01+0.j -6.65132262e-03+0.j  4.45383598e-01+0.j
   4.05540432e-09+0.j -3.18724271e-03+0.j  2.97743366e-20+0.j
   4.68326771e-19+0.j  5.07978970e-21+0.j  3.69820049e-20+0.j
  -6.89467728e-21+0.j -5.93555772e-19+0.j  1.02790758e-21+0.j
   5.68564751e-20+0.j]
 [-2.22925966e-16+0.j  8.47939983e-17+0.j -1.19041503e-16+0.j
  -7.48225338e-17+0.j  4.04500087e-16+0.j -2.90387732e-18+0.j
   2.84500579e-16+0.j  4.03677353e-17+0.j -5.81454658e-16+0.j
   3.59495738e-17+0.j -3.18726126e-03+0.j  4.05540431e-09+0.j
   3.51697721e-01+0.j  1.81027371e-02+0.j -4.69691758e-01+0.j
   2.20371197e-18+0.j -5.06485536e-18+0.j  4.80570493e-18+0.j
  -9.56722287e-19+0.j  5.52907752e-20+0.j -2.24880471e-18+0.j
   2.13066077e-18+0.j]
 [ 2.01810993e-17+0.j  3.40016118e-16+0.j -2.13751872e-17+0.j
   3.73819254e-16+0.j  1.62983689e-17+0.j  1.10624807e-19+0.j
   3.95317218e-17+0.j -1.54214218e-16+0.j  1.18750951e-17+0.j
  -2.21708565e-16+0.j -5.99274224e-18+0.j -3.18724271e-03+0.j
   1.81027371e-02+0.j  6.48250032e-01+0.j -2.21226722e-06+0.j
  -4.69708077e-01+0.j  7.40126517e-18+0.j  3.42599419e-17+0.j
  -6.27195435e-19+0.j -1.90020037e-17+0.j -1.32585378e-19+0.j
  -6.73167986e-17+0.j]
 [-1.04342907e-16+0.j  2.30862459e-17+0.j -2.76044220e-17+0.j
  -1.29280560e-17+0.j -2.70883502e-16+0.j -6.85875240e-18+0.j
   1.03906632e-16+0.j -2.00828864e-17+0.j -1.36510205e-16+0.j
  -1.85377666e-17+0.j -2.50891906e-16+0.j  3.94927855e-18+0.j
  -4.69691758e-01+0.j -2.21226722e-06+0.j  6.47171600e-01+0.j
  -1.79656233e-02+0.j -1.53964278e-03+0.j -3.64942852e-20+0.j
  -4.22396828e-20+0.j  1.46356121e-21+0.j  1.99429919e-20+0.j
  -5.92712265e-21+0.j]
 [ 1.14026381e-17+0.j  9.15918249e-18+0.j -1.36195506e-17+0.j
   5.81703905e-17+0.j  4.51124588e-17+0.j -3.77588609e-16+0.j
   4.49345958e-17+0.j -2.89149692e-16+0.j -3.45613416e-17+0.j
  -2.87305153e-16+0.j -9.60348828e-18+0.j -3.03947782e-16+0.j
   1.91575680e-17+0.j -4.69708077e-01+0.j -1.79656233e-02+0.j
   3.52880305e-01+0.j  2.12706684e-07+0.j -1.53932197e-03+0.j
  -5.35346993e-20+0.j -3.31036846e-19+0.j  1.26189936e-20+0.j
  -2.23014791e-19+0.j]
 [ 1.85616353e-17+0.j -2.63662123e-17+0.j  4.00960794e-17+0.j
   3.61565367e-17+0.j -2.28605570e-16+0.j -1.44904631e-17+0.j
   1.15199743e-16+0.j -2.50473526e-17+0.j  6.45558578e-17+0.j
  -8.98656711e-18+0.j  3.65152222e-17+0.j -5.51483469e-17+0.j
   9.86715871e-17+0.j  4.60483059e-18+0.j -1.53964278e-03+0.j
   2.12706684e-07+0.j  2.41310222e-01+0.j  3.14430292e-02+0.j
   4.19323107e-01+0.j -3.64178354e-19+0.j  9.90745583e-18+0.j
  -4.95181028e-18+0.j]
 [-7.17132196e-18+0.j -1.72436886e-16+0.j  3.42902557e-17+0.j
  -3.93780697e-17+0.j  4.36763470e-18+0.j  1.78519973e-16+0.j
  -6.66955741e-17+0.j -2.35656708e-16+0.j -3.51538144e-17+0.j
  -4.43692457e-17+0.j  1.63761310e-17+0.j -4.34831492e-17+0.j
   3.57649264e-17+0.j  2.25179039e-16+0.j -1.06493576e-17+0.j
  -1.53932197e-03+0.j  3.14430292e-02+0.j  7.58574558e-01+0.j
   8.08024290e-06+0.j  4.19394049e-01+0.j -2.18946222e-17+0.j
  -1.02888145e-16+0.j]
 [-2.54450484e-17+0.j -7.31776279e-18+0.j -2.09571597e-18+0.j
   1.35483749e-18+0.j  8.13619080e-17+0.j -7.22540980e-18+0.j
  -4.11452274e-17+0.j  9.30353317e-17+0.j  3.12316010e-16+0.j
   2.31372519e-17+0.j -1.43878678e-17+0.j -5.70792107e-18+0.j
  -2.07220786e-16+0.j  2.13987618e-17+0.j  4.99428996e-17+0.j
  -3.20267831e-19+0.j  4.19323107e-01+0.j  8.08024290e-06+0.j
   7.58222741e-01+0.j -3.13910637e-02+0.j  1.06989692e-03+0.j
   1.34345830e-22+0.j]
 [-1.29023733e-17+0.j  3.69738256e-17+0.j  6.24889465e-18+0.j
  -5.30378983e-17+0.j -2.25231573e-17+0.j  8.80094002e-17+0.j
  -2.04344503e-17+0.j  3.91420458e-16+0.j  1.69340804e-17+0.j
   9.37577856e-17+0.j  7.57907358e-18+0.j  2.75762052e-16+0.j
  -4.73986460e-18+0.j  7.35591276e-18+0.j  3.43034443e-17+0.j
   4.57964609e-17+0.j -6.15622288e-17+0.j  4.19394049e-01+0.j
  -3.13910637e-02+0.j  2.41892596e-01+0.j -1.07608630e-06+0.j
  -1.06976353e-03+0.j]
 [-4.24537542e-17+0.j  2.09642086e-17+0.j  4.96557296e-17+0.j
  -1.00837198e-17+0.j  3.06921675e-16+0.j -3.62295746e-18+0.j
  -2.55580507e-16+0.j -1.08617777e-17+0.j -6.95486437e-17+0.j
   3.10268488e-17+0.j  1.26849951e-16+0.j  2.27166781e-17+0.j
   2.27340736e-16+0.j -5.99286004e-17+0.j  2.17069629e-16+0.j
  -5.64264813e-17+0.j  4.40650617e-17+0.j -2.07804920e-17+0.j
   1.06989692e-03+0.j -1.07608630e-06+0.j  8.96304117e-03+0.j
  -5.94082311e-02+0.j]
 [ 3.49025502e-17+0.j  5.67540917e-17+0.j -2.37432579e-17+0.j
   3.21516216e-17+0.j  4.13467808e-18+0.j -2.22606818e-16+0.j
   8.82780567e-17+0.j  2.12617429e-16+0.j  9.13681340e-18+0.j
   7.63629189e-17+0.j -1.44740212e-17+0.j -5.96648122e-17+0.j
  -3.84257919e-17+0.j -3.55930431e-16+0.j -2.10046529e-17+0.j
  -1.92564282e-17+0.j -3.33489279e-17+0.j -1.69995415e-16+0.j
  -2.24504711e-17+0.j -1.06976353e-03+0.j -5.94082311e-02+0.j
   9.91037238e-01+0.j]]
Naca= (5.003619591028103, 5.9963804089676715)
nq= 22
variational state:
        ┌──────────┐┌───────────┐┌───┐     ┌───────────┐┌───────────┐»
 q0_0: ─┤ Ry(y[0]) ├┤ Rz(y[22]) ├┤ X ├──■──┤ Ry(y[44]) ├┤ Rz(y[66]) ├»
        ├──────────┤├───────────┤└─┬─┘┌─┴─┐└───────────┘├───────────┤»
 q0_1: ─┤ Ry(y[1]) ├┤ Rz(y[23]) ├──┼──┤ X ├──────■──────┤ Ry(y[45]) ├»
        ├──────────┤├───────────┤  │  └───┘    ┌─┴─┐    └───────────┘»
 q0_2: ─┤ Ry(y[2]) ├┤ Rz(y[24]) ├──┼───────────┤ X ├──────────■──────»
        ├──────────┤├───────────┤  │           └───┘        ┌─┴─┐    »
 q0_3: ─┤ Ry(y[3]) ├┤ Rz(y[25]) ├──┼────────────────────────┤ X ├────»
        ├──────────┤├───────────┤  │                        └───┘    »
 q0_4: ─┤ Ry(y[4]) ├┤ Rz(y[26]) ├──┼─────────────────────────────────»
        ├──────────┤├───────────┤  │                                 »
 q0_5: ─┤ Ry(y[5]) ├┤ Rz(y[27]) ├──┼─────────────────────────────────»
        ├──────────┤├───────────┤  │                                 »
 q0_6: ─┤ Ry(y[6]) ├┤ Rz(y[28]) ├──┼─────────────────────────────────»
        ├──────────┤├───────────┤  │                                 »
 q0_7: ─┤ Ry(y[7]) ├┤ Rz(y[29]) ├──┼─────────────────────────────────»
        ├──────────┤├───────────┤  │                                 »
 q0_8: ─┤ Ry(y[8]) ├┤ Rz(y[30]) ├──┼─────────────────────────────────»
        ├──────────┤├───────────┤  │                                 »
 q0_9: ─┤ Ry(y[9]) ├┤ Rz(y[31]) ├──┼─────────────────────────────────»
       ┌┴──────────┤├───────────┤  │                                 »
q0_10: ┤ Ry(y[10]) ├┤ Rz(y[32]) ├──┼─────────────────────────────────»
       ├───────────┤├───────────┤  │                                 »
q0_11: ┤ Ry(y[11]) ├┤ Rz(y[33]) ├──┼─────────────────────────────────»
       ├───────────┤├───────────┤  │                                 »
q0_12: ┤ Ry(y[12]) ├┤ Rz(y[34]) ├──┼─────────────────────────────────»
       ├───────────┤├───────────┤  │                                 »
q0_13: ┤ Ry(y[13]) ├┤ Rz(y[35]) ├──┼─────────────────────────────────»
       ├───────────┤├───────────┤  │                                 »
q0_14: ┤ Ry(y[14]) ├┤ Rz(y[36]) ├──┼─────────────────────────────────»
       ├───────────┤├───────────┤  │                                 »
q0_15: ┤ Ry(y[15]) ├┤ Rz(y[37]) ├──┼─────────────────────────────────»
       ├───────────┤├───────────┤  │                                 »
q0_16: ┤ Ry(y[16]) ├┤ Rz(y[38]) ├──┼─────────────────────────────────»
       ├───────────┤├───────────┤  │                                 »
q0_17: ┤ Ry(y[17]) ├┤ Rz(y[39]) ├──┼─────────────────────────────────»
       ├───────────┤├───────────┤  │                                 »
q0_18: ┤ Ry(y[18]) ├┤ Rz(y[40]) ├──┼─────────────────────────────────»
       ├───────────┤├───────────┤  │                                 »
q0_19: ┤ Ry(y[19]) ├┤ Rz(y[41]) ├──┼─────────────────────────────────»
       ├───────────┤├───────────┤  │                                 »
q0_20: ┤ Ry(y[20]) ├┤ Rz(y[42]) ├──┼─────────────────────────────────»
       ├───────────┤├───────────┤  │                                 »
q0_21: ┤ Ry(y[21]) ├┤ Rz(y[43]) ├──■─────────────────────────────────»
       └───────────┘└───────────┘                                    »
c0: 22/══════════════════════════════════════════════════════════════»
                                                                     »
«                                                                        »
« q0_0: ─────────────────────────────────────────────────────────────────»
«       ┌───────────┐                                                    »
« q0_1: ┤ Rz(y[67]) ├────────────────────────────────────────────────────»
«       ├───────────┤┌───────────┐                                       »
« q0_2: ┤ Ry(y[46]) ├┤ Rz(y[68]) ├───────────────────────────────────────»
«       └───────────┘├───────────┤┌───────────┐                          »
« q0_3: ──────■──────┤ Ry(y[47]) ├┤ Rz(y[69]) ├──────────────────────────»
«           ┌─┴─┐    └───────────┘├───────────┤┌───────────┐             »
« q0_4: ────┤ X ├──────────■──────┤ Ry(y[48]) ├┤ Rz(y[70]) ├─────────────»
«           └───┘        ┌─┴─┐    └───────────┘├───────────┤┌───────────┐»
« q0_5: ─────────────────┤ X ├──────────■──────┤ Ry(y[49]) ├┤ Rz(y[71]) ├»
«                        └───┘        ┌─┴─┐    └───────────┘├───────────┤»
« q0_6: ──────────────────────────────┤ X ├──────────■──────┤ Ry(y[50]) ├»
«                                     └───┘        ┌─┴─┐    └───────────┘»
« q0_7: ───────────────────────────────────────────┤ X ├──────────■──────»
«                                                  └───┘        ┌─┴─┐    »
« q0_8: ────────────────────────────────────────────────────────┤ X ├────»
«                                                               └───┘    »
« q0_9: ─────────────────────────────────────────────────────────────────»
«                                                                        »
«q0_10: ─────────────────────────────────────────────────────────────────»
«                                                                        »
«q0_11: ─────────────────────────────────────────────────────────────────»
«                                                                        »
«q0_12: ─────────────────────────────────────────────────────────────────»
«                                                                        »
«q0_13: ─────────────────────────────────────────────────────────────────»
«                                                                        »
«q0_14: ─────────────────────────────────────────────────────────────────»
«                                                                        »
«q0_15: ─────────────────────────────────────────────────────────────────»
«                                                                        »
«q0_16: ─────────────────────────────────────────────────────────────────»
«                                                                        »
«q0_17: ─────────────────────────────────────────────────────────────────»
«                                                                        »
«q0_18: ─────────────────────────────────────────────────────────────────»
«                                                                        »
«q0_19: ─────────────────────────────────────────────────────────────────»
«                                                                        »
«q0_20: ─────────────────────────────────────────────────────────────────»
«                                                                        »
«q0_21: ─────────────────────────────────────────────────────────────────»
«                                                                        »
«c0: 22/═════════════════════════════════════════════════════════════════»
«                                                                        »
«                                                                        »
« q0_0: ─────────────────────────────────────────────────────────────────»
«                                                                        »
« q0_1: ─────────────────────────────────────────────────────────────────»
«                                                                        »
« q0_2: ─────────────────────────────────────────────────────────────────»
«                                                                        »
« q0_3: ─────────────────────────────────────────────────────────────────»
«                                                                        »
« q0_4: ─────────────────────────────────────────────────────────────────»
«                                                                        »
« q0_5: ─────────────────────────────────────────────────────────────────»
«       ┌───────────┐                                                    »
« q0_6: ┤ Rz(y[72]) ├────────────────────────────────────────────────────»
«       ├───────────┤┌───────────┐                                       »
« q0_7: ┤ Ry(y[51]) ├┤ Rz(y[73]) ├───────────────────────────────────────»
«       └───────────┘├───────────┤┌───────────┐                          »
« q0_8: ──────■──────┤ Ry(y[52]) ├┤ Rz(y[74]) ├──────────────────────────»
«           ┌─┴─┐    └───────────┘├───────────┤┌───────────┐             »
« q0_9: ────┤ X ├──────────■──────┤ Ry(y[53]) ├┤ Rz(y[75]) ├─────────────»
«           └───┘        ┌─┴─┐    └───────────┘├───────────┤┌───────────┐»
«q0_10: ─────────────────┤ X ├──────────■──────┤ Ry(y[54]) ├┤ Rz(y[76]) ├»
«                        └───┘        ┌─┴─┐    └───────────┘├───────────┤»
«q0_11: ──────────────────────────────┤ X ├──────────■──────┤ Ry(y[55]) ├»
«                                     └───┘        ┌─┴─┐    └───────────┘»
«q0_12: ───────────────────────────────────────────┤ X ├──────────■──────»
«                                                  └───┘        ┌─┴─┐    »
«q0_13: ────────────────────────────────────────────────────────┤ X ├────»
«                                                               └───┘    »
«q0_14: ─────────────────────────────────────────────────────────────────»
«                                                                        »
«q0_15: ─────────────────────────────────────────────────────────────────»
«                                                                        »
«q0_16: ─────────────────────────────────────────────────────────────────»
«                                                                        »
«q0_17: ─────────────────────────────────────────────────────────────────»
«                                                                        »
«q0_18: ─────────────────────────────────────────────────────────────────»
«                                                                        »
«q0_19: ─────────────────────────────────────────────────────────────────»
«                                                                        »
«q0_20: ─────────────────────────────────────────────────────────────────»
«                                                                        »
«q0_21: ─────────────────────────────────────────────────────────────────»
«                                                                        »
«c0: 22/═════════════════════════════════════════════════════════════════»
«                                                                        »
«                                                                        »
« q0_0: ─────────────────────────────────────────────────────────────────»
«                                                                        »
« q0_1: ─────────────────────────────────────────────────────────────────»
«                                                                        »
« q0_2: ─────────────────────────────────────────────────────────────────»
«                                                                        »
« q0_3: ─────────────────────────────────────────────────────────────────»
«                                                                        »
« q0_4: ─────────────────────────────────────────────────────────────────»
«                                                                        »
« q0_5: ─────────────────────────────────────────────────────────────────»
«                                                                        »
« q0_6: ─────────────────────────────────────────────────────────────────»
«                                                                        »
« q0_7: ─────────────────────────────────────────────────────────────────»
«                                                                        »
« q0_8: ─────────────────────────────────────────────────────────────────»
«                                                                        »
« q0_9: ─────────────────────────────────────────────────────────────────»
«                                                                        »
«q0_10: ─────────────────────────────────────────────────────────────────»
«       ┌───────────┐                                                    »
«q0_11: ┤ Rz(y[77]) ├────────────────────────────────────────────────────»
«       ├───────────┤┌───────────┐                                       »
«q0_12: ┤ Ry(y[56]) ├┤ Rz(y[78]) ├───────────────────────────────────────»
«       └───────────┘├───────────┤┌───────────┐                          »
«q0_13: ──────■──────┤ Ry(y[57]) ├┤ Rz(y[79]) ├──────────────────────────»
«           ┌─┴─┐    └───────────┘├───────────┤┌───────────┐             »
«q0_14: ────┤ X ├──────────■──────┤ Ry(y[58]) ├┤ Rz(y[80]) ├─────────────»
«           └───┘        ┌─┴─┐    └───────────┘├───────────┤┌───────────┐»
«q0_15: ─────────────────┤ X ├──────────■──────┤ Ry(y[59]) ├┤ Rz(y[81]) ├»
«                        └───┘        ┌─┴─┐    └───────────┘├───────────┤»
«q0_16: ──────────────────────────────┤ X ├──────────■──────┤ Ry(y[60]) ├»
«                                     └───┘        ┌─┴─┐    └───────────┘»
«q0_17: ───────────────────────────────────────────┤ X ├──────────■──────»
«                                                  └───┘        ┌─┴─┐    »
«q0_18: ────────────────────────────────────────────────────────┤ X ├────»
«                                                               └───┘    »
«q0_19: ─────────────────────────────────────────────────────────────────»
«                                                                        »
«q0_20: ─────────────────────────────────────────────────────────────────»
«                                                                        »
«q0_21: ─────────────────────────────────────────────────────────────────»
«                                                                        »
«c0: 22/═════════════════════════════════════════════════════════════════»
«                                                                        »
«                                                                        ┌───┐»
« q0_0: ─────────────────────────────────────────────────────────────────┤ X ├»
«                                                                        └─┬─┘»
« q0_1: ───────────────────────────────────────────────────────────────────┼──»
«                                                                          │  »
« q0_2: ───────────────────────────────────────────────────────────────────┼──»
«                                                                          │  »
« q0_3: ───────────────────────────────────────────────────────────────────┼──»
«                                                                          │  »
« q0_4: ───────────────────────────────────────────────────────────────────┼──»
«                                                                          │  »
« q0_5: ───────────────────────────────────────────────────────────────────┼──»
«                                                                          │  »
« q0_6: ───────────────────────────────────────────────────────────────────┼──»
«                                                                          │  »
« q0_7: ───────────────────────────────────────────────────────────────────┼──»
«                                                                          │  »
« q0_8: ───────────────────────────────────────────────────────────────────┼──»
«                                                                          │  »
« q0_9: ───────────────────────────────────────────────────────────────────┼──»
«                                                                          │  »
«q0_10: ───────────────────────────────────────────────────────────────────┼──»
«                                                                          │  »
«q0_11: ───────────────────────────────────────────────────────────────────┼──»
«                                                                          │  »
«q0_12: ───────────────────────────────────────────────────────────────────┼──»
«                                                                          │  »
«q0_13: ───────────────────────────────────────────────────────────────────┼──»
«                                                                          │  »
«q0_14: ───────────────────────────────────────────────────────────────────┼──»
«                                                                          │  »
«q0_15: ───────────────────────────────────────────────────────────────────┼──»
«       ┌───────────┐                                                      │  »
«q0_16: ┤ Rz(y[82]) ├──────────────────────────────────────────────────────┼──»
«       ├───────────┤┌───────────┐                                         │  »
«q0_17: ┤ Ry(y[61]) ├┤ Rz(y[83]) ├─────────────────────────────────────────┼──»
«       └───────────┘├───────────┤┌───────────┐                            │  »
«q0_18: ──────■──────┤ Ry(y[62]) ├┤ Rz(y[84]) ├────────────────────────────┼──»
«           ┌─┴─┐    └───────────┘├───────────┤┌───────────┐               │  »
«q0_19: ────┤ X ├──────────■──────┤ Ry(y[63]) ├┤ Rz(y[85]) ├───────────────┼──»
«           └───┘        ┌─┴─┐    └───────────┘├───────────┤┌───────────┐  │  »
«q0_20: ─────────────────┤ X ├──────────■──────┤ Ry(y[64]) ├┤ Rz(y[86]) ├──┼──»
«                        └───┘        ┌─┴─┐    ├───────────┤├───────────┤  │  »
«q0_21: ──────────────────────────────┤ X ├────┤ Ry(y[65]) ├┤ Rz(y[87]) ├──■──»
«                                     └───┘    └───────────┘└───────────┘     »
«c0: 22/══════════════════════════════════════════════════════════════════════»
«                                                                             »
«            ┌───────────┐┌────────────┐                            »
« q0_0: ──■──┤ Ry(y[88]) ├┤ Rz(y[110]) ├────────────────────────────»
«       ┌─┴─┐└───────────┘├───────────┬┘┌────────────┐              »
« q0_1: ┤ X ├──────■──────┤ Ry(y[89]) ├─┤ Rz(y[111]) ├──────────────»
«       └───┘    ┌─┴─┐    └───────────┘ ├───────────┬┘┌────────────┐»
« q0_2: ─────────┤ X ├──────────■───────┤ Ry(y[90]) ├─┤ Rz(y[112]) ├»
«                └───┘        ┌─┴─┐     └───────────┘ ├───────────┬┘»
« q0_3: ──────────────────────┤ X ├───────────■───────┤ Ry(y[91]) ├─»
«                             └───┘         ┌─┴─┐     └───────────┘ »
« q0_4: ────────────────────────────────────┤ X ├───────────■───────»
«                                           └───┘         ┌─┴─┐     »
« q0_5: ──────────────────────────────────────────────────┤ X ├─────»
«                                                         └───┘     »
« q0_6: ────────────────────────────────────────────────────────────»
«                                                                   »
« q0_7: ────────────────────────────────────────────────────────────»
«                                                                   »
« q0_8: ────────────────────────────────────────────────────────────»
«                                                                   »
« q0_9: ────────────────────────────────────────────────────────────»
«                                                                   »
«q0_10: ────────────────────────────────────────────────────────────»
«                                                                   »
«q0_11: ────────────────────────────────────────────────────────────»
«                                                                   »
«q0_12: ────────────────────────────────────────────────────────────»
«                                                                   »
«q0_13: ────────────────────────────────────────────────────────────»
«                                                                   »
«q0_14: ────────────────────────────────────────────────────────────»
«                                                                   »
«q0_15: ────────────────────────────────────────────────────────────»
«                                                                   »
«q0_16: ────────────────────────────────────────────────────────────»
«                                                                   »
«q0_17: ────────────────────────────────────────────────────────────»
«                                                                   »
«q0_18: ────────────────────────────────────────────────────────────»
«                                                                   »
«q0_19: ────────────────────────────────────────────────────────────»
«                                                                   »
«q0_20: ────────────────────────────────────────────────────────────»
«                                                                   »
«q0_21: ────────────────────────────────────────────────────────────»
«                                                                   »
«c0: 22/════════════════════════════════════════════════════════════»
«                                                                   »
«                                                                             »
« q0_0: ──────────────────────────────────────────────────────────────────────»
«                                                                             »
« q0_1: ──────────────────────────────────────────────────────────────────────»
«                                                                             »
« q0_2: ──────────────────────────────────────────────────────────────────────»
«       ┌────────────┐                                                        »
« q0_3: ┤ Rz(y[113]) ├────────────────────────────────────────────────────────»
«       ├───────────┬┘┌────────────┐                                          »
« q0_4: ┤ Ry(y[92]) ├─┤ Rz(y[114]) ├──────────────────────────────────────────»
«       └───────────┘ ├───────────┬┘┌────────────┐                            »
« q0_5: ──────■───────┤ Ry(y[93]) ├─┤ Rz(y[115]) ├────────────────────────────»
«           ┌─┴─┐     └───────────┘ ├───────────┬┘┌────────────┐              »
« q0_6: ────┤ X ├───────────■───────┤ Ry(y[94]) ├─┤ Rz(y[116]) ├──────────────»
«           └───┘         ┌─┴─┐     └───────────┘ ├───────────┬┘┌────────────┐»
« q0_7: ──────────────────┤ X ├───────────■───────┤ Ry(y[95]) ├─┤ Rz(y[117]) ├»
«                         └───┘         ┌─┴─┐     └───────────┘ ├───────────┬┘»
« q0_8: ────────────────────────────────┤ X ├───────────■───────┤ Ry(y[96]) ├─»
«                                       └───┘         ┌─┴─┐     └───────────┘ »
« q0_9: ──────────────────────────────────────────────┤ X ├───────────■───────»
«                                                     └───┘         ┌─┴─┐     »
«q0_10: ────────────────────────────────────────────────────────────┤ X ├─────»
«                                                                   └───┘     »
«q0_11: ──────────────────────────────────────────────────────────────────────»
«                                                                             »
«q0_12: ──────────────────────────────────────────────────────────────────────»
«                                                                             »
«q0_13: ──────────────────────────────────────────────────────────────────────»
«                                                                             »
«q0_14: ──────────────────────────────────────────────────────────────────────»
«                                                                             »
«q0_15: ──────────────────────────────────────────────────────────────────────»
«                                                                             »
«q0_16: ──────────────────────────────────────────────────────────────────────»
«                                                                             »
«q0_17: ──────────────────────────────────────────────────────────────────────»
«                                                                             »
«q0_18: ──────────────────────────────────────────────────────────────────────»
«                                                                             »
«q0_19: ──────────────────────────────────────────────────────────────────────»
«                                                                             »
«q0_20: ──────────────────────────────────────────────────────────────────────»
«                                                                             »
«q0_21: ──────────────────────────────────────────────────────────────────────»
«                                                                             »
«c0: 22/══════════════════════════════════════════════════════════════════════»
«                                                                             »
«                                                                             »
« q0_0: ──────────────────────────────────────────────────────────────────────»
«                                                                             »
« q0_1: ──────────────────────────────────────────────────────────────────────»
«                                                                             »
« q0_2: ──────────────────────────────────────────────────────────────────────»
«                                                                             »
« q0_3: ──────────────────────────────────────────────────────────────────────»
«                                                                             »
« q0_4: ──────────────────────────────────────────────────────────────────────»
«                                                                             »
« q0_5: ──────────────────────────────────────────────────────────────────────»
«                                                                             »
« q0_6: ──────────────────────────────────────────────────────────────────────»
«                                                                             »
« q0_7: ──────────────────────────────────────────────────────────────────────»
«       ┌────────────┐                                                        »
« q0_8: ┤ Rz(y[118]) ├────────────────────────────────────────────────────────»
«       ├───────────┬┘┌────────────┐                                          »
« q0_9: ┤ Ry(y[97]) ├─┤ Rz(y[119]) ├──────────────────────────────────────────»
«       └───────────┘ ├───────────┬┘┌────────────┐                            »
«q0_10: ──────■───────┤ Ry(y[98]) ├─┤ Rz(y[120]) ├────────────────────────────»
«           ┌─┴─┐     └───────────┘ ├───────────┬┘┌────────────┐              »
«q0_11: ────┤ X ├───────────■───────┤ Ry(y[99]) ├─┤ Rz(y[121]) ├──────────────»
«           └───┘         ┌─┴─┐     └───────────┘ ├────────────┤┌────────────┐»
«q0_12: ──────────────────┤ X ├───────────■───────┤ Ry(y[100]) ├┤ Rz(y[122]) ├»
«                         └───┘         ┌─┴─┐     └────────────┘├────────────┤»
«q0_13: ────────────────────────────────┤ X ├───────────■───────┤ Ry(y[101]) ├»
«                                       └───┘         ┌─┴─┐     └────────────┘»
«q0_14: ──────────────────────────────────────────────┤ X ├───────────■───────»
«                                                     └───┘         ┌─┴─┐     »
«q0_15: ────────────────────────────────────────────────────────────┤ X ├─────»
«                                                                   └───┘     »
«q0_16: ──────────────────────────────────────────────────────────────────────»
«                                                                             »
«q0_17: ──────────────────────────────────────────────────────────────────────»
«                                                                             »
«q0_18: ──────────────────────────────────────────────────────────────────────»
«                                                                             »
«q0_19: ──────────────────────────────────────────────────────────────────────»
«                                                                             »
«q0_20: ──────────────────────────────────────────────────────────────────────»
«                                                                             »
«q0_21: ──────────────────────────────────────────────────────────────────────»
«                                                                             »
«c0: 22/══════════════════════════════════════════════════════════════════════»
«                                                                             »
«                                                                             »
« q0_0: ──────────────────────────────────────────────────────────────────────»
«                                                                             »
« q0_1: ──────────────────────────────────────────────────────────────────────»
«                                                                             »
« q0_2: ──────────────────────────────────────────────────────────────────────»
«                                                                             »
« q0_3: ──────────────────────────────────────────────────────────────────────»
«                                                                             »
« q0_4: ──────────────────────────────────────────────────────────────────────»
«                                                                             »
« q0_5: ──────────────────────────────────────────────────────────────────────»
«                                                                             »
« q0_6: ──────────────────────────────────────────────────────────────────────»
«                                                                             »
« q0_7: ──────────────────────────────────────────────────────────────────────»
«                                                                             »
« q0_8: ──────────────────────────────────────────────────────────────────────»
«                                                                             »
« q0_9: ──────────────────────────────────────────────────────────────────────»
«                                                                             »
«q0_10: ──────────────────────────────────────────────────────────────────────»
«                                                                             »
«q0_11: ──────────────────────────────────────────────────────────────────────»
«                                                                             »
«q0_12: ──────────────────────────────────────────────────────────────────────»
«       ┌────────────┐                                                        »
«q0_13: ┤ Rz(y[123]) ├────────────────────────────────────────────────────────»
«       ├────────────┤┌────────────┐                                          »
«q0_14: ┤ Ry(y[102]) ├┤ Rz(y[124]) ├──────────────────────────────────────────»
«       └────────────┘├────────────┤┌────────────┐                            »
«q0_15: ──────■───────┤ Ry(y[103]) ├┤ Rz(y[125]) ├────────────────────────────»
«           ┌─┴─┐     └────────────┘├────────────┤┌────────────┐              »
«q0_16: ────┤ X ├───────────■───────┤ Ry(y[104]) ├┤ Rz(y[126]) ├──────────────»
«           └───┘         ┌─┴─┐     └────────────┘├────────────┤┌────────────┐»
«q0_17: ──────────────────┤ X ├───────────■───────┤ Ry(y[105]) ├┤ Rz(y[127]) ├»
«                         └───┘         ┌─┴─┐     └────────────┘├────────────┤»
«q0_18: ────────────────────────────────┤ X ├───────────■───────┤ Ry(y[106]) ├»
«                                       └───┘         ┌─┴─┐     └────────────┘»
«q0_19: ──────────────────────────────────────────────┤ X ├───────────■───────»
«                                                     └───┘         ┌─┴─┐     »
«q0_20: ────────────────────────────────────────────────────────────┤ X ├─────»
«                                                                   └───┘     »
«q0_21: ──────────────────────────────────────────────────────────────────────»
«                                                                             »
«c0: 22/══════════════════════════════════════════════════════════════════════»
«                                                                             »
«                                                 
« q0_0: ──────────────────────────────────────────
«                                                 
« q0_1: ──────────────────────────────────────────
«                                                 
« q0_2: ──────────────────────────────────────────
«                                                 
« q0_3: ──────────────────────────────────────────
«                                                 
« q0_4: ──────────────────────────────────────────
«                                                 
« q0_5: ──────────────────────────────────────────
«                                                 
« q0_6: ──────────────────────────────────────────
«                                                 
« q0_7: ──────────────────────────────────────────
«                                                 
« q0_8: ──────────────────────────────────────────
«                                                 
« q0_9: ──────────────────────────────────────────
«                                                 
«q0_10: ──────────────────────────────────────────
«                                                 
«q0_11: ──────────────────────────────────────────
«                                                 
«q0_12: ──────────────────────────────────────────
«                                                 
«q0_13: ──────────────────────────────────────────
«                                                 
«q0_14: ──────────────────────────────────────────
«                                                 
«q0_15: ──────────────────────────────────────────
«                                                 
«q0_16: ──────────────────────────────────────────
«                                                 
«q0_17: ──────────────────────────────────────────
«       ┌────────────┐                            
«q0_18: ┤ Rz(y[128]) ├────────────────────────────
«       ├────────────┤┌────────────┐              
«q0_19: ┤ Ry(y[107]) ├┤ Rz(y[129]) ├──────────────
«       └────────────┘├────────────┤┌────────────┐
«q0_20: ──────■───────┤ Ry(y[108]) ├┤ Rz(y[130]) ├
«           ┌─┴─┐     ├────────────┤├────────────┤
«q0_21: ────┤ X ├─────┤ Ry(y[109]) ├┤ Rz(y[131]) ├
«           └───┘     └────────────┘└────────────┘
«c0: 22/══════════════════════════════════════════
«                                                 
ansatz-state is written to ansatz.txt
building constraints...
number of constraints= 484
unique pauliops 946
graphclique-cliquecover: 946 with commutationmode disjointqubits
strategy largest_first 525
strategy random_sequential 529
strategy smallest_last 525
strategy independent_set 549
strategy connected_sequential_bfs 525
strategy connected_sequential_dfs 525
strategy saturation_largest_first 525
number of cliques 525
clique 0 ['XZZZZZZZZZZZZZZZZZZZZX']
clique 1 ['YZZZZZZZZZZZZZZZZZZZZY']
clique 2 ['YZZZZZZZZZZZZZZZZZZZZX']
clique 3 ['XZZZZZZZZZZZZZZZZZZZZY']
clique 4 ['IXZZZZZZZZZZZZZZZZZZZX', 'ZIIIIIIIIIIIIIIIIIIIII']
clique 5 ['IYZZZZZZZZZZZZZZZZZZZY']
clique 6 ['IYZZZZZZZZZZZZZZZZZZZX']
clique 7 ['IXZZZZZZZZZZZZZZZZZZZY']
clique 8 ['IIIIIIIIIIIIIIIIIIIIIZ', 'XZZZZZZZZZZZZZZZZZZZXI']
clique 9 ['YZZZZZZZZZZZZZZZZZZZYI']
clique 10 ['YZZZZZZZZZZZZZZZZZZZXI']
clique 11 ['XZZZZZZZZZZZZZZZZZZZYI']
clique 12 ['IXZZZZZZZZZZZZZZZZZZXI']
clique 13 ['IYZZZZZZZZZZZZZZZZZZYI']
clique 14 ['IYZZZZZZZZZZZZZZZZZZXI']
clique 15 ['IXZZZZZZZZZZZZZZZZZZYI']
clique 16 ['IIXZZZZZZZZZZZZZZZZZZX', 'XXIIIIIIIIIIIIIIIIIIII']
clique 17 ['IIYZZZZZZZZZZZZZZZZZZY', 'YYIIIIIIIIIIIIIIIIIIII']
clique 18 ['IIYZZZZZZZZZZZZZZZZZZX', 'YXIIIIIIIIIIIIIIIIIIII']
clique 19 ['IIXZZZZZZZZZZZZZZZZZZY', 'XYIIIIIIIIIIIIIIIIIIII']
clique 20 ['IIIIIIIIIIIIIIIIIIIIXX', 'XZZZZZZZZZZZZZZZZZZXII']
clique 21 ['IIIIIIIIIIIIIIIIIIIIYY', 'YZZZZZZZZZZZZZZZZZZYII']
clique 22 ['IIIIIIIIIIIIIIIIIIIIYX', 'YZZZZZZZZZZZZZZZZZZXII']
clique 23 ['IIIIIIIIIIIIIIIIIIIIXY', 'XZZZZZZZZZZZZZZZZZZYII']
clique 24 ['IIXZZZZZZZZZZZZZZZZZXI', 'IZIIIIIIIIIIIIIIIIIIII']
clique 25 ['IIYZZZZZZZZZZZZZZZZZYI']
clique 26 ['IIYZZZZZZZZZZZZZZZZZXI']
clique 27 ['IIXZZZZZZZZZZZZZZZZZYI']
clique 28 ['IIIIIIIIIIIIIIIIIIIIZI', 'IXZZZZZZZZZZZZZZZZZXII']
clique 29 ['IYZZZZZZZZZZZZZZZZZYII']
clique 30 ['IYZZZZZZZZZZZZZZZZZXII']
clique 31 ['IXZZZZZZZZZZZZZZZZZYII']
clique 32 ['IIXZZZZZZZZZZZZZZZZXII']
clique 33 ['IIYZZZZZZZZZZZZZZZZYII']
clique 34 ['IIYZZZZZZZZZZZZZZZZXII']
clique 35 ['IIXZZZZZZZZZZZZZZZZYII']
clique 36 ['IIIXZZZZZZZZZZZZZZZZZX', 'XZXIIIIIIIIIIIIIIIIIII']
clique 37 ['IIIYZZZZZZZZZZZZZZZZZY', 'YZYIIIIIIIIIIIIIIIIIII']
clique 38 ['IIIYZZZZZZZZZZZZZZZZZX', 'YZXIIIIIIIIIIIIIIIIIII']
clique 39 ['IIIXZZZZZZZZZZZZZZZZZY', 'XZYIIIIIIIIIIIIIIIIIII']
clique 40 ['IIIIIIIIIIIIIIIIIIIXZX', 'XZZZZZZZZZZZZZZZZZXIII']
clique 41 ['IIIIIIIIIIIIIIIIIIIYZY', 'YZZZZZZZZZZZZZZZZZYIII']
clique 42 ['IIIIIIIIIIIIIIIIIIIYZX', 'YZZZZZZZZZZZZZZZZZXIII']
clique 43 ['IIIIIIIIIIIIIIIIIIIXZY', 'XZZZZZZZZZZZZZZZZZYIII']
clique 44 ['IIIXZZZZZZZZZZZZZZZZXI', 'IXXIIIIIIIIIIIIIIIIIII']
clique 45 ['IIIYZZZZZZZZZZZZZZZZYI', 'IYYIIIIIIIIIIIIIIIIIII']
clique 46 ['IIIYZZZZZZZZZZZZZZZZXI', 'IYXIIIIIIIIIIIIIIIIIII']
clique 47 ['IIIXZZZZZZZZZZZZZZZZYI', 'IXYIIIIIIIIIIIIIIIIIII']
clique 48 ['IIIIIIIIIIIIIIIIIIIXXI', 'IXZZZZZZZZZZZZZZZZXIII']
clique 49 ['IIIIIIIIIIIIIIIIIIIYYI', 'IYZZZZZZZZZZZZZZZZYIII']
clique 50 ['IIIIIIIIIIIIIIIIIIIYXI', 'IYZZZZZZZZZZZZZZZZXIII']
clique 51 ['IIIIIIIIIIIIIIIIIIIXYI', 'IXZZZZZZZZZZZZZZZZYIII']
clique 52 ['IIIXZZZZZZZZZZZZZZZXII', 'IIZIIIIIIIIIIIIIIIIIII']
clique 53 ['IIIYZZZZZZZZZZZZZZZYII']
clique 54 ['IIIYZZZZZZZZZZZZZZZXII']
clique 55 ['IIIXZZZZZZZZZZZZZZZYII']
clique 56 ['IIIIIIIIIIIIIIIIIIIZII', 'IIXZZZZZZZZZZZZZZZXIII']
clique 57 ['IIYZZZZZZZZZZZZZZZYIII']
clique 58 ['IIYZZZZZZZZZZZZZZZXIII']
clique 59 ['IIXZZZZZZZZZZZZZZZYIII']
clique 60 ['IIIIXZZZZZZZZZZZZZZZZX', 'XZZXIIIIIIIIIIIIIIIIII']
clique 61 ['IIIIYZZZZZZZZZZZZZZZZY', 'YZZYIIIIIIIIIIIIIIIIII']
clique 62 ['IIIIYZZZZZZZZZZZZZZZZX', 'YZZXIIIIIIIIIIIIIIIIII']
clique 63 ['IIIIXZZZZZZZZZZZZZZZZY', 'XZZYIIIIIIIIIIIIIIIIII']
clique 64 ['IIIIIIIIIIIIIIIIIIXZZX', 'XZZZZZZZZZZZZZZZZXIIII']
clique 65 ['IIIIIIIIIIIIIIIIIIYZZY', 'YZZZZZZZZZZZZZZZZYIIII']
clique 66 ['IIIIIIIIIIIIIIIIIIYZZX', 'YZZZZZZZZZZZZZZZZXIIII']
clique 67 ['IIIIIIIIIIIIIIIIIIXZZY', 'XZZZZZZZZZZZZZZZZYIIII']
clique 68 ['IIIIXZZZZZZZZZZZZZZZXI', 'IXZXIIIIIIIIIIIIIIIIII']
clique 69 ['IIIIYZZZZZZZZZZZZZZZYI', 'IYZYIIIIIIIIIIIIIIIIII']
clique 70 ['IIIIYZZZZZZZZZZZZZZZXI', 'IYZXIIIIIIIIIIIIIIIIII']
clique 71 ['IIIIXZZZZZZZZZZZZZZZYI', 'IXZYIIIIIIIIIIIIIIIIII']
clique 72 ['IIIIIIIIIIIIIIIIIIXZXI', 'IXZZZZZZZZZZZZZZZXIIII']
clique 73 ['IIIIIIIIIIIIIIIIIIYZYI', 'IYZZZZZZZZZZZZZZZYIIII']
clique 74 ['IIIIIIIIIIIIIIIIIIYZXI', 'IYZZZZZZZZZZZZZZZXIIII']
clique 75 ['IIIIIIIIIIIIIIIIIIXZYI', 'IXZZZZZZZZZZZZZZZYIIII']
clique 76 ['IIIXZZZZZZZZZZZZZZXIII']
clique 77 ['IIIYZZZZZZZZZZZZZZYIII']
clique 78 ['IIIYZZZZZZZZZZZZZZXIII']
clique 79 ['IIIXZZZZZZZZZZZZZZYIII']
clique 80 ['IIIIXZZZZZZZZZZZZZZXII', 'IIXXIIIIIIIIIIIIIIIIII']
clique 81 ['IIIIYZZZZZZZZZZZZZZYII', 'IIYYIIIIIIIIIIIIIIIIII']
clique 82 ['IIIIYZZZZZZZZZZZZZZXII', 'IIYXIIIIIIIIIIIIIIIIII']
clique 83 ['IIIIXZZZZZZZZZZZZZZYII', 'IIXYIIIIIIIIIIIIIIIIII']
clique 84 ['IIIIIIIIIIIIIIIIIIXXII', 'IIXZZZZZZZZZZZZZZXIIII']
clique 85 ['IIIIIIIIIIIIIIIIIIYYII', 'IIYZZZZZZZZZZZZZZYIIII']
clique 86 ['IIIIIIIIIIIIIIIIIIYXII', 'IIYZZZZZZZZZZZZZZXIIII']
clique 87 ['IIIIIIIIIIIIIIIIIIXYII', 'IIXZZZZZZZZZZZZZZYIIII']
clique 88 ['IIIIXZZZZZZZZZZZZZXIII', 'IIIZIIIIIIIIIIIIIIIIII']
clique 89 ['IIIIYZZZZZZZZZZZZZYIII']
clique 90 ['IIIIYZZZZZZZZZZZZZXIII']
clique 91 ['IIIIXZZZZZZZZZZZZZYIII']
clique 92 ['IIIIIIIIIIIIIIIIIIZIII', 'IIIXZZZZZZZZZZZZZXIIII']
clique 93 ['IIIYZZZZZZZZZZZZZYIIII']
clique 94 ['IIIYZZZZZZZZZZZZZXIIII']
clique 95 ['IIIXZZZZZZZZZZZZZYIIII']
clique 96 ['IIIIIXZZZZZZZZZZZZZZZX', 'XZZZXIIIIIIIIIIIIIIIII']
clique 97 ['IIIIIYZZZZZZZZZZZZZZZY', 'YZZZYIIIIIIIIIIIIIIIII']
clique 98 ['IIIIIYZZZZZZZZZZZZZZZX', 'YZZZXIIIIIIIIIIIIIIIII']
clique 99 ['IIIIIXZZZZZZZZZZZZZZZY', 'XZZZYIIIIIIIIIIIIIIIII']
clique 100 ['IIIIIIIIIIIIIIIIIXZZZX', 'XZZZZZZZZZZZZZZZXIIIII']
clique 101 ['IIIIIIIIIIIIIIIIIYZZZY', 'YZZZZZZZZZZZZZZZYIIIII']
clique 102 ['IIIIIIIIIIIIIIIIIYZZZX', 'YZZZZZZZZZZZZZZZXIIIII']
clique 103 ['IIIIIIIIIIIIIIIIIXZZZY', 'XZZZZZZZZZZZZZZZYIIIII']
clique 104 ['IIIIIXZZZZZZZZZZZZZZXI', 'IXZZXIIIIIIIIIIIIIIIII']
clique 105 ['IIIIIYZZZZZZZZZZZZZZYI', 'IYZZYIIIIIIIIIIIIIIIII']
clique 106 ['IIIIIYZZZZZZZZZZZZZZXI', 'IYZZXIIIIIIIIIIIIIIIII']
clique 107 ['IIIIIXZZZZZZZZZZZZZZYI', 'IXZZYIIIIIIIIIIIIIIIII']
clique 108 ['IIIIIIIIIIIIIIIIIXZZXI', 'IXZZZZZZZZZZZZZZXIIIII']
clique 109 ['IIIIIIIIIIIIIIIIIYZZYI', 'IYZZZZZZZZZZZZZZYIIIII']
clique 110 ['IIIIIIIIIIIIIIIIIYZZXI', 'IYZZZZZZZZZZZZZZXIIIII']
clique 111 ['IIIIIIIIIIIIIIIIIXZZYI', 'IXZZZZZZZZZZZZZZYIIIII']
clique 112 ['IIIIIXZZZZZZZZZZZZZXII', 'IIXZXIIIIIIIIIIIIIIIII']
clique 113 ['IIIIIYZZZZZZZZZZZZZYII', 'IIYZYIIIIIIIIIIIIIIIII']
clique 114 ['IIIIIYZZZZZZZZZZZZZXII', 'IIYZXIIIIIIIIIIIIIIIII']
clique 115 ['IIIIIXZZZZZZZZZZZZZYII', 'IIXZYIIIIIIIIIIIIIIIII']
clique 116 ['IIIIIIIIIIIIIIIIIXZXII', 'IIXZZZZZZZZZZZZZXIIIII']
clique 117 ['IIIIIIIIIIIIIIIIIYZYII', 'IIYZZZZZZZZZZZZZYIIIII']
clique 118 ['IIIIIIIIIIIIIIIIIYZXII', 'IIYZZZZZZZZZZZZZXIIIII']
clique 119 ['IIIIIIIIIIIIIIIIIXZYII', 'IIXZZZZZZZZZZZZZYIIIII']
clique 120 ['IIIIXZZZZZZZZZZZZXIIII']
clique 121 ['IIIIYZZZZZZZZZZZZYIIII']
clique 122 ['IIIIYZZZZZZZZZZZZXIIII']
clique 123 ['IIIIXZZZZZZZZZZZZYIIII']
clique 124 ['IIIIIXZZZZZZZZZZZZXIII', 'IIIXXIIIIIIIIIIIIIIIII']
clique 125 ['IIIIIYZZZZZZZZZZZZYIII', 'IIIYYIIIIIIIIIIIIIIIII']
clique 126 ['IIIIIYZZZZZZZZZZZZXIII', 'IIIYXIIIIIIIIIIIIIIIII']
clique 127 ['IIIIIXZZZZZZZZZZZZYIII', 'IIIXYIIIIIIIIIIIIIIIII']
clique 128 ['IIIIIIIIIIIIIIIIIXXIII', 'IIIXZZZZZZZZZZZZXIIIII']
clique 129 ['IIIIIIIIIIIIIIIIIYYIII', 'IIIYZZZZZZZZZZZZYIIIII']
clique 130 ['IIIIIIIIIIIIIIIIIYXIII', 'IIIYZZZZZZZZZZZZXIIIII']
clique 131 ['IIIIIIIIIIIIIIIIIXYIII', 'IIIXZZZZZZZZZZZZYIIIII']
clique 132 ['IIIIIIXZZZZZZZZZZZZZZX', 'XZZZZXIIIIIIIIIIIIIIII']
clique 133 ['IIIIIIYZZZZZZZZZZZZZZY', 'YZZZZYIIIIIIIIIIIIIIII']
clique 134 ['IIIIIIYZZZZZZZZZZZZZZX', 'YZZZZXIIIIIIIIIIIIIIII']
clique 135 ['IIIIIIXZZZZZZZZZZZZZZY', 'XZZZZYIIIIIIIIIIIIIIII']
clique 136 ['IIIIIIIIIIIIIIIIXZZZZX', 'XZZZZZZZZZZZZZZXIIIIII']
clique 137 ['IIIIIIIIIIIIIIIIYZZZZY', 'YZZZZZZZZZZZZZZYIIIIII']
clique 138 ['IIIIIIIIIIIIIIIIYZZZZX', 'YZZZZZZZZZZZZZZXIIIIII']
clique 139 ['IIIIIIIIIIIIIIIIXZZZZY', 'XZZZZZZZZZZZZZZYIIIIII']
clique 140 ['IIIIIIXZZZZZZZZZZZZZXI', 'IXZZZXIIIIIIIIIIIIIIII']
clique 141 ['IIIIIIYZZZZZZZZZZZZZYI', 'IYZZZYIIIIIIIIIIIIIIII']
clique 142 ['IIIIIIYZZZZZZZZZZZZZXI', 'IYZZZXIIIIIIIIIIIIIIII']
clique 143 ['IIIIIIXZZZZZZZZZZZZZYI', 'IXZZZYIIIIIIIIIIIIIIII']
clique 144 ['IIIIIIIIIIIIIIIIXZZZXI', 'IXZZZZZZZZZZZZZXIIIIII']
clique 145 ['IIIIIIIIIIIIIIIIYZZZYI', 'IYZZZZZZZZZZZZZYIIIIII']
clique 146 ['IIIIIIIIIIIIIIIIYZZZXI', 'IYZZZZZZZZZZZZZXIIIIII']
clique 147 ['IIIIIIIIIIIIIIIIXZZZYI', 'IXZZZZZZZZZZZZZYIIIIII']
clique 148 ['IIIIIIXZZZZZZZZZZZZXII', 'IIXZZXIIIIIIIIIIIIIIII']
clique 149 ['IIIIIIYZZZZZZZZZZZZYII', 'IIYZZYIIIIIIIIIIIIIIII']
clique 150 ['IIIIIIYZZZZZZZZZZZZXII', 'IIYZZXIIIIIIIIIIIIIIII']
clique 151 ['IIIIIIXZZZZZZZZZZZZYII', 'IIXZZYIIIIIIIIIIIIIIII']
clique 152 ['IIIIIIIIIIIIIIIIXZZXII', 'IIXZZZZZZZZZZZZXIIIIII']
clique 153 ['IIIIIIIIIIIIIIIIYZZYII', 'IIYZZZZZZZZZZZZYIIIIII']
clique 154 ['IIIIIIIIIIIIIIIIYZZXII', 'IIYZZZZZZZZZZZZXIIIIII']
clique 155 ['IIIIIIIIIIIIIIIIXZZYII', 'IIXZZZZZZZZZZZZYIIIIII']
clique 156 ['IIIIIXZZZZZZZZZZZXIIII', 'IIIIZIIIIIIIIIIIIIIIII']
clique 157 ['IIIIIYZZZZZZZZZZZYIIII']
clique 158 ['IIIIIYZZZZZZZZZZZXIIII']
clique 159 ['IIIIIXZZZZZZZZZZZYIIII']
clique 160 ['IIIIIIIIIIIIIIIIIZIIII', 'IIIIXZZZZZZZZZZZXIIIII']
clique 161 ['IIIIYZZZZZZZZZZZYIIIII']
clique 162 ['IIIIYZZZZZZZZZZZXIIIII']
clique 163 ['IIIIXZZZZZZZZZZZYIIIII']
clique 164 ['IIIIIIXZZZZZZZZZZZXIII', 'IIIXZXIIIIIIIIIIIIIIII']
clique 165 ['IIIIIIYZZZZZZZZZZZYIII', 'IIIYZYIIIIIIIIIIIIIIII']
clique 166 ['IIIIIIYZZZZZZZZZZZXIII', 'IIIYZXIIIIIIIIIIIIIIII']
clique 167 ['IIIIIIXZZZZZZZZZZZYIII', 'IIIXZYIIIIIIIIIIIIIIII']
clique 168 ['IIIIIIIIIIIIIIIIXZXIII', 'IIIXZZZZZZZZZZZXIIIIII']
clique 169 ['IIIIIIIIIIIIIIIIYZYIII', 'IIIYZZZZZZZZZZZYIIIIII']
clique 170 ['IIIIIIIIIIIIIIIIYZXIII', 'IIIYZZZZZZZZZZZXIIIIII']
clique 171 ['IIIIIIIIIIIIIIIIXZYIII', 'IIIXZZZZZZZZZZZYIIIIII']
clique 172 ['IIIIIXZZZZZZZZZZXIIIII']
clique 173 ['IIIIIYZZZZZZZZZZYIIIII']
clique 174 ['IIIIIYZZZZZZZZZZXIIIII']
clique 175 ['IIIIIXZZZZZZZZZZYIIIII']
clique 176 ['IIIIIIIXZZZZZZZZZZZZZX', 'XZZZZZXIIIIIIIIIIIIIII']
clique 177 ['IIIIIIIYZZZZZZZZZZZZZY', 'YZZZZZYIIIIIIIIIIIIIII']
clique 178 ['IIIIIIIYZZZZZZZZZZZZZX', 'YZZZZZXIIIIIIIIIIIIIII']
clique 179 ['IIIIIIIXZZZZZZZZZZZZZY', 'XZZZZZYIIIIIIIIIIIIIII']
clique 180 ['IIIIIIIIIIIIIIIXZZZZZX', 'XZZZZZZZZZZZZZXIIIIIII']
clique 181 ['IIIIIIIIIIIIIIIYZZZZZY', 'YZZZZZZZZZZZZZYIIIIIII']
clique 182 ['IIIIIIIIIIIIIIIYZZZZZX', 'YZZZZZZZZZZZZZXIIIIIII']
clique 183 ['IIIIIIIIIIIIIIIXZZZZZY', 'XZZZZZZZZZZZZZYIIIIIII']
clique 184 ['IIIIIIIXZZZZZZZZZZZZXI', 'IXZZZZXIIIIIIIIIIIIIII']
clique 185 ['IIIIIIIYZZZZZZZZZZZZYI', 'IYZZZZYIIIIIIIIIIIIIII']
clique 186 ['IIIIIIIYZZZZZZZZZZZZXI', 'IYZZZZXIIIIIIIIIIIIIII']
clique 187 ['IIIIIIIXZZZZZZZZZZZZYI', 'IXZZZZYIIIIIIIIIIIIIII']
clique 188 ['IIIIIIIIIIIIIIIXZZZZXI', 'IXZZZZZZZZZZZZXIIIIIII']
clique 189 ['IIIIIIIIIIIIIIIYZZZZYI', 'IYZZZZZZZZZZZZYIIIIIII']
clique 190 ['IIIIIIIIIIIIIIIYZZZZXI', 'IYZZZZZZZZZZZZXIIIIIII']
clique 191 ['IIIIIIIIIIIIIIIXZZZZYI', 'IXZZZZZZZZZZZZYIIIIIII']
clique 192 ['IIIIIIXZZZZZZZZZZXIIII', 'IIIIXXIIIIIIIIIIIIIIII']
clique 193 ['IIIIIIYZZZZZZZZZZYIIII', 'IIIIYYIIIIIIIIIIIIIIII']
clique 194 ['IIIIIIYZZZZZZZZZZXIIII', 'IIIIYXIIIIIIIIIIIIIIII']
clique 195 ['IIIIIIXZZZZZZZZZZYIIII', 'IIIIXYIIIIIIIIIIIIIIII']
clique 196 ['IIIIIIIIIIIIIIIIXXIIII', 'IIIIXZZZZZZZZZZXIIIIII']
clique 197 ['IIIIIIIIIIIIIIIIYYIIII', 'IIIIYZZZZZZZZZZYIIIIII']
clique 198 ['IIIIIIIIIIIIIIIIYXIIII', 'IIIIYZZZZZZZZZZXIIIIII']
clique 199 ['IIIIIIIIIIIIIIIIXYIIII', 'IIIIXZZZZZZZZZZYIIIIII']
clique 200 ['IIIIIIIXZZZZZZZZZZZXII', 'IIXZZZXIIIIIIIIIIIIIII']
clique 201 ['IIIIIIIYZZZZZZZZZZZYII', 'IIYZZZYIIIIIIIIIIIIIII']
clique 202 ['IIIIIIIYZZZZZZZZZZZXII', 'IIYZZZXIIIIIIIIIIIIIII']
clique 203 ['IIIIIIIXZZZZZZZZZZZYII', 'IIXZZZYIIIIIIIIIIIIIII']
clique 204 ['IIIIIIIIIIIIIIIXZZZXII', 'IIXZZZZZZZZZZZXIIIIIII']
clique 205 ['IIIIIIIIIIIIIIIYZZZYII', 'IIYZZZZZZZZZZZYIIIIIII']
clique 206 ['IIIIIIIIIIIIIIIYZZZXII', 'IIYZZZZZZZZZZZXIIIIIII']
clique 207 ['IIIIIIIIIIIIIIIXZZZYII', 'IIXZZZZZZZZZZZYIIIIIII']
clique 208 ['IIIIIIIXZZZZZZZZZZXIII', 'IIIXZZXIIIIIIIIIIIIIII']
clique 209 ['IIIIIIIYZZZZZZZZZZYIII', 'IIIYZZYIIIIIIIIIIIIIII']
clique 210 ['IIIIIIIYZZZZZZZZZZXIII', 'IIIYZZXIIIIIIIIIIIIIII']
clique 211 ['IIIIIIIXZZZZZZZZZZYIII', 'IIIXZZYIIIIIIIIIIIIIII']
clique 212 ['IIIIIIIIIIIIIIIXZZXIII', 'IIIXZZZZZZZZZZXIIIIIII']
clique 213 ['IIIIIIIIIIIIIIIYZZYIII', 'IIIYZZZZZZZZZZYIIIIIII']
clique 214 ['IIIIIIIIIIIIIIIYZZXIII', 'IIIYZZZZZZZZZZXIIIIIII']
clique 215 ['IIIIIIIIIIIIIIIXZZYIII', 'IIIXZZZZZZZZZZYIIIIIII']
clique 216 ['IIIIIIXZZZZZZZZZXIIIII', 'IIIIIZIIIIIIIIIIIIIIII']
clique 217 ['IIIIIIYZZZZZZZZZYIIIII']
clique 218 ['IIIIIIYZZZZZZZZZXIIIII']
clique 219 ['IIIIIIXZZZZZZZZZYIIIII']
clique 220 ['IIIIIIIIIIIIIIIIZIIIII', 'IIIIIXZZZZZZZZZXIIIIII']
clique 221 ['IIIIIYZZZZZZZZZYIIIIII']
clique 222 ['IIIIIYZZZZZZZZZXIIIIII']
clique 223 ['IIIIIXZZZZZZZZZYIIIIII']
clique 224 ['IIIIIIIXZZZZZZZZZXIIII', 'IIIIXZXIIIIIIIIIIIIIII']
clique 225 ['IIIIIIIYZZZZZZZZZYIIII', 'IIIIYZYIIIIIIIIIIIIIII']
clique 226 ['IIIIIIIYZZZZZZZZZXIIII', 'IIIIYZXIIIIIIIIIIIIIII']
clique 227 ['IIIIIIIXZZZZZZZZZYIIII', 'IIIIXZYIIIIIIIIIIIIIII']
clique 228 ['IIIIIIIIIIIIIIIXZXIIII', 'IIIIXZZZZZZZZZXIIIIIII']
clique 229 ['IIIIIIIIIIIIIIIYZYIIII', 'IIIIYZZZZZZZZZYIIIIIII']
clique 230 ['IIIIIIIIIIIIIIIYZXIIII', 'IIIIYZZZZZZZZZXIIIIIII']
clique 231 ['IIIIIIIIIIIIIIIXZYIIII', 'IIIIXZZZZZZZZZYIIIIIII']
clique 232 ['IIIIIIIIXZZZZZZZZZZZZX', 'XZZZZZZXIIIIIIIIIIIIII']
clique 233 ['IIIIIIIIYZZZZZZZZZZZZY', 'YZZZZZZYIIIIIIIIIIIIII']
clique 234 ['IIIIIIIIYZZZZZZZZZZZZX', 'YZZZZZZXIIIIIIIIIIIIII']
clique 235 ['IIIIIIIIXZZZZZZZZZZZZY', 'XZZZZZZYIIIIIIIIIIIIII']
clique 236 ['IIIIIIIIIIIIIIXZZZZZZX', 'XZZZZZZZZZZZZXIIIIIIII']
clique 237 ['IIIIIIIIIIIIIIYZZZZZZY', 'YZZZZZZZZZZZZYIIIIIIII']
clique 238 ['IIIIIIIIIIIIIIYZZZZZZX', 'YZZZZZZZZZZZZXIIIIIIII']
clique 239 ['IIIIIIIIIIIIIIXZZZZZZY', 'XZZZZZZZZZZZZYIIIIIIII']
clique 240 ['IIIIIIIIXZZZZZZZZZZZXI', 'IXZZZZZXIIIIIIIIIIIIII']
clique 241 ['IIIIIIIIYZZZZZZZZZZZYI', 'IYZZZZZYIIIIIIIIIIIIII']
clique 242 ['IIIIIIIIYZZZZZZZZZZZXI', 'IYZZZZZXIIIIIIIIIIIIII']
clique 243 ['IIIIIIIIXZZZZZZZZZZZYI', 'IXZZZZZYIIIIIIIIIIIIII']
clique 244 ['IIIIIIIIIIIIIIXZZZZZXI', 'IXZZZZZZZZZZZXIIIIIIII']
clique 245 ['IIIIIIIIIIIIIIYZZZZZYI', 'IYZZZZZZZZZZZYIIIIIIII']
clique 246 ['IIIIIIIIIIIIIIYZZZZZXI', 'IYZZZZZZZZZZZXIIIIIIII']
clique 247 ['IIIIIIIIIIIIIIXZZZZZYI', 'IXZZZZZZZZZZZYIIIIIIII']
clique 248 ['IIIIIIIIXZZZZZZZZZZXII', 'IIXZZZZXIIIIIIIIIIIIII']
clique 249 ['IIIIIIIIYZZZZZZZZZZYII', 'IIYZZZZYIIIIIIIIIIIIII']
clique 250 ['IIIIIIIIYZZZZZZZZZZXII', 'IIYZZZZXIIIIIIIIIIIIII']
clique 251 ['IIIIIIIIXZZZZZZZZZZYII', 'IIXZZZZYIIIIIIIIIIIIII']
clique 252 ['IIIIIIIIIIIIIIXZZZZXII', 'IIXZZZZZZZZZZXIIIIIIII']
clique 253 ['IIIIIIIIIIIIIIYZZZZYII', 'IIYZZZZZZZZZZYIIIIIIII']
clique 254 ['IIIIIIIIIIIIIIYZZZZXII', 'IIYZZZZZZZZZZXIIIIIIII']
clique 255 ['IIIIIIIIIIIIIIXZZZZYII', 'IIXZZZZZZZZZZYIIIIIIII']
clique 256 ['IIIIIIXZZZZZZZZXIIIIII']
clique 257 ['IIIIIIYZZZZZZZZYIIIIII']
clique 258 ['IIIIIIYZZZZZZZZXIIIIII']
clique 259 ['IIIIIIXZZZZZZZZYIIIIII']
clique 260 ['IIIIIIIIXZZZZZZZZZXIII', 'IIIXZZZXIIIIIIIIIIIIII']
clique 261 ['IIIIIIIIYZZZZZZZZZYIII', 'IIIYZZZYIIIIIIIIIIIIII']
clique 262 ['IIIIIIIIYZZZZZZZZZXIII', 'IIIYZZZXIIIIIIIIIIIIII']
clique 263 ['IIIIIIIIXZZZZZZZZZYIII', 'IIIXZZZYIIIIIIIIIIIIII']
clique 264 ['IIIIIIIIIIIIIIXZZZXIII', 'IIIXZZZZZZZZZXIIIIIIII']
clique 265 ['IIIIIIIIIIIIIIYZZZYIII', 'IIIYZZZZZZZZZYIIIIIIII']
clique 266 ['IIIIIIIIIIIIIIYZZZXIII', 'IIIYZZZZZZZZZXIIIIIIII']
clique 267 ['IIIIIIIIIIIIIIXZZZYIII', 'IIIXZZZZZZZZZYIIIIIIII']
clique 268 ['IIIIIIIXZZZZZZZZXIIIII', 'IIIIIXXIIIIIIIIIIIIIII']
clique 269 ['IIIIIIIYZZZZZZZZYIIIII', 'IIIIIYYIIIIIIIIIIIIIII']
clique 270 ['IIIIIIIYZZZZZZZZXIIIII', 'IIIIIYXIIIIIIIIIIIIIII']
clique 271 ['IIIIIIIXZZZZZZZZYIIIII', 'IIIIIXYIIIIIIIIIIIIIII']
clique 272 ['IIIIIIIIIIIIIIIXXIIIII', 'IIIIIXZZZZZZZZXIIIIIII']
clique 273 ['IIIIIIIIIIIIIIIYYIIIII', 'IIIIIYZZZZZZZZYIIIIIII']
clique 274 ['IIIIIIIIIIIIIIIYXIIIII', 'IIIIIYZZZZZZZZXIIIIIII']
clique 275 ['IIIIIIIIIIIIIIIXYIIIII', 'IIIIIXZZZZZZZZYIIIIIII']
clique 276 ['IIIIIIIIXZZZZZZZZXIIII', 'IIIIXZZXIIIIIIIIIIIIII']
clique 277 ['IIIIIIIIYZZZZZZZZYIIII', 'IIIIYZZYIIIIIIIIIIIIII']
clique 278 ['IIIIIIIIYZZZZZZZZXIIII', 'IIIIYZZXIIIIIIIIIIIIII']
clique 279 ['IIIIIIIIXZZZZZZZZYIIII', 'IIIIXZZYIIIIIIIIIIIIII']
clique 280 ['IIIIIIIIIIIIIIXZZXIIII', 'IIIIXZZZZZZZZXIIIIIIII']
clique 281 ['IIIIIIIIIIIIIIYZZYIIII', 'IIIIYZZZZZZZZYIIIIIIII']
clique 282 ['IIIIIIIIIIIIIIYZZXIIII', 'IIIIYZZZZZZZZXIIIIIIII']
clique 283 ['IIIIIIIIIIIIIIXZZYIIII', 'IIIIXZZZZZZZZYIIIIIIII']
clique 284 ['IIIIIIIIIXZZZZZZZZZZZX', 'XZZZZZZZXIIIIIIIIIIIII']
clique 285 ['IIIIIIIIIYZZZZZZZZZZZY', 'YZZZZZZZYIIIIIIIIIIIII']
clique 286 ['IIIIIIIIIYZZZZZZZZZZZX', 'YZZZZZZZXIIIIIIIIIIIII']
clique 287 ['IIIIIIIIIXZZZZZZZZZZZY', 'XZZZZZZZYIIIIIIIIIIIII']
clique 288 ['IIIIIIIIIIIIIXZZZZZZZX', 'XZZZZZZZZZZZXIIIIIIIII']
clique 289 ['IIIIIIIIIIIIIYZZZZZZZY', 'YZZZZZZZZZZZYIIIIIIIII']
clique 290 ['IIIIIIIIIIIIIYZZZZZZZX', 'YZZZZZZZZZZZXIIIIIIIII']
clique 291 ['IIIIIIIIIIIIIXZZZZZZZY', 'XZZZZZZZZZZZYIIIIIIIII']
clique 292 ['IIIIIIIIIXZZZZZZZZZZXI', 'IXZZZZZZXIIIIIIIIIIIII']
clique 293 ['IIIIIIIIIYZZZZZZZZZZYI', 'IYZZZZZZYIIIIIIIIIIIII']
clique 294 ['IIIIIIIIIYZZZZZZZZZZXI', 'IYZZZZZZXIIIIIIIIIIIII']
clique 295 ['IIIIIIIIIXZZZZZZZZZZYI', 'IXZZZZZZYIIIIIIIIIIIII']
clique 296 ['IIIIIIIIIIIIIXZZZZZZXI', 'IXZZZZZZZZZZXIIIIIIIII']
clique 297 ['IIIIIIIIIIIIIYZZZZZZYI', 'IYZZZZZZZZZZYIIIIIIIII']
clique 298 ['IIIIIIIIIIIIIYZZZZZZXI', 'IYZZZZZZZZZZXIIIIIIIII']
clique 299 ['IIIIIIIIIIIIIXZZZZZZYI', 'IXZZZZZZZZZZYIIIIIIIII']
clique 300 ['IIIIIIIXZZZZZZZXIIIIII', 'IIIIIIZIIIIIIIIIIIIIII']
clique 301 ['IIIIIIIYZZZZZZZYIIIIII']
clique 302 ['IIIIIIIYZZZZZZZXIIIIII']
clique 303 ['IIIIIIIXZZZZZZZYIIIIII']
clique 304 ['IIIIIIIIIIIIIIIZIIIIII', 'IIIIIIXZZZZZZZXIIIIIII']
clique 305 ['IIIIIIYZZZZZZZYIIIIIII']
clique 306 ['IIIIIIYZZZZZZZXIIIIIII']
clique 307 ['IIIIIIXZZZZZZZYIIIIIII']
clique 308 ['IIIIIIIIIXZZZZZZZZZXII', 'IIXZZZZZXIIIIIIIIIIIII']
clique 309 ['IIIIIIIIIYZZZZZZZZZYII', 'IIYZZZZZYIIIIIIIIIIIII']
clique 310 ['IIIIIIIIIYZZZZZZZZZXII', 'IIYZZZZZXIIIIIIIIIIIII']
clique 311 ['IIIIIIIIIXZZZZZZZZZYII', 'IIXZZZZZYIIIIIIIIIIIII']
clique 312 ['IIIIIIIIIIIIIXZZZZZXII', 'IIXZZZZZZZZZXIIIIIIIII']
clique 313 ['IIIIIIIIIIIIIYZZZZZYII', 'IIYZZZZZZZZZYIIIIIIIII']
clique 314 ['IIIIIIIIIIIIIYZZZZZXII', 'IIYZZZZZZZZZXIIIIIIIII']
clique 315 ['IIIIIIIIIIIIIXZZZZZYII', 'IIXZZZZZZZZZYIIIIIIIII']
clique 316 ['IIIIIIIIXZZZZZZZXIIIII', 'IIIIIXZXIIIIIIIIIIIIII']
clique 317 ['IIIIIIIIYZZZZZZZYIIIII', 'IIIIIYZYIIIIIIIIIIIIII']
clique 318 ['IIIIIIIIYZZZZZZZXIIIII', 'IIIIIYZXIIIIIIIIIIIIII']
clique 319 ['IIIIIIIIXZZZZZZZYIIIII', 'IIIIIXZYIIIIIIIIIIIIII']
clique 320 ['IIIIIIIIIIIIIIXZXIIIII', 'IIIIIXZZZZZZZXIIIIIIII']
clique 321 ['IIIIIIIIIIIIIIYZYIIIII', 'IIIIIYZZZZZZZYIIIIIIII']
clique 322 ['IIIIIIIIIIIIIIYZXIIIII', 'IIIIIYZZZZZZZXIIIIIIII']
clique 323 ['IIIIIIIIIIIIIIXZYIIIII', 'IIIIIXZZZZZZZYIIIIIIII']
clique 324 ['IIIIIIIIIXZZZZZZZZXIII', 'IIIXZZZZXIIIIIIIIIIIII']
clique 325 ['IIIIIIIIIYZZZZZZZZYIII', 'IIIYZZZZYIIIIIIIIIIIII']
clique 326 ['IIIIIIIIIYZZZZZZZZXIII', 'IIIYZZZZXIIIIIIIIIIIII']
clique 327 ['IIIIIIIIIXZZZZZZZZYIII', 'IIIXZZZZYIIIIIIIIIIIII']
clique 328 ['IIIIIIIIIIIIIXZZZZXIII', 'IIIXZZZZZZZZXIIIIIIIII']
clique 329 ['IIIIIIIIIIIIIYZZZZYIII', 'IIIYZZZZZZZZYIIIIIIIII']
clique 330 ['IIIIIIIIIIIIIYZZZZXIII', 'IIIYZZZZZZZZXIIIIIIIII']
clique 331 ['IIIIIIIIIIIIIXZZZZYIII', 'IIIXZZZZZZZZYIIIIIIIII']
clique 332 ['IIIIIIIIIXZZZZZZZXIIII', 'IIIIXZZZXIIIIIIIIIIIII']
clique 333 ['IIIIIIIIIYZZZZZZZYIIII', 'IIIIYZZZYIIIIIIIIIIIII']
clique 334 ['IIIIIIIIIYZZZZZZZXIIII', 'IIIIYZZZXIIIIIIIIIIIII']
clique 335 ['IIIIIIIIIXZZZZZZZYIIII', 'IIIIXZZZYIIIIIIIIIIIII']
clique 336 ['IIIIIIIIIIIIIXZZZXIIII', 'IIIIXZZZZZZZXIIIIIIIII']
clique 337 ['IIIIIIIIIIIIIYZZZYIIII', 'IIIIYZZZZZZZYIIIIIIIII']
clique 338 ['IIIIIIIIIIIIIYZZZXIIII', 'IIIIYZZZZZZZXIIIIIIIII']
clique 339 ['IIIIIIIIIIIIIXZZZYIIII', 'IIIIXZZZZZZZYIIIIIIIII']
clique 340 ['IIIIIIIXZZZZZZXIIIIIII']
clique 341 ['IIIIIIIYZZZZZZYIIIIIII']
clique 342 ['IIIIIIIYZZZZZZXIIIIIII']
clique 343 ['IIIIIIIXZZZZZZYIIIIIII']
clique 344 ['IIIIIIIIXZZZZZZXIIIIII', 'IIIIIIXXIIIIIIIIIIIIII']
clique 345 ['IIIIIIIIYZZZZZZYIIIIII', 'IIIIIIYYIIIIIIIIIIIIII']
clique 346 ['IIIIIIIIYZZZZZZXIIIIII', 'IIIIIIYXIIIIIIIIIIIIII']
clique 347 ['IIIIIIIIXZZZZZZYIIIIII', 'IIIIIIXYIIIIIIIIIIIIII']
clique 348 ['IIIIIIIIIIIIIIXXIIIIII', 'IIIIIIXZZZZZZXIIIIIIII']
clique 349 ['IIIIIIIIIIIIIIYYIIIIII', 'IIIIIIYZZZZZZYIIIIIIII']
clique 350 ['IIIIIIIIIIIIIIYXIIIIII', 'IIIIIIYZZZZZZXIIIIIIII']
clique 351 ['IIIIIIIIIIIIIIXYIIIIII', 'IIIIIIXZZZZZZYIIIIIIII']
clique 352 ['IIIIIIIIIIXZZZZZZZZZZX', 'XZZZZZZZZXIIIIIIIIIIII']
clique 353 ['IIIIIIIIIIYZZZZZZZZZZY', 'YZZZZZZZZYIIIIIIIIIIII']
clique 354 ['IIIIIIIIIIYZZZZZZZZZZX', 'YZZZZZZZZXIIIIIIIIIIII']
clique 355 ['IIIIIIIIIIXZZZZZZZZZZY', 'XZZZZZZZZYIIIIIIIIIIII']
clique 356 ['IIIIIIIIIIIIXZZZZZZZZX', 'XZZZZZZZZZZXIIIIIIIIII']
clique 357 ['IIIIIIIIIIIIYZZZZZZZZY', 'YZZZZZZZZZZYIIIIIIIIII']
clique 358 ['IIIIIIIIIIIIYZZZZZZZZX', 'YZZZZZZZZZZXIIIIIIIIII']
clique 359 ['IIIIIIIIIIIIXZZZZZZZZY', 'XZZZZZZZZZZYIIIIIIIIII']
clique 360 ['IIIIIIIIIIXZZZZZZZZZXI', 'IXZZZZZZZXIIIIIIIIIIII']
clique 361 ['IIIIIIIIIIYZZZZZZZZZYI', 'IYZZZZZZZYIIIIIIIIIIII']
clique 362 ['IIIIIIIIIIYZZZZZZZZZXI', 'IYZZZZZZZXIIIIIIIIIIII']
clique 363 ['IIIIIIIIIIXZZZZZZZZZYI', 'IXZZZZZZZYIIIIIIIIIIII']
clique 364 ['IIIIIIIIIIIIXZZZZZZZXI', 'IXZZZZZZZZZXIIIIIIIIII']
clique 365 ['IIIIIIIIIIIIYZZZZZZZYI', 'IYZZZZZZZZZYIIIIIIIIII']
clique 366 ['IIIIIIIIIIIIYZZZZZZZXI', 'IYZZZZZZZZZXIIIIIIIIII']
clique 367 ['IIIIIIIIIIIIXZZZZZZZYI', 'IXZZZZZZZZZYIIIIIIIIII']
clique 368 ['IIIIIIIIIIXZZZZZZZZXII', 'IIXZZZZZZXIIIIIIIIIIII']
clique 369 ['IIIIIIIIIIYZZZZZZZZYII', 'IIYZZZZZZYIIIIIIIIIIII']
clique 370 ['IIIIIIIIIIYZZZZZZZZXII', 'IIYZZZZZZXIIIIIIIIIIII']
clique 371 ['IIIIIIIIIIXZZZZZZZZYII', 'IIXZZZZZZYIIIIIIIIIIII']
clique 372 ['IIIIIIIIIIIIXZZZZZZXII', 'IIXZZZZZZZZXIIIIIIIIII']
clique 373 ['IIIIIIIIIIIIYZZZZZZYII', 'IIYZZZZZZZZYIIIIIIIIII']
clique 374 ['IIIIIIIIIIIIYZZZZZZXII', 'IIYZZZZZZZZXIIIIIIIIII']
clique 375 ['IIIIIIIIIIIIXZZZZZZYII', 'IIXZZZZZZZZYIIIIIIIIII']
clique 376 ['IIIIIIIIIXZZZZZZXIIIII', 'IIIIIXZZXIIIIIIIIIIIII']
clique 377 ['IIIIIIIIIYZZZZZZYIIIII', 'IIIIIYZZYIIIIIIIIIIIII']
clique 378 ['IIIIIIIIIYZZZZZZXIIIII', 'IIIIIYZZXIIIIIIIIIIIII']
clique 379 ['IIIIIIIIIXZZZZZZYIIIII', 'IIIIIXZZYIIIIIIIIIIIII']
clique 380 ['IIIIIIIIIIIIIXZZXIIIII', 'IIIIIXZZZZZZXIIIIIIIII']
clique 381 ['IIIIIIIIIIIIIYZZYIIIII', 'IIIIIYZZZZZZYIIIIIIIII']
clique 382 ['IIIIIIIIIIIIIYZZXIIIII', 'IIIIIYZZZZZZXIIIIIIIII']
clique 383 ['IIIIIIIIIIIIIXZZYIIIII', 'IIIIIXZZZZZZYIIIIIIIII']
clique 384 ['IIIIIIIIIIXZZZZZZZXIII', 'IIIXZZZZZXIIIIIIIIIIII']
clique 385 ['IIIIIIIIIIYZZZZZZZYIII', 'IIIYZZZZZYIIIIIIIIIIII']
clique 386 ['IIIIIIIIIIYZZZZZZZXIII', 'IIIYZZZZZXIIIIIIIIIIII']
clique 387 ['IIIIIIIIIIXZZZZZZZYIII', 'IIIXZZZZZYIIIIIIIIIIII']
clique 388 ['IIIIIIIIIIIIXZZZZZXIII', 'IIIXZZZZZZZXIIIIIIIIII']
clique 389 ['IIIIIIIIIIIIYZZZZZYIII', 'IIIYZZZZZZZYIIIIIIIIII']
clique 390 ['IIIIIIIIIIIIYZZZZZXIII', 'IIIYZZZZZZZXIIIIIIIIII']
clique 391 ['IIIIIIIIIIIIXZZZZZYIII', 'IIIXZZZZZZZYIIIIIIIIII']
clique 392 ['IIIIIIIIXZZZZZXIIIIIII', 'IIIIIIIZIIIIIIIIIIIIII']
clique 393 ['IIIIIIIIYZZZZZYIIIIIII']
clique 394 ['IIIIIIIIYZZZZZXIIIIIII']
clique 395 ['IIIIIIIIXZZZZZYIIIIIII']
clique 396 ['IIIIIIIIIIIIIIZIIIIIII', 'IIIIIIIXZZZZZXIIIIIIII']
clique 397 ['IIIIIIIYZZZZZYIIIIIIII']
clique 398 ['IIIIIIIYZZZZZXIIIIIIII']
clique 399 ['IIIIIIIXZZZZZYIIIIIIII']
clique 400 ['IIIIIIIIIIXZZZZZZXIIII', 'IIIIXZZZZXIIIIIIIIIIII']
clique 401 ['IIIIIIIIIIYZZZZZZYIIII', 'IIIIYZZZZYIIIIIIIIIIII']
clique 402 ['IIIIIIIIIIYZZZZZZXIIII', 'IIIIYZZZZXIIIIIIIIIIII']
clique 403 ['IIIIIIIIIIXZZZZZZYIIII', 'IIIIXZZZZYIIIIIIIIIIII']
clique 404 ['IIIIIIIIIIIIXZZZZXIIII', 'IIIIXZZZZZZXIIIIIIIIII']
clique 405 ['IIIIIIIIIIIIYZZZZYIIII', 'IIIIYZZZZZZYIIIIIIIIII']
clique 406 ['IIIIIIIIIIIIYZZZZXIIII', 'IIIIYZZZZZZXIIIIIIIIII']
clique 407 ['IIIIIIIIIIIIXZZZZYIIII', 'IIIIXZZZZZZYIIIIIIIIII']
clique 408 ['IIIIIIIIIXZZZZZXIIIIII', 'IIIIIIXZXIIIIIIIIIIIII']
clique 409 ['IIIIIIIIIYZZZZZYIIIIII', 'IIIIIIYZYIIIIIIIIIIIII']
clique 410 ['IIIIIIIIIYZZZZZXIIIIII', 'IIIIIIYZXIIIIIIIIIIIII']
clique 411 ['IIIIIIIIIXZZZZZYIIIIII', 'IIIIIIXZYIIIIIIIIIIIII']
clique 412 ['IIIIIIIIIIIIIXZXIIIIII', 'IIIIIIXZZZZZXIIIIIIIII']
clique 413 ['IIIIIIIIIIIIIYZYIIIIII', 'IIIIIIYZZZZZYIIIIIIIII']
clique 414 ['IIIIIIIIIIIIIYZXIIIIII', 'IIIIIIYZZZZZXIIIIIIIII']
clique 415 ['IIIIIIIIIIIIIXZYIIIIII', 'IIIIIIXZZZZZYIIIIIIIII']
clique 416 ['IIIIIIIIIIIXZZZZZZZZZX', 'XZZZZZZZZZXIIIIIIIIIII']
clique 417 ['IIIIIIIIIIIYZZZZZZZZZY', 'YZZZZZZZZZYIIIIIIIIIII']
clique 418 ['IIIIIIIIIIIYZZZZZZZZZX', 'YZZZZZZZZZXIIIIIIIIIII']
clique 419 ['IIIIIIIIIIIXZZZZZZZZZY', 'XZZZZZZZZZYIIIIIIIIIII']
clique 420 ['IIIIIIIIIIIXZZZZZZZZXI', 'IXZZZZZZZZXIIIIIIIIIII']
clique 421 ['IIIIIIIIIIIYZZZZZZZZYI', 'IYZZZZZZZZYIIIIIIIIIII']
clique 422 ['IIIIIIIIIIIYZZZZZZZZXI', 'IYZZZZZZZZXIIIIIIIIIII']
clique 423 ['IIIIIIIIIIIXZZZZZZZZYI', 'IXZZZZZZZZYIIIIIIIIIII']
clique 424 ['IIIIIIIIIIXZZZZZXIIIII', 'IIIIIXZZZXIIIIIIIIIIII']
clique 425 ['IIIIIIIIIIYZZZZZYIIIII', 'IIIIIYZZZYIIIIIIIIIIII']
clique 426 ['IIIIIIIIIIYZZZZZXIIIII', 'IIIIIYZZZXIIIIIIIIIIII']
clique 427 ['IIIIIIIIIIXZZZZZYIIIII', 'IIIIIXZZZYIIIIIIIIIIII']
clique 428 ['IIIIIIIIIIIIXZZZXIIIII', 'IIIIIXZZZZZXIIIIIIIIII']
clique 429 ['IIIIIIIIIIIIYZZZYIIIII', 'IIIIIYZZZZZYIIIIIIIIII']
clique 430 ['IIIIIIIIIIIIYZZZXIIIII', 'IIIIIYZZZZZXIIIIIIIIII']
clique 431 ['IIIIIIIIIIIIXZZZYIIIII', 'IIIIIXZZZZZYIIIIIIIIII']
clique 432 ['IIIIIIIIIIIXZZZZZZZXII', 'IIXZZZZZZZXIIIIIIIIIII']
clique 433 ['IIIIIIIIIIIYZZZZZZZYII', 'IIYZZZZZZZYIIIIIIIIIII']
clique 434 ['IIIIIIIIIIIYZZZZZZZXII', 'IIYZZZZZZZXIIIIIIIIIII']
clique 435 ['IIIIIIIIIIIXZZZZZZZYII', 'IIXZZZZZZZYIIIIIIIIIII']
clique 436 ['IIIIIIIIXZZZZXIIIIIIII']
clique 437 ['IIIIIIIIYZZZZYIIIIIIII']
clique 438 ['IIIIIIIIYZZZZXIIIIIIII']
clique 439 ['IIIIIIIIXZZZZYIIIIIIII']
clique 440 ['IIIIIIIIIXZZZZXIIIIIII', 'IIIIIIIXXIIIIIIIIIIIII']
clique 441 ['IIIIIIIIIYZZZZYIIIIIII', 'IIIIIIIYYIIIIIIIIIIIII']
clique 442 ['IIIIIIIIIYZZZZXIIIIIII', 'IIIIIIIYXIIIIIIIIIIIII']
clique 443 ['IIIIIIIIIXZZZZYIIIIIII', 'IIIIIIIXYIIIIIIIIIIIII']
clique 444 ['IIIIIIIIIIIIIXXIIIIIII', 'IIIIIIIXZZZZXIIIIIIIII']
clique 445 ['IIIIIIIIIIIIIYYIIIIIII', 'IIIIIIIYZZZZYIIIIIIIII']
clique 446 ['IIIIIIIIIIIIIYXIIIIIII', 'IIIIIIIYZZZZXIIIIIIIII']
clique 447 ['IIIIIIIIIIIIIXYIIIIIII', 'IIIIIIIXZZZZYIIIIIIIII']
clique 448 ['IIIIIIIIIIIXZZZZZZXIII', 'IIIXZZZZZZXIIIIIIIIIII']
clique 449 ['IIIIIIIIIIIYZZZZZZYIII', 'IIIYZZZZZZYIIIIIIIIIII']
clique 450 ['IIIIIIIIIIIYZZZZZZXIII', 'IIIYZZZZZZXIIIIIIIIIII']
clique 451 ['IIIIIIIIIIIXZZZZZZYIII', 'IIIXZZZZZZYIIIIIIIIIII']
clique 452 ['IIIIIIIIIIXZZZZXIIIIII', 'IIIIIIXZZXIIIIIIIIIIII']
clique 453 ['IIIIIIIIIIYZZZZYIIIIII', 'IIIIIIYZZYIIIIIIIIIIII']
clique 454 ['IIIIIIIIIIYZZZZXIIIIII', 'IIIIIIYZZXIIIIIIIIIIII']
clique 455 ['IIIIIIIIIIXZZZZYIIIIII', 'IIIIIIXZZYIIIIIIIIIIII']
clique 456 ['IIIIIIIIIIIIXZZXIIIIII', 'IIIIIIXZZZZXIIIIIIIIII']
clique 457 ['IIIIIIIIIIIIYZZYIIIIII', 'IIIIIIYZZZZYIIIIIIIIII']
clique 458 ['IIIIIIIIIIIIYZZXIIIIII', 'IIIIIIYZZZZXIIIIIIIIII']
clique 459 ['IIIIIIIIIIIIXZZYIIIIII', 'IIIIIIXZZZZYIIIIIIIIII']
clique 460 ['IIIIIIIIIIIXZZZZZXIIII', 'IIIIXZZZZZXIIIIIIIIIII']
clique 461 ['IIIIIIIIIIIYZZZZZYIIII', 'IIIIYZZZZZYIIIIIIIIIII']
clique 462 ['IIIIIIIIIIIYZZZZZXIIII', 'IIIIYZZZZZXIIIIIIIIIII']
clique 463 ['IIIIIIIIIIIXZZZZZYIIII', 'IIIIXZZZZZYIIIIIIIIIII']
clique 464 ['IIIIIIIIIXZZZXIIIIIIII', 'IIIIIIIIZIIIIIIIIIIIII']
clique 465 ['IIIIIIIIIYZZZYIIIIIIII']
clique 466 ['IIIIIIIIIYZZZXIIIIIIII']
clique 467 ['IIIIIIIIIXZZZYIIIIIIII']
clique 468 ['IIIIIIIIIIIIIZIIIIIIII', 'IIIIIIIIXZZZXIIIIIIIII']
clique 469 ['IIIIIIIIYZZZYIIIIIIIII']
clique 470 ['IIIIIIIIYZZZXIIIIIIIII']
clique 471 ['IIIIIIIIXZZZYIIIIIIIII']
clique 472 ['IIIIIIIIIIIXZZZZXIIIII', 'IIIIIXZZZZXIIIIIIIIIII']
clique 473 ['IIIIIIIIIIIYZZZZYIIIII', 'IIIIIYZZZZYIIIIIIIIIII']
clique 474 ['IIIIIIIIIIIYZZZZXIIIII', 'IIIIIYZZZZXIIIIIIIIIII']
clique 475 ['IIIIIIIIIIIXZZZZYIIIII', 'IIIIIXZZZZYIIIIIIIIIII']
clique 476 ['IIIIIIIIIIXZZZXIIIIIII', 'IIIIIIIXZXIIIIIIIIIIII']
clique 477 ['IIIIIIIIIIYZZZYIIIIIII', 'IIIIIIIYZYIIIIIIIIIIII']
clique 478 ['IIIIIIIIIIYZZZXIIIIIII', 'IIIIIIIYZXIIIIIIIIIIII']
clique 479 ['IIIIIIIIIIXZZZYIIIIIII', 'IIIIIIIXZYIIIIIIIIIIII']
clique 480 ['IIIIIIIIIIIIXZXIIIIIII', 'IIIIIIIXZZZXIIIIIIIIII']
clique 481 ['IIIIIIIIIIIIYZYIIIIIII', 'IIIIIIIYZZZYIIIIIIIIII']
clique 482 ['IIIIIIIIIIIIYZXIIIIIII', 'IIIIIIIYZZZXIIIIIIIIII']
clique 483 ['IIIIIIIIIIIIXZYIIIIIII', 'IIIIIIIXZZZYIIIIIIIIII']
clique 484 ['IIIIIIIIIIIXZZZXIIIIII', 'IIIIIIXZZZXIIIIIIIIIII']
clique 485 ['IIIIIIIIIIIYZZZYIIIIII', 'IIIIIIYZZZYIIIIIIIIIII']
clique 486 ['IIIIIIIIIIIYZZZXIIIIII', 'IIIIIIYZZZXIIIIIIIIIII']
clique 487 ['IIIIIIIIIIIXZZZYIIIIII', 'IIIIIIXZZZYIIIIIIIIIII']
clique 488 ['IIIIIIIIIXZZXIIIIIIIII']
clique 489 ['IIIIIIIIIYZZYIIIIIIIII']
clique 490 ['IIIIIIIIIYZZXIIIIIIIII']
clique 491 ['IIIIIIIIIXZZYIIIIIIIII']
clique 492 ['IIIIIIIIIIXZZXIIIIIIII', 'IIIIIIIIXXIIIIIIIIIIII']
clique 493 ['IIIIIIIIIIYZZYIIIIIIII', 'IIIIIIIIYYIIIIIIIIIIII']
clique 494 ['IIIIIIIIIIYZZXIIIIIIII', 'IIIIIIIIYXIIIIIIIIIIII']
clique 495 ['IIIIIIIIIIXZZYIIIIIIII', 'IIIIIIIIXYIIIIIIIIIIII']
clique 496 ['IIIIIIIIIIIIXXIIIIIIII', 'IIIIIIIIXZZXIIIIIIIIII']
clique 497 ['IIIIIIIIIIIIYYIIIIIIII', 'IIIIIIIIYZZYIIIIIIIIII']
clique 498 ['IIIIIIIIIIIIYXIIIIIIII', 'IIIIIIIIYZZXIIIIIIIIII']
clique 499 ['IIIIIIIIIIIIXYIIIIIIII', 'IIIIIIIIXZZYIIIIIIIIII']
clique 500 ['IIIIIIIIIIIXZZXIIIIIII', 'IIIIIIIXZZXIIIIIIIIIII']
clique 501 ['IIIIIIIIIIIYZZYIIIIIII', 'IIIIIIIYZZYIIIIIIIIIII']
clique 502 ['IIIIIIIIIIIYZZXIIIIIII', 'IIIIIIIYZZXIIIIIIIIIII']
clique 503 ['IIIIIIIIIIIXZZYIIIIIII', 'IIIIIIIXZZYIIIIIIIIIII']
clique 504 ['IIIIIIIIIIXZXIIIIIIIII', 'IIIIIIIIIZIIIIIIIIIIII']
clique 505 ['IIIIIIIIIIYZYIIIIIIIII']
clique 506 ['IIIIIIIIIIYZXIIIIIIIII']
clique 507 ['IIIIIIIIIIXZYIIIIIIIII']
clique 508 ['IIIIIIIIIIIIZIIIIIIIII', 'IIIIIIIIIXZXIIIIIIIIII']
clique 509 ['IIIIIIIIIYZYIIIIIIIIII']
clique 510 ['IIIIIIIIIYZXIIIIIIIIII']
clique 511 ['IIIIIIIIIXZYIIIIIIIIII']
clique 512 ['IIIIIIIIIIIXZXIIIIIIII', 'IIIIIIIIXZXIIIIIIIIIII']
clique 513 ['IIIIIIIIIIIYZYIIIIIIII', 'IIIIIIIIYZYIIIIIIIIIII']
clique 514 ['IIIIIIIIIIIYZXIIIIIIII', 'IIIIIIIIYZXIIIIIIIIIII']
clique 515 ['IIIIIIIIIIIXZYIIIIIIII', 'IIIIIIIIXZYIIIIIIIIIII']
clique 516 ['IIIIIIIIIIXXIIIIIIIIII']
clique 517 ['IIIIIIIIIIYYIIIIIIIIII']
clique 518 ['IIIIIIIIIIYXIIIIIIIIII']
clique 519 ['IIIIIIIIIIXYIIIIIIIIII']
clique 520 ['IIIIIIIIIIIXXIIIIIIIII', 'IIIIIIIIIXXIIIIIIIIIII']
clique 521 ['IIIIIIIIIIIYYIIIIIIIII', 'IIIIIIIIIYYIIIIIIIIIII']
clique 522 ['IIIIIIIIIIIYXIIIIIIIII', 'IIIIIIIIIYXIIIIIIIIIII']
clique 523 ['IIIIIIIIIIIXYIIIIIIIII', 'IIIIIIIIIXYIIIIIIIIIII']
clique 524 ['IIIIIIIIIIIZIIIIIIIIII', 'IIIIIIIIIIZIIIIIIIIIII']
