E_dimer= 2.5615528128088303
rho12_dimer= 0.48507125007266594
GS energy with  DMRG -2.5615528128088303
N= 2.0000000000000004
E= -2.5615528128088303
D= [[ 5.00000000e-01+0.j -2.81264357e-13+0.j  4.85071250e-01+0.j
  -4.61082180e-14+0.j]
 [-2.81256570e-13+0.j  5.00000000e-01+0.j  4.60752868e-14+0.j
   4.85071250e-01+0.j]
 [ 4.85071250e-01+0.j  4.60851090e-14+0.j  5.00000000e-01+0.j
   2.81285591e-13+0.j]
 [-4.61015782e-14+0.j  4.85071250e-01+0.j  2.81269750e-13+0.j
   5.00000000e-01+0.j]]
W= [0.18936609+0.j 0.18936609+0.j]
local approximation with  1 sites
local interactions on sites [[0], [1]]
Functional for interaction on sites [0]
aca-directory for images already exists
aca-directory for images already exists
aca-directory for images already exists
interacting orbitals: [0, 1]
mapping: [0, 1, 2, 3]
aca-directory for images already exists
aca-directory for images already exists
aca-directory for images already exists
orbinteractaca= [0, 1]
aca-directory for images already exists
aca-directory for images already exists
aca-directory for images already exists
aca-directory for images already exists
aca-directory for images already exists
aca-directory for images already exists
aca-directory for images already exists
aca-directory for images already exists
aca-directory for images already exists
aca: level 1  norb= 4
Daca= [[ 5.00000000e-01+0.j -2.81264357e-13+0.j -4.85071250e-01+0.j
   0.00000000e+00+0.j]
 [-2.81256570e-13+0.j  5.00000000e-01+0.j  3.29311971e-17+0.j
   4.85071250e-01+0.j]
 [-4.85071250e-01+0.j  2.31090472e-17+0.j  5.00000000e-01+0.j
  -2.81285591e-13+0.j]
 [ 6.63981524e-18+0.j  4.85071250e-01+0.j -2.81269750e-13+0.j
   5.00000000e-01+0.j]]
rounding Naca1 to integer
rounding Naca2 to integer
Naca= (1, 1)
nq= 4
variational state:
      ┌──────────┐┌──────────┐┌───┐     ┌──────────┐┌───────────┐             »
q0_0: ┤ Ry(y[0]) ├┤ Rz(y[4]) ├┤ X ├──■──┤ Ry(y[8]) ├┤ Rz(y[12]) ├─────────────»
      ├──────────┤├──────────┤└─┬─┘┌─┴─┐└──────────┘└┬──────────┤┌───────────┐»
q0_1: ┤ Ry(y[1]) ├┤ Rz(y[5]) ├──┼──┤ X ├─────■───────┤ Ry(y[9]) ├┤ Rz(y[13]) ├»
      ├──────────┤├──────────┤  │  └───┘   ┌─┴─┐     └──────────┘├───────────┤»
q0_2: ┤ Ry(y[2]) ├┤ Rz(y[6]) ├──┼──────────┤ X ├──────────■──────┤ Ry(y[10]) ├»
      ├──────────┤├──────────┤  │          └───┘        ┌─┴─┐    ├───────────┤»
q0_3: ┤ Ry(y[3]) ├┤ Rz(y[7]) ├──■───────────────────────┤ X ├────┤ Ry(y[11]) ├»
      └──────────┘└──────────┘                          └───┘    └───────────┘»
c0: 4/════════════════════════════════════════════════════════════════════════»
                                                                              »
«                   ┌───┐     ┌───────────┐┌───────────┐             »
«q0_0: ─────────────┤ X ├──■──┤ Ry(y[16]) ├┤ Rz(y[20]) ├─────────────»
«                   └─┬─┘┌─┴─┐└───────────┘├───────────┤┌───────────┐»
«q0_1: ───────────────┼──┤ X ├──────■──────┤ Ry(y[17]) ├┤ Rz(y[21]) ├»
«      ┌───────────┐  │  └───┘    ┌─┴─┐    └───────────┘├───────────┤»
«q0_2: ┤ Rz(y[14]) ├──┼───────────┤ X ├──────────■──────┤ Ry(y[18]) ├»
«      ├───────────┤  │           └───┘        ┌─┴─┐    ├───────────┤»
«q0_3: ┤ Rz(y[15]) ├──■────────────────────────┤ X ├────┤ Ry(y[19]) ├»
«      └───────────┘                           └───┘    └───────────┘»
«c0: 4/══════════════════════════════════════════════════════════════»
«                                                                    »
«                   
«q0_0: ─────────────
«                   
«q0_1: ─────────────
«      ┌───────────┐
«q0_2: ┤ Rz(y[22]) ├
«      ├───────────┤
«q0_3: ┤ Rz(y[23]) ├
«      └───────────┘
«c0: 4/═════════════
«                   
ansatz-state is written to ansatz.txt
building constraints...
number of constraints= 16
unique pauliops 28
graphclique-cliquecover: 28 with commutationmode commute
strategy largest_first 7
strategy random_sequential 9
strategy smallest_last 7
strategy independent_set 7
strategy connected_sequential_bfs 7
strategy connected_sequential_dfs 9
strategy saturation_largest_first 7
number of cliques 7
clique 0 ['IIIZ', 'IIZI', 'IZII', 'ZIII']
clique 1 ['IIXX', 'IIYY', 'XXII', 'YYII']
clique 2 ['IIYX', 'IIXY', 'YXII', 'XYII']
clique 3 ['IXZX', 'IYZY', 'XZXI', 'YZYI']
clique 4 ['IYZX', 'IXZY', 'YZXI', 'XZYI']
clique 5 ['XZZX', 'YZZY', 'IXXI', 'IYYI']
clique 6 ['YZZX', 'XZZY', 'IYXI', 'IXYI']
