GS energy with  DMRG -14.76627443116215
N= 10.000000000006548
E= -14.76627443116215
D= [[ 5.00000009e-01+0.j -2.69010322e-13+0.j  4.20049757e-01+0.j
   1.40526499e-12+0.j -1.01332790e-08+0.j  4.78066584e-15+0.j
  -1.69644917e-01+0.j -5.29830787e-13+0.j  9.01543274e-09+0.j
  -1.53804748e-14+0.j  1.13612492e-01+0.j  5.08275560e-13+0.j
  -1.92335815e-08+0.j  5.10069392e-13+0.j -9.02593666e-02+0.j
  -3.93238668e-12+0.j  9.05525709e-08+0.j  1.71498274e-12+0.j
   7.90949676e-02+0.j -2.46533113e-12+0.j]
 [-2.69010297e-13+0.j  5.00000013e-01+0.j -1.49300573e-12+0.j
   4.20049765e-01+0.j -2.67145281e-15+0.j -9.70733413e-09+0.j
   6.44937826e-13+0.j -1.69644919e-01+0.j -1.07432206e-14+0.j
   4.21643124e-09+0.j -7.23116363e-13+0.j  1.13612695e-01+0.j
   2.05152740e-13+0.j -1.18163513e-07+0.j  9.99544472e-12+0.j
  -9.02592424e-02+0.j  5.95697319e-13+0.j  6.22946223e-08+0.j
   7.26275819e-12+0.j  7.90956657e-02+0.j]
 [ 4.20049757e-01+0.j -1.49300573e-12+0.j  5.00000002e-01+0.j
   2.15442047e-13+0.j  2.44638155e-01+0.j -3.59222872e-14+0.j
  -2.19800525e-09+0.j -8.64181282e-14+0.j -5.25418598e-02+0.j
   1.38011413e-13+0.j  3.95913668e-09+0.j  6.93963699e-15+0.j
   2.04337524e-02+0.j  7.91859358e-13+0.j -2.47710229e-08+0.j
  -7.94095971e-13+0.j -7.78886310e-03+0.j -2.13952537e-12+0.j
  -5.38048753e-08+0.j -1.33396563e-12+0.j]
 [ 1.40526500e-12+0.j  4.20049765e-01+0.j  2.15442041e-13+0.j
   5.00000006e-01+0.j -2.71137038e-14+0.j  2.44638152e-01+0.j
  -9.00578829e-14+0.j -7.14882278e-09+0.j  1.30221462e-13+0.j
  -5.25418314e-02+0.j  5.55210038e-14+0.j  6.63525080e-08+0.j
  -4.16947783e-12+0.j  2.04337698e-02+0.j -7.81883747e-13+0.j
   7.69516894e-08+0.j -1.42026920e-11+0.j -7.78992791e-03+0.j
  -1.02667020e-12+0.j -9.43586434e-08+0.j]
 [-1.01332791e-08+0.j -2.67144903e-15+0.j  2.44638155e-01+0.j
  -2.71137133e-14+0.j  5.00000010e-01+0.j -1.93195206e-14+0.j
   3.68901815e-01+0.j  1.41892481e-14+0.j -7.55570488e-09+0.j
   5.05459715e-15+0.j -1.50691547e-01+0.j  5.46846591e-13+0.j
   1.15652343e-08+0.j  4.99815444e-13+0.j  1.06793540e-01+0.j
   8.31658073e-13+0.j -9.04022437e-08+0.j  4.48172541e-13+0.j
  -9.02599831e-02+0.j  2.42067701e-12+0.j]
 [ 4.78065414e-15+0.j -9.70733406e-09+0.j -3.59222783e-14+0.j
   2.44638152e-01+0.j -1.93195597e-14+0.j  5.00000006e-01+0.j
   3.80959220e-14+0.j  3.68901797e-01+0.j  5.11578347e-15+0.j
  -1.33889746e-08+0.j -9.41595280e-14+0.j -1.50691432e-01+0.j
   1.17348814e-13+0.j -4.24351470e-08+0.j  6.47692120e-12+0.j
   1.06794036e-01+0.j  6.46872974e-13+0.j  3.21012902e-08+0.j
   3.67372974e-12+0.j -9.02590038e-02+0.j]
 [-1.69644917e-01+0.j  6.44937817e-13+0.j -2.19800529e-09+0.j
  -9.00578783e-14+0.j  3.68901815e-01+0.j  3.80959183e-14+0.j
   5.00000006e-01+0.j  5.72721873e-14+0.j  2.65844003e-01+0.j
   6.33178855e-14+0.j -1.01146686e-08+0.j -7.62587170e-14+0.j
  -6.05992602e-02+0.j  5.06204095e-13+0.j  5.50924508e-08+0.j
   5.08313970e-13+0.j  2.04342151e-02+0.j -1.65038609e-12+0.j
   1.40458346e-07+0.j  1.42346209e-13+0.j]
 [-5.29830801e-13+0.j -1.69644919e-01+0.j -8.64181218e-14+0.j
  -7.14882280e-09+0.j  1.41892456e-14+0.j  3.68901797e-01+0.j
   5.72721852e-14+0.j  5.00000001e-01+0.j  7.82203189e-14+0.j
   2.65843993e-01+0.j -2.77884937e-14+0.j  3.33025502e-09+0.j
  -1.65956725e-12+0.j -6.05993683e-02+0.j -3.15308806e-13+0.j
  -1.45806661e-08+0.j -4.49237222e-12+0.j  2.04336325e-02+0.j
  -5.89937263e-13+0.j  1.73158411e-08+0.j]
 [ 9.01543270e-09+0.j -1.07432512e-14+0.j -5.25418598e-02+0.j
   1.30221476e-13+0.j -7.55570508e-09+0.j  5.11583562e-15+0.j
   2.65844003e-01+0.j  7.82203245e-14+0.j  5.00000003e-01+0.j
  -3.23629993e-15+0.j  3.60953124e-01+0.j -1.22466334e-13+0.j
  -3.15496210e-09+0.j -4.26819072e-14+0.j -1.50691521e-01+0.j
   2.09166967e-13+0.j -7.40141999e-08+0.j -5.09835006e-13+0.j
   1.13612597e-01+0.j  1.38173376e-12+0.j]
 [-1.53805103e-14+0.j  4.21643118e-09+0.j  1.38011410e-13+0.j
  -5.25418314e-02+0.j  5.05453842e-15+0.j -1.33889744e-08+0.j
   6.33178952e-14+0.j  2.65843993e-01+0.j -3.23623851e-15+0.j
   5.00000002e-01+0.j  5.82629945e-14+0.j  3.60953128e-01+0.j
   9.46861240e-15+0.j  8.63624717e-09+0.j  1.19907972e-12+0.j
  -1.50691591e-01+0.j  8.57475653e-14+0.j -3.54333832e-09+0.j
   1.33256643e-12+0.j  1.13612413e-01+0.j]
 [ 1.13612492e-01+0.j -7.23116366e-13+0.j  3.95913675e-09+0.j
   5.55210037e-14+0.j -1.50691547e-01+0.j -9.41595055e-14+0.j
  -1.01146687e-08+0.j -2.77884782e-14+0.j  3.60953124e-01+0.j
   5.82629802e-14+0.j  4.99999996e-01+0.j  1.71233929e-15+0.j
   2.65844003e-01+0.j  4.38985276e-13+0.j  1.47888059e-08+0.j
   4.13594380e-14+0.j -5.25418491e-02+0.j -4.31183460e-13+0.j
  -1.93504167e-09+0.j  1.51905159e-13+0.j]
 [ 5.08275578e-13+0.j  1.13612695e-01+0.j  6.93962815e-15+0.j
   6.63525080e-08+0.j  5.46846547e-13+0.j -1.50691432e-01+0.j
  -7.62587367e-14+0.j  3.33025509e-09+0.j -1.22466197e-13+0.j
   3.60953128e-01+0.j  1.71235788e-15+0.j  4.99999998e-01+0.j
  -1.40804638e-13+0.j  2.65844023e-01+0.j -7.72513806e-14+0.j
   7.47014174e-09+0.j -7.36493716e-13+0.j -5.25418666e-02+0.j
   1.21254304e-13+0.j -8.86701029e-09+0.j]
 [-1.92335814e-08+0.j  2.05152693e-13+0.j  2.04337524e-02+0.j
  -4.16947782e-12+0.j  1.15652343e-08+0.j  1.17348852e-13+0.j
  -6.05992602e-02+0.j -1.65956723e-12+0.j -3.15496232e-09+0.j
   9.46879826e-15+0.j  2.65844003e-01+0.j -1.40804669e-13+0.j
   4.99999999e-01+0.j  1.21050122e-13+0.j  3.68901801e-01+0.j
  -2.22998059e-13+0.j  6.84591082e-09+0.j -1.21223021e-14+0.j
  -1.69644904e-01+0.j -2.92828163e-13+0.j]
 [ 5.10069409e-13+0.j -1.18163513e-07+0.j  7.91859334e-13+0.j
   2.04337698e-02+0.j  4.99815220e-13+0.j -4.24351470e-08+0.j
   5.06204162e-13+0.j -6.05993683e-02+0.j -4.26819748e-14+0.j
   8.63624727e-09+0.j  4.38984999e-13+0.j  2.65844023e-01+0.j
   1.21050150e-13+0.j  4.99999995e-01+0.j -8.38779140e-14+0.j
   3.68901822e-01+0.j -1.34770753e-13+0.j  2.37172901e-09+0.j
   2.70100699e-13+0.j -1.69644893e-01+0.j]
 [-9.02593666e-02+0.j  9.99544475e-12+0.j -2.47710229e-08+0.j
  -7.81883763e-13+0.j  1.06793540e-01+0.j  6.47692122e-12+0.j
   5.50924508e-08+0.j -3.15308772e-13+0.j -1.50691521e-01+0.j
   1.19907961e-12+0.j  1.47888056e-08+0.j -7.72512051e-14+0.j
   3.68901801e-01+0.j -8.38778133e-14+0.j  4.99999994e-01+0.j
   4.09978482e-14+0.j  2.44638151e-01+0.j  3.11764352e-13+0.j
   9.57200925e-09+0.j  8.69463147e-15+0.j]
 [-3.93238671e-12+0.j -9.02592424e-02+0.j -7.94095957e-13+0.j
   7.69516894e-08+0.j  8.31658240e-13+0.j  1.06794036e-01+0.j
   5.08313933e-13+0.j -1.45806662e-08+0.j  2.09167019e-13+0.j
  -1.50691591e-01+0.j  4.13596805e-14+0.j  7.47014174e-09+0.j
  -2.22998090e-13+0.j  3.68901822e-01+0.j  4.09978883e-14+0.j
   4.99999990e-01+0.j  4.68094366e-13+0.j  2.44638159e-01+0.j
   6.06900616e-14+0.j  1.05157413e-08+0.j]
 [ 9.05525708e-08+0.j  5.95697243e-13+0.j -7.78886310e-03+0.j
  -1.42026920e-11+0.j -9.04022437e-08+0.j  6.46873153e-13+0.j
   2.04342151e-02+0.j -4.49237222e-12+0.j -7.40142000e-08+0.j
   8.57476346e-14+0.j -5.25418491e-02+0.j -7.36493656e-13+0.j
   6.84591082e-09+0.j -1.34770876e-13+0.j  2.44638151e-01+0.j
   4.68094295e-13+0.j  4.99999994e-01+0.j  5.51456910e-14+0.j
   4.20049764e-01+0.j -2.30665793e-13+0.j]
 [ 1.71498269e-12+0.j  6.22946223e-08+0.j -2.13952537e-12+0.j
  -7.78992791e-03+0.j  4.48172451e-13+0.j  3.21012902e-08+0.j
  -1.65038613e-12+0.j  2.04336325e-02+0.j -5.09834945e-13+0.j
  -3.54333834e-09+0.j -4.31183383e-13+0.j -5.25418666e-02+0.j
  -1.21222831e-14+0.j  2.37172904e-09+0.j  3.11764487e-13+0.j
   2.44638159e-01+0.j  5.51456158e-14+0.j  4.99999998e-01+0.j
  -3.71314033e-13+0.j  4.20049739e-01+0.j]
 [ 7.90949676e-02+0.j  7.26275812e-12+0.j -5.38048753e-08+0.j
  -1.02667019e-12+0.j -9.02599831e-02+0.j  3.67372985e-12+0.j
   1.40458346e-07+0.j -5.89937308e-13+0.j  1.13612597e-01+0.j
   1.33256651e-12+0.j -1.93504148e-09+0.j  1.21254246e-13+0.j
  -1.69644904e-01+0.j  2.70100388e-13+0.j  9.57200923e-09+0.j
   6.06900447e-14+0.j  4.20049764e-01+0.j -3.71313941e-13+0.j
   4.99999987e-01+0.j -2.02518480e-13+0.j]
 [-2.46533113e-12+0.j  7.90956657e-02+0.j -1.33396565e-12+0.j
  -9.43586434e-08+0.j  2.42067674e-12+0.j -9.02590038e-02+0.j
   1.42346225e-13+0.j  1.73158412e-08+0.j  1.38173377e-12+0.j
   1.13612413e-01+0.j  1.51904993e-13+0.j -8.86701023e-09+0.j
  -2.92828069e-13+0.j -1.69644893e-01+0.j  8.69470843e-15+0.j
   1.05157412e-08+0.j -2.30665907e-13+0.j  4.20049739e-01+0.j
  -2.02518536e-13+0.j  4.99999991e-01+0.j]]
W= [0.19162835+0.j 0.20984444+0.j 0.21024956+0.j 0.21239985+0.j
 0.21238177+0.j 0.21238176+0.j 0.21239983+0.j 0.21024954+0.j
 0.20984443+0.j 0.19162833+0.j]
local approximation with  1 sites
local interactions on sites [[0], [1], [2], [3], [4], [5], [6], [7], [8], [9]]
Functional for interaction on sites [0]
aca-directory for images already exists
aca-directory for images already exists
aca-directory for images already exists
interacting orbitals: [0, 1]
mapping: [0, 1, 2, 3, 4, 5, 6, 7, 8, 9, 10, 11, 12, 13, 14, 15, 16, 17, 18, 19]
aca-directory for images already exists
aca-directory for images already exists
aca-directory for images already exists
orbinteractaca= [0, 1]
aca-directory for images already exists
aca-directory for images already exists
aca-directory for images already exists
aca-directory for images already exists
aca-directory for images already exists
aca-directory for images already exists
aca-directory for images already exists
aca-directory for images already exists
aca-directory for images already exists
aca-directory for images already exists
aca-directory for images already exists
aca-directory for images already exists
aca-directory for images already exists
aca-directory for images already exists
aca-directory for images already exists
aca-directory for images already exists
aca-directory for images already exists
aca-directory for images already exists
aca-directory for images already exists
aca-directory for images already exists
aca-directory for images already exists
aca-directory for images already exists
aca-directory for images already exists
aca-directory for images already exists
aca-directory for images already exists
aca-directory for images already exists
aca-directory for images already exists
aca-directory for images already exists
aca-directory for images already exists
aca-directory for images already exists
aca-directory for images already exists
aca-directory for images already exists
aca-directory for images already exists
aca-directory for images already exists
aca-directory for images already exists
aca-directory for images already exists
aca-directory for images already exists
aca-directory for images already exists
aca-directory for images already exists
aca-directory for images already exists
aca-directory for images already exists
aca-directory for images already exists
aca-directory for images already exists
aca-directory for images already exists
aca-directory for images already exists
aca-directory for images already exists
aca-directory for images already exists
aca-directory for images already exists
aca-directory for images already exists
aca-directory for images already exists
aca-directory for images already exists
aca-directory for images already exists
aca-directory for images already exists
aca-directory for images already exists
aca-directory for images already exists
aca-directory for images already exists
aca-directory for images already exists
aca: level 9  norb= 20
Daca= [[ 5.00000009e-01+0.j -2.69010322e-13+0.j -4.82215472e-01+0.j
   2.01396481e-28+0.j -3.38742824e-25+0.j -1.64453568e-31+0.j
  -6.62141418e-18+0.j  1.58860076e-28+0.j -3.65213453e-25+0.j
   3.36226199e-31+0.j  2.55503633e-18+0.j  2.10003613e-29+0.j
  -4.42759165e-24+0.j  8.03466261e-29+0.j  1.69410219e-17+0.j
  -2.56276576e-28+0.j  1.40597733e-23+0.j  3.91249464e-28+0.j
   1.40529268e-17+0.j  1.33457347e-28+0.j]
 [-2.69010297e-13+0.j  5.00000013e-01+0.j  5.15514023e-13+0.j
  -4.82215619e-01+0.j  4.89412852e-31+0.j  1.34253365e-24+0.j
  -8.80702724e-29+0.j  4.07493936e-17+0.j  2.19504372e-30+0.j
   4.87321936e-25+0.j  1.62389259e-28+0.j -1.66027644e-17+0.j
  -3.44099227e-29+0.j -9.61449776e-24+0.j  1.78934002e-27+0.j
  -1.39505311e-18+0.j -6.86281367e-29+0.j -2.95665591e-26+0.j
  -1.86780382e-27+0.j -8.56453951e-18+0.j]
 [-4.82215472e-01+0.j  5.15514033e-13+0.j  4.99999985e-01+0.j
   2.02526811e-13+0.j  1.60866100e-02+0.j -3.02300555e-28+0.j
   1.98280493e-25+0.j -2.88962354e-29+0.j -1.72932748e-18+0.j
  -1.24752418e-28+0.j -8.23469250e-25+0.j  3.09196541e-30+0.j
   5.63675192e-19+0.j -5.01708772e-28+0.j -1.87849057e-24+0.j
   2.18319149e-28+0.j -7.67817495e-19+0.j -3.85468881e-28+0.j
  -5.37755764e-24+0.j  2.38613104e-29+0.j]
 [-1.89022940e-20+0.j -4.82215619e-01+0.j  2.02526782e-13+0.j
   4.99999973e-01+0.j  1.61958690e-12+0.j  1.60864418e-02+0.j
  -1.50902243e-29+0.j  2.30062815e-25+0.j  1.33327108e-28+0.j
  -3.45526617e-19+0.j  4.89387152e-30+0.j  7.22013447e-25+0.j
  -1.07241650e-28+0.j  3.70123517e-20+0.j  1.85380750e-29+0.j
  -2.81386168e-24+0.j -1.37145933e-28+0.j  4.83811547e-19+0.j
  -5.79733406e-29+0.j -5.58110863e-25+0.j]
 [-8.76035581e-17+0.j  3.77247505e-21+0.j  1.60866100e-02+0.j
   1.61958695e-12+0.j  5.00000297e-01+0.j  4.52722123e-12+0.j
   4.80797738e-01+0.j  1.32852142e-27+0.j  1.21250832e-23+0.j
   1.44813047e-28+0.j -3.95526893e-17+0.j  7.46594115e-27+0.j
  -7.64651021e-23+0.j  3.93504413e-29+0.j  8.20904565e-17+0.j
  -6.24452092e-26+0.j -4.17372905e-23+0.j  2.91598578e-27+0.j
  -4.50638112e-17+0.j -1.74321912e-26+0.j]
 [-1.16930006e-20+0.j  7.71952047e-17+0.j -4.63419208e-21+0.j
   1.60864418e-02+0.j  4.52722126e-12+0.j  5.00000305e-01+0.j
  -3.42058974e-13+0.j  4.80797556e-01+0.j -1.14379715e-28+0.j
  -7.12939338e-25+0.j -3.30890417e-27+0.j -3.14852455e-17+0.j
   2.32853987e-28+0.j -6.54710501e-24+0.j  8.32250186e-27+0.j
   2.69271063e-17+0.j -4.37057856e-28+0.j  8.72129220e-23+0.j
   2.94123222e-27+0.j -1.36810314e-17+0.j]
 [-8.79204392e-16+0.j -1.00532046e-20+0.j  5.25680457e-17+0.j
  -6.51417601e-21+0.j  4.80797738e-01+0.j -3.42058945e-13+0.j
   4.99999708e-01+0.j -4.37879050e-12+0.j  8.42232147e-03+0.j
  -7.82744531e-29+0.j  1.66970512e-25+0.j  5.68082046e-30+0.j
   4.97014242e-19+0.j  4.08320239e-28+0.j  6.50924159e-25+0.j
  -1.14794622e-28+0.j  6.89653304e-19+0.j  9.80432331e-28+0.j
   2.59797974e-24+0.j  1.53887202e-29+0.j]
 [-1.01452986e-20+0.j  1.86877101e-16+0.j -9.22364860e-21+0.j
   3.09161904e-17+0.j  1.69580239e-19+0.j  4.80797556e-01+0.j
  -4.37879057e-12+0.j  4.99999711e-01+0.j -3.20885912e-12+0.j
   8.42246086e-03+0.j  3.26686058e-30+0.j -4.34659992e-25+0.j
   5.27753593e-28+0.j  1.92728972e-19+0.j  1.50363171e-29+0.j
   1.54785664e-24+0.j -3.59556351e-28+0.j -4.17697645e-20+0.j
  -5.11329790e-29+0.j  4.38421526e-24+0.j]
 [-4.16333445e-17+0.j -3.05522462e-20+0.j  3.18159762e-17+0.j
  -1.70809344e-20+0.j  1.28810743e-16+0.j -1.08452823e-19+0.j
   8.42232147e-03+0.j -3.20885933e-12+0.j  4.99999109e-01+0.j
  -1.70554094e-11+0.j  4.88995511e-01+0.j  6.26003819e-27+0.j
  -8.16558755e-23+0.j -7.53060179e-27+0.j -1.14767928e-18+0.j
   3.59165447e-26+0.j -1.10427774e-22+0.j -4.91149069e-27+0.j
   2.64103761e-17+0.j  3.45664074e-26+0.j]
 [-3.55259712e-20+0.j -5.89806012e-17+0.j  3.99240191e-20+0.j
  -1.24228218e-16+0.j  1.05337400e-19+0.j -1.75857280e-16+0.j
   1.53535807e-19+0.j  8.42246086e-03+0.j -1.70554094e-11+0.j
   5.00000638e-01+0.j  2.36164194e-12+0.j  4.88995554e-01+0.j
   1.85144856e-28+0.j -1.23977872e-22+0.j  1.10557611e-26+0.j
  -2.36220087e-17+0.j  2.54676666e-27+0.j  1.40985221e-22+0.j
   4.05100187e-27+0.j  4.68804812e-17+0.j]
 [ 4.53590615e-16+0.j -2.17014216e-21+0.j -3.56017350e-17+0.j
  -5.73341603e-20+0.j -6.41391132e-16+0.j -1.24612859e-19+0.j
  -2.16452186e-16+0.j  1.54782871e-19+0.j  4.88995511e-01+0.j
   2.36164223e-12+0.j  5.00000910e-01+0.j  1.69531970e-11+0.j
   3.20467858e-03+0.j  2.18194490e-28+0.j  3.18075689e-25+0.j
  -2.13015256e-29+0.j -1.89571148e-20+0.j -5.78837738e-29+0.j
  -6.37376193e-26+0.j -6.80336362e-29+0.j]
 [ 1.54446129e-20+0.j  4.81702009e-17+0.j -5.09179148e-20+0.j
  -6.35222806e-18+0.j  1.89346999e-20+0.j -9.87097437e-17+0.j
   1.68110376e-19+0.j -9.97970203e-17+0.j -1.72020423e-19+0.j
   4.88995554e-01+0.j  1.69531970e-11+0.j  4.99999347e-01+0.j
   2.37111178e-12+0.j  3.20484865e-03+0.j -1.35320980e-28+0.j
   3.66872638e-24+0.j -1.82528698e-28+0.j -9.12748591e-19+0.j
  -9.24454916e-30+0.j  3.56606333e-25+0.j]
 [ 3.38270638e-17+0.j -4.68977661e-20+0.j  3.49331018e-17+0.j
   4.99756191e-20+0.j -1.05738131e-16+0.j  6.25793091e-20+0.j
  -1.97254835e-17+0.j -3.99965932e-20+0.j  2.85122742e-16+0.j
  -8.32038049e-20+0.j  3.20467858e-03+0.j  2.37111179e-12+0.j
   5.00000509e-01+0.j  4.30271381e-11+0.j -4.92294325e-01+0.j
   7.70400870e-26+0.j  4.64244034e-22+0.j  5.93018409e-28+0.j
   1.10324321e-16+0.j -1.87885695e-26+0.j]
 [ 1.76021459e-20+0.j -1.21429811e-17+0.j  3.70546710e-20+0.j
   3.01340112e-16+0.j  1.74761744e-19+0.j  4.90355405e-19+0.j
  -9.28538786e-21+0.j -1.95379066e-16+0.j  7.12573537e-20+0.j
  -1.96862130e-16+0.j  8.26652352e-20+0.j  3.20484865e-03+0.j
   4.30271381e-11+0.j  4.99997148e-01+0.j  3.48472030e-12+0.j
  -4.92294488e-01+0.j -1.50827062e-26+0.j  3.56487380e-22+0.j
  -6.66874797e-27+0.j -1.38166690e-16+0.j]
 [-2.04203606e-16+0.j  2.75906871e-20+0.j  1.32860089e-16+0.j
  -1.41235340e-20+0.j  4.50159439e-16+0.j -1.22769702e-19+0.j
  -1.81921328e-16+0.j  8.10316293e-20+0.j  2.32334401e-17+0.j
   8.36739833e-20+0.j  7.35286490e-17+0.j -2.99237146e-20+0.j
  -4.92294325e-01+0.j  3.48472025e-12+0.j  4.99999453e-01+0.j
  -4.28009863e-11+0.j -1.29272477e-03+0.j -8.30546023e-29+0.j
  -2.15921777e-26+0.j -4.71750073e-30+0.j]
 [-3.58045145e-20+0.j  1.09670742e-16+0.j -7.34852566e-20+0.j
   1.01419711e-17+0.j -2.68757212e-20+0.j  2.85569234e-16+0.j
   6.05352413e-20+0.j  1.25101761e-16+0.j -3.49784837e-20+0.j
  -1.16353364e-16+0.j  4.02508174e-20+0.j  5.43019115e-17+0.j
  -5.64688478e-20+0.j -4.92294488e-01+0.j -4.28009863e-11+0.j
   5.00002883e-01+0.j  1.86244411e-12+0.j -1.29273227e-03+0.j
   7.09046685e-29+0.j -1.43629333e-25+0.j]
 [-5.33425482e-17+0.j -7.57494716e-20+0.j -7.20016798e-18+0.j
  -5.82243904e-20+0.j -1.24897034e-17+0.j -6.27530025e-20+0.j
  -1.89903394e-17+0.j  7.05364538e-20+0.j -1.25191897e-17+0.j
  -2.47888473e-19+0.j  3.83944251e-17+0.j -2.39912789e-20+0.j
   2.25237634e-16+0.j -1.27524981e-19+0.j -1.29272477e-03+0.j
   1.86244411e-12+0.j  4.99997213e-01+0.j  1.41138765e-10+0.j
  -4.93673454e-01+0.j  5.16987883e-26+0.j]
 [-4.73151195e-20+0.j -3.46945231e-17+0.j  1.04728731e-20+0.j
  -1.45695899e-16+0.j  7.39461232e-20+0.j -4.42618719e-17+0.j
   1.70604795e-20+0.j  1.67837159e-17+0.j  9.56073666e-20+0.j
   7.69528620e-17+0.j -1.36042189e-19+0.j -7.98402811e-17+0.j
   6.30708566e-20+0.j -9.62495802e-17+0.j  1.71883882e-19+0.j
  -1.29273227e-03+0.j  1.41138765e-10+0.j  5.00006490e-01+0.j
  -1.93450614e-12+0.j  4.93673292e-01+0.j]
 [ 2.21621107e-16+0.j -6.58951614e-20+0.j -1.01263067e-16+0.j
  -1.98140543e-20+0.j -2.80140244e-16+0.j  6.03510337e-20+0.j
   1.21902761e-16+0.j -1.46858369e-20+0.j  1.07119207e-16+0.j
  -2.03145968e-19+0.j -1.35599803e-16+0.j  1.13023760e-19+0.j
  -1.80239109e-16+0.j  5.83515320e-20+0.j  1.30410684e-16+0.j
  -1.16173969e-19+0.j -4.93673454e-01+0.j -1.93450615e-12+0.j
   5.00002807e-01+0.j  1.41347234e-10+0.j]
 [-9.76400803e-21+0.j -2.32405242e-17+0.j  7.87873202e-20+0.j
   1.06234751e-17+0.j  9.95371974e-20+0.j -4.03386628e-16+0.j
  -9.17749945e-20+0.j -8.35019561e-17+0.j  5.52773786e-20+0.j
   2.35777610e-16+0.j  7.02236517e-20+0.j -8.32127116e-17+0.j
   1.03836142e-19+0.j  5.03931211e-17+0.j -7.85692280e-20+0.j
  -4.40490565e-18+0.j  4.13981666e-20+0.j  4.93673292e-01+0.j
   1.41347234e-10+0.j  4.99993493e-01+0.j]]
rounding Naca1 to integer
rounding Naca2 to integer
Naca= (5, 5)
nq= 20
variational state:
        ┌──────────┐┌───────────┐┌───┐     ┌───────────┐┌───────────┐»
 q0_0: ─┤ Ry(y[0]) ├┤ Rz(y[20]) ├┤ X ├──■──┤ Ry(y[40]) ├┤ Rz(y[60]) ├»
        ├──────────┤├───────────┤└─┬─┘┌─┴─┐└───────────┘├───────────┤»
 q0_1: ─┤ Ry(y[1]) ├┤ Rz(y[21]) ├──┼──┤ X ├──────■──────┤ Ry(y[41]) ├»
        ├──────────┤├───────────┤  │  └───┘    ┌─┴─┐    └───────────┘»
 q0_2: ─┤ Ry(y[2]) ├┤ Rz(y[22]) ├──┼───────────┤ X ├──────────■──────»
        ├──────────┤├───────────┤  │           └───┘        ┌─┴─┐    »
 q0_3: ─┤ Ry(y[3]) ├┤ Rz(y[23]) ├──┼────────────────────────┤ X ├────»
        ├──────────┤├───────────┤  │                        └───┘    »
 q0_4: ─┤ Ry(y[4]) ├┤ Rz(y[24]) ├──┼─────────────────────────────────»
        ├──────────┤├───────────┤  │                                 »
 q0_5: ─┤ Ry(y[5]) ├┤ Rz(y[25]) ├──┼─────────────────────────────────»
        ├──────────┤├───────────┤  │                                 »
 q0_6: ─┤ Ry(y[6]) ├┤ Rz(y[26]) ├──┼─────────────────────────────────»
        ├──────────┤├───────────┤  │                                 »
 q0_7: ─┤ Ry(y[7]) ├┤ Rz(y[27]) ├──┼─────────────────────────────────»
        ├──────────┤├───────────┤  │                                 »
 q0_8: ─┤ Ry(y[8]) ├┤ Rz(y[28]) ├──┼─────────────────────────────────»
        ├──────────┤├───────────┤  │                                 »
 q0_9: ─┤ Ry(y[9]) ├┤ Rz(y[29]) ├──┼─────────────────────────────────»
       ┌┴──────────┤├───────────┤  │                                 »
q0_10: ┤ Ry(y[10]) ├┤ Rz(y[30]) ├──┼─────────────────────────────────»
       ├───────────┤├───────────┤  │                                 »
q0_11: ┤ Ry(y[11]) ├┤ Rz(y[31]) ├──┼─────────────────────────────────»
       ├───────────┤├───────────┤  │                                 »
q0_12: ┤ Ry(y[12]) ├┤ Rz(y[32]) ├──┼─────────────────────────────────»
       ├───────────┤├───────────┤  │                                 »
q0_13: ┤ Ry(y[13]) ├┤ Rz(y[33]) ├──┼─────────────────────────────────»
       ├───────────┤├───────────┤  │                                 »
q0_14: ┤ Ry(y[14]) ├┤ Rz(y[34]) ├──┼─────────────────────────────────»
       ├───────────┤├───────────┤  │                                 »
q0_15: ┤ Ry(y[15]) ├┤ Rz(y[35]) ├──┼─────────────────────────────────»
       ├───────────┤├───────────┤  │                                 »
q0_16: ┤ Ry(y[16]) ├┤ Rz(y[36]) ├──┼─────────────────────────────────»
       ├───────────┤├───────────┤  │                                 »
q0_17: ┤ Ry(y[17]) ├┤ Rz(y[37]) ├──┼─────────────────────────────────»
       ├───────────┤├───────────┤  │                                 »
q0_18: ┤ Ry(y[18]) ├┤ Rz(y[38]) ├──┼─────────────────────────────────»
       ├───────────┤├───────────┤  │                                 »
q0_19: ┤ Ry(y[19]) ├┤ Rz(y[39]) ├──■─────────────────────────────────»
       └───────────┘└───────────┘                                    »
c0: 20/══════════════════════════════════════════════════════════════»
                                                                     »
«                                                                        »
« q0_0: ─────────────────────────────────────────────────────────────────»
«       ┌───────────┐                                                    »
« q0_1: ┤ Rz(y[61]) ├────────────────────────────────────────────────────»
«       ├───────────┤┌───────────┐                                       »
« q0_2: ┤ Ry(y[42]) ├┤ Rz(y[62]) ├───────────────────────────────────────»
«       └───────────┘├───────────┤┌───────────┐                          »
« q0_3: ──────■──────┤ Ry(y[43]) ├┤ Rz(y[63]) ├──────────────────────────»
«           ┌─┴─┐    └───────────┘├───────────┤┌───────────┐             »
« q0_4: ────┤ X ├──────────■──────┤ Ry(y[44]) ├┤ Rz(y[64]) ├─────────────»
«           └───┘        ┌─┴─┐    └───────────┘├───────────┤┌───────────┐»
« q0_5: ─────────────────┤ X ├──────────■──────┤ Ry(y[45]) ├┤ Rz(y[65]) ├»
«                        └───┘        ┌─┴─┐    └───────────┘├───────────┤»
« q0_6: ──────────────────────────────┤ X ├──────────■──────┤ Ry(y[46]) ├»
«                                     └───┘        ┌─┴─┐    └───────────┘»
« q0_7: ───────────────────────────────────────────┤ X ├──────────■──────»
«                                                  └───┘        ┌─┴─┐    »
« q0_8: ────────────────────────────────────────────────────────┤ X ├────»
«                                                               └───┘    »
« q0_9: ─────────────────────────────────────────────────────────────────»
«                                                                        »
«q0_10: ─────────────────────────────────────────────────────────────────»
«                                                                        »
«q0_11: ─────────────────────────────────────────────────────────────────»
«                                                                        »
«q0_12: ─────────────────────────────────────────────────────────────────»
«                                                                        »
«q0_13: ─────────────────────────────────────────────────────────────────»
«                                                                        »
«q0_14: ─────────────────────────────────────────────────────────────────»
«                                                                        »
«q0_15: ─────────────────────────────────────────────────────────────────»
«                                                                        »
«q0_16: ─────────────────────────────────────────────────────────────────»
«                                                                        »
«q0_17: ─────────────────────────────────────────────────────────────────»
«                                                                        »
«q0_18: ─────────────────────────────────────────────────────────────────»
«                                                                        »
«q0_19: ─────────────────────────────────────────────────────────────────»
«                                                                        »
«c0: 20/═════════════════════════════════════════════════════════════════»
«                                                                        »
«                                                                        »
« q0_0: ─────────────────────────────────────────────────────────────────»
«                                                                        »
« q0_1: ─────────────────────────────────────────────────────────────────»
«                                                                        »
« q0_2: ─────────────────────────────────────────────────────────────────»
«                                                                        »
« q0_3: ─────────────────────────────────────────────────────────────────»
«                                                                        »
« q0_4: ─────────────────────────────────────────────────────────────────»
«                                                                        »
« q0_5: ─────────────────────────────────────────────────────────────────»
«       ┌───────────┐                                                    »
« q0_6: ┤ Rz(y[66]) ├────────────────────────────────────────────────────»
«       ├───────────┤┌───────────┐                                       »
« q0_7: ┤ Ry(y[47]) ├┤ Rz(y[67]) ├───────────────────────────────────────»
«       └───────────┘├───────────┤┌───────────┐                          »
« q0_8: ──────■──────┤ Ry(y[48]) ├┤ Rz(y[68]) ├──────────────────────────»
«           ┌─┴─┐    └───────────┘├───────────┤┌───────────┐             »
« q0_9: ────┤ X ├──────────■──────┤ Ry(y[49]) ├┤ Rz(y[69]) ├─────────────»
«           └───┘        ┌─┴─┐    └───────────┘├───────────┤┌───────────┐»
«q0_10: ─────────────────┤ X ├──────────■──────┤ Ry(y[50]) ├┤ Rz(y[70]) ├»
«                        └───┘        ┌─┴─┐    └───────────┘├───────────┤»
«q0_11: ──────────────────────────────┤ X ├──────────■──────┤ Ry(y[51]) ├»
«                                     └───┘        ┌─┴─┐    └───────────┘»
«q0_12: ───────────────────────────────────────────┤ X ├──────────■──────»
«                                                  └───┘        ┌─┴─┐    »
«q0_13: ────────────────────────────────────────────────────────┤ X ├────»
«                                                               └───┘    »
«q0_14: ─────────────────────────────────────────────────────────────────»
«                                                                        »
«q0_15: ─────────────────────────────────────────────────────────────────»
«                                                                        »
«q0_16: ─────────────────────────────────────────────────────────────────»
«                                                                        »
«q0_17: ─────────────────────────────────────────────────────────────────»
«                                                                        »
«q0_18: ─────────────────────────────────────────────────────────────────»
«                                                                        »
«q0_19: ─────────────────────────────────────────────────────────────────»
«                                                                        »
«c0: 20/═════════════════════════════════════════════════════════════════»
«                                                                        »
«                                                                        »
« q0_0: ─────────────────────────────────────────────────────────────────»
«                                                                        »
« q0_1: ─────────────────────────────────────────────────────────────────»
«                                                                        »
« q0_2: ─────────────────────────────────────────────────────────────────»
«                                                                        »
« q0_3: ─────────────────────────────────────────────────────────────────»
«                                                                        »
« q0_4: ─────────────────────────────────────────────────────────────────»
«                                                                        »
« q0_5: ─────────────────────────────────────────────────────────────────»
«                                                                        »
« q0_6: ─────────────────────────────────────────────────────────────────»
«                                                                        »
« q0_7: ─────────────────────────────────────────────────────────────────»
«                                                                        »
« q0_8: ─────────────────────────────────────────────────────────────────»
«                                                                        »
« q0_9: ─────────────────────────────────────────────────────────────────»
«                                                                        »
«q0_10: ─────────────────────────────────────────────────────────────────»
«       ┌───────────┐                                                    »
«q0_11: ┤ Rz(y[71]) ├────────────────────────────────────────────────────»
«       ├───────────┤┌───────────┐                                       »
«q0_12: ┤ Ry(y[52]) ├┤ Rz(y[72]) ├───────────────────────────────────────»
«       └───────────┘├───────────┤┌───────────┐                          »
«q0_13: ──────■──────┤ Ry(y[53]) ├┤ Rz(y[73]) ├──────────────────────────»
«           ┌─┴─┐    └───────────┘├───────────┤┌───────────┐             »
«q0_14: ────┤ X ├──────────■──────┤ Ry(y[54]) ├┤ Rz(y[74]) ├─────────────»
«           └───┘        ┌─┴─┐    └───────────┘├───────────┤┌───────────┐»
«q0_15: ─────────────────┤ X ├──────────■──────┤ Ry(y[55]) ├┤ Rz(y[75]) ├»
«                        └───┘        ┌─┴─┐    └───────────┘├───────────┤»
«q0_16: ──────────────────────────────┤ X ├──────────■──────┤ Ry(y[56]) ├»
«                                     └───┘        ┌─┴─┐    └───────────┘»
«q0_17: ───────────────────────────────────────────┤ X ├──────────■──────»
«                                                  └───┘        ┌─┴─┐    »
«q0_18: ────────────────────────────────────────────────────────┤ X ├────»
«                                                               └───┘    »
«q0_19: ─────────────────────────────────────────────────────────────────»
«                                                                        »
«c0: 20/═════════════════════════════════════════════════════════════════»
«                                                                        »
«                                              ┌───┐     ┌───────────┐»
« q0_0: ───────────────────────────────────────┤ X ├──■──┤ Ry(y[80]) ├»
«                                              └─┬─┘┌─┴─┐└───────────┘»
« q0_1: ─────────────────────────────────────────┼──┤ X ├──────■──────»
«                                                │  └───┘    ┌─┴─┐    »
« q0_2: ─────────────────────────────────────────┼───────────┤ X ├────»
«                                                │           └───┘    »
« q0_3: ─────────────────────────────────────────┼────────────────────»
«                                                │                    »
« q0_4: ─────────────────────────────────────────┼────────────────────»
«                                                │                    »
« q0_5: ─────────────────────────────────────────┼────────────────────»
«                                                │                    »
« q0_6: ─────────────────────────────────────────┼────────────────────»
«                                                │                    »
« q0_7: ─────────────────────────────────────────┼────────────────────»
«                                                │                    »
« q0_8: ─────────────────────────────────────────┼────────────────────»
«                                                │                    »
« q0_9: ─────────────────────────────────────────┼────────────────────»
«                                                │                    »
«q0_10: ─────────────────────────────────────────┼────────────────────»
«                                                │                    »
«q0_11: ─────────────────────────────────────────┼────────────────────»
«                                                │                    »
«q0_12: ─────────────────────────────────────────┼────────────────────»
«                                                │                    »
«q0_13: ─────────────────────────────────────────┼────────────────────»
«                                                │                    »
«q0_14: ─────────────────────────────────────────┼────────────────────»
«                                                │                    »
«q0_15: ─────────────────────────────────────────┼────────────────────»
«       ┌───────────┐                            │                    »
«q0_16: ┤ Rz(y[76]) ├────────────────────────────┼────────────────────»
«       ├───────────┤┌───────────┐               │                    »
«q0_17: ┤ Ry(y[57]) ├┤ Rz(y[77]) ├───────────────┼────────────────────»
«       └───────────┘├───────────┤┌───────────┐  │                    »
«q0_18: ──────■──────┤ Ry(y[58]) ├┤ Rz(y[78]) ├──┼────────────────────»
«           ┌─┴─┐    ├───────────┤├───────────┤  │                    »
«q0_19: ────┤ X ├────┤ Ry(y[59]) ├┤ Rz(y[79]) ├──■────────────────────»
«           └───┘    └───────────┘└───────────┘                       »
«c0: 20/══════════════════════════════════════════════════════════════»
«                                                                     »
«       ┌────────────┐                                                        »
« q0_0: ┤ Rz(y[100]) ├────────────────────────────────────────────────────────»
«       ├───────────┬┘┌────────────┐                                          »
« q0_1: ┤ Ry(y[81]) ├─┤ Rz(y[101]) ├──────────────────────────────────────────»
«       └───────────┘ ├───────────┬┘┌────────────┐                            »
« q0_2: ──────■───────┤ Ry(y[82]) ├─┤ Rz(y[102]) ├────────────────────────────»
«           ┌─┴─┐     └───────────┘ ├───────────┬┘┌────────────┐              »
« q0_3: ────┤ X ├───────────■───────┤ Ry(y[83]) ├─┤ Rz(y[103]) ├──────────────»
«           └───┘         ┌─┴─┐     └───────────┘ ├───────────┬┘┌────────────┐»
« q0_4: ──────────────────┤ X ├───────────■───────┤ Ry(y[84]) ├─┤ Rz(y[104]) ├»
«                         └───┘         ┌─┴─┐     └───────────┘ ├───────────┬┘»
« q0_5: ────────────────────────────────┤ X ├───────────■───────┤ Ry(y[85]) ├─»
«                                       └───┘         ┌─┴─┐     └───────────┘ »
« q0_6: ──────────────────────────────────────────────┤ X ├───────────■───────»
«                                                     └───┘         ┌─┴─┐     »
« q0_7: ────────────────────────────────────────────────────────────┤ X ├─────»
«                                                                   └───┘     »
« q0_8: ──────────────────────────────────────────────────────────────────────»
«                                                                             »
« q0_9: ──────────────────────────────────────────────────────────────────────»
«                                                                             »
«q0_10: ──────────────────────────────────────────────────────────────────────»
«                                                                             »
«q0_11: ──────────────────────────────────────────────────────────────────────»
«                                                                             »
«q0_12: ──────────────────────────────────────────────────────────────────────»
«                                                                             »
«q0_13: ──────────────────────────────────────────────────────────────────────»
«                                                                             »
«q0_14: ──────────────────────────────────────────────────────────────────────»
«                                                                             »
«q0_15: ──────────────────────────────────────────────────────────────────────»
«                                                                             »
«q0_16: ──────────────────────────────────────────────────────────────────────»
«                                                                             »
«q0_17: ──────────────────────────────────────────────────────────────────────»
«                                                                             »
«q0_18: ──────────────────────────────────────────────────────────────────────»
«                                                                             »
«q0_19: ──────────────────────────────────────────────────────────────────────»
«                                                                             »
«c0: 20/══════════════════════════════════════════════════════════════════════»
«                                                                             »
«                                                                             »
« q0_0: ──────────────────────────────────────────────────────────────────────»
«                                                                             »
« q0_1: ──────────────────────────────────────────────────────────────────────»
«                                                                             »
« q0_2: ──────────────────────────────────────────────────────────────────────»
«                                                                             »
« q0_3: ──────────────────────────────────────────────────────────────────────»
«                                                                             »
« q0_4: ──────────────────────────────────────────────────────────────────────»
«       ┌────────────┐                                                        »
« q0_5: ┤ Rz(y[105]) ├────────────────────────────────────────────────────────»
«       ├───────────┬┘┌────────────┐                                          »
« q0_6: ┤ Ry(y[86]) ├─┤ Rz(y[106]) ├──────────────────────────────────────────»
«       └───────────┘ ├───────────┬┘┌────────────┐                            »
« q0_7: ──────■───────┤ Ry(y[87]) ├─┤ Rz(y[107]) ├────────────────────────────»
«           ┌─┴─┐     └───────────┘ ├───────────┬┘┌────────────┐              »
« q0_8: ────┤ X ├───────────■───────┤ Ry(y[88]) ├─┤ Rz(y[108]) ├──────────────»
«           └───┘         ┌─┴─┐     └───────────┘ ├───────────┬┘┌────────────┐»
« q0_9: ──────────────────┤ X ├───────────■───────┤ Ry(y[89]) ├─┤ Rz(y[109]) ├»
«                         └───┘         ┌─┴─┐     └───────────┘ ├───────────┬┘»
«q0_10: ────────────────────────────────┤ X ├───────────■───────┤ Ry(y[90]) ├─»
«                                       └───┘         ┌─┴─┐     └───────────┘ »
«q0_11: ──────────────────────────────────────────────┤ X ├───────────■───────»
«                                                     └───┘         ┌─┴─┐     »
«q0_12: ────────────────────────────────────────────────────────────┤ X ├─────»
«                                                                   └───┘     »
«q0_13: ──────────────────────────────────────────────────────────────────────»
«                                                                             »
«q0_14: ──────────────────────────────────────────────────────────────────────»
«                                                                             »
«q0_15: ──────────────────────────────────────────────────────────────────────»
«                                                                             »
«q0_16: ──────────────────────────────────────────────────────────────────────»
«                                                                             »
«q0_17: ──────────────────────────────────────────────────────────────────────»
«                                                                             »
«q0_18: ──────────────────────────────────────────────────────────────────────»
«                                                                             »
«q0_19: ──────────────────────────────────────────────────────────────────────»
«                                                                             »
«c0: 20/══════════════════════════════════════════════════════════════════════»
«                                                                             »
«                                                                             »
« q0_0: ──────────────────────────────────────────────────────────────────────»
«                                                                             »
« q0_1: ──────────────────────────────────────────────────────────────────────»
«                                                                             »
« q0_2: ──────────────────────────────────────────────────────────────────────»
«                                                                             »
« q0_3: ──────────────────────────────────────────────────────────────────────»
«                                                                             »
« q0_4: ──────────────────────────────────────────────────────────────────────»
«                                                                             »
« q0_5: ──────────────────────────────────────────────────────────────────────»
«                                                                             »
« q0_6: ──────────────────────────────────────────────────────────────────────»
«                                                                             »
« q0_7: ──────────────────────────────────────────────────────────────────────»
«                                                                             »
« q0_8: ──────────────────────────────────────────────────────────────────────»
«                                                                             »
« q0_9: ──────────────────────────────────────────────────────────────────────»
«       ┌────────────┐                                                        »
«q0_10: ┤ Rz(y[110]) ├────────────────────────────────────────────────────────»
«       ├───────────┬┘┌────────────┐                                          »
«q0_11: ┤ Ry(y[91]) ├─┤ Rz(y[111]) ├──────────────────────────────────────────»
«       └───────────┘ ├───────────┬┘┌────────────┐                            »
«q0_12: ──────■───────┤ Ry(y[92]) ├─┤ Rz(y[112]) ├────────────────────────────»
«           ┌─┴─┐     └───────────┘ ├───────────┬┘┌────────────┐              »
«q0_13: ────┤ X ├───────────■───────┤ Ry(y[93]) ├─┤ Rz(y[113]) ├──────────────»
«           └───┘         ┌─┴─┐     └───────────┘ ├───────────┬┘┌────────────┐»
«q0_14: ──────────────────┤ X ├───────────■───────┤ Ry(y[94]) ├─┤ Rz(y[114]) ├»
«                         └───┘         ┌─┴─┐     └───────────┘ ├───────────┬┘»
«q0_15: ────────────────────────────────┤ X ├───────────■───────┤ Ry(y[95]) ├─»
«                                       └───┘         ┌─┴─┐     └───────────┘ »
«q0_16: ──────────────────────────────────────────────┤ X ├───────────■───────»
«                                                     └───┘         ┌─┴─┐     »
«q0_17: ────────────────────────────────────────────────────────────┤ X ├─────»
«                                                                   └───┘     »
«q0_18: ──────────────────────────────────────────────────────────────────────»
«                                                                             »
«q0_19: ──────────────────────────────────────────────────────────────────────»
«                                                                             »
«c0: 20/══════════════════════════════════════════════════════════════════════»
«                                                                             »
«                                                               
« q0_0: ────────────────────────────────────────────────────────
«                                                               
« q0_1: ────────────────────────────────────────────────────────
«                                                               
« q0_2: ────────────────────────────────────────────────────────
«                                                               
« q0_3: ────────────────────────────────────────────────────────
«                                                               
« q0_4: ────────────────────────────────────────────────────────
«                                                               
« q0_5: ────────────────────────────────────────────────────────
«                                                               
« q0_6: ────────────────────────────────────────────────────────
«                                                               
« q0_7: ────────────────────────────────────────────────────────
«                                                               
« q0_8: ────────────────────────────────────────────────────────
«                                                               
« q0_9: ────────────────────────────────────────────────────────
«                                                               
«q0_10: ────────────────────────────────────────────────────────
«                                                               
«q0_11: ────────────────────────────────────────────────────────
«                                                               
«q0_12: ────────────────────────────────────────────────────────
«                                                               
«q0_13: ────────────────────────────────────────────────────────
«                                                               
«q0_14: ────────────────────────────────────────────────────────
«       ┌────────────┐                                          
«q0_15: ┤ Rz(y[115]) ├──────────────────────────────────────────
«       ├───────────┬┘┌────────────┐                            
«q0_16: ┤ Ry(y[96]) ├─┤ Rz(y[116]) ├────────────────────────────
«       └───────────┘ ├───────────┬┘┌────────────┐              
«q0_17: ──────■───────┤ Ry(y[97]) ├─┤ Rz(y[117]) ├──────────────
«           ┌─┴─┐     └───────────┘ ├───────────┬┘┌────────────┐
«q0_18: ────┤ X ├───────────■───────┤ Ry(y[98]) ├─┤ Rz(y[118]) ├
«           └───┘         ┌─┴─┐     ├───────────┤ ├────────────┤
«q0_19: ──────────────────┤ X ├─────┤ Ry(y[99]) ├─┤ Rz(y[119]) ├
«                         └───┘     └───────────┘ └────────────┘
«c0: 20/════════════════════════════════════════════════════════
«                                                               
ansatz-state is written to ansatz.txt
building constraints...
number of constraints= 400
unique pauliops 780
graphclique-cliquecover: 780 with commutationmode disjointqubits
strategy largest_first 438
strategy random_sequential 440
strategy smallest_last 438
strategy independent_set 453
strategy connected_sequential_bfs 438
strategy connected_sequential_dfs 438
strategy saturation_largest_first 438
number of cliques 438
clique 0 ['IZXXXXXXXXXXXXXXXXXX']
clique 1 ['IZXXXXXXXXXXXXXXXXXY']
clique 2 ['ZXXXXXXXXXXXXXXXXXXX']
clique 3 ['IYXXXXXXXXXXXXXXXXXY']
clique 4 ['IYXXXXXXXXXXXXXXXXXX']
clique 5 ['ZXXXXXXXXXXXXXXXXXXY']
clique 6 ['IZXXXXXXXXXXXXXXXXXZ']
clique 7 ['ZXXXXXXXXXXXXXXXXXXZ']
clique 8 ['IYXXXXXXXXXXXXXXXXXZ']
clique 9 ['IIZXXXXXXXXXXXXXXXXX', 'IXIIIIIIIIIIIIIIIIII']
clique 10 ['IIZXXXXXXXXXXXXXXXXY', 'ZYIIIIIIIIIIIIIIIIII']
clique 11 ['IIYXXXXXXXXXXXXXXXXY', 'ZZIIIIIIIIIIIIIIIIII']
clique 12 ['IIYXXXXXXXXXXXXXXXXX']
clique 13 ['IIZXXXXXXXXXXXXXXXXZ']
clique 14 ['IIIIIIIIIIIIIIIIIIIZ', 'IZXXXXXXXXXXXXXXXXYI']
clique 15 ['IIYXXXXXXXXXXXXXXXXZ']
clique 16 ['IIIIIIIIIIIIIIIIIIIX', 'IYXXXXXXXXXXXXXXXXYI']
clique 17 ['IIIIIIIIIIIIIIIIIIIY', 'ZXXXXXXXXXXXXXXXXXYI']
clique 18 ['IZXXXXXXXXXXXXXXXXZI']
clique 19 ['ZXXXXXXXXXXXXXXXXXZI']
clique 20 ['IYXXXXXXXXXXXXXXXXZI']
clique 21 ['IIZXXXXXXXXXXXXXXXYI']
clique 22 ['IIYXXXXXXXXXXXXXXXYI']
clique 23 ['IIZXXXXXXXXXXXXXXXZI']
clique 24 ['IIYXXXXXXXXXXXXXXXZI']
clique 25 ['IIIZXXXXXXXXXXXXXXXX', 'IZYIIIIIIIIIIIIIIIII']
clique 26 ['IIIZXXXXXXXXXXXXXXXY', 'IYYIIIIIIIIIIIIIIIII']
clique 27 ['IIIYXXXXXXXXXXXXXXXY', 'ZXYIIIIIIIIIIIIIIIII']
clique 28 ['IIIYXXXXXXXXXXXXXXXX', 'IZZIIIIIIIIIIIIIIIII']
clique 29 ['IIIZXXXXXXXXXXXXXXXZ', 'ZXZIIIIIIIIIIIIIIIII']
clique 30 ['IIIYXXXXXXXXXXXXXXXZ', 'IYZIIIIIIIIIIIIIIIII']
clique 31 ['IIIIIIIIIIIIIIIIIIZX', 'IZXXXXXXXXXXXXXXXYII']
clique 32 ['IIIIIIIIIIIIIIIIIIZY', 'IYXXXXXXXXXXXXXXXYII']
clique 33 ['IIIIIIIIIIIIIIIIIIYY', 'ZXXXXXXXXXXXXXXXXYII']
clique 34 ['IIIIIIIIIIIIIIIIIIYX', 'IZXXXXXXXXXXXXXXXZII']
clique 35 ['IIIIIIIIIIIIIIIIIIZZ', 'ZXXXXXXXXXXXXXXXXZII']
clique 36 ['IIIIIIIIIIIIIIIIIIYZ', 'IYXXXXXXXXXXXXXXXZII']
clique 37 ['IIIZXXXXXXXXXXXXXXYI', 'IIXIIIIIIIIIIIIIIIII']
clique 38 ['IIIYXXXXXXXXXXXXXXYI']
clique 39 ['IIIZXXXXXXXXXXXXXXZI']
clique 40 ['IIIIIIIIIIIIIIIIIIXI', 'IIZXXXXXXXXXXXXXXYII']
clique 41 ['IIIYXXXXXXXXXXXXXXZI']
clique 42 ['IIYXXXXXXXXXXXXXXYII']
clique 43 ['IIZXXXXXXXXXXXXXXZII']
clique 44 ['IIYXXXXXXXXXXXXXXZII']
clique 45 ['IIIZXXXXXXXXXXXXXYII']
clique 46 ['IIIYXXXXXXXXXXXXXYII']
clique 47 ['IIIZXXXXXXXXXXXXXZII']
clique 48 ['IIIYXXXXXXXXXXXXXZII']
clique 49 ['IIIIZXXXXXXXXXXXXXXX', 'IZXYIIIIIIIIIIIIIIII']
clique 50 ['IIIIZXXXXXXXXXXXXXXY', 'IYXYIIIIIIIIIIIIIIII']
clique 51 ['IIIIYXXXXXXXXXXXXXXY', 'ZXXYIIIIIIIIIIIIIIII']
clique 52 ['IIIIYXXXXXXXXXXXXXXX', 'IZXZIIIIIIIIIIIIIIII']
clique 53 ['IIIIZXXXXXXXXXXXXXXZ', 'ZXXZIIIIIIIIIIIIIIII']
clique 54 ['IIIIYXXXXXXXXXXXXXXZ', 'IYXZIIIIIIIIIIIIIIII']
clique 55 ['IIIIIIIIIIIIIIIIIZXX', 'IZXXXXXXXXXXXXXXYIII']
clique 56 ['IIIIIIIIIIIIIIIIIZXY', 'IYXXXXXXXXXXXXXXYIII']
clique 57 ['IIIIIIIIIIIIIIIIIYXY', 'ZXXXXXXXXXXXXXXXYIII']
clique 58 ['IIIIIIIIIIIIIIIIIYXX', 'IZXXXXXXXXXXXXXXZIII']
clique 59 ['IIIIIIIIIIIIIIIIIZXZ', 'ZXXXXXXXXXXXXXXXZIII']
clique 60 ['IIIIIIIIIIIIIIIIIYXZ', 'IYXXXXXXXXXXXXXXZIII']
clique 61 ['IIIIZXXXXXXXXXXXXXYI', 'IIZYIIIIIIIIIIIIIIII']
clique 62 ['IIIIYXXXXXXXXXXXXXYI', 'IIYYIIIIIIIIIIIIIIII']
clique 63 ['IIIIZXXXXXXXXXXXXXZI', 'IIZZIIIIIIIIIIIIIIII']
clique 64 ['IIIIYXXXXXXXXXXXXXZI', 'IIYZIIIIIIIIIIIIIIII']
clique 65 ['IIIIIIIIIIIIIIIIIZYI', 'IIZXXXXXXXXXXXXXYIII']
clique 66 ['IIIIIIIIIIIIIIIIIYYI', 'IIYXXXXXXXXXXXXXYIII']
clique 67 ['IIIIIIIIIIIIIIIIIZZI', 'IIZXXXXXXXXXXXXXZIII']
clique 68 ['IIIIIIIIIIIIIIIIIYZI', 'IIYXXXXXXXXXXXXXZIII']
clique 69 ['IIIIZXXXXXXXXXXXXYII', 'IIIXIIIIIIIIIIIIIIII']
clique 70 ['IIIIYXXXXXXXXXXXXYII']
clique 71 ['IIIIZXXXXXXXXXXXXZII']
clique 72 ['IIIIIIIIIIIIIIIIIXII', 'IIIZXXXXXXXXXXXXYIII']
clique 73 ['IIIIYXXXXXXXXXXXXZII']
clique 74 ['IIIYXXXXXXXXXXXXYIII']
clique 75 ['IIIZXXXXXXXXXXXXZIII']
clique 76 ['IIIYXXXXXXXXXXXXZIII']
clique 77 ['IIIIIZXXXXXXXXXXXXXX', 'IZXXYIIIIIIIIIIIIIII']
clique 78 ['IIIIIZXXXXXXXXXXXXXY', 'IYXXYIIIIIIIIIIIIIII']
clique 79 ['IIIIIYXXXXXXXXXXXXXY', 'ZXXXYIIIIIIIIIIIIIII']
clique 80 ['IIIIIYXXXXXXXXXXXXXX', 'IZXXZIIIIIIIIIIIIIII']
clique 81 ['IIIIIZXXXXXXXXXXXXXZ', 'ZXXXZIIIIIIIIIIIIIII']
clique 82 ['IIIIIYXXXXXXXXXXXXXZ', 'IYXXZIIIIIIIIIIIIIII']
clique 83 ['IIIIIIIIIIIIIIIIZXXX', 'IZXXXXXXXXXXXXXYIIII']
clique 84 ['IIIIIIIIIIIIIIIIZXXY', 'IYXXXXXXXXXXXXXYIIII']
clique 85 ['IIIIIIIIIIIIIIIIYXXY', 'ZXXXXXXXXXXXXXXYIIII']
clique 86 ['IIIIIIIIIIIIIIIIYXXX', 'IZXXXXXXXXXXXXXZIIII']
clique 87 ['IIIIIIIIIIIIIIIIZXXZ', 'ZXXXXXXXXXXXXXXZIIII']
clique 88 ['IIIIIIIIIIIIIIIIYXXZ', 'IYXXXXXXXXXXXXXZIIII']
clique 89 ['IIIIIZXXXXXXXXXXXXYI', 'IIZXYIIIIIIIIIIIIIII']
clique 90 ['IIIIIYXXXXXXXXXXXXYI', 'IIYXYIIIIIIIIIIIIIII']
clique 91 ['IIIIIZXXXXXXXXXXXXZI', 'IIZXZIIIIIIIIIIIIIII']
clique 92 ['IIIIIYXXXXXXXXXXXXZI', 'IIYXZIIIIIIIIIIIIIII']
clique 93 ['IIIIIIIIIIIIIIIIZXYI', 'IIZXXXXXXXXXXXXYIIII']
clique 94 ['IIIIIIIIIIIIIIIIYXYI', 'IIYXXXXXXXXXXXXYIIII']
clique 95 ['IIIIIIIIIIIIIIIIZXZI', 'IIZXXXXXXXXXXXXZIIII']
clique 96 ['IIIIIIIIIIIIIIIIYXZI', 'IIYXXXXXXXXXXXXZIIII']
clique 97 ['IIIIZXXXXXXXXXXXYIII']
clique 98 ['IIIIYXXXXXXXXXXXYIII']
clique 99 ['IIIIZXXXXXXXXXXXZIII']
clique 100 ['IIIIYXXXXXXXXXXXZIII']
clique 101 ['IIIIIZXXXXXXXXXXXYII', 'IIIZYIIIIIIIIIIIIIII']
clique 102 ['IIIIIYXXXXXXXXXXXYII', 'IIIYYIIIIIIIIIIIIIII']
clique 103 ['IIIIIZXXXXXXXXXXXZII', 'IIIZZIIIIIIIIIIIIIII']
clique 104 ['IIIIIYXXXXXXXXXXXZII', 'IIIYZIIIIIIIIIIIIIII']
clique 105 ['IIIIIIIIIIIIIIIIZYII', 'IIIZXXXXXXXXXXXYIIII']
clique 106 ['IIIIIIIIIIIIIIIIYYII', 'IIIYXXXXXXXXXXXYIIII']
clique 107 ['IIIIIIIIIIIIIIIIZZII', 'IIIZXXXXXXXXXXXZIIII']
clique 108 ['IIIIIIIIIIIIIIIIYZII', 'IIIYXXXXXXXXXXXZIIII']
clique 109 ['IIIIIIZXXXXXXXXXXXXX', 'IZXXXYIIIIIIIIIIIIII']
clique 110 ['IIIIIIZXXXXXXXXXXXXY', 'IYXXXYIIIIIIIIIIIIII']
clique 111 ['IIIIIIYXXXXXXXXXXXXY', 'ZXXXXYIIIIIIIIIIIIII']
clique 112 ['IIIIIIYXXXXXXXXXXXXX', 'IZXXXZIIIIIIIIIIIIII']
clique 113 ['IIIIIIZXXXXXXXXXXXXZ', 'ZXXXXZIIIIIIIIIIIIII']
clique 114 ['IIIIIIYXXXXXXXXXXXXZ', 'IYXXXZIIIIIIIIIIIIII']
clique 115 ['IIIIIIIIIIIIIIIZXXXX', 'IZXXXXXXXXXXXXYIIIII']
clique 116 ['IIIIIIIIIIIIIIIZXXXY', 'IYXXXXXXXXXXXXYIIIII']
clique 117 ['IIIIIIIIIIIIIIIYXXXY', 'ZXXXXXXXXXXXXXYIIIII']
clique 118 ['IIIIIIIIIIIIIIIYXXXX', 'IZXXXXXXXXXXXXZIIIII']
clique 119 ['IIIIIIIIIIIIIIIZXXXZ', 'ZXXXXXXXXXXXXXZIIIII']
clique 120 ['IIIIIIIIIIIIIIIYXXXZ', 'IYXXXXXXXXXXXXZIIIII']
clique 121 ['IIIIIZXXXXXXXXXXYIII', 'IIIIXIIIIIIIIIIIIIII']
clique 122 ['IIIIIYXXXXXXXXXXYIII']
clique 123 ['IIIIIZXXXXXXXXXXZIII']
clique 124 ['IIIIIIIIIIIIIIIIXIII', 'IIIIZXXXXXXXXXXYIIII']
clique 125 ['IIIIIYXXXXXXXXXXZIII']
clique 126 ['IIIIYXXXXXXXXXXYIIII']
clique 127 ['IIIIZXXXXXXXXXXZIIII']
clique 128 ['IIIIYXXXXXXXXXXZIIII']
clique 129 ['IIIIIIZXXXXXXXXXXXYI', 'IIZXXYIIIIIIIIIIIIII']
clique 130 ['IIIIIIYXXXXXXXXXXXYI', 'IIYXXYIIIIIIIIIIIIII']
clique 131 ['IIIIIIZXXXXXXXXXXXZI', 'IIZXXZIIIIIIIIIIIIII']
clique 132 ['IIIIIIYXXXXXXXXXXXZI', 'IIYXXZIIIIIIIIIIIIII']
clique 133 ['IIIIIIIIIIIIIIIZXXYI', 'IIZXXXXXXXXXXXYIIIII']
clique 134 ['IIIIIIIIIIIIIIIYXXYI', 'IIYXXXXXXXXXXXYIIIII']
clique 135 ['IIIIIIIIIIIIIIIZXXZI', 'IIZXXXXXXXXXXXZIIIII']
clique 136 ['IIIIIIIIIIIIIIIYXXZI', 'IIYXXXXXXXXXXXZIIIII']
clique 137 ['IIIIIIZXXXXXXXXXXYII', 'IIIZXYIIIIIIIIIIIIII']
clique 138 ['IIIIIIYXXXXXXXXXXYII', 'IIIYXYIIIIIIIIIIIIII']
clique 139 ['IIIIIIZXXXXXXXXXXZII', 'IIIZXZIIIIIIIIIIIIII']
clique 140 ['IIIIIIYXXXXXXXXXXZII', 'IIIYXZIIIIIIIIIIIIII']
clique 141 ['IIIIIIIIIIIIIIIZXYII', 'IIIZXXXXXXXXXXYIIIII']
clique 142 ['IIIIIIIIIIIIIIIYXYII', 'IIIYXXXXXXXXXXYIIIII']
clique 143 ['IIIIIIIIIIIIIIIZXZII', 'IIIZXXXXXXXXXXZIIIII']
clique 144 ['IIIIIIIIIIIIIIIYXZII', 'IIIYXXXXXXXXXXZIIIII']
clique 145 ['IIIIIZXXXXXXXXXYIIII']
clique 146 ['IIIIIYXXXXXXXXXYIIII']
clique 147 ['IIIIIZXXXXXXXXXZIIII']
clique 148 ['IIIIIYXXXXXXXXXZIIII']
clique 149 ['IIIIIIZXXXXXXXXXYIII', 'IIIIZYIIIIIIIIIIIIII']
clique 150 ['IIIIIIYXXXXXXXXXYIII', 'IIIIYYIIIIIIIIIIIIII']
clique 151 ['IIIIIIZXXXXXXXXXZIII', 'IIIIZZIIIIIIIIIIIIII']
clique 152 ['IIIIIIYXXXXXXXXXZIII', 'IIIIYZIIIIIIIIIIIIII']
clique 153 ['IIIIIIIIIIIIIIIZYIII', 'IIIIZXXXXXXXXXYIIIII']
clique 154 ['IIIIIIIIIIIIIIIYYIII', 'IIIIYXXXXXXXXXYIIIII']
clique 155 ['IIIIIIIIIIIIIIIZZIII', 'IIIIZXXXXXXXXXZIIIII']
clique 156 ['IIIIIIIIIIIIIIIYZIII', 'IIIIYXXXXXXXXXZIIIII']
clique 157 ['IIIIIIIZXXXXXXXXXXXX', 'IZXXXXYIIIIIIIIIIIII']
clique 158 ['IIIIIIIZXXXXXXXXXXXY', 'IYXXXXYIIIIIIIIIIIII']
clique 159 ['IIIIIIIYXXXXXXXXXXXY', 'ZXXXXXYIIIIIIIIIIIII']
clique 160 ['IIIIIIIYXXXXXXXXXXXX', 'IZXXXXZIIIIIIIIIIIII']
clique 161 ['IIIIIIIZXXXXXXXXXXXZ', 'ZXXXXXZIIIIIIIIIIIII']
clique 162 ['IIIIIIIYXXXXXXXXXXXZ', 'IYXXXXZIIIIIIIIIIIII']
clique 163 ['IIIIIIIIIIIIIIZXXXXX', 'IZXXXXXXXXXXXYIIIIII']
clique 164 ['IIIIIIIIIIIIIIZXXXXY', 'IYXXXXXXXXXXXYIIIIII']
clique 165 ['IIIIIIIIIIIIIIYXXXXY', 'ZXXXXXXXXXXXXYIIIIII']
clique 166 ['IIIIIIIIIIIIIIYXXXXX', 'IZXXXXXXXXXXXZIIIIII']
clique 167 ['IIIIIIIIIIIIIIZXXXXZ', 'ZXXXXXXXXXXXXZIIIIII']
clique 168 ['IIIIIIIIIIIIIIYXXXXZ', 'IYXXXXXXXXXXXZIIIIII']
clique 169 ['IIIIIIIZXXXXXXXXXXYI', 'IIZXXXYIIIIIIIIIIIII']
clique 170 ['IIIIIIIYXXXXXXXXXXYI', 'IIYXXXYIIIIIIIIIIIII']
clique 171 ['IIIIIIIZXXXXXXXXXXZI', 'IIZXXXZIIIIIIIIIIIII']
clique 172 ['IIIIIIIYXXXXXXXXXXZI', 'IIYXXXZIIIIIIIIIIIII']
clique 173 ['IIIIIIIIIIIIIIZXXXYI', 'IIZXXXXXXXXXXYIIIIII']
clique 174 ['IIIIIIIIIIIIIIYXXXYI', 'IIYXXXXXXXXXXYIIIIII']
clique 175 ['IIIIIIIIIIIIIIZXXXZI', 'IIZXXXXXXXXXXZIIIIII']
clique 176 ['IIIIIIIIIIIIIIYXXXZI', 'IIYXXXXXXXXXXZIIIIII']
clique 177 ['IIIIIIIZXXXXXXXXXYII', 'IIIZXXYIIIIIIIIIIIII']
clique 178 ['IIIIIIIYXXXXXXXXXYII', 'IIIYXXYIIIIIIIIIIIII']
clique 179 ['IIIIIIIZXXXXXXXXXZII', 'IIIZXXZIIIIIIIIIIIII']
clique 180 ['IIIIIIIYXXXXXXXXXZII', 'IIIYXXZIIIIIIIIIIIII']
clique 181 ['IIIIIIIIIIIIIIZXXYII', 'IIIZXXXXXXXXXYIIIIII']
clique 182 ['IIIIIIIIIIIIIIYXXYII', 'IIIYXXXXXXXXXYIIIIII']
clique 183 ['IIIIIIIIIIIIIIZXXZII', 'IIIZXXXXXXXXXZIIIIII']
clique 184 ['IIIIIIIIIIIIIIYXXZII', 'IIIYXXXXXXXXXZIIIIII']
clique 185 ['IIIIIIZXXXXXXXXYIIII', 'IIIIIXIIIIIIIIIIIIII']
clique 186 ['IIIIIIYXXXXXXXXYIIII']
clique 187 ['IIIIIIZXXXXXXXXZIIII']
clique 188 ['IIIIIIIIIIIIIIIXIIII', 'IIIIIZXXXXXXXXYIIIII']
clique 189 ['IIIIIIYXXXXXXXXZIIII']
clique 190 ['IIIIIYXXXXXXXXYIIIII']
clique 191 ['IIIIIZXXXXXXXXZIIIII']
clique 192 ['IIIIIYXXXXXXXXZIIIII']
clique 193 ['IIIIIIIZXXXXXXXXYIII', 'IIIIZXYIIIIIIIIIIIII']
clique 194 ['IIIIIIIYXXXXXXXXYIII', 'IIIIYXYIIIIIIIIIIIII']
clique 195 ['IIIIIIIZXXXXXXXXZIII', 'IIIIZXZIIIIIIIIIIIII']
clique 196 ['IIIIIIIYXXXXXXXXZIII', 'IIIIYXZIIIIIIIIIIIII']
clique 197 ['IIIIIIIIIIIIIIZXYIII', 'IIIIZXXXXXXXXYIIIIII']
clique 198 ['IIIIIIIIIIIIIIYXYIII', 'IIIIYXXXXXXXXYIIIIII']
clique 199 ['IIIIIIIIIIIIIIZXZIII', 'IIIIZXXXXXXXXZIIIIII']
clique 200 ['IIIIIIIIIIIIIIYXZIII', 'IIIIYXXXXXXXXZIIIIII']
clique 201 ['IIIIIIIIZXXXXXXXXXXX', 'IZXXXXXYIIIIIIIIIIII']
clique 202 ['IIIIIIIIZXXXXXXXXXXY', 'IYXXXXXYIIIIIIIIIIII']
clique 203 ['IIIIIIIIYXXXXXXXXXXY', 'ZXXXXXXYIIIIIIIIIIII']
clique 204 ['IIIIIIIIYXXXXXXXXXXX', 'IZXXXXXZIIIIIIIIIIII']
clique 205 ['IIIIIIIIZXXXXXXXXXXZ', 'ZXXXXXXZIIIIIIIIIIII']
clique 206 ['IIIIIIIIYXXXXXXXXXXZ', 'IYXXXXXZIIIIIIIIIIII']
clique 207 ['IIIIIIIIIIIIIZXXXXXX', 'IZXXXXXXXXXXYIIIIIII']
clique 208 ['IIIIIIIIIIIIIZXXXXXY', 'IYXXXXXXXXXXYIIIIIII']
clique 209 ['IIIIIIIIIIIIIYXXXXXY', 'ZXXXXXXXXXXXYIIIIIII']
clique 210 ['IIIIIIIIIIIIIYXXXXXX', 'IZXXXXXXXXXXZIIIIIII']
clique 211 ['IIIIIIIIIIIIIZXXXXXZ', 'ZXXXXXXXXXXXZIIIIIII']
clique 212 ['IIIIIIIIIIIIIYXXXXXZ', 'IYXXXXXXXXXXZIIIIIII']
clique 213 ['IIIIIIIIZXXXXXXXXXYI', 'IIZXXXXYIIIIIIIIIIII']
clique 214 ['IIIIIIIIYXXXXXXXXXYI', 'IIYXXXXYIIIIIIIIIIII']
clique 215 ['IIIIIIIIZXXXXXXXXXZI', 'IIZXXXXZIIIIIIIIIIII']
clique 216 ['IIIIIIIIYXXXXXXXXXZI', 'IIYXXXXZIIIIIIIIIIII']
clique 217 ['IIIIIIIIIIIIIZXXXXYI', 'IIZXXXXXXXXXYIIIIIII']
clique 218 ['IIIIIIIIIIIIIYXXXXYI', 'IIYXXXXXXXXXYIIIIIII']
clique 219 ['IIIIIIIIIIIIIZXXXXZI', 'IIZXXXXXXXXXZIIIIIII']
clique 220 ['IIIIIIIIIIIIIYXXXXZI', 'IIYXXXXXXXXXZIIIIIII']
clique 221 ['IIIIIIZXXXXXXXYIIIII']
clique 222 ['IIIIIIYXXXXXXXYIIIII']
clique 223 ['IIIIIIZXXXXXXXZIIIII']
clique 224 ['IIIIIIYXXXXXXXZIIIII']
clique 225 ['IIIIIIIZXXXXXXXYIIII', 'IIIIIZYIIIIIIIIIIIII']
clique 226 ['IIIIIIIYXXXXXXXYIIII', 'IIIIIYYIIIIIIIIIIIII']
clique 227 ['IIIIIIIZXXXXXXXZIIII', 'IIIIIZZIIIIIIIIIIIII']
clique 228 ['IIIIIIIYXXXXXXXZIIII', 'IIIIIYZIIIIIIIIIIIII']
clique 229 ['IIIIIIIIIIIIIIZYIIII', 'IIIIIZXXXXXXXYIIIIII']
clique 230 ['IIIIIIIIIIIIIIYYIIII', 'IIIIIYXXXXXXXYIIIIII']
clique 231 ['IIIIIIIIIIIIIIZZIIII', 'IIIIIZXXXXXXXZIIIIII']
clique 232 ['IIIIIIIIIIIIIIYZIIII', 'IIIIIYXXXXXXXZIIIIII']
clique 233 ['IIIIIIIIZXXXXXXXXYII', 'IIIZXXXYIIIIIIIIIIII']
clique 234 ['IIIIIIIIYXXXXXXXXYII', 'IIIYXXXYIIIIIIIIIIII']
clique 235 ['IIIIIIIIZXXXXXXXXZII', 'IIIZXXXZIIIIIIIIIIII']
clique 236 ['IIIIIIIIYXXXXXXXXZII', 'IIIYXXXZIIIIIIIIIIII']
clique 237 ['IIIIIIIIIIIIIZXXXYII', 'IIIZXXXXXXXXYIIIIIII']
clique 238 ['IIIIIIIIIIIIIYXXXYII', 'IIIYXXXXXXXXYIIIIIII']
clique 239 ['IIIIIIIIIIIIIZXXXZII', 'IIIZXXXXXXXXZIIIIIII']
clique 240 ['IIIIIIIIIIIIIYXXXZII', 'IIIYXXXXXXXXZIIIIIII']
clique 241 ['IIIIIIIIZXXXXXXXYIII', 'IIIIZXXYIIIIIIIIIIII']
clique 242 ['IIIIIIIIYXXXXXXXYIII', 'IIIIYXXYIIIIIIIIIIII']
clique 243 ['IIIIIIIIZXXXXXXXZIII', 'IIIIZXXZIIIIIIIIIIII']
clique 244 ['IIIIIIIIYXXXXXXXZIII', 'IIIIYXXZIIIIIIIIIIII']
clique 245 ['IIIIIIIIIIIIIZXXYIII', 'IIIIZXXXXXXXYIIIIIII']
clique 246 ['IIIIIIIIIIIIIYXXYIII', 'IIIIYXXXXXXXYIIIIIII']
clique 247 ['IIIIIIIIIIIIIZXXZIII', 'IIIIZXXXXXXXZIIIIIII']
clique 248 ['IIIIIIIIIIIIIYXXZIII', 'IIIIYXXXXXXXZIIIIIII']
clique 249 ['IIIIIIIZXXXXXXYIIIII', 'IIIIIIXIIIIIIIIIIIII']
clique 250 ['IIIIIIIYXXXXXXYIIIII']
clique 251 ['IIIIIIIZXXXXXXZIIIII']
clique 252 ['IIIIIIIIIIIIIIXIIIII', 'IIIIIIZXXXXXXYIIIIII']
clique 253 ['IIIIIIIYXXXXXXZIIIII']
clique 254 ['IIIIIIYXXXXXXYIIIIII']
clique 255 ['IIIIIIZXXXXXXZIIIIII']
clique 256 ['IIIIIIYXXXXXXZIIIIII']
clique 257 ['IIIIIIIIIZXXXXXXXXXX', 'IZXXXXXXYIIIIIIIIIII']
clique 258 ['IIIIIIIIIZXXXXXXXXXY', 'IYXXXXXXYIIIIIIIIIII']
clique 259 ['IIIIIIIIIYXXXXXXXXXY', 'ZXXXXXXXYIIIIIIIIIII']
clique 260 ['IIIIIIIIIYXXXXXXXXXX', 'IZXXXXXXZIIIIIIIIIII']
clique 261 ['IIIIIIIIIZXXXXXXXXXZ', 'ZXXXXXXXZIIIIIIIIIII']
clique 262 ['IIIIIIIIIYXXXXXXXXXZ', 'IYXXXXXXZIIIIIIIIIII']
clique 263 ['IIIIIIIIIIIIZXXXXXXX', 'IZXXXXXXXXXYIIIIIIII']
clique 264 ['IIIIIIIIIIIIZXXXXXXY', 'IYXXXXXXXXXYIIIIIIII']
clique 265 ['IIIIIIIIIIIIYXXXXXXY', 'ZXXXXXXXXXXYIIIIIIII']
clique 266 ['IIIIIIIIIIIIYXXXXXXX', 'IZXXXXXXXXXZIIIIIIII']
clique 267 ['IIIIIIIIIIIIZXXXXXXZ', 'ZXXXXXXXXXXZIIIIIIII']
clique 268 ['IIIIIIIIIIIIYXXXXXXZ', 'IYXXXXXXXXXZIIIIIIII']
clique 269 ['IIIIIIIIIZXXXXXXXXYI', 'IIZXXXXXYIIIIIIIIIII']
clique 270 ['IIIIIIIIIYXXXXXXXXYI', 'IIYXXXXXYIIIIIIIIIII']
clique 271 ['IIIIIIIIIZXXXXXXXXZI', 'IIZXXXXXZIIIIIIIIIII']
clique 272 ['IIIIIIIIIYXXXXXXXXZI', 'IIYXXXXXZIIIIIIIIIII']
clique 273 ['IIIIIIIIIIIIZXXXXXYI', 'IIZXXXXXXXXYIIIIIIII']
clique 274 ['IIIIIIIIIIIIYXXXXXYI', 'IIYXXXXXXXXYIIIIIIII']
clique 275 ['IIIIIIIIIIIIZXXXXXZI', 'IIZXXXXXXXXZIIIIIIII']
clique 276 ['IIIIIIIIIIIIYXXXXXZI', 'IIYXXXXXXXXZIIIIIIII']
clique 277 ['IIIIIIIIZXXXXXXYIIII', 'IIIIIZXYIIIIIIIIIIII']
clique 278 ['IIIIIIIIYXXXXXXYIIII', 'IIIIIYXYIIIIIIIIIIII']
clique 279 ['IIIIIIIIZXXXXXXZIIII', 'IIIIIZXZIIIIIIIIIIII']
clique 280 ['IIIIIIIIYXXXXXXZIIII', 'IIIIIYXZIIIIIIIIIIII']
clique 281 ['IIIIIIIIIIIIIZXYIIII', 'IIIIIZXXXXXXYIIIIIII']
clique 282 ['IIIIIIIIIIIIIYXYIIII', 'IIIIIYXXXXXXYIIIIIII']
clique 283 ['IIIIIIIIIIIIIZXZIIII', 'IIIIIZXXXXXXZIIIIIII']
clique 284 ['IIIIIIIIIIIIIYXZIIII', 'IIIIIYXXXXXXZIIIIIII']
clique 285 ['IIIIIIIIIZXXXXXXXYII', 'IIIZXXXXYIIIIIIIIIII']
clique 286 ['IIIIIIIIIYXXXXXXXYII', 'IIIYXXXXYIIIIIIIIIII']
clique 287 ['IIIIIIIIIZXXXXXXXZII', 'IIIZXXXXZIIIIIIIIIII']
clique 288 ['IIIIIIIIIYXXXXXXXZII', 'IIIYXXXXZIIIIIIIIIII']
clique 289 ['IIIIIIIIIIIIZXXXXYII', 'IIIZXXXXXXXYIIIIIIII']
clique 290 ['IIIIIIIIIIIIYXXXXYII', 'IIIYXXXXXXXYIIIIIIII']
clique 291 ['IIIIIIIIIIIIZXXXXZII', 'IIIZXXXXXXXZIIIIIIII']
clique 292 ['IIIIIIIIIIIIYXXXXZII', 'IIIYXXXXXXXZIIIIIIII']
clique 293 ['IIIIIIIZXXXXXYIIIIII']
clique 294 ['IIIIIIIYXXXXXYIIIIII']
clique 295 ['IIIIIIIZXXXXXZIIIIII']
clique 296 ['IIIIIIIYXXXXXZIIIIII']
clique 297 ['IIIIIIIIIZXXXXXXYIII', 'IIIIZXXXYIIIIIIIIIII']
clique 298 ['IIIIIIIIIYXXXXXXYIII', 'IIIIYXXXYIIIIIIIIIII']
clique 299 ['IIIIIIIIIZXXXXXXZIII', 'IIIIZXXXZIIIIIIIIIII']
clique 300 ['IIIIIIIIIYXXXXXXZIII', 'IIIIYXXXZIIIIIIIIIII']
clique 301 ['IIIIIIIIIIIIZXXXYIII', 'IIIIZXXXXXXYIIIIIIII']
clique 302 ['IIIIIIIIIIIIYXXXYIII', 'IIIIYXXXXXXYIIIIIIII']
clique 303 ['IIIIIIIIIIIIZXXXZIII', 'IIIIZXXXXXXZIIIIIIII']
clique 304 ['IIIIIIIIIIIIYXXXZIII', 'IIIIYXXXXXXZIIIIIIII']
clique 305 ['IIIIIIIIZXXXXXYIIIII', 'IIIIIIZYIIIIIIIIIIII']
clique 306 ['IIIIIIIIYXXXXXYIIIII', 'IIIIIIYYIIIIIIIIIIII']
clique 307 ['IIIIIIIIZXXXXXZIIIII', 'IIIIIIZZIIIIIIIIIIII']
clique 308 ['IIIIIIIIYXXXXXZIIIII', 'IIIIIIYZIIIIIIIIIIII']
clique 309 ['IIIIIIIIIIIIIZYIIIII', 'IIIIIIZXXXXXYIIIIIII']
clique 310 ['IIIIIIIIIIIIIYYIIIII', 'IIIIIIYXXXXXYIIIIIII']
clique 311 ['IIIIIIIIIIIIIZZIIIII', 'IIIIIIZXXXXXZIIIIIII']
clique 312 ['IIIIIIIIIIIIIYZIIIII', 'IIIIIIYXXXXXZIIIIIII']
clique 313 ['IIIIIIIIIIZXXXXXXXXX', 'IZXXXXXXXYIIIIIIIIII']
clique 314 ['IIIIIIIIIIZXXXXXXXXY', 'IYXXXXXXXYIIIIIIIIII']
clique 315 ['IIIIIIIIIIYXXXXXXXXY', 'ZXXXXXXXXYIIIIIIIIII']
clique 316 ['IIIIIIIIIIYXXXXXXXXX', 'IZXXXXXXXZIIIIIIIIII']
clique 317 ['IIIIIIIIIIZXXXXXXXXZ', 'ZXXXXXXXXZIIIIIIIIII']
clique 318 ['IIIIIIIIIIYXXXXXXXXZ', 'IYXXXXXXXZIIIIIIIIII']
clique 319 ['IIIIIIIIIIIZXXXXXXXX', 'IZXXXXXXXXYIIIIIIIII']
clique 320 ['IIIIIIIIIIIZXXXXXXXY', 'IYXXXXXXXXYIIIIIIIII']
clique 321 ['IIIIIIIIIIIYXXXXXXXY', 'ZXXXXXXXXXYIIIIIIIII']
clique 322 ['IIIIIIIIIIIYXXXXXXXX', 'IZXXXXXXXXZIIIIIIIII']
clique 323 ['IIIIIIIIIIIZXXXXXXXZ', 'ZXXXXXXXXXZIIIIIIIII']
clique 324 ['IIIIIIIIIIIYXXXXXXXZ', 'IYXXXXXXXXZIIIIIIIII']
clique 325 ['IIIIIIIIIZXXXXXYIIII', 'IIIIIZXXYIIIIIIIIIII']
clique 326 ['IIIIIIIIIYXXXXXYIIII', 'IIIIIYXXYIIIIIIIIIII']
clique 327 ['IIIIIIIIIZXXXXXZIIII', 'IIIIIZXXZIIIIIIIIIII']
clique 328 ['IIIIIIIIIYXXXXXZIIII', 'IIIIIYXXZIIIIIIIIIII']
clique 329 ['IIIIIIIIIIIIZXXYIIII', 'IIIIIZXXXXXYIIIIIIII']
clique 330 ['IIIIIIIIIIIIYXXYIIII', 'IIIIIYXXXXXYIIIIIIII']
clique 331 ['IIIIIIIIIIIIZXXZIIII', 'IIIIIZXXXXXZIIIIIIII']
clique 332 ['IIIIIIIIIIIIYXXZIIII', 'IIIIIYXXXXXZIIIIIIII']
clique 333 ['IIIIIIIIIIZXXXXXXXYI', 'IIZXXXXXXYIIIIIIIIII']
clique 334 ['IIIIIIIIIIYXXXXXXXYI', 'IIYXXXXXXYIIIIIIIIII']
clique 335 ['IIIIIIIIIIZXXXXXXXZI', 'IIZXXXXXXZIIIIIIIIII']
clique 336 ['IIIIIIIIIIYXXXXXXXZI', 'IIYXXXXXXZIIIIIIIIII']
clique 337 ['IIIIIIIIIIIZXXXXXXYI', 'IIZXXXXXXXYIIIIIIIII']
clique 338 ['IIIIIIIIIIIYXXXXXXYI', 'IIYXXXXXXXYIIIIIIIII']
clique 339 ['IIIIIIIIIIIZXXXXXXZI', 'IIZXXXXXXXZIIIIIIIII']
clique 340 ['IIIIIIIIIIIYXXXXXXZI', 'IIYXXXXXXXZIIIIIIIII']
clique 341 ['IIIIIIIIIIZXXXXXXYII', 'IIIZXXXXXYIIIIIIIIII']
clique 342 ['IIIIIIIIIIYXXXXXXYII', 'IIIYXXXXXYIIIIIIIIII']
clique 343 ['IIIIIIIIIIZXXXXXXZII', 'IIIZXXXXXZIIIIIIIIII']
clique 344 ['IIIIIIIIIIYXXXXXXZII', 'IIIYXXXXXZIIIIIIIIII']
clique 345 ['IIIIIIIIIIIZXXXXXYII', 'IIIZXXXXXXYIIIIIIIII']
clique 346 ['IIIIIIIIIIIYXXXXXYII', 'IIIYXXXXXXYIIIIIIIII']
clique 347 ['IIIIIIIIIIIZXXXXXZII', 'IIIZXXXXXXZIIIIIIIII']
clique 348 ['IIIIIIIIIIIYXXXXXZII', 'IIIYXXXXXXZIIIIIIIII']
clique 349 ['IIIIIIIIZXXXXYIIIIII', 'IIIIIIIXIIIIIIIIIIII']
clique 350 ['IIIIIIIIYXXXXYIIIIII']
clique 351 ['IIIIIIIIZXXXXZIIIIII']
clique 352 ['IIIIIIIIIIIIIXIIIIII', 'IIIIIIIZXXXXYIIIIIII']
clique 353 ['IIIIIIIIYXXXXZIIIIII']
clique 354 ['IIIIIIIYXXXXYIIIIIII']
clique 355 ['IIIIIIIZXXXXZIIIIIII']
clique 356 ['IIIIIIIYXXXXZIIIIIII']
clique 357 ['IIIIIIIIIZXXXXYIIIII', 'IIIIIIZXYIIIIIIIIIII']
clique 358 ['IIIIIIIIIYXXXXYIIIII', 'IIIIIIYXYIIIIIIIIIII']
clique 359 ['IIIIIIIIIZXXXXZIIIII', 'IIIIIIZXZIIIIIIIIIII']
clique 360 ['IIIIIIIIIYXXXXZIIIII', 'IIIIIIYXZIIIIIIIIIII']
clique 361 ['IIIIIIIIIIIIZXYIIIII', 'IIIIIIZXXXXYIIIIIIII']
clique 362 ['IIIIIIIIIIIIYXYIIIII', 'IIIIIIYXXXXYIIIIIIII']
clique 363 ['IIIIIIIIIIIIZXZIIIII', 'IIIIIIZXXXXZIIIIIIII']
clique 364 ['IIIIIIIIIIIIYXZIIIII', 'IIIIIIYXXXXZIIIIIIII']
clique 365 ['IIIIIIIIIIZXXXXXYIII', 'IIIIZXXXXYIIIIIIIIII']
clique 366 ['IIIIIIIIIIYXXXXXYIII', 'IIIIYXXXXYIIIIIIIIII']
clique 367 ['IIIIIIIIIIZXXXXXZIII', 'IIIIZXXXXZIIIIIIIIII']
clique 368 ['IIIIIIIIIIYXXXXXZIII', 'IIIIYXXXXZIIIIIIIIII']
clique 369 ['IIIIIIIIIIIZXXXXYIII', 'IIIIZXXXXXYIIIIIIIII']
clique 370 ['IIIIIIIIIIIYXXXXYIII', 'IIIIYXXXXXYIIIIIIIII']
clique 371 ['IIIIIIIIIIIZXXXXZIII', 'IIIIZXXXXXZIIIIIIIII']
clique 372 ['IIIIIIIIIIIYXXXXZIII', 'IIIIYXXXXXZIIIIIIIII']
clique 373 ['IIIIIIIIIIZXXXXYIIII', 'IIIIIZXXXYIIIIIIIIII']
clique 374 ['IIIIIIIIIIYXXXXYIIII', 'IIIIIYXXXYIIIIIIIIII']
clique 375 ['IIIIIIIIIIZXXXXZIIII', 'IIIIIZXXXZIIIIIIIIII']
clique 376 ['IIIIIIIIIIYXXXXZIIII', 'IIIIIYXXXZIIIIIIIIII']
clique 377 ['IIIIIIIIIIIZXXXYIIII', 'IIIIIZXXXXYIIIIIIIII']
clique 378 ['IIIIIIIIIIIYXXXYIIII', 'IIIIIYXXXXYIIIIIIIII']
clique 379 ['IIIIIIIIIIIZXXXZIIII', 'IIIIIZXXXXZIIIIIIIII']
clique 380 ['IIIIIIIIIIIYXXXZIIII', 'IIIIIYXXXXZIIIIIIIII']
clique 381 ['IIIIIIIIZXXXYIIIIIII']
clique 382 ['IIIIIIIIYXXXYIIIIIII']
clique 383 ['IIIIIIIIZXXXZIIIIIII']
clique 384 ['IIIIIIIIYXXXZIIIIIII']
clique 385 ['IIIIIIIIIZXXXYIIIIII', 'IIIIIIIZYIIIIIIIIIII']
clique 386 ['IIIIIIIIIYXXXYIIIIII', 'IIIIIIIYYIIIIIIIIIII']
clique 387 ['IIIIIIIIIZXXXZIIIIII', 'IIIIIIIZZIIIIIIIIIII']
clique 388 ['IIIIIIIIIYXXXZIIIIII', 'IIIIIIIYZIIIIIIIIIII']
clique 389 ['IIIIIIIIIIIIZYIIIIII', 'IIIIIIIZXXXYIIIIIIII']
clique 390 ['IIIIIIIIIIIIYYIIIIII', 'IIIIIIIYXXXYIIIIIIII']
clique 391 ['IIIIIIIIIIIIZZIIIIII', 'IIIIIIIZXXXZIIIIIIII']
clique 392 ['IIIIIIIIIIIIYZIIIIII', 'IIIIIIIYXXXZIIIIIIII']
clique 393 ['IIIIIIIIIIZXXXYIIIII', 'IIIIIIZXXYIIIIIIIIII']
clique 394 ['IIIIIIIIIIYXXXYIIIII', 'IIIIIIYXXYIIIIIIIIII']
clique 395 ['IIIIIIIIIIZXXXZIIIII', 'IIIIIIZXXZIIIIIIIIII']
clique 396 ['IIIIIIIIIIYXXXZIIIII', 'IIIIIIYXXZIIIIIIIIII']
clique 397 ['IIIIIIIIIIIZXXYIIIII', 'IIIIIIZXXXYIIIIIIIII']
clique 398 ['IIIIIIIIIIIYXXYIIIII', 'IIIIIIYXXXYIIIIIIIII']
clique 399 ['IIIIIIIIIIIZXXZIIIII', 'IIIIIIZXXXZIIIIIIIII']
clique 400 ['IIIIIIIIIIIYXXZIIIII', 'IIIIIIYXXXZIIIIIIIII']
clique 401 ['IIIIIIIIIZXXYIIIIIII', 'IIIIIIIIXIIIIIIIIIII']
clique 402 ['IIIIIIIIIYXXYIIIIIII']
clique 403 ['IIIIIIIIIZXXZIIIIIII']
clique 404 ['IIIIIIIIIIIIXIIIIIII', 'IIIIIIIIZXXYIIIIIIII']
clique 405 ['IIIIIIIIIYXXZIIIIIII']
clique 406 ['IIIIIIIIYXXYIIIIIIII']
clique 407 ['IIIIIIIIZXXZIIIIIIII']
clique 408 ['IIIIIIIIYXXZIIIIIIII']
clique 409 ['IIIIIIIIIIZXXYIIIIII', 'IIIIIIIZXYIIIIIIIIII']
clique 410 ['IIIIIIIIIIYXXYIIIIII', 'IIIIIIIYXYIIIIIIIIII']
clique 411 ['IIIIIIIIIIZXXZIIIIII', 'IIIIIIIZXZIIIIIIIIII']
clique 412 ['IIIIIIIIIIYXXZIIIIII', 'IIIIIIIYXZIIIIIIIIII']
clique 413 ['IIIIIIIIIIIZXYIIIIII', 'IIIIIIIZXXYIIIIIIIII']
clique 414 ['IIIIIIIIIIIYXYIIIIII', 'IIIIIIIYXXYIIIIIIIII']
clique 415 ['IIIIIIIIIIIZXZIIIIII', 'IIIIIIIZXXZIIIIIIIII']
clique 416 ['IIIIIIIIIIIYXZIIIIII', 'IIIIIIIYXXZIIIIIIIII']
clique 417 ['IIIIIIIIIZXYIIIIIIII']
clique 418 ['IIIIIIIIIYXYIIIIIIII']
clique 419 ['IIIIIIIIIZXZIIIIIIII']
clique 420 ['IIIIIIIIIYXZIIIIIIII']
clique 421 ['IIIIIIIIIIZXYIIIIIII', 'IIIIIIIIZYIIIIIIIIII']
clique 422 ['IIIIIIIIIIYXYIIIIIII', 'IIIIIIIIYYIIIIIIIIII']
clique 423 ['IIIIIIIIIIZXZIIIIIII', 'IIIIIIIIZZIIIIIIIIII']
clique 424 ['IIIIIIIIIIYXZIIIIIII', 'IIIIIIIIYZIIIIIIIIII']
clique 425 ['IIIIIIIIIIIZYIIIIIII', 'IIIIIIIIZXYIIIIIIIII']
clique 426 ['IIIIIIIIIIIYYIIIIIII', 'IIIIIIIIYXYIIIIIIIII']
clique 427 ['IIIIIIIIIIIZZIIIIIII', 'IIIIIIIIZXZIIIIIIIII']
clique 428 ['IIIIIIIIIIIYZIIIIIII', 'IIIIIIIIYXZIIIIIIIII']
clique 429 ['IIIIIIIIIIZYIIIIIIII', 'IIIIIIIIIXIIIIIIIIII']
clique 430 ['IIIIIIIIIIYYIIIIIIII']
clique 431 ['IIIIIIIIIIZZIIIIIIII']
clique 432 ['IIIIIIIIIIIXIIIIIIII', 'IIIIIIIIIZYIIIIIIIII']
clique 433 ['IIIIIIIIIIYZIIIIIIII']
clique 434 ['IIIIIIIIIYYIIIIIIIII']
clique 435 ['IIIIIIIIIZZIIIIIIIII']
clique 436 ['IIIIIIIIIYZIIIIIIIII']
clique 437 ['IIIIIIIIIIXIIIIIIIII']
