GS energy with  DMRG -3.7635428474099806
N= 3.0000000000000004
E= -3.7635428474099806
D= [[ 4.92304822e-01+0.j -2.71360027e-01+0.j  3.45886277e-01+0.j
   2.78084500e-12+0.j  6.25781825e-03+0.j  2.20673482e-01+0.j]
 [-2.71360027e-01+0.j  5.07695178e-01+0.j -3.00626191e-12+0.j
   3.45886277e-01+0.j  2.20673482e-01+0.j -6.25781825e-03+0.j]
 [ 3.45886277e-01+0.j -3.00626884e-12+0.j  5.01217145e-01+0.j
   4.29209744e-02+0.j  3.45886277e-01+0.j  8.55523935e-13+0.j]
 [ 2.78080337e-12+0.j  3.45886277e-01+0.j  4.29209744e-02+0.j
   4.98782855e-01+0.j -5.35238520e-13+0.j  3.45886277e-01+0.j]
 [ 6.25781825e-03+0.j  2.20673482e-01+0.j  3.45886277e-01+0.j
  -5.35280154e-13+0.j  4.92304822e-01+0.j -2.71360027e-01+0.j]
 [ 2.20673482e-01+0.j -6.25781825e-03+0.j  8.55482301e-13+0.j
   3.45886277e-01+0.j -2.71360027e-01+0.j  5.07695178e-01+0.j]]
W= [0.14578878+0.j 0.21196981+0.j 0.14578878+0.j]
local approximation with  1 sites
local interactions on sites [[0], [1], [2]]
Functional for interaction on sites [0]
aca-directory for images already exists
aca-directory for images already exists
aca-directory for images already exists
interacting orbitals: [0, 1]
mapping: [0, 1, 2, 3, 4, 5]
aca-directory for images already exists
aca-directory for images already exists
aca-directory for images already exists
orbinteractaca= [0, 1]
aca-directory for images already exists
aca-directory for images already exists
aca-directory for images already exists
aca-directory for images already exists
aca-directory for images already exists
aca-directory for images already exists
aca-directory for images already exists
aca-directory for images already exists
aca-directory for images already exists
aca-directory for images already exists
aca-directory for images already exists
aca-directory for images already exists
aca-directory for images already exists
aca-directory for images already exists
aca-directory for images already exists
aca: level 2  norb= 6
Daca= [[ 4.92304822e-01+0.j -2.71360027e-01+0.j -4.10333112e-01+0.j
  -4.22086531e-19+0.j -4.29278280e-19+0.j -5.16896569e-17+0.j]
 [-2.71360027e-01+0.j  5.07695178e-01+0.j  5.58387702e-15+0.j
  -4.10333112e-01+0.j  5.17716063e-17+0.j -1.13918780e-18+0.j]
 [-4.10333112e-01+0.j  5.60904061e-15+0.j  5.07530420e-01+0.j
   2.65550055e-01+0.j  3.06522849e-03+0.j  0.00000000e+00+0.j]
 [ 4.90279248e-17+0.j -4.10333112e-01+0.j  2.65550055e-01+0.j
   4.92469580e-01+0.j  2.42046319e-14+0.j -3.06522849e-03+0.j]
 [-1.27416368e-18+0.j  6.04901764e-17+0.j  3.06522849e-03+0.j
   2.41489218e-14+0.j  4.85991547e-01+0.j  4.93989107e-01+0.j]
 [-7.50859475e-17+0.j -2.86498275e-17+0.j  6.07762198e-17+0.j
  -3.06522849e-03+0.j  4.93989107e-01+0.j  5.14008453e-01+0.j]]
Naca= (1.4858267891505004, 1.5141732108494999)
nq= 6
variational state:
      ┌──────────┐ ┌──────────┐┌───┐     ┌───────────┐┌───────────┐»
q0_0: ┤ Ry(y[0]) ├─┤ Rz(y[6]) ├┤ X ├──■──┤ Ry(y[12]) ├┤ Rz(y[18]) ├»
      ├──────────┤ ├──────────┤└─┬─┘┌─┴─┐└───────────┘├───────────┤»
q0_1: ┤ Ry(y[1]) ├─┤ Rz(y[7]) ├──┼──┤ X ├──────■──────┤ Ry(y[13]) ├»
      ├──────────┤ ├──────────┤  │  └───┘    ┌─┴─┐    └───────────┘»
q0_2: ┤ Ry(y[2]) ├─┤ Rz(y[8]) ├──┼───────────┤ X ├──────────■──────»
      ├──────────┤ ├──────────┤  │           └───┘        ┌─┴─┐    »
q0_3: ┤ Ry(y[3]) ├─┤ Rz(y[9]) ├──┼────────────────────────┤ X ├────»
      ├──────────┤┌┴──────────┤  │                        └───┘    »
q0_4: ┤ Ry(y[4]) ├┤ Rz(y[10]) ├──┼─────────────────────────────────»
      ├──────────┤├───────────┤  │                                 »
q0_5: ┤ Ry(y[5]) ├┤ Rz(y[11]) ├──■─────────────────────────────────»
      └──────────┘└───────────┘                                    »
c0: 6/═════════════════════════════════════════════════════════════»
                                                                   »
«                                                          ┌───┐     »
«q0_0: ────────────────────────────────────────────────────┤ X ├──■──»
«      ┌───────────┐                                       └─┬─┘┌─┴─┐»
«q0_1: ┤ Rz(y[19]) ├─────────────────────────────────────────┼──┤ X ├»
«      ├───────────┤┌───────────┐                            │  └───┘»
«q0_2: ┤ Ry(y[14]) ├┤ Rz(y[20]) ├────────────────────────────┼───────»
«      └───────────┘├───────────┤┌───────────┐               │       »
«q0_3: ──────■──────┤ Ry(y[15]) ├┤ Rz(y[21]) ├───────────────┼───────»
«          ┌─┴─┐    └───────────┘├───────────┤┌───────────┐  │       »
«q0_4: ────┤ X ├──────────■──────┤ Ry(y[16]) ├┤ Rz(y[22]) ├──┼───────»
«          └───┘        ┌─┴─┐    ├───────────┤├───────────┤  │       »
«q0_5: ─────────────────┤ X ├────┤ Ry(y[17]) ├┤ Rz(y[23]) ├──■───────»
«                       └───┘    └───────────┘└───────────┘          »
«c0: 6/══════════════════════════════════════════════════════════════»
«                                                                    »
«      ┌───────────┐┌───────────┐                                       »
«q0_0: ┤ Ry(y[24]) ├┤ Rz(y[30]) ├───────────────────────────────────────»
«      └───────────┘├───────────┤┌───────────┐                          »
«q0_1: ──────■──────┤ Ry(y[25]) ├┤ Rz(y[31]) ├──────────────────────────»
«          ┌─┴─┐    └───────────┘├───────────┤┌───────────┐             »
«q0_2: ────┤ X ├──────────■──────┤ Ry(y[26]) ├┤ Rz(y[32]) ├─────────────»
«          └───┘        ┌─┴─┐    └───────────┘├───────────┤┌───────────┐»
«q0_3: ─────────────────┤ X ├──────────■──────┤ Ry(y[27]) ├┤ Rz(y[33]) ├»
«                       └───┘        ┌─┴─┐    └───────────┘├───────────┤»
«q0_4: ──────────────────────────────┤ X ├──────────■──────┤ Ry(y[28]) ├»
«                                    └───┘        ┌─┴─┐    ├───────────┤»
«q0_5: ───────────────────────────────────────────┤ X ├────┤ Ry(y[29]) ├»
«                                                 └───┘    └───────────┘»
«c0: 6/═════════════════════════════════════════════════════════════════»
«                                                                       »
«                   
«q0_0: ─────────────
«                   
«q0_1: ─────────────
«                   
«q0_2: ─────────────
«                   
«q0_3: ─────────────
«      ┌───────────┐
«q0_4: ┤ Rz(y[34]) ├
«      ├───────────┤
«q0_5: ┤ Rz(y[35]) ├
«      └───────────┘
«c0: 6/═════════════
«                   
ansatz-state is written to ansatz.txt
building constraints...
number of constraints= 36
unique pauliops 66
graphclique-cliquecover: 66 with commutationmode disjointqubits
strategy largest_first 50
strategy random_sequential 50
strategy smallest_last 50
strategy independent_set 51
strategy connected_sequential_bfs 50
strategy connected_sequential_dfs 50
strategy saturation_largest_first 50
number of cliques 50
clique 0 ['XYYIXX', 'IIIZII']
clique 1 ['XXYIXY', 'IIIXII']
clique 2 ['XXYIXX', 'IIIYII']
clique 3 ['XYYIXY']
clique 4 ['XZYIXY']
clique 5 ['XZYIXX']
clique 6 ['XYYIXZ']
clique 7 ['XXYIXZ']
clique 8 ['XZYIXZ']
clique 9 ['IIIIIZ', 'XYYXZI']
clique 10 ['IIIIIX', 'XXYYZI']
clique 11 ['IIIIIY', 'XXYXZI']
clique 12 ['XYYYZI']
clique 13 ['XZYYZI']
clique 14 ['XZYXZI']
clique 15 ['XYYZZI']
clique 16 ['XXYZZI']
clique 17 ['XZYZZI']
clique 18 ['YIYIXX', 'IZIIII']
clique 19 ['YIYIXY', 'IXIIII']
clique 20 ['XXYIYI']
clique 21 ['XYYIYI']
clique 22 ['XZYIYI']
clique 23 ['YIYIXZ', 'IYIIII']
clique 24 ['YIYXZI']
clique 25 ['YIYYZI']
clique 26 ['YIYZZI']
clique 27 ['IIZIXX', 'ZXIIII']
clique 28 ['IIZIXY', 'ZYIIII']
clique 29 ['IIZIXZ', 'ZZIIII']
clique 30 ['YIYIYI']
clique 31 ['IIZXZI']
clique 32 ['IIZYZI']
clique 33 ['IIZZZI']
clique 34 ['IIIYYX', 'XXXIII']
clique 35 ['IIIXYY', 'XYXIII']
clique 36 ['IIIXYX', 'XZXIII']
clique 37 ['IIIYYY', 'YIXIII']
clique 38 ['IIIZYY']
clique 39 ['IIIZYX']
clique 40 ['IIIYYZ']
clique 41 ['IIIXYZ']
clique 42 ['IIIZYZ']
clique 43 ['IIZIYI']
clique 44 ['IIIIZX']
clique 45 ['IIIIZY']
clique 46 ['IIIIZZ']
clique 47 ['IIIXXI']
clique 48 ['IIIYXI']
clique 49 ['IIIZXI']
