GS energy with  DMRG -5.575365620447474
N= 4.000000000000002
E= -5.575365620447474
D= [[ 5.00000000e-01+0.j -4.25563522e-12+0.j  4.36579417e-01+0.j
   1.29633874e-12+0.j -2.10808801e-13+0.j  2.80675643e-12+0.j
  -2.07712319e-01+0.j  2.10941323e-12+0.j]
 [-4.25558060e-12+0.j  5.00000000e-01+0.j -8.84497396e-13+0.j
   4.36579417e-01+0.j  2.18363676e-12+0.j -7.79910858e-13+0.j
  -1.43276915e-12+0.j -2.07712319e-01+0.j]
 [ 4.36579417e-01+0.j -8.84498926e-13+0.j  5.00000000e-01+0.j
   1.38805443e-12+0.j  2.19444409e-01+0.j -1.52439256e-12+0.j
   1.16109162e-13+0.j -3.40107032e-12+0.j]
 [ 1.29633660e-12+0.j  4.36579417e-01+0.j  1.38801947e-12+0.j
   5.00000000e-01+0.j  7.55269267e-13+0.j  2.19444409e-01+0.j
  -3.03710597e-12+0.j  1.93051787e-12+0.j]
 [-2.10845230e-13+0.j  2.18364425e-12+0.j  2.19444409e-01+0.j
   7.55278813e-13+0.j  5.00000000e-01+0.j  2.78783331e-13+0.j
   4.36579417e-01+0.j -2.65814825e-12+0.j]
 [ 2.80675184e-12+0.j -7.79903919e-13+0.j -1.52442524e-12+0.j
   2.19444409e-01+0.j  2.78820746e-13+0.j  5.00000000e-01+0.j
   2.95880627e-12+0.j  4.36579417e-01+0.j]
 [-2.07712319e-01+0.j -1.43278952e-12+0.j  1.16082057e-13+0.j
  -3.03714870e-12+0.j  4.36579417e-01+0.j  2.95874648e-12+0.j
   5.00000000e-01+0.j  2.58882665e-12+0.j]
 [ 2.10943678e-12+0.j -2.07712319e-01+0.j -3.40108758e-12+0.j
   1.93048022e-12+0.j -2.65812919e-12+0.j  4.36579417e-01+0.j
   2.58878976e-12+0.j  5.00000000e-01+0.j]]
W= [0.19104713+0.j 0.20647655+0.j 0.20647655+0.j 0.19104713+0.j]
local approximation with  1 sites
local interactions on sites [[0], [1], [2], [3]]
Functional for interaction on sites [0]
aca-directory for images already exists
aca-directory for images already exists
aca-directory for images already exists
interacting orbitals: [0, 1]
mapping: [0, 1, 2, 3, 4, 5, 6, 7]
aca-directory for images already exists
aca-directory for images already exists
aca-directory for images already exists
orbinteractaca= [0, 1]
aca-directory for images already exists
aca-directory for images already exists
aca-directory for images already exists
aca-directory for images already exists
aca-directory for images already exists
aca-directory for images already exists
aca-directory for images already exists
aca-directory for images already exists
aca-directory for images already exists
aca-directory for images already exists
aca-directory for images already exists
aca-directory for images already exists
aca-directory for images already exists
aca-directory for images already exists
aca-directory for images already exists
aca-directory for images already exists
aca-directory for images already exists
aca-directory for images already exists
aca-directory for images already exists
aca-directory for images already exists
aca-directory for images already exists
aca: level 3  norb= 8
Daca= [[ 5.00000000e-01+0.j -4.25563522e-12+0.j -4.83472849e-01+0.j
   1.17501606e-28+0.j  6.57994452e-29+0.j -1.66136213e-28+0.j
   2.78580509e-18+0.j -2.14587924e-28+0.j]
 [-4.25558060e-12+0.j  5.00000000e-01+0.j -8.11920331e-14+0.j
  -4.83472849e-01+0.j  1.57349293e-28+0.j -4.55827739e-29+0.j
   1.85258177e-28+0.j -4.35051997e-18+0.j]
 [-4.83472849e-01+0.j -8.11994010e-14+0.j  5.00000000e-01+0.j
   4.21678253e-12+0.j  1.05941599e-02+0.j -2.33606028e-29+0.j
   2.98789999e-35+0.j -2.52435490e-29+0.j]
 [ 1.20541991e-17+0.j -4.83472849e-01+0.j  4.21673733e-12+0.j
   5.00000000e-01+0.j -2.75099616e-14+0.j  1.05941599e-02+0.j
  -1.75312747e-35+0.j  1.26217745e-29+0.j]
 [-3.64291930e-17+0.j  7.48225803e-18+0.j  1.05941599e-02+0.j
  -2.74931555e-14+0.j  5.00000000e-01+0.j  2.44079837e-12+0.j
   4.88513255e-01+0.j  1.61558713e-27+0.j]
 [-4.58989740e-18+0.j  6.93889390e-18+0.j -5.51911436e-17+0.j
   1.05941599e-02+0.j  2.44083579e-12+0.j  5.00000000e-01+0.j
  -7.62147712e-14+0.j -4.88513255e-01+0.j]
 [ 5.02206754e-17+0.j -1.90486201e-17+0.j -2.53878807e-17+0.j
   3.87668962e-17+0.j  4.88513255e-01+0.j -7.62547200e-14+0.j
   5.00000000e-01+0.j  2.40191649e-12+0.j]
 [ 2.03475907e-17+0.j  1.56798746e-16+0.j  2.12170060e-17+0.j
   2.18666106e-17+0.j -1.31049333e-17+0.j -4.88513255e-01+0.j
   2.40194315e-12+0.j  5.00000000e-01+0.j]]
rounding Naca1 to integer
rounding Naca2 to integer
Naca= (2, 2)
nq= 8
variational state:
      ┌──────────┐ ┌──────────┐┌───┐     ┌───────────┐┌───────────┐»
q0_0: ┤ Ry(y[0]) ├─┤ Rz(y[8]) ├┤ X ├──■──┤ Ry(y[16]) ├┤ Rz(y[24]) ├»
      ├──────────┤ ├──────────┤└─┬─┘┌─┴─┐└───────────┘├───────────┤»
q0_1: ┤ Ry(y[1]) ├─┤ Rz(y[9]) ├──┼──┤ X ├──────■──────┤ Ry(y[17]) ├»
      ├──────────┤┌┴──────────┤  │  └───┘    ┌─┴─┐    └───────────┘»
q0_2: ┤ Ry(y[2]) ├┤ Rz(y[10]) ├──┼───────────┤ X ├──────────■──────»
      ├──────────┤├───────────┤  │           └───┘        ┌─┴─┐    »
q0_3: ┤ Ry(y[3]) ├┤ Rz(y[11]) ├──┼────────────────────────┤ X ├────»
      ├──────────┤├───────────┤  │                        └───┘    »
q0_4: ┤ Ry(y[4]) ├┤ Rz(y[12]) ├──┼─────────────────────────────────»
      ├──────────┤├───────────┤  │                                 »
q0_5: ┤ Ry(y[5]) ├┤ Rz(y[13]) ├──┼─────────────────────────────────»
      ├──────────┤├───────────┤  │                                 »
q0_6: ┤ Ry(y[6]) ├┤ Rz(y[14]) ├──┼─────────────────────────────────»
      ├──────────┤├───────────┤  │                                 »
q0_7: ┤ Ry(y[7]) ├┤ Rz(y[15]) ├──■─────────────────────────────────»
      └──────────┘└───────────┘                                    »
c0: 8/═════════════════════════════════════════════════════════════»
                                                                   »
«                                                                       »
«q0_0: ─────────────────────────────────────────────────────────────────»
«      ┌───────────┐                                                    »
«q0_1: ┤ Rz(y[25]) ├────────────────────────────────────────────────────»
«      ├───────────┤┌───────────┐                                       »
«q0_2: ┤ Ry(y[18]) ├┤ Rz(y[26]) ├───────────────────────────────────────»
«      └───────────┘├───────────┤┌───────────┐                          »
«q0_3: ──────■──────┤ Ry(y[19]) ├┤ Rz(y[27]) ├──────────────────────────»
«          ┌─┴─┐    └───────────┘├───────────┤┌───────────┐             »
«q0_4: ────┤ X ├──────────■──────┤ Ry(y[20]) ├┤ Rz(y[28]) ├─────────────»
«          └───┘        ┌─┴─┐    └───────────┘├───────────┤┌───────────┐»
«q0_5: ─────────────────┤ X ├──────────■──────┤ Ry(y[21]) ├┤ Rz(y[29]) ├»
«                       └───┘        ┌─┴─┐    └───────────┘├───────────┤»
«q0_6: ──────────────────────────────┤ X ├──────────■──────┤ Ry(y[22]) ├»
«                                    └───┘        ┌─┴─┐    ├───────────┤»
«q0_7: ───────────────────────────────────────────┤ X ├────┤ Ry(y[23]) ├»
«                                                 └───┘    └───────────┘»
«c0: 8/═════════════════════════════════════════════════════════════════»
«                                                                       »
«                   ┌───┐     ┌───────────┐┌───────────┐             »
«q0_0: ─────────────┤ X ├──■──┤ Ry(y[32]) ├┤ Rz(y[40]) ├─────────────»
«                   └─┬─┘┌─┴─┐└───────────┘├───────────┤┌───────────┐»
«q0_1: ───────────────┼──┤ X ├──────■──────┤ Ry(y[33]) ├┤ Rz(y[41]) ├»
«                     │  └───┘    ┌─┴─┐    └───────────┘├───────────┤»
«q0_2: ───────────────┼───────────┤ X ├──────────■──────┤ Ry(y[34]) ├»
«                     │           └───┘        ┌─┴─┐    └───────────┘»
«q0_3: ───────────────┼────────────────────────┤ X ├──────────■──────»
«                     │                        └───┘        ┌─┴─┐    »
«q0_4: ───────────────┼─────────────────────────────────────┤ X ├────»
«                     │                                     └───┘    »
«q0_5: ───────────────┼──────────────────────────────────────────────»
«      ┌───────────┐  │                                              »
«q0_6: ┤ Rz(y[30]) ├──┼──────────────────────────────────────────────»
«      ├───────────┤  │                                              »
«q0_7: ┤ Rz(y[31]) ├──■──────────────────────────────────────────────»
«      └───────────┘                                                 »
«c0: 8/══════════════════════════════════════════════════════════════»
«                                                                    »
«                                                                       
«q0_0: ─────────────────────────────────────────────────────────────────
«                                                                       
«q0_1: ─────────────────────────────────────────────────────────────────
«      ┌───────────┐                                                    
«q0_2: ┤ Rz(y[42]) ├────────────────────────────────────────────────────
«      ├───────────┤┌───────────┐                                       
«q0_3: ┤ Ry(y[35]) ├┤ Rz(y[43]) ├───────────────────────────────────────
«      └───────────┘├───────────┤┌───────────┐                          
«q0_4: ──────■──────┤ Ry(y[36]) ├┤ Rz(y[44]) ├──────────────────────────
«          ┌─┴─┐    └───────────┘├───────────┤┌───────────┐             
«q0_5: ────┤ X ├──────────■──────┤ Ry(y[37]) ├┤ Rz(y[45]) ├─────────────
«          └───┘        ┌─┴─┐    └───────────┘├───────────┤┌───────────┐
«q0_6: ─────────────────┤ X ├──────────■──────┤ Ry(y[38]) ├┤ Rz(y[46]) ├
«                       └───┘        ┌─┴─┐    ├───────────┤├───────────┤
«q0_7: ──────────────────────────────┤ X ├────┤ Ry(y[39]) ├┤ Rz(y[47]) ├
«                                    └───┘    └───────────┘└───────────┘
«c0: 8/═════════════════════════════════════════════════════════════════
«                                                                       
ansatz-state is written to ansatz.txt
building constraints...
number of constraints= 64
unique pauliops 120
graphclique-cliquecover: 120 with commutationmode commute
strategy largest_first 15
strategy random_sequential 17
strategy smallest_last 19
strategy independent_set 15
strategy connected_sequential_bfs 15
strategy connected_sequential_dfs 19
strategy saturation_largest_first 16
number of cliques 15
clique 0 ['IIIIIIIZ', 'IIIIIIZI', 'IIIIIZII', 'IIIIZIII', 'IIIZIIII', 'IIZIIIII', 'IZIIIIII', 'ZIIIIIII']
clique 1 ['IIIIIIXX', 'IIIIIIYY', 'IIIIXXII', 'IIIIYYII', 'IIXXIIII', 'IIYYIIII', 'XXIIIIII', 'YYIIIIII']
clique 2 ['IIIIIIYX', 'IIIIIIXY', 'IIIIYXII', 'IIIIXYII', 'IIYXIIII', 'IIXYIIII', 'YXIIIIII', 'XYIIIIII']
clique 3 ['IIIIIXZX', 'IIIIIYZY', 'IIIIXZXI', 'IIIIYZYI', 'IXZXIIII', 'IYZYIIII', 'XZXIIIII', 'YZYIIIII']
clique 4 ['IIIIIYZX', 'IIIIIXZY', 'IIIIYZXI', 'IIIIXZYI', 'IYZXIIII', 'IXZYIIII', 'YZXIIIII', 'XZYIIIII']
clique 5 ['IIIIXZZX', 'IIIIYZZY', 'IIIIIXXI', 'IIIIIYYI', 'XZZXIIII', 'YZZYIIII', 'IXXIIIII', 'IYYIIIII']
clique 6 ['IIIIYZZX', 'IIIIXZZY', 'IIIIIYXI', 'IIIIIXYI', 'YZZXIIII', 'XZZYIIII', 'IYXIIIII', 'IXYIIIII']
clique 7 ['IIIXZZZX', 'IIIYZZZY', 'IIXZZZXI', 'IIYZZZYI', 'IXZZZXII', 'IYZZZYII', 'XZZZXIII', 'YZZZYIII']
clique 8 ['IIIYZZZX', 'IIIXZZZY', 'IIYZZZXI', 'IIXZZZYI', 'IYZZZXII', 'IXZZZYII', 'YZZZXIII', 'XZZZYIII']
clique 9 ['IIXZZZZX', 'IIYZZZZY', 'IIIXZZXI', 'IIIYZZYI', 'XZZZZXII', 'YZZZZYII', 'IXZZXIII', 'IYZZYIII']
clique 10 ['IIYZZZZX', 'IIXZZZZY', 'IIIYZZXI', 'IIIXZZYI', 'YZZZZXII', 'XZZZZYII', 'IYZZXIII', 'IXZZYIII']
clique 11 ['IXZZZZZX', 'IYZZZZZY', 'XZZZZZXI', 'YZZZZZYI', 'IIIXZXII', 'IIIYZYII', 'IIXZXIII', 'IIYZYIII']
clique 12 ['IYZZZZZX', 'IXZZZZZY', 'YZZZZZXI', 'XZZZZZYI', 'IIIYZXII', 'IIIXZYII', 'IIYZXIII', 'IIXZYIII']
clique 13 ['XZZZZZZX', 'YZZZZZZY', 'IXZZZZXI', 'IYZZZZYI', 'IIXZZXII', 'IIYZZYII', 'IIIXXIII', 'IIIYYIII']
clique 14 ['YZZZZZZX', 'XZZZZZZY', 'IYZZZZXI', 'IXZZZZYI', 'IIYZZXII', 'IIXZZYII', 'IIIYXIII', 'IIIXYIII']
