GS energy with  DMRG -3.763542847409979
N= 2.999999999999999
E= -3.763542847409979
D= [[ 3.27586667e-01+0.j  2.09688156e-01+0.j  3.45886277e-01+0.j
   4.02187311e-12+0.j  1.40208751e-01+0.j -1.70521119e-01+0.j]
 [ 2.09688156e-01+0.j  6.72413333e-01+0.j -1.76838405e-12+0.j
   3.45886277e-01+0.j -1.70521119e-01+0.j -1.40208751e-01+0.j]
 [ 3.45886277e-01+0.j -1.76838405e-12+0.j  5.27270591e-01+0.j
  -3.31663439e-02+0.j  3.45886277e-01+0.j  1.01477854e-12+0.j]
 [ 4.02185230e-12+0.j  3.45886277e-01+0.j -3.31663439e-02+0.j
   4.72729409e-01+0.j -2.44553683e-12+0.j  3.45886277e-01+0.j]
 [ 1.40208751e-01+0.j -1.70521119e-01+0.j  3.45886277e-01+0.j
  -2.44553683e-12+0.j  3.27586667e-01+0.j  2.09688156e-01+0.j]
 [-1.70521119e-01+0.j -1.40208751e-01+0.j  1.01479242e-12+0.j
   3.45886277e-01+0.j  2.09688156e-01+0.j  6.72413333e-01+0.j]]
W= [0.14578878+0.j 0.21196981+0.j 0.14578878+0.j]
local approximation with  1 sites
local interactions on sites [[0], [1], [2]]
Functional for interaction on sites [0]
aca-directory for images already exists
aca-directory for images already exists
aca-directory for images already exists
interacting orbitals: [0, 1]
mapping: [0, 1, 2, 3, 4, 5]
aca-directory for images already exists
aca-directory for images already exists
aca-directory for images already exists
orbinteractaca= [0, 1]
aca-directory for images already exists
aca-directory for images already exists
aca-directory for images already exists
aca-directory for images already exists
aca-directory for images already exists
aca-directory for images already exists
aca-directory for images already exists
aca-directory for images already exists
aca-directory for images already exists
aca-directory for images already exists
aca-directory for images already exists
aca-directory for images already exists
aca-directory for images already exists
aca-directory for images already exists
aca-directory for images already exists
aca: level 2  norb= 6
Daca= [[ 3.27586667e-01+0.j  2.09688156e-01+0.j -4.10333112e-01+0.j
  -5.50151477e-18+0.j  7.03152789e-19+0.j  3.11502398e-17+0.j]
 [ 2.09688156e-01+0.j  6.72413333e-01+0.j -2.50289367e-12+0.j
  -4.10333112e-01+0.j  3.39367020e-17+0.j  1.76714532e-17+0.j]
 [-4.10333112e-01+0.j -2.50289132e-12+0.j  6.68721865e-01+0.j
  -2.05198613e-01+0.j  3.06522849e-03+0.j -2.52435490e-29+0.j]
 [ 1.43737914e-18+0.j -4.10333112e-01+0.j -2.05198613e-01+0.j
   3.31278135e-01+0.j  2.00206385e-13+0.j -3.06522849e-03+0.j]
 [-6.43265012e-17+0.j  1.48996965e-17+0.j  3.06522849e-03+0.j
   2.00225878e-13+0.j  1.86135393e-01+0.j -3.81720425e-01+0.j]
 [ 5.89058154e-17+0.j  2.20307382e-17+0.j  5.77747392e-17+0.j
  -3.06522849e-03+0.j -3.81720425e-01+0.j  8.13864607e-01+0.j]]
Naca= (1.1824439251478578, 1.8175560748521415)
nq= 6
variational state:
      ┌──────────┐ ┌──────────┐┌───┐     ┌───────────┐┌───────────┐»
q0_0: ┤ Ry(y[0]) ├─┤ Rz(y[6]) ├┤ X ├──■──┤ Ry(y[12]) ├┤ Rz(y[18]) ├»
      ├──────────┤ ├──────────┤└─┬─┘┌─┴─┐└───────────┘├───────────┤»
q0_1: ┤ Ry(y[1]) ├─┤ Rz(y[7]) ├──┼──┤ X ├──────■──────┤ Ry(y[13]) ├»
      ├──────────┤ ├──────────┤  │  └───┘    ┌─┴─┐    └───────────┘»
q0_2: ┤ Ry(y[2]) ├─┤ Rz(y[8]) ├──┼───────────┤ X ├──────────■──────»
      ├──────────┤ ├──────────┤  │           └───┘        ┌─┴─┐    »
q0_3: ┤ Ry(y[3]) ├─┤ Rz(y[9]) ├──┼────────────────────────┤ X ├────»
      ├──────────┤┌┴──────────┤  │                        └───┘    »
q0_4: ┤ Ry(y[4]) ├┤ Rz(y[10]) ├──┼─────────────────────────────────»
      ├──────────┤├───────────┤  │                                 »
q0_5: ┤ Ry(y[5]) ├┤ Rz(y[11]) ├──■─────────────────────────────────»
      └──────────┘└───────────┘                                    »
c0: 6/═════════════════════════════════════════════════════════════»
                                                                   »
«                                                          ┌───┐     »
«q0_0: ────────────────────────────────────────────────────┤ X ├──■──»
«      ┌───────────┐                                       └─┬─┘┌─┴─┐»
«q0_1: ┤ Rz(y[19]) ├─────────────────────────────────────────┼──┤ X ├»
«      ├───────────┤┌───────────┐                            │  └───┘»
«q0_2: ┤ Ry(y[14]) ├┤ Rz(y[20]) ├────────────────────────────┼───────»
«      └───────────┘├───────────┤┌───────────┐               │       »
«q0_3: ──────■──────┤ Ry(y[15]) ├┤ Rz(y[21]) ├───────────────┼───────»
«          ┌─┴─┐    └───────────┘├───────────┤┌───────────┐  │       »
«q0_4: ────┤ X ├──────────■──────┤ Ry(y[16]) ├┤ Rz(y[22]) ├──┼───────»
«          └───┘        ┌─┴─┐    ├───────────┤├───────────┤  │       »
«q0_5: ─────────────────┤ X ├────┤ Ry(y[17]) ├┤ Rz(y[23]) ├──■───────»
«                       └───┘    └───────────┘└───────────┘          »
«c0: 6/══════════════════════════════════════════════════════════════»
«                                                                    »
«      ┌───────────┐┌───────────┐                                       »
«q0_0: ┤ Ry(y[24]) ├┤ Rz(y[30]) ├───────────────────────────────────────»
«      └───────────┘├───────────┤┌───────────┐                          »
«q0_1: ──────■──────┤ Ry(y[25]) ├┤ Rz(y[31]) ├──────────────────────────»
«          ┌─┴─┐    └───────────┘├───────────┤┌───────────┐             »
«q0_2: ────┤ X ├──────────■──────┤ Ry(y[26]) ├┤ Rz(y[32]) ├─────────────»
«          └───┘        ┌─┴─┐    └───────────┘├───────────┤┌───────────┐»
«q0_3: ─────────────────┤ X ├──────────■──────┤ Ry(y[27]) ├┤ Rz(y[33]) ├»
«                       └───┘        ┌─┴─┐    └───────────┘├───────────┤»
«q0_4: ──────────────────────────────┤ X ├──────────■──────┤ Ry(y[28]) ├»
«                                    └───┘        ┌─┴─┐    ├───────────┤»
«q0_5: ───────────────────────────────────────────┤ X ├────┤ Ry(y[29]) ├»
«                                                 └───┘    └───────────┘»
«c0: 6/═════════════════════════════════════════════════════════════════»
«                                                                       »
«                   
«q0_0: ─────────────
«                   
«q0_1: ─────────────
«                   
«q0_2: ─────────────
«                   
«q0_3: ─────────────
«      ┌───────────┐
«q0_4: ┤ Rz(y[34]) ├
«      ├───────────┤
«q0_5: ┤ Rz(y[35]) ├
«      └───────────┘
«c0: 6/═════════════
«                   
ansatz-state is written to ansatz.txt
building constraints...
number of constraints= 36
unique pauliops 66
graphclique-cliquecover: 66 with commutationmode qubitwise
strategy largest_first 39
strategy random_sequential 39
strategy smallest_last 39
strategy independent_set 39
strategy connected_sequential_bfs 39
strategy connected_sequential_dfs 39
strategy saturation_largest_first 39
number of cliques 39
clique 0 ['IIIIIX', 'XYYIXX', 'IIIXXI', 'IIIXII', 'IYIIII']
clique 1 ['IIIIIY', 'XXYIXY', 'IIIYXI', 'IIIYII', 'IXIIII']
clique 2 ['XXYIXX', 'IIIZXI', 'IIIZII']
clique 3 ['XYYIXY']
clique 4 ['XZYIXY', 'IZIIII']
clique 5 ['XZYIXX']
clique 6 ['IIIIIZ', 'XYYIXZ']
clique 7 ['XXYIXZ']
clique 8 ['XZYIXZ']
clique 9 ['IIIIZX', 'XYYXZI']
clique 10 ['IIIIZY', 'XXYYZI']
clique 11 ['IIIIZZ', 'XXYXZI']
clique 12 ['XYYYZI']
clique 13 ['XZYYZI']
clique 14 ['XZYXZI']
clique 15 ['XYYZZI']
clique 16 ['XXYZZI']
clique 17 ['XZYZZI']
clique 18 ['YIYIXX']
clique 19 ['YIYIXY']
clique 20 ['YIYIXZ']
clique 21 ['YIYXZI']
clique 22 ['YIYYZI']
clique 23 ['YIYZZI']
clique 24 ['IIZIXX', 'ZXIIII']
clique 25 ['IIZIXY', 'ZYIIII']
clique 26 ['IIZIXZ', 'ZZIIII']
clique 27 ['IIZXZI']
clique 28 ['IIZYZI']
clique 29 ['IIZZZI']
clique 30 ['IIIYYX', 'XXYIYI']
clique 31 ['IIIXYY', 'XYYIYI']
clique 32 ['IIIXYX', 'XZYIYI']
clique 33 ['IIIYYY', 'YIYIYI']
clique 34 ['IIIZYY', 'IIZIYI']
clique 35 ['IIIZYX', 'XXXIII']
clique 36 ['IIIYYZ', 'XYXIII']
clique 37 ['IIIXYZ', 'XZXIII']
clique 38 ['IIIZYZ', 'YIXIII']
