E_dimer= 2.5615528128088303
rho12_dimer= 0.48507125007266594
GS energy with  DMRG -2.56155281280883
N= 2.0
E= -2.56155281280883
D= [[ 5.00000000e-01+0.j  3.64393919e-13+0.j  4.85071250e-01+0.j
   1.61491293e-13+0.j]
 [ 3.64379536e-13+0.j  5.00000000e-01+0.j -1.61511345e-13+0.j
   4.85071250e-01+0.j]
 [ 4.85071250e-01+0.j -1.61509594e-13+0.j  5.00000000e-01+0.j
  -3.64381083e-13+0.j]
 [ 1.61497348e-13+0.j  4.85071250e-01+0.j -3.64384559e-13+0.j
   5.00000000e-01+0.j]]
W= [0.18936609+0.j 0.18936609+0.j]
local approximation with  1 sites
local interactions on sites [[0], [1]]
Functional for interaction on sites [0]
aca-directory for images already exists
aca-directory for images already exists
aca-directory for images already exists
interacting orbitals: [0, 1]
mapping: [0, 1, 2, 3]
aca-directory for images already exists
aca-directory for images already exists
aca-directory for images already exists
orbinteractaca= [0, 1]
aca-directory for images already exists
aca-directory for images already exists
aca-directory for images already exists
aca-directory for images already exists
aca-directory for images already exists
aca-directory for images already exists
aca-directory for images already exists
aca-directory for images already exists
aca-directory for images already exists
aca: level 1  norb= 4
Daca= [[ 5.00000000e-01+0.j  3.64393919e-13+0.j -4.85071250e-01+0.j
  -2.52435490e-29+0.j]
 [ 3.64379536e-13+0.j  5.00000000e-01+0.j  2.00521376e-17+0.j
   4.85071250e-01+0.j]
 [-4.85071250e-01+0.j  1.83004034e-17+0.j  5.00000000e-01+0.j
   3.64381083e-13+0.j]
 [ 6.05444358e-18+0.j  4.85071250e-01+0.j  3.64384559e-13+0.j
   5.00000000e-01+0.j]]
rounding Naca1 to integer
rounding Naca2 to integer
Naca= (1, 1)
nq= 4
variational state:
      ┌──────────┐┌──────────┐┌───┐     ┌──────────┐┌───────────┐             »
q0_0: ┤ Ry(y[0]) ├┤ Rz(y[4]) ├┤ X ├──■──┤ Ry(y[8]) ├┤ Rz(y[12]) ├─────────────»
      ├──────────┤├──────────┤└─┬─┘┌─┴─┐└──────────┘└┬──────────┤┌───────────┐»
q0_1: ┤ Ry(y[1]) ├┤ Rz(y[5]) ├──┼──┤ X ├─────■───────┤ Ry(y[9]) ├┤ Rz(y[13]) ├»
      ├──────────┤├──────────┤  │  └───┘   ┌─┴─┐     └──────────┘├───────────┤»
q0_2: ┤ Ry(y[2]) ├┤ Rz(y[6]) ├──┼──────────┤ X ├──────────■──────┤ Ry(y[10]) ├»
      ├──────────┤├──────────┤  │          └───┘        ┌─┴─┐    ├───────────┤»
q0_3: ┤ Ry(y[3]) ├┤ Rz(y[7]) ├──■───────────────────────┤ X ├────┤ Ry(y[11]) ├»
      └──────────┘└──────────┘                          └───┘    └───────────┘»
c0: 4/════════════════════════════════════════════════════════════════════════»
                                                                              »
«                   ┌───┐     ┌───────────┐┌───────────┐             »
«q0_0: ─────────────┤ X ├──■──┤ Ry(y[16]) ├┤ Rz(y[20]) ├─────────────»
«                   └─┬─┘┌─┴─┐└───────────┘├───────────┤┌───────────┐»
«q0_1: ───────────────┼──┤ X ├──────■──────┤ Ry(y[17]) ├┤ Rz(y[21]) ├»
«      ┌───────────┐  │  └───┘    ┌─┴─┐    └───────────┘├───────────┤»
«q0_2: ┤ Rz(y[14]) ├──┼───────────┤ X ├──────────■──────┤ Ry(y[18]) ├»
«      ├───────────┤  │           └───┘        ┌─┴─┐    ├───────────┤»
«q0_3: ┤ Rz(y[15]) ├──■────────────────────────┤ X ├────┤ Ry(y[19]) ├»
«      └───────────┘                           └───┘    └───────────┘»
«c0: 4/══════════════════════════════════════════════════════════════»
«                                                                    »
«                   
«q0_0: ─────────────
«                   
«q0_1: ─────────────
«      ┌───────────┐
«q0_2: ┤ Rz(y[22]) ├
«      ├───────────┤
«q0_3: ┤ Rz(y[23]) ├
«      └───────────┘
«c0: 4/═════════════
«                   
ansatz-state is written to ansatz.txt
building constraints...
number of constraints= 16
unique pauliops 28
graphclique-cliquecover: 28 with commutationmode disjointqubits
strategy largest_first 21
strategy random_sequential 21
strategy smallest_last 21
strategy independent_set 21
strategy connected_sequential_bfs 21
strategy connected_sequential_dfs 21
strategy saturation_largest_first 21
number of cliques 21
clique 0 ['XZZX']
clique 1 ['YZZY']
clique 2 ['YZZX']
clique 3 ['XZZY']
clique 4 ['IXZX', 'ZIII']
clique 5 ['IYZY']
clique 6 ['IYZX']
clique 7 ['IXZY']
clique 8 ['IIIZ', 'XZXI']
clique 9 ['YZYI']
clique 10 ['YZXI']
clique 11 ['XZYI']
clique 12 ['IXXI']
clique 13 ['IYYI']
clique 14 ['IYXI']
clique 15 ['IXYI']
clique 16 ['IIXX', 'XXII']
clique 17 ['IIYY', 'YYII']
clique 18 ['IIYX', 'YXII']
clique 19 ['IIXY', 'XYII']
clique 20 ['IIZI', 'IZII']
