GS energy with  DMRG -13.110654648547687
N= 8.999999999999998
E= -13.110654648547687
D= [[ 5.88831230e-01+0.j  8.39155328e-02+0.j  4.05184612e-01+0.j
  -5.55173438e-09+0.j -7.14896775e-02+0.j -6.75336247e-02+0.j
  -1.40617347e-01+0.j  6.71532643e-09+0.j  6.53482888e-02+0.j
   6.17320784e-02+0.j  6.98466587e-02+0.j  1.72069799e-07+0.j
  -6.14310131e-02+0.j -5.80327089e-02+0.j -3.02116066e-02+0.j
   1.27354104e-06+0.j  5.81355985e-02+0.j  5.49169307e-02+0.j]
 [ 8.39155328e-02+0.j  4.11168758e-01+0.j -5.52003180e-09+0.j
   4.05184600e-01+0.j -6.75336234e-02+0.j  7.14896796e-02+0.j
   8.93888803e-09+0.j -1.40617338e-01+0.j  6.17320918e-02+0.j
  -6.53482725e-02+0.j -3.25756676e-08+0.j  6.98470107e-02+0.j
  -5.80317174e-02+0.j  6.14312104e-02+0.j -1.70611257e-07+0.j
  -3.02098081e-02+0.j  5.49184101e-02+0.j -5.81355967e-02+0.j]
 [ 4.05184612e-01+0.j -5.52003183e-09+0.j  4.83161702e-01+0.j
  -1.59065155e-02+0.j  2.60853304e-01+0.j -3.75343564e-10+0.j
   5.24877629e-03+0.j  4.95832017e-03+0.j -6.97722870e-02+0.j
   3.90049100e-09+0.j -2.46144395e-03+0.j -2.32486822e-03+0.j
   3.95486539e-02+0.j -8.90184674e-07+0.j  1.01112103e-03+0.j
   9.57562197e-04+0.j -3.02098259e-02+0.j -1.30971991e-06+0.j]
 [-5.55173438e-09+0.j  4.05184600e-01+0.j -1.59065155e-02+0.j
   5.16838287e-01+0.j  1.42267812e-09+0.j  2.60853301e-01+0.j
   4.95832169e-03+0.j -5.24875719e-03+0.j -6.27679330e-09+0.j
  -6.97722554e-02+0.j -2.32523944e-03+0.j  2.46136105e-03+0.j
   1.18543155e-07+0.j  3.95475097e-02+0.j  9.55020921e-04+0.j
  -1.01112579e-03+0.j  1.78314420e-07+0.j -3.02116568e-02+0.j]
 [-7.14896775e-02+0.j -6.75336234e-02+0.j  2.60853304e-01+0.j
   1.42267809e-09+0.j  5.86580635e-01+0.j  8.17894876e-02+0.j
   3.36227172e-01+0.j -5.65675998e-09+0.j -7.07193361e-02+0.j
  -6.68059349e-02+0.j -1.01914144e-01+0.j  2.01944639e-07+0.j
   6.52494791e-02+0.j  6.16378994e-02+0.j  3.95475253e-02+0.j
   9.39184637e-07+0.j -6.14312325e-02+0.j -5.80328080e-02+0.j]
 [-6.75336247e-02+0.j  7.14896796e-02+0.j -3.75343557e-10+0.j
   2.60853301e-01+0.j  8.17894876e-02+0.j  4.13419363e-01+0.j
  -6.87624844e-09+0.j  3.36227156e-01+0.j -6.68059294e-02+0.j
   7.07193533e-02+0.j -2.06231058e-08+0.j -1.01913842e-01+0.j
   6.16387164e-02+0.j -6.52494759e-02+0.j -1.24152786e-07+0.j
   3.95487131e-02+0.j -5.80317495e-02+0.j  6.14310432e-02+0.j]
 [-1.40617347e-01+0.j  8.93888807e-09+0.j  5.24877629e-03+0.j
   4.95832169e-03+0.j  3.36227172e-01+0.j -6.87624848e-09+0.j
   4.79956728e-01+0.j -1.89341470e-02+0.j  3.02826780e-01+0.j
  -5.38658135e-09+0.j  6.45562345e-03+0.j  6.09852348e-03+0.j
  -1.01913851e-01+0.j -2.39648646e-07+0.j -2.46134974e-03+0.j
  -2.32476417e-03+0.j  6.98470441e-02+0.j -2.23143507e-07+0.j]
 [ 6.71532649e-09+0.j -1.40617338e-01+0.j  4.95832017e-03+0.j
  -5.24875719e-03+0.j -5.65675991e-09+0.j  3.36227156e-01+0.j
  -1.89341470e-02+0.j  5.20043271e-01+0.j -4.65511823e-09+0.j
   3.02826765e-01+0.j  6.09839161e-03+0.j -6.45562223e-03+0.j
   2.80593951e-08+0.j -1.01914195e-01+0.j -2.32523591e-03+0.j
   2.46142897e-03+0.j  2.63673969e-08+0.j  6.98466283e-02+0.j]
 [ 6.53482888e-02+0.j  6.17320918e-02+0.j -6.97722870e-02+0.j
  -6.27679332e-09+0.j -7.07193361e-02+0.j -6.68059294e-02+0.j
   3.02826780e-01+0.j -4.65511813e-09+0.j  5.86406410e-01+0.j
   8.16249177e-02+0.j  3.02826770e-01+0.j  1.72674463e-08+0.j
  -7.07193541e-02+0.j -6.68059682e-02+0.j -6.97722851e-02+0.j
   1.66648712e-08+0.j  6.53482569e-02+0.j  6.17320418e-02+0.j]
 [ 6.17320784e-02+0.j -6.53482725e-02+0.j  3.90049102e-09+0.j
  -6.97722554e-02+0.j -6.68059349e-02+0.j  7.07193533e-02+0.j
  -5.38658152e-09+0.j  3.02826765e-01+0.j  8.16249177e-02+0.j
   4.13593593e-01+0.j -4.34280334e-09+0.j  3.02826793e-01+0.j
  -6.68059356e-02+0.j  7.07193379e-02+0.j  5.60124537e-09+0.j
  -6.97722891e-02+0.j  6.17320856e-02+0.j -6.53482737e-02+0.j]
 [ 6.98466587e-02+0.j -3.25756676e-08+0.j -2.46144395e-03+0.j
  -2.32523944e-03+0.j -1.01914144e-01+0.j -2.06231058e-08+0.j
   6.45562345e-03+0.j  6.09839161e-03+0.j  3.02826770e-01+0.j
  -4.34280338e-09+0.j  4.79956730e-01+0.j -1.89341442e-02+0.j
   3.36227166e-01+0.j  1.46472430e-08+0.j  5.24876063e-03+0.j
   4.95832507e-03+0.j -1.40617322e-01+0.j -1.13539928e-08+0.j]
 [ 1.72069799e-07+0.j  6.98470107e-02+0.j -2.32486822e-03+0.j
   2.46136105e-03+0.j  2.01944639e-07+0.j -1.01913842e-01+0.j
   6.09852348e-03+0.j -6.45562223e-03+0.j  1.72674463e-08+0.j
   3.02826793e-01+0.j -1.89341442e-02+0.j  5.20043266e-01+0.j
  -5.21327901e-10+0.j  3.36227173e-01+0.j  4.95832473e-03+0.j
  -5.24878030e-03+0.j -7.97372108e-10+0.j -1.40617341e-01+0.j]
 [-6.14310131e-02+0.j -5.80317174e-02+0.j  3.95486539e-02+0.j
   1.18543155e-07+0.j  6.52494791e-02+0.j  6.16387164e-02+0.j
  -1.01913851e-01+0.j  2.80593950e-08+0.j -7.07193541e-02+0.j
  -6.68059356e-02+0.j  3.36227166e-01+0.j -5.21327878e-10+0.j
   5.86580626e-01+0.j  8.17894955e-02+0.j  2.60853299e-01+0.j
  -3.38661815e-09+0.j -7.14896716e-02+0.j -6.75336318e-02+0.j]
 [-5.80327089e-02+0.j  6.14312104e-02+0.j -8.90184674e-07+0.j
   3.95475097e-02+0.j  6.16378994e-02+0.j -6.52494759e-02+0.j
  -2.39648646e-07+0.j -1.01914195e-01+0.j -6.68059682e-02+0.j
   7.07193379e-02+0.j  1.46472429e-08+0.j  3.36227173e-01+0.j
   8.17894955e-02+0.j  4.13419378e-01+0.j -2.13741162e-09+0.j
   2.60853308e-01+0.j -6.75336316e-02+0.j  7.14896691e-02+0.j]
 [-3.02116066e-02+0.j -1.70611257e-07+0.j  1.01112103e-03+0.j
   9.55020921e-04+0.j  3.95475253e-02+0.j -1.24152786e-07+0.j
  -2.46134974e-03+0.j -2.32523591e-03+0.j -6.97722851e-02+0.j
   5.60124537e-09+0.j  5.24876063e-03+0.j  4.95832473e-03+0.j
   2.60853299e-01+0.j -2.13741165e-09+0.j  4.83161713e-01+0.j
  -1.59065138e-02+0.j  4.05184598e-01+0.j  9.73720966e-09+0.j]
 [ 1.27354104e-06+0.j -3.02098081e-02+0.j  9.57562197e-04+0.j
  -1.01112579e-03+0.j  9.39184637e-07+0.j  3.95487131e-02+0.j
  -2.32476417e-03+0.j  2.46142897e-03+0.j  1.66648712e-08+0.j
  -6.97722891e-02+0.j  4.95832507e-03+0.j -5.24878030e-03+0.j
  -3.38661814e-09+0.j  2.60853308e-01+0.j -1.59065138e-02+0.j
   5.16838297e-01+0.j  3.06376431e-10+0.j  4.05184605e-01+0.j]
 [ 5.81355985e-02+0.j  5.49184101e-02+0.j -3.02098259e-02+0.j
   1.78314420e-07+0.j -6.14312325e-02+0.j -5.80317495e-02+0.j
   6.98470441e-02+0.j  2.63673970e-08+0.j  6.53482569e-02+0.j
   6.17320856e-02+0.j -1.40617322e-01+0.j -7.97372050e-10+0.j
  -7.14896716e-02+0.j -6.75336316e-02+0.j  4.05184598e-01+0.j
   3.06376428e-10+0.j  5.88831235e-01+0.j  8.39155427e-02+0.j]
 [ 5.49169307e-02+0.j -5.81355967e-02+0.j -1.30971991e-06+0.j
  -3.02116568e-02+0.j -5.80328080e-02+0.j  6.14310432e-02+0.j
  -2.23143507e-07+0.j  6.98466283e-02+0.j  6.17320418e-02+0.j
  -6.53482737e-02+0.j -1.13539928e-08+0.j -1.40617341e-01+0.j
  -6.75336318e-02+0.j  7.14896691e-02+0.j  9.73720967e-09+0.j
   4.05184605e-01+0.j  8.39155427e-02+0.j  4.11168780e-01+0.j]]
W= [0.18433396+0.j 0.21111725+0.j 0.20320056+0.j 0.21392756+0.j
 0.20492146+0.j 0.21392756+0.j 0.20320057+0.j 0.21111726+0.j
 0.18433397+0.j]
local approximation with  1 sites
local interactions on sites [[0], [1], [2], [3], [4], [5], [6], [7], [8]]
Functional for interaction on sites [0]
aca-directory for images already exists
aca-directory for images already exists
aca-directory for images already exists
interacting orbitals: [0, 1]
mapping: [0, 1, 2, 3, 4, 5, 6, 7, 8, 9, 10, 11, 12, 13, 14, 15, 16, 17]
aca-directory for images already exists
aca-directory for images already exists
aca-directory for images already exists
orbinteractaca= [0, 1]
aca-directory for images already exists
aca-directory for images already exists
aca-directory for images already exists
aca-directory for images already exists
aca-directory for images already exists
aca-directory for images already exists
aca-directory for images already exists
aca-directory for images already exists
aca-directory for images already exists
aca-directory for images already exists
aca-directory for images already exists
aca-directory for images already exists
aca-directory for images already exists
aca-directory for images already exists
aca-directory for images already exists
aca-directory for images already exists
aca-directory for images already exists
aca-directory for images already exists
aca-directory for images already exists
aca-directory for images already exists
aca-directory for images already exists
aca-directory for images already exists
aca-directory for images already exists
aca-directory for images already exists
aca-directory for images already exists
aca-directory for images already exists
aca-directory for images already exists
aca-directory for images already exists
aca-directory for images already exists
aca-directory for images already exists
aca-directory for images already exists
aca-directory for images already exists
aca-directory for images already exists
aca-directory for images already exists
aca-directory for images already exists
aca-directory for images already exists
aca-directory for images already exists
aca-directory for images already exists
aca-directory for images already exists
aca-directory for images already exists
aca-directory for images already exists
aca-directory for images already exists
aca-directory for images already exists
aca-directory for images already exists
aca-directory for images already exists
aca-directory for images already exists
aca-directory for images already exists
aca-directory for images already exists
aca-directory for images already exists
aca-directory for images already exists
aca-directory for images already exists
aca: level 8  norb= 18
Daca= [[ 5.88831230e-01+0.j  8.39155328e-02+0.j -4.70137320e-01+0.j
   5.25169107e-18+0.j  1.21598550e-17+0.j  5.44345270e-18+0.j
   1.04227143e-17+0.j  5.24181716e-19+0.j -1.00991037e-18+0.j
  -2.50763930e-17+0.j -2.19931171e-18+0.j -3.49906969e-19+0.j
  -4.62467814e-18+0.j  1.11736504e-17+0.j  1.71097750e-18+0.j
  -2.58413529e-20+0.j  1.34024662e-17+0.j -5.11450891e-18+0.j]
 [ 8.39155328e-02+0.j  4.11168758e-01+0.j  3.16463826e-08+0.j
  -4.70137319e-01+0.j  9.91983120e-18+0.j -6.13561492e-19+0.j
  -1.23755599e-19+0.j -2.48832701e-18+0.j -9.54366761e-18+0.j
  -3.93828015e-18+0.j -4.36905661e-20+0.j  6.31395895e-18+0.j
  -7.55306265e-18+0.j -8.46361163e-20+0.j -4.87950155e-21+0.j
  -2.65949646e-18+0.j -1.83780009e-18+0.j  1.80342070e-18+0.j]
 [-4.70137320e-01+0.j  3.16463826e-08+0.j  4.12395731e-01+0.j
  -8.27565107e-02+0.j  8.89431022e-03+0.j -5.48640722e-20+0.j
   2.56348217e-19+0.j -1.48669357e-19+0.j -3.64272465e-19+0.j
  -5.36479619e-22+0.j  1.60202654e-19+0.j -1.44683786e-20+0.j
   5.60435038e-20+0.j  2.61352967e-22+0.j -1.78108764e-19+0.j
   3.04445971e-19+0.j  1.66424666e-20+0.j  2.62776745e-22+0.j]
 [ 1.00809792e-18+0.j -4.70137319e-01+0.j -8.27565107e-02+0.j
   5.87604301e-01+0.j  1.49728080e-07+0.j  8.89440821e-03+0.j
  -8.12728149e-22+0.j  1.70734116e-19+0.j  4.42488697e-22+0.j
  -5.92257894e-19+0.j  2.02915954e-19+0.j -2.12022116e-19+0.j
   6.56099737e-21+0.j  8.01783160e-20+0.j -3.17600727e-19+0.j
  -7.50131227e-20+0.j  8.14415625e-22+0.j -2.36611157e-20+0.j]
 [ 8.09699621e-17+0.j -3.97259096e-17+0.j  8.89431022e-03+0.j
   1.49728080e-07+0.j  4.77107129e-01+0.j -2.16230412e-02+0.j
   4.86266737e-01+0.j -1.49427986e-17+0.j -1.70564212e-18+0.j
   1.58677691e-17+0.j -3.30115245e-17+0.j  6.89583710e-18+0.j
   9.69921584e-18+0.j -2.52917591e-17+0.j  7.31509528e-18+0.j
  -5.23946062e-19+0.j -3.45393597e-17+0.j  4.26707507e-18+0.j]
 [ 1.42461516e-16+0.j -7.57120334e-17+0.j -6.33291793e-17+0.j
   8.89440821e-03+0.j -2.16230412e-02+0.j  5.22890326e-01+0.j
  -2.00084991e-07+0.j  4.86266709e-01+0.j -1.19355576e-17+0.j
   4.17855601e-18+0.j  4.16748570e-20+0.j -6.36854357e-18+0.j
   8.26315241e-18+0.j -8.94036399e-18+0.j -1.78957278e-18+0.j
   2.20354488e-17+0.j -4.63806825e-17+0.j  2.38364227e-17+0.j]
 [ 7.85095577e-17+0.j  2.40762687e-17+0.j -8.22879760e-17+0.j
   1.54112811e-16+0.j  4.86266737e-01+0.j -2.00084991e-07+0.j
   5.25695139e-01+0.j  2.42702134e-02+0.j  6.30515384e-03+0.j
   2.52481078e-20+0.j  7.15698325e-19+0.j  5.13832421e-21+0.j
   4.08040992e-19+0.j -1.27128678e-20+0.j -1.42613772e-18+0.j
  -3.84753464e-19+0.j -3.46697620e-19+0.j  2.09957025e-20+0.j]
 [ 5.17758926e-17+0.j  1.46738207e-16+0.j  1.06732810e-16+0.j
  -1.83632082e-16+0.j  6.27042725e-17+0.j  4.86266709e-01+0.j
   2.42702134e-02+0.j  4.74307351e-01+0.j -2.37067055e-07+0.j
   6.30499542e-03+0.j -1.16738340e-22+0.j  2.06008257e-19+0.j
  -2.93253078e-20+0.j  2.53145646e-19+0.j -7.14604099e-19+0.j
   2.40793482e-20+0.j -1.77807058e-20+0.j -3.30194559e-19+0.j]
 [-3.25760084e-16+0.j -3.14949493e-17+0.j -1.44230322e-16+0.j
  -1.56683902e-18+0.j -4.92034159e-17+0.j -9.94700280e-17+0.j
   6.30515384e-03+0.j -2.37067055e-07+0.j  5.94539880e-01+0.j
   8.93101983e-02+0.j  4.72361409e-01+0.j -1.24929569e-17+0.j
  -2.75446596e-18+0.j -5.52607160e-18+0.j -3.57194524e-17+0.j
   7.58092416e-18+0.j  1.22139843e-16+0.j  1.03373627e-16+0.j]
 [-3.20935578e-16+0.j  1.03971451e-16+0.j -6.48845182e-17+0.j
   2.66110386e-16+0.j -1.81614410e-16+0.j  1.10933124e-16+0.j
  -4.08014376e-17+0.j  6.30499542e-03+0.j  8.93101983e-02+0.j
   4.05466554e-01+0.j -1.00436628e-06+0.j  4.72362993e-01+0.j
   1.07234372e-17+0.j -1.73098449e-17+0.j  8.44656794e-18+0.j
  -3.27628072e-18+0.j -5.90889911e-17+0.j  3.82386033e-17+0.j]
 [-2.61977904e-16+0.j -1.62611042e-17+0.j  1.14434980e-16+0.j
  -4.20940836e-17+0.j -2.85052601e-17+0.j  2.90296443e-18+0.j
  -2.42707753e-17+0.j -1.08699920e-16+0.j  4.72361409e-01+0.j
  -1.00436628e-06+0.j  4.04547473e-01+0.j -9.01728489e-02+0.j
   2.04248249e-03+0.j -5.30156969e-20+0.j -1.21513506e-19+0.j
   1.72975659e-19+0.j -2.01065901e-19+0.j -9.21153610e-21+0.j]
 [ 8.18113309e-18+0.j -4.53169383e-17+0.j  1.18762283e-16+0.j
   1.69523558e-16+0.j  4.68218201e-17+0.j -1.65522587e-16+0.j
  -2.20016276e-16+0.j  4.74168611e-17+0.j  3.22510744e-17+0.j
   4.72362993e-01+0.j -9.01728489e-02+0.j  5.95446232e-01+0.j
   2.00767114e-07+0.j  2.04277116e-03+0.j -3.54807878e-19+0.j
   2.57319520e-19+0.j -8.09840237e-21+0.j  9.51162273e-21+0.j]
 [ 1.04954963e-16+0.j  1.54680027e-16+0.j  6.06232779e-17+0.j
  -8.29719983e-17+0.j  3.01991924e-16+0.j  2.39846005e-16+0.j
  -5.89677455e-17+0.j  1.16851477e-16+0.j -1.33257101e-17+0.j
  -8.47693632e-17+0.j  2.04248249e-03+0.j  2.00767114e-07+0.j
   6.59948355e-01+0.j  1.51058479e-01+0.j -4.42083185e-01+0.j
   2.60508967e-18+0.j -5.19191416e-17+0.j -6.58055692e-17+0.j]
 [ 1.68002349e-16+0.j -6.09835849e-17+0.j  2.97312995e-17+0.j
  -1.36231684e-17+0.j  4.75557864e-17+0.j -1.31241079e-16+0.j
  -5.48466193e-17+0.j -8.44707221e-17+0.j -4.55048928e-17+0.j
   3.82013063e-17+0.j -5.83681004e-18+0.j  2.04277116e-03+0.j
   1.51058479e-01+0.j  3.40053109e-01+0.j  8.59374728e-07+0.j
  -4.42083374e-01+0.j -1.02489478e-17+0.j  6.72306071e-17+0.j]
 [ 6.70796658e-17+0.j  1.32547137e-17+0.j -9.31272192e-17+0.j
   8.83887238e-17+0.j  1.02510599e-17+0.j -6.91434781e-17+0.j
  -3.16336880e-17+0.j  2.02938875e-17+0.j  5.51475158e-19+0.j
   5.00799314e-17+0.j  7.59464185e-17+0.j -2.42408808e-17+0.j
  -4.42083185e-01+0.j  8.59374728e-07+0.j  3.40864312e-01+0.j
  -1.50291462e-01+0.j  1.02437196e-03+0.j  2.71635484e-23+0.j]
 [-1.38785342e-17+0.j  6.25944174e-17+0.j -6.72356408e-17+0.j
  -1.68680877e-16+0.j -4.99605773e-17+0.j  1.05086082e-16+0.j
   8.50547536e-17+0.j -1.38989429e-17+0.j -6.19537720e-19+0.j
   1.21623810e-16+0.j  5.33631532e-17+0.j  1.24028054e-16+0.j
   4.04000044e-17+0.j -4.42083374e-01+0.j -1.50291462e-01+0.j
   6.59134086e-01+0.j -6.71210089e-07+0.j -1.02367268e-03+0.j]
 [-1.17789475e-16+0.j -9.75803491e-17+0.j -1.09331076e-17+0.j
   1.42023124e-17+0.j -2.35402969e-16+0.j -2.05853671e-16+0.j
  -2.19535299e-17+0.j -1.69555858e-17+0.j  1.20182935e-16+0.j
  -8.78237368e-17+0.j  6.03948866e-17+0.j -4.97536065e-17+0.j
  -2.22255531e-17+0.j -1.14183276e-16+0.j  1.02437196e-03+0.j
  -6.71210089e-07+0.j  8.59363632e-01+0.j -3.39827325e-01+0.j]
 [-1.35875092e-16+0.j  6.36064255e-17+0.j -4.49462208e-17+0.j
  -4.71541710e-17+0.j -1.06269942e-16+0.j  2.25185667e-16+0.j
   6.03816299e-17+0.j -3.65794211e-17+0.j  1.09334857e-16+0.j
   5.21163911e-17+0.j -1.78996795e-16+0.j  9.03165580e-18+0.j
  -1.48132075e-17+0.j -4.46740750e-18+0.j  1.01927944e-16+0.j
  -1.02367268e-03+0.j -3.39827325e-01+0.j  1.40636402e-01+0.j]]
Naca= (4.863292881224383, 4.136707118775616)
nq= 18
variational state:
        ┌──────────┐┌───────────┐┌───┐     ┌───────────┐┌───────────┐»
 q0_0: ─┤ Ry(y[0]) ├┤ Rz(y[18]) ├┤ X ├──■──┤ Ry(y[36]) ├┤ Rz(y[54]) ├»
        ├──────────┤├───────────┤└─┬─┘┌─┴─┐└───────────┘├───────────┤»
 q0_1: ─┤ Ry(y[1]) ├┤ Rz(y[19]) ├──┼──┤ X ├──────■──────┤ Ry(y[37]) ├»
        ├──────────┤├───────────┤  │  └───┘    ┌─┴─┐    └───────────┘»
 q0_2: ─┤ Ry(y[2]) ├┤ Rz(y[20]) ├──┼───────────┤ X ├──────────■──────»
        ├──────────┤├───────────┤  │           └───┘        ┌─┴─┐    »
 q0_3: ─┤ Ry(y[3]) ├┤ Rz(y[21]) ├──┼────────────────────────┤ X ├────»
        ├──────────┤├───────────┤  │                        └───┘    »
 q0_4: ─┤ Ry(y[4]) ├┤ Rz(y[22]) ├──┼─────────────────────────────────»
        ├──────────┤├───────────┤  │                                 »
 q0_5: ─┤ Ry(y[5]) ├┤ Rz(y[23]) ├──┼─────────────────────────────────»
        ├──────────┤├───────────┤  │                                 »
 q0_6: ─┤ Ry(y[6]) ├┤ Rz(y[24]) ├──┼─────────────────────────────────»
        ├──────────┤├───────────┤  │                                 »
 q0_7: ─┤ Ry(y[7]) ├┤ Rz(y[25]) ├──┼─────────────────────────────────»
        ├──────────┤├───────────┤  │                                 »
 q0_8: ─┤ Ry(y[8]) ├┤ Rz(y[26]) ├──┼─────────────────────────────────»
        ├──────────┤├───────────┤  │                                 »
 q0_9: ─┤ Ry(y[9]) ├┤ Rz(y[27]) ├──┼─────────────────────────────────»
       ┌┴──────────┤├───────────┤  │                                 »
q0_10: ┤ Ry(y[10]) ├┤ Rz(y[28]) ├──┼─────────────────────────────────»
       ├───────────┤├───────────┤  │                                 »
q0_11: ┤ Ry(y[11]) ├┤ Rz(y[29]) ├──┼─────────────────────────────────»
       ├───────────┤├───────────┤  │                                 »
q0_12: ┤ Ry(y[12]) ├┤ Rz(y[30]) ├──┼─────────────────────────────────»
       ├───────────┤├───────────┤  │                                 »
q0_13: ┤ Ry(y[13]) ├┤ Rz(y[31]) ├──┼─────────────────────────────────»
       ├───────────┤├───────────┤  │                                 »
q0_14: ┤ Ry(y[14]) ├┤ Rz(y[32]) ├──┼─────────────────────────────────»
       ├───────────┤├───────────┤  │                                 »
q0_15: ┤ Ry(y[15]) ├┤ Rz(y[33]) ├──┼─────────────────────────────────»
       ├───────────┤├───────────┤  │                                 »
q0_16: ┤ Ry(y[16]) ├┤ Rz(y[34]) ├──┼─────────────────────────────────»
       ├───────────┤├───────────┤  │                                 »
q0_17: ┤ Ry(y[17]) ├┤ Rz(y[35]) ├──■─────────────────────────────────»
       └───────────┘└───────────┘                                    »
c0: 18/══════════════════════════════════════════════════════════════»
                                                                     »
«                                                                        »
« q0_0: ─────────────────────────────────────────────────────────────────»
«       ┌───────────┐                                                    »
« q0_1: ┤ Rz(y[55]) ├────────────────────────────────────────────────────»
«       ├───────────┤┌───────────┐                                       »
« q0_2: ┤ Ry(y[38]) ├┤ Rz(y[56]) ├───────────────────────────────────────»
«       └───────────┘├───────────┤┌───────────┐                          »
« q0_3: ──────■──────┤ Ry(y[39]) ├┤ Rz(y[57]) ├──────────────────────────»
«           ┌─┴─┐    └───────────┘├───────────┤┌───────────┐             »
« q0_4: ────┤ X ├──────────■──────┤ Ry(y[40]) ├┤ Rz(y[58]) ├─────────────»
«           └───┘        ┌─┴─┐    └───────────┘├───────────┤┌───────────┐»
« q0_5: ─────────────────┤ X ├──────────■──────┤ Ry(y[41]) ├┤ Rz(y[59]) ├»
«                        └───┘        ┌─┴─┐    └───────────┘├───────────┤»
« q0_6: ──────────────────────────────┤ X ├──────────■──────┤ Ry(y[42]) ├»
«                                     └───┘        ┌─┴─┐    └───────────┘»
« q0_7: ───────────────────────────────────────────┤ X ├──────────■──────»
«                                                  └───┘        ┌─┴─┐    »
« q0_8: ────────────────────────────────────────────────────────┤ X ├────»
«                                                               └───┘    »
« q0_9: ─────────────────────────────────────────────────────────────────»
«                                                                        »
«q0_10: ─────────────────────────────────────────────────────────────────»
«                                                                        »
«q0_11: ─────────────────────────────────────────────────────────────────»
«                                                                        »
«q0_12: ─────────────────────────────────────────────────────────────────»
«                                                                        »
«q0_13: ─────────────────────────────────────────────────────────────────»
«                                                                        »
«q0_14: ─────────────────────────────────────────────────────────────────»
«                                                                        »
«q0_15: ─────────────────────────────────────────────────────────────────»
«                                                                        »
«q0_16: ─────────────────────────────────────────────────────────────────»
«                                                                        »
«q0_17: ─────────────────────────────────────────────────────────────────»
«                                                                        »
«c0: 18/═════════════════════════════════════════════════════════════════»
«                                                                        »
«                                                                        »
« q0_0: ─────────────────────────────────────────────────────────────────»
«                                                                        »
« q0_1: ─────────────────────────────────────────────────────────────────»
«                                                                        »
« q0_2: ─────────────────────────────────────────────────────────────────»
«                                                                        »
« q0_3: ─────────────────────────────────────────────────────────────────»
«                                                                        »
« q0_4: ─────────────────────────────────────────────────────────────────»
«                                                                        »
« q0_5: ─────────────────────────────────────────────────────────────────»
«       ┌───────────┐                                                    »
« q0_6: ┤ Rz(y[60]) ├────────────────────────────────────────────────────»
«       ├───────────┤┌───────────┐                                       »
« q0_7: ┤ Ry(y[43]) ├┤ Rz(y[61]) ├───────────────────────────────────────»
«       └───────────┘├───────────┤┌───────────┐                          »
« q0_8: ──────■──────┤ Ry(y[44]) ├┤ Rz(y[62]) ├──────────────────────────»
«           ┌─┴─┐    └───────────┘├───────────┤┌───────────┐             »
« q0_9: ────┤ X ├──────────■──────┤ Ry(y[45]) ├┤ Rz(y[63]) ├─────────────»
«           └───┘        ┌─┴─┐    └───────────┘├───────────┤┌───────────┐»
«q0_10: ─────────────────┤ X ├──────────■──────┤ Ry(y[46]) ├┤ Rz(y[64]) ├»
«                        └───┘        ┌─┴─┐    └───────────┘├───────────┤»
«q0_11: ──────────────────────────────┤ X ├──────────■──────┤ Ry(y[47]) ├»
«                                     └───┘        ┌─┴─┐    └───────────┘»
«q0_12: ───────────────────────────────────────────┤ X ├──────────■──────»
«                                                  └───┘        ┌─┴─┐    »
«q0_13: ────────────────────────────────────────────────────────┤ X ├────»
«                                                               └───┘    »
«q0_14: ─────────────────────────────────────────────────────────────────»
«                                                                        »
«q0_15: ─────────────────────────────────────────────────────────────────»
«                                                                        »
«q0_16: ─────────────────────────────────────────────────────────────────»
«                                                                        »
«q0_17: ─────────────────────────────────────────────────────────────────»
«                                                                        »
«c0: 18/═════════════════════════════════════════════════════════════════»
«                                                                        »
«                                                                        »
« q0_0: ─────────────────────────────────────────────────────────────────»
«                                                                        »
« q0_1: ─────────────────────────────────────────────────────────────────»
«                                                                        »
« q0_2: ─────────────────────────────────────────────────────────────────»
«                                                                        »
« q0_3: ─────────────────────────────────────────────────────────────────»
«                                                                        »
« q0_4: ─────────────────────────────────────────────────────────────────»
«                                                                        »
« q0_5: ─────────────────────────────────────────────────────────────────»
«                                                                        »
« q0_6: ─────────────────────────────────────────────────────────────────»
«                                                                        »
« q0_7: ─────────────────────────────────────────────────────────────────»
«                                                                        »
« q0_8: ─────────────────────────────────────────────────────────────────»
«                                                                        »
« q0_9: ─────────────────────────────────────────────────────────────────»
«                                                                        »
«q0_10: ─────────────────────────────────────────────────────────────────»
«       ┌───────────┐                                                    »
«q0_11: ┤ Rz(y[65]) ├────────────────────────────────────────────────────»
«       ├───────────┤┌───────────┐                                       »
«q0_12: ┤ Ry(y[48]) ├┤ Rz(y[66]) ├───────────────────────────────────────»
«       └───────────┘├───────────┤┌───────────┐                          »
«q0_13: ──────■──────┤ Ry(y[49]) ├┤ Rz(y[67]) ├──────────────────────────»
«           ┌─┴─┐    └───────────┘├───────────┤┌───────────┐             »
«q0_14: ────┤ X ├──────────■──────┤ Ry(y[50]) ├┤ Rz(y[68]) ├─────────────»
«           └───┘        ┌─┴─┐    └───────────┘├───────────┤┌───────────┐»
«q0_15: ─────────────────┤ X ├──────────■──────┤ Ry(y[51]) ├┤ Rz(y[69]) ├»
«                        └───┘        ┌─┴─┐    └───────────┘├───────────┤»
«q0_16: ──────────────────────────────┤ X ├──────────■──────┤ Ry(y[52]) ├»
«                                     └───┘        ┌─┴─┐    ├───────────┤»
«q0_17: ───────────────────────────────────────────┤ X ├────┤ Ry(y[53]) ├»
«                                                  └───┘    └───────────┘»
«c0: 18/═════════════════════════════════════════════════════════════════»
«                                                                        »
«                    ┌───┐     ┌───────────┐┌───────────┐             »
« q0_0: ─────────────┤ X ├──■──┤ Ry(y[72]) ├┤ Rz(y[90]) ├─────────────»
«                    └─┬─┘┌─┴─┐└───────────┘├───────────┤┌───────────┐»
« q0_1: ───────────────┼──┤ X ├──────■──────┤ Ry(y[73]) ├┤ Rz(y[91]) ├»
«                      │  └───┘    ┌─┴─┐    └───────────┘├───────────┤»
« q0_2: ───────────────┼───────────┤ X ├──────────■──────┤ Ry(y[74]) ├»
«                      │           └───┘        ┌─┴─┐    └───────────┘»
« q0_3: ───────────────┼────────────────────────┤ X ├──────────■──────»
«                      │                        └───┘        ┌─┴─┐    »
« q0_4: ───────────────┼─────────────────────────────────────┤ X ├────»
«                      │                                     └───┘    »
« q0_5: ───────────────┼──────────────────────────────────────────────»
«                      │                                              »
« q0_6: ───────────────┼──────────────────────────────────────────────»
«                      │                                              »
« q0_7: ───────────────┼──────────────────────────────────────────────»
«                      │                                              »
« q0_8: ───────────────┼──────────────────────────────────────────────»
«                      │                                              »
« q0_9: ───────────────┼──────────────────────────────────────────────»
«                      │                                              »
«q0_10: ───────────────┼──────────────────────────────────────────────»
«                      │                                              »
«q0_11: ───────────────┼──────────────────────────────────────────────»
«                      │                                              »
«q0_12: ───────────────┼──────────────────────────────────────────────»
«                      │                                              »
«q0_13: ───────────────┼──────────────────────────────────────────────»
«                      │                                              »
«q0_14: ───────────────┼──────────────────────────────────────────────»
«                      │                                              »
«q0_15: ───────────────┼──────────────────────────────────────────────»
«       ┌───────────┐  │                                              »
«q0_16: ┤ Rz(y[70]) ├──┼──────────────────────────────────────────────»
«       ├───────────┤  │                                              »
«q0_17: ┤ Rz(y[71]) ├──■──────────────────────────────────────────────»
«       └───────────┘                                                 »
«c0: 18/══════════════════════════════════════════════════════════════»
«                                                                     »
«                                                                        »
« q0_0: ─────────────────────────────────────────────────────────────────»
«                                                                        »
« q0_1: ─────────────────────────────────────────────────────────────────»
«       ┌───────────┐                                                    »
« q0_2: ┤ Rz(y[92]) ├────────────────────────────────────────────────────»
«       ├───────────┤┌───────────┐                                       »
« q0_3: ┤ Ry(y[75]) ├┤ Rz(y[93]) ├───────────────────────────────────────»
«       └───────────┘├───────────┤┌───────────┐                          »
« q0_4: ──────■──────┤ Ry(y[76]) ├┤ Rz(y[94]) ├──────────────────────────»
«           ┌─┴─┐    └───────────┘├───────────┤┌───────────┐             »
« q0_5: ────┤ X ├──────────■──────┤ Ry(y[77]) ├┤ Rz(y[95]) ├─────────────»
«           └───┘        ┌─┴─┐    └───────────┘├───────────┤┌───────────┐»
« q0_6: ─────────────────┤ X ├──────────■──────┤ Ry(y[78]) ├┤ Rz(y[96]) ├»
«                        └───┘        ┌─┴─┐    └───────────┘├───────────┤»
« q0_7: ──────────────────────────────┤ X ├──────────■──────┤ Ry(y[79]) ├»
«                                     └───┘        ┌─┴─┐    └───────────┘»
« q0_8: ───────────────────────────────────────────┤ X ├──────────■──────»
«                                                  └───┘        ┌─┴─┐    »
« q0_9: ────────────────────────────────────────────────────────┤ X ├────»
«                                                               └───┘    »
«q0_10: ─────────────────────────────────────────────────────────────────»
«                                                                        »
«q0_11: ─────────────────────────────────────────────────────────────────»
«                                                                        »
«q0_12: ─────────────────────────────────────────────────────────────────»
«                                                                        »
«q0_13: ─────────────────────────────────────────────────────────────────»
«                                                                        »
«q0_14: ─────────────────────────────────────────────────────────────────»
«                                                                        »
«q0_15: ─────────────────────────────────────────────────────────────────»
«                                                                        »
«q0_16: ─────────────────────────────────────────────────────────────────»
«                                                                        »
«q0_17: ─────────────────────────────────────────────────────────────────»
«                                                                        »
«c0: 18/═════════════════════════════════════════════════════════════════»
«                                                                        »
«                                                                          »
« q0_0: ───────────────────────────────────────────────────────────────────»
«                                                                          »
« q0_1: ───────────────────────────────────────────────────────────────────»
«                                                                          »
« q0_2: ───────────────────────────────────────────────────────────────────»
«                                                                          »
« q0_3: ───────────────────────────────────────────────────────────────────»
«                                                                          »
« q0_4: ───────────────────────────────────────────────────────────────────»
«                                                                          »
« q0_5: ───────────────────────────────────────────────────────────────────»
«                                                                          »
« q0_6: ───────────────────────────────────────────────────────────────────»
«       ┌───────────┐                                                      »
« q0_7: ┤ Rz(y[97]) ├──────────────────────────────────────────────────────»
«       ├───────────┤┌───────────┐                                         »
« q0_8: ┤ Ry(y[80]) ├┤ Rz(y[98]) ├─────────────────────────────────────────»
«       └───────────┘├───────────┤┌───────────┐                            »
« q0_9: ──────■──────┤ Ry(y[81]) ├┤ Rz(y[99]) ├────────────────────────────»
«           ┌─┴─┐    └───────────┘├───────────┤┌────────────┐              »
«q0_10: ────┤ X ├──────────■──────┤ Ry(y[82]) ├┤ Rz(y[100]) ├──────────────»
«           └───┘        ┌─┴─┐    └───────────┘├───────────┬┘┌────────────┐»
«q0_11: ─────────────────┤ X ├──────────■──────┤ Ry(y[83]) ├─┤ Rz(y[101]) ├»
«                        └───┘        ┌─┴─┐    └───────────┘ ├───────────┬┘»
«q0_12: ──────────────────────────────┤ X ├──────────■───────┤ Ry(y[84]) ├─»
«                                     └───┘        ┌─┴─┐     └───────────┘ »
«q0_13: ───────────────────────────────────────────┤ X ├───────────■───────»
«                                                  └───┘         ┌─┴─┐     »
«q0_14: ─────────────────────────────────────────────────────────┤ X ├─────»
«                                                                └───┘     »
«q0_15: ───────────────────────────────────────────────────────────────────»
«                                                                          »
«q0_16: ───────────────────────────────────────────────────────────────────»
«                                                                          »
«q0_17: ───────────────────────────────────────────────────────────────────»
«                                                                          »
«c0: 18/═══════════════════════════════════════════════════════════════════»
«                                                                          »
«                                                                             
« q0_0: ──────────────────────────────────────────────────────────────────────
«                                                                             
« q0_1: ──────────────────────────────────────────────────────────────────────
«                                                                             
« q0_2: ──────────────────────────────────────────────────────────────────────
«                                                                             
« q0_3: ──────────────────────────────────────────────────────────────────────
«                                                                             
« q0_4: ──────────────────────────────────────────────────────────────────────
«                                                                             
« q0_5: ──────────────────────────────────────────────────────────────────────
«                                                                             
« q0_6: ──────────────────────────────────────────────────────────────────────
«                                                                             
« q0_7: ──────────────────────────────────────────────────────────────────────
«                                                                             
« q0_8: ──────────────────────────────────────────────────────────────────────
«                                                                             
« q0_9: ──────────────────────────────────────────────────────────────────────
«                                                                             
«q0_10: ──────────────────────────────────────────────────────────────────────
«                                                                             
«q0_11: ──────────────────────────────────────────────────────────────────────
«       ┌────────────┐                                                        
«q0_12: ┤ Rz(y[102]) ├────────────────────────────────────────────────────────
«       ├───────────┬┘┌────────────┐                                          
«q0_13: ┤ Ry(y[85]) ├─┤ Rz(y[103]) ├──────────────────────────────────────────
«       └───────────┘ ├───────────┬┘┌────────────┐                            
«q0_14: ──────■───────┤ Ry(y[86]) ├─┤ Rz(y[104]) ├────────────────────────────
«           ┌─┴─┐     └───────────┘ ├───────────┬┘┌────────────┐              
«q0_15: ────┤ X ├───────────■───────┤ Ry(y[87]) ├─┤ Rz(y[105]) ├──────────────
«           └───┘         ┌─┴─┐     └───────────┘ ├───────────┬┘┌────────────┐
«q0_16: ──────────────────┤ X ├───────────■───────┤ Ry(y[88]) ├─┤ Rz(y[106]) ├
«                         └───┘         ┌─┴─┐     ├───────────┤ ├────────────┤
«q0_17: ────────────────────────────────┤ X ├─────┤ Ry(y[89]) ├─┤ Rz(y[107]) ├
«                                       └───┘     └───────────┘ └────────────┘
«c0: 18/══════════════════════════════════════════════════════════════════════
«                                                                             
ansatz-state is written to ansatz.txt
building constraints...
number of constraints= 324
unique pauliops 630
graphclique-cliquecover: 630 with commutationmode disjointqubits
strategy largest_first 357
strategy random_sequential 357
strategy smallest_last 357
strategy independent_set 373
strategy connected_sequential_bfs 357
strategy connected_sequential_dfs 357
strategy saturation_largest_first 357
number of cliques 357
clique 0 ['XZZZZZZZZZZZZZZZZX']
clique 1 ['YZZZZZZZZZZZZZZZZY']
clique 2 ['YZZZZZZZZZZZZZZZZX']
clique 3 ['XZZZZZZZZZZZZZZZZY']
clique 4 ['IXZZZZZZZZZZZZZZZX', 'ZIIIIIIIIIIIIIIIII']
clique 5 ['IYZZZZZZZZZZZZZZZY']
clique 6 ['IYZZZZZZZZZZZZZZZX']
clique 7 ['IXZZZZZZZZZZZZZZZY']
clique 8 ['IIIIIIIIIIIIIIIIIZ', 'XZZZZZZZZZZZZZZZXI']
clique 9 ['YZZZZZZZZZZZZZZZYI']
clique 10 ['YZZZZZZZZZZZZZZZXI']
clique 11 ['XZZZZZZZZZZZZZZZYI']
clique 12 ['IXZZZZZZZZZZZZZZXI']
clique 13 ['IYZZZZZZZZZZZZZZYI']
clique 14 ['IYZZZZZZZZZZZZZZXI']
clique 15 ['IXZZZZZZZZZZZZZZYI']
clique 16 ['IIXZZZZZZZZZZZZZZX', 'XXIIIIIIIIIIIIIIII']
clique 17 ['IIYZZZZZZZZZZZZZZY', 'YYIIIIIIIIIIIIIIII']
clique 18 ['IIYZZZZZZZZZZZZZZX', 'YXIIIIIIIIIIIIIIII']
clique 19 ['IIXZZZZZZZZZZZZZZY', 'XYIIIIIIIIIIIIIIII']
clique 20 ['IIIIIIIIIIIIIIIIXX', 'XZZZZZZZZZZZZZZXII']
clique 21 ['IIIIIIIIIIIIIIIIYY', 'YZZZZZZZZZZZZZZYII']
clique 22 ['IIIIIIIIIIIIIIIIYX', 'YZZZZZZZZZZZZZZXII']
clique 23 ['IIIIIIIIIIIIIIIIXY', 'XZZZZZZZZZZZZZZYII']
clique 24 ['IIXZZZZZZZZZZZZZXI', 'IZIIIIIIIIIIIIIIII']
clique 25 ['IIYZZZZZZZZZZZZZYI']
clique 26 ['IIYZZZZZZZZZZZZZXI']
clique 27 ['IIXZZZZZZZZZZZZZYI']
clique 28 ['IIIIIIIIIIIIIIIIZI', 'IXZZZZZZZZZZZZZXII']
clique 29 ['IYZZZZZZZZZZZZZYII']
clique 30 ['IYZZZZZZZZZZZZZXII']
clique 31 ['IXZZZZZZZZZZZZZYII']
clique 32 ['IIXZZZZZZZZZZZZXII']
clique 33 ['IIYZZZZZZZZZZZZYII']
clique 34 ['IIYZZZZZZZZZZZZXII']
clique 35 ['IIXZZZZZZZZZZZZYII']
clique 36 ['IIIXZZZZZZZZZZZZZX', 'XZXIIIIIIIIIIIIIII']
clique 37 ['IIIYZZZZZZZZZZZZZY', 'YZYIIIIIIIIIIIIIII']
clique 38 ['IIIYZZZZZZZZZZZZZX', 'YZXIIIIIIIIIIIIIII']
clique 39 ['IIIXZZZZZZZZZZZZZY', 'XZYIIIIIIIIIIIIIII']
clique 40 ['IIIIIIIIIIIIIIIXZX', 'XZZZZZZZZZZZZZXIII']
clique 41 ['IIIIIIIIIIIIIIIYZY', 'YZZZZZZZZZZZZZYIII']
clique 42 ['IIIIIIIIIIIIIIIYZX', 'YZZZZZZZZZZZZZXIII']
clique 43 ['IIIIIIIIIIIIIIIXZY', 'XZZZZZZZZZZZZZYIII']
clique 44 ['IIIXZZZZZZZZZZZZXI', 'IXXIIIIIIIIIIIIIII']
clique 45 ['IIIYZZZZZZZZZZZZYI', 'IYYIIIIIIIIIIIIIII']
clique 46 ['IIIYZZZZZZZZZZZZXI', 'IYXIIIIIIIIIIIIIII']
clique 47 ['IIIXZZZZZZZZZZZZYI', 'IXYIIIIIIIIIIIIIII']
clique 48 ['IIIIIIIIIIIIIIIXXI', 'IXZZZZZZZZZZZZXIII']
clique 49 ['IIIIIIIIIIIIIIIYYI', 'IYZZZZZZZZZZZZYIII']
clique 50 ['IIIIIIIIIIIIIIIYXI', 'IYZZZZZZZZZZZZXIII']
clique 51 ['IIIIIIIIIIIIIIIXYI', 'IXZZZZZZZZZZZZYIII']
clique 52 ['IIIXZZZZZZZZZZZXII', 'IIZIIIIIIIIIIIIIII']
clique 53 ['IIIYZZZZZZZZZZZYII']
clique 54 ['IIIYZZZZZZZZZZZXII']
clique 55 ['IIIXZZZZZZZZZZZYII']
clique 56 ['IIIIIIIIIIIIIIIZII', 'IIXZZZZZZZZZZZXIII']
clique 57 ['IIYZZZZZZZZZZZYIII']
clique 58 ['IIYZZZZZZZZZZZXIII']
clique 59 ['IIXZZZZZZZZZZZYIII']
clique 60 ['IIIIXZZZZZZZZZZZZX', 'XZZXIIIIIIIIIIIIII']
clique 61 ['IIIIYZZZZZZZZZZZZY', 'YZZYIIIIIIIIIIIIII']
clique 62 ['IIIIYZZZZZZZZZZZZX', 'YZZXIIIIIIIIIIIIII']
clique 63 ['IIIIXZZZZZZZZZZZZY', 'XZZYIIIIIIIIIIIIII']
clique 64 ['IIIIIIIIIIIIIIXZZX', 'XZZZZZZZZZZZZXIIII']
clique 65 ['IIIIIIIIIIIIIIYZZY', 'YZZZZZZZZZZZZYIIII']
clique 66 ['IIIIIIIIIIIIIIYZZX', 'YZZZZZZZZZZZZXIIII']
clique 67 ['IIIIIIIIIIIIIIXZZY', 'XZZZZZZZZZZZZYIIII']
clique 68 ['IIIIXZZZZZZZZZZZXI', 'IXZXIIIIIIIIIIIIII']
clique 69 ['IIIIYZZZZZZZZZZZYI', 'IYZYIIIIIIIIIIIIII']
clique 70 ['IIIIYZZZZZZZZZZZXI', 'IYZXIIIIIIIIIIIIII']
clique 71 ['IIIIXZZZZZZZZZZZYI', 'IXZYIIIIIIIIIIIIII']
clique 72 ['IIIIIIIIIIIIIIXZXI', 'IXZZZZZZZZZZZXIIII']
clique 73 ['IIIIIIIIIIIIIIYZYI', 'IYZZZZZZZZZZZYIIII']
clique 74 ['IIIIIIIIIIIIIIYZXI', 'IYZZZZZZZZZZZXIIII']
clique 75 ['IIIIIIIIIIIIIIXZYI', 'IXZZZZZZZZZZZYIIII']
clique 76 ['IIIXZZZZZZZZZZXIII']
clique 77 ['IIIYZZZZZZZZZZYIII']
clique 78 ['IIIYZZZZZZZZZZXIII']
clique 79 ['IIIXZZZZZZZZZZYIII']
clique 80 ['IIIIXZZZZZZZZZZXII', 'IIXXIIIIIIIIIIIIII']
clique 81 ['IIIIYZZZZZZZZZZYII', 'IIYYIIIIIIIIIIIIII']
clique 82 ['IIIIYZZZZZZZZZZXII', 'IIYXIIIIIIIIIIIIII']
clique 83 ['IIIIXZZZZZZZZZZYII', 'IIXYIIIIIIIIIIIIII']
clique 84 ['IIIIIIIIIIIIIIXXII', 'IIXZZZZZZZZZZXIIII']
clique 85 ['IIIIIIIIIIIIIIYYII', 'IIYZZZZZZZZZZYIIII']
clique 86 ['IIIIIIIIIIIIIIYXII', 'IIYZZZZZZZZZZXIIII']
clique 87 ['IIIIIIIIIIIIIIXYII', 'IIXZZZZZZZZZZYIIII']
clique 88 ['IIIIXZZZZZZZZZXIII', 'IIIZIIIIIIIIIIIIII']
clique 89 ['IIIIYZZZZZZZZZYIII']
clique 90 ['IIIIYZZZZZZZZZXIII']
clique 91 ['IIIIXZZZZZZZZZYIII']
clique 92 ['IIIIIIIIIIIIIIZIII', 'IIIXZZZZZZZZZXIIII']
clique 93 ['IIIYZZZZZZZZZYIIII']
clique 94 ['IIIYZZZZZZZZZXIIII']
clique 95 ['IIIXZZZZZZZZZYIIII']
clique 96 ['IIIIIXZZZZZZZZZZZX', 'XZZZXIIIIIIIIIIIII']
clique 97 ['IIIIIYZZZZZZZZZZZY', 'YZZZYIIIIIIIIIIIII']
clique 98 ['IIIIIYZZZZZZZZZZZX', 'YZZZXIIIIIIIIIIIII']
clique 99 ['IIIIIXZZZZZZZZZZZY', 'XZZZYIIIIIIIIIIIII']
clique 100 ['IIIIIIIIIIIIIXZZZX', 'XZZZZZZZZZZZXIIIII']
clique 101 ['IIIIIIIIIIIIIYZZZY', 'YZZZZZZZZZZZYIIIII']
clique 102 ['IIIIIIIIIIIIIYZZZX', 'YZZZZZZZZZZZXIIIII']
clique 103 ['IIIIIIIIIIIIIXZZZY', 'XZZZZZZZZZZZYIIIII']
clique 104 ['IIIIIXZZZZZZZZZZXI', 'IXZZXIIIIIIIIIIIII']
clique 105 ['IIIIIYZZZZZZZZZZYI', 'IYZZYIIIIIIIIIIIII']
clique 106 ['IIIIIYZZZZZZZZZZXI', 'IYZZXIIIIIIIIIIIII']
clique 107 ['IIIIIXZZZZZZZZZZYI', 'IXZZYIIIIIIIIIIIII']
clique 108 ['IIIIIIIIIIIIIXZZXI', 'IXZZZZZZZZZZXIIIII']
clique 109 ['IIIIIIIIIIIIIYZZYI', 'IYZZZZZZZZZZYIIIII']
clique 110 ['IIIIIIIIIIIIIYZZXI', 'IYZZZZZZZZZZXIIIII']
clique 111 ['IIIIIIIIIIIIIXZZYI', 'IXZZZZZZZZZZYIIIII']
clique 112 ['IIIIIXZZZZZZZZZXII', 'IIXZXIIIIIIIIIIIII']
clique 113 ['IIIIIYZZZZZZZZZYII', 'IIYZYIIIIIIIIIIIII']
clique 114 ['IIIIIYZZZZZZZZZXII', 'IIYZXIIIIIIIIIIIII']
clique 115 ['IIIIIXZZZZZZZZZYII', 'IIXZYIIIIIIIIIIIII']
clique 116 ['IIIIIIIIIIIIIXZXII', 'IIXZZZZZZZZZXIIIII']
clique 117 ['IIIIIIIIIIIIIYZYII', 'IIYZZZZZZZZZYIIIII']
clique 118 ['IIIIIIIIIIIIIYZXII', 'IIYZZZZZZZZZXIIIII']
clique 119 ['IIIIIIIIIIIIIXZYII', 'IIXZZZZZZZZZYIIIII']
clique 120 ['IIIIXZZZZZZZZXIIII']
clique 121 ['IIIIYZZZZZZZZYIIII']
clique 122 ['IIIIYZZZZZZZZXIIII']
clique 123 ['IIIIXZZZZZZZZYIIII']
clique 124 ['IIIIIXZZZZZZZZXIII', 'IIIXXIIIIIIIIIIIII']
clique 125 ['IIIIIYZZZZZZZZYIII', 'IIIYYIIIIIIIIIIIII']
clique 126 ['IIIIIYZZZZZZZZXIII', 'IIIYXIIIIIIIIIIIII']
clique 127 ['IIIIIXZZZZZZZZYIII', 'IIIXYIIIIIIIIIIIII']
clique 128 ['IIIIIIIIIIIIIXXIII', 'IIIXZZZZZZZZXIIIII']
clique 129 ['IIIIIIIIIIIIIYYIII', 'IIIYZZZZZZZZYIIIII']
clique 130 ['IIIIIIIIIIIIIYXIII', 'IIIYZZZZZZZZXIIIII']
clique 131 ['IIIIIIIIIIIIIXYIII', 'IIIXZZZZZZZZYIIIII']
clique 132 ['IIIIIIXZZZZZZZZZZX', 'XZZZZXIIIIIIIIIIII']
clique 133 ['IIIIIIYZZZZZZZZZZY', 'YZZZZYIIIIIIIIIIII']
clique 134 ['IIIIIIYZZZZZZZZZZX', 'YZZZZXIIIIIIIIIIII']
clique 135 ['IIIIIIXZZZZZZZZZZY', 'XZZZZYIIIIIIIIIIII']
clique 136 ['IIIIIIIIIIIIXZZZZX', 'XZZZZZZZZZZXIIIIII']
clique 137 ['IIIIIIIIIIIIYZZZZY', 'YZZZZZZZZZZYIIIIII']
clique 138 ['IIIIIIIIIIIIYZZZZX', 'YZZZZZZZZZZXIIIIII']
clique 139 ['IIIIIIIIIIIIXZZZZY', 'XZZZZZZZZZZYIIIIII']
clique 140 ['IIIIIIXZZZZZZZZZXI', 'IXZZZXIIIIIIIIIIII']
clique 141 ['IIIIIIYZZZZZZZZZYI', 'IYZZZYIIIIIIIIIIII']
clique 142 ['IIIIIIYZZZZZZZZZXI', 'IYZZZXIIIIIIIIIIII']
clique 143 ['IIIIIIXZZZZZZZZZYI', 'IXZZZYIIIIIIIIIIII']
clique 144 ['IIIIIIIIIIIIXZZZXI', 'IXZZZZZZZZZXIIIIII']
clique 145 ['IIIIIIIIIIIIYZZZYI', 'IYZZZZZZZZZYIIIIII']
clique 146 ['IIIIIIIIIIIIYZZZXI', 'IYZZZZZZZZZXIIIIII']
clique 147 ['IIIIIIIIIIIIXZZZYI', 'IXZZZZZZZZZYIIIIII']
clique 148 ['IIIIIIXZZZZZZZZXII', 'IIXZZXIIIIIIIIIIII']
clique 149 ['IIIIIIYZZZZZZZZYII', 'IIYZZYIIIIIIIIIIII']
clique 150 ['IIIIIIYZZZZZZZZXII', 'IIYZZXIIIIIIIIIIII']
clique 151 ['IIIIIIXZZZZZZZZYII', 'IIXZZYIIIIIIIIIIII']
clique 152 ['IIIIIIIIIIIIXZZXII', 'IIXZZZZZZZZXIIIIII']
clique 153 ['IIIIIIIIIIIIYZZYII', 'IIYZZZZZZZZYIIIIII']
clique 154 ['IIIIIIIIIIIIYZZXII', 'IIYZZZZZZZZXIIIIII']
clique 155 ['IIIIIIIIIIIIXZZYII', 'IIXZZZZZZZZYIIIIII']
clique 156 ['IIIIIXZZZZZZZXIIII', 'IIIIZIIIIIIIIIIIII']
clique 157 ['IIIIIYZZZZZZZYIIII']
clique 158 ['IIIIIYZZZZZZZXIIII']
clique 159 ['IIIIIXZZZZZZZYIIII']
clique 160 ['IIIIIIIIIIIIIZIIII', 'IIIIXZZZZZZZXIIIII']
clique 161 ['IIIIYZZZZZZZYIIIII']
clique 162 ['IIIIYZZZZZZZXIIIII']
clique 163 ['IIIIXZZZZZZZYIIIII']
clique 164 ['IIIIIIXZZZZZZZXIII', 'IIIXZXIIIIIIIIIIII']
clique 165 ['IIIIIIYZZZZZZZYIII', 'IIIYZYIIIIIIIIIIII']
clique 166 ['IIIIIIYZZZZZZZXIII', 'IIIYZXIIIIIIIIIIII']
clique 167 ['IIIIIIXZZZZZZZYIII', 'IIIXZYIIIIIIIIIIII']
clique 168 ['IIIIIIIIIIIIXZXIII', 'IIIXZZZZZZZXIIIIII']
clique 169 ['IIIIIIIIIIIIYZYIII', 'IIIYZZZZZZZYIIIIII']
clique 170 ['IIIIIIIIIIIIYZXIII', 'IIIYZZZZZZZXIIIIII']
clique 171 ['IIIIIIIIIIIIXZYIII', 'IIIXZZZZZZZYIIIIII']
clique 172 ['IIIIIXZZZZZZXIIIII']
clique 173 ['IIIIIYZZZZZZYIIIII']
clique 174 ['IIIIIYZZZZZZXIIIII']
clique 175 ['IIIIIXZZZZZZYIIIII']
clique 176 ['IIIIIIIXZZZZZZZZZX', 'XZZZZZXIIIIIIIIIII']
clique 177 ['IIIIIIIYZZZZZZZZZY', 'YZZZZZYIIIIIIIIIII']
clique 178 ['IIIIIIIYZZZZZZZZZX', 'YZZZZZXIIIIIIIIIII']
clique 179 ['IIIIIIIXZZZZZZZZZY', 'XZZZZZYIIIIIIIIIII']
clique 180 ['IIIIIIIIIIIXZZZZZX', 'XZZZZZZZZZXIIIIIII']
clique 181 ['IIIIIIIIIIIYZZZZZY', 'YZZZZZZZZZYIIIIIII']
clique 182 ['IIIIIIIIIIIYZZZZZX', 'YZZZZZZZZZXIIIIIII']
clique 183 ['IIIIIIIIIIIXZZZZZY', 'XZZZZZZZZZYIIIIIII']
clique 184 ['IIIIIIIXZZZZZZZZXI', 'IXZZZZXIIIIIIIIIII']
clique 185 ['IIIIIIIYZZZZZZZZYI', 'IYZZZZYIIIIIIIIIII']
clique 186 ['IIIIIIIYZZZZZZZZXI', 'IYZZZZXIIIIIIIIIII']
clique 187 ['IIIIIIIXZZZZZZZZYI', 'IXZZZZYIIIIIIIIIII']
clique 188 ['IIIIIIIIIIIXZZZZXI', 'IXZZZZZZZZXIIIIIII']
clique 189 ['IIIIIIIIIIIYZZZZYI', 'IYZZZZZZZZYIIIIIII']
clique 190 ['IIIIIIIIIIIYZZZZXI', 'IYZZZZZZZZXIIIIIII']
clique 191 ['IIIIIIIIIIIXZZZZYI', 'IXZZZZZZZZYIIIIIII']
clique 192 ['IIIIIIXZZZZZZXIIII', 'IIIIXXIIIIIIIIIIII']
clique 193 ['IIIIIIYZZZZZZYIIII', 'IIIIYYIIIIIIIIIIII']
clique 194 ['IIIIIIYZZZZZZXIIII', 'IIIIYXIIIIIIIIIIII']
clique 195 ['IIIIIIXZZZZZZYIIII', 'IIIIXYIIIIIIIIIIII']
clique 196 ['IIIIIIIIIIIIXXIIII', 'IIIIXZZZZZZXIIIIII']
clique 197 ['IIIIIIIIIIIIYYIIII', 'IIIIYZZZZZZYIIIIII']
clique 198 ['IIIIIIIIIIIIYXIIII', 'IIIIYZZZZZZXIIIIII']
clique 199 ['IIIIIIIIIIIIXYIIII', 'IIIIXZZZZZZYIIIIII']
clique 200 ['IIIIIIIXZZZZZZZXII', 'IIXZZZXIIIIIIIIIII']
clique 201 ['IIIIIIIYZZZZZZZYII', 'IIYZZZYIIIIIIIIIII']
clique 202 ['IIIIIIIYZZZZZZZXII', 'IIYZZZXIIIIIIIIIII']
clique 203 ['IIIIIIIXZZZZZZZYII', 'IIXZZZYIIIIIIIIIII']
clique 204 ['IIIIIIIIIIIXZZZXII', 'IIXZZZZZZZXIIIIIII']
clique 205 ['IIIIIIIIIIIYZZZYII', 'IIYZZZZZZZYIIIIIII']
clique 206 ['IIIIIIIIIIIYZZZXII', 'IIYZZZZZZZXIIIIIII']
clique 207 ['IIIIIIIIIIIXZZZYII', 'IIXZZZZZZZYIIIIIII']
clique 208 ['IIIIIIIXZZZZZZXIII', 'IIIXZZXIIIIIIIIIII']
clique 209 ['IIIIIIIYZZZZZZYIII', 'IIIYZZYIIIIIIIIIII']
clique 210 ['IIIIIIIYZZZZZZXIII', 'IIIYZZXIIIIIIIIIII']
clique 211 ['IIIIIIIXZZZZZZYIII', 'IIIXZZYIIIIIIIIIII']
clique 212 ['IIIIIIIIIIIXZZXIII', 'IIIXZZZZZZXIIIIIII']
clique 213 ['IIIIIIIIIIIYZZYIII', 'IIIYZZZZZZYIIIIIII']
clique 214 ['IIIIIIIIIIIYZZXIII', 'IIIYZZZZZZXIIIIIII']
clique 215 ['IIIIIIIIIIIXZZYIII', 'IIIXZZZZZZYIIIIIII']
clique 216 ['IIIIIIXZZZZZXIIIII', 'IIIIIZIIIIIIIIIIII']
clique 217 ['IIIIIIYZZZZZYIIIII']
clique 218 ['IIIIIIYZZZZZXIIIII']
clique 219 ['IIIIIIXZZZZZYIIIII']
clique 220 ['IIIIIIIIIIIIZIIIII', 'IIIIIXZZZZZXIIIIII']
clique 221 ['IIIIIYZZZZZYIIIIII']
clique 222 ['IIIIIYZZZZZXIIIIII']
clique 223 ['IIIIIXZZZZZYIIIIII']
clique 224 ['IIIIIIIXZZZZZXIIII', 'IIIIXZXIIIIIIIIIII']
clique 225 ['IIIIIIIYZZZZZYIIII', 'IIIIYZYIIIIIIIIIII']
clique 226 ['IIIIIIIYZZZZZXIIII', 'IIIIYZXIIIIIIIIIII']
clique 227 ['IIIIIIIXZZZZZYIIII', 'IIIIXZYIIIIIIIIIII']
clique 228 ['IIIIIIIIIIIXZXIIII', 'IIIIXZZZZZXIIIIIII']
clique 229 ['IIIIIIIIIIIYZYIIII', 'IIIIYZZZZZYIIIIIII']
clique 230 ['IIIIIIIIIIIYZXIIII', 'IIIIYZZZZZXIIIIIII']
clique 231 ['IIIIIIIIIIIXZYIIII', 'IIIIXZZZZZYIIIIIII']
clique 232 ['IIIIIIIIXZZZZZZZZX', 'XZZZZZZXIIIIIIIIII']
clique 233 ['IIIIIIIIYZZZZZZZZY', 'YZZZZZZYIIIIIIIIII']
clique 234 ['IIIIIIIIYZZZZZZZZX', 'YZZZZZZXIIIIIIIIII']
clique 235 ['IIIIIIIIXZZZZZZZZY', 'XZZZZZZYIIIIIIIIII']
clique 236 ['IIIIIIIIIIXZZZZZZX', 'XZZZZZZZZXIIIIIIII']
clique 237 ['IIIIIIIIIIYZZZZZZY', 'YZZZZZZZZYIIIIIIII']
clique 238 ['IIIIIIIIIIYZZZZZZX', 'YZZZZZZZZXIIIIIIII']
clique 239 ['IIIIIIIIIIXZZZZZZY', 'XZZZZZZZZYIIIIIIII']
clique 240 ['IIIIIIIIXZZZZZZZXI', 'IXZZZZZXIIIIIIIIII']
clique 241 ['IIIIIIIIYZZZZZZZYI', 'IYZZZZZYIIIIIIIIII']
clique 242 ['IIIIIIIIYZZZZZZZXI', 'IYZZZZZXIIIIIIIIII']
clique 243 ['IIIIIIIIXZZZZZZZYI', 'IXZZZZZYIIIIIIIIII']
clique 244 ['IIIIIIIIIIXZZZZZXI', 'IXZZZZZZZXIIIIIIII']
clique 245 ['IIIIIIIIIIYZZZZZYI', 'IYZZZZZZZYIIIIIIII']
clique 246 ['IIIIIIIIIIYZZZZZXI', 'IYZZZZZZZXIIIIIIII']
clique 247 ['IIIIIIIIIIXZZZZZYI', 'IXZZZZZZZYIIIIIIII']
clique 248 ['IIIIIIIIXZZZZZZXII', 'IIXZZZZXIIIIIIIIII']
clique 249 ['IIIIIIIIYZZZZZZYII', 'IIYZZZZYIIIIIIIIII']
clique 250 ['IIIIIIIIYZZZZZZXII', 'IIYZZZZXIIIIIIIIII']
clique 251 ['IIIIIIIIXZZZZZZYII', 'IIXZZZZYIIIIIIIIII']
clique 252 ['IIIIIIIIIIXZZZZXII', 'IIXZZZZZZXIIIIIIII']
clique 253 ['IIIIIIIIIIYZZZZYII', 'IIYZZZZZZYIIIIIIII']
clique 254 ['IIIIIIIIIIYZZZZXII', 'IIYZZZZZZXIIIIIIII']
clique 255 ['IIIIIIIIIIXZZZZYII', 'IIXZZZZZZYIIIIIIII']
clique 256 ['IIIIIIXZZZZXIIIIII']
clique 257 ['IIIIIIYZZZZYIIIIII']
clique 258 ['IIIIIIYZZZZXIIIIII']
clique 259 ['IIIIIIXZZZZYIIIIII']
clique 260 ['IIIIIIIIXZZZZZXIII', 'IIIXZZZXIIIIIIIIII']
clique 261 ['IIIIIIIIYZZZZZYIII', 'IIIYZZZYIIIIIIIIII']
clique 262 ['IIIIIIIIYZZZZZXIII', 'IIIYZZZXIIIIIIIIII']
clique 263 ['IIIIIIIIXZZZZZYIII', 'IIIXZZZYIIIIIIIIII']
clique 264 ['IIIIIIIIIIXZZZXIII', 'IIIXZZZZZXIIIIIIII']
clique 265 ['IIIIIIIIIIYZZZYIII', 'IIIYZZZZZYIIIIIIII']
clique 266 ['IIIIIIIIIIYZZZXIII', 'IIIYZZZZZXIIIIIIII']
clique 267 ['IIIIIIIIIIXZZZYIII', 'IIIXZZZZZYIIIIIIII']
clique 268 ['IIIIIIIXZZZZXIIIII', 'IIIIIXXIIIIIIIIIII']
clique 269 ['IIIIIIIYZZZZYIIIII', 'IIIIIYYIIIIIIIIIII']
clique 270 ['IIIIIIIYZZZZXIIIII', 'IIIIIYXIIIIIIIIIII']
clique 271 ['IIIIIIIXZZZZYIIIII', 'IIIIIXYIIIIIIIIIII']
clique 272 ['IIIIIIIIIIIXXIIIII', 'IIIIIXZZZZXIIIIIII']
clique 273 ['IIIIIIIIIIIYYIIIII', 'IIIIIYZZZZYIIIIIII']
clique 274 ['IIIIIIIIIIIYXIIIII', 'IIIIIYZZZZXIIIIIII']
clique 275 ['IIIIIIIIIIIXYIIIII', 'IIIIIXZZZZYIIIIIII']
clique 276 ['IIIIIIIIXZZZZXIIII', 'IIIIXZZXIIIIIIIIII']
clique 277 ['IIIIIIIIYZZZZYIIII', 'IIIIYZZYIIIIIIIIII']
clique 278 ['IIIIIIIIYZZZZXIIII', 'IIIIYZZXIIIIIIIIII']
clique 279 ['IIIIIIIIXZZZZYIIII', 'IIIIXZZYIIIIIIIIII']
clique 280 ['IIIIIIIIIIXZZXIIII', 'IIIIXZZZZXIIIIIIII']
clique 281 ['IIIIIIIIIIYZZYIIII', 'IIIIYZZZZYIIIIIIII']
clique 282 ['IIIIIIIIIIYZZXIIII', 'IIIIYZZZZXIIIIIIII']
clique 283 ['IIIIIIIIIIXZZYIIII', 'IIIIXZZZZYIIIIIIII']
clique 284 ['IIIIIIIIIXZZZZZZZX', 'XZZZZZZZXIIIIIIIII']
clique 285 ['IIIIIIIIIYZZZZZZZY', 'YZZZZZZZYIIIIIIIII']
clique 286 ['IIIIIIIIIYZZZZZZZX', 'YZZZZZZZXIIIIIIIII']
clique 287 ['IIIIIIIIIXZZZZZZZY', 'XZZZZZZZYIIIIIIIII']
clique 288 ['IIIIIIIIIXZZZZZZXI', 'IXZZZZZZXIIIIIIIII']
clique 289 ['IIIIIIIIIYZZZZZZYI', 'IYZZZZZZYIIIIIIIII']
clique 290 ['IIIIIIIIIYZZZZZZXI', 'IYZZZZZZXIIIIIIIII']
clique 291 ['IIIIIIIIIXZZZZZZYI', 'IXZZZZZZYIIIIIIIII']
clique 292 ['IIIIIIIXZZZXIIIIII', 'IIIIIIZIIIIIIIIIII']
clique 293 ['IIIIIIIYZZZYIIIIII']
clique 294 ['IIIIIIIYZZZXIIIIII']
clique 295 ['IIIIIIIXZZZYIIIIII']
clique 296 ['IIIIIIIIIIIZIIIIII', 'IIIIIIXZZZXIIIIIII']
clique 297 ['IIIIIIYZZZYIIIIIII']
clique 298 ['IIIIIIYZZZXIIIIIII']
clique 299 ['IIIIIIXZZZYIIIIIII']
clique 300 ['IIIIIIIIIXZZZZZXII', 'IIXZZZZZXIIIIIIIII']
clique 301 ['IIIIIIIIIYZZZZZYII', 'IIYZZZZZYIIIIIIIII']
clique 302 ['IIIIIIIIIYZZZZZXII', 'IIYZZZZZXIIIIIIIII']
clique 303 ['IIIIIIIIIXZZZZZYII', 'IIXZZZZZYIIIIIIIII']
clique 304 ['IIIIIIIIXZZZXIIIII', 'IIIIIXZXIIIIIIIIII']
clique 305 ['IIIIIIIIYZZZYIIIII', 'IIIIIYZYIIIIIIIIII']
clique 306 ['IIIIIIIIYZZZXIIIII', 'IIIIIYZXIIIIIIIIII']
clique 307 ['IIIIIIIIXZZZYIIIII', 'IIIIIXZYIIIIIIIIII']
clique 308 ['IIIIIIIIIIXZXIIIII', 'IIIIIXZZZXIIIIIIII']
clique 309 ['IIIIIIIIIIYZYIIIII', 'IIIIIYZZZYIIIIIIII']
clique 310 ['IIIIIIIIIIYZXIIIII', 'IIIIIYZZZXIIIIIIII']
clique 311 ['IIIIIIIIIIXZYIIIII', 'IIIIIXZZZYIIIIIIII']
clique 312 ['IIIIIIIIIXZZZZXIII', 'IIIXZZZZXIIIIIIIII']
clique 313 ['IIIIIIIIIYZZZZYIII', 'IIIYZZZZYIIIIIIIII']
clique 314 ['IIIIIIIIIYZZZZXIII', 'IIIYZZZZXIIIIIIIII']
clique 315 ['IIIIIIIIIXZZZZYIII', 'IIIXZZZZYIIIIIIIII']
clique 316 ['IIIIIIIIIXZZZXIIII', 'IIIIXZZZXIIIIIIIII']
clique 317 ['IIIIIIIIIYZZZYIIII', 'IIIIYZZZYIIIIIIIII']
clique 318 ['IIIIIIIIIYZZZXIIII', 'IIIIYZZZXIIIIIIIII']
clique 319 ['IIIIIIIIIXZZZYIIII', 'IIIIXZZZYIIIIIIIII']
clique 320 ['IIIIIIIXZZXIIIIIII']
clique 321 ['IIIIIIIYZZYIIIIIII']
clique 322 ['IIIIIIIYZZXIIIIIII']
clique 323 ['IIIIIIIXZZYIIIIIII']
clique 324 ['IIIIIIIIXZZXIIIIII', 'IIIIIIXXIIIIIIIIII']
clique 325 ['IIIIIIIIYZZYIIIIII', 'IIIIIIYYIIIIIIIIII']
clique 326 ['IIIIIIIIYZZXIIIIII', 'IIIIIIYXIIIIIIIIII']
clique 327 ['IIIIIIIIXZZYIIIIII', 'IIIIIIXYIIIIIIIIII']
clique 328 ['IIIIIIIIIIXXIIIIII', 'IIIIIIXZZXIIIIIIII']
clique 329 ['IIIIIIIIIIYYIIIIII', 'IIIIIIYZZYIIIIIIII']
clique 330 ['IIIIIIIIIIYXIIIIII', 'IIIIIIYZZXIIIIIIII']
clique 331 ['IIIIIIIIIIXYIIIIII', 'IIIIIIXZZYIIIIIIII']
clique 332 ['IIIIIIIIIXZZXIIIII', 'IIIIIXZZXIIIIIIIII']
clique 333 ['IIIIIIIIIYZZYIIIII', 'IIIIIYZZYIIIIIIIII']
clique 334 ['IIIIIIIIIYZZXIIIII', 'IIIIIYZZXIIIIIIIII']
clique 335 ['IIIIIIIIIXZZYIIIII', 'IIIIIXZZYIIIIIIIII']
clique 336 ['IIIIIIIIXZXIIIIIII', 'IIIIIIIZIIIIIIIIII']
clique 337 ['IIIIIIIIYZYIIIIIII']
clique 338 ['IIIIIIIIYZXIIIIIII']
clique 339 ['IIIIIIIIXZYIIIIIII']
clique 340 ['IIIIIIIIIIZIIIIIII', 'IIIIIIIXZXIIIIIIII']
clique 341 ['IIIIIIIYZYIIIIIIII']
clique 342 ['IIIIIIIYZXIIIIIIII']
clique 343 ['IIIIIIIXZYIIIIIIII']
clique 344 ['IIIIIIIIIXZXIIIIII', 'IIIIIIXZXIIIIIIIII']
clique 345 ['IIIIIIIIIYZYIIIIII', 'IIIIIIYZYIIIIIIIII']
clique 346 ['IIIIIIIIIYZXIIIIII', 'IIIIIIYZXIIIIIIIII']
clique 347 ['IIIIIIIIIXZYIIIIII', 'IIIIIIXZYIIIIIIIII']
clique 348 ['IIIIIIIIXXIIIIIIII']
clique 349 ['IIIIIIIIYYIIIIIIII']
clique 350 ['IIIIIIIIYXIIIIIIII']
clique 351 ['IIIIIIIIXYIIIIIIII']
clique 352 ['IIIIIIIIIXXIIIIIII', 'IIIIIIIXXIIIIIIIII']
clique 353 ['IIIIIIIIIYYIIIIIII', 'IIIIIIIYYIIIIIIIII']
clique 354 ['IIIIIIIIIYXIIIIIII', 'IIIIIIIYXIIIIIIIII']
clique 355 ['IIIIIIIIIXYIIIIIII', 'IIIIIIIXYIIIIIIIII']
clique 356 ['IIIIIIIIIZIIIIIIII', 'IIIIIIIIZIIIIIIIII']
