GS energy with  DMRG -11.69483319061583
N= 7.999999999999998
E= -11.69483319061583
D= [[ 5.00000000e-01+0.j -3.83789446e-13+0.j  4.22036269e-01+0.j
   1.48694496e-13+0.j -7.74874956e-14+0.j -1.68617819e-14+0.j
  -1.73703655e-01+0.j -5.73246497e-14+0.j  7.66314096e-15+0.j
   1.22913781e-14+0.j  1.20200285e-01+0.j  2.51340683e-14+0.j
  -1.60114977e-15+0.j -1.09046164e-14+0.j -1.00157388e-01+0.j
  -3.23609039e-14+0.j]
 [-3.83813102e-13+0.j  5.00000000e-01+0.j -4.32618611e-13+0.j
   4.22036270e-01+0.j  9.86728909e-13+0.j -1.15515236e-14+0.j
  -2.88349990e-13+0.j -1.73703654e-01+0.j -1.96796032e-13+0.j
   1.71113124e-14+0.j  1.96745032e-13+0.j  1.20200337e-01+0.j
   5.55520177e-14+0.j -1.42802437e-14+0.j -1.63940177e-13+0.j
  -1.00157389e-01+0.j]
 [ 4.22036269e-01+0.j -4.32589857e-13+0.j  5.00000000e-01+0.j
   2.96361862e-14+0.j  2.42188907e-01+0.j  2.68654407e-14+0.j
  -2.40845755e-13+0.j -5.87040161e-15+0.j -4.93501824e-02+0.j
  -9.82151391e-15+0.j  1.68098391e-13+0.j  2.46264683e-15+0.j
   1.57564596e-02+0.j  9.93403454e-15+0.j -1.39323503e-13+0.j
  -3.84198639e-16+0.j]
 [ 1.48684806e-13+0.j  4.22036270e-01+0.j  2.96595215e-14+0.j
   5.00000000e-01+0.j  3.87498574e-13+0.j  2.42188906e-01+0.j
  -4.57897883e-13+0.j -1.50037751e-13+0.j -7.75434070e-14+0.j
  -4.93501569e-02+0.j  3.13463530e-13+0.j  9.70378563e-14+0.j
   2.45265299e-14+0.j  1.57564747e-02+0.j -2.58315700e-13+0.j
  -8.69632656e-14+0.j]
 [-7.74528011e-14+0.j  9.86735204e-13+0.j  2.42188907e-01+0.j
   3.87496242e-13+0.j  5.00000000e-01+0.j -1.02001632e-13+0.j
   3.74030139e-01+0.j -1.79345462e-13+0.j  7.91727794e-15+0.j
   1.36078986e-14+0.j -1.59133994e-01+0.j  1.24885977e-13+0.j
  -1.13156012e-14+0.j  2.51458091e-15+0.j  1.20200335e-01+0.j
  -9.41419906e-14+0.j]
 [-1.68093571e-14+0.j -1.16382598e-14+0.j  2.68663305e-14+0.j
   2.42188906e-01+0.j -1.01972956e-13+0.j  5.00000000e-01+0.j
   1.62183427e-14+0.j  3.74030138e-01+0.j  1.55107849e-14+0.j
  -2.57953381e-14+0.j -1.34066588e-14+0.j -1.59133997e-01+0.j
   2.62736953e-15+0.j  2.03934092e-14+0.j  1.15418596e-14+0.j
   1.20200276e-01+0.j]
 [-1.73703655e-01+0.j -2.88355713e-13+0.j -2.40814963e-13+0.j
  -4.57898490e-13+0.j  3.74030139e-01+0.j  1.62203035e-14+0.j
   5.00000000e-01+0.j  2.65899504e-13+0.j  2.58500787e-01+0.j
  -4.11930966e-15+0.j -8.92007822e-14+0.j -1.63337010e-13+0.j
  -4.93501639e-02+0.j  6.64552714e-15+0.j  7.68327459e-14+0.j
   1.30008790e-13+0.j]
 [-5.72893214e-14+0.j -1.73703654e-01+0.j -5.87651831e-15+0.j
  -1.50002027e-13+0.j -1.79262138e-13+0.j  3.74030138e-01+0.j
   2.65911157e-13+0.j  5.00000000e-01+0.j  3.61814019e-14+0.j
   2.58500787e-01+0.j -1.65504926e-13+0.j -2.29257802e-14+0.j
  -1.12616529e-14+0.j -4.93501870e-02+0.j  1.30736652e-13+0.j
   1.23233106e-14+0.j]
 [ 7.61370134e-15+0.j -1.96803088e-13+0.j -4.93501824e-02+0.j
  -7.75434707e-14+0.j  8.04738221e-15+0.j  1.55163537e-14+0.j
   2.58500787e-01+0.j  3.62019043e-14+0.j  5.00000000e-01+0.j
  -2.84790341e-14+0.j  3.74030140e-01+0.j -2.93321573e-14+0.j
   9.01882735e-15+0.j -2.39792947e-15+0.j -1.73703650e-01+0.j
   2.16475832e-14+0.j]
 [ 1.22952843e-14+0.j  1.70766179e-14+0.j -9.82123507e-15+0.j
  -4.93501569e-02+0.j  1.36069472e-14+0.j -2.58890132e-14+0.j
  -4.11928624e-15+0.j  2.58500787e-01+0.j -2.84986252e-14+0.j
   5.00000000e-01+0.j  6.61154512e-15+0.j  3.74030141e-01+0.j
  -2.18273738e-15+0.j -2.13717932e-14+0.j -3.64974585e-15+0.j
  -1.73703653e-01+0.j]
 [ 1.20200285e-01+0.j  1.96727928e-13+0.j  1.68102836e-13+0.j
   3.13463058e-13+0.j -1.59133994e-01+0.j -1.34161818e-14+0.j
  -8.91001682e-14+0.j -1.65496281e-13+0.j  3.74030140e-01+0.j
   6.62327725e-15+0.j  5.00000000e-01+0.j  1.41863883e-13+0.j
   2.42188906e-01+0.j  2.08520202e-16+0.j -6.23221093e-14+0.j
  -9.70096752e-14+0.j]
 [ 2.51295059e-14+0.j  1.20200337e-01+0.j  2.46665329e-15+0.j
   9.70279629e-14+0.j  1.24847680e-13+0.j -1.59133997e-01+0.j
  -1.63347123e-13+0.j -2.29309844e-14+0.j -2.93063057e-14+0.j
   3.74030141e-01+0.j  1.41887520e-13+0.j  5.00000000e-01+0.j
   7.63612508e-15+0.j  2.42188906e-01+0.j -9.66617242e-14+0.j
   1.37931818e-14+0.j]
 [-1.53696500e-15+0.j  5.55568208e-14+0.j  1.57564596e-02+0.j
   2.45266030e-14+0.j -1.13884596e-14+0.j  2.62283129e-15+0.j
  -4.93501639e-02+0.j -1.12638753e-14+0.j  9.04137876e-15+0.j
  -2.20171177e-15+0.j  2.42188906e-01+0.j  7.65713719e-15+0.j
   5.00000000e-01+0.j -9.06229125e-15+0.j  4.22036268e-01+0.j
  -5.08891945e-15+0.j]
 [-1.09039865e-14+0.j -1.42733048e-14+0.j  9.93427154e-15+0.j
   1.57564747e-02+0.j  2.50209930e-15+0.j  2.04003481e-14+0.j
   6.64698594e-15+0.j -4.93501870e-02+0.j -2.40193169e-15+0.j
  -2.13995488e-14+0.j  2.08472135e-16+0.j  2.42188906e-01+0.j
  -9.10093615e-15+0.j  5.00000000e-01+0.j -1.27547469e-15+0.j
   4.22036268e-01+0.j]
 [-1.00157388e-01+0.j -1.63928139e-13+0.j -1.39317973e-13+0.j
  -2.58315212e-13+0.j  1.20200335e-01+0.j  1.15483974e-14+0.j
   7.67539244e-14+0.j  1.30727761e-13+0.j -1.73703650e-01+0.j
  -3.63897489e-15+0.j -6.23008589e-14+0.j -9.66423933e-14+0.j
   4.22036268e-01+0.j -1.27278429e-15+0.j  5.00000000e-01+0.j
   8.59810779e-14+0.j]
 [-3.23609989e-14+0.j -1.00157389e-01+0.j -3.86634514e-16+0.j
  -8.69601092e-14+0.j -9.41048844e-14+0.j  1.20200276e-01+0.j
   1.30016196e-13+0.j  1.23024549e-14+0.j  2.16323404e-14+0.j
  -1.73703653e-01+0.j -9.70216908e-14+0.j  1.37470604e-14+0.j
  -5.09181499e-15+0.j  4.22036268e-01+0.j  8.60562645e-14+0.j
   5.00000000e-01+0.j]]
W= [0.19157007+0.j 0.20949801+0.j 0.20994172+0.j 0.21159645+0.j
 0.21159645+0.j 0.20994172+0.j 0.209498  +0.j 0.19157007+0.j]
local approximation with  1 sites
local interactions on sites [[0], [1], [2], [3], [4], [5], [6], [7]]
Functional for interaction on sites [0]
aca-directory for images already exists
aca-directory for images already exists
aca-directory for images already exists
interacting orbitals: [0, 1]
mapping: [0, 1, 2, 3, 4, 5, 6, 7, 8, 9, 10, 11, 12, 13, 14, 15]
aca-directory for images already exists
aca-directory for images already exists
aca-directory for images already exists
orbinteractaca= [0, 1]
aca-directory for images already exists
aca-directory for images already exists
aca-directory for images already exists
aca-directory for images already exists
aca-directory for images already exists
aca-directory for images already exists
aca-directory for images already exists
aca-directory for images already exists
aca-directory for images already exists
aca-directory for images already exists
aca-directory for images already exists
aca-directory for images already exists
aca-directory for images already exists
aca-directory for images already exists
aca-directory for images already exists
aca-directory for images already exists
aca-directory for images already exists
aca-directory for images already exists
aca-directory for images already exists
aca-directory for images already exists
aca-directory for images already exists
aca-directory for images already exists
aca-directory for images already exists
aca-directory for images already exists
aca-directory for images already exists
aca-directory for images already exists
aca-directory for images already exists
aca-directory for images already exists
aca-directory for images already exists
aca-directory for images already exists
aca-directory for images already exists
aca-directory for images already exists
aca-directory for images already exists
aca-directory for images already exists
aca-directory for images already exists
aca-directory for images already exists
aca-directory for images already exists
aca-directory for images already exists
aca-directory for images already exists
aca-directory for images already exists
aca-directory for images already exists
aca-directory for images already exists
aca-directory for images already exists
aca-directory for images already exists
aca-directory for images already exists
aca: level 7  norb= 16
Daca= [[ 5.00000000e-01+0.j -3.83789446e-13+0.j -4.82459514e-01+0.j
   1.02762936e-28+0.j  2.28872102e-29+0.j  9.42402754e-31+0.j
   3.15061873e-17+0.j -1.06332447e-29+0.j -2.58213445e-30+0.j
  -2.87496036e-30+0.j -2.13082358e-17+0.j  5.96811389e-30+0.j
   2.61717132e-31+0.j  3.74763415e-30+0.j  1.04290134e-17+0.j
  -6.99858480e-30+0.j]
 [-3.83813102e-13+0.j  5.00000000e-01+0.j  2.78787947e-14+0.j
  -4.82459528e-01+0.j -1.46129864e-28+0.j -7.10396010e-31+0.j
   1.47948667e-29+0.j -5.50216096e-18+0.j -2.43111269e-29+0.j
   2.57504294e-30+0.j  3.50506066e-29+0.j -4.38691587e-18+0.j
   1.19257677e-29+0.j  2.36068974e-30+0.j -2.37933954e-29+0.j
   1.16958996e-17+0.j]
 [-4.82459514e-01+0.j  2.78583422e-14+0.j  5.00000000e-01+0.j
   4.18934714e-13+0.j  1.50250792e-02+0.j  9.15195482e-31+0.j
  -1.47698446e-29+0.j  3.04207947e-30+0.j  3.75632821e-20+0.j
  -1.99381186e-30+0.j -7.82120230e-30+0.j -5.65276000e-30+0.j
   1.55054891e-19+0.j -1.36883911e-30+0.j -1.42745841e-37+0.j
  -6.31088724e-30+0.j]
 [ 2.23128115e-17+0.j -4.82459528e-01+0.j  4.18966553e-13+0.j
   5.00000000e-01+0.j -4.96123297e-14+0.j  1.50250576e-02+0.j
   6.50696207e-29+0.j  1.10224739e-30+0.j -7.80568636e-30+0.j
  -4.64717768e-19+0.j -5.04288204e-29+0.j -3.87169160e-30+0.j
   3.46945772e-30+0.j  2.19198167e-19+0.j  2.52435490e-29+0.j
   0.00000000e+00+0.j]
 [ 3.46944695e-17+0.j  6.29574447e-18+0.j  1.50250792e-02+0.j
  -4.95649480e-14+0.j  5.00000000e-01+0.j  9.05023794e-12+0.j
   4.82560830e-01+0.j -3.29201219e-28+0.j -2.82499072e-28+0.j
   4.94118675e-28+0.j -3.99460862e-17+0.j -3.74613473e-29+0.j
   1.46481261e-29+0.j -2.46410234e-28+0.j  6.12351017e-17+0.j
  -1.19868307e-28+0.j]
 [ 5.24248735e-17+0.j -8.67361738e-17+0.j  4.64499836e-18+0.j
   1.50250576e-02+0.j  9.05024938e-12+0.j  5.00000000e-01+0.j
   1.42842338e-14+0.j  4.82560797e-01+0.j -4.82003688e-28+0.j
  -2.43134552e-30+0.j -1.75308220e-28+0.j  1.96969115e-17+0.j
  -5.37961714e-28+0.j  2.24786557e-29+0.j  9.63700117e-29+0.j
  -5.15954030e-17+0.j]
 [-9.95403194e-17+0.j  3.72674582e-18+0.j -2.99658525e-17+0.j
   3.02435259e-18+0.j  4.82560830e-01+0.j  1.42919191e-14+0.j
   5.00000000e-01+0.j -9.03496474e-12+0.j  6.54060691e-03+0.j
   3.06787475e-30+0.j  1.42796380e-29+0.j -3.95591059e-31+0.j
   2.88582508e-19+0.j -2.13897456e-31+0.j -1.26217727e-29+0.j
   0.00000000e+00+0.j]
 [ 2.91823222e-17+0.j -4.92592142e-17+0.j  3.51117989e-18+0.j
  -3.01329058e-17+0.j  8.02100571e-17+0.j  4.82560797e-01+0.j
  -9.03490767e-12+0.j  5.00000000e-01+0.j -3.89190521e-14+0.j
   6.54063224e-03+0.j  1.23911724e-29+0.j -6.32359561e-32+0.j
  -3.90396831e-30+0.j  1.45204724e-19+0.j -5.04870995e-29+0.j
   0.00000000e+00+0.j]
 [-4.94396191e-17+0.j -7.05571246e-18+0.j -1.76815465e-16+0.j
  -6.40177133e-18+0.j -1.61888907e-16+0.j  1.15045681e-17+0.j
   6.54060691e-03+0.j -3.89357762e-14+0.j  5.00000000e-01+0.j
   1.72258976e-11+0.j  4.90532381e-01+0.j -1.58048231e-28+0.j
  -1.08238564e-27+0.j  1.34537293e-27+0.j -5.13463445e-17+0.j
   1.43201882e-28+0.j]
 [ 3.90620925e-18+0.j -3.46944695e-17+0.j -2.04499747e-18+0.j
   3.79873569e-17+0.j -2.36847867e-17+0.j  1.05219801e-16+0.j
  -4.71003411e-18+0.j  6.54063224e-03+0.j  1.72258794e-11+0.j
   5.00000000e-01+0.j  6.13431049e-15+0.j  4.90532436e-01+0.j
   3.46604470e-28+0.j  3.77373714e-29+0.j -3.28377456e-28+0.j
  -9.88004026e-17+0.j]
 [-8.96773539e-17+0.j -2.36429553e-17+0.j  1.73764470e-17+0.j
   4.47215982e-18+0.j -5.44181287e-17+0.j  9.69728285e-18+0.j
  -9.42661110e-17+0.j  5.69937659e-18+0.j  4.90532381e-01+0.j
   6.13073141e-15+0.j  5.00000000e-01+0.j -1.72683324e-11+0.j
   1.95140580e-03+0.j  1.13413068e-31+0.j -6.31088838e-30+0.j
  -1.57772181e-30+0.j]
 [-3.09516330e-19+0.j  1.28089027e-16+0.j -1.01037868e-17+0.j
  -8.20481038e-18+0.j -1.38808188e-17+0.j  4.50758274e-17+0.j
  -3.35404044e-19+0.j  1.03853881e-17+0.j  1.56102789e-17+0.j
   4.90532436e-01+0.j -1.72683042e-11+0.j  5.00000000e-01+0.j
  -6.23802306e-15+0.j  1.95143312e-03+0.j -2.52435489e-29+0.j
  -1.97215226e-31+0.j]
 [ 6.41847686e-17+0.j  4.80312671e-18+0.j  1.08272069e-16+0.j
   8.83892850e-18+0.j  7.51070073e-17+0.j -2.10371288e-17+0.j
  -1.73711435e-17+0.j -3.82270971e-18+0.j  1.40408570e-17+0.j
   2.22302841e-17+0.j  1.95140580e-03+0.j -6.24185085e-15+0.j
   5.00000000e-01+0.j  2.30113743e-11+0.j  4.93305009e-01+0.j
   0.00000000e+00+0.j]
 [ 6.29866036e-19+0.j  6.93889390e-18+0.j  1.29804292e-18+0.j
   3.01300097e-17+0.j  2.56900516e-17+0.j  1.28673736e-17+0.j
   2.47452700e-18+0.j -1.19033840e-16+0.j  3.63267657e-18+0.j
   3.70559690e-17+0.j  7.27555580e-18+0.j  1.95143312e-03+0.j
   2.30113516e-11+0.j  5.00000000e-01+0.j  7.60261932e-15+0.j
  -4.93304974e-01+0.j]
 [-1.63695003e-17+0.j  1.74871507e-17+0.j -6.29581913e-17+0.j
  -1.78563463e-17+0.j  1.62056216e-16+0.j  3.02416736e-18+0.j
   1.20061621e-16+0.j  2.68555881e-17+0.j -1.64322079e-16+0.j
  -5.31649286e-18+0.j -3.88440785e-17+0.j -1.44306418e-17+0.j
   4.93305009e-01+0.j  7.61206498e-15+0.j  5.00000000e-01+0.j
   2.30193098e-11+0.j]
 [-3.63880408e-18+0.j -4.25391690e-17+0.j  1.76133316e-17+0.j
   2.05059590e-18+0.j  3.79558719e-17+0.j  1.85155893e-16+0.j
  -2.33011895e-17+0.j  6.98149892e-17+0.j -2.34464913e-17+0.j
  -3.21495603e-16+0.j  1.25665531e-17+0.j  8.46532790e-17+0.j
   5.86008540e-18+0.j -4.93304974e-01+0.j  2.30192931e-11+0.j
   5.00000000e-01+0.j]]
rounding Naca1 to integer
rounding Naca2 to integer
Naca= (4, 4)
nq= 16
variational state:
        ┌──────────┐┌───────────┐┌───┐     ┌───────────┐┌───────────┐»
 q0_0: ─┤ Ry(y[0]) ├┤ Rz(y[16]) ├┤ X ├──■──┤ Ry(y[32]) ├┤ Rz(y[48]) ├»
        ├──────────┤├───────────┤└─┬─┘┌─┴─┐└───────────┘├───────────┤»
 q0_1: ─┤ Ry(y[1]) ├┤ Rz(y[17]) ├──┼──┤ X ├──────■──────┤ Ry(y[33]) ├»
        ├──────────┤├───────────┤  │  └───┘    ┌─┴─┐    └───────────┘»
 q0_2: ─┤ Ry(y[2]) ├┤ Rz(y[18]) ├──┼───────────┤ X ├──────────■──────»
        ├──────────┤├───────────┤  │           └───┘        ┌─┴─┐    »
 q0_3: ─┤ Ry(y[3]) ├┤ Rz(y[19]) ├──┼────────────────────────┤ X ├────»
        ├──────────┤├───────────┤  │                        └───┘    »
 q0_4: ─┤ Ry(y[4]) ├┤ Rz(y[20]) ├──┼─────────────────────────────────»
        ├──────────┤├───────────┤  │                                 »
 q0_5: ─┤ Ry(y[5]) ├┤ Rz(y[21]) ├──┼─────────────────────────────────»
        ├──────────┤├───────────┤  │                                 »
 q0_6: ─┤ Ry(y[6]) ├┤ Rz(y[22]) ├──┼─────────────────────────────────»
        ├──────────┤├───────────┤  │                                 »
 q0_7: ─┤ Ry(y[7]) ├┤ Rz(y[23]) ├──┼─────────────────────────────────»
        ├──────────┤├───────────┤  │                                 »
 q0_8: ─┤ Ry(y[8]) ├┤ Rz(y[24]) ├──┼─────────────────────────────────»
        ├──────────┤├───────────┤  │                                 »
 q0_9: ─┤ Ry(y[9]) ├┤ Rz(y[25]) ├──┼─────────────────────────────────»
       ┌┴──────────┤├───────────┤  │                                 »
q0_10: ┤ Ry(y[10]) ├┤ Rz(y[26]) ├──┼─────────────────────────────────»
       ├───────────┤├───────────┤  │                                 »
q0_11: ┤ Ry(y[11]) ├┤ Rz(y[27]) ├──┼─────────────────────────────────»
       ├───────────┤├───────────┤  │                                 »
q0_12: ┤ Ry(y[12]) ├┤ Rz(y[28]) ├──┼─────────────────────────────────»
       ├───────────┤├───────────┤  │                                 »
q0_13: ┤ Ry(y[13]) ├┤ Rz(y[29]) ├──┼─────────────────────────────────»
       ├───────────┤├───────────┤  │                                 »
q0_14: ┤ Ry(y[14]) ├┤ Rz(y[30]) ├──┼─────────────────────────────────»
       ├───────────┤├───────────┤  │                                 »
q0_15: ┤ Ry(y[15]) ├┤ Rz(y[31]) ├──■─────────────────────────────────»
       └───────────┘└───────────┘                                    »
c0: 16/══════════════════════════════════════════════════════════════»
                                                                     »
«                                                                        »
« q0_0: ─────────────────────────────────────────────────────────────────»
«       ┌───────────┐                                                    »
« q0_1: ┤ Rz(y[49]) ├────────────────────────────────────────────────────»
«       ├───────────┤┌───────────┐                                       »
« q0_2: ┤ Ry(y[34]) ├┤ Rz(y[50]) ├───────────────────────────────────────»
«       └───────────┘├───────────┤┌───────────┐                          »
« q0_3: ──────■──────┤ Ry(y[35]) ├┤ Rz(y[51]) ├──────────────────────────»
«           ┌─┴─┐    └───────────┘├───────────┤┌───────────┐             »
« q0_4: ────┤ X ├──────────■──────┤ Ry(y[36]) ├┤ Rz(y[52]) ├─────────────»
«           └───┘        ┌─┴─┐    └───────────┘├───────────┤┌───────────┐»
« q0_5: ─────────────────┤ X ├──────────■──────┤ Ry(y[37]) ├┤ Rz(y[53]) ├»
«                        └───┘        ┌─┴─┐    └───────────┘├───────────┤»
« q0_6: ──────────────────────────────┤ X ├──────────■──────┤ Ry(y[38]) ├»
«                                     └───┘        ┌─┴─┐    └───────────┘»
« q0_7: ───────────────────────────────────────────┤ X ├──────────■──────»
«                                                  └───┘        ┌─┴─┐    »
« q0_8: ────────────────────────────────────────────────────────┤ X ├────»
«                                                               └───┘    »
« q0_9: ─────────────────────────────────────────────────────────────────»
«                                                                        »
«q0_10: ─────────────────────────────────────────────────────────────────»
«                                                                        »
«q0_11: ─────────────────────────────────────────────────────────────────»
«                                                                        »
«q0_12: ─────────────────────────────────────────────────────────────────»
«                                                                        »
«q0_13: ─────────────────────────────────────────────────────────────────»
«                                                                        »
«q0_14: ─────────────────────────────────────────────────────────────────»
«                                                                        »
«q0_15: ─────────────────────────────────────────────────────────────────»
«                                                                        »
«c0: 16/═════════════════════════════════════════════════════════════════»
«                                                                        »
«                                                                        »
« q0_0: ─────────────────────────────────────────────────────────────────»
«                                                                        »
« q0_1: ─────────────────────────────────────────────────────────────────»
«                                                                        »
« q0_2: ─────────────────────────────────────────────────────────────────»
«                                                                        »
« q0_3: ─────────────────────────────────────────────────────────────────»
«                                                                        »
« q0_4: ─────────────────────────────────────────────────────────────────»
«                                                                        »
« q0_5: ─────────────────────────────────────────────────────────────────»
«       ┌───────────┐                                                    »
« q0_6: ┤ Rz(y[54]) ├────────────────────────────────────────────────────»
«       ├───────────┤┌───────────┐                                       »
« q0_7: ┤ Ry(y[39]) ├┤ Rz(y[55]) ├───────────────────────────────────────»
«       └───────────┘├───────────┤┌───────────┐                          »
« q0_8: ──────■──────┤ Ry(y[40]) ├┤ Rz(y[56]) ├──────────────────────────»
«           ┌─┴─┐    └───────────┘├───────────┤┌───────────┐             »
« q0_9: ────┤ X ├──────────■──────┤ Ry(y[41]) ├┤ Rz(y[57]) ├─────────────»
«           └───┘        ┌─┴─┐    └───────────┘├───────────┤┌───────────┐»
«q0_10: ─────────────────┤ X ├──────────■──────┤ Ry(y[42]) ├┤ Rz(y[58]) ├»
«                        └───┘        ┌─┴─┐    └───────────┘├───────────┤»
«q0_11: ──────────────────────────────┤ X ├──────────■──────┤ Ry(y[43]) ├»
«                                     └───┘        ┌─┴─┐    └───────────┘»
«q0_12: ───────────────────────────────────────────┤ X ├──────────■──────»
«                                                  └───┘        ┌─┴─┐    »
«q0_13: ────────────────────────────────────────────────────────┤ X ├────»
«                                                               └───┘    »
«q0_14: ─────────────────────────────────────────────────────────────────»
«                                                                        »
«q0_15: ─────────────────────────────────────────────────────────────────»
«                                                                        »
«c0: 16/═════════════════════════════════════════════════════════════════»
«                                                                        »
«                                                           ┌───┐     »
« q0_0: ────────────────────────────────────────────────────┤ X ├──■──»
«                                                           └─┬─┘┌─┴─┐»
« q0_1: ──────────────────────────────────────────────────────┼──┤ X ├»
«                                                             │  └───┘»
« q0_2: ──────────────────────────────────────────────────────┼───────»
«                                                             │       »
« q0_3: ──────────────────────────────────────────────────────┼───────»
«                                                             │       »
« q0_4: ──────────────────────────────────────────────────────┼───────»
«                                                             │       »
« q0_5: ──────────────────────────────────────────────────────┼───────»
«                                                             │       »
« q0_6: ──────────────────────────────────────────────────────┼───────»
«                                                             │       »
« q0_7: ──────────────────────────────────────────────────────┼───────»
«                                                             │       »
« q0_8: ──────────────────────────────────────────────────────┼───────»
«                                                             │       »
« q0_9: ──────────────────────────────────────────────────────┼───────»
«                                                             │       »
«q0_10: ──────────────────────────────────────────────────────┼───────»
«       ┌───────────┐                                         │       »
«q0_11: ┤ Rz(y[59]) ├─────────────────────────────────────────┼───────»
«       ├───────────┤┌───────────┐                            │       »
«q0_12: ┤ Ry(y[44]) ├┤ Rz(y[60]) ├────────────────────────────┼───────»
«       └───────────┘├───────────┤┌───────────┐               │       »
«q0_13: ──────■──────┤ Ry(y[45]) ├┤ Rz(y[61]) ├───────────────┼───────»
«           ┌─┴─┐    └───────────┘├───────────┤┌───────────┐  │       »
«q0_14: ────┤ X ├──────────■──────┤ Ry(y[46]) ├┤ Rz(y[62]) ├──┼───────»
«           └───┘        ┌─┴─┐    ├───────────┤├───────────┤  │       »
«q0_15: ─────────────────┤ X ├────┤ Ry(y[47]) ├┤ Rz(y[63]) ├──■───────»
«                        └───┘    └───────────┘└───────────┘          »
«c0: 16/══════════════════════════════════════════════════════════════»
«                                                                     »
«       ┌───────────┐┌───────────┐                                       »
« q0_0: ┤ Ry(y[64]) ├┤ Rz(y[80]) ├───────────────────────────────────────»
«       └───────────┘├───────────┤┌───────────┐                          »
« q0_1: ──────■──────┤ Ry(y[65]) ├┤ Rz(y[81]) ├──────────────────────────»
«           ┌─┴─┐    └───────────┘├───────────┤┌───────────┐             »
« q0_2: ────┤ X ├──────────■──────┤ Ry(y[66]) ├┤ Rz(y[82]) ├─────────────»
«           └───┘        ┌─┴─┐    └───────────┘├───────────┤┌───────────┐»
« q0_3: ─────────────────┤ X ├──────────■──────┤ Ry(y[67]) ├┤ Rz(y[83]) ├»
«                        └───┘        ┌─┴─┐    └───────────┘├───────────┤»
« q0_4: ──────────────────────────────┤ X ├──────────■──────┤ Ry(y[68]) ├»
«                                     └───┘        ┌─┴─┐    └───────────┘»
« q0_5: ───────────────────────────────────────────┤ X ├──────────■──────»
«                                                  └───┘        ┌─┴─┐    »
« q0_6: ────────────────────────────────────────────────────────┤ X ├────»
«                                                               └───┘    »
« q0_7: ─────────────────────────────────────────────────────────────────»
«                                                                        »
« q0_8: ─────────────────────────────────────────────────────────────────»
«                                                                        »
« q0_9: ─────────────────────────────────────────────────────────────────»
«                                                                        »
«q0_10: ─────────────────────────────────────────────────────────────────»
«                                                                        »
«q0_11: ─────────────────────────────────────────────────────────────────»
«                                                                        »
«q0_12: ─────────────────────────────────────────────────────────────────»
«                                                                        »
«q0_13: ─────────────────────────────────────────────────────────────────»
«                                                                        »
«q0_14: ─────────────────────────────────────────────────────────────────»
«                                                                        »
«q0_15: ─────────────────────────────────────────────────────────────────»
«                                                                        »
«c0: 16/═════════════════════════════════════════════════════════════════»
«                                                                        »
«                                                                        »
« q0_0: ─────────────────────────────────────────────────────────────────»
«                                                                        »
« q0_1: ─────────────────────────────────────────────────────────────────»
«                                                                        »
« q0_2: ─────────────────────────────────────────────────────────────────»
«                                                                        »
« q0_3: ─────────────────────────────────────────────────────────────────»
«       ┌───────────┐                                                    »
« q0_4: ┤ Rz(y[84]) ├────────────────────────────────────────────────────»
«       ├───────────┤┌───────────┐                                       »
« q0_5: ┤ Ry(y[69]) ├┤ Rz(y[85]) ├───────────────────────────────────────»
«       └───────────┘├───────────┤┌───────────┐                          »
« q0_6: ──────■──────┤ Ry(y[70]) ├┤ Rz(y[86]) ├──────────────────────────»
«           ┌─┴─┐    └───────────┘├───────────┤┌───────────┐             »
« q0_7: ────┤ X ├──────────■──────┤ Ry(y[71]) ├┤ Rz(y[87]) ├─────────────»
«           └───┘        ┌─┴─┐    └───────────┘├───────────┤┌───────────┐»
« q0_8: ─────────────────┤ X ├──────────■──────┤ Ry(y[72]) ├┤ Rz(y[88]) ├»
«                        └───┘        ┌─┴─┐    └───────────┘├───────────┤»
« q0_9: ──────────────────────────────┤ X ├──────────■──────┤ Ry(y[73]) ├»
«                                     └───┘        ┌─┴─┐    └───────────┘»
«q0_10: ───────────────────────────────────────────┤ X ├──────────■──────»
«                                                  └───┘        ┌─┴─┐    »
«q0_11: ────────────────────────────────────────────────────────┤ X ├────»
«                                                               └───┘    »
«q0_12: ─────────────────────────────────────────────────────────────────»
«                                                                        »
«q0_13: ─────────────────────────────────────────────────────────────────»
«                                                                        »
«q0_14: ─────────────────────────────────────────────────────────────────»
«                                                                        »
«q0_15: ─────────────────────────────────────────────────────────────────»
«                                                                        »
«c0: 16/═════════════════════════════════════════════════════════════════»
«                                                                        »
«                                                                        »
« q0_0: ─────────────────────────────────────────────────────────────────»
«                                                                        »
« q0_1: ─────────────────────────────────────────────────────────────────»
«                                                                        »
« q0_2: ─────────────────────────────────────────────────────────────────»
«                                                                        »
« q0_3: ─────────────────────────────────────────────────────────────────»
«                                                                        »
« q0_4: ─────────────────────────────────────────────────────────────────»
«                                                                        »
« q0_5: ─────────────────────────────────────────────────────────────────»
«                                                                        »
« q0_6: ─────────────────────────────────────────────────────────────────»
«                                                                        »
« q0_7: ─────────────────────────────────────────────────────────────────»
«                                                                        »
« q0_8: ─────────────────────────────────────────────────────────────────»
«       ┌───────────┐                                                    »
« q0_9: ┤ Rz(y[89]) ├────────────────────────────────────────────────────»
«       ├───────────┤┌───────────┐                                       »
«q0_10: ┤ Ry(y[74]) ├┤ Rz(y[90]) ├───────────────────────────────────────»
«       └───────────┘├───────────┤┌───────────┐                          »
«q0_11: ──────■──────┤ Ry(y[75]) ├┤ Rz(y[91]) ├──────────────────────────»
«           ┌─┴─┐    └───────────┘├───────────┤┌───────────┐             »
«q0_12: ────┤ X ├──────────■──────┤ Ry(y[76]) ├┤ Rz(y[92]) ├─────────────»
«           └───┘        ┌─┴─┐    └───────────┘├───────────┤┌───────────┐»
«q0_13: ─────────────────┤ X ├──────────■──────┤ Ry(y[77]) ├┤ Rz(y[93]) ├»
«                        └───┘        ┌─┴─┐    └───────────┘├───────────┤»
«q0_14: ──────────────────────────────┤ X ├──────────■──────┤ Ry(y[78]) ├»
«                                     └───┘        ┌─┴─┐    ├───────────┤»
«q0_15: ───────────────────────────────────────────┤ X ├────┤ Ry(y[79]) ├»
«                                                  └───┘    └───────────┘»
«c0: 16/═════════════════════════════════════════════════════════════════»
«                                                                        »
«                    
« q0_0: ─────────────
«                    
« q0_1: ─────────────
«                    
« q0_2: ─────────────
«                    
« q0_3: ─────────────
«                    
« q0_4: ─────────────
«                    
« q0_5: ─────────────
«                    
« q0_6: ─────────────
«                    
« q0_7: ─────────────
«                    
« q0_8: ─────────────
«                    
« q0_9: ─────────────
«                    
«q0_10: ─────────────
«                    
«q0_11: ─────────────
«                    
«q0_12: ─────────────
«                    
«q0_13: ─────────────
«       ┌───────────┐
«q0_14: ┤ Rz(y[94]) ├
«       ├───────────┤
«q0_15: ┤ Rz(y[95]) ├
«       └───────────┘
«c0: 16/═════════════
«                    
ansatz-state is written to ansatz.txt
building constraints...
number of constraints= 256
unique pauliops 496
graphclique-cliquecover: 496 with commutationmode qubitwise
strategy largest_first 256
strategy random_sequential 259
strategy smallest_last 256
strategy independent_set 273
strategy connected_sequential_bfs 257
strategy connected_sequential_dfs 256
strategy saturation_largest_first 256
number of cliques 256
clique 0 ['XZZZZZZZZZZZZZZX', 'IIIIIIIIIIIIIIZI', 'IIIIIIIIIIIIIZII', 'IIIIIIIIIIIIZIII', 'IIIIIIIIIIIZIIII', 'IIIIIIIIIIZIIIII', 'IIIIIIIIIZIIIIII', 'IIIIIIIIZIIIIIII', 'IIIIIIIZIIIIIIII', 'IIIIIIZIIIIIIIII', 'IIIIIZIIIIIIIIII', 'IIIIZIIIIIIIIIII', 'IIIZIIIIIIIIIIII', 'IIZIIIIIIIIIIIII', 'IZIIIIIIIIIIIIII']
clique 1 ['YZZZZZZZZZZZZZZY']
clique 2 ['YZZZZZZZZZZZZZZX']
clique 3 ['XZZZZZZZZZZZZZZY']
clique 4 ['IXZZZZZZZZZZZZZX', 'XXIIIIIIIIIIIIII']
clique 5 ['IYZZZZZZZZZZZZZY', 'YYIIIIIIIIIIIIII']
clique 6 ['IYZZZZZZZZZZZZZX', 'XYIIIIIIIIIIIIII']
clique 7 ['IXZZZZZZZZZZZZZY', 'YXIIIIIIIIIIIIII']
clique 8 ['IIIIIIIIIIIIIIXX', 'XZZZZZZZZZZZZZXI']
clique 9 ['IIIIIIIIIIIIIIYY', 'YZZZZZZZZZZZZZYI']
clique 10 ['IIIIIIIIIIIIIIXY', 'YZZZZZZZZZZZZZXI']
clique 11 ['IIIIIIIIIIIIIIYX', 'XZZZZZZZZZZZZZYI']
clique 12 ['IIIIIIIIIIIIIIIZ', 'IXZZZZZZZZZZZZXI', 'ZIIIIIIIIIIIIIII']
clique 13 ['IYZZZZZZZZZZZZYI']
clique 14 ['IYZZZZZZZZZZZZXI']
clique 15 ['IXZZZZZZZZZZZZYI']
clique 16 ['IIXZZZZZZZZZZZZX', 'XZXIIIIIIIIIIIII']
clique 17 ['IIYZZZZZZZZZZZZY', 'YZYIIIIIIIIIIIII']
clique 18 ['IIYZZZZZZZZZZZZX', 'XZYIIIIIIIIIIIII']
clique 19 ['IIXZZZZZZZZZZZZY', 'YZXIIIIIIIIIIIII']
clique 20 ['IIIIIIIIIIIIIXZX', 'XZZZZZZZZZZZZXII']
clique 21 ['IIIIIIIIIIIIIYZY', 'YZZZZZZZZZZZZYII']
clique 22 ['IIIIIIIIIIIIIXZY', 'YZZZZZZZZZZZZXII']
clique 23 ['IIIIIIIIIIIIIYZX', 'XZZZZZZZZZZZZYII']
clique 24 ['IIXZZZZZZZZZZZXI', 'IXXIIIIIIIIIIIII']
clique 25 ['IIYZZZZZZZZZZZYI', 'IYYIIIIIIIIIIIII']
clique 26 ['IIYZZZZZZZZZZZXI', 'IXYIIIIIIIIIIIII']
clique 27 ['IIXZZZZZZZZZZZYI', 'IYXIIIIIIIIIIIII']
clique 28 ['IIIIIIIIIIIIIXXI', 'IXZZZZZZZZZZZXII']
clique 29 ['IIIIIIIIIIIIIYYI', 'IYZZZZZZZZZZZYII']
clique 30 ['IIIIIIIIIIIIIXYI', 'IYZZZZZZZZZZZXII']
clique 31 ['IIIIIIIIIIIIIYXI', 'IXZZZZZZZZZZZYII']
clique 32 ['IIXZZZZZZZZZZXII']
clique 33 ['IIYZZZZZZZZZZYII']
clique 34 ['IIYZZZZZZZZZZXII']
clique 35 ['IIXZZZZZZZZZZYII']
clique 36 ['IIIXZZZZZZZZZZZX', 'XZZXIIIIIIIIIIII']
clique 37 ['IIIYZZZZZZZZZZZY', 'YZZYIIIIIIIIIIII']
clique 38 ['IIIYZZZZZZZZZZZX', 'XZZYIIIIIIIIIIII']
clique 39 ['IIIXZZZZZZZZZZZY', 'YZZXIIIIIIIIIIII']
clique 40 ['IIIIIIIIIIIIXZZX', 'XZZZZZZZZZZZXIII']
clique 41 ['IIIIIIIIIIIIYZZY', 'YZZZZZZZZZZZYIII']
clique 42 ['IIIIIIIIIIIIXZZY', 'YZZZZZZZZZZZXIII']
clique 43 ['IIIIIIIIIIIIYZZX', 'XZZZZZZZZZZZYIII']
clique 44 ['IIIXZZZZZZZZZZXI', 'IXZXIIIIIIIIIIII']
clique 45 ['IIIYZZZZZZZZZZYI', 'IYZYIIIIIIIIIIII']
clique 46 ['IIIYZZZZZZZZZZXI', 'IXZYIIIIIIIIIIII']
clique 47 ['IIIXZZZZZZZZZZYI', 'IYZXIIIIIIIIIIII']
clique 48 ['IIIIIIIIIIIIXZXI', 'IXZZZZZZZZZZXIII']
clique 49 ['IIIIIIIIIIIIYZYI', 'IYZZZZZZZZZZYIII']
clique 50 ['IIIIIIIIIIIIXZYI', 'IYZZZZZZZZZZXIII']
clique 51 ['IIIIIIIIIIIIYZXI', 'IXZZZZZZZZZZYIII']
clique 52 ['IIIXZZZZZZZZZXII', 'IIXXIIIIIIIIIIII']
clique 53 ['IIIYZZZZZZZZZYII', 'IIYYIIIIIIIIIIII']
clique 54 ['IIIYZZZZZZZZZXII', 'IIXYIIIIIIIIIIII']
clique 55 ['IIIXZZZZZZZZZYII', 'IIYXIIIIIIIIIIII']
clique 56 ['IIIIIIIIIIIIXXII', 'IIXZZZZZZZZZXIII']
clique 57 ['IIIIIIIIIIIIYYII', 'IIYZZZZZZZZZYIII']
clique 58 ['IIIIIIIIIIIIXYII', 'IIYZZZZZZZZZXIII']
clique 59 ['IIIIIIIIIIIIYXII', 'IIXZZZZZZZZZYIII']
clique 60 ['IIIIXZZZZZZZZZZX', 'XZZZXIIIIIIIIIII']
clique 61 ['IIIIYZZZZZZZZZZY', 'YZZZYIIIIIIIIIII']
clique 62 ['IIIIYZZZZZZZZZZX', 'XZZZYIIIIIIIIIII']
clique 63 ['IIIIXZZZZZZZZZZY', 'YZZZXIIIIIIIIIII']
clique 64 ['IIIIIIIIIIIXZZZX', 'XZZZZZZZZZZXIIII']
clique 65 ['IIIIIIIIIIIYZZZY', 'YZZZZZZZZZZYIIII']
clique 66 ['IIIIIIIIIIIXZZZY', 'YZZZZZZZZZZXIIII']
clique 67 ['IIIIIIIIIIIYZZZX', 'XZZZZZZZZZZYIIII']
clique 68 ['IIIIXZZZZZZZZZXI', 'IXZZXIIIIIIIIIII']
clique 69 ['IIIIYZZZZZZZZZYI', 'IYZZYIIIIIIIIIII']
clique 70 ['IIIIYZZZZZZZZZXI', 'IXZZYIIIIIIIIIII']
clique 71 ['IIIIXZZZZZZZZZYI', 'IYZZXIIIIIIIIIII']
clique 72 ['IIIIIIIIIIIXZZXI', 'IXZZZZZZZZZXIIII']
clique 73 ['IIIIIIIIIIIYZZYI', 'IYZZZZZZZZZYIIII']
clique 74 ['IIIIIIIIIIIXZZYI', 'IYZZZZZZZZZXIIII']
clique 75 ['IIIIIIIIIIIYZZXI', 'IXZZZZZZZZZYIIII']
clique 76 ['IIIXZZZZZZZZXIII']
clique 77 ['IIIYZZZZZZZZYIII']
clique 78 ['IIIYZZZZZZZZXIII']
clique 79 ['IIIXZZZZZZZZYIII']
clique 80 ['IIIIXZZZZZZZZXII', 'IIXZXIIIIIIIIIII']
clique 81 ['IIIIYZZZZZZZZYII', 'IIYZYIIIIIIIIIII']
clique 82 ['IIIIYZZZZZZZZXII', 'IIXZYIIIIIIIIIII']
clique 83 ['IIIIXZZZZZZZZYII', 'IIYZXIIIIIIIIIII']
clique 84 ['IIIIIIIIIIIXZXII', 'IIXZZZZZZZZXIIII']
clique 85 ['IIIIIIIIIIIYZYII', 'IIYZZZZZZZZYIIII']
clique 86 ['IIIIIIIIIIIXZYII', 'IIYZZZZZZZZXIIII']
clique 87 ['IIIIIIIIIIIYZXII', 'IIXZZZZZZZZYIIII']
clique 88 ['IIIIIXZZZZZZZZZX', 'XZZZZXIIIIIIIIII']
clique 89 ['IIIIIYZZZZZZZZZY', 'YZZZZYIIIIIIIIII']
clique 90 ['IIIIIYZZZZZZZZZX', 'XZZZZYIIIIIIIIII']
clique 91 ['IIIIIXZZZZZZZZZY', 'YZZZZXIIIIIIIIII']
clique 92 ['IIIIXZZZZZZZXIII', 'IIIXXIIIIIIIIIII']
clique 93 ['IIIIYZZZZZZZYIII', 'IIIYYIIIIIIIIIII']
clique 94 ['IIIIYZZZZZZZXIII', 'IIIXYIIIIIIIIIII']
clique 95 ['IIIIXZZZZZZZYIII', 'IIIYXIIIIIIIIIII']
clique 96 ['IIIIIIIIIIIXXIII', 'IIIXZZZZZZZXIIII']
clique 97 ['IIIIIIIIIIIYYIII', 'IIIYZZZZZZZYIIII']
clique 98 ['IIIIIIIIIIIXYIII', 'IIIYZZZZZZZXIIII']
clique 99 ['IIIIIIIIIIIYXIII', 'IIIXZZZZZZZYIIII']
clique 100 ['IIIIIIIIIIXZZZZX', 'XZZZZZZZZZXIIIII']
clique 101 ['IIIIIIIIIIYZZZZY', 'YZZZZZZZZZYIIIII']
clique 102 ['IIIIIIIIIIXZZZZY', 'YZZZZZZZZZXIIIII']
clique 103 ['IIIIIIIIIIYZZZZX', 'XZZZZZZZZZYIIIII']
clique 104 ['IIIIIXZZZZZZZZXI', 'IXZZZXIIIIIIIIII']
clique 105 ['IIIIIYZZZZZZZZYI', 'IYZZZYIIIIIIIIII']
clique 106 ['IIIIIYZZZZZZZZXI', 'IXZZZYIIIIIIIIII']
clique 107 ['IIIIIXZZZZZZZZYI', 'IYZZZXIIIIIIIIII']
clique 108 ['IIIIIIIIIIXZZZXI', 'IXZZZZZZZZXIIIII']
clique 109 ['IIIIIIIIIIYZZZYI', 'IYZZZZZZZZYIIIII']
clique 110 ['IIIIIIIIIIXZZZYI', 'IYZZZZZZZZXIIIII']
clique 111 ['IIIIIIIIIIYZZZXI', 'IXZZZZZZZZYIIIII']
clique 112 ['IIIIIXZZZZZZZXII', 'IIXZZXIIIIIIIIII']
clique 113 ['IIIIIYZZZZZZZYII', 'IIYZZYIIIIIIIIII']
clique 114 ['IIIIIYZZZZZZZXII', 'IIXZZYIIIIIIIIII']
clique 115 ['IIIIIXZZZZZZZYII', 'IIYZZXIIIIIIIIII']
clique 116 ['IIIIIIIIIIXZZXII', 'IIXZZZZZZZXIIIII']
clique 117 ['IIIIIIIIIIYZZYII', 'IIYZZZZZZZYIIIII']
clique 118 ['IIIIIIIIIIXZZYII', 'IIYZZZZZZZXIIIII']
clique 119 ['IIIIIIIIIIYZZXII', 'IIXZZZZZZZYIIIII']
clique 120 ['IIIIXZZZZZZXIIII']
clique 121 ['IIIIYZZZZZZYIIII']
clique 122 ['IIIIYZZZZZZXIIII']
clique 123 ['IIIIXZZZZZZYIIII']
clique 124 ['IIIIIXZZZZZZXIII', 'IIIXZXIIIIIIIIII']
clique 125 ['IIIIIYZZZZZZYIII', 'IIIYZYIIIIIIIIII']
clique 126 ['IIIIIYZZZZZZXIII', 'IIIXZYIIIIIIIIII']
clique 127 ['IIIIIXZZZZZZYIII', 'IIIYZXIIIIIIIIII']
clique 128 ['IIIIIIIIIIXZXIII', 'IIIXZZZZZZXIIIII']
clique 129 ['IIIIIIIIIIYZYIII', 'IIIYZZZZZZYIIIII']
clique 130 ['IIIIIIIIIIXZYIII', 'IIIYZZZZZZXIIIII']
clique 131 ['IIIIIIIIIIYZXIII', 'IIIXZZZZZZYIIIII']
clique 132 ['IIIIIIXZZZZZZZZX', 'XZZZZZXIIIIIIIII']
clique 133 ['IIIIIIYZZZZZZZZY', 'YZZZZZYIIIIIIIII']
clique 134 ['IIIIIIYZZZZZZZZX', 'XZZZZZYIIIIIIIII']
clique 135 ['IIIIIIXZZZZZZZZY', 'YZZZZZXIIIIIIIII']
clique 136 ['IIIIIIIIIXZZZZZX', 'XZZZZZZZZXIIIIII']
clique 137 ['IIIIIIIIIYZZZZZY', 'YZZZZZZZZYIIIIII']
clique 138 ['IIIIIIIIIXZZZZZY', 'YZZZZZZZZXIIIIII']
clique 139 ['IIIIIIIIIYZZZZZX', 'XZZZZZZZZYIIIIII']
clique 140 ['IIIIIIXZZZZZZZXI', 'IXZZZZXIIIIIIIII']
clique 141 ['IIIIIIYZZZZZZZYI', 'IYZZZZYIIIIIIIII']
clique 142 ['IIIIIIYZZZZZZZXI', 'IXZZZZYIIIIIIIII']
clique 143 ['IIIIIIXZZZZZZZYI', 'IYZZZZXIIIIIIIII']
clique 144 ['IIIIIIIIIXZZZZXI', 'IXZZZZZZZXIIIIII']
clique 145 ['IIIIIIIIIYZZZZYI', 'IYZZZZZZZYIIIIII']
clique 146 ['IIIIIIIIIXZZZZYI', 'IYZZZZZZZXIIIIII']
clique 147 ['IIIIIIIIIYZZZZXI', 'IXZZZZZZZYIIIIII']
clique 148 ['IIIIIIXZZZZZZXII', 'IIXZZZXIIIIIIIII']
clique 149 ['IIIIIIYZZZZZZYII', 'IIYZZZYIIIIIIIII']
clique 150 ['IIIIIIYZZZZZZXII', 'IIXZZZYIIIIIIIII']
clique 151 ['IIIIIIXZZZZZZYII', 'IIYZZZXIIIIIIIII']
clique 152 ['IIIIIIIIIXZZZXII', 'IIXZZZZZZXIIIIII']
clique 153 ['IIIIIIIIIYZZZYII', 'IIYZZZZZZYIIIIII']
clique 154 ['IIIIIIIIIXZZZYII', 'IIYZZZZZZXIIIIII']
clique 155 ['IIIIIIIIIYZZZXII', 'IIXZZZZZZYIIIIII']
clique 156 ['IIIIIXZZZZZXIIII', 'IIIIXXIIIIIIIIII']
clique 157 ['IIIIIYZZZZZYIIII', 'IIIIYYIIIIIIIIII']
clique 158 ['IIIIIYZZZZZXIIII', 'IIIIXYIIIIIIIIII']
clique 159 ['IIIIIXZZZZZYIIII', 'IIIIYXIIIIIIIIII']
clique 160 ['IIIIIIIIIIXXIIII', 'IIIIXZZZZZXIIIII']
clique 161 ['IIIIIIIIIIYYIIII', 'IIIIYZZZZZYIIIII']
clique 162 ['IIIIIIIIIIXYIIII', 'IIIIYZZZZZXIIIII']
clique 163 ['IIIIIIIIIIYXIIII', 'IIIIXZZZZZYIIIII']
clique 164 ['IIIIIIXZZZZZXIII', 'IIIXZZXIIIIIIIII']
clique 165 ['IIIIIIYZZZZZYIII', 'IIIYZZYIIIIIIIII']
clique 166 ['IIIIIIYZZZZZXIII', 'IIIXZZYIIIIIIIII']
clique 167 ['IIIIIIXZZZZZYIII', 'IIIYZZXIIIIIIIII']
clique 168 ['IIIIIIIIIXZZXIII', 'IIIXZZZZZXIIIIII']
clique 169 ['IIIIIIIIIYZZYIII', 'IIIYZZZZZYIIIIII']
clique 170 ['IIIIIIIIIXZZYIII', 'IIIYZZZZZXIIIIII']
clique 171 ['IIIIIIIIIYZZXIII', 'IIIXZZZZZYIIIIII']
clique 172 ['IIIIIIIXZZZZZZZX', 'XZZZZZZXIIIIIIII']
clique 173 ['IIIIIIIYZZZZZZZY', 'YZZZZZZYIIIIIIII']
clique 174 ['IIIIIIIYZZZZZZZX', 'XZZZZZZYIIIIIIII']
clique 175 ['IIIIIIIXZZZZZZZY', 'YZZZZZZXIIIIIIII']
clique 176 ['IIIIIIIIXZZZZZZX', 'XZZZZZZZXIIIIIII']
clique 177 ['IIIIIIIIYZZZZZZY', 'YZZZZZZZYIIIIIII']
clique 178 ['IIIIIIIIXZZZZZZY', 'YZZZZZZZXIIIIIII']
clique 179 ['IIIIIIIIYZZZZZZX', 'XZZZZZZZYIIIIIII']
clique 180 ['IIIIIIIXZZZZZZXI', 'IXZZZZZXIIIIIIII']
clique 181 ['IIIIIIIYZZZZZZYI', 'IYZZZZZYIIIIIIII']
clique 182 ['IIIIIIIYZZZZZZXI', 'IXZZZZZYIIIIIIII']
clique 183 ['IIIIIIIXZZZZZZYI', 'IYZZZZZXIIIIIIII']
clique 184 ['IIIIIXZZZZXIIIII']
clique 185 ['IIIIIYZZZZYIIIII']
clique 186 ['IIIIIYZZZZXIIIII']
clique 187 ['IIIIIXZZZZYIIIII']
clique 188 ['IIIIIIIIXZZZZZXI', 'IXZZZZZZXIIIIIII']
clique 189 ['IIIIIIIIYZZZZZYI', 'IYZZZZZZYIIIIIII']
clique 190 ['IIIIIIIIXZZZZZYI', 'IYZZZZZZXIIIIIII']
clique 191 ['IIIIIIIIYZZZZZXI', 'IXZZZZZZYIIIIIII']
clique 192 ['IIIIIIXZZZZXIIII', 'IIIIXZXIIIIIIIII']
clique 193 ['IIIIIIYZZZZYIIII', 'IIIIYZYIIIIIIIII']
clique 194 ['IIIIIIYZZZZXIIII', 'IIIIXZYIIIIIIIII']
clique 195 ['IIIIIIXZZZZYIIII', 'IIIIYZXIIIIIIIII']
clique 196 ['IIIIIIIIIXZXIIII', 'IIIIXZZZZXIIIIII']
clique 197 ['IIIIIIIIIYZYIIII', 'IIIIYZZZZYIIIIII']
clique 198 ['IIIIIIIIIXZYIIII', 'IIIIYZZZZXIIIIII']
clique 199 ['IIIIIIIIIYZXIIII', 'IIIIXZZZZYIIIIII']
clique 200 ['IIIIIIIXZZZZZXII', 'IIXZZZZXIIIIIIII']
clique 201 ['IIIIIIIYZZZZZYII', 'IIYZZZZYIIIIIIII']
clique 202 ['IIIIIIIYZZZZZXII', 'IIXZZZZYIIIIIIII']
clique 203 ['IIIIIIIXZZZZZYII', 'IIYZZZZXIIIIIIII']
clique 204 ['IIIIIIIIXZZZZXII', 'IIXZZZZZXIIIIIII']
clique 205 ['IIIIIIIIYZZZZYII', 'IIYZZZZZYIIIIIII']
clique 206 ['IIIIIIIIXZZZZYII', 'IIYZZZZZXIIIIIII']
clique 207 ['IIIIIIIIYZZZZXII', 'IIXZZZZZYIIIIIII']
clique 208 ['IIIIIIIXZZZZXIII', 'IIIXZZZXIIIIIIII']
clique 209 ['IIIIIIIYZZZZYIII', 'IIIYZZZYIIIIIIII']
clique 210 ['IIIIIIIYZZZZXIII', 'IIIXZZZYIIIIIIII']
clique 211 ['IIIIIIIXZZZZYIII', 'IIIYZZZXIIIIIIII']
clique 212 ['IIIIIIIIXZZZXIII', 'IIIXZZZZXIIIIIII']
clique 213 ['IIIIIIIIYZZZYIII', 'IIIYZZZZYIIIIIII']
clique 214 ['IIIIIIIIXZZZYIII', 'IIIYZZZZXIIIIIII']
clique 215 ['IIIIIIIIYZZZXIII', 'IIIXZZZZYIIIIIII']
clique 216 ['IIIIIIXZZZXIIIII', 'IIIIIXXIIIIIIIII']
clique 217 ['IIIIIIYZZZYIIIII', 'IIIIIYYIIIIIIIII']
clique 218 ['IIIIIIYZZZXIIIII', 'IIIIIXYIIIIIIIII']
clique 219 ['IIIIIIXZZZYIIIII', 'IIIIIYXIIIIIIIII']
clique 220 ['IIIIIIIIIXXIIIII', 'IIIIIXZZZXIIIIII']
clique 221 ['IIIIIIIIIYYIIIII', 'IIIIIYZZZYIIIIII']
clique 222 ['IIIIIIIIIXYIIIII', 'IIIIIYZZZXIIIIII']
clique 223 ['IIIIIIIIIYXIIIII', 'IIIIIXZZZYIIIIII']
clique 224 ['IIIIIIIXZZZXIIII', 'IIIIXZZXIIIIIIII']
clique 225 ['IIIIIIIYZZZYIIII', 'IIIIYZZYIIIIIIII']
clique 226 ['IIIIIIIYZZZXIIII', 'IIIIXZZYIIIIIIII']
clique 227 ['IIIIIIIXZZZYIIII', 'IIIIYZZXIIIIIIII']
clique 228 ['IIIIIIIIXZZXIIII', 'IIIIXZZZXIIIIIII']
clique 229 ['IIIIIIIIYZZYIIII', 'IIIIYZZZYIIIIIII']
clique 230 ['IIIIIIIIXZZYIIII', 'IIIIYZZZXIIIIIII']
clique 231 ['IIIIIIIIYZZXIIII', 'IIIIXZZZYIIIIIII']
clique 232 ['IIIIIIXZZXIIIIII']
clique 233 ['IIIIIIYZZYIIIIII']
clique 234 ['IIIIIIYZZXIIIIII']
clique 235 ['IIIIIIXZZYIIIIII']
clique 236 ['IIIIIIIXZZXIIIII', 'IIIIIXZXIIIIIIII']
clique 237 ['IIIIIIIYZZYIIIII', 'IIIIIYZYIIIIIIII']
clique 238 ['IIIIIIIYZZXIIIII', 'IIIIIXZYIIIIIIII']
clique 239 ['IIIIIIIXZZYIIIII', 'IIIIIYZXIIIIIIII']
clique 240 ['IIIIIIIIXZXIIIII', 'IIIIIXZZXIIIIIII']
clique 241 ['IIIIIIIIYZYIIIII', 'IIIIIYZZYIIIIIII']
clique 242 ['IIIIIIIIXZYIIIII', 'IIIIIYZZXIIIIIII']
clique 243 ['IIIIIIIIYZXIIIII', 'IIIIIXZZYIIIIIII']
clique 244 ['IIIIIIIXZXIIIIII', 'IIIIIIXXIIIIIIII']
clique 245 ['IIIIIIIYZYIIIIII', 'IIIIIIYYIIIIIIII']
clique 246 ['IIIIIIIYZXIIIIII', 'IIIIIIXYIIIIIIII']
clique 247 ['IIIIIIIXZYIIIIII', 'IIIIIIYXIIIIIIII']
clique 248 ['IIIIIIIIXXIIIIII', 'IIIIIIXZXIIIIIII']
clique 249 ['IIIIIIIIYYIIIIII', 'IIIIIIYZYIIIIIII']
clique 250 ['IIIIIIIIXYIIIIII', 'IIIIIIYZXIIIIIII']
clique 251 ['IIIIIIIIYXIIIIII', 'IIIIIIXZYIIIIIII']
clique 252 ['IIIIIIIXXIIIIIII']
clique 253 ['IIIIIIIYYIIIIIII']
clique 254 ['IIIIIIIYXIIIIIII']
clique 255 ['IIIIIIIXYIIIIIII']
