GS energy with  DMRG -11.694833190615853
N= 8.000000000000004
E= -11.694833190615853
D= [[ 5.00000000e-01+0.j  6.60992818e-14+0.j  4.22036269e-01+0.j
  -8.39376167e-14+0.j  7.44291781e-14+0.j -8.77619006e-15+0.j
  -1.73703655e-01+0.j  3.96585511e-14+0.j -2.52679822e-14+0.j
   5.14652863e-15+0.j  1.20200285e-01+0.j  8.60711578e-13+0.j
   2.98823466e-14+0.j -5.84559504e-15+0.j -1.00157388e-01+0.j
   2.45819947e-15+0.j]
 [ 6.61088477e-14+0.j  5.00000000e-01+0.j  1.04978132e-13+0.j
   4.22036270e-01+0.j -1.21120472e-13+0.j -6.63705202e-15+0.j
  -1.91654401e-14+0.j -1.73703654e-01+0.j  2.66988718e-14+0.j
   1.06650799e-14+0.j  1.58122131e-13+0.j  1.20200337e-01+0.j
  -1.03435944e-14+0.j -1.76109127e-14+0.j -4.50379762e-14+0.j
  -1.00157389e-01+0.j]
 [ 4.22036269e-01+0.j  1.04990285e-13+0.j  5.00000000e-01+0.j
   2.73838444e-15+0.j  2.42188907e-01+0.j -3.97258287e-15+0.j
  -6.97467258e-14+0.j  1.62748241e-15+0.j -4.93501824e-02+0.j
   2.02284225e-13+0.j  4.73938380e-14+0.j -8.99937824e-16+0.j
   1.57564596e-02+0.j -4.70807693e-13+0.j -2.75706649e-14+0.j
   2.89558024e-15+0.j]
 [-8.39874654e-14+0.j  4.22036270e-01+0.j  2.72731535e-15+0.j
   5.00000000e-01+0.j -1.35604339e-14+0.j  2.42188906e-01+0.j
   8.34166566e-14+0.j  1.63992626e-13+0.j  1.22741110e-14+0.j
  -4.93501569e-02+0.j -5.74318737e-14+0.j -1.12940636e-13+0.j
   5.85827411e-15+0.j  1.57564747e-02+0.j  4.75956019e-14+0.j
   9.70190612e-14+0.j]
 [ 7.44534642e-14+0.j -1.21124017e-13+0.j  2.42188907e-01+0.j
  -1.35547956e-14+0.j  5.00000000e-01+0.j  2.05031215e-14+0.j
   3.74030139e-01+0.j -1.90662653e-14+0.j  2.85795693e-14+0.j
  -7.45828878e-15+0.j -1.59133994e-01+0.j  1.29310024e-13+0.j
  -7.37084005e-15+0.j  4.49028856e-15+0.j  1.20200335e-01+0.j
  -6.68316771e-13+0.j]
 [-8.76654071e-15+0.j -6.78276879e-15+0.j -3.97249357e-15+0.j
   2.42188906e-01+0.j  2.05330049e-14+0.j  5.00000000e-01+0.j
  -1.72078181e-14+0.j  3.74030138e-01+0.j -5.83784265e-15+0.j
  -1.91721639e-14+0.j  2.59296817e-14+0.j -1.59133997e-01+0.j
   4.36169878e-15+0.j  1.61676228e-14+0.j -1.22820042e-13+0.j
   1.20200276e-01+0.j]
 [-1.73703655e-01+0.j -1.91588030e-14+0.j -6.97649404e-14+0.j
   8.34158549e-14+0.j  3.74030139e-01+0.j -1.72172110e-14+0.j
   5.00000000e-01+0.j -4.86560223e-14+0.j  2.58500787e-01+0.j
   2.07500060e-14+0.j -6.34622563e-14+0.j  3.06578983e-14+0.j
  -4.93501639e-02+0.j -4.23151335e-13+0.j  6.33659791e-14+0.j
  -2.69883419e-14+0.j]
 [ 3.96733147e-14+0.j -1.73703654e-01+0.j  1.63280369e-15+0.j
   1.64019514e-13+0.j -1.90491057e-14+0.j  3.74030138e-01+0.j
  -4.86635507e-14+0.j  5.00000000e-01+0.j -6.20203241e-15+0.j
   2.58500787e-01+0.j  2.94192021e-14+0.j  6.00513562e-14+0.j
  -9.43572572e-15+0.j -4.93501870e-02+0.j -2.52454842e-14+0.j
  -5.39313403e-14+0.j]
 [-2.52541044e-14+0.j  2.67002843e-14+0.j -4.93501824e-02+0.j
   1.22724581e-14+0.j  2.84113011e-14+0.j -5.82031688e-15+0.j
   2.58500787e-01+0.j -6.20012272e-15+0.j  5.00000000e-01+0.j
   1.17027780e-14+0.j  3.74030140e-01+0.j  3.67183962e-14+0.j
   1.87697080e-14+0.j -6.32035537e-15+0.j -1.73703650e-01+0.j
   1.62729797e-14+0.j]
 [ 5.14040136e-15+0.j  1.06789577e-14+0.j  2.02284490e-13+0.j
  -4.93501569e-02+0.j -7.44864554e-15+0.j -1.92450222e-14+0.j
   2.07504722e-14+0.j  2.58500787e-01+0.j  1.17090904e-14+0.j
   5.00000000e-01+0.j -3.04287239e-14+0.j  3.74030141e-01+0.j
  -5.61521346e-15+0.j -1.87905247e-14+0.j  8.62378945e-16+0.j
  -1.73703653e-01+0.j]
 [ 1.20200285e-01+0.j  1.58110555e-13+0.j  4.73936211e-14+0.j
  -5.74310226e-14+0.j -1.59133994e-01+0.j  2.59393710e-14+0.j
  -6.34089135e-14+0.j  2.94227360e-14+0.j  3.74030140e-01+0.j
  -3.04382269e-14+0.j  5.00000000e-01+0.j -2.87102053e-14+0.j
   2.42188906e-01+0.j -3.29820305e-14+0.j -5.68429852e-14+0.j
   2.43613212e-14+0.j]
 [ 8.60705539e-13+0.j  1.20200337e-01+0.j -9.03562509e-16+0.j
  -1.12973053e-13+0.j  1.29295865e-13+0.j -1.59133997e-01+0.j
   3.06603576e-14+0.j  6.01532713e-14+0.j  3.67232237e-14+0.j
   3.74030141e-01+0.j -2.87091804e-14+0.j  5.00000000e-01+0.j
   3.20311990e-14+0.j  2.42188906e-01+0.j  2.32854533e-14+0.j
   5.49061175e-14+0.j]
 [ 2.98615299e-14+0.j -1.03464888e-14+0.j  1.57564596e-02+0.j
   5.85874082e-15+0.j -7.28410388e-15+0.j  4.35643649e-15+0.j
  -4.93501639e-02+0.j -9.43617675e-15+0.j  1.87454219e-14+0.j
  -5.61792267e-15+0.j  2.42188906e-01+0.j  3.20366859e-14+0.j
   5.00000000e-01+0.j  1.05472165e-14+0.j  4.22036268e-01+0.j
   7.13359836e-15+0.j]
 [-5.84442605e-15+0.j -1.75900960e-14+0.j -4.70807679e-13+0.j
   1.57564747e-02+0.j  4.50557394e-15+0.j  1.61121116e-14+0.j
  -4.23151053e-13+0.j -4.93501870e-02+0.j -6.32054294e-15+0.j
  -1.88737914e-14+0.j -3.29819487e-14+0.j  2.42188906e-01+0.j
   1.05131496e-14+0.j  5.00000000e-01+0.j -1.00704244e-14+0.j
   4.22036268e-01+0.j]
 [-1.00157388e-01+0.j -4.50283338e-14+0.j -2.75768991e-14+0.j
   4.75944008e-14+0.j  1.20200335e-01+0.j -1.22821044e-13+0.j
   6.33312847e-14+0.j -2.52438408e-14+0.j -1.73703650e-01+0.j
   8.50946137e-16+0.j -5.68004845e-14+0.j  2.32805842e-14+0.j
   4.22036268e-01+0.j -1.00843526e-14+0.j  5.00000000e-01+0.j
  -3.41797799e-14+0.j]
 [ 2.46523142e-15+0.j -1.00157389e-01+0.j  2.89849040e-15+0.j
   9.70496946e-14+0.j -6.68307808e-13+0.j  1.20200276e-01+0.j
  -2.69896279e-14+0.j -5.40410768e-14+0.j  1.62831442e-14+0.j
  -1.73703653e-01+0.j  2.43617974e-14+0.j  5.49711525e-14+0.j
   7.19111493e-15+0.j  4.22036268e-01+0.j -3.42108461e-14+0.j
   5.00000000e-01+0.j]]
W= [0.19157007+0.j 0.20949801+0.j 0.20994172+0.j 0.21159645+0.j
 0.21159645+0.j 0.20994172+0.j 0.209498  +0.j 0.19157007+0.j]
local approximation with  1 sites
local interactions on sites [[0], [1], [2], [3], [4], [5], [6], [7]]
Functional for interaction on sites [0]
aca-directory for images already exists
aca-directory for images already exists
aca-directory for images already exists
interacting orbitals: [0, 1]
mapping: [0, 1, 2, 3, 4, 5, 6, 7, 8, 9, 10, 11, 12, 13, 14, 15]
aca-directory for images already exists
aca-directory for images already exists
aca-directory for images already exists
orbinteractaca= [0, 1]
aca-directory for images already exists
aca-directory for images already exists
aca-directory for images already exists
aca-directory for images already exists
aca-directory for images already exists
aca-directory for images already exists
aca-directory for images already exists
aca-directory for images already exists
aca-directory for images already exists
aca-directory for images already exists
aca-directory for images already exists
aca-directory for images already exists
aca-directory for images already exists
aca-directory for images already exists
aca-directory for images already exists
aca-directory for images already exists
aca-directory for images already exists
aca-directory for images already exists
aca-directory for images already exists
aca-directory for images already exists
aca-directory for images already exists
aca-directory for images already exists
aca-directory for images already exists
aca-directory for images already exists
aca-directory for images already exists
aca-directory for images already exists
aca-directory for images already exists
aca-directory for images already exists
aca-directory for images already exists
aca-directory for images already exists
aca-directory for images already exists
aca-directory for images already exists
aca-directory for images already exists
aca-directory for images already exists
aca-directory for images already exists
aca-directory for images already exists
aca-directory for images already exists
aca-directory for images already exists
aca-directory for images already exists
aca-directory for images already exists
aca-directory for images already exists
aca-directory for images already exists
aca-directory for images already exists
aca-directory for images already exists
aca-directory for images already exists
aca: level 1  norb= 4
Daca= [[ 5.00000000e-01+0.j  6.60992818e-14+0.j -4.82459514e-01+0.j
  -1.47728100e-29+0.j]
 [ 6.61088477e-14+0.j  5.00000000e-01+0.j -2.73699563e-13+0.j
  -4.82459528e-01+0.j]
 [-4.82459514e-01+0.j -2.73702919e-13+0.j  5.00000000e-01+0.j
  -7.18850531e-14+0.j]
 [ 5.18855372e-17+0.j -4.82459528e-01+0.j -7.18998238e-14+0.j
   5.00000000e-01+0.j]]
rounding Naca1 to integer
rounding Naca2 to integer
Naca= (1, 1)
WARNING: This is a completely UNoptimized simple variant for the constrained minimization, for larger number of orbitals please use the optimized Fortan implementation.
tcplx= True
nvar= 32
Wsites= [0]
| niter |f evals|CG iter|  obj func   |tr radius |   opt    |  c viol  |
|-------|-------|-------|-------------|----------|----------|----------|
|   1   |   1   |   0   | +2.8099e-01 | 1.00e+00 | 1.05e-01 | 5.34e-01 |
|   2   |   2   |   1   | +2.8099e-01 | 2.77e-01 | 1.05e-01 | 5.34e-01 |
|   3   |   3   |   2   | +2.7531e-01 | 1.69e+00 | 1.51e-01 | 4.54e-01 |
|   4   |   4   |   4   | +2.7531e-01 | 1.69e-01 | 1.51e-01 | 4.54e-01 |
|   5   |   5   |   5   | +2.6673e-01 | 1.14e+00 | 1.55e-01 | 4.21e-01 |
|   6   |   6   |   6   | +2.6673e-01 | 1.14e-01 | 1.55e-01 | 4.21e-01 |
|   7   |   7   |   7   | +2.8121e-01 | 8.01e-01 | 1.42e-01 | 3.95e-01 |
|   8   |   8   |   8   | +2.8121e-01 | 1.95e-01 | 1.42e-01 | 3.95e-01 |
|   9   |   9   |  10   | +2.4671e-01 | 1.30e+00 | 1.24e-01 | 3.74e-01 |
|  10   |  10   |  12   | +2.4671e-01 | 1.30e-01 | 1.24e-01 | 3.74e-01 |
|  11   |  11   |  13   | +2.4219e-01 | 9.09e-01 | 9.97e-02 | 3.52e-01 |
|  12   |  12   |  15   | +2.4219e-01 | 1.22e-01 | 9.97e-02 | 3.52e-01 |
|  13   |  13   |  16   | +2.3448e-01 | 8.53e-01 | 7.58e-02 | 3.22e-01 |
|  14   |  14   |  18   | +2.3448e-01 | 1.11e-01 | 7.58e-02 | 3.22e-01 |
|  15   |  15   |  19   | +2.3269e-01 | 7.79e-01 | 7.68e-02 | 3.01e-01 |
|  16   |  16   |  21   | +2.3269e-01 | 1.26e-01 | 7.68e-02 | 3.01e-01 |
|  17   |  17   |  22   | +2.1713e-01 | 8.23e-01 | 7.90e-02 | 2.88e-01 |
|  18   |  18   |  24   | +2.1713e-01 | 8.42e-02 | 7.90e-02 | 2.88e-01 |
|  19   |  19   |  26   | +2.1530e-01 | 5.89e-01 | 8.11e-02 | 2.75e-01 |
|  20   |  20   |  28   | +2.1530e-01 | 1.41e-01 | 8.11e-02 | 2.75e-01 |
|  21   |  21   |  30   | +2.1422e-01 | 9.17e-01 | 1.19e-01 | 2.52e-01 |
|  22   |  22   |  32   | +2.1422e-01 | 9.17e-02 | 1.19e-01 | 2.52e-01 |
|  23   |  23   |  33   | +2.1594e-01 | 6.42e-01 | 1.60e-01 | 2.18e-01 |
|  24   |  24   |  35   | +2.1594e-01 | 2.04e-01 | 1.60e-01 | 2.18e-01 |
|  25   |  25   |  37   | +2.0000e-01 | 1.31e+00 | 1.99e-01 | 1.81e-01 |
|  26   |  26   |  39   | +2.0000e-01 | 1.31e-01 | 1.99e-01 | 1.81e-01 |
|  27   |  27   |  41   | +1.9545e-01 | 9.16e-01 | 2.16e-01 | 1.29e-01 |
|  28   |  28   |  43   | +1.9545e-01 | 1.28e-01 | 2.16e-01 | 1.29e-01 |
|  29   |  29   |  44   | +1.7611e-01 | 8.98e-01 | 2.00e-01 | 1.14e-01 |
|  30   |  30   |  46   | +1.7611e-01 | 1.36e-01 | 2.00e-01 | 1.14e-01 |
|  31   |  31   |  47   | +1.7331e-01 | 9.55e-01 | 1.76e-01 | 6.77e-02 |
|  32   |  32   |  49   | +1.7331e-01 | 1.88e-01 | 1.76e-01 | 6.77e-02 |
|  33   |  33   |  50   | +1.6930e-01 | 1.31e+00 | 1.40e-01 | 5.24e-02 |
|  34   |  34   |  52   | +1.6930e-01 | 2.25e-01 | 1.40e-01 | 5.24e-02 |
|  35   |  35   |  53   | +1.8780e-01 | 2.25e-01 | 1.19e-01 | 5.15e-02 |
|  36   |  36   |  55   | +1.8065e-01 | 2.98e-01 | 4.38e-02 | 2.22e-02 |
|  37   |  37   |  57   | +1.8512e-01 | 3.83e-01 | 3.71e-02 | 2.99e-03 |
|  38   |  38   |  58   | +1.8464e-01 | 3.83e-01 | 2.53e-02 | 9.24e-04 |
|  39   |  39   |  60   | +1.8459e-01 | 3.83e-01 | 1.47e-02 | 3.80e-04 |
|  40   |  40   |  61   | +1.8462e-01 | 3.83e-01 | 1.15e-02 | 4.33e-05 |
|  41   |  41   |  62   | +1.8437e-01 | 3.83e-01 | 5.87e-03 | 8.75e-05 |
|  42   |  42   |  63   | +1.8433e-01 | 3.83e-01 | 1.79e-03 | 4.93e-05 |
|  43   |  43   |  65   | +1.8436e-01 | 3.83e-01 | 6.10e-04 | 2.03e-06 |

`gtol` termination condition is satisfied.
Number of iterations: 43, function evaluations: 43, CG iterations: 65, optimality: 6.10e-04, constraint violation: 2.03e-06, execution time:  0.4 s.
F_aca (full space)= 0.18436216353410934
WARNING: This is a completely UNoptimized simple variant for the constrained minimization, for larger number of orbitals please use the optimized Fortan implementation.
tcplx= True
nvar= 32
Wsites= [0]
| niter |f evals|CG iter|  obj func   |tr radius |   opt    |  c viol  |
|-------|-------|-------|-------------|----------|----------|----------|
|   1   |   1   |   0   | +2.4628e-01 | 1.00e+00 | 1.44e-01 | 4.86e-01 |
|   2   |   2   |   1   | +2.4628e-01 | 2.41e-01 | 1.44e-01 | 4.86e-01 |
|   3   |   3   |   2   | +2.6110e-01 | 1.51e+00 | 1.83e-01 | 4.17e-01 |
|   4   |   4   |   3   | +2.6110e-01 | 1.51e-01 | 1.83e-01 | 4.17e-01 |
|   5   |   5   |   4   | +1.9816e-01 | 1.06e+00 | 1.74e-01 | 3.60e-01 |
|   6   |   6   |   5   | +1.9816e-01 | 1.37e-01 | 1.74e-01 | 3.60e-01 |
|   7   |   7   |   6   | +1.9781e-01 | 9.59e-01 | 1.71e-01 | 3.02e-01 |
|   8   |   8   |   8   | +1.9781e-01 | 1.78e-01 | 1.71e-01 | 3.02e-01 |
|   9   |   9   |   9   | +1.6018e-01 | 1.25e+00 | 1.90e-01 | 2.65e-01 |
|  10   |  10   |  11   | +1.6018e-01 | 1.25e-01 | 1.90e-01 | 2.65e-01 |
|  11   |  11   |  12   | +1.3160e-01 | 7.76e-01 | 1.67e-01 | 2.52e-01 |
|  12   |  12   |  14   | +1.3160e-01 | 1.66e-01 | 1.67e-01 | 2.52e-01 |
|  13   |  13   |  16   | +1.4276e-01 | 1.10e+00 | 1.23e-01 | 1.98e-01 |
|  14   |  14   |  18   | +1.4276e-01 | 1.10e-01 | 1.23e-01 | 1.98e-01 |
|  15   |  15   |  19   | +1.3994e-01 | 6.56e-01 | 1.53e-01 | 1.93e-01 |
|  16   |  16   |  21   | +1.3994e-01 | 1.03e-01 | 1.53e-01 | 1.93e-01 |
|  17   |  17   |  23   | +1.5490e-01 | 7.24e-01 | 1.80e-01 | 1.54e-01 |
|  18   |  18   |  25   | +1.5490e-01 | 9.58e-02 | 1.80e-01 | 1.54e-01 |
|  19   |  19   |  26   | +1.6096e-01 | 5.78e-01 | 2.01e-01 | 1.49e-01 |
|  20   |  20   |  27   | +1.6096e-01 | 9.02e-02 | 2.01e-01 | 1.49e-01 |
|  21   |  21   |  28   | +1.8109e-01 | 5.82e-01 | 2.18e-01 | 1.26e-01 |
|  22   |  22   |  29   | +1.8109e-01 | 8.31e-02 | 2.18e-01 | 1.26e-01 |
|  23   |  23   |  30   | +1.9957e-01 | 5.71e-01 | 2.26e-01 | 1.05e-01 |
|  24   |  24   |  31   | +1.9957e-01 | 7.86e-02 | 2.26e-01 | 1.05e-01 |
|  25   |  25   |  32   | +2.1477e-01 | 5.50e-01 | 2.28e-01 | 8.54e-02 |
|  26   |  26   |  33   | +2.1477e-01 | 7.67e-02 | 2.28e-01 | 8.54e-02 |
|  27   |  27   |  34   | +2.2451e-01 | 5.37e-01 | 2.30e-01 | 6.76e-02 |
|  28   |  28   |  35   | +2.2451e-01 | 7.31e-02 | 2.30e-01 | 6.76e-02 |
|  29   |  29   |  36   | +2.2866e-01 | 5.12e-01 | 2.30e-01 | 5.57e-02 |
|  30   |  30   |  37   | +2.2866e-01 | 1.39e-01 | 2.30e-01 | 5.57e-02 |
|  31   |  31   |  38   | +2.4411e-01 | 9.71e-01 | 2.37e-01 | 3.17e-02 |
|  32   |  32   |  39   | +2.4494e-01 | 9.71e-01 | 2.41e-01 | 2.15e-02 |
|  33   |  33   |  42   | +1.9987e-01 | 9.71e-01 | 2.04e-01 | 1.22e-02 |
|  34   |  34   |  45   | +1.9987e-01 | 9.71e-02 | 2.04e-01 | 1.22e-02 |
|  35   |  35   |  47   | +1.7937e-01 | 1.94e-01 | 1.57e-01 | 9.43e-03 |
|  36   |  37   |  51   | +1.5967e-01 | 3.88e-01 | 1.60e-01 | 3.69e-03 |
|  37   |  38   |  54   | +1.4182e-01 | 3.88e-01 | 1.27e-01 | 5.51e-03 |
|  38   |  39   |  58   | +1.4182e-01 | 4.96e-02 | 1.27e-01 | 5.51e-03 |
|  39   |  40   |  59   | +1.3202e-01 | 9.92e-02 | 9.75e-02 | 2.46e-03 |
|  40   |  42   |  63   | +1.2297e-01 | 1.98e-01 | 3.89e-02 | 3.38e-04 |
|  41   |  44   |  65   | +1.2119e-01 | 1.98e-01 | 3.40e-02 | 3.69e-06 |
|  42   |  46   |  68   | +1.1893e-01 | 1.98e-01 | 2.39e-02 | 4.85e-05 |
|  43   |  48   |  70   | +1.1834e-01 | 1.98e-01 | 2.23e-02 | 6.81e-07 |
|  44   |  50   |  74   | +1.1834e-01 | 1.98e-02 | 2.23e-02 | 6.81e-07 |
|  45   |  52   |  76   | +1.1742e-01 | 1.39e-01 | 1.86e-02 | 1.86e-06 |
|  46   |  54   |  80   | +1.1742e-01 | 1.39e-02 | 1.86e-02 | 1.86e-06 |
|  47   |  56   |  81   | +1.1694e-01 | 9.72e-02 | 1.58e-02 | 7.79e-07 |
|  48   |  58   |  85   | +1.1694e-01 | 9.72e-03 | 1.58e-02 | 7.79e-07 |
|  49   |  60   |  86   | +1.1667e-01 | 6.80e-02 | 1.36e-02 | 1.56e-07 |
|  50   |  62   |  90   | +1.1667e-01 | 6.80e-03 | 1.36e-02 | 1.56e-07 |
|  51   |  64   |  91   | +1.1650e-01 | 4.76e-02 | 1.20e-02 | 2.72e-08 |
|  52   |  66   |  95   | +1.1608e-01 | 7.48e-02 | 6.90e-03 | 1.48e-05 |
|  53   |  68   |  98   | +1.1600e-01 | 7.48e-02 | 4.42e-03 | 9.98e-07 |
|  54   |  70   |  102  | +1.1600e-01 | 7.48e-03 | 4.42e-03 | 9.98e-07 |
|  55   |  72   |  104  | +1.1596e-01 | 5.24e-02 | 2.46e-03 | 2.48e-07 |
|  56   |  74   |  108  | +1.1596e-01 | 5.24e-03 | 2.46e-03 | 2.48e-07 |
|  57   |  76   |  110  | +1.1595e-01 | 3.67e-02 | 1.15e-03 | 1.22e-07 |
|  58   |  78   |  113  | +1.1594e-01 | 3.67e-02 | 9.21e-04 | 6.63e-08 |

`gtol` termination condition is satisfied.
Number of iterations: 58, function evaluations: 78, CG iterations: 113, optimality: 9.21e-04, constraint violation: 6.63e-08, execution time: 0.71 s.
F_reordered (full space)= 0.1159441142256145
nq= 4
variational state:
      ┌──────────┐┌──────────┐┌───┐     ┌──────────┐┌───────────┐             »
q0_0: ┤ Ry(y[0]) ├┤ Rz(y[4]) ├┤ X ├──■──┤ Ry(y[8]) ├┤ Rz(y[12]) ├─────────────»
      ├──────────┤├──────────┤└─┬─┘┌─┴─┐└──────────┘└┬──────────┤┌───────────┐»
q0_1: ┤ Ry(y[1]) ├┤ Rz(y[5]) ├──┼──┤ X ├─────■───────┤ Ry(y[9]) ├┤ Rz(y[13]) ├»
      ├──────────┤├──────────┤  │  └───┘   ┌─┴─┐     └──────────┘├───────────┤»
q0_2: ┤ Ry(y[2]) ├┤ Rz(y[6]) ├──┼──────────┤ X ├──────────■──────┤ Ry(y[10]) ├»
      ├──────────┤├──────────┤  │          └───┘        ┌─┴─┐    ├───────────┤»
q0_3: ┤ Ry(y[3]) ├┤ Rz(y[7]) ├──■───────────────────────┤ X ├────┤ Ry(y[11]) ├»
      └──────────┘└──────────┘                          └───┘    └───────────┘»
c0: 4/════════════════════════════════════════════════════════════════════════»
                                                                              »
«                   ┌───┐     ┌───────────┐┌───────────┐             »
«q0_0: ─────────────┤ X ├──■──┤ Ry(y[16]) ├┤ Rz(y[20]) ├─────────────»
«                   └─┬─┘┌─┴─┐└───────────┘├───────────┤┌───────────┐»
«q0_1: ───────────────┼──┤ X ├──────■──────┤ Ry(y[17]) ├┤ Rz(y[21]) ├»
«      ┌───────────┐  │  └───┘    ┌─┴─┐    └───────────┘├───────────┤»
«q0_2: ┤ Rz(y[14]) ├──┼───────────┤ X ├──────────■──────┤ Ry(y[18]) ├»
«      ├───────────┤  │           └───┘        ┌─┴─┐    ├───────────┤»
«q0_3: ┤ Rz(y[15]) ├──■────────────────────────┤ X ├────┤ Ry(y[19]) ├»
«      └───────────┘                           └───┘    └───────────┘»
«c0: 4/══════════════════════════════════════════════════════════════»
«                                                                    »
«                   
«q0_0: ─────────────
«                   
«q0_1: ─────────────
«      ┌───────────┐
«q0_2: ┤ Rz(y[22]) ├
«      ├───────────┤
«q0_3: ┤ Rz(y[23]) ├
«      └───────────┘
«c0: 4/═════════════
«                   
ansatz-state is written to ansatz.txt
building constraints...
number of constraints= 16
unique pauliops 28
constructing measurement programs for 1rdm with commutativity mode none
clique= ['IIIZ']
constructed measurement circuit has constructed complexity 1 transpiled_complexity= 1  (complexity= depth )
measure ['IIIZ'] at [0]
clique= ['IIIX']
constructed measurement circuit has constructed complexity 2 transpiled_complexity= 2  (complexity= depth )
measure ['IIIX'] at [0]
clique= ['IIZX']
reduce  ['Z', 'Z', 'I', 'I'] to single qubit
possibilities according to heuristic:
root= ZZII target= IZII constructed_complexity= 3 transpiled_complexity= 3  (complexity= depth )
root= ZZII target= ZIII constructed_complexity= 3 transpiled_complexity= 3  (complexity= depth )
constructed measurement circuit has constructed complexity 3 transpiled_complexity= 3  (complexity= depth )
measure ['IIZX'] at [0]
clique= ['IIIY']
constructed measurement circuit has constructed complexity 3 transpiled_complexity= 2  (complexity= depth )
measure ['IIIY'] at [0]
clique= ['IIZY']
reduce  ['Z', 'Z', 'I', 'I'] to single qubit
possibilities according to heuristic:
root= ZZII target= IZII constructed_complexity= 4 transpiled_complexity= 3  (complexity= depth )
root= ZZII target= ZIII constructed_complexity= 4 transpiled_complexity= 3  (complexity= depth )
constructed measurement circuit has constructed complexity 4 transpiled_complexity= 3  (complexity= depth )
measure ['IIZY'] at [0]
clique= ['IYYX']
reduce  ['Z', 'Z', 'Z', 'I'] to single qubit
possibilities according to heuristic:
root= ZZZI target= IIZI constructed_complexity= 5 transpiled_complexity= 4  (complexity= depth )
root= ZZZI target= IZII constructed_complexity= 5 transpiled_complexity= 4  (complexity= depth )
root= ZZZI target= ZIII constructed_complexity= 5 transpiled_complexity= 4  (complexity= depth )
constructed measurement circuit has constructed complexity 5 transpiled_complexity= 4  (complexity= depth )
measure ['IYYX'] at [0]
clique= ['IXYY']
reduce  ['Z', 'Z', 'Z', 'I'] to single qubit
possibilities according to heuristic:
root= ZZZI target= IIZI constructed_complexity= 5 transpiled_complexity= 4  (complexity= depth )
root= ZZZI target= IZII constructed_complexity= 5 transpiled_complexity= 4  (complexity= depth )
root= ZZZI target= ZIII constructed_complexity= 5 transpiled_complexity= 4  (complexity= depth )
constructed measurement circuit has constructed complexity 5 transpiled_complexity= 4  (complexity= depth )
measure ['IXYY'] at [0]
clique= ['IXYX']
reduce  ['Z', 'Z', 'Z', 'I'] to single qubit
possibilities according to heuristic:
root= ZZZI target= IIZI constructed_complexity= 5 transpiled_complexity= 4  (complexity= depth )
root= ZZZI target= IZII constructed_complexity= 5 transpiled_complexity= 4  (complexity= depth )
root= ZZZI target= ZIII constructed_complexity= 5 transpiled_complexity= 4  (complexity= depth )
constructed measurement circuit has constructed complexity 5 transpiled_complexity= 4  (complexity= depth )
measure ['IXYX'] at [0]
clique= ['IYYY']
reduce  ['Z', 'Z', 'Z', 'I'] to single qubit
possibilities according to heuristic:
root= ZZZI target= IIZI constructed_complexity= 5 transpiled_complexity= 4  (complexity= depth )
root= ZZZI target= IZII constructed_complexity= 5 transpiled_complexity= 4  (complexity= depth )
root= ZZZI target= ZIII constructed_complexity= 5 transpiled_complexity= 4  (complexity= depth )
constructed measurement circuit has constructed complexity 5 transpiled_complexity= 4  (complexity= depth )
measure ['IYYY'] at [0]
clique= ['ZIXX']
reduce  ['Z', 'Z', 'I', 'Z'] to single qubit
possibilities according to heuristic:
root= ZZIZ target= IIIZ constructed_complexity= 5 transpiled_complexity= 7  (complexity= depth )
root= ZZIZ target= IIZI constructed_complexity= 5 transpiled_complexity= 7  (complexity= depth )
root= ZZIZ target= IZII constructed_complexity= 4 transpiled_complexity= 5  (complexity= depth )
constructed measurement circuit has constructed complexity 4 transpiled_complexity= 5  (complexity= depth )
measure ['ZIXX'] at [0]
clique= ['IZYY']
reduce  ['Z', 'Z', 'Z', 'I'] to single qubit
possibilities according to heuristic:
root= ZZZI target= IIZI constructed_complexity= 5 transpiled_complexity= 4  (complexity= depth )
root= ZZZI target= IZII constructed_complexity= 5 transpiled_complexity= 4  (complexity= depth )
root= ZZZI target= ZIII constructed_complexity= 5 transpiled_complexity= 4  (complexity= depth )
constructed measurement circuit has constructed complexity 5 transpiled_complexity= 4  (complexity= depth )
measure ['IZYY'] at [0]
clique= ['IZYX']
reduce  ['Z', 'Z', 'Z', 'I'] to single qubit
possibilities according to heuristic:
root= ZZZI target= IIZI constructed_complexity= 5 transpiled_complexity= 4  (complexity= depth )
root= ZZZI target= IZII constructed_complexity= 5 transpiled_complexity= 4  (complexity= depth )
root= ZZZI target= ZIII constructed_complexity= 5 transpiled_complexity= 4  (complexity= depth )
constructed measurement circuit has constructed complexity 5 transpiled_complexity= 4  (complexity= depth )
measure ['IZYX'] at [0]
clique= ['ZIXY']
reduce  ['Z', 'Z', 'I', 'Z'] to single qubit
possibilities according to heuristic:
root= ZZIZ target= IIIZ constructed_complexity= 6 transpiled_complexity= 7  (complexity= depth )
root= ZZIZ target= IIZI constructed_complexity= 6 transpiled_complexity= 7  (complexity= depth )
root= ZZIZ target= IZII constructed_complexity= 5 transpiled_complexity= 5  (complexity= depth )
constructed measurement circuit has constructed complexity 5 transpiled_complexity= 5  (complexity= depth )
measure ['ZIXY'] at [0]
clique= ['IIZZ']
reduce  ['Z', 'Z', 'I', 'I'] to single qubit
possibilities according to heuristic:
root= ZZII target= IZII constructed_complexity= 2 transpiled_complexity= 2  (complexity= depth )
root= ZZII target= ZIII constructed_complexity= 2 transpiled_complexity= 2  (complexity= depth )
constructed measurement circuit has constructed complexity 2 transpiled_complexity= 2  (complexity= depth )
measure ['IIZZ'] at [0]
clique= ['IXXI']
reduce  ['I', 'Z', 'Z', 'I'] to single qubit
possibilities according to heuristic:
root= IZZI target= IIZI constructed_complexity= 3 transpiled_complexity= 3  (complexity= depth )
root= IZZI target= IZII constructed_complexity= 3 transpiled_complexity= 3  (complexity= depth )
constructed measurement circuit has constructed complexity 3 transpiled_complexity= 3  (complexity= depth )
measure ['IXXI'] at [0]
clique= ['IYYZ']
reduce  ['Z', 'Z', 'Z', 'I'] to single qubit
possibilities according to heuristic:
root= ZZZI target= IIZI constructed_complexity= 5 transpiled_complexity= 4  (complexity= depth )
root= ZZZI target= IZII constructed_complexity= 5 transpiled_complexity= 4  (complexity= depth )
root= ZZZI target= ZIII constructed_complexity= 5 transpiled_complexity= 4  (complexity= depth )
constructed measurement circuit has constructed complexity 5 transpiled_complexity= 4  (complexity= depth )
measure ['IYYZ'] at [0]
clique= ['IYXI']
reduce  ['I', 'Z', 'Z', 'I'] to single qubit
possibilities according to heuristic:
root= IZZI target= IIZI constructed_complexity= 4 transpiled_complexity= 3  (complexity= depth )
root= IZZI target= IZII constructed_complexity= 4 transpiled_complexity= 3  (complexity= depth )
constructed measurement circuit has constructed complexity 4 transpiled_complexity= 3  (complexity= depth )
measure ['IYXI'] at [0]
clique= ['IXYZ']
reduce  ['Z', 'Z', 'Z', 'I'] to single qubit
possibilities according to heuristic:
root= ZZZI target= IIZI constructed_complexity= 5 transpiled_complexity= 4  (complexity= depth )
root= ZZZI target= IZII constructed_complexity= 5 transpiled_complexity= 4  (complexity= depth )
root= ZZZI target= ZIII constructed_complexity= 5 transpiled_complexity= 4  (complexity= depth )
constructed measurement circuit has constructed complexity 5 transpiled_complexity= 4  (complexity= depth )
measure ['IXYZ'] at [0]
clique= ['IZXI']
reduce  ['I', 'Z', 'Z', 'I'] to single qubit
possibilities according to heuristic:
root= IZZI target= IIZI constructed_complexity= 3 transpiled_complexity= 3  (complexity= depth )
root= IZZI target= IZII constructed_complexity= 3 transpiled_complexity= 3  (complexity= depth )
constructed measurement circuit has constructed complexity 3 transpiled_complexity= 3  (complexity= depth )
measure ['IZXI'] at [0]
clique= ['ZIXZ']
reduce  ['Z', 'Z', 'I', 'Z'] to single qubit
possibilities according to heuristic:
root= ZZIZ target= IIIZ constructed_complexity= 5 transpiled_complexity= 7  (complexity= depth )
root= ZZIZ target= IIZI constructed_complexity= 5 transpiled_complexity= 7  (complexity= depth )
root= ZZIZ target= IZII constructed_complexity= 4 transpiled_complexity= 5  (complexity= depth )
constructed measurement circuit has constructed complexity 4 transpiled_complexity= 5  (complexity= depth )
measure ['ZIXZ'] at [0]
clique= ['ZIYI']
reduce  ['I', 'Z', 'I', 'Z'] to single qubit
possibilities according to heuristic:
root= IZIZ target= IIIZ constructed_complexity= 5 transpiled_complexity= 6  (complexity= depth )
root= IZIZ target= IIZI constructed_complexity= 5 transpiled_complexity= 6  (complexity= depth )
root= IZIZ target= IZII constructed_complexity= 4 transpiled_complexity= 5  (complexity= depth )
constructed measurement circuit has constructed complexity 4 transpiled_complexity= 5  (complexity= depth )
measure ['ZIYI'] at [0]
clique= ['IZYZ']
reduce  ['Z', 'Z', 'Z', 'I'] to single qubit
possibilities according to heuristic:
root= ZZZI target= IIZI constructed_complexity= 5 transpiled_complexity= 4  (complexity= depth )
root= ZZZI target= IZII constructed_complexity= 5 transpiled_complexity= 4  (complexity= depth )
root= ZZZI target= ZIII constructed_complexity= 5 transpiled_complexity= 4  (complexity= depth )
constructed measurement circuit has constructed complexity 5 transpiled_complexity= 4  (complexity= depth )
measure ['IZYZ'] at [0]
clique= ['IZII']
constructed measurement circuit has constructed complexity 1 transpiled_complexity= 1  (complexity= depth )
measure ['IZII'] at [0]
clique= ['IXII']
constructed measurement circuit has constructed complexity 2 transpiled_complexity= 2  (complexity= depth )
measure ['IXII'] at [0]
clique= ['ZXZI']
reduce  ['I', 'Z', 'Z', 'Z'] to single qubit
possibilities according to heuristic:
root= IZZZ target= IIIZ constructed_complexity= 4 transpiled_complexity= 4  (complexity= depth )
root= IZZZ target= IIZI constructed_complexity= 4 transpiled_complexity= 4  (complexity= depth )
root= IZZZ target= IZII constructed_complexity= 4 transpiled_complexity= 4  (complexity= depth )
constructed measurement circuit has constructed complexity 4 transpiled_complexity= 4  (complexity= depth )
measure ['ZXZI'] at [0]
clique= ['IYII']
constructed measurement circuit has constructed complexity 3 transpiled_complexity= 2  (complexity= depth )
measure ['IYII'] at [0]
clique= ['ZYZI']
reduce  ['I', 'Z', 'Z', 'Z'] to single qubit
possibilities according to heuristic:
root= IZZZ target= IIIZ constructed_complexity= 5 transpiled_complexity= 4  (complexity= depth )
root= IZZZ target= IIZI constructed_complexity= 5 transpiled_complexity= 4  (complexity= depth )
root= IZZZ target= IZII constructed_complexity= 5 transpiled_complexity= 4  (complexity= depth )
constructed measurement circuit has constructed complexity 5 transpiled_complexity= 4  (complexity= depth )
measure ['ZYZI'] at [0]
clique= ['ZZZI']
reduce  ['I', 'Z', 'Z', 'Z'] to single qubit
possibilities according to heuristic:
root= IZZZ target= IIIZ constructed_complexity= 3 transpiled_complexity= 3  (complexity= depth )
root= IZZZ target= IIZI constructed_complexity= 3 transpiled_complexity= 3  (complexity= depth )
root= IZZZ target= IZII constructed_complexity= 3 transpiled_complexity= 3  (complexity= depth )
constructed measurement circuit has constructed complexity 3 transpiled_complexity= 3  (complexity= depth )
measure ['ZZZI'] at [0]
constructing measurement programs for interaction with commutativity mode none
clique= ['IIZI']
constructed measurement circuit has constructed complexity 1 transpiled_complexity= 1  (complexity= depth )
measure ['IIZI'] at [0]
clique= ['IIIZ']
constructed measurement circuit has constructed complexity 1 transpiled_complexity= 1  (complexity= depth )
measure ['IIIZ'] at [0]
clique= ['IIZZ']
reduce  ['Z', 'Z', 'I', 'I'] to single qubit
possibilities according to heuristic:
root= ZZII target= IZII constructed_complexity= 2 transpiled_complexity= 2  (complexity= depth )
root= ZZII target= ZIII constructed_complexity= 2 transpiled_complexity= 2  (complexity= depth )
constructed measurement circuit has constructed complexity 2 transpiled_complexity= 2  (complexity= depth )
measure ['IIZZ'] at [0]
Number of quantum programs: 28 for 1rdm and  3 for interaction
[{'mqc': <qiskit.circuit.quantumcircuit.QuantumCircuit object at 0x7fb35dbd6190>, 'mqubits': [0], 'ops': ['IIIZ'], 'signs': [1]}, {'mqc': <qiskit.circuit.quantumcircuit.QuantumCircuit object at 0x7fb35dbf8250>, 'mqubits': [0], 'ops': ['IIIX'], 'signs': [1]}, {'mqc': <qiskit.circuit.quantumcircuit.QuantumCircuit object at 0x7fb35dbf8cd0>, 'mqubits': [0], 'ops': ['IIZX'], 'signs': [1]}, {'mqc': <qiskit.circuit.quantumcircuit.QuantumCircuit object at 0x7fb35dbfca00>, 'mqubits': [0], 'ops': ['IIIY'], 'signs': [1]}, {'mqc': <qiskit.circuit.quantumcircuit.QuantumCircuit object at 0x7fb35dbe6fa0>, 'mqubits': [0], 'ops': ['IIZY'], 'signs': [1]}, {'mqc': <qiskit.circuit.quantumcircuit.QuantumCircuit object at 0x7fb35dbe6850>, 'mqubits': [0], 'ops': ['IYYX'], 'signs': [1]}, {'mqc': <qiskit.circuit.quantumcircuit.QuantumCircuit object at 0x7fb35dbec640>, 'mqubits': [0], 'ops': ['IXYY'], 'signs': [1]}, {'mqc': <qiskit.circuit.quantumcircuit.QuantumCircuit object at 0x7fb35dbe8b20>, 'mqubits': [0], 'ops': ['IXYX'], 'signs': [1]}, {'mqc': <qiskit.circuit.quantumcircuit.QuantumCircuit object at 0x7fb35dbe8ac0>, 'mqubits': [0], 'ops': ['IYYY'], 'signs': [1]}, {'mqc': <qiskit.circuit.quantumcircuit.QuantumCircuit object at 0x7fb35dbe5dc0>, 'mqubits': [0], 'ops': ['ZIXX'], 'signs': [1]}, {'mqc': <qiskit.circuit.quantumcircuit.QuantumCircuit object at 0x7fb35dbdb190>, 'mqubits': [0], 'ops': ['IZYY'], 'signs': [1]}, {'mqc': <qiskit.circuit.quantumcircuit.QuantumCircuit object at 0x7fb35dbeca60>, 'mqubits': [0], 'ops': ['IZYX'], 'signs': [1]}, {'mqc': <qiskit.circuit.quantumcircuit.QuantumCircuit object at 0x7fb35dbfc700>, 'mqubits': [0], 'ops': ['ZIXY'], 'signs': [1]}, {'mqc': <qiskit.circuit.quantumcircuit.QuantumCircuit object at 0x7fb35dbf13d0>, 'mqubits': [0], 'ops': ['IIZZ'], 'signs': [1]}, {'mqc': <qiskit.circuit.quantumcircuit.QuantumCircuit object at 0x7fb35dbf1910>, 'mqubits': [0], 'ops': ['IXXI'], 'signs': [1]}, {'mqc': <qiskit.circuit.quantumcircuit.QuantumCircuit object at 0x7fb35dc05370>, 'mqubits': [0], 'ops': ['IYYZ'], 'signs': [1]}, {'mqc': <qiskit.circuit.quantumcircuit.QuantumCircuit object at 0x7fb35dc05d60>, 'mqubits': [0], 'ops': ['IYXI'], 'signs': [1]}, {'mqc': <qiskit.circuit.quantumcircuit.QuantumCircuit object at 0x7fb35dc05760>, 'mqubits': [0], 'ops': ['IXYZ'], 'signs': [1]}, {'mqc': <qiskit.circuit.quantumcircuit.QuantumCircuit object at 0x7fb35dc23070>, 'mqubits': [0], 'ops': ['IZXI'], 'signs': [1]}, {'mqc': <qiskit.circuit.quantumcircuit.QuantumCircuit object at 0x7fb35dc23610>, 'mqubits': [0], 'ops': ['ZIXZ'], 'signs': [1]}, {'mqc': <qiskit.circuit.quantumcircuit.QuantumCircuit object at 0x7fb35dc239d0>, 'mqubits': [0], 'ops': ['ZIYI'], 'signs': [1]}, {'mqc': <qiskit.circuit.quantumcircuit.QuantumCircuit object at 0x7fb35dc23ee0>, 'mqubits': [0], 'ops': ['IZYZ'], 'signs': [1]}, {'mqc': <qiskit.circuit.quantumcircuit.QuantumCircuit object at 0x7fb35dc2f370>, 'mqubits': [0], 'ops': ['IZII'], 'signs': [1]}, {'mqc': <qiskit.circuit.quantumcircuit.QuantumCircuit object at 0x7fb35dc2f850>, 'mqubits': [0], 'ops': ['IXII'], 'signs': [1]}, {'mqc': <qiskit.circuit.quantumcircuit.QuantumCircuit object at 0x7fb35dc2fa90>, 'mqubits': [0], 'ops': ['ZXZI'], 'signs': [1]}, {'mqc': <qiskit.circuit.quantumcircuit.QuantumCircuit object at 0x7fb35dc2fd00>, 'mqubits': [0], 'ops': ['IYII'], 'signs': [1]}, {'mqc': <qiskit.circuit.quantumcircuit.QuantumCircuit object at 0x7fb35dc3e430>, 'mqubits': [0], 'ops': ['ZYZI'], 'signs': [1]}, {'mqc': <qiskit.circuit.quantumcircuit.QuantumCircuit object at 0x7fb35dc3e850>, 'mqubits': [0], 'ops': ['ZZZI'], 'signs': [1]}, {'mqc': <qiskit.circuit.quantumcircuit.QuantumCircuit object at 0x7fb35dbb2c10>, 'mqubits': [0], 'ops': ['IIZI'], 'signs': [1]}, {'mqc': <qiskit.circuit.quantumcircuit.QuantumCircuit object at 0x7fb35dbde040>, 'mqubits': [0], 'ops': ['IIIZ'], 'signs': [1]}, {'mqc': <qiskit.circuit.quantumcircuit.QuantumCircuit object at 0x7fb35db47f70>, 'mqubits': [0], 'ops': ['IIZZ'], 'signs': [1]}]
number of parameters: 24
EXECUTING WITH NOISE!
NOISE count 0:
NOISE count 1:
NOISE count 2:
NOISE count 3:
NOISE count 4:
NOISE count 5:
NOISE count 6:
NOISE count 7:
NOISE count 8:
NOISE count 9:
NOISE count 10:
NOISE count 11:
NOISE count 12:
NOISE count 13:
NOISE count 14:
NOISE count 15:
NOISE count 16:
NOISE count 17:
NOISE count 18:
NOISE count 19:
NOISE count 20:
NOISE count 21:
NOISE count 22:
NOISE count 23:
NOISE count 24:
NOISE count 25:
NOISE count 26:
NOISE count 27:
NOISE count 28:
NOISE count 29:
NOISE count 30:
NONOISE STATE VECTOR: [-0.56195489-0.08300882j -0.19501939-0.22072043j  0.02694702-0.06327918j
 -0.05511707-0.00467997j -0.24882423+0.05909844j  0.19649772-0.03225052j
 -0.00469501+0.05732663j  0.08888034+0.07242062j  0.06451594-0.16942856j
 -0.00919246-0.04642723j -0.04953431+0.32521406j -0.13223944+0.16866231j
 -0.17170009-0.13164872j  0.31375458+0.17363434j  0.11966264+0.00935745j
  0.27408338+0.08410479j]
W_exact= 0.25723233287361547 W_qc= 0.24176025390625
constraints exact= -0.0984338546389103 qc= -0.0992431640622462
constraints exact= 0.09753153165780364 qc= 0.0567016601561839
constraints exact= 0.033101934813989875 qc= 0.020751953125
constraints exact= 0.5096707191439541 qc= 0.5042490652079104
constraints exact= -0.04869316649129847 qc= -0.01318359375
constraints exact= 0.01118553263675734 qc= 0.0074462890625
constraints exact= 0.04787899240356871 qc= 0.0205078125
constraints exact= -0.11210434061067787 qc= -0.12316894531307199
constraints exact= -0.08449609510215168 qc= -0.0397338867184763
constraints exact= -0.06565362997799606 qc= -0.044189453125
constraints exact= 0.3307905460340988 qc= 0.38809917616981837
constraints exact= 0.016626507320123142 qc= 0.00665283203125
constraints exact= -0.10648443159780813 qc= -0.10021972656275102
constraints exact= -0.00870972770350647 qc= -0.007141113281178113
constraints exact= -0.026941681061873356 qc= -0.02032470703125
constraints exact= -0.2554418851092289 qc= -0.22155761718693712
