2 25 12 90 36 8 8 8 25
3 36 18 159 70 12 12 12 381
4 71 21 97 42 16 16 16 1406
5 92 26 567 198 20 14 20 9152
6 115 0 123 0 25 0 25 1
7 142 0 1952 0 28 0 28 1
8 215 0 264 0 32 0 32 1
9 227 0 5123 0 37 0 37 1
10 262 0 6769 0 42 0 42 1
11 301 0 10526 0 45 0 45 1
12 365 0 13019 0 48 0 48 1
13 418 0 9030 0 53 0 53 1
14 459 0 9719 0 57 0 57 1
15 567 0 19859 0 61 0 61 1
16 717 0 874 0 64 0 64 1
17 773 0 31120 0 69 0 69 0
18 784 0 990 0 73 0 73 0
19 866 0 39460 0 78 0 78 0
20 951 0 44760 0 82 0 82 0
21 1099 0 40221 0 85 0 85 0
22 1092 0 48029 0 89 0 89 0
23 1122 0 57519 0 94 0 94 0
24 1309 0 55449 0 98 0 98 0
25 1304 0 68074 0 100 0 100 0
26 0 0 0 0 0 0 0 0
27 0 0 0 0 0 0 0 0
28 0 0 0 0 0 0 0 0
29 0 0 0 0 0 0 0 0
30 0 0 0 0 0 0 0 0
