2 20 11 67 12 8 8 8 36
3 34 16 231 74 12 12 12 240
4 63 21 146 102 16 16 16 2529
5 86 27 507 148 21 12 21 10837
6 102 0 201 0 24 0 24 1
7 128 0 923 0 29 0 29 1
8 202 0 250 0 32 0 32 1
9 225 0 1436 0 38 0 38 1
10 241 0 346 0 40 0 40 1
11 272 0 1789 0 45 0 45 1
12 312 0 390 0 49 0 49 1
13 409 0 2306 0 54 0 54 1
14 393 0 439 0 58 0 58 1
15 471 0 2729 0 61 0 61 1
16 708 0 19248 0 64 0 64 1
17 649 0 14173 0 69 0 69 0
18 613 0 1077 0 74 0 74 0
19 706 0 3475 0 77 0 77 0
20 759 0 32951 0 82 0 82 0
21 837 0 3902 0 85 0 85 0
22 895 0 38420 0 89 0 89 0
23 1013 0 4222 0 93 0 93 0
24 1016 0 46994 0 97 0 97 0
25 0 0 0 0 0 0 0 0
26 0 0 0 0 0 0 0 0
27 0 0 0 0 0 0 0 0
28 0 0 0 0 0 0 0 0
29 0 0 0 0 0 0 0 0
30 0 0 0 0 0 0 0 0
