2 23 12 79 36 8 8 8 20
3 38 22 67 66 12 12 12 112
4 72 22 82 94 16 16 16 1228
5 91 34 99 244 20 18 20 6982
6 124 0 143 0 24 0 24 1
7 164 0 172 0 29 0 29 1
8 250 0 3888 0 32 0 32 1
9 243 0 4833 0 36 0 36 1
10 292 0 5890 0 41 0 41 1
11 356 0 4655 0 45 0 45 1
12 415 0 13229 0 49 0 49 1
13 548 0 11603 0 53 0 53 1
14 533 0 13415 0 58 0 58 1
15 590 0 14799 0 62 0 62 1
16 972 0 8122 0 64 0 64 1
17 767 0 1784 0 69 0 69 0
18 818 0 4558 0 74 0 74 0
19 989 0 16832 0 78 0 78 0
20 1084 0 20322 0 81 0 81 0
21 1092 0 10768 0 86 0 86 0
22 1193 0 19438 0 90 0 90 0
23 1243 0 13411 0 93 0 93 0
24 1455 0 12222 0 98 0 98 0
25 1463 0 14245 0 101 0 101 0
26 0 0 0 0 0 0 0 0
27 0 0 0 0 0 0 0 0
28 0 0 0 0 0 0 0 0
29 0 0 0 0 0 0 0 0
30 0 0 0 0 0 0 0 0
