GS energy with  DMRG -11.694833190615842
N= 7.999999999999997
E= -11.694833190615842
D= [[ 5.00000000e-01+0.j  1.44765422e-13+0.j  4.22036269e-01+0.j
  -3.38407740e-14+0.j  1.22708267e-13+0.j -8.52561977e-15+0.j
  -1.73703655e-01+0.j  1.50630178e-14+0.j -3.77163578e-14+0.j
   1.54220145e-14+0.j  1.20200285e-01+0.j -2.99244797e-14+0.j
   2.15018975e-14+0.j -1.37977677e-14+0.j -1.00157388e-01+0.j
   2.40884741e-14+0.j]
 [ 1.44851924e-13+0.j  5.00000000e-01+0.j  1.16776437e-13+0.j
   4.22036270e-01+0.j -4.53002072e-14+0.j -2.06085149e-15+0.j
   8.97460443e-14+0.j -1.73703654e-01+0.j  1.93098639e-14+0.j
   8.73953687e-15+0.j -5.64436217e-14+0.j  1.20200337e-01+0.j
  -1.42325990e-14+0.j -7.41767758e-15+0.j  3.52719300e-14+0.j
  -1.00157389e-01+0.j]
 [ 4.22036269e-01+0.j  1.16765335e-13+0.j  5.00000000e-01+0.j
  -1.29771873e-13+0.j  2.42188907e-01+0.j -1.09791282e-17+0.j
   1.47135342e-13+0.j  6.27886900e-14+0.j -4.93501824e-02+0.j
   1.17825768e-15+0.j -1.02583523e-13+0.j -4.67613122e-14+0.j
   1.57564596e-02+0.j  2.76358144e-15+0.j  8.05370310e-14+0.j
   4.28391636e-14+0.j]
 [-3.38180713e-14+0.j  4.22036270e-01+0.j -1.29758833e-13+0.j
   5.00000000e-01+0.j -1.98321619e-13+0.j  2.42188906e-01+0.j
   1.19749203e-14+0.j  1.86104062e-13+0.j  3.55623438e-14+0.j
  -4.93501569e-02+0.j -9.51010536e-15+0.j -1.30327769e-13+0.j
  -9.06478427e-15+0.j  1.57564747e-02+0.j  1.03699153e-14+0.j
   1.05117636e-13+0.j]
 [ 1.22686583e-13+0.j -4.53199249e-14+0.j  2.42188907e-01+0.j
  -1.98311401e-13+0.j  5.00000000e-01+0.j  2.82280292e-14+0.j
   3.74030139e-01+0.j  8.62556575e-14+0.j  8.40074538e-14+0.j
  -2.04190773e-14+0.j -1.59133994e-01+0.j -5.30356937e-14+0.j
  -3.13950255e-14+0.j  1.58201245e-14+0.j  1.20200335e-01+0.j
   4.15445753e-14+0.j]
 [-8.51242552e-15+0.j -2.09207651e-15+0.j -1.10673849e-17+0.j
   2.42188906e-01+0.j  2.82757201e-14+0.j  5.00000000e-01+0.j
  -4.74354934e-15+0.j  3.74030138e-01+0.j -1.46987985e-14+0.j
  -3.32060768e-14+0.j -1.80610967e-15+0.j -1.59133997e-01+0.j
   1.32032008e-14+0.j  1.01307851e-14+0.j  1.28318312e-14+0.j
   1.20200276e-01+0.j]
 [-1.73703655e-01+0.j  8.97936779e-14+0.j  1.47170253e-13+0.j
   1.19934889e-14+0.j  3.74030139e-01+0.j -4.77350404e-15+0.j
   5.00000000e-01+0.j -1.46061923e-14+0.j  2.58500787e-01+0.j
  -5.40196390e-15+0.j -1.15659218e-13+0.j  1.26588234e-14+0.j
  -4.93501639e-02+0.j  9.28697925e-15+0.j  1.02409400e-13+0.j
  -1.63437505e-14+0.j]
 [ 1.50344238e-14+0.j -1.73703654e-01+0.j  6.27814380e-14+0.j
   1.86202616e-13+0.j  8.62485777e-14+0.j  3.74030138e-01+0.j
  -1.45395253e-14+0.j  5.00000000e-01+0.j -1.25117781e-14+0.j
   2.58500787e-01+0.j  7.74231831e-15+0.j  9.23134182e-14+0.j
  -2.96830873e-16+0.j -4.93501870e-02+0.j -1.14515848e-14+0.j
  -7.61195488e-14+0.j]
 [-3.77146231e-14+0.j  1.92903785e-14+0.j -4.93501824e-02+0.j
   3.55560911e-14+0.j  8.40022496e-14+0.j -1.46969140e-14+0.j
   2.58500787e-01+0.j -1.25194782e-14+0.j  5.00000000e-01+0.j
   2.32321446e-14+0.j  3.74030140e-01+0.j  1.45789304e-15+0.j
   2.01488132e-14+0.j -1.63471053e-14+0.j -1.73703650e-01+0.j
   7.06324614e-15+0.j]
 [ 1.54302289e-14+0.j  8.62504512e-15+0.j  1.17602010e-15+0.j
  -4.93501569e-02+0.j -2.04301712e-14+0.j -3.32997518e-14+0.j
  -5.40257632e-15+0.j  2.58500787e-01+0.j  2.32996929e-14+0.j
   5.00000000e-01+0.j  9.96212746e-15+0.j  3.74030141e-01+0.j
  -1.51850979e-14+0.j -1.20042865e-14+0.j -1.73977913e-14+0.j
  -1.73703653e-01+0.j]
 [ 1.20200285e-01+0.j -5.64793049e-14+0.j -1.02611929e-13+0.j
  -9.51632831e-15+0.j -1.59133994e-01+0.j -1.74257978e-15+0.j
  -1.15683938e-13+0.j  7.78940702e-15+0.j  3.74030140e-01+0.j
   1.00648370e-14+0.j  5.00000000e-01+0.j -2.13271735e-14+0.j
   2.42188906e-01+0.j -7.90801692e-15+0.j -9.42843893e-14+0.j
   2.56787594e-14+0.j]
 [-2.99057384e-14+0.j  1.20200337e-01+0.j -4.67555918e-14+0.j
  -1.30392225e-13+0.j -5.30164375e-14+0.j -1.59133997e-01+0.j
   1.26325991e-14+0.j  9.21994685e-14+0.j  1.46214423e-15+0.j
   3.74030141e-01+0.j -2.12121505e-14+0.j  5.00000000e-01+0.j
   5.58178635e-15+0.j  2.42188906e-01+0.j  2.37644822e-14+0.j
   7.42170385e-14+0.j]
 [ 2.15053669e-14+0.j -1.42422958e-14+0.j  1.57564596e-02+0.j
  -9.06426735e-15+0.j -3.14557408e-14+0.j  1.31889980e-14+0.j
  -4.93501639e-02+0.j -2.95799811e-16+0.j  2.01279965e-14+0.j
  -1.51778382e-14+0.j  2.42188906e-01+0.j  5.59267291e-15+0.j
   5.00000000e-01+0.j  2.14528292e-14+0.j  4.22036268e-01+0.j
  -1.36579184e-14+0.j]
 [-1.38038687e-14+0.j -7.40379980e-15+0.j  2.76349593e-15+0.j
   1.57564747e-02+0.j  1.58270931e-14+0.j  1.02001740e-14+0.j
   9.28482435e-15+0.j -4.93501870e-02+0.j -1.63134034e-14+0.j
  -1.20736754e-14+0.j -7.90738342e-15+0.j  2.42188906e-01+0.j
   2.14314180e-14+0.j  5.00000000e-01+0.j  1.57302343e-14+0.j
   4.22036268e-01+0.j]
 [-1.00157388e-01+0.j  3.53114952e-14+0.j  8.05632687e-14+0.j
   1.03757436e-14+0.j  1.20200335e-01+0.j  1.27953428e-14+0.j
   1.02404630e-13+0.j -1.14827460e-14+0.j -1.73703650e-01+0.j
  -1.74634987e-14+0.j -9.42492612e-14+0.j  2.38079105e-14+0.j
   4.22036268e-01+0.j  1.57840512e-14+0.j  5.00000000e-01+0.j
  -5.22163258e-14+0.j]
 [ 2.40765077e-14+0.j -1.00157389e-01+0.j  4.28329253e-14+0.j
   1.05179961e-13+0.j  4.15213465e-14+0.j  1.20200276e-01+0.j
  -1.63221742e-14+0.j -7.60368436e-14+0.j  7.06392318e-15+0.j
  -1.73703653e-01+0.j  2.56163938e-14+0.j  7.41941804e-14+0.j
  -1.36307995e-14+0.j  4.22036268e-01+0.j -5.21340327e-14+0.j
   5.00000000e-01+0.j]]
W= [0.19157007+0.j 0.20949801+0.j 0.20994172+0.j 0.21159645+0.j
 0.21159645+0.j 0.20994172+0.j 0.209498  +0.j 0.19157007+0.j]
local approximation with  1 sites
local interactions on sites [[0], [1], [2], [3], [4], [5], [6], [7]]
Functional for interaction on sites [0]
aca-directory for images already exists
aca-directory for images already exists
aca-directory for images already exists
interacting orbitals: [0, 1]
mapping: [0, 1, 2, 3, 4, 5, 6, 7, 8, 9, 10, 11, 12, 13, 14, 15]
aca-directory for images already exists
aca-directory for images already exists
aca-directory for images already exists
orbinteractaca= [0, 1]
aca-directory for images already exists
aca-directory for images already exists
aca-directory for images already exists
aca-directory for images already exists
aca-directory for images already exists
aca-directory for images already exists
aca-directory for images already exists
aca-directory for images already exists
aca-directory for images already exists
aca-directory for images already exists
aca-directory for images already exists
aca-directory for images already exists
aca-directory for images already exists
aca-directory for images already exists
aca-directory for images already exists
aca-directory for images already exists
aca-directory for images already exists
aca-directory for images already exists
aca-directory for images already exists
aca-directory for images already exists
aca-directory for images already exists
aca-directory for images already exists
aca-directory for images already exists
aca-directory for images already exists
aca-directory for images already exists
aca-directory for images already exists
aca-directory for images already exists
aca-directory for images already exists
aca-directory for images already exists
aca-directory for images already exists
aca-directory for images already exists
aca-directory for images already exists
aca-directory for images already exists
aca-directory for images already exists
aca-directory for images already exists
aca-directory for images already exists
aca-directory for images already exists
aca-directory for images already exists
aca-directory for images already exists
aca-directory for images already exists
aca-directory for images already exists
aca-directory for images already exists
aca-directory for images already exists
aca-directory for images already exists
aca-directory for images already exists
aca: level 1  norb= 4
Daca= [[ 0.5       +0.j  0.        +0.j -0.48245951+0.j  0.        +0.j]
 [ 0.        +0.j  0.5       +0.j  0.        +0.j -0.48245953+0.j]
 [-0.48245951+0.j  0.        +0.j  0.5       +0.j  0.        +0.j]
 [ 0.        +0.j -0.48245953+0.j  0.        +0.j  0.5       +0.j]]
Occ(Daca)= [0.98245951 0.01754049 0.98245953 0.01754047]
rounding Naca1 to integer
rounding Naca2 to integer
Naca= (1, 1)
WARNING: This is a completely UNoptimized simple variant for the constrained minimization, for larger number of orbitals please use the optimized Fortan implementation.
tcplx= True
nvar= 32
Wsites= [0]
| niter |f evals|CG iter|  obj func   |tr radius |   opt    |  c viol  |
|-------|-------|-------|-------------|----------|----------|----------|
|   1   |   1   |   0   | +2.8099e-01 | 1.00e+00 | 1.05e-01 | 5.34e-01 |
|   2   |   2   |   1   | +2.8099e-01 | 2.77e-01 | 1.05e-01 | 5.34e-01 |
|   3   |   3   |   2   | +2.7531e-01 | 1.69e+00 | 1.51e-01 | 4.54e-01 |
|   4   |   4   |   4   | +2.7531e-01 | 1.69e-01 | 1.51e-01 | 4.54e-01 |
|   5   |   5   |   5   | +2.6673e-01 | 1.14e+00 | 1.55e-01 | 4.21e-01 |
|   6   |   6   |   6   | +2.6673e-01 | 1.14e-01 | 1.55e-01 | 4.21e-01 |
|   7   |   7   |   7   | +2.8121e-01 | 8.01e-01 | 1.42e-01 | 3.95e-01 |
|   8   |   8   |   8   | +2.8121e-01 | 1.95e-01 | 1.42e-01 | 3.95e-01 |
|   9   |   9   |  10   | +2.4671e-01 | 1.30e+00 | 1.24e-01 | 3.74e-01 |
|  10   |  10   |  12   | +2.4671e-01 | 1.30e-01 | 1.24e-01 | 3.74e-01 |
|  11   |  11   |  13   | +2.4219e-01 | 9.09e-01 | 9.97e-02 | 3.52e-01 |
|  12   |  12   |  15   | +2.4219e-01 | 1.22e-01 | 9.97e-02 | 3.52e-01 |
|  13   |  13   |  16   | +2.3448e-01 | 8.53e-01 | 7.58e-02 | 3.22e-01 |
|  14   |  14   |  18   | +2.3448e-01 | 1.11e-01 | 7.58e-02 | 3.22e-01 |
|  15   |  15   |  19   | +2.3269e-01 | 7.79e-01 | 7.68e-02 | 3.01e-01 |
|  16   |  16   |  21   | +2.3269e-01 | 1.26e-01 | 7.68e-02 | 3.01e-01 |
|  17   |  17   |  22   | +2.1713e-01 | 8.23e-01 | 7.90e-02 | 2.88e-01 |
|  18   |  18   |  24   | +2.1713e-01 | 8.42e-02 | 7.90e-02 | 2.88e-01 |
|  19   |  19   |  26   | +2.1530e-01 | 5.89e-01 | 8.11e-02 | 2.75e-01 |
|  20   |  20   |  28   | +2.1530e-01 | 1.41e-01 | 8.11e-02 | 2.75e-01 |
|  21   |  21   |  30   | +2.1422e-01 | 9.17e-01 | 1.19e-01 | 2.52e-01 |
|  22   |  22   |  32   | +2.1422e-01 | 9.17e-02 | 1.19e-01 | 2.52e-01 |
|  23   |  23   |  33   | +2.1594e-01 | 6.42e-01 | 1.60e-01 | 2.18e-01 |
|  24   |  24   |  35   | +2.1594e-01 | 2.04e-01 | 1.60e-01 | 2.18e-01 |
|  25   |  25   |  37   | +2.0000e-01 | 1.31e+00 | 1.99e-01 | 1.81e-01 |
|  26   |  26   |  39   | +2.0000e-01 | 1.31e-01 | 1.99e-01 | 1.81e-01 |
|  27   |  27   |  41   | +1.9545e-01 | 9.16e-01 | 2.16e-01 | 1.29e-01 |
|  28   |  28   |  43   | +1.9545e-01 | 1.28e-01 | 2.16e-01 | 1.29e-01 |
|  29   |  29   |  44   | +1.7611e-01 | 8.98e-01 | 2.00e-01 | 1.14e-01 |
|  30   |  30   |  46   | +1.7611e-01 | 1.36e-01 | 2.00e-01 | 1.14e-01 |
|  31   |  31   |  47   | +1.7331e-01 | 9.55e-01 | 1.76e-01 | 6.77e-02 |
|  32   |  32   |  49   | +1.7331e-01 | 1.88e-01 | 1.76e-01 | 6.77e-02 |
|  33   |  33   |  50   | +1.6930e-01 | 1.31e+00 | 1.40e-01 | 5.24e-02 |
|  34   |  34   |  52   | +1.6930e-01 | 2.25e-01 | 1.40e-01 | 5.24e-02 |
|  35   |  35   |  53   | +1.8780e-01 | 2.25e-01 | 1.19e-01 | 5.15e-02 |
|  36   |  36   |  55   | +1.8065e-01 | 2.98e-01 | 4.38e-02 | 2.22e-02 |
|  37   |  37   |  57   | +1.8512e-01 | 3.83e-01 | 3.71e-02 | 2.99e-03 |
|  38   |  38   |  58   | +1.8464e-01 | 3.83e-01 | 2.53e-02 | 9.24e-04 |
|  39   |  39   |  60   | +1.8459e-01 | 3.83e-01 | 1.47e-02 | 3.80e-04 |
|  40   |  40   |  61   | +1.8462e-01 | 3.83e-01 | 1.15e-02 | 4.33e-05 |
|  41   |  41   |  62   | +1.8437e-01 | 3.83e-01 | 5.87e-03 | 8.75e-05 |
|  42   |  42   |  63   | +1.8433e-01 | 3.83e-01 | 1.79e-03 | 4.93e-05 |
|  43   |  43   |  65   | +1.8436e-01 | 3.83e-01 | 6.10e-04 | 2.03e-06 |
|  44   |  44   |  68   | +1.8436e-01 | 3.83e-01 | 2.02e-04 | 6.73e-07 |
|  45   |  45   |  69   | +1.8436e-01 | 3.83e-01 | 7.69e-05 | 7.84e-08 |
|  46   |  46   |  71   | +1.8436e-01 | 3.83e-01 | 7.61e-05 | 3.56e-08 |
|  47   |  47   |  73   | +1.8436e-01 | 3.83e-01 | 5.42e-05 | 1.58e-08 |
|  48   |  48   |  74   | +1.8436e-01 | 3.83e-02 | 5.42e-05 | 1.58e-08 |
|  49   |  49   |  75   | +1.8436e-01 | 3.83e-03 | 5.42e-05 | 1.58e-08 |
|  50   |  50   |  77   | +1.8436e-01 | 3.83e-04 | 5.42e-05 | 1.58e-08 |
|  51   |  51   |  81   | +1.8436e-01 | 5.38e-05 | 5.42e-05 | 1.58e-08 |
|  52   |  52   |  82   | +1.8436e-01 | 3.77e-04 | 5.48e-05 | 4.75e-09 |
|  53   |  53   |  85   | +1.8436e-01 | 3.77e-05 | 5.48e-05 | 4.75e-09 |
|  54   |  54   |  86   | +1.8436e-01 | 7.53e-05 | 5.72e-05 | 2.30e-09 |
|  55   |  55   |  88   | +1.8436e-01 | 3.77e-05 | 5.72e-05 | 2.30e-09 |
|  56   |  56   |  89   | +1.8436e-01 | 7.53e-05 | 4.41e-05 | 1.42e-09 |
|  57   |  57   |  91   | +1.8436e-01 | 3.77e-05 | 4.41e-05 | 1.42e-09 |
|  58   |  58   |  93   | +1.8436e-01 | 7.53e-05 | 1.58e-05 | 1.42e-09 |
|  59   |  59   |  95   | +1.8436e-01 | 7.53e-05 | 3.37e-06 | 2.17e-10 |
|  60   |  60   |  97   | +1.8436e-01 | 7.53e-05 | 1.46e-06 | 7.67e-12 |
|  61   |  61   |  99   | +1.8436e-01 | 7.53e-05 | 6.16e-07 | 1.34e-12 |
|  62   |  62   |  101  | +1.8436e-01 | 7.53e-05 | 1.86e-07 | 3.50e-13 |
|  63   |  63   |  103  | +1.8436e-01 | 7.53e-05 | 7.10e-08 | 7.48e-14 |
|  64   |  64   |  105  | +1.8436e-01 | 7.53e-05 | 5.85e-08 | 2.64e-14 |
|  65   |  65   |  107  | +1.8436e-01 | 7.53e-05 | 3.80e-08 | 1.09e-14 |
|  66   |  66   |  108  | +1.8436e-01 | 7.53e-06 | 3.80e-08 | 1.09e-14 |
|  67   |  67   |  109  | +1.8436e-01 | 7.53e-07 | 3.80e-08 | 1.09e-14 |
|  68   |  68   |  110  | +1.8436e-01 | 7.53e-08 | 3.80e-08 | 1.09e-14 |
|  69   |  69   |  111  | +1.8436e-01 | 1.45e-07 | 3.80e-08 | 7.55e-15 |
|  70   |  70   |  113  | +1.8436e-01 | 2.50e-08 | 3.80e-08 | 7.55e-15 |
|  71   |  71   |  114  | +1.8436e-01 | 1.75e-07 | 1.24e-08 | 5.33e-15 |
|  72   |  72   |  116  | +1.8436e-01 | 1.75e-08 | 1.24e-08 | 5.33e-15 |
|  73   |  73   |  118  | +1.8436e-01 | 3.39e-08 | 9.43e-09 | 5.00e-15 |
|  74   |  74   |  120  | +1.8436e-01 | 5.71e-08 | 8.38e-09 | 3.11e-15 |
|  75   |  75   |  126  | +1.8436e-01 | 2.86e-08 | 8.38e-09 | 3.11e-15 |
|  76   |  76   |  128  | +1.8436e-01 | 5.10e-08 | 1.35e-08 | 6.66e-16 |
|  77   |  77   |  130  | +1.8436e-01 | 5.10e-08 | 3.45e-09 | 1.11e-16 |
|  78   |  78   |  132  | +1.8436e-01 | 5.10e-08 | 2.24e-09 | 2.22e-16 |
|  79   |  79   |  133  | +1.8436e-01 | 5.10e-08 | 2.14e-09 | 1.11e-16 |
|  80   |  80   |  134  | +1.8436e-01 | 5.10e-08 | 1.97e-09 | 5.55e-17 |
|  81   |  81   |  135  | +1.8436e-01 | 5.10e-09 | 1.97e-09 | 5.55e-17 |
|  82   |  82   |  136  | +1.8436e-01 | 5.50e-10 | 1.97e-09 | 5.55e-17 |

`xtol` termination condition is satisfied.
Number of iterations: 82, function evaluations: 82, CG iterations: 136, optimality: 1.97e-09, constraint violation: 5.55e-17, execution time: 0.83 s.
F_aca (full CI space)= 0.1843631123148663
FM= 0.18436310008952017
dFM_dD real 0 0 0.14889594041334053
dFM_dD real 0 1 0.0
dFM_dD imag 0 1 0.0
dFM_dD real 0 2 -0.918803762686715
dFM_dD imag 0 2 0.0
dFM_dD real 0 3 -2.2204460492503128e-11
dFM_dD imag 0 3 0.0
dFM_dD real 1 1 0.14889576306909014
dFM_dD real 1 2 1.6653345369377348e-11
dFM_dD imag 1 2 0.0
dFM_dD real 1 3 -0.9188041302926607
dFM_dD imag 1 3 0.0
dFM_dD real 2 2 -0.35110405959271057
dFM_dD real 2 3 -4.4408920985006255e-11
dFM_dD imag 2 3 0.0
dFM_dD real 3 3 -0.3511042369286343
WARNING: This is a completely UNoptimized simple variant for the constrained minimization, for larger number of orbitals please use the optimized Fortan implementation.
tcplx= True
nvar= 32
Wsites= [0]
| niter |f evals|CG iter|  obj func   |tr radius |   opt    |  c viol  |
|-------|-------|-------|-------------|----------|----------|----------|
|   1   |   1   |   0   | +2.4628e-01 | 1.00e+00 | 1.44e-01 | 4.86e-01 |
|   2   |   2   |   1   | +2.4628e-01 | 2.41e-01 | 1.44e-01 | 4.86e-01 |
|   3   |   3   |   2   | +2.6110e-01 | 1.51e+00 | 1.83e-01 | 4.17e-01 |
|   4   |   4   |   3   | +2.6110e-01 | 1.51e-01 | 1.83e-01 | 4.17e-01 |
|   5   |   5   |   4   | +1.9816e-01 | 1.06e+00 | 1.74e-01 | 3.60e-01 |
|   6   |   6   |   5   | +1.9816e-01 | 1.37e-01 | 1.74e-01 | 3.60e-01 |
|   7   |   7   |   6   | +1.9781e-01 | 9.59e-01 | 1.71e-01 | 3.02e-01 |
|   8   |   8   |   8   | +1.9781e-01 | 1.78e-01 | 1.71e-01 | 3.02e-01 |
|   9   |   9   |   9   | +1.6018e-01 | 1.25e+00 | 1.90e-01 | 2.65e-01 |
|  10   |  10   |  11   | +1.6018e-01 | 1.25e-01 | 1.90e-01 | 2.65e-01 |
|  11   |  11   |  12   | +1.3160e-01 | 7.76e-01 | 1.67e-01 | 2.52e-01 |
|  12   |  12   |  14   | +1.3160e-01 | 1.66e-01 | 1.67e-01 | 2.52e-01 |
|  13   |  13   |  16   | +1.4276e-01 | 1.10e+00 | 1.23e-01 | 1.98e-01 |
|  14   |  14   |  18   | +1.4276e-01 | 1.10e-01 | 1.23e-01 | 1.98e-01 |
|  15   |  15   |  19   | +1.3994e-01 | 6.56e-01 | 1.53e-01 | 1.93e-01 |
|  16   |  16   |  21   | +1.3994e-01 | 1.03e-01 | 1.53e-01 | 1.93e-01 |
|  17   |  17   |  23   | +1.5490e-01 | 7.24e-01 | 1.80e-01 | 1.54e-01 |
|  18   |  18   |  25   | +1.5490e-01 | 9.58e-02 | 1.80e-01 | 1.54e-01 |
|  19   |  19   |  26   | +1.6096e-01 | 5.78e-01 | 2.01e-01 | 1.49e-01 |
|  20   |  20   |  27   | +1.6096e-01 | 9.02e-02 | 2.01e-01 | 1.49e-01 |
|  21   |  21   |  28   | +1.8109e-01 | 5.82e-01 | 2.18e-01 | 1.26e-01 |
|  22   |  22   |  29   | +1.8109e-01 | 8.31e-02 | 2.18e-01 | 1.26e-01 |
|  23   |  23   |  30   | +1.9957e-01 | 5.71e-01 | 2.26e-01 | 1.05e-01 |
|  24   |  24   |  31   | +1.9957e-01 | 7.86e-02 | 2.26e-01 | 1.05e-01 |
|  25   |  25   |  32   | +2.1477e-01 | 5.50e-01 | 2.28e-01 | 8.54e-02 |
|  26   |  26   |  33   | +2.1477e-01 | 7.67e-02 | 2.28e-01 | 8.54e-02 |
|  27   |  27   |  34   | +2.2451e-01 | 5.37e-01 | 2.30e-01 | 6.76e-02 |
|  28   |  28   |  35   | +2.2451e-01 | 7.31e-02 | 2.30e-01 | 6.76e-02 |
|  29   |  29   |  36   | +2.2866e-01 | 5.12e-01 | 2.30e-01 | 5.57e-02 |
|  30   |  30   |  37   | +2.2866e-01 | 1.39e-01 | 2.30e-01 | 5.57e-02 |
|  31   |  31   |  38   | +2.4411e-01 | 9.71e-01 | 2.37e-01 | 3.17e-02 |
|  32   |  32   |  39   | +2.4494e-01 | 9.71e-01 | 2.41e-01 | 2.15e-02 |
|  33   |  33   |  42   | +1.9987e-01 | 9.71e-01 | 2.04e-01 | 1.22e-02 |
|  34   |  34   |  45   | +1.9987e-01 | 9.71e-02 | 2.04e-01 | 1.22e-02 |
|  35   |  35   |  47   | +1.7937e-01 | 1.94e-01 | 1.57e-01 | 9.43e-03 |
|  36   |  37   |  51   | +1.5967e-01 | 3.88e-01 | 1.60e-01 | 3.69e-03 |
|  37   |  38   |  54   | +1.4182e-01 | 3.88e-01 | 1.27e-01 | 5.51e-03 |
|  38   |  39   |  58   | +1.4182e-01 | 4.96e-02 | 1.27e-01 | 5.51e-03 |
|  39   |  40   |  59   | +1.3202e-01 | 9.92e-02 | 9.75e-02 | 2.46e-03 |
|  40   |  42   |  63   | +1.2297e-01 | 1.98e-01 | 3.89e-02 | 3.38e-04 |
|  41   |  44   |  65   | +1.2119e-01 | 1.98e-01 | 3.40e-02 | 3.69e-06 |
|  42   |  46   |  68   | +1.1893e-01 | 1.98e-01 | 2.39e-02 | 4.85e-05 |
|  43   |  48   |  70   | +1.1834e-01 | 1.98e-01 | 2.23e-02 | 6.81e-07 |
|  44   |  50   |  74   | +1.1834e-01 | 1.98e-02 | 2.23e-02 | 6.81e-07 |
|  45   |  52   |  76   | +1.1742e-01 | 1.39e-01 | 1.86e-02 | 1.86e-06 |
|  46   |  54   |  80   | +1.1742e-01 | 1.39e-02 | 1.86e-02 | 1.86e-06 |
|  47   |  56   |  81   | +1.1694e-01 | 9.72e-02 | 1.58e-02 | 7.79e-07 |
|  48   |  58   |  85   | +1.1694e-01 | 9.72e-03 | 1.58e-02 | 7.79e-07 |
|  49   |  60   |  86   | +1.1667e-01 | 6.80e-02 | 1.36e-02 | 1.56e-07 |
|  50   |  62   |  90   | +1.1667e-01 | 6.80e-03 | 1.36e-02 | 1.56e-07 |
|  51   |  64   |  91   | +1.1650e-01 | 4.76e-02 | 1.20e-02 | 2.72e-08 |
|  52   |  66   |  95   | +1.1608e-01 | 7.48e-02 | 6.90e-03 | 1.48e-05 |
|  53   |  68   |  98   | +1.1600e-01 | 7.48e-02 | 4.42e-03 | 9.98e-07 |
|  54   |  70   |  102  | +1.1600e-01 | 7.48e-03 | 4.42e-03 | 9.98e-07 |
|  55   |  72   |  104  | +1.1596e-01 | 5.24e-02 | 2.46e-03 | 2.48e-07 |
|  56   |  74   |  108  | +1.1596e-01 | 5.24e-03 | 2.46e-03 | 2.48e-07 |
|  57   |  76   |  110  | +1.1595e-01 | 3.67e-02 | 1.15e-03 | 1.22e-07 |
|  58   |  78   |  113  | +1.1594e-01 | 3.67e-02 | 9.21e-04 | 6.63e-08 |
|  59   |  80   |  116  | +1.1594e-01 | 3.67e-02 | 4.98e-04 | 3.23e-08 |
|  60   |  81   |  119  | +1.1594e-01 | 3.67e-03 | 4.98e-04 | 3.23e-08 |
|  61   |  83   |  122  | +1.1594e-01 | 3.67e-04 | 4.98e-04 | 3.23e-08 |
|  62   |  84   |  123  | +1.1594e-01 | 1.78e-04 | 4.98e-04 | 3.23e-08 |
|  63   |  85   |  124  | +1.1594e-01 | 3.56e-04 | 4.20e-04 | 3.18e-08 |
|  64   |  87   |  125  | +1.1594e-01 | 2.50e-03 | 2.36e-04 | 1.26e-09 |
|  65   |  89   |  129  | +1.1594e-01 | 2.50e-03 | 5.38e-05 | 3.57e-09 |
|  66   |  90   |  131  | +1.1594e-01 | 2.50e-04 | 5.38e-05 | 3.57e-09 |
|  67   |  91   |  134  | +1.1594e-01 | 4.37e-05 | 5.38e-05 | 3.57e-09 |
|  68   |  92   |  135  | +1.1594e-01 | 8.74e-05 | 4.13e-05 | 1.83e-09 |
|  69   |  94   |  137  | +1.1594e-01 | 6.12e-04 | 2.56e-05 | 9.88e-11 |
|  70   |  96   |  140  | +1.1594e-01 | 6.12e-04 | 1.09e-05 | 7.38e-11 |
|  71   |  97   |  143  | +1.1594e-01 | 6.12e-05 | 1.09e-05 | 7.38e-11 |
|  72   |  98   |  147  | +1.1594e-01 | 6.12e-06 | 1.09e-05 | 7.38e-11 |
|  73   |  99   |  148  | +1.1594e-01 | 1.22e-05 | 8.83e-06 | 3.74e-11 |
|  74   |  101  |  149  | +1.1594e-01 | 8.56e-05 | 7.79e-06 | 1.67e-12 |
|  75   |  103  |  152  | +1.1594e-01 | 8.56e-06 | 7.79e-06 | 1.67e-12 |
|  76   |  105  |  153  | +1.1594e-01 | 1.71e-05 | 6.11e-06 | 1.98e-12 |
|  77   |  107  |  157  | +1.1594e-01 | 1.71e-06 | 6.11e-06 | 1.98e-12 |
|  78   |  108  |  158  | +1.1594e-01 | 1.71e-06 | 5.64e-06 | 2.93e-12 |
|  79   |  109  |  159  | +1.1594e-01 | 1.71e-06 | 5.16e-06 | 2.93e-12 |
|  80   |  110  |  160  | +1.1594e-01 | 1.71e-06 | 4.65e-06 | 2.93e-12 |
|  81   |  111  |  161  | +1.1594e-01 | 1.71e-06 | 4.12e-06 | 2.93e-12 |
|  82   |  112  |  162  | +1.1594e-01 | 1.71e-06 | 3.55e-06 | 2.93e-12 |
|  83   |  113  |  163  | +1.1594e-01 | 1.71e-06 | 2.96e-06 | 2.93e-12 |
|  84   |  114  |  164  | +1.1594e-01 | 1.71e-06 | 2.33e-06 | 2.93e-12 |
|  85   |  115  |  165  | +1.1594e-01 | 1.71e-06 | 1.67e-06 | 2.93e-12 |
|  86   |  116  |  166  | +1.1594e-01 | 1.71e-06 | 9.97e-07 | 2.93e-12 |
|  87   |  117  |  167  | +1.1594e-01 | 1.71e-06 | 3.07e-07 | 2.93e-12 |
|  88   |  118  |  169  | +1.1594e-01 | 1.71e-06 | 1.07e-07 | 4.30e-13 |
|  89   |  119  |  170  | +1.1594e-01 | 1.71e-06 | 1.79e-07 | 1.55e-13 |
|  90   |  120  |  171  | +1.1594e-01 | 1.71e-06 | 1.11e-07 | 7.33e-15 |
|  91   |  122  |  172  | +1.1594e-01 | 1.71e-06 | 3.81e-08 | 1.11e-16 |
|  92   |  124  |  173  | +1.1594e-01 | 1.71e-06 | 4.65e-09 | 1.11e-16 |
|  93   |  126  |  175  | +1.1594e-01 | 1.71e-07 | 4.65e-09 | 1.11e-16 |
|  94   |  127  |  177  | +1.1594e-01 | 1.71e-07 | 1.63e-09 | 1.11e-16 |
|  95   |  128  |  179  | +1.1594e-01 | 1.71e-07 | 1.40e-09 | 1.11e-16 |
|  96   |  130  |  181  | +1.1594e-01 | 1.71e-08 | 1.40e-09 | 1.11e-16 |
|  97   |  132  |  183  | +1.1594e-01 | 1.71e-09 | 1.40e-09 | 1.11e-16 |
|  98   |  134  |  184  | +1.1594e-01 | 2.25e-10 | 1.40e-09 | 1.11e-16 |

`xtol` termination condition is satisfied.
Number of iterations: 98, function evaluations: 134, CG iterations: 184, optimality: 1.40e-09, constraint violation: 1.11e-16, execution time:  1.1 s.
F_reordered (full CI space)= 0.11594274806868643
providers= [<AccountProvider for IBMQ(hub='ibm-q', group='open', project='main')>, <AccountProvider for IBMQ(hub='ibm-q-research-2', group='paderborn-uni-1', project='main')>]
backends=
ibmq_qasm_simulator
ibmq_armonk
ibmq_santiago
ibmq_bogota
ibmq_casablanca
ibmq_lima
ibmq_belem
ibmq_quito
simulator_statevector
simulator_mps
simulator_extended_stabilizer
simulator_stabilizer
ibmq_jakarta
ibmq_manila
ibm_lagos
setting transpiler_couplings to 0_1,1_0,1_2,2_1,2_3,3_2,3_4,4_3
setting transpiler_gates to id,rz,sx,x,cx,reset
nq= 5
qubit_map [1, 2, 0, 3, 4]
only physical qubits [1, 2, 0, 3] are used
using entangler (physical qubits) = [[0, 1], [2, 3], [1, 2]]
      ┌──────────┐┌────┐┌──────────┐      ┌──────────┐    ┌────┐   »
q0_0: ┤ Rz(y[0]) ├┤ √X ├┤ Rz(y[4]) ├──■───┤ Rz(y[8]) ├────┤ √X ├───»
      ├──────────┤├────┤├──────────┤┌─┴─┐ └──────────┘ ┌──┴────┴──┐»
q0_1: ┤ Rz(y[1]) ├┤ √X ├┤ Rz(y[5]) ├┤ X ├──────■───────┤ Rz(y[9]) ├»
      ├──────────┤├────┤├──────────┤└───┘    ┌─┴─┐    ┌┴──────────┤»
q0_2: ┤ Rz(y[2]) ├┤ √X ├┤ Rz(y[6]) ├──■──────┤ X ├────┤ Rz(y[10]) ├»
      ├──────────┤├────┤├──────────┤┌─┴─┐┌───┴───┴───┐└───┬────┬──┘»
q0_3: ┤ Rz(y[3]) ├┤ √X ├┤ Rz(y[7]) ├┤ X ├┤ Rz(y[11]) ├────┤ √X ├───»
      └──────────┘└────┘└──────────┘└───┘└───────────┘    └────┘   »
q0_4: ─────────────────────────────────────────────────────────────»
                                                                   »
c0: 5/═════════════════════════════════════════════════════════════»
                                                                   »
«      ┌───────────┐             
«q0_0: ┤ Rz(y[12]) ├─────────────
«      └───┬────┬──┘┌───────────┐
«q0_1: ────┤ √X ├───┤ Rz(y[13]) ├
«          ├────┤   ├───────────┤
«q0_2: ────┤ √X ├───┤ Rz(y[14]) ├
«      ┌───┴────┴──┐└───────────┘
«q0_3: ┤ Rz(y[15]) ├─────────────
«      └───────────┘             
«q0_4: ──────────────────────────
«                                
«c0: 5/══════════════════════════
«                                
variational state:
      ┌──────────┐┌────┐┌──────────┐      ┌──────────┐    ┌────┐   »
q1_0: ┤ Rz(y[0]) ├┤ √X ├┤ Rz(y[4]) ├──■───┤ Rz(y[8]) ├────┤ √X ├───»
      ├──────────┤├────┤├──────────┤┌─┴─┐ └──────────┘ ┌──┴────┴──┐»
q1_1: ┤ Rz(y[1]) ├┤ √X ├┤ Rz(y[5]) ├┤ X ├──────■───────┤ Rz(y[9]) ├»
      ├──────────┤├────┤├──────────┤└───┘    ┌─┴─┐    ┌┴──────────┤»
q1_2: ┤ Rz(y[2]) ├┤ √X ├┤ Rz(y[6]) ├──■──────┤ X ├────┤ Rz(y[10]) ├»
      ├──────────┤├────┤├──────────┤┌─┴─┐┌───┴───┴───┐└───┬────┬──┘»
q1_3: ┤ Rz(y[3]) ├┤ √X ├┤ Rz(y[7]) ├┤ X ├┤ Rz(y[11]) ├────┤ √X ├───»
      └──────────┘└────┘└──────────┘└───┘└───────────┘    └────┘   »
q1_4: ─────────────────────────────────────────────────────────────»
                                                                   »
c1: 5/═════════════════════════════════════════════════════════════»
                                                                   »
«      ┌───────────┐             
«q1_0: ┤ Rz(y[12]) ├─────────────
«      └───┬────┬──┘┌───────────┐
«q1_1: ────┤ √X ├───┤ Rz(y[13]) ├
«          ├────┤   ├───────────┤
«q1_2: ────┤ √X ├───┤ Rz(y[14]) ├
«      ┌───┴────┴──┐└───────────┘
«q1_3: ┤ Rz(y[15]) ├─────────────
«      └───────────┘             
«q1_4: ──────────────────────────
«                                
«c1: 5/══════════════════════════
«                                
transpiled variational state:
          ┌───────────────────────┐ ┌────┐     ┌─────────────┐          »
q1_0 -> 0 ┤ Rz(0.418149665999278) ├─┤ √X ├─────┤ Rz(0.77567) ├───────■──»
          ├───────────────────────┤ ├────┤┌────┴─────────────┴────┐┌─┴─┐»
q1_1 -> 1 ┤ Rz(0.326604180797055) ├─┤ √X ├┤ Rz(0.833815799825830) ├┤ X ├»
          ├───────────────────────┴┐├────┤├───────────────────────┤└───┘»
q1_2 -> 2 ┤ Rz(0.0767350856672184) ├┤ √X ├┤ Rz(0.672847858473375) ├──■──»
          ├───────────────────────┬┘├────┤├───────────────────────┤┌─┴─┐»
q1_3 -> 3 ┤ Rz(0.536669818771344) ├─┤ √X ├┤ Rz(0.479954449085268) ├┤ X ├»
          └──────────┬─┬──────────┘ └────┘└───────────────────────┘└───┘»
q1_4 -> 4 ───────────┤M├────────────────────────────────────────────────»
                     └╥┘                                                »
    c1: 5/════════════╩═════════════════════════════════════════════════»
                      4                                                 »
«                    ┌────┐                                  ┌─┐            
«q1_0 -> 0 ──────────┤ √X ├──────────────────────────────────┤M├────────────
«                    └────┘         ┌───────────────────────┐└╥┘┌────┐┌─┐   
«q1_1 -> 1 ────────────■────────────┤ Rz(0.307920547968430) ├─╫─┤ √X ├┤M├───
«                    ┌─┴─┐          ├───────────────────────┤ ║ ├────┤└╥┘┌─┐
«q1_2 -> 2 ──────────┤ X ├──────────┤ Rz(0.664671630702822) ├─╫─┤ √X ├─╫─┤M├
«          ┌─────────┴───┴─────────┐└─────────┬────┬────────┘ ║ └┬─┬─┘ ║ └╥┘
«q1_3 -> 3 ┤ Rz(0.580781082390910) ├──────────┤ √X ├──────────╫──┤M├───╫──╫─
«          └───────────────────────┘          └────┘          ║  └╥┘   ║  ║ 
«q1_4 -> 4 ───────────────────────────────────────────────────╫───╫────╫──╫─
«                                                             ║   ║    ║  ║ 
«    c1: 5/═══════════════════════════════════════════════════╩═══╩════╩══╩═
«                                                             0   3    1  2 
ansatz-state is written to ansatz.txt
map IIIII ['I', 'I', 'I', 'I', 'I'] [1, 2, 0, 3, 4]
map IIIZI ['I', 'I', 'Z', 'I', 'I'] [1, 2, 0, 3, 4]
map IIIIZ ['I', 'I', 'I', 'Z', 'I'] [1, 2, 0, 3, 4]
map IIIZZ ['I', 'I', 'Z', 'Z', 'I'] [1, 2, 0, 3, 4]
Interaction
{'pauliops': [PauliOp(Pauli('IIZII'), coeff=0.25), PauliOp(Pauli('IIIZI'), coeff=-0.25), PauliOp(Pauli('IIZZI'), coeff=-0.25)], 'coeff': [0.25, -0.25, -0.25], 'const': 0.25}
map IIIII ['I', 'I', 'I', 'I', 'I'] [1, 2, 0, 3, 4]
map IIIZI ['I', 'I', 'Z', 'I', 'I'] [1, 2, 0, 3, 4]
map IIIIZ ['I', 'I', 'I', 'Z', 'I'] [1, 2, 0, 3, 4]
map IIIZZ ['I', 'I', 'Z', 'Z', 'I'] [1, 2, 0, 3, 4]
building constraints...
map IIIII ['I', 'I', 'I', 'I', 'I'] [1, 2, 0, 3, 4]
map IIIIZ ['I', 'I', 'I', 'Z', 'I'] [1, 2, 0, 3, 4]
map IIIII ['I', 'I', 'I', 'I', 'I'] [1, 2, 0, 3, 4]
map IIIIZ ['I', 'I', 'I', 'Z', 'I'] [1, 2, 0, 3, 4]
map IIIIX ['I', 'I', 'I', 'X', 'I'] [1, 2, 0, 3, 4]
map IIIZX ['I', 'I', 'Z', 'X', 'I'] [1, 2, 0, 3, 4]
map IIIIX ['I', 'I', 'I', 'X', 'I'] [1, 2, 0, 3, 4]
map IIIZX ['I', 'I', 'Z', 'X', 'I'] [1, 2, 0, 3, 4]
map IIIIY ['I', 'I', 'I', 'Y', 'I'] [1, 2, 0, 3, 4]
map IIIZY ['I', 'I', 'Z', 'Y', 'I'] [1, 2, 0, 3, 4]
map IIIIY ['I', 'I', 'I', 'Y', 'I'] [1, 2, 0, 3, 4]
map IIIZY ['I', 'I', 'Z', 'Y', 'I'] [1, 2, 0, 3, 4]
map IIYYX ['I', 'I', 'Y', 'X', 'Y'] [1, 2, 0, 3, 4]
map IIXYY ['I', 'I', 'Y', 'Y', 'X'] [1, 2, 0, 3, 4]
map IIYYX ['I', 'I', 'Y', 'X', 'Y'] [1, 2, 0, 3, 4]
map IIXYY ['I', 'I', 'Y', 'Y', 'X'] [1, 2, 0, 3, 4]
map IIXYX ['I', 'I', 'Y', 'X', 'X'] [1, 2, 0, 3, 4]
map IIYYY ['I', 'I', 'Y', 'Y', 'Y'] [1, 2, 0, 3, 4]
map IIXYX ['I', 'I', 'Y', 'X', 'X'] [1, 2, 0, 3, 4]
map IIYYY ['I', 'I', 'Y', 'Y', 'Y'] [1, 2, 0, 3, 4]
map IZIXX ['I', 'Z', 'X', 'X', 'I'] [1, 2, 0, 3, 4]
map IIZYY ['I', 'I', 'Y', 'Y', 'Z'] [1, 2, 0, 3, 4]
map IZIXX ['I', 'Z', 'X', 'X', 'I'] [1, 2, 0, 3, 4]
map IIZYY ['I', 'I', 'Y', 'Y', 'Z'] [1, 2, 0, 3, 4]
map IIZYX ['I', 'I', 'Y', 'X', 'Z'] [1, 2, 0, 3, 4]
map IZIXY ['I', 'Z', 'X', 'Y', 'I'] [1, 2, 0, 3, 4]
map IIZYX ['I', 'I', 'Y', 'X', 'Z'] [1, 2, 0, 3, 4]
map IZIXY ['I', 'Z', 'X', 'Y', 'I'] [1, 2, 0, 3, 4]
map IIIII ['I', 'I', 'I', 'I', 'I'] [1, 2, 0, 3, 4]
map IIIZZ ['I', 'I', 'Z', 'Z', 'I'] [1, 2, 0, 3, 4]
map IIIII ['I', 'I', 'I', 'I', 'I'] [1, 2, 0, 3, 4]
map IIIZZ ['I', 'I', 'Z', 'Z', 'I'] [1, 2, 0, 3, 4]
map IIXXI ['I', 'I', 'X', 'I', 'X'] [1, 2, 0, 3, 4]
map IIYYZ ['I', 'I', 'Y', 'Z', 'Y'] [1, 2, 0, 3, 4]
map IIXXI ['I', 'I', 'X', 'I', 'X'] [1, 2, 0, 3, 4]
map IIYYZ ['I', 'I', 'Y', 'Z', 'Y'] [1, 2, 0, 3, 4]
map IIYXI ['I', 'I', 'X', 'I', 'Y'] [1, 2, 0, 3, 4]
map IIXYZ ['I', 'I', 'Y', 'Z', 'X'] [1, 2, 0, 3, 4]
map IIYXI ['I', 'I', 'X', 'I', 'Y'] [1, 2, 0, 3, 4]
map IIXYZ ['I', 'I', 'Y', 'Z', 'X'] [1, 2, 0, 3, 4]
map IIZXI ['I', 'I', 'X', 'I', 'Z'] [1, 2, 0, 3, 4]
map IZIXZ ['I', 'Z', 'X', 'Z', 'I'] [1, 2, 0, 3, 4]
map IIZXI ['I', 'I', 'X', 'I', 'Z'] [1, 2, 0, 3, 4]
map IZIXZ ['I', 'Z', 'X', 'Z', 'I'] [1, 2, 0, 3, 4]
map IZIYI ['I', 'Z', 'Y', 'I', 'I'] [1, 2, 0, 3, 4]
map IIZYZ ['I', 'I', 'Y', 'Z', 'Z'] [1, 2, 0, 3, 4]
map IZIYI ['I', 'Z', 'Y', 'I', 'I'] [1, 2, 0, 3, 4]
map IIZYZ ['I', 'I', 'Y', 'Z', 'Z'] [1, 2, 0, 3, 4]
map IIIII ['I', 'I', 'I', 'I', 'I'] [1, 2, 0, 3, 4]
map IIZII ['I', 'I', 'I', 'I', 'Z'] [1, 2, 0, 3, 4]
map IIIII ['I', 'I', 'I', 'I', 'I'] [1, 2, 0, 3, 4]
map IIZII ['I', 'I', 'I', 'I', 'Z'] [1, 2, 0, 3, 4]
map IIXII ['I', 'I', 'I', 'I', 'X'] [1, 2, 0, 3, 4]
map IZXZI ['I', 'Z', 'Z', 'I', 'X'] [1, 2, 0, 3, 4]
map IIXII ['I', 'I', 'I', 'I', 'X'] [1, 2, 0, 3, 4]
map IZXZI ['I', 'Z', 'Z', 'I', 'X'] [1, 2, 0, 3, 4]
map IIYII ['I', 'I', 'I', 'I', 'Y'] [1, 2, 0, 3, 4]
map IZYZI ['I', 'Z', 'Z', 'I', 'Y'] [1, 2, 0, 3, 4]
map IIYII ['I', 'I', 'I', 'I', 'Y'] [1, 2, 0, 3, 4]
map IZYZI ['I', 'Z', 'Z', 'I', 'Y'] [1, 2, 0, 3, 4]
map IIIII ['I', 'I', 'I', 'I', 'I'] [1, 2, 0, 3, 4]
map IZZZI ['I', 'Z', 'Z', 'I', 'Z'] [1, 2, 0, 3, 4]
map IIIII ['I', 'I', 'I', 'I', 'I'] [1, 2, 0, 3, 4]
map IZZZI ['I', 'Z', 'Z', 'I', 'Z'] [1, 2, 0, 3, 4]
number of constraints= 16
unique pauliops 28
graphclique-cliquecover: 28 with commutationmode qubitwise_bitstring
strategy largest_first 15
strategy random_sequential 15
strategy smallest_last 15
strategy independent_set 15
strategy connected_sequential_bfs 15
strategy connected_sequential_dfs 15
strategy saturation_largest_first 15
number of cliques 15
clique 0 ['IIIYI', 'IIYYX', 'IZYII', 'IIIIX']
clique 1 ['IIIXI', 'IIYXY', 'IIIIY']
clique 2 ['IIYXX']
clique 3 ['IIYYY']
clique 4 ['IIYYZ', 'IIIIZ']
clique 5 ['IIYXZ']
clique 6 ['IIIZI', 'IIYZY']
clique 7 ['IIYZX']
clique 8 ['IIYZZ']
clique 9 ['IIZXI', 'IZZIX']
clique 10 ['IIZYI', 'IZZIY']
clique 11 ['IZXXI', 'IIXIX']
clique 12 ['IZXYI', 'IIXIY']
clique 13 ['IIZZI', 'IZZIZ']
clique 14 ['IZXZI', 'IIXIZ']
constructing measurement programs for 1rdm with commutativity mode qubitwise_bitstring
clique= ['IIIYI', 'IIYYX', 'IZYII', 'IIIIX']
constructed measurement circuit has constructed complexity 3 transpiled_complexity= 4  (complexity= depth )
measure ['IIIYI', 'IIYYX', 'IZYII', 'IIIIX'] at [0, 1, 2, 3]
constructed measurement program
        ┌───┐      ┌─┐      
q23_0: ─┤ H ├──────┤M├──────
       ┌┴───┴┐┌───┐└╥┘┌─┐   
q23_1: ┤ Sdg ├┤ H ├─╫─┤M├───
       ├─────┤├───┤ ║ └╥┘┌─┐
q23_2: ┤ Sdg ├┤ H ├─╫──╫─┤M├
       └─┬─┬─┘└───┘ ║  ║ └╥┘
q23_3: ──┤M├────────╫──╫──╫─
         └╥┘        ║  ║  ║ 
q23_4: ───╫─────────╫──╫──╫─
          ║         ║  ║  ║ 
 c3: 5/═══╩═════════╩══╩══╩═
          3         0  1  2 
transpiled measurement program
global phase: π/4
           ┌─────────┐   ┌────┐  ┌─────────┐   ┌─┐
q23_0 -> 0 ┤ Rz(π/2) ├───┤ √X ├──┤ Rz(π/2) ├───┤M├
           └──┬────┬─┘┌──┴────┴─┐└───┬─┬───┘   └╥┘
q23_1 -> 1 ───┤ √X ├──┤ Rz(π/2) ├────┤M├────────╫─
              ├────┤  ├─────────┤    └╥┘    ┌─┐ ║ 
q23_2 -> 2 ───┤ √X ├──┤ Rz(π/2) ├─────╫─────┤M├─╫─
              └┬─┬─┘  └─────────┘     ║     └╥┘ ║ 
q23_3 -> 3 ────┤M├────────────────────╫──────╫──╫─
               └╥┘                    ║      ║  ║ 
q23_4 -> 4 ─────╫─────────────────────╫──────╫──╫─
                ║                     ║      ║  ║ 
     c3: 5/═════╩═════════════════════╩══════╩══╩═
                3                     1      2  0 
clique= ['IIIXI', 'IIYXY', 'IIIIY']
constructed measurement circuit has constructed complexity 3 transpiled_complexity= 4  (complexity= depth )
measure ['IIIXI', 'IIYXY', 'IIIIY'] at [0, 1, 2, 3]
constructed measurement program
       ┌─────┐┌───┐   ┌─┐   
q39_0: ┤ Sdg ├┤ H ├───┤M├───
       └┬───┬┘└───┘┌─┐└╥┘   
q39_1: ─┤ H ├──────┤M├─╫────
       ┌┴───┴┐┌───┐└╥┘ ║ ┌─┐
q39_2: ┤ Sdg ├┤ H ├─╫──╫─┤M├
       └─┬─┬─┘└───┘ ║  ║ └╥┘
q39_3: ──┤M├────────╫──╫──╫─
         └╥┘        ║  ║  ║ 
q39_4: ───╫─────────╫──╫──╫─
          ║         ║  ║  ║ 
 c5: 5/═══╩═════════╩══╩══╩═
          3         1  0  2 
transpiled measurement program
global phase: π/4
              ┌────┐  ┌─────────┐           ┌─┐   
q39_0 -> 0 ───┤ √X ├──┤ Rz(π/2) ├───────────┤M├───
           ┌──┴────┴─┐└──┬────┬─┘┌─────────┐└╥┘┌─┐
q39_1 -> 1 ┤ Rz(π/2) ├───┤ √X ├──┤ Rz(π/2) ├─╫─┤M├
           └──┬────┬─┘┌──┴────┴─┐└───┬─┬───┘ ║ └╥┘
q39_2 -> 2 ───┤ √X ├──┤ Rz(π/2) ├────┤M├─────╫──╫─
              └┬─┬─┘  └─────────┘    └╥┘     ║  ║ 
q39_3 -> 3 ────┤M├────────────────────╫──────╫──╫─
               └╥┘                    ║      ║  ║ 
q39_4 -> 4 ─────╫─────────────────────╫──────╫──╫─
                ║                     ║      ║  ║ 
     c5: 5/═════╩═════════════════════╩══════╩══╩═
                3                     2      0  1 
clique= ['IIYXX']
constructed measurement circuit has constructed complexity 3 transpiled_complexity= 4  (complexity= depth )
measure ['IIYXX'] at [0, 1, 2, 3]
constructed measurement program
        ┌───┐      ┌─┐      
q55_0: ─┤ H ├──────┤M├──────
        ├───┤      └╥┘┌─┐   
q55_1: ─┤ H ├───────╫─┤M├───
       ┌┴───┴┐┌───┐ ║ └╥┘┌─┐
q55_2: ┤ Sdg ├┤ H ├─╫──╫─┤M├
       └─┬─┬─┘└───┘ ║  ║ └╥┘
q55_3: ──┤M├────────╫──╫──╫─
         └╥┘        ║  ║  ║ 
q55_4: ───╫─────────╫──╫──╫─
          ║         ║  ║  ║ 
 c7: 5/═══╩═════════╩══╩══╩═
          3         0  1  2 
transpiled measurement program
global phase: π/2
           ┌─────────┐   ┌────┐  ┌─────────┐┌─┐   
q55_0 -> 0 ┤ Rz(π/2) ├───┤ √X ├──┤ Rz(π/2) ├┤M├───
           ├─────────┤   ├────┤  ├─────────┤└╥┘┌─┐
q55_1 -> 1 ┤ Rz(π/2) ├───┤ √X ├──┤ Rz(π/2) ├─╫─┤M├
           └──┬────┬─┘┌──┴────┴─┐└───┬─┬───┘ ║ └╥┘
q55_2 -> 2 ───┤ √X ├──┤ Rz(π/2) ├────┤M├─────╫──╫─
              └┬─┬─┘  └─────────┘    └╥┘     ║  ║ 
q55_3 -> 3 ────┤M├────────────────────╫──────╫──╫─
               └╥┘                    ║      ║  ║ 
q55_4 -> 4 ─────╫─────────────────────╫──────╫──╫─
                ║                     ║      ║  ║ 
     c7: 5/═════╩═════════════════════╩══════╩══╩═
                3                     2      0  1 
clique= ['IIYYY']
constructed measurement circuit has constructed complexity 3 transpiled_complexity= 3  (complexity= depth )
measure ['IIYYY'] at [0, 1, 2, 3]
constructed measurement program
       ┌─────┐┌───┐┌─┐      
q71_0: ┤ Sdg ├┤ H ├┤M├──────
       ├─────┤├───┤└╥┘┌─┐   
q71_1: ┤ Sdg ├┤ H ├─╫─┤M├───
       ├─────┤├───┤ ║ └╥┘┌─┐
q71_2: ┤ Sdg ├┤ H ├─╫──╫─┤M├
       └─┬─┬─┘└───┘ ║  ║ └╥┘
q71_3: ──┤M├────────╫──╫──╫─
         └╥┘        ║  ║  ║ 
q71_4: ───╫─────────╫──╫──╫─
          ║         ║  ║  ║ 
 c9: 5/═══╩═════════╩══╩══╩═
          3         0  1  2 
transpiled measurement program
           ┌────┐┌─────────┐┌─┐      
q71_0 -> 0 ┤ √X ├┤ Rz(π/2) ├┤M├──────
           ├────┤├─────────┤└╥┘┌─┐   
q71_1 -> 1 ┤ √X ├┤ Rz(π/2) ├─╫─┤M├───
           ├────┤├─────────┤ ║ └╥┘┌─┐
q71_2 -> 2 ┤ √X ├┤ Rz(π/2) ├─╫──╫─┤M├
           └┬─┬─┘└─────────┘ ║  ║ └╥┘
q71_3 -> 3 ─┤M├──────────────╫──╫──╫─
            └╥┘              ║  ║  ║ 
q71_4 -> 4 ──╫───────────────╫──╫──╫─
             ║               ║  ║  ║ 
     c9: 5/══╩═══════════════╩══╩══╩═
             3               0  1  2 
clique= ['IIYYZ', 'IIIIZ']
constructed measurement circuit has constructed complexity 3 transpiled_complexity= 3  (complexity= depth )
measure ['IIYYZ', 'IIIIZ'] at [0, 1, 2, 3]
constructed measurement program
              ┌─┐           
q87_0: ───────┤M├───────────
       ┌─────┐└╥┘┌───┐┌─┐   
q87_1: ┤ Sdg ├─╫─┤ H ├┤M├───
       ├─────┤ ║ ├───┤└╥┘┌─┐
q87_2: ┤ Sdg ├─╫─┤ H ├─╫─┤M├
       └─┬─┬─┘ ║ └───┘ ║ └╥┘
q87_3: ──┤M├───╫───────╫──╫─
         └╥┘   ║       ║  ║ 
q87_4: ───╫────╫───────╫──╫─
          ║    ║       ║  ║ 
c11: 5/═══╩════╩═══════╩══╩═
          3    0       1  2 
transpiled measurement program
                 ┌─┐                 
q87_0 -> 0 ──────┤M├─────────────────
           ┌────┐└╥┘┌─────────┐┌─┐   
q87_1 -> 1 ┤ √X ├─╫─┤ Rz(π/2) ├┤M├───
           ├────┤ ║ ├─────────┤└╥┘┌─┐
q87_2 -> 2 ┤ √X ├─╫─┤ Rz(π/2) ├─╫─┤M├
           └┬─┬─┘ ║ └─────────┘ ║ └╥┘
q87_3 -> 3 ─┤M├───╫─────────────╫──╫─
            └╥┘   ║             ║  ║ 
q87_4 -> 4 ──╫────╫─────────────╫──╫─
             ║    ║             ║  ║ 
    c11: 5/══╩════╩═════════════╩══╩═
             3    0             1  2 
clique= ['IIYXZ']
constructed measurement circuit has constructed complexity 3 transpiled_complexity= 4  (complexity= depth )
measure ['IIYXZ'] at [0, 1, 2, 3]
constructed measurement program
               ┌─┐           
q103_0: ───────┤M├───────────
         ┌───┐ └╥┘     ┌─┐   
q103_1: ─┤ H ├──╫──────┤M├───
        ┌┴───┴┐ ║ ┌───┐└╥┘┌─┐
q103_2: ┤ Sdg ├─╫─┤ H ├─╫─┤M├
        └─┬─┬─┘ ║ └───┘ ║ └╥┘
q103_3: ──┤M├───╫───────╫──╫─
          └╥┘   ║       ║  ║ 
q103_4: ───╫────╫───────╫──╫─
           ║    ║       ║  ║ 
 c13: 5/═══╩════╩═══════╩══╩═
           3    0       1  2 
transpiled measurement program
global phase: π/4
                       ┌─┐                         
q103_0 -> 0 ───────────┤M├─────────────────────────
            ┌─────────┐└╥┘   ┌────┐  ┌─────────┐┌─┐
q103_1 -> 1 ┤ Rz(π/2) ├─╫────┤ √X ├──┤ Rz(π/2) ├┤M├
            └──┬────┬─┘ ║ ┌──┴────┴─┐└───┬─┬───┘└╥┘
q103_2 -> 2 ───┤ √X ├───╫─┤ Rz(π/2) ├────┤M├─────╫─
               └┬─┬─┘   ║ └─────────┘    └╥┘     ║ 
q103_3 -> 3 ────┤M├─────╫─────────────────╫──────╫─
                └╥┘     ║                 ║      ║ 
q103_4 -> 4 ─────╫──────╫─────────────────╫──────╫─
                 ║      ║                 ║      ║ 
     c13: 5/═════╩══════╩═════════════════╩══════╩═
                 3      0                 2      1 
clique= ['IIIZI', 'IIYZY']
constructed measurement circuit has constructed complexity 3 transpiled_complexity= 3  (complexity= depth )
measure ['IIIZI', 'IIYZY'] at [0, 1, 2, 3]
constructed measurement program
        ┌─────┐┌───┐     ┌─┐   
q119_0: ┤ Sdg ├┤ H ├─────┤M├───
        └─────┘└┬─┬┘     └╥┘   
q119_1: ────────┤M├───────╫────
        ┌─────┐ └╥┘ ┌───┐ ║ ┌─┐
q119_2: ┤ Sdg ├──╫──┤ H ├─╫─┤M├
        └─┬─┬─┘  ║  └───┘ ║ └╥┘
q119_3: ──┤M├────╫────────╫──╫─
          └╥┘    ║        ║  ║ 
q119_4: ───╫─────╫────────╫──╫─
           ║     ║        ║  ║ 
 c15: 5/═══╩═════╩════════╩══╩═
           3     1        0  2 
transpiled measurement program
            ┌────┐┌─────────┐           ┌─┐   
q119_0 -> 0 ┤ √X ├┤ Rz(π/2) ├───────────┤M├───
            └────┘└───┬─┬───┘           └╥┘   
q119_1 -> 1 ──────────┤M├────────────────╫────
            ┌────┐    └╥┘    ┌─────────┐ ║ ┌─┐
q119_2 -> 2 ┤ √X ├─────╫─────┤ Rz(π/2) ├─╫─┤M├
            └┬─┬─┘     ║     └─────────┘ ║ └╥┘
q119_3 -> 3 ─┤M├───────╫─────────────────╫──╫─
             └╥┘       ║                 ║  ║ 
q119_4 -> 4 ──╫────────╫─────────────────╫──╫─
              ║        ║                 ║  ║ 
     c15: 5/══╩════════╩═════════════════╩══╩═
              3        1                 0  2 
clique= ['IIYZX']
constructed measurement circuit has constructed complexity 3 transpiled_complexity= 4  (complexity= depth )
measure ['IIYZX'] at [0, 1, 2, 3]
constructed measurement program
         ┌───┐         ┌─┐   
q135_0: ─┤ H ├─────────┤M├───
         └───┘ ┌─┐     └╥┘   
q135_1: ───────┤M├──────╫────
        ┌─────┐└╥┘┌───┐ ║ ┌─┐
q135_2: ┤ Sdg ├─╫─┤ H ├─╫─┤M├
        └─┬─┬─┘ ║ └───┘ ║ └╥┘
q135_3: ──┤M├───╫───────╫──╫─
          └╥┘   ║       ║  ║ 
q135_4: ───╫────╫───────╫──╫─
           ║    ║       ║  ║ 
 c17: 5/═══╩════╩═══════╩══╩═
           3    1       0  2 
transpiled measurement program
global phase: π/4
            ┌─────────┐┌────┐┌─────────┐   ┌─┐
q135_0 -> 0 ┤ Rz(π/2) ├┤ √X ├┤ Rz(π/2) ├───┤M├
            └─────────┘└┬─┬─┘└─────────┘   └╥┘
q135_1 -> 1 ────────────┤M├─────────────────╫─
               ┌────┐   └╥┘  ┌─────────┐┌─┐ ║ 
q135_2 -> 2 ───┤ √X ├────╫───┤ Rz(π/2) ├┤M├─╫─
               └┬─┬─┘    ║   └─────────┘└╥┘ ║ 
q135_3 -> 3 ────┤M├──────╫───────────────╫──╫─
                └╥┘      ║               ║  ║ 
q135_4 -> 4 ─────╫───────╫───────────────╫──╫─
                 ║       ║               ║  ║ 
     c17: 5/═════╩═══════╩═══════════════╩══╩═
                 3       1               2  0 
clique= ['IIYZZ']
constructed measurement circuit has constructed complexity 3 transpiled_complexity= 3  (complexity= depth )
measure ['IIYZZ'] at [0, 1, 2, 3]
constructed measurement program
               ┌─┐           
q151_0: ───────┤M├───────────
               └╥┘┌─┐        
q151_1: ────────╫─┤M├────────
        ┌─────┐ ║ └╥┘┌───┐┌─┐
q151_2: ┤ Sdg ├─╫──╫─┤ H ├┤M├
        └─┬─┬─┘ ║  ║ └───┘└╥┘
q151_3: ──┤M├───╫──╫───────╫─
          └╥┘   ║  ║       ║ 
q151_4: ───╫────╫──╫───────╫─
           ║    ║  ║       ║ 
 c19: 5/═══╩════╩══╩═══════╩═
           3    0  1       2 
transpiled measurement program
                  ┌─┐                 
q151_0 -> 0 ──────┤M├─────────────────
                  └╥┘┌─┐              
q151_1 -> 1 ───────╫─┤M├──────────────
            ┌────┐ ║ └╥┘┌─────────┐┌─┐
q151_2 -> 2 ┤ √X ├─╫──╫─┤ Rz(π/2) ├┤M├
            └┬─┬─┘ ║  ║ └─────────┘└╥┘
q151_3 -> 3 ─┤M├───╫──╫─────────────╫─
             └╥┘   ║  ║             ║ 
q151_4 -> 4 ──╫────╫──╫─────────────╫─
              ║    ║  ║             ║ 
     c19: 5/══╩════╩══╩═════════════╩═
              3    0  1             2 
clique= ['IIZXI', 'IZZIX']
constructed measurement circuit has constructed complexity 2 transpiled_complexity= 4  (complexity= depth )
measure ['IIZXI', 'IZZIX'] at [0, 1, 2, 3]
constructed measurement program
        ┌───┐   ┌─┐   
q167_0: ┤ H ├───┤M├───
        ├───┤   └╥┘┌─┐
q167_1: ┤ H ├────╫─┤M├
        └┬─┬┘    ║ └╥┘
q167_2: ─┤M├─────╫──╫─
         └╥┘ ┌─┐ ║  ║ 
q167_3: ──╫──┤M├─╫──╫─
          ║  └╥┘ ║  ║ 
q167_4: ──╫───╫──╫──╫─
          ║   ║  ║  ║ 
 c21: 5/══╩═══╩══╩══╩═
          2   3  0  1 
transpiled measurement program
global phase: π/2
            ┌─────────┐┌────┐┌─────────┐┌─┐   
q167_0 -> 0 ┤ Rz(π/2) ├┤ √X ├┤ Rz(π/2) ├┤M├───
            ├─────────┤├────┤├─────────┤└╥┘┌─┐
q167_1 -> 1 ┤ Rz(π/2) ├┤ √X ├┤ Rz(π/2) ├─╫─┤M├
            └───┬─┬───┘└────┘└─────────┘ ║ └╥┘
q167_2 -> 2 ────┤M├──────────────────────╫──╫─
                └╥┘     ┌─┐              ║  ║ 
q167_3 -> 3 ─────╫──────┤M├──────────────╫──╫─
                 ║      └╥┘              ║  ║ 
q167_4 -> 4 ─────╫───────╫───────────────╫──╫─
                 ║       ║               ║  ║ 
     c21: 5/═════╩═══════╩═══════════════╩══╩═
                 2       3               0  1 
clique= ['IIZYI', 'IZZIY']
constructed measurement circuit has constructed complexity 3 transpiled_complexity= 3  (complexity= depth )
measure ['IIZYI', 'IZZIY'] at [0, 1, 2, 3]
constructed measurement program
        ┌─────┐┌───┐┌─┐   
q179_0: ┤ Sdg ├┤ H ├┤M├───
        ├─────┤├───┤└╥┘┌─┐
q179_1: ┤ Sdg ├┤ H ├─╫─┤M├
        └─┬─┬─┘└───┘ ║ └╥┘
q179_2: ──┤M├────────╫──╫─
          └╥┘   ┌─┐  ║  ║ 
q179_3: ───╫────┤M├──╫──╫─
           ║    └╥┘  ║  ║ 
q179_4: ───╫─────╫───╫──╫─
           ║     ║   ║  ║ 
 c23: 5/═══╩═════╩═══╩══╩═
           2     3   0  1 
transpiled measurement program
            ┌────┐┌─────────┐┌─┐   
q179_0 -> 0 ┤ √X ├┤ Rz(π/2) ├┤M├───
            ├────┤├─────────┤└╥┘┌─┐
q179_1 -> 1 ┤ √X ├┤ Rz(π/2) ├─╫─┤M├
            └┬─┬─┘└─────────┘ ║ └╥┘
q179_2 -> 2 ─┤M├──────────────╫──╫─
             └╥┘      ┌─┐     ║  ║ 
q179_3 -> 3 ──╫───────┤M├─────╫──╫─
              ║       └╥┘     ║  ║ 
q179_4 -> 4 ──╫────────╫──────╫──╫─
              ║        ║      ║  ║ 
     c23: 5/══╩════════╩══════╩══╩═
              2        3      0  1 
clique= ['IZXXI', 'IIXIX']
constructed measurement circuit has constructed complexity 2 transpiled_complexity= 4  (complexity= depth )
measure ['IZXXI', 'IIXIX'] at [0, 1, 2, 3]
constructed measurement program
        ┌───┐┌─┐      
q195_0: ┤ H ├┤M├──────
        ├───┤└╥┘┌─┐   
q195_1: ┤ H ├─╫─┤M├───
        ├───┤ ║ └╥┘┌─┐
q195_2: ┤ H ├─╫──╫─┤M├
        └┬─┬┘ ║  ║ └╥┘
q195_3: ─┤M├──╫──╫──╫─
         └╥┘  ║  ║  ║ 
q195_4: ──╫───╫──╫──╫─
          ║   ║  ║  ║ 
 c25: 5/══╩═══╩══╩══╩═
          3   0  1  2 
transpiled measurement program
global phase: 3π/4
            ┌─────────┐┌────┐┌─────────┐┌─┐      
q195_0 -> 0 ┤ Rz(π/2) ├┤ √X ├┤ Rz(π/2) ├┤M├──────
            ├─────────┤├────┤├─────────┤└╥┘┌─┐   
q195_1 -> 1 ┤ Rz(π/2) ├┤ √X ├┤ Rz(π/2) ├─╫─┤M├───
            ├─────────┤├────┤├─────────┤ ║ └╥┘┌─┐
q195_2 -> 2 ┤ Rz(π/2) ├┤ √X ├┤ Rz(π/2) ├─╫──╫─┤M├
            └───┬─┬───┘└────┘└─────────┘ ║  ║ └╥┘
q195_3 -> 3 ────┤M├──────────────────────╫──╫──╫─
                └╥┘                      ║  ║  ║ 
q195_4 -> 4 ─────╫───────────────────────╫──╫──╫─
                 ║                       ║  ║  ║ 
     c25: 5/═════╩═══════════════════════╩══╩══╩═
                 3                       0  1  2 
clique= ['IZXYI', 'IIXIY']
constructed measurement circuit has constructed complexity 3 transpiled_complexity= 4  (complexity= depth )
measure ['IZXYI', 'IIXIY'] at [0, 1, 2, 3]
constructed measurement program
        ┌─────┐┌───┐┌─┐   
q207_0: ┤ Sdg ├┤ H ├┤M├───
        ├─────┤├───┤└╥┘┌─┐
q207_1: ┤ Sdg ├┤ H ├─╫─┤M├
        └┬───┬┘└┬─┬┘ ║ └╥┘
q207_2: ─┤ H ├──┤M├──╫──╫─
         └┬─┬┘  └╥┘  ║  ║ 
q207_3: ──┤M├────╫───╫──╫─
          └╥┘    ║   ║  ║ 
q207_4: ───╫─────╫───╫──╫─
           ║     ║   ║  ║ 
 c27: 5/═══╩═════╩═══╩══╩═
           3     2   0  1 
transpiled measurement program
global phase: π/4
               ┌────┐  ┌─────────┐           ┌─┐      
q207_0 -> 0 ───┤ √X ├──┤ Rz(π/2) ├───────────┤M├──────
               ├────┤  ├─────────┤           └╥┘┌─┐   
q207_1 -> 1 ───┤ √X ├──┤ Rz(π/2) ├────────────╫─┤M├───
            ┌──┴────┴─┐└──┬────┬─┘┌─────────┐ ║ └╥┘┌─┐
q207_2 -> 2 ┤ Rz(π/2) ├───┤ √X ├──┤ Rz(π/2) ├─╫──╫─┤M├
            └───┬─┬───┘   └────┘  └─────────┘ ║  ║ └╥┘
q207_3 -> 3 ────┤M├───────────────────────────╫──╫──╫─
                └╥┘                           ║  ║  ║ 
q207_4 -> 4 ─────╫────────────────────────────╫──╫──╫─
                 ║                            ║  ║  ║ 
     c27: 5/═════╩════════════════════════════╩══╩══╩═
                 3                            0  1  2 
clique= ['IIZZI', 'IZZIZ']
constructed measurement circuit has constructed complexity 1 transpiled_complexity= 1  (complexity= depth )
measure ['IIZZI', 'IZZIZ'] at [0, 1, 2, 3]
constructed measurement program
        ┌─┐         
q223_0: ┤M├─────────
        └╥┘┌─┐      
q223_1: ─╫─┤M├──────
         ║ └╥┘┌─┐   
q223_2: ─╫──╫─┤M├───
         ║  ║ └╥┘┌─┐
q223_3: ─╫──╫──╫─┤M├
         ║  ║  ║ └╥┘
q223_4: ─╫──╫──╫──╫─
         ║  ║  ║  ║ 
 c29: 5/═╩══╩══╩══╩═
         0  1  2  3 
transpiled measurement program
            ┌─┐         
q223_0 -> 0 ┤M├─────────
            └╥┘┌─┐      
q223_1 -> 1 ─╫─┤M├──────
             ║ └╥┘┌─┐   
q223_2 -> 2 ─╫──╫─┤M├───
             ║  ║ └╥┘┌─┐
q223_3 -> 3 ─╫──╫──╫─┤M├
             ║  ║  ║ └╥┘
q223_4 -> 4 ─╫──╫──╫──╫─
             ║  ║  ║  ║ 
     c29: 5/═╩══╩══╩══╩═
             0  1  2  3 
clique= ['IZXZI', 'IIXIZ']
constructed measurement circuit has constructed complexity 2 transpiled_complexity= 4  (complexity= depth )
measure ['IZXZI', 'IIXIZ'] at [0, 1, 2, 3]
constructed measurement program
             ┌─┐      
q230_0: ─────┤M├──────
             └╥┘┌─┐   
q230_1: ──────╫─┤M├───
        ┌───┐ ║ └╥┘┌─┐
q230_2: ┤ H ├─╫──╫─┤M├
        └┬─┬┘ ║  ║ └╥┘
q230_3: ─┤M├──╫──╫──╫─
         └╥┘  ║  ║  ║ 
q230_4: ──╫───╫──╫──╫─
          ║   ║  ║  ║ 
 c31: 5/══╩═══╩══╩══╩═
          3   0  1  2 
transpiled measurement program
global phase: π/4
                       ┌─┐                       
q230_0 -> 0 ───────────┤M├───────────────────────
                       └╥┘┌─┐                    
q230_1 -> 1 ────────────╫─┤M├────────────────────
            ┌─────────┐ ║ └╥┘┌────┐┌─────────┐┌─┐
q230_2 -> 2 ┤ Rz(π/2) ├─╫──╫─┤ √X ├┤ Rz(π/2) ├┤M├
            └───┬─┬───┘ ║  ║ └────┘└─────────┘└╥┘
q230_3 -> 3 ────┤M├─────╫──╫───────────────────╫─
                └╥┘     ║  ║                   ║ 
q230_4 -> 4 ─────╫──────╫──╫───────────────────╫─
                 ║      ║  ║                   ║ 
     c31: 5/═════╩══════╩══╩═══════════════════╩═
                 3      0  1                   2 
graphclique-cliquecover: 3 with commutationmode qubitwise_bitstring
strategy largest_first 1
strategy random_sequential 1
strategy smallest_last 1
strategy independent_set 1
strategy connected_sequential_bfs 1
strategy connected_sequential_dfs 1
strategy saturation_largest_first 1
number of cliques 1
clique 0 ['IIZII', 'IIIZI', 'IIZZI']
constructing measurement programs for interaction with commutativity mode qubitwise_bitstring
clique= ['IIZII', 'IIIZI', 'IIZZI']
some measurements are dependent: rk= 2  m= 3
constructed measurement circuit has constructed complexity 1 transpiled_complexity= 1  (complexity= depth )
measure ['IIZII', 'IIIZI', 'IIZZI'] at [0, 1, 2]
constructed measurement program
        ┌─┐      
q242_0: ┤M├──────
        └╥┘┌─┐   
q242_1: ─╫─┤M├───
         ║ └╥┘┌─┐
q242_2: ─╫──╫─┤M├
         ║  ║ └╥┘
q242_3: ─╫──╫──╫─
         ║  ║  ║ 
q242_4: ─╫──╫──╫─
         ║  ║  ║ 
 c33: 5/═╩══╩══╩═
         0  1  2 
transpiled measurement program
            ┌─┐      
q242_0 -> 0 ┤M├──────
            └╥┘┌─┐   
q242_1 -> 1 ─╫─┤M├───
             ║ └╥┘┌─┐
q242_2 -> 2 ─╫──╫─┤M├
             ║  ║ └╥┘
q242_3 -> 3 ─╫──╫──╫─
             ║  ║  ║ 
q242_4 -> 4 ─╫──╫──╫─
             ║  ║  ║ 
     c33: 5/═╩══╩══╩═
             0  1  2 
Number of quantum programs: 15 for 1rdm and  1 for interaction
[{'mqc': <qiskit.circuit.quantumcircuit.QuantumCircuit object at 0x7f687beaf940>, 'mqubits': [0, 1, 2, 3], 'ops': ['IIIYI', 'IIYYX', 'IZYII', 'IIIIX'], 'signs': [1], 'mode': 'bitstring'}, {'mqc': <qiskit.circuit.quantumcircuit.QuantumCircuit object at 0x7f687beaf130>, 'mqubits': [0, 1, 2, 3], 'ops': ['IIIXI', 'IIYXY', 'IIIIY'], 'signs': [1], 'mode': 'bitstring'}, {'mqc': <qiskit.circuit.quantumcircuit.QuantumCircuit object at 0x7f6833d9f640>, 'mqubits': [0, 1, 2, 3], 'ops': ['IIYXX'], 'signs': [1], 'mode': 'bitstring'}, {'mqc': <qiskit.circuit.quantumcircuit.QuantumCircuit object at 0x7f687bea6a60>, 'mqubits': [0, 1, 2, 3], 'ops': ['IIYYY'], 'signs': [1], 'mode': 'bitstring'}, {'mqc': <qiskit.circuit.quantumcircuit.QuantumCircuit object at 0x7f687bea6ca0>, 'mqubits': [0, 1, 2, 3], 'ops': ['IIYYZ', 'IIIIZ'], 'signs': [1], 'mode': 'bitstring'}, {'mqc': <qiskit.circuit.quantumcircuit.QuantumCircuit object at 0x7f6833c44910>, 'mqubits': [0, 1, 2, 3], 'ops': ['IIYXZ'], 'signs': [1], 'mode': 'bitstring'}, {'mqc': <qiskit.circuit.quantumcircuit.QuantumCircuit object at 0x7f6833c44670>, 'mqubits': [0, 1, 2, 3], 'ops': ['IIIZI', 'IIYZY'], 'signs': [1], 'mode': 'bitstring'}, {'mqc': <qiskit.circuit.quantumcircuit.QuantumCircuit object at 0x7f687bea6070>, 'mqubits': [0, 1, 2, 3], 'ops': ['IIYZX'], 'signs': [1], 'mode': 'bitstring'}, {'mqc': <qiskit.circuit.quantumcircuit.QuantumCircuit object at 0x7f687beaf610>, 'mqubits': [0, 1, 2, 3], 'ops': ['IIYZZ'], 'signs': [1], 'mode': 'bitstring'}, {'mqc': <qiskit.circuit.quantumcircuit.QuantumCircuit object at 0x7f687beaf7c0>, 'mqubits': [0, 1, 2, 3], 'ops': ['IIZXI', 'IZZIX'], 'signs': [1], 'mode': 'bitstring'}, {'mqc': <qiskit.circuit.quantumcircuit.QuantumCircuit object at 0x7f6833be9910>, 'mqubits': [0, 1, 2, 3], 'ops': ['IIZYI', 'IZZIY'], 'signs': [1], 'mode': 'bitstring'}, {'mqc': <qiskit.circuit.quantumcircuit.QuantumCircuit object at 0x7f687beb2310>, 'mqubits': [0, 1, 2, 3], 'ops': ['IZXXI', 'IIXIX'], 'signs': [1], 'mode': 'bitstring'}, {'mqc': <qiskit.circuit.quantumcircuit.QuantumCircuit object at 0x7f687beb2a60>, 'mqubits': [0, 1, 2, 3], 'ops': ['IZXYI', 'IIXIY'], 'signs': [1], 'mode': 'bitstring'}, {'mqc': <qiskit.circuit.quantumcircuit.QuantumCircuit object at 0x7f687beb2f70>, 'mqubits': [0, 1, 2, 3], 'ops': ['IIZZI', 'IZZIZ'], 'signs': [1], 'mode': 'bitstring'}, {'mqc': <qiskit.circuit.quantumcircuit.QuantumCircuit object at 0x7f687bed44f0>, 'mqubits': [0, 1, 2, 3], 'ops': ['IZXZI', 'IIXIZ'], 'signs': [1], 'mode': 'bitstring'}, {'mqc': <qiskit.circuit.quantumcircuit.QuantumCircuit object at 0x7f687beafaf0>, 'mqubits': [0, 1, 2], 'ops': ['IIZII', 'IIIZI', 'IIZZI'], 'signs': [1], 'mode': 'bitstring'}]
constraint 0
constraint observable 1RDM
constraint i          0
constraint j          0
constraint type       real
constraint cval       0.5000000000002413
constraint op           NIIII * (0.5+0j)
+ NIIII * (0.5+0j)
constraint pauli     
{'pauliops': [PauliOp(Pauli('IIIZI'), coeff=-0.5)], 'coeff': [-0.5], 'const': 0.5}
constraint 1
constraint observable 1RDM
constraint i          0
constraint j          1
constraint type       real
constraint cval       0.0
constraint op           +-III * (0.5+0j)
+ -+III * (-0.5+0j)
constraint pauli     
{'pauliops': [PauliOp(Pauli('IIIXI'), coeff=0.25), PauliOp(Pauli('IIZXI'), coeff=-0.25)], 'coeff': [0.25, -0.25], 'const': 0}
constraint 2
constraint observable 1RDM
constraint i          0
constraint j          1
constraint type       imag
constraint cval       0.0
constraint op           +-III * -0.5j
+ -+III * -0.5j
constraint pauli     
{'pauliops': [PauliOp(Pauli('IIIYI'), coeff=0.25), PauliOp(Pauli('IIZYI'), coeff=-0.25)], 'coeff': [0.25, -0.25], 'const': 0}
constraint 3
constraint observable 1RDM
constraint i          0
constraint j          2
constraint type       real
constraint cval       -0.4824595144267021
constraint op           +I-II * (0.5+0j)
+ -I+II * (-0.5+0j)
constraint pauli     
{'pauliops': [PauliOp(Pauli('IIYYX'), coeff=-0.25), PauliOp(Pauli('IIYXY'), coeff=0.25)], 'coeff': [-0.25, 0.25], 'const': 0}
constraint 4
constraint observable 1RDM
constraint i          0
constraint j          2
constraint type       imag
constraint cval       0.0
constraint op           +I-II * -0.5j
+ -I+II * -0.5j
constraint pauli     
{'pauliops': [PauliOp(Pauli('IIYXX'), coeff=0.25), PauliOp(Pauli('IIYYY'), coeff=0.25)], 'coeff': [0.25, 0.25], 'const': 0}
constraint 5
constraint observable 1RDM
constraint i          0
constraint j          3
constraint type       real
constraint cval       0.0
constraint op           +II-I * (0.5+0j)
+ -II+I * (-0.5+0j)
constraint pauli     
{'pauliops': [PauliOp(Pauli('IZXXI'), coeff=-0.25), PauliOp(Pauli('IIYYZ'), coeff=-0.25)], 'coeff': [-0.25, -0.25], 'const': 0}
constraint 6
constraint observable 1RDM
constraint i          0
constraint j          3
constraint type       imag
constraint cval       0.0
constraint op           +II-I * -0.5j
+ -II+I * -0.5j
constraint pauli     
{'pauliops': [PauliOp(Pauli('IZXYI'), coeff=-0.25), PauliOp(Pauli('IIYXZ'), coeff=0.25)], 'coeff': [-0.25, 0.25], 'const': 0}
constraint 7
constraint observable 1RDM
constraint i          1
constraint j          1
constraint type       real
constraint cval       0.5000000000007263
constraint op           INIII * (0.5+0j)
+ INIII * (0.5+0j)
constraint pauli     
{'pauliops': [PauliOp(Pauli('IIZZI'), coeff=-0.5)], 'coeff': [-0.5], 'const': 0.5}
constraint 8
constraint observable 1RDM
constraint i          1
constraint j          2
constraint type       real
constraint cval       0.0
constraint op           I+-II * (0.5+0j)
+ I-+II * (-0.5+0j)
constraint pauli     
{'pauliops': [PauliOp(Pauli('IIXIX'), coeff=0.25), PauliOp(Pauli('IIYZY'), coeff=0.25)], 'coeff': [0.25, 0.25], 'const': 0}
constraint 9
constraint observable 1RDM
constraint i          1
constraint j          2
constraint type       imag
constraint cval       0.0
constraint op           I+-II * -0.5j
+ I-+II * -0.5j
constraint pauli     
{'pauliops': [PauliOp(Pauli('IIYZX'), coeff=0.25), PauliOp(Pauli('IIXIY'), coeff=-0.25)], 'coeff': [0.25, -0.25], 'const': 0}
constraint 10
constraint observable 1RDM
constraint i          1
constraint j          3
constraint type       real
constraint cval       -0.4824595277324084
constraint op           I+I-I * (0.5+0j)
+ I-I+I * (-0.5+0j)
constraint pauli     
{'pauliops': [PauliOp(Pauli('IZXZI'), coeff=-0.25), PauliOp(Pauli('IIXIZ'), coeff=0.25)], 'coeff': [-0.25, 0.25], 'const': 0}
constraint 11
constraint observable 1RDM
constraint i          1
constraint j          3
constraint type       imag
constraint cval       0.0
constraint op           I+I-I * -0.5j
+ I-I+I * -0.5j
constraint pauli     
{'pauliops': [PauliOp(Pauli('IZYII'), coeff=-0.25), PauliOp(Pauli('IIYZZ'), coeff=0.25)], 'coeff': [-0.25, 0.25], 'const': 0}
constraint 12
constraint observable 1RDM
constraint i          2
constraint j          2
constraint type       real
constraint cval       0.4999999999997618
constraint op           IINII * (0.5+0j)
+ IINII * (0.5+0j)
constraint pauli     
{'pauliops': [PauliOp(Pauli('IIIIZ'), coeff=-0.5)], 'coeff': [-0.5], 'const': 0.5}
constraint 13
constraint observable 1RDM
constraint i          2
constraint j          3
constraint type       real
constraint cval       0.0
constraint op           II+-I * (0.5+0j)
+ II-+I * (-0.5+0j)
constraint pauli     
{'pauliops': [PauliOp(Pauli('IIIIX'), coeff=0.25), PauliOp(Pauli('IZZIX'), coeff=-0.25)], 'coeff': [0.25, -0.25], 'const': 0}
constraint 14
constraint observable 1RDM
constraint i          2
constraint j          3
constraint type       imag
constraint cval       0.0
constraint op           II+-I * -0.5j
+ II-+I * -0.5j
constraint pauli     
{'pauliops': [PauliOp(Pauli('IIIIY'), coeff=0.25), PauliOp(Pauli('IZZIY'), coeff=-0.25)], 'coeff': [0.25, -0.25], 'const': 0}
constraint 15
constraint observable 1RDM
constraint i          3
constraint j          3
constraint type       real
constraint cval       0.4999999999992816
constraint op           IIINI * (0.5+0j)
+ IIINI * (0.5+0j)
constraint pauli     
{'pauliops': [PauliOp(Pauli('IZZIZ'), coeff=-0.5)], 'coeff': [-0.5], 'const': 0.5}
initial_point=
[ 1.76226278  2.17721916 -0.84986876  2.54698606  0.61601131 -2.8253102
 -2.3226268  -1.37313187 -1.59697453  0.70116788 -1.319723   -2.66438384
 -0.5071507   2.6294832   0.35075788  1.26489265]
number of parameters: 16
dFM_dD real 0 0 0.14889594041334053
dFM_dD real 0 1 0.0
dFM_dD imag 0 1 0.0
dFM_dD real 0 2 -0.918803762686715
dFM_dD imag 0 2 0.0
dFM_dD real 0 3 -2.2204460492503128e-11
dFM_dD imag 0 3 0.0
dFM_dD real 1 1 0.14889576306909014
dFM_dD real 1 2 1.6653345369377348e-11
dFM_dD imag 1 2 0.0
dFM_dD real 1 3 -0.9188041302926607
dFM_dD imag 1 3 0.0
dFM_dD real 2 2 -0.35110405959271057
dFM_dD real 2 3 -4.4408920985006255e-11
dFM_dD imag 2 3 0.0
dFM_dD real 3 3 -0.3511042369286343
initial lagrange= [-1.48895940e-01 -0.00000000e+00 -0.00000000e+00  9.18803763e-01
 -0.00000000e+00  2.22044605e-11 -0.00000000e+00 -1.48895763e-01
 -1.66533454e-11 -0.00000000e+00  9.18804130e-01 -0.00000000e+00
  3.51104060e-01  4.44089210e-11 -0.00000000e+00  3.51104237e-01]
waiting for job to finish: https://quantum-computing.ibm.com/jobs/6175194e7c5dd58221fd4775
W_exact= 0.26502182537811586 W_qc= 0.27801513671875
constraint 0  exact= -0.052118522229948616 qc= -0.04626464843774125 0 0 real 0.5000000000002413
constraint 1  exact= -0.005354140381533527 qc= 0.0049438476562499965 0 1 real 0.0
constraint 2  exact= 0.07098542126378601 qc= 0.055480957031249986 0 1 imag 0.0
constraint 3  exact= 0.39918654012603716 qc= 0.42113462537012125 0 2 real -0.4824595144267021
constraint 4  exact= 0.03708093396023729 qc= -2.4262464710933518e-09 0 2 imag 0.0
constraint 5  exact= 0.041169705550771145 qc= 0.02859152700738918 0 3 real 0.0
constraint 6  exact= 0.05481930844154242 qc= -0.04771353278017565 0 3 imag 0.0
constraint 7  exact= 0.17994176902865755 qc= 0.1687011718742737 1 1 real 0.5000000000007263
constraint 8  exact= 0.1208153451045011 qc= 0.02932464794499932 1 2 real 0.0
constraint 9  exact= 0.0932544183003298 qc= 0.047096589950388706 1 2 imag 0.0
constraint 10  exact= 0.4908781738459037 qc= 0.3803602020819884 1 3 real -0.4824595277324084
constraint 11  exact= -0.022742190782180774 qc= -1.1441715005999775e-09 1 3 imag 0.0
constraint 12  exact= -0.13001746704673328 qc= -0.11520646245303229 2 2 real 0.4999999999997618
constraint 13  exact= -0.09387650358222972 qc= -0.08303103778234276 2 3 real 0.0
constraint 14  exact= 0.06348380569730547 qc= -0.06987200717541334 2 3 imag 0.0
constraint 15  exact= -0.1759897009183985 qc= -0.11013533442101092 3 3 real 0.4999999999992816
waiting for job to finish: https://quantum-computing.ibm.com/jobs/617519d232bb434112a56501
waiting for job to finish: https://quantum-computing.ibm.com/jobs/61751a6878399c137e505dd4
waiting for job to finish: https://quantum-computing.ibm.com/jobs/61751b089c88ceeb44b10532
waiting for job to finish: https://quantum-computing.ibm.com/jobs/61751ba1cea633e1a314708b
stddev W= 0.00810095132621077
stddev c[ 0 ]= 0.0051214097345257245
stddev c[ 1 ]= 0.0026000904924894028
stddev c[ 2 ]= 0.0020313683805448807
stddev c[ 3 ]= 0.0059568450713719245
stddev c[ 4 ]= 3.161661428589009e-09
stddev c[ 5 ]= 0.0009856550313831088
stddev c[ 6 ]= 0.0012467473827563716
stddev c[ 7 ]= 0.008604604195391902
stddev c[ 8 ]= 0.0029998801592290795
stddev c[ 9 ]= 0.0009677594858162417
stddev c[ 10 ]= 0.002298632201199189
stddev c[ 11 ]= 5.592590203174778e-09
stddev c[ 12 ]= 0.0024013501356815563
stddev c[ 13 ]= 0.002943058100559578
stddev c[ 14 ]= 0.005603576569323171
stddev c[ 15 ]= 0.014107848549725447
Augmented Lagrangian
initial penalty= [10. 10. 10. 10. 10. 10. 10. 10. 10. 10. 10. 10. 10. 10. 10. 10.]
Augmented Lagrangian: unconstrained subproblem
minimizing over parametrized qc-programs with augmented Lagrangian and COBYLA
waiting for job to finish: https://quantum-computing.ibm.com/jobs/61751c3135ed916c70331baf
rdmf_obj_eval= 1 L= 2.9276067875838603 W= 0.275146484375 sum(c^2)= 0.4068936154974568 t= 119.54358720779419 exact= L= 2.718090822768657 W= 0.26502182537811586 sum(c^2)= 0.3809874571541787
waiting for job to finish: https://quantum-computing.ibm.com/jobs/61751ca935ed91e9e7331bb1
rdmf_obj_eval= 2 L= 2.886964887337958 W= 0.2720947265625 sum(c^2)= 0.3997192293642531 t= 150.94453310966492 exact= L= 2.718090822768654 W= 0.26502182537811575 sum(c^2)= 0.3809874571382053
waiting for job to finish: https://quantum-computing.ibm.com/jobs/61751d4035ed9124df331bb3
