GS energy with  DMRG -11.694833190615842
N= 8.000000000000004
E= -11.694833190615842
D= [[ 5.00000000e-01+0.j -3.23328154e-13+0.j  4.22036269e-01+0.j
  -2.33544902e-13+0.j -1.40932405e-13+0.j -9.07366123e-15+0.j
  -1.73703655e-01+0.j  1.11173485e-13+0.j  4.36499795e-14+0.j
   2.99510372e-15+0.j  1.20200285e-01+0.j -3.22607152e-13+0.j
  -1.85806232e-14+0.j  2.50559262e-15+0.j -1.00157388e-01+0.j
   5.36654566e-14+0.j]
 [-3.23336602e-13+0.j  5.00000000e-01+0.j  2.65627364e-13+0.j
   4.22036270e-01+0.j  1.74615426e-13+0.j  6.98399671e-15+0.j
  -5.37401685e-14+0.j -1.73703654e-01+0.j -3.44615883e-14+0.j
  -1.71009040e-14+0.j -8.52606944e-15+0.j  1.20200337e-01+0.j
   1.15581008e-14+0.j  1.62161951e-14+0.j -6.35174242e-15+0.j
  -1.00157389e-01+0.j]
 [ 4.22036269e-01+0.j  2.65648961e-13+0.j  5.00000000e-01+0.j
   2.56341561e-13+0.j  2.42188907e-01+0.j -5.63657290e-15+0.j
  -2.22697078e-13+0.j -1.18034459e-13+0.j -4.93501824e-02+0.j
  -5.73903485e-14+0.j  1.55704876e-13+0.j  8.28169248e-14+0.j
   1.57564596e-02+0.j  1.35031280e-13+0.j -1.20541923e-13+0.j
  -6.98273453e-14+0.j]
 [-2.33557395e-13+0.j  4.22036270e-01+0.j  2.56353635e-13+0.j
   5.00000000e-01+0.j -4.65959057e-14+0.j  2.42188906e-01+0.j
  -9.86232612e-14+0.j  6.28000256e-14+0.j  9.14980545e-15+0.j
  -4.93501569e-02+0.j  6.65838500e-14+0.j -4.26016102e-14+0.j
  -7.39012735e-15+0.j  1.57564747e-02+0.j -5.48506131e-14+0.j
   2.87923059e-14+0.j]
 [-1.40797096e-13+0.j  1.74607957e-13+0.j  2.42188907e-01+0.j
  -4.66008454e-14+0.j  5.00000000e-01+0.j -3.70569151e-14+0.j
   3.74030139e-01+0.j  3.39850300e-14+0.j -9.40601763e-14+0.j
   8.49217425e-15+0.j -1.59133994e-01+0.j -6.51243654e-14+0.j
   2.60052396e-14+0.j -6.03553962e-15+0.j  1.20200335e-01+0.j
   2.25407341e-13+0.j]
 [-9.07544830e-15+0.j  6.97185365e-15+0.j -5.63664853e-15+0.j
   2.42188906e-01+0.j -3.70457348e-14+0.j  5.00000000e-01+0.j
   9.80799525e-15+0.j  3.74030138e-01+0.j  6.48180924e-15+0.j
   4.57793525e-14+0.j -7.28815579e-15+0.j -1.59133997e-01+0.j
  -3.15933588e-15+0.j -1.11716192e-14+0.j  2.30899302e-14+0.j
   1.20200276e-01+0.j]
 [-1.73703655e-01+0.j -5.37578702e-14+0.j -2.22720063e-13+0.j
  -9.86186423e-14+0.j  3.74030139e-01+0.j  9.80608276e-15+0.j
   5.00000000e-01+0.j  6.10688506e-14+0.j  2.58500787e-01+0.j
  -2.49265758e-15+0.j  1.40291858e-13+0.j -3.64276642e-14+0.j
  -4.93501639e-02+0.j  1.14133232e-13+0.j -1.16903232e-13+0.j
   3.15157819e-14+0.j]
 [ 1.11184813e-13+0.j -1.73703654e-01+0.j -1.18039656e-13+0.j
   6.28102171e-14+0.j  3.39859783e-14+0.j  3.74030138e-01+0.j
   6.10788053e-14+0.j  5.00000000e-01+0.j -4.96286237e-15+0.j
   2.58500787e-01+0.j -3.54735909e-14+0.j -3.25719269e-14+0.j
   9.06904218e-15+0.j -4.93501870e-02+0.j  2.82454266e-14+0.j
   2.94006762e-14+0.j]
 [ 4.37124295e-14+0.j -3.44546331e-14+0.j -4.93501824e-02+0.j
   9.15010019e-15+0.j -9.39665012e-14+0.j  6.47550350e-15+0.j
   2.58500787e-01+0.j -4.96100725e-15+0.j  5.00000000e-01+0.j
  -1.07064468e-14+0.j  3.74030140e-01+0.j  3.75353675e-15+0.j
  -1.10380455e-14+0.j  6.15620020e-15+0.j -1.73703650e-01+0.j
  -2.96618724e-14+0.j]
 [ 2.99700467e-15+0.j -1.70974346e-14+0.j -5.73904369e-14+0.j
  -4.93501569e-02+0.j  8.49149759e-15+0.j  4.56197580e-14+0.j
  -2.49238631e-15+0.j  2.58500787e-01+0.j -1.07122997e-14+0.j
   5.00000000e-01+0.j -2.45912799e-15+0.j  3.74030141e-01+0.j
   4.54658453e-15+0.j  1.19626531e-14+0.j  2.06723021e-14+0.j
  -1.73703653e-01+0.j]
 [ 1.20200285e-01+0.j -8.51988588e-15+0.j  1.55752906e-13+0.j
   6.65806130e-14+0.j -1.59133994e-01+0.j -7.29054539e-15+0.j
   1.40387701e-13+0.j -3.54698966e-14+0.j  3.74030140e-01+0.j
  -2.46429450e-15+0.j  5.00000000e-01+0.j  3.04943452e-14+0.j
   2.42188906e-01+0.j  2.03674279e-14+0.j  1.03224287e-13+0.j
  -2.56512629e-14+0.j]
 [-3.22612530e-13+0.j  1.20200337e-01+0.j  8.28201189e-14+0.j
  -4.26094164e-14+0.j -6.51146719e-14+0.j -1.59133997e-01+0.j
  -3.64317322e-14+0.j -3.24558089e-14+0.j  3.75117647e-15+0.j
   3.74030141e-01+0.j  3.04812179e-14+0.j  5.00000000e-01+0.j
  -2.02518413e-14+0.j  2.42188906e-01+0.j -2.24109293e-14+0.j
  -4.92801287e-14+0.j]
 [-1.85858273e-14+0.j  1.15545594e-14+0.j  1.57564596e-02+0.j
  -7.39018168e-15+0.j  2.60520772e-14+0.j -3.16557759e-15+0.j
  -4.93501639e-02+0.j  9.06777984e-15+0.j -1.09946774e-14+0.j
   4.53997754e-15+0.j  2.42188906e-01+0.j -2.02380189e-14+0.j
   5.00000000e-01+0.j -1.04405348e-14+0.j  4.22036268e-01+0.j
   2.08735246e-14+0.j]
 [ 2.50295803e-15+0.j  1.62023173e-14+0.j  1.35031459e-13+0.j
   1.57564747e-02+0.j -6.03795668e-15+0.j -1.10883525e-14+0.j
   1.14133515e-13+0.j -4.93501870e-02+0.j  6.14983868e-15+0.j
   1.20597976e-14+0.j  2.03673002e-14+0.j  2.42188906e-01+0.j
  -1.03940102e-14+0.j  5.00000000e-01+0.j -1.95912307e-14+0.j
   4.22036268e-01+0.j]
 [-1.00157388e-01+0.j -6.36708131e-15+0.j -1.20579653e-13+0.j
  -5.48478866e-14+0.j  1.20200335e-01+0.j  2.31030174e-14+0.j
  -1.16956575e-13+0.j  2.82413934e-14+0.j -1.73703650e-01+0.j
   2.07029532e-14+0.j  1.03251609e-13+0.j -2.24082156e-14+0.j
   4.22036268e-01+0.j -1.95771091e-14+0.j  5.00000000e-01+0.j
   3.36035230e-14+0.j]
 [ 5.36772930e-14+0.j -1.00157389e-01+0.j -6.98299500e-14+0.j
   2.88071339e-14+0.j  2.25424740e-13+0.j  1.20200276e-01+0.j
   3.15202867e-14+0.j  2.93128244e-14+0.j -2.96403498e-14+0.j
  -1.73703653e-01+0.j -2.56440154e-14+0.j -4.92642042e-14+0.j
   2.08823430e-14+0.j  4.22036268e-01+0.j  3.36118563e-14+0.j
   5.00000000e-01+0.j]]
W= [0.19157007+0.j 0.20949801+0.j 0.20994172+0.j 0.21159645+0.j
 0.21159645+0.j 0.20994172+0.j 0.209498  +0.j 0.19157007+0.j]
local approximation with  1 sites
local interactions on sites [[0], [1], [2], [3], [4], [5], [6], [7]]
Functional for interaction on sites [0]
interacting orbitals: [0, 1]
mapping: [0, 1, 2, 3, 4, 5, 6, 7, 8, 9, 10, 11, 12, 13, 14, 15]
orbinteractaca= [0, 1]
aca: level 1  norb= 4
Daca= [[ 5.00000000e-01+0.j -3.23328154e-13+0.j -4.82459514e-01+0.j
  -2.09602723e-29+0.j]
 [-3.23336602e-13+0.j  5.00000000e-01+0.j  8.49347055e-14+0.j
  -4.82459528e-01+0.j]
 [-4.82459514e-01+0.j  8.49047154e-14+0.j  5.00000000e-01+0.j
   3.49148128e-13+0.j]
 [ 1.88037220e-17+0.j -4.82459528e-01+0.j  3.49164764e-13+0.j
   5.00000000e-01+0.j]]
WARNING: This is a completely UNoptimized simple variant for the constrained minimization, for larger number of orbitals please use the optimized Fortan implementation.
tcplx= True
nvar= 32
Wsites= [0]
| niter |f evals|CG iter|  obj func   |tr radius |   opt    |  c viol  |
|-------|-------|-------|-------------|----------|----------|----------|
|   1   |   1   |   0   | +2.8099e-01 | 1.00e+00 | 1.05e-01 | 5.34e-01 |
|   2   |   2   |   1   | +2.8099e-01 | 2.77e-01 | 1.05e-01 | 5.34e-01 |
|   3   |   3   |   2   | +2.7531e-01 | 1.69e+00 | 1.51e-01 | 4.54e-01 |
|   4   |   4   |   4   | +2.7531e-01 | 1.69e-01 | 1.51e-01 | 4.54e-01 |
|   5   |   5   |   5   | +2.6673e-01 | 1.14e+00 | 1.55e-01 | 4.21e-01 |
|   6   |   6   |   6   | +2.6673e-01 | 1.14e-01 | 1.55e-01 | 4.21e-01 |
|   7   |   7   |   7   | +2.8121e-01 | 8.01e-01 | 1.42e-01 | 3.95e-01 |
|   8   |   8   |   8   | +2.8121e-01 | 1.95e-01 | 1.42e-01 | 3.95e-01 |
|   9   |   9   |  10   | +2.4671e-01 | 1.30e+00 | 1.24e-01 | 3.74e-01 |
|  10   |  10   |  12   | +2.4671e-01 | 1.30e-01 | 1.24e-01 | 3.74e-01 |
|  11   |  11   |  13   | +2.4219e-01 | 9.09e-01 | 9.97e-02 | 3.52e-01 |
|  12   |  12   |  15   | +2.4219e-01 | 1.22e-01 | 9.97e-02 | 3.52e-01 |
|  13   |  13   |  16   | +2.3448e-01 | 8.53e-01 | 7.58e-02 | 3.22e-01 |
|  14   |  14   |  18   | +2.3448e-01 | 1.11e-01 | 7.58e-02 | 3.22e-01 |
|  15   |  15   |  19   | +2.3269e-01 | 7.79e-01 | 7.68e-02 | 3.01e-01 |
|  16   |  16   |  21   | +2.3269e-01 | 1.26e-01 | 7.68e-02 | 3.01e-01 |
|  17   |  17   |  22   | +2.1713e-01 | 8.23e-01 | 7.90e-02 | 2.88e-01 |
|  18   |  18   |  24   | +2.1713e-01 | 8.42e-02 | 7.90e-02 | 2.88e-01 |
|  19   |  19   |  26   | +2.1530e-01 | 5.89e-01 | 8.11e-02 | 2.75e-01 |
|  20   |  20   |  28   | +2.1530e-01 | 1.41e-01 | 8.11e-02 | 2.75e-01 |
|  21   |  21   |  30   | +2.1422e-01 | 9.17e-01 | 1.19e-01 | 2.52e-01 |
|  22   |  22   |  32   | +2.1422e-01 | 9.17e-02 | 1.19e-01 | 2.52e-01 |
|  23   |  23   |  33   | +2.1594e-01 | 6.42e-01 | 1.60e-01 | 2.18e-01 |
|  24   |  24   |  35   | +2.1594e-01 | 2.04e-01 | 1.60e-01 | 2.18e-01 |
|  25   |  25   |  37   | +2.0000e-01 | 1.31e+00 | 1.99e-01 | 1.81e-01 |
|  26   |  26   |  39   | +2.0000e-01 | 1.31e-01 | 1.99e-01 | 1.81e-01 |
|  27   |  27   |  41   | +1.9545e-01 | 9.16e-01 | 2.16e-01 | 1.29e-01 |
|  28   |  28   |  43   | +1.9545e-01 | 1.28e-01 | 2.16e-01 | 1.29e-01 |
|  29   |  29   |  44   | +1.7611e-01 | 8.98e-01 | 2.00e-01 | 1.14e-01 |
|  30   |  30   |  46   | +1.7611e-01 | 1.36e-01 | 2.00e-01 | 1.14e-01 |
|  31   |  31   |  47   | +1.7331e-01 | 9.55e-01 | 1.76e-01 | 6.77e-02 |
|  32   |  32   |  49   | +1.7331e-01 | 1.88e-01 | 1.76e-01 | 6.77e-02 |
|  33   |  33   |  50   | +1.6930e-01 | 1.31e+00 | 1.40e-01 | 5.24e-02 |
|  34   |  34   |  52   | +1.6930e-01 | 2.25e-01 | 1.40e-01 | 5.24e-02 |
|  35   |  35   |  53   | +1.8780e-01 | 2.25e-01 | 1.19e-01 | 5.15e-02 |
|  36   |  36   |  55   | +1.8065e-01 | 2.98e-01 | 4.38e-02 | 2.22e-02 |
|  37   |  37   |  57   | +1.8512e-01 | 3.83e-01 | 3.71e-02 | 2.99e-03 |
|  38   |  38   |  58   | +1.8464e-01 | 3.83e-01 | 2.53e-02 | 9.24e-04 |
|  39   |  39   |  60   | +1.8459e-01 | 3.83e-01 | 1.47e-02 | 3.80e-04 |
|  40   |  40   |  61   | +1.8462e-01 | 3.83e-01 | 1.15e-02 | 4.33e-05 |
|  41   |  41   |  62   | +1.8437e-01 | 3.83e-01 | 5.87e-03 | 8.75e-05 |
|  42   |  42   |  63   | +1.8433e-01 | 3.83e-01 | 1.79e-03 | 4.93e-05 |
|  43   |  43   |  65   | +1.8436e-01 | 3.83e-01 | 6.10e-04 | 2.03e-06 |
|  44   |  44   |  68   | +1.8436e-01 | 3.83e-01 | 2.02e-04 | 6.73e-07 |
|  45   |  45   |  69   | +1.8436e-01 | 3.83e-01 | 7.69e-05 | 7.84e-08 |
|  46   |  46   |  71   | +1.8436e-01 | 3.83e-01 | 7.61e-05 | 3.56e-08 |
|  47   |  47   |  73   | +1.8436e-01 | 3.83e-01 | 5.42e-05 | 1.58e-08 |
|  48   |  48   |  74   | +1.8436e-01 | 3.83e-02 | 5.42e-05 | 1.58e-08 |
|  49   |  49   |  75   | +1.8436e-01 | 3.83e-03 | 5.42e-05 | 1.58e-08 |
|  50   |  50   |  77   | +1.8436e-01 | 3.83e-04 | 5.42e-05 | 1.58e-08 |
|  51   |  51   |  81   | +1.8436e-01 | 5.38e-05 | 5.42e-05 | 1.58e-08 |
|  52   |  52   |  82   | +1.8436e-01 | 3.77e-04 | 5.48e-05 | 4.75e-09 |
|  53   |  53   |  85   | +1.8436e-01 | 3.77e-05 | 5.48e-05 | 4.75e-09 |
|  54   |  54   |  86   | +1.8436e-01 | 7.53e-05 | 5.72e-05 | 2.30e-09 |
|  55   |  55   |  88   | +1.8436e-01 | 3.77e-05 | 5.72e-05 | 2.30e-09 |
|  56   |  56   |  89   | +1.8436e-01 | 7.53e-05 | 4.42e-05 | 1.42e-09 |
|  57   |  57   |  91   | +1.8436e-01 | 3.77e-05 | 4.42e-05 | 1.42e-09 |
|  58   |  58   |  93   | +1.8436e-01 | 7.53e-05 | 1.58e-05 | 1.42e-09 |
|  59   |  59   |  95   | +1.8436e-01 | 7.53e-05 | 3.38e-06 | 2.17e-10 |

`gtol` termination condition is satisfied.
Number of iterations: 59, function evaluations: 59, CG iterations: 95, optimality: 3.38e-06, constraint violation: 2.17e-10, execution time: 0.22 s.
F_aca (full space)= 0.1843631121666292
WARNING: This is a completely UNoptimized simple variant for the constrained minimization, for larger number of orbitals please use the optimized Fortan implementation.
tcplx= True
nvar= 32
Wsites= [0]
| niter |f evals|CG iter|  obj func   |tr radius |   opt    |  c viol  |
|-------|-------|-------|-------------|----------|----------|----------|
|   1   |   1   |   0   | +2.4628e-01 | 1.00e+00 | 1.44e-01 | 4.86e-01 |
|   2   |   2   |   1   | +2.4628e-01 | 2.41e-01 | 1.44e-01 | 4.86e-01 |
|   3   |   3   |   2   | +2.6110e-01 | 1.51e+00 | 1.83e-01 | 4.17e-01 |
|   4   |   4   |   3   | +2.6110e-01 | 1.51e-01 | 1.83e-01 | 4.17e-01 |
|   5   |   5   |   4   | +1.9816e-01 | 1.06e+00 | 1.74e-01 | 3.60e-01 |
|   6   |   6   |   5   | +1.9816e-01 | 1.37e-01 | 1.74e-01 | 3.60e-01 |
|   7   |   7   |   6   | +1.9781e-01 | 9.59e-01 | 1.71e-01 | 3.02e-01 |
|   8   |   8   |   8   | +1.9781e-01 | 1.78e-01 | 1.71e-01 | 3.02e-01 |
|   9   |   9   |   9   | +1.6018e-01 | 1.25e+00 | 1.90e-01 | 2.65e-01 |
|  10   |  10   |  11   | +1.6018e-01 | 1.25e-01 | 1.90e-01 | 2.65e-01 |
|  11   |  11   |  12   | +1.3160e-01 | 7.76e-01 | 1.67e-01 | 2.52e-01 |
|  12   |  12   |  14   | +1.3160e-01 | 1.66e-01 | 1.67e-01 | 2.52e-01 |
|  13   |  13   |  16   | +1.4276e-01 | 1.10e+00 | 1.23e-01 | 1.98e-01 |
|  14   |  14   |  18   | +1.4276e-01 | 1.10e-01 | 1.23e-01 | 1.98e-01 |
|  15   |  15   |  19   | +1.3994e-01 | 6.56e-01 | 1.53e-01 | 1.93e-01 |
|  16   |  16   |  21   | +1.3994e-01 | 1.03e-01 | 1.53e-01 | 1.93e-01 |
|  17   |  17   |  23   | +1.5490e-01 | 7.24e-01 | 1.80e-01 | 1.54e-01 |
|  18   |  18   |  25   | +1.5490e-01 | 9.58e-02 | 1.80e-01 | 1.54e-01 |
|  19   |  19   |  26   | +1.6096e-01 | 5.78e-01 | 2.01e-01 | 1.49e-01 |
|  20   |  20   |  27   | +1.6096e-01 | 9.02e-02 | 2.01e-01 | 1.49e-01 |
|  21   |  21   |  28   | +1.8109e-01 | 5.82e-01 | 2.18e-01 | 1.26e-01 |
|  22   |  22   |  29   | +1.8109e-01 | 8.31e-02 | 2.18e-01 | 1.26e-01 |
|  23   |  23   |  30   | +1.9957e-01 | 5.71e-01 | 2.26e-01 | 1.05e-01 |
|  24   |  24   |  31   | +1.9957e-01 | 7.86e-02 | 2.26e-01 | 1.05e-01 |
|  25   |  25   |  32   | +2.1477e-01 | 5.50e-01 | 2.28e-01 | 8.54e-02 |
|  26   |  26   |  33   | +2.1477e-01 | 7.67e-02 | 2.28e-01 | 8.54e-02 |
|  27   |  27   |  34   | +2.2451e-01 | 5.37e-01 | 2.30e-01 | 6.76e-02 |
|  28   |  28   |  35   | +2.2451e-01 | 7.31e-02 | 2.30e-01 | 6.76e-02 |
|  29   |  29   |  36   | +2.2866e-01 | 5.12e-01 | 2.30e-01 | 5.57e-02 |
|  30   |  30   |  37   | +2.2866e-01 | 1.39e-01 | 2.30e-01 | 5.57e-02 |
|  31   |  31   |  38   | +2.4411e-01 | 9.71e-01 | 2.37e-01 | 3.17e-02 |
|  32   |  32   |  39   | +2.4494e-01 | 9.71e-01 | 2.41e-01 | 2.15e-02 |
|  33   |  33   |  42   | +1.9987e-01 | 9.71e-01 | 2.04e-01 | 1.22e-02 |
|  34   |  34   |  45   | +1.9987e-01 | 9.71e-02 | 2.04e-01 | 1.22e-02 |
|  35   |  35   |  47   | +1.7937e-01 | 1.94e-01 | 1.57e-01 | 9.43e-03 |
|  36   |  37   |  51   | +1.5967e-01 | 3.88e-01 | 1.60e-01 | 3.69e-03 |
|  37   |  38   |  54   | +1.4182e-01 | 3.88e-01 | 1.27e-01 | 5.51e-03 |
|  38   |  39   |  58   | +1.4182e-01 | 4.96e-02 | 1.27e-01 | 5.51e-03 |
|  39   |  40   |  59   | +1.3202e-01 | 9.92e-02 | 9.75e-02 | 2.46e-03 |
|  40   |  42   |  63   | +1.2297e-01 | 1.98e-01 | 3.89e-02 | 3.38e-04 |
|  41   |  44   |  65   | +1.2119e-01 | 1.98e-01 | 3.40e-02 | 3.69e-06 |
|  42   |  46   |  68   | +1.1893e-01 | 1.98e-01 | 2.39e-02 | 4.85e-05 |
|  43   |  48   |  70   | +1.1834e-01 | 1.98e-01 | 2.23e-02 | 6.81e-07 |
|  44   |  50   |  74   | +1.1834e-01 | 1.98e-02 | 2.23e-02 | 6.81e-07 |
|  45   |  52   |  76   | +1.1742e-01 | 1.39e-01 | 1.86e-02 | 1.86e-06 |
|  46   |  54   |  80   | +1.1742e-01 | 1.39e-02 | 1.86e-02 | 1.86e-06 |
|  47   |  56   |  81   | +1.1694e-01 | 9.72e-02 | 1.58e-02 | 7.79e-07 |
|  48   |  58   |  85   | +1.1694e-01 | 9.72e-03 | 1.58e-02 | 7.79e-07 |
|  49   |  60   |  86   | +1.1667e-01 | 6.80e-02 | 1.36e-02 | 1.56e-07 |
|  50   |  62   |  90   | +1.1667e-01 | 6.80e-03 | 1.36e-02 | 1.56e-07 |
|  51   |  64   |  91   | +1.1650e-01 | 4.76e-02 | 1.20e-02 | 2.72e-08 |
|  52   |  66   |  95   | +1.1608e-01 | 7.48e-02 | 6.90e-03 | 1.48e-05 |
|  53   |  68   |  98   | +1.1600e-01 | 7.48e-02 | 4.42e-03 | 9.98e-07 |
|  54   |  70   |  102  | +1.1600e-01 | 7.48e-03 | 4.42e-03 | 9.98e-07 |
|  55   |  72   |  104  | +1.1596e-01 | 5.24e-02 | 2.46e-03 | 2.48e-07 |
|  56   |  74   |  108  | +1.1596e-01 | 5.24e-03 | 2.46e-03 | 2.48e-07 |
|  57   |  76   |  110  | +1.1595e-01 | 3.67e-02 | 1.15e-03 | 1.22e-07 |
|  58   |  78   |  113  | +1.1594e-01 | 3.67e-02 | 9.21e-04 | 6.63e-08 |
|  59   |  80   |  116  | +1.1594e-01 | 3.67e-02 | 4.97e-04 | 3.23e-08 |
|  60   |  81   |  119  | +1.1594e-01 | 3.67e-03 | 4.97e-04 | 3.23e-08 |
|  61   |  83   |  122  | +1.1594e-01 | 3.67e-04 | 4.97e-04 | 3.23e-08 |
|  62   |  84   |  123  | +1.1594e-01 | 1.78e-04 | 4.97e-04 | 3.23e-08 |
|  63   |  85   |  124  | +1.1594e-01 | 3.56e-04 | 4.20e-04 | 3.18e-08 |
|  64   |  87   |  125  | +1.1594e-01 | 2.50e-03 | 2.36e-04 | 1.26e-09 |
|  65   |  89   |  129  | +1.1594e-01 | 2.50e-03 | 5.38e-05 | 3.57e-09 |
|  66   |  90   |  131  | +1.1594e-01 | 2.50e-04 | 5.38e-05 | 3.57e-09 |
|  67   |  91   |  134  | +1.1594e-01 | 4.37e-05 | 5.38e-05 | 3.57e-09 |
|  68   |  92   |  135  | +1.1594e-01 | 8.74e-05 | 4.13e-05 | 1.83e-09 |
|  69   |  94   |  137  | +1.1594e-01 | 6.12e-04 | 2.56e-05 | 9.88e-11 |
|  70   |  96   |  140  | +1.1594e-01 | 6.12e-04 | 1.09e-05 | 7.38e-11 |
|  71   |  97   |  143  | +1.1594e-01 | 6.12e-05 | 1.09e-05 | 7.38e-11 |
|  72   |  98   |  147  | +1.1594e-01 | 6.12e-06 | 1.09e-05 | 7.38e-11 |

`xtol` termination condition is satisfied.
Number of iterations: 72, function evaluations: 98, CG iterations: 147, optimality: 1.09e-05, constraint violation: 7.38e-11, execution time: 0.31 s.
F_reordered (full space)= 0.11594274857266866
