GS energy with  DMRG -11.694833190611792
N= 8.000000000000005
E= -11.694833190611792
D= [[ 5.00000000e-01+0.j  2.57435686e-13+0.j  4.22036269e-01+0.j
   2.42129155e-13+0.j  2.54715520e-13+0.j -6.75912340e-15+0.j
  -1.73703655e-01+0.j -1.14896710e-13+0.j -8.83238795e-14+0.j
  -2.07337607e-15+0.j  1.20200285e-01+0.j  7.12970435e-14+0.j
   1.57854936e-12+0.j -2.19536796e-14+0.j -1.00157388e-01+0.j
  -4.46762375e-14+0.j]
 [ 2.57438627e-13+0.j  5.00000000e-01+0.j -2.91023766e-13+0.j
   4.22036270e-01+0.j -4.92067002e-14+0.j -2.09222396e-13+0.j
   3.44253832e-14+0.j -1.73703654e-01+0.j  6.04920447e-15+0.j
   9.64081245e-14+0.j -1.73349840e-14+0.j  1.20200337e-01+0.j
  -2.60234022e-14+0.j -1.50615978e-12+0.j  1.34846014e-15+0.j
  -1.00157389e-01+0.j]
 [ 4.22036269e-01+0.j -2.91024465e-13+0.j  5.00000000e-01+0.j
  -1.67073676e-13+0.j  2.42188907e-01+0.j  3.40864664e-16+0.j
   3.87716606e-13+0.j  7.24624875e-14+0.j -4.93501824e-02+0.j
   2.95672928e-15+0.j -1.26552273e-12+0.j -3.34787326e-14+0.j
   1.57564597e-02+0.j -1.66482106e-15+0.j -1.35252427e-12+0.j
   7.25919663e-14+0.j]
 [ 2.42130326e-13+0.j  4.22036270e-01+0.j -1.67073076e-13+0.j
   5.00000000e-01+0.j  1.16359712e-13+0.j  2.42188906e-01+0.j
   1.09077813e-13+0.j -4.82545427e-13+0.j -2.63091598e-14+0.j
  -4.93501569e-02+0.j -5.55527641e-14+0.j  1.35364234e-12+0.j
   1.06509202e-14+0.j  1.57564746e-02+0.j  8.78973626e-14+0.j
   1.36659792e-12+0.j]
 [ 2.54736770e-13+0.j -4.92084065e-14+0.j  2.42188907e-01+0.j
   1.16357896e-13+0.j  5.00000000e-01+0.j  2.03212848e-14+0.j
   3.74030139e-01+0.j -5.89399082e-14+0.j  2.38228274e-13+0.j
  -3.42122561e-15+0.j -1.59133994e-01+0.j  5.21017194e-14+0.j
   1.07145889e-12+0.j -1.53704432e-14+0.j  1.20200336e-01+0.j
  -5.60313473e-14+0.j]
 [-6.76017834e-15+0.j -2.09176426e-13+0.j  3.40840622e-16+0.j
   2.42188906e-01+0.j  2.03131182e-14+0.j  5.00000000e-01+0.j
   4.92745502e-16+0.j  3.74030138e-01+0.j -4.53415751e-15+0.j
  -2.55255886e-13+0.j -5.61068609e-15+0.j -1.59133997e-01+0.j
  -1.91162718e-14+0.j -1.05280368e-12+0.j  1.81591563e-14+0.j
   1.20200276e-01+0.j]
 [-1.73703655e-01+0.j  3.44280516e-14+0.j  3.87706414e-13+0.j
   1.09080554e-13+0.j  3.74030139e-01+0.j  5.02785787e-16+0.j
   5.00000000e-01+0.j -6.17204369e-14+0.j  2.58500787e-01+0.j
  -6.28006387e-15+0.j -1.30692766e-13+0.j  3.93734488e-14+0.j
  -4.93501638e-02+0.j  7.13432089e-15+0.j  4.43032113e-15+0.j
  -2.90219297e-14+0.j]
 [-1.14892979e-13+0.j -1.73703654e-01+0.j  7.24630147e-14+0.j
  -4.82665828e-13+0.j -5.89525900e-14+0.j  3.74030138e-01+0.j
  -6.17276797e-14+0.j  5.00000000e-01+0.j  1.36887730e-14+0.j
   2.58500787e-01+0.j  4.08160082e-14+0.j  1.37479709e-13+0.j
  -9.79385071e-15+0.j -4.93501870e-02+0.j -2.94390443e-14+0.j
  -1.61459316e-14+0.j]
 [-8.85107959e-14+0.j  6.04468219e-15+0.j -4.93501824e-02+0.j
  -2.63097223e-14+0.j  2.38137201e-13+0.j -4.53164480e-15+0.j
   2.58500787e-01+0.j  1.36927898e-14+0.j  5.00000000e-01+0.j
   4.00789120e-15+0.j  3.74030140e-01+0.j -2.19178602e-14+0.j
  -1.26001640e-13+0.j  2.66659186e-15+0.j -1.73703650e-01+0.j
   3.31018851e-14+0.j]
 [-2.08438863e-15+0.j  9.63326641e-14+0.j  2.95674032e-15+0.j
  -4.93501569e-02+0.j -3.40675672e-15+0.j -2.55288846e-13+0.j
  -6.27998693e-15+0.j  2.58500787e-01+0.j  4.00019698e-15+0.j
   5.00000000e-01+0.j  1.57644778e-14+0.j  3.74030141e-01+0.j
   3.03986801e-15+0.j  1.52357293e-13+0.j -2.67078239e-14+0.j
  -1.73703653e-01+0.j]
 [ 1.20200285e-01+0.j -1.73341022e-14+0.j -1.26553813e-12+0.j
  -5.55538128e-14+0.j -1.59133994e-01+0.j -5.62377624e-15+0.j
  -1.30677804e-13+0.j  4.08147469e-14+0.j  3.74030140e-01+0.j
   1.57675428e-14+0.j  5.00000000e-01+0.j -2.99978762e-14+0.j
   2.42188906e-01+0.j -1.31643813e-14+0.j -1.53688911e-13+0.j
   2.17112374e-14+0.j]
 [ 7.12957609e-14+0.j  1.20200337e-01+0.j -3.34784213e-14+0.j
   1.35368194e-12+0.j  5.21070154e-14+0.j -1.59133997e-01+0.j
   3.93750461e-14+0.j  1.37295177e-13+0.j -2.19257345e-14+0.j
   3.74030141e-01+0.j -2.99962669e-14+0.j  5.00000000e-01+0.j
   1.47464348e-14+0.j  2.42188906e-01+0.j  2.08600098e-14+0.j
   1.48672254e-13+0.j]
 [ 1.57854936e-12+0.j -2.60278974e-14+0.j  1.57564597e-02+0.j
   1.06502686e-14+0.j  1.07140252e-12+0.j -1.91137484e-14+0.j
  -4.93501638e-02+0.j -9.79573608e-15+0.j -1.26017252e-13+0.j
   3.03842804e-15+0.j  2.42188906e-01+0.j  1.47431918e-14+0.j
   5.00000000e-01+0.j  3.80931782e-15+0.j  4.22036268e-01+0.j
  -2.76932476e-14+0.j]
 [-2.19560147e-14+0.j -1.50614937e-12+0.j -1.66499518e-15+0.j
   1.57564746e-02+0.j -1.53784791e-14+0.j -1.05285225e-12+0.j
   7.13421381e-15+0.j -4.93501870e-02+0.j  2.66251699e-15+0.j
   1.52319130e-13+0.j -1.31641179e-14+0.j  2.42188906e-01+0.j
   3.80014156e-15+0.j  5.00000000e-01+0.j  2.60513969e-14+0.j
   4.22036268e-01+0.j]
 [-1.00157388e-01+0.j  1.35422428e-15+0.j -1.35252549e-12+0.j
   8.78989303e-14+0.j  1.20200336e-01+0.j  1.81582596e-14+0.j
   4.40825761e-15+0.j -2.94406906e-14+0.j -1.73703650e-01+0.j
  -2.67234238e-14+0.j -1.53869972e-13+0.j  2.08649195e-14+0.j
   4.22036268e-01+0.j  2.60189821e-14+0.j  5.00000000e-01+0.j
  -2.67468742e-14+0.j]
 [-4.46747565e-14+0.j -1.00157389e-01+0.j  7.25919428e-14+0.j
   1.36657468e-12+0.j -5.60313743e-14+0.j  1.20200276e-01+0.j
  -2.90256172e-14+0.j -1.60378640e-14+0.j  3.31039453e-14+0.j
  -1.73703653e-01+0.j  2.17125599e-14+0.j  1.48636588e-13+0.j
  -2.77442041e-14+0.j  4.22036268e-01+0.j -2.67468112e-14+0.j
   5.00000000e-01+0.j]]
W= [0.19157007+0.j 0.20949801+0.j 0.20994172+0.j 0.21159645+0.j
 0.21159645+0.j 0.20994172+0.j 0.209498  +0.j 0.19157007+0.j]
local approximation with  1 sites
local interactions on sites [[0], [1], [2], [3], [4], [5], [6], [7]]
Functional for interaction on sites [0]
interacting orbitals: [0, 1]
mapping: [0, 1, 2, 3, 4, 5, 6, 7, 8, 9, 10, 11, 12, 13, 14, 15]
orbinteractaca= [0, 1]
aca: level 3  norb= 8
Daca= [[ 5.00000000e-01+0.j  2.57435686e-13+0.j -4.82459514e-01+0.j
  -7.49534620e-29+0.j  9.01561069e-29+0.j  2.79029930e-31+0.j
  -2.71638551e-17+0.j  7.64124181e-30+0.j]
 [ 2.57438627e-13+0.j  5.00000000e-01+0.j -8.64055927e-15+0.j
  -4.82459528e-01+0.j -7.78718050e-30+0.j -2.49031978e-29+0.j
   3.25681498e-30+0.j -1.50300051e-17+0.j]
 [-4.82459514e-01+0.j -8.63801060e-15+0.j  5.00000000e-01+0.j
  -2.60293986e-13+0.j  1.50250793e-02+0.j -9.49142943e-31+0.j
  -1.59873886e-30+0.j -7.66117633e-31+0.j]
 [ 9.46258648e-19+0.j -4.82459528e-01+0.j -2.60293304e-13+0.j
   5.00000000e-01+0.j  2.70222022e-14+0.j  1.50250576e-02+0.j
   9.54722496e-31+0.j  8.25972514e-31+0.j]
 [ 2.12503626e-17+0.j -1.70632817e-18+0.j  1.50250793e-02+0.j
   2.70125142e-14+0.j  5.00000000e-01+0.j  7.43932543e-13+0.j
   4.82560830e-01+0.j  5.75697273e-29+0.j]
 [-1.05494292e-18+0.j  4.59701721e-17+0.j  5.53117733e-18+0.j
   1.50250576e-02+0.j  7.43917564e-13+0.j  5.00000000e-01+0.j
  -7.24861485e-15+0.j  4.82560797e-01+0.j]
 [-2.34777393e-16+0.j  2.04480306e-18+0.j -6.34057428e-18+0.j
   1.58443126e-18+0.j  4.82560830e-01+0.j -7.24079333e-15+0.j
   5.00000000e-01+0.j -7.38969600e-13+0.j]
 [ 3.77437320e-18+0.j  2.25154312e-16+0.j -3.57528353e-18+0.j
  -4.54363128e-17+0.j -1.68060103e-17+0.j  4.82560797e-01+0.j
  -7.38971152e-13+0.j  5.00000000e-01+0.j]]
WARNING: This is a completely UNoptimized simple variant for the constrained minimization, for larger number of orbitals please use the optimized Fortan implementation.
tcplx= True
nvar= 512
Wsites= [0]
| niter |f evals|CG iter|  obj func   |tr radius |   opt    |  c viol  |
|-------|-------|-------|-------------|----------|----------|----------|
|   1   |   1   |   0   | +2.4389e-01 | 1.00e+00 | 5.14e-02 | 4.96e-01 |
|   2   |   2   |   1   | +2.4389e-01 | 5.00e-01 | 5.14e-02 | 4.96e-01 |
|   3   |   3   |   2   | +1.9097e-01 | 3.02e+00 | 6.29e-02 | 3.90e-01 |
|   4   |   4   |   4   | +1.9097e-01 | 3.02e-01 | 6.29e-02 | 3.90e-01 |
|   5   |   5   |   6   | +1.6761e-01 | 2.05e+00 | 6.92e-02 | 3.12e-01 |
|   6   |   6   |   8   | +1.6761e-01 | 2.05e-01 | 6.92e-02 | 3.12e-01 |
|   7   |   7   |   9   | +1.1420e-01 | 1.44e+00 | 5.71e-02 | 2.89e-01 |
|   8   |   8   |  11   | +1.1420e-01 | 1.44e-01 | 5.71e-02 | 2.89e-01 |
|   9   |   9   |  12   | +1.0212e-01 | 1.00e+00 | 5.01e-02 | 2.54e-01 |
|  10   |  10   |  15   | +1.0212e-01 | 1.05e-01 | 5.01e-02 | 2.54e-01 |
|  11   |  11   |  16   | +1.0138e-01 | 7.35e-01 | 4.25e-02 | 2.35e-01 |
|  12   |  12   |  18   | +1.0138e-01 | 1.12e-01 | 4.25e-02 | 2.35e-01 |
|  13   |  13   |  19   | +1.0605e-01 | 7.82e-01 | 4.10e-02 | 2.17e-01 |
|  14   |  14   |  21   | +1.0605e-01 | 7.87e-02 | 4.10e-02 | 2.17e-01 |
|  15   |  15   |  22   | +1.1058e-01 | 5.51e-01 | 4.21e-02 | 2.05e-01 |
|  16   |  16   |  24   | +1.1058e-01 | 1.08e-01 | 4.21e-02 | 2.05e-01 |
|  17   |  17   |  25   | +1.0762e-01 | 7.57e-01 | 4.17e-02 | 2.04e-01 |
|  18   |  18   |  27   | +1.0762e-01 | 7.57e-02 | 4.17e-02 | 2.04e-01 |
|  19   |  19   |  28   | +1.1656e-01 | 5.30e-01 | 4.39e-02 | 1.79e-01 |
|  20   |  20   |  30   | +1.1656e-01 | 7.67e-02 | 4.39e-02 | 1.79e-01 |
|  21   |  21   |  31   | +1.1315e-01 | 5.37e-01 | 4.07e-02 | 1.82e-01 |
|  22   |  22   |  33   | +1.1315e-01 | 5.72e-02 | 4.07e-02 | 1.82e-01 |
|  23   |  23   |  35   | +1.2025e-01 | 4.01e-01 | 4.25e-02 | 1.62e-01 |
|  24   |  24   |  38   | +1.2025e-01 | 1.21e-01 | 4.25e-02 | 1.62e-01 |
|  25   |  25   |  40   | +1.2409e-01 | 8.47e-01 | 4.34e-02 | 1.57e-01 |
|  26   |  26   |  42   | +1.2409e-01 | 8.47e-02 | 4.34e-02 | 1.57e-01 |
|  27   |  27   |  43   | +1.2815e-01 | 5.93e-01 | 4.58e-02 | 1.43e-01 |
|  28   |  28   |  45   | +1.2815e-01 | 5.93e-02 | 4.58e-02 | 1.43e-01 |
|  29   |  29   |  46   | +1.3121e-01 | 4.15e-01 | 4.79e-02 | 1.36e-01 |
|  30   |  30   |  48   | +1.3121e-01 | 8.53e-02 | 4.79e-02 | 1.36e-01 |
|  31   |  31   |  49   | +1.3491e-01 | 5.97e-01 | 5.29e-02 | 1.33e-01 |
|  32   |  32   |  51   | +1.3491e-01 | 5.97e-02 | 5.29e-02 | 1.33e-01 |
|  33   |  33   |  52   | +1.4002e-01 | 4.18e-01 | 5.46e-02 | 1.25e-01 |
|  34   |  34   |  54   | +1.4002e-01 | 7.67e-02 | 5.46e-02 | 1.25e-01 |
|  35   |  35   |  55   | +1.4978e-01 | 5.37e-01 | 5.72e-02 | 1.15e-01 |
|  36   |  36   |  57   | +1.4978e-01 | 5.71e-02 | 5.72e-02 | 1.15e-01 |
|  37   |  37   |  58   | +1.5372e-01 | 3.99e-01 | 5.62e-02 | 1.07e-01 |
|  38   |  38   |  60   | +1.5372e-01 | 7.67e-02 | 5.62e-02 | 1.07e-01 |
|  39   |  39   |  61   | +1.6266e-01 | 5.37e-01 | 5.97e-02 | 9.10e-02 |
|  40   |  40   |  62   | +1.6266e-01 | 5.84e-02 | 5.97e-02 | 9.10e-02 |
|  41   |  41   |  63   | +1.6495e-01 | 4.09e-01 | 5.95e-02 | 8.75e-02 |
|  42   |  42   |  65   | +1.6495e-01 | 7.39e-02 | 5.95e-02 | 8.75e-02 |
|  43   |  43   |  66   | +1.6740e-01 | 5.18e-01 | 5.99e-02 | 7.82e-02 |
|  44   |  44   |  67   | +1.6740e-01 | 5.69e-02 | 5.99e-02 | 7.82e-02 |
|  45   |  45   |  68   | +1.6947e-01 | 3.98e-01 | 5.93e-02 | 6.96e-02 |
|  46   |  46   |  69   | +1.6947e-01 | 6.54e-02 | 5.93e-02 | 6.96e-02 |
|  47   |  47   |  70   | +1.7404e-01 | 4.58e-01 | 6.06e-02 | 5.94e-02 |
|  48   |  48   |  72   | +1.7404e-01 | 5.67e-02 | 6.06e-02 | 5.94e-02 |
|  49   |  49   |  73   | +1.7622e-01 | 3.97e-01 | 5.91e-02 | 5.45e-02 |
|  50   |  50   |  75   | +1.7622e-01 | 5.86e-02 | 5.91e-02 | 5.45e-02 |
|  51   |  51   |  76   | +1.7936e-01 | 4.10e-01 | 5.79e-02 | 4.99e-02 |
|  52   |  52   |  79   | +1.7936e-01 | 5.35e-02 | 5.79e-02 | 4.99e-02 |
|  53   |  53   |  80   | +1.7902e-01 | 3.74e-01 | 5.38e-02 | 3.88e-02 |
|  54   |  54   |  83   | +1.7902e-01 | 4.68e-02 | 5.38e-02 | 3.88e-02 |
|  55   |  55   |  85   | +1.7946e-01 | 3.28e-01 | 4.95e-02 | 3.21e-02 |
|  56   |  56   |  88   | +1.7946e-01 | 1.30e-01 | 4.95e-02 | 3.21e-02 |
|  57   |  57   |  90   | +1.7539e-01 | 2.61e-01 | 3.36e-02 | 3.32e-02 |
|  58   |  58   |  93   | +1.7539e-01 | 8.76e-02 | 3.36e-02 | 3.32e-02 |
|  59   |  59   |  95   | +1.7928e-01 | 1.75e-01 | 3.38e-02 | 1.74e-02 |
|  60   |  60   |  97   | +1.7928e-01 | 5.11e-02 | 3.38e-02 | 1.74e-02 |
|  61   |  61   |  99   | +1.8347e-01 | 1.02e-01 | 3.24e-02 | 9.19e-03 |
|  62   |  62   |  101  | +1.8347e-01 | 3.27e-02 | 3.24e-02 | 9.19e-03 |
|  63   |  63   |  103  | +1.8681e-01 | 2.29e-01 | 3.12e-02 | 5.49e-03 |
|  64   |  64   |  105  | +1.8681e-01 | 2.29e-02 | 3.12e-02 | 5.49e-03 |
|  65   |  65   |  107  | +1.8939e-01 | 1.60e-01 | 3.02e-02 | 3.44e-03 |
|  66   |  66   |  110  | +1.8939e-01 | 2.64e-02 | 3.02e-02 | 3.44e-03 |
|  67   |  67   |  112  | +1.9264e-01 | 1.85e-01 | 2.91e-02 | 1.95e-03 |
|  68   |  68   |  115  | +1.9264e-01 | 2.49e-02 | 2.91e-02 | 1.95e-03 |
|  69   |  69   |  117  | +1.9584e-01 | 2.49e-02 | 2.84e-02 | 6.28e-04 |
|  70   |  70   |  119  | +1.9316e-01 | 4.99e-02 | 2.48e-02 | 6.22e-04 |
|  71   |  72   |  122  | +1.9059e-01 | 3.49e-01 | 1.53e-02 | 1.15e-04 |
|  72   |  73   |  124  | +1.9029e-01 | 3.49e-01 | 1.45e-02 | 1.33e-04 |
|  73   |  75   |  126  | +1.8997e-01 | 3.49e-01 | 1.32e-02 | 3.70e-06 |
|  74   |  76   |  127  | +1.8980e-01 | 3.49e-01 | 1.15e-02 | 7.51e-06 |
|  75   |  78   |  129  | +1.8907e-01 | 3.49e-01 | 3.90e-03 | 1.72e-05 |
|  76   |  80   |  132  | +1.8900e-01 | 3.49e-01 | 2.16e-03 | 2.02e-06 |
|  77   |  82   |  135  | +1.8897e-01 | 3.49e-01 | 1.45e-03 | 1.09e-07 |
|  78   |  84   |  138  | +1.8896e-01 | 3.49e-01 | 1.18e-03 | 4.36e-08 |
|  79   |  86   |  142  | +1.8895e-01 | 3.49e-01 | 1.17e-03 | 1.96e-08 |
|  80   |  88   |  148  | +1.8893e-01 | 3.49e-01 | 1.92e-03 | 2.48e-07 |
|  81   |  90   |  153  | +1.8892e-01 | 3.49e-01 | 2.84e-03 | 2.82e-08 |
|  82   |  91   |  155  | +1.8892e-01 | 3.49e-01 | 3.34e-03 | 1.12e-06 |
|  83   |  92   |  156  | +1.8892e-01 | 3.49e-01 | 3.10e-03 | 6.23e-08 |
|  84   |  94   |  161  | +1.8889e-01 | 3.49e-01 | 1.08e-03 | 3.75e-07 |
|  85   |  96   |  166  | +1.8888e-01 | 3.49e-01 | 1.41e-03 | 8.15e-08 |
|  86   |  97   |  168  | +1.8888e-01 | 3.49e-01 | 1.51e-03 | 5.61e-07 |
|  87   |  98   |  171  | +1.8887e-01 | 3.49e-01 | 2.25e-03 | 1.20e-06 |
|  88   |  100  |  174  | +1.8887e-01 | 3.49e-01 | 2.85e-03 | 6.15e-09 |
|  89   |  102  |  180  | +1.8886e-01 | 3.49e-01 | 3.68e-03 | 3.04e-07 |
|  90   |  103  |  181  | +1.8885e-01 | 3.49e-01 | 2.95e-03 | 4.39e-07 |
|  91   |  105  |  186  | +1.8883e-01 | 3.49e-01 | 1.41e-03 | 1.62e-07 |
|  92   |  107  |  191  | +1.8882e-01 | 3.49e-01 | 1.43e-03 | 5.07e-08 |
|  93   |  109  |  196  | +1.8881e-01 | 3.49e-01 | 1.34e-03 | 4.88e-08 |
|  94   |  111  |  200  | +1.8880e-01 | 3.49e-01 | 1.30e-03 | 3.18e-08 |
|  95   |  113  |  204  | +1.8879e-01 | 3.49e-01 | 1.27e-03 | 4.19e-08 |
|  96   |  115  |  208  | +1.8879e-01 | 3.49e-01 | 1.20e-03 | 2.46e-08 |
|  97   |  117  |  212  | +1.8878e-01 | 3.49e-01 | 1.37e-03 | 2.50e-08 |
|  98   |  119  |  216  | +1.8878e-01 | 3.49e-01 | 1.43e-03 | 1.25e-08 |
|  99   |  121  |  222  | +1.8877e-01 | 3.49e-01 | 2.16e-03 | 4.47e-07 |
|  100  |  122  |  224  | +1.8876e-01 | 3.49e-01 | 2.02e-03 | 2.18e-07 |
|  101  |  124  |  229  | +1.8875e-01 | 3.49e-01 | 1.81e-03 | 1.96e-07 |
|  102  |  125  |  231  | +1.8875e-01 | 3.49e-01 | 1.73e-03 | 1.18e-08 |
|  103  |  127  |  233  | +1.8875e-01 | 3.49e-01 | 9.85e-04 | 4.02e-09 |
|  104  |  128  |  235  | +1.8875e-01 | 3.49e-01 | 1.04e-03 | 3.12e-07 |
|  105  |  129  |  236  | +1.8875e-01 | 3.49e-01 | 1.02e-03 | 1.89e-09 |
|  106  |  131  |  240  | +1.8873e-01 | 3.49e-01 | 7.71e-04 | 1.88e-07 |
|  107  |  133  |  244  | +1.8873e-01 | 3.49e-01 | 1.17e-03 | 1.72e-07 |
|  108  |  134  |  245  | +1.8873e-01 | 3.49e-01 | 1.13e-03 | 5.01e-09 |
|  109  |  136  |  249  | +1.8871e-01 | 3.49e-01 | 1.27e-03 | 2.40e-07 |
|  110  |  138  |  253  | +1.8871e-01 | 3.49e-01 | 1.37e-03 | 3.76e-08 |
|  111  |  139  |  254  | +1.8871e-01 | 3.49e-01 | 1.11e-03 | 1.22e-07 |
|  112  |  141  |  257  | +1.8870e-01 | 3.49e-01 | 5.75e-04 | 9.05e-08 |
|  113  |  143  |  262  | +1.8869e-01 | 3.49e-01 | 1.11e-03 | 1.01e-07 |
|  114  |  144  |  263  | +1.8869e-01 | 3.49e-01 | 1.06e-03 | 3.69e-09 |
|  115  |  146  |  267  | +1.8868e-01 | 3.49e-01 | 7.79e-04 | 9.42e-08 |
|  116  |  148  |  272  | +1.8868e-01 | 3.49e-01 | 1.11e-03 | 3.81e-08 |
|  117  |  149  |  273  | +1.8868e-01 | 3.49e-01 | 8.62e-04 | 1.32e-07 |
|  118  |  151  |  277  | +1.8867e-01 | 3.49e-01 | 4.71e-04 | 3.95e-08 |
|  119  |  153  |  281  | +1.8867e-01 | 3.49e-01 | 4.36e-04 | 1.84e-08 |
|  120  |  155  |  285  | +1.8866e-01 | 3.49e-01 | 4.12e-04 | 1.84e-08 |
|  121  |  157  |  289  | +1.8866e-01 | 3.49e-01 | 4.70e-04 | 1.66e-08 |
|  122  |  159  |  293  | +1.8866e-01 | 3.49e-01 | 5.23e-04 | 1.59e-08 |
|  123  |  161  |  297  | +1.8865e-01 | 3.49e-01 | 4.98e-04 | 1.35e-08 |
|  124  |  163  |  301  | +1.8865e-01 | 3.49e-01 | 5.35e-04 | 1.21e-08 |
|  125  |  165  |  305  | +1.8865e-01 | 3.49e-01 | 5.08e-04 | 1.06e-08 |
|  126  |  167  |  309  | +1.8864e-01 | 3.49e-01 | 5.58e-04 | 9.36e-09 |
|  127  |  169  |  313  | +1.8864e-01 | 3.49e-01 | 5.16e-04 | 8.38e-09 |
|  128  |  171  |  317  | +1.8864e-01 | 3.49e-01 | 5.75e-04 | 7.18e-09 |
|  129  |  173  |  321  | +1.8864e-01 | 3.49e-01 | 5.24e-04 | 6.59e-09 |
|  130  |  175  |  325  | +1.8863e-01 | 3.49e-01 | 6.01e-04 | 5.43e-09 |
|  131  |  177  |  329  | +1.8863e-01 | 3.49e-01 | 5.40e-04 | 5.18e-09 |
|  132  |  179  |  333  | +1.8863e-01 | 3.49e-01 | 6.37e-04 | 4.00e-09 |
|  133  |  181  |  337  | +1.8863e-01 | 3.49e-01 | 5.59e-04 | 4.08e-09 |
|  134  |  183  |  341  | +1.8863e-01 | 3.49e-01 | 6.76e-04 | 2.95e-09 |
|  135  |  185  |  345  | +1.8862e-01 | 3.49e-01 | 5.75e-04 | 3.35e-09 |
|  136  |  187  |  350  | +1.8862e-01 | 3.49e-01 | 9.44e-04 | 1.13e-08 |
|  137  |  188  |  351  | +1.8862e-01 | 3.49e-01 | 8.57e-04 | 1.31e-08 |
|  138  |  190  |  355  | +1.8862e-01 | 3.49e-01 | 5.70e-04 | 7.84e-09 |
|  139  |  192  |  360  | +1.8862e-01 | 3.49e-01 | 6.60e-04 | 2.39e-09 |
|  140  |  193  |  361  | +1.8862e-01 | 3.49e-01 | 4.49e-04 | 4.75e-08 |
|  141  |  195  |  365  | +1.8861e-01 | 3.49e-01 | 4.38e-04 | 4.27e-09 |
|  142  |  197  |  369  | +1.8861e-01 | 3.49e-01 | 4.18e-04 | 1.96e-09 |
|  143  |  199  |  373  | +1.8861e-01 | 3.49e-01 | 3.80e-04 | 2.12e-09 |
|  144  |  201  |  377  | +1.8861e-01 | 3.49e-01 | 3.95e-04 | 1.90e-09 |
|  145  |  203  |  381  | +1.8861e-01 | 3.49e-01 | 3.77e-04 | 1.87e-09 |
|  146  |  205  |  385  | +1.8861e-01 | 3.49e-01 | 3.74e-04 | 1.67e-09 |
|  147  |  207  |  389  | +1.8861e-01 | 3.49e-01 | 3.63e-04 | 1.57e-09 |
|  148  |  209  |  393  | +1.8861e-01 | 3.49e-01 | 3.69e-04 | 1.42e-09 |
|  149  |  211  |  397  | +1.8860e-01 | 3.49e-01 | 3.67e-04 | 1.32e-09 |
|  150  |  213  |  401  | +1.8860e-01 | 3.49e-01 | 3.69e-04 | 1.19e-09 |
|  151  |  215  |  405  | +1.8860e-01 | 3.49e-01 | 3.64e-04 | 1.11e-09 |
|  152  |  217  |  409  | +1.8860e-01 | 3.49e-01 | 3.70e-04 | 1.01e-09 |
|  153  |  219  |  413  | +1.8860e-01 | 3.49e-01 | 3.80e-04 | 9.37e-10 |
|  154  |  221  |  417  | +1.8860e-01 | 3.49e-01 | 3.88e-04 | 8.54e-10 |
|  155  |  223  |  421  | +1.8860e-01 | 3.49e-01 | 3.95e-04 | 7.95e-10 |
|  156  |  225  |  425  | +1.8860e-01 | 3.49e-01 | 4.01e-04 | 7.24e-10 |
|  157  |  227  |  429  | +1.8860e-01 | 3.49e-01 | 4.06e-04 | 6.76e-10 |
|  158  |  229  |  433  | +1.8860e-01 | 3.49e-01 | 4.10e-04 | 6.17e-10 |
|  159  |  231  |  437  | +1.8859e-01 | 3.49e-01 | 4.14e-04 | 5.78e-10 |
|  160  |  233  |  440  | +1.8859e-01 | 3.49e-01 | 4.60e-04 | 3.56e-10 |
|  161  |  235  |  443  | +1.8859e-01 | 3.49e-01 | 4.12e-04 | 4.87e-10 |
|  162  |  237  |  447  | +1.8859e-01 | 3.49e-01 | 4.20e-04 | 4.08e-10 |
|  163  |  239  |  450  | +1.8859e-01 | 3.49e-01 | 4.38e-04 | 3.15e-10 |
|  164  |  241  |  453  | +1.8859e-01 | 3.49e-01 | 4.21e-04 | 3.56e-10 |
|  165  |  243  |  456  | +1.8859e-01 | 3.49e-01 | 4.58e-04 | 2.57e-10 |
|  166  |  245  |  460  | +1.8859e-01 | 3.49e-01 | 4.18e-04 | 3.66e-10 |
|  167  |  247  |  463  | +1.8859e-01 | 3.49e-01 | 4.58e-04 | 2.13e-10 |
|  168  |  249  |  466  | +1.8859e-01 | 3.49e-01 | 4.34e-04 | 2.63e-10 |
|  169  |  251  |  470  | +1.8859e-01 | 3.49e-01 | 4.20e-04 | 2.74e-10 |
|  170  |  253  |  474  | +1.8859e-01 | 3.49e-01 | 4.17e-04 | 2.38e-10 |
|  171  |  255  |  478  | +1.8859e-01 | 3.49e-01 | 4.56e-04 | 2.29e-10 |
|  172  |  257  |  483  | +1.8859e-01 | 3.49e-01 | 5.33e-04 | 1.18e-09 |
|  173  |  259  |  490  | +1.8859e-01 | 3.49e-01 | 9.45e-04 | 6.71e-09 |
|  174  |  260  |  491  | +1.8859e-01 | 3.49e-01 | 9.19e-04 | 7.38e-10 |
|  175  |  262  |  493  | +1.8859e-01 | 3.49e-01 | 1.44e-04 | 3.44e-10 |
|  176  |  264  |  496  | +1.8858e-01 | 3.49e-01 | 2.01e-04 | 3.86e-11 |
|  177  |  266  |  499  | +1.8858e-01 | 3.49e-01 | 1.94e-04 | 1.82e-11 |
|  178  |  268  |  502  | +1.8858e-01 | 3.49e-01 | 2.01e-04 | 2.18e-11 |
|  179  |  270  |  505  | +1.8858e-01 | 3.49e-01 | 1.95e-04 | 1.90e-11 |
|  180  |  272  |  508  | +1.8858e-01 | 3.49e-01 | 1.98e-04 | 2.19e-11 |
|  181  |  274  |  511  | +1.8858e-01 | 3.49e-01 | 1.94e-04 | 1.94e-11 |
|  182  |  276  |  514  | +1.8858e-01 | 3.49e-01 | 1.95e-04 | 2.07e-11 |
|  183  |  278  |  517  | +1.8858e-01 | 3.49e-01 | 1.91e-04 | 1.79e-11 |
|  184  |  280  |  520  | +1.8858e-01 | 3.49e-01 | 1.93e-04 | 1.96e-11 |
|  185  |  282  |  523  | +1.8858e-01 | 3.49e-01 | 1.89e-04 | 1.72e-11 |
|  186  |  284  |  526  | +1.8858e-01 | 3.49e-01 | 1.91e-04 | 1.86e-11 |
|  187  |  286  |  529  | +1.8858e-01 | 3.49e-01 | 1.87e-04 | 1.62e-11 |
|  188  |  288  |  532  | +1.8858e-01 | 3.49e-01 | 1.88e-04 | 1.77e-11 |
|  189  |  290  |  535  | +1.8858e-01 | 3.49e-01 | 1.84e-04 | 1.54e-11 |
|  190  |  292  |  538  | +1.8858e-01 | 3.49e-01 | 1.86e-04 | 1.68e-11 |
|  191  |  294  |  541  | +1.8858e-01 | 3.49e-01 | 1.82e-04 | 1.46e-11 |
|  192  |  296  |  544  | +1.8858e-01 | 3.49e-01 | 1.84e-04 | 1.60e-11 |
|  193  |  298  |  547  | +1.8858e-01 | 3.49e-01 | 1.79e-04 | 1.39e-11 |
|  194  |  300  |  550  | +1.8858e-01 | 3.49e-01 | 1.81e-04 | 1.52e-11 |
|  195  |  302  |  553  | +1.8858e-01 | 3.49e-01 | 1.77e-04 | 1.31e-11 |
|  196  |  304  |  556  | +1.8858e-01 | 3.49e-01 | 1.79e-04 | 1.44e-11 |
|  197  |  306  |  559  | +1.8858e-01 | 3.49e-01 | 1.75e-04 | 1.25e-11 |
|  198  |  308  |  562  | +1.8858e-01 | 3.49e-01 | 1.77e-04 | 1.37e-11 |
|  199  |  310  |  565  | +1.8858e-01 | 3.49e-01 | 1.73e-04 | 1.18e-11 |
|  200  |  312  |  568  | +1.8858e-01 | 3.49e-01 | 1.75e-04 | 1.30e-11 |
|  201  |  314  |  571  | +1.8858e-01 | 3.49e-01 | 1.70e-04 | 1.12e-11 |
|  202  |  316  |  574  | +1.8858e-01 | 3.49e-01 | 1.73e-04 | 1.23e-11 |
|  203  |  318  |  577  | +1.8858e-01 | 3.49e-01 | 1.68e-04 | 1.06e-11 |
|  204  |  320  |  580  | +1.8858e-01 | 3.49e-01 | 1.70e-04 | 1.17e-11 |
|  205  |  322  |  583  | +1.8858e-01 | 3.49e-01 | 1.66e-04 | 9.97e-12 |
|  206  |  324  |  586  | +1.8858e-01 | 3.49e-01 | 1.68e-04 | 1.11e-11 |
|  207  |  326  |  589  | +1.8858e-01 | 3.49e-01 | 1.63e-04 | 9.36e-12 |
|  208  |  328  |  592  | +1.8858e-01 | 3.49e-01 | 1.66e-04 | 1.05e-11 |
|  209  |  330  |  595  | +1.8858e-01 | 3.49e-01 | 1.61e-04 | 8.72e-12 |
|  210  |  332  |  598  | +1.8858e-01 | 3.49e-01 | 1.64e-04 | 9.95e-12 |
|  211  |  334  |  601  | +1.8858e-01 | 3.49e-01 | 1.58e-04 | 7.98e-12 |
|  212  |  336  |  604  | +1.8858e-01 | 3.49e-01 | 1.62e-04 | 9.29e-12 |
|  213  |  338  |  607  | +1.8858e-01 | 3.49e-01 | 1.55e-04 | 7.02e-12 |
|  214  |  340  |  610  | +1.8858e-01 | 3.49e-01 | 1.60e-04 | 8.40e-12 |
|  215  |  342  |  613  | +1.8858e-01 | 3.49e-01 | 1.50e-04 | 5.89e-12 |
|  216  |  344  |  616  | +1.8858e-01 | 3.49e-01 | 1.58e-04 | 8.39e-12 |
|  217  |  346  |  619  | +1.8858e-01 | 3.49e-01 | 1.53e-04 | 6.47e-12 |
|  218  |  348  |  625  | +1.8858e-01 | 3.49e-01 | 4.95e-04 | 1.32e-09 |
|  219  |  349  |  626  | +1.8858e-01 | 3.49e-01 | 4.40e-04 | 3.81e-09 |
|  220  |  351  |  628  | +1.8858e-01 | 3.49e-01 | 9.79e-05 | 1.17e-10 |
|  221  |  353  |  632  | +1.8858e-01 | 3.49e-01 | 1.52e-04 | 5.11e-11 |
|  222  |  355  |  635  | +1.8858e-01 | 3.49e-01 | 1.38e-04 | 9.08e-12 |
|  223  |  357  |  638  | +1.8858e-01 | 3.49e-01 | 1.50e-04 | 1.43e-11 |
|  224  |  359  |  641  | +1.8858e-01 | 3.49e-01 | 1.40e-04 | 1.09e-11 |
|  225  |  361  |  644  | +1.8858e-01 | 3.49e-01 | 1.57e-04 | 1.90e-11 |
|  226  |  363  |  647  | +1.8858e-01 | 3.49e-01 | 1.47e-04 | 1.52e-11 |
|  227  |  365  |  653  | +1.8858e-01 | 3.49e-01 | 5.21e-04 | 8.57e-10 |
|  228  |  366  |  655  | +1.8858e-01 | 3.49e-01 | 5.02e-04 | 1.70e-08 |
|  229  |  367  |  656  | +1.8858e-01 | 3.49e-01 | 4.98e-04 | 1.55e-11 |
|  230  |  369  |  659  | +1.8858e-01 | 3.49e-01 | 8.34e-05 | 1.70e-10 |
|  231  |  371  |  663  | +1.8858e-01 | 3.49e-01 | 1.49e-04 | 6.66e-11 |
|  232  |  373  |  667  | +1.8857e-01 | 3.49e-01 | 1.65e-04 | 2.40e-11 |
|  233  |  375  |  671  | +1.8857e-01 | 3.49e-01 | 1.66e-04 | 2.10e-11 |
|  234  |  377  |  674  | +1.8857e-01 | 3.49e-01 | 1.63e-04 | 1.21e-11 |
|  235  |  379  |  677  | +1.8857e-01 | 3.49e-01 | 1.50e-04 | 2.42e-11 |
|  236  |  381  |  680  | +1.8857e-01 | 3.49e-01 | 1.63e-04 | 1.71e-11 |
|  237  |  383  |  683  | +1.8857e-01 | 3.49e-01 | 1.47e-04 | 1.88e-11 |
|  238  |  385  |  687  | +1.8857e-01 | 3.49e-01 | 1.55e-04 | 1.66e-11 |
|  239  |  387  |  690  | +1.8857e-01 | 3.49e-01 | 1.52e-04 | 1.24e-11 |
|  240  |  389  |  693  | +1.8857e-01 | 3.49e-01 | 1.56e-04 | 1.81e-11 |
|  241  |  391  |  696  | +1.8857e-01 | 3.49e-01 | 1.44e-04 | 1.37e-11 |
|  242  |  393  |  699  | +1.8857e-01 | 3.49e-01 | 1.51e-04 | 1.47e-11 |
|  243  |  395  |  702  | +1.8857e-01 | 3.49e-01 | 1.39e-04 | 9.81e-12 |
|  244  |  397  |  705  | +1.8857e-01 | 3.49e-01 | 1.52e-04 | 1.58e-11 |
|  245  |  399  |  709  | +1.8857e-01 | 3.49e-01 | 1.29e-04 | 1.49e-11 |
|  246  |  401  |  713  | +1.8857e-01 | 3.49e-01 | 1.40e-04 | 1.34e-11 |
|  247  |  403  |  717  | +1.8857e-01 | 3.49e-01 | 1.28e-04 | 1.13e-11 |
|  248  |  405  |  721  | +1.8857e-01 | 3.49e-01 | 1.43e-04 | 1.28e-11 |
|  249  |  407  |  725  | +1.8857e-01 | 3.49e-01 | 1.25e-04 | 1.11e-11 |
|  250  |  409  |  729  | +1.8857e-01 | 3.49e-01 | 1.39e-04 | 1.20e-11 |
|  251  |  411  |  733  | +1.8857e-01 | 3.49e-01 | 1.24e-04 | 1.12e-11 |
|  252  |  413  |  737  | +1.8857e-01 | 3.49e-01 | 1.37e-04 | 1.08e-11 |
|  253  |  415  |  741  | +1.8857e-01 | 3.49e-01 | 1.22e-04 | 1.22e-11 |
|  254  |  417  |  745  | +1.8857e-01 | 3.49e-01 | 1.35e-04 | 1.16e-11 |
|  255  |  419  |  749  | +1.8857e-01 | 3.49e-01 | 1.22e-04 | 1.41e-11 |
|  256  |  421  |  753  | +1.8857e-01 | 3.49e-01 | 1.33e-04 | 1.34e-11 |
|  257  |  423  |  757  | +1.8857e-01 | 3.49e-01 | 1.27e-04 | 1.55e-11 |
|  258  |  425  |  762  | +1.8857e-01 | 3.49e-01 | 3.08e-04 | 1.38e-10 |
|  259  |  426  |  763  | +1.8857e-01 | 3.49e-01 | 2.61e-04 | 2.22e-09 |
|  260  |  428  |  767  | +1.8857e-01 | 3.49e-01 | 1.09e-04 | 5.74e-11 |
|  261  |  430  |  772  | +1.8857e-01 | 3.49e-01 | 1.27e-04 | 9.08e-12 |
|  262  |  431  |  773  | +1.8857e-01 | 3.49e-01 | 1.10e-04 | 1.66e-09 |
|  263  |  433  |  777  | +1.8857e-01 | 3.49e-01 | 1.14e-04 | 4.10e-11 |
|  264  |  435  |  782  | +1.8857e-01 | 3.49e-01 | 2.58e-04 | 1.80e-10 |
|  265  |  436  |  783  | +1.8857e-01 | 3.49e-01 | 2.09e-04 | 3.08e-09 |
|  266  |  438  |  787  | +1.8857e-01 | 3.49e-01 | 1.27e-04 | 6.84e-11 |
|  267  |  440  |  792  | +1.8857e-01 | 3.49e-01 | 1.22e-04 | 3.95e-11 |
|  268  |  442  |  797  | +1.8857e-01 | 3.49e-01 | 1.11e-04 | 3.59e-11 |
|  269  |  444  |  802  | +1.8857e-01 | 3.49e-01 | 1.10e-04 | 3.70e-11 |
|  270  |  446  |  807  | +1.8857e-01 | 3.49e-01 | 1.08e-04 | 3.78e-11 |
|  271  |  448  |  812  | +1.8857e-01 | 3.49e-01 | 1.07e-04 | 3.88e-11 |
|  272  |  450  |  817  | +1.8857e-01 | 3.49e-01 | 1.06e-04 | 3.83e-11 |
|  273  |  452  |  822  | +1.8857e-01 | 3.49e-01 | 1.05e-04 | 3.79e-11 |
|  274  |  454  |  827  | +1.8857e-01 | 3.49e-01 | 1.03e-04 | 3.75e-11 |
|  275  |  456  |  832  | +1.8857e-01 | 3.49e-01 | 1.02e-04 | 3.72e-11 |
|  276  |  458  |  837  | +1.8857e-01 | 3.49e-01 | 1.01e-04 | 3.68e-11 |
|  277  |  460  |  842  | +1.8857e-01 | 3.49e-01 | 9.93e-05 | 3.64e-11 |
|  278  |  462  |  847  | +1.8857e-01 | 3.49e-01 | 9.82e-05 | 3.60e-11 |
|  279  |  464  |  852  | +1.8857e-01 | 3.49e-01 | 9.72e-05 | 3.57e-11 |
|  280  |  466  |  857  | +1.8857e-01 | 3.49e-01 | 9.61e-05 | 3.53e-11 |
|  281  |  468  |  862  | +1.8857e-01 | 3.49e-01 | 9.50e-05 | 3.48e-11 |
|  282  |  470  |  867  | +1.8857e-01 | 3.49e-01 | 9.40e-05 | 3.44e-11 |
|  283  |  472  |  872  | +1.8857e-01 | 3.49e-01 | 9.29e-05 | 3.40e-11 |
|  284  |  474  |  877  | +1.8857e-01 | 3.49e-01 | 9.19e-05 | 3.36e-11 |
|  285  |  476  |  882  | +1.8857e-01 | 3.49e-01 | 9.09e-05 | 3.31e-11 |
|  286  |  478  |  887  | +1.8857e-01 | 3.49e-01 | 8.99e-05 | 3.27e-11 |
|  287  |  480  |  892  | +1.8857e-01 | 3.49e-01 | 8.89e-05 | 3.23e-11 |
|  288  |  482  |  897  | +1.8857e-01 | 3.49e-01 | 8.79e-05 | 3.18e-11 |
|  289  |  484  |  902  | +1.8857e-01 | 3.49e-01 | 8.69e-05 | 3.14e-11 |
|  290  |  486  |  907  | +1.8857e-01 | 3.49e-01 | 8.59e-05 | 3.09e-11 |
|  291  |  488  |  912  | +1.8857e-01 | 3.49e-01 | 8.50e-05 | 3.05e-11 |
|  292  |  490  |  917  | +1.8857e-01 | 3.49e-01 | 8.40e-05 | 3.01e-11 |
|  293  |  492  |  922  | +1.8857e-01 | 3.49e-01 | 8.31e-05 | 2.96e-11 |
|  294  |  494  |  927  | +1.8857e-01 | 3.49e-01 | 8.22e-05 | 2.92e-11 |
|  295  |  496  |  932  | +1.8857e-01 | 3.49e-01 | 8.12e-05 | 2.87e-11 |
|  296  |  498  |  937  | +1.8857e-01 | 3.49e-01 | 8.03e-05 | 2.83e-11 |
|  297  |  500  |  942  | +1.8857e-01 | 3.49e-01 | 7.94e-05 | 2.78e-11 |
|  298  |  502  |  947  | +1.8857e-01 | 3.49e-01 | 7.85e-05 | 2.74e-11 |
|  299  |  504  |  952  | +1.8857e-01 | 3.49e-01 | 7.76e-05 | 2.69e-11 |
|  300  |  506  |  957  | +1.8857e-01 | 3.49e-01 | 7.68e-05 | 2.65e-11 |
|  301  |  508  |  962  | +1.8857e-01 | 3.49e-01 | 7.59e-05 | 2.60e-11 |
|  302  |  510  |  967  | +1.8857e-01 | 3.49e-01 | 7.50e-05 | 2.56e-11 |
|  303  |  512  |  972  | +1.8857e-01 | 3.49e-01 | 7.42e-05 | 2.51e-11 |
|  304  |  514  |  977  | +1.8857e-01 | 3.49e-01 | 7.33e-05 | 2.47e-11 |
|  305  |  516  |  982  | +1.8857e-01 | 3.49e-01 | 7.25e-05 | 2.43e-11 |
|  306  |  518  |  987  | +1.8857e-01 | 3.49e-01 | 7.17e-05 | 2.38e-11 |
|  307  |  520  |  992  | +1.8857e-01 | 3.49e-01 | 7.08e-05 | 2.34e-11 |
|  308  |  522  |  997  | +1.8857e-01 | 3.49e-01 | 7.00e-05 | 2.29e-11 |
|  309  |  524  | 1002  | +1.8857e-01 | 3.49e-01 | 6.92e-05 | 2.25e-11 |
|  310  |  526  | 1007  | +1.8857e-01 | 3.49e-01 | 6.84e-05 | 2.21e-11 |
|  311  |  528  | 1012  | +1.8857e-01 | 3.49e-01 | 6.76e-05 | 2.17e-11 |
|  312  |  530  | 1017  | +1.8857e-01 | 3.49e-01 | 6.68e-05 | 2.12e-11 |
|  313  |  532  | 1022  | +1.8857e-01 | 3.49e-01 | 6.61e-05 | 2.08e-11 |
|  314  |  534  | 1027  | +1.8857e-01 | 3.49e-01 | 6.53e-05 | 2.04e-11 |
|  315  |  536  | 1032  | +1.8857e-01 | 3.49e-01 | 6.46e-05 | 2.00e-11 |
|  316  |  538  | 1037  | +1.8857e-01 | 3.49e-01 | 6.38e-05 | 1.96e-11 |
|  317  |  540  | 1042  | +1.8857e-01 | 3.49e-01 | 6.31e-05 | 1.91e-11 |
|  318  |  542  | 1047  | +1.8857e-01 | 3.49e-01 | 6.23e-05 | 1.87e-11 |
|  319  |  544  | 1052  | +1.8857e-01 | 3.49e-01 | 6.16e-05 | 1.83e-11 |
|  320  |  546  | 1057  | +1.8857e-01 | 3.49e-01 | 6.09e-05 | 1.79e-11 |
|  321  |  548  | 1062  | +1.8857e-01 | 3.49e-01 | 6.02e-05 | 1.75e-11 |
|  322  |  550  | 1067  | +1.8857e-01 | 3.49e-01 | 5.95e-05 | 1.71e-11 |
|  323  |  552  | 1072  | +1.8857e-01 | 3.49e-01 | 5.88e-05 | 1.67e-11 |
|  324  |  554  | 1077  | +1.8857e-01 | 3.49e-01 | 5.81e-05 | 1.64e-11 |
|  325  |  556  | 1082  | +1.8857e-01 | 3.49e-01 | 5.74e-05 | 1.60e-11 |
|  326  |  558  | 1087  | +1.8857e-01 | 3.49e-01 | 5.68e-05 | 1.56e-11 |
|  327  |  560  | 1092  | +1.8857e-01 | 3.49e-01 | 5.61e-05 | 1.52e-11 |
|  328  |  562  | 1097  | +1.8857e-01 | 3.49e-01 | 5.55e-05 | 1.49e-11 |
|  329  |  564  | 1102  | +1.8857e-01 | 3.49e-01 | 5.48e-05 | 1.45e-11 |
|  330  |  566  | 1107  | +1.8857e-01 | 3.49e-01 | 5.42e-05 | 1.41e-11 |
|  331  |  568  | 1112  | +1.8857e-01 | 3.49e-01 | 5.35e-05 | 1.38e-11 |
|  332  |  570  | 1117  | +1.8857e-01 | 3.49e-01 | 5.29e-05 | 1.34e-11 |
|  333  |  572  | 1122  | +1.8857e-01 | 3.49e-01 | 5.23e-05 | 1.31e-11 |
|  334  |  574  | 1127  | +1.8857e-01 | 3.49e-01 | 5.17e-05 | 1.27e-11 |
|  335  |  576  | 1132  | +1.8857e-01 | 3.49e-01 | 5.11e-05 | 1.24e-11 |
|  336  |  578  | 1137  | +1.8857e-01 | 3.49e-01 | 5.05e-05 | 1.21e-11 |
|  337  |  580  | 1142  | +1.8857e-01 | 3.49e-01 | 4.99e-05 | 1.17e-11 |
|  338  |  582  | 1147  | +1.8857e-01 | 3.49e-01 | 4.93e-05 | 1.14e-11 |
|  339  |  584  | 1152  | +1.8857e-01 | 3.49e-01 | 4.88e-05 | 1.11e-11 |
|  340  |  586  | 1157  | +1.8857e-01 | 3.49e-01 | 4.82e-05 | 1.08e-11 |
|  341  |  588  | 1162  | +1.8857e-01 | 3.49e-01 | 4.76e-05 | 1.05e-11 |
|  342  |  590  | 1167  | +1.8857e-01 | 3.49e-01 | 4.71e-05 | 1.02e-11 |
|  343  |  592  | 1172  | +1.8857e-01 | 3.49e-01 | 4.65e-05 | 9.88e-12 |
|  344  |  594  | 1177  | +1.8857e-01 | 3.49e-01 | 4.60e-05 | 9.59e-12 |
|  345  |  596  | 1182  | +1.8857e-01 | 3.49e-01 | 4.55e-05 | 9.30e-12 |
|  346  |  598  | 1187  | +1.8857e-01 | 3.49e-01 | 4.49e-05 | 9.02e-12 |
|  347  |  600  | 1192  | +1.8857e-01 | 3.49e-01 | 4.44e-05 | 8.74e-12 |
|  348  |  602  | 1197  | +1.8857e-01 | 3.49e-01 | 4.39e-05 | 8.47e-12 |
|  349  |  604  | 1202  | +1.8857e-01 | 3.49e-01 | 4.34e-05 | 8.21e-12 |
|  350  |  606  | 1207  | +1.8857e-01 | 3.49e-01 | 4.29e-05 | 7.95e-12 |
|  351  |  608  | 1212  | +1.8857e-01 | 3.49e-01 | 4.24e-05 | 7.69e-12 |
|  352  |  610  | 1217  | +1.8857e-01 | 3.49e-01 | 4.19e-05 | 7.44e-12 |
|  353  |  612  | 1222  | +1.8857e-01 | 3.49e-01 | 4.14e-05 | 7.20e-12 |
|  354  |  614  | 1227  | +1.8857e-01 | 3.49e-01 | 4.09e-05 | 6.96e-12 |
|  355  |  616  | 1232  | +1.8857e-01 | 3.49e-01 | 4.04e-05 | 6.73e-12 |
|  356  |  618  | 1237  | +1.8857e-01 | 3.49e-01 | 3.99e-05 | 6.50e-12 |
|  357  |  620  | 1242  | +1.8857e-01 | 3.49e-01 | 3.95e-05 | 6.28e-12 |
|  358  |  622  | 1247  | +1.8857e-01 | 3.49e-01 | 3.91e-05 | 6.05e-12 |
|  359  |  624  | 1252  | +1.8857e-01 | 3.49e-01 | 3.86e-05 | 5.84e-12 |
|  360  |  626  | 1257  | +1.8857e-01 | 3.49e-01 | 3.82e-05 | 5.63e-12 |
|  361  |  628  | 1262  | +1.8857e-01 | 3.49e-01 | 3.78e-05 | 5.43e-12 |
|  362  |  630  | 1267  | +1.8857e-01 | 3.49e-01 | 3.74e-05 | 5.25e-12 |
|  363  |  632  | 1272  | +1.8857e-01 | 3.49e-01 | 3.70e-05 | 5.08e-12 |
|  364  |  634  | 1277  | +1.8857e-01 | 3.49e-01 | 3.66e-05 | 4.93e-12 |
|  365  |  636  | 1282  | +1.8857e-01 | 3.49e-01 | 3.62e-05 | 4.80e-12 |
|  366  |  638  | 1287  | +1.8857e-01 | 3.49e-01 | 3.58e-05 | 4.67e-12 |
|  367  |  640  | 1292  | +1.8857e-01 | 3.49e-01 | 3.54e-05 | 4.55e-12 |
|  368  |  642  | 1297  | +1.8857e-01 | 3.49e-01 | 3.49e-05 | 4.42e-12 |
|  369  |  644  | 1302  | +1.8857e-01 | 3.49e-01 | 3.45e-05 | 4.31e-12 |
|  370  |  646  | 1307  | +1.8857e-01 | 3.49e-01 | 3.41e-05 | 4.19e-12 |
|  371  |  648  | 1312  | +1.8857e-01 | 3.49e-01 | 3.37e-05 | 4.07e-12 |
|  372  |  650  | 1317  | +1.8857e-01 | 3.49e-01 | 3.33e-05 | 3.95e-12 |
|  373  |  652  | 1322  | +1.8857e-01 | 3.49e-01 | 3.29e-05 | 3.83e-12 |
|  374  |  654  | 1327  | +1.8857e-01 | 3.49e-01 | 3.25e-05 | 3.72e-12 |
|  375  |  656  | 1332  | +1.8857e-01 | 3.49e-01 | 3.21e-05 | 3.60e-12 |
|  376  |  658  | 1337  | +1.8857e-01 | 3.49e-01 | 3.17e-05 | 3.49e-12 |
|  377  |  660  | 1342  | +1.8857e-01 | 3.49e-01 | 3.13e-05 | 3.38e-12 |
|  378  |  662  | 1347  | +1.8857e-01 | 3.49e-01 | 3.10e-05 | 3.27e-12 |
|  379  |  664  | 1352  | +1.8857e-01 | 3.49e-01 | 3.06e-05 | 3.16e-12 |
|  380  |  666  | 1357  | +1.8857e-01 | 3.49e-01 | 3.02e-05 | 3.06e-12 |
|  381  |  668  | 1362  | +1.8857e-01 | 3.49e-01 | 2.99e-05 | 2.96e-12 |
|  382  |  670  | 1367  | +1.8857e-01 | 3.49e-01 | 2.95e-05 | 2.86e-12 |
|  383  |  672  | 1372  | +1.8857e-01 | 3.49e-01 | 2.92e-05 | 2.76e-12 |
|  384  |  674  | 1377  | +1.8857e-01 | 3.49e-01 | 2.88e-05 | 2.67e-12 |
|  385  |  676  | 1382  | +1.8857e-01 | 3.49e-01 | 2.85e-05 | 2.58e-12 |
|  386  |  678  | 1387  | +1.8857e-01 | 3.49e-01 | 2.82e-05 | 2.49e-12 |
|  387  |  680  | 1392  | +1.8857e-01 | 3.49e-01 | 2.78e-05 | 2.40e-12 |
|  388  |  682  | 1397  | +1.8857e-01 | 3.49e-01 | 2.75e-05 | 2.31e-12 |
|  389  |  684  | 1402  | +1.8857e-01 | 3.49e-01 | 2.72e-05 | 2.23e-12 |
|  390  |  686  | 1407  | +1.8857e-01 | 3.49e-01 | 2.69e-05 | 2.15e-12 |
|  391  |  688  | 1412  | +1.8857e-01 | 3.49e-01 | 2.66e-05 | 2.07e-12 |
|  392  |  690  | 1417  | +1.8857e-01 | 3.49e-01 | 2.63e-05 | 1.99e-12 |
|  393  |  692  | 1422  | +1.8857e-01 | 3.49e-01 | 2.60e-05 | 1.92e-12 |
|  394  |  694  | 1427  | +1.8857e-01 | 3.49e-01 | 2.57e-05 | 1.85e-12 |
|  395  |  696  | 1432  | +1.8857e-01 | 3.49e-01 | 2.54e-05 | 1.78e-12 |
|  396  |  698  | 1437  | +1.8857e-01 | 3.49e-01 | 2.51e-05 | 1.71e-12 |
|  397  |  700  | 1442  | +1.8857e-01 | 3.49e-01 | 2.49e-05 | 1.65e-12 |
|  398  |  702  | 1447  | +1.8857e-01 | 3.49e-01 | 2.46e-05 | 1.59e-12 |
|  399  |  704  | 1452  | +1.8857e-01 | 3.49e-01 | 2.43e-05 | 1.53e-12 |
|  400  |  706  | 1457  | +1.8857e-01 | 3.49e-01 | 2.40e-05 | 1.47e-12 |
|  401  |  708  | 1462  | +1.8857e-01 | 3.49e-01 | 2.38e-05 | 1.41e-12 |
|  402  |  710  | 1467  | +1.8857e-01 | 3.49e-01 | 2.35e-05 | 1.36e-12 |
|  403  |  712  | 1472  | +1.8857e-01 | 3.49e-01 | 2.32e-05 | 1.31e-12 |
|  404  |  714  | 1477  | +1.8857e-01 | 3.49e-01 | 2.30e-05 | 1.26e-12 |
|  405  |  716  | 1482  | +1.8857e-01 | 3.49e-01 | 2.27e-05 | 1.21e-12 |
|  406  |  718  | 1487  | +1.8857e-01 | 3.49e-01 | 2.25e-05 | 1.16e-12 |
|  407  |  720  | 1492  | +1.8857e-01 | 3.49e-01 | 2.22e-05 | 1.12e-12 |
|  408  |  722  | 1497  | +1.8857e-01 | 3.49e-01 | 2.20e-05 | 1.08e-12 |
|  409  |  724  | 1502  | +1.8857e-01 | 3.49e-01 | 2.18e-05 | 1.04e-12 |
|  410  |  726  | 1507  | +1.8857e-01 | 3.49e-01 | 2.15e-05 | 9.98e-13 |
|  411  |  728  | 1512  | +1.8857e-01 | 3.49e-01 | 2.13e-05 | 9.60e-13 |
|  412  |  730  | 1517  | +1.8857e-01 | 3.49e-01 | 2.11e-05 | 9.23e-13 |
|  413  |  732  | 1522  | +1.8857e-01 | 3.49e-01 | 2.08e-05 | 8.88e-13 |
|  414  |  734  | 1527  | +1.8857e-01 | 3.49e-01 | 2.06e-05 | 8.54e-13 |
|  415  |  736  | 1532  | +1.8857e-01 | 3.49e-01 | 2.04e-05 | 8.22e-13 |
|  416  |  738  | 1537  | +1.8857e-01 | 3.49e-01 | 2.02e-05 | 7.91e-13 |
|  417  |  740  | 1542  | +1.8857e-01 | 3.49e-01 | 2.00e-05 | 7.60e-13 |
|  418  |  742  | 1547  | +1.8857e-01 | 3.49e-01 | 1.98e-05 | 7.31e-13 |
|  419  |  744  | 1552  | +1.8857e-01 | 3.49e-01 | 1.95e-05 | 7.03e-13 |
|  420  |  746  | 1557  | +1.8857e-01 | 3.49e-01 | 1.93e-05 | 6.77e-13 |
|  421  |  748  | 1562  | +1.8857e-01 | 3.49e-01 | 1.91e-05 | 6.51e-13 |
|  422  |  750  | 1567  | +1.8857e-01 | 3.49e-01 | 1.89e-05 | 6.26e-13 |
|  423  |  752  | 1572  | +1.8857e-01 | 3.49e-01 | 1.87e-05 | 6.02e-13 |
|  424  |  754  | 1577  | +1.8857e-01 | 3.49e-01 | 1.86e-05 | 5.79e-13 |
|  425  |  756  | 1581  | +1.8857e-01 | 3.49e-01 | 1.86e-05 | 9.55e-14 |
|  426  |  758  | 1586  | +1.8857e-01 | 3.49e-01 | 1.92e-05 | 3.66e-13 |
|  427  |  760  | 1590  | +1.8857e-01 | 3.49e-01 | 1.92e-05 | 7.02e-14 |
|  428  |  762  | 1595  | +1.8857e-01 | 3.49e-01 | 1.98e-05 | 3.32e-13 |
|  429  |  764  | 1599  | +1.8857e-01 | 3.49e-01 | 1.93e-05 | 5.79e-14 |
|  430  |  766  | 1604  | +1.8857e-01 | 3.49e-01 | 1.94e-05 | 3.26e-13 |
|  431  |  768  | 1608  | +1.8857e-01 | 3.49e-01 | 1.89e-05 | 5.62e-14 |
|  432  |  770  | 1613  | +1.8857e-01 | 3.49e-01 | 1.90e-05 | 3.35e-13 |
|  433  |  772  | 1617  | +1.8857e-01 | 3.49e-01 | 1.86e-05 | 5.30e-14 |
|  434  |  774  | 1622  | +1.8857e-01 | 3.49e-01 | 1.86e-05 | 3.39e-13 |
|  435  |  776  | 1626  | +1.8857e-01 | 3.49e-01 | 1.83e-05 | 5.01e-14 |
|  436  |  778  | 1631  | +1.8857e-01 | 3.49e-01 | 1.83e-05 | 3.40e-13 |
|  437  |  780  | 1635  | +1.8857e-01 | 3.49e-01 | 1.80e-05 | 4.68e-14 |
|  438  |  782  | 1640  | +1.8857e-01 | 3.49e-01 | 1.80e-05 | 3.39e-13 |
|  439  |  784  | 1644  | +1.8857e-01 | 3.49e-01 | 1.77e-05 | 4.35e-14 |
|  440  |  786  | 1649  | +1.8857e-01 | 3.49e-01 | 1.77e-05 | 3.38e-13 |
|  441  |  788  | 1653  | +1.8857e-01 | 3.49e-01 | 1.74e-05 | 4.01e-14 |
|  442  |  790  | 1658  | +1.8857e-01 | 3.49e-01 | 1.74e-05 | 3.35e-13 |
|  443  |  792  | 1662  | +1.8857e-01 | 3.49e-01 | 1.71e-05 | 3.71e-14 |
|  444  |  794  | 1667  | +1.8857e-01 | 3.49e-01 | 1.71e-05 | 3.32e-13 |
|  445  |  796  | 1671  | +1.8857e-01 | 3.49e-01 | 1.69e-05 | 3.41e-14 |
|  446  |  798  | 1676  | +1.8857e-01 | 3.49e-01 | 1.68e-05 | 3.28e-13 |
|  447  |  800  | 1680  | +1.8857e-01 | 3.49e-01 | 1.66e-05 | 3.17e-14 |
|  448  |  802  | 1685  | +1.8857e-01 | 3.49e-01 | 1.65e-05 | 3.22e-13 |
|  449  |  804  | 1689  | +1.8857e-01 | 3.49e-01 | 1.63e-05 | 2.92e-14 |
|  450  |  806  | 1694  | +1.8857e-01 | 3.49e-01 | 1.62e-05 | 3.15e-13 |
|  451  |  808  | 1698  | +1.8857e-01 | 3.49e-01 | 1.61e-05 | 2.71e-14 |
|  452  |  810  | 1703  | +1.8857e-01 | 3.49e-01 | 1.60e-05 | 3.07e-13 |
|  453  |  812  | 1707  | +1.8857e-01 | 3.49e-01 | 1.58e-05 | 2.48e-14 |
|  454  |  814  | 1711  | +1.8857e-01 | 3.49e-01 | 1.65e-05 | 3.97e-14 |
|  455  |  816  | 1715  | +1.8857e-01 | 3.49e-01 | 1.50e-05 | 4.46e-14 |
|  456  |  818  | 1720  | +1.8857e-01 | 3.49e-01 | 1.60e-05 | 3.25e-13 |
|  457  |  820  | 1724  | +1.8857e-01 | 3.49e-01 | 1.47e-05 | 2.31e-14 |
|  458  |  822  | 1728  | +1.8857e-01 | 3.49e-01 | 1.47e-05 | 4.30e-14 |
|  459  |  824  | 1732  | +1.8857e-01 | 3.49e-01 | 1.46e-05 | 4.36e-14 |
|  460  |  826  | 1736  | +1.8857e-01 | 3.49e-01 | 1.47e-05 | 5.50e-14 |
|  461  |  828  | 1741  | +1.8857e-01 | 3.49e-01 | 1.62e-05 | 2.85e-13 |
|  462  |  830  | 1745  | +1.8857e-01 | 3.49e-01 | 1.41e-05 | 1.32e-14 |
|  463  |  832  | 1749  | +1.8857e-01 | 3.49e-01 | 1.39e-05 | 2.89e-14 |
|  464  |  834  | 1753  | +1.8857e-01 | 3.49e-01 | 1.42e-05 | 3.21e-14 |
|  465  |  836  | 1757  | +1.8857e-01 | 3.49e-01 | 1.33e-05 | 2.99e-14 |
|  466  |  838  | 1761  | +1.8857e-01 | 3.49e-01 | 1.43e-05 | 3.50e-14 |
|  467  |  840  | 1765  | +1.8857e-01 | 3.49e-01 | 1.32e-05 | 2.31e-14 |
|  468  |  842  | 1770  | +1.8857e-01 | 3.49e-01 | 1.52e-05 | 5.45e-14 |
|  469  |  844  | 1774  | +1.8857e-01 | 3.49e-01 | 1.37e-05 | 1.25e-14 |
|  470  |  846  | 1778  | +1.8857e-01 | 3.49e-01 | 1.34e-05 | 1.83e-14 |
|  471  |  848  | 1782  | +1.8857e-01 | 3.49e-01 | 1.35e-05 | 2.44e-14 |
|  472  |  850  | 1786  | +1.8857e-01 | 3.49e-01 | 1.35e-05 | 2.68e-14 |
|  473  |  852  | 1790  | +1.8857e-01 | 3.49e-01 | 1.31e-05 | 2.94e-14 |
|  474  |  854  | 1794  | +1.8857e-01 | 3.49e-01 | 1.32e-05 | 3.62e-14 |
|  475  |  856  | 1799  | +1.8857e-01 | 3.49e-01 | 1.50e-05 | 1.75e-13 |
|  476  |  858  | 1803  | +1.8857e-01 | 3.49e-01 | 1.34e-05 | 1.22e-14 |
|  477  |  860  | 1807  | +1.8857e-01 | 3.49e-01 | 1.29e-05 | 1.95e-14 |
|  478  |  862  | 1811  | +1.8857e-01 | 3.49e-01 | 1.27e-05 | 2.10e-14 |
|  479  |  864  | 1815  | +1.8857e-01 | 3.49e-01 | 1.26e-05 | 2.46e-14 |
|  480  |  866  | 1819  | +1.8857e-01 | 3.49e-01 | 1.19e-05 | 2.58e-14 |
|  481  |  868  | 1824  | +1.8857e-01 | 3.49e-01 | 1.25e-05 | 1.58e-13 |
|  482  |  870  | 1828  | +1.8857e-01 | 3.49e-01 | 1.17e-05 | 1.58e-14 |
|  483  |  872  | 1832  | +1.8857e-01 | 3.49e-01 | 1.27e-05 | 2.50e-14 |
|  484  |  874  | 1836  | +1.8857e-01 | 3.49e-01 | 1.22e-05 | 2.25e-14 |
|  485  |  876  | 1840  | +1.8857e-01 | 3.49e-01 | 1.23e-05 | 2.74e-14 |
|  486  |  878  | 1844  | +1.8857e-01 | 3.49e-01 | 1.20e-05 | 3.08e-14 |
|  487  |  880  | 1847  | +1.8857e-01 | 3.49e-01 | 1.17e-05 | 8.16e-15 |
|  488  |  882  | 1851  | +1.8857e-01 | 3.49e-01 | 1.20e-05 | 2.03e-14 |
|  489  |  884  | 1855  | +1.8857e-01 | 3.49e-01 | 1.32e-05 | 2.78e-14 |
|  490  |  886  | 1858  | +1.8857e-01 | 3.49e-01 | 1.26e-05 | 1.58e-14 |
|  491  |  888  | 1862  | +1.8857e-01 | 3.49e-01 | 1.31e-05 | 2.56e-14 |
|  492  |  890  | 1866  | +1.8857e-01 | 3.49e-01 | 1.27e-05 | 2.16e-14 |
|  493  |  892  | 1869  | +1.8857e-01 | 3.49e-01 | 1.19e-05 | 1.96e-14 |
|  494  |  894  | 1873  | +1.8857e-01 | 3.49e-01 | 1.23e-05 | 2.77e-14 |
|  495  |  896  | 1876  | +1.8857e-01 | 3.49e-01 | 1.15e-05 | 1.81e-14 |
|  496  |  898  | 1880  | +1.8857e-01 | 3.49e-01 | 1.23e-05 | 2.89e-14 |
|  497  |  900  | 1884  | +1.8857e-01 | 3.49e-01 | 1.20e-05 | 1.93e-14 |
|  498  |  902  | 1887  | +1.8857e-01 | 3.49e-01 | 1.17e-05 | 1.76e-14 |
|  499  |  904  | 1891  | +1.8857e-01 | 3.49e-01 | 1.14e-05 | 2.48e-14 |
|  500  |  906  | 1895  | +1.8857e-01 | 3.49e-01 | 1.13e-05 | 2.43e-14 |
|  501  |  908  | 1899  | +1.8857e-01 | 3.49e-01 | 1.08e-05 | 1.23e-14 |
|  502  |  910  | 1903  | +1.8857e-01 | 3.49e-01 | 1.16e-05 | 3.26e-14 |
|  503  |  912  | 1907  | +1.8857e-01 | 3.49e-01 | 1.11e-05 | 1.21e-14 |
|  504  |  914  | 1911  | +1.8857e-01 | 3.49e-01 | 1.13e-05 | 2.71e-14 |
|  505  |  916  | 1915  | +1.8857e-01 | 3.49e-01 | 1.08e-05 | 1.17e-14 |
|  506  |  918  | 1919  | +1.8857e-01 | 3.49e-01 | 1.14e-05 | 3.12e-14 |
|  507  |  920  | 1923  | +1.8857e-01 | 3.49e-01 | 1.07e-05 | 1.23e-14 |
|  508  |  922  | 1927  | +1.8857e-01 | 3.49e-01 | 1.08e-05 | 2.92e-14 |
|  509  |  924  | 1931  | +1.8857e-01 | 3.49e-01 | 1.03e-05 | 1.87e-14 |
|  510  |  926  | 1935  | +1.8857e-01 | 3.49e-01 | 1.06e-05 | 2.83e-14 |
|  511  |  928  | 1939  | +1.8857e-01 | 3.49e-01 | 9.78e-06 | 1.24e-14 |

`gtol` termination condition is satisfied.
Number of iterations: 511, function evaluations: 928, CG iterations: 1939, optimality: 9.78e-06, constraint violation: 1.24e-14, execution time: 1.2e+01 s.
F_aca (full space)= 0.18856657001074972
WARNING: This is a completely UNoptimized simple variant for the constrained minimization, for larger number of orbitals please use the optimized Fortan implementation.
tcplx= True
nvar= 512
Wsites= [0]
| niter |f evals|CG iter|  obj func   |tr radius |   opt    |  c viol  |
|-------|-------|-------|-------------|----------|----------|----------|
|   1   |   1   |   0   | +2.3027e-01 | 1.00e+00 | 5.02e-02 | 4.28e-01 |
|   2   |   2   |   1   | +2.3027e-01 | 3.62e-01 | 5.02e-02 | 4.28e-01 |
|   3   |   3   |   2   | +1.9835e-01 | 2.27e+00 | 5.82e-02 | 3.58e-01 |
|   4   |   4   |   4   | +1.9835e-01 | 2.27e-01 | 5.82e-02 | 3.58e-01 |
|   5   |   5   |   5   | +1.1576e-01 | 1.59e+00 | 4.97e-02 | 3.24e-01 |
|   6   |   6   |   7   | +1.1576e-01 | 1.59e-01 | 4.97e-02 | 3.24e-01 |
|   7   |   7   |   8   | +9.7207e-02 | 1.11e+00 | 4.81e-02 | 2.83e-01 |
|   8   |   8   |  10   | +9.7207e-02 | 1.38e-01 | 4.81e-02 | 2.83e-01 |
|   9   |   9   |  11   | +6.4770e-02 | 9.66e-01 | 4.26e-02 | 2.74e-01 |
|  10   |  10   |  13   | +6.4770e-02 | 1.26e-01 | 4.26e-02 | 2.74e-01 |
|  11   |  11   |  14   | +6.1423e-02 | 8.80e-01 | 3.72e-02 | 2.48e-01 |
|  12   |  12   |  16   | +6.1423e-02 | 1.25e-01 | 3.72e-02 | 2.48e-01 |
|  13   |  13   |  17   | +6.3401e-02 | 8.73e-01 | 3.05e-02 | 2.21e-01 |
|  14   |  14   |  19   | +6.3401e-02 | 1.16e-01 | 3.05e-02 | 2.21e-01 |
|  15   |  15   |  20   | +6.8663e-02 | 8.13e-01 | 2.91e-02 | 1.97e-01 |
|  16   |  16   |  22   | +6.8663e-02 | 1.14e-01 | 2.91e-02 | 1.97e-01 |
|  17   |  17   |  24   | +7.6052e-02 | 8.01e-01 | 3.48e-02 | 1.72e-01 |
|  18   |  18   |  26   | +7.6052e-02 | 1.09e-01 | 3.48e-02 | 1.72e-01 |
|  19   |  19   |  28   | +8.6596e-02 | 7.64e-01 | 3.76e-02 | 1.29e-01 |
|  20   |  20   |  31   | +8.6596e-02 | 1.34e-01 | 3.76e-02 | 1.29e-01 |
|  21   |  21   |  33   | +9.2325e-02 | 9.35e-01 | 3.76e-02 | 1.17e-01 |
|  22   |  22   |  35   | +9.2325e-02 | 1.04e-01 | 3.76e-02 | 1.17e-01 |
|  23   |  23   |  37   | +1.0639e-01 | 7.30e-01 | 3.83e-02 | 9.88e-02 |
|  24   |  24   |  40   | +1.0639e-01 | 1.08e-01 | 3.83e-02 | 9.88e-02 |
|  25   |  25   |  42   | +1.1303e-01 | 7.57e-01 | 3.97e-02 | 7.29e-02 |
|  26   |  26   |  45   | +1.1303e-01 | 7.99e-02 | 3.97e-02 | 7.29e-02 |
|  27   |  27   |  47   | +1.2256e-01 | 5.60e-01 | 4.21e-02 | 6.74e-02 |
|  28   |  28   |  50   | +1.2256e-01 | 7.15e-02 | 4.21e-02 | 6.74e-02 |
|  29   |  29   |  52   | +1.2747e-01 | 5.00e-01 | 4.33e-02 | 4.81e-02 |
|  30   |  30   |  55   | +1.2747e-01 | 5.00e-02 | 4.33e-02 | 4.81e-02 |
|  31   |  31   |  57   | +1.3312e-01 | 3.50e-01 | 4.71e-02 | 4.26e-02 |
|  32   |  32   |  59   | +1.3312e-01 | 5.71e-02 | 4.71e-02 | 4.26e-02 |
|  33   |  33   |  61   | +1.4005e-01 | 4.00e-01 | 4.95e-02 | 3.95e-02 |
|  34   |  34   |  65   | +1.4005e-01 | 5.19e-02 | 4.95e-02 | 3.95e-02 |
|  35   |  35   |  67   | +1.4468e-01 | 3.63e-01 | 5.10e-02 | 3.51e-02 |
|  36   |  36   |  70   | +1.4468e-01 | 3.83e-02 | 5.10e-02 | 3.51e-02 |
|  37   |  37   |  72   | +1.4814e-01 | 2.68e-01 | 5.16e-02 | 2.97e-02 |
|  38   |  38   |  75   | +1.4814e-01 | 4.26e-02 | 5.16e-02 | 2.97e-02 |
|  39   |  39   |  78   | +1.5290e-01 | 2.98e-01 | 5.18e-02 | 2.73e-02 |
|  40   |  40   |  81   | +1.5290e-01 | 3.38e-02 | 5.18e-02 | 2.73e-02 |
|  41   |  41   |  83   | +1.5575e-01 | 2.37e-01 | 5.20e-02 | 2.16e-02 |
|  42   |  42   |  86   | +1.5575e-01 | 3.47e-02 | 5.20e-02 | 2.16e-02 |
|  43   |  43   |  88   | +1.6008e-01 | 6.95e-02 | 5.21e-02 | 2.34e-02 |
|  44   |  44   |  91   | +1.6682e-01 | 1.39e-01 | 5.11e-02 | 1.87e-02 |
|  45   |  45   |  94   | +1.6682e-01 | 3.78e-02 | 5.11e-02 | 1.87e-02 |
|  46   |  46   |  96   | +1.6880e-01 | 2.65e-01 | 4.72e-02 | 1.32e-02 |
|  47   |  47   |  99   | +1.6880e-01 | 2.65e-02 | 4.72e-02 | 1.32e-02 |
|  48   |  48   |  101  | +1.7013e-01 | 1.85e-01 | 4.11e-02 | 1.03e-02 |
|  49   |  49   |  104  | +1.7013e-01 | 2.07e-02 | 4.11e-02 | 1.03e-02 |
|  50   |  50   |  106  | +1.7173e-01 | 1.45e-01 | 3.64e-02 | 9.20e-03 |
|  51   |  51   |  109  | +1.7173e-01 | 2.31e-02 | 3.64e-02 | 9.20e-03 |
|  52   |  52   |  111  | +1.7371e-01 | 1.62e-01 | 3.23e-02 | 6.83e-03 |
|  53   |  53   |  113  | +1.7371e-01 | 2.15e-02 | 3.23e-02 | 6.83e-03 |
|  54   |  54   |  115  | +1.7618e-01 | 1.51e-01 | 3.11e-02 | 6.67e-03 |
|  55   |  55   |  117  | +1.7618e-01 | 1.85e-02 | 3.11e-02 | 6.67e-03 |
|  56   |  56   |  119  | +1.7816e-01 | 1.30e-01 | 3.00e-02 | 4.98e-03 |
|  57   |  57   |  122  | +1.7816e-01 | 1.58e-02 | 3.00e-02 | 4.98e-03 |
|  58   |  58   |  124  | +1.8000e-01 | 1.10e-01 | 2.93e-02 | 3.70e-03 |
|  59   |  59   |  127  | +1.8000e-01 | 1.62e-02 | 2.93e-02 | 3.70e-03 |
|  60   |  60   |  129  | +1.8216e-01 | 1.13e-01 | 2.87e-02 | 3.38e-03 |
|  61   |  61   |  132  | +1.8216e-01 | 2.02e-02 | 2.87e-02 | 3.38e-03 |
|  62   |  62   |  134  | +1.8481e-01 | 1.41e-01 | 2.76e-02 | 2.22e-03 |
|  63   |  63   |  136  | +1.8481e-01 | 1.95e-02 | 2.76e-02 | 2.22e-03 |
|  64   |  64   |  138  | +1.8754e-01 | 3.91e-02 | 2.75e-02 | 1.25e-03 |
|  65   |  65   |  140  | +1.8754e-01 | 1.95e-02 | 2.75e-02 | 1.25e-03 |
|  66   |  66   |  142  | +1.8754e-01 | 9.77e-03 | 2.75e-02 | 1.25e-03 |
|  67   |  67   |  144  | +1.8890e-01 | 6.84e-02 | 2.84e-02 | 5.48e-04 |
|  68   |  68   |  146  | +1.8890e-01 | 2.41e-02 | 2.84e-02 | 5.48e-04 |
|  69   |  69   |  148  | +1.8833e-01 | 2.41e-02 | 2.53e-02 | 5.80e-04 |
|  70   |  70   |  150  | +1.8633e-01 | 4.82e-02 | 2.62e-02 | 5.80e-04 |
|  71   |  72   |  152  | +1.8386e-01 | 3.37e-01 | 2.52e-02 | 5.42e-05 |
|  72   |  74   |  156  | +1.8234e-01 | 3.37e-01 | 2.14e-02 | 9.09e-05 |
|  73   |  75   |  158  | +1.8181e-01 | 3.37e-01 | 2.01e-02 | 7.33e-05 |
|  74   |  77   |  162  | +1.7972e-01 | 4.76e-01 | 9.05e-03 | 9.21e-05 |
|  75   |  79   |  167  | +1.7887e-01 | 4.76e-01 | 9.13e-03 | 4.34e-05 |
|  76   |  80   |  170  | +1.7853e-01 | 4.76e-01 | 7.95e-03 | 9.62e-05 |
|  77   |  82   |  176  | +1.7811e-01 | 4.76e-01 | 1.27e-02 | 3.91e-05 |
|  78   |  83   |  180  | +1.7790e-01 | 4.76e-01 | 1.09e-02 | 8.93e-05 |
|  79   |  85   |  185  | +1.7776e-01 | 4.76e-01 | 1.09e-02 | 2.15e-06 |
|  80   |  86   |  187  | +1.7764e-01 | 4.76e-01 | 1.07e-02 | 1.39e-05 |
|  81   |  88   |  191  | +1.7737e-01 | 4.76e-01 | 9.33e-03 | 1.66e-06 |
|  82   |  90   |  196  | +1.7718e-01 | 4.76e-01 | 9.93e-03 | 3.32e-06 |
|  83   |  91   |  198  | +1.7707e-01 | 4.76e-01 | 8.47e-03 | 1.48e-05 |
|  84   |  93   |  204  | +1.7675e-01 | 4.76e-01 | 7.37e-03 | 7.94e-06 |
|  85   |  95   |  210  | +1.7659e-01 | 4.76e-01 | 6.77e-03 | 1.25e-06 |
|  86   |  97   |  216  | +1.7645e-01 | 4.76e-01 | 6.74e-03 | 1.20e-06 |
|  87   |  99   |  222  | +1.7635e-01 | 4.76e-01 | 6.53e-03 | 7.53e-07 |
|  88   |  101  |  227  | +1.7627e-01 | 4.76e-01 | 5.83e-03 | 4.25e-07 |
|  89   |  103  |  231  | +1.7621e-01 | 4.76e-01 | 5.23e-03 | 1.43e-07 |
|  90   |  105  |  235  | +1.7617e-01 | 4.76e-01 | 5.32e-03 | 1.27e-07 |
|  91   |  107  |  241  | +1.7610e-01 | 4.76e-01 | 6.69e-03 | 9.62e-07 |
|  92   |  108  |  243  | +1.7606e-01 | 4.76e-01 | 5.57e-03 | 4.44e-06 |
|  93   |  110  |  249  | +1.7600e-01 | 4.76e-01 | 5.15e-03 | 9.05e-07 |
|  94   |  111  |  251  | +1.7597e-01 | 4.76e-01 | 4.99e-03 | 2.73e-06 |
|  95   |  113  |  254  | +1.7595e-01 | 4.76e-01 | 4.11e-03 | 4.18e-08 |
|  96   |  115  |  260  | +1.7590e-01 | 4.76e-01 | 5.10e-03 | 3.73e-07 |
|  97   |  116  |  262  | +1.7589e-01 | 4.76e-01 | 4.28e-03 | 1.74e-06 |
|  98   |  118  |  267  | +1.7584e-01 | 4.76e-01 | 2.42e-03 | 1.40e-07 |
|  99   |  120  |  272  | +1.7581e-01 | 4.76e-01 | 2.35e-03 | 5.35e-08 |
|  100  |  122  |  276  | +1.7579e-01 | 4.76e-01 | 2.13e-03 | 2.78e-08 |
|  101  |  124  |  280  | +1.7577e-01 | 4.76e-01 | 2.17e-03 | 1.97e-08 |
|  102  |  126  |  284  | +1.7575e-01 | 4.76e-01 | 1.97e-03 | 1.86e-08 |
|  103  |  128  |  289  | +1.7574e-01 | 4.76e-01 | 2.45e-03 | 4.55e-08 |
|  104  |  129  |  291  | +1.7573e-01 | 4.76e-01 | 2.63e-03 | 2.18e-06 |
|  105  |  131  |  297  | +1.7572e-01 | 4.76e-01 | 3.79e-03 | 7.90e-08 |
|  106  |  132  |  298  | +1.7571e-01 | 4.76e-01 | 3.22e-03 | 2.98e-07 |
|  107  |  134  |  300  | +1.7569e-01 | 4.76e-01 | 6.09e-04 | 1.10e-08 |
|  108  |  136  |  305  | +1.7569e-01 | 4.76e-01 | 1.11e-03 | 7.38e-09 |
|  109  |  138  |  310  | +1.7568e-01 | 4.76e-01 | 1.15e-03 | 3.43e-09 |
|  110  |  140  |  315  | +1.7567e-01 | 4.76e-01 | 1.07e-03 | 3.13e-09 |
|  111  |  142  |  319  | +1.7567e-01 | 4.76e-01 | 9.41e-04 | 2.25e-09 |
|  112  |  144  |  324  | +1.7566e-01 | 4.76e-01 | 9.52e-04 | 3.22e-09 |
|  113  |  146  |  329  | +1.7566e-01 | 4.76e-01 | 8.69e-04 | 1.96e-09 |
|  114  |  148  |  336  | +1.7565e-01 | 4.76e-01 | 2.52e-03 | 1.60e-07 |
|  115  |  149  |  337  | +1.7565e-01 | 4.76e-01 | 2.26e-03 | 6.78e-08 |
|  116  |  151  |  339  | +1.7564e-01 | 4.76e-01 | 4.14e-04 | 9.40e-09 |
|  117  |  153  |  344  | +1.7564e-01 | 4.76e-01 | 4.60e-04 | 6.35e-09 |
|  118  |  155  |  350  | +1.7564e-01 | 4.76e-01 | 4.61e-04 | 4.05e-09 |
|  119  |  157  |  355  | +1.7563e-01 | 4.76e-01 | 4.56e-04 | 3.40e-09 |
|  120  |  159  |  360  | +1.7563e-01 | 4.76e-01 | 4.35e-04 | 3.89e-09 |
|  121  |  161  |  364  | +1.7563e-01 | 4.76e-01 | 3.96e-04 | 2.94e-09 |
|  122  |  163  |  369  | +1.7563e-01 | 4.76e-01 | 3.87e-04 | 3.79e-09 |
|  123  |  165  |  374  | +1.7563e-01 | 4.76e-01 | 3.57e-04 | 2.07e-09 |
|  124  |  167  |  379  | +1.7563e-01 | 4.76e-01 | 3.61e-04 | 3.04e-09 |
|  125  |  169  |  384  | +1.7562e-01 | 4.76e-01 | 3.32e-04 | 1.29e-09 |
|  126  |  171  |  389  | +1.7562e-01 | 4.76e-01 | 3.43e-04 | 2.79e-09 |
|  127  |  173  |  397  | +1.7562e-01 | 4.76e-01 | 1.27e-03 | 7.87e-08 |
|  128  |  174  |  398  | +1.7562e-01 | 4.76e-01 | 1.08e-03 | 3.08e-08 |
|  129  |  176  |  401  | +1.7562e-01 | 4.76e-01 | 2.07e-04 | 2.04e-09 |
|  130  |  178  |  406  | +1.7562e-01 | 4.76e-01 | 2.97e-04 | 1.92e-09 |
|  131  |  180  |  411  | +1.7562e-01 | 4.76e-01 | 2.75e-04 | 6.67e-10 |
|  132  |  182  |  416  | +1.7562e-01 | 4.76e-01 | 2.63e-04 | 6.67e-10 |
|  133  |  184  |  421  | +1.7562e-01 | 4.76e-01 | 2.48e-04 | 5.50e-10 |
|  134  |  186  |  425  | +1.7562e-01 | 4.76e-01 | 2.50e-04 | 4.53e-10 |
|  135  |  188  |  429  | +1.7562e-01 | 4.76e-01 | 2.31e-04 | 4.62e-10 |
|  136  |  190  |  433  | +1.7562e-01 | 4.76e-01 | 2.34e-04 | 4.60e-10 |
|  137  |  192  |  437  | +1.7562e-01 | 4.76e-01 | 2.13e-04 | 3.85e-10 |
|  138  |  194  |  441  | +1.7562e-01 | 4.76e-01 | 2.23e-04 | 3.92e-10 |
|  139  |  196  |  445  | +1.7562e-01 | 4.76e-01 | 1.95e-04 | 2.92e-10 |
|  140  |  198  |  449  | +1.7561e-01 | 4.76e-01 | 2.21e-04 | 3.21e-10 |
|  141  |  200  |  453  | +1.7561e-01 | 4.76e-01 | 1.80e-04 | 1.89e-10 |
|  142  |  202  |  457  | +1.7561e-01 | 4.76e-01 | 2.38e-04 | 2.36e-10 |
|  143  |  204  |  464  | +1.7561e-01 | 4.76e-01 | 5.56e-04 | 1.59e-08 |
|  144  |  205  |  465  | +1.7561e-01 | 4.76e-01 | 4.84e-04 | 4.74e-09 |
|  145  |  207  |  467  | +1.7561e-01 | 4.76e-01 | 1.08e-04 | 6.14e-10 |
|  146  |  209  |  473  | +1.7561e-01 | 4.76e-01 | 1.52e-04 | 8.46e-10 |
|  147  |  211  |  478  | +1.7561e-01 | 4.76e-01 | 1.40e-04 | 2.44e-10 |
|  148  |  213  |  483  | +1.7561e-01 | 4.76e-01 | 1.45e-04 | 1.43e-10 |
|  149  |  215  |  488  | +1.7561e-01 | 4.76e-01 | 1.47e-04 | 1.18e-10 |
|  150  |  217  |  493  | +1.7561e-01 | 4.76e-01 | 1.43e-04 | 1.10e-10 |
|  151  |  219  |  498  | +1.7561e-01 | 4.76e-01 | 1.37e-04 | 9.68e-11 |
|  152  |  221  |  503  | +1.7561e-01 | 4.76e-01 | 1.29e-04 | 8.49e-11 |
|  153  |  223  |  508  | +1.7561e-01 | 4.76e-01 | 1.21e-04 | 7.77e-11 |
|  154  |  225  |  513  | +1.7561e-01 | 4.76e-01 | 1.13e-04 | 7.16e-11 |
|  155  |  227  |  518  | +1.7561e-01 | 4.76e-01 | 1.06e-04 | 6.60e-11 |
|  156  |  229  |  523  | +1.7561e-01 | 4.76e-01 | 9.92e-05 | 6.05e-11 |
|  157  |  231  |  528  | +1.7561e-01 | 4.76e-01 | 9.29e-05 | 5.59e-11 |
|  158  |  233  |  533  | +1.7561e-01 | 4.76e-01 | 8.64e-05 | 5.14e-11 |
|  159  |  235  |  538  | +1.7561e-01 | 4.76e-01 | 8.06e-05 | 4.77e-11 |
|  160  |  237  |  542  | +1.7561e-01 | 4.76e-01 | 7.56e-05 | 4.00e-11 |
|  161  |  239  |  547  | +1.7561e-01 | 4.76e-01 | 7.24e-05 | 4.26e-11 |
|  162  |  241  |  552  | +1.7561e-01 | 4.76e-01 | 6.89e-05 | 3.58e-11 |
|  163  |  243  |  557  | +1.7561e-01 | 4.76e-01 | 6.81e-05 | 3.45e-11 |
|  164  |  245  |  562  | +1.7561e-01 | 4.76e-01 | 6.95e-05 | 3.06e-11 |
|  165  |  247  |  567  | +1.7561e-01 | 4.76e-01 | 6.87e-05 | 2.93e-11 |
|  166  |  249  |  572  | +1.7561e-01 | 4.76e-01 | 7.04e-05 | 2.62e-11 |
|  167  |  251  |  577  | +1.7561e-01 | 4.76e-01 | 6.97e-05 | 2.51e-11 |
|  168  |  253  |  582  | +1.7561e-01 | 4.76e-01 | 7.14e-05 | 2.24e-11 |
|  169  |  255  |  587  | +1.7561e-01 | 4.76e-01 | 7.07e-05 | 2.15e-11 |
|  170  |  257  |  592  | +1.7561e-01 | 4.76e-01 | 7.25e-05 | 1.92e-11 |
|  171  |  259  |  597  | +1.7561e-01 | 4.76e-01 | 7.17e-05 | 1.85e-11 |
|  172  |  261  |  602  | +1.7561e-01 | 4.76e-01 | 7.33e-05 | 1.65e-11 |
|  173  |  263  |  607  | +1.7561e-01 | 4.76e-01 | 7.25e-05 | 1.58e-11 |
|  174  |  265  |  612  | +1.7561e-01 | 4.76e-01 | 7.38e-05 | 1.41e-11 |
|  175  |  267  |  617  | +1.7561e-01 | 4.76e-01 | 7.31e-05 | 1.36e-11 |
|  176  |  269  |  622  | +1.7561e-01 | 4.76e-01 | 7.42e-05 | 1.21e-11 |
|  177  |  271  |  627  | +1.7561e-01 | 4.76e-01 | 7.36e-05 | 1.16e-11 |
|  178  |  273  |  632  | +1.7561e-01 | 4.76e-01 | 7.44e-05 | 1.04e-11 |
|  179  |  275  |  637  | +1.7561e-01 | 4.76e-01 | 7.39e-05 | 9.97e-12 |
|  180  |  277  |  642  | +1.7561e-01 | 4.76e-01 | 7.46e-05 | 8.97e-12 |
|  181  |  279  |  647  | +1.7561e-01 | 4.76e-01 | 7.41e-05 | 8.55e-12 |
|  182  |  281  |  652  | +1.7561e-01 | 4.76e-01 | 7.45e-05 | 7.72e-12 |
|  183  |  283  |  657  | +1.7561e-01 | 4.76e-01 | 7.41e-05 | 7.34e-12 |
|  184  |  285  |  662  | +1.7561e-01 | 4.76e-01 | 7.44e-05 | 6.67e-12 |
|  185  |  287  |  667  | +1.7561e-01 | 4.76e-01 | 7.40e-05 | 6.32e-12 |
|  186  |  289  |  672  | +1.7561e-01 | 4.76e-01 | 7.41e-05 | 5.77e-12 |
|  187  |  291  |  677  | +1.7561e-01 | 4.76e-01 | 7.37e-05 | 5.46e-12 |
|  188  |  293  |  682  | +1.7561e-01 | 4.76e-01 | 7.37e-05 | 5.02e-12 |
|  189  |  295  |  687  | +1.7561e-01 | 4.76e-01 | 7.33e-05 | 4.75e-12 |
|  190  |  297  |  692  | +1.7561e-01 | 4.76e-01 | 7.32e-05 | 4.40e-12 |
|  191  |  299  |  697  | +1.7561e-01 | 4.76e-01 | 7.27e-05 | 4.26e-12 |
|  192  |  301  |  702  | +1.7561e-01 | 4.76e-01 | 7.24e-05 | 4.08e-12 |
|  193  |  303  |  707  | +1.7561e-01 | 4.76e-01 | 7.18e-05 | 3.93e-12 |
|  194  |  305  |  712  | +1.7561e-01 | 4.76e-01 | 7.13e-05 | 3.67e-12 |
|  195  |  307  |  717  | +1.7561e-01 | 4.76e-01 | 7.07e-05 | 3.36e-12 |
|  196  |  309  |  722  | +1.7561e-01 | 4.76e-01 | 7.03e-05 | 3.14e-12 |
|  197  |  311  |  727  | +1.7561e-01 | 4.76e-01 | 6.99e-05 | 3.08e-12 |
|  198  |  313  |  732  | +1.7561e-01 | 4.76e-01 | 6.97e-05 | 3.08e-12 |
|  199  |  315  |  737  | +1.7561e-01 | 4.76e-01 | 6.94e-05 | 3.04e-12 |
|  200  |  317  |  742  | +1.7561e-01 | 4.76e-01 | 6.91e-05 | 2.94e-12 |
|  201  |  319  |  747  | +1.7561e-01 | 4.76e-01 | 6.88e-05 | 2.77e-12 |
|  202  |  321  |  752  | +1.7561e-01 | 4.76e-01 | 6.85e-05 | 2.55e-12 |
|  203  |  323  |  756  | +1.7561e-01 | 4.76e-01 | 6.84e-05 | 1.08e-12 |
|  204  |  325  |  760  | +1.7561e-01 | 4.76e-01 | 7.18e-05 | 1.29e-12 |
|  205  |  327  |  764  | +1.7561e-01 | 4.76e-01 | 7.51e-05 | 1.02e-12 |
|  206  |  329  |  768  | +1.7561e-01 | 4.76e-01 | 7.80e-05 | 9.84e-13 |
|  207  |  331  |  772  | +1.7561e-01 | 4.76e-01 | 7.99e-05 | 7.05e-13 |
|  208  |  333  |  776  | +1.7561e-01 | 4.76e-01 | 8.07e-05 | 6.03e-13 |
|  209  |  335  |  780  | +1.7561e-01 | 4.76e-01 | 8.10e-05 | 4.56e-13 |
|  210  |  337  |  784  | +1.7561e-01 | 4.76e-01 | 8.04e-05 | 4.42e-13 |
|  211  |  339  |  788  | +1.7561e-01 | 4.76e-01 | 8.00e-05 | 3.75e-13 |
|  212  |  341  |  792  | +1.7561e-01 | 4.76e-01 | 7.89e-05 | 3.98e-13 |
|  213  |  343  |  796  | +1.7561e-01 | 4.76e-01 | 7.83e-05 | 3.45e-13 |
|  214  |  345  |  800  | +1.7561e-01 | 4.76e-01 | 7.72e-05 | 3.66e-13 |
|  215  |  347  |  804  | +1.7561e-01 | 4.76e-01 | 7.69e-05 | 3.13e-13 |
|  216  |  349  |  808  | +1.7561e-01 | 4.76e-01 | 7.59e-05 | 3.29e-13 |
|  217  |  351  |  812  | +1.7561e-01 | 4.76e-01 | 7.58e-05 | 2.71e-13 |
|  218  |  353  |  816  | +1.7561e-01 | 4.76e-01 | 7.48e-05 | 2.96e-13 |
|  219  |  355  |  820  | +1.7561e-01 | 4.76e-01 | 7.48e-05 | 2.33e-13 |
|  220  |  357  |  824  | +1.7561e-01 | 4.76e-01 | 7.36e-05 | 3.35e-13 |
|  221  |  359  |  828  | +1.7561e-01 | 4.76e-01 | 7.38e-05 | 2.33e-13 |
|  222  |  361  |  832  | +1.7561e-01 | 4.76e-01 | 7.24e-05 | 4.50e-13 |
|  223  |  363  |  836  | +1.7561e-01 | 4.76e-01 | 7.27e-05 | 3.97e-13 |
|  224  |  365  |  840  | +1.7561e-01 | 4.76e-01 | 7.10e-05 | 7.60e-13 |
|  225  |  367  |  844  | +1.7561e-01 | 4.76e-01 | 7.16e-05 | 8.72e-13 |
|  226  |  369  |  848  | +1.7561e-01 | 4.76e-01 | 6.95e-05 | 1.74e-12 |
|  227  |  371  |  852  | +1.7561e-01 | 4.76e-01 | 7.03e-05 | 2.55e-12 |
|  228  |  373  |  856  | +1.7561e-01 | 4.76e-01 | 6.74e-05 | 5.63e-12 |
|  229  |  375  |  862  | +1.7561e-01 | 4.76e-01 | 7.66e-05 | 7.20e-11 |
|  230  |  376  |  864  | +1.7561e-01 | 4.76e-01 | 7.62e-05 | 5.57e-10 |
|  231  |  378  |  870  | +1.7561e-01 | 4.76e-01 | 8.53e-05 | 1.77e-11 |
|  232  |  380  |  876  | +1.7561e-01 | 4.76e-01 | 8.77e-05 | 1.85e-11 |
|  233  |  382  |  882  | +1.7561e-01 | 4.76e-01 | 8.22e-05 | 2.70e-11 |
|  234  |  384  |  888  | +1.7561e-01 | 4.76e-01 | 7.67e-05 | 2.61e-11 |
|  235  |  386  |  894  | +1.7561e-01 | 4.76e-01 | 7.05e-05 | 1.94e-11 |
|  236  |  388  |  900  | +1.7561e-01 | 4.76e-01 | 6.57e-05 | 1.30e-11 |
|  237  |  390  |  906  | +1.7561e-01 | 4.76e-01 | 6.05e-05 | 9.38e-12 |
|  238  |  392  |  912  | +1.7561e-01 | 4.76e-01 | 5.78e-05 | 5.84e-12 |
|  239  |  394  |  918  | +1.7561e-01 | 4.76e-01 | 5.39e-05 | 4.86e-12 |
|  240  |  396  |  924  | +1.7561e-01 | 4.76e-01 | 5.30e-05 | 2.99e-12 |
|  241  |  398  |  930  | +1.7561e-01 | 4.76e-01 | 5.00e-05 | 3.05e-12 |
|  242  |  400  |  936  | +1.7561e-01 | 4.76e-01 | 4.93e-05 | 2.52e-12 |
|  243  |  402  |  942  | +1.7561e-01 | 4.76e-01 | 4.65e-05 | 2.17e-12 |
|  244  |  404  |  948  | +1.7561e-01 | 4.76e-01 | 4.59e-05 | 2.09e-12 |
|  245  |  406  |  955  | +1.7561e-01 | 4.76e-01 | 4.69e-05 | 2.72e-12 |
|  246  |  408  |  961  | +1.7561e-01 | 4.76e-01 | 4.41e-05 | 1.49e-12 |
|  247  |  410  |  967  | +1.7561e-01 | 4.76e-01 | 4.15e-05 | 1.60e-12 |
|  248  |  412  |  973  | +1.7561e-01 | 4.76e-01 | 3.94e-05 | 1.70e-12 |
|  249  |  414  |  979  | +1.7561e-01 | 4.76e-01 | 3.68e-05 | 1.86e-12 |
|  250  |  416  |  985  | +1.7561e-01 | 4.76e-01 | 3.50e-05 | 1.93e-12 |
|  251  |  418  |  991  | +1.7561e-01 | 4.76e-01 | 3.31e-05 | 1.87e-12 |
|  252  |  420  |  997  | +1.7561e-01 | 4.76e-01 | 3.18e-05 | 1.73e-12 |
|  253  |  422  | 1003  | +1.7561e-01 | 4.76e-01 | 3.05e-05 | 1.62e-12 |
|  254  |  424  | 1009  | +1.7561e-01 | 4.76e-01 | 2.96e-05 | 1.45e-12 |
|  255  |  426  | 1015  | +1.7561e-01 | 4.76e-01 | 2.85e-05 | 1.32e-12 |
|  256  |  428  | 1021  | +1.7561e-01 | 4.76e-01 | 2.77e-05 | 1.16e-12 |
|  257  |  430  | 1027  | +1.7561e-01 | 4.76e-01 | 2.67e-05 | 1.05e-12 |
|  258  |  432  | 1033  | +1.7561e-01 | 4.76e-01 | 2.59e-05 | 9.24e-13 |
|  259  |  434  | 1039  | +1.7561e-01 | 4.76e-01 | 2.49e-05 | 8.46e-13 |
|  260  |  436  | 1045  | +1.7561e-01 | 4.76e-01 | 2.42e-05 | 7.63e-13 |
|  261  |  438  | 1051  | +1.7561e-01 | 4.76e-01 | 2.32e-05 | 7.11e-13 |
|  262  |  440  | 1057  | +1.7561e-01 | 4.76e-01 | 2.24e-05 | 6.49e-13 |
|  263  |  442  | 1063  | +1.7561e-01 | 4.76e-01 | 2.15e-05 | 6.07e-13 |
|  264  |  444  | 1069  | +1.7561e-01 | 4.76e-01 | 2.08e-05 | 5.55e-13 |
|  265  |  446  | 1075  | +1.7561e-01 | 4.76e-01 | 2.00e-05 | 5.17e-13 |
|  266  |  448  | 1081  | +1.7561e-01 | 4.76e-01 | 1.93e-05 | 4.69e-13 |
|  267  |  450  | 1087  | +1.7561e-01 | 4.76e-01 | 1.86e-05 | 4.33e-13 |
|  268  |  452  | 1093  | +1.7561e-01 | 4.76e-01 | 1.80e-05 | 3.90e-13 |
|  269  |  454  | 1099  | +1.7561e-01 | 4.76e-01 | 1.73e-05 | 3.57e-13 |
|  270  |  456  | 1105  | +1.7561e-01 | 4.76e-01 | 1.68e-05 | 3.20e-13 |
|  271  |  458  | 1111  | +1.7561e-01 | 4.76e-01 | 1.62e-05 | 2.91e-13 |
|  272  |  460  | 1117  | +1.7561e-01 | 4.76e-01 | 1.57e-05 | 2.59e-13 |
|  273  |  462  | 1123  | +1.7561e-01 | 4.76e-01 | 1.52e-05 | 2.34e-13 |
|  274  |  464  | 1129  | +1.7561e-01 | 4.76e-01 | 1.48e-05 | 2.08e-13 |
|  275  |  466  | 1135  | +1.7561e-01 | 4.76e-01 | 1.43e-05 | 1.87e-13 |
|  276  |  468  | 1141  | +1.7561e-01 | 4.76e-01 | 1.39e-05 | 1.66e-13 |
|  277  |  470  | 1147  | +1.7561e-01 | 4.76e-01 | 1.35e-05 | 1.49e-13 |
|  278  |  472  | 1153  | +1.7561e-01 | 4.76e-01 | 1.31e-05 | 1.32e-13 |
|  279  |  474  | 1159  | +1.7561e-01 | 4.76e-01 | 1.28e-05 | 1.18e-13 |
|  280  |  476  | 1165  | +1.7561e-01 | 4.76e-01 | 1.24e-05 | 1.07e-13 |
|  281  |  478  | 1171  | +1.7561e-01 | 4.76e-01 | 1.21e-05 | 9.58e-14 |
|  282  |  480  | 1177  | +1.7561e-01 | 4.76e-01 | 1.18e-05 | 8.78e-14 |
|  283  |  482  | 1183  | +1.7561e-01 | 4.76e-01 | 1.15e-05 | 7.89e-14 |
|  284  |  484  | 1189  | +1.7561e-01 | 4.76e-01 | 1.12e-05 | 7.23e-14 |
|  285  |  486  | 1195  | +1.7561e-01 | 4.76e-01 | 1.10e-05 | 6.55e-14 |
|  286  |  488  | 1201  | +1.7561e-01 | 4.76e-01 | 1.09e-05 | 6.04e-14 |
|  287  |  490  | 1207  | +1.7561e-01 | 4.76e-01 | 1.08e-05 | 5.51e-14 |
|  288  |  492  | 1213  | +1.7561e-01 | 4.76e-01 | 1.07e-05 | 5.07e-14 |
|  289  |  494  | 1219  | +1.7561e-01 | 4.76e-01 | 1.06e-05 | 4.65e-14 |
|  290  |  496  | 1225  | +1.7561e-01 | 4.76e-01 | 1.05e-05 | 4.30e-14 |
|  291  |  498  | 1231  | +1.7561e-01 | 4.76e-01 | 1.04e-05 | 3.99e-14 |
|  292  |  500  | 1237  | +1.7561e-01 | 4.76e-01 | 1.02e-05 | 3.71e-14 |
|  293  |  502  | 1243  | +1.7561e-01 | 4.76e-01 | 1.01e-05 | 3.47e-14 |
|  294  |  504  | 1249  | +1.7561e-01 | 4.76e-01 | 1.00e-05 | 3.28e-14 |
|  295  |  506  | 1255  | +1.7561e-01 | 4.76e-01 | 9.89e-06 | 3.11e-14 |

`gtol` termination condition is satisfied.
Number of iterations: 295, function evaluations: 506, CG iterations: 1255, optimality: 9.89e-06, constraint violation: 3.11e-14, execution time:  6.7 s.
F_reordered (full space)= 0.1756102061118654
