GS energy with  DMRG -23.993934306228297
N= 15.999999999539924
E= -23.993934306228297
D= [[ 4.99999989e-01+0.j -2.61654491e-12+0.j  4.17770028e-01+0.j ...
  -4.68043658e-11+0.j -4.71829785e-02+0.j  2.21989912e-09+0.j]
 [-2.61654490e-12+0.j  4.99999904e-01+0.j  1.52361888e-11+0.j ...
   1.27229761e-06+0.j  2.36023220e-09+0.j -4.71781745e-02+0.j]
 [ 4.17770028e-01+0.j  1.52361888e-11+0.j  4.99999983e-01+0.j ...
  -9.77624081e-10+0.j -1.54128005e-07+0.j -1.80910574e-11+0.j]
 ...
 [-4.68043658e-11+0.j  1.27229761e-06+0.j -9.77624081e-10+0.j ...
   5.00000023e-01+0.j  5.50498264e-12+0.j  4.17770027e-01+0.j]
 [-4.71829785e-02+0.j  2.36023220e-09+0.j -1.54128005e-07+0.j ...
   5.50498264e-12+0.j  5.00000038e-01+0.j  7.10396207e-12+0.j]
 [ 2.21989912e-09+0.j -4.71781745e-02+0.j -1.80910574e-11+0.j ...
   4.17770027e-01+0.j  7.10396213e-12+0.j  5.00000091e-01+0.j]]
W= [0.19168018+0.j 0.21022207+0.j 0.21055275+0.j 0.2131114 +0.j
 0.21299392+0.j 0.21379283+0.j 0.21372003+0.j 0.21392481+0.j
 0.21392478+0.j 0.21372003+0.j 0.21379279+0.j 0.21299393+0.j
 0.21311141+0.j 0.21055286+0.j 0.21022211+0.j 0.19168032+0.j]
local approximation with  1 sites
local interactions on sites [[0], [1], [2], [3], [4], [5], [6], [7], [8], [9], [10], [11], [12], [13], [14], [15]]
Functional for interaction on sites [0]
interacting orbitals: [0, 1]
mapping: [0, 1, 2, 3, 4, 5, 6, 7, 8, 9, 10, 11, 12, 13, 14, 15, 16, 17, 18, 19, 20, 21, 22, 23, 24, 25, 26, 27, 28, 29, 30, 31]
orbinteractaca= [0, 1]
aca: level 4  norb= 10
Daca= [[ 4.99999989e-01+0.j -2.61654491e-12+0.j -4.81799519e-01+0.j
  -3.20764415e-26+0.j -1.42550679e-23+0.j  1.12990931e-27+0.j
  -9.79511010e-18+0.j  1.68552640e-27+0.j -4.83810288e-24+0.j
   6.77871792e-28+0.j]
 [-2.61654490e-12+0.j  4.99999904e-01+0.j  2.06274657e-11+0.j
  -4.81800733e-01+0.j -4.99007940e-28+0.j -1.26826307e-23+0.j
  -2.15665899e-27+0.j  2.13382396e-17+0.j  2.14401460e-28+0.j
   1.60114575e-23+0.j]
 [-4.81799519e-01+0.j  2.06274657e-11+0.j  5.00000068e-01+0.j
   1.53598630e-12+0.j  1.79771566e-02+0.j -2.31327702e-27+0.j
  -1.10601576e-26+0.j -3.78970649e-27+0.j -3.57072093e-19+0.j
  -7.11062261e-27+0.j]
 [-6.65147103e-21+0.j -4.81800733e-01+0.j  1.53598629e-12+0.j
   5.00000360e-01+0.j  1.45847127e-11+0.j  1.79751772e-02+0.j
   3.76533059e-28+0.j  2.27444207e-24+0.j -4.69678866e-27+0.j
  -4.32449169e-19+0.j]
 [-5.59448541e-17+0.j  2.67703563e-20+0.j  1.79771566e-02+0.j
   1.45847127e-11+0.j  4.99997880e-01+0.j  1.33047935e-10+0.j
   4.77297563e-01+0.j  1.17470518e-24+0.j  3.18058786e-23+0.j
  -6.96247605e-26+0.j]
 [ 1.02802261e-20+0.j  7.67615246e-17+0.j -2.78619088e-20+0.j
   1.79751772e-02+0.j  1.33047935e-10+0.j  4.99978201e-01+0.j
   8.64219487e-11+0.j  4.77296416e-01+0.j -1.09428166e-27+0.j
   6.64195983e-22+0.j]
 [-1.32191018e-16+0.j  1.24035634e-20+0.j -1.57420199e-16+0.j
   1.71326853e-21+0.j  4.77297563e-01+0.j  8.64219487e-11+0.j
   5.00002019e-01+0.j -1.37389399e-10+0.j  1.24064766e-02+0.j
   1.44724877e-26+0.j]
 [-4.25603033e-21+0.j -5.63495892e-16+0.j  8.04977811e-21+0.j
   1.08527003e-16+0.j  2.12974118e-20+0.j  4.77296416e-01+0.j
  -1.37389399e-10+0.j  5.00021990e-01+0.j  4.65842758e-11+0.j
   1.24088985e-02+0.j]
 [ 2.55871724e-17+0.j -2.64416554e-20+0.j -3.52305025e-16+0.j
   9.69481583e-21+0.j  3.15146200e-16+0.j  1.53096457e-20+0.j
   1.24064766e-02+0.j  4.65842757e-11+0.j  5.00003002e-01+0.j
  -2.22371155e-10+0.j]
 [-1.36271785e-20+0.j -4.20670470e-17+0.j  5.60039319e-21+0.j
   3.55573085e-16+0.j  3.31969937e-20+0.j -1.51155917e-17+0.j
   2.64696649e-20+0.j  1.24088985e-02+0.j -2.22371155e-10+0.j
   5.00024346e-01+0.j]]
WARNING: This is a completely UNoptimized simple variant for the constrained minimization, for larger number of orbitals please use the optimized Fortan implementation.
tcplx= True
nvar= 2048
Wsites= [0]
| niter |f evals|CG iter|  obj func   |tr radius |   opt    |  c viol  |
|-------|-------|-------|-------------|----------|----------|----------|
|   1   |   1   |   0   | +2.5147e-01 | 1.00e+00 | 2.71e-02 | 4.94e-01 |
|   2   |   2   |   1   | +2.5147e-01 | 3.85e-01 | 2.71e-02 | 4.94e-01 |
|   3   |   3   |   2   | +1.9554e-01 | 2.36e+00 | 2.75e-02 | 4.17e-01 |
|   4   |   4   |   4   | +1.9554e-01 | 2.36e-01 | 2.75e-02 | 4.17e-01 |
|   5   |   5   |   6   | +1.5008e-01 | 1.65e+00 | 3.26e-02 | 3.67e-01 |
|   6   |   6   |   8   | +1.5008e-01 | 1.65e-01 | 3.26e-02 | 3.67e-01 |
|   7   |   7   |   9   | +1.2190e-01 | 1.16e+00 | 3.23e-02 | 3.30e-01 |
|   8   |   8   |  11   | +1.2190e-01 | 1.21e-01 | 3.23e-02 | 3.30e-01 |
|   9   |   9   |  12   | +9.7192e-02 | 8.49e-01 | 2.93e-02 | 3.11e-01 |
|  10   |  10   |  15   | +9.7192e-02 | 2.58e-01 | 2.93e-02 | 3.11e-01 |
|  11   |  11   |  17   | +8.9589e-02 | 1.80e+00 | 2.60e-02 | 2.51e-01 |
|  12   |  12   |  20   | +8.9589e-02 | 1.80e-01 | 2.60e-02 | 2.51e-01 |
|  13   |  13   |  22   | +1.0005e-01 | 3.61e-01 | 2.65e-02 | 2.11e-01 |
|  14   |  14   |  24   | +1.5284e-01 | 7.22e-01 | 4.29e-02 | 1.55e-01 |
|  15   |  15   |  27   | +1.5284e-01 | 9.04e-02 | 4.29e-02 | 1.55e-01 |
|  16   |  16   |  29   | +1.3581e-01 | 6.33e-01 | 3.51e-02 | 1.52e-01 |
|  17   |  17   |  32   | +1.3581e-01 | 6.48e-02 | 3.51e-02 | 1.52e-01 |
|  18   |  18   |  34   | +1.3577e-01 | 4.53e-01 | 3.31e-02 | 1.32e-01 |
|  19   |  19   |  37   | +1.3577e-01 | 1.32e-01 | 3.31e-02 | 1.32e-01 |
|  20   |  20   |  39   | +1.4243e-01 | 2.64e-01 | 3.21e-02 | 1.10e-01 |
|  21   |  21   |  41   | +1.6707e-01 | 5.27e-01 | 3.89e-02 | 1.10e-01 |
|  22   |  22   |  43   | +1.6707e-01 | 5.91e-02 | 3.89e-02 | 1.10e-01 |
|  23   |  23   |  44   | +1.5747e-01 | 4.14e-01 | 3.44e-02 | 8.13e-02 |
|  24   |  24   |  47   | +1.5747e-01 | 5.32e-02 | 3.44e-02 | 8.13e-02 |
|  25   |  25   |  48   | +1.5866e-01 | 3.72e-01 | 3.75e-02 | 7.25e-02 |
|  26   |  26   |  50   | +1.5866e-01 | 4.00e-02 | 3.75e-02 | 7.25e-02 |
|  27   |  27   |  51   | +1.6055e-01 | 2.80e-01 | 4.08e-02 | 6.86e-02 |
|  28   |  28   |  53   | +1.6055e-01 | 5.81e-02 | 4.08e-02 | 6.86e-02 |
|  29   |  29   |  54   | +1.6572e-01 | 4.06e-01 | 4.51e-02 | 6.81e-02 |
|  30   |  30   |  57   | +1.6572e-01 | 4.06e-02 | 4.51e-02 | 6.81e-02 |
|  31   |  31   |  58   | +1.6539e-01 | 2.84e-01 | 4.75e-02 | 5.92e-02 |
|  32   |  32   |  60   | +1.6539e-01 | 4.82e-02 | 4.75e-02 | 5.92e-02 |
|  33   |  33   |  61   | +1.6791e-01 | 3.38e-01 | 4.97e-02 | 5.48e-02 |
|  34   |  34   |  63   | +1.6791e-01 | 3.70e-02 | 4.97e-02 | 5.48e-02 |
|  35   |  35   |  64   | +1.6943e-01 | 2.59e-01 | 5.15e-02 | 5.16e-02 |
|  36   |  36   |  66   | +1.6943e-01 | 5.30e-02 | 5.15e-02 | 5.16e-02 |
|  37   |  37   |  67   | +1.7114e-01 | 3.71e-01 | 5.28e-02 | 5.04e-02 |
|  38   |  38   |  69   | +1.7114e-01 | 3.71e-02 | 5.28e-02 | 5.04e-02 |
|  39   |  39   |  70   | +1.7422e-01 | 2.60e-01 | 5.34e-02 | 4.81e-02 |
|  40   |  40   |  72   | +1.7422e-01 | 5.30e-02 | 5.34e-02 | 4.81e-02 |
|  41   |  41   |  73   | +1.7665e-01 | 3.71e-01 | 5.28e-02 | 4.18e-02 |
|  42   |  42   |  75   | +1.7665e-01 | 3.71e-02 | 5.28e-02 | 4.18e-02 |
|  43   |  43   |  76   | +1.8033e-01 | 2.60e-01 | 5.24e-02 | 4.67e-02 |
|  44   |  44   |  78   | +1.8033e-01 | 4.89e-02 | 5.24e-02 | 4.67e-02 |
|  45   |  45   |  79   | +1.8303e-01 | 3.42e-01 | 5.08e-02 | 3.73e-02 |
|  46   |  46   |  82   | +1.8303e-01 | 3.42e-02 | 5.08e-02 | 3.73e-02 |
|  47   |  47   |  83   | +1.8567e-01 | 2.39e-01 | 4.98e-02 | 3.58e-02 |
|  48   |  48   |  86   | +1.8567e-01 | 3.40e-02 | 4.98e-02 | 3.58e-02 |
|  49   |  49   |  87   | +1.8767e-01 | 2.38e-01 | 5.08e-02 | 3.02e-02 |
|  50   |  50   |  90   | +1.8767e-01 | 3.20e-02 | 5.08e-02 | 3.02e-02 |
|  51   |  51   |  92   | +1.9009e-01 | 2.24e-01 | 5.26e-02 | 2.87e-02 |
|  52   |  52   |  94   | +1.9009e-01 | 3.02e-02 | 5.26e-02 | 2.87e-02 |
|  53   |  53   |  95   | +1.9221e-01 | 2.12e-01 | 5.25e-02 | 3.06e-02 |
|  54   |  54   |  97   | +1.9221e-01 | 2.99e-02 | 5.25e-02 | 3.06e-02 |
|  55   |  55   |  99   | +1.9282e-01 | 2.09e-01 | 5.25e-02 | 2.53e-02 |
|  56   |  56   |  101  | +1.9282e-01 | 2.81e-02 | 5.25e-02 | 2.53e-02 |
|  57   |  57   |  103  | +1.9423e-01 | 1.97e-01 | 5.30e-02 | 2.30e-02 |
|  58   |  58   |  105  | +1.9423e-01 | 2.75e-02 | 5.30e-02 | 2.30e-02 |
|  59   |  59   |  107  | +1.9538e-01 | 1.92e-01 | 5.26e-02 | 2.16e-02 |
|  60   |  60   |  109  | +1.9538e-01 | 2.72e-02 | 5.26e-02 | 2.16e-02 |
|  61   |  61   |  111  | +1.9687e-01 | 1.91e-01 | 5.15e-02 | 1.88e-02 |
|  62   |  62   |  113  | +1.9687e-01 | 3.44e-02 | 5.15e-02 | 1.88e-02 |
|  63   |  63   |  115  | +1.9842e-01 | 2.41e-01 | 5.08e-02 | 1.92e-02 |
|  64   |  64   |  117  | +1.9842e-01 | 2.82e-02 | 5.08e-02 | 1.92e-02 |
|  65   |  65   |  119  | +1.9939e-01 | 1.98e-01 | 5.12e-02 | 1.58e-02 |
|  66   |  66   |  121  | +1.9939e-01 | 2.16e-02 | 5.12e-02 | 1.58e-02 |
|  67   |  67   |  123  | +2.0099e-01 | 1.51e-01 | 5.25e-02 | 1.46e-02 |
|  68   |  68   |  125  | +2.0099e-01 | 3.08e-02 | 5.25e-02 | 1.46e-02 |
|  69   |  69   |  127  | +2.0217e-01 | 2.16e-01 | 5.25e-02 | 1.21e-02 |
|  70   |  70   |  129  | +2.0217e-01 | 3.27e-02 | 5.25e-02 | 1.21e-02 |
|  71   |  71   |  131  | +2.0385e-01 | 2.29e-01 | 5.32e-02 | 9.86e-03 |
|  72   |  72   |  134  | +2.0385e-01 | 4.15e-02 | 5.32e-02 | 9.86e-03 |
|  73   |  73   |  136  | +2.0639e-01 | 2.91e-01 | 5.46e-02 | 7.92e-03 |
|  74   |  74   |  139  | +2.0639e-01 | 4.09e-02 | 5.46e-02 | 7.92e-03 |
|  75   |  75   |  141  | +2.0923e-01 | 8.18e-02 | 5.66e-02 | 5.46e-03 |
|  76   |  76   |  143  | +2.0923e-01 | 2.96e-02 | 5.66e-02 | 5.46e-03 |
|  77   |  77   |  145  | +2.1218e-01 | 5.93e-02 | 5.95e-02 | 3.04e-03 |
|  78   |  78   |  147  | +2.1218e-01 | 2.96e-02 | 5.95e-02 | 3.04e-03 |
|  79   |  79   |  148  | +2.1414e-01 | 5.93e-02 | 5.94e-02 | 1.47e-03 |
|  80   |  80   |  150  | +2.0235e-01 | 1.19e-01 | 4.58e-02 | 3.51e-03 |
|  81   |  82   |  153  | +1.9308e-01 | 2.35e-01 | 1.96e-02 | 1.26e-03 |
|  82   |  83   |  155  | +1.9058e-01 | 2.35e-01 | 1.56e-02 | 5.96e-04 |
|  83   |  84   |  157  | +1.8865e-01 | 2.35e-01 | 1.10e-02 | 1.13e-03 |
|  84   |  85   |  159  | +1.8874e-01 | 2.35e-01 | 6.68e-03 | 2.43e-04 |
|  85   |  86   |  162  | +1.8844e-01 | 2.35e-01 | 2.11e-03 | 2.96e-04 |
|  86   |  87   |  164  | +1.8851e-01 | 2.35e-01 | 1.78e-03 | 2.34e-05 |
|  87   |  89   |  167  | +1.8849e-01 | 2.35e-01 | 9.09e-04 | 1.16e-07 |
|  88   |  91   |  170  | +1.8848e-01 | 2.35e-01 | 7.86e-04 | 6.03e-09 |
|  89   |  93   |  173  | +1.8847e-01 | 2.35e-01 | 1.05e-03 | 1.01e-08 |
|  90   |  95   |  178  | +1.8845e-01 | 2.35e-01 | 1.35e-03 | 1.75e-07 |
|  91   |  97   |  183  | +1.8844e-01 | 2.35e-01 | 1.90e-03 | 2.54e-07 |
|  92   |  98   |  185  | +1.8843e-01 | 2.35e-01 | 2.29e-03 | 2.40e-06 |
|  93   |  100  |  187  | +1.8843e-01 | 2.35e-01 | 2.71e-03 | 5.84e-09 |
|  94   |  101  |  188  | +1.8843e-01 | 2.35e-01 | 2.66e-03 | 4.14e-09 |
|  95   |  103  |  191  | +1.8841e-01 | 2.35e-01 | 7.80e-04 | 1.86e-07 |
|  96   |  105  |  195  | +1.8840e-01 | 2.35e-01 | 8.86e-04 | 2.32e-08 |
|  97   |  106  |  196  | +1.8840e-01 | 2.35e-01 | 8.73e-04 | 1.45e-08 |
|  98   |  108  |  200  | +1.8838e-01 | 2.35e-01 | 1.28e-03 | 5.38e-07 |
|  99   |  110  |  205  | +1.8836e-01 | 2.35e-01 | 2.30e-03 | 1.34e-06 |
|  100  |  111  |  206  | +1.8836e-01 | 2.35e-01 | 1.67e-03 | 7.38e-07 |
|  101  |  113  |  209  | +1.8834e-01 | 2.35e-01 | 6.94e-04 | 2.41e-07 |
|  102  |  115  |  213  | +1.8833e-01 | 2.35e-01 | 6.91e-04 | 1.18e-07 |
|  103  |  117  |  217  | +1.8832e-01 | 2.35e-01 | 5.95e-04 | 1.13e-07 |
|  104  |  119  |  221  | +1.8831e-01 | 2.35e-01 | 5.89e-04 | 1.04e-07 |
|  105  |  121  |  225  | +1.8830e-01 | 2.35e-01 | 5.56e-04 | 9.64e-08 |
|  106  |  123  |  229  | +1.8829e-01 | 2.35e-01 | 5.43e-04 | 8.49e-08 |
|  107  |  125  |  233  | +1.8828e-01 | 2.35e-01 | 5.04e-04 | 7.43e-08 |
|  108  |  127  |  237  | +1.8827e-01 | 2.35e-01 | 4.97e-04 | 6.42e-08 |
|  109  |  129  |  241  | +1.8827e-01 | 2.35e-01 | 4.69e-04 | 5.72e-08 |
|  110  |  131  |  245  | +1.8826e-01 | 2.35e-01 | 4.65e-04 | 4.90e-08 |
|  111  |  133  |  249  | +1.8825e-01 | 2.35e-01 | 4.47e-04 | 4.34e-08 |
|  112  |  135  |  253  | +1.8825e-01 | 2.35e-01 | 4.56e-04 | 3.58e-08 |
|  113  |  137  |  257  | +1.8824e-01 | 2.35e-01 | 4.60e-04 | 3.14e-08 |
|  114  |  139  |  261  | +1.8824e-01 | 2.35e-01 | 4.64e-04 | 2.41e-08 |
|  115  |  141  |  266  | +1.8824e-01 | 2.35e-01 | 1.41e-03 | 2.03e-07 |
|  116  |  142  |  267  | +1.8823e-01 | 2.35e-01 | 1.29e-03 | 3.74e-08 |
|  117  |  144  |  269  | +1.8823e-01 | 2.35e-01 | 3.16e-04 | 1.05e-08 |
|  118  |  146  |  272  | +1.8822e-01 | 2.35e-01 | 3.13e-04 | 1.70e-08 |
|  119  |  148  |  275  | +1.8822e-01 | 2.35e-01 | 3.47e-04 | 3.81e-09 |
|  120  |  150  |  278  | +1.8822e-01 | 2.35e-01 | 3.09e-04 | 7.57e-09 |
|  121  |  152  |  281  | +1.8821e-01 | 2.35e-01 | 3.31e-04 | 3.13e-09 |
|  122  |  154  |  284  | +1.8821e-01 | 2.35e-01 | 3.24e-04 | 6.56e-09 |
|  123  |  156  |  290  | +1.8821e-01 | 2.35e-01 | 1.31e-03 | 1.72e-07 |
|  124  |  157  |  291  | +1.8821e-01 | 2.35e-01 | 1.13e-03 | 6.92e-08 |
|  125  |  159  |  295  | +1.8820e-01 | 2.35e-01 | 2.87e-04 | 4.08e-08 |
|  126  |  161  |  300  | +1.8820e-01 | 2.35e-01 | 3.05e-04 | 1.61e-08 |
|  127  |  163  |  305  | +1.8819e-01 | 2.35e-01 | 2.90e-04 | 1.44e-08 |
|  128  |  165  |  310  | +1.8819e-01 | 2.35e-01 | 3.17e-04 | 1.27e-08 |
|  129  |  167  |  315  | +1.8819e-01 | 2.35e-01 | 3.47e-04 | 1.15e-08 |
|  130  |  169  |  319  | +1.8818e-01 | 2.35e-01 | 4.47e-04 | 7.64e-09 |
|  131  |  171  |  323  | +1.8818e-01 | 2.35e-01 | 5.70e-04 | 8.84e-09 |
|  132  |  173  |  327  | +1.8818e-01 | 2.35e-01 | 6.37e-04 | 7.08e-09 |
|  133  |  175  |  331  | +1.8817e-01 | 2.35e-01 | 7.26e-04 | 7.00e-09 |
|  134  |  177  |  335  | +1.8817e-01 | 2.35e-01 | 7.92e-04 | 5.84e-09 |
|  135  |  179  |  339  | +1.8817e-01 | 2.35e-01 | 8.70e-04 | 5.32e-09 |
|  136  |  180  |  341  | +1.8817e-01 | 2.35e-01 | 8.07e-04 | 2.00e-07 |
|  137  |  182  |  344  | +1.8817e-01 | 2.35e-01 | 7.42e-04 | 1.01e-08 |
|  138  |  183  |  346  | +1.8817e-01 | 2.35e-01 | 7.55e-04 | 1.74e-07 |
|  139  |  185  |  350  | +1.8816e-01 | 2.35e-01 | 7.23e-04 | 1.19e-08 |
|  140  |  186  |  352  | +1.8816e-01 | 2.35e-01 | 6.52e-04 | 2.33e-07 |
|  141  |  188  |  355  | +1.8816e-01 | 2.35e-01 | 6.03e-04 | 9.61e-09 |
|  142  |  190  |  359  | +1.8816e-01 | 2.35e-01 | 5.30e-04 | 4.37e-09 |
|  143  |  192  |  363  | +1.8816e-01 | 2.35e-01 | 5.39e-04 | 3.47e-09 |
|  144  |  194  |  367  | +1.8815e-01 | 2.35e-01 | 4.54e-04 | 4.24e-09 |
|  145  |  196  |  371  | +1.8815e-01 | 2.35e-01 | 5.20e-04 | 2.61e-09 |
|  146  |  198  |  375  | +1.8815e-01 | 2.35e-01 | 3.64e-04 | 3.64e-09 |
|  147  |  200  |  378  | +1.8815e-01 | 2.35e-01 | 4.67e-04 | 7.09e-10 |
|  148  |  202  |  382  | +1.8815e-01 | 2.35e-01 | 3.77e-04 | 4.76e-09 |
|  149  |  204  |  388  | +1.8814e-01 | 2.35e-01 | 8.99e-04 | 6.13e-08 |
|  150  |  205  |  389  | +1.8814e-01 | 2.35e-01 | 8.76e-04 | 1.75e-09 |
|  151  |  207  |  391  | +1.8814e-01 | 2.35e-01 | 1.68e-04 | 2.12e-09 |
|  152  |  209  |  394  | +1.8814e-01 | 2.35e-01 | 2.23e-04 | 1.93e-09 |
|  153  |  211  |  399  | +1.8814e-01 | 2.35e-01 | 7.65e-04 | 3.75e-08 |
|  154  |  212  |  400  | +1.8814e-01 | 2.35e-01 | 7.45e-04 | 1.03e-09 |
|  155  |  214  |  402  | +1.8813e-01 | 2.35e-01 | 1.42e-04 | 1.08e-09 |
|  156  |  216  |  405  | +1.8813e-01 | 2.35e-01 | 2.07e-04 | 2.89e-09 |
|  157  |  218  |  408  | +1.8813e-01 | 2.35e-01 | 1.99e-04 | 4.40e-10 |
|  158  |  220  |  411  | +1.8813e-01 | 2.35e-01 | 1.98e-04 | 7.81e-10 |
|  159  |  222  |  414  | +1.8813e-01 | 2.35e-01 | 1.95e-04 | 5.16e-10 |
|  160  |  224  |  417  | +1.8813e-01 | 2.35e-01 | 1.95e-04 | 7.39e-10 |
|  161  |  226  |  420  | +1.8813e-01 | 2.35e-01 | 1.91e-04 | 4.75e-10 |
|  162  |  228  |  423  | +1.8813e-01 | 2.35e-01 | 1.94e-04 | 6.52e-10 |
|  163  |  230  |  426  | +1.8813e-01 | 2.35e-01 | 1.81e-04 | 3.94e-10 |
|  164  |  232  |  429  | +1.8813e-01 | 2.35e-01 | 1.89e-04 | 5.81e-10 |
|  165  |  234  |  432  | +1.8812e-01 | 2.35e-01 | 1.85e-04 | 2.91e-10 |
|  166  |  236  |  435  | +1.8812e-01 | 2.35e-01 | 1.90e-04 | 5.13e-10 |
|  167  |  238  |  441  | +1.8812e-01 | 2.35e-01 | 6.85e-04 | 1.37e-08 |
|  168  |  239  |  442  | +1.8812e-01 | 2.35e-01 | 6.22e-04 | 9.77e-09 |
|  169  |  241  |  444  | +1.8812e-01 | 2.35e-01 | 1.27e-04 | 5.20e-10 |
|  170  |  243  |  447  | +1.8812e-01 | 2.35e-01 | 1.83e-04 | 1.08e-09 |
|  171  |  245  |  450  | +1.8812e-01 | 2.35e-01 | 1.99e-04 | 1.65e-10 |
|  172  |  247  |  453  | +1.8812e-01 | 2.35e-01 | 1.78e-04 | 2.77e-10 |
|  173  |  249  |  456  | +1.8812e-01 | 2.35e-01 | 1.87e-04 | 1.70e-10 |
|  174  |  251  |  459  | +1.8812e-01 | 2.35e-01 | 1.73e-04 | 2.60e-10 |
|  175  |  253  |  462  | +1.8812e-01 | 2.35e-01 | 1.89e-04 | 1.67e-10 |
|  176  |  255  |  465  | +1.8812e-01 | 2.35e-01 | 1.69e-04 | 2.45e-10 |
|  177  |  257  |  468  | +1.8812e-01 | 2.35e-01 | 1.89e-04 | 1.40e-10 |
|  178  |  259  |  471  | +1.8811e-01 | 2.35e-01 | 1.61e-04 | 2.38e-10 |
|  179  |  261  |  473  | +1.8811e-01 | 2.35e-01 | 1.86e-04 | 3.75e-11 |
|  180  |  263  |  478  | +1.8811e-01 | 2.35e-01 | 2.80e-04 | 2.64e-09 |
|  181  |  264  |  480  | +1.8811e-01 | 2.35e-01 | 3.12e-04 | 7.70e-08 |
|  182  |  266  |  485  | +1.8811e-01 | 2.35e-01 | 6.29e-04 | 7.77e-09 |
|  183  |  267  |  486  | +1.8811e-01 | 2.35e-01 | 5.01e-04 | 3.80e-08 |
|  184  |  269  |  489  | +1.8811e-01 | 2.35e-01 | 1.44e-04 | 9.00e-10 |
|  185  |  271  |  493  | +1.8811e-01 | 2.35e-01 | 1.51e-04 | 7.88e-10 |
|  186  |  273  |  497  | +1.8811e-01 | 2.35e-01 | 1.55e-04 | 6.29e-10 |
|  187  |  275  |  501  | +1.8811e-01 | 2.35e-01 | 1.49e-04 | 6.30e-10 |
|  188  |  277  |  505  | +1.8811e-01 | 2.35e-01 | 1.42e-04 | 6.21e-10 |
|  189  |  279  |  509  | +1.8811e-01 | 2.35e-01 | 1.39e-04 | 6.06e-10 |
|  190  |  281  |  513  | +1.8810e-01 | 2.35e-01 | 1.38e-04 | 5.81e-10 |
|  191  |  283  |  517  | +1.8810e-01 | 2.35e-01 | 1.38e-04 | 5.53e-10 |
|  192  |  285  |  521  | +1.8810e-01 | 2.35e-01 | 1.38e-04 | 5.24e-10 |
|  193  |  287  |  525  | +1.8810e-01 | 2.35e-01 | 1.36e-04 | 4.97e-10 |
|  194  |  289  |  529  | +1.8810e-01 | 2.35e-01 | 1.36e-04 | 4.74e-10 |
|  195  |  291  |  533  | +1.8810e-01 | 2.35e-01 | 1.36e-04 | 4.52e-10 |
|  196  |  293  |  537  | +1.8810e-01 | 2.35e-01 | 1.36e-04 | 4.33e-10 |
|  197  |  295  |  541  | +1.8810e-01 | 2.35e-01 | 1.36e-04 | 4.14e-10 |
|  198  |  297  |  545  | +1.8810e-01 | 2.35e-01 | 1.36e-04 | 3.95e-10 |
|  199  |  299  |  549  | +1.8810e-01 | 2.35e-01 | 1.36e-04 | 3.78e-10 |
|  200  |  301  |  553  | +1.8810e-01 | 2.35e-01 | 1.36e-04 | 3.61e-10 |
|  201  |  303  |  557  | +1.8810e-01 | 2.35e-01 | 1.36e-04 | 3.45e-10 |
|  202  |  305  |  561  | +1.8810e-01 | 2.35e-01 | 1.36e-04 | 3.30e-10 |
|  203  |  307  |  565  | +1.8809e-01 | 2.35e-01 | 1.36e-04 | 3.15e-10 |
|  204  |  309  |  569  | +1.8809e-01 | 2.35e-01 | 1.36e-04 | 3.02e-10 |
|  205  |  311  |  573  | +1.8809e-01 | 2.35e-01 | 1.36e-04 | 2.89e-10 |
|  206  |  313  |  577  | +1.8809e-01 | 2.35e-01 | 1.36e-04 | 2.76e-10 |
|  207  |  315  |  581  | +1.8809e-01 | 2.35e-01 | 1.36e-04 | 2.65e-10 |
|  208  |  317  |  585  | +1.8809e-01 | 2.35e-01 | 1.36e-04 | 2.53e-10 |
|  209  |  319  |  589  | +1.8809e-01 | 2.35e-01 | 1.36e-04 | 2.43e-10 |
|  210  |  321  |  593  | +1.8809e-01 | 2.35e-01 | 1.36e-04 | 2.33e-10 |
|  211  |  323  |  597  | +1.8809e-01 | 2.35e-01 | 1.36e-04 | 2.23e-10 |
|  212  |  325  |  601  | +1.8809e-01 | 2.35e-01 | 1.36e-04 | 2.14e-10 |
|  213  |  327  |  605  | +1.8809e-01 | 2.35e-01 | 1.36e-04 | 2.05e-10 |
|  214  |  329  |  609  | +1.8809e-01 | 2.35e-01 | 1.36e-04 | 1.96e-10 |
|  215  |  331  |  613  | +1.8809e-01 | 2.35e-01 | 1.35e-04 | 1.88e-10 |
|  216  |  333  |  617  | +1.8809e-01 | 2.35e-01 | 1.35e-04 | 1.81e-10 |
|  217  |  335  |  621  | +1.8809e-01 | 2.35e-01 | 1.35e-04 | 1.73e-10 |
|  218  |  337  |  625  | +1.8809e-01 | 2.35e-01 | 1.35e-04 | 1.66e-10 |
|  219  |  339  |  629  | +1.8809e-01 | 2.35e-01 | 1.35e-04 | 1.60e-10 |
|  220  |  341  |  633  | +1.8809e-01 | 2.35e-01 | 1.34e-04 | 1.53e-10 |
|  221  |  343  |  637  | +1.8809e-01 | 2.35e-01 | 1.34e-04 | 1.47e-10 |
|  222  |  345  |  641  | +1.8808e-01 | 2.35e-01 | 1.34e-04 | 1.41e-10 |
|  223  |  347  |  645  | +1.8808e-01 | 2.35e-01 | 1.34e-04 | 1.36e-10 |
|  224  |  349  |  649  | +1.8808e-01 | 2.35e-01 | 1.34e-04 | 1.31e-10 |
|  225  |  351  |  653  | +1.8808e-01 | 2.35e-01 | 1.33e-04 | 1.25e-10 |
|  226  |  353  |  657  | +1.8808e-01 | 2.35e-01 | 1.33e-04 | 1.21e-10 |
|  227  |  355  |  661  | +1.8808e-01 | 2.35e-01 | 1.33e-04 | 1.16e-10 |
|  228  |  357  |  665  | +1.8808e-01 | 2.35e-01 | 1.32e-04 | 1.12e-10 |
|  229  |  359  |  669  | +1.8808e-01 | 2.35e-01 | 1.32e-04 | 1.07e-10 |
|  230  |  361  |  673  | +1.8808e-01 | 2.35e-01 | 1.32e-04 | 1.03e-10 |
|  231  |  363  |  677  | +1.8808e-01 | 2.35e-01 | 1.32e-04 | 9.92e-11 |
|  232  |  365  |  681  | +1.8808e-01 | 2.35e-01 | 1.31e-04 | 9.55e-11 |
|  233  |  367  |  685  | +1.8808e-01 | 2.35e-01 | 1.31e-04 | 9.19e-11 |
|  234  |  369  |  689  | +1.8808e-01 | 2.35e-01 | 1.31e-04 | 8.85e-11 |
|  235  |  371  |  693  | +1.8808e-01 | 2.35e-01 | 1.30e-04 | 8.52e-11 |
|  236  |  373  |  697  | +1.8808e-01 | 2.35e-01 | 1.30e-04 | 8.20e-11 |
|  237  |  375  |  701  | +1.8808e-01 | 2.35e-01 | 1.30e-04 | 7.90e-11 |
|  238  |  377  |  705  | +1.8808e-01 | 2.35e-01 | 1.29e-04 | 7.61e-11 |
|  239  |  379  |  709  | +1.8808e-01 | 2.35e-01 | 1.29e-04 | 7.33e-11 |
|  240  |  381  |  713  | +1.8808e-01 | 2.35e-01 | 1.29e-04 | 7.06e-11 |
|  241  |  383  |  717  | +1.8808e-01 | 2.35e-01 | 1.28e-04 | 6.81e-11 |
|  242  |  385  |  721  | +1.8808e-01 | 2.35e-01 | 1.28e-04 | 6.56e-11 |
|  243  |  387  |  725  | +1.8808e-01 | 2.35e-01 | 1.28e-04 | 6.32e-11 |
|  244  |  389  |  729  | +1.8808e-01 | 2.35e-01 | 1.27e-04 | 6.10e-11 |
|  245  |  391  |  733  | +1.8808e-01 | 2.35e-01 | 1.27e-04 | 5.88e-11 |
|  246  |  393  |  737  | +1.8808e-01 | 2.35e-01 | 1.26e-04 | 5.67e-11 |
|  247  |  395  |  741  | +1.8808e-01 | 2.35e-01 | 1.26e-04 | 5.47e-11 |
|  248  |  397  |  745  | +1.8808e-01 | 2.35e-01 | 1.26e-04 | 5.28e-11 |
|  249  |  399  |  749  | +1.8808e-01 | 2.35e-01 | 1.25e-04 | 5.09e-11 |
|  250  |  401  |  753  | +1.8807e-01 | 2.35e-01 | 1.25e-04 | 4.91e-11 |
|  251  |  403  |  757  | +1.8807e-01 | 2.35e-01 | 1.25e-04 | 4.74e-11 |
|  252  |  405  |  761  | +1.8807e-01 | 2.35e-01 | 1.24e-04 | 4.58e-11 |
|  253  |  407  |  765  | +1.8807e-01 | 2.35e-01 | 1.24e-04 | 4.42e-11 |
|  254  |  409  |  769  | +1.8807e-01 | 2.35e-01 | 1.23e-04 | 4.27e-11 |
|  255  |  411  |  773  | +1.8807e-01 | 2.35e-01 | 1.23e-04 | 4.12e-11 |
|  256  |  413  |  777  | +1.8807e-01 | 2.35e-01 | 1.23e-04 | 3.98e-11 |
|  257  |  415  |  781  | +1.8807e-01 | 2.35e-01 | 1.22e-04 | 3.85e-11 |
|  258  |  417  |  785  | +1.8807e-01 | 2.35e-01 | 1.22e-04 | 3.72e-11 |
|  259  |  419  |  789  | +1.8807e-01 | 2.35e-01 | 1.21e-04 | 3.64e-11 |
|  260  |  421  |  793  | +1.8807e-01 | 2.35e-01 | 1.21e-04 | 3.57e-11 |
|  261  |  423  |  797  | +1.8807e-01 | 2.35e-01 | 1.21e-04 | 3.50e-11 |
|  262  |  425  |  801  | +1.8807e-01 | 2.35e-01 | 1.20e-04 | 3.43e-11 |
|  263  |  427  |  805  | +1.8807e-01 | 2.35e-01 | 1.20e-04 | 3.36e-11 |
|  264  |  429  |  809  | +1.8807e-01 | 2.35e-01 | 1.19e-04 | 3.30e-11 |
|  265  |  431  |  813  | +1.8807e-01 | 2.35e-01 | 1.19e-04 | 3.24e-11 |
|  266  |  433  |  817  | +1.8807e-01 | 2.35e-01 | 1.18e-04 | 3.17e-11 |
|  267  |  435  |  821  | +1.8807e-01 | 2.35e-01 | 1.18e-04 | 3.11e-11 |
|  268  |  437  |  825  | +1.8807e-01 | 2.35e-01 | 1.18e-04 | 3.05e-11 |
|  269  |  439  |  829  | +1.8807e-01 | 2.35e-01 | 1.17e-04 | 2.99e-11 |
|  270  |  441  |  833  | +1.8807e-01 | 2.35e-01 | 1.17e-04 | 2.93e-11 |
|  271  |  443  |  837  | +1.8807e-01 | 2.35e-01 | 1.16e-04 | 2.88e-11 |
|  272  |  445  |  841  | +1.8807e-01 | 2.35e-01 | 1.16e-04 | 2.82e-11 |
|  273  |  447  |  845  | +1.8807e-01 | 2.35e-01 | 1.16e-04 | 2.77e-11 |
|  274  |  449  |  849  | +1.8807e-01 | 2.35e-01 | 1.15e-04 | 2.71e-11 |
|  275  |  451  |  853  | +1.8807e-01 | 2.35e-01 | 1.15e-04 | 2.66e-11 |
|  276  |  453  |  857  | +1.8807e-01 | 2.35e-01 | 1.14e-04 | 2.61e-11 |
|  277  |  455  |  861  | +1.8807e-01 | 2.35e-01 | 1.14e-04 | 2.56e-11 |
|  278  |  457  |  865  | +1.8807e-01 | 2.35e-01 | 1.13e-04 | 2.51e-11 |
|  279  |  459  |  869  | +1.8807e-01 | 2.35e-01 | 1.13e-04 | 2.46e-11 |
|  280  |  461  |  873  | +1.8807e-01 | 2.35e-01 | 1.13e-04 | 2.41e-11 |
|  281  |  463  |  877  | +1.8807e-01 | 2.35e-01 | 1.12e-04 | 2.36e-11 |
|  282  |  465  |  881  | +1.8807e-01 | 2.35e-01 | 1.12e-04 | 2.32e-11 |
|  283  |  467  |  885  | +1.8807e-01 | 2.35e-01 | 1.11e-04 | 2.27e-11 |
|  284  |  469  |  889  | +1.8807e-01 | 2.35e-01 | 1.11e-04 | 2.23e-11 |
|  285  |  471  |  893  | +1.8807e-01 | 2.35e-01 | 1.10e-04 | 2.18e-11 |
|  286  |  473  |  897  | +1.8807e-01 | 2.35e-01 | 1.10e-04 | 2.14e-11 |
|  287  |  475  |  901  | +1.8807e-01 | 2.35e-01 | 1.10e-04 | 2.10e-11 |
|  288  |  477  |  905  | +1.8807e-01 | 2.35e-01 | 1.09e-04 | 2.06e-11 |
|  289  |  479  |  909  | +1.8807e-01 | 2.35e-01 | 1.09e-04 | 2.02e-11 |
|  290  |  481  |  913  | +1.8807e-01 | 2.35e-01 | 1.08e-04 | 1.98e-11 |
|  291  |  483  |  917  | +1.8807e-01 | 2.35e-01 | 1.08e-04 | 1.94e-11 |
|  292  |  485  |  921  | +1.8807e-01 | 2.35e-01 | 1.07e-04 | 1.90e-11 |
|  293  |  487  |  925  | +1.8807e-01 | 2.35e-01 | 1.07e-04 | 1.87e-11 |
|  294  |  489  |  929  | +1.8807e-01 | 2.35e-01 | 1.07e-04 | 1.83e-11 |
|  295  |  491  |  933  | +1.8807e-01 | 2.35e-01 | 1.06e-04 | 1.79e-11 |
|  296  |  493  |  937  | +1.8807e-01 | 2.35e-01 | 1.06e-04 | 1.76e-11 |
|  297  |  495  |  941  | +1.8807e-01 | 2.35e-01 | 1.05e-04 | 1.73e-11 |
|  298  |  497  |  945  | +1.8807e-01 | 2.35e-01 | 1.05e-04 | 1.69e-11 |
|  299  |  499  |  949  | +1.8807e-01 | 2.35e-01 | 1.04e-04 | 1.66e-11 |
|  300  |  501  |  953  | +1.8807e-01 | 2.35e-01 | 1.04e-04 | 1.63e-11 |
|  301  |  503  |  957  | +1.8807e-01 | 2.35e-01 | 1.04e-04 | 1.59e-11 |
|  302  |  505  |  961  | +1.8807e-01 | 2.35e-01 | 1.03e-04 | 1.56e-11 |
|  303  |  507  |  965  | +1.8806e-01 | 2.35e-01 | 1.03e-04 | 1.53e-11 |
|  304  |  509  |  969  | +1.8806e-01 | 2.35e-01 | 1.02e-04 | 1.50e-11 |
|  305  |  511  |  973  | +1.8806e-01 | 2.35e-01 | 1.02e-04 | 1.47e-11 |
|  306  |  513  |  977  | +1.8806e-01 | 2.35e-01 | 1.02e-04 | 1.44e-11 |
|  307  |  515  |  981  | +1.8806e-01 | 2.35e-01 | 1.01e-04 | 1.42e-11 |
|  308  |  517  |  985  | +1.8806e-01 | 2.35e-01 | 1.01e-04 | 1.39e-11 |
|  309  |  519  |  989  | +1.8806e-01 | 2.35e-01 | 1.00e-04 | 1.36e-11 |
|  310  |  521  |  993  | +1.8806e-01 | 2.35e-01 | 9.99e-05 | 1.34e-11 |
|  311  |  523  |  997  | +1.8806e-01 | 2.35e-01 | 9.95e-05 | 1.32e-11 |
|  312  |  525  | 1001  | +1.8806e-01 | 2.35e-01 | 9.91e-05 | 1.29e-11 |
|  313  |  527  | 1005  | +1.8806e-01 | 2.35e-01 | 9.87e-05 | 1.27e-11 |
|  314  |  529  | 1009  | +1.8806e-01 | 2.35e-01 | 9.83e-05 | 1.25e-11 |
|  315  |  531  | 1013  | +1.8806e-01 | 2.35e-01 | 9.79e-05 | 1.23e-11 |
|  316  |  533  | 1017  | +1.8806e-01 | 2.35e-01 | 9.75e-05 | 1.21e-11 |
|  317  |  535  | 1021  | +1.8806e-01 | 2.35e-01 | 9.71e-05 | 1.19e-11 |
|  318  |  537  | 1025  | +1.8806e-01 | 2.35e-01 | 9.67e-05 | 1.17e-11 |
|  319  |  539  | 1029  | +1.8806e-01 | 2.35e-01 | 9.63e-05 | 1.15e-11 |
|  320  |  541  | 1033  | +1.8806e-01 | 2.35e-01 | 9.59e-05 | 1.13e-11 |
|  321  |  543  | 1037  | +1.8806e-01 | 2.35e-01 | 9.55e-05 | 1.11e-11 |
|  322  |  545  | 1041  | +1.8806e-01 | 2.35e-01 | 9.52e-05 | 1.09e-11 |
|  323  |  547  | 1045  | +1.8806e-01 | 2.35e-01 | 9.48e-05 | 1.07e-11 |
|  324  |  549  | 1049  | +1.8806e-01 | 2.35e-01 | 9.44e-05 | 1.05e-11 |
|  325  |  551  | 1053  | +1.8806e-01 | 2.35e-01 | 9.40e-05 | 1.03e-11 |
|  326  |  553  | 1057  | +1.8806e-01 | 2.35e-01 | 9.36e-05 | 1.01e-11 |
|  327  |  555  | 1061  | +1.8806e-01 | 2.35e-01 | 9.32e-05 | 9.95e-12 |
|  328  |  557  | 1065  | +1.8806e-01 | 2.35e-01 | 9.28e-05 | 9.77e-12 |
|  329  |  559  | 1069  | +1.8806e-01 | 2.35e-01 | 9.24e-05 | 9.60e-12 |
|  330  |  561  | 1073  | +1.8806e-01 | 2.35e-01 | 9.21e-05 | 9.43e-12 |
|  331  |  563  | 1077  | +1.8806e-01 | 2.35e-01 | 9.17e-05 | 9.26e-12 |
|  332  |  565  | 1081  | +1.8806e-01 | 2.35e-01 | 9.13e-05 | 9.10e-12 |
|  333  |  567  | 1085  | +1.8806e-01 | 2.35e-01 | 9.09e-05 | 8.93e-12 |
|  334  |  569  | 1089  | +1.8806e-01 | 2.35e-01 | 9.06e-05 | 8.78e-12 |
|  335  |  571  | 1093  | +1.8806e-01 | 2.35e-01 | 9.02e-05 | 8.62e-12 |
|  336  |  573  | 1097  | +1.8806e-01 | 2.35e-01 | 8.98e-05 | 8.46e-12 |
|  337  |  575  | 1101  | +1.8806e-01 | 2.35e-01 | 8.94e-05 | 8.31e-12 |
|  338  |  577  | 1105  | +1.8806e-01 | 2.35e-01 | 8.91e-05 | 8.16e-12 |
|  339  |  579  | 1109  | +1.8806e-01 | 2.35e-01 | 8.87e-05 | 8.02e-12 |
|  340  |  581  | 1113  | +1.8806e-01 | 2.35e-01 | 8.83e-05 | 7.87e-12 |
|  341  |  583  | 1117  | +1.8806e-01 | 2.35e-01 | 8.80e-05 | 7.73e-12 |
|  342  |  585  | 1121  | +1.8806e-01 | 2.35e-01 | 8.76e-05 | 7.59e-12 |
|  343  |  587  | 1125  | +1.8806e-01 | 2.35e-01 | 8.72e-05 | 7.45e-12 |
|  344  |  589  | 1129  | +1.8806e-01 | 2.35e-01 | 8.69e-05 | 7.32e-12 |
|  345  |  591  | 1133  | +1.8806e-01 | 2.35e-01 | 8.65e-05 | 7.18e-12 |
|  346  |  593  | 1137  | +1.8806e-01 | 2.35e-01 | 8.62e-05 | 7.05e-12 |
|  347  |  595  | 1141  | +1.8806e-01 | 2.35e-01 | 8.58e-05 | 6.92e-12 |
|  348  |  597  | 1145  | +1.8806e-01 | 2.35e-01 | 8.54e-05 | 6.80e-12 |
|  349  |  599  | 1149  | +1.8806e-01 | 2.35e-01 | 8.51e-05 | 6.67e-12 |
|  350  |  601  | 1153  | +1.8806e-01 | 2.35e-01 | 8.47e-05 | 6.55e-12 |
|  351  |  603  | 1157  | +1.8806e-01 | 2.35e-01 | 8.44e-05 | 6.43e-12 |
|  352  |  605  | 1161  | +1.8806e-01 | 2.35e-01 | 8.40e-05 | 6.31e-12 |
|  353  |  607  | 1165  | +1.8806e-01 | 2.35e-01 | 8.37e-05 | 6.20e-12 |
|  354  |  609  | 1169  | +1.8806e-01 | 2.35e-01 | 8.34e-05 | 6.08e-12 |
|  355  |  611  | 1173  | +1.8806e-01 | 2.35e-01 | 8.30e-05 | 5.97e-12 |
|  356  |  613  | 1177  | +1.8806e-01 | 2.35e-01 | 8.27e-05 | 5.86e-12 |
|  357  |  615  | 1181  | +1.8806e-01 | 2.35e-01 | 8.23e-05 | 5.75e-12 |
|  358  |  617  | 1185  | +1.8806e-01 | 2.35e-01 | 8.20e-05 | 5.64e-12 |
|  359  |  619  | 1189  | +1.8806e-01 | 2.35e-01 | 8.16e-05 | 5.54e-12 |
|  360  |  621  | 1193  | +1.8806e-01 | 2.35e-01 | 8.13e-05 | 5.43e-12 |
|  361  |  623  | 1197  | +1.8806e-01 | 2.35e-01 | 8.10e-05 | 5.33e-12 |
|  362  |  625  | 1201  | +1.8806e-01 | 2.35e-01 | 8.06e-05 | 5.23e-12 |
|  363  |  627  | 1205  | +1.8806e-01 | 2.35e-01 | 8.03e-05 | 5.13e-12 |
|  364  |  629  | 1209  | +1.8806e-01 | 2.35e-01 | 8.00e-05 | 5.04e-12 |
|  365  |  631  | 1213  | +1.8806e-01 | 2.35e-01 | 7.97e-05 | 4.94e-12 |
|  366  |  633  | 1217  | +1.8806e-01 | 2.35e-01 | 7.93e-05 | 4.85e-12 |
|  367  |  635  | 1221  | +1.8806e-01 | 2.35e-01 | 7.90e-05 | 4.76e-12 |
|  368  |  637  | 1225  | +1.8806e-01 | 2.35e-01 | 7.87e-05 | 4.67e-12 |
|  369  |  639  | 1229  | +1.8806e-01 | 2.35e-01 | 7.84e-05 | 4.58e-12 |
|  370  |  641  | 1233  | +1.8806e-01 | 2.35e-01 | 7.80e-05 | 4.50e-12 |
|  371  |  643  | 1237  | +1.8806e-01 | 2.35e-01 | 7.77e-05 | 4.41e-12 |
|  372  |  645  | 1241  | +1.8806e-01 | 2.35e-01 | 7.74e-05 | 4.33e-12 |
|  373  |  647  | 1245  | +1.8806e-01 | 2.35e-01 | 7.71e-05 | 4.24e-12 |
|  374  |  649  | 1249  | +1.8806e-01 | 2.35e-01 | 7.68e-05 | 4.16e-12 |
|  375  |  651  | 1253  | +1.8806e-01 | 2.35e-01 | 7.64e-05 | 4.08e-12 |
|  376  |  653  | 1257  | +1.8806e-01 | 2.35e-01 | 7.61e-05 | 4.01e-12 |
|  377  |  655  | 1261  | +1.8806e-01 | 2.35e-01 | 7.58e-05 | 3.93e-12 |
|  378  |  657  | 1265  | +1.8806e-01 | 2.35e-01 | 7.55e-05 | 3.86e-12 |
|  379  |  659  | 1269  | +1.8806e-01 | 2.35e-01 | 7.52e-05 | 3.78e-12 |
|  380  |  661  | 1273  | +1.8806e-01 | 2.35e-01 | 7.49e-05 | 3.71e-12 |
|  381  |  663  | 1277  | +1.8806e-01 | 2.35e-01 | 7.46e-05 | 3.64e-12 |
|  382  |  665  | 1281  | +1.8806e-01 | 2.35e-01 | 7.43e-05 | 3.57e-12 |
|  383  |  667  | 1285  | +1.8806e-01 | 2.35e-01 | 7.40e-05 | 3.50e-12 |
|  384  |  669  | 1289  | +1.8806e-01 | 2.35e-01 | 7.37e-05 | 3.43e-12 |
|  385  |  671  | 1293  | +1.8806e-01 | 2.35e-01 | 7.34e-05 | 3.37e-12 |
|  386  |  673  | 1297  | +1.8806e-01 | 2.35e-01 | 7.31e-05 | 3.30e-12 |
|  387  |  675  | 1301  | +1.8806e-01 | 2.35e-01 | 7.28e-05 | 3.24e-12 |
|  388  |  677  | 1305  | +1.8806e-01 | 2.35e-01 | 7.25e-05 | 3.18e-12 |
|  389  |  679  | 1309  | +1.8806e-01 | 2.35e-01 | 7.22e-05 | 3.11e-12 |
|  390  |  681  | 1313  | +1.8806e-01 | 2.35e-01 | 7.19e-05 | 3.05e-12 |
|  391  |  683  | 1317  | +1.8806e-01 | 2.35e-01 | 7.16e-05 | 2.99e-12 |
|  392  |  685  | 1321  | +1.8806e-01 | 2.35e-01 | 7.13e-05 | 2.94e-12 |
|  393  |  687  | 1325  | +1.8806e-01 | 2.35e-01 | 7.10e-05 | 2.88e-12 |
|  394  |  689  | 1329  | +1.8806e-01 | 2.35e-01 | 7.07e-05 | 2.82e-12 |
|  395  |  691  | 1333  | +1.8806e-01 | 2.35e-01 | 7.05e-05 | 2.77e-12 |
|  396  |  693  | 1337  | +1.8806e-01 | 2.35e-01 | 7.02e-05 | 2.71e-12 |
|  397  |  695  | 1341  | +1.8806e-01 | 2.35e-01 | 6.99e-05 | 2.66e-12 |
|  398  |  697  | 1345  | +1.8806e-01 | 2.35e-01 | 6.96e-05 | 2.61e-12 |
|  399  |  699  | 1349  | +1.8806e-01 | 2.35e-01 | 6.93e-05 | 2.56e-12 |
|  400  |  701  | 1353  | +1.8806e-01 | 2.35e-01 | 6.90e-05 | 2.51e-12 |
|  401  |  703  | 1357  | +1.8806e-01 | 2.35e-01 | 6.88e-05 | 2.46e-12 |
|  402  |  705  | 1361  | +1.8806e-01 | 2.35e-01 | 6.85e-05 | 2.41e-12 |
|  403  |  707  | 1365  | +1.8806e-01 | 2.35e-01 | 6.82e-05 | 2.36e-12 |
|  404  |  709  | 1369  | +1.8806e-01 | 2.35e-01 | 6.79e-05 | 2.32e-12 |
|  405  |  711  | 1373  | +1.8806e-01 | 2.35e-01 | 6.77e-05 | 2.27e-12 |
|  406  |  713  | 1377  | +1.8806e-01 | 2.35e-01 | 6.74e-05 | 2.23e-12 |
|  407  |  715  | 1381  | +1.8806e-01 | 2.35e-01 | 6.71e-05 | 2.18e-12 |
|  408  |  717  | 1385  | +1.8806e-01 | 2.35e-01 | 6.69e-05 | 2.14e-12 |
|  409  |  719  | 1389  | +1.8806e-01 | 2.35e-01 | 6.66e-05 | 2.10e-12 |
|  410  |  721  | 1393  | +1.8806e-01 | 2.35e-01 | 6.63e-05 | 2.06e-12 |
|  411  |  723  | 1397  | +1.8806e-01 | 2.35e-01 | 6.61e-05 | 2.02e-12 |
|  412  |  725  | 1401  | +1.8806e-01 | 2.35e-01 | 6.58e-05 | 1.98e-12 |
|  413  |  727  | 1405  | +1.8806e-01 | 2.35e-01 | 6.55e-05 | 1.94e-12 |
|  414  |  729  | 1409  | +1.8806e-01 | 2.35e-01 | 6.53e-05 | 1.90e-12 |
|  415  |  731  | 1413  | +1.8806e-01 | 2.35e-01 | 6.50e-05 | 1.86e-12 |
|  416  |  733  | 1417  | +1.8806e-01 | 2.35e-01 | 6.47e-05 | 1.83e-12 |
|  417  |  735  | 1421  | +1.8806e-01 | 2.35e-01 | 6.45e-05 | 1.80e-12 |
|  418  |  737  | 1425  | +1.8806e-01 | 2.35e-01 | 6.42e-05 | 1.78e-12 |
|  419  |  739  | 1429  | +1.8806e-01 | 2.35e-01 | 6.40e-05 | 1.75e-12 |
|  420  |  741  | 1433  | +1.8806e-01 | 2.35e-01 | 6.37e-05 | 1.73e-12 |
|  421  |  743  | 1437  | +1.8806e-01 | 2.35e-01 | 6.35e-05 | 1.71e-12 |
|  422  |  745  | 1441  | +1.8806e-01 | 2.35e-01 | 6.32e-05 | 1.68e-12 |
|  423  |  747  | 1445  | +1.8806e-01 | 2.35e-01 | 6.30e-05 | 1.66e-12 |
|  424  |  749  | 1449  | +1.8806e-01 | 2.35e-01 | 6.27e-05 | 1.64e-12 |
|  425  |  751  | 1453  | +1.8806e-01 | 2.35e-01 | 6.25e-05 | 1.61e-12 |
|  426  |  753  | 1457  | +1.8806e-01 | 2.35e-01 | 6.22e-05 | 1.59e-12 |
|  427  |  755  | 1461  | +1.8806e-01 | 2.35e-01 | 6.20e-05 | 1.57e-12 |
|  428  |  757  | 1465  | +1.8806e-01 | 2.35e-01 | 6.17e-05 | 1.55e-12 |
|  429  |  759  | 1469  | +1.8806e-01 | 2.35e-01 | 6.15e-05 | 1.53e-12 |
|  430  |  761  | 1473  | +1.8806e-01 | 2.35e-01 | 6.12e-05 | 1.51e-12 |
|  431  |  763  | 1477  | +1.8806e-01 | 2.35e-01 | 6.10e-05 | 1.49e-12 |
|  432  |  765  | 1481  | +1.8806e-01 | 2.35e-01 | 6.07e-05 | 1.47e-12 |
|  433  |  767  | 1485  | +1.8806e-01 | 2.35e-01 | 6.05e-05 | 1.45e-12 |
|  434  |  769  | 1489  | +1.8806e-01 | 2.35e-01 | 6.03e-05 | 1.43e-12 |
|  435  |  771  | 1493  | +1.8806e-01 | 2.35e-01 | 6.00e-05 | 1.41e-12 |
|  436  |  773  | 1497  | +1.8806e-01 | 2.35e-01 | 5.98e-05 | 1.39e-12 |
|  437  |  775  | 1501  | +1.8806e-01 | 2.35e-01 | 5.96e-05 | 1.37e-12 |
|  438  |  777  | 1505  | +1.8806e-01 | 2.35e-01 | 5.93e-05 | 1.35e-12 |
|  439  |  779  | 1509  | +1.8806e-01 | 2.35e-01 | 5.91e-05 | 1.33e-12 |
|  440  |  781  | 1513  | +1.8806e-01 | 2.35e-01 | 5.89e-05 | 1.32e-12 |
|  441  |  783  | 1517  | +1.8806e-01 | 2.35e-01 | 5.86e-05 | 1.30e-12 |
|  442  |  785  | 1521  | +1.8806e-01 | 2.35e-01 | 5.84e-05 | 1.28e-12 |
|  443  |  787  | 1525  | +1.8806e-01 | 2.35e-01 | 5.82e-05 | 1.26e-12 |
|  444  |  789  | 1529  | +1.8806e-01 | 2.35e-01 | 5.79e-05 | 1.25e-12 |
|  445  |  791  | 1533  | +1.8806e-01 | 2.35e-01 | 5.77e-05 | 1.23e-12 |
|  446  |  793  | 1537  | +1.8806e-01 | 2.35e-01 | 5.75e-05 | 1.21e-12 |
|  447  |  795  | 1541  | +1.8806e-01 | 2.35e-01 | 5.73e-05 | 1.20e-12 |
|  448  |  797  | 1545  | +1.8806e-01 | 2.35e-01 | 5.70e-05 | 1.18e-12 |
|  449  |  799  | 1549  | +1.8806e-01 | 2.35e-01 | 5.68e-05 | 1.16e-12 |
|  450  |  801  | 1553  | +1.8806e-01 | 2.35e-01 | 5.66e-05 | 1.15e-12 |
|  451  |  803  | 1557  | +1.8806e-01 | 2.35e-01 | 5.64e-05 | 1.13e-12 |
|  452  |  805  | 1561  | +1.8806e-01 | 2.35e-01 | 5.61e-05 | 1.12e-12 |
|  453  |  807  | 1565  | +1.8806e-01 | 2.35e-01 | 5.59e-05 | 1.10e-12 |
|  454  |  809  | 1569  | +1.8806e-01 | 2.35e-01 | 5.57e-05 | 1.09e-12 |
|  455  |  811  | 1573  | +1.8806e-01 | 2.35e-01 | 5.55e-05 | 1.07e-12 |
|  456  |  813  | 1577  | +1.8806e-01 | 2.35e-01 | 5.53e-05 | 1.06e-12 |
|  457  |  815  | 1581  | +1.8806e-01 | 2.35e-01 | 5.51e-05 | 1.05e-12 |
|  458  |  817  | 1585  | +1.8806e-01 | 2.35e-01 | 5.48e-05 | 1.03e-12 |
|  459  |  819  | 1589  | +1.8806e-01 | 2.35e-01 | 5.46e-05 | 1.02e-12 |
|  460  |  821  | 1593  | +1.8806e-01 | 2.35e-01 | 5.44e-05 | 1.01e-12 |
|  461  |  823  | 1597  | +1.8806e-01 | 2.35e-01 | 5.42e-05 | 9.92e-13 |
|  462  |  825  | 1601  | +1.8806e-01 | 2.35e-01 | 5.40e-05 | 9.79e-13 |
|  463  |  827  | 1605  | +1.8806e-01 | 2.35e-01 | 5.38e-05 | 9.67e-13 |
|  464  |  829  | 1609  | +1.8806e-01 | 2.35e-01 | 5.36e-05 | 9.54e-13 |
|  465  |  831  | 1613  | +1.8806e-01 | 2.35e-01 | 5.34e-05 | 9.41e-13 |
|  466  |  833  | 1617  | +1.8806e-01 | 2.35e-01 | 5.32e-05 | 9.29e-13 |
|  467  |  835  | 1621  | +1.8806e-01 | 2.35e-01 | 5.29e-05 | 9.17e-13 |
|  468  |  837  | 1625  | +1.8806e-01 | 2.35e-01 | 5.27e-05 | 9.05e-13 |
|  469  |  839  | 1629  | +1.8806e-01 | 2.35e-01 | 5.25e-05 | 8.93e-13 |
|  470  |  841  | 1633  | +1.8806e-01 | 2.35e-01 | 5.23e-05 | 8.81e-13 |
|  471  |  843  | 1637  | +1.8806e-01 | 2.35e-01 | 5.21e-05 | 8.70e-13 |
|  472  |  845  | 1641  | +1.8806e-01 | 2.35e-01 | 5.19e-05 | 8.59e-13 |
|  473  |  847  | 1645  | +1.8806e-01 | 2.35e-01 | 5.17e-05 | 8.47e-13 |
|  474  |  849  | 1649  | +1.8806e-01 | 2.35e-01 | 5.15e-05 | 8.36e-13 |
|  475  |  851  | 1653  | +1.8806e-01 | 2.35e-01 | 5.13e-05 | 8.26e-13 |
|  476  |  853  | 1657  | +1.8806e-01 | 2.35e-01 | 5.11e-05 | 8.15e-13 |
|  477  |  855  | 1661  | +1.8806e-01 | 2.35e-01 | 5.09e-05 | 8.04e-13 |
|  478  |  857  | 1665  | +1.8806e-01 | 2.35e-01 | 5.07e-05 | 7.94e-13 |
|  479  |  859  | 1669  | +1.8805e-01 | 2.35e-01 | 5.05e-05 | 7.84e-13 |
|  480  |  861  | 1673  | +1.8805e-01 | 2.35e-01 | 5.04e-05 | 7.74e-13 |
|  481  |  863  | 1677  | +1.8805e-01 | 2.35e-01 | 5.02e-05 | 7.64e-13 |
|  482  |  865  | 1681  | +1.8805e-01 | 2.35e-01 | 5.00e-05 | 7.54e-13 |
|  483  |  867  | 1685  | +1.8805e-01 | 2.35e-01 | 4.98e-05 | 7.44e-13 |
|  484  |  869  | 1689  | +1.8805e-01 | 2.35e-01 | 4.96e-05 | 7.35e-13 |
|  485  |  871  | 1693  | +1.8805e-01 | 2.35e-01 | 4.94e-05 | 7.25e-13 |
|  486  |  873  | 1697  | +1.8805e-01 | 2.35e-01 | 4.92e-05 | 7.16e-13 |
|  487  |  875  | 1701  | +1.8805e-01 | 2.35e-01 | 4.90e-05 | 7.07e-13 |
|  488  |  877  | 1705  | +1.8805e-01 | 2.35e-01 | 4.88e-05 | 6.98e-13 |
|  489  |  879  | 1709  | +1.8805e-01 | 2.35e-01 | 4.86e-05 | 6.89e-13 |
|  490  |  881  | 1713  | +1.8805e-01 | 2.35e-01 | 4.85e-05 | 6.80e-13 |
|  491  |  883  | 1717  | +1.8805e-01 | 2.35e-01 | 4.83e-05 | 6.71e-13 |
|  492  |  885  | 1721  | +1.8805e-01 | 2.35e-01 | 4.81e-05 | 6.63e-13 |
|  493  |  887  | 1725  | +1.8805e-01 | 2.35e-01 | 4.79e-05 | 6.54e-13 |
|  494  |  889  | 1729  | +1.8805e-01 | 2.35e-01 | 4.77e-05 | 6.46e-13 |
|  495  |  891  | 1733  | +1.8805e-01 | 2.35e-01 | 4.75e-05 | 6.38e-13 |
|  496  |  893  | 1737  | +1.8805e-01 | 2.35e-01 | 4.74e-05 | 6.30e-13 |
|  497  |  895  | 1741  | +1.8805e-01 | 2.35e-01 | 4.72e-05 | 6.22e-13 |
|  498  |  897  | 1744  | +1.8805e-01 | 2.35e-01 | 3.82e-05 | 1.41e-13 |
|  499  |  899  | 1748  | +1.8805e-01 | 2.35e-01 | 4.44e-05 | 4.76e-13 |
|  500  |  901  | 1751  | +1.8805e-01 | 2.35e-01 | 3.94e-05 | 1.02e-13 |
|  501  |  903  | 1755  | +1.8805e-01 | 2.35e-01 | 4.47e-05 | 4.06e-13 |
|  502  |  905  | 1759  | +1.8805e-01 | 2.35e-01 | 4.32e-05 | 2.69e-13 |
|  503  |  907  | 1763  | +1.8805e-01 | 2.35e-01 | 4.50e-05 | 5.01e-13 |
|  504  |  909  | 1767  | +1.8805e-01 | 2.35e-01 | 4.49e-05 | 4.96e-13 |
|  505  |  911  | 1771  | +1.8805e-01 | 2.35e-01 | 4.54e-05 | 5.76e-13 |
|  506  |  913  | 1775  | +1.8805e-01 | 2.35e-01 | 4.52e-05 | 5.56e-13 |
|  507  |  915  | 1779  | +1.8805e-01 | 2.35e-01 | 4.52e-05 | 5.62e-13 |
|  508  |  917  | 1782  | +1.8805e-01 | 2.35e-01 | 3.67e-05 | 1.34e-13 |
|  509  |  919  | 1786  | +1.8805e-01 | 2.35e-01 | 4.30e-05 | 4.68e-13 |
|  510  |  921  | 1789  | +1.8805e-01 | 2.35e-01 | 3.82e-05 | 9.34e-14 |
|  511  |  923  | 1793  | +1.8805e-01 | 2.35e-01 | 4.27e-05 | 3.94e-13 |
|  512  |  925  | 1797  | +1.8805e-01 | 2.35e-01 | 4.18e-05 | 2.94e-13 |
|  513  |  927  | 1801  | +1.8805e-01 | 2.35e-01 | 4.33e-05 | 4.77e-13 |
|  514  |  929  | 1804  | +1.8805e-01 | 2.35e-01 | 3.66e-05 | 1.08e-13 |
|  515  |  931  | 1808  | +1.8805e-01 | 2.35e-01 | 4.24e-05 | 4.61e-13 |
|  516  |  933  | 1811  | +1.8805e-01 | 2.35e-01 | 3.78e-05 | 9.26e-14 |
|  517  |  935  | 1815  | +1.8805e-01 | 2.35e-01 | 4.14e-05 | 4.05e-13 |
|  518  |  937  | 1818  | +1.8805e-01 | 2.35e-01 | 3.67e-05 | 8.93e-14 |
|  519  |  939  | 1822  | +1.8805e-01 | 2.35e-01 | 4.10e-05 | 4.62e-13 |
|  520  |  941  | 1825  | +1.8805e-01 | 2.35e-01 | 3.70e-05 | 9.06e-14 |
|  521  |  943  | 1829  | +1.8805e-01 | 2.35e-01 | 4.03e-05 | 4.55e-13 |
|  522  |  945  | 1832  | +1.8805e-01 | 2.35e-01 | 3.63e-05 | 8.82e-14 |
|  523  |  947  | 1836  | +1.8805e-01 | 2.35e-01 | 4.01e-05 | 5.14e-13 |
|  524  |  949  | 1839  | +1.8805e-01 | 2.35e-01 | 3.66e-05 | 9.25e-14 |
|  525  |  951  | 1843  | +1.8805e-01 | 2.35e-01 | 3.94e-05 | 5.08e-13 |
|  526  |  953  | 1846  | +1.8805e-01 | 2.35e-01 | 3.61e-05 | 9.67e-14 |
|  527  |  955  | 1849  | +1.8805e-01 | 2.35e-01 | 3.60e-05 | 1.17e-13 |
|  528  |  957  | 1853  | +1.8805e-01 | 2.35e-01 | 3.76e-05 | 3.94e-13 |
|  529  |  959  | 1856  | +1.8805e-01 | 2.35e-01 | 3.52e-05 | 1.04e-13 |
|  530  |  961  | 1860  | +1.8805e-01 | 2.35e-01 | 3.80e-05 | 5.86e-13 |
|  531  |  963  | 1863  | +1.8805e-01 | 2.35e-01 | 3.65e-05 | 1.13e-13 |
|  532  |  965  | 1866  | +1.8805e-01 | 2.35e-01 | 3.69e-05 | 1.13e-13 |
|  533  |  967  | 1870  | +1.8805e-01 | 2.35e-01 | 3.65e-05 | 2.78e-13 |
|  534  |  969  | 1873  | +1.8805e-01 | 2.35e-01 | 3.45e-05 | 9.67e-14 |
|  535  |  971  | 1877  | +1.8805e-01 | 2.35e-01 | 3.70e-05 | 6.61e-13 |
|  536  |  973  | 1880  | +1.8805e-01 | 2.35e-01 | 3.65e-05 | 1.39e-13 |
|  537  |  975  | 1883  | +1.8805e-01 | 2.35e-01 | 3.72e-05 | 1.11e-13 |
|  538  |  977  | 1887  | +1.8805e-01 | 2.35e-01 | 3.63e-05 | 2.37e-13 |
|  539  |  979  | 1890  | +1.8805e-01 | 2.35e-01 | 3.47e-05 | 9.08e-14 |
|  540  |  981  | 1894  | +1.8805e-01 | 2.35e-01 | 3.59e-05 | 6.63e-13 |
|  541  |  983  | 1897  | +1.8805e-01 | 2.35e-01 | 3.59e-05 | 1.60e-13 |
|  542  |  985  | 1900  | +1.8805e-01 | 2.35e-01 | 3.67e-05 | 1.11e-13 |
|  543  |  987  | 1904  | +1.8805e-01 | 2.35e-01 | 3.59e-05 | 2.79e-13 |
|  544  |  989  | 1907  | +1.8805e-01 | 2.35e-01 | 3.47e-05 | 9.58e-14 |
|  545  |  991  | 1910  | +1.8805e-01 | 2.35e-01 | 3.62e-05 | 1.30e-13 |
|  546  |  993  | 1913  | +1.8805e-01 | 2.35e-01 | 3.68e-05 | 9.94e-14 |
|  547  |  995  | 1917  | +1.8805e-01 | 2.35e-01 | 3.63e-05 | 3.04e-13 |
|  548  |  997  | 1920  | +1.8805e-01 | 2.35e-01 | 3.57e-05 | 1.53e-13 |
|  549  |  999  | 1923  | +1.8805e-01 | 2.35e-01 | 3.60e-05 | 1.26e-13 |
|  550  | 1001  | 1926  | +1.8805e-01 | 2.35e-01 | 3.58e-05 | 9.83e-14 |
|  551  | 1003  | 1930  | +1.8805e-01 | 2.35e-01 | 3.59e-05 | 4.76e-13 |
|  552  | 1005  | 1933  | +1.8805e-01 | 2.35e-01 | 3.55e-05 | 2.08e-13 |
|  553  | 1007  | 1936  | +1.8805e-01 | 2.35e-01 | 3.57e-05 | 1.32e-13 |
|  554  | 1009  | 1939  | +1.8805e-01 | 2.35e-01 | 3.54e-05 | 1.06e-13 |
|  555  | 1011  | 1943  | +1.8805e-01 | 2.35e-01 | 3.61e-05 | 6.27e-13 |
|  556  | 1013  | 1946  | +1.8805e-01 | 2.35e-01 | 3.54e-05 | 2.98e-13 |
|  557  | 1015  | 1950  | +1.8805e-01 | 2.35e-01 | 3.53e-05 | 1.63e-13 |
|  558  | 1017  | 1954  | +1.8805e-01 | 2.35e-01 | 3.55e-05 | 2.09e-13 |
|  559  | 1019  | 1959  | +1.8805e-01 | 2.35e-01 | 3.66e-05 | 1.09e-12 |
|  560  | 1021  | 1963  | +1.8805e-01 | 2.35e-01 | 3.58e-05 | 4.53e-13 |
|  561  | 1023  | 1969  | +1.8805e-01 | 2.35e-01 | 5.67e-05 | 1.55e-11 |
|  562  | 1024  | 1970  | +1.8805e-01 | 2.35e-01 | 4.98e-05 | 3.60e-10 |
|  563  | 1026  | 1973  | +1.8805e-01 | 2.35e-01 | 3.56e-05 | 1.75e-11 |
|  564  | 1028  | 1978  | +1.8805e-01 | 2.35e-01 | 6.25e-05 | 6.80e-12 |
|  565  | 1029  | 1979  | +1.8805e-01 | 2.35e-01 | 4.94e-05 | 5.47e-10 |
|  566  | 1031  | 1982  | +1.8805e-01 | 2.35e-01 | 4.02e-05 | 1.34e-11 |
|  567  | 1033  | 1987  | +1.8805e-01 | 2.35e-01 | 6.49e-05 | 1.03e-11 |
|  568  | 1034  | 1988  | +1.8805e-01 | 2.35e-01 | 6.30e-05 | 2.10e-11 |
|  569  | 1036  | 1993  | +1.8805e-01 | 2.35e-01 | 4.08e-05 | 2.74e-11 |
|  570  | 1038  | 1998  | +1.8805e-01 | 2.35e-01 | 6.05e-05 | 1.08e-11 |
|  571  | 1039  | 1999  | +1.8805e-01 | 2.35e-01 | 5.42e-05 | 1.50e-10 |
|  572  | 1041  | 2003  | +1.8805e-01 | 2.35e-01 | 4.06e-05 | 1.60e-11 |
|  573  | 1043  | 2008  | +1.8805e-01 | 2.35e-01 | 5.98e-05 | 6.46e-12 |
|  574  | 1044  | 2010  | +1.8805e-01 | 2.35e-01 | 6.89e-05 | 1.03e-09 |
|  575  | 1045  | 2011  | +1.8805e-01 | 2.35e-01 | 6.73e-05 | 8.32e-12 |
|  576  | 1047  | 2015  | +1.8805e-01 | 2.35e-01 | 4.15e-05 | 1.37e-11 |
|  577  | 1049  | 2020  | +1.8805e-01 | 2.35e-01 | 5.65e-05 | 4.91e-12 |
|  578  | 1050  | 2021  | +1.8805e-01 | 2.35e-01 | 5.52e-05 | 7.53e-12 |
|  579  | 1052  | 2026  | +1.8805e-01 | 2.35e-01 | 4.65e-05 | 1.79e-11 |
|  580  | 1054  | 2032  | +1.8805e-01 | 2.35e-01 | 7.75e-05 | 8.71e-12 |
|  581  | 1055  | 2033  | +1.8805e-01 | 2.35e-01 | 6.86e-05 | 2.76e-10 |
|  582  | 1057  | 2037  | +1.8805e-01 | 2.35e-01 | 2.93e-05 | 9.12e-12 |
|  583  | 1059  | 2042  | +1.8805e-01 | 2.35e-01 | 3.15e-05 | 1.75e-12 |
|  584  | 1061  | 2046  | +1.8805e-01 | 2.35e-01 | 2.72e-05 | 2.14e-12 |
|  585  | 1063  | 2051  | +1.8805e-01 | 2.35e-01 | 2.81e-05 | 2.01e-12 |
|  586  | 1065  | 2056  | +1.8805e-01 | 2.35e-01 | 2.89e-05 | 2.03e-12 |
|  587  | 1067  | 2061  | +1.8805e-01 | 2.35e-01 | 2.93e-05 | 1.98e-12 |
|  588  | 1069  | 2066  | +1.8805e-01 | 2.35e-01 | 2.89e-05 | 1.99e-12 |
|  589  | 1071  | 2071  | +1.8805e-01 | 2.35e-01 | 2.86e-05 | 1.97e-12 |
|  590  | 1073  | 2076  | +1.8805e-01 | 2.35e-01 | 2.83e-05 | 1.97e-12 |
|  591  | 1075  | 2081  | +1.8805e-01 | 2.35e-01 | 2.81e-05 | 1.96e-12 |
|  592  | 1077  | 2086  | +1.8805e-01 | 2.35e-01 | 2.79e-05 | 1.95e-12 |
|  593  | 1079  | 2091  | +1.8805e-01 | 2.35e-01 | 2.77e-05 | 1.94e-12 |
|  594  | 1081  | 2096  | +1.8805e-01 | 2.35e-01 | 2.75e-05 | 1.93e-12 |
|  595  | 1083  | 2101  | +1.8805e-01 | 2.35e-01 | 2.72e-05 | 1.91e-12 |
|  596  | 1085  | 2106  | +1.8805e-01 | 2.35e-01 | 2.70e-05 | 1.90e-12 |
|  597  | 1087  | 2111  | +1.8805e-01 | 2.35e-01 | 2.68e-05 | 1.88e-12 |
|  598  | 1089  | 2116  | +1.8805e-01 | 2.35e-01 | 2.65e-05 | 1.86e-12 |
|  599  | 1091  | 2121  | +1.8805e-01 | 2.35e-01 | 2.63e-05 | 1.84e-12 |
|  600  | 1093  | 2126  | +1.8805e-01 | 2.35e-01 | 2.61e-05 | 1.83e-12 |
|  601  | 1095  | 2131  | +1.8805e-01 | 2.35e-01 | 2.60e-05 | 1.81e-12 |
|  602  | 1097  | 2136  | +1.8805e-01 | 2.35e-01 | 2.59e-05 | 1.79e-12 |
|  603  | 1099  | 2141  | +1.8805e-01 | 2.35e-01 | 2.58e-05 | 1.78e-12 |
|  604  | 1101  | 2146  | +1.8805e-01 | 2.35e-01 | 2.57e-05 | 1.76e-12 |
|  605  | 1103  | 2151  | +1.8805e-01 | 2.35e-01 | 2.56e-05 | 1.75e-12 |
|  606  | 1105  | 2156  | +1.8805e-01 | 2.35e-01 | 2.55e-05 | 1.73e-12 |
|  607  | 1107  | 2161  | +1.8805e-01 | 2.35e-01 | 2.54e-05 | 1.71e-12 |
|  608  | 1109  | 2166  | +1.8805e-01 | 2.35e-01 | 2.52e-05 | 1.70e-12 |
|  609  | 1111  | 2171  | +1.8805e-01 | 2.35e-01 | 2.51e-05 | 1.69e-12 |
|  610  | 1113  | 2176  | +1.8805e-01 | 2.35e-01 | 2.50e-05 | 1.67e-12 |
|  611  | 1115  | 2181  | +1.8805e-01 | 2.35e-01 | 2.49e-05 | 1.66e-12 |
|  612  | 1117  | 2186  | +1.8805e-01 | 2.35e-01 | 2.48e-05 | 1.64e-12 |
|  613  | 1119  | 2191  | +1.8805e-01 | 2.35e-01 | 2.47e-05 | 1.63e-12 |
|  614  | 1121  | 2196  | +1.8805e-01 | 2.35e-01 | 2.46e-05 | 1.61e-12 |
|  615  | 1123  | 2201  | +1.8805e-01 | 2.35e-01 | 2.45e-05 | 1.60e-12 |
|  616  | 1125  | 2206  | +1.8805e-01 | 2.35e-01 | 2.44e-05 | 1.59e-12 |
|  617  | 1127  | 2211  | +1.8805e-01 | 2.35e-01 | 2.43e-05 | 1.57e-12 |
|  618  | 1129  | 2216  | +1.8805e-01 | 2.35e-01 | 2.41e-05 | 1.56e-12 |
|  619  | 1131  | 2221  | +1.8805e-01 | 2.35e-01 | 2.40e-05 | 1.55e-12 |
|  620  | 1133  | 2226  | +1.8805e-01 | 2.35e-01 | 2.39e-05 | 1.54e-12 |
|  621  | 1135  | 2231  | +1.8805e-01 | 2.35e-01 | 2.38e-05 | 1.52e-12 |
|  622  | 1137  | 2236  | +1.8805e-01 | 2.35e-01 | 2.37e-05 | 1.51e-12 |
|  623  | 1139  | 2241  | +1.8805e-01 | 2.35e-01 | 2.36e-05 | 1.50e-12 |
|  624  | 1141  | 2246  | +1.8805e-01 | 2.35e-01 | 2.35e-05 | 1.49e-12 |
|  625  | 1143  | 2251  | +1.8805e-01 | 2.35e-01 | 2.34e-05 | 1.47e-12 |
|  626  | 1145  | 2256  | +1.8805e-01 | 2.35e-01 | 2.33e-05 | 1.46e-12 |
|  627  | 1147  | 2261  | +1.8805e-01 | 2.35e-01 | 2.32e-05 | 1.45e-12 |
|  628  | 1149  | 2266  | +1.8805e-01 | 2.35e-01 | 2.31e-05 | 1.44e-12 |
|  629  | 1151  | 2271  | +1.8805e-01 | 2.35e-01 | 2.30e-05 | 1.43e-12 |
|  630  | 1153  | 2276  | +1.8805e-01 | 2.35e-01 | 2.28e-05 | 1.42e-12 |
|  631  | 1155  | 2281  | +1.8805e-01 | 2.35e-01 | 2.27e-05 | 1.41e-12 |
|  632  | 1157  | 2286  | +1.8805e-01 | 2.35e-01 | 2.26e-05 | 1.40e-12 |
|  633  | 1159  | 2291  | +1.8805e-01 | 2.35e-01 | 2.25e-05 | 1.39e-12 |
|  634  | 1161  | 2296  | +1.8805e-01 | 2.35e-01 | 2.24e-05 | 1.37e-12 |
|  635  | 1163  | 2301  | +1.8805e-01 | 2.35e-01 | 2.23e-05 | 1.36e-12 |
|  636  | 1165  | 2306  | +1.8805e-01 | 2.35e-01 | 2.22e-05 | 1.35e-12 |
|  637  | 1167  | 2311  | +1.8805e-01 | 2.35e-01 | 2.21e-05 | 1.34e-12 |
|  638  | 1169  | 2316  | +1.8805e-01 | 2.35e-01 | 2.20e-05 | 1.33e-12 |
|  639  | 1171  | 2321  | +1.8805e-01 | 2.35e-01 | 2.19e-05 | 1.32e-12 |
|  640  | 1173  | 2326  | +1.8805e-01 | 2.35e-01 | 2.18e-05 | 1.31e-12 |
|  641  | 1175  | 2331  | +1.8805e-01 | 2.35e-01 | 2.17e-05 | 1.30e-12 |
|  642  | 1177  | 2336  | +1.8805e-01 | 2.35e-01 | 2.16e-05 | 1.29e-12 |
|  643  | 1179  | 2341  | +1.8805e-01 | 2.35e-01 | 2.15e-05 | 1.29e-12 |
|  644  | 1181  | 2346  | +1.8805e-01 | 2.35e-01 | 2.14e-05 | 1.28e-12 |
|  645  | 1183  | 2351  | +1.8805e-01 | 2.35e-01 | 2.13e-05 | 1.27e-12 |
|  646  | 1185  | 2356  | +1.8805e-01 | 2.35e-01 | 2.12e-05 | 1.26e-12 |
|  647  | 1187  | 2361  | +1.8805e-01 | 2.35e-01 | 2.11e-05 | 1.25e-12 |
|  648  | 1189  | 2366  | +1.8805e-01 | 2.35e-01 | 2.10e-05 | 1.24e-12 |
|  649  | 1191  | 2371  | +1.8805e-01 | 2.35e-01 | 2.09e-05 | 1.23e-12 |
|  650  | 1193  | 2376  | +1.8805e-01 | 2.35e-01 | 2.08e-05 | 1.22e-12 |
|  651  | 1195  | 2381  | +1.8805e-01 | 2.35e-01 | 2.07e-05 | 1.21e-12 |
|  652  | 1197  | 2386  | +1.8805e-01 | 2.35e-01 | 2.06e-05 | 1.21e-12 |
|  653  | 1199  | 2391  | +1.8805e-01 | 2.35e-01 | 2.05e-05 | 1.20e-12 |
|  654  | 1201  | 2396  | +1.8805e-01 | 2.35e-01 | 2.04e-05 | 1.19e-12 |
|  655  | 1203  | 2401  | +1.8805e-01 | 2.35e-01 | 2.03e-05 | 1.18e-12 |
|  656  | 1205  | 2406  | +1.8805e-01 | 2.35e-01 | 2.02e-05 | 1.17e-12 |
|  657  | 1207  | 2411  | +1.8805e-01 | 2.35e-01 | 2.01e-05 | 1.16e-12 |
|  658  | 1209  | 2416  | +1.8805e-01 | 2.35e-01 | 2.00e-05 | 1.16e-12 |
|  659  | 1211  | 2421  | +1.8805e-01 | 2.35e-01 | 1.99e-05 | 1.15e-12 |
|  660  | 1213  | 2426  | +1.8805e-01 | 2.35e-01 | 1.98e-05 | 1.14e-12 |
|  661  | 1215  | 2431  | +1.8805e-01 | 2.35e-01 | 1.97e-05 | 1.13e-12 |
|  662  | 1217  | 2436  | +1.8805e-01 | 2.35e-01 | 1.96e-05 | 1.13e-12 |
|  663  | 1219  | 2441  | +1.8805e-01 | 2.35e-01 | 1.95e-05 | 1.12e-12 |
|  664  | 1221  | 2446  | +1.8805e-01 | 2.35e-01 | 1.94e-05 | 1.11e-12 |
|  665  | 1223  | 2451  | +1.8805e-01 | 2.35e-01 | 1.93e-05 | 1.10e-12 |
|  666  | 1225  | 2456  | +1.8805e-01 | 2.35e-01 | 1.92e-05 | 1.10e-12 |
|  667  | 1227  | 2461  | +1.8805e-01 | 2.35e-01 | 1.92e-05 | 1.09e-12 |
|  668  | 1229  | 2466  | +1.8805e-01 | 2.35e-01 | 1.91e-05 | 1.08e-12 |
|  669  | 1231  | 2471  | +1.8805e-01 | 2.35e-01 | 1.90e-05 | 1.08e-12 |
|  670  | 1233  | 2476  | +1.8805e-01 | 2.35e-01 | 1.89e-05 | 1.07e-12 |
|  671  | 1235  | 2481  | +1.8805e-01 | 2.35e-01 | 1.88e-05 | 1.06e-12 |
|  672  | 1237  | 2486  | +1.8805e-01 | 2.35e-01 | 1.87e-05 | 1.06e-12 |
|  673  | 1239  | 2491  | +1.8805e-01 | 2.35e-01 | 1.86e-05 | 1.05e-12 |
|  674  | 1241  | 2496  | +1.8805e-01 | 2.35e-01 | 1.85e-05 | 1.04e-12 |
|  675  | 1243  | 2501  | +1.8805e-01 | 2.35e-01 | 1.84e-05 | 1.04e-12 |
|  676  | 1245  | 2506  | +1.8805e-01 | 2.35e-01 | 1.83e-05 | 1.03e-12 |
|  677  | 1247  | 2511  | +1.8805e-01 | 2.35e-01 | 1.83e-05 | 1.02e-12 |
|  678  | 1249  | 2516  | +1.8805e-01 | 2.35e-01 | 1.82e-05 | 1.02e-12 |
|  679  | 1251  | 2521  | +1.8805e-01 | 2.35e-01 | 1.81e-05 | 1.01e-12 |
|  680  | 1253  | 2526  | +1.8805e-01 | 2.35e-01 | 1.80e-05 | 1.00e-12 |
|  681  | 1255  | 2531  | +1.8805e-01 | 2.35e-01 | 1.79e-05 | 9.97e-13 |
|  682  | 1257  | 2536  | +1.8805e-01 | 2.35e-01 | 1.78e-05 | 9.91e-13 |
|  683  | 1259  | 2541  | +1.8805e-01 | 2.35e-01 | 1.77e-05 | 9.85e-13 |
|  684  | 1261  | 2546  | +1.8805e-01 | 2.35e-01 | 1.76e-05 | 9.80e-13 |
|  685  | 1263  | 2551  | +1.8805e-01 | 2.35e-01 | 1.76e-05 | 9.73e-13 |
|  686  | 1265  | 2556  | +1.8805e-01 | 2.35e-01 | 1.75e-05 | 9.68e-13 |
|  687  | 1267  | 2561  | +1.8805e-01 | 2.35e-01 | 1.74e-05 | 9.62e-13 |
|  688  | 1269  | 2566  | +1.8805e-01 | 2.35e-01 | 1.73e-05 | 9.56e-13 |
|  689  | 1271  | 2571  | +1.8805e-01 | 2.35e-01 | 1.72e-05 | 9.50e-13 |
|  690  | 1273  | 2576  | +1.8805e-01 | 2.35e-01 | 1.71e-05 | 9.45e-13 |
|  691  | 1275  | 2581  | +1.8805e-01 | 2.35e-01 | 1.71e-05 | 9.39e-13 |
|  692  | 1277  | 2586  | +1.8805e-01 | 2.35e-01 | 1.70e-05 | 9.33e-13 |
|  693  | 1279  | 2591  | +1.8805e-01 | 2.35e-01 | 1.69e-05 | 9.28e-13 |
|  694  | 1281  | 2596  | +1.8805e-01 | 2.35e-01 | 1.68e-05 | 9.23e-13 |
|  695  | 1283  | 2601  | +1.8805e-01 | 2.35e-01 | 1.67e-05 | 9.17e-13 |
|  696  | 1285  | 2606  | +1.8805e-01 | 2.35e-01 | 1.67e-05 | 9.12e-13 |
|  697  | 1287  | 2611  | +1.8805e-01 | 2.35e-01 | 1.66e-05 | 9.07e-13 |
|  698  | 1289  | 2616  | +1.8805e-01 | 2.35e-01 | 1.65e-05 | 9.01e-13 |
|  699  | 1291  | 2621  | +1.8805e-01 | 2.35e-01 | 1.64e-05 | 8.96e-13 |
|  700  | 1293  | 2626  | +1.8805e-01 | 2.35e-01 | 1.64e-05 | 8.91e-13 |
|  701  | 1295  | 2631  | +1.8805e-01 | 2.35e-01 | 1.63e-05 | 8.86e-13 |
|  702  | 1297  | 2636  | +1.8805e-01 | 2.35e-01 | 1.62e-05 | 8.81e-13 |
|  703  | 1299  | 2641  | +1.8805e-01 | 2.35e-01 | 1.61e-05 | 8.76e-13 |
|  704  | 1301  | 2646  | +1.8805e-01 | 2.35e-01 | 1.60e-05 | 8.71e-13 |
|  705  | 1303  | 2651  | +1.8805e-01 | 2.35e-01 | 1.60e-05 | 8.66e-13 |
|  706  | 1305  | 2656  | +1.8805e-01 | 2.35e-01 | 1.59e-05 | 8.62e-13 |
|  707  | 1307  | 2661  | +1.8805e-01 | 2.35e-01 | 1.58e-05 | 8.57e-13 |
|  708  | 1309  | 2666  | +1.8805e-01 | 2.35e-01 | 1.58e-05 | 8.52e-13 |
|  709  | 1311  | 2671  | +1.8805e-01 | 2.35e-01 | 1.57e-05 | 8.47e-13 |
|  710  | 1313  | 2676  | +1.8805e-01 | 2.35e-01 | 1.56e-05 | 8.42e-13 |
|  711  | 1315  | 2681  | +1.8805e-01 | 2.35e-01 | 1.55e-05 | 8.37e-13 |
|  712  | 1317  | 2686  | +1.8805e-01 | 2.35e-01 | 1.55e-05 | 8.34e-13 |
|  713  | 1319  | 2691  | +1.8805e-01 | 2.35e-01 | 1.54e-05 | 8.28e-13 |
|  714  | 1321  | 2696  | +1.8805e-01 | 2.35e-01 | 1.53e-05 | 8.24e-13 |
|  715  | 1323  | 2701  | +1.8805e-01 | 2.35e-01 | 1.52e-05 | 8.19e-13 |
|  716  | 1325  | 2706  | +1.8805e-01 | 2.35e-01 | 1.52e-05 | 8.15e-13 |
|  717  | 1327  | 2711  | +1.8805e-01 | 2.35e-01 | 1.51e-05 | 8.10e-13 |
|  718  | 1329  | 2716  | +1.8805e-01 | 2.35e-01 | 1.50e-05 | 8.06e-13 |
|  719  | 1331  | 2721  | +1.8805e-01 | 2.35e-01 | 1.50e-05 | 8.02e-13 |
|  720  | 1333  | 2726  | +1.8805e-01 | 2.35e-01 | 1.49e-05 | 7.97e-13 |
|  721  | 1335  | 2731  | +1.8805e-01 | 2.35e-01 | 1.48e-05 | 7.93e-13 |
|  722  | 1337  | 2736  | +1.8805e-01 | 2.35e-01 | 1.48e-05 | 7.89e-13 |
|  723  | 1339  | 2741  | +1.8805e-01 | 2.35e-01 | 1.47e-05 | 7.84e-13 |
|  724  | 1341  | 2746  | +1.8805e-01 | 2.35e-01 | 1.47e-05 | 7.80e-13 |
|  725  | 1343  | 2751  | +1.8805e-01 | 2.35e-01 | 1.46e-05 | 7.76e-13 |
|  726  | 1345  | 2756  | +1.8805e-01 | 2.35e-01 | 1.46e-05 | 7.72e-13 |
|  727  | 1347  | 2761  | +1.8805e-01 | 2.35e-01 | 1.46e-05 | 7.68e-13 |
|  728  | 1349  | 2766  | +1.8805e-01 | 2.35e-01 | 1.45e-05 | 7.64e-13 |
|  729  | 1351  | 2771  | +1.8805e-01 | 2.35e-01 | 1.45e-05 | 7.59e-13 |
|  730  | 1353  | 2776  | +1.8805e-01 | 2.35e-01 | 1.44e-05 | 7.56e-13 |
|  731  | 1355  | 2781  | +1.8805e-01 | 2.35e-01 | 1.44e-05 | 7.52e-13 |
|  732  | 1357  | 2786  | +1.8805e-01 | 2.35e-01 | 1.43e-05 | 7.48e-13 |
|  733  | 1359  | 2791  | +1.8805e-01 | 2.35e-01 | 1.43e-05 | 7.44e-13 |
|  734  | 1361  | 2796  | +1.8805e-01 | 2.35e-01 | 1.42e-05 | 7.40e-13 |
|  735  | 1363  | 2801  | +1.8805e-01 | 2.35e-01 | 1.42e-05 | 7.36e-13 |
|  736  | 1365  | 2806  | +1.8805e-01 | 2.35e-01 | 1.42e-05 | 7.32e-13 |
|  737  | 1367  | 2811  | +1.8805e-01 | 2.35e-01 | 1.41e-05 | 7.28e-13 |
|  738  | 1369  | 2816  | +1.8805e-01 | 2.35e-01 | 1.41e-05 | 7.25e-13 |
|  739  | 1371  | 2821  | +1.8805e-01 | 2.35e-01 | 1.40e-05 | 7.21e-13 |
|  740  | 1373  | 2826  | +1.8805e-01 | 2.35e-01 | 1.40e-05 | 7.18e-13 |
|  741  | 1375  | 2831  | +1.8805e-01 | 2.35e-01 | 1.39e-05 | 7.14e-13 |
|  742  | 1377  | 2836  | +1.8805e-01 | 2.35e-01 | 1.39e-05 | 7.10e-13 |
|  743  | 1379  | 2841  | +1.8805e-01 | 2.35e-01 | 1.39e-05 | 7.07e-13 |
|  744  | 1381  | 2846  | +1.8805e-01 | 2.35e-01 | 1.38e-05 | 7.03e-13 |
|  745  | 1383  | 2851  | +1.8805e-01 | 2.35e-01 | 1.38e-05 | 6.99e-13 |
|  746  | 1385  | 2856  | +1.8805e-01 | 2.35e-01 | 1.37e-05 | 6.95e-13 |
|  747  | 1387  | 2861  | +1.8805e-01 | 2.35e-01 | 1.37e-05 | 6.92e-13 |
|  748  | 1389  | 2866  | +1.8805e-01 | 2.35e-01 | 1.37e-05 | 6.89e-13 |
|  749  | 1391  | 2871  | +1.8805e-01 | 2.35e-01 | 1.36e-05 | 6.85e-13 |
|  750  | 1393  | 2876  | +1.8805e-01 | 2.35e-01 | 1.36e-05 | 6.82e-13 |
|  751  | 1395  | 2881  | +1.8805e-01 | 2.35e-01 | 1.35e-05 | 6.78e-13 |
|  752  | 1397  | 2886  | +1.8805e-01 | 2.35e-01 | 1.35e-05 | 6.75e-13 |
|  753  | 1399  | 2891  | +1.8805e-01 | 2.35e-01 | 1.34e-05 | 6.71e-13 |
|  754  | 1401  | 2896  | +1.8805e-01 | 2.35e-01 | 1.34e-05 | 6.68e-13 |
|  755  | 1403  | 2901  | +1.8805e-01 | 2.35e-01 | 1.34e-05 | 6.64e-13 |
|  756  | 1405  | 2906  | +1.8805e-01 | 2.35e-01 | 1.33e-05 | 6.61e-13 |
|  757  | 1407  | 2911  | +1.8805e-01 | 2.35e-01 | 1.33e-05 | 6.58e-13 |
|  758  | 1409  | 2916  | +1.8805e-01 | 2.35e-01 | 1.32e-05 | 6.54e-13 |
|  759  | 1411  | 2921  | +1.8805e-01 | 2.35e-01 | 1.32e-05 | 6.51e-13 |
|  760  | 1413  | 2926  | +1.8805e-01 | 2.35e-01 | 1.32e-05 | 6.48e-13 |
|  761  | 1415  | 2931  | +1.8805e-01 | 2.35e-01 | 1.31e-05 | 6.44e-13 |
|  762  | 1417  | 2936  | +1.8805e-01 | 2.35e-01 | 1.31e-05 | 6.41e-13 |
|  763  | 1419  | 2941  | +1.8805e-01 | 2.35e-01 | 1.30e-05 | 6.38e-13 |
|  764  | 1421  | 2946  | +1.8805e-01 | 2.35e-01 | 1.30e-05 | 6.34e-13 |
|  765  | 1423  | 2951  | +1.8805e-01 | 2.35e-01 | 1.30e-05 | 6.31e-13 |
|  766  | 1425  | 2956  | +1.8805e-01 | 2.35e-01 | 1.29e-05 | 6.28e-13 |
|  767  | 1427  | 2961  | +1.8805e-01 | 2.35e-01 | 1.29e-05 | 6.25e-13 |
|  768  | 1429  | 2966  | +1.8805e-01 | 2.35e-01 | 1.28e-05 | 6.22e-13 |
|  769  | 1431  | 2971  | +1.8805e-01 | 2.35e-01 | 1.28e-05 | 6.19e-13 |
|  770  | 1433  | 2976  | +1.8805e-01 | 2.35e-01 | 1.28e-05 | 6.15e-13 |
|  771  | 1435  | 2981  | +1.8805e-01 | 2.35e-01 | 1.27e-05 | 6.13e-13 |
|  772  | 1437  | 2986  | +1.8805e-01 | 2.35e-01 | 1.27e-05 | 6.10e-13 |
|  773  | 1439  | 2991  | +1.8805e-01 | 2.35e-01 | 1.26e-05 | 6.06e-13 |
|  774  | 1441  | 2996  | +1.8805e-01 | 2.35e-01 | 1.26e-05 | 6.03e-13 |
|  775  | 1443  | 3001  | +1.8805e-01 | 2.35e-01 | 1.26e-05 | 6.00e-13 |
|  776  | 1445  | 3006  | +1.8805e-01 | 2.35e-01 | 1.25e-05 | 5.97e-13 |
|  777  | 1447  | 3011  | +1.8805e-01 | 2.35e-01 | 1.25e-05 | 5.94e-13 |
|  778  | 1449  | 3016  | +1.8805e-01 | 2.35e-01 | 1.24e-05 | 5.91e-13 |
|  779  | 1451  | 3021  | +1.8805e-01 | 2.35e-01 | 1.24e-05 | 5.88e-13 |
|  780  | 1453  | 3026  | +1.8805e-01 | 2.35e-01 | 1.24e-05 | 5.85e-13 |
|  781  | 1455  | 3031  | +1.8805e-01 | 2.35e-01 | 1.23e-05 | 5.82e-13 |
|  782  | 1457  | 3036  | +1.8805e-01 | 2.35e-01 | 1.23e-05 | 5.80e-13 |
|  783  | 1459  | 3041  | +1.8805e-01 | 2.35e-01 | 1.23e-05 | 5.77e-13 |
|  784  | 1461  | 3046  | +1.8805e-01 | 2.35e-01 | 1.22e-05 | 5.73e-13 |
|  785  | 1463  | 3051  | +1.8805e-01 | 2.35e-01 | 1.22e-05 | 5.70e-13 |
|  786  | 1465  | 3056  | +1.8805e-01 | 2.35e-01 | 1.21e-05 | 5.68e-13 |
|  787  | 1467  | 3061  | +1.8805e-01 | 2.35e-01 | 1.21e-05 | 5.64e-13 |
|  788  | 1469  | 3066  | +1.8805e-01 | 2.35e-01 | 1.21e-05 | 5.62e-13 |
|  789  | 1471  | 3071  | +1.8805e-01 | 2.35e-01 | 1.20e-05 | 5.59e-13 |
|  790  | 1473  | 3076  | +1.8805e-01 | 2.35e-01 | 1.20e-05 | 5.56e-13 |
|  791  | 1475  | 3081  | +1.8805e-01 | 2.35e-01 | 1.20e-05 | 5.53e-13 |
|  792  | 1477  | 3086  | +1.8805e-01 | 2.35e-01 | 1.19e-05 | 5.50e-13 |
|  793  | 1479  | 3091  | +1.8805e-01 | 2.35e-01 | 1.19e-05 | 5.48e-13 |
|  794  | 1481  | 3096  | +1.8805e-01 | 2.35e-01 | 1.19e-05 | 5.46e-13 |
|  795  | 1483  | 3101  | +1.8805e-01 | 2.35e-01 | 1.18e-05 | 5.42e-13 |
|  796  | 1485  | 3106  | +1.8805e-01 | 2.35e-01 | 1.18e-05 | 5.39e-13 |
|  797  | 1487  | 3111  | +1.8805e-01 | 2.35e-01 | 1.17e-05 | 5.36e-13 |
|  798  | 1489  | 3116  | +1.8805e-01 | 2.35e-01 | 1.17e-05 | 5.34e-13 |
|  799  | 1491  | 3121  | +1.8805e-01 | 2.35e-01 | 1.17e-05 | 5.31e-13 |
|  800  | 1493  | 3126  | +1.8805e-01 | 2.35e-01 | 1.16e-05 | 5.28e-13 |
|  801  | 1495  | 3131  | +1.8805e-01 | 2.35e-01 | 1.16e-05 | 5.25e-13 |
|  802  | 1497  | 3136  | +1.8805e-01 | 2.35e-01 | 1.16e-05 | 5.23e-13 |
|  803  | 1499  | 3141  | +1.8805e-01 | 2.35e-01 | 1.15e-05 | 5.20e-13 |
|  804  | 1501  | 3146  | +1.8805e-01 | 2.35e-01 | 1.15e-05 | 5.17e-13 |
|  805  | 1503  | 3151  | +1.8805e-01 | 2.35e-01 | 1.15e-05 | 5.15e-13 |
|  806  | 1505  | 3156  | +1.8805e-01 | 2.35e-01 | 1.14e-05 | 5.12e-13 |
|  807  | 1507  | 3161  | +1.8805e-01 | 2.35e-01 | 1.14e-05 | 5.09e-13 |
|  808  | 1509  | 3166  | +1.8805e-01 | 2.35e-01 | 1.14e-05 | 5.07e-13 |
|  809  | 1511  | 3171  | +1.8805e-01 | 2.35e-01 | 1.13e-05 | 5.04e-13 |
|  810  | 1513  | 3176  | +1.8805e-01 | 2.35e-01 | 1.13e-05 | 5.01e-13 |
|  811  | 1515  | 3181  | +1.8805e-01 | 2.35e-01 | 1.12e-05 | 4.99e-13 |
|  812  | 1517  | 3186  | +1.8805e-01 | 2.35e-01 | 1.12e-05 | 4.96e-13 |
|  813  | 1519  | 3191  | +1.8805e-01 | 2.35e-01 | 1.12e-05 | 4.94e-13 |
|  814  | 1521  | 3196  | +1.8805e-01 | 2.35e-01 | 1.11e-05 | 4.91e-13 |
|  815  | 1523  | 3201  | +1.8805e-01 | 2.35e-01 | 1.11e-05 | 4.88e-13 |
|  816  | 1525  | 3206  | +1.8805e-01 | 2.35e-01 | 1.11e-05 | 4.86e-13 |
|  817  | 1527  | 3211  | +1.8805e-01 | 2.35e-01 | 1.10e-05 | 4.83e-13 |
|  818  | 1529  | 3216  | +1.8805e-01 | 2.35e-01 | 1.10e-05 | 4.81e-13 |
|  819  | 1531  | 3221  | +1.8805e-01 | 2.35e-01 | 1.10e-05 | 4.78e-13 |
|  820  | 1533  | 3226  | +1.8805e-01 | 2.35e-01 | 1.09e-05 | 4.75e-13 |
|  821  | 1535  | 3231  | +1.8805e-01 | 2.35e-01 | 1.09e-05 | 4.73e-13 |
|  822  | 1537  | 3236  | +1.8805e-01 | 2.35e-01 | 1.09e-05 | 4.70e-13 |
|  823  | 1539  | 3241  | +1.8805e-01 | 2.35e-01 | 1.08e-05 | 4.68e-13 |
|  824  | 1541  | 3246  | +1.8805e-01 | 2.35e-01 | 1.08e-05 | 4.65e-13 |
|  825  | 1543  | 3251  | +1.8805e-01 | 2.35e-01 | 1.08e-05 | 4.62e-13 |
|  826  | 1545  | 3256  | +1.8805e-01 | 2.35e-01 | 1.07e-05 | 4.60e-13 |
|  827  | 1547  | 3261  | +1.8805e-01 | 2.35e-01 | 1.07e-05 | 4.58e-13 |
|  828  | 1549  | 3266  | +1.8805e-01 | 2.35e-01 | 1.07e-05 | 4.55e-13 |
|  829  | 1551  | 3271  | +1.8805e-01 | 2.35e-01 | 1.06e-05 | 4.52e-13 |
|  830  | 1553  | 3276  | +1.8805e-01 | 2.35e-01 | 1.06e-05 | 4.50e-13 |
|  831  | 1555  | 3281  | +1.8805e-01 | 2.35e-01 | 1.06e-05 | 4.48e-13 |
|  832  | 1557  | 3286  | +1.8805e-01 | 2.35e-01 | 1.05e-05 | 4.44e-13 |
|  833  | 1559  | 3291  | +1.8805e-01 | 2.35e-01 | 1.05e-05 | 4.42e-13 |
|  834  | 1561  | 3296  | +1.8805e-01 | 2.35e-01 | 1.05e-05 | 4.40e-13 |
|  835  | 1563  | 3301  | +1.8805e-01 | 2.35e-01 | 1.05e-05 | 4.37e-13 |
|  836  | 1565  | 3306  | +1.8805e-01 | 2.35e-01 | 1.04e-05 | 4.35e-13 |
|  837  | 1567  | 3311  | +1.8805e-01 | 2.35e-01 | 1.04e-05 | 4.32e-13 |
|  838  | 1569  | 3316  | +1.8805e-01 | 2.35e-01 | 1.04e-05 | 4.29e-13 |
|  839  | 1571  | 3321  | +1.8805e-01 | 2.35e-01 | 1.03e-05 | 4.27e-13 |
|  840  | 1573  | 3326  | +1.8805e-01 | 2.35e-01 | 1.03e-05 | 4.25e-13 |
|  841  | 1575  | 3331  | +1.8805e-01 | 2.35e-01 | 1.03e-05 | 4.23e-13 |
|  842  | 1577  | 3336  | +1.8805e-01 | 2.35e-01 | 1.02e-05 | 4.20e-13 |
|  843  | 1579  | 3341  | +1.8805e-01 | 2.35e-01 | 1.02e-05 | 4.18e-13 |
|  844  | 1581  | 3346  | +1.8805e-01 | 2.35e-01 | 1.02e-05 | 4.15e-13 |
|  845  | 1583  | 3351  | +1.8805e-01 | 2.35e-01 | 1.01e-05 | 4.13e-13 |
|  846  | 1585  | 3356  | +1.8805e-01 | 2.35e-01 | 1.01e-05 | 4.10e-13 |
|  847  | 1587  | 3361  | +1.8805e-01 | 2.35e-01 | 1.01e-05 | 4.08e-13 |
|  848  | 1589  | 3366  | +1.8805e-01 | 2.35e-01 | 1.00e-05 | 4.06e-13 |
|  849  | 1591  | 3371  | +1.8805e-01 | 2.35e-01 | 1.00e-05 | 4.03e-13 |
|  850  | 1593  | 3376  | +1.8805e-01 | 2.35e-01 | 9.99e-06 | 4.01e-13 |

`gtol` termination condition is satisfied.
Number of iterations: 850, function evaluations: 1593, CG iterations: 3376, optimality: 9.99e-06, constraint violation: 4.01e-13, execution time: 1e+02 s.
F_aca (full space)= 0.18805107038175117
WARNING: This is a completely UNoptimized simple variant for the constrained minimization, for larger number of orbitals please use the optimized Fortan implementation.
tcplx= True
nvar= 2048
Wsites= [0]
| niter |f evals|CG iter|  obj func   |tr radius |   opt    |  c viol  |
|-------|-------|-------|-------------|----------|----------|----------|
|   1   |   1   |   0   | +2.4098e-01 | 1.00e+00 | 2.60e-02 | 4.28e-01 |
|   2   |   2   |   1   | +2.4098e-01 | 3.23e-01 | 2.60e-02 | 4.28e-01 |
|   3   |   3   |   2   | +1.6717e-01 | 2.06e+00 | 2.69e-02 | 3.72e-01 |
|   4   |   4   |   4   | +1.6717e-01 | 2.06e-01 | 2.69e-02 | 3.72e-01 |
|   5   |   5   |   5   | +1.2876e-01 | 1.44e+00 | 2.67e-02 | 3.32e-01 |
|   6   |   6   |   7   | +1.2876e-01 | 1.44e-01 | 2.67e-02 | 3.32e-01 |
|   7   |   7   |   8   | +1.0277e-01 | 1.01e+00 | 2.82e-02 | 3.00e-01 |
|   8   |   8   |  10   | +1.0277e-01 | 1.62e-01 | 2.82e-02 | 3.00e-01 |
|   9   |   9   |  11   | +8.5037e-02 | 1.14e+00 | 2.60e-02 | 2.65e-01 |
|  10   |  10   |  13   | +8.5037e-02 | 1.25e-01 | 2.60e-02 | 2.65e-01 |
|  11   |  11   |  14   | +7.7919e-02 | 8.76e-01 | 2.29e-02 | 2.38e-01 |
|  12   |  12   |  16   | +7.7919e-02 | 1.57e-01 | 2.29e-02 | 2.38e-01 |
|  13   |  13   |  18   | +7.7209e-02 | 1.09e+00 | 2.22e-02 | 2.03e-01 |
|  14   |  14   |  20   | +7.7209e-02 | 1.19e-01 | 2.22e-02 | 2.03e-01 |
|  15   |  15   |  21   | +7.1231e-02 | 8.29e-01 | 1.88e-02 | 1.96e-01 |
|  16   |  16   |  23   | +7.1231e-02 | 1.22e-01 | 1.88e-02 | 1.96e-01 |
|  17   |  17   |  25   | +8.0675e-02 | 8.12e-01 | 1.67e-02 | 1.70e-01 |
|  18   |  18   |  28   | +8.0675e-02 | 1.42e-01 | 1.67e-02 | 1.70e-01 |
|  19   |  19   |  31   | +9.2454e-02 | 9.91e-01 | 1.54e-02 | 1.41e-01 |
|  20   |  20   |  34   | +9.2454e-02 | 9.91e-02 | 1.54e-02 | 1.41e-01 |
|  21   |  21   |  36   | +1.0338e-01 | 6.94e-01 | 1.60e-02 | 1.09e-01 |
|  22   |  22   |  39   | +1.0338e-01 | 8.77e-02 | 1.60e-02 | 1.09e-01 |
|  23   |  23   |  41   | +1.0663e-01 | 6.14e-01 | 1.68e-02 | 1.05e-01 |
|  24   |  24   |  44   | +1.0663e-01 | 6.14e-02 | 1.68e-02 | 1.05e-01 |
|  25   |  25   |  46   | +1.1791e-01 | 4.30e-01 | 1.82e-02 | 8.27e-02 |
|  26   |  26   |  49   | +1.1791e-01 | 9.32e-02 | 1.82e-02 | 8.27e-02 |
|  27   |  27   |  51   | +1.2356e-01 | 6.53e-01 | 1.98e-02 | 7.89e-02 |
|  28   |  28   |  54   | +1.2356e-01 | 6.53e-02 | 1.98e-02 | 7.89e-02 |
|  29   |  29   |  56   | +1.3088e-01 | 4.57e-01 | 2.17e-02 | 7.08e-02 |
|  30   |  30   |  59   | +1.3088e-01 | 5.34e-02 | 2.17e-02 | 7.08e-02 |
|  31   |  31   |  61   | +1.3514e-01 | 3.74e-01 | 2.31e-02 | 6.12e-02 |
|  32   |  32   |  64   | +1.3514e-01 | 5.52e-02 | 2.31e-02 | 6.12e-02 |
|  33   |  33   |  66   | +1.3884e-01 | 3.87e-01 | 2.47e-02 | 5.29e-02 |
|  34   |  34   |  69   | +1.3884e-01 | 4.92e-02 | 2.47e-02 | 5.29e-02 |
|  35   |  35   |  71   | +1.4220e-01 | 3.45e-01 | 2.61e-02 | 5.05e-02 |
|  36   |  36   |  74   | +1.4220e-01 | 4.89e-02 | 2.61e-02 | 5.05e-02 |
|  37   |  37   |  76   | +1.4670e-01 | 3.42e-01 | 2.79e-02 | 4.87e-02 |
|  38   |  38   |  78   | +1.4670e-01 | 4.87e-02 | 2.79e-02 | 4.87e-02 |
|  39   |  39   |  80   | +1.4878e-01 | 3.41e-01 | 2.90e-02 | 4.04e-02 |
|  40   |  40   |  82   | +1.4878e-01 | 4.34e-02 | 2.90e-02 | 4.04e-02 |
|  41   |  41   |  84   | +1.5427e-01 | 3.04e-01 | 3.04e-02 | 4.52e-02 |
|  42   |  42   |  87   | +1.5427e-01 | 4.61e-02 | 3.04e-02 | 4.52e-02 |
|  43   |  43   |  90   | +1.5636e-01 | 3.22e-01 | 3.06e-02 | 3.40e-02 |
|  44   |  44   |  93   | +1.5636e-01 | 3.80e-02 | 3.06e-02 | 3.40e-02 |
|  45   |  45   |  95   | +1.6089e-01 | 2.66e-01 | 3.07e-02 | 4.10e-02 |
|  46   |  46   |  98   | +1.6089e-01 | 5.32e-02 | 3.07e-02 | 4.10e-02 |
|  47   |  47   |  100  | +1.6385e-01 | 3.72e-01 | 3.04e-02 | 3.06e-02 |
|  48   |  48   |  103  | +1.6385e-01 | 3.72e-02 | 3.04e-02 | 3.06e-02 |
|  49   |  49   |  104  | +1.6965e-01 | 2.12e-01 | 3.39e-02 | 2.86e-02 |
|  50   |  50   |  105  | +1.6965e-01 | 7.47e-02 | 3.39e-02 | 2.86e-02 |
|  51   |  51   |  106  | +1.8165e-01 | 4.25e-01 | 4.22e-02 | 2.28e-02 |
|  52   |  52   |  107  | +1.8165e-01 | 4.25e-02 | 4.22e-02 | 2.28e-02 |
|  53   |  53   |  108  | +1.8905e-01 | 6.97e-02 | 4.75e-02 | 2.12e-02 |
|  54   |  54   |  109  | +2.0103e-01 | 1.15e-01 | 5.63e-02 | 1.76e-02 |
|  55   |  55   |  110  | +2.0103e-01 | 5.76e-02 | 5.63e-02 | 1.76e-02 |
|  56   |  56   |  111  | +2.1048e-01 | 9.67e-02 | 6.31e-02 | 1.42e-02 |
|  57   |  57   |  112  | +2.1048e-01 | 4.84e-02 | 6.31e-02 | 1.42e-02 |
|  58   |  58   |  113  | +2.1797e-01 | 8.32e-02 | 6.80e-02 | 1.14e-02 |
|  59   |  59   |  114  | +2.1797e-01 | 4.16e-02 | 6.80e-02 | 1.14e-02 |
|  60   |  60   |  115  | +2.2406e-01 | 7.35e-02 | 7.07e-02 | 9.16e-03 |
|  61   |  61   |  116  | +2.2406e-01 | 3.68e-02 | 7.07e-02 | 9.16e-03 |
|  62   |  62   |  117  | +2.2909e-01 | 6.69e-02 | 7.22e-02 | 7.36e-03 |
|  63   |  63   |  118  | +2.2909e-01 | 3.35e-02 | 7.22e-02 | 7.36e-03 |
|  64   |  64   |  119  | +2.3341e-01 | 6.30e-02 | 7.52e-02 | 5.85e-03 |
|  65   |  65   |  120  | +2.3341e-01 | 3.15e-02 | 7.52e-02 | 5.85e-03 |
|  66   |  66   |  121  | +2.3727e-01 | 6.15e-02 | 7.74e-02 | 4.55e-03 |
|  67   |  67   |  122  | +2.4450e-01 | 1.23e-01 | 7.97e-02 | 4.90e-03 |
|  68   |  68   |  123  | +2.4767e-01 | 1.23e-01 | 8.06e-02 | 1.68e-03 |
|  69   |  69   |  124  | +2.4766e-01 | 1.23e-01 | 8.07e-02 | 2.20e-05 |
|  70   |  71   |  128  | +2.4766e-01 | 1.23e-02 | 8.07e-02 | 2.20e-05 |
|  71   |  72   |  131  | +2.4234e-01 | 2.46e-02 | 7.84e-02 | 1.51e-04 |
|  72   |  74   |  134  | +2.3330e-01 | 1.72e-01 | 7.02e-02 | 1.57e-05 |
|  73   |  76   |  138  | +2.3330e-01 | 1.72e-02 | 7.02e-02 | 1.57e-05 |
|  74   |  78   |  140  | +2.2636e-01 | 1.21e-01 | 6.19e-02 | 4.23e-06 |
|  75   |  80   |  142  | +2.2636e-01 | 1.21e-02 | 6.19e-02 | 4.23e-06 |
|  76   |  81   |  143  | +2.2130e-01 | 2.41e-02 | 5.35e-02 | 1.45e-04 |
|  77   |  83   |  145  | +2.1303e-01 | 1.69e-01 | 3.70e-02 | 2.79e-05 |
|  78   |  85   |  147  | +2.1303e-01 | 1.69e-02 | 3.70e-02 | 2.79e-05 |
|  79   |  87   |  148  | +2.0812e-01 | 1.18e-01 | 3.30e-02 | 8.84e-06 |
|  80   |  89   |  150  | +2.0812e-01 | 1.18e-02 | 3.30e-02 | 8.84e-06 |
|  81   |  91   |  151  | +2.0517e-01 | 8.27e-02 | 3.13e-02 | 2.42e-06 |
|  82   |  93   |  152  | +2.0517e-01 | 8.27e-03 | 3.13e-02 | 2.42e-06 |
|  83   |  94   |  153  | +2.0327e-01 | 8.27e-03 | 2.98e-02 | 6.83e-05 |
|  84   |  95   |  154  | +2.0159e-01 | 1.65e-02 | 2.82e-02 | 6.83e-05 |
|  85   |  97   |  155  | +1.9871e-01 | 1.16e-01 | 2.46e-02 | 3.86e-06 |
|  86   |  99   |  157  | +1.9871e-01 | 1.16e-02 | 2.46e-02 | 3.86e-06 |
|  87   |  101  |  158  | +1.9694e-01 | 8.10e-02 | 2.20e-02 | 9.83e-07 |
|  88   |  103  |  159  | +1.9694e-01 | 8.10e-03 | 2.20e-02 | 9.83e-07 |
|  89   |  105  |  160  | +1.9584e-01 | 5.67e-02 | 2.02e-02 | 2.62e-07 |
|  90   |  107  |  161  | +1.9079e-01 | 1.13e-01 | 1.14e-02 | 8.02e-05 |
|  91   |  109  |  164  | +1.8880e-01 | 1.13e-01 | 5.44e-03 | 1.29e-04 |
|  92   |  110  |  166  | +1.8851e-01 | 1.13e-01 | 3.12e-03 | 7.61e-05 |
|  93   |  112  |  169  | +1.8836e-01 | 1.13e-01 | 2.47e-03 | 1.47e-06 |
|  94   |  114  |  173  | +1.8826e-01 | 1.13e-01 | 3.29e-03 | 6.70e-07 |
|  95   |  116  |  177  | +1.8814e-01 | 1.13e-01 | 3.75e-03 | 2.11e-06 |
|  96   |  118  |  182  | +1.8803e-01 | 1.13e-01 | 5.26e-03 | 1.82e-06 |
|  97   |  120  |  185  | +1.8795e-01 | 1.13e-01 | 4.68e-03 | 5.42e-08 |
|  98   |  122  |  190  | +1.8795e-01 | 1.13e-02 | 4.68e-03 | 5.42e-08 |
|  99   |  124  |  194  | +1.8785e-01 | 2.27e-02 | 3.09e-03 | 5.46e-07 |
|  100  |  126  |  199  | +1.8785e-01 | 2.27e-03 | 3.09e-03 | 5.46e-07 |
|  101  |  128  |  201  | +1.8783e-01 | 1.59e-02 | 2.89e-03 | 6.44e-09 |
|  102  |  130  |  205  | +1.8783e-01 | 1.59e-03 | 2.89e-03 | 6.44e-09 |
|  103  |  132  |  207  | +1.8781e-01 | 1.11e-02 | 2.75e-03 | 2.48e-09 |
|  104  |  134  |  210  | +1.8775e-01 | 2.22e-02 | 3.85e-03 | 9.56e-07 |
|  105  |  136  |  215  | +1.8775e-01 | 2.22e-03 | 3.85e-03 | 9.56e-07 |
|  106  |  138  |  217  | +1.8773e-01 | 1.56e-02 | 3.33e-03 | 5.81e-09 |
|  107  |  140  |  221  | +1.8773e-01 | 1.56e-03 | 3.33e-03 | 5.81e-09 |
|  108  |  142  |  223  | +1.8772e-01 | 1.09e-02 | 3.68e-03 | 2.52e-09 |
|  109  |  144  |  226  | +1.8768e-01 | 2.18e-02 | 4.09e-03 | 9.61e-07 |
|  110  |  145  |  227  | +1.8767e-01 | 2.18e-02 | 3.92e-03 | 5.33e-08 |
|  111  |  147  |  231  | +1.8759e-01 | 6.94e-02 | 1.06e-03 | 5.45e-07 |
|  112  |  149  |  236  | +1.8755e-01 | 6.94e-02 | 1.22e-03 | 2.57e-07 |
|  113  |  151  |  241  | +1.8752e-01 | 6.94e-02 | 1.17e-03 | 1.39e-07 |
|  114  |  153  |  246  | +1.8750e-01 | 6.94e-02 | 1.05e-03 | 8.93e-08 |
|  115  |  155  |  250  | +1.8748e-01 | 6.94e-02 | 1.14e-03 | 4.17e-08 |
|  116  |  157  |  254  | +1.8746e-01 | 6.94e-02 | 1.22e-03 | 4.30e-08 |
|  117  |  159  |  258  | +1.8745e-01 | 6.94e-02 | 1.35e-03 | 2.91e-08 |
|  118  |  161  |  262  | +1.8744e-01 | 6.94e-02 | 1.35e-03 | 2.34e-08 |
|  119  |  163  |  266  | +1.8743e-01 | 6.94e-02 | 1.38e-03 | 1.65e-08 |
|  120  |  165  |  270  | +1.8742e-01 | 6.94e-02 | 1.36e-03 | 1.29e-08 |
|  121  |  167  |  273  | +1.8741e-01 | 6.94e-02 | 1.28e-03 | 4.09e-09 |
|  122  |  169  |  276  | +1.8740e-01 | 6.94e-02 | 1.19e-03 | 6.09e-09 |
|  123  |  171  |  280  | +1.8740e-01 | 6.94e-02 | 1.30e-03 | 7.61e-09 |
|  124  |  173  |  283  | +1.8739e-01 | 6.94e-02 | 1.13e-03 | 2.15e-09 |
|  125  |  175  |  286  | +1.8739e-01 | 6.94e-02 | 1.19e-03 | 3.76e-09 |
|  126  |  177  |  289  | +1.8738e-01 | 6.94e-02 | 1.03e-03 | 1.89e-09 |
|  127  |  179  |  292  | +1.8738e-01 | 6.94e-02 | 1.19e-03 | 3.06e-09 |
|  128  |  181  |  296  | +1.8737e-01 | 6.94e-02 | 1.36e-03 | 6.62e-08 |
|  129  |  183  |  298  | +1.8737e-01 | 6.94e-02 | 1.21e-03 | 1.35e-10 |
|  130  |  185  |  303  | +1.8736e-01 | 6.94e-02 | 9.49e-04 | 1.05e-07 |
|  131  |  187  |  308  | +1.8735e-01 | 6.94e-02 | 8.62e-04 | 2.94e-08 |
|  132  |  189  |  313  | +1.8734e-01 | 6.94e-02 | 6.92e-04 | 1.87e-08 |
|  133  |  191  |  318  | +1.8734e-01 | 6.94e-02 | 5.90e-04 | 1.48e-08 |
|  134  |  193  |  323  | +1.8734e-01 | 6.94e-02 | 5.49e-04 | 1.18e-08 |
|  135  |  195  |  328  | +1.8733e-01 | 6.94e-02 | 5.29e-04 | 8.08e-09 |
|  136  |  197  |  333  | +1.8733e-01 | 6.94e-02 | 4.78e-04 | 5.55e-09 |
|  137  |  199  |  338  | +1.8733e-01 | 6.94e-02 | 4.60e-04 | 4.04e-09 |
|  138  |  201  |  343  | +1.8733e-01 | 6.94e-02 | 4.04e-04 | 2.41e-09 |
|  139  |  203  |  348  | +1.8732e-01 | 6.94e-02 | 3.97e-04 | 1.87e-09 |
|  140  |  205  |  354  | +1.8732e-01 | 6.94e-02 | 4.86e-04 | 1.66e-09 |
|  141  |  207  |  357  | +1.8732e-01 | 6.94e-02 | 5.22e-04 | 2.63e-11 |
|  142  |  209  |  359  | +1.8732e-01 | 6.94e-02 | 5.44e-04 | 2.59e-12 |
|  143  |  211  |  362  | +1.8732e-01 | 6.94e-02 | 6.28e-04 | 2.25e-10 |
|  144  |  212  |  363  | +1.8732e-01 | 6.94e-02 | 5.69e-04 | 4.69e-09 |
|  145  |  214  |  367  | +1.8732e-01 | 6.94e-02 | 2.14e-04 | 6.84e-10 |
|  146  |  216  |  372  | +1.8732e-01 | 6.94e-02 | 2.43e-04 | 3.58e-10 |
|  147  |  218  |  377  | +1.8732e-01 | 6.94e-02 | 2.44e-04 | 2.55e-10 |
|  148  |  220  |  381  | +1.8732e-01 | 6.94e-02 | 2.77e-04 | 1.71e-10 |
|  149  |  222  |  386  | +1.8732e-01 | 6.94e-02 | 2.97e-04 | 2.06e-10 |
|  150  |  224  |  390  | +1.8732e-01 | 6.94e-02 | 2.93e-04 | 1.12e-10 |
|  151  |  226  |  395  | +1.8732e-01 | 6.94e-02 | 2.96e-04 | 1.79e-10 |
|  152  |  228  |  399  | +1.8732e-01 | 6.94e-02 | 2.86e-04 | 7.30e-11 |
|  153  |  230  |  404  | +1.8732e-01 | 6.94e-02 | 2.84e-04 | 1.34e-10 |
|  154  |  232  |  411  | +1.8732e-01 | 6.94e-02 | 5.95e-04 | 1.91e-09 |
|  155  |  233  |  412  | +1.8731e-01 | 6.94e-02 | 5.60e-04 | 2.29e-09 |
|  156  |  235  |  414  | +1.8731e-01 | 6.94e-02 | 1.59e-04 | 1.03e-10 |
|  157  |  237  |  418  | +1.8731e-01 | 6.94e-02 | 1.38e-04 | 2.35e-10 |
|  158  |  239  |  422  | +1.8731e-01 | 6.94e-02 | 1.40e-04 | 8.67e-11 |
|  159  |  241  |  426  | +1.8731e-01 | 6.94e-02 | 1.57e-04 | 9.19e-11 |
|  160  |  243  |  430  | +1.8731e-01 | 6.94e-02 | 1.53e-04 | 6.24e-11 |
|  161  |  245  |  434  | +1.8731e-01 | 6.94e-02 | 1.49e-04 | 6.79e-11 |
|  162  |  247  |  438  | +1.8731e-01 | 6.94e-02 | 1.44e-04 | 4.91e-11 |
|  163  |  249  |  442  | +1.8731e-01 | 6.94e-02 | 1.40e-04 | 5.58e-11 |
|  164  |  251  |  446  | +1.8731e-01 | 6.94e-02 | 1.37e-04 | 3.61e-11 |
|  165  |  253  |  450  | +1.8731e-01 | 6.94e-02 | 1.35e-04 | 4.67e-11 |
|  166  |  255  |  453  | +1.8731e-01 | 6.94e-02 | 1.38e-04 | 1.36e-11 |
|  167  |  257  |  458  | +1.8731e-01 | 6.94e-02 | 3.78e-04 | 6.62e-10 |
|  168  |  258  |  459  | +1.8731e-01 | 6.94e-02 | 3.33e-04 | 2.54e-09 |
|  169  |  260  |  463  | +1.8731e-01 | 6.94e-02 | 2.14e-04 | 2.20e-10 |
|  170  |  262  |  468  | +1.8731e-01 | 6.94e-02 | 2.26e-04 | 1.52e-10 |
|  171  |  264  |  469  | +1.8731e-01 | 6.94e-02 | 1.99e-04 | 4.53e-14 |
|  172  |  266  |  473  | +1.8731e-01 | 6.94e-02 | 1.71e-04 | 1.86e-10 |
|  173  |  268  |  478  | +1.8731e-01 | 6.94e-02 | 2.95e-04 | 3.42e-10 |
|  174  |  270  |  480  | +1.8731e-01 | 6.94e-02 | 3.75e-04 | 1.52e-13 |
|  175  |  271  |  481  | +1.8731e-01 | 6.94e-02 | 3.69e-04 | 4.16e-11 |
|  176  |  273  |  485  | +1.8731e-01 | 6.94e-02 | 2.10e-04 | 1.50e-10 |
|  177  |  275  |  490  | +1.8731e-01 | 6.94e-02 | 1.92e-04 | 6.13e-11 |
|  178  |  277  |  491  | +1.8731e-01 | 6.94e-02 | 1.74e-04 | 2.31e-14 |
|  179  |  279  |  495  | +1.8731e-01 | 6.94e-02 | 1.47e-04 | 1.45e-10 |
|  180  |  281  |  500  | +1.8731e-01 | 6.94e-02 | 2.82e-04 | 2.76e-10 |
|  181  |  282  |  501  | +1.8731e-01 | 6.94e-02 | 2.77e-04 | 4.92e-11 |
|  182  |  284  |  503  | +1.8731e-01 | 6.94e-02 | 8.95e-05 | 9.22e-12 |
|  183  |  286  |  506  | +1.8731e-01 | 6.94e-02 | 1.42e-04 | 9.93e-11 |
|  184  |  288  |  510  | +1.8731e-01 | 6.94e-02 | 1.25e-04 | 3.53e-11 |
|  185  |  290  |  514  | +1.8731e-01 | 6.94e-02 | 1.17e-04 | 3.80e-11 |
|  186  |  292  |  518  | +1.8731e-01 | 6.94e-02 | 1.15e-04 | 3.03e-11 |
|  187  |  294  |  522  | +1.8731e-01 | 6.94e-02 | 1.14e-04 | 3.26e-11 |
|  188  |  296  |  526  | +1.8731e-01 | 6.94e-02 | 1.08e-04 | 2.56e-11 |
|  189  |  298  |  530  | +1.8731e-01 | 6.94e-02 | 1.03e-04 | 2.80e-11 |
|  190  |  300  |  534  | +1.8731e-01 | 6.94e-02 | 9.84e-05 | 2.28e-11 |
|  191  |  302  |  538  | +1.8731e-01 | 6.94e-02 | 9.63e-05 | 2.45e-11 |
|  192  |  304  |  542  | +1.8731e-01 | 6.94e-02 | 9.35e-05 | 1.99e-11 |
|  193  |  306  |  546  | +1.8731e-01 | 6.94e-02 | 9.13e-05 | 2.10e-11 |
|  194  |  308  |  550  | +1.8731e-01 | 6.94e-02 | 8.84e-05 | 1.71e-11 |
|  195  |  310  |  554  | +1.8731e-01 | 6.94e-02 | 8.75e-05 | 1.80e-11 |
|  196  |  312  |  558  | +1.8731e-01 | 6.94e-02 | 8.43e-05 | 1.47e-11 |
|  197  |  314  |  562  | +1.8731e-01 | 6.94e-02 | 8.53e-05 | 1.54e-11 |
|  198  |  316  |  566  | +1.8731e-01 | 6.94e-02 | 8.23e-05 | 1.26e-11 |
|  199  |  318  |  570  | +1.8731e-01 | 6.94e-02 | 8.32e-05 | 1.32e-11 |
|  200  |  320  |  574  | +1.8731e-01 | 6.94e-02 | 8.04e-05 | 1.09e-11 |
|  201  |  322  |  578  | +1.8731e-01 | 6.94e-02 | 8.12e-05 | 1.14e-11 |
|  202  |  324  |  582  | +1.8731e-01 | 6.94e-02 | 7.85e-05 | 9.43e-12 |
|  203  |  326  |  586  | +1.8731e-01 | 6.94e-02 | 7.92e-05 | 9.84e-12 |
|  204  |  328  |  590  | +1.8731e-01 | 6.94e-02 | 7.66e-05 | 8.15e-12 |
|  205  |  330  |  594  | +1.8731e-01 | 6.94e-02 | 7.72e-05 | 8.48e-12 |
|  206  |  332  |  598  | +1.8731e-01 | 6.94e-02 | 7.48e-05 | 7.06e-12 |
|  207  |  334  |  602  | +1.8731e-01 | 6.94e-02 | 7.52e-05 | 7.32e-12 |
|  208  |  336  |  606  | +1.8731e-01 | 6.94e-02 | 7.30e-05 | 6.11e-12 |
|  209  |  338  |  610  | +1.8731e-01 | 6.94e-02 | 7.33e-05 | 6.31e-12 |
|  210  |  340  |  614  | +1.8731e-01 | 6.94e-02 | 7.12e-05 | 5.31e-12 |
|  211  |  342  |  618  | +1.8731e-01 | 6.94e-02 | 7.14e-05 | 5.45e-12 |
|  212  |  344  |  622  | +1.8731e-01 | 6.94e-02 | 6.95e-05 | 4.61e-12 |
|  213  |  346  |  626  | +1.8731e-01 | 6.94e-02 | 6.96e-05 | 4.71e-12 |
|  214  |  348  |  630  | +1.8731e-01 | 6.94e-02 | 6.78e-05 | 4.01e-12 |
|  215  |  350  |  634  | +1.8731e-01 | 6.94e-02 | 6.78e-05 | 4.07e-12 |
|  216  |  352  |  638  | +1.8731e-01 | 6.94e-02 | 6.62e-05 | 3.50e-12 |
|  217  |  354  |  642  | +1.8731e-01 | 6.94e-02 | 6.61e-05 | 3.51e-12 |
|  218  |  356  |  646  | +1.8731e-01 | 6.94e-02 | 6.46e-05 | 3.05e-12 |
|  219  |  358  |  650  | +1.8731e-01 | 6.94e-02 | 6.45e-05 | 3.04e-12 |
|  220  |  360  |  654  | +1.8731e-01 | 6.94e-02 | 6.32e-05 | 2.66e-12 |
|  221  |  362  |  658  | +1.8731e-01 | 6.94e-02 | 6.29e-05 | 2.62e-12 |
|  222  |  364  |  662  | +1.8731e-01 | 6.94e-02 | 6.17e-05 | 2.32e-12 |
|  223  |  366  |  666  | +1.8731e-01 | 6.94e-02 | 6.14e-05 | 2.27e-12 |
|  224  |  368  |  670  | +1.8731e-01 | 6.94e-02 | 6.04e-05 | 2.02e-12 |
|  225  |  370  |  674  | +1.8731e-01 | 6.94e-02 | 6.00e-05 | 1.96e-12 |
|  226  |  372  |  678  | +1.8731e-01 | 6.94e-02 | 5.91e-05 | 1.76e-12 |
|  227  |  374  |  682  | +1.8731e-01 | 6.94e-02 | 5.86e-05 | 1.70e-12 |
|  228  |  376  |  686  | +1.8731e-01 | 6.94e-02 | 5.78e-05 | 1.54e-12 |
|  229  |  378  |  690  | +1.8731e-01 | 6.94e-02 | 5.73e-05 | 1.47e-12 |
|  230  |  380  |  694  | +1.8731e-01 | 6.94e-02 | 5.66e-05 | 1.34e-12 |
|  231  |  382  |  698  | +1.8731e-01 | 6.94e-02 | 5.61e-05 | 1.27e-12 |
|  232  |  384  |  702  | +1.8731e-01 | 6.94e-02 | 5.54e-05 | 1.17e-12 |
|  233  |  386  |  706  | +1.8731e-01 | 6.94e-02 | 5.49e-05 | 1.10e-12 |
|  234  |  388  |  710  | +1.8731e-01 | 6.94e-02 | 5.43e-05 | 1.01e-12 |
|  235  |  390  |  714  | +1.8731e-01 | 6.94e-02 | 5.38e-05 | 9.55e-13 |
|  236  |  392  |  718  | +1.8731e-01 | 6.94e-02 | 5.32e-05 | 8.82e-13 |
|  237  |  394  |  722  | +1.8731e-01 | 6.94e-02 | 5.27e-05 | 8.27e-13 |
|  238  |  396  |  726  | +1.8731e-01 | 6.94e-02 | 5.22e-05 | 7.66e-13 |
|  239  |  398  |  730  | +1.8731e-01 | 6.94e-02 | 5.17e-05 | 7.16e-13 |
|  240  |  400  |  734  | +1.8731e-01 | 6.94e-02 | 5.12e-05 | 6.64e-13 |
|  241  |  402  |  738  | +1.8731e-01 | 6.94e-02 | 5.08e-05 | 6.20e-13 |
|  242  |  404  |  742  | +1.8731e-01 | 6.94e-02 | 5.03e-05 | 5.75e-13 |
|  243  |  406  |  746  | +1.8730e-01 | 6.94e-02 | 4.98e-05 | 5.36e-13 |
|  244  |  408  |  750  | +1.8730e-01 | 6.94e-02 | 4.94e-05 | 4.97e-13 |
|  245  |  410  |  754  | +1.8730e-01 | 6.94e-02 | 4.90e-05 | 4.63e-13 |
|  246  |  412  |  758  | +1.8730e-01 | 6.94e-02 | 4.85e-05 | 4.29e-13 |
|  247  |  414  |  762  | +1.8730e-01 | 6.94e-02 | 4.81e-05 | 3.99e-13 |
|  248  |  416  |  766  | +1.8730e-01 | 6.94e-02 | 4.77e-05 | 3.70e-13 |
|  249  |  418  |  770  | +1.8730e-01 | 6.94e-02 | 4.73e-05 | 3.43e-13 |
|  250  |  420  |  774  | +1.8730e-01 | 6.94e-02 | 4.69e-05 | 3.18e-13 |
|  251  |  422  |  778  | +1.8730e-01 | 6.94e-02 | 4.65e-05 | 2.94e-13 |
|  252  |  424  |  782  | +1.8730e-01 | 6.94e-02 | 4.62e-05 | 2.72e-13 |
|  253  |  426  |  786  | +1.8730e-01 | 6.94e-02 | 4.58e-05 | 2.52e-13 |
|  254  |  428  |  790  | +1.8730e-01 | 6.94e-02 | 4.54e-05 | 2.32e-13 |
|  255  |  430  |  794  | +1.8730e-01 | 6.94e-02 | 4.51e-05 | 2.14e-13 |
|  256  |  432  |  798  | +1.8730e-01 | 6.94e-02 | 4.47e-05 | 1.98e-13 |
|  257  |  434  |  802  | +1.8730e-01 | 6.94e-02 | 4.44e-05 | 1.82e-13 |
|  258  |  436  |  806  | +1.8730e-01 | 6.94e-02 | 4.41e-05 | 1.67e-13 |
|  259  |  438  |  810  | +1.8730e-01 | 6.94e-02 | 4.38e-05 | 1.53e-13 |
|  260  |  440  |  814  | +1.8730e-01 | 6.94e-02 | 4.35e-05 | 1.40e-13 |
|  261  |  442  |  818  | +1.8730e-01 | 6.94e-02 | 4.32e-05 | 1.28e-13 |
|  262  |  444  |  822  | +1.8730e-01 | 6.94e-02 | 4.29e-05 | 1.23e-13 |
|  263  |  446  |  826  | +1.8730e-01 | 6.94e-02 | 4.26e-05 | 1.19e-13 |
|  264  |  448  |  830  | +1.8730e-01 | 6.94e-02 | 4.24e-05 | 1.14e-13 |
|  265  |  450  |  834  | +1.8730e-01 | 6.94e-02 | 4.21e-05 | 1.10e-13 |
|  266  |  452  |  838  | +1.8730e-01 | 6.94e-02 | 4.19e-05 | 1.06e-13 |
|  267  |  454  |  842  | +1.8730e-01 | 6.94e-02 | 4.17e-05 | 1.02e-13 |
|  268  |  456  |  846  | +1.8730e-01 | 6.94e-02 | 4.15e-05 | 9.89e-14 |
|  269  |  458  |  850  | +1.8730e-01 | 6.94e-02 | 4.14e-05 | 9.52e-14 |
|  270  |  460  |  854  | +1.8730e-01 | 6.94e-02 | 4.13e-05 | 9.10e-14 |
|  271  |  462  |  858  | +1.8730e-01 | 6.94e-02 | 4.12e-05 | 8.85e-14 |
|  272  |  464  |  862  | +1.8730e-01 | 6.94e-02 | 4.12e-05 | 8.44e-14 |
|  273  |  466  |  866  | +1.8730e-01 | 6.94e-02 | 4.13e-05 | 8.16e-14 |
|  274  |  468  |  870  | +1.8730e-01 | 6.94e-02 | 4.17e-05 | 7.79e-14 |
|  275  |  470  |  874  | +1.8730e-01 | 6.94e-02 | 4.25e-05 | 7.41e-14 |
|  276  |  472  |  878  | +1.8730e-01 | 6.94e-02 | 4.41e-05 | 6.83e-14 |
|  277  |  474  |  882  | +1.8730e-01 | 6.94e-02 | 4.44e-05 | 7.01e-14 |
|  278  |  476  |  886  | +1.8730e-01 | 6.94e-02 | 4.00e-05 | 6.56e-14 |
|  279  |  478  |  890  | +1.8730e-01 | 6.94e-02 | 3.85e-05 | 5.87e-14 |
|  280  |  480  |  894  | +1.8730e-01 | 6.94e-02 | 3.76e-05 | 5.98e-14 |
|  281  |  482  |  898  | +1.8730e-01 | 6.94e-02 | 3.71e-05 | 5.66e-14 |
|  282  |  484  |  902  | +1.8730e-01 | 6.94e-02 | 3.64e-05 | 5.01e-14 |
|  283  |  486  |  906  | +1.8730e-01 | 6.94e-02 | 3.60e-05 | 5.00e-14 |
|  284  |  488  |  910  | +1.8730e-01 | 6.94e-02 | 3.56e-05 | 4.88e-14 |
|  285  |  490  |  914  | +1.8730e-01 | 6.94e-02 | 3.53e-05 | 4.71e-14 |
|  286  |  492  |  918  | +1.8730e-01 | 6.94e-02 | 3.50e-05 | 4.51e-14 |
|  287  |  494  |  922  | +1.8730e-01 | 6.94e-02 | 3.48e-05 | 4.24e-14 |
|  288  |  496  |  926  | +1.8730e-01 | 6.94e-02 | 3.45e-05 | 4.04e-14 |
|  289  |  498  |  930  | +1.8730e-01 | 6.94e-02 | 3.42e-05 | 3.84e-14 |
|  290  |  500  |  934  | +1.8730e-01 | 6.94e-02 | 3.39e-05 | 3.68e-14 |
|  291  |  502  |  938  | +1.8730e-01 | 6.94e-02 | 3.35e-05 | 3.55e-14 |
|  292  |  504  |  942  | +1.8730e-01 | 6.94e-02 | 3.32e-05 | 3.43e-14 |
|  293  |  506  |  946  | +1.8730e-01 | 6.94e-02 | 3.30e-05 | 3.33e-14 |
|  294  |  508  |  950  | +1.8730e-01 | 6.94e-02 | 3.27e-05 | 3.31e-14 |
|  295  |  510  |  954  | +1.8730e-01 | 6.94e-02 | 3.24e-05 | 3.31e-14 |
|  296  |  512  |  958  | +1.8730e-01 | 6.94e-02 | 3.21e-05 | 3.31e-14 |
|  297  |  514  |  962  | +1.8730e-01 | 6.94e-02 | 3.19e-05 | 3.30e-14 |
|  298  |  516  |  966  | +1.8730e-01 | 6.94e-02 | 3.16e-05 | 3.29e-14 |
|  299  |  518  |  970  | +1.8730e-01 | 6.94e-02 | 3.13e-05 | 3.27e-14 |
|  300  |  520  |  974  | +1.8730e-01 | 6.94e-02 | 3.10e-05 | 3.25e-14 |
|  301  |  522  |  978  | +1.8730e-01 | 6.94e-02 | 3.08e-05 | 3.22e-14 |
|  302  |  524  |  982  | +1.8730e-01 | 6.94e-02 | 3.05e-05 | 3.19e-14 |
|  303  |  526  |  986  | +1.8730e-01 | 6.94e-02 | 3.03e-05 | 3.16e-14 |
|  304  |  528  |  990  | +1.8730e-01 | 6.94e-02 | 3.00e-05 | 3.13e-14 |
|  305  |  530  |  994  | +1.8730e-01 | 6.94e-02 | 2.98e-05 | 3.09e-14 |
|  306  |  532  |  998  | +1.8730e-01 | 6.94e-02 | 2.95e-05 | 3.05e-14 |
|  307  |  534  | 1002  | +1.8730e-01 | 6.94e-02 | 2.93e-05 | 3.01e-14 |
|  308  |  536  | 1006  | +1.8730e-01 | 6.94e-02 | 2.90e-05 | 2.96e-14 |
|  309  |  538  | 1010  | +1.8730e-01 | 6.94e-02 | 2.88e-05 | 2.92e-14 |
|  310  |  540  | 1014  | +1.8730e-01 | 6.94e-02 | 2.85e-05 | 2.88e-14 |
|  311  |  542  | 1018  | +1.8730e-01 | 6.94e-02 | 2.83e-05 | 2.83e-14 |
|  312  |  544  | 1022  | +1.8730e-01 | 6.94e-02 | 2.81e-05 | 2.78e-14 |
|  313  |  546  | 1026  | +1.8730e-01 | 6.94e-02 | 2.78e-05 | 2.73e-14 |
|  314  |  548  | 1030  | +1.8730e-01 | 6.94e-02 | 2.76e-05 | 2.68e-14 |
|  315  |  550  | 1034  | +1.8730e-01 | 6.94e-02 | 2.74e-05 | 2.64e-14 |
|  316  |  552  | 1038  | +1.8730e-01 | 6.94e-02 | 2.71e-05 | 2.59e-14 |
|  317  |  554  | 1042  | +1.8730e-01 | 6.94e-02 | 2.69e-05 | 2.54e-14 |
|  318  |  556  | 1046  | +1.8730e-01 | 6.94e-02 | 2.67e-05 | 2.49e-14 |
|  319  |  558  | 1050  | +1.8730e-01 | 6.94e-02 | 2.65e-05 | 2.44e-14 |
|  320  |  560  | 1054  | +1.8730e-01 | 6.94e-02 | 2.62e-05 | 2.39e-14 |
|  321  |  562  | 1058  | +1.8730e-01 | 6.94e-02 | 2.60e-05 | 2.34e-14 |
|  322  |  564  | 1062  | +1.8730e-01 | 6.94e-02 | 2.58e-05 | 2.29e-14 |
|  323  |  566  | 1066  | +1.8730e-01 | 6.94e-02 | 2.56e-05 | 2.24e-14 |
|  324  |  568  | 1070  | +1.8730e-01 | 6.94e-02 | 2.54e-05 | 2.20e-14 |
|  325  |  570  | 1074  | +1.8730e-01 | 6.94e-02 | 2.52e-05 | 2.15e-14 |
|  326  |  572  | 1078  | +1.8730e-01 | 6.94e-02 | 2.49e-05 | 2.10e-14 |
|  327  |  574  | 1082  | +1.8730e-01 | 6.94e-02 | 2.47e-05 | 2.05e-14 |
|  328  |  576  | 1086  | +1.8730e-01 | 6.94e-02 | 2.45e-05 | 2.01e-14 |
|  329  |  578  | 1090  | +1.8730e-01 | 6.94e-02 | 2.43e-05 | 1.96e-14 |
|  330  |  580  | 1094  | +1.8730e-01 | 6.94e-02 | 2.41e-05 | 1.92e-14 |
|  331  |  582  | 1098  | +1.8730e-01 | 6.94e-02 | 2.39e-05 | 1.87e-14 |
|  332  |  584  | 1102  | +1.8730e-01 | 6.94e-02 | 2.37e-05 | 1.83e-14 |
|  333  |  586  | 1106  | +1.8730e-01 | 6.94e-02 | 2.35e-05 | 1.79e-14 |
|  334  |  588  | 1110  | +1.8730e-01 | 6.94e-02 | 2.33e-05 | 1.75e-14 |
|  335  |  590  | 1114  | +1.8730e-01 | 6.94e-02 | 2.31e-05 | 1.70e-14 |
|  336  |  592  | 1118  | +1.8730e-01 | 6.94e-02 | 2.29e-05 | 1.66e-14 |
|  337  |  594  | 1122  | +1.8730e-01 | 6.94e-02 | 2.27e-05 | 1.62e-14 |
|  338  |  596  | 1126  | +1.8730e-01 | 6.94e-02 | 2.25e-05 | 1.58e-14 |
|  339  |  598  | 1130  | +1.8730e-01 | 6.94e-02 | 2.23e-05 | 1.54e-14 |
|  340  |  600  | 1134  | +1.8730e-01 | 6.94e-02 | 2.21e-05 | 1.51e-14 |
|  341  |  602  | 1138  | +1.8730e-01 | 6.94e-02 | 2.19e-05 | 1.47e-14 |
|  342  |  604  | 1142  | +1.8730e-01 | 6.94e-02 | 2.17e-05 | 1.43e-14 |
|  343  |  606  | 1146  | +1.8730e-01 | 6.94e-02 | 2.16e-05 | 1.40e-14 |
|  344  |  608  | 1150  | +1.8730e-01 | 6.94e-02 | 2.14e-05 | 1.36e-14 |
|  345  |  610  | 1154  | +1.8730e-01 | 6.94e-02 | 2.12e-05 | 1.33e-14 |
|  346  |  612  | 1158  | +1.8730e-01 | 6.94e-02 | 2.10e-05 | 1.29e-14 |
|  347  |  614  | 1162  | +1.8730e-01 | 6.94e-02 | 2.08e-05 | 1.26e-14 |
|  348  |  616  | 1166  | +1.8730e-01 | 6.94e-02 | 2.06e-05 | 1.23e-14 |
|  349  |  618  | 1170  | +1.8730e-01 | 6.94e-02 | 2.04e-05 | 1.20e-14 |
|  350  |  620  | 1174  | +1.8730e-01 | 6.94e-02 | 2.03e-05 | 1.17e-14 |
|  351  |  622  | 1178  | +1.8730e-01 | 6.94e-02 | 2.01e-05 | 1.14e-14 |
|  352  |  624  | 1182  | +1.8730e-01 | 6.94e-02 | 1.99e-05 | 1.11e-14 |
|  353  |  626  | 1186  | +1.8730e-01 | 6.94e-02 | 1.97e-05 | 1.08e-14 |
|  354  |  628  | 1190  | +1.8730e-01 | 6.94e-02 | 1.96e-05 | 1.05e-14 |
|  355  |  630  | 1194  | +1.8730e-01 | 6.94e-02 | 1.94e-05 | 1.02e-14 |
|  356  |  632  | 1198  | +1.8730e-01 | 6.94e-02 | 1.92e-05 | 9.94e-15 |
|  357  |  634  | 1202  | +1.8730e-01 | 6.94e-02 | 1.90e-05 | 9.68e-15 |
|  358  |  636  | 1206  | +1.8730e-01 | 6.94e-02 | 1.89e-05 | 9.42e-15 |
|  359  |  638  | 1210  | +1.8730e-01 | 6.94e-02 | 1.87e-05 | 9.17e-15 |
|  360  |  640  | 1214  | +1.8730e-01 | 6.94e-02 | 1.85e-05 | 8.93e-15 |
|  361  |  642  | 1218  | +1.8730e-01 | 6.94e-02 | 1.84e-05 | 8.69e-15 |
|  362  |  644  | 1222  | +1.8730e-01 | 6.94e-02 | 1.82e-05 | 8.46e-15 |
|  363  |  646  | 1226  | +1.8730e-01 | 6.94e-02 | 1.80e-05 | 8.23e-15 |
|  364  |  648  | 1230  | +1.8730e-01 | 6.94e-02 | 1.79e-05 | 8.01e-15 |
|  365  |  650  | 1234  | +1.8730e-01 | 6.94e-02 | 1.77e-05 | 7.79e-15 |
|  366  |  652  | 1238  | +1.8730e-01 | 6.94e-02 | 1.75e-05 | 7.58e-15 |
|  367  |  654  | 1242  | +1.8730e-01 | 6.94e-02 | 1.74e-05 | 7.37e-15 |
|  368  |  656  | 1246  | +1.8730e-01 | 6.94e-02 | 1.72e-05 | 7.17e-15 |
|  369  |  658  | 1250  | +1.8730e-01 | 6.94e-02 | 1.71e-05 | 6.98e-15 |
|  370  |  660  | 1254  | +1.8730e-01 | 6.94e-02 | 1.69e-05 | 6.79e-15 |
|  371  |  662  | 1258  | +1.8730e-01 | 6.94e-02 | 1.68e-05 | 6.60e-15 |
|  372  |  664  | 1262  | +1.8730e-01 | 6.94e-02 | 1.66e-05 | 6.42e-15 |
|  373  |  666  | 1266  | +1.8730e-01 | 6.94e-02 | 1.64e-05 | 6.24e-15 |
|  374  |  668  | 1270  | +1.8730e-01 | 6.94e-02 | 1.63e-05 | 6.07e-15 |
|  375  |  670  | 1274  | +1.8730e-01 | 6.94e-02 | 1.61e-05 | 5.90e-15 |
|  376  |  672  | 1278  | +1.8730e-01 | 6.94e-02 | 1.60e-05 | 5.74e-15 |
|  377  |  674  | 1282  | +1.8730e-01 | 6.94e-02 | 1.59e-05 | 5.58e-15 |
|  378  |  676  | 1286  | +1.8730e-01 | 6.94e-02 | 1.57e-05 | 5.43e-15 |
|  379  |  678  | 1290  | +1.8730e-01 | 6.94e-02 | 1.56e-05 | 5.28e-15 |
|  380  |  680  | 1294  | +1.8730e-01 | 6.94e-02 | 1.54e-05 | 5.13e-15 |
|  381  |  682  | 1298  | +1.8730e-01 | 6.94e-02 | 1.53e-05 | 4.99e-15 |
|  382  |  684  | 1302  | +1.8730e-01 | 6.94e-02 | 1.51e-05 | 4.85e-15 |
|  383  |  686  | 1306  | +1.8730e-01 | 6.94e-02 | 1.50e-05 | 4.71e-15 |
|  384  |  688  | 1310  | +1.8730e-01 | 6.94e-02 | 1.48e-05 | 4.58e-15 |
|  385  |  690  | 1314  | +1.8730e-01 | 6.94e-02 | 1.47e-05 | 4.45e-15 |
|  386  |  692  | 1318  | +1.8730e-01 | 6.94e-02 | 1.46e-05 | 4.33e-15 |
|  387  |  694  | 1322  | +1.8730e-01 | 6.94e-02 | 1.44e-05 | 4.21e-15 |
|  388  |  696  | 1326  | +1.8730e-01 | 6.94e-02 | 1.43e-05 | 4.09e-15 |
|  389  |  698  | 1330  | +1.8730e-01 | 6.94e-02 | 1.42e-05 | 3.98e-15 |
|  390  |  700  | 1334  | +1.8730e-01 | 6.94e-02 | 1.40e-05 | 3.87e-15 |
|  391  |  702  | 1338  | +1.8730e-01 | 6.94e-02 | 1.39e-05 | 3.75e-15 |
|  392  |  704  | 1342  | +1.8730e-01 | 6.94e-02 | 1.38e-05 | 3.65e-15 |
|  393  |  706  | 1346  | +1.8730e-01 | 6.94e-02 | 1.36e-05 | 3.55e-15 |
|  394  |  708  | 1350  | +1.8730e-01 | 6.94e-02 | 1.35e-05 | 3.45e-15 |
|  395  |  710  | 1354  | +1.8730e-01 | 6.94e-02 | 1.34e-05 | 3.35e-15 |
|  396  |  712  | 1358  | +1.8730e-01 | 6.94e-02 | 1.33e-05 | 3.25e-15 |
|  397  |  714  | 1362  | +1.8730e-01 | 6.94e-02 | 1.31e-05 | 3.16e-15 |
|  398  |  716  | 1366  | +1.8730e-01 | 6.94e-02 | 1.30e-05 | 3.07e-15 |
|  399  |  718  | 1370  | +1.8730e-01 | 6.94e-02 | 1.29e-05 | 2.98e-15 |
|  400  |  720  | 1374  | +1.8730e-01 | 6.94e-02 | 1.28e-05 | 2.90e-15 |
|  401  |  722  | 1378  | +1.8730e-01 | 6.94e-02 | 1.26e-05 | 2.82e-15 |
|  402  |  724  | 1382  | +1.8730e-01 | 6.94e-02 | 1.25e-05 | 2.74e-15 |
|  403  |  726  | 1386  | +1.8730e-01 | 6.94e-02 | 1.24e-05 | 2.66e-15 |
|  404  |  728  | 1390  | +1.8730e-01 | 6.94e-02 | 1.23e-05 | 2.58e-15 |
|  405  |  730  | 1394  | +1.8730e-01 | 6.94e-02 | 1.22e-05 | 2.51e-15 |
|  406  |  732  | 1398  | +1.8730e-01 | 6.94e-02 | 1.21e-05 | 2.44e-15 |
|  407  |  734  | 1402  | +1.8730e-01 | 6.94e-02 | 1.19e-05 | 2.37e-15 |
|  408  |  736  | 1406  | +1.8730e-01 | 6.94e-02 | 1.18e-05 | 2.30e-15 |
|  409  |  738  | 1410  | +1.8730e-01 | 6.94e-02 | 1.17e-05 | 2.24e-15 |
|  410  |  740  | 1414  | +1.8730e-01 | 6.94e-02 | 1.16e-05 | 2.17e-15 |
|  411  |  742  | 1418  | +1.8730e-01 | 6.94e-02 | 1.15e-05 | 2.11e-15 |
|  412  |  744  | 1422  | +1.8730e-01 | 6.94e-02 | 1.14e-05 | 2.05e-15 |
|  413  |  746  | 1426  | +1.8730e-01 | 6.94e-02 | 1.13e-05 | 1.99e-15 |
|  414  |  748  | 1430  | +1.8730e-01 | 6.94e-02 | 1.12e-05 | 1.93e-15 |
|  415  |  750  | 1434  | +1.8730e-01 | 6.94e-02 | 1.11e-05 | 1.88e-15 |
|  416  |  752  | 1438  | +1.8730e-01 | 6.94e-02 | 1.10e-05 | 1.83e-15 |
|  417  |  754  | 1442  | +1.8730e-01 | 6.94e-02 | 1.09e-05 | 1.77e-15 |
|  418  |  756  | 1446  | +1.8730e-01 | 6.94e-02 | 1.08e-05 | 1.72e-15 |
|  419  |  758  | 1450  | +1.8730e-01 | 6.94e-02 | 1.07e-05 | 1.67e-15 |
|  420  |  760  | 1454  | +1.8730e-01 | 6.94e-02 | 1.06e-05 | 1.63e-15 |
|  421  |  762  | 1458  | +1.8730e-01 | 6.94e-02 | 1.05e-05 | 1.58e-15 |
|  422  |  764  | 1462  | +1.8730e-01 | 6.94e-02 | 1.04e-05 | 1.53e-15 |
|  423  |  766  | 1466  | +1.8730e-01 | 6.94e-02 | 1.03e-05 | 1.49e-15 |
|  424  |  768  | 1470  | +1.8730e-01 | 6.94e-02 | 1.02e-05 | 1.45e-15 |
|  425  |  770  | 1474  | +1.8730e-01 | 6.94e-02 | 1.01e-05 | 1.40e-15 |
|  426  |  772  | 1478  | +1.8730e-01 | 6.94e-02 | 9.97e-06 | 1.36e-15 |

`gtol` termination condition is satisfied.
Number of iterations: 426, function evaluations: 772, CG iterations: 1478, optimality: 9.97e-06, constraint violation: 1.36e-15, execution time: 5.7e+01 s.
F_reordered (full space)= 0.18730419145689478
