GS energy with  DMRG -14.225634138409
N= 8.000000000000005
E= -14.225634138409
D= [[ 5.00000000e-01+0.j -7.91141754e-13+0.j  3.96443479e-01+0.j
   5.54035513e-13+0.j  1.97464441e-13+0.j  2.10909704e-14+0.j
  -1.46289019e-01+0.j -2.16737041e-13+0.j -4.60317548e-14+0.j
  -8.82088527e-15+0.j  9.07054533e-02+0.j  1.46466985e-13+0.j
   2.39010201e-14+0.j  4.65251649e-15+0.j -6.66297353e-02+0.j
  -1.17853072e-13+0.j]
 [-7.91119180e-13+0.j  5.00000000e-01+0.j -5.66026284e-13+0.j
   3.96443479e-01+0.j -1.25992235e-13+0.j -5.05958123e-14+0.j
   1.96244270e-13+0.j -1.46289017e-01+0.j  1.96693728e-14+0.j
   3.21843246e-14+0.j -1.30148791e-13+0.j  9.07054857e-02+0.j
  -2.94270775e-15+0.j  1.09183496e-14+0.j  1.08973824e-13+0.j
  -6.66297323e-02+0.j]
 [ 3.96443479e-01+0.j -5.66033482e-13+0.j  5.00000000e-01+0.j
   6.58084795e-13+0.j  2.27579398e-01+0.j  5.85895250e-15+0.j
  -2.34306931e-13+0.j -2.39792591e-13+0.j -4.18814157e-02+0.j
  -5.66275152e-15+0.j  1.54461838e-13+0.j  1.47732594e-13+0.j
   1.23407420e-02+0.j  5.86651816e-15+0.j -9.61157694e-14+0.j
  -1.10207425e-13+0.j]
 [ 5.54026607e-13+0.j  3.96443479e-01+0.j  6.58070387e-13+0.j
   5.00000000e-01+0.j  4.47415297e-14+0.j  2.27579397e-01+0.j
  -1.61542807e-13+0.j  2.52474907e-13+0.j -3.54787372e-15+0.j
  -4.18813935e-02+0.j  9.79377548e-14+0.j -1.67995392e-13+0.j
  -8.94278821e-16+0.j  1.23407448e-02+0.j -7.35931323e-14+0.j
   1.03170894e-13+0.j]
 [ 1.97449695e-13+0.j -1.26004873e-13+0.j  2.27579398e-01+0.j
   4.47463633e-14+0.j  5.00000000e-01+0.j -7.99574509e-14+0.j
   3.57104499e-01+0.j -1.27627268e-14+0.j  2.04558592e-14+0.j
   1.88810507e-14+0.j -1.36484470e-01+0.j -3.84838759e-15+0.j
  -7.56686380e-15+0.j -9.27678519e-15+0.j  9.07054549e-02+0.j
   1.61655073e-14+0.j]
 [ 2.10994137e-14+0.j -5.06816811e-14+0.j  5.85893753e-15+0.j
   2.27579397e-01+0.j -7.99743003e-14+0.j  5.00000000e-01+0.j
  -1.19135321e-14+0.j  3.57104498e-01+0.j  1.71993405e-14+0.j
  -3.67050140e-14+0.j  1.56890017e-14+0.j -1.36484471e-01+0.j
  -8.02000639e-15+0.j  7.10195791e-15+0.j -2.41264590e-14+0.j
   9.07054233e-02+0.j]
 [-1.46289019e-01+0.j  1.96244250e-13+0.j -2.34326664e-13+0.j
  -1.61544770e-13+0.j  3.57104499e-01+0.j -1.19012043e-14+0.j
   5.00000000e-01+0.j  1.31291765e-13+0.j  2.42179308e-01+0.j
   1.04316978e-14+0.j -1.07483033e-13+0.j -6.36012857e-14+0.j
  -4.18813960e-02+0.j -7.45322340e-15+0.j  7.73560903e-14+0.j
   4.58419622e-14+0.j]
 [-2.16730676e-13+0.j -1.46289017e-01+0.j -2.39787387e-13+0.j
   2.52464933e-13+0.j -1.27408108e-14+0.j  3.57104498e-01+0.j
   1.31299982e-13+0.j  5.00000000e-01+0.j -2.38734555e-15+0.j
   2.42179308e-01+0.j -6.25870733e-14+0.j  1.04457241e-13+0.j
   5.41779407e-15+0.j -4.18814184e-02+0.j  4.53205487e-14+0.j
  -7.75036586e-14+0.j]
 [-4.59892541e-14+0.j  1.96656961e-14+0.j -4.18814157e-02+0.j
  -3.54815093e-15+0.j  2.04957579e-14+0.j  1.72067606e-14+0.j
   2.42179308e-01+0.j -2.38543820e-15+0.j  5.00000000e-01+0.j
  -4.67965106e-14+0.j  3.57104500e-01+0.j  1.78357791e-14+0.j
   1.72049874e-14+0.j  1.44450689e-14+0.j -1.46289015e-01+0.j
  -2.87649590e-14+0.j]
 [-8.83261034e-15+0.j  3.20819760e-14+0.j -5.66249642e-15+0.j
  -4.18813935e-02+0.j  1.88889752e-14+0.j -3.66789932e-14+0.j
   1.04316239e-14+0.j  2.42179308e-01+0.j -4.67801391e-14+0.j
   5.00000000e-01+0.j -2.22699120e-14+0.j  3.57104500e-01+0.j
   1.36652929e-14+0.j -1.99007477e-14+0.j  3.11308681e-14+0.j
  -1.46289017e-01+0.j]
 [ 9.07054533e-02+0.j -1.30148735e-13+0.j  1.54510194e-13+0.j
   9.79381680e-14+0.j -1.36484470e-01+0.j  1.56821223e-14+0.j
  -1.07407572e-13+0.j -6.25872132e-14+0.j  3.57104500e-01+0.j
  -2.22549607e-14+0.j  5.00000000e-01+0.j  8.16179755e-14+0.j
   2.27579398e-01+0.j  1.46631661e-14+0.j -8.51302535e-14+0.j
  -4.79335013e-14+0.j]
 [ 1.46457443e-13+0.j  9.07054857e-02+0.j  1.47728850e-13+0.j
  -1.67998916e-13+0.j -3.85477262e-15+0.j -1.36484471e-01+0.j
  -6.35982722e-14+0.j  1.04487165e-13+0.j  1.78663922e-14+0.j
   3.57104500e-01+0.j  8.16257925e-14+0.j  5.00000000e-01+0.j
  -1.31854179e-14+0.j  2.27579398e-01+0.j -4.73801767e-14+0.j
   8.75418637e-14+0.j]
 [ 2.38828055e-14+0.j -2.93607036e-15+0.j  1.23407420e-02+0.j
  -8.94180870e-16+0.j -7.56512908e-15+0.j -8.01729055e-15+0.j
  -4.18813960e-02+0.j  5.41749496e-15+0.j  1.72188652e-14+0.j
   1.36367275e-14+0.j  2.27579398e-01+0.j -1.32014588e-14+0.j
   5.00000000e-01+0.j -3.80557124e-14+0.j  3.96443477e-01+0.j
   3.19564253e-14+0.j]
 [ 4.64918407e-15+0.j  1.09183496e-14+0.j  5.86604156e-15+0.j
   1.23407448e-02+0.j -9.26792279e-15+0.j  7.10889680e-15+0.j
  -7.45190429e-15+0.j -4.18814184e-02+0.j  1.44640337e-14+0.j
  -1.99146255e-14+0.j  1.46632658e-14+0.j  2.27579398e-01+0.j
  -3.81342960e-14+0.j  5.00000000e-01+0.j -3.29454166e-14+0.j
   3.96443477e-01+0.j]
 [-6.66297353e-02+0.j  1.08972504e-13+0.j -9.61414650e-14+0.j
  -7.35936011e-14+0.j  9.07054549e-02+0.j -2.41204980e-14+0.j
   7.73075180e-14+0.j  4.53238848e-14+0.j -1.46289015e-01+0.j
   3.11179387e-14+0.j -8.50647677e-14+0.j -4.73787872e-14+0.j
   3.96443477e-01+0.j -3.29623614e-14+0.j  5.00000000e-01+0.j
   8.50252435e-14+0.j]
 [-1.17849650e-13+0.j -6.66297323e-02+0.j -1.10205421e-13+0.j
   1.03173414e-13+0.j  1.61708415e-14+0.j  9.07054233e-02+0.j
   4.58418991e-14+0.j -7.75424910e-14+0.j -2.87883403e-14+0.j
  -1.46289017e-01+0.j -4.79358979e-14+0.j  8.75344731e-14+0.j
   3.19893409e-14+0.j  3.96443477e-01+0.j  8.50306237e-14+0.j
   5.00000000e-01+0.j]]
W= [0.27960586+0.j 0.33670941+0.j 0.33715466+0.j 0.34258112+0.j
 0.34258112+0.j 0.33715466+0.j 0.3367094 +0.j 0.27960586+0.j]
local approximation with  1 sites
local interactions on sites [[0], [1], [2], [3], [4], [5], [6], [7]]
Functional for interaction on sites [0]
interacting orbitals: [0, 1]
mapping: [0, 1, 2, 3, 4, 5, 6, 7, 8, 9, 10, 11, 12, 13, 14, 15]
orbinteractaca= [0, 1]
aca: level 5  norb= 12
Daca= [[ 5.00000000e-01+0.j -7.91141754e-13+0.j -4.37304139e-01+0.j
  -8.21995239e-29+0.j  1.03946964e-28+0.j  5.53318403e-30+0.j
  -3.28402029e-17+0.j  1.20581817e-29+0.j -7.86133216e-30+0.j
  -3.03409023e-31+0.j  6.85714784e-18+0.j -8.35679558e-31+0.j]
 [-7.91119180e-13+0.j  5.00000000e-01+0.j -7.22563315e-16+0.j
  -4.37304145e-01+0.j  6.10291814e-30+0.j -9.12961076e-30+0.j
   9.13706872e-29+0.j  3.67553137e-18+0.j  2.23837921e-30+0.j
   4.78594486e-30+0.j  2.05375350e-29+0.j -2.84255904e-18+0.j]
 [-4.37304139e-01+0.j -7.16257205e-16+0.j  5.00000000e-01+0.j
   7.59496301e-13+0.j  5.15371991e-02+0.j  1.99363810e-30+0.j
  -3.62027128e-31+0.j -3.09067394e-30+0.j -2.49468681e-18+0.j
   8.38016157e-30+0.j  3.84818004e-31+0.j -4.79481088e-31+0.j]
 [ 1.27035227e-17+0.j -4.37304145e-01+0.j  7.59482272e-13+0.j
   5.00000000e-01+0.j  2.86231212e-14+0.j  5.15371812e-02+0.j
  -5.57357989e-30+0.j  1.39978237e-30+0.j -4.56658177e-30+0.j
  -3.88629337e-18+0.j  9.28663139e-30+0.j  1.39742130e-33+0.j]
 [-1.47451495e-17+0.j -1.26375460e-17+0.j  5.15371991e-02+0.j
   2.86403194e-14+0.j  5.00000000e-01+0.j -7.77645104e-13+0.j
   4.32995905e-01+0.j -6.74045564e-29+0.j  1.22602202e-29+0.j
  -9.73423051e-30+0.j -1.70595328e-17+0.j -2.35011753e-29+0.j]
 [ 8.44339591e-18+0.j -8.58688121e-17+0.j  6.90766958e-18+0.j
   5.15371812e-02+0.j -7.77662706e-13+0.j  5.00000000e-01+0.j
   1.70650256e-15+0.j  4.32995891e-01+0.j -1.25461489e-29+0.j
  -4.82282540e-30+0.j  5.93195287e-30+0.j -1.41479251e-17+0.j]
 [ 1.04824655e-16+0.j -2.38896426e-18+0.j  4.31733053e-17+0.j
  -5.58317664e-18+0.j  4.32995905e-01+0.j  1.72227582e-15+0.j
   5.00000000e-01+0.j  7.82942266e-13+0.j  2.70426490e-02+0.j
   2.36942454e-30+0.j -3.46635399e-30+0.j  4.84185486e-31+0.j]
 [ 2.57269291e-18+0.j -5.31857668e-16+0.j  2.39037411e-18+0.j
  -2.80655225e-17+0.j  2.88526401e-17+0.j  4.32995891e-01+0.j
   7.82948115e-13+0.j  5.00000000e-01+0.j  3.30183311e-15+0.j
   2.70426831e-02+0.j -6.54008131e-30+0.j  1.05226305e-30+0.j]
 [ 4.25007252e-17+0.j -3.67667436e-18+0.j -1.00290480e-16+0.j
   3.50463557e-18+0.j -5.81875296e-17+0.j -1.71164884e-17+0.j
   2.70426490e-02+0.j  3.31987394e-15+0.j  5.00000000e-01+0.j
  -1.33470667e-12+0.j  4.60649619e-01+0.j -5.70745588e-29+0.j]
 [-1.17250695e-17+0.j -1.02348685e-16+0.j  1.67694807e-18+0.j
  -4.82027725e-17+0.j  6.15558758e-19+0.j -3.55131422e-17+0.j
  -2.42784503e-18+0.j  2.70426831e-02+0.j -1.33475183e-12+0.j
   5.00000000e-01+0.j -1.19343057e-16+0.j  4.60649654e-01+0.j]
 [-1.71346090e-16+0.j  1.52463318e-18+0.j -1.16107421e-17+0.j
   4.81955314e-18+0.j  5.34740031e-18+0.j  2.51540674e-18+0.j
   1.09159138e-16+0.j -2.17988767e-18+0.j  4.60649619e-01+0.j
  -1.16959592e-16+0.j  5.00000000e-01+0.j  1.35267096e-12+0.j]
 [-7.19110201e-18+0.j  1.22287571e-16+0.j -4.66836991e-19+0.j
  -1.16800567e-17+0.j -3.89144594e-18+0.j  2.54878670e-16+0.j
   7.88944727e-19+0.j -2.80263374e-17+0.j  2.80915867e-17+0.j
   4.60649654e-01+0.j  1.35268003e-12+0.j  5.00000000e-01+0.j]]
WARNING: This is a completely UNoptimized simple variant for the constrained minimization, for larger number of orbitals please use the optimized Fortan implementation.
tcplx= True
nvar= 8192
Wsites= [0]
| niter |f evals|CG iter|  obj func   |tr radius |   opt    |  c viol  |
|-------|-------|-------|-------------|----------|----------|----------|
|   1   |   1   |   0   | +5.0621e-01 | 1.00e+00 | 2.58e-02 | 4.61e-01 |
|   2   |   2   |   1   | +5.0621e-01 | 2.79e-01 | 2.58e-02 | 4.61e-01 |
|   3   |   3   |   2   | +3.4923e-01 | 1.94e+00 | 2.49e-02 | 4.13e-01 |
|   4   |   4   |   4   | +3.4923e-01 | 1.94e-01 | 2.49e-02 | 4.13e-01 |
|   5   |   5   |   5   | +2.6804e-01 | 1.35e+00 | 2.75e-02 | 3.75e-01 |
|   6   |   6   |   7   | +2.6804e-01 | 1.35e-01 | 2.75e-02 | 3.75e-01 |
|   7   |   7   |   8   | +2.3906e-01 | 9.48e-01 | 2.83e-02 | 3.45e-01 |
