GS energy with  DMRG -11.694833190615842
N= 8.0
E= -11.694833190615842
D= [[ 5.00000000e-01+0.j  7.52803584e-13+0.j  4.22036269e-01+0.j
   1.82569124e-13+0.j  3.91344075e-13+0.j  4.40119364e-15+0.j
  -1.73703655e-01+0.j -9.00429569e-14+0.j -9.67810901e-14+0.j
  -6.63630738e-15+0.j  1.20200285e-01+0.j -1.41699771e-13+0.j
   4.84490920e-14+0.j  2.20083666e-15+0.j -1.00157388e-01+0.j
  -3.40333535e-14+0.j]
 [ 7.52757398e-13+0.j  5.00000000e-01+0.j -4.27454242e-13+0.j
   4.22036270e-01+0.j  1.70940590e-13+0.j -5.87811050e-14+0.j
  -2.29669236e-13+0.j -1.73703654e-01+0.j -4.03122745e-14+0.j
   4.22873542e-14+0.j  1.29459302e-13+0.j  1.20200337e-01+0.j
   1.64321332e-14+0.j -2.57641131e-14+0.j -1.35705069e-13+0.j
  -1.00157389e-01+0.j]
 [ 4.22036269e-01+0.j -4.27430992e-13+0.j  5.00000000e-01+0.j
  -6.86633260e-13+0.j  2.42188907e-01+0.j  1.37297938e-14+0.j
  -3.82606815e-13+0.j  2.95279499e-13+0.j -4.93501824e-02+0.j
  -4.73662527e-14+0.j  2.64909188e-13+0.j -2.04262859e-13+0.j
   1.57564596e-02+0.j  1.04782271e-13+0.j -2.34211034e-13+0.j
   1.70469209e-13+0.j]
 [ 1.82617599e-13+0.j  4.22036270e-01+0.j -6.86601848e-13+0.j
   5.00000000e-01+0.j  4.36485185e-13+0.j  2.42188906e-01+0.j
   9.89304851e-14+0.j -6.97684640e-14+0.j -9.09098530e-14+0.j
  -4.93501569e-02+0.j -6.63942567e-14+0.j  4.52882632e-14+0.j
   2.81764809e-14+0.j  1.57564747e-02+0.j  5.34531277e-14+0.j
  -3.75749934e-14+0.j]
 [ 3.91344075e-13+0.j  1.70930185e-13+0.j  2.42188907e-01+0.j
   4.36481217e-13+0.j  5.00000000e-01+0.j  2.54088111e-14+0.j
   3.74030139e-01+0.j -1.97290187e-13+0.j  7.13144821e-14+0.j
  -4.58632432e-17+0.j -1.59133994e-01+0.j  1.18283954e-13+0.j
  -1.95572725e-14+0.j -9.66500881e-16+0.j  1.20200335e-01+0.j
   1.57019223e-14+0.j]
 [ 4.39419896e-15+0.j -5.91176413e-14+0.j  1.37298333e-14+0.j
   2.42188906e-01+0.j  2.53776254e-14+0.j  5.00000000e-01+0.j
   1.55402564e-14+0.j  3.74030138e-01+0.j -7.54639180e-18+0.j
  -7.35800310e-14+0.j -1.79931063e-14+0.j -1.59133997e-01+0.j
  -3.27091296e-15+0.j  3.13568616e-14+0.j  4.68119143e-14+0.j
   1.20200276e-01+0.j]
 [-1.73703655e-01+0.j -2.29663046e-13+0.j -3.82627090e-13+0.j
   9.89358572e-14+0.j  3.74030139e-01+0.j  1.55585587e-14+0.j
   5.00000000e-01+0.j -5.80030032e-14+0.j  2.58500787e-01+0.j
  -1.03617191e-14+0.j -3.03118424e-13+0.j  3.34963116e-14+0.j
  -4.93501639e-02+0.j  1.00827799e-13+0.j  2.54783282e-13+0.j
  -2.69322677e-14+0.j]
 [-9.00535648e-14+0.j -1.73703654e-01+0.j  2.95267593e-13+0.j
  -6.97787639e-14+0.j -1.97287630e-13+0.j  3.74030138e-01+0.j
  -5.79880203e-14+0.j  5.00000000e-01+0.j  4.18527671e-14+0.j
   2.58500787e-01+0.j  3.43534372e-14+0.j  5.64444325e-14+0.j
  -1.38846684e-14+0.j -4.93501870e-02+0.j -2.46952508e-14+0.j
  -5.26081215e-14+0.j]
 [-9.69554298e-14+0.j -4.03142598e-14+0.j -4.93501824e-02+0.j
  -9.09075811e-14+0.j  7.13795342e-14+0.j -1.20389041e-17+0.j
   2.58500787e-01+0.j  4.18583665e-14+0.j  5.00000000e-01+0.j
   8.54502191e-16+0.j  3.74030140e-01+0.j -4.67510140e-14+0.j
   2.28775332e-14+0.j  1.13850765e-15+0.j -1.73703650e-01+0.j
   4.07063035e-14+0.j]
 [-6.61024176e-15+0.j  4.23029667e-14+0.j -4.73656075e-14+0.j
  -4.93501569e-02+0.j -4.61248029e-17+0.j -7.35453365e-14+0.j
  -1.03618483e-14+0.j  2.58500787e-01+0.j  8.32557661e-16+0.j
   5.00000000e-01+0.j  2.09889754e-14+0.j  3.74030141e-01+0.j
   2.64832328e-15+0.j -3.24046345e-14+0.j -2.18303832e-14+0.j
  -1.73703653e-01+0.j]
 [ 1.20200285e-01+0.j  1.29447932e-13+0.j  2.64920789e-13+0.j
  -6.63976780e-14+0.j -1.59133994e-01+0.j -1.79954005e-14+0.j
  -3.03124713e-13+0.j  3.43584800e-14+0.j  3.74030140e-01+0.j
   2.09399520e-14+0.j  5.00000000e-01+0.j -2.36543883e-14+0.j
   2.42188906e-01+0.j -3.69497015e-15+0.j -2.08715857e-13+0.j
   1.63123420e-14+0.j]
 [-1.41689526e-13+0.j  1.20200337e-01+0.j -2.04254021e-13+0.j
   4.52872332e-14+0.j  1.18289688e-13+0.j -1.59133997e-01+0.j
   3.34915664e-14+0.j  5.64374936e-14+0.j -4.67883241e-14+0.j
   3.74030141e-01+0.j -2.36541441e-14+0.j  5.00000000e-01+0.j
   9.75901859e-15+0.j  2.42188906e-01+0.j  1.30432298e-14+0.j
   8.95126598e-14+0.j]
 [ 4.84438878e-14+0.j  1.64316359e-14+0.j  1.57564596e-02+0.j
   2.81758204e-14+0.j -1.94618627e-14+0.j -3.28101881e-15+0.j
  -4.93501639e-02+0.j -1.38846867e-14+0.j  2.28705943e-14+0.j
   2.64491162e-15+0.j  2.42188906e-01+0.j  9.76962841e-15+0.j
   5.00000000e-01+0.j  1.01276854e-15+0.j  4.22036268e-01+0.j
  -2.88459260e-14+0.j]
 [ 2.20081629e-15+0.j -2.57710520e-14+0.j  1.04782058e-13+0.j
   1.57564747e-02+0.j -9.74310481e-16+0.j  3.13638004e-14+0.j
   1.00828865e-13+0.j -4.93501870e-02+0.j  1.14440368e-15+0.j
  -3.24532068e-14+0.j -3.69470632e-15+0.j  2.42188906e-01+0.j
   9.65087888e-16+0.j  5.00000000e-01+0.j  2.40377177e-14+0.j
   4.22036268e-01+0.j]
 [-1.00157388e-01+0.j -1.35696083e-13+0.j -2.34224966e-13+0.j
   5.34556703e-14+0.j  1.20200335e-01+0.j  4.67970703e-14+0.j
   2.54763658e-13+0.j -2.46997371e-14+0.j -1.73703650e-01+0.j
  -2.18023348e-14+0.j -2.08766598e-13+0.j  1.30385870e-14+0.j
   4.22036268e-01+0.j  2.39791860e-14+0.j  5.00000000e-01+0.j
  -1.17334184e-14+0.j]
 [-3.40444762e-14+0.j -1.00157389e-01+0.j  1.70461522e-13+0.j
  -3.75547072e-14+0.j  1.57045749e-14+0.j  1.20200276e-01+0.j
  -2.69253675e-14+0.j -5.25955654e-14+0.j  4.07175901e-14+0.j
  -1.73703653e-01+0.j  1.63096779e-14+0.j  8.96301247e-14+0.j
  -2.87914369e-14+0.j  4.22036268e-01+0.j -1.17257216e-14+0.j
   5.00000000e-01+0.j]]
W= [0.19157007+0.j 0.20949801+0.j 0.20994172+0.j 0.21159645+0.j
 0.21159645+0.j 0.20994172+0.j 0.209498  +0.j 0.19157007+0.j]
local approximation with  1 sites
local interactions on sites [[0], [1], [2], [3], [4], [5], [6], [7]]
Functional for interaction on sites [0]
interacting orbitals: [0, 1]
mapping: [0, 1, 2, 3, 4, 5, 6, 7, 8, 9, 10, 11, 12, 13, 14, 15]
orbinteractaca= [0, 1]
aca: level 6  norb= 14
Daca= [[ 5.00000000e-01+0.j  7.52803584e-13+0.j -4.82459514e-01+0.j
   3.31110450e-29+0.j  9.83537697e-30+0.j -4.34273747e-31+0.j
   1.63379337e-17+0.j  4.37348387e-30+0.j  1.05151393e-29+0.j
   1.70853749e-30+0.j -1.06246042e-17+0.j  1.60821926e-29+0.j
   2.78652376e-31+0.j -1.58434189e-31+0.j]
 [ 7.52757398e-13+0.j  5.00000000e-01+0.j  6.69195700e-14+0.j
  -4.82459528e-01+0.j -2.45302583e-29+0.j  1.36791124e-29+0.j
   1.02026068e-28+0.j  1.13023105e-17+0.j  4.65769333e-30+0.j
  -6.42753730e-30+0.j -6.68417991e-29+0.j -1.90217101e-17+0.j
  -4.47826851e-30+0.j  7.43887838e-30+0.j]
 [-4.82459514e-01+0.j  6.69061587e-14+0.j  5.00000000e-01+0.j
  -7.64758002e-13+0.j  1.50250792e-02+0.j  2.51262704e-29+0.j
   5.41033284e-30+0.j -3.83469561e-30+0.j  1.25682119e-18+0.j
   1.20763843e-29+0.j -1.76739461e-30+0.j  3.97519609e-30+0.j
  -8.06613181e-20+0.j  2.25988252e-29+0.j]
 [-5.10843591e-17+0.j -4.82459528e-01+0.j -7.64720078e-13+0.j
   5.00000000e-01+0.j  1.52610210e-13+0.j  1.50250576e-02+0.j
  -6.68742110e-30+0.j  4.68975800e-33+0.j  1.60189065e-30+0.j
   7.10038576e-20+0.j  1.23290749e-30+0.j  6.56860031e-32+0.j
   2.63643524e-30+0.j  5.59938843e-20+0.j]
 [-1.61757740e-29+0.j -1.04056404e-17+0.j  1.50250792e-02+0.j
   1.52605742e-13+0.j  5.00000000e-01+0.j -1.25908807e-12+0.j
   4.82560830e-01+0.j  7.79756285e-28+0.j -2.57517452e-29+0.j
   9.97567519e-29+0.j  6.63796501e-17+0.j -1.02236970e-27+0.j
   2.84824844e-29+0.j -2.42524420e-29+0.j]
 [-6.99468242e-18+0.j -3.36536354e-16+0.j -8.83312842e-18+0.j
   1.50250576e-02+0.j -1.25912093e-12+0.j  5.00000000e-01+0.j
   1.16752426e-13+0.j  4.82560797e-01+0.j -6.31525303e-29+0.j
  -1.77693504e-29+0.j  1.26929834e-29+0.j -3.53472980e-17+0.j
   3.48203353e-29+0.j -2.25342976e-29+0.j]
 [-1.66361311e-16+0.j  1.32301936e-17+0.j  3.42526419e-17+0.j
   1.40411359e-18+0.j  4.82560830e-01+0.j  1.16721220e-13+0.j
   5.00000000e-01+0.j  1.26218023e-12+0.j  6.54060691e-03+0.j
  -8.43986766e-30+0.j -2.94231283e-32+0.j  4.41742033e-31+0.j
  -6.83860488e-19+0.j  9.54664070e-30+0.j]
 [ 8.51187414e-18+0.j -6.35299966e-17+0.j  4.80083398e-18+0.j
  -6.57068958e-18+0.j  2.14420380e-18+0.j  4.82560797e-01+0.j
   1.26218727e-12+0.j  5.00000000e-01+0.j -1.57624334e-13+0.j
   6.54063224e-03+0.j  2.40322181e-31+0.j -2.87548006e-31+0.j
  -5.58113265e-30+0.j  1.94931111e-19+0.j]
 [-1.74339709e-16+0.j -1.98524993e-18+0.j -2.24254687e-16+0.j
  -9.61084267e-18+0.j -1.68417389e-17+0.j  1.87151890e-19+0.j
   6.54060691e-03+0.j -1.57612847e-13+0.j  5.00000000e-01+0.j
  -1.93166998e-12+0.j  4.90532381e-01+0.j -1.44074254e-27+0.j
  -1.14760283e-28+0.j  5.50104117e-29+0.j]
 [ 2.60656213e-17+0.j  1.56125113e-17+0.j -1.74525492e-17+0.j
  -8.33046485e-17+0.j  3.77313825e-18+0.j -5.64313569e-17+0.j
  -4.66587647e-17+0.j  6.54063224e-03+0.j -1.93170754e-12+0.j
   5.00000000e-01+0.j -1.29649528e-13+0.j  4.90532436e-01+0.j
   1.00011284e-29+0.j  1.03615446e-29+0.j]
 [ 3.05242587e-17+0.j -1.62424056e-17+0.j  4.98516578e-18+0.j
  -4.34336324e-18+0.j -1.11654572e-16+0.j -1.40656763e-17+0.j
  -4.15442788e-17+0.j  4.59632794e-18+0.j  4.90532381e-01+0.j
  -1.29668380e-13+0.j  5.00000000e-01+0.j  1.93934330e-12+0.j
   1.95140580e-03+0.j -3.49560897e-30+0.j]
 [-2.98577251e-18+0.j -5.67924227e-18+0.j  5.95702510e-19+0.j
  -1.09403907e-17+0.j -2.12524301e-17+0.j -8.18588727e-18+0.j
  -8.99897055e-18+0.j  5.86962919e-17+0.j  1.56216193e-17+0.j
   4.90532436e-01+0.j  1.93934964e-12+0.j  5.00000000e-01+0.j
  -3.42935760e-15+0.j  1.95143312e-03+0.j]
 [-5.20417043e-18+0.j -4.97241623e-19+0.j  1.53676269e-18+0.j
  -1.46064935e-17+0.j -8.72336354e-17+0.j  2.77057120e-18+0.j
   2.13182334e-16+0.j  4.45537933e-17+0.j -3.72596084e-17+0.j
   1.60629120e-17+0.j  1.95140580e-03+0.j -3.39853867e-15+0.j
   5.00000000e-01+0.j -2.84217566e-12+0.j]
 [-2.03719602e-20+0.j -6.93889390e-18+0.j  1.19248861e-17+0.j
   1.12316051e-16+0.j  1.38469258e-17+0.j -4.29665428e-17+0.j
   1.53070995e-18+0.j -1.62681700e-16+0.j -8.45446154e-18+0.j
   4.42594297e-17+0.j -1.83782899e-17+0.j  1.95143312e-03+0.j
  -2.84220605e-12+0.j  5.00000000e-01+0.j]]
WARNING: This is a completely UNoptimized simple variant for the constrained minimization, for larger number of orbitals please use the optimized Fortan implementation.
tcplx= True
