GS energy with  DMRG -23.99393431658335
N= 15.999999999780258
E= -23.99393431658335
D= [[ 5.00000009e-01+0.j  6.00069088e-12+0.j  4.17770014e-01+0.j ...
  -1.35229619e-10+0.j -4.71824753e-02+0.j  3.35155014e-09+0.j]
 [ 6.00069087e-12+0.j  4.99999983e-01+0.j  2.99455482e-11+0.j ...
   1.66312121e-07+0.j  3.15934779e-09+0.j -4.71779795e-02+0.j]
 [ 4.17770014e-01+0.j  2.99455482e-11+0.j  4.99999998e-01+0.j ...
  -1.43773192e-09+0.j -1.12517066e-08+0.j  5.97680993e-10+0.j]
 ...
 [-1.35229619e-10+0.j  1.66312121e-07+0.j -1.43773192e-09+0.j ...
   4.99999997e-01+0.j  8.34978158e-12+0.j  4.17770028e-01+0.j]
 [-4.71824753e-02+0.j  3.15934779e-09+0.j -1.12517066e-08+0.j ...
   8.34978165e-12+0.j  4.99999989e-01+0.j -2.33796558e-11+0.j]
 [ 3.35155014e-09+0.j -4.71779795e-02+0.j  5.97680993e-10+0.j ...
   4.17770028e-01+0.j -2.33796559e-11+0.j  5.00000001e-01+0.j]]
W= [0.19168024+0.j 0.21022209+0.j 0.21055281+0.j 0.21311143+0.j
 0.21299397+0.j 0.21379284+0.j 0.21372004+0.j 0.21392482+0.j
 0.2139248 +0.j 0.21372002+0.j 0.21379278+0.j 0.2129939 +0.j
 0.21311138+0.j 0.2105528 +0.j 0.21022209+0.j 0.19168025+0.j]
local approximation with  1 sites
local interactions on sites [[0], [1], [2], [3], [4], [5], [6], [7], [8], [9], [10], [11], [12], [13], [14], [15]]
Functional for interaction on sites [0]
interacting orbitals: [0, 1]
mapping: [0, 1, 2, 3, 4, 5, 6, 7, 8, 9, 10, 11, 12, 13, 14, 15, 16, 17, 18, 19, 20, 21, 22, 23, 24, 25, 26, 27, 28, 29, 30, 31]
orbinteractaca= [0, 1]
aca: level 7  norb= 16
Daca= [[ 5.00000009e-01+0.j  6.00069088e-12+0.j -4.81799430e-01+0.j
  -7.77073632e-26+0.j  2.30386885e-24+0.j -4.37731922e-28+0.j
   1.82361369e-17+0.j  4.27598431e-26+0.j -2.65537448e-24+0.j
   2.54812569e-27+0.j -1.30634123e-17+0.j -1.07950347e-26+0.j
  -3.60308020e-26+0.j  1.05803705e-26+0.j  1.13578360e-17+0.j
  -8.07734351e-27+0.j]
 [ 6.00069087e-12+0.j  4.99999983e-01+0.j  7.94876290e-11+0.j
  -4.81800733e-01+0.j  2.87236438e-28+0.j  2.14829905e-24+0.j
  -3.96147748e-26+0.j -2.88686990e-17+0.j -1.44961534e-27+0.j
  -1.64263577e-25+0.j -6.51050621e-27+0.j  2.15210744e-17+0.j
   6.74366122e-27+0.j -4.92389823e-24+0.j  3.75352538e-26+0.j
   2.75700025e-19+0.j]
 [-4.81799430e-01+0.j  7.94876290e-11+0.j  5.00000004e-01+0.j
  -9.69812315e-11+0.j  1.79774409e-02+0.j -2.64585816e-27+0.j
  -1.08534330e-25+0.j -6.78361651e-28+0.j  1.78347212e-19+0.j
   1.10630428e-27+0.j  1.18386226e-24+0.j -1.11461603e-26+0.j
   1.87460292e-19+0.j  2.74424057e-26+0.j -1.00985744e-25+0.j
   1.24785329e-26+0.j]
 [-1.32909709e-19+0.j -4.81800733e-01+0.j -9.69812316e-11+0.j
   5.00000104e-01+0.j  1.78306582e-10+0.j  1.79751835e-02+0.j
   3.94777227e-27+0.j  1.62873816e-25+0.j -1.08208866e-26+0.j
   9.81656377e-19+0.j  1.13185872e-27+0.j -9.61191841e-24+0.j
  -5.78835115e-27+0.j -3.41426384e-19+0.j  8.73786549e-27+0.j
  -2.08943486e-23+0.j]
 [-1.63064001e-16+0.j -1.57960453e-20+0.j  1.79774409e-02+0.j
   1.78306582e-10+0.j  4.99999546e-01+0.j  5.30475755e-09+0.j
   4.77297378e-01+0.j -1.01136784e-24+0.j  8.21336013e-23+0.j
   5.28549689e-27+0.j -1.17100611e-17+0.j  1.15543185e-24+0.j
   2.63233393e-23+0.j  4.41866184e-26+0.j  3.89027103e-17+0.j
  -8.63297065e-26+0.j]
 [ 6.01161744e-20+0.j -2.60207137e-18+0.j  1.43687845e-19+0.j
   1.79751835e-02+0.j  5.30475755e-09+0.j  4.99993541e-01+0.j
   2.32007465e-11+0.j  4.77296429e-01+0.j -1.46024950e-25+0.j
  -7.43996008e-22+0.j  2.06793579e-25+0.j  6.41739855e-18+0.j
  -1.32787451e-25+0.j -2.95140779e-22+0.j -1.25881869e-24+0.j
   3.80040317e-17+0.j]
 [ 9.54569449e-16+0.j -4.10350752e-20+0.j -9.57052249e-17+0.j
  -1.63468247e-20+0.j  4.77297378e-01+0.j  2.32007466e-11+0.j
   5.00000426e-01+0.j -5.22119258e-09+0.j  1.24061711e-02+0.j
  -1.60194327e-27+0.j  2.41603684e-24+0.j -3.95915254e-26+0.j
   2.48987702e-18+0.j -1.18491862e-26+0.j -6.50778624e-24+0.j
   3.10002999e-26+0.j]
 [-5.58606486e-20+0.j -1.17783875e-16+0.j  4.95055851e-20+0.j
  -1.19869265e-16+0.j -1.96762337e-19+0.j  4.77296429e-01+0.j
  -5.22119258e-09+0.j  5.00006437e-01+0.j -1.27505944e-10+0.j
   1.24088254e-02+0.j -7.19634595e-27+0.j -1.63958025e-23+0.j
  -1.54978015e-26+0.j  3.42539311e-19+0.j  2.44229237e-26+0.j
   7.09039413e-24+0.j]
 [ 8.30498817e-17+0.j -7.69621421e-20+0.j -5.90364855e-16+0.j
   2.87955485e-19+0.j -2.28189817e-17+0.j -1.25073059e-20+0.j
   1.24061711e-02+0.j -1.27505944e-10+0.j  5.00000796e-01+0.j
  -7.53221356e-09+0.j -4.85494194e-01+0.j  3.16015500e-24+0.j
  -7.76871806e-23+0.j -2.22145343e-26+0.j  5.23904594e-18+0.j
   1.66447638e-24+0.j]
 [ 2.49189173e-21+0.j -8.58688161e-17+0.j  4.94179208e-21+0.j
  -3.43496700e-16+0.j -1.75116907e-19+0.j -1.40848408e-16+0.j
   2.23318277e-19+0.j  1.24088254e-02+0.j -7.53221356e-09+0.j
   5.00009615e-01+0.j  1.69987671e-10+0.j -4.85493553e-01+0.j
  -1.93519519e-24+0.j -1.12763173e-22+0.j  2.62038711e-24+0.j
  -8.24578314e-19+0.j]
 [ 2.40017241e-16+0.j  1.40591083e-19+0.j -7.17026379e-17+0.j
   1.15522136e-20+0.j -2.06147052e-16+0.j -1.09652522e-19+0.j
   1.39432730e-16+0.j -8.17686799e-20+0.j -4.85494194e-01+0.j
   1.69987671e-10+0.j  4.99999231e-01+0.j  7.52128971e-09+0.j
   6.14565611e-03+0.j  1.12528678e-25+0.j -1.10433699e-23+0.j
   4.56256598e-26+0.j]
 [ 1.81624155e-19+0.j  3.51394192e-16+0.j -7.62387029e-21+0.j
  -1.85520106e-17+0.j  6.52557012e-20+0.j  5.34216346e-16+0.j
   1.06509816e-19+0.j  2.84463680e-17+0.j  1.96924700e-20+0.j
  -4.85493553e-01+0.j  7.52128971e-09+0.j  4.99990274e-01+0.j
   3.06489738e-10+0.j  6.14487443e-03+0.j  3.78168660e-26+0.j
   1.21891686e-24+0.j]
 [ 4.27175650e-17+0.j  4.07122291e-20+0.j  4.14747036e-18+0.j
  -1.14375640e-19+0.j  7.18804145e-17+0.j  3.75844079e-20+0.j
   4.60416389e-16+0.j -1.07785563e-19+0.j  1.40396787e-17+0.j
   1.52987393e-19+0.j  6.14565611e-03+0.j  3.06489738e-10+0.j
   4.99997493e-01+0.j  1.75285545e-08+0.j  4.89810886e-01+0.j
  -3.14532701e-24+0.j]
 [-8.79195217e-20+0.j  1.54824055e-16+0.j -4.77831263e-20+0.j
  -3.65086512e-18+0.j -9.60449395e-20+0.j  1.70343931e-16+0.j
   2.43804305e-20+0.j  2.30568375e-16+0.j  1.28068804e-19+0.j
  -1.90802296e-16+0.j -4.11203651e-20+0.j  6.14487443e-03+0.j
   1.75285545e-08+0.j  4.99984027e-01+0.j -6.35826907e-11+0.j
   4.89812050e-01+0.j]
 [ 4.13425684e-17+0.j -2.64688413e-20+0.j  8.07019634e-17+0.j
   2.55573543e-20+0.j  6.49746226e-16+0.j  1.31213665e-19+0.j
  -6.69431491e-17+0.j -9.89676108e-21+0.j -4.50993228e-16+0.j
  -7.17272994e-20+0.j -6.02465248e-17+0.j  3.45033275e-21+0.j
   4.89810886e-01+0.j -6.35826908e-11+0.j  5.00002494e-01+0.j
  -1.74671569e-08+0.j]
 [ 2.54468415e-20+0.j -3.79968980e-16+0.j -4.93987447e-20+0.j
   9.84543347e-18+0.j -4.17397070e-20+0.j  3.49593615e-16+0.j
  -2.25391749e-20+0.j  2.31573484e-17+0.j  1.44037217e-19+0.j
  -1.74608219e-16+0.j -5.27663260e-20+0.j  5.62363393e-17+0.j
   2.13881423e-19+0.j  4.89812050e-01+0.j -1.74671569e-08+0.j
   5.00016082e-01+0.j]]
WARNING: This is a completely UNoptimized simple variant for the constrained minimization, for larger number of orbitals please use the optimized Fortan implementation.
tcplx= True
