GS energy with  DMRG -11.694833190615835
N= 8.000000000000002
E= -11.694833190615835
D= [[ 5.00000000e-01+0.j -6.62637704e-13+0.j  4.22036269e-01+0.j
   1.39355032e-13+0.j  3.34890969e-13+0.j -1.00729235e-14+0.j
  -1.73703655e-01+0.j -9.60727299e-15+0.j -7.13960141e-14+0.j
   8.47754178e-15+0.j  1.20200285e-01+0.j -3.81716478e-13+0.j
   2.03205508e-14+0.j -7.44666468e-15+0.j -1.00157388e-01+0.j
   3.30426838e-14+0.j]
 [-6.62653085e-13+0.j  5.00000000e-01+0.j -8.59041299e-14+0.j
   4.22036270e-01+0.j -1.62908433e-13+0.j -3.55444840e-14+0.j
   1.30823216e-13+0.j -1.73703654e-01+0.j  3.72376779e-14+0.j
   1.47937218e-14+0.j -1.42252153e-13+0.j  1.20200337e-01+0.j
  -1.58389024e-14+0.j -5.75928194e-15+0.j  6.77922491e-14+0.j
  -1.00157389e-01+0.j]
 [ 4.22036269e-01+0.j -8.58868684e-14+0.j  5.00000000e-01+0.j
   6.38387603e-13+0.j  2.42188907e-01+0.j  8.92209632e-15+0.j
  -3.64041479e-13+0.j -2.76907735e-13+0.j -4.93501824e-02+0.j
  -7.98692616e-14+0.j  2.53573855e-13+0.j  1.92320267e-13+0.j
   1.57564596e-02+0.j  1.91279068e-13+0.j -2.06153183e-13+0.j
  -1.59949028e-13+0.j]
 [ 1.39372263e-13+0.j  4.22036270e-01+0.j  6.38378535e-13+0.j
   5.00000000e-01+0.j -3.23170362e-13+0.j  2.42188906e-01+0.j
  -4.81409962e-14+0.j  1.01664933e-13+0.j  5.64987778e-14+0.j
  -4.93501569e-02+0.j  3.21397865e-14+0.j -7.91090826e-14+0.j
  -1.87187510e-14+0.j  1.57564747e-02+0.j -2.56359698e-14+0.j
   6.04286425e-14+0.j]
 [ 3.34928266e-13+0.j -1.62888246e-13+0.j  2.42188907e-01+0.j
  -3.23170849e-13+0.j  5.00000000e-01+0.j -2.21937525e-14+0.j
   3.74030139e-01+0.j  1.65987934e-13+0.j -1.42800702e-13+0.j
  -5.52367482e-16+0.j -1.59133994e-01+0.j -1.52738608e-13+0.j
   3.65211333e-14+0.j  5.21138077e-15+0.j  1.20200335e-01+0.j
   3.48085211e-13+0.j]
 [-1.00831960e-14+0.j -3.55444840e-14+0.j  8.92073679e-15+0.j
   2.42188906e-01+0.j -2.22698010e-14+0.j  5.00000000e-01+0.j
   2.19223533e-14+0.j  3.74030138e-01+0.j  7.56163558e-16+0.j
   2.29261055e-14+0.j -2.80683246e-14+0.j -1.59133997e-01+0.j
   3.98529707e-15+0.j -3.26128013e-16+0.j  7.94710788e-14+0.j
   1.20200276e-01+0.j]
 [-1.73703655e-01+0.j  1.30868979e-13+0.j -3.64075306e-13+0.j
  -4.81318286e-14+0.j  3.74030139e-01+0.j  2.19018549e-14+0.j
   5.00000000e-01+0.j  3.15310533e-14+0.j  2.58500787e-01+0.j
  -2.26580821e-14+0.j  6.37285363e-14+0.j -1.90208568e-14+0.j
  -4.93501639e-02+0.j  1.84091489e-13+0.j -5.17303214e-14+0.j
   1.23970030e-14+0.j]
 [-9.57158597e-15+0.j -1.73703654e-01+0.j -2.76900099e-13+0.j
   1.01636961e-13+0.j  1.65966521e-13+0.j  3.74030138e-01+0.j
   3.15911010e-14+0.j  5.00000000e-01+0.j -2.38557666e-14+0.j
   2.58500787e-01+0.j -2.03530364e-14+0.j -5.97091820e-15+0.j
   5.96271744e-15+0.j -4.93501870e-02+0.j  1.41738591e-14+0.j
   1.36190792e-15+0.j]
 [-7.14020856e-14+0.j  3.72710116e-14+0.j -4.93501824e-02+0.j
   5.65038052e-14+0.j -1.42937745e-13+0.j  8.13991128e-16+0.j
   2.58500787e-01+0.j -2.38583792e-14+0.j  5.00000000e-01+0.j
   4.11443958e-15+0.j  3.74030140e-01+0.j -9.08823651e-15+0.j
  -4.37150316e-15+0.j -6.54987237e-15+0.j -1.73703650e-01+0.j
   5.28918365e-16+0.j]
 [ 8.48282111e-15+0.j  1.47937218e-14+0.j -7.98670351e-14+0.j
  -4.93501569e-02+0.j -5.10887298e-16+0.j  2.30163111e-14+0.j
  -2.26575738e-14+0.j  2.58500787e-01+0.j  3.89027735e-15+0.j
   5.00000000e-01+0.j  3.34610443e-14+0.j  3.74030141e-01+0.j
  -5.78897172e-15+0.j -9.71445147e-17+0.j -3.06150929e-14+0.j
  -1.73703653e-01+0.j]
 [ 1.20200285e-01+0.j -1.42289233e-13+0.j  2.53599659e-13+0.j
   3.21280183e-14+0.j -1.59133994e-01+0.j -2.81235844e-14+0.j
   6.37953232e-14+0.j -2.03618747e-14+0.j  3.74030140e-01+0.j
   3.34710215e-14+0.j  5.00000000e-01+0.j  1.19507028e-14+0.j
   2.42188906e-01+0.j -1.13431514e-16+0.j  3.41766546e-14+0.j
  -3.83773777e-15+0.j]
 [-3.81721349e-13+0.j  1.20200337e-01+0.j  1.92317840e-13+0.j
  -7.91319863e-14+0.j -1.52714877e-13+0.j -1.59133997e-01+0.j
  -1.90492797e-14+0.j -6.10752768e-15+0.j -9.11292407e-15+0.j
   3.74030141e-01+0.j  1.19914231e-14+0.j  5.00000000e-01+0.j
  -6.54571655e-15+0.j  2.42188906e-01+0.j -5.06157535e-15+0.j
  -2.86730353e-15+0.j]
 [ 2.02927952e-14+0.j -1.58300492e-14+0.j  1.57564596e-02+0.j
  -1.87187387e-14+0.j  3.66009306e-14+0.j  3.98900645e-15+0.j
  -4.93501639e-02+0.j  5.96748839e-15+0.j -4.38364622e-15+0.j
  -5.78264001e-15+0.j  2.42188906e-01+0.j -6.54143651e-15+0.j
   5.00000000e-01+0.j  7.42740444e-15+0.j  4.22036268e-01+0.j
  -2.10070189e-14+0.j]
 [-7.43731350e-15+0.j -5.82173199e-15+0.j  1.91278445e-13+0.j
   1.57564747e-02+0.j  5.20980385e-15+0.j -3.19189120e-16+0.j
   1.84094119e-13+0.j -4.93501870e-02+0.j -6.55347653e-15+0.j
  -1.38777878e-16+0.j -1.13130072e-16+0.j  2.42188906e-01+0.j
   7.37784580e-15+0.j  5.00000000e-01+0.j  2.82010875e-14+0.j
   4.22036268e-01+0.j]
 [-1.00157388e-01+0.j  6.78208590e-14+0.j -2.06157953e-13+0.j
  -2.56273497e-14+0.j  1.20200335e-01+0.j  7.95077539e-14+0.j
  -5.17691359e-14+0.j  1.41716250e-14+0.j -1.73703650e-01+0.j
  -3.06357916e-14+0.j  3.41536695e-14+0.j -5.04621179e-15+0.j
   4.22036268e-01+0.j  2.82100060e-14+0.j  5.00000000e-01+0.j
  -8.40277493e-15+0.j]
 [ 3.30519127e-14+0.j -1.00157389e-01+0.j -1.59948000e-13+0.j
   6.04634765e-14+0.j  3.48075286e-13+0.j  1.20200276e-01+0.j
   1.24143359e-14+0.j  1.47444621e-15+0.j  5.35940919e-16+0.j
  -1.73703653e-01+0.j -3.86002063e-15+0.j -2.91766779e-15+0.j
  -2.10270237e-14+0.j  4.22036268e-01+0.j -8.35542771e-15+0.j
   5.00000000e-01+0.j]]
W= [0.19157007+0.j 0.20949801+0.j 0.20994172+0.j 0.21159645+0.j
 0.21159645+0.j 0.20994172+0.j 0.209498  +0.j 0.19157007+0.j]
local approximation with  1 sites
local interactions on sites [[0], [1], [2], [3], [4], [5], [6], [7]]
Functional for interaction on sites [0]
interacting orbitals: [0, 1]
mapping: [0, 1, 2, 3, 4, 5, 6, 7, 8, 9, 10, 11, 12, 13, 14, 15]
orbinteractaca= [0, 1]
