GS energy with  DMRG -11.694833190615853
N= 8.0
E= -11.694833190615853
D= [[ 5.00000000e-01+0.j -5.43740773e-13+0.j  4.22036269e-01+0.j
   2.51270540e-13+0.j -5.97239272e-14+0.j -2.68873068e-16+0.j
  -1.73703655e-01+0.j -9.85037898e-14+0.j  2.03847356e-14+0.j
   9.75835546e-15+0.j  1.20200285e-01+0.j  7.15985392e-13+0.j
  -4.38711567e-15+0.j -8.22326581e-15+0.j -1.00157388e-01+0.j
  -7.45712790e-14+0.j]
 [-5.43663732e-13+0.j  5.00000000e-01+0.j -2.44482581e-13+0.j
   4.22036270e-01+0.j -4.00065820e-14+0.j  8.47759363e-15+0.j
   1.04761936e-13+0.j -1.73703654e-01+0.j  1.53043007e-14+0.j
  -1.28057287e-14+0.j  3.15034927e-14+0.j  1.20200337e-01+0.j
  -1.09287856e-14+0.j  2.30371278e-15+0.j  3.90437523e-14+0.j
  -1.00157389e-01+0.j]
 [ 4.22036269e-01+0.j -2.44467458e-13+0.j  5.00000000e-01+0.j
   4.33290648e-13+0.j  2.42188907e-01+0.j -1.45225374e-16+0.j
  -2.00729190e-14+0.j -1.78461350e-13+0.j -4.93501824e-02+0.j
   1.46038369e-13+0.j  7.95479134e-15+0.j  1.21874950e-13+0.j
   1.57564596e-02+0.j -3.43499103e-13+0.j -1.52583024e-14+0.j
  -9.93491046e-14+0.j]
 [ 2.51214042e-13+0.j  4.22036270e-01+0.j  4.33304047e-13+0.j
   5.00000000e-01+0.j -1.41080475e-14+0.j  2.42188906e-01+0.j
  -1.46875021e-13+0.j -1.35618513e-13+0.j  1.03196523e-14+0.j
  -4.93501569e-02+0.j  9.94493641e-14+0.j  9.78333625e-14+0.j
   3.42944820e-15+0.j  1.57564747e-02+0.j -8.06250621e-14+0.j
  -7.48109574e-14+0.j]
 [-5.97681626e-14+0.j -3.99939404e-14+0.j  2.42188907e-01+0.j
  -1.41078334e-14+0.j  5.00000000e-01+0.j -2.04814707e-14+0.j
   3.74030139e-01+0.j -1.24205350e-14+0.j -2.55117108e-14+0.j
  -5.88612970e-15+0.j -1.59133994e-01+0.j  9.22397316e-14+0.j
   1.88911387e-14+0.j  7.77628209e-15+0.j  1.20200335e-01+0.j
  -4.81900544e-13+0.j]
 [-3.04053004e-16+0.j  8.33534630e-15+0.j -1.44744124e-16+0.j
   2.42188906e-01+0.j -2.04474529e-14+0.j  5.00000000e-01+0.j
  -1.23848022e-14+0.j  3.74030138e-01+0.j -2.20421152e-15+0.j
   1.84054161e-14+0.j  1.99419157e-14+0.j -1.59133997e-01+0.j
   6.72257413e-15+0.j -1.79925519e-14+0.j -9.30162711e-14+0.j
   1.20200276e-01+0.j]
 [-1.73703655e-01+0.j  1.04786947e-13+0.j -2.00234794e-14+0.j
  -1.46862503e-13+0.j  3.74030139e-01+0.j -1.23741372e-14+0.j
   5.00000000e-01+0.j  8.20837123e-14+0.j  2.58500787e-01+0.j
   1.57133479e-14+0.j  3.85438209e-14+0.j -4.79441282e-14+0.j
  -4.93501639e-02+0.j -3.09357656e-13+0.j -3.43933866e-14+0.j
   3.53217158e-14+0.j]
 [-9.84758563e-14+0.j -1.73703654e-01+0.j -1.78469505e-13+0.j
  -1.35678849e-13+0.j -1.23772122e-14+0.j  3.74030138e-01+0.j
   8.20355181e-14+0.j  5.00000000e-01+0.j -5.44345918e-15+0.j
   2.58500787e-01+0.j -5.13690891e-14+0.j -5.21533771e-14+0.j
  -5.64670416e-15+0.j -4.93501870e-02+0.j  3.77881889e-14+0.j
   4.69973582e-14+0.j]
 [ 2.04376446e-14+0.j  1.52544531e-14+0.j -4.93501824e-02+0.j
   1.03234597e-14+0.j -2.55715588e-14+0.j -2.21014959e-15+0.j
   2.58500787e-01+0.j -5.47571775e-15+0.j  5.00000000e-01+0.j
   2.22354115e-15+0.j  3.74030140e-01+0.j  2.93679432e-14+0.j
  -1.26756244e-14+0.j -7.51849760e-15+0.j -1.73703650e-01+0.j
   6.46138430e-15+0.j]
 [ 9.73156756e-15+0.j -1.27779731e-14+0.j  1.46040421e-13+0.j
  -4.93501569e-02+0.j -5.85666823e-15+0.j  1.85441940e-14+0.j
   1.57129654e-14+0.j  2.58500787e-01+0.j  2.14075099e-15+0.j
   5.00000000e-01+0.j -2.45847142e-14+0.j  3.74030141e-01+0.j
  -7.16417058e-15+0.j  1.56263891e-14+0.j  5.34927701e-15+0.j
  -1.73703653e-01+0.j]
 [ 1.20200285e-01+0.j  3.15119723e-14+0.j  7.91836215e-15+0.j
   9.94433810e-14+0.j -1.59133994e-01+0.j  1.99704225e-14+0.j
   3.83829253e-14+0.j -5.14032390e-14+0.j  3.74030140e-01+0.j
  -2.46207714e-14+0.j  5.00000000e-01+0.j  3.55047384e-14+0.j
   2.42188906e-01+0.j -2.16666229e-14+0.j  3.50162607e-14+0.j
  -1.94616021e-14+0.j]
 [ 7.15977143e-13+0.j  1.20200337e-01+0.j  1.21879632e-13+0.j
   9.78438793e-14+0.j  9.21796145e-14+0.j -1.59133997e-01+0.j
  -4.79260238e-14+0.j -5.21514255e-14+0.j  2.92482646e-14+0.j
   3.74030141e-01+0.j  3.54551062e-14+0.j  5.00000000e-01+0.j
   2.13584836e-14+0.j  2.42188906e-01+0.j -1.97940018e-14+0.j
  -4.78968322e-14+0.j]
 [-4.37323788e-15+0.j -1.09218129e-14+0.j  1.57564596e-02+0.j
   3.42998938e-15+0.j  1.89813443e-14+0.j  6.72845509e-15+0.j
  -4.93501639e-02+0.j -5.64919806e-15+0.j -1.26565425e-14+0.j
  -7.14938347e-15+0.j  2.42188906e-01+0.j  2.13509903e-14+0.j
   5.00000000e-01+0.j  5.17020523e-15+0.j  4.22036268e-01+0.j
   1.07391773e-14+0.j]
 [-8.22051071e-15+0.j  2.33146835e-15+0.j -3.43499053e-13+0.j
   1.57564747e-02+0.j  7.77202198e-15+0.j -1.80341853e-14+0.j
  -3.09357430e-13+0.j -4.93501870e-02+0.j -7.51325206e-15+0.j
   1.56125113e-14+0.j -2.16666925e-14+0.j  2.42188906e-01+0.j
   5.18291505e-15+0.j  5.00000000e-01+0.j -1.29465919e-14+0.j
   4.22036268e-01+0.j]
 [-1.00157388e-01+0.j  3.90466432e-14+0.j -1.52308179e-14+0.j
  -8.06188769e-14+0.j  1.20200335e-01+0.j -9.30153561e-14+0.j
  -3.42666433e-14+0.j  3.78096551e-14+0.j -1.73703650e-01+0.j
   5.36020092e-15+0.j  3.50908538e-14+0.j -1.97933638e-14+0.j
   4.22036268e-01+0.j -1.29214382e-14+0.j  5.00000000e-01+0.j
   5.94021718e-15+0.j]
 [-7.45632291e-14+0.j -1.00157389e-01+0.j -9.93524096e-14+0.j
  -7.48229683e-14+0.j -4.81865432e-13+0.j  1.20200276e-01+0.j
   3.53031968e-14+0.j  4.69947824e-14+0.j  6.52234423e-15+0.j
  -1.73703653e-01+0.j -1.94367039e-14+0.j -4.78542091e-14+0.j
   1.07183374e-14+0.j  4.22036268e-01+0.j  5.94558507e-15+0.j
   5.00000000e-01+0.j]]
W= [0.19157007+0.j 0.20949801+0.j 0.20994172+0.j 0.21159645+0.j
 0.21159645+0.j 0.20994172+0.j 0.209498  +0.j 0.19157007+0.j]
local approximation with  1 sites
local interactions on sites [[0], [1], [2], [3], [4], [5], [6], [7]]
Functional for interaction on sites [0]
aca-directory for images already exists
aca-directory for images already exists
aca-directory for images already exists
interacting orbitals: [0, 1]
mapping: [0, 1, 2, 3, 4, 5, 6, 7, 8, 9, 10, 11, 12, 13, 14, 15]
aca-directory for images already exists
aca-directory for images already exists
aca-directory for images already exists
orbinteractaca= [0, 1]
aca-directory for images already exists
aca-directory for images already exists
aca-directory for images already exists
aca-directory for images already exists
aca-directory for images already exists
aca-directory for images already exists
aca-directory for images already exists
aca-directory for images already exists
aca-directory for images already exists
aca-directory for images already exists
aca-directory for images already exists
aca-directory for images already exists
aca-directory for images already exists
aca-directory for images already exists
aca-directory for images already exists
aca-directory for images already exists
aca-directory for images already exists
aca-directory for images already exists
aca-directory for images already exists
aca-directory for images already exists
aca-directory for images already exists
aca-directory for images already exists
aca-directory for images already exists
aca-directory for images already exists
aca-directory for images already exists
aca-directory for images already exists
aca-directory for images already exists
aca-directory for images already exists
aca-directory for images already exists
aca-directory for images already exists
aca-directory for images already exists
aca-directory for images already exists
aca-directory for images already exists
aca-directory for images already exists
aca-directory for images already exists
aca-directory for images already exists
aca-directory for images already exists
aca-directory for images already exists
aca-directory for images already exists
aca-directory for images already exists
aca-directory for images already exists
aca-directory for images already exists
aca-directory for images already exists
aca-directory for images already exists
aca-directory for images already exists
aca: level 1  norb= 4
Daca= [[ 0.5       +0.j  0.        +0.j -0.48245951+0.j  0.        +0.j]
 [ 0.        +0.j  0.5       +0.j  0.        +0.j -0.48245953+0.j]
 [-0.48245951+0.j  0.        +0.j  0.5       +0.j  0.        +0.j]
 [ 0.        +0.j -0.48245953+0.j  0.        +0.j  0.5       +0.j]]
Occ(Daca)= [0.01754049 0.98245951 0.01754047 0.98245953]
rounding Naca1 to integer
rounding Naca2 to integer
Naca= (1, 1)
WARNING: This is a completely UNoptimized simple variant for the constrained minimization, for larger number of orbitals please use the optimized Fortan implementation.
tcplx= True
nvar= 32
Wsites= [0]
| niter |f evals|CG iter|  obj func   |tr radius |   opt    |  c viol  |
|-------|-------|-------|-------------|----------|----------|----------|
|   1   |   1   |   0   | +2.8099e-01 | 1.00e+00 | 1.05e-01 | 5.34e-01 |
|   2   |   2   |   1   | +2.8099e-01 | 2.77e-01 | 1.05e-01 | 5.34e-01 |
|   3   |   3   |   2   | +2.7531e-01 | 1.69e+00 | 1.51e-01 | 4.54e-01 |
|   4   |   4   |   4   | +2.7531e-01 | 1.69e-01 | 1.51e-01 | 4.54e-01 |
|   5   |   5   |   5   | +2.6673e-01 | 1.14e+00 | 1.55e-01 | 4.21e-01 |
|   6   |   6   |   6   | +2.6673e-01 | 1.14e-01 | 1.55e-01 | 4.21e-01 |
|   7   |   7   |   7   | +2.8121e-01 | 8.01e-01 | 1.42e-01 | 3.95e-01 |
|   8   |   8   |   8   | +2.8121e-01 | 1.95e-01 | 1.42e-01 | 3.95e-01 |
|   9   |   9   |  10   | +2.4671e-01 | 1.30e+00 | 1.24e-01 | 3.74e-01 |
|  10   |  10   |  12   | +2.4671e-01 | 1.30e-01 | 1.24e-01 | 3.74e-01 |
|  11   |  11   |  13   | +2.4219e-01 | 9.09e-01 | 9.97e-02 | 3.52e-01 |
|  12   |  12   |  15   | +2.4219e-01 | 1.22e-01 | 9.97e-02 | 3.52e-01 |
|  13   |  13   |  16   | +2.3448e-01 | 8.53e-01 | 7.58e-02 | 3.22e-01 |
|  14   |  14   |  18   | +2.3448e-01 | 1.11e-01 | 7.58e-02 | 3.22e-01 |
|  15   |  15   |  19   | +2.3269e-01 | 7.79e-01 | 7.68e-02 | 3.01e-01 |
|  16   |  16   |  21   | +2.3269e-01 | 1.26e-01 | 7.68e-02 | 3.01e-01 |
|  17   |  17   |  22   | +2.1713e-01 | 8.23e-01 | 7.90e-02 | 2.88e-01 |
|  18   |  18   |  24   | +2.1713e-01 | 8.42e-02 | 7.90e-02 | 2.88e-01 |
|  19   |  19   |  26   | +2.1530e-01 | 5.89e-01 | 8.11e-02 | 2.75e-01 |
|  20   |  20   |  28   | +2.1530e-01 | 1.41e-01 | 8.11e-02 | 2.75e-01 |
|  21   |  21   |  30   | +2.1422e-01 | 9.17e-01 | 1.19e-01 | 2.52e-01 |
|  22   |  22   |  32   | +2.1422e-01 | 9.17e-02 | 1.19e-01 | 2.52e-01 |
|  23   |  23   |  33   | +2.1594e-01 | 6.42e-01 | 1.60e-01 | 2.18e-01 |
|  24   |  24   |  35   | +2.1594e-01 | 2.04e-01 | 1.60e-01 | 2.18e-01 |
|  25   |  25   |  37   | +2.0000e-01 | 1.31e+00 | 1.99e-01 | 1.81e-01 |
|  26   |  26   |  39   | +2.0000e-01 | 1.31e-01 | 1.99e-01 | 1.81e-01 |
|  27   |  27   |  41   | +1.9545e-01 | 9.16e-01 | 2.16e-01 | 1.29e-01 |
|  28   |  28   |  43   | +1.9545e-01 | 1.28e-01 | 2.16e-01 | 1.29e-01 |
|  29   |  29   |  44   | +1.7611e-01 | 8.98e-01 | 2.00e-01 | 1.14e-01 |
|  30   |  30   |  46   | +1.7611e-01 | 1.36e-01 | 2.00e-01 | 1.14e-01 |
|  31   |  31   |  47   | +1.7331e-01 | 9.55e-01 | 1.76e-01 | 6.77e-02 |
|  32   |  32   |  49   | +1.7331e-01 | 1.88e-01 | 1.76e-01 | 6.77e-02 |
|  33   |  33   |  50   | +1.6930e-01 | 1.31e+00 | 1.40e-01 | 5.24e-02 |
|  34   |  34   |  52   | +1.6930e-01 | 2.25e-01 | 1.40e-01 | 5.24e-02 |
|  35   |  35   |  53   | +1.8780e-01 | 2.25e-01 | 1.19e-01 | 5.15e-02 |
|  36   |  36   |  55   | +1.8065e-01 | 2.98e-01 | 4.38e-02 | 2.22e-02 |
|  37   |  37   |  57   | +1.8512e-01 | 3.83e-01 | 3.71e-02 | 2.99e-03 |
|  38   |  38   |  58   | +1.8464e-01 | 3.83e-01 | 2.53e-02 | 9.24e-04 |
|  39   |  39   |  60   | +1.8459e-01 | 3.83e-01 | 1.47e-02 | 3.80e-04 |
|  40   |  40   |  61   | +1.8462e-01 | 3.83e-01 | 1.15e-02 | 4.33e-05 |
|  41   |  41   |  62   | +1.8437e-01 | 3.83e-01 | 5.87e-03 | 8.75e-05 |
|  42   |  42   |  63   | +1.8433e-01 | 3.83e-01 | 1.79e-03 | 4.93e-05 |
|  43   |  43   |  65   | +1.8436e-01 | 3.83e-01 | 6.10e-04 | 2.03e-06 |
|  44   |  44   |  68   | +1.8436e-01 | 3.83e-01 | 2.02e-04 | 6.73e-07 |
|  45   |  45   |  69   | +1.8436e-01 | 3.83e-01 | 7.69e-05 | 7.84e-08 |
|  46   |  46   |  71   | +1.8436e-01 | 3.83e-01 | 7.61e-05 | 3.56e-08 |
|  47   |  47   |  73   | +1.8436e-01 | 3.83e-01 | 5.42e-05 | 1.58e-08 |
|  48   |  48   |  74   | +1.8436e-01 | 3.83e-02 | 5.42e-05 | 1.58e-08 |
|  49   |  49   |  75   | +1.8436e-01 | 3.83e-03 | 5.42e-05 | 1.58e-08 |
|  50   |  50   |  77   | +1.8436e-01 | 3.83e-04 | 5.42e-05 | 1.58e-08 |
|  51   |  51   |  81   | +1.8436e-01 | 5.38e-05 | 5.42e-05 | 1.58e-08 |
|  52   |  52   |  82   | +1.8436e-01 | 3.77e-04 | 5.48e-05 | 4.75e-09 |
|  53   |  53   |  85   | +1.8436e-01 | 3.77e-05 | 5.48e-05 | 4.75e-09 |
|  54   |  54   |  86   | +1.8436e-01 | 7.53e-05 | 5.72e-05 | 2.30e-09 |
|  55   |  55   |  88   | +1.8436e-01 | 3.77e-05 | 5.72e-05 | 2.30e-09 |
|  56   |  56   |  89   | +1.8436e-01 | 7.53e-05 | 4.41e-05 | 1.42e-09 |
|  57   |  57   |  91   | +1.8436e-01 | 3.77e-05 | 4.41e-05 | 1.42e-09 |
|  58   |  58   |  93   | +1.8436e-01 | 7.53e-05 | 1.58e-05 | 1.42e-09 |
|  59   |  59   |  95   | +1.8436e-01 | 7.53e-05 | 3.37e-06 | 2.17e-10 |
|  60   |  60   |  97   | +1.8436e-01 | 7.53e-05 | 1.46e-06 | 7.67e-12 |
|  61   |  61   |  99   | +1.8436e-01 | 7.53e-05 | 6.16e-07 | 1.33e-12 |
|  62   |  62   |  101  | +1.8436e-01 | 7.53e-05 | 1.86e-07 | 3.45e-13 |
|  63   |  63   |  103  | +1.8436e-01 | 7.53e-05 | 6.81e-08 | 6.86e-14 |
|  64   |  64   |  105  | +1.8436e-01 | 7.53e-05 | 5.07e-08 | 1.69e-14 |
|  65   |  65   |  107  | +1.8436e-01 | 7.53e-05 | 3.36e-08 | 4.44e-15 |
|  66   |  66   |  108  | +1.8436e-01 | 7.53e-05 | 1.71e-08 | 6.66e-16 |
|  67   |  67   |  109  | +1.8436e-01 | 7.53e-05 | 5.24e-09 | 1.11e-16 |
|  68   |  68   |  111  | +1.8436e-01 | 7.53e-05 | 4.19e-09 | 1.11e-16 |
|  69   |  69   |  113  | +1.8436e-01 | 7.53e-06 | 4.19e-09 | 1.11e-16 |
|  70   |  71   |  116  | +1.8436e-01 | 7.53e-07 | 4.19e-09 | 1.11e-16 |
|  71   |  73   |  119  | +1.8436e-01 | 7.53e-08 | 4.19e-09 | 1.11e-16 |
|  72   |  75   |  122  | +1.8436e-01 | 7.53e-09 | 4.19e-09 | 1.11e-16 |
|  73   |  76   |  124  | +1.8436e-01 | 2.95e-09 | 4.19e-09 | 1.11e-16 |
|  74   |  77   |  125  | +1.8436e-01 | 1.47e-09 | 4.19e-09 | 1.11e-16 |
|  75   |  78   |  126  | +1.8436e-01 | 7.36e-10 | 4.19e-09 | 1.11e-16 |

`xtol` termination condition is satisfied.
Number of iterations: 75, function evaluations: 78, CG iterations: 126, optimality: 4.19e-09, constraint violation: 1.11e-16, execution time: 0.46 s.
F_aca (full CI space)= 0.18436311231413216
FM= 0.1843631000888321
dFM_dD real 0 0 0.1488959403966872
dFM_dD real 0 1 -2.775557561562891e-11
dFM_dD imag 0 1 0.0
dFM_dD real 0 2 -0.9188037627172462
dFM_dD imag 0 2 0.0
dFM_dD real 0 3 -5.273559366969493e-11
dFM_dD imag 0 3 0.0
dFM_dD real 1 1 0.1488957630579879
dFM_dD real 1 2 -2.2204460492503128e-11
dFM_dD imag 1 2 0.0
dFM_dD real 1 3 -0.9188041302871096
dFM_dD imag 1 3 0.0
dFM_dD real 2 2 -0.351104059564955
dFM_dD real 2 3 -2.775557561562891e-12
dFM_dD imag 2 3 0.0
dFM_dD real 3 3 -0.3511042369286343
WARNING: This is a completely UNoptimized simple variant for the constrained minimization, for larger number of orbitals please use the optimized Fortan implementation.
tcplx= True
nvar= 32
Wsites= [0]
| niter |f evals|CG iter|  obj func   |tr radius |   opt    |  c viol  |
|-------|-------|-------|-------------|----------|----------|----------|
|   1   |   1   |   0   | +2.4628e-01 | 1.00e+00 | 1.44e-01 | 4.86e-01 |
|   2   |   2   |   1   | +2.4628e-01 | 2.41e-01 | 1.44e-01 | 4.86e-01 |
|   3   |   3   |   2   | +2.6110e-01 | 1.51e+00 | 1.83e-01 | 4.17e-01 |
|   4   |   4   |   3   | +2.6110e-01 | 1.51e-01 | 1.83e-01 | 4.17e-01 |
|   5   |   5   |   4   | +1.9816e-01 | 1.06e+00 | 1.74e-01 | 3.60e-01 |
|   6   |   6   |   5   | +1.9816e-01 | 1.37e-01 | 1.74e-01 | 3.60e-01 |
|   7   |   7   |   6   | +1.9781e-01 | 9.59e-01 | 1.71e-01 | 3.02e-01 |
|   8   |   8   |   8   | +1.9781e-01 | 1.78e-01 | 1.71e-01 | 3.02e-01 |
|   9   |   9   |   9   | +1.6018e-01 | 1.25e+00 | 1.90e-01 | 2.65e-01 |
|  10   |  10   |  11   | +1.6018e-01 | 1.25e-01 | 1.90e-01 | 2.65e-01 |
|  11   |  11   |  12   | +1.3160e-01 | 7.76e-01 | 1.67e-01 | 2.52e-01 |
|  12   |  12   |  14   | +1.3160e-01 | 1.66e-01 | 1.67e-01 | 2.52e-01 |
|  13   |  13   |  16   | +1.4276e-01 | 1.10e+00 | 1.23e-01 | 1.98e-01 |
|  14   |  14   |  18   | +1.4276e-01 | 1.10e-01 | 1.23e-01 | 1.98e-01 |
|  15   |  15   |  19   | +1.3994e-01 | 6.56e-01 | 1.53e-01 | 1.93e-01 |
|  16   |  16   |  21   | +1.3994e-01 | 1.03e-01 | 1.53e-01 | 1.93e-01 |
|  17   |  17   |  23   | +1.5490e-01 | 7.24e-01 | 1.80e-01 | 1.54e-01 |
|  18   |  18   |  25   | +1.5490e-01 | 9.58e-02 | 1.80e-01 | 1.54e-01 |
|  19   |  19   |  26   | +1.6096e-01 | 5.78e-01 | 2.01e-01 | 1.49e-01 |
|  20   |  20   |  27   | +1.6096e-01 | 9.02e-02 | 2.01e-01 | 1.49e-01 |
|  21   |  21   |  28   | +1.8109e-01 | 5.82e-01 | 2.18e-01 | 1.26e-01 |
|  22   |  22   |  29   | +1.8109e-01 | 8.31e-02 | 2.18e-01 | 1.26e-01 |
|  23   |  23   |  30   | +1.9957e-01 | 5.71e-01 | 2.26e-01 | 1.05e-01 |
|  24   |  24   |  31   | +1.9957e-01 | 7.86e-02 | 2.26e-01 | 1.05e-01 |
|  25   |  25   |  32   | +2.1477e-01 | 5.50e-01 | 2.28e-01 | 8.54e-02 |
|  26   |  26   |  33   | +2.1477e-01 | 7.67e-02 | 2.28e-01 | 8.54e-02 |
|  27   |  27   |  34   | +2.2451e-01 | 5.37e-01 | 2.30e-01 | 6.76e-02 |
|  28   |  28   |  35   | +2.2451e-01 | 7.31e-02 | 2.30e-01 | 6.76e-02 |
|  29   |  29   |  36   | +2.2866e-01 | 5.12e-01 | 2.30e-01 | 5.57e-02 |
|  30   |  30   |  37   | +2.2866e-01 | 1.39e-01 | 2.30e-01 | 5.57e-02 |
|  31   |  31   |  38   | +2.4411e-01 | 9.71e-01 | 2.37e-01 | 3.17e-02 |
|  32   |  32   |  39   | +2.4494e-01 | 9.71e-01 | 2.41e-01 | 2.15e-02 |
|  33   |  33   |  42   | +1.9987e-01 | 9.71e-01 | 2.04e-01 | 1.22e-02 |
|  34   |  34   |  45   | +1.9987e-01 | 9.71e-02 | 2.04e-01 | 1.22e-02 |
|  35   |  35   |  47   | +1.7937e-01 | 1.94e-01 | 1.57e-01 | 9.43e-03 |
|  36   |  37   |  51   | +1.5967e-01 | 3.88e-01 | 1.60e-01 | 3.69e-03 |
|  37   |  38   |  54   | +1.4182e-01 | 3.88e-01 | 1.27e-01 | 5.51e-03 |
|  38   |  39   |  58   | +1.4182e-01 | 4.96e-02 | 1.27e-01 | 5.51e-03 |
|  39   |  40   |  59   | +1.3202e-01 | 9.92e-02 | 9.75e-02 | 2.46e-03 |
|  40   |  42   |  63   | +1.2297e-01 | 1.98e-01 | 3.89e-02 | 3.38e-04 |
|  41   |  44   |  65   | +1.2119e-01 | 1.98e-01 | 3.40e-02 | 3.69e-06 |
|  42   |  46   |  68   | +1.1893e-01 | 1.98e-01 | 2.39e-02 | 4.85e-05 |
|  43   |  48   |  70   | +1.1834e-01 | 1.98e-01 | 2.23e-02 | 6.81e-07 |
|  44   |  50   |  74   | +1.1834e-01 | 1.98e-02 | 2.23e-02 | 6.81e-07 |
|  45   |  52   |  76   | +1.1742e-01 | 1.39e-01 | 1.86e-02 | 1.86e-06 |
|  46   |  54   |  80   | +1.1742e-01 | 1.39e-02 | 1.86e-02 | 1.86e-06 |
|  47   |  56   |  81   | +1.1694e-01 | 9.72e-02 | 1.58e-02 | 7.79e-07 |
|  48   |  58   |  85   | +1.1694e-01 | 9.72e-03 | 1.58e-02 | 7.79e-07 |
|  49   |  60   |  86   | +1.1667e-01 | 6.80e-02 | 1.36e-02 | 1.56e-07 |
|  50   |  62   |  90   | +1.1667e-01 | 6.80e-03 | 1.36e-02 | 1.56e-07 |
|  51   |  64   |  91   | +1.1650e-01 | 4.76e-02 | 1.20e-02 | 2.72e-08 |
|  52   |  66   |  95   | +1.1608e-01 | 7.48e-02 | 6.90e-03 | 1.48e-05 |
|  53   |  68   |  98   | +1.1600e-01 | 7.48e-02 | 4.42e-03 | 9.98e-07 |
|  54   |  70   |  102  | +1.1600e-01 | 7.48e-03 | 4.42e-03 | 9.98e-07 |
|  55   |  72   |  104  | +1.1596e-01 | 5.24e-02 | 2.46e-03 | 2.48e-07 |
|  56   |  74   |  108  | +1.1596e-01 | 5.24e-03 | 2.46e-03 | 2.48e-07 |
|  57   |  76   |  110  | +1.1595e-01 | 3.67e-02 | 1.15e-03 | 1.22e-07 |
|  58   |  78   |  113  | +1.1594e-01 | 3.67e-02 | 9.21e-04 | 6.63e-08 |
|  59   |  80   |  116  | +1.1594e-01 | 3.67e-02 | 4.98e-04 | 3.23e-08 |
|  60   |  81   |  119  | +1.1594e-01 | 3.67e-03 | 4.98e-04 | 3.23e-08 |
|  61   |  83   |  122  | +1.1594e-01 | 3.67e-04 | 4.98e-04 | 3.23e-08 |
|  62   |  84   |  123  | +1.1594e-01 | 1.78e-04 | 4.98e-04 | 3.23e-08 |
|  63   |  85   |  124  | +1.1594e-01 | 3.56e-04 | 4.20e-04 | 3.18e-08 |
|  64   |  87   |  125  | +1.1594e-01 | 2.50e-03 | 2.36e-04 | 1.26e-09 |
|  65   |  89   |  129  | +1.1594e-01 | 2.50e-03 | 5.38e-05 | 3.57e-09 |
|  66   |  90   |  131  | +1.1594e-01 | 2.50e-04 | 5.38e-05 | 3.57e-09 |
|  67   |  91   |  134  | +1.1594e-01 | 4.37e-05 | 5.38e-05 | 3.57e-09 |
|  68   |  92   |  135  | +1.1594e-01 | 8.74e-05 | 4.13e-05 | 1.83e-09 |
|  69   |  94   |  137  | +1.1594e-01 | 6.12e-04 | 2.56e-05 | 9.88e-11 |
|  70   |  96   |  140  | +1.1594e-01 | 6.12e-04 | 1.09e-05 | 7.38e-11 |
|  71   |  97   |  143  | +1.1594e-01 | 6.12e-05 | 1.09e-05 | 7.38e-11 |
|  72   |  98   |  147  | +1.1594e-01 | 6.12e-06 | 1.09e-05 | 7.38e-11 |
|  73   |  99   |  148  | +1.1594e-01 | 1.22e-05 | 8.83e-06 | 3.74e-11 |
|  74   |  101  |  149  | +1.1594e-01 | 8.56e-05 | 7.79e-06 | 1.67e-12 |
|  75   |  103  |  152  | +1.1594e-01 | 8.56e-06 | 7.79e-06 | 1.67e-12 |
|  76   |  105  |  153  | +1.1594e-01 | 1.71e-05 | 6.10e-06 | 1.99e-12 |
|  77   |  107  |  157  | +1.1594e-01 | 1.71e-06 | 6.10e-06 | 1.99e-12 |
|  78   |  108  |  158  | +1.1594e-01 | 1.71e-06 | 5.64e-06 | 2.93e-12 |
|  79   |  109  |  159  | +1.1594e-01 | 1.71e-06 | 5.16e-06 | 2.93e-12 |
|  80   |  110  |  160  | +1.1594e-01 | 1.71e-06 | 4.65e-06 | 2.93e-12 |
|  81   |  111  |  161  | +1.1594e-01 | 1.71e-06 | 4.12e-06 | 2.93e-12 |
|  82   |  112  |  162  | +1.1594e-01 | 1.71e-06 | 3.55e-06 | 2.93e-12 |
|  83   |  113  |  163  | +1.1594e-01 | 1.71e-06 | 2.95e-06 | 2.93e-12 |
|  84   |  114  |  164  | +1.1594e-01 | 1.71e-06 | 2.32e-06 | 2.93e-12 |
|  85   |  115  |  165  | +1.1594e-01 | 1.71e-06 | 1.67e-06 | 2.93e-12 |
|  86   |  116  |  166  | +1.1594e-01 | 1.71e-06 | 9.87e-07 | 2.93e-12 |
|  87   |  117  |  167  | +1.1594e-01 | 1.71e-06 | 2.89e-07 | 2.93e-12 |
|  88   |  118  |  169  | +1.1594e-01 | 1.71e-06 | 9.61e-08 | 4.43e-13 |
|  89   |  119  |  170  | +1.1594e-01 | 1.71e-06 | 1.56e-07 | 1.27e-13 |
|  90   |  120  |  171  | +1.1594e-01 | 1.71e-06 | 9.24e-08 | 8.44e-15 |
|  91   |  121  |  172  | +1.1594e-01 | 1.71e-06 | 3.31e-08 | 7.55e-15 |
|  92   |  122  |  173  | +1.1594e-01 | 1.71e-06 | 1.72e-08 | 2.22e-15 |
|  93   |  123  |  175  | +1.1594e-01 | 1.71e-06 | 1.32e-08 | 4.44e-16 |
|  94   |  125  |  178  | +1.1594e-01 | 1.71e-06 | 4.55e-09 | 1.11e-16 |
|  95   |  127  |  181  | +1.1594e-01 | 1.71e-07 | 4.55e-09 | 1.11e-16 |
|  96   |  128  |  184  | +1.1594e-01 | 1.71e-07 | 1.74e-09 | 1.11e-16 |
|  97   |  130  |  187  | +1.1594e-01 | 1.71e-08 | 1.74e-09 | 1.11e-16 |
|  98   |  132  |  192  | +1.1594e-01 | 1.71e-08 | 1.61e-09 | 1.11e-16 |
|  99   |  134  |  198  | +1.1594e-01 | 2.60e-08 | 2.83e-09 | 5.55e-17 |
|  100  |  136  |  202  | +1.1594e-01 | 2.60e-09 | 2.83e-09 | 5.55e-17 |
|  101  |  138  |  205  | +1.1594e-01 | 1.30e-09 | 2.83e-09 | 5.55e-17 |
|  102  |  140  |  207  | +1.1594e-01 | 6.49e-10 | 2.83e-09 | 5.55e-17 |

`xtol` termination condition is satisfied.
Number of iterations: 102, function evaluations: 140, CG iterations: 207, optimality: 2.83e-09, constraint violation: 5.55e-17, execution time:  1.3 s.
F_reordered (full CI space)= 0.11594274806795853
providers= [<AccountProvider for IBMQ(hub='ibm-q', group='open', project='main')>, <AccountProvider for IBMQ(hub='ibm-q-research-2', group='paderborn-uni-1', project='main')>]
backends=
ibmq_qasm_simulator
ibmq_armonk
ibmq_santiago
ibmq_bogota
ibmq_casablanca
ibmq_lima
ibmq_belem
ibmq_quito
simulator_statevector
simulator_mps
simulator_extended_stabilizer
simulator_stabilizer
ibmq_jakarta
ibmq_manila
ibm_lagos
setting transpiler_couplings to 0_1,1_0,1_2,2_1,2_3,3_2,3_4,4_3
setting transpiler_gates to id,rz,sx,x,cx,reset
nq= 5
qubit_map [1, 2, 0, 3, 4]
only physical qubits [1, 2, 0, 3] are used
using entangler (physical qubits) = [[0, 1], [2, 3], [1, 2]]
      ┌──────────┐┌────┐┌──────────┐      ┌──────────┐    ┌────┐   »
q0_0: ┤ Rz(y[0]) ├┤ √X ├┤ Rz(y[4]) ├──■───┤ Rz(y[8]) ├────┤ √X ├───»
      ├──────────┤├────┤├──────────┤┌─┴─┐ └──────────┘ ┌──┴────┴──┐»
q0_1: ┤ Rz(y[1]) ├┤ √X ├┤ Rz(y[5]) ├┤ X ├──────■───────┤ Rz(y[9]) ├»
      ├──────────┤├────┤├──────────┤└───┘    ┌─┴─┐    ┌┴──────────┤»
q0_2: ┤ Rz(y[2]) ├┤ √X ├┤ Rz(y[6]) ├──■──────┤ X ├────┤ Rz(y[10]) ├»
      ├──────────┤├────┤├──────────┤┌─┴─┐┌───┴───┴───┐└───┬────┬──┘»
q0_3: ┤ Rz(y[3]) ├┤ √X ├┤ Rz(y[7]) ├┤ X ├┤ Rz(y[11]) ├────┤ √X ├───»
      └──────────┘└────┘└──────────┘└───┘└───────────┘    └────┘   »
q0_4: ─────────────────────────────────────────────────────────────»
                                                                   »
c0: 5/═════════════════════════════════════════════════════════════»
                                                                   »
«      ┌───────────┐             
«q0_0: ┤ Rz(y[12]) ├─────────────
«      └───┬────┬──┘┌───────────┐
«q0_1: ────┤ √X ├───┤ Rz(y[13]) ├
«          ├────┤   ├───────────┤
«q0_2: ────┤ √X ├───┤ Rz(y[14]) ├
«      ┌───┴────┴──┐└───────────┘
«q0_3: ┤ Rz(y[15]) ├─────────────
«      └───────────┘             
«q0_4: ──────────────────────────
«                                
«c0: 5/══════════════════════════
«                                
variational state:
      ┌──────────┐┌────┐┌──────────┐      ┌──────────┐    ┌────┐   »
q1_0: ┤ Rz(y[0]) ├┤ √X ├┤ Rz(y[4]) ├──■───┤ Rz(y[8]) ├────┤ √X ├───»
      ├──────────┤├────┤├──────────┤┌─┴─┐ └──────────┘ ┌──┴────┴──┐»
q1_1: ┤ Rz(y[1]) ├┤ √X ├┤ Rz(y[5]) ├┤ X ├──────■───────┤ Rz(y[9]) ├»
      ├──────────┤├────┤├──────────┤└───┘    ┌─┴─┐    ┌┴──────────┤»
q1_2: ┤ Rz(y[2]) ├┤ √X ├┤ Rz(y[6]) ├──■──────┤ X ├────┤ Rz(y[10]) ├»
      ├──────────┤├────┤├──────────┤┌─┴─┐┌───┴───┴───┐└───┬────┬──┘»
q1_3: ┤ Rz(y[3]) ├┤ √X ├┤ Rz(y[7]) ├┤ X ├┤ Rz(y[11]) ├────┤ √X ├───»
      └──────────┘└────┘└──────────┘└───┘└───────────┘    └────┘   »
q1_4: ─────────────────────────────────────────────────────────────»
                                                                   »
c1: 5/═════════════════════════════════════════════════════════════»
                                                                   »
«      ┌───────────┐             
«q1_0: ┤ Rz(y[12]) ├─────────────
«      └───┬────┬──┘┌───────────┐
«q1_1: ────┤ √X ├───┤ Rz(y[13]) ├
«          ├────┤   ├───────────┤
«q1_2: ────┤ √X ├───┤ Rz(y[14]) ├
«      ┌───┴────┴──┐└───────────┘
«q1_3: ┤ Rz(y[15]) ├─────────────
«      └───────────┘             
«q1_4: ──────────────────────────
«                                
«c1: 5/══════════════════════════
«                                
transpiled variational state:
          ┌───────────────────────┐ ┌────┐     ┌─────────────┐          »
q1_0 -> 0 ┤ Rz(0.418149665999278) ├─┤ √X ├─────┤ Rz(0.77567) ├───────■──»
          ├───────────────────────┤ ├────┤┌────┴─────────────┴────┐┌─┴─┐»
q1_1 -> 1 ┤ Rz(0.326604180797055) ├─┤ √X ├┤ Rz(0.833815799825830) ├┤ X ├»
          ├───────────────────────┴┐├────┤├───────────────────────┤└───┘»
q1_2 -> 2 ┤ Rz(0.0767350856672184) ├┤ √X ├┤ Rz(0.672847858473375) ├──■──»
          ├───────────────────────┬┘├────┤├───────────────────────┤┌─┴─┐»
q1_3 -> 3 ┤ Rz(0.536669818771344) ├─┤ √X ├┤ Rz(0.479954449085268) ├┤ X ├»
          └──────────┬─┬──────────┘ └────┘└───────────────────────┘└───┘»
q1_4 -> 4 ───────────┤M├────────────────────────────────────────────────»
                     └╥┘                                                »
    c1: 5/════════════╩═════════════════════════════════════════════════»
                      4                                                 »
«                    ┌────┐                                  ┌─┐            
«q1_0 -> 0 ──────────┤ √X ├──────────────────────────────────┤M├────────────
«                    └────┘         ┌───────────────────────┐└╥┘┌────┐┌─┐   
«q1_1 -> 1 ────────────■────────────┤ Rz(0.307920547968430) ├─╫─┤ √X ├┤M├───
«                    ┌─┴─┐          ├───────────────────────┤ ║ ├────┤└╥┘┌─┐
«q1_2 -> 2 ──────────┤ X ├──────────┤ Rz(0.664671630702822) ├─╫─┤ √X ├─╫─┤M├
«          ┌─────────┴───┴─────────┐└─────────┬────┬────────┘ ║ └┬─┬─┘ ║ └╥┘
«q1_3 -> 3 ┤ Rz(0.580781082390910) ├──────────┤ √X ├──────────╫──┤M├───╫──╫─
«          └───────────────────────┘          └────┘          ║  └╥┘   ║  ║ 
«q1_4 -> 4 ───────────────────────────────────────────────────╫───╫────╫──╫─
«                                                             ║   ║    ║  ║ 
«    c1: 5/═══════════════════════════════════════════════════╩═══╩════╩══╩═
«                                                             0   3    1  2 
ansatz-state is written to ansatz.txt
map IIIII ['I', 'I', 'I', 'I', 'I'] [1, 2, 0, 3, 4]
map IIIZI ['I', 'I', 'Z', 'I', 'I'] [1, 2, 0, 3, 4]
map IIIIZ ['I', 'I', 'I', 'Z', 'I'] [1, 2, 0, 3, 4]
map IIIZZ ['I', 'I', 'Z', 'Z', 'I'] [1, 2, 0, 3, 4]
Interaction
{'pauliops': [PauliOp(Pauli('IIZII'), coeff=0.25), PauliOp(Pauli('IIIZI'), coeff=-0.25), PauliOp(Pauli('IIZZI'), coeff=-0.25)], 'coeff': [0.25, -0.25, -0.25], 'const': 0.25}
map IIIII ['I', 'I', 'I', 'I', 'I'] [1, 2, 0, 3, 4]
map IIIZI ['I', 'I', 'Z', 'I', 'I'] [1, 2, 0, 3, 4]
map IIIIZ ['I', 'I', 'I', 'Z', 'I'] [1, 2, 0, 3, 4]
map IIIZZ ['I', 'I', 'Z', 'Z', 'I'] [1, 2, 0, 3, 4]
building constraints...
map IIIII ['I', 'I', 'I', 'I', 'I'] [1, 2, 0, 3, 4]
map IIIIZ ['I', 'I', 'I', 'Z', 'I'] [1, 2, 0, 3, 4]
map IIIII ['I', 'I', 'I', 'I', 'I'] [1, 2, 0, 3, 4]
map IIIIZ ['I', 'I', 'I', 'Z', 'I'] [1, 2, 0, 3, 4]
map IIIIX ['I', 'I', 'I', 'X', 'I'] [1, 2, 0, 3, 4]
map IIIZX ['I', 'I', 'Z', 'X', 'I'] [1, 2, 0, 3, 4]
map IIIIX ['I', 'I', 'I', 'X', 'I'] [1, 2, 0, 3, 4]
map IIIZX ['I', 'I', 'Z', 'X', 'I'] [1, 2, 0, 3, 4]
map IIIIY ['I', 'I', 'I', 'Y', 'I'] [1, 2, 0, 3, 4]
map IIIZY ['I', 'I', 'Z', 'Y', 'I'] [1, 2, 0, 3, 4]
map IIIIY ['I', 'I', 'I', 'Y', 'I'] [1, 2, 0, 3, 4]
map IIIZY ['I', 'I', 'Z', 'Y', 'I'] [1, 2, 0, 3, 4]
map IIYYX ['I', 'I', 'Y', 'X', 'Y'] [1, 2, 0, 3, 4]
map IIXYY ['I', 'I', 'Y', 'Y', 'X'] [1, 2, 0, 3, 4]
map IIYYX ['I', 'I', 'Y', 'X', 'Y'] [1, 2, 0, 3, 4]
map IIXYY ['I', 'I', 'Y', 'Y', 'X'] [1, 2, 0, 3, 4]
map IIXYX ['I', 'I', 'Y', 'X', 'X'] [1, 2, 0, 3, 4]
map IIYYY ['I', 'I', 'Y', 'Y', 'Y'] [1, 2, 0, 3, 4]
map IIXYX ['I', 'I', 'Y', 'X', 'X'] [1, 2, 0, 3, 4]
map IIYYY ['I', 'I', 'Y', 'Y', 'Y'] [1, 2, 0, 3, 4]
map IZIXX ['I', 'Z', 'X', 'X', 'I'] [1, 2, 0, 3, 4]
map IIZYY ['I', 'I', 'Y', 'Y', 'Z'] [1, 2, 0, 3, 4]
map IZIXX ['I', 'Z', 'X', 'X', 'I'] [1, 2, 0, 3, 4]
map IIZYY ['I', 'I', 'Y', 'Y', 'Z'] [1, 2, 0, 3, 4]
map IIZYX ['I', 'I', 'Y', 'X', 'Z'] [1, 2, 0, 3, 4]
map IZIXY ['I', 'Z', 'X', 'Y', 'I'] [1, 2, 0, 3, 4]
map IIZYX ['I', 'I', 'Y', 'X', 'Z'] [1, 2, 0, 3, 4]
map IZIXY ['I', 'Z', 'X', 'Y', 'I'] [1, 2, 0, 3, 4]
map IIIII ['I', 'I', 'I', 'I', 'I'] [1, 2, 0, 3, 4]
map IIIZZ ['I', 'I', 'Z', 'Z', 'I'] [1, 2, 0, 3, 4]
map IIIII ['I', 'I', 'I', 'I', 'I'] [1, 2, 0, 3, 4]
map IIIZZ ['I', 'I', 'Z', 'Z', 'I'] [1, 2, 0, 3, 4]
map IIXXI ['I', 'I', 'X', 'I', 'X'] [1, 2, 0, 3, 4]
map IIYYZ ['I', 'I', 'Y', 'Z', 'Y'] [1, 2, 0, 3, 4]
map IIXXI ['I', 'I', 'X', 'I', 'X'] [1, 2, 0, 3, 4]
map IIYYZ ['I', 'I', 'Y', 'Z', 'Y'] [1, 2, 0, 3, 4]
map IIYXI ['I', 'I', 'X', 'I', 'Y'] [1, 2, 0, 3, 4]
map IIXYZ ['I', 'I', 'Y', 'Z', 'X'] [1, 2, 0, 3, 4]
map IIYXI ['I', 'I', 'X', 'I', 'Y'] [1, 2, 0, 3, 4]
map IIXYZ ['I', 'I', 'Y', 'Z', 'X'] [1, 2, 0, 3, 4]
map IIZXI ['I', 'I', 'X', 'I', 'Z'] [1, 2, 0, 3, 4]
map IZIXZ ['I', 'Z', 'X', 'Z', 'I'] [1, 2, 0, 3, 4]
map IIZXI ['I', 'I', 'X', 'I', 'Z'] [1, 2, 0, 3, 4]
map IZIXZ ['I', 'Z', 'X', 'Z', 'I'] [1, 2, 0, 3, 4]
map IZIYI ['I', 'Z', 'Y', 'I', 'I'] [1, 2, 0, 3, 4]
map IIZYZ ['I', 'I', 'Y', 'Z', 'Z'] [1, 2, 0, 3, 4]
map IZIYI ['I', 'Z', 'Y', 'I', 'I'] [1, 2, 0, 3, 4]
map IIZYZ ['I', 'I', 'Y', 'Z', 'Z'] [1, 2, 0, 3, 4]
map IIIII ['I', 'I', 'I', 'I', 'I'] [1, 2, 0, 3, 4]
map IIZII ['I', 'I', 'I', 'I', 'Z'] [1, 2, 0, 3, 4]
map IIIII ['I', 'I', 'I', 'I', 'I'] [1, 2, 0, 3, 4]
map IIZII ['I', 'I', 'I', 'I', 'Z'] [1, 2, 0, 3, 4]
map IIXII ['I', 'I', 'I', 'I', 'X'] [1, 2, 0, 3, 4]
map IZXZI ['I', 'Z', 'Z', 'I', 'X'] [1, 2, 0, 3, 4]
map IIXII ['I', 'I', 'I', 'I', 'X'] [1, 2, 0, 3, 4]
map IZXZI ['I', 'Z', 'Z', 'I', 'X'] [1, 2, 0, 3, 4]
map IIYII ['I', 'I', 'I', 'I', 'Y'] [1, 2, 0, 3, 4]
map IZYZI ['I', 'Z', 'Z', 'I', 'Y'] [1, 2, 0, 3, 4]
map IIYII ['I', 'I', 'I', 'I', 'Y'] [1, 2, 0, 3, 4]
map IZYZI ['I', 'Z', 'Z', 'I', 'Y'] [1, 2, 0, 3, 4]
map IIIII ['I', 'I', 'I', 'I', 'I'] [1, 2, 0, 3, 4]
map IZZZI ['I', 'Z', 'Z', 'I', 'Z'] [1, 2, 0, 3, 4]
map IIIII ['I', 'I', 'I', 'I', 'I'] [1, 2, 0, 3, 4]
map IZZZI ['I', 'Z', 'Z', 'I', 'Z'] [1, 2, 0, 3, 4]
number of constraints= 16
unique pauliops 28
graphclique-cliquecover: 28 with commutationmode qubitwise_bitstring
strategy largest_first 15
strategy random_sequential 15
strategy smallest_last 15
strategy independent_set 15
strategy connected_sequential_bfs 15
strategy connected_sequential_dfs 15
strategy saturation_largest_first 15
number of cliques 15
clique 0 ['IIIYI', 'IIYYX', 'IZYII', 'IIIIX']
clique 1 ['IIIXI', 'IIYXY', 'IIIIY']
clique 2 ['IIYXX']
clique 3 ['IIYYY']
clique 4 ['IIYYZ', 'IIIIZ']
clique 5 ['IIYXZ']
clique 6 ['IIIZI', 'IIYZY']
clique 7 ['IIYZX']
clique 8 ['IIYZZ']
clique 9 ['IIZXI', 'IZZIX']
clique 10 ['IIZYI', 'IZZIY']
clique 11 ['IZXXI', 'IIXIX']
clique 12 ['IZXYI', 'IIXIY']
clique 13 ['IIZZI', 'IZZIZ']
clique 14 ['IZXZI', 'IIXIZ']
constructing measurement programs for 1rdm with commutativity mode qubitwise_bitstring
clique= ['IIIYI', 'IIYYX', 'IZYII', 'IIIIX']
constructed measurement circuit has constructed complexity 3 transpiled_complexity= 4  (complexity= depth )
measure ['IIIYI', 'IIYYX', 'IZYII', 'IIIIX'] at [0, 1, 2, 3]
constructed measurement program
        ┌───┐      ┌─┐      
q23_0: ─┤ H ├──────┤M├──────
       ┌┴───┴┐┌───┐└╥┘┌─┐   
q23_1: ┤ Sdg ├┤ H ├─╫─┤M├───
       ├─────┤├───┤ ║ └╥┘┌─┐
q23_2: ┤ Sdg ├┤ H ├─╫──╫─┤M├
       └─┬─┬─┘└───┘ ║  ║ └╥┘
q23_3: ──┤M├────────╫──╫──╫─
         └╥┘        ║  ║  ║ 
q23_4: ───╫─────────╫──╫──╫─
          ║         ║  ║  ║ 
 c3: 5/═══╩═════════╩══╩══╩═
          3         0  1  2 
transpiled measurement program
global phase: π/4
           ┌─────────┐   ┌────┐  ┌─────────┐   ┌─┐
q23_0 -> 0 ┤ Rz(π/2) ├───┤ √X ├──┤ Rz(π/2) ├───┤M├
           └──┬────┬─┘┌──┴────┴─┐└───┬─┬───┘   └╥┘
q23_1 -> 1 ───┤ √X ├──┤ Rz(π/2) ├────┤M├────────╫─
              ├────┤  ├─────────┤    └╥┘    ┌─┐ ║ 
q23_2 -> 2 ───┤ √X ├──┤ Rz(π/2) ├─────╫─────┤M├─╫─
              └┬─┬─┘  └─────────┘     ║     └╥┘ ║ 
q23_3 -> 3 ────┤M├────────────────────╫──────╫──╫─
               └╥┘                    ║      ║  ║ 
q23_4 -> 4 ─────╫─────────────────────╫──────╫──╫─
                ║                     ║      ║  ║ 
     c3: 5/═════╩═════════════════════╩══════╩══╩═
                3                     1      2  0 
clique= ['IIIXI', 'IIYXY', 'IIIIY']
constructed measurement circuit has constructed complexity 3 transpiled_complexity= 4  (complexity= depth )
measure ['IIIXI', 'IIYXY', 'IIIIY'] at [0, 1, 2, 3]
constructed measurement program
       ┌─────┐┌───┐   ┌─┐   
q39_0: ┤ Sdg ├┤ H ├───┤M├───
       └┬───┬┘└───┘┌─┐└╥┘   
q39_1: ─┤ H ├──────┤M├─╫────
       ┌┴───┴┐┌───┐└╥┘ ║ ┌─┐
q39_2: ┤ Sdg ├┤ H ├─╫──╫─┤M├
       └─┬─┬─┘└───┘ ║  ║ └╥┘
q39_3: ──┤M├────────╫──╫──╫─
         └╥┘        ║  ║  ║ 
q39_4: ───╫─────────╫──╫──╫─
          ║         ║  ║  ║ 
 c5: 5/═══╩═════════╩══╩══╩═
          3         1  0  2 
transpiled measurement program
global phase: π/4
              ┌────┐  ┌─────────┐           ┌─┐   
q39_0 -> 0 ───┤ √X ├──┤ Rz(π/2) ├───────────┤M├───
           ┌──┴────┴─┐└──┬────┬─┘┌─────────┐└╥┘┌─┐
q39_1 -> 1 ┤ Rz(π/2) ├───┤ √X ├──┤ Rz(π/2) ├─╫─┤M├
           └──┬────┬─┘┌──┴────┴─┐└───┬─┬───┘ ║ └╥┘
q39_2 -> 2 ───┤ √X ├──┤ Rz(π/2) ├────┤M├─────╫──╫─
              └┬─┬─┘  └─────────┘    └╥┘     ║  ║ 
q39_3 -> 3 ────┤M├────────────────────╫──────╫──╫─
               └╥┘                    ║      ║  ║ 
q39_4 -> 4 ─────╫─────────────────────╫──────╫──╫─
                ║                     ║      ║  ║ 
     c5: 5/═════╩═════════════════════╩══════╩══╩═
                3                     2      0  1 
clique= ['IIYXX']
constructed measurement circuit has constructed complexity 3 transpiled_complexity= 4  (complexity= depth )
measure ['IIYXX'] at [0, 1, 2, 3]
constructed measurement program
        ┌───┐      ┌─┐      
q55_0: ─┤ H ├──────┤M├──────
        ├───┤      └╥┘┌─┐   
q55_1: ─┤ H ├───────╫─┤M├───
       ┌┴───┴┐┌───┐ ║ └╥┘┌─┐
q55_2: ┤ Sdg ├┤ H ├─╫──╫─┤M├
       └─┬─┬─┘└───┘ ║  ║ └╥┘
q55_3: ──┤M├────────╫──╫──╫─
         └╥┘        ║  ║  ║ 
q55_4: ───╫─────────╫──╫──╫─
          ║         ║  ║  ║ 
 c7: 5/═══╩═════════╩══╩══╩═
          3         0  1  2 
transpiled measurement program
global phase: π/2
           ┌─────────┐   ┌────┐  ┌─────────┐┌─┐   
q55_0 -> 0 ┤ Rz(π/2) ├───┤ √X ├──┤ Rz(π/2) ├┤M├───
           ├─────────┤   ├────┤  ├─────────┤└╥┘┌─┐
q55_1 -> 1 ┤ Rz(π/2) ├───┤ √X ├──┤ Rz(π/2) ├─╫─┤M├
           └──┬────┬─┘┌──┴────┴─┐└───┬─┬───┘ ║ └╥┘
q55_2 -> 2 ───┤ √X ├──┤ Rz(π/2) ├────┤M├─────╫──╫─
              └┬─┬─┘  └─────────┘    └╥┘     ║  ║ 
q55_3 -> 3 ────┤M├────────────────────╫──────╫──╫─
               └╥┘                    ║      ║  ║ 
q55_4 -> 4 ─────╫─────────────────────╫──────╫──╫─
                ║                     ║      ║  ║ 
     c7: 5/═════╩═════════════════════╩══════╩══╩═
                3                     2      0  1 
clique= ['IIYYY']
constructed measurement circuit has constructed complexity 3 transpiled_complexity= 3  (complexity= depth )
measure ['IIYYY'] at [0, 1, 2, 3]
constructed measurement program
       ┌─────┐┌───┐┌─┐      
q71_0: ┤ Sdg ├┤ H ├┤M├──────
       ├─────┤├───┤└╥┘┌─┐   
q71_1: ┤ Sdg ├┤ H ├─╫─┤M├───
       ├─────┤├───┤ ║ └╥┘┌─┐
q71_2: ┤ Sdg ├┤ H ├─╫──╫─┤M├
       └─┬─┬─┘└───┘ ║  ║ └╥┘
q71_3: ──┤M├────────╫──╫──╫─
         └╥┘        ║  ║  ║ 
q71_4: ───╫─────────╫──╫──╫─
          ║         ║  ║  ║ 
 c9: 5/═══╩═════════╩══╩══╩═
          3         0  1  2 
transpiled measurement program
           ┌────┐┌─────────┐┌─┐      
q71_0 -> 0 ┤ √X ├┤ Rz(π/2) ├┤M├──────
           ├────┤├─────────┤└╥┘┌─┐   
q71_1 -> 1 ┤ √X ├┤ Rz(π/2) ├─╫─┤M├───
           ├────┤├─────────┤ ║ └╥┘┌─┐
q71_2 -> 2 ┤ √X ├┤ Rz(π/2) ├─╫──╫─┤M├
           └┬─┬─┘└─────────┘ ║  ║ └╥┘
q71_3 -> 3 ─┤M├──────────────╫──╫──╫─
            └╥┘              ║  ║  ║ 
q71_4 -> 4 ──╫───────────────╫──╫──╫─
             ║               ║  ║  ║ 
     c9: 5/══╩═══════════════╩══╩══╩═
             3               0  1  2 
clique= ['IIYYZ', 'IIIIZ']
constructed measurement circuit has constructed complexity 3 transpiled_complexity= 3  (complexity= depth )
measure ['IIYYZ', 'IIIIZ'] at [0, 1, 2, 3]
constructed measurement program
              ┌─┐           
q87_0: ───────┤M├───────────
       ┌─────┐└╥┘┌───┐┌─┐   
q87_1: ┤ Sdg ├─╫─┤ H ├┤M├───
       ├─────┤ ║ ├───┤└╥┘┌─┐
q87_2: ┤ Sdg ├─╫─┤ H ├─╫─┤M├
       └─┬─┬─┘ ║ └───┘ ║ └╥┘
q87_3: ──┤M├───╫───────╫──╫─
         └╥┘   ║       ║  ║ 
q87_4: ───╫────╫───────╫──╫─
          ║    ║       ║  ║ 
c11: 5/═══╩════╩═══════╩══╩═
          3    0       1  2 
transpiled measurement program
                 ┌─┐                 
q87_0 -> 0 ──────┤M├─────────────────
           ┌────┐└╥┘┌─────────┐┌─┐   
q87_1 -> 1 ┤ √X ├─╫─┤ Rz(π/2) ├┤M├───
           ├────┤ ║ ├─────────┤└╥┘┌─┐
q87_2 -> 2 ┤ √X ├─╫─┤ Rz(π/2) ├─╫─┤M├
           └┬─┬─┘ ║ └─────────┘ ║ └╥┘
q87_3 -> 3 ─┤M├───╫─────────────╫──╫─
            └╥┘   ║             ║  ║ 
q87_4 -> 4 ──╫────╫─────────────╫──╫─
             ║    ║             ║  ║ 
    c11: 5/══╩════╩═════════════╩══╩═
             3    0             1  2 
clique= ['IIYXZ']
constructed measurement circuit has constructed complexity 3 transpiled_complexity= 4  (complexity= depth )
measure ['IIYXZ'] at [0, 1, 2, 3]
constructed measurement program
               ┌─┐           
q103_0: ───────┤M├───────────
         ┌───┐ └╥┘     ┌─┐   
q103_1: ─┤ H ├──╫──────┤M├───
        ┌┴───┴┐ ║ ┌───┐└╥┘┌─┐
q103_2: ┤ Sdg ├─╫─┤ H ├─╫─┤M├
        └─┬─┬─┘ ║ └───┘ ║ └╥┘
q103_3: ──┤M├───╫───────╫──╫─
          └╥┘   ║       ║  ║ 
q103_4: ───╫────╫───────╫──╫─
           ║    ║       ║  ║ 
 c13: 5/═══╩════╩═══════╩══╩═
           3    0       1  2 
transpiled measurement program
global phase: π/4
                       ┌─┐                         
q103_0 -> 0 ───────────┤M├─────────────────────────
            ┌─────────┐└╥┘   ┌────┐  ┌─────────┐┌─┐
q103_1 -> 1 ┤ Rz(π/2) ├─╫────┤ √X ├──┤ Rz(π/2) ├┤M├
            └──┬────┬─┘ ║ ┌──┴────┴─┐└───┬─┬───┘└╥┘
q103_2 -> 2 ───┤ √X ├───╫─┤ Rz(π/2) ├────┤M├─────╫─
               └┬─┬─┘   ║ └─────────┘    └╥┘     ║ 
q103_3 -> 3 ────┤M├─────╫─────────────────╫──────╫─
                └╥┘     ║                 ║      ║ 
q103_4 -> 4 ─────╫──────╫─────────────────╫──────╫─
                 ║      ║                 ║      ║ 
     c13: 5/═════╩══════╩═════════════════╩══════╩═
                 3      0                 2      1 
clique= ['IIIZI', 'IIYZY']
constructed measurement circuit has constructed complexity 3 transpiled_complexity= 3  (complexity= depth )
measure ['IIIZI', 'IIYZY'] at [0, 1, 2, 3]
constructed measurement program
        ┌─────┐┌───┐     ┌─┐   
q119_0: ┤ Sdg ├┤ H ├─────┤M├───
        └─────┘└┬─┬┘     └╥┘   
q119_1: ────────┤M├───────╫────
        ┌─────┐ └╥┘ ┌───┐ ║ ┌─┐
q119_2: ┤ Sdg ├──╫──┤ H ├─╫─┤M├
        └─┬─┬─┘  ║  └───┘ ║ └╥┘
q119_3: ──┤M├────╫────────╫──╫─
          └╥┘    ║        ║  ║ 
q119_4: ───╫─────╫────────╫──╫─
           ║     ║        ║  ║ 
 c15: 5/═══╩═════╩════════╩══╩═
           3     1        0  2 
transpiled measurement program
            ┌────┐┌─────────┐           ┌─┐   
q119_0 -> 0 ┤ √X ├┤ Rz(π/2) ├───────────┤M├───
            └────┘└───┬─┬───┘           └╥┘   
q119_1 -> 1 ──────────┤M├────────────────╫────
            ┌────┐    └╥┘    ┌─────────┐ ║ ┌─┐
q119_2 -> 2 ┤ √X ├─────╫─────┤ Rz(π/2) ├─╫─┤M├
            └┬─┬─┘     ║     └─────────┘ ║ └╥┘
q119_3 -> 3 ─┤M├───────╫─────────────────╫──╫─
             └╥┘       ║                 ║  ║ 
q119_4 -> 4 ──╫────────╫─────────────────╫──╫─
              ║        ║                 ║  ║ 
     c15: 5/══╩════════╩═════════════════╩══╩═
              3        1                 0  2 
clique= ['IIYZX']
constructed measurement circuit has constructed complexity 3 transpiled_complexity= 4  (complexity= depth )
measure ['IIYZX'] at [0, 1, 2, 3]
constructed measurement program
         ┌───┐         ┌─┐   
q135_0: ─┤ H ├─────────┤M├───
         └───┘ ┌─┐     └╥┘   
q135_1: ───────┤M├──────╫────
        ┌─────┐└╥┘┌───┐ ║ ┌─┐
q135_2: ┤ Sdg ├─╫─┤ H ├─╫─┤M├
        └─┬─┬─┘ ║ └───┘ ║ └╥┘
q135_3: ──┤M├───╫───────╫──╫─
          └╥┘   ║       ║  ║ 
q135_4: ───╫────╫───────╫──╫─
           ║    ║       ║  ║ 
 c17: 5/═══╩════╩═══════╩══╩═
           3    1       0  2 
transpiled measurement program
global phase: π/4
            ┌─────────┐┌────┐┌─────────┐   ┌─┐
q135_0 -> 0 ┤ Rz(π/2) ├┤ √X ├┤ Rz(π/2) ├───┤M├
            └─────────┘└┬─┬─┘└─────────┘   └╥┘
q135_1 -> 1 ────────────┤M├─────────────────╫─
               ┌────┐   └╥┘  ┌─────────┐┌─┐ ║ 
q135_2 -> 2 ───┤ √X ├────╫───┤ Rz(π/2) ├┤M├─╫─
               └┬─┬─┘    ║   └─────────┘└╥┘ ║ 
q135_3 -> 3 ────┤M├──────╫───────────────╫──╫─
                └╥┘      ║               ║  ║ 
q135_4 -> 4 ─────╫───────╫───────────────╫──╫─
                 ║       ║               ║  ║ 
     c17: 5/═════╩═══════╩═══════════════╩══╩═
                 3       1               2  0 
clique= ['IIYZZ']
constructed measurement circuit has constructed complexity 3 transpiled_complexity= 3  (complexity= depth )
measure ['IIYZZ'] at [0, 1, 2, 3]
constructed measurement program
               ┌─┐           
q151_0: ───────┤M├───────────
               └╥┘┌─┐        
q151_1: ────────╫─┤M├────────
        ┌─────┐ ║ └╥┘┌───┐┌─┐
q151_2: ┤ Sdg ├─╫──╫─┤ H ├┤M├
        └─┬─┬─┘ ║  ║ └───┘└╥┘
q151_3: ──┤M├───╫──╫───────╫─
          └╥┘   ║  ║       ║ 
q151_4: ───╫────╫──╫───────╫─
           ║    ║  ║       ║ 
 c19: 5/═══╩════╩══╩═══════╩═
           3    0  1       2 
transpiled measurement program
                  ┌─┐                 
q151_0 -> 0 ──────┤M├─────────────────
                  └╥┘┌─┐              
q151_1 -> 1 ───────╫─┤M├──────────────
            ┌────┐ ║ └╥┘┌─────────┐┌─┐
q151_2 -> 2 ┤ √X ├─╫──╫─┤ Rz(π/2) ├┤M├
            └┬─┬─┘ ║  ║ └─────────┘└╥┘
q151_3 -> 3 ─┤M├───╫──╫─────────────╫─
             └╥┘   ║  ║             ║ 
q151_4 -> 4 ──╫────╫──╫─────────────╫─
              ║    ║  ║             ║ 
     c19: 5/══╩════╩══╩═════════════╩═
              3    0  1             2 
clique= ['IIZXI', 'IZZIX']
constructed measurement circuit has constructed complexity 2 transpiled_complexity= 4  (complexity= depth )
measure ['IIZXI', 'IZZIX'] at [0, 1, 2, 3]
constructed measurement program
        ┌───┐   ┌─┐   
q167_0: ┤ H ├───┤M├───
        ├───┤   └╥┘┌─┐
q167_1: ┤ H ├────╫─┤M├
        └┬─┬┘    ║ └╥┘
q167_2: ─┤M├─────╫──╫─
         └╥┘ ┌─┐ ║  ║ 
q167_3: ──╫──┤M├─╫──╫─
          ║  └╥┘ ║  ║ 
q167_4: ──╫───╫──╫──╫─
          ║   ║  ║  ║ 
 c21: 5/══╩═══╩══╩══╩═
          2   3  0  1 
transpiled measurement program
global phase: π/2
            ┌─────────┐┌────┐┌─────────┐┌─┐   
q167_0 -> 0 ┤ Rz(π/2) ├┤ √X ├┤ Rz(π/2) ├┤M├───
            ├─────────┤├────┤├─────────┤└╥┘┌─┐
q167_1 -> 1 ┤ Rz(π/2) ├┤ √X ├┤ Rz(π/2) ├─╫─┤M├
            └───┬─┬───┘└────┘└─────────┘ ║ └╥┘
q167_2 -> 2 ────┤M├──────────────────────╫──╫─
                └╥┘     ┌─┐              ║  ║ 
q167_3 -> 3 ─────╫──────┤M├──────────────╫──╫─
                 ║      └╥┘              ║  ║ 
q167_4 -> 4 ─────╫───────╫───────────────╫──╫─
                 ║       ║               ║  ║ 
     c21: 5/═════╩═══════╩═══════════════╩══╩═
                 2       3               0  1 
clique= ['IIZYI', 'IZZIY']
constructed measurement circuit has constructed complexity 3 transpiled_complexity= 3  (complexity= depth )
measure ['IIZYI', 'IZZIY'] at [0, 1, 2, 3]
constructed measurement program
        ┌─────┐┌───┐┌─┐   
q179_0: ┤ Sdg ├┤ H ├┤M├───
        ├─────┤├───┤└╥┘┌─┐
q179_1: ┤ Sdg ├┤ H ├─╫─┤M├
        └─┬─┬─┘└───┘ ║ └╥┘
q179_2: ──┤M├────────╫──╫─
          └╥┘   ┌─┐  ║  ║ 
q179_3: ───╫────┤M├──╫──╫─
           ║    └╥┘  ║  ║ 
q179_4: ───╫─────╫───╫──╫─
           ║     ║   ║  ║ 
 c23: 5/═══╩═════╩═══╩══╩═
           2     3   0  1 
transpiled measurement program
            ┌────┐┌─────────┐┌─┐   
q179_0 -> 0 ┤ √X ├┤ Rz(π/2) ├┤M├───
            ├────┤├─────────┤└╥┘┌─┐
q179_1 -> 1 ┤ √X ├┤ Rz(π/2) ├─╫─┤M├
            └┬─┬─┘└─────────┘ ║ └╥┘
q179_2 -> 2 ─┤M├──────────────╫──╫─
             └╥┘      ┌─┐     ║  ║ 
q179_3 -> 3 ──╫───────┤M├─────╫──╫─
              ║       └╥┘     ║  ║ 
q179_4 -> 4 ──╫────────╫──────╫──╫─
              ║        ║      ║  ║ 
     c23: 5/══╩════════╩══════╩══╩═
              2        3      0  1 
clique= ['IZXXI', 'IIXIX']
constructed measurement circuit has constructed complexity 2 transpiled_complexity= 4  (complexity= depth )
measure ['IZXXI', 'IIXIX'] at [0, 1, 2, 3]
constructed measurement program
        ┌───┐┌─┐      
q195_0: ┤ H ├┤M├──────
        ├───┤└╥┘┌─┐   
q195_1: ┤ H ├─╫─┤M├───
        ├───┤ ║ └╥┘┌─┐
q195_2: ┤ H ├─╫──╫─┤M├
        └┬─┬┘ ║  ║ └╥┘
q195_3: ─┤M├──╫──╫──╫─
         └╥┘  ║  ║  ║ 
q195_4: ──╫───╫──╫──╫─
          ║   ║  ║  ║ 
 c25: 5/══╩═══╩══╩══╩═
          3   0  1  2 
transpiled measurement program
global phase: 3π/4
            ┌─────────┐┌────┐┌─────────┐┌─┐      
q195_0 -> 0 ┤ Rz(π/2) ├┤ √X ├┤ Rz(π/2) ├┤M├──────
            ├─────────┤├────┤├─────────┤└╥┘┌─┐   
q195_1 -> 1 ┤ Rz(π/2) ├┤ √X ├┤ Rz(π/2) ├─╫─┤M├───
            ├─────────┤├────┤├─────────┤ ║ └╥┘┌─┐
q195_2 -> 2 ┤ Rz(π/2) ├┤ √X ├┤ Rz(π/2) ├─╫──╫─┤M├
            └───┬─┬───┘└────┘└─────────┘ ║  ║ └╥┘
q195_3 -> 3 ────┤M├──────────────────────╫──╫──╫─
                └╥┘                      ║  ║  ║ 
q195_4 -> 4 ─────╫───────────────────────╫──╫──╫─
                 ║                       ║  ║  ║ 
     c25: 5/═════╩═══════════════════════╩══╩══╩═
                 3                       0  1  2 
clique= ['IZXYI', 'IIXIY']
constructed measurement circuit has constructed complexity 3 transpiled_complexity= 4  (complexity= depth )
measure ['IZXYI', 'IIXIY'] at [0, 1, 2, 3]
constructed measurement program
        ┌─────┐┌───┐┌─┐   
q207_0: ┤ Sdg ├┤ H ├┤M├───
        ├─────┤├───┤└╥┘┌─┐
q207_1: ┤ Sdg ├┤ H ├─╫─┤M├
        └┬───┬┘└┬─┬┘ ║ └╥┘
q207_2: ─┤ H ├──┤M├──╫──╫─
         └┬─┬┘  └╥┘  ║  ║ 
q207_3: ──┤M├────╫───╫──╫─
          └╥┘    ║   ║  ║ 
q207_4: ───╫─────╫───╫──╫─
           ║     ║   ║  ║ 
 c27: 5/═══╩═════╩═══╩══╩═
           3     2   0  1 
transpiled measurement program
global phase: π/4
               ┌────┐  ┌─────────┐           ┌─┐      
q207_0 -> 0 ───┤ √X ├──┤ Rz(π/2) ├───────────┤M├──────
               ├────┤  ├─────────┤           └╥┘┌─┐   
q207_1 -> 1 ───┤ √X ├──┤ Rz(π/2) ├────────────╫─┤M├───
            ┌──┴────┴─┐└──┬────┬─┘┌─────────┐ ║ └╥┘┌─┐
q207_2 -> 2 ┤ Rz(π/2) ├───┤ √X ├──┤ Rz(π/2) ├─╫──╫─┤M├
            └───┬─┬───┘   └────┘  └─────────┘ ║  ║ └╥┘
q207_3 -> 3 ────┤M├───────────────────────────╫──╫──╫─
                └╥┘                           ║  ║  ║ 
q207_4 -> 4 ─────╫────────────────────────────╫──╫──╫─
                 ║                            ║  ║  ║ 
     c27: 5/═════╩════════════════════════════╩══╩══╩═
                 3                            0  1  2 
clique= ['IIZZI', 'IZZIZ']
constructed measurement circuit has constructed complexity 1 transpiled_complexity= 1  (complexity= depth )
measure ['IIZZI', 'IZZIZ'] at [0, 1, 2, 3]
constructed measurement program
        ┌─┐         
q223_0: ┤M├─────────
        └╥┘┌─┐      
q223_1: ─╫─┤M├──────
         ║ └╥┘┌─┐   
q223_2: ─╫──╫─┤M├───
         ║  ║ └╥┘┌─┐
q223_3: ─╫──╫──╫─┤M├
         ║  ║  ║ └╥┘
q223_4: ─╫──╫──╫──╫─
         ║  ║  ║  ║ 
 c29: 5/═╩══╩══╩══╩═
         0  1  2  3 
transpiled measurement program
            ┌─┐         
q223_0 -> 0 ┤M├─────────
            └╥┘┌─┐      
q223_1 -> 1 ─╫─┤M├──────
             ║ └╥┘┌─┐   
q223_2 -> 2 ─╫──╫─┤M├───
             ║  ║ └╥┘┌─┐
q223_3 -> 3 ─╫──╫──╫─┤M├
             ║  ║  ║ └╥┘
q223_4 -> 4 ─╫──╫──╫──╫─
             ║  ║  ║  ║ 
     c29: 5/═╩══╩══╩══╩═
             0  1  2  3 
clique= ['IZXZI', 'IIXIZ']
constructed measurement circuit has constructed complexity 2 transpiled_complexity= 4  (complexity= depth )
measure ['IZXZI', 'IIXIZ'] at [0, 1, 2, 3]
constructed measurement program
             ┌─┐      
q230_0: ─────┤M├──────
             └╥┘┌─┐   
q230_1: ──────╫─┤M├───
        ┌───┐ ║ └╥┘┌─┐
q230_2: ┤ H ├─╫──╫─┤M├
        └┬─┬┘ ║  ║ └╥┘
q230_3: ─┤M├──╫──╫──╫─
         └╥┘  ║  ║  ║ 
q230_4: ──╫───╫──╫──╫─
          ║   ║  ║  ║ 
 c31: 5/══╩═══╩══╩══╩═
          3   0  1  2 
transpiled measurement program
global phase: π/4
                       ┌─┐                       
q230_0 -> 0 ───────────┤M├───────────────────────
                       └╥┘┌─┐                    
q230_1 -> 1 ────────────╫─┤M├────────────────────
            ┌─────────┐ ║ └╥┘┌────┐┌─────────┐┌─┐
q230_2 -> 2 ┤ Rz(π/2) ├─╫──╫─┤ √X ├┤ Rz(π/2) ├┤M├
            └───┬─┬───┘ ║  ║ └────┘└─────────┘└╥┘
q230_3 -> 3 ────┤M├─────╫──╫───────────────────╫─
                └╥┘     ║  ║                   ║ 
q230_4 -> 4 ─────╫──────╫──╫───────────────────╫─
                 ║      ║  ║                   ║ 
     c31: 5/═════╩══════╩══╩═══════════════════╩═
                 3      0  1                   2 
graphclique-cliquecover: 3 with commutationmode qubitwise_bitstring
strategy largest_first 1
strategy random_sequential 1
strategy smallest_last 1
strategy independent_set 1
strategy connected_sequential_bfs 1
strategy connected_sequential_dfs 1
strategy saturation_largest_first 1
number of cliques 1
clique 0 ['IIZII', 'IIIZI', 'IIZZI']
constructing measurement programs for interaction with commutativity mode qubitwise_bitstring
clique= ['IIZII', 'IIIZI', 'IIZZI']
some measurements are dependent: rk= 2  m= 3
constructed measurement circuit has constructed complexity 1 transpiled_complexity= 1  (complexity= depth )
measure ['IIZII', 'IIIZI', 'IIZZI'] at [0, 1, 2]
constructed measurement program
        ┌─┐      
q242_0: ┤M├──────
        └╥┘┌─┐   
q242_1: ─╫─┤M├───
         ║ └╥┘┌─┐
q242_2: ─╫──╫─┤M├
         ║  ║ └╥┘
q242_3: ─╫──╫──╫─
         ║  ║  ║ 
q242_4: ─╫──╫──╫─
         ║  ║  ║ 
 c33: 5/═╩══╩══╩═
         0  1  2 
transpiled measurement program
            ┌─┐      
q242_0 -> 0 ┤M├──────
            └╥┘┌─┐   
q242_1 -> 1 ─╫─┤M├───
             ║ └╥┘┌─┐
q242_2 -> 2 ─╫──╫─┤M├
             ║  ║ └╥┘
q242_3 -> 3 ─╫──╫──╫─
             ║  ║  ║ 
q242_4 -> 4 ─╫──╫──╫─
             ║  ║  ║ 
     c33: 5/═╩══╩══╩═
             0  1  2 
Number of quantum programs: 15 for 1rdm and  1 for interaction
[{'mqc': <qiskit.circuit.quantumcircuit.QuantumCircuit object at 0x7f869a2eb580>, 'mqubits': [0, 1, 2, 3], 'ops': ['IIIYI', 'IIYYX', 'IZYII', 'IIIIX'], 'signs': [1], 'mode': 'bitstring'}, {'mqc': <qiskit.circuit.quantumcircuit.QuantumCircuit object at 0x7f869a2eb310>, 'mqubits': [0, 1, 2, 3], 'ops': ['IIIXI', 'IIYXY', 'IIIIY'], 'signs': [1], 'mode': 'bitstring'}, {'mqc': <qiskit.circuit.quantumcircuit.QuantumCircuit object at 0x7f869a2ebf70>, 'mqubits': [0, 1, 2, 3], 'ops': ['IIYXX'], 'signs': [1], 'mode': 'bitstring'}, {'mqc': <qiskit.circuit.quantumcircuit.QuantumCircuit object at 0x7f869a2e77c0>, 'mqubits': [0, 1, 2, 3], 'ops': ['IIYYY'], 'signs': [1], 'mode': 'bitstring'}, {'mqc': <qiskit.circuit.quantumcircuit.QuantumCircuit object at 0x7f869a2e72e0>, 'mqubits': [0, 1, 2, 3], 'ops': ['IIYYZ', 'IIIIZ'], 'signs': [1], 'mode': 'bitstring'}, {'mqc': <qiskit.circuit.quantumcircuit.QuantumCircuit object at 0x7f8659d10a60>, 'mqubits': [0, 1, 2, 3], 'ops': ['IIYXZ'], 'signs': [1], 'mode': 'bitstring'}, {'mqc': <qiskit.circuit.quantumcircuit.QuantumCircuit object at 0x7f8652116730>, 'mqubits': [0, 1, 2, 3], 'ops': ['IIIZI', 'IIYZY'], 'signs': [1], 'mode': 'bitstring'}, {'mqc': <qiskit.circuit.quantumcircuit.QuantumCircuit object at 0x7f869a2dfd30>, 'mqubits': [0, 1, 2, 3], 'ops': ['IIYZX'], 'signs': [1], 'mode': 'bitstring'}, {'mqc': <qiskit.circuit.quantumcircuit.QuantumCircuit object at 0x7f869a2eb0a0>, 'mqubits': [0, 1, 2, 3], 'ops': ['IIYZZ'], 'signs': [1], 'mode': 'bitstring'}, {'mqc': <qiskit.circuit.quantumcircuit.QuantumCircuit object at 0x7f8659cfbeb0>, 'mqubits': [0, 1, 2, 3], 'ops': ['IIZXI', 'IZZIX'], 'signs': [1], 'mode': 'bitstring'}, {'mqc': <qiskit.circuit.quantumcircuit.QuantumCircuit object at 0x7f869a2d7970>, 'mqubits': [0, 1, 2, 3], 'ops': ['IIZYI', 'IZZIY'], 'signs': [1], 'mode': 'bitstring'}, {'mqc': <qiskit.circuit.quantumcircuit.QuantumCircuit object at 0x7f869a2f6730>, 'mqubits': [0, 1, 2, 3], 'ops': ['IZXXI', 'IIXIX'], 'signs': [1], 'mode': 'bitstring'}, {'mqc': <qiskit.circuit.quantumcircuit.QuantumCircuit object at 0x7f869a2f6b50>, 'mqubits': [0, 1, 2, 3], 'ops': ['IZXYI', 'IIXIY'], 'signs': [1], 'mode': 'bitstring'}, {'mqc': <qiskit.circuit.quantumcircuit.QuantumCircuit object at 0x7f86c81ca0a0>, 'mqubits': [0, 1, 2, 3], 'ops': ['IIZZI', 'IZZIZ'], 'signs': [1], 'mode': 'bitstring'}, {'mqc': <qiskit.circuit.quantumcircuit.QuantumCircuit object at 0x7f86c81ca5e0>, 'mqubits': [0, 1, 2, 3], 'ops': ['IZXZI', 'IIXIZ'], 'signs': [1], 'mode': 'bitstring'}, {'mqc': <qiskit.circuit.quantumcircuit.QuantumCircuit object at 0x7f869a2ebd90>, 'mqubits': [0, 1, 2], 'ops': ['IIZII', 'IIIZI', 'IIZZI'], 'signs': [1], 'mode': 'bitstring'}]
constraint 0
constraint observable 1RDM
constraint i          0
constraint j          0
constraint type       real
constraint cval       0.49999999999996153
constraint op           NIIII * (0.5+0j)
+ NIIII * (0.5+0j)
constraint pauli     
{'pauliops': [PauliOp(Pauli('IIIZI'), coeff=-0.5)], 'coeff': [-0.5], 'const': 0.5}
constraint 1
constraint observable 1RDM
constraint i          0
constraint j          1
constraint type       real
constraint cval       0.0
constraint op           +-III * (0.5+0j)
+ -+III * (-0.5+0j)
constraint pauli     
{'pauliops': [PauliOp(Pauli('IIIXI'), coeff=0.25), PauliOp(Pauli('IIZXI'), coeff=-0.25)], 'coeff': [0.25, -0.25], 'const': 0}
constraint 2
constraint observable 1RDM
constraint i          0
constraint j          1
constraint type       imag
constraint cval       0.0
constraint op           +-III * -0.5j
+ -+III * -0.5j
constraint pauli     
{'pauliops': [PauliOp(Pauli('IIIYI'), coeff=0.25), PauliOp(Pauli('IIZYI'), coeff=-0.25)], 'coeff': [0.25, -0.25], 'const': 0}
constraint 3
constraint observable 1RDM
constraint i          0
constraint j          2
constraint type       real
constraint cval       -0.48245951442674606
constraint op           +I-II * (0.5+0j)
+ -I+II * (-0.5+0j)
constraint pauli     
{'pauliops': [PauliOp(Pauli('IIYYX'), coeff=-0.25), PauliOp(Pauli('IIYXY'), coeff=0.25)], 'coeff': [-0.25, 0.25], 'const': 0}
constraint 4
constraint observable 1RDM
constraint i          0
constraint j          2
constraint type       imag
constraint cval       0.0
constraint op           +I-II * -0.5j
+ -I+II * -0.5j
constraint pauli     
{'pauliops': [PauliOp(Pauli('IIYXX'), coeff=0.25), PauliOp(Pauli('IIYYY'), coeff=0.25)], 'coeff': [0.25, 0.25], 'const': 0}
constraint 5
constraint observable 1RDM
constraint i          0
constraint j          3
constraint type       real
constraint cval       0.0
constraint op           +II-I * (0.5+0j)
+ -II+I * (-0.5+0j)
constraint pauli     
{'pauliops': [PauliOp(Pauli('IZXXI'), coeff=-0.25), PauliOp(Pauli('IIYYZ'), coeff=-0.25)], 'coeff': [-0.25, -0.25], 'const': 0}
constraint 6
constraint observable 1RDM
constraint i          0
constraint j          3
constraint type       imag
constraint cval       0.0
constraint op           +II-I * -0.5j
+ -II+I * -0.5j
constraint pauli     
{'pauliops': [PauliOp(Pauli('IZXYI'), coeff=-0.25), PauliOp(Pauli('IIYXZ'), coeff=0.25)], 'coeff': [-0.25, 0.25], 'const': 0}
constraint 7
constraint observable 1RDM
constraint i          1
constraint j          1
constraint type       real
constraint cval       0.4999999999995307
constraint op           INIII * (0.5+0j)
+ INIII * (0.5+0j)
constraint pauli     
{'pauliops': [PauliOp(Pauli('IIZZI'), coeff=-0.5)], 'coeff': [-0.5], 'const': 0.5}
constraint 8
constraint observable 1RDM
constraint i          1
constraint j          2
constraint type       real
constraint cval       0.0
constraint op           I+-II * (0.5+0j)
+ I-+II * (-0.5+0j)
constraint pauli     
{'pauliops': [PauliOp(Pauli('IIXIX'), coeff=0.25), PauliOp(Pauli('IIYZY'), coeff=0.25)], 'coeff': [0.25, 0.25], 'const': 0}
constraint 9
constraint observable 1RDM
constraint i          1
constraint j          2
constraint type       imag
constraint cval       0.0
constraint op           I+-II * -0.5j
+ I-+II * -0.5j
constraint pauli     
{'pauliops': [PauliOp(Pauli('IIYZX'), coeff=0.25), PauliOp(Pauli('IIXIY'), coeff=-0.25)], 'coeff': [0.25, -0.25], 'const': 0}
constraint 10
constraint observable 1RDM
constraint i          1
constraint j          3
constraint type       real
constraint cval       -0.48245952773241213
constraint op           I+I-I * (0.5+0j)
+ I-I+I * (-0.5+0j)
constraint pauli     
{'pauliops': [PauliOp(Pauli('IZXZI'), coeff=-0.25), PauliOp(Pauli('IIXIZ'), coeff=0.25)], 'coeff': [-0.25, 0.25], 'const': 0}
constraint 11
constraint observable 1RDM
constraint i          1
constraint j          3
constraint type       imag
constraint cval       0.0
constraint op           I+I-I * -0.5j
+ I-I+I * -0.5j
constraint pauli     
{'pauliops': [PauliOp(Pauli('IZYII'), coeff=-0.25), PauliOp(Pauli('IIYZZ'), coeff=0.25)], 'coeff': [-0.25, 0.25], 'const': 0}
constraint 12
constraint observable 1RDM
constraint i          2
constraint j          2
constraint type       real
constraint cval       0.5000000000000364
constraint op           IINII * (0.5+0j)
+ IINII * (0.5+0j)
constraint pauli     
{'pauliops': [PauliOp(Pauli('IIIIZ'), coeff=-0.5)], 'coeff': [-0.5], 'const': 0.5}
constraint 13
constraint observable 1RDM
constraint i          2
constraint j          3
constraint type       real
constraint cval       0.0
constraint op           II+-I * (0.5+0j)
+ II-+I * (-0.5+0j)
constraint pauli     
{'pauliops': [PauliOp(Pauli('IIIIX'), coeff=0.25), PauliOp(Pauli('IZZIX'), coeff=-0.25)], 'coeff': [0.25, -0.25], 'const': 0}
constraint 14
constraint observable 1RDM
constraint i          2
constraint j          3
constraint type       imag
constraint cval       0.0
constraint op           II+-I * -0.5j
+ II-+I * -0.5j
constraint pauli     
{'pauliops': [PauliOp(Pauli('IIIIY'), coeff=0.25), PauliOp(Pauli('IZZIY'), coeff=-0.25)], 'coeff': [0.25, -0.25], 'const': 0}
constraint 15
constraint observable 1RDM
constraint i          3
constraint j          3
constraint type       real
constraint cval       0.5000000000004649
constraint op           IIINI * (0.5+0j)
+ IIINI * (0.5+0j)
constraint pauli     
{'pauliops': [PauliOp(Pauli('IZZIZ'), coeff=-0.5)], 'coeff': [-0.5], 'const': 0.5}
initial_point=
[ 1.76226278  2.17721916 -0.84986876  2.54698606  0.61601131 -2.8253102
 -2.3226268  -1.37313187 -1.59697453  0.70116788 -1.319723   -2.66438384
 -0.5071507   2.6294832   0.35075788  1.26489265]
number of parameters: 16
dFM_dD real 0 0 0.1488959403966872
dFM_dD real 0 1 -2.775557561562891e-11
dFM_dD imag 0 1 0.0
dFM_dD real 0 2 -0.9188037627172462
dFM_dD imag 0 2 0.0
dFM_dD real 0 3 -5.273559366969493e-11
dFM_dD imag 0 3 0.0
dFM_dD real 1 1 0.1488957630579879
dFM_dD real 1 2 -2.2204460492503128e-11
dFM_dD imag 1 2 0.0
dFM_dD real 1 3 -0.9188041302871096
dFM_dD imag 1 3 0.0
dFM_dD real 2 2 -0.351104059564955
dFM_dD real 2 3 -2.775557561562891e-12
dFM_dD imag 2 3 0.0
dFM_dD real 3 3 -0.3511042369286343
initial lagrange= [-1.48895940e-01  2.77555756e-11 -0.00000000e+00  9.18803763e-01
 -0.00000000e+00  5.27355937e-11 -0.00000000e+00 -1.48895763e-01
  2.22044605e-11 -0.00000000e+00  9.18804130e-01 -0.00000000e+00
  3.51104060e-01  2.77555756e-12 -0.00000000e+00  3.51104237e-01]
W_exact= 0.26502182537811586 W_qc= 0.25250244140625
constraint 0  exact= -0.052118522229668895 qc= -0.06640624999996153 0 0 real 0.49999999999996153
constraint 1  exact= -0.005354140381533527 qc= 0.009094238281250003 0 1 real 0.0
constraint 2  exact= 0.07098542126378601 qc= 0.06195068359375 0 1 imag 0.0
constraint 3  exact= 0.3991865401260811 qc= 0.4120891468670654 0 2 real -0.48245951442674606
constraint 4  exact= 0.03708093396023729 qc= -6.467009722871397e-10 0 2 imag 0.0
constraint 5  exact= 0.041169705550771145 qc= 0.029070543902254147 0 3 real 0.0
constraint 6  exact= 0.05481930844154242 qc= -0.05133219217325366 0 3 imag 0.0
constraint 7  exact= 0.17994176902985315 qc= 0.1499023437504693 1 1 real 0.4999999999995307
constraint 8  exact= 0.1208153451045011 qc= 0.03467736229760525 1 2 real 0.0
constraint 9  exact= 0.0932544183003298 qc= 0.045550363820443675 1 2 imag 0.0
constraint 10  exact= 0.49087817384590743 qc= 0.36734585268707576 1 3 real -0.48245952773241213
constraint 11  exact= -0.022742190782180774 qc= 1.0778828177238076e-09 1 3 imag 0.0
constraint 12  exact= -0.1300174670470079 qc= -0.1712235628251444 2 2 real 0.5000000000000364
constraint 13  exact= -0.09387650358222972 qc= -0.07260688879272295 2 3 real 0.0
constraint 14  exact= 0.06348380569730547 qc= -0.07487317770890123 2 3 imag 0.0
constraint 15  exact= -0.17598970091958177 qc= -0.12687214030035676 3 3 real 0.5000000000004649
stddev W= 0.0037906652678782603
stddev c[ 0 ]= 0.006275277876115629
stddev c[ 1 ]= 0.00632023389977242
stddev c[ 2 ]= 0.004967620583296024
stddev c[ 3 ]= 0.003694611615665119
stddev c[ 4 ]= 7.507867582671244e-10
stddev c[ 5 ]= 0.0033707486412191344
stddev c[ 6 ]= 0.0015008411317922632
stddev c[ 7 ]= 0.005103922387201144
stddev c[ 8 ]= 0.004325167341903588
stddev c[ 9 ]= 0.0027847324114122648
stddev c[ 10 ]= 0.0022659074452816754
stddev c[ 11 ]= 2.7275665913212864e-09
stddev c[ 12 ]= 0.011335240495821592
stddev c[ 13 ]= 0.004061584668096837
stddev c[ 14 ]= 0.0029992906252827396
stddev c[ 15 ]= 0.004661130899080057
Augmented Lagrangian
initial penalty= [10. 10. 10. 10. 10. 10. 10. 10. 10. 10. 10. 10. 10. 10. 10. 10.]
Augmented Lagrangian: unconstrained subproblem
minimizing over parametrized qc-programs with augmented Lagrangian and COBYLA
rdmf_obj_eval= 1 L= 2.8637174729326698 W= 0.25042724609375 sum(c^2)= 0.40076360017180934 t= 2.553699254989624 exact= L= 2.7180908227941933 W= 0.26502182537811586 sum(c^2)= 0.3809874570642869
rdmf_obj_eval= 2 L= 2.896430711988496 W= 0.25665283203125 sum(c^2)= 0.40573674315587505 t= 2.3523685932159424 exact= L= 2.718090822794191 W= 0.26502182537811575 sum(c^2)= 0.3809874570729166
rdmf_obj_eval= 3 L= 2.704217615399849 W= 0.22320556640625 sum(c^2)= 0.3816249266718338 t= 2.7475955486297607 exact= L= 2.6439516562588388 W= 0.22215994244807757 sum(c^2)= 0.3792271803964477
rdmf_obj_eval= 4 L= 2.429768011120051 W= 0.2216796875 sum(c^2)= 0.3123156193067005 t= 2.5759923458099365 exact= L= 2.238532012712154 W= 0.22215994244807766 sum(c^2)= 0.28192357970697185
rdmf_obj_eval= 5 L= 2.422990711576723 W= 0.2337646484375 sum(c^2)= 0.30897441098388 t= 2.6954104900360107 exact= L= 2.238532012712155 W= 0.22215994244807763 sum(c^2)= 0.28192357990470696
rdmf_obj_eval= 6 L= 2.395226369276212 W= 0.212646484375 sum(c^2)= 0.30671389842402913 t= 2.5505595207214355 exact= L= 2.238532012713126 W= 0.22215994244807755 sum(c^2)= 0.28192357971310344
rdmf_obj_eval= 7 L= 1.5833899477551179 W= 0.2236328125 sum(c^2)= 0.18171861676811388 t= 2.5173254013061523 exact= L= 1.378187592441063 W= 0.22215994244807757 sum(c^2)= 0.15403465564847815
rdmf_obj_eval= 8 L= 1.6263868814758164 W= 0.22308349609375 sum(c^2)= 0.18810773476725715 t= 2.457063674926758 exact= L= 1.378187592441064 W= 0.22215994244807757 sum(c^2)= 0.1540346556370736
rdmf_obj_eval= 9 L= 1.6293925951936175 W= 0.22442626953125 sum(c^2)= 0.18792927101986523 t= 2.761920690536499 exact= L= 1.3781875924410631 W= 0.22215994244807757 sum(c^2)= 0.1540346557031698
rdmf_obj_eval= 10 L= 1.6273557461746173 W= 0.221435546875 sum(c^2)= 0.18747928025440105 t= 2.564706325531006 exact= L= 1.3781875924410631 W= 0.22215994244807757 sum(c^2)= 0.1540346557031698
rdmf_obj_eval= 11 L= 1.676696324214521 W= 0.22601318359375 sum(c^2)= 0.19584555707479112 t= 2.656080722808838 exact= L= 1.3781875924410631 W= 0.22215994244807757 sum(c^2)= 0.1540346557031698
rdmf_obj_eval= 12 L= 1.6883596142226902 W= 0.21661376953125 sum(c^2)= 0.21387151945353688 t= 2.69221830368042 exact= L= 1.4372236060130568 W= 0.22215994244807766 sum(c^2)= 0.17711057745878506
rdmf_obj_eval= 13 L= 2.2316709313567 W= 0.18914794921875 sum(c^2)= 0.3134739977757204 t= 2.614516019821167 exact= L= 1.993664958092883 W= 0.18717668679691638 sum(c^2)= 0.2824169154674262
rdmf_obj_eval= 14 L= 1.4288782031028113 W= 0.26239013671875 sum(c^2)= 0.15287321484881006 t= 2.631809711456299 exact= L= 1.2241151161755837 W= 0.269421256422382 sum(c^2)= 0.12756178774368226
rdmf_obj_eval= 15 L= 1.6950350352847434 W= 0.226806640625 sum(c^2)= 0.1977721394312881 t= 2.540580987930298 exact= L= 1.3934137628008687 W= 0.2237900881263703 sum(c^2)= 0.15535799235390296
rdmf_obj_eval= 16 L= 1.454181914224285 W= 0.2734375 sum(c^2)= 0.17038549045151444 t= 2.750476837158203 exact= L= 1.180390019093656 W= 0.26942125642238207 sum(c^2)= 0.13743125117448696
rdmf_obj_eval= 17 L= 1.751282665167509 W= 0.2672119140625 sum(c^2)= 0.20095342588094645 t= 2.4797093868255615 exact= L= 1.5542517656619537 W= 0.265254151906492 sum(c^2)= 0.1756555895759296
rdmf_obj_eval= 18 L= 1.4849350120784033 W= 0.23284912109375 sum(c^2)= 0.1537331869241159 t= 2.8855056762695312 exact= L= 1.2914188270290585 W= 0.23018013340127202 sum(c^2)= 0.12969110100135506
rdmf_obj_eval= 19 L= 1.4457064846623258 W= 0.2598876953125 sum(c^2)= 0.15596392065470105 t= 2.510063409805298 exact= L= 1.2298857979416569 W= 0.2694212564223821 sum(c^2)= 0.12828059420217686
rdmf_obj_eval= 20 L= 1.641142923918626 W= 0.25103759765625 sum(c^2)= 0.17701158030103495 t= 2.83685564994812 exact= L= 1.4205919121549484 W= 0.25129183074447836 sum(c^2)= 0.14612118724942388
rdmf_obj_eval= 21 L= 1.541422603083891 W= 0.3292236328125 sum(c^2)= 0.15977713286498854 t= 2.494966745376587 exact= L= 1.3367317904746174 W= 0.3400824964774501 sum(c^2)= 0.13142016950171911
rdmf_obj_eval= 22 L= 1.9454317150744067 W= 0.31207275390625 sum(c^2)= 0.24094773968721328 t= 2.739935874938965 exact= L= 1.8193131351000509 W= 0.32331752922963164 sum(c^2)= 0.23022676597083036
rdmf_obj_eval= 23 L= 1.4524863386126565 W= 0.25323486328125 sum(c^2)= 0.15320081827177803 t= 2.5237035751342773 exact= L= 1.2704935326401046 W= 0.2604866210314264 sum(c^2)= 0.1292571299502537
rdmf_obj_eval= 24 L= 1.3793614151130122 W= 0.24761962890625 sum(c^2)= 0.15308217257495604 t= 2.5163803100585938 exact= L= 1.1675607806865045 W= 0.24822696734183183 sum(c^2)= 0.12901874985658005
rdmf_obj_eval= 25 L= 1.461503183874002 W= 0.21478271484375 sum(c^2)= 0.161181292961099 t= 2.489863395690918 exact= L= 1.2626432165999009 W= 0.22245850621976193 sum(c^2)= 0.13437097910705764
rdmf_obj_eval= 26 L= 1.4631157699274209 W= 0.2523193359375 sum(c^2)= 0.163415481430485 t= 2.629070281982422 exact= L= 1.2489763182796003 W= 0.2505277793045704 sum(c^2)= 0.13748345571155934
rdmf_obj_eval= 27 L= 1.8167849594764451 W= 0.2198486328125 sum(c^2)= 0.24766367676222395 t= 2.7606167793273926 exact= L= 1.6660483735731448 W= 0.21864049820808593 sum(c^2)= 0.23398104162631303
rdmf_obj_eval= 28 L= 1.3726888201332426 W= 0.2474365234375 sum(c^2)= 0.15422967895249673 t= 2.8809354305267334 exact= L= 1.175892782085978 W= 0.25533857581200614 sum(c^2)= 0.13056328671026207
rdmf_obj_eval= 29 L= 1.4005814477978415 W= 0.28033447265625 sum(c^2)= 0.15483765415892092 t= 2.8987224102020264 exact= L= 1.227075357756643 W= 0.28691878028746803 sum(c^2)= 0.1357930540779775
rdmf_obj_eval= 30 L= 1.3732764443925665 W= 0.25579833984375 sum(c^2)= 0.15288962176923981 t= 2.564547300338745 exact= L= 1.1736097282552551 W= 0.25738973744091986 sum(c^2)= 0.1305191200792072
rdmf_obj_eval= 31 L= 1.3132458763609625 W= 0.24591064453125 sum(c^2)= 0.14094194739696897 t= 2.6108508110046387 exact= L= 1.1033567045810537 W= 0.24155145663596422 sum(c^2)= 0.11674632666452811
rdmf_obj_eval= 32 L= 1.3254981916867838 W= 0.24652099609375 sum(c^2)= 0.14331132626526805 t= 2.427410125732422 exact= L= 1.103187696448591 W= 0.24155983476514675 sum(c^2)= 0.11672485172116853
rdmf_obj_eval= 33 L= 1.366737351977196 W= 0.22991943359375 sum(c^2)= 0.145877347348002 t= 2.47178316116333 exact= L= 1.160680779097369 W= 0.23094069387218924 sum(c^2)= 0.1219669283012188
rdmf_obj_eval= 34 L= 1.362952042309511 W= 0.24444580078125 sum(c^2)= 0.15124074664210674 t= 2.6773841381073 exact= L= 1.1238024122552117 W= 0.24168909413071293 sum(c^2)= 0.12067822886155526
rdmf_obj_eval= 35 L= 1.3550801732251656 W= 0.22100830078125 sum(c^2)= 0.14023822434794062 t= 2.462146520614624 exact= L= 1.1233393189731795 W= 0.22434107809259826 sum(c^2)= 0.10722871388479303
rdmf_obj_eval= 36 L= 1.5401576683005431 W= 0.26702880859375 sum(c^2)= 0.17822334927310035 t= 2.4979405403137207 exact= L= 1.3445631421341058 W= 0.26709377515111 sum(c^2)= 0.15444858813806436
rdmf_obj_eval= 37 L= 1.0031805853309672 W= 0.29010009765625 sum(c^2)= 0.08217264618991763 t= 2.4375035762786865 exact= L= 0.7855700450210925 W= 0.2893034782802728 sum(c^2)= 0.05739004540765953
rdmf_obj_eval= 38 L= 0.8140006675331019 W= 0.261962890625 sum(c^2)= 0.05551213061762157 t= 2.773268938064575 exact= L= 0.6027878346617456 W= 0.2507042400213149 sum(c^2)= 0.03564279973465012
rdmf_obj_eval= 39 L= 0.9905064239438979 W= 0.2320556640625 sum(c^2)= 0.08111031430093259 t= 2.661428689956665 exact= L= 0.7642421315635308 W= 0.2259214395930046 sum(c^2)= 0.055915194865589796
rdmf_obj_eval= 40 L= 0.8811374273860462 W= 0.23614501953125 sum(c^2)= 0.066235691096092 t= 2.6587769985198975 exact= L= 0.6759158254927425 W= 0.24738339914988916 sum(c^2)= 0.0436644724713863
rdmf_obj_eval= 41 L= 0.895914272408819 W= 0.19268798828125 sum(c^2)= 0.07908555611836685 t= 2.9500701427459717 exact= L= 0.7061140603932129 W= 0.19100758996875156 sum(c^2)= 0.062285049734468564
rdmf_obj_eval= 42 L= 0.8267245282553836 W= 0.2332763671875 sum(c^2)= 0.060957590523664826 t= 2.595010757446289 exact= L= 0.6443868310703984 W= 0.2441411371133786 sum(c^2)= 0.04177847456850766
rdmf_obj_eval= 43 L= 0.9169775270133369 W= 0.22613525390625 sum(c^2)= 0.0743023703695341 t= 2.5989584922790527 exact= L= 0.74496854059131 W= 0.22821364326759136 sum(c^2)= 0.05807626568496091
